[fikazilike:   28.11.2021, 19:48:45] --> Bot successfully started
[fikazilike:   28.11.2021, 19:48:45] --> CorsD3 appeared
[fikazilike:   28.11.2021, 20:04:14] --> Changing into CH9
[fikazilike:   28.11.2021, 20:04:50] --> Character was kicked from the bot, reason: Changing character
[fikazilike:   28.11.2021, 20:06:48] --> Character was kicked from the bot, reason: Changing character
[gicavozura:   28.11.2021, 20:08:44] --> Character was kicked from the bot, reason: Changing character
[zipeconofese: 28.11.2021, 20:10:51] --> Character was kicked from the bot, reason: Changing character
[nuwekarireh:  28.11.2021, 20:14:12] --> Character was kicked from the bot, reason: Changing character
[fikazilike:   28.11.2021, 20:39:38] --> Bot successfully started
[fikazilike:   28.11.2021, 20:39:38] --> Setting '1' loaded because of active level settings
[fikazilike:   28.11.2021, 20:39:38] --> Auralba appeared
[fikazilike:   28.11.2021, 20:39:45] --> Character went to saleswoman
[fikazilike:   28.11.2021, 20:39:48] --> Character was kicked from the bot, reason: Character was walking
[fikazilike:   28.11.2021, 20:39:53] --> Derunns appeared
[fikazilike:   28.11.2021, 20:40:21] --> Character was kicked from the bot, reason: Character was walking
[fikazilike:   28.11.2021, 20:40:34] --> Character leveled up to level 2
[fikazilike:   28.11.2021, 20:40:35] --> Character leveled up to level 6
[fikazilike:   28.11.2021, 20:40:36] --> Character leveled up to level 7
[fikazilike:   28.11.2021, 20:40:37] --> Character got kick
[fikazilike:   28.11.2021, 20:40:44] --> vofolucunera appeared
[fikazilike:   28.11.2021, 20:40:44] --> Character leveled up to level 8
[fikazilike:   28.11.2021, 20:40:51] --> Character leveled up to level 9
[fikazilike:   28.11.2021, 20:40:59] --> Character leveled up to level 10
[fikazilike:   28.11.2021, 20:44:05] --> Bot successfully started
[fikazilike:   28.11.2021, 20:44:05] --> Setting '1' loaded because of active level settings
[fikazilike:   28.11.2021, 20:44:05] --> vofolucunera appeared
[fikazilike:   28.11.2021, 20:44:19] --> Character leveled up to level 12
[fikazilike:   28.11.2021, 20:44:33] --> Character leveled up to level 13
[fikazilike:   28.11.2021, 20:44:42] --> vofolucunera appeared
[fikazilike:   28.11.2021, 20:44:54] --> Character leveled up to level 14
[fikazilike:   28.11.2021, 20:45:05] --> Character leveled up to level 15
[fikazilike:   28.11.2021, 20:45:06] --> Setting '2' loaded because of active level settings
[fikazilike:   28.11.2021, 20:45:18] --> Character was kicked from the bot, reason: Character was walking
[fikazilike:   28.11.2021, 20:45:23] --> lusinezubuda appeared
[fikazilike:   28.11.2021, 20:45:35] --> lusinezubuda appeared
[fikazilike:   28.11.2021, 20:45:43] --> Character was kicked from the bot, reason: Character was walking
[fikazilike:   28.11.2021, 20:45:47] --> leeyumi appeared
[fikazilike:   28.11.2021, 20:46:26] --> tiwekesulob appeared
[fikazilike:   28.11.2021, 20:46:52] --> 0guardian76 appeared
[fikazilike:   28.11.2021, 20:46:58] --> Character leveled up to level 16
[fikazilike:   28.11.2021, 20:47:03] --> tiwekesulob appeared
[fikazilike:   28.11.2021, 20:47:12] --> wipiwuwivez appeared
[fikazilike:   28.11.2021, 20:47:18] --> 0guardian76 appeared
[fikazilike:   28.11.2021, 20:47:25] --> tiwekesulob appeared
[fikazilike:   28.11.2021, 20:47:51] --> wipiwuwivez appeared
[fikazilike:   28.11.2021, 20:47:55] --> tiwekesulob appeared
[fikazilike:   28.11.2021, 20:48:13] --> MYtK6Y appeared
[fikazilike:   28.11.2021, 20:48:32] --> Character leveled up to level 17
[fikazilike:   28.11.2021, 20:48:42] --> MYtK6Y appeared
[fikazilike:   28.11.2021, 20:49:20] --> ropedabavi appeared
[fikazilike:   28.11.2021, 20:49:45] --> Character got kick
[fikazilike:   28.11.2021, 20:50:08] --> Character got kick
[fikazilike:   28.11.2021, 20:51:22] --> tiwekesulob appeared
[fikazilike:   28.11.2021, 20:51:38] --> Character leveled up to level 18
[fikazilike:   28.11.2021, 20:52:08] --> MYtK6Y appeared
[fikazilike:   28.11.2021, 20:52:14] --> 0guardian76 appeared
[fikazilike:   28.11.2021, 20:52:40] --> 0guardian76 appeared
[fikazilike:   28.11.2021, 20:53:09] --> Character leveled up to level 19
[fikazilike:   28.11.2021, 20:54:06] --> 0guardian76 appeared
[fikazilike:   28.11.2021, 20:54:16] --> tiwekesulob appeared
[fikazilike:   28.11.2021, 20:54:45] --> tiwekesulob appeared
[fikazilike:   28.11.2021, 20:54:50] --> Character leveled up to level 20
[fikazilike:   28.11.2021, 20:55:15] --> tiwekesulob appeared
[fikazilike:   28.11.2021, 20:55:33] --> Character got kick
[fikazilike:   28.11.2021, 20:55:55] --> Character got kick
[fikazilike:   28.11.2021, 20:56:40] --> MYtK6Y appeared
[fikazilike:   28.11.2021, 20:58:13] --> Character died
[fikazilike:   28.11.2021, 20:58:14] --> Character got kick
[fikazilike:   28.11.2021, 20:58:22] --> Character died
[fikazilike:   28.11.2021, 20:58:30] --> tiwekesulob appeared
[fikazilike:   28.11.2021, 20:58:38] --> Character leveled up to level 21
[fikazilike:   28.11.2021, 20:58:56] --> 0guardian76 appeared
[fikazilike:   28.11.2021, 20:59:21] --> 0guardian76 appeared
[fikazilike:   28.11.2021, 20:59:26] --> tiwekesulob appeared
[fikazilike:   28.11.2021, 20:59:55] --> tiwekesulob appeared
[fikazilike:   28.11.2021, 21:00:11] --> Character leveled up to level 22
[fikazilike:   28.11.2021, 21:00:29] --> MYtK6Y appeared
[fikazilike:   28.11.2021, 21:01:13] --> 0guardian76 appeared
[fikazilike:   28.11.2021, 21:01:35] --> Character leveled up to level 23
[fikazilike:   28.11.2021, 21:01:45] --> 0guardian76 appeared
[fikazilike:   28.11.2021, 21:02:12] --> kekukefobezo appeared
[fikazilike:   28.11.2021, 21:02:41] --> 0guardian76 appeared
[fikazilike:   28.11.2021, 21:03:07] --> wipiwuwivez appeared
[fikazilike:   28.11.2021, 21:03:42] --> Character leveled up to level 24
[fikazilike:   28.11.2021, 21:03:44] --> MYtK6Y appeared
[fikazilike:   28.11.2021, 21:05:13] --> tiwekesulob appeared
[fikazilike:   28.11.2021, 21:05:37] --> 0guardian76 appeared
[fikazilike:   28.11.2021, 21:06:01] --> Character leveled up to level 25
[fikazilike:   28.11.2021, 21:06:40] --> MYtK6Y appeared
[fikazilike:   28.11.2021, 21:07:42] --> MYtK6Y appeared
[fikazilike:   28.11.2021, 21:08:05] --> MYtK6Y appeared
[fikazilike:   28.11.2021, 21:08:10] --> MYtK6Y appeared
[fikazilike:   28.11.2021, 21:08:11] --> Character leveled up to level 26
[fikazilike:   28.11.2021, 21:08:27] --> kekukefobezo appeared
[fikazilike:   28.11.2021, 21:08:37] --> fakoripakiz appeared
[fikazilike:   28.11.2021, 21:09:06] --> MYtK6Y appeared
[fikazilike:   28.11.2021, 21:09:22] --> 0guardian76 appeared
[fikazilike:   28.11.2021, 21:09:33] --> secirupuze appeared
[fikazilike:   28.11.2021, 21:09:47] --> Character leveled up to level 27
[fikazilike:   28.11.2021, 21:09:59] --> fakoripakiz appeared
[fikazilike:   28.11.2021, 21:10:54] --> fakoripakiz appeared
[fikazilike:   28.11.2021, 21:11:24] --> fakoripakiz appeared
[fikazilike:   28.11.2021, 21:11:49] --> 0guardian76 appeared
[fikazilike:   28.11.2021, 21:11:50] --> Character leveled up to level 28
[fikazilike:   28.11.2021, 21:12:13] --> 0guardian76 appeared
[fikazilike:   28.11.2021, 21:13:36] --> MYtK6Y appeared
[fikazilike:   28.11.2021, 21:13:42] --> kekukefobezo appeared
[fikazilike:   28.11.2021, 21:14:10] --> kekukefobezo appeared
[fikazilike:   28.11.2021, 21:15:08] --> Character leveled up to level 29
[fikazilike:   28.11.2021, 21:15:12] --> MYtK6Y appeared
[fikazilike:   28.11.2021, 21:15:36] --> zawomovoge appeared
[fikazilike:   28.11.2021, 21:17:18] --> Character got kick
[fikazilike:   28.11.2021, 21:17:43] --> fakoripakiz appeared
[fikazilike:   28.11.2021, 21:18:07] --> MYtK6Y appeared
[fikazilike:   28.11.2021, 21:18:32] --> 0guardian76 appeared
[fikazilike:   28.11.2021, 21:19:05] --> secirupuze appeared
[fikazilike:   28.11.2021, 21:20:00] --> Character leveled up to level 30
[fikazilike:   28.11.2021, 21:20:37] --> fakoripakiz appeared
[fikazilike:   28.11.2021, 21:21:06] --> fakoripakiz appeared
[fikazilike:   28.11.2021, 21:21:30] --> MYtK6Y appeared
[fikazilike:   28.11.2021, 21:21:36] --> MYtK6Y appeared
[fikazilike:   28.11.2021, 21:21:55] --> 0guardian76 appeared
[fikazilike:   28.11.2021, 21:22:04] --> MYtK6Y appeared
[fikazilike:   28.11.2021, 21:22:23] --> Character leveled up to level 31
[fikazilike:   28.11.2021, 21:22:24] --> Bot terminated: Character reached level 31
[gicavozura:   28.11.2021, 21:23:59] --> Bot successfully started
[gicavozura:   28.11.2021, 21:24:00] --> HelevaZion appeared
[gicavozura:   28.11.2021, 21:24:00] --> Setting '1' loaded because of active level settings
[gicavozura:   28.11.2021, 21:24:06] --> Character went to saleswoman
[gicavozura:   28.11.2021, 21:24:09] --> Character was kicked from the bot, reason: Character was walking
[gicavozura:   28.11.2021, 21:24:41] --> Character was kicked from the bot, reason: Character was walking
[gicavozura:   28.11.2021, 21:24:53] --> Character leveled up to level 2
[gicavozura:   28.11.2021, 21:24:54] --> Character leveled up to level 5
[gicavozura:   28.11.2021, 21:24:55] --> Character leveled up to level 7
[gicavozura:   28.11.2021, 21:24:56] --> Character leveled up to level 8
[gicavozura:   28.11.2021, 21:24:57] --> bodobibebero appeared
[gicavozura:   28.11.2021, 21:24:59] --> Character leveled up to level 9
[gicavozura:   28.11.2021, 21:25:04] --> Character leveled up to level 10
[gicavozura:   28.11.2021, 21:25:24] --> sewubekebu appeared
[gicavozura:   28.11.2021, 21:25:33] --> Character leveled up to level 11
[gicavozura:   28.11.2021, 21:25:51] --> sewubekebu appeared
[gicavozura:   28.11.2021, 21:25:59] --> Character leveled up to level 12
[gicavozura:   28.11.2021, 21:26:13] --> Character leveled up to level 13
[gicavozura:   28.11.2021, 21:26:52] --> Character leveled up to level 14
[gicavozura:   28.11.2021, 21:27:07] --> Character leveled up to level 15
[gicavozura:   28.11.2021, 21:27:08] --> Setting '2' loaded because of active level settings
[gicavozura:   28.11.2021, 21:27:21] --> Character was kicked from the bot, reason: Character was walking
[gicavozura:   28.11.2021, 21:27:26] --> vagokarevi appeared
[gicavozura:   28.11.2021, 21:27:30] --> farogozomufu appeared
[gicavozura:   28.11.2021, 21:27:42] --> zupifipewif appeared
[gicavozura:   28.11.2021, 21:27:47] --> Character was kicked from the bot, reason: Character was walking
[gicavozura:   28.11.2021, 21:27:50] --> MYtK6Y appeared
[gicavozura:   28.11.2021, 21:28:02] --> fakoripakiz appeared
[gicavozura:   28.11.2021, 21:28:17] --> Character got kick
[gicavozura:   28.11.2021, 21:29:14] --> Character got kick
[gicavozura:   28.11.2021, 21:29:33] --> Character got kick
[gicavozura:   28.11.2021, 21:30:03] --> Character leveled up to level 16
[gicavozura:   28.11.2021, 21:30:12] --> secirupuze appeared
[gicavozura:   28.11.2021, 21:30:35] --> Character leveled up to level 17
[gicavozura:   28.11.2021, 21:30:45] --> fakoripakiz appeared
[gicavozura:   28.11.2021, 21:31:10] --> Character leveled up to level 18
[gicavozura:   28.11.2021, 21:31:38] --> secirupuze appeared
[gicavozura:   28.11.2021, 21:31:51] --> Character leveled up to level 19
[gicavozura:   28.11.2021, 21:32:07] --> wipiwuwivez appeared
[gicavozura:   28.11.2021, 21:32:32] --> 0guardian76 appeared
[gicavozura:   28.11.2021, 21:32:38] --> Character leveled up to level 20
[gicavozura:   28.11.2021, 21:33:33] --> secirupuze appeared
[gicavozura:   28.11.2021, 21:33:55] --> kekukefobezo appeared
[gicavozura:   28.11.2021, 21:33:59] --> Character leveled up to level 21
[gicavozura:   28.11.2021, 21:35:02] --> MYtK6Y appeared
[gicavozura:   28.11.2021, 21:35:14] --> Character leveled up to level 22
[gicavozura:   28.11.2021, 21:35:21] --> 0guardian76 appeared
[gicavozura:   28.11.2021, 21:35:29] --> MYtK6Y appeared
[gicavozura:   28.11.2021, 21:39:23] --> Character got kick
[gicavozura:   28.11.2021, 21:39:35] --> wipiwuwivez appeared
[gicavozura:   28.11.2021, 21:40:03] --> 0guardian76 appeared
[gicavozura:   28.11.2021, 21:40:08] --> MYtK6Y appeared
[gicavozura:   28.11.2021, 21:40:11] --> MYtK6Y appeared
[gicavozura:   28.11.2021, 21:40:51] --> Character leveled up to level 23
[gicavozura:   28.11.2021, 21:41:01] --> MYtK6Y appeared
[gicavozura:   28.11.2021, 21:41:51] --> pakafizifare appeared
[gicavozura:   28.11.2021, 21:41:57] --> Character leveled up to level 24
[gicavozura:   28.11.2021, 21:42:50] --> kekukefobezo appeared
[gicavozura:   28.11.2021, 21:43:15] --> MYtK6Y appeared
[gicavozura:   28.11.2021, 21:43:24] --> Character leveled up to level 25
[gicavozura:   28.11.2021, 21:43:48] --> kekukefobezo appeared
[gicavozura:   28.11.2021, 21:45:11] --> wipiwuwivez appeared
[gicavozura:   28.11.2021, 21:45:46] --> Character leveled up to level 26
[gicavozura:   28.11.2021, 21:45:52] --> nidacugelupo appeared
[gicavozura:   28.11.2021, 21:46:20] --> nidacugelupo appeared
[gicavozura:   28.11.2021, 21:46:40] --> pakafizifare appeared
[gicavozura:   28.11.2021, 21:46:47] --> MYtK6Y appeared
[gicavozura:   28.11.2021, 21:47:39] --> pakafizifare appeared
[gicavozura:   28.11.2021, 21:47:44] --> MYtK6Y appeared
[gicavozura:   28.11.2021, 21:48:06] --> Character leveled up to level 27
[gicavozura:   28.11.2021, 21:48:47] --> nidacugelupo appeared
[gicavozura:   28.11.2021, 21:50:36] --> MYtK6Y appeared
[gicavozura:   28.11.2021, 21:51:01] --> Character leveled up to level 28
[gicavozura:   28.11.2021, 21:51:24] --> nidacugelupo appeared
[gicavozura:   28.11.2021, 21:51:26] --> 0guardian76 appeared
[gicavozura:   28.11.2021, 21:51:52] --> MYtK6Y appeared
[gicavozura:   28.11.2021, 21:52:19] --> MYtK6Y appeared
[gicavozura:   28.11.2021, 21:52:48] --> pakafizifare appeared
[gicavozura:   28.11.2021, 21:53:29] --> nidacugelupo appeared
[gicavozura:   28.11.2021, 21:53:55] --> MYtK6Y appeared
[gicavozura:   28.11.2021, 21:53:57] --> Character leveled up to level 29
[gicavozura:   28.11.2021, 21:54:16] --> pakafizifare appeared
[gicavozura:   28.11.2021, 21:54:55] --> nidacugelupo appeared
[gicavozura:   28.11.2021, 21:56:22] --> nidacugelupo appeared
[gicavozura:   28.11.2021, 21:56:52] --> nidacugelupo appeared
[gicavozura:   28.11.2021, 21:57:12] --> Character leveled up to level 30
[gicavozura:   28.11.2021, 21:57:20] --> nidacugelupo appeared
[gicavozura:   28.11.2021, 21:59:34] --> pakafizifare appeared
[gicavozura:   28.11.2021, 21:59:40] --> nidacugelupo appeared
[gicavozura:   28.11.2021, 22:00:08] --> Character leveled up to level 31
[gicavozura:   28.11.2021, 22:00:09] --> Bot terminated: Character reached level 31
[zipeconofese: 28.11.2021, 22:01:12] --> Bot successfully started
[zipeconofese: 28.11.2021, 22:01:12] --> Setting '1' loaded because of active level settings
[zipeconofese: 28.11.2021, 22:01:12] --> MedWedNah appeared
[zipeconofese: 28.11.2021, 22:01:18] --> Character went to saleswoman
[zipeconofese: 28.11.2021, 22:01:21] --> Character was kicked from the bot, reason: Character was walking
[zipeconofese: 28.11.2021, 22:01:55] --> Character was kicked from the bot, reason: Character was walking
[zipeconofese: 28.11.2021, 22:02:08] --> Character leveled up to level 2
[zipeconofese: 28.11.2021, 22:02:09] --> Character leveled up to level 6
[zipeconofese: 28.11.2021, 22:02:10] --> Character leveled up to level 7
[zipeconofese: 28.11.2021, 22:02:11] --> sacubuzifuk appeared
[zipeconofese: 28.11.2021, 22:02:11] --> Character leveled up to level 8
[zipeconofese: 28.11.2021, 22:02:13] --> Character leveled up to level 9
[zipeconofese: 28.11.2021, 22:02:38] --> Character leveled up to level 10
[zipeconofese: 28.11.2021, 22:03:06] --> kerorafosoka appeared
[zipeconofese: 28.11.2021, 22:03:06] --> Character leveled up to level 11
[zipeconofese: 28.11.2021, 22:03:13] --> Character leveled up to level 12
[zipeconofese: 28.11.2021, 22:03:33] --> Character leveled up to level 13
[zipeconofese: 28.11.2021, 22:04:15] --> Character leveled up to level 14
[zipeconofese: 28.11.2021, 22:04:21] --> sacubuzifuk appeared
[zipeconofese: 28.11.2021, 22:04:49] --> Character leveled up to level 15
[zipeconofese: 28.11.2021, 22:04:49] --> Setting '2' loaded because of active level settings
[zipeconofese: 28.11.2021, 22:05:03] --> Character was kicked from the bot, reason: Character was walking
[zipeconofese: 28.11.2021, 22:05:19] --> batazokoza appeared
[zipeconofese: 28.11.2021, 22:05:27] --> Character was kicked from the bot, reason: Character was walking
[zipeconofese: 28.11.2021, 22:05:31] --> 0guardian76 appeared
[zipeconofese: 28.11.2021, 22:06:28] --> Character leveled up to level 16
[zipeconofese: 28.11.2021, 22:07:29] --> Character leveled up to level 17
[zipeconofese: 28.11.2021, 22:07:29] --> 0guardian76 appeared
[zipeconofese: 28.11.2021, 22:08:21] --> Character leveled up to level 18
[zipeconofese: 28.11.2021, 22:08:52] --> MYtK6Y appeared
[zipeconofese: 28.11.2021, 22:09:18] --> Character leveled up to level 19
[zipeconofese: 28.11.2021, 22:10:05] --> nidacugelupo appeared
[zipeconofese: 28.11.2021, 22:10:27] --> MYtK6Y appeared
[zipeconofese: 28.11.2021, 22:10:34] --> nidacugelupo appeared
[zipeconofese: 28.11.2021, 22:11:52] --> Bot successfully started
[zipeconofese: 28.11.2021, 22:11:52] --> Setting '2' loaded because of active level settings
[zipeconofese: 28.11.2021, 22:11:52] --> pakafizifare appeared
[zipeconofese: 28.11.2021, 22:12:11] --> Character leveled up to level 20
[zipeconofese: 28.11.2021, 22:12:28] --> MYtK6Y appeared
[zipeconofese: 28.11.2021, 22:12:56] --> pakafizifare appeared
[zipeconofese: 28.11.2021, 22:13:03] --> MYtK6Y appeared
[zipeconofese: 28.11.2021, 22:14:44] --> Character leveled up to level 21
[zipeconofese: 28.11.2021, 22:16:08] --> Character leveled up to level 22
[zipeconofese: 28.11.2021, 22:16:19] --> pakafizifare appeared
[zipeconofese: 28.11.2021, 22:16:22] --> 0guardian76 appeared
[zipeconofese: 28.11.2021, 22:16:26] --> 0guardian76 appeared
[zipeconofese: 28.11.2021, 22:17:09] --> Character leveled up to level 23
[zipeconofese: 28.11.2021, 22:17:21] --> secirupuze appeared
[zipeconofese: 28.11.2021, 22:17:49] --> nidacugelupo appeared
[zipeconofese: 28.11.2021, 22:19:33] --> Character leveled up to level 24
[zipeconofese: 28.11.2021, 22:20:15] --> nidacugelupo appeared
[zipeconofese: 28.11.2021, 22:20:38] --> Character got kick
[zipeconofese: 28.11.2021, 22:20:46] --> kekukefobezo appeared
[zipeconofese: 28.11.2021, 22:21:20] --> 0guardian76 appeared
[zipeconofese: 28.11.2021, 22:21:36] --> MYtK6Y appeared
[zipeconofese: 28.11.2021, 22:21:57] --> MYtK6Y appeared
[zipeconofese: 28.11.2021, 22:22:05] --> MYtK6Y appeared
[zipeconofese: 28.11.2021, 22:22:15] --> Character leveled up to level 25
[zipeconofese: 28.11.2021, 22:22:20] --> kekukefobezo appeared
[zipeconofese: 28.11.2021, 22:22:44] --> bohocipedu appeared
[zipeconofese: 28.11.2021, 22:22:46] --> wipiwuwivez appeared
[zipeconofese: 28.11.2021, 22:23:48] --> MYtK6Y appeared
[zipeconofese: 28.11.2021, 22:24:18] --> MYtK6Y appeared
[zipeconofese: 28.11.2021, 22:24:31] --> Character leveled up to level 26
[zipeconofese: 28.11.2021, 22:24:51] --> MYtK6Y appeared
[zipeconofese: 28.11.2021, 22:25:35] --> MYtK6Y appeared
[zipeconofese: 28.11.2021, 22:26:09] --> Character leveled up to level 27
[zipeconofese: 28.11.2021, 22:27:40] --> bohocipedu appeared
[zipeconofese: 28.11.2021, 22:28:58] --> 0guardian76 appeared
[zipeconofese: 28.11.2021, 22:29:07] --> bohocipedu appeared
[zipeconofese: 28.11.2021, 22:29:30] --> kekukefobezo appeared
[zipeconofese: 28.11.2021, 22:29:36] --> Character leveled up to level 28
[zipeconofese: 28.11.2021, 22:29:54] --> MYtK6Y appeared
[zipeconofese: 28.11.2021, 22:30:00] --> 0guardian76 appeared
[zipeconofese: 28.11.2021, 22:30:33] --> secirupuze appeared
[zipeconofese: 28.11.2021, 22:31:26] --> 0guardian76 appeared
[zipeconofese: 28.11.2021, 22:31:34] --> bohocipedu appeared
[zipeconofese: 28.11.2021, 22:32:02] --> Character leveled up to level 29
[zipeconofese: 28.11.2021, 22:32:04] --> bohocipedu appeared
[zipeconofese: 28.11.2021, 22:33:42] --> Bot successfully started
[zipeconofese: 28.11.2021, 22:33:43] --> MYtK6Y appeared
[zipeconofese: 28.11.2021, 22:33:43] --> Setting '2' loaded because of active level settings
[zipeconofese: 28.11.2021, 22:33:52] --> MYtK6Y appeared
[zipeconofese: 28.11.2021, 22:34:16] --> MYtK6Y appeared
[zipeconofese: 28.11.2021, 22:34:21] --> 0guardian76 appeared
[zipeconofese: 28.11.2021, 22:34:34] --> MYtK6Y appeared
[zipeconofese: 28.11.2021, 22:34:57] --> bohocipedu appeared
[zipeconofese: 28.11.2021, 22:35:25] --> bohocipedu appeared
[zipeconofese: 28.11.2021, 22:35:46] --> 0guardian76 appeared
[zipeconofese: 28.11.2021, 22:36:13] --> Character leveled up to level 30
[zipeconofese: 28.11.2021, 22:36:24] --> bohocipedu appeared
[zipeconofese: 28.11.2021, 22:36:53] --> MYtK6Y appeared
[zipeconofese: 28.11.2021, 22:37:22] --> MYtK6Y appeared
[zipeconofese: 28.11.2021, 22:37:51] --> MYtK6Y appeared
[zipeconofese: 28.11.2021, 22:38:19] --> secirupuze appeared
[zipeconofese: 28.11.2021, 22:38:45] --> Character got kick
[zipeconofese: 28.11.2021, 22:39:06] --> Character got kick
[zipeconofese: 28.11.2021, 22:40:45] --> Character leveled up to level 31
[zipeconofese: 28.11.2021, 22:40:46] --> Bot terminated: Character reached level 31
[nuwekarireh:  28.11.2021, 22:41:48] --> Bot successfully started
[nuwekarireh:  28.11.2021, 22:41:48] --> KritMedWed appeared
[nuwekarireh:  28.11.2021, 22:41:48] --> Setting '1' loaded because of active level settings
[nuwekarireh:  28.11.2021, 22:41:54] --> Character went to saleswoman
[nuwekarireh:  28.11.2021, 22:41:57] --> Character was kicked from the bot, reason: Character was walking
[nuwekarireh:  28.11.2021, 22:42:29] --> Character was kicked from the bot, reason: Character was walking
[nuwekarireh:  28.11.2021, 22:42:41] --> pezahowizi appeared
[nuwekarireh:  28.11.2021, 22:42:42] --> Character leveled up to level 2
[nuwekarireh:  28.11.2021, 22:42:47] --> Character leveled up to level 3
[nuwekarireh:  28.11.2021, 22:42:49] --> Character leveled up to level 4
[nuwekarireh:  28.11.2021, 22:42:51] --> Character leveled up to level 5
[nuwekarireh:  28.11.2021, 22:42:53] --> Character leveled up to level 6
[nuwekarireh:  28.11.2021, 22:42:57] --> Character leveled up to level 7
[nuwekarireh:  28.11.2021, 22:43:00] --> Character leveled up to level 8
[nuwekarireh:  28.11.2021, 22:43:03] --> Character leveled up to level 9
[nuwekarireh:  28.11.2021, 22:43:14] --> Character leveled up to level 10
[nuwekarireh:  28.11.2021, 22:43:47] --> Character leveled up to level 11
[nuwekarireh:  28.11.2021, 22:43:55] --> Character leveled up to level 12
[nuwekarireh:  28.11.2021, 22:44:02] --> Character leveled up to level 13
[nuwekarireh:  28.11.2021, 22:44:12] --> Character leveled up to level 14
[nuwekarireh:  28.11.2021, 22:45:04] --> Character got kick
[nuwekarireh:  28.11.2021, 22:45:53] --> Character leveled up to level 15
[nuwekarireh:  28.11.2021, 22:45:53] --> Setting '2' loaded because of active level settings
[nuwekarireh:  28.11.2021, 22:47:49] --> Bot successfully started
[nuwekarireh:  28.11.2021, 22:47:49] --> Setting '2' loaded because of active level settings
[:             28.11.2021, 22:48:57] --> Character got kick
[nuwekarireh:  28.11.2021, 22:50:53] --> Bot successfully started
[nuwekarireh:  28.11.2021, 22:50:53] --> Setting '2' loaded because of active level settings
[nuwekarireh:  28.11.2021, 22:51:17] --> Character was kicked from the bot, reason: Character was walking
[nuwekarireh:  28.11.2021, 22:51:20] --> zacecavofazo appeared
[nuwekarireh:  28.11.2021, 22:51:57] --> Character leveled up to level 16
[nuwekarireh:  28.11.2021, 22:52:18] --> MYtK6Y appeared
[nuwekarireh:  28.11.2021, 22:52:28] --> Character leveled up to level 17
[nuwekarireh:  28.11.2021, 22:52:46] --> zacecavofazo appeared
[nuwekarireh:  28.11.2021, 22:52:58] --> MYtK6Y appeared
[nuwekarireh:  28.11.2021, 22:53:30] --> kovefugikono appeared
[nuwekarireh:  28.11.2021, 22:53:44] --> Character leveled up to level 18
[nuwekarireh:  28.11.2021, 22:54:11] --> wipiwuwivez appeared
[nuwekarireh:  28.11.2021, 22:54:44] --> hunozerela appeared
[nuwekarireh:  28.11.2021, 22:55:16] --> zacecavofazo appeared
[nuwekarireh:  28.11.2021, 22:55:22] --> Character leveled up to level 19
[nuwekarireh:  28.11.2021, 22:55:46] --> zacecavofazo appeared
[nuwekarireh:  28.11.2021, 22:55:58] --> Character died
[nuwekarireh:  28.11.2021, 22:56:38] --> Character died
[nuwekarireh:  28.11.2021, 22:56:47] --> zazumozoru appeared
[nuwekarireh:  28.11.2021, 22:57:35] --> zacecavofazo appeared
[nuwekarireh:  28.11.2021, 22:57:40] --> Character leveled up to level 20
[nuwekarireh:  28.11.2021, 22:57:47] --> zazumozoru appeared
[nuwekarireh:  28.11.2021, 22:58:15] --> zazumozoru appeared
[nuwekarireh:  28.11.2021, 22:58:50] --> Character leveled up to level 21
[nuwekarireh:  28.11.2021, 22:59:10] --> zazumozoru appeared
[nuwekarireh:  28.11.2021, 22:59:12] --> zazumozoru appeared
[nuwekarireh:  28.11.2021, 22:59:30] --> 0guardian76 appeared
[nuwekarireh:  28.11.2021, 23:00:19] --> Character leveled up to level 22
[nuwekarireh:  28.11.2021, 23:01:24] --> Character leveled up to level 23
[nuwekarireh:  28.11.2021, 23:01:25] --> 0guardian76 appeared
[nuwekarireh:  28.11.2021, 23:01:59] --> zazumozoru appeared
[nuwekarireh:  28.11.2021, 23:02:26] --> 0guardian76 appeared
[nuwekarireh:  28.11.2021, 23:02:30] --> kovefugikono appeared
[nuwekarireh:  28.11.2021, 23:02:45] --> wipiwuwivez appeared
[nuwekarireh:  28.11.2021, 23:02:50] --> 0guardian76 appeared
[nuwekarireh:  28.11.2021, 23:03:00] --> zazumozoru appeared
[nuwekarireh:  28.11.2021, 23:03:22] --> kovefugikono appeared
[nuwekarireh:  28.11.2021, 23:03:25] --> kovefugikono appeared
[nuwekarireh:  28.11.2021, 23:03:29] --> Character leveled up to level 24
[nuwekarireh:  28.11.2021, 23:03:48] --> 0guardian76 appeared
[nuwekarireh:  28.11.2021, 23:03:57] --> zazumozoru appeared
[nuwekarireh:  28.11.2021, 23:04:47] --> 0guardian76 appeared
[nuwekarireh:  28.11.2021, 23:04:54] --> 0guardian76 appeared
[nuwekarireh:  28.11.2021, 23:09:10] --> Character got kick
[nuwekarireh:  28.11.2021, 23:09:37] --> zazumozoru appeared
[nuwekarireh:  28.11.2021, 23:10:07] --> MYtK6Y appeared
[nuwekarireh:  28.11.2021, 23:10:15] --> Character leveled up to level 25
[nuwekarireh:  28.11.2021, 23:11:04] --> 0guardian76 appeared
[nuwekarireh:  28.11.2021, 23:11:06] --> 0guardian76 appeared
[nuwekarireh:  28.11.2021, 23:11:14] --> zazumozoru appeared
[nuwekarireh:  28.11.2021, 23:12:32] --> kekukefobezo appeared
[nuwekarireh:  28.11.2021, 23:12:34] --> Character leveled up to level 26
[nuwekarireh:  28.11.2021, 23:12:38] --> zacecavofazo appeared
[nuwekarireh:  28.11.2021, 23:15:33] --> MYtK6Y appeared
[nuwekarireh:  28.11.2021, 23:15:42] --> Character leveled up to level 27
[nuwekarireh:  28.11.2021, 23:16:02] --> fuzabipifuzu appeared
[nuwekarireh:  28.11.2021, 23:19:29] --> Character leveled up to level 28
[nuwekarireh:  28.11.2021, 23:20:45] --> zacecavofazo appeared
[nuwekarireh:  28.11.2021, 23:21:04] --> hunozerela appeared
[nuwekarireh:  28.11.2021, 23:21:41] --> Character leveled up to level 29
[nuwekarireh:  28.11.2021, 23:25:08] --> Character leveled up to level 30
[nuwekarireh:  28.11.2021, 23:25:11] --> fuzabipifuzu appeared
[nuwekarireh:  28.11.2021, 23:27:27] --> zacecavofazo appeared
[nuwekarireh:  28.11.2021, 23:27:45] --> Character leveled up to level 31
[nuwekarireh:  28.11.2021, 23:27:47] --> Bot terminated: Character reached level 31
[busefidozozo: 28.11.2021, 23:28:46] --> Bot successfully started
[busefidozozo: 28.11.2021, 23:28:46] --> Setting '1' loaded because of active level settings
[busefidozozo: 28.11.2021, 23:28:46] --> AlquiFrag18 appeared
[busefidozozo: 28.11.2021, 23:28:52] --> Character went to saleswoman
[busefidozozo: 28.11.2021, 23:28:56] --> Character was kicked from the bot, reason: Character was walking
[busefidozozo: 28.11.2021, 23:29:01] --> almacensnei appeared
[busefidozozo: 28.11.2021, 23:29:28] --> Character was kicked from the bot, reason: Character was walking
[busefidozozo: 28.11.2021, 23:29:41] --> Character leveled up to level 2
[busefidozozo: 28.11.2021, 23:29:43] --> Character leveled up to level 3
[busefidozozo: 28.11.2021, 23:29:58] --> Character leveled up to level 4
[busefidozozo: 28.11.2021, 23:30:00] --> Character leveled up to level 5
[busefidozozo: 28.11.2021, 23:30:05] --> Character leveled up to level 6
[busefidozozo: 28.11.2021, 23:30:06] --> Character leveled up to level 7
[busefidozozo: 28.11.2021, 23:30:10] --> Character leveled up to level 8
[busefidozozo: 28.11.2021, 23:30:57] --> Character leveled up to level 9
[busefidozozo: 28.11.2021, 23:31:23] --> Character leveled up to level 10
[busefidozozo: 28.11.2021, 23:31:35] --> Character leveled up to level 11
[busefidozozo: 28.11.2021, 23:32:06] --> Character leveled up to level 12
[busefidozozo: 28.11.2021, 23:32:13] --> Character leveled up to level 13
[busefidozozo: 28.11.2021, 23:32:20] --> pezahowizi appeared
[busefidozozo: 28.11.2021, 23:32:23] --> pezahowizi appeared
[busefidozozo: 28.11.2021, 23:32:53] --> Character leveled up to level 14
[busefidozozo: 28.11.2021, 23:33:20] --> Character leveled up to level 15
[busefidozozo: 28.11.2021, 23:33:20] --> Setting '2' loaded because of active level settings
[busefidozozo: 28.11.2021, 23:33:28] --> duhumizeki appeared
[busefidozozo: 28.11.2021, 23:33:30] --> lukikubarebi appeared
[busefidozozo: 28.11.2021, 23:33:33] --> Character was kicked from the bot, reason: Character was walking
[busefidozozo: 28.11.2021, 23:33:57] --> Character was kicked from the bot, reason: Character was walking
[busefidozozo: 28.11.2021, 23:34:01] --> zacecavofazo appeared
[busefidozozo: 28.11.2021, 23:34:23] --> noluzecafude appeared
[busefidozozo: 28.11.2021, 23:34:24] --> hunozerela appeared
[busefidozozo: 28.11.2021, 23:34:31] --> Character leveled up to level 16
[busefidozozo: 28.11.2021, 23:35:04] --> zacecavofazo appeared
[busefidozozo: 28.11.2021, 23:35:09] --> Character leveled up to level 17
[busefidozozo: 28.11.2021, 23:35:16] --> kovefugikono appeared
[busefidozozo: 28.11.2021, 23:35:31] --> kekukefobezo appeared
[busefidozozo: 28.11.2021, 23:36:04] --> Character leveled up to level 18
[busefidozozo: 28.11.2021, 23:36:06] --> fuzabipifuzu appeared
[busefidozozo: 28.11.2021, 23:36:24] --> zacecavofazo appeared
[busefidozozo: 28.11.2021, 23:36:41] --> kovefugikono appeared
[busefidozozo: 28.11.2021, 23:37:16] --> noluzecafude appeared
[busefidozozo: 28.11.2021, 23:37:19] --> Character leveled up to level 19
[busefidozozo: 28.11.2021, 23:37:26] --> 0guardian76 appeared
[busefidozozo: 28.11.2021, 23:37:43] --> kovefugikono appeared
[busefidozozo: 28.11.2021, 23:37:56] --> zacecavofazo appeared
[busefidozozo: 28.11.2021, 23:38:09] --> hunozerela appeared
[busefidozozo: 28.11.2021, 23:38:12] --> noluzecafude appeared
[busefidozozo: 28.11.2021, 23:38:14] --> Character leveled up to level 20
[busefidozozo: 28.11.2021, 23:38:47] --> zacecavofazo appeared
[busefidozozo: 28.11.2021, 23:39:09] --> kovefugikono appeared
[busefidozozo: 28.11.2021, 23:39:18] --> zacecavofazo appeared
[busefidozozo: 28.11.2021, 23:39:43] --> kovefugikono appeared
[busefidozozo: 28.11.2021, 23:39:50] --> zacecavofazo appeared
[busefidozozo: 28.11.2021, 23:39:54] --> Character leveled up to level 21
[busefidozozo: 28.11.2021, 23:40:07] --> noluzecafude appeared
[busefidozozo: 28.11.2021, 23:40:15] --> 0guardian76 appeared
[busefidozozo: 28.11.2021, 23:40:34] --> kovefugikono appeared
[busefidozozo: 28.11.2021, 23:41:05] --> noluzecafude appeared
[busefidozozo: 28.11.2021, 23:41:10] --> Character leveled up to level 22
[busefidozozo: 28.11.2021, 23:41:10] --> zacecavofazo appeared
[busefidozozo: 28.11.2021, 23:41:32] --> noluzecafude appeared
[busefidozozo: 28.11.2021, 23:41:40] --> zacecavofazo appeared
[busefidozozo: 28.11.2021, 23:42:10] --> zacecavofazo appeared
[busefidozozo: 28.11.2021, 23:42:11] --> Character leveled up to level 23
[busefidozozo: 28.11.2021, 23:42:42] --> zacecavofazo appeared
[busefidozozo: 28.11.2021, 23:42:57] --> zacecavofazo appeared
[busefidozozo: 28.11.2021, 23:43:02] --> Character leveled up to level 24
[busefidozozo: 28.11.2021, 23:43:02] --> hunozerela appeared
[busefidozozo: 28.11.2021, 23:43:13] --> zacecavofazo appeared
[busefidozozo: 28.11.2021, 23:43:21] --> zacecavofazo appeared
[busefidozozo: 28.11.2021, 23:43:27] --> noluzecafude appeared
[busefidozozo: 28.11.2021, 23:43:33] --> zacecavofazo appeared
[busefidozozo: 28.11.2021, 23:43:55] --> noluzecafude appeared
[busefidozozo: 28.11.2021, 23:44:02] --> zacecavofazo appeared
[busefidozozo: 28.11.2021, 23:44:15] --> kovefugikono appeared
[busefidozozo: 28.11.2021, 23:44:20] --> Character leveled up to level 25
[busefidozozo: 28.11.2021, 23:44:31] --> wipiwuwivez appeared
[busefidozozo: 28.11.2021, 23:44:53] --> kovefugikono appeared
[busefidozozo: 28.11.2021, 23:45:27] --> hunozerela appeared
[busefidozozo: 28.11.2021, 23:45:30] --> Character leveled up to level 26
[busefidozozo: 28.11.2021, 23:45:51] --> zacecavofazo appeared
[busefidozozo: 28.11.2021, 23:46:21] --> noluzecafude appeared
[busefidozozo: 28.11.2021, 23:46:32] --> kekukefobezo appeared
[busefidozozo: 28.11.2021, 23:46:40] --> hunozerela appeared
[busefidozozo: 28.11.2021, 23:46:51] --> noluzecafude appeared
[busefidozozo: 28.11.2021, 23:46:54] --> Character leveled up to level 27
[busefidozozo: 28.11.2021, 23:46:59] --> MYtK6Y appeared
[busefidozozo: 28.11.2021, 23:47:09] --> MYtK6Y appeared
[busefidozozo: 28.11.2021, 23:47:28] --> 0guardian76 appeared
[busefidozozo: 28.11.2021, 23:47:48] --> noluzecafude appeared
[busefidozozo: 28.11.2021, 23:47:50] --> hunozerela appeared
[busefidozozo: 28.11.2021, 23:48:25] --> zacecavofazo appeared
[busefidozozo: 28.11.2021, 23:48:50] --> Character leveled up to level 28
[busefidozozo: 28.11.2021, 23:48:57] --> zacecavofazo appeared
[busefidozozo: 28.11.2021, 23:49:17] --> hunozerela appeared
[busefidozozo: 28.11.2021, 23:49:27] --> zacecavofazo appeared
[busefidozozo: 28.11.2021, 23:50:07] --> MYtK6Y appeared
[busefidozozo: 28.11.2021, 23:51:26] --> Character leveled up to level 29
[busefidozozo: 28.11.2021, 23:53:09] --> zacecavofazo appeared
[busefidozozo: 28.11.2021, 23:53:28] --> MYtK6Y appeared
[busefidozozo: 28.11.2021, 23:53:41] --> zacecavofazo appeared
[busefidozozo: 28.11.2021, 23:54:05] --> hunozerela appeared
[busefidozozo: 28.11.2021, 23:54:36] --> MYtK6Y appeared
[busefidozozo: 28.11.2021, 23:55:00] --> MYtK6Y appeared
[busefidozozo: 28.11.2021, 23:55:57] --> MYtK6Y appeared
[busefidozozo: 28.11.2021, 23:56:25] --> MYtK6Y appeared
[busefidozozo: 28.11.2021, 23:56:25] --> Character leveled up to level 30
[busefidozozo: 28.11.2021, 23:56:52] --> MYtK6Y appeared
[busefidozozo: 28.11.2021, 23:58:18] --> MYtK6Y appeared
[busefidozozo: 28.11.2021, 23:59:52] --> Character leveled up to level 31
[busefidozozo: 28.11.2021, 23:59:53] --> Bot terminated: Character reached level 31
