[kudizizutat:  28.11.2021, 19:47:15] --> Bot successfully started
[kudizizutat:  28.11.2021, 19:47:15] --> lordpinsel appeared
[kudizizutat:  28.11.2021, 19:54:27] --> Bot successfully started
[kudizizutat:  28.11.2021, 19:54:27] --> lordpinsel appeared
[kudizizutat:  28.11.2021, 20:03:50] --> Changing into CH9
[kudizizutat:  28.11.2021, 20:04:38] --> Character was kicked from the bot, reason: Changing character
[kudizizutat:  28.11.2021, 20:06:35] --> Character was kicked from the bot, reason: Changing character
[futopituro:   28.11.2021, 20:08:35] --> Character was kicked from the bot, reason: Changing character
[futopituro:   28.11.2021, 20:08:43] --> EmyQ appeared
[bubusebivika: 28.11.2021, 20:10:38] --> Character was kicked from the bot, reason: Changing character
[bubusebivika: 28.11.2021, 20:10:44] --> EmyQ appeared
[civirakipob:  28.11.2021, 20:13:58] --> Character was kicked from the bot, reason: Changing character
[kudizizutat:  28.11.2021, 20:43:36] --> Bot successfully started
[kudizizutat:  28.11.2021, 20:43:36] --> refewinukewe appeared
[kudizizutat:  28.11.2021, 20:43:36] --> Setting '1' loaded because of active level settings
[kudizizutat:  28.11.2021, 20:43:42] --> Character went to saleswoman
[kudizizutat:  28.11.2021, 20:43:45] --> Character was kicked from the bot, reason: Character was walking
[kudizizutat:  28.11.2021, 20:44:17] --> Character was kicked from the bot, reason: Character was walking
[kudizizutat:  28.11.2021, 20:44:30] --> Character leveled up to level 2
[kudizizutat:  28.11.2021, 20:44:31] --> Character leveled up to level 4
[kudizizutat:  28.11.2021, 20:44:32] --> Character leveled up to level 5
[kudizizutat:  28.11.2021, 20:44:33] --> darunilite appeared
[kudizizutat:  28.11.2021, 20:44:33] --> Character leveled up to level 6
[kudizizutat:  28.11.2021, 20:44:37] --> Character leveled up to level 7
[kudizizutat:  28.11.2021, 20:44:40] --> Character leveled up to level 8
[kudizizutat:  28.11.2021, 20:44:45] --> Character leveled up to level 9
[kudizizutat:  28.11.2021, 20:45:00] --> darunilite appeared
[kudizizutat:  28.11.2021, 20:45:18] --> Character leveled up to level 10
[kudizizutat:  28.11.2021, 20:45:24] --> Character leveled up to level 11
[kudizizutat:  28.11.2021, 20:45:27] --> darunilite appeared
[kudizizutat:  28.11.2021, 20:45:31] --> Character leveled up to level 12
[kudizizutat:  28.11.2021, 20:45:35] --> Character leveled up to level 13
[kudizizutat:  28.11.2021, 20:45:41] --> Character leveled up to level 14
[kudizizutat:  28.11.2021, 20:45:55] --> darunilite appeared
[kudizizutat:  28.11.2021, 20:46:08] --> Character leveled up to level 15
[kudizizutat:  28.11.2021, 20:46:08] --> Setting '2' loaded because of active level settings
[kudizizutat:  28.11.2021, 20:46:21] --> Character was kicked from the bot, reason: Character was walking
[kudizizutat:  28.11.2021, 20:46:27] --> denemeKee appeared
[kudizizutat:  28.11.2021, 20:46:39] --> nivogekavoke appeared
[kudizizutat:  28.11.2021, 20:46:47] --> Character was kicked from the bot, reason: Character was walking
[kudizizutat:  28.11.2021, 20:46:51] --> 1excitedly44 appeared
[kudizizutat:  28.11.2021, 20:47:23] --> Character died
[kudizizutat:  28.11.2021, 20:47:38] --> 1excitedly44 appeared
[kudizizutat:  28.11.2021, 20:47:40] --> viduruwuwo appeared
[kudizizutat:  28.11.2021, 20:48:05] --> Character leveled up to level 16
[kudizizutat:  28.11.2021, 20:48:19] --> Character leveled up to level 17
[kudizizutat:  28.11.2021, 20:48:43] --> Character leveled up to level 18
[kudizizutat:  28.11.2021, 20:49:34] --> Character leveled up to level 19
[kudizizutat:  28.11.2021, 20:50:01] --> Character got kick
[kudizizutat:  28.11.2021, 20:50:18] --> dovakozikir appeared
[kudizizutat:  28.11.2021, 20:51:01] --> dovakozikir appeared
[kudizizutat:  28.11.2021, 20:51:29] --> dovakozikir appeared
[kudizizutat:  28.11.2021, 20:51:42] --> Character leveled up to level 20
[kudizizutat:  28.11.2021, 20:52:32] --> Character leveled up to level 21
[kudizizutat:  28.11.2021, 20:53:24] --> dovakozikir appeared
[kudizizutat:  28.11.2021, 20:53:27] --> Character leveled up to level 22
[kudizizutat:  28.11.2021, 20:54:51] --> Character leveled up to level 23
[kudizizutat:  28.11.2021, 20:58:23] --> Character got kick
[kudizizutat:  28.11.2021, 20:59:36] --> Character leveled up to level 24
[kudizizutat:  28.11.2021, 21:01:09] --> Character leveled up to level 25
[kudizizutat:  28.11.2021, 21:02:49] --> Character leveled up to level 26
[kudizizutat:  28.11.2021, 21:04:40] --> Character leveled up to level 27
[kudizizutat:  28.11.2021, 21:06:55] --> Character leveled up to level 28
[kudizizutat:  28.11.2021, 21:10:43] --> Character leveled up to level 29
[kudizizutat:  28.11.2021, 21:12:19] --> popokalarefi appeared
[kudizizutat:  28.11.2021, 21:12:27] --> popokalarefi appeared
[kudizizutat:  28.11.2021, 21:12:47] --> 5biA4d appeared
[kudizizutat:  28.11.2021, 21:13:20] --> 5biA4d appeared
[kudizizutat:  28.11.2021, 21:13:35] --> Character leveled up to level 30
[kudizizutat:  28.11.2021, 21:13:39] --> 1excitedly44 appeared
[kudizizutat:  28.11.2021, 21:14:04] --> 5biA4d appeared
[kudizizutat:  28.11.2021, 21:14:06] --> 1excitedly44 appeared
[kudizizutat:  28.11.2021, 21:14:19] --> 5biA4d appeared
[kudizizutat:  28.11.2021, 21:15:07] --> 1excitedly44 appeared
[kudizizutat:  28.11.2021, 21:15:31] --> 5biA4d appeared
[kudizizutat:  28.11.2021, 21:15:52] --> 5biA4d appeared
[kudizizutat:  28.11.2021, 21:15:55] --> Character leveled up to level 31
[kudizizutat:  28.11.2021, 21:15:56] --> Bot terminated: Character reached level 31
[futopituro:   28.11.2021, 21:17:11] --> Bot successfully started
[futopituro:   28.11.2021, 21:17:11] --> refewinukewe appeared
[futopituro:   28.11.2021, 21:17:11] --> Setting '1' loaded because of active level settings
[futopituro:   28.11.2021, 21:17:17] --> Character went to saleswoman
[futopituro:   28.11.2021, 21:17:21] --> Character was kicked from the bot, reason: Character was walking
[futopituro:   28.11.2021, 21:17:52] --> Character was kicked from the bot, reason: Character was walking
[futopituro:   28.11.2021, 21:18:06] --> Character leveled up to level 4
[futopituro:   28.11.2021, 21:18:07] --> Character leveled up to level 7
[futopituro:   28.11.2021, 21:18:08] --> Character leveled up to level 8
[futopituro:   28.11.2021, 21:18:08] --> darunilite appeared
[futopituro:   28.11.2021, 21:18:11] --> Character leveled up to level 9
[futopituro:   28.11.2021, 21:18:15] --> Character leveled up to level 10
[futopituro:   28.11.2021, 21:18:17] --> Character leveled up to level 11
[futopituro:   28.11.2021, 21:18:21] --> Character leveled up to level 12
[futopituro:   28.11.2021, 21:18:25] --> Character leveled up to level 13
[futopituro:   28.11.2021, 21:18:34] --> darunilite appeared
[futopituro:   28.11.2021, 21:18:42] --> Character leveled up to level 14
[futopituro:   28.11.2021, 21:19:02] --> darunilite appeared
[futopituro:   28.11.2021, 21:19:02] --> Character leveled up to level 15
[futopituro:   28.11.2021, 21:19:02] --> Setting '2' loaded because of active level settings
[futopituro:   28.11.2021, 21:19:06] --> Character was kicked from the bot, reason: Character was walking
[futopituro:   28.11.2021, 21:19:15] --> Character got kick
[futopituro:   28.11.2021, 21:19:26] --> Character was kicked from the bot, reason: Character was walking
[futopituro:   28.11.2021, 21:19:32] --> zamukonipo appeared
[futopituro:   28.11.2021, 21:19:35] --> ranikepizer appeared
[futopituro:   28.11.2021, 21:19:52] --> Character was kicked from the bot, reason: Character was walking
[futopituro:   28.11.2021, 21:19:57] --> nakobovila appeared
[futopituro:   28.11.2021, 21:20:01] --> 1excitedly44 appeared
[futopituro:   28.11.2021, 21:20:35] --> Character leveled up to level 16
[futopituro:   28.11.2021, 21:20:36] --> 5biA4d appeared
[futopituro:   28.11.2021, 21:21:31] --> 1excitedly44 appeared
[futopituro:   28.11.2021, 21:21:33] --> Character died
[futopituro:   28.11.2021, 21:21:49] --> Character died
[futopituro:   28.11.2021, 21:22:06] --> Character leveled up to level 17
[futopituro:   28.11.2021, 21:22:57] --> nakobovila appeared
[futopituro:   28.11.2021, 21:23:11] --> Character leveled up to level 18
[futopituro:   28.11.2021, 21:23:26] --> nakobovila appeared
[futopituro:   28.11.2021, 21:23:35] --> gerozepesuk appeared
[futopituro:   28.11.2021, 21:23:39] --> Character leveled up to level 19
[futopituro:   28.11.2021, 21:23:54] --> nakobovila appeared
[futopituro:   28.11.2021, 21:24:03] --> gerozepesuk appeared
[futopituro:   28.11.2021, 21:24:25] --> Character leveled up to level 20
[futopituro:   28.11.2021, 21:24:39] --> nakobovila appeared
[futopituro:   28.11.2021, 21:25:07] --> nakobovila appeared
[futopituro:   28.11.2021, 21:25:23] --> Character leveled up to level 21
[futopituro:   28.11.2021, 21:25:36] --> nakobovila appeared
[futopituro:   28.11.2021, 21:25:44] --> 1excitedly44 appeared
[futopituro:   28.11.2021, 21:26:04] --> 5biA4d appeared
[futopituro:   28.11.2021, 21:26:41] --> Character leveled up to level 22
[futopituro:   28.11.2021, 21:26:55] --> gerozepesuk appeared
[futopituro:   28.11.2021, 21:27:41] --> 5biA4d appeared
[futopituro:   28.11.2021, 21:28:04] --> Character leveled up to level 23
[futopituro:   28.11.2021, 21:29:15] --> Character got kick
[futopituro:   28.11.2021, 21:29:23] --> gerozepesuk appeared
[futopituro:   28.11.2021, 21:30:53] --> Bot successfully started
[futopituro:   28.11.2021, 21:30:53] --> 5biA4d appeared
[futopituro:   28.11.2021, 21:30:53] --> Setting '2' loaded because of active level settings
[futopituro:   28.11.2021, 21:32:45] --> Character leveled up to level 24
[futopituro:   28.11.2021, 21:34:38] --> Character leveled up to level 25
[futopituro:   28.11.2021, 21:35:36] --> nakobovila appeared
[futopituro:   28.11.2021, 21:35:52] --> Character got kick
[futopituro:   28.11.2021, 21:36:00] --> 5biA4d appeared
[futopituro:   28.11.2021, 21:37:43] --> Character leveled up to level 26
[futopituro:   28.11.2021, 21:39:52] --> gerozepesuk appeared
[futopituro:   28.11.2021, 21:40:06] --> 5biA4d appeared
[futopituro:   28.11.2021, 21:40:14] --> Character leveled up to level 27
[futopituro:   28.11.2021, 21:40:20] --> 5biA4d appeared
[futopituro:   28.11.2021, 21:40:48] --> 5biA4d appeared
[futopituro:   28.11.2021, 21:41:16] --> 5biA4d appeared
[futopituro:   28.11.2021, 21:41:40] --> hitezafaca appeared
[futopituro:   28.11.2021, 21:42:11] --> 5biA4d appeared
[futopituro:   28.11.2021, 21:42:30] --> 1excitedly44 appeared
[futopituro:   28.11.2021, 21:42:30] --> Character leveled up to level 28
[futopituro:   28.11.2021, 21:42:39] --> 5biA4d appeared
[futopituro:   28.11.2021, 21:43:09] --> 5biA4d appeared
[futopituro:   28.11.2021, 21:43:51] --> 5biA4d appeared
[futopituro:   28.11.2021, 21:44:26] --> pekutoruro appeared
[futopituro:   28.11.2021, 21:44:56] --> 1excitedly44 appeared
[futopituro:   28.11.2021, 21:45:04] --> Character leveled up to level 29
[futopituro:   28.11.2021, 21:48:10] --> Character leveled up to level 30
[futopituro:   28.11.2021, 21:51:06] --> Character leveled up to level 31
[futopituro:   28.11.2021, 21:51:07] --> Bot terminated: Character reached level 31
[bubusebivika: 28.11.2021, 21:52:14] --> Bot successfully started
[bubusebivika: 28.11.2021, 21:52:14] --> Setting '1' loaded because of active level settings
[bubusebivika: 28.11.2021, 21:52:14] --> wizezepeber appeared
[bubusebivika: 28.11.2021, 21:52:21] --> Character went to saleswoman
[bubusebivika: 28.11.2021, 21:52:24] --> Character was kicked from the bot, reason: Character was walking
[bubusebivika: 28.11.2021, 21:52:57] --> Character was kicked from the bot, reason: Character was walking
[bubusebivika: 28.11.2021, 21:53:10] --> Character leveled up to level 4
[bubusebivika: 28.11.2021, 21:53:13] --> Character leveled up to level 5
[bubusebivika: 28.11.2021, 21:53:24] --> Character leveled up to level 6
[bubusebivika: 28.11.2021, 21:53:27] --> Character leveled up to level 7
[bubusebivika: 28.11.2021, 21:53:34] --> Character leveled up to level 8
[bubusebivika: 28.11.2021, 21:53:36] --> Character leveled up to level 9
[bubusebivika: 28.11.2021, 21:53:50] --> Character leveled up to level 10
[bubusebivika: 28.11.2021, 21:54:32] --> Character leveled up to level 11
[bubusebivika: 28.11.2021, 21:54:44] --> Character leveled up to level 12
[bubusebivika: 28.11.2021, 21:54:59] --> bomicazozuc appeared
[bubusebivika: 28.11.2021, 21:54:59] --> Character leveled up to level 13
[bubusebivika: 28.11.2021, 21:55:33] --> Character leveled up to level 14
[bubusebivika: 28.11.2021, 21:55:37] --> Character leveled up to level 15
[bubusebivika: 28.11.2021, 21:55:37] --> Setting '2' loaded because of active level settings
[bubusebivika: 28.11.2021, 21:55:41] --> Character was kicked from the bot, reason: Character was walking
[bubusebivika: 28.11.2021, 21:55:51] --> Character was kicked from the bot, reason: Character was walking
[bubusebivika: 28.11.2021, 21:55:56] --> susicekegig appeared
[bubusebivika: 28.11.2021, 21:56:08] --> susicekegig appeared
[bubusebivika: 28.11.2021, 21:56:16] --> Character was kicked from the bot, reason: Character was walking
[bubusebivika: 28.11.2021, 21:56:20] --> fevubakotote appeared
[bubusebivika: 28.11.2021, 21:56:30] --> Character leveled up to level 16
[bubusebivika: 28.11.2021, 21:57:08] --> Character leveled up to level 17
[bubusebivika: 28.11.2021, 21:57:59] --> Character leveled up to level 18
[bubusebivika: 28.11.2021, 21:58:54] --> Character leveled up to level 19
[bubusebivika: 28.11.2021, 22:00:16] --> Character leveled up to level 20
[bubusebivika: 28.11.2021, 22:01:40] --> Character leveled up to level 21
[bubusebivika: 28.11.2021, 22:02:52] --> Character leveled up to level 22
[bubusebivika: 28.11.2021, 22:04:51] --> Character leveled up to level 23
[bubusebivika: 28.11.2021, 22:06:53] --> Character leveled up to level 24
[bubusebivika: 28.11.2021, 22:09:34] --> Character leveled up to level 25
[bubusebivika: 28.11.2021, 22:11:18] --> 1excitedly44 appeared
[bubusebivika: 28.11.2021, 22:11:45] --> 1excitedly44 appeared
[bubusebivika: 28.11.2021, 22:11:48] --> Character leveled up to level 26
[bubusebivika: 28.11.2021, 22:11:55] --> 5biA4d appeared
[bubusebivika: 28.11.2021, 22:13:06] --> pekutoruro appeared
[bubusebivika: 28.11.2021, 22:13:48] --> 5biA4d appeared
[bubusebivika: 28.11.2021, 22:13:52] --> 5biA4d appeared
[bubusebivika: 28.11.2021, 22:13:56] --> Character got kick
[bubusebivika: 28.11.2021, 22:14:04] --> bukagareziv appeared
[bubusebivika: 28.11.2021, 22:14:27] --> viduruwuwo appeared
[bubusebivika: 28.11.2021, 22:14:38] --> 1excitedly44 appeared
[bubusebivika: 28.11.2021, 22:14:47] --> Character leveled up to level 27
[bubusebivika: 28.11.2021, 22:15:08] --> pepafodoker appeared
[bubusebivika: 28.11.2021, 22:15:38] --> 5biA4d appeared
[bubusebivika: 28.11.2021, 22:16:05] --> 5biA4d appeared
[bubusebivika: 28.11.2021, 22:16:08] --> 5biA4d appeared
[bubusebivika: 28.11.2021, 22:17:07] --> Character leveled up to level 28
[bubusebivika: 28.11.2021, 22:19:20] --> Character leveled up to level 29
[bubusebivika: 28.11.2021, 22:19:31] --> rezavafenap appeared
[bubusebivika: 28.11.2021, 22:19:59] --> rezavafenap appeared
[bubusebivika: 28.11.2021, 22:20:14] --> 1excitedly44 appeared
[bubusebivika: 28.11.2021, 22:20:26] --> rezavafenap appeared
[bubusebivika: 28.11.2021, 22:21:56] --> Character leveled up to level 30
[bubusebivika: 28.11.2021, 22:23:18] --> 5biA4d appeared
[bubusebivika: 28.11.2021, 22:23:48] --> 5biA4d appeared
[bubusebivika: 28.11.2021, 22:24:04] --> rezavafenap appeared
[bubusebivika: 28.11.2021, 22:24:33] --> Character leveled up to level 31
[bubusebivika: 28.11.2021, 22:24:34] --> Bot terminated: Character reached level 31
[civirakipob:  28.11.2021, 22:25:49] --> Bot successfully started
[civirakipob:  28.11.2021, 22:25:49] --> Setting '1' loaded because of active level settings
[civirakipob:  28.11.2021, 22:25:49] --> Quapsel appeared
[civirakipob:  28.11.2021, 22:25:56] --> Character went to saleswoman
[civirakipob:  28.11.2021, 22:25:59] --> Character was kicked from the bot, reason: Character was walking
[civirakipob:  28.11.2021, 22:26:32] --> Character was kicked from the bot, reason: Character was walking
[civirakipob:  28.11.2021, 22:26:45] --> Character leveled up to level 2
[civirakipob:  28.11.2021, 22:26:46] --> Character leveled up to level 7
[civirakipob:  28.11.2021, 22:26:47] --> Character leveled up to level 8
[civirakipob:  28.11.2021, 22:26:48] --> Character leveled up to level 9
[civirakipob:  28.11.2021, 22:26:51] --> Character leveled up to level 10
[civirakipob:  28.11.2021, 22:26:57] --> Character leveled up to level 11
[civirakipob:  28.11.2021, 22:26:58] --> Character leveled up to level 12
[civirakipob:  28.11.2021, 22:27:02] --> Character leveled up to level 13
[civirakipob:  28.11.2021, 22:27:09] --> RightBack appeared
[civirakipob:  28.11.2021, 22:27:10] --> Character leveled up to level 14
[civirakipob:  28.11.2021, 22:27:22] --> Character leveled up to level 15
[civirakipob:  28.11.2021, 22:27:22] --> Setting '2' loaded because of active level settings
[civirakipob:  28.11.2021, 22:27:35] --> Character was kicked from the bot, reason: Character was walking
[civirakipob:  28.11.2021, 22:27:39] --> NicoMasiiiii appeared
[civirakipob:  28.11.2021, 22:28:00] --> Character was kicked from the bot, reason: Character was walking
[civirakipob:  28.11.2021, 22:28:06] --> 1excitedly44 appeared
[civirakipob:  28.11.2021, 22:28:17] --> Character leveled up to level 16
[civirakipob:  28.11.2021, 22:28:59] --> Character leveled up to level 17
[civirakipob:  28.11.2021, 22:29:34] --> 1excitedly44 appeared
[civirakipob:  28.11.2021, 22:29:38] --> Character leveled up to level 18
[civirakipob:  28.11.2021, 22:30:09] --> Character leveled up to level 19
[civirakipob:  28.11.2021, 22:31:05] --> Character leveled up to level 20
[civirakipob:  28.11.2021, 22:31:06] --> rezavafenap appeared
[civirakipob:  28.11.2021, 22:32:24] --> Bot successfully started
[civirakipob:  28.11.2021, 22:32:24] --> Setting '2' loaded because of active level settings
[civirakipob:  28.11.2021, 22:32:24] --> rezavafenap appeared
[civirakipob:  28.11.2021, 22:33:21] --> Character leveled up to level 21
[civirakipob:  28.11.2021, 22:34:46] --> Character leveled up to level 22
[civirakipob:  28.11.2021, 22:35:53] --> Character leveled up to level 23
[civirakipob:  28.11.2021, 22:36:03] --> Eagleone appeared
[civirakipob:  28.11.2021, 22:36:08] --> hitezafaca appeared
[civirakipob:  28.11.2021, 22:37:24] --> Character leveled up to level 24
[civirakipob:  28.11.2021, 22:38:51] --> rezavafenap appeared
[civirakipob:  28.11.2021, 22:39:03] --> 5biA4d appeared
[civirakipob:  28.11.2021, 22:40:45] --> Character got kick
[civirakipob:  28.11.2021, 22:41:45] --> Character leveled up to level 25
[civirakipob:  28.11.2021, 22:43:27] --> Character leveled up to level 26
[civirakipob:  28.11.2021, 22:45:04] --> Character got kick
[civirakipob:  28.11.2021, 22:45:12] --> Character died
[civirakipob:  28.11.2021, 22:45:17] --> 5biA4d appeared
[civirakipob:  28.11.2021, 22:46:03] --> 5biA4d appeared
[civirakipob:  28.11.2021, 22:46:12] --> 1excitedly44 appeared
[civirakipob:  28.11.2021, 22:46:35] --> pekutoruro appeared
[civirakipob:  28.11.2021, 22:46:36] --> Character leveled up to level 27
[civirakipob:  28.11.2021, 22:47:10] --> Character got kick
[civirakipob:  28.11.2021, 22:47:17] --> 1excitedly44 appeared
[civirakipob:  28.11.2021, 22:47:54] --> hitezafaca appeared
[civirakipob:  28.11.2021, 22:48:25] --> vipitatege appeared
[civirakipob:  28.11.2021, 22:49:19] --> Character got kick
[civirakipob:  28.11.2021, 22:50:37] --> vipitatege appeared
[civirakipob:  28.11.2021, 22:51:05] --> bukagareziv appeared
[civirakipob:  28.11.2021, 22:51:09] --> Character leveled up to level 28
[civirakipob:  28.11.2021, 22:52:33] --> rezavafenap appeared
[civirakipob:  28.11.2021, 22:53:58] --> rezavafenap appeared
[civirakipob:  28.11.2021, 22:54:31] --> Character leveled up to level 29
[civirakipob:  28.11.2021, 22:54:46] --> hitezafaca appeared
[civirakipob:  28.11.2021, 22:54:59] --> Character died
[civirakipob:  28.11.2021, 22:55:05] --> Character got kick
[civirakipob:  28.11.2021, 22:55:12] --> Character died
[civirakipob:  28.11.2021, 22:55:18] --> vipitatege appeared
[civirakipob:  28.11.2021, 22:55:34] --> govifenozal appeared
[civirakipob:  28.11.2021, 22:55:57] --> vipitatege appeared
[civirakipob:  28.11.2021, 22:56:29] --> Character got kick
[civirakipob:  28.11.2021, 22:57:01] --> 1excitedly44 appeared
[civirakipob:  28.11.2021, 22:57:13] --> hitezafaca appeared
[civirakipob:  28.11.2021, 22:57:47] --> bukagareziv appeared
[civirakipob:  28.11.2021, 22:57:54] --> Lingual appeared
[civirakipob:  28.11.2021, 22:58:02] --> Character leveled up to level 30
[civirakipob:  28.11.2021, 22:58:29] --> 1excitedly44 appeared
[civirakipob:  28.11.2021, 22:58:42] --> bukagareziv appeared
[civirakipob:  28.11.2021, 22:59:09] --> govifenozal appeared
[civirakipob:  28.11.2021, 22:59:27] --> 1excitedly44 appeared
[civirakipob:  28.11.2021, 22:59:35] --> hikazekamuro appeared
[civirakipob:  28.11.2021, 22:59:36] --> vipitatege appeared
[civirakipob:  28.11.2021, 23:00:09] --> bukagareziv appeared
[civirakipob:  28.11.2021, 23:00:19] --> Character leveled up to level 31
[civirakipob:  28.11.2021, 23:00:21] --> Bot terminated: Character reached level 31
[lobalokebu:   28.11.2021, 23:01:22] --> Bot successfully started
[lobalokebu:   28.11.2021, 23:01:23] --> Setting '1' loaded because of active level settings
[lobalokebu:   28.11.2021, 23:01:23] --> Tribek appeared
[lobalokebu:   28.11.2021, 23:01:29] --> Character went to saleswoman
[lobalokebu:   28.11.2021, 23:01:33] --> Character was kicked from the bot, reason: Character was walking
[lobalokebu:   28.11.2021, 23:02:05] --> Character was kicked from the bot, reason: Character was walking
[lobalokebu:   28.11.2021, 23:02:23] --> Character leveled up to level 2
[lobalokebu:   28.11.2021, 23:02:24] --> gecaderane appeared
[lobalokebu:   28.11.2021, 23:02:26] --> Character leveled up to level 3
[lobalokebu:   28.11.2021, 23:02:31] --> Character leveled up to level 4
[lobalokebu:   28.11.2021, 23:02:32] --> Character leveled up to level 5
[lobalokebu:   28.11.2021, 23:02:33] --> Character leveled up to level 6
[lobalokebu:   28.11.2021, 23:02:34] --> Character leveled up to level 7
[lobalokebu:   28.11.2021, 23:02:37] --> Character leveled up to level 8
[lobalokebu:   28.11.2021, 23:02:39] --> Character leveled up to level 9
[lobalokebu:   28.11.2021, 23:02:41] --> Character leveled up to level 10
[lobalokebu:   28.11.2021, 23:02:45] --> Character leveled up to level 11
[lobalokebu:   28.11.2021, 23:02:53] --> Character leveled up to level 12
[lobalokebu:   28.11.2021, 23:02:56] --> Character leveled up to level 13
[lobalokebu:   28.11.2021, 23:03:13] --> gecaderane appeared
[lobalokebu:   28.11.2021, 23:03:15] --> Character leveled up to level 14
[lobalokebu:   28.11.2021, 23:03:29] --> gecaderane appeared
[lobalokebu:   28.11.2021, 23:03:45] --> Character leveled up to level 15
[lobalokebu:   28.11.2021, 23:03:45] --> Setting '2' loaded because of active level settings
[lobalokebu:   28.11.2021, 23:03:49] --> gecaderane appeared
[lobalokebu:   28.11.2021, 23:04:00] --> Character was kicked from the bot, reason: Character was walking
[lobalokebu:   28.11.2021, 23:04:04] --> rakulidepu appeared
[lobalokebu:   28.11.2021, 23:04:18] --> wonuzabimezo appeared
[lobalokebu:   28.11.2021, 23:04:26] --> Character was kicked from the bot, reason: Character was walking
[lobalokebu:   28.11.2021, 23:04:30] --> hikazekamuro appeared
[lobalokebu:   28.11.2021, 23:04:39] --> hikazekamuro appeared
[lobalokebu:   28.11.2021, 23:05:02] --> Character got kick
[lobalokebu:   28.11.2021, 23:06:52] --> Bot successfully started
[lobalokebu:   28.11.2021, 23:06:52] --> Setting '2' loaded because of active level settings
[lobalokebu:   28.11.2021, 23:06:59] --> kakudorevib appeared
[lobalokebu:   28.11.2021, 23:07:11] --> 1excitedly44 appeared
[lobalokebu:   28.11.2021, 23:07:19] --> hitezafaca appeared
[lobalokebu:   28.11.2021, 23:07:20] --> Character leveled up to level 16
[lobalokebu:   28.11.2021, 23:07:32] --> Character leveled up to level 17
[lobalokebu:   28.11.2021, 23:07:47] --> pekutoruro appeared
[lobalokebu:   28.11.2021, 23:07:51] --> kakudorevib appeared
[lobalokebu:   28.11.2021, 23:08:11] --> hitezafaca appeared
[lobalokebu:   28.11.2021, 23:08:15] --> Character leveled up to level 18
[lobalokebu:   28.11.2021, 23:08:35] --> 1excitedly44 appeared
[lobalokebu:   28.11.2021, 23:08:45] --> pekutoruro appeared
[lobalokebu:   28.11.2021, 23:08:49] --> kakudorevib appeared
[lobalokebu:   28.11.2021, 23:09:09] --> Character leveled up to level 19
[lobalokebu:   28.11.2021, 23:10:00] --> Character leveled up to level 20
[lobalokebu:   28.11.2021, 23:10:54] --> Character leveled up to level 21
[lobalokebu:   28.11.2021, 23:12:14] --> Character leveled up to level 22
[lobalokebu:   28.11.2021, 23:13:48] --> Character leveled up to level 23
[lobalokebu:   28.11.2021, 23:15:21] --> Character leveled up to level 24
[lobalokebu:   28.11.2021, 23:17:21] --> Character leveled up to level 25
[lobalokebu:   28.11.2021, 23:19:04] --> Character leveled up to level 26
[lobalokebu:   28.11.2021, 23:21:04] --> Character leveled up to level 27
[lobalokebu:   28.11.2021, 23:23:14] --> Character leveled up to level 28
[lobalokebu:   28.11.2021, 23:26:14] --> Character leveled up to level 29
[lobalokebu:   28.11.2021, 23:27:49] --> hikazekamuro appeared
[lobalokebu:   28.11.2021, 23:28:09] --> 1excitedly44 appeared
[lobalokebu:   28.11.2021, 23:28:19] --> tipakanibe appeared
[lobalokebu:   28.11.2021, 23:28:33] --> vipitatege appeared
[lobalokebu:   28.11.2021, 23:28:40] --> viduruwuwo appeared
[lobalokebu:   28.11.2021, 23:28:50] --> govifenozal appeared
[lobalokebu:   28.11.2021, 23:29:06] --> 1excitedly44 appeared
[lobalokebu:   28.11.2021, 23:29:13] --> Character leveled up to level 30
[lobalokebu:   28.11.2021, 23:29:25] --> kakudorevib appeared
[lobalokebu:   28.11.2021, 23:29:38] --> 1excitedly44 appeared
[lobalokebu:   28.11.2021, 23:29:54] --> vipitatege appeared
[lobalokebu:   28.11.2021, 23:30:05] --> govifenozal appeared
[lobalokebu:   28.11.2021, 23:30:23] --> kakudorevib appeared
[lobalokebu:   28.11.2021, 23:30:34] --> 1excitedly44 appeared
[lobalokebu:   28.11.2021, 23:30:51] --> kakudorevib appeared
[lobalokebu:   28.11.2021, 23:30:58] --> kakudorevib appeared
[lobalokebu:   28.11.2021, 23:31:06] --> vipitatege appeared
[lobalokebu:   28.11.2021, 23:31:16] --> Character leveled up to level 31
[lobalokebu:   28.11.2021, 23:31:16] --> govifenozal appeared
[lobalokebu:   28.11.2021, 23:31:18] --> Bot terminated: Character reached level 31
