[ripobekalawo: 28.11.2021, 19:53:20] --> Bot successfully started
[ripobekalawo: 28.11.2021, 19:53:20] --> xLyen appeared
[ripobekalawo: 28.11.2021, 20:19:02] --> Bot successfully started
[ripobekalawo: 28.11.2021, 20:19:02] --> oAlfa appeared
[ripobekalawo: 28.11.2021, 20:19:32] --> Changing into CH9
[ripobekalawo: 28.11.2021, 20:20:02] --> Character was kicked from the bot, reason: Changing character
[ripobekalawo: 28.11.2021, 20:22:25] --> Character was kicked from the bot, reason: Changing character
[kevigemacu:   28.11.2021, 20:24:48] --> Character was kicked from the bot, reason: Changing character
[copohimatovo: 28.11.2021, 20:26:58] --> Character was kicked from the bot, reason: Changing character
[kanefacihok:  28.11.2021, 20:29:18] --> Character was kicked from the bot, reason: Changing character
[ripobekalawo: 28.11.2021, 20:43:07] --> Bot successfully started
[ripobekalawo: 28.11.2021, 20:43:08] --> Bazemi appeared
[ripobekalawo: 28.11.2021, 20:43:08] --> Setting '1' loaded because of active level settings
[ripobekalawo: 28.11.2021, 20:43:14] --> Character went to saleswoman
[ripobekalawo: 28.11.2021, 20:43:17] --> Character was kicked from the bot, reason: Character was walking
[ripobekalawo: 28.11.2021, 20:43:50] --> Character was kicked from the bot, reason: Character was walking
[ripobekalawo: 28.11.2021, 20:44:02] --> Character leveled up to level 2
[ripobekalawo: 28.11.2021, 20:44:03] --> Character leveled up to level 6
[ripobekalawo: 28.11.2021, 20:44:04] --> Character leveled up to level 7
[ripobekalawo: 28.11.2021, 20:44:05] --> Character leveled up to level 9
[ripobekalawo: 28.11.2021, 20:44:08] --> Character leveled up to level 10
[ripobekalawo: 28.11.2021, 20:44:11] --> Character leveled up to level 11
[ripobekalawo: 28.11.2021, 20:44:13] --> Character leveled up to level 12
[ripobekalawo: 28.11.2021, 20:44:21] --> Character leveled up to level 13
[ripobekalawo: 28.11.2021, 20:44:27] --> Character leveled up to level 14
[ripobekalawo: 28.11.2021, 20:45:00] --> Character leveled up to level 15
[ripobekalawo: 28.11.2021, 20:45:00] --> Setting '2' loaded because of active level settings
[ripobekalawo: 28.11.2021, 20:45:07] --> vegetuparo appeared
[ripobekalawo: 28.11.2021, 20:45:13] --> Character was kicked from the bot, reason: Character was walking
[ripobekalawo: 28.11.2021, 20:45:39] --> Character was kicked from the bot, reason: Character was walking
[ripobekalawo: 28.11.2021, 20:45:43] --> sogefonowac appeared
[ripobekalawo: 28.11.2021, 20:46:50] --> Character leveled up to level 16
[ripobekalawo: 28.11.2021, 20:47:27] --> Character leveled up to level 17
[ripobekalawo: 28.11.2021, 20:48:27] --> Character leveled up to level 18
[ripobekalawo: 28.11.2021, 20:49:55] --> Character leveled up to level 19
[ripobekalawo: 28.11.2021, 20:50:00] --> Character got kick
[ripobekalawo: 28.11.2021, 20:50:30] --> bofifagoma appeared
[ripobekalawo: 28.11.2021, 20:51:03] --> Character leveled up to level 20
[ripobekalawo: 28.11.2021, 20:52:21] --> Character leveled up to level 21
[ripobekalawo: 28.11.2021, 20:53:20] --> Character leveled up to level 22
[ripobekalawo: 28.11.2021, 20:54:53] --> Character leveled up to level 23
[ripobekalawo: 28.11.2021, 20:58:40] --> Character got kick
[ripobekalawo: 28.11.2021, 20:58:47] --> Character died
[ripobekalawo: 28.11.2021, 20:58:54] --> Character died
[ripobekalawo: 28.11.2021, 20:59:13] --> bilelarefi appeared
[ripobekalawo: 28.11.2021, 21:00:47] --> bofifagoma appeared
[ripobekalawo: 28.11.2021, 21:00:51] --> Character leveled up to level 24
[ripobekalawo: 28.11.2021, 21:02:13] --> bilelarefi appeared
[ripobekalawo: 28.11.2021, 21:02:48] --> Character leveled up to level 25
[ripobekalawo: 28.11.2021, 21:04:06] --> doberugakora appeared
[ripobekalawo: 28.11.2021, 21:04:25] --> bofifagoma appeared
[ripobekalawo: 28.11.2021, 21:04:35] --> 8Lg7TR appeared
[ripobekalawo: 28.11.2021, 21:05:32] --> bofifagoma appeared
[ripobekalawo: 28.11.2021, 21:05:42] --> Character leveled up to level 26
[ripobekalawo: 28.11.2021, 21:05:50] --> bofifagoma appeared
[ripobekalawo: 28.11.2021, 21:06:18] --> bofifagoma appeared
[ripobekalawo: 28.11.2021, 21:09:01] --> Character leveled up to level 27
[ripobekalawo: 28.11.2021, 21:11:14] --> 3mourning89 appeared
[ripobekalawo: 28.11.2021, 21:11:17] --> 8Lg7TR appeared
[ripobekalawo: 28.11.2021, 21:12:27] --> Character leveled up to level 28
[ripobekalawo: 28.11.2021, 21:12:45] --> 8Lg7TR appeared
[ripobekalawo: 28.11.2021, 21:13:17] --> vizemekaredo appeared
[ripobekalawo: 28.11.2021, 21:14:16] --> vizemekaredo appeared
[ripobekalawo: 28.11.2021, 21:14:42] --> 8Lg7TR appeared
[ripobekalawo: 28.11.2021, 21:14:45] --> vizemekaredo appeared
[ripobekalawo: 28.11.2021, 21:15:06] --> Character leveled up to level 29
[ripobekalawo: 28.11.2021, 21:15:13] --> vizemekaredo appeared
[ripobekalawo: 28.11.2021, 21:15:42] --> vizemekaredo appeared
[ripobekalawo: 28.11.2021, 21:16:05] --> vizemekaredo appeared
[ripobekalawo: 28.11.2021, 21:17:52] --> 3mourning89 appeared
[ripobekalawo: 28.11.2021, 21:18:27] --> bilelarefi appeared
[ripobekalawo: 28.11.2021, 21:18:44] --> Character leveled up to level 30
[ripobekalawo: 28.11.2021, 21:19:53] --> biwufigogam appeared
[ripobekalawo: 28.11.2021, 21:20:20] --> 3mourning89 appeared
[ripobekalawo: 28.11.2021, 21:21:18] --> 3mourning89 appeared
[ripobekalawo: 28.11.2021, 21:22:04] --> Character leveled up to level 31
[ripobekalawo: 28.11.2021, 21:22:06] --> Bot terminated: Character reached level 31
[kevigemacu:   28.11.2021, 21:23:28] --> Bot successfully started
[kevigemacu:   28.11.2021, 21:23:28] --> Bazemi appeared
[kevigemacu:   28.11.2021, 21:23:28] --> Setting '1' loaded because of active level settings
[kevigemacu:   28.11.2021, 21:23:35] --> Character went to saleswoman
[kevigemacu:   28.11.2021, 21:23:38] --> Character was kicked from the bot, reason: Character was walking
[kevigemacu:   28.11.2021, 21:24:10] --> Character was kicked from the bot, reason: Character was walking
[kevigemacu:   28.11.2021, 21:24:23] --> Character leveled up to level 3
[kevigemacu:   28.11.2021, 21:24:24] --> Character leveled up to level 6
[kevigemacu:   28.11.2021, 21:24:25] --> Character leveled up to level 7
[kevigemacu:   28.11.2021, 21:24:26] --> Character leveled up to level 8
[kevigemacu:   28.11.2021, 21:24:31] --> kururudati appeared
[kevigemacu:   28.11.2021, 21:24:37] --> Character leveled up to level 9
[kevigemacu:   28.11.2021, 21:24:41] --> Character leveled up to level 10
[kevigemacu:   28.11.2021, 21:24:55] --> Character leveled up to level 11
[kevigemacu:   28.11.2021, 21:24:56] --> kururudati appeared
[kevigemacu:   28.11.2021, 21:25:24] --> kururudati appeared
[kevigemacu:   28.11.2021, 21:25:34] --> Character leveled up to level 12
[kevigemacu:   28.11.2021, 21:25:48] --> Character leveled up to level 13
[kevigemacu:   28.11.2021, 21:26:29] --> Character leveled up to level 14
[kevigemacu:   28.11.2021, 21:26:50] --> Character leveled up to level 15
[kevigemacu:   28.11.2021, 21:26:50] --> Setting '2' loaded because of active level settings
[kevigemacu:   28.11.2021, 21:27:04] --> Character was kicked from the bot, reason: Character was walking
[kevigemacu:   28.11.2021, 21:27:29] --> Character was kicked from the bot, reason: Character was walking
[kevigemacu:   28.11.2021, 21:27:33] --> biwufigogam appeared
[kevigemacu:   28.11.2021, 21:28:17] --> Character got kick
[kevigemacu:   28.11.2021, 21:28:37] --> Character leveled up to level 16
[kevigemacu:   28.11.2021, 21:29:00] --> Character leveled up to level 17
[kevigemacu:   28.11.2021, 21:29:15] --> Character got kick
[kevigemacu:   28.11.2021, 21:29:33] --> Character got kick
[kevigemacu:   28.11.2021, 21:30:06] --> 8Lg7TR appeared
[kevigemacu:   28.11.2021, 21:30:26] --> 3mourning89 appeared
[kevigemacu:   28.11.2021, 21:30:35] --> 8Lg7TR appeared
[kevigemacu:   28.11.2021, 21:30:43] --> Character leveled up to level 18
[kevigemacu:   28.11.2021, 21:30:55] --> 3mourning89 appeared
[kevigemacu:   28.11.2021, 21:31:08] --> Character leveled up to level 19
[kevigemacu:   28.11.2021, 21:31:52] --> 3mourning89 appeared
[kevigemacu:   28.11.2021, 21:32:11] --> Character leveled up to level 20
[kevigemacu:   28.11.2021, 21:33:18] --> sogefonowac appeared
[kevigemacu:   28.11.2021, 21:33:48] --> datufevoli appeared
[kevigemacu:   28.11.2021, 21:33:51] --> 8Lg7TR appeared
[kevigemacu:   28.11.2021, 21:33:52] --> Character leveled up to level 21
[kevigemacu:   28.11.2021, 21:35:48] --> Character leveled up to level 22
[kevigemacu:   28.11.2021, 21:39:47] --> Character got kick
[kevigemacu:   28.11.2021, 21:39:59] --> 8Lg7TR appeared
[kevigemacu:   28.11.2021, 21:40:39] --> 8Lg7TR appeared
[kevigemacu:   28.11.2021, 21:40:57] --> Character leveled up to level 23
[kevigemacu:   28.11.2021, 21:41:06] --> kalucacowi appeared
[kevigemacu:   28.11.2021, 21:42:33] --> Character leveled up to level 24
[kevigemacu:   28.11.2021, 21:44:27] --> Character leveled up to level 25
[kevigemacu:   28.11.2021, 21:46:15] --> Character leveled up to level 26
[kevigemacu:   28.11.2021, 21:46:42] --> 3mourning89 appeared
[kevigemacu:   28.11.2021, 21:47:54] --> Character leveled up to level 27
[kevigemacu:   28.11.2021, 21:48:37] --> 3mourning89 appeared
[kevigemacu:   28.11.2021, 21:49:05] --> 3mourning89 appeared
[kevigemacu:   28.11.2021, 21:49:33] --> 3mourning89 appeared
[kevigemacu:   28.11.2021, 21:50:59] --> Character leveled up to level 28
[kevigemacu:   28.11.2021, 21:51:34] --> kalucacowi appeared
[kevigemacu:   28.11.2021, 21:54:18] --> Character leveled up to level 29
[kevigemacu:   28.11.2021, 21:54:57] --> 8Lg7TR appeared
[kevigemacu:   28.11.2021, 21:55:56] --> kalucacowi appeared
[kevigemacu:   28.11.2021, 21:56:18] --> 3mourning89 appeared
[kevigemacu:   28.11.2021, 21:56:46] --> 3mourning89 appeared
[kevigemacu:   28.11.2021, 21:57:19] --> Character leveled up to level 30
[kevigemacu:   28.11.2021, 21:57:24] --> 8Lg7TR appeared
[kevigemacu:   28.11.2021, 21:58:18] --> 8Lg7TR appeared
[kevigemacu:   28.11.2021, 21:58:53] --> 8Lg7TR appeared
[kevigemacu:   28.11.2021, 21:59:13] --> datufevoli appeared
[kevigemacu:   28.11.2021, 21:59:40] --> 3mourning89 appeared
[kevigemacu:   28.11.2021, 22:00:29] --> Character leveled up to level 31
[kevigemacu:   28.11.2021, 22:00:30] --> Bot terminated: Character reached level 31
[copohimatovo: 28.11.2021, 22:01:53] --> Bot successfully started
[copohimatovo: 28.11.2021, 22:01:54] --> Masterfully appeared
[copohimatovo: 28.11.2021, 22:01:54] --> Setting '1' loaded because of active level settings
[copohimatovo: 28.11.2021, 22:02:00] --> Character went to saleswoman
[copohimatovo: 28.11.2021, 22:02:03] --> Character was kicked from the bot, reason: Character was walking
[copohimatovo: 28.11.2021, 22:02:36] --> Character was kicked from the bot, reason: Character was walking
[copohimatovo: 28.11.2021, 22:02:48] --> zolekasawef appeared
[copohimatovo: 28.11.2021, 22:02:48] --> Character leveled up to level 4
[copohimatovo: 28.11.2021, 22:02:49] --> Character leveled up to level 7
[copohimatovo: 28.11.2021, 22:02:50] --> Character leveled up to level 8
[copohimatovo: 28.11.2021, 22:02:51] --> Character leveled up to level 9
[copohimatovo: 28.11.2021, 22:03:03] --> Character leveled up to level 10
[copohimatovo: 28.11.2021, 22:03:30] --> Character leveled up to level 11
[copohimatovo: 28.11.2021, 22:03:37] --> Character leveled up to level 12
[copohimatovo: 28.11.2021, 22:03:42] --> Character leveled up to level 13
[copohimatovo: 28.11.2021, 22:03:45] --> Character leveled up to level 14
[copohimatovo: 28.11.2021, 22:03:46] --> piwakakaka appeared
[copohimatovo: 28.11.2021, 22:04:12] --> piwakakaka appeared
[copohimatovo: 28.11.2021, 22:04:29] --> Character leveled up to level 15
[copohimatovo: 28.11.2021, 22:04:29] --> Setting '2' loaded because of active level settings
[copohimatovo: 28.11.2021, 22:04:33] --> Character was kicked from the bot, reason: Character was walking
[copohimatovo: 28.11.2021, 22:04:42] --> Character was kicked from the bot, reason: Character was walking
[copohimatovo: 28.11.2021, 22:04:56] --> cusirikubu appeared
[copohimatovo: 28.11.2021, 22:05:08] --> Character was kicked from the bot, reason: Character was walking
[copohimatovo: 28.11.2021, 22:05:12] --> 3mourning89 appeared
[copohimatovo: 28.11.2021, 22:05:58] --> Character leveled up to level 16
[copohimatovo: 28.11.2021, 22:06:19] --> Character leveled up to level 17
[copohimatovo: 28.11.2021, 22:06:45] --> Character leveled up to level 18
[copohimatovo: 28.11.2021, 22:07:18] --> Character leveled up to level 19
[copohimatovo: 28.11.2021, 22:07:59] --> Character leveled up to level 20
[copohimatovo: 28.11.2021, 22:09:14] --> Character leveled up to level 21
[copohimatovo: 28.11.2021, 22:10:39] --> Character leveled up to level 22
[copohimatovo: 28.11.2021, 22:12:34] --> Character leveled up to level 23
[copohimatovo: 28.11.2021, 22:12:56] --> kururogumuk appeared
[copohimatovo: 28.11.2021, 22:14:31] --> Character leveled up to level 24
[copohimatovo: 28.11.2021, 22:15:49] --> kururogumuk appeared
[copohimatovo: 28.11.2021, 22:16:35] --> Character leveled up to level 25
[copohimatovo: 28.11.2021, 22:18:44] --> Character leveled up to level 26
[copohimatovo: 28.11.2021, 22:21:12] --> Character leveled up to level 27
[copohimatovo: 28.11.2021, 22:23:55] --> kururogumuk appeared
[copohimatovo: 28.11.2021, 22:23:58] --> Character leveled up to level 28
[copohimatovo: 28.11.2021, 22:26:23] --> Character leveled up to level 29
[copohimatovo: 28.11.2021, 22:29:00] --> Character leveled up to level 30
[copohimatovo: 28.11.2021, 22:32:07] --> Character leveled up to level 31
[copohimatovo: 28.11.2021, 22:32:09] --> Bot terminated: Character reached level 31
[copohimatovo: 28.11.2021, 22:34:09] --> Bot successfully started
[copohimatovo: 28.11.2021, 22:34:09] --> kururogumuk appeared
[copohimatovo: 28.11.2021, 22:34:19] --> Setting '2' loaded because of active level settings
[copohimatovo: 28.11.2021, 22:34:22] --> Bot terminated: Character reached level 31
[kanefacihok:  28.11.2021, 22:35:26] --> Bot successfully started
[kanefacihok:  28.11.2021, 22:35:26] --> xXBuffy appeared
[kanefacihok:  28.11.2021, 22:35:26] --> Setting '1' loaded because of active level settings
[kanefacihok:  28.11.2021, 22:35:32] --> Character went to saleswoman
[kanefacihok:  28.11.2021, 22:35:35] --> Character was kicked from the bot, reason: Character was walking
[kanefacihok:  28.11.2021, 22:36:08] --> Character was kicked from the bot, reason: Character was walking
[kanefacihok:  28.11.2021, 22:36:16] --> piwakakaka appeared
[kanefacihok:  28.11.2021, 22:36:21] --> Character leveled up to level 2
[kanefacihok:  28.11.2021, 22:36:22] --> Character leveled up to level 3
[kanefacihok:  28.11.2021, 22:36:23] --> Character leveled up to level 4
[kanefacihok:  28.11.2021, 22:36:39] --> Character leveled up to level 5
[kanefacihok:  28.11.2021, 22:36:40] --> Character leveled up to level 6
[kanefacihok:  28.11.2021, 22:36:44] --> Character leveled up to level 7
[kanefacihok:  28.11.2021, 22:36:47] --> Character leveled up to level 8
[kanefacihok:  28.11.2021, 22:36:57] --> Character leveled up to level 9
[kanefacihok:  28.11.2021, 22:36:59] --> Character leveled up to level 10
[kanefacihok:  28.11.2021, 22:37:36] --> Character leveled up to level 11
[kanefacihok:  28.11.2021, 22:37:55] --> Character leveled up to level 12
[kanefacihok:  28.11.2021, 22:38:11] --> kerikonoredo appeared
[kanefacihok:  28.11.2021, 22:38:44] --> Character got kick
[kanefacihok:  28.11.2021, 22:38:53] --> piwakakaka appeared
[kanefacihok:  28.11.2021, 22:39:05] --> Character got kick
[kanefacihok:  28.11.2021, 22:39:31] --> Character leveled up to level 13
[kanefacihok:  28.11.2021, 22:39:55] --> Character got kick
[kanefacihok:  28.11.2021, 22:40:15] --> Character leveled up to level 14
[kanefacihok:  28.11.2021, 22:40:40] --> Character leveled up to level 15
[kanefacihok:  28.11.2021, 22:40:41] --> Setting '2' loaded because of active level settings
[kanefacihok:  28.11.2021, 22:40:44] --> Character was kicked from the bot, reason: Character was walking
[kanefacihok:  28.11.2021, 22:40:54] --> Character was kicked from the bot, reason: Character was walking
[kanefacihok:  28.11.2021, 22:41:18] --> Character was kicked from the bot, reason: Character was walking
[kanefacihok:  28.11.2021, 22:41:23] --> 3mourning89 appeared
[kanefacihok:  28.11.2021, 22:41:34] --> 8Lg7TR appeared
[kanefacihok:  28.11.2021, 22:41:51] --> 8Lg7TR appeared
[kanefacihok:  28.11.2021, 22:42:01] --> 8Lg7TR appeared
[kanefacihok:  28.11.2021, 22:42:21] --> Character leveled up to level 16
[kanefacihok:  28.11.2021, 22:43:16] --> Character leveled up to level 17
[kanefacihok:  28.11.2021, 22:43:27] --> 8Lg7TR appeared
[kanefacihok:  28.11.2021, 22:43:51] --> 3mourning89 appeared
[kanefacihok:  28.11.2021, 22:44:17] --> 3mourning89 appeared
[kanefacihok:  28.11.2021, 22:48:11] --> Character got kick
[kanefacihok:  28.11.2021, 22:48:20] --> Character died
[kanefacihok:  28.11.2021, 22:49:25] --> Character leveled up to level 18
[kanefacihok:  28.11.2021, 22:49:25] --> Character died
[kanefacihok:  28.11.2021, 22:50:11] --> Character died
[kanefacihok:  28.11.2021, 22:50:20] --> 8Lg7TR appeared
[kanefacihok:  28.11.2021, 22:50:40] --> 3mourning89 appeared
[kanefacihok:  28.11.2021, 22:51:12] --> 8Lg7TR appeared
[kanefacihok:  28.11.2021, 22:51:26] --> Character leveled up to level 19
[kanefacihok:  28.11.2021, 22:51:30] --> 8Lg7TR appeared
[kanefacihok:  28.11.2021, 22:51:41] --> 8Lg7TR appeared
[kanefacihok:  28.11.2021, 22:51:55] --> Character leveled up to level 20
[kanefacihok:  28.11.2021, 22:53:55] --> Bot successfully started
[kanefacihok:  28.11.2021, 22:53:56] --> 8Lg7TR appeared
[kanefacihok:  28.11.2021, 22:53:56] --> Setting '2' loaded because of active level settings
[kanefacihok:  28.11.2021, 22:54:14] --> 8Lg7TR appeared
[kanefacihok:  28.11.2021, 22:54:40] --> Character leveled up to level 21
[kanefacihok:  28.11.2021, 22:54:49] --> zorogugogip appeared
[kanefacihok:  28.11.2021, 22:55:03] --> Character got kick
[kanefacihok:  28.11.2021, 22:55:17] --> cotazokafato appeared
[kanefacihok:  28.11.2021, 22:55:29] --> zorogugogip appeared
[kanefacihok:  28.11.2021, 22:56:32] --> wifezuzihib appeared
[kanefacihok:  28.11.2021, 22:56:34] --> Character died
[kanefacihok:  28.11.2021, 22:56:39] --> sogefonowac appeared
[kanefacihok:  28.11.2021, 22:56:57] --> Character died
[kanefacihok:  28.11.2021, 22:57:26] --> Character leveled up to level 22
[kanefacihok:  28.11.2021, 22:58:31] --> ravewubapik appeared
[kanefacihok:  28.11.2021, 22:58:42] --> Character leveled up to level 23
[kanefacihok:  28.11.2021, 22:59:01] --> ravewubapik appeared
[kanefacihok:  28.11.2021, 22:59:29] --> ravewubapik appeared
[kanefacihok:  28.11.2021, 23:00:18] --> Character leveled up to level 24
[kanefacihok:  28.11.2021, 23:00:20] --> 3mourning89 appeared
[kanefacihok:  28.11.2021, 23:01:51] --> Character leveled up to level 25
[kanefacihok:  28.11.2021, 23:03:20] --> Character got kick
[kanefacihok:  28.11.2021, 23:03:37] --> zorogugogip appeared
[kanefacihok:  28.11.2021, 23:04:05] --> zorogugogip appeared
[kanefacihok:  28.11.2021, 23:05:22] --> Character got kick
[kanefacihok:  28.11.2021, 23:05:29] --> Character died
[kanefacihok:  28.11.2021, 23:05:40] --> Character died
[kanefacihok:  28.11.2021, 23:05:42] --> Character got kick
[kanefacihok:  28.11.2021, 23:06:27] --> Character died
[kanefacihok:  28.11.2021, 23:06:34] --> Character got kick
[kanefacihok:  28.11.2021, 23:06:42] --> wifezuzihib appeared
[kanefacihok:  28.11.2021, 23:06:50] --> zozihekomaso appeared
[kanefacihok:  28.11.2021, 23:06:55] --> zorogugogip appeared
[kanefacihok:  28.11.2021, 23:07:10] --> Character leveled up to level 26
[kanefacihok:  28.11.2021, 23:07:21] --> 3mourning89 appeared
[kanefacihok:  28.11.2021, 23:07:49] --> zorogugogip appeared
[kanefacihok:  28.11.2021, 23:08:15] --> wifezuzihib appeared
[kanefacihok:  28.11.2021, 23:08:50] --> 8Lg7TR appeared
[kanefacihok:  28.11.2021, 23:09:06] --> 3mourning89 appeared
[kanefacihok:  28.11.2021, 23:09:14] --> Character leveled up to level 27
[kanefacihok:  28.11.2021, 23:09:14] --> zozihekomaso appeared
[kanefacihok:  28.11.2021, 23:11:37] --> 8Lg7TR appeared
[kanefacihok:  28.11.2021, 23:11:52] --> Character leveled up to level 28
[kanefacihok:  28.11.2021, 23:12:00] --> 3mourning89 appeared
[kanefacihok:  28.11.2021, 23:12:56] --> 3mourning89 appeared
[kanefacihok:  28.11.2021, 23:14:28] --> 8Lg7TR appeared
[kanefacihok:  28.11.2021, 23:15:45] --> Character leveled up to level 29
[kanefacihok:  28.11.2021, 23:18:44] --> 3mourning89 appeared
[kanefacihok:  28.11.2021, 23:19:46] --> ravewubapik appeared
[kanefacihok:  28.11.2021, 23:19:57] --> Character leveled up to level 30
[kanefacihok:  28.11.2021, 23:20:12] --> 3mourning89 appeared
[kanefacihok:  28.11.2021, 23:20:52] --> zorogugogip appeared
[kanefacihok:  28.11.2021, 23:21:13] --> wifezuzihib appeared
[kanefacihok:  28.11.2021, 23:21:21] --> zorogugogip appeared
[kanefacihok:  28.11.2021, 23:22:35] --> datufevoli appeared
[kanefacihok:  28.11.2021, 23:22:37] --> Character leveled up to level 31
[kanefacihok:  28.11.2021, 23:22:38] --> Bot terminated: Character reached level 31
[solurekape:   28.11.2021, 23:23:52] --> Bot successfully started
[solurekape:   28.11.2021, 23:23:52] --> zuvizakura appeared
[solurekape:   28.11.2021, 23:23:52] --> Setting '1' loaded because of active level settings
[solurekape:   28.11.2021, 23:23:59] --> Character went to saleswoman
[solurekape:   28.11.2021, 23:24:02] --> Character was kicked from the bot, reason: Character was walking
[solurekape:   28.11.2021, 23:24:34] --> Character was kicked from the bot, reason: Character was walking
[solurekape:   28.11.2021, 23:24:47] --> Character leveled up to level 4
[solurekape:   28.11.2021, 23:24:54] --> Character leveled up to level 5
[solurekape:   28.11.2021, 23:25:05] --> Character leveled up to level 6
[solurekape:   28.11.2021, 23:25:40] --> Character leveled up to level 7
[solurekape:   28.11.2021, 23:25:44] --> Character leveled up to level 8
[solurekape:   28.11.2021, 23:25:55] --> Character leveled up to level 9
[solurekape:   28.11.2021, 23:26:35] --> Character leveled up to level 10
[solurekape:   28.11.2021, 23:26:51] --> Character leveled up to level 11
[solurekape:   28.11.2021, 23:27:39] --> Character leveled up to level 12
[solurekape:   28.11.2021, 23:27:45] --> Character leveled up to level 13
[solurekape:   28.11.2021, 23:28:36] --> Character leveled up to level 14
[solurekape:   28.11.2021, 23:28:43] --> Character leveled up to level 15
[solurekape:   28.11.2021, 23:28:43] --> Setting '2' loaded because of active level settings
[solurekape:   28.11.2021, 23:28:47] --> Character was kicked from the bot, reason: Character was walking
[solurekape:   28.11.2021, 23:28:57] --> Character was kicked from the bot, reason: Character was walking
[solurekape:   28.11.2021, 23:29:02] --> zegirepefi appeared
[solurekape:   28.11.2021, 23:29:19] --> zegirepefi appeared
[solurekape:   28.11.2021, 23:29:22] --> Character was kicked from the bot, reason: Character was walking
[solurekape:   28.11.2021, 23:30:06] --> sapomahakeb appeared
[solurekape:   28.11.2021, 23:30:22] --> Character leveled up to level 16
[solurekape:   28.11.2021, 23:30:57] --> datufevoli appeared
[solurekape:   28.11.2021, 23:31:07] --> Character leveled up to level 17
[solurekape:   28.11.2021, 23:31:36] --> sapomahakeb appeared
[solurekape:   28.11.2021, 23:31:54] --> 3mourning89 appeared
[solurekape:   28.11.2021, 23:31:57] --> Character leveled up to level 18
[solurekape:   28.11.2021, 23:32:05] --> sapomahakeb appeared
[solurekape:   28.11.2021, 23:32:29] --> Character leveled up to level 19
[solurekape:   28.11.2021, 23:33:13] --> Character leveled up to level 20
[solurekape:   28.11.2021, 23:33:22] --> 3mourning89 appeared
[solurekape:   28.11.2021, 23:33:30] --> kohevarubune appeared
[solurekape:   28.11.2021, 23:33:53] --> 3mourning89 appeared
[solurekape:   28.11.2021, 23:34:00] --> 3mourning89 appeared
[solurekape:   28.11.2021, 23:34:00] --> Character leveled up to level 21
[solurekape:   28.11.2021, 23:34:47] --> Character leveled up to level 22
[solurekape:   28.11.2021, 23:35:04] --> wifezuzihib appeared
[solurekape:   28.11.2021, 23:35:29] --> starwhite appeared
[solurekape:   28.11.2021, 23:35:33] --> wifezuzihib appeared
[solurekape:   28.11.2021, 23:35:37] --> Character leveled up to level 23
[solurekape:   28.11.2021, 23:36:49] --> Character leveled up to level 24
[solurekape:   28.11.2021, 23:38:13] --> tewikapilo appeared
[solurekape:   28.11.2021, 23:38:14] --> Character leveled up to level 25
[solurekape:   28.11.2021, 23:39:37] --> datufevoli appeared
[solurekape:   28.11.2021, 23:40:40] --> Character leveled up to level 26
[solurekape:   28.11.2021, 23:41:06] --> tewikapilo appeared
[solurekape:   28.11.2021, 23:43:03] --> Character leveled up to level 27
[solurekape:   28.11.2021, 23:44:27] --> tewikapilo appeared
[solurekape:   28.11.2021, 23:44:54] --> 3mourning89 appeared
[solurekape:   28.11.2021, 23:45:01] --> Character leveled up to level 28
[solurekape:   28.11.2021, 23:45:06] --> tewikapilo appeared
[solurekape:   28.11.2021, 23:45:50] --> datufevoli appeared
[solurekape:   28.11.2021, 23:46:05] --> tewikapilo appeared
[solurekape:   28.11.2021, 23:46:32] --> wifezuzihib appeared
[solurekape:   28.11.2021, 23:47:01] --> Character leveled up to level 29
[solurekape:   28.11.2021, 23:47:20] --> tewikapilo appeared
[solurekape:   28.11.2021, 23:49:46] --> Character leveled up to level 30
[solurekape:   28.11.2021, 23:53:55] --> Bot successfully started
[solurekape:   28.11.2021, 23:53:55] --> Setting '2' loaded because of active level settings
[solurekape:   28.11.2021, 23:53:55] --> sapomahakeb appeared
[solurekape:   28.11.2021, 23:55:31] --> Character leveled up to level 31
[solurekape:   28.11.2021, 23:55:33] --> Bot terminated: Character reached level 31
