[vizaleporozu: 28.11.2021, 19:47:40] --> Bot successfully started
[vizaleporozu: 28.11.2021, 19:47:40] --> begukapabe appeared
[vizaleporozu: 28.11.2021, 20:03:59] --> Changing into CH9
[vizaleporozu: 28.11.2021, 20:04:42] --> Character was kicked from the bot, reason: Changing character
[vizaleporozu: 28.11.2021, 20:06:39] --> Character was kicked from the bot, reason: Changing character
[zuneralowik:  28.11.2021, 20:08:38] --> Character was kicked from the bot, reason: Changing character
[cagekepaka:   28.11.2021, 20:10:41] --> Character was kicked from the bot, reason: Changing character
[rirokazekih:  28.11.2021, 20:14:03] --> Character was kicked from the bot, reason: Changing character
[vizaleporozu: 28.11.2021, 20:38:43] --> Bot successfully started
[vizaleporozu: 28.11.2021, 20:38:43] --> Setting '1' loaded because of active level settings
[vizaleporozu: 28.11.2021, 20:38:43] --> Maynard appeared
[vizaleporozu: 28.11.2021, 20:38:50] --> Character went to saleswoman
[vizaleporozu: 28.11.2021, 20:38:53] --> Character was kicked from the bot, reason: Character was walking
[vizaleporozu: 28.11.2021, 20:39:24] --> Character was kicked from the bot, reason: Character was walking
[vizaleporozu: 28.11.2021, 20:39:36] --> Character leveled up to level 2
[vizaleporozu: 28.11.2021, 20:39:37] --> Character leveled up to level 4
[vizaleporozu: 28.11.2021, 20:39:38] --> Character leveled up to level 6
[vizaleporozu: 28.11.2021, 20:39:39] --> Character leveled up to level 7
[vizaleporozu: 28.11.2021, 20:39:40] --> Character leveled up to level 8
[vizaleporozu: 28.11.2021, 20:39:42] --> Character leveled up to level 9
[vizaleporozu: 28.11.2021, 20:39:45] --> Character leveled up to level 10
[vizaleporozu: 28.11.2021, 20:39:45] --> Character leveled up to level 11
[vizaleporozu: 28.11.2021, 20:39:47] --> kerenanemus appeared
[vizaleporozu: 28.11.2021, 20:39:47] --> Character leveled up to level 12
[vizaleporozu: 28.11.2021, 20:39:52] --> Character leveled up to level 13
[vizaleporozu: 28.11.2021, 20:40:06] --> kerenanemus appeared
[vizaleporozu: 28.11.2021, 20:40:12] --> Character leveled up to level 14
[vizaleporozu: 28.11.2021, 20:40:33] --> kerenanemus appeared
[vizaleporozu: 28.11.2021, 20:40:39] --> Character leveled up to level 15
[vizaleporozu: 28.11.2021, 20:40:40] --> Setting '2' loaded because of active level settings
[vizaleporozu: 28.11.2021, 20:40:40] --> fibipabali appeared
[vizaleporozu: 28.11.2021, 20:40:52] --> Character was kicked from the bot, reason: Character was walking
[vizaleporozu: 28.11.2021, 20:41:03] --> zecaguponez appeared
[vizaleporozu: 28.11.2021, 20:41:18] --> Character was kicked from the bot, reason: Character was walking
[vizaleporozu: 28.11.2021, 20:41:21] --> berikevivod appeared
[vizaleporozu: 28.11.2021, 20:41:33] --> gonepotulob appeared
[vizaleporozu: 28.11.2021, 20:42:07] --> basugiluzov appeared
[vizaleporozu: 28.11.2021, 20:42:22] --> Character leveled up to level 16
[vizaleporozu: 28.11.2021, 20:43:18] --> Character leveled up to level 17
[vizaleporozu: 28.11.2021, 20:43:29] --> basugiluzov appeared
[vizaleporozu: 28.11.2021, 20:43:53] --> Character leveled up to level 18
[vizaleporozu: 28.11.2021, 20:44:54] --> Character leveled up to level 19
[vizaleporozu: 28.11.2021, 20:45:17] --> pagabelamub appeared
[vizaleporozu: 28.11.2021, 20:46:16] --> pafodivonifu appeared
[vizaleporozu: 28.11.2021, 20:46:26] --> Character leveled up to level 20
[vizaleporozu: 28.11.2021, 20:47:55] --> Character leveled up to level 21
[vizaleporozu: 28.11.2021, 20:48:56] --> Character leveled up to level 22
[vizaleporozu: 28.11.2021, 20:51:18] --> Character got kick
[vizaleporozu: 28.11.2021, 20:52:56] --> Character leveled up to level 23
[vizaleporozu: 28.11.2021, 20:54:18] --> pafodivonifu appeared
[vizaleporozu: 28.11.2021, 20:54:25] --> Character leveled up to level 24
[vizaleporozu: 28.11.2021, 20:55:34] --> Character got kick
[vizaleporozu: 28.11.2021, 20:55:42] --> yAYy6B appeared
[vizaleporozu: 28.11.2021, 20:55:53] --> durunepiper appeared
[vizaleporozu: 28.11.2021, 20:55:55] --> Character got kick
[vizaleporozu: 28.11.2021, 20:55:55] --> Character got kick
[vizaleporozu: 28.11.2021, 21:00:02] --> Bot successfully started
[vizaleporozu: 28.11.2021, 21:00:02] --> pafodivonifu appeared
[vizaleporozu: 28.11.2021, 21:00:02] --> Setting '2' loaded because of active level settings
[vizaleporozu: 28.11.2021, 21:01:34] --> Character leveled up to level 25
[vizaleporozu: 28.11.2021, 21:03:35] --> Character leveled up to level 26
[vizaleporozu: 28.11.2021, 21:04:05] --> pafodivonifu appeared
[vizaleporozu: 28.11.2021, 21:05:59] --> pafodivonifu appeared
[vizaleporozu: 28.11.2021, 21:06:50] --> Character leveled up to level 27
[vizaleporozu: 28.11.2021, 21:11:16] --> Character leveled up to level 28
[vizaleporozu: 28.11.2021, 21:13:47] --> burupokuki appeared
[vizaleporozu: 28.11.2021, 21:15:07] --> burupokuki appeared
[vizaleporozu: 28.11.2021, 21:15:18] --> Character leveled up to level 29
[vizaleporozu: 28.11.2021, 21:19:03] --> Character leveled up to level 30
[vizaleporozu: 28.11.2021, 21:19:04] --> pafodivonifu appeared
[vizaleporozu: 28.11.2021, 21:22:21] --> 0attended07 appeared
[vizaleporozu: 28.11.2021, 21:22:28] --> cufozuzadol appeared
[vizaleporozu: 28.11.2021, 21:23:19] --> 0attended07 appeared
[vizaleporozu: 28.11.2021, 21:23:21] --> Character leveled up to level 31
[vizaleporozu: 28.11.2021, 21:23:23] --> Bot terminated: Character reached level 31
[vizaleporozu: 28.11.2021, 21:26:12] --> Bot successfully started
[vizaleporozu: 28.11.2021, 21:26:12] --> yAYy6B appeared
[vizaleporozu: 28.11.2021, 21:26:22] --> Setting '2' loaded because of active level settings
[vizaleporozu: 28.11.2021, 21:26:25] --> Bot terminated: Character reached level 31
[zuneralowik:  28.11.2021, 21:27:26] --> Bot successfully started
[zuneralowik:  28.11.2021, 21:27:27] --> Setting '1' loaded because of active level settings
[zuneralowik:  28.11.2021, 21:27:33] --> Character went to saleswoman
[zuneralowik:  28.11.2021, 21:27:37] --> Character was kicked from the bot, reason: Character was walking
[zuneralowik:  28.11.2021, 21:27:42] --> DrJijayDoMed appeared
[zuneralowik:  28.11.2021, 21:28:08] --> Character was kicked from the bot, reason: Character was walking
[zuneralowik:  28.11.2021, 21:28:27] --> Character leveled up to level 3
[zuneralowik:  28.11.2021, 21:28:28] --> Character leveled up to level 6
[zuneralowik:  28.11.2021, 21:28:29] --> Character leveled up to level 8
[zuneralowik:  28.11.2021, 21:28:31] --> Character leveled up to level 9
[zuneralowik:  28.11.2021, 21:28:35] --> Character leveled up to level 10
[zuneralowik:  28.11.2021, 21:28:38] --> Character leveled up to level 11
[zuneralowik:  28.11.2021, 21:28:39] --> Character leveled up to level 12
[zuneralowik:  28.11.2021, 21:28:41] --> Character leveled up to level 13
[zuneralowik:  28.11.2021, 21:28:54] --> Character leveled up to level 14
[zuneralowik:  28.11.2021, 21:29:13] --> Character got kick
[zuneralowik:  28.11.2021, 21:29:43] --> Character leveled up to level 15
[zuneralowik:  28.11.2021, 21:29:43] --> Setting '2' loaded because of active level settings
[zuneralowik:  28.11.2021, 21:29:56] --> Character was kicked from the bot, reason: Character was walking
[zuneralowik:  28.11.2021, 21:30:21] --> Character was kicked from the bot, reason: Character was walking
[zuneralowik:  28.11.2021, 21:30:25] --> burupokuki appeared
[zuneralowik:  28.11.2021, 21:31:34] --> Character leveled up to level 16
[zuneralowik:  28.11.2021, 21:32:27] --> Character leveled up to level 17
[zuneralowik:  28.11.2021, 21:33:30] --> Character leveled up to level 18
[zuneralowik:  28.11.2021, 21:34:14] --> Character leveled up to level 19
[zuneralowik:  28.11.2021, 21:35:28] --> Character leveled up to level 20
[zuneralowik:  28.11.2021, 21:39:15] --> Character got kick
[zuneralowik:  28.11.2021, 21:39:53] --> 0attended07 appeared
[zuneralowik:  28.11.2021, 21:39:59] --> Character leveled up to level 21
[zuneralowik:  28.11.2021, 21:42:00] --> Character leveled up to level 22
[zuneralowik:  28.11.2021, 21:44:02] --> Character leveled up to level 23
[zuneralowik:  28.11.2021, 21:46:07] --> Character leveled up to level 24
[zuneralowik:  28.11.2021, 21:47:57] --> Character leveled up to level 25
[zuneralowik:  28.11.2021, 21:50:55] --> Character leveled up to level 26
[zuneralowik:  28.11.2021, 21:53:33] --> Character leveled up to level 27
[zuneralowik:  28.11.2021, 21:54:13] --> 0attended07 appeared
[zuneralowik:  28.11.2021, 21:56:29] --> Character leveled up to level 28
[zuneralowik:  28.11.2021, 21:56:57] --> yAYy6B appeared
[zuneralowik:  28.11.2021, 21:57:24] --> yAYy6B appeared
[zuneralowik:  28.11.2021, 21:59:40] --> pamemozete appeared
[zuneralowik:  28.11.2021, 21:59:47] --> Character leveled up to level 29
[zuneralowik:  28.11.2021, 22:00:01] --> berikevivod appeared
[zuneralowik:  28.11.2021, 22:01:01] --> pamemozete appeared
[zuneralowik:  28.11.2021, 22:01:06] --> rofoturopo appeared
[zuneralowik:  28.11.2021, 22:03:11] --> Bot successfully started
[zuneralowik:  28.11.2021, 22:03:11] --> Setting '2' loaded because of active level settings
[zuneralowik:  28.11.2021, 22:03:11] --> lumobetifi appeared
[zuneralowik:  28.11.2021, 22:03:18] --> durunepiper appeared
[zuneralowik:  28.11.2021, 22:04:41] --> Character leveled up to level 30
[zuneralowik:  28.11.2021, 22:05:12] --> botofobezeg appeared
[zuneralowik:  28.11.2021, 22:08:07] --> lumobetifi appeared
[zuneralowik:  28.11.2021, 22:08:12] --> Character leveled up to level 31
[zuneralowik:  28.11.2021, 22:08:14] --> Bot terminated: Character reached level 31
[cagekepaka:   28.11.2021, 22:09:16] --> Bot successfully started
[cagekepaka:   28.11.2021, 22:09:16] --> Setting '1' loaded because of active level settings
[cagekepaka:   28.11.2021, 22:09:16] --> sorikagubez appeared
[cagekepaka:   28.11.2021, 22:09:23] --> Character went to saleswoman
[cagekepaka:   28.11.2021, 22:09:26] --> Character was kicked from the bot, reason: Character was walking
[cagekepaka:   28.11.2021, 22:09:57] --> Character was kicked from the bot, reason: Character was walking
[cagekepaka:   28.11.2021, 22:10:10] --> Character leveled up to level 2
[cagekepaka:   28.11.2021, 22:10:11] --> Character leveled up to level 5
[cagekepaka:   28.11.2021, 22:10:12] --> Character leveled up to level 7
[cagekepaka:   28.11.2021, 22:10:13] --> Character leveled up to level 8
[cagekepaka:   28.11.2021, 22:10:15] --> Character leveled up to level 9
[cagekepaka:   28.11.2021, 22:10:17] --> Character leveled up to level 10
[cagekepaka:   28.11.2021, 22:10:18] --> Character leveled up to level 11
[cagekepaka:   28.11.2021, 22:10:24] --> Character leveled up to level 12
[cagekepaka:   28.11.2021, 22:10:29] --> Character leveled up to level 13
[cagekepaka:   28.11.2021, 22:10:41] --> Character leveled up to level 14
[cagekepaka:   28.11.2021, 22:10:58] --> Character leveled up to level 15
[cagekepaka:   28.11.2021, 22:10:58] --> Setting '2' loaded because of active level settings
[cagekepaka:   28.11.2021, 22:11:06] --> ciwicekavaf appeared
[cagekepaka:   28.11.2021, 22:11:11] --> Character was kicked from the bot, reason: Character was walking
[cagekepaka:   28.11.2021, 22:11:36] --> Character was kicked from the bot, reason: Character was walking
[cagekepaka:   28.11.2021, 22:11:39] --> 0attended07 appeared
[cagekepaka:   28.11.2021, 22:12:20] --> Character leveled up to level 16
[cagekepaka:   28.11.2021, 22:12:47] --> yAYy6B appeared
[cagekepaka:   28.11.2021, 22:13:08] --> botofobezeg appeared
[cagekepaka:   28.11.2021, 22:13:21] --> Character leveled up to level 17
[cagekepaka:   28.11.2021, 22:13:44] --> Character got kick
[cagekepaka:   28.11.2021, 22:13:54] --> berikevivod appeared
[cagekepaka:   28.11.2021, 22:14:08] --> yAYy6B appeared
[cagekepaka:   28.11.2021, 22:14:43] --> Character leveled up to level 18
[cagekepaka:   28.11.2021, 22:15:56] --> Character leveled up to level 19
[cagekepaka:   28.11.2021, 22:16:53] --> Character leveled up to level 20
[cagekepaka:   28.11.2021, 22:17:53] --> lumobetifi appeared
[cagekepaka:   28.11.2021, 22:17:55] --> Character leveled up to level 21
[cagekepaka:   28.11.2021, 22:19:16] --> 0attended07 appeared
[cagekepaka:   28.11.2021, 22:19:19] --> Character leveled up to level 22
[cagekepaka:   28.11.2021, 22:20:56] --> Character leveled up to level 23
[cagekepaka:   28.11.2021, 22:21:15] --> lumobetifi appeared
[cagekepaka:   28.11.2021, 22:22:29] --> Character leveled up to level 24
[cagekepaka:   28.11.2021, 22:23:37] --> yAYy6B appeared
[cagekepaka:   28.11.2021, 22:24:35] --> Character leveled up to level 25
[cagekepaka:   28.11.2021, 22:24:36] --> botofobezeg appeared
[cagekepaka:   28.11.2021, 22:27:02] --> Character leveled up to level 26
[cagekepaka:   28.11.2021, 22:30:19] --> Character leveled up to level 27
[cagekepaka:   28.11.2021, 22:33:37] --> Character leveled up to level 28
[cagekepaka:   28.11.2021, 22:34:14] --> lumobetifi appeared
[cagekepaka:   28.11.2021, 22:35:11] --> 0attended07 appeared
[cagekepaka:   28.11.2021, 22:35:39] --> fipizupetok appeared
[cagekepaka:   28.11.2021, 22:36:53] --> Character leveled up to level 29
[cagekepaka:   28.11.2021, 22:38:39] --> 0attended07 appeared
[cagekepaka:   28.11.2021, 22:38:45] --> Character got kick
[cagekepaka:   28.11.2021, 22:39:10] --> Character got kick
[cagekepaka:   28.11.2021, 22:42:23] --> tugapakebik appeared
[cagekepaka:   28.11.2021, 22:42:43] --> Character leveled up to level 30
[cagekepaka:   28.11.2021, 22:50:17] --> Character got kick
[cagekepaka:   28.11.2021, 22:50:45] --> yAYy6B appeared
[cagekepaka:   28.11.2021, 22:51:20] --> hezunibora appeared
[cagekepaka:   28.11.2021, 22:52:20] --> Character leveled up to level 31
[cagekepaka:   28.11.2021, 22:52:22] --> Bot terminated: Character reached level 31
[rirokazekih:  28.11.2021, 22:53:23] --> Bot successfully started
[rirokazekih:  28.11.2021, 22:53:23] --> rulafofuci appeared
[rirokazekih:  28.11.2021, 22:53:24] --> Setting '1' loaded because of active level settings
[rirokazekih:  28.11.2021, 22:53:30] --> Character went to saleswoman
[rirokazekih:  28.11.2021, 22:53:33] --> Character was kicked from the bot, reason: Character was walking
[rirokazekih:  28.11.2021, 22:54:04] --> Character was kicked from the bot, reason: Character was walking
[rirokazekih:  28.11.2021, 22:54:09] --> vivezitipi appeared
[rirokazekih:  28.11.2021, 22:54:17] --> Character leveled up to level 2
[rirokazekih:  28.11.2021, 22:54:18] --> Character leveled up to level 3
[rirokazekih:  28.11.2021, 22:54:25] --> Character leveled up to level 4
[rirokazekih:  28.11.2021, 22:54:26] --> Character leveled up to level 6
[rirokazekih:  28.11.2021, 22:54:28] --> Character leveled up to level 7
[rirokazekih:  28.11.2021, 22:54:33] --> Character leveled up to level 8
[rirokazekih:  28.11.2021, 22:54:56] --> kibonigupiz appeared
[rirokazekih:  28.11.2021, 22:55:02] --> Character died
[rirokazekih:  28.11.2021, 22:55:03] --> Character got kick
[rirokazekih:  28.11.2021, 22:55:11] --> Character died
[rirokazekih:  28.11.2021, 22:55:19] --> Character leveled up to level 9
[rirokazekih:  28.11.2021, 22:55:20] --> Character leveled up to level 10
[rirokazekih:  28.11.2021, 22:55:23] --> Character leveled up to level 11
[rirokazekih:  28.11.2021, 22:55:28] --> vivezitipi appeared
[rirokazekih:  28.11.2021, 22:55:40] --> Character leveled up to level 12
[rirokazekih:  28.11.2021, 22:56:31] --> Character got kick
[rirokazekih:  28.11.2021, 22:56:39] --> kibonigupiz appeared
[rirokazekih:  28.11.2021, 22:56:39] --> Character died
[rirokazekih:  28.11.2021, 22:56:51] --> Character leveled up to level 13
[rirokazekih:  28.11.2021, 22:56:55] --> Character leveled up to level 14
[rirokazekih:  28.11.2021, 22:56:58] --> kibonigupiz appeared
[rirokazekih:  28.11.2021, 22:57:02] --> Character leveled up to level 15
[rirokazekih:  28.11.2021, 22:57:02] --> Setting '2' loaded because of active level settings
[rirokazekih:  28.11.2021, 22:57:15] --> Character was kicked from the bot, reason: Character was walking
[rirokazekih:  28.11.2021, 22:57:21] --> likaluvasifu appeared
[rirokazekih:  28.11.2021, 22:57:40] --> Character was kicked from the bot, reason: Character was walking
[rirokazekih:  28.11.2021, 22:57:44] --> durunepiper appeared
[rirokazekih:  28.11.2021, 22:59:16] --> Character leveled up to level 16
[rirokazekih:  28.11.2021, 22:59:42] --> Character leveled up to level 17
[rirokazekih:  28.11.2021, 23:00:12] --> gevopakatu appeared
[rirokazekih:  28.11.2021, 23:00:19] --> Character leveled up to level 18
[rirokazekih:  28.11.2021, 23:00:46] --> Character leveled up to level 19
[rirokazekih:  28.11.2021, 23:01:52] --> Character leveled up to level 20
[rirokazekih:  28.11.2021, 23:03:10] --> Character leveled up to level 21
[rirokazekih:  28.11.2021, 23:04:34] --> Character leveled up to level 22
[rirokazekih:  28.11.2021, 23:05:07] --> Character got kick
[rirokazekih:  28.11.2021, 23:07:05] --> hezunibora appeared
[rirokazekih:  28.11.2021, 23:07:30] --> 0attended07 appeared
[rirokazekih:  28.11.2021, 23:07:44] --> Character leveled up to level 23
[rirokazekih:  28.11.2021, 23:08:02] --> fipizupetok appeared
[rirokazekih:  28.11.2021, 23:08:08] --> hezunibora appeared
[rirokazekih:  28.11.2021, 23:08:56] --> 0attended07 appeared
[rirokazekih:  28.11.2021, 23:09:26] --> Character leveled up to level 24
[rirokazekih:  28.11.2021, 23:11:23] --> Character leveled up to level 25
[rirokazekih:  28.11.2021, 23:13:22] --> Character leveled up to level 26
[rirokazekih:  28.11.2021, 23:16:07] --> gevopakatu appeared
[rirokazekih:  28.11.2021, 23:16:09] --> Character leveled up to level 27
[rirokazekih:  28.11.2021, 23:16:35] --> fipizupetok appeared
[rirokazekih:  28.11.2021, 23:17:01] --> 0attended07 appeared
[rirokazekih:  28.11.2021, 23:17:34] --> gevopakatu appeared
[rirokazekih:  28.11.2021, 23:18:00] --> durunepiper appeared
[rirokazekih:  28.11.2021, 23:19:31] --> Character leveled up to level 28
[rirokazekih:  28.11.2021, 23:21:51] --> hezunibora appeared
[rirokazekih:  28.11.2021, 23:22:54] --> gevopakatu appeared
[rirokazekih:  28.11.2021, 23:23:53] --> Character leveled up to level 29
[rirokazekih:  28.11.2021, 23:24:20] --> zezokemewop appeared
[rirokazekih:  28.11.2021, 23:24:48] --> gevopakatu appeared
[rirokazekih:  28.11.2021, 23:26:42] --> zezokemewop appeared
[rirokazekih:  28.11.2021, 23:27:37] --> berikevivod appeared
[rirokazekih:  28.11.2021, 23:28:07] --> 0attended07 appeared
[rirokazekih:  28.11.2021, 23:29:00] --> Character leveled up to level 30
[rirokazekih:  28.11.2021, 23:29:09] --> gevopakatu appeared
[rirokazekih:  28.11.2021, 23:29:32] --> 0attended07 appeared
[rirokazekih:  28.11.2021, 23:31:06] --> hezunibora appeared
[rirokazekih:  28.11.2021, 23:32:01] --> fipizupetok appeared
[rirokazekih:  28.11.2021, 23:32:59] --> gevopakatu appeared
[rirokazekih:  28.11.2021, 23:33:29] --> gevopakatu appeared
[rirokazekih:  28.11.2021, 23:33:33] --> Character leveled up to level 31
[rirokazekih:  28.11.2021, 23:33:34] --> Bot terminated: Character reached level 31
[kuvefozewi:   28.11.2021, 23:34:31] --> Bot successfully started
[kuvefozewi:   28.11.2021, 23:34:31] --> Setting '1' loaded because of active level settings
[kuvefozewi:   28.11.2021, 23:34:35] --> lebofasoker appeared
[kuvefozewi:   28.11.2021, 23:34:38] --> Character went to saleswoman
[kuvefozewi:   28.11.2021, 23:34:41] --> Character was kicked from the bot, reason: Character was walking
[kuvefozewi:   28.11.2021, 23:34:46] --> lovezuwepu appeared
[kuvefozewi:   28.11.2021, 23:35:14] --> Character was kicked from the bot, reason: Character was walking
[kuvefozewi:   28.11.2021, 23:35:33] --> Character leveled up to level 2
[kuvefozewi:   28.11.2021, 23:35:33] --> Character leveled up to level 3
[kuvefozewi:   28.11.2021, 23:35:34] --> Character leveled up to level 5
[kuvefozewi:   28.11.2021, 23:35:35] --> Character leveled up to level 7
[kuvefozewi:   28.11.2021, 23:35:37] --> Character leveled up to level 8
[kuvefozewi:   28.11.2021, 23:35:38] --> Character leveled up to level 9
[kuvefozewi:   28.11.2021, 23:35:43] --> Character leveled up to level 10
[kuvefozewi:   28.11.2021, 23:35:45] --> Character leveled up to level 11
[kuvefozewi:   28.11.2021, 23:36:06] --> Character leveled up to level 12
[kuvefozewi:   28.11.2021, 23:36:08] --> ponukevaban appeared
[kuvefozewi:   28.11.2021, 23:36:34] --> dawotagecu appeared
[kuvefozewi:   28.11.2021, 23:36:38] --> Character leveled up to level 13
[kuvefozewi:   28.11.2021, 23:36:58] --> Character leveled up to level 14
[kuvefozewi:   28.11.2021, 23:37:02] --> Character leveled up to level 15
[kuvefozewi:   28.11.2021, 23:37:02] --> Setting '2' loaded because of active level settings
[kuvefozewi:   28.11.2021, 23:37:10] --> litamekizeve appeared
[kuvefozewi:   28.11.2021, 23:37:16] --> Character was kicked from the bot, reason: Character was walking
[kuvefozewi:   28.11.2021, 23:37:42] --> Character was kicked from the bot, reason: Character was walking
[kuvefozewi:   28.11.2021, 23:37:48] --> yAYy6B appeared
[kuvefozewi:   28.11.2021, 23:39:16] --> Character leveled up to level 16
[kuvefozewi:   28.11.2021, 23:39:52] --> Character leveled up to level 17
[kuvefozewi:   28.11.2021, 23:40:18] --> fipizupetok appeared
[kuvefozewi:   28.11.2021, 23:40:36] --> Character leveled up to level 18
[kuvefozewi:   28.11.2021, 23:41:12] --> berikevivod appeared
[kuvefozewi:   28.11.2021, 23:42:12] --> Character leveled up to level 19
[kuvefozewi:   28.11.2021, 23:43:37] --> Character leveled up to level 20
[kuvefozewi:   28.11.2021, 23:44:33] --> berikevivod appeared
[kuvefozewi:   28.11.2021, 23:45:10] --> Character leveled up to level 21
[kuvefozewi:   28.11.2021, 23:45:59] --> pifisurevi appeared
[kuvefozewi:   28.11.2021, 23:46:03] --> fipizupetok appeared
[kuvefozewi:   28.11.2021, 23:47:01] --> yAYy6B appeared
[kuvefozewi:   28.11.2021, 23:47:24] --> Character leveled up to level 22
[kuvefozewi:   28.11.2021, 23:48:30] --> yAYy6B appeared
[kuvefozewi:   28.11.2021, 23:49:10] --> Character leveled up to level 23
[kuvefozewi:   28.11.2021, 23:49:27] --> sakoremazo appeared
[kuvefozewi:   28.11.2021, 23:50:51] --> fipizupetok appeared
[kuvefozewi:   28.11.2021, 23:51:20] --> yAYy6B appeared
[kuvefozewi:   28.11.2021, 23:51:48] --> Character leveled up to level 24
[kuvefozewi:   28.11.2021, 23:52:46] --> sakoremazo appeared
[kuvefozewi:   28.11.2021, 23:54:14] --> sakoremazo appeared
[kuvefozewi:   28.11.2021, 23:54:46] --> Character leveled up to level 25
[kuvefozewi:   28.11.2021, 23:55:36] --> zezokemewop appeared
[kuvefozewi:   28.11.2021, 23:55:37] --> romopuvociza appeared
[kuvefozewi:   28.11.2021, 23:56:08] --> sakoremazo appeared
[kuvefozewi:   28.11.2021, 23:57:06] --> sekezofofi appeared
[kuvefozewi:   28.11.2021, 23:57:33] --> fipizupetok appeared
[kuvefozewi:   28.11.2021, 23:58:19] --> Character leveled up to level 26
[kuvefozewi:   29.11.2021, 00:02:13] --> Character leveled up to level 27
[kuvefozewi:   29.11.2021, 00:03:22] --> fipizupetok appeared
[kuvefozewi:   29.11.2021, 00:06:45] --> sakoremazo appeared
[kuvefozewi:   29.11.2021, 00:07:15] --> Character leveled up to level 28
[kuvefozewi:   29.11.2021, 00:08:11] --> sakoremazo appeared
[kuvefozewi:   29.11.2021, 00:09:10] --> sakoremazo appeared
[kuvefozewi:   29.11.2021, 00:12:18] --> Character leveled up to level 29
[kuvefozewi:   29.11.2021, 00:15:28] --> yAYy6B appeared
[kuvefozewi:   29.11.2021, 00:16:24] --> pifisurevi appeared
[kuvefozewi:   29.11.2021, 00:16:55] --> Character leveled up to level 30
[kuvefozewi:   29.11.2021, 00:21:25] --> Character leveled up to level 31
[kuvefozewi:   29.11.2021, 00:21:26] --> Bot terminated: Character reached level 31
