[zupiturerec:  28.11.2021, 19:50:41] --> Bot successfully started
[zupiturerec:  28.11.2021, 19:50:41] --> Svenner appeared
[zupiturerec:  28.11.2021, 20:19:16] --> Changing into CH9
[zupiturerec:  28.11.2021, 20:19:26] --> EmyQ appeared
[zupiturerec:  28.11.2021, 20:19:48] --> Character was kicked from the bot, reason: Changing character
[zupiturerec:  28.11.2021, 20:22:14] --> Character was kicked from the bot, reason: Changing character
[berewohatac:  28.11.2021, 20:24:33] --> Character was kicked from the bot, reason: Changing character
[pitilituki:   28.11.2021, 20:26:47] --> Character was kicked from the bot, reason: Changing character
[puhiwozorubi: 28.11.2021, 20:29:07] --> Character was kicked from the bot, reason: Changing character
[zupiturerec:  28.11.2021, 20:41:32] --> Bot successfully started
[zupiturerec:  28.11.2021, 20:41:32] --> Setting '1' loaded because of active level settings
[zupiturerec:  28.11.2021, 20:41:32] --> gogirimivuz appeared
[zupiturerec:  28.11.2021, 20:41:39] --> Character went to saleswoman
[zupiturerec:  28.11.2021, 20:41:42] --> Character was kicked from the bot, reason: Character was walking
[zupiturerec:  28.11.2021, 20:42:14] --> Character was kicked from the bot, reason: Character was walking
[zupiturerec:  28.11.2021, 20:42:25] --> vacopakukak appeared
[zupiturerec:  28.11.2021, 20:42:27] --> Character leveled up to level 2
[zupiturerec:  28.11.2021, 20:42:28] --> Character leveled up to level 6
[zupiturerec:  28.11.2021, 20:42:29] --> Character leveled up to level 7
[zupiturerec:  28.11.2021, 20:42:30] --> Character leveled up to level 8
[zupiturerec:  28.11.2021, 20:42:50] --> Character leveled up to level 9
[zupiturerec:  28.11.2021, 20:42:56] --> Character leveled up to level 10
[zupiturerec:  28.11.2021, 20:42:58] --> vahafasobaz appeared
[zupiturerec:  28.11.2021, 20:42:59] --> Character leveled up to level 11
[zupiturerec:  28.11.2021, 20:43:05] --> Character leveled up to level 12
[zupiturerec:  28.11.2021, 20:43:12] --> Character leveled up to level 13
[zupiturerec:  28.11.2021, 20:43:24] --> vahafasobaz appeared
[zupiturerec:  28.11.2021, 20:43:51] --> Character leveled up to level 14
[zupiturerec:  28.11.2021, 20:43:52] --> vahafasobaz appeared
[zupiturerec:  28.11.2021, 20:44:05] --> Character leveled up to level 15
[zupiturerec:  28.11.2021, 20:44:05] --> Setting '2' loaded because of active level settings
[zupiturerec:  28.11.2021, 20:44:09] --> Character was kicked from the bot, reason: Character was walking
[zupiturerec:  28.11.2021, 20:44:18] --> Character was kicked from the bot, reason: Character was walking
[zupiturerec:  28.11.2021, 20:44:24] --> mhYDqU appeared
[zupiturerec:  28.11.2021, 20:44:44] --> Character was kicked from the bot, reason: Character was walking
[zupiturerec:  28.11.2021, 20:44:48] --> 1November61 appeared
[zupiturerec:  28.11.2021, 20:45:07] --> wazepekoran appeared
[zupiturerec:  28.11.2021, 20:45:13] --> wazepekoran appeared
[zupiturerec:  28.11.2021, 20:45:26] --> Character leveled up to level 16
[zupiturerec:  28.11.2021, 20:45:53] --> 1November61 appeared
[zupiturerec:  28.11.2021, 20:46:03] --> Character leveled up to level 17
[zupiturerec:  28.11.2021, 20:46:06] --> wazepekoran appeared
[zupiturerec:  28.11.2021, 20:46:18] --> wirelazapav appeared
[zupiturerec:  28.11.2021, 20:46:33] --> Character leveled up to level 18
[zupiturerec:  28.11.2021, 20:46:47] --> 1November61 appeared
[zupiturerec:  28.11.2021, 20:47:09] --> Character leveled up to level 19
[zupiturerec:  28.11.2021, 20:47:11] --> 1November61 appeared
[zupiturerec:  28.11.2021, 20:47:16] --> 1November61 appeared
[zupiturerec:  28.11.2021, 20:47:29] --> wazepekoran appeared
[zupiturerec:  28.11.2021, 20:47:39] --> Character leveled up to level 20
[zupiturerec:  28.11.2021, 20:47:47] --> 1November61 appeared
[zupiturerec:  28.11.2021, 20:47:53] --> wazepekoran appeared
[zupiturerec:  28.11.2021, 20:48:11] --> mhYDqU appeared
[zupiturerec:  28.11.2021, 20:48:39] --> 1November61 appeared
[zupiturerec:  28.11.2021, 20:49:16] --> Character leveled up to level 21
[zupiturerec:  28.11.2021, 20:49:20] --> mhYDqU appeared
[zupiturerec:  28.11.2021, 20:49:43] --> wirelazapav appeared
[zupiturerec:  28.11.2021, 20:49:46] --> Character got kick
[zupiturerec:  28.11.2021, 20:50:02] --> mhYDqU appeared
[zupiturerec:  28.11.2021, 20:50:08] --> mhYDqU appeared
[zupiturerec:  28.11.2021, 20:50:24] --> mhYDqU appeared
[zupiturerec:  28.11.2021, 20:50:51] --> 1November61 appeared
[zupiturerec:  28.11.2021, 20:51:01] --> Character leveled up to level 22
[zupiturerec:  28.11.2021, 20:51:05] --> mhYDqU appeared
[zupiturerec:  28.11.2021, 20:51:30] --> mhYDqU appeared
[zupiturerec:  28.11.2021, 20:51:39] --> Character died
[zupiturerec:  28.11.2021, 20:51:40] --> Character got kick
[zupiturerec:  28.11.2021, 20:51:47] --> Character died
[zupiturerec:  28.11.2021, 20:51:47] --> mhYDqU appeared
[zupiturerec:  28.11.2021, 20:51:59] --> mhYDqU appeared
[zupiturerec:  28.11.2021, 20:52:31] --> mhYDqU appeared
[zupiturerec:  28.11.2021, 20:52:43] --> wirelazapav appeared
[zupiturerec:  28.11.2021, 20:52:49] --> Character leveled up to level 23
[zupiturerec:  28.11.2021, 20:53:06] --> mhYDqU appeared
[zupiturerec:  28.11.2021, 20:53:25] --> mhYDqU appeared
[zupiturerec:  28.11.2021, 20:53:41] --> 1November61 appeared
[zupiturerec:  28.11.2021, 20:54:16] --> Character leveled up to level 24
[zupiturerec:  28.11.2021, 20:54:20] --> mhYDqU appeared
[zupiturerec:  28.11.2021, 20:54:26] --> Character got kick
[zupiturerec:  28.11.2021, 20:54:38] --> Character died
[zupiturerec:  28.11.2021, 20:54:39] --> mhYDqU appeared
[zupiturerec:  28.11.2021, 20:55:00] --> mhYDqU appeared
[zupiturerec:  28.11.2021, 20:55:08] --> mhYDqU appeared
[zupiturerec:  28.11.2021, 20:55:36] --> Character got kick
[zupiturerec:  28.11.2021, 20:55:44] --> mhYDqU appeared
[zupiturerec:  28.11.2021, 20:55:56] --> Character got kick
[zupiturerec:  28.11.2021, 20:56:14] --> mhYDqU appeared
[zupiturerec:  28.11.2021, 20:56:35] --> 1November61 appeared
[zupiturerec:  28.11.2021, 20:57:24] --> Character leveled up to level 25
[zupiturerec:  28.11.2021, 20:57:34] --> 1November61 appeared
[zupiturerec:  28.11.2021, 20:57:45] --> mhYDqU appeared
[zupiturerec:  28.11.2021, 20:58:29] --> wirelazapav appeared
[zupiturerec:  28.11.2021, 20:58:40] --> mhYDqU appeared
[zupiturerec:  28.11.2021, 20:59:08] --> mhYDqU appeared
[zupiturerec:  28.11.2021, 20:59:16] --> Character leveled up to level 26
[zupiturerec:  28.11.2021, 20:59:29] --> 1November61 appeared
[zupiturerec:  28.11.2021, 20:59:35] --> mhYDqU appeared
[zupiturerec:  28.11.2021, 20:59:51] --> mhYDqU appeared
[zupiturerec:  28.11.2021, 20:59:58] --> wirelazapav appeared
[zupiturerec:  28.11.2021, 21:00:04] --> mhYDqU appeared
[zupiturerec:  28.11.2021, 21:00:27] --> 1November61 appeared
[zupiturerec:  28.11.2021, 21:00:33] --> 1November61 appeared
[zupiturerec:  28.11.2021, 21:00:37] --> mhYDqU appeared
[zupiturerec:  28.11.2021, 21:00:42] --> Character leveled up to level 27
[zupiturerec:  28.11.2021, 21:00:54] --> 1November61 appeared
[zupiturerec:  28.11.2021, 21:01:00] --> mhYDqU appeared
[zupiturerec:  28.11.2021, 21:01:17] --> mhYDqU appeared
[zupiturerec:  28.11.2021, 21:01:27] --> 1November61 appeared
[zupiturerec:  28.11.2021, 21:01:29] --> mhYDqU appeared
[zupiturerec:  28.11.2021, 21:02:24] --> Character leveled up to level 28
[zupiturerec:  28.11.2021, 21:02:28] --> mhYDqU appeared
[zupiturerec:  28.11.2021, 21:02:58] --> mhYDqU appeared
[zupiturerec:  28.11.2021, 21:03:26] --> mhYDqU appeared
[zupiturerec:  28.11.2021, 21:03:55] --> mhYDqU appeared
[zupiturerec:  28.11.2021, 21:04:24] --> mhYDqU appeared
[zupiturerec:  28.11.2021, 21:04:47] --> Character leveled up to level 29
[zupiturerec:  28.11.2021, 21:05:23] --> mhYDqU appeared
[zupiturerec:  28.11.2021, 21:05:40] --> 1November61 appeared
[zupiturerec:  28.11.2021, 21:05:53] --> mhYDqU appeared
[zupiturerec:  28.11.2021, 21:06:11] --> mhYDqU appeared
[zupiturerec:  28.11.2021, 21:06:24] --> mhYDqU appeared
[zupiturerec:  28.11.2021, 21:06:41] --> wirelazapav appeared
[zupiturerec:  28.11.2021, 21:06:54] --> mhYDqU appeared
[zupiturerec:  28.11.2021, 21:07:16] --> mhYDqU appeared
[zupiturerec:  28.11.2021, 21:07:31] --> Character leveled up to level 30
[zupiturerec:  28.11.2021, 21:07:41] --> mhYDqU appeared
[zupiturerec:  28.11.2021, 21:08:05] --> 1November61 appeared
[zupiturerec:  28.11.2021, 21:08:28] --> mhYDqU appeared
[zupiturerec:  28.11.2021, 21:08:46] --> mhYDqU appeared
[zupiturerec:  28.11.2021, 21:08:59] --> mhYDqU appeared
[zupiturerec:  28.11.2021, 21:09:34] --> 1November61 appeared
[zupiturerec:  28.11.2021, 21:09:39] --> mhYDqU appeared
[zupiturerec:  28.11.2021, 21:10:01] --> 1November61 appeared
[zupiturerec:  28.11.2021, 21:10:19] --> Character leveled up to level 31
[zupiturerec:  28.11.2021, 21:10:21] --> Bot terminated: Character reached level 31
[berewohatac:  28.11.2021, 21:12:01] --> Bot successfully started
[berewohatac:  28.11.2021, 21:12:01] --> Setting '1' loaded because of active level settings
[berewohatac:  28.11.2021, 21:12:01] --> gogirimivuz appeared
[berewohatac:  28.11.2021, 21:12:08] --> Character went to saleswoman
[berewohatac:  28.11.2021, 21:12:11] --> Character was kicked from the bot, reason: Character was walking
[berewohatac:  28.11.2021, 21:12:43] --> Character was kicked from the bot, reason: Character was walking
[berewohatac:  28.11.2021, 21:12:55] --> vacopakukak appeared
[berewohatac:  28.11.2021, 21:12:56] --> Character leveled up to level 3
[berewohatac:  28.11.2021, 21:12:57] --> Character leveled up to level 6
[berewohatac:  28.11.2021, 21:12:59] --> Character leveled up to level 7
[berewohatac:  28.11.2021, 21:13:00] --> Character leveled up to level 8
[berewohatac:  28.11.2021, 21:13:20] --> Character leveled up to level 9
[berewohatac:  28.11.2021, 21:13:25] --> Character leveled up to level 10
[berewohatac:  28.11.2021, 21:13:30] --> Character leveled up to level 11
[berewohatac:  28.11.2021, 21:13:39] --> Character leveled up to level 12
[berewohatac:  28.11.2021, 21:14:24] --> Character leveled up to level 13
[berewohatac:  28.11.2021, 21:15:06] --> Character leveled up to level 14
[berewohatac:  28.11.2021, 21:15:42] --> vacopakukak appeared
[berewohatac:  28.11.2021, 21:16:31] --> Character leveled up to level 15
[berewohatac:  28.11.2021, 21:16:31] --> Setting '2' loaded because of active level settings
[berewohatac:  28.11.2021, 21:16:35] --> Character was kicked from the bot, reason: Character was walking
[berewohatac:  28.11.2021, 21:16:42] --> jasdow appeared
[berewohatac:  28.11.2021, 21:16:46] --> Character was kicked from the bot, reason: Character was walking
[berewohatac:  28.11.2021, 21:16:51] --> romifokuruv appeared
[berewohatac:  28.11.2021, 21:17:11] --> Character was kicked from the bot, reason: Character was walking
[berewohatac:  28.11.2021, 21:17:15] --> wirelazapav appeared
[berewohatac:  28.11.2021, 21:17:24] --> mhYDqU appeared
[berewohatac:  28.11.2021, 21:17:33] --> mhYDqU appeared
[berewohatac:  28.11.2021, 21:17:48] --> 1November61 appeared
[berewohatac:  28.11.2021, 21:17:58] --> Character leveled up to level 16
[berewohatac:  28.11.2021, 21:18:00] --> mhYDqU appeared
[berewohatac:  28.11.2021, 21:18:14] --> mhYDqU appeared
[berewohatac:  28.11.2021, 21:18:26] --> Character leveled up to level 17
[berewohatac:  28.11.2021, 21:18:57] --> mhYDqU appeared
[berewohatac:  28.11.2021, 21:19:26] --> Character leveled up to level 18
[berewohatac:  28.11.2021, 21:19:29] --> mhYDqU appeared
[berewohatac:  28.11.2021, 21:19:37] --> mhYDqU appeared
[berewohatac:  28.11.2021, 21:20:14] --> 1November61 appeared
[berewohatac:  28.11.2021, 21:20:47] --> Character leveled up to level 19
[berewohatac:  28.11.2021, 21:20:56] --> mhYDqU appeared
[berewohatac:  28.11.2021, 21:21:08] --> 1November61 appeared
[berewohatac:  28.11.2021, 21:21:40] --> 1November61 appeared
[berewohatac:  28.11.2021, 21:21:44] --> mhYDqU appeared
[berewohatac:  28.11.2021, 21:22:05] --> Character leveled up to level 20
[berewohatac:  28.11.2021, 21:22:09] --> 1November61 appeared
[berewohatac:  28.11.2021, 21:22:16] --> 1November61 appeared
[berewohatac:  28.11.2021, 21:22:37] --> 1November61 appeared
[berewohatac:  28.11.2021, 21:22:52] --> mhYDqU appeared
[berewohatac:  28.11.2021, 21:23:12] --> mhYDqU appeared
[berewohatac:  28.11.2021, 21:23:18] --> Character leveled up to level 21
[berewohatac:  28.11.2021, 21:23:33] --> wirelazapav appeared
[berewohatac:  28.11.2021, 21:23:40] --> mhYDqU appeared
[berewohatac:  28.11.2021, 21:24:01] --> wirelazapav appeared
[berewohatac:  28.11.2021, 21:24:15] --> mhYDqU appeared
[berewohatac:  28.11.2021, 21:24:47] --> mhYDqU appeared
[berewohatac:  28.11.2021, 21:25:08] --> mhYDqU appeared
[berewohatac:  28.11.2021, 21:25:09] --> Character leveled up to level 22
[berewohatac:  28.11.2021, 21:25:31] --> 1November61 appeared
[berewohatac:  28.11.2021, 21:25:50] --> Character leveled up to level 23
[berewohatac:  28.11.2021, 21:26:01] --> 1November61 appeared
[berewohatac:  28.11.2021, 21:26:13] --> mhYDqU appeared
[berewohatac:  28.11.2021, 21:26:48] --> Character leveled up to level 24
[berewohatac:  28.11.2021, 21:26:54] --> 1November61 appeared
[berewohatac:  28.11.2021, 21:27:10] --> mhYDqU appeared
[berewohatac:  28.11.2021, 21:27:34] --> mhYDqU appeared
[berewohatac:  28.11.2021, 21:27:55] --> 1November61 appeared
[berewohatac:  28.11.2021, 21:28:03] --> mhYDqU appeared
[berewohatac:  28.11.2021, 21:28:11] --> Character leveled up to level 25
[berewohatac:  28.11.2021, 21:28:14] --> mhYDqU appeared
[berewohatac:  28.11.2021, 21:32:03] --> Character got kick
[berewohatac:  28.11.2021, 21:32:20] --> Norbirina appeared
[berewohatac:  28.11.2021, 21:33:26] --> 1November61 appeared
[berewohatac:  28.11.2021, 21:33:50] --> Character leveled up to level 26
[berewohatac:  28.11.2021, 21:33:56] --> wiziretotab appeared
[berewohatac:  28.11.2021, 21:34:05] --> mhYDqU appeared
[berewohatac:  28.11.2021, 21:34:59] --> mhYDqU appeared
[berewohatac:  28.11.2021, 21:35:02] --> Norbirina appeared
[berewohatac:  28.11.2021, 21:35:26] --> Character leveled up to level 27
[berewohatac:  28.11.2021, 21:35:30] --> Norbirina appeared
[berewohatac:  28.11.2021, 21:35:35] --> mhYDqU appeared
[berewohatac:  28.11.2021, 21:35:52] --> Character got kick
[berewohatac:  28.11.2021, 21:36:07] --> mhYDqU appeared
[berewohatac:  28.11.2021, 21:36:38] --> mhYDqU appeared
[berewohatac:  28.11.2021, 21:36:57] --> wiziretotab appeared
[berewohatac:  28.11.2021, 21:37:04] --> wiziretotab appeared
[berewohatac:  28.11.2021, 21:37:08] --> mhYDqU appeared
[berewohatac:  28.11.2021, 21:37:14] --> Character leveled up to level 28
[berewohatac:  28.11.2021, 21:37:38] --> mhYDqU appeared
[berewohatac:  28.11.2021, 21:37:50] --> 1November61 appeared
[berewohatac:  28.11.2021, 21:38:08] --> mhYDqU appeared
[berewohatac:  28.11.2021, 21:38:32] --> mhYDqU appeared
[berewohatac:  28.11.2021, 21:38:45] --> mhYDqU appeared
[berewohatac:  28.11.2021, 21:39:20] --> 1November61 appeared
[berewohatac:  28.11.2021, 21:39:20] --> Character leveled up to level 29
[berewohatac:  28.11.2021, 21:39:43] --> mhYDqU appeared
[berewohatac:  28.11.2021, 21:40:00] --> mhYDqU appeared
[berewohatac:  28.11.2021, 21:40:12] --> wiziretotab appeared
[berewohatac:  28.11.2021, 21:40:48] --> wiziretotab appeared
[berewohatac:  28.11.2021, 21:40:54] --> mhYDqU appeared
[berewohatac:  28.11.2021, 21:41:13] --> 1November61 appeared
[berewohatac:  28.11.2021, 21:41:42] --> wiziretotab appeared
[berewohatac:  28.11.2021, 21:41:45] --> Character leveled up to level 30
[berewohatac:  28.11.2021, 21:42:13] --> wiziretotab appeared
[berewohatac:  28.11.2021, 21:42:14] --> wiziretotab appeared
[berewohatac:  28.11.2021, 21:42:23] --> mhYDqU appeared
[berewohatac:  28.11.2021, 21:43:10] --> wirelazapav appeared
[berewohatac:  28.11.2021, 21:43:39] --> 1November61 appeared
[berewohatac:  28.11.2021, 21:43:51] --> mhYDqU appeared
[berewohatac:  28.11.2021, 21:43:57] --> Character leveled up to level 31
[berewohatac:  28.11.2021, 21:43:59] --> Bot terminated: Character reached level 31
[pitilituki:   28.11.2021, 21:45:02] --> Bot successfully started
[pitilituki:   28.11.2021, 21:45:02] --> gogirimivuz appeared
[pitilituki:   28.11.2021, 21:45:02] --> Setting '1' loaded because of active level settings
[pitilituki:   28.11.2021, 21:45:08] --> Character went to saleswoman
[pitilituki:   28.11.2021, 21:45:12] --> Character was kicked from the bot, reason: Character was walking
[pitilituki:   28.11.2021, 21:45:43] --> Character was kicked from the bot, reason: Character was walking
[pitilituki:   28.11.2021, 21:45:56] --> Character leveled up to level 3
[pitilituki:   28.11.2021, 21:45:57] --> Character leveled up to level 6
[pitilituki:   28.11.2021, 21:46:01] --> Character leveled up to level 7
[pitilituki:   28.11.2021, 21:46:22] --> Character leveled up to level 8
[pitilituki:   28.11.2021, 21:46:52] --> Character leveled up to level 9
[pitilituki:   28.11.2021, 21:47:16] --> Character leveled up to level 10
[pitilituki:   28.11.2021, 21:47:55] --> Character leveled up to level 11
[pitilituki:   28.11.2021, 21:48:11] --> Character leveled up to level 12
[pitilituki:   28.11.2021, 21:48:57] --> Character leveled up to level 13
[pitilituki:   28.11.2021, 21:49:08] --> Character leveled up to level 14
[pitilituki:   28.11.2021, 21:49:58] --> puwepehefa appeared
[pitilituki:   28.11.2021, 21:50:00] --> Character leveled up to level 15
[pitilituki:   28.11.2021, 21:50:00] --> Setting '2' loaded because of active level settings
[pitilituki:   28.11.2021, 21:50:04] --> Character was kicked from the bot, reason: Character was walking
[pitilituki:   28.11.2021, 21:50:16] --> Character was kicked from the bot, reason: Character was walking
[pitilituki:   28.11.2021, 21:50:23] --> fipefozozak appeared
[pitilituki:   28.11.2021, 21:50:39] --> purewidawoci appeared
[pitilituki:   28.11.2021, 21:50:42] --> Character was kicked from the bot, reason: Character was walking
[pitilituki:   28.11.2021, 21:51:00] --> mhYDqU appeared
[pitilituki:   28.11.2021, 21:51:31] --> mhYDqU appeared
[pitilituki:   28.11.2021, 21:51:35] --> Character leveled up to level 16
[pitilituki:   28.11.2021, 21:51:57] --> Character leveled up to level 17
[pitilituki:   28.11.2021, 21:52:02] --> mhYDqU appeared
[pitilituki:   28.11.2021, 21:52:15] --> Character got kick
[pitilituki:   28.11.2021, 21:54:26] --> Bot successfully started
[pitilituki:   28.11.2021, 21:54:26] --> Setting '2' loaded because of active level settings
[pitilituki:   28.11.2021, 21:54:26] --> xPooh appeared
[pitilituki:   28.11.2021, 21:54:36] --> wiziretotab appeared
[pitilituki:   28.11.2021, 21:54:54] --> mhYDqU appeared
[pitilituki:   28.11.2021, 21:54:57] --> mhYDqU appeared
[pitilituki:   28.11.2021, 21:55:02] --> Character leveled up to level 18
[pitilituki:   28.11.2021, 21:55:14] --> wirelazapav appeared
[pitilituki:   28.11.2021, 21:55:18] --> Character leveled up to level 19
[pitilituki:   28.11.2021, 21:55:43] --> wiziretotab appeared
[pitilituki:   28.11.2021, 21:55:55] --> mhYDqU appeared
[pitilituki:   28.11.2021, 21:55:59] --> Character leveled up to level 20
[pitilituki:   28.11.2021, 21:56:25] --> mhYDqU appeared
[pitilituki:   28.11.2021, 21:56:38] --> 1November61 appeared
[pitilituki:   28.11.2021, 21:56:44] --> mhYDqU appeared
[pitilituki:   28.11.2021, 21:57:05] --> mhYDqU appeared
[pitilituki:   28.11.2021, 21:57:07] --> wirelazapav appeared
[pitilituki:   28.11.2021, 21:57:13] --> Character leveled up to level 21
[pitilituki:   28.11.2021, 21:57:36] --> 1November61 appeared
[pitilituki:   28.11.2021, 21:57:55] --> Character leveled up to level 22
[pitilituki:   28.11.2021, 21:58:21] --> mhYDqU appeared
[pitilituki:   28.11.2021, 21:58:33] --> mhYDqU appeared
[pitilituki:   28.11.2021, 21:58:36] --> 1November61 appeared
[pitilituki:   28.11.2021, 21:58:55] --> Character leveled up to level 23
[pitilituki:   28.11.2021, 21:58:57] --> mhYDqU appeared
[pitilituki:   28.11.2021, 21:59:16] --> mhYDqU appeared
[pitilituki:   28.11.2021, 21:59:32] --> wirelazapav appeared
[pitilituki:   28.11.2021, 22:00:01] --> wirelazapav appeared
[pitilituki:   28.11.2021, 22:00:02] --> Character leveled up to level 24
[pitilituki:   28.11.2021, 22:00:14] --> mhYDqU appeared
[pitilituki:   28.11.2021, 22:00:40] --> mhYDqU appeared
[pitilituki:   28.11.2021, 22:01:02] --> 1November61 appeared
[pitilituki:   28.11.2021, 22:01:11] --> mhYDqU appeared
[pitilituki:   28.11.2021, 22:01:16] --> Character leveled up to level 25
[pitilituki:   28.11.2021, 22:01:29] --> 1November61 appeared
[pitilituki:   28.11.2021, 22:01:54] --> 1November61 appeared
[pitilituki:   28.11.2021, 22:02:15] --> Character leveled up to level 26
[pitilituki:   28.11.2021, 22:02:16] --> mhYDqU appeared
[pitilituki:   28.11.2021, 22:02:49] --> 1November61 appeared
[pitilituki:   28.11.2021, 22:02:52] --> wirelazapav appeared
[pitilituki:   28.11.2021, 22:03:23] --> 1November61 appeared
[pitilituki:   28.11.2021, 22:03:26] --> Character leveled up to level 27
[pitilituki:   28.11.2021, 22:03:31] --> mhYDqU appeared
[pitilituki:   28.11.2021, 22:04:18] --> 1November61 appeared
[pitilituki:   28.11.2021, 22:04:41] --> mhYDqU appeared
[pitilituki:   28.11.2021, 22:04:58] --> mhYDqU appeared
[pitilituki:   28.11.2021, 22:05:10] --> mhYDqU appeared
[pitilituki:   28.11.2021, 22:05:21] --> Character leveled up to level 28
[pitilituki:   28.11.2021, 22:05:23] --> mhYDqU appeared
[pitilituki:   28.11.2021, 22:05:45] --> wirelazapav appeared
[pitilituki:   28.11.2021, 22:05:52] --> mhYDqU appeared
[pitilituki:   28.11.2021, 22:06:02] --> mhYDqU appeared
[pitilituki:   28.11.2021, 22:06:18] --> 1November61 appeared
[pitilituki:   28.11.2021, 22:06:25] --> mhYDqU appeared
[pitilituki:   28.11.2021, 22:06:31] --> mhYDqU appeared
[pitilituki:   28.11.2021, 22:06:47] --> mhYDqU appeared
[pitilituki:   28.11.2021, 22:06:59] --> mhYDqU appeared
[pitilituki:   28.11.2021, 22:07:08] --> mhYDqU appeared
[pitilituki:   28.11.2021, 22:07:15] --> 1November61 appeared
[pitilituki:   28.11.2021, 22:07:28] --> mhYDqU appeared
[pitilituki:   28.11.2021, 22:07:35] --> Character leveled up to level 29
[pitilituki:   28.11.2021, 22:07:45] --> 1November61 appeared
[pitilituki:   28.11.2021, 22:07:55] --> mhYDqU appeared
[pitilituki:   28.11.2021, 22:08:23] --> mhYDqU appeared
[pitilituki:   28.11.2021, 22:09:20] --> mhYDqU appeared
[pitilituki:   28.11.2021, 22:09:48] --> mhYDqU appeared
[pitilituki:   28.11.2021, 22:09:52] --> Character leveled up to level 30
[pitilituki:   28.11.2021, 22:10:17] --> mhYDqU appeared
[pitilituki:   28.11.2021, 22:10:34] --> 1November61 appeared
[pitilituki:   28.11.2021, 22:10:45] --> mhYDqU appeared
[pitilituki:   28.11.2021, 22:11:21] --> mhYDqU appeared
[pitilituki:   28.11.2021, 22:11:35] --> 1November61 appeared
[pitilituki:   28.11.2021, 22:11:39] --> mhYDqU appeared
[pitilituki:   28.11.2021, 22:11:58] --> 1November61 appeared
[pitilituki:   28.11.2021, 22:12:12] --> mhYDqU appeared
[pitilituki:   28.11.2021, 22:12:17] --> Character leveled up to level 31
[pitilituki:   28.11.2021, 22:12:19] --> Bot terminated: Character reached level 31
[puhiwozorubi: 28.11.2021, 22:13:35] --> Bot successfully started
[puhiwozorubi: 28.11.2021, 22:13:36] --> EmyQ appeared
[puhiwozorubi: 28.11.2021, 22:13:36] --> Setting '1' loaded because of active level settings
[puhiwozorubi: 28.11.2021, 22:13:42] --> Character went to saleswoman
[puhiwozorubi: 28.11.2021, 22:13:47] --> Character was kicked from the bot, reason: Character was walking
[puhiwozorubi: 28.11.2021, 22:14:21] --> Character was kicked from the bot, reason: Character was walking
[puhiwozorubi: 28.11.2021, 22:14:34] --> Character leveled up to level 2
[puhiwozorubi: 28.11.2021, 22:14:35] --> Character leveled up to level 3
[puhiwozorubi: 28.11.2021, 22:14:36] --> Character leveled up to level 5
[puhiwozorubi: 28.11.2021, 22:14:37] --> vacopakukak appeared
[puhiwozorubi: 28.11.2021, 22:14:37] --> Character leveled up to level 6
[puhiwozorubi: 28.11.2021, 22:14:41] --> Character leveled up to level 7
[puhiwozorubi: 28.11.2021, 22:14:48] --> Character leveled up to level 8
[puhiwozorubi: 28.11.2021, 22:14:50] --> Character leveled up to level 9
[puhiwozorubi: 28.11.2021, 22:14:54] --> Character leveled up to level 10
[puhiwozorubi: 28.11.2021, 22:15:02] --> Character leveled up to level 11
[puhiwozorubi: 28.11.2021, 22:15:04] --> vacopakukak appeared
[puhiwozorubi: 28.11.2021, 22:15:29] --> zikizafere appeared
[puhiwozorubi: 28.11.2021, 22:15:34] --> Character leveled up to level 12
[puhiwozorubi: 28.11.2021, 22:15:42] --> Character leveled up to level 13
[puhiwozorubi: 28.11.2021, 22:15:55] --> Character leveled up to level 14
[puhiwozorubi: 28.11.2021, 22:16:00] --> vacopakukak appeared
[puhiwozorubi: 28.11.2021, 22:16:35] --> Character leveled up to level 15
[puhiwozorubi: 28.11.2021, 22:16:35] --> Setting '2' loaded because of active level settings
[puhiwozorubi: 28.11.2021, 22:16:39] --> Character was kicked from the bot, reason: Character was walking
[puhiwozorubi: 28.11.2021, 22:16:47] --> ruhocuzakiki appeared
[puhiwozorubi: 28.11.2021, 22:16:49] --> Character was kicked from the bot, reason: Character was walking
[puhiwozorubi: 28.11.2021, 22:17:14] --> Character was kicked from the bot, reason: Character was walking
[puhiwozorubi: 28.11.2021, 22:17:18] --> Atacary appeared
[puhiwozorubi: 28.11.2021, 22:17:56] --> Atacary appeared
[puhiwozorubi: 28.11.2021, 22:18:22] --> 1November61 appeared
[puhiwozorubi: 28.11.2021, 22:18:41] --> mhYDqU appeared
[puhiwozorubi: 28.11.2021, 22:18:45] --> Character leveled up to level 16
[puhiwozorubi: 28.11.2021, 22:18:52] --> 1November61 appeared
[puhiwozorubi: 28.11.2021, 22:18:57] --> Character leveled up to level 17
[puhiwozorubi: 28.11.2021, 22:18:59] --> mhYDqU appeared
[puhiwozorubi: 28.11.2021, 22:19:11] --> mhYDqU appeared
[puhiwozorubi: 28.11.2021, 22:19:24] --> mhYDqU appeared
[puhiwozorubi: 28.11.2021, 22:19:24] --> Character leveled up to level 18
[puhiwozorubi: 28.11.2021, 22:19:38] --> mhYDqU appeared
[puhiwozorubi: 28.11.2021, 22:19:47] --> 1November61 appeared
[puhiwozorubi: 28.11.2021, 22:19:58] --> Character leveled up to level 19
[puhiwozorubi: 28.11.2021, 22:20:17] --> wirelazapav appeared
[puhiwozorubi: 28.11.2021, 22:20:26] --> mhYDqU appeared
[puhiwozorubi: 28.11.2021, 22:20:32] --> mhYDqU appeared
[puhiwozorubi: 28.11.2021, 22:20:45] --> 1November61 appeared
[puhiwozorubi: 28.11.2021, 22:21:00] --> mhYDqU appeared
[puhiwozorubi: 28.11.2021, 22:21:07] --> Character leveled up to level 20
[puhiwozorubi: 28.11.2021, 22:21:10] --> 1November61 appeared
[puhiwozorubi: 28.11.2021, 22:21:21] --> mhYDqU appeared
[puhiwozorubi: 28.11.2021, 22:21:29] --> mhYDqU appeared
[puhiwozorubi: 28.11.2021, 22:21:53] --> mhYDqU appeared
[puhiwozorubi: 28.11.2021, 22:22:00] --> mhYDqU appeared
[puhiwozorubi: 28.11.2021, 22:22:10] --> Character leveled up to level 21
[puhiwozorubi: 28.11.2021, 22:22:25] --> mhYDqU appeared
[puhiwozorubi: 28.11.2021, 22:22:36] --> mhYDqU appeared
[puhiwozorubi: 28.11.2021, 22:22:54] --> mhYDqU appeared
[puhiwozorubi: 28.11.2021, 22:23:09] --> 1November61 appeared
[puhiwozorubi: 28.11.2021, 22:23:13] --> Character leveled up to level 22
[puhiwozorubi: 28.11.2021, 22:23:23] --> mhYDqU appeared
[puhiwozorubi: 28.11.2021, 22:23:39] --> 1November61 appeared
[puhiwozorubi: 28.11.2021, 22:23:42] --> mhYDqU appeared
[puhiwozorubi: 28.11.2021, 22:23:53] --> mhYDqU appeared
[puhiwozorubi: 28.11.2021, 22:24:05] --> wirelazapav appeared
[puhiwozorubi: 28.11.2021, 22:24:13] --> Character leveled up to level 23
[puhiwozorubi: 28.11.2021, 22:24:21] --> mhYDqU appeared
[puhiwozorubi: 28.11.2021, 22:24:44] --> mhYDqU appeared
[puhiwozorubi: 28.11.2021, 22:25:06] --> wirelazapav appeared
[puhiwozorubi: 28.11.2021, 22:25:36] --> wirelazapav appeared
[puhiwozorubi: 28.11.2021, 22:25:47] --> Character leveled up to level 24
[puhiwozorubi: 28.11.2021, 22:26:06] --> ladecaluru appeared
[puhiwozorubi: 28.11.2021, 22:26:12] --> ladecaluru appeared
[puhiwozorubi: 28.11.2021, 22:26:31] --> mhYDqU appeared
[puhiwozorubi: 28.11.2021, 22:26:43] --> mhYDqU appeared
[puhiwozorubi: 28.11.2021, 22:26:53] --> ladecaluru appeared
[puhiwozorubi: 28.11.2021, 22:27:29] --> Character leveled up to level 25
[puhiwozorubi: 28.11.2021, 22:27:32] --> Atacary appeared
[puhiwozorubi: 28.11.2021, 22:28:00] --> mhYDqU appeared
[puhiwozorubi: 28.11.2021, 22:28:15] --> mhYDqU appeared
[puhiwozorubi: 28.11.2021, 22:28:22] --> wirelazapav appeared
[puhiwozorubi: 28.11.2021, 22:28:43] --> mhYDqU appeared
[puhiwozorubi: 28.11.2021, 22:29:03] --> mhYDqU appeared
[puhiwozorubi: 28.11.2021, 22:29:06] --> Character leveled up to level 26
[puhiwozorubi: 28.11.2021, 22:29:16] --> mhYDqU appeared
[puhiwozorubi: 28.11.2021, 22:29:49] --> 1November61 appeared
[puhiwozorubi: 28.11.2021, 22:30:19] --> 1November61 appeared
[puhiwozorubi: 28.11.2021, 22:30:36] --> Character leveled up to level 27
[puhiwozorubi: 28.11.2021, 22:30:49] --> 1November61 appeared
[puhiwozorubi: 28.11.2021, 22:31:17] --> 1November61 appeared
[puhiwozorubi: 28.11.2021, 22:31:24] --> 1November61 appeared
[puhiwozorubi: 28.11.2021, 22:31:26] --> ladecaluru appeared
[puhiwozorubi: 28.11.2021, 22:31:50] --> mhYDqU appeared
[puhiwozorubi: 28.11.2021, 22:32:19] --> mhYDqU appeared
[puhiwozorubi: 28.11.2021, 22:32:57] --> Character leveled up to level 28
[puhiwozorubi: 28.11.2021, 22:33:42] --> 1November61 appeared
[puhiwozorubi: 28.11.2021, 22:33:45] --> ladecaluru appeared
[puhiwozorubi: 28.11.2021, 22:34:43] --> mhYDqU appeared
[puhiwozorubi: 28.11.2021, 22:35:16] --> mhYDqU appeared
[puhiwozorubi: 28.11.2021, 22:35:46] --> Character leveled up to level 29
[puhiwozorubi: 28.11.2021, 22:36:01] --> 1November61 appeared
[puhiwozorubi: 28.11.2021, 22:36:12] --> mhYDqU appeared
[puhiwozorubi: 28.11.2021, 22:36:30] --> 1November61 appeared
[puhiwozorubi: 28.11.2021, 22:37:00] --> 1November61 appeared
[puhiwozorubi: 28.11.2021, 22:37:38] --> mhYDqU appeared
[puhiwozorubi: 28.11.2021, 22:38:04] --> Character leveled up to level 30
[puhiwozorubi: 28.11.2021, 22:41:32] --> Character got kick
[puhiwozorubi: 28.11.2021, 22:41:48] --> mhYDqU appeared
[puhiwozorubi: 28.11.2021, 22:42:39] --> 1November61 appeared
[puhiwozorubi: 28.11.2021, 22:43:03] --> ladecaluru appeared
[puhiwozorubi: 28.11.2021, 22:43:05] --> wirelazapav appeared
[puhiwozorubi: 28.11.2021, 22:43:34] --> 1November61 appeared
[puhiwozorubi: 28.11.2021, 22:43:55] --> Character leveled up to level 31
[puhiwozorubi: 28.11.2021, 22:43:57] --> Bot terminated: Character reached level 31
[zakimopopuri: 28.11.2021, 22:51:26] --> Bot successfully started
[zakimopopuri: 28.11.2021, 22:51:27] --> DoDzee appeared
[zakimopopuri: 28.11.2021, 22:51:27] --> Setting '1' loaded because of active level settings
[zakimopopuri: 28.11.2021, 22:51:33] --> Character went to saleswoman
[zakimopopuri: 28.11.2021, 22:51:36] --> Character was kicked from the bot, reason: Character was walking
[zakimopopuri: 28.11.2021, 22:52:07] --> Character was kicked from the bot, reason: Character was walking
[zakimopopuri: 28.11.2021, 22:52:19] --> Character leveled up to level 2
[zakimopopuri: 28.11.2021, 22:52:20] --> Character leveled up to level 4
[zakimopopuri: 28.11.2021, 22:52:21] --> Character leveled up to level 6
[zakimopopuri: 28.11.2021, 22:52:22] --> Character leveled up to level 7
[zakimopopuri: 28.11.2021, 22:52:24] --> Character leveled up to level 8
[zakimopopuri: 28.11.2021, 22:52:27] --> Character leveled up to level 9
[zakimopopuri: 28.11.2021, 22:52:31] --> Character leveled up to level 10
[zakimopopuri: 28.11.2021, 22:53:17] --> Character leveled up to level 11
[zakimopopuri: 28.11.2021, 22:53:28] --> Character leveled up to level 12
[zakimopopuri: 28.11.2021, 22:54:18] --> Character leveled up to level 13
[zakimopopuri: 28.11.2021, 22:55:06] --> Character got kick
[zakimopopuri: 28.11.2021, 22:55:24] --> Character leveled up to level 14
[zakimopopuri: 28.11.2021, 22:56:31] --> Character got kick
[zakimopopuri: 28.11.2021, 22:57:12] --> Character leveled up to level 15
[zakimopopuri: 28.11.2021, 22:57:12] --> Setting '2' loaded because of active level settings
[zakimopopuri: 28.11.2021, 22:57:20] --> wiwopovepe appeared
[zakimopopuri: 28.11.2021, 22:57:26] --> Character was kicked from the bot, reason: Character was walking
[zakimopopuri: 28.11.2021, 22:57:30] --> BabyBearded appeared
[zakimopopuri: 28.11.2021, 22:57:51] --> Character was kicked from the bot, reason: Character was walking
[zakimopopuri: 28.11.2021, 22:57:57] --> 1November61 appeared
[zakimopopuri: 28.11.2021, 22:58:14] --> ladecaluru appeared
[zakimopopuri: 28.11.2021, 22:58:35] --> kefenazurimi appeared
[zakimopopuri: 28.11.2021, 22:58:56] --> Character leveled up to level 16
[zakimopopuri: 28.11.2021, 22:59:01] --> 1November61 appeared
[zakimopopuri: 28.11.2021, 22:59:26] --> 1November61 appeared
[zakimopopuri: 28.11.2021, 22:59:33] --> Character leveled up to level 17
[zakimopopuri: 28.11.2021, 22:59:51] --> 1November61 appeared
[zakimopopuri: 28.11.2021, 23:00:01] --> ladecaluru appeared
[zakimopopuri: 28.11.2021, 23:00:25] --> 1November61 appeared
[zakimopopuri: 28.11.2021, 23:00:28] --> Character leveled up to level 18
[zakimopopuri: 28.11.2021, 23:00:39] --> ladecaluru appeared
[zakimopopuri: 28.11.2021, 23:00:55] --> Character leveled up to level 19
[zakimopopuri: 28.11.2021, 23:01:05] --> ladecaluru appeared
[zakimopopuri: 28.11.2021, 23:01:21] --> 1November61 appeared
[zakimopopuri: 28.11.2021, 23:01:31] --> Character leveled up to level 20
[zakimopopuri: 28.11.2021, 23:01:32] --> ladecaluru appeared
[zakimopopuri: 28.11.2021, 23:01:50] --> towiwidebime appeared
[zakimopopuri: 28.11.2021, 23:01:56] --> ladecaluru appeared
[zakimopopuri: 28.11.2021, 23:02:21] --> 1November61 appeared
[zakimopopuri: 28.11.2021, 23:02:29] --> ladecaluru appeared
[zakimopopuri: 28.11.2021, 23:02:37] --> Character leveled up to level 21
[zakimopopuri: 28.11.2021, 23:02:43] --> 1November61 appeared
[zakimopopuri: 28.11.2021, 23:02:46] --> 1November61 appeared
[zakimopopuri: 28.11.2021, 23:02:52] --> ladecaluru appeared
[zakimopopuri: 28.11.2021, 23:03:10] --> kefenazurimi appeared
[zakimopopuri: 28.11.2021, 23:03:21] --> ladecaluru appeared
[zakimopopuri: 28.11.2021, 23:03:49] --> Character leveled up to level 22
[zakimopopuri: 28.11.2021, 23:04:13] --> 1November61 appeared
[zakimopopuri: 28.11.2021, 23:04:25] --> ladecaluru appeared
[zakimopopuri: 28.11.2021, 23:04:50] --> ladecaluru appeared
[zakimopopuri: 28.11.2021, 23:05:02] --> Character got kick
[zakimopopuri: 28.11.2021, 23:05:59] --> Character got kick
[zakimopopuri: 28.11.2021, 23:06:41] --> Character leveled up to level 23
[zakimopopuri: 28.11.2021, 23:06:42] --> 1November61 appeared
[zakimopopuri: 28.11.2021, 23:06:45] --> 1November61 appeared
[zakimopopuri: 28.11.2021, 23:06:51] --> kefenazurimi appeared
[zakimopopuri: 28.11.2021, 23:07:24] --> mhYDqU appeared
[zakimopopuri: 28.11.2021, 23:07:42] --> Character leveled up to level 24
[zakimopopuri: 28.11.2021, 23:07:54] --> ladecaluru appeared
[zakimopopuri: 28.11.2021, 23:08:18] --> kefenazurimi appeared
[zakimopopuri: 28.11.2021, 23:09:49] --> mhYDqU appeared
[zakimopopuri: 28.11.2021, 23:10:08] --> Character leveled up to level 25
[zakimopopuri: 28.11.2021, 23:10:17] --> ladecaluru appeared
[zakimopopuri: 28.11.2021, 23:10:38] --> 1November61 appeared
[zakimopopuri: 28.11.2021, 23:10:41] --> ladecaluru appeared
[zakimopopuri: 28.11.2021, 23:11:05] --> 1November61 appeared
[zakimopopuri: 28.11.2021, 23:11:32] --> 1November61 appeared
[zakimopopuri: 28.11.2021, 23:11:40] --> ladecaluru appeared
[zakimopopuri: 28.11.2021, 23:11:46] --> Character leveled up to level 26
[zakimopopuri: 28.11.2021, 23:12:11] --> kefenazurimi appeared
[zakimopopuri: 28.11.2021, 23:13:30] --> towiwidebime appeared
[zakimopopuri: 28.11.2021, 23:13:35] --> kefenazurimi appeared
[zakimopopuri: 28.11.2021, 23:14:06] --> Character leveled up to level 27
[zakimopopuri: 28.11.2021, 23:15:25] --> towiwidebime appeared
[zakimopopuri: 28.11.2021, 23:16:56] --> veliwozifavu appeared
[zakimopopuri: 28.11.2021, 23:17:18] --> Character leveled up to level 28
[zakimopopuri: 28.11.2021, 23:17:54] --> mhYDqU appeared
[zakimopopuri: 28.11.2021, 23:18:25] --> mhYDqU appeared
[zakimopopuri: 28.11.2021, 23:19:21] --> mhYDqU appeared
[zakimopopuri: 28.11.2021, 23:20:14] --> Character leveled up to level 29
[zakimopopuri: 28.11.2021, 23:21:07] --> 1November61 appeared
[zakimopopuri: 28.11.2021, 23:22:35] --> towiwidebime appeared
[zakimopopuri: 28.11.2021, 23:22:42] --> kefenazurimi appeared
[zakimopopuri: 28.11.2021, 23:23:52] --> Character leveled up to level 30
[zakimopopuri: 28.11.2021, 23:24:03] --> 1November61 appeared
[zakimopopuri: 28.11.2021, 23:24:29] --> wirelazapav appeared
[zakimopopuri: 28.11.2021, 23:27:04] --> Character leveled up to level 31
[zakimopopuri: 28.11.2021, 23:27:06] --> Bot terminated: Character reached level 31
[zupiturerec:  29.11.2021, 14:58:10] --> Bot successfully started
[zupiturerec:  29.11.2021, 14:58:10] --> bamokuvowube appeared
[zupiturerec:  29.11.2021, 14:58:16] --> Time passed, now going to talk to alchemist: zupiturerec
[zupiturerec:  29.11.2021, 14:58:16] --> Character went to Alchemist: zupiturerec
[zupiturerec:  29.11.2021, 14:58:40] --> Character was kicked from the bot, reason: Character was walking
[zupiturerec:  29.11.2021, 14:58:46] --> KOTALAR20 appeared
[zupiturerec:  29.11.2021, 14:59:04] --> Character was kicked from the bot, reason: Character was walking
[zupiturerec:  29.11.2021, 15:00:27] --> Bot successfully started
[zupiturerec:  29.11.2021, 15:00:31] --> gilemezozik appeared
[zupiturerec:  29.11.2021, 15:00:53] --> Character got kick
[zupiturerec:  29.11.2021, 15:01:09] --> konikarudop appeared
[zupiturerec:  29.11.2021, 15:01:12] --> Character was kicked from the bot, reason: Character was walking
[zupiturerec:  29.11.2021, 15:02:20] --> Bot successfully started
[zupiturerec:  29.11.2021, 15:02:21] --> benezupazu appeared
