[pafodivonifu: 28.11.2021, 19:53:03] --> Bot successfully started
[pafodivonifu: 28.11.2021, 19:53:04] --> vizaleporozu appeared
[pafodivonifu: 28.11.2021, 20:05:49] --> SworDown appeared
[pafodivonifu: 28.11.2021, 20:10:30] --> wotebazile appeared
[pafodivonifu: 28.11.2021, 20:19:22] --> Changing into CH9
[pafodivonifu: 28.11.2021, 20:19:52] --> Character was kicked from the bot, reason: Changing character
[pafodivonifu: 28.11.2021, 20:22:17] --> Character was kicked from the bot, reason: Changing character
[pafodivonifu: 28.11.2021, 20:22:23] --> EmyQ appeared
[wehocivozota: 28.11.2021, 20:24:38] --> Character was kicked from the bot, reason: Changing character
[lumobetifi:   28.11.2021, 20:26:51] --> Character was kicked from the bot, reason: Changing character
[gevopakatu:   28.11.2021, 20:26:57] --> sivukihozipu appeared
[gevopakatu:   28.11.2021, 20:29:11] --> Character was kicked from the bot, reason: Changing character
[pafodivonifu: 28.11.2021, 20:42:02] --> Bot successfully started
[pafodivonifu: 28.11.2021, 20:42:02] --> Setting '1' loaded because of active level settings
[pafodivonifu: 28.11.2021, 20:42:09] --> Character went to saleswoman
[pafodivonifu: 28.11.2021, 20:42:12] --> Character was kicked from the bot, reason: Character was walking
[pafodivonifu: 28.11.2021, 20:42:17] --> pekibahiroz appeared
[pafodivonifu: 28.11.2021, 20:42:44] --> Character was kicked from the bot, reason: Character was walking
[pafodivonifu: 28.11.2021, 20:42:57] --> Character leveled up to level 2
[pafodivonifu: 28.11.2021, 20:42:58] --> Character leveled up to level 6
[pafodivonifu: 28.11.2021, 20:42:59] --> Character leveled up to level 7
[pafodivonifu: 28.11.2021, 20:43:00] --> Character leveled up to level 8
[pafodivonifu: 28.11.2021, 20:43:01] --> Character leveled up to level 9
[pafodivonifu: 28.11.2021, 20:43:06] --> Character leveled up to level 10
[pafodivonifu: 28.11.2021, 20:43:08] --> Character leveled up to level 11
[pafodivonifu: 28.11.2021, 20:43:11] --> Character leveled up to level 12
[pafodivonifu: 28.11.2021, 20:43:25] --> Character leveled up to level 13
[pafodivonifu: 28.11.2021, 20:43:35] --> Character leveled up to level 14
[pafodivonifu: 28.11.2021, 20:43:39] --> Character leveled up to level 15
[pafodivonifu: 28.11.2021, 20:43:40] --> Setting '2' loaded because of active level settings
[pafodivonifu: 28.11.2021, 20:43:52] --> Character was kicked from the bot, reason: Character was walking
[pafodivonifu: 28.11.2021, 20:43:57] --> kiberivecase appeared
[pafodivonifu: 28.11.2021, 20:44:11] --> sefawubabe appeared
[pafodivonifu: 28.11.2021, 20:44:16] --> Character was kicked from the bot, reason: Character was walking
[pafodivonifu: 28.11.2021, 20:45:28] --> Character leveled up to level 16
[pafodivonifu: 28.11.2021, 20:46:21] --> Character leveled up to level 17
[pafodivonifu: 28.11.2021, 20:47:06] --> Character leveled up to level 18
[pafodivonifu: 28.11.2021, 20:47:56] --> Character leveled up to level 19
[pafodivonifu: 28.11.2021, 20:48:56] --> Character leveled up to level 20
[pafodivonifu: 28.11.2021, 20:51:20] --> Character got kick
[pafodivonifu: 28.11.2021, 20:52:33] --> Character leveled up to level 21
[pafodivonifu: 28.11.2021, 20:54:20] --> Character died
[pafodivonifu: 28.11.2021, 20:54:23] --> Character leveled up to level 22
[pafodivonifu: 28.11.2021, 20:59:14] --> yAYy6B appeared
[pafodivonifu: 28.11.2021, 20:59:25] --> yAYy6B appeared
[pafodivonifu: 28.11.2021, 21:00:00] --> burupokuki appeared
[pafodivonifu: 28.11.2021, 21:00:33] --> Character leveled up to level 23
[pafodivonifu: 28.11.2021, 21:01:53] --> Character leveled up to level 24
[pafodivonifu: 28.11.2021, 21:02:09] --> yAYy6B appeared
[pafodivonifu: 28.11.2021, 21:02:55] --> xora3 appeared
[pafodivonifu: 28.11.2021, 21:02:57] --> vizaleporozu appeared
[pafodivonifu: 28.11.2021, 21:03:24] --> 0attended07 appeared
[pafodivonifu: 28.11.2021, 21:03:24] --> Character leveled up to level 25
[pafodivonifu: 28.11.2021, 21:05:19] --> Character leveled up to level 26
[pafodivonifu: 28.11.2021, 21:08:14] --> Character leveled up to level 27
[pafodivonifu: 28.11.2021, 21:10:52] --> Character leveled up to level 28
[pafodivonifu: 28.11.2021, 21:13:32] --> Character leveled up to level 29
[pafodivonifu: 28.11.2021, 21:14:31] --> cufozuzadol appeared
[pafodivonifu: 28.11.2021, 21:17:42] --> Character leveled up to level 30
[pafodivonifu: 28.11.2021, 21:21:52] --> Character leveled up to level 31
[pafodivonifu: 28.11.2021, 21:21:53] --> Bot terminated: Character reached level 31
[wehocivozota: 28.11.2021, 21:22:55] --> Bot successfully started
[wehocivozota: 28.11.2021, 21:22:55] --> etqwr02 appeared
[wehocivozota: 28.11.2021, 21:22:55] --> Setting '1' loaded because of active level settings
[wehocivozota: 28.11.2021, 21:23:01] --> Character went to saleswoman
[wehocivozota: 28.11.2021, 21:23:04] --> Character was kicked from the bot, reason: Character was walking
[wehocivozota: 28.11.2021, 21:23:37] --> Character was kicked from the bot, reason: Character was walking
[wehocivozota: 28.11.2021, 21:23:50] --> Character leveled up to level 2
[wehocivozota: 28.11.2021, 21:23:51] --> Character leveled up to level 4
[wehocivozota: 28.11.2021, 21:23:53] --> Character leveled up to level 6
[wehocivozota: 28.11.2021, 21:23:54] --> Character leveled up to level 7
[wehocivozota: 28.11.2021, 21:23:58] --> Character leveled up to level 9
[wehocivozota: 28.11.2021, 21:23:59] --> Character leveled up to level 10
[wehocivozota: 28.11.2021, 21:24:04] --> Character leveled up to level 11
[wehocivozota: 28.11.2021, 21:24:07] --> Character leveled up to level 12
[wehocivozota: 28.11.2021, 21:24:24] --> gukakutafezi appeared
[wehocivozota: 28.11.2021, 21:24:27] --> Character leveled up to level 13
[wehocivozota: 28.11.2021, 21:24:35] --> gukakutafezi appeared
[wehocivozota: 28.11.2021, 21:24:45] --> Character leveled up to level 14
[wehocivozota: 28.11.2021, 21:24:56] --> Character leveled up to level 15
[wehocivozota: 28.11.2021, 21:24:56] --> Setting '2' loaded because of active level settings
[wehocivozota: 28.11.2021, 21:25:00] --> Character was kicked from the bot, reason: Character was walking
[wehocivozota: 28.11.2021, 21:25:10] --> Character was kicked from the bot, reason: Character was walking
[wehocivozota: 28.11.2021, 21:25:14] --> kerenanemus appeared
[wehocivozota: 28.11.2021, 21:25:32] --> kerenanemus appeared
[wehocivozota: 28.11.2021, 21:25:34] --> Character was kicked from the bot, reason: Character was walking
[wehocivozota: 28.11.2021, 21:25:41] --> berikevivod appeared
[wehocivozota: 28.11.2021, 21:25:53] --> yAYy6B appeared
[wehocivozota: 28.11.2021, 21:26:12] --> Character leveled up to level 16
[wehocivozota: 28.11.2021, 21:26:35] --> Character leveled up to level 17
[wehocivozota: 28.11.2021, 21:27:15] --> cufozuzadol appeared
[wehocivozota: 28.11.2021, 21:27:15] --> Character leveled up to level 18
[wehocivozota: 28.11.2021, 21:27:38] --> 0attended07 appeared
[wehocivozota: 28.11.2021, 21:27:41] --> yAYy6B appeared
[wehocivozota: 28.11.2021, 21:27:47] --> Character leveled up to level 19
[wehocivozota: 28.11.2021, 21:28:02] --> 0attended07 appeared
[wehocivozota: 28.11.2021, 21:28:17] --> Character got kick
[wehocivozota: 28.11.2021, 21:28:26] --> Character died
[wehocivozota: 28.11.2021, 21:29:15] --> Character got kick
[wehocivozota: 28.11.2021, 21:30:04] --> Character leveled up to level 20
[wehocivozota: 28.11.2021, 21:31:18] --> Character leveled up to level 21
[wehocivozota: 28.11.2021, 21:32:05] --> Character leveled up to level 22
[wehocivozota: 28.11.2021, 21:33:11] --> Character leveled up to level 23
[wehocivozota: 28.11.2021, 21:34:56] --> Character leveled up to level 24
[wehocivozota: 28.11.2021, 21:35:36] --> zuneralowik appeared
[wehocivozota: 28.11.2021, 21:38:08] --> Character got kick
[wehocivozota: 28.11.2021, 21:38:29] --> burupokuki appeared
[wehocivozota: 28.11.2021, 21:39:54] --> Character leveled up to level 25
[wehocivozota: 28.11.2021, 21:41:56] --> Character leveled up to level 26
[wehocivozota: 28.11.2021, 21:41:58] --> durunepiper appeared
[wehocivozota: 28.11.2021, 21:42:02] --> zuneralowik appeared
[wehocivozota: 28.11.2021, 21:45:52] --> Character leveled up to level 27
[wehocivozota: 28.11.2021, 21:45:53] --> zuneralowik appeared
[wehocivozota: 28.11.2021, 21:48:44] --> Character leveled up to level 28
[wehocivozota: 28.11.2021, 21:51:11] --> yAYy6B appeared
[wehocivozota: 28.11.2021, 21:51:55] --> Character leveled up to level 29
[wehocivozota: 28.11.2021, 21:55:27] --> Character leveled up to level 30
[wehocivozota: 28.11.2021, 21:58:22] --> xora4 appeared
[wehocivozota: 28.11.2021, 21:58:42] --> Character leveled up to level 31
[wehocivozota: 28.11.2021, 21:58:44] --> Bot terminated: Character reached level 31
[lumobetifi:   28.11.2021, 21:59:47] --> Bot successfully started
[lumobetifi:   28.11.2021, 21:59:48] --> lebofasoker appeared
[lumobetifi:   28.11.2021, 21:59:48] --> Setting '1' loaded because of active level settings
[lumobetifi:   28.11.2021, 21:59:54] --> Character went to saleswoman
[lumobetifi:   28.11.2021, 21:59:57] --> Character was kicked from the bot, reason: Character was walking
[lumobetifi:   28.11.2021, 22:00:32] --> Character was kicked from the bot, reason: Character was walking
[lumobetifi:   28.11.2021, 22:00:44] --> Character leveled up to level 3
[lumobetifi:   28.11.2021, 22:00:45] --> Character leveled up to level 5
[lumobetifi:   28.11.2021, 22:00:46] --> Character leveled up to level 7
[lumobetifi:   28.11.2021, 22:00:47] --> Character leveled up to level 8
[lumobetifi:   28.11.2021, 22:00:48] --> Character leveled up to level 9
[lumobetifi:   28.11.2021, 22:00:50] --> Character leveled up to level 10
[lumobetifi:   28.11.2021, 22:00:52] --> Character leveled up to level 11
[lumobetifi:   28.11.2021, 22:00:57] --> Character leveled up to level 12
[lumobetifi:   28.11.2021, 22:00:59] --> Character leveled up to level 13
[lumobetifi:   28.11.2021, 22:01:12] --> Character leveled up to level 14
[lumobetifi:   28.11.2021, 22:01:21] --> Character leveled up to level 15
[lumobetifi:   28.11.2021, 22:01:21] --> Setting '2' loaded because of active level settings
[lumobetifi:   28.11.2021, 22:01:34] --> Character was kicked from the bot, reason: Character was walking
[lumobetifi:   28.11.2021, 22:01:38] --> zekulasipu appeared
[lumobetifi:   28.11.2021, 22:01:58] --> Character was kicked from the bot, reason: Character was walking
[lumobetifi:   28.11.2021, 22:03:38] --> Character leveled up to level 16
[lumobetifi:   28.11.2021, 22:04:02] --> xora4 appeared
[lumobetifi:   28.11.2021, 22:04:04] --> xora4 appeared
[lumobetifi:   28.11.2021, 22:04:16] --> Character leveled up to level 17
[lumobetifi:   28.11.2021, 22:04:51] --> Character leveled up to level 18
[lumobetifi:   28.11.2021, 22:05:48] --> Character leveled up to level 19
[lumobetifi:   28.11.2021, 22:06:40] --> Character leveled up to level 20
[lumobetifi:   28.11.2021, 22:07:47] --> Character leveled up to level 21
[lumobetifi:   28.11.2021, 22:08:50] --> berikevivod appeared
[lumobetifi:   28.11.2021, 22:09:49] --> 0attended07 appeared
[lumobetifi:   28.11.2021, 22:09:53] --> Character leveled up to level 22
[lumobetifi:   28.11.2021, 22:10:23] --> yAYy6B appeared
[lumobetifi:   28.11.2021, 22:11:16] --> Character leveled up to level 23
[lumobetifi:   28.11.2021, 22:12:26] --> pamemozete appeared
[lumobetifi:   28.11.2021, 22:14:23] --> Bot successfully started
[lumobetifi:   28.11.2021, 22:14:23] --> Setting '2' loaded because of active level settings
[lumobetifi:   28.11.2021, 22:14:23] --> rofoturopo appeared
[lumobetifi:   28.11.2021, 22:14:37] --> Character leveled up to level 24
[lumobetifi:   28.11.2021, 22:15:45] --> cagekepaka appeared
[lumobetifi:   28.11.2021, 22:16:38] --> 0attended07 appeared
[lumobetifi:   28.11.2021, 22:16:41] --> Character leveled up to level 25
[lumobetifi:   28.11.2021, 22:17:09] --> botofobezeg appeared
[lumobetifi:   28.11.2021, 22:19:28] --> 0attended07 appeared
[lumobetifi:   28.11.2021, 22:19:52] --> Character leveled up to level 26
[lumobetifi:   28.11.2021, 22:22:53] --> cagekepaka appeared
[lumobetifi:   28.11.2021, 22:22:54] --> Character leveled up to level 27
[lumobetifi:   28.11.2021, 22:23:51] --> cagekepaka appeared
[lumobetifi:   28.11.2021, 22:26:22] --> Character leveled up to level 28
[lumobetifi:   28.11.2021, 22:30:08] --> Character leveled up to level 29
[lumobetifi:   28.11.2021, 22:30:34] --> cagekepaka appeared
[lumobetifi:   28.11.2021, 22:32:31] --> tugapakebik appeared
[lumobetifi:   28.11.2021, 22:34:56] --> cagekepaka appeared
[lumobetifi:   28.11.2021, 22:35:47] --> Character leveled up to level 30
[lumobetifi:   28.11.2021, 22:36:22] --> hezunibora appeared
[lumobetifi:   28.11.2021, 22:40:34] --> Character got kick
[lumobetifi:   28.11.2021, 22:42:10] --> Character leveled up to level 31
[lumobetifi:   28.11.2021, 22:42:11] --> Bot terminated: Character reached level 31
[gevopakatu:   28.11.2021, 22:43:12] --> Bot successfully started
[gevopakatu:   28.11.2021, 22:43:12] --> zlDanyals appeared
[gevopakatu:   28.11.2021, 22:43:12] --> Setting '1' loaded because of active level settings
[gevopakatu:   28.11.2021, 22:43:18] --> Character went to saleswoman
[gevopakatu:   28.11.2021, 22:43:21] --> Character was kicked from the bot, reason: Character was walking
[gevopakatu:   28.11.2021, 22:43:54] --> Character was kicked from the bot, reason: Character was walking
[gevopakatu:   28.11.2021, 22:44:08] --> Character leveled up to level 2
[gevopakatu:   28.11.2021, 22:44:09] --> Character leveled up to level 3
[gevopakatu:   28.11.2021, 22:44:10] --> Character leveled up to level 4
[gevopakatu:   28.11.2021, 22:44:11] --> Character leveled up to level 5
[gevopakatu:   28.11.2021, 22:44:12] --> Character leveled up to level 6
[gevopakatu:   28.11.2021, 22:44:16] --> Character leveled up to level 7
[gevopakatu:   28.11.2021, 22:44:18] --> Character leveled up to level 8
[gevopakatu:   28.11.2021, 22:48:08] --> Character got kick
[gevopakatu:   28.11.2021, 22:48:16] --> Character leveled up to level 9
[gevopakatu:   28.11.2021, 22:48:16] --> Character died
[gevopakatu:   28.11.2021, 22:48:24] --> Character leveled up to level 10
[gevopakatu:   28.11.2021, 22:48:26] --> Character leveled up to level 11
[gevopakatu:   28.11.2021, 22:48:27] --> vivezitipi appeared
[gevopakatu:   28.11.2021, 22:49:16] --> Character died
[gevopakatu:   28.11.2021, 22:50:13] --> Character died
[gevopakatu:   28.11.2021, 22:50:30] --> Character leveled up to level 12
[gevopakatu:   28.11.2021, 22:50:35] --> Character leveled up to level 13
[gevopakatu:   28.11.2021, 22:50:45] --> vivezitipi appeared
[gevopakatu:   28.11.2021, 22:51:03] --> Character leveled up to level 14
[gevopakatu:   28.11.2021, 22:51:07] --> vivezitipi appeared
[gevopakatu:   28.11.2021, 22:51:13] --> Character leveled up to level 15
[gevopakatu:   28.11.2021, 22:51:13] --> Setting '2' loaded because of active level settings
[gevopakatu:   28.11.2021, 22:51:16] --> Character was kicked from the bot, reason: Character was walking
[gevopakatu:   28.11.2021, 22:51:27] --> Character was kicked from the bot, reason: Character was walking
[gevopakatu:   28.11.2021, 22:51:32] --> bohariwuraz appeared
[gevopakatu:   28.11.2021, 22:51:48] --> lewibizuzo appeared
[gevopakatu:   28.11.2021, 22:51:52] --> Character was kicked from the bot, reason: Character was walking
[gevopakatu:   28.11.2021, 22:52:00] --> cagekepaka appeared
[gevopakatu:   28.11.2021, 22:52:36] --> yAYy6B appeared
[gevopakatu:   28.11.2021, 22:52:37] --> Character leveled up to level 16
[gevopakatu:   28.11.2021, 22:52:55] --> Character leveled up to level 17
[gevopakatu:   28.11.2021, 22:52:59] --> yAYy6B appeared
[gevopakatu:   28.11.2021, 22:53:32] --> Character leveled up to level 18
[gevopakatu:   28.11.2021, 22:54:01] --> yAYy6B appeared
[gevopakatu:   28.11.2021, 22:54:23] --> yAYy6B appeared
[gevopakatu:   28.11.2021, 22:54:38] --> Character leveled up to level 19
[gevopakatu:   28.11.2021, 22:54:46] --> Character got kick
[gevopakatu:   28.11.2021, 22:55:21] --> fipizupetok appeared
[gevopakatu:   28.11.2021, 22:56:20] --> Character got kick
[gevopakatu:   28.11.2021, 22:56:50] --> Character died
[gevopakatu:   28.11.2021, 22:57:19] --> fipizupetok appeared
[gevopakatu:   28.11.2021, 22:57:22] --> Character leveled up to level 20
[gevopakatu:   28.11.2021, 22:57:29] --> gozotumazu appeared
[gevopakatu:   28.11.2021, 22:58:54] --> Character leveled up to level 21
[gevopakatu:   28.11.2021, 23:00:52] --> Character leveled up to level 22
[gevopakatu:   28.11.2021, 23:01:20] --> rirokazekih appeared
[gevopakatu:   28.11.2021, 23:02:23] --> Character leveled up to level 23
[gevopakatu:   28.11.2021, 23:04:36] --> Character leveled up to level 24
[gevopakatu:   28.11.2021, 23:09:30] --> Character got kick
[gevopakatu:   28.11.2021, 23:13:17] --> Character leveled up to level 25
[gevopakatu:   28.11.2021, 23:15:10] --> rirokazekih appeared
[gevopakatu:   28.11.2021, 23:15:23] --> rirokazekih appeared
[gevopakatu:   28.11.2021, 23:18:08] --> Character leveled up to level 26
[gevopakatu:   28.11.2021, 23:18:40] --> yAYy6B appeared
[gevopakatu:   28.11.2021, 23:19:12] --> 0attended07 appeared
[gevopakatu:   28.11.2021, 23:19:47] --> rirokazekih appeared
[gevopakatu:   28.11.2021, 23:21:32] --> Character leveled up to level 27
[gevopakatu:   28.11.2021, 23:22:39] --> rirokazekih appeared
[gevopakatu:   28.11.2021, 23:24:31] --> berikevivod appeared
[gevopakatu:   28.11.2021, 23:24:32] --> Character leveled up to level 28
[gevopakatu:   28.11.2021, 23:25:34] --> rirokazekih appeared
[gevopakatu:   28.11.2021, 23:27:21] --> 0attended07 appeared
[gevopakatu:   28.11.2021, 23:27:40] --> Character leveled up to level 29
[gevopakatu:   28.11.2021, 23:28:52] --> zomuvezorib appeared
[gevopakatu:   28.11.2021, 23:29:19] --> 0attended07 appeared
[gevopakatu:   28.11.2021, 23:31:33] --> Bot successfully started
[gevopakatu:   28.11.2021, 23:31:33] --> Setting '2' loaded because of active level settings
[gevopakatu:   28.11.2021, 23:31:33] --> hezunibora appeared
[gevopakatu:   28.11.2021, 23:32:47] --> rirokazekih appeared
[gevopakatu:   28.11.2021, 23:33:03] --> Character leveled up to level 30
[gevopakatu:   28.11.2021, 23:33:14] --> hezunibora appeared
[gevopakatu:   28.11.2021, 23:33:45] --> zomuvezorib appeared
[gevopakatu:   28.11.2021, 23:34:12] --> zezokemewop appeared
[gevopakatu:   28.11.2021, 23:34:45] --> sekezofofi appeared
[gevopakatu:   28.11.2021, 23:35:13] --> sekezofofi appeared
[gevopakatu:   28.11.2021, 23:36:15] --> Character leveled up to level 31
[gevopakatu:   28.11.2021, 23:36:17] --> Bot terminated: Character reached level 31
[sakoremazo:   28.11.2021, 23:37:14] --> Bot successfully started
[sakoremazo:   28.11.2021, 23:37:14] --> Setting '1' loaded because of active level settings
[sakoremazo:   28.11.2021, 23:37:21] --> Character went to saleswoman
[sakoremazo:   28.11.2021, 23:37:24] --> Character was kicked from the bot, reason: Character was walking
[sakoremazo:   28.11.2021, 23:37:29] --> lovezuwepu appeared
[sakoremazo:   28.11.2021, 23:37:56] --> Character was kicked from the bot, reason: Character was walking
[sakoremazo:   28.11.2021, 23:38:16] --> Character leveled up to level 2
[sakoremazo:   28.11.2021, 23:38:18] --> Character leveled up to level 4
[sakoremazo:   28.11.2021, 23:38:19] --> Character leveled up to level 5
[sakoremazo:   28.11.2021, 23:38:20] --> Character leveled up to level 7
[sakoremazo:   28.11.2021, 23:38:21] --> Character leveled up to level 8
[sakoremazo:   28.11.2021, 23:38:22] --> Character leveled up to level 9
[sakoremazo:   28.11.2021, 23:38:23] --> gugogefugabu appeared
[sakoremazo:   28.11.2021, 23:38:25] --> Character leveled up to level 10
[sakoremazo:   28.11.2021, 23:38:31] --> Character leveled up to level 11
[sakoremazo:   28.11.2021, 23:38:40] --> Character leveled up to level 12
[sakoremazo:   28.11.2021, 23:38:46] --> Character leveled up to level 13
[sakoremazo:   28.11.2021, 23:39:06] --> Character leveled up to level 14
[sakoremazo:   28.11.2021, 23:39:42] --> dawotagecu appeared
[sakoremazo:   28.11.2021, 23:39:42] --> Character leveled up to level 15
[sakoremazo:   28.11.2021, 23:39:43] --> Setting '2' loaded because of active level settings
[sakoremazo:   28.11.2021, 23:39:47] --> Character was kicked from the bot, reason: Character was walking
[sakoremazo:   28.11.2021, 23:39:56] --> Character was kicked from the bot, reason: Character was walking
[sakoremazo:   28.11.2021, 23:40:02] --> zebepucopihi appeared
[sakoremazo:   28.11.2021, 23:40:20] --> fipizupetok appeared
[sakoremazo:   28.11.2021, 23:40:22] --> Character was kicked from the bot, reason: Character was walking
[sakoremazo:   28.11.2021, 23:40:25] --> 0attended07 appeared
[sakoremazo:   28.11.2021, 23:41:55] --> Character leveled up to level 16
[sakoremazo:   28.11.2021, 23:41:55] --> 0attended07 appeared
[sakoremazo:   28.11.2021, 23:42:48] --> Character leveled up to level 17
[sakoremazo:   28.11.2021, 23:42:56] --> zezokemewop appeared
[sakoremazo:   28.11.2021, 23:42:58] --> yAYy6B appeared
[sakoremazo:   28.11.2021, 23:44:53] --> Character leveled up to level 18
[sakoremazo:   28.11.2021, 23:44:53] --> kuvefozewi appeared
[sakoremazo:   28.11.2021, 23:45:21] --> yAYy6B appeared
[sakoremazo:   28.11.2021, 23:46:31] --> Character leveled up to level 19
[sakoremazo:   28.11.2021, 23:47:53] --> Bot successfully started
[sakoremazo:   28.11.2021, 23:47:53] --> Setting '2' loaded because of active level settings
[sakoremazo:   28.11.2021, 23:47:53] --> fipizupetok appeared
[sakoremazo:   28.11.2021, 23:48:49] --> Character leveled up to level 20
[sakoremazo:   28.11.2021, 23:50:12] --> Character leveled up to level 21
[sakoremazo:   28.11.2021, 23:51:33] --> pifisurevi appeared
[sakoremazo:   28.11.2021, 23:51:36] --> fipizupetok appeared
[sakoremazo:   28.11.2021, 23:51:46] --> Character leveled up to level 22
[sakoremazo:   28.11.2021, 23:52:07] --> kuvefozewi appeared
[sakoremazo:   28.11.2021, 23:54:00] --> Character leveled up to level 23
[sakoremazo:   28.11.2021, 23:55:58] --> Character leveled up to level 24
[sakoremazo:   28.11.2021, 23:57:47] --> Bot successfully started
[sakoremazo:   28.11.2021, 23:57:47] --> berikevivod appeared
[sakoremazo:   28.11.2021, 23:57:47] --> Setting '2' loaded because of active level settings
[sakoremazo:   29.11.2021, 00:00:13] --> Character leveled up to level 25
[sakoremazo:   29.11.2021, 00:02:26] --> Character leveled up to level 26
[sakoremazo:   29.11.2021, 00:03:39] --> romopuvociza appeared
[sakoremazo:   29.11.2021, 00:05:28] --> Character leveled up to level 27
[sakoremazo:   29.11.2021, 00:08:39] --> Character leveled up to level 28
[sakoremazo:   29.11.2021, 00:10:24] --> kuvefozewi appeared
[sakoremazo:   29.11.2021, 00:11:54] --> kuvefozewi appeared
[sakoremazo:   29.11.2021, 00:11:57] --> Character leveled up to level 29
[sakoremazo:   29.11.2021, 00:12:19] --> 0attended07 appeared
[sakoremazo:   29.11.2021, 00:12:52] --> kuvefozewi appeared
[sakoremazo:   29.11.2021, 00:15:44] --> romopuvociza appeared
[sakoremazo:   29.11.2021, 00:16:45] --> Character leveled up to level 30
[sakoremazo:   29.11.2021, 00:17:11] --> kuvefozewi appeared
[sakoremazo:   29.11.2021, 00:17:39] --> romopuvociza appeared
[sakoremazo:   29.11.2021, 00:20:34] --> Character leveled up to level 31
[sakoremazo:   29.11.2021, 00:20:35] --> Bot terminated: Character reached level 31
