[bufizuzekemo: 28.11.2021, 19:46:54] --> Bot successfully started
[bufizuzekemo: 28.11.2021, 19:46:54] --> MicTuga appeared
[bufizuzekemo: 28.11.2021, 20:03:45] --> Changing into CH9
[bufizuzekemo: 28.11.2021, 20:04:34] --> Character was kicked from the bot, reason: Changing character
[bufizuzekemo: 28.11.2021, 20:06:32] --> Character was kicked from the bot, reason: Changing character
[bufizuzekemo: 28.11.2021, 20:06:38] --> Svenner appeared
[zesebifebik:  28.11.2021, 20:08:32] --> Character was kicked from the bot, reason: Changing character
[kufurefoko:   28.11.2021, 20:10:33] --> Character was kicked from the bot, reason: Changing character
[pefuhiweboku: 28.11.2021, 20:13:56] --> Character was kicked from the bot, reason: Changing character
[zubegafubu:   28.11.2021, 20:16:31] --> Bot successfully started
[zubegafubu:   28.11.2021, 20:16:31] --> lobalokebu appeared
[bufizuzekemo: 28.11.2021, 20:37:50] --> Bot successfully started
[bufizuzekemo: 28.11.2021, 20:37:50] --> Setting '1' loaded because of active level settings
[bufizuzekemo: 28.11.2021, 20:37:50] --> PMzJisoo appeared
[bufizuzekemo: 28.11.2021, 20:37:56] --> Character went to saleswoman
[bufizuzekemo: 28.11.2021, 20:38:00] --> Character was kicked from the bot, reason: Character was walking
[bufizuzekemo: 28.11.2021, 20:38:33] --> Character was kicked from the bot, reason: Character was walking
[bufizuzekemo: 28.11.2021, 20:38:46] --> Character leveled up to level 4
[bufizuzekemo: 28.11.2021, 20:38:47] --> Character leveled up to level 7
[bufizuzekemo: 28.11.2021, 20:38:48] --> Character leveled up to level 8
[bufizuzekemo: 28.11.2021, 20:38:49] --> Character leveled up to level 9
[bufizuzekemo: 28.11.2021, 20:38:50] --> pihugunepu appeared
[bufizuzekemo: 28.11.2021, 20:38:53] --> Character leveled up to level 10
[bufizuzekemo: 28.11.2021, 20:38:58] --> Character leveled up to level 11
[bufizuzekemo: 28.11.2021, 20:39:01] --> Character leveled up to level 12
[bufizuzekemo: 28.11.2021, 20:39:06] --> Character leveled up to level 13
[bufizuzekemo: 28.11.2021, 20:39:16] --> pihugunepu appeared
[bufizuzekemo: 28.11.2021, 20:39:23] --> Character leveled up to level 14
[bufizuzekemo: 28.11.2021, 20:39:44] --> pihugunepu appeared
[bufizuzekemo: 28.11.2021, 20:39:52] --> Character leveled up to level 15
[bufizuzekemo: 28.11.2021, 20:39:52] --> Setting '2' loaded because of active level settings
[bufizuzekemo: 28.11.2021, 20:40:05] --> Character was kicked from the bot, reason: Character was walking
[bufizuzekemo: 28.11.2021, 20:40:13] --> sogebopina appeared
[bufizuzekemo: 28.11.2021, 20:40:30] --> Character was kicked from the bot, reason: Character was walking
[bufizuzekemo: 28.11.2021, 20:40:35] --> 8princess92 appeared
[bufizuzekemo: 28.11.2021, 20:40:45] --> kXndJf appeared
[bufizuzekemo: 28.11.2021, 20:41:09] --> 8princess92 appeared
[bufizuzekemo: 28.11.2021, 20:41:13] --> Character died
[bufizuzekemo: 28.11.2021, 20:41:24] --> kXndJf appeared
[bufizuzekemo: 28.11.2021, 20:42:09] --> Character leveled up to level 16
[bufizuzekemo: 28.11.2021, 20:42:13] --> kXndJf appeared
[bufizuzekemo: 28.11.2021, 20:42:32] --> pugovapokafa appeared
[bufizuzekemo: 28.11.2021, 20:42:37] --> Character leveled up to level 17
[bufizuzekemo: 28.11.2021, 20:43:02] --> rubikozavire appeared
[bufizuzekemo: 28.11.2021, 20:43:26] --> Character leveled up to level 18
[bufizuzekemo: 28.11.2021, 20:43:33] --> rubikozavire appeared
[bufizuzekemo: 28.11.2021, 20:43:41] --> kXndJf appeared
[bufizuzekemo: 28.11.2021, 20:43:51] --> Character leveled up to level 19
[bufizuzekemo: 28.11.2021, 20:44:03] --> kXndJf appeared
[bufizuzekemo: 28.11.2021, 20:44:28] --> Character leveled up to level 20
[bufizuzekemo: 28.11.2021, 20:44:28] --> 8princess92 appeared
[bufizuzekemo: 28.11.2021, 20:44:37] --> kXndJf appeared
[bufizuzekemo: 28.11.2021, 20:45:00] --> aimDLL appeared
[bufizuzekemo: 28.11.2021, 20:45:26] --> pugovapokafa appeared
[bufizuzekemo: 28.11.2021, 20:45:39] --> kXndJf appeared
[bufizuzekemo: 28.11.2021, 20:45:44] --> Character leveled up to level 21
[bufizuzekemo: 28.11.2021, 20:45:44] --> kXndJf appeared
[bufizuzekemo: 28.11.2021, 20:46:23] --> rubikozavire appeared
[bufizuzekemo: 28.11.2021, 20:46:31] --> kXndJf appeared
[bufizuzekemo: 28.11.2021, 20:46:54] --> 8princess92 appeared
[bufizuzekemo: 28.11.2021, 20:46:56] --> Character leveled up to level 22
[bufizuzekemo: 28.11.2021, 20:47:05] --> kXndJf appeared
[bufizuzekemo: 28.11.2021, 20:47:32] --> kXndJf appeared
[bufizuzekemo: 28.11.2021, 20:47:45] --> 8princess92 appeared
[bufizuzekemo: 28.11.2021, 20:47:53] --> Character leveled up to level 23
[bufizuzekemo: 28.11.2021, 20:48:33] --> kXndJf appeared
[bufizuzekemo: 28.11.2021, 20:48:45] --> rubikozavire appeared
[bufizuzekemo: 28.11.2021, 20:48:51] --> Character leveled up to level 24
[bufizuzekemo: 28.11.2021, 20:49:10] --> kXndJf appeared
[bufizuzekemo: 28.11.2021, 20:51:54] --> Bot successfully started
[bufizuzekemo: 28.11.2021, 20:51:54] --> Setting '2' loaded because of active level settings
[bufizuzekemo: 28.11.2021, 20:51:57] --> rubikozavire appeared
[bufizuzekemo: 28.11.2021, 20:52:11] --> pugovapokafa appeared
[bufizuzekemo: 28.11.2021, 20:52:17] --> funerovofovo appeared
[bufizuzekemo: 28.11.2021, 20:52:18] --> Character leveled up to level 25
[bufizuzekemo: 28.11.2021, 20:52:27] --> 8princess92 appeared
[bufizuzekemo: 28.11.2021, 20:52:45] --> funerovofovo appeared
[bufizuzekemo: 28.11.2021, 20:52:54] --> 8princess92 appeared
[bufizuzekemo: 28.11.2021, 20:52:58] --> 8princess92 appeared
[bufizuzekemo: 28.11.2021, 20:53:15] --> funerovofovo appeared
[bufizuzekemo: 28.11.2021, 20:53:19] --> Character leveled up to level 26
[bufizuzekemo: 28.11.2021, 20:53:22] --> kXndJf appeared
[bufizuzekemo: 28.11.2021, 20:53:42] --> funerovofovo appeared
[bufizuzekemo: 28.11.2021, 20:53:55] --> 8princess92 appeared
[bufizuzekemo: 28.11.2021, 20:54:32] --> pugovapokafa appeared
[bufizuzekemo: 28.11.2021, 20:54:36] --> pugovapokafa appeared
[bufizuzekemo: 28.11.2021, 20:54:44] --> Character leveled up to level 27
[bufizuzekemo: 28.11.2021, 20:54:58] --> 8princess92 appeared
[bufizuzekemo: 28.11.2021, 20:55:04] --> 8princess92 appeared
[bufizuzekemo: 28.11.2021, 20:55:17] --> kXndJf appeared
[bufizuzekemo: 28.11.2021, 20:55:23] --> Character died
[bufizuzekemo: 28.11.2021, 20:55:41] --> Character died
[bufizuzekemo: 28.11.2021, 20:55:45] --> Character got kick
[bufizuzekemo: 28.11.2021, 20:58:34] --> Bot successfully started
[bufizuzekemo: 28.11.2021, 20:58:34] --> Setting '2' loaded because of active level settings
[bufizuzekemo: 28.11.2021, 20:58:41] --> pugovapokafa appeared
[bufizuzekemo: 28.11.2021, 20:59:10] --> 8princess92 appeared
[bufizuzekemo: 28.11.2021, 20:59:30] --> Character leveled up to level 28
[bufizuzekemo: 28.11.2021, 20:59:37] --> pugovapokafa appeared
[bufizuzekemo: 28.11.2021, 21:00:12] --> 8princess92 appeared
[bufizuzekemo: 28.11.2021, 21:00:39] --> 8princess92 appeared
[bufizuzekemo: 28.11.2021, 21:00:59] --> Character leveled up to level 29
[bufizuzekemo: 28.11.2021, 21:01:36] --> 8princess92 appeared
[bufizuzekemo: 28.11.2021, 21:02:04] --> 8princess92 appeared
[bufizuzekemo: 28.11.2021, 21:02:23] --> Pipinha appeared
[bufizuzekemo: 28.11.2021, 21:02:30] --> Character leveled up to level 30
[bufizuzekemo: 28.11.2021, 21:02:36] --> 8princess92 appeared
[bufizuzekemo: 28.11.2021, 21:03:05] --> 8princess92 appeared
[bufizuzekemo: 28.11.2021, 21:03:30] --> 8princess92 appeared
[bufizuzekemo: 28.11.2021, 21:04:00] --> rubikozavire appeared
[bufizuzekemo: 28.11.2021, 21:04:07] --> Character leveled up to level 31
[bufizuzekemo: 28.11.2021, 21:04:09] --> Bot terminated: Character reached level 31
[zesebifebik:  28.11.2021, 21:05:12] --> Bot successfully started
[zesebifebik:  28.11.2021, 21:05:12] --> ABitStewpid appeared
[zesebifebik:  28.11.2021, 21:05:12] --> Setting '1' loaded because of active level settings
[zesebifebik:  28.11.2021, 21:05:18] --> Character went to saleswoman
[zesebifebik:  28.11.2021, 21:05:21] --> Character was kicked from the bot, reason: Character was walking
[zesebifebik:  28.11.2021, 21:05:53] --> Character was kicked from the bot, reason: Character was walking
[zesebifebik:  28.11.2021, 21:06:06] --> Character leveled up to level 2
[zesebifebik:  28.11.2021, 21:06:07] --> Character leveled up to level 6
[zesebifebik:  28.11.2021, 21:06:08] --> Character leveled up to level 8
[zesebifebik:  28.11.2021, 21:06:09] --> Character leveled up to level 9
[zesebifebik:  28.11.2021, 21:06:13] --> Character leveled up to level 10
[zesebifebik:  28.11.2021, 21:06:19] --> Character leveled up to level 11
[zesebifebik:  28.11.2021, 21:06:20] --> Character leveled up to level 12
[zesebifebik:  28.11.2021, 21:06:28] --> Character leveled up to level 13
[zesebifebik:  28.11.2021, 21:06:43] --> Character leveled up to level 14
[zesebifebik:  28.11.2021, 21:06:52] --> Character leveled up to level 15
[zesebifebik:  28.11.2021, 21:06:53] --> Setting '2' loaded because of active level settings
[zesebifebik:  28.11.2021, 21:07:01] --> Cxiomi appeared
[zesebifebik:  28.11.2021, 21:07:07] --> Character was kicked from the bot, reason: Character was walking
[zesebifebik:  28.11.2021, 21:07:11] --> crezita appeared
[zesebifebik:  28.11.2021, 21:07:31] --> Character was kicked from the bot, reason: Character was walking
[zesebifebik:  28.11.2021, 21:07:35] --> 8princess92 appeared
[zesebifebik:  28.11.2021, 21:07:46] --> kXndJf appeared
[zesebifebik:  28.11.2021, 21:08:41] --> 8princess92 appeared
[zesebifebik:  28.11.2021, 21:08:47] --> Character leveled up to level 16
[zesebifebik:  28.11.2021, 21:08:47] --> kXndJf appeared
[zesebifebik:  28.11.2021, 21:09:06] --> 8princess92 appeared
[zesebifebik:  28.11.2021, 21:09:09] --> Character leveled up to level 17
[zesebifebik:  28.11.2021, 21:09:34] --> 8princess92 appeared
[zesebifebik:  28.11.2021, 21:09:43] --> Character leveled up to level 18
[zesebifebik:  28.11.2021, 21:10:12] --> kXndJf appeared
[zesebifebik:  28.11.2021, 21:10:29] --> kXndJf appeared
[zesebifebik:  28.11.2021, 21:10:33] --> 8princess92 appeared
[zesebifebik:  28.11.2021, 21:10:40] --> Character leveled up to level 19
[zesebifebik:  28.11.2021, 21:10:54] --> pugovapokafa appeared
[zesebifebik:  28.11.2021, 21:10:58] --> kXndJf appeared
[zesebifebik:  28.11.2021, 21:11:24] --> Rowellgod appeared
[zesebifebik:  28.11.2021, 21:11:37] --> kXndJf appeared
[zesebifebik:  28.11.2021, 21:11:55] --> kXndJf appeared
[zesebifebik:  28.11.2021, 21:11:55] --> Character leveled up to level 20
[zesebifebik:  28.11.2021, 21:12:03] --> kXndJf appeared
[zesebifebik:  28.11.2021, 21:12:24] --> kXndJf appeared
[zesebifebik:  28.11.2021, 21:12:51] --> 8princess92 appeared
[zesebifebik:  28.11.2021, 21:13:01] --> kXndJf appeared
[zesebifebik:  28.11.2021, 21:13:06] --> Character leveled up to level 21
[zesebifebik:  28.11.2021, 21:13:21] --> kXndJf appeared
[zesebifebik:  28.11.2021, 21:13:30] --> kXndJf appeared
[zesebifebik:  28.11.2021, 21:13:50] --> kXndJf appeared
[zesebifebik:  28.11.2021, 21:14:09] --> Character leveled up to level 22
[zesebifebik:  28.11.2021, 21:14:17] --> pugovapokafa appeared
[zesebifebik:  28.11.2021, 21:14:46] --> kXndJf appeared
[zesebifebik:  28.11.2021, 21:14:49] --> rubikozavire appeared
[zesebifebik:  28.11.2021, 21:15:15] --> kXndJf appeared
[zesebifebik:  28.11.2021, 21:15:48] --> 8princess92 appeared
[zesebifebik:  28.11.2021, 21:15:54] --> Character leveled up to level 23
[zesebifebik:  28.11.2021, 21:16:10] --> pugovapokafa appeared
[zesebifebik:  28.11.2021, 21:16:16] --> pugovapokafa appeared
[zesebifebik:  28.11.2021, 21:16:21] --> kXndJf appeared
[zesebifebik:  28.11.2021, 21:16:28] --> kXndJf appeared
[zesebifebik:  28.11.2021, 21:16:40] --> kXndJf appeared
[zesebifebik:  28.11.2021, 21:16:51] --> kXndJf appeared
[zesebifebik:  28.11.2021, 21:17:05] --> kXndJf appeared
[zesebifebik:  28.11.2021, 21:17:12] --> 8princess92 appeared
[zesebifebik:  28.11.2021, 21:17:34] --> kXndJf appeared
[zesebifebik:  28.11.2021, 21:17:51] --> Character leveled up to level 24
[zesebifebik:  28.11.2021, 21:17:53] --> kXndJf appeared
[zesebifebik:  28.11.2021, 21:18:02] --> kXndJf appeared
[zesebifebik:  28.11.2021, 21:18:31] --> kXndJf appeared
[zesebifebik:  28.11.2021, 21:18:41] --> 8princess92 appeared
[zesebifebik:  28.11.2021, 21:18:59] --> kXndJf appeared
[zesebifebik:  28.11.2021, 21:19:16] --> Character leveled up to level 25
[zesebifebik:  28.11.2021, 21:19:17] --> kXndJf appeared
[zesebifebik:  28.11.2021, 21:19:27] --> kXndJf appeared
[zesebifebik:  28.11.2021, 21:20:04] --> pugovapokafa appeared
[zesebifebik:  28.11.2021, 21:20:25] --> kXndJf appeared
[zesebifebik:  28.11.2021, 21:20:45] --> kXndJf appeared
[zesebifebik:  28.11.2021, 21:20:53] --> kXndJf appeared
[zesebifebik:  28.11.2021, 21:21:22] --> kXndJf appeared
[zesebifebik:  28.11.2021, 21:21:32] --> pugovapokafa appeared
[zesebifebik:  28.11.2021, 21:21:37] --> kXndJf appeared
[zesebifebik:  28.11.2021, 21:21:46] --> kXndJf appeared
[zesebifebik:  28.11.2021, 21:21:59] --> 8princess92 appeared
[zesebifebik:  28.11.2021, 21:22:08] --> kXndJf appeared
[zesebifebik:  28.11.2021, 21:22:10] --> Character leveled up to level 26
[zesebifebik:  28.11.2021, 21:22:34] --> kXndJf appeared
[zesebifebik:  28.11.2021, 21:22:43] --> kXndJf appeared
[zesebifebik:  28.11.2021, 21:22:58] --> 8princess92 appeared
[zesebifebik:  28.11.2021, 21:23:02] --> kXndJf appeared
[zesebifebik:  28.11.2021, 21:23:12] --> kXndJf appeared
[zesebifebik:  28.11.2021, 21:23:25] --> 8princess92 appeared
[zesebifebik:  28.11.2021, 21:23:34] --> kXndJf appeared
[zesebifebik:  28.11.2021, 21:23:46] --> kXndJf appeared
[zesebifebik:  28.11.2021, 21:24:13] --> kXndJf appeared
[zesebifebik:  28.11.2021, 21:24:13] --> Character leveled up to level 27
[zesebifebik:  28.11.2021, 21:24:27] --> kXndJf appeared
[zesebifebik:  28.11.2021, 21:25:00] --> kXndJf appeared
[zesebifebik:  28.11.2021, 21:25:12] --> kXndJf appeared
[zesebifebik:  28.11.2021, 21:25:22] --> 8princess92 appeared
[zesebifebik:  28.11.2021, 21:25:40] --> kXndJf appeared
[zesebifebik:  28.11.2021, 21:25:53] --> kXndJf appeared
[zesebifebik:  28.11.2021, 21:26:08] --> kXndJf appeared
[zesebifebik:  28.11.2021, 21:26:28] --> kXndJf appeared
[zesebifebik:  28.11.2021, 21:26:39] --> kXndJf appeared
[zesebifebik:  28.11.2021, 21:26:49] --> Character leveled up to level 28
[zesebifebik:  28.11.2021, 21:27:08] --> kXndJf appeared
[zesebifebik:  28.11.2021, 21:27:15] --> 8princess92 appeared
[zesebifebik:  28.11.2021, 21:27:35] --> kXndJf appeared
[zesebifebik:  28.11.2021, 21:27:52] --> pugovapokafa appeared
[zesebifebik:  28.11.2021, 21:28:06] --> kXndJf appeared
[zesebifebik:  28.11.2021, 21:30:41] --> Character got kick
[zesebifebik:  28.11.2021, 21:30:52] --> kXndJf appeared
[zesebifebik:  28.11.2021, 21:31:31] --> kXndJf appeared
[zesebifebik:  28.11.2021, 21:31:47] --> 8princess92 appeared
[zesebifebik:  28.11.2021, 21:32:12] --> Character leveled up to level 29
[zesebifebik:  28.11.2021, 21:32:40] --> 8princess92 appeared
[zesebifebik:  28.11.2021, 21:32:54] --> kXndJf appeared
[zesebifebik:  28.11.2021, 21:33:12] --> rubikozavire appeared
[zesebifebik:  28.11.2021, 21:33:41] --> 8princess92 appeared
[zesebifebik:  28.11.2021, 21:34:06] --> pugovapokafa appeared
[zesebifebik:  28.11.2021, 21:34:18] --> kXndJf appeared
[zesebifebik:  28.11.2021, 21:34:37] --> kXndJf appeared
[zesebifebik:  28.11.2021, 21:34:40] --> rubikozavire appeared
[zesebifebik:  28.11.2021, 21:35:02] --> pugovapokafa appeared
[zesebifebik:  28.11.2021, 21:35:23] --> Character leveled up to level 30
[zesebifebik:  28.11.2021, 21:35:43] --> kXndJf appeared
[zesebifebik:  28.11.2021, 21:35:52] --> Character got kick
[zesebifebik:  28.11.2021, 21:36:01] --> kXndJf appeared
[zesebifebik:  28.11.2021, 21:36:31] --> kXndJf appeared
[zesebifebik:  28.11.2021, 21:36:54] --> 8princess92 appeared
[zesebifebik:  28.11.2021, 21:37:06] --> kXndJf appeared
[zesebifebik:  28.11.2021, 21:37:51] --> rubikozavire appeared
[zesebifebik:  28.11.2021, 21:38:11] --> Character leveled up to level 31
[zesebifebik:  28.11.2021, 21:38:12] --> Bot terminated: Character reached level 31
[zesebifebik:  28.11.2021, 21:39:57] --> Bot successfully started
[zesebifebik:  28.11.2021, 21:39:57] --> kXndJf appeared
[zesebifebik:  28.11.2021, 21:40:07] --> Setting '2' loaded because of active level settings
[zesebifebik:  28.11.2021, 21:40:10] --> Bot terminated: Character reached level 31
[kufurefoko:   28.11.2021, 21:41:13] --> Bot successfully started
[kufurefoko:   28.11.2021, 21:41:14] --> SteelBlack appeared
[kufurefoko:   28.11.2021, 21:41:14] --> Setting '1' loaded because of active level settings
[kufurefoko:   28.11.2021, 21:41:20] --> Character went to saleswoman
[kufurefoko:   28.11.2021, 21:41:23] --> Character was kicked from the bot, reason: Character was walking
[kufurefoko:   28.11.2021, 21:41:58] --> Character was kicked from the bot, reason: Character was walking
[kufurefoko:   28.11.2021, 21:42:11] --> Character leveled up to level 2
[kufurefoko:   28.11.2021, 21:42:12] --> Character leveled up to level 4
[kufurefoko:   28.11.2021, 21:42:13] --> Character leveled up to level 5
[kufurefoko:   28.11.2021, 21:42:17] --> Character leveled up to level 6
[kufurefoko:   28.11.2021, 21:42:22] --> Character leveled up to level 7
[kufurefoko:   28.11.2021, 21:42:24] --> Character leveled up to level 9
[kufurefoko:   28.11.2021, 21:42:25] --> Character leveled up to level 10
[kufurefoko:   28.11.2021, 21:42:26] --> fawuvurazazu appeared
[kufurefoko:   28.11.2021, 21:42:28] --> Character leveled up to level 11
[kufurefoko:   28.11.2021, 21:42:29] --> Character leveled up to level 12
[kufurefoko:   28.11.2021, 21:42:37] --> fawuvurazazu appeared
[kufurefoko:   28.11.2021, 21:42:56] --> fawuvurazazu appeared
[kufurefoko:   28.11.2021, 21:43:13] --> Character leveled up to level 13
[kufurefoko:   28.11.2021, 21:43:29] --> Character leveled up to level 14
[kufurefoko:   28.11.2021, 21:43:36] --> fawuvurazazu appeared
[kufurefoko:   28.11.2021, 21:43:47] --> fawuvurazazu appeared
[kufurefoko:   28.11.2021, 21:44:26] --> Character leveled up to level 15
[kufurefoko:   28.11.2021, 21:44:26] --> Setting '2' loaded because of active level settings
[kufurefoko:   28.11.2021, 21:44:28] --> fawuvurazazu appeared
[kufurefoko:   28.11.2021, 21:44:36] --> fawuvurazazu appeared
[kufurefoko:   28.11.2021, 21:44:41] --> Character was kicked from the bot, reason: Character was walking
[kufurefoko:   28.11.2021, 21:44:46] --> fawuvurazazu appeared
[kufurefoko:   28.11.2021, 21:44:53] --> bopibugiza appeared
[kufurefoko:   28.11.2021, 21:45:06] --> Character was kicked from the bot, reason: Character was walking
[kufurefoko:   28.11.2021, 21:45:09] --> 8princess92 appeared
[kufurefoko:   28.11.2021, 21:45:25] --> kXndJf appeared
[kufurefoko:   28.11.2021, 21:45:41] --> rubikozavire appeared
[kufurefoko:   28.11.2021, 21:45:52] --> Character leveled up to level 16
[kufurefoko:   28.11.2021, 21:46:38] --> pugovapokafa appeared
[kufurefoko:   28.11.2021, 21:46:42] --> Character leveled up to level 17
[kufurefoko:   28.11.2021, 21:46:52] --> kXndJf appeared
[kufurefoko:   28.11.2021, 21:47:09] --> 8princess92 appeared
[kufurefoko:   28.11.2021, 21:47:28] --> Character leveled up to level 18
[kufurefoko:   28.11.2021, 21:47:39] --> kXndJf appeared
[kufurefoko:   28.11.2021, 21:48:15] --> kXndJf appeared
[kufurefoko:   28.11.2021, 21:48:33] --> kXndJf appeared
[kufurefoko:   28.11.2021, 21:48:37] --> 8princess92 appeared
[kufurefoko:   28.11.2021, 21:48:41] --> kXndJf appeared
[kufurefoko:   28.11.2021, 21:48:41] --> Character leveled up to level 19
[kufurefoko:   28.11.2021, 21:49:02] --> kXndJf appeared
[kufurefoko:   28.11.2021, 21:49:26] --> pugovapokafa appeared
[kufurefoko:   28.11.2021, 21:49:40] --> kXndJf appeared
[kufurefoko:   28.11.2021, 21:49:57] --> kXndJf appeared
[kufurefoko:   28.11.2021, 21:50:04] --> 8princess92 appeared
[kufurefoko:   28.11.2021, 21:50:14] --> kXndJf appeared
[kufurefoko:   28.11.2021, 21:50:22] --> Character leveled up to level 20
[kufurefoko:   28.11.2021, 21:50:24] --> kXndJf appeared
[kufurefoko:   28.11.2021, 21:50:53] --> kXndJf appeared
[kufurefoko:   28.11.2021, 21:51:00] --> rubikozavire appeared
[kufurefoko:   28.11.2021, 21:51:39] --> kXndJf appeared
[kufurefoko:   28.11.2021, 21:51:52] --> kXndJf appeared
[kufurefoko:   28.11.2021, 21:51:55] --> Character leveled up to level 21
[kufurefoko:   28.11.2021, 21:52:14] --> kXndJf appeared
[kufurefoko:   28.11.2021, 21:52:54] --> Character leveled up to level 22
[kufurefoko:   28.11.2021, 21:53:39] --> kXndJf appeared
[kufurefoko:   28.11.2021, 21:53:49] --> kerirodemiv appeared
[kufurefoko:   28.11.2021, 21:53:58] --> Character leveled up to level 23
[kufurefoko:   28.11.2021, 21:54:08] --> kXndJf appeared
[kufurefoko:   28.11.2021, 21:54:25] --> kerirodemiv appeared
[kufurefoko:   28.11.2021, 21:54:26] --> kerirodemiv appeared
[kufurefoko:   28.11.2021, 21:54:36] --> kXndJf appeared
[kufurefoko:   28.11.2021, 21:54:50] --> rubikozavire appeared
[kufurefoko:   28.11.2021, 21:55:04] --> kXndJf appeared
[kufurefoko:   28.11.2021, 21:55:13] --> Character leveled up to level 24
[kufurefoko:   28.11.2021, 21:55:14] --> kXndJf appeared
[kufurefoko:   28.11.2021, 21:55:32] --> kXndJf appeared
[kufurefoko:   28.11.2021, 21:55:48] --> rubikozavire appeared
[kufurefoko:   28.11.2021, 21:55:57] --> pugovapokafa appeared
[kufurefoko:   28.11.2021, 21:56:03] --> kXndJf appeared
[kufurefoko:   28.11.2021, 21:56:27] --> kXndJf appeared
[kufurefoko:   28.11.2021, 21:56:39] --> Character leveled up to level 25
[kufurefoko:   28.11.2021, 21:56:58] --> kXndJf appeared
[kufurefoko:   28.11.2021, 21:57:14] --> kerirodemiv appeared
[kufurefoko:   28.11.2021, 21:57:25] --> kXndJf appeared
[kufurefoko:   28.11.2021, 21:57:55] --> kXndJf appeared
[kufurefoko:   28.11.2021, 21:58:22] --> kXndJf appeared
[kufurefoko:   28.11.2021, 21:58:44] --> Character leveled up to level 26
[kufurefoko:   28.11.2021, 21:58:51] --> kXndJf appeared
[kufurefoko:   28.11.2021, 21:59:19] --> kXndJf appeared
[kufurefoko:   28.11.2021, 21:59:47] --> kXndJf appeared
[kufurefoko:   28.11.2021, 22:00:03] --> pugovapokafa appeared
[kufurefoko:   28.11.2021, 22:00:16] --> kXndJf appeared
[kufurefoko:   28.11.2021, 22:00:44] --> kXndJf appeared
[kufurefoko:   28.11.2021, 22:00:56] --> Character leveled up to level 27
[kufurefoko:   28.11.2021, 22:01:30] --> rubikozavire appeared
[kufurefoko:   28.11.2021, 22:01:42] --> kXndJf appeared
[kufurefoko:   28.11.2021, 22:02:11] --> kXndJf appeared
[kufurefoko:   28.11.2021, 22:02:41] --> kXndJf appeared
[kufurefoko:   28.11.2021, 22:02:58] --> Character leveled up to level 28
[kufurefoko:   28.11.2021, 22:03:06] --> kXndJf appeared
[kufurefoko:   28.11.2021, 22:03:12] --> kXndJf appeared
[kufurefoko:   28.11.2021, 22:03:46] --> kXndJf appeared
[kufurefoko:   28.11.2021, 22:03:53] --> pugovapokafa appeared
[kufurefoko:   28.11.2021, 22:04:15] --> kXndJf appeared
[kufurefoko:   28.11.2021, 22:04:35] --> kXndJf appeared
[kufurefoko:   28.11.2021, 22:04:47] --> kibefifideha appeared
[kufurefoko:   28.11.2021, 22:04:57] --> Character leveled up to level 29
[kufurefoko:   28.11.2021, 22:05:20] --> kerirodemiv appeared
[kufurefoko:   28.11.2021, 22:05:30] --> kXndJf appeared
[kufurefoko:   28.11.2021, 22:05:32] --> kXndJf appeared
[kufurefoko:   28.11.2021, 22:06:15] --> kibefifideha appeared
[kufurefoko:   28.11.2021, 22:06:59] --> kXndJf appeared
[kufurefoko:   28.11.2021, 22:07:10] --> Character leveled up to level 30
[kufurefoko:   28.11.2021, 22:07:10] --> kXndJf appeared
[kufurefoko:   28.11.2021, 22:07:30] --> kXndJf appeared
[kufurefoko:   28.11.2021, 22:07:54] --> kXndJf appeared
[kufurefoko:   28.11.2021, 22:08:00] --> kXndJf appeared
[kufurefoko:   28.11.2021, 22:08:34] --> Kocho appeared
[kufurefoko:   28.11.2021, 22:09:53] --> Character leveled up to level 31
[kufurefoko:   28.11.2021, 22:09:54] --> Bot terminated: Character reached level 31
[pefuhiweboku: 28.11.2021, 22:11:10] --> Bot successfully started
[pefuhiweboku: 28.11.2021, 22:11:10] --> SteelBlack appeared
[pefuhiweboku: 28.11.2021, 22:11:10] --> Setting '1' loaded because of active level settings
[pefuhiweboku: 28.11.2021, 22:11:17] --> Character went to saleswoman
[pefuhiweboku: 28.11.2021, 22:11:20] --> Character was kicked from the bot, reason: Character was walking
[pefuhiweboku: 28.11.2021, 22:11:53] --> Character was kicked from the bot, reason: Character was walking
[pefuhiweboku: 28.11.2021, 22:12:08] --> Character leveled up to level 2
[pefuhiweboku: 28.11.2021, 22:12:09] --> Character leveled up to level 4
[pefuhiweboku: 28.11.2021, 22:12:10] --> Character leveled up to level 6
[pefuhiweboku: 28.11.2021, 22:12:10] --> pihugunepu appeared
[pefuhiweboku: 28.11.2021, 22:12:12] --> Character leveled up to level 7
[pefuhiweboku: 28.11.2021, 22:12:14] --> Character leveled up to level 8
[pefuhiweboku: 28.11.2021, 22:12:18] --> Character leveled up to level 9
[pefuhiweboku: 28.11.2021, 22:12:19] --> Character leveled up to level 10
[pefuhiweboku: 28.11.2021, 22:12:22] --> Character leveled up to level 11
[pefuhiweboku: 28.11.2021, 22:12:24] --> Character leveled up to level 12
[pefuhiweboku: 28.11.2021, 22:12:36] --> pihugunepu appeared
[pefuhiweboku: 28.11.2021, 22:12:40] --> Character leveled up to level 13
[pefuhiweboku: 28.11.2021, 22:13:04] --> pihugunepu appeared
[pefuhiweboku: 28.11.2021, 22:13:06] --> Character leveled up to level 14
[pefuhiweboku: 28.11.2021, 22:13:14] --> Character leveled up to level 15
[pefuhiweboku: 28.11.2021, 22:13:14] --> Setting '2' loaded because of active level settings
[pefuhiweboku: 28.11.2021, 22:13:17] --> Character got kick
[pefuhiweboku: 28.11.2021, 22:13:35] --> Character was kicked from the bot, reason: Character was walking
[pefuhiweboku: 28.11.2021, 22:14:07] --> Character was kicked from the bot, reason: Character was walking
[pefuhiweboku: 28.11.2021, 22:14:11] --> kerirodemiv appeared
[pefuhiweboku: 28.11.2021, 22:15:13] --> 8princess92 appeared
[pefuhiweboku: 28.11.2021, 22:15:25] --> kXndJf appeared
[pefuhiweboku: 28.11.2021, 22:15:32] --> Character leveled up to level 16
[pefuhiweboku: 28.11.2021, 22:16:03] --> kXndJf appeared
[pefuhiweboku: 28.11.2021, 22:16:08] --> starwhite appeared
[pefuhiweboku: 28.11.2021, 22:16:19] --> kXndJf appeared
[pefuhiweboku: 28.11.2021, 22:16:20] --> Character leveled up to level 17
[pefuhiweboku: 28.11.2021, 22:16:39] --> Character leveled up to level 18
[pefuhiweboku: 28.11.2021, 22:16:41] --> 8princess92 appeared
[pefuhiweboku: 28.11.2021, 22:17:11] --> rubikozavire appeared
[pefuhiweboku: 28.11.2021, 22:17:14] --> Character leveled up to level 19
[pefuhiweboku: 28.11.2021, 22:17:35] --> kXndJf appeared
[pefuhiweboku: 28.11.2021, 22:18:00] --> Character leveled up to level 20
[pefuhiweboku: 28.11.2021, 22:18:09] --> pugovapokafa appeared
[pefuhiweboku: 28.11.2021, 22:18:41] --> Character leveled up to level 21
[pefuhiweboku: 28.11.2021, 22:18:43] --> kXndJf appeared
[pefuhiweboku: 28.11.2021, 22:18:58] --> kXndJf appeared
[pefuhiweboku: 28.11.2021, 22:19:34] --> starwhite appeared
[pefuhiweboku: 28.11.2021, 22:19:51] --> Character leveled up to level 22
[pefuhiweboku: 28.11.2021, 22:20:18] --> kXndJf appeared
[pefuhiweboku: 28.11.2021, 22:20:32] --> 8princess92 appeared
[pefuhiweboku: 28.11.2021, 22:20:44] --> Character leveled up to level 23
[pefuhiweboku: 28.11.2021, 22:20:55] --> aloganzi appeared
[pefuhiweboku: 28.11.2021, 22:21:01] --> kerirodemiv appeared
[pefuhiweboku: 28.11.2021, 22:21:07] --> kXndJf appeared
[pefuhiweboku: 28.11.2021, 22:21:24] --> kXndJf appeared
[pefuhiweboku: 28.11.2021, 22:21:28] --> kerirodemiv appeared
[pefuhiweboku: 28.11.2021, 22:21:44] --> Character leveled up to level 24
[pefuhiweboku: 28.11.2021, 22:21:58] --> rubikozavire appeared
[pefuhiweboku: 28.11.2021, 22:23:18] --> Character leveled up to level 25
[pefuhiweboku: 28.11.2021, 22:24:23] --> 8princess92 appeared
[pefuhiweboku: 28.11.2021, 22:24:35] --> rehudonefic appeared
[pefuhiweboku: 28.11.2021, 22:25:00] --> aloganzi appeared
[pefuhiweboku: 28.11.2021, 22:25:24] --> 8princess92 appeared
[pefuhiweboku: 28.11.2021, 22:25:28] --> pugovapokafa appeared
[pefuhiweboku: 28.11.2021, 22:25:46] --> Character leveled up to level 26
[pefuhiweboku: 28.11.2021, 22:26:34] --> rehudonefic appeared
[pefuhiweboku: 28.11.2021, 22:26:57] --> kXndJf appeared
[pefuhiweboku: 28.11.2021, 22:27:18] --> 8princess92 appeared
[pefuhiweboku: 28.11.2021, 22:27:28] --> kXndJf appeared
[pefuhiweboku: 28.11.2021, 22:27:58] --> kXndJf appeared
[pefuhiweboku: 28.11.2021, 22:28:03] --> Character leveled up to level 27
[pefuhiweboku: 28.11.2021, 22:28:10] --> 8princess92 appeared
[pefuhiweboku: 28.11.2021, 22:29:13] --> 8princess92 appeared
[pefuhiweboku: 28.11.2021, 22:29:53] --> rehudonefic appeared
[pefuhiweboku: 28.11.2021, 22:30:01] --> Character leveled up to level 28
[pefuhiweboku: 28.11.2021, 22:30:32] --> kXndJf appeared
[pefuhiweboku: 28.11.2021, 22:30:44] --> rehudonefic appeared
[pefuhiweboku: 28.11.2021, 22:32:41] --> starwhite appeared
[pefuhiweboku: 28.11.2021, 22:33:12] --> rehudonefic appeared
[pefuhiweboku: 28.11.2021, 22:33:34] --> Character leveled up to level 29
[pefuhiweboku: 28.11.2021, 22:34:27] --> 8princess92 appeared
[pefuhiweboku: 28.11.2021, 22:35:30] --> kXndJf appeared
[pefuhiweboku: 28.11.2021, 22:36:07] --> kXndJf appeared
[pefuhiweboku: 28.11.2021, 22:36:12] --> Character leveled up to level 30
[pefuhiweboku: 28.11.2021, 22:36:27] --> kXndJf appeared
[pefuhiweboku: 28.11.2021, 22:37:02] --> kXndJf appeared
[pefuhiweboku: 28.11.2021, 22:37:16] --> 8princess92 appeared
[pefuhiweboku: 28.11.2021, 22:37:19] --> rubikozavire appeared
[pefuhiweboku: 28.11.2021, 22:37:49] --> 8princess92 appeared
[pefuhiweboku: 28.11.2021, 22:37:56] --> kXndJf appeared
[pefuhiweboku: 28.11.2021, 22:38:21] --> Character leveled up to level 31
[pefuhiweboku: 28.11.2021, 22:38:21] --> 8princess92 appeared
[pefuhiweboku: 28.11.2021, 22:38:23] --> Bot terminated: Character reached level 31
[pefuhiweboku: 28.11.2021, 22:39:37] --> Bot successfully started
[pefuhiweboku: 28.11.2021, 22:39:37] --> aloganzi appeared
[pefuhiweboku: 28.11.2021, 22:39:48] --> Setting '2' loaded because of active level settings
[pefuhiweboku: 28.11.2021, 22:39:50] --> Bot terminated: Character reached level 31
[zubegafubu:   28.11.2021, 22:41:13] --> Bot successfully started
[zubegafubu:   28.11.2021, 22:41:13] --> Setting '1' loaded because of active level settings
[zubegafubu:   28.11.2021, 22:41:13] --> Ishikii appeared
[zubegafubu:   28.11.2021, 22:41:19] --> Character went to saleswoman
[zubegafubu:   28.11.2021, 22:41:23] --> Character was kicked from the bot, reason: Character was walking
[zubegafubu:   28.11.2021, 22:41:57] --> Character was kicked from the bot, reason: Character was walking
[zubegafubu:   28.11.2021, 22:42:09] --> Character leveled up to level 2
[zubegafubu:   28.11.2021, 22:42:10] --> Character leveled up to level 4
[zubegafubu:   28.11.2021, 22:42:11] --> Character leveled up to level 6
[zubegafubu:   28.11.2021, 22:42:12] --> Character leveled up to level 8
[zubegafubu:   28.11.2021, 22:42:12] --> zabivetofak appeared
[zubegafubu:   28.11.2021, 22:42:23] --> Character leveled up to level 9
[zubegafubu:   28.11.2021, 22:42:25] --> zabivetofak appeared
[zubegafubu:   28.11.2021, 22:42:47] --> Character leveled up to level 10
[zubegafubu:   28.11.2021, 22:42:50] --> Character leveled up to level 11
[zubegafubu:   28.11.2021, 22:42:59] --> Character leveled up to level 12
[zubegafubu:   28.11.2021, 22:43:04] --> zabivetofak appeared
[zubegafubu:   28.11.2021, 22:43:10] --> Character leveled up to level 13
[zubegafubu:   28.11.2021, 22:43:21] --> zabivetofak appeared
[zubegafubu:   28.11.2021, 22:43:42] --> Character leveled up to level 14
[zubegafubu:   28.11.2021, 22:44:01] --> Character leveled up to level 15
[zubegafubu:   28.11.2021, 22:44:01] --> Setting '2' loaded because of active level settings
[zubegafubu:   28.11.2021, 22:44:15] --> mubokaperef appeared
[zubegafubu:   28.11.2021, 22:44:24] --> Character was kicked from the bot, reason: Character was walking
[zubegafubu:   28.11.2021, 22:45:25] --> mubokaperef appeared
[zubegafubu:   28.11.2021, 22:45:31] --> tezizukikov appeared
[zubegafubu:   28.11.2021, 22:45:38] --> Character was kicked from the bot, reason: Character was walking
[zubegafubu:   28.11.2021, 22:45:42] --> starwhite appeared
[zubegafubu:   28.11.2021, 22:46:34] --> Character leveled up to level 16
[zubegafubu:   28.11.2021, 22:46:49] --> kXndJf appeared
[zubegafubu:   28.11.2021, 22:46:57] --> Character leveled up to level 17
[zubegafubu:   28.11.2021, 22:47:12] --> rubikozavire appeared
[zubegafubu:   28.11.2021, 22:48:23] --> kXndJf appeared
[zubegafubu:   28.11.2021, 22:48:29] --> Character leveled up to level 18
[zubegafubu:   28.11.2021, 22:48:48] --> kXndJf appeared
[zubegafubu:   28.11.2021, 22:49:05] --> Character got kick
[zubegafubu:   28.11.2021, 22:51:00] --> kXndJf appeared
[zubegafubu:   28.11.2021, 22:51:05] --> Character leveled up to level 19
[zubegafubu:   28.11.2021, 22:51:37] --> kXndJf appeared
[zubegafubu:   28.11.2021, 22:52:05] --> Character leveled up to level 20
[zubegafubu:   28.11.2021, 22:52:30] --> kXndJf appeared
[zubegafubu:   28.11.2021, 22:52:51] --> pugovapokafa appeared
[zubegafubu:   28.11.2021, 22:53:13] --> Character leveled up to level 21
[zubegafubu:   28.11.2021, 22:54:00] --> aloganzi appeared
[zubegafubu:   28.11.2021, 22:54:31] --> kXndJf appeared
[zubegafubu:   28.11.2021, 22:54:32] --> Character leveled up to level 22
[zubegafubu:   28.11.2021, 22:54:48] --> pugovapokafa appeared
[zubegafubu:   28.11.2021, 22:55:04] --> Character got kick
[zubegafubu:   28.11.2021, 22:55:11] --> Character died
[zubegafubu:   28.11.2021, 22:55:24] --> zelekukutab appeared
[zubegafubu:   28.11.2021, 22:56:16] --> rehudonefic appeared
[zubegafubu:   28.11.2021, 22:56:31] --> Character got kick
[zubegafubu:   28.11.2021, 22:56:58] --> rehudonefic appeared
[zubegafubu:   28.11.2021, 22:56:59] --> rehudonefic appeared
[zubegafubu:   28.11.2021, 22:57:10] --> zelekukutab appeared
[zubegafubu:   28.11.2021, 22:57:15] --> Character leveled up to level 23
[zubegafubu:   28.11.2021, 22:57:33] --> rehudonefic appeared
[zubegafubu:   28.11.2021, 22:58:00] --> vikutunefasa appeared
[zubegafubu:   28.11.2021, 22:58:33] --> Character leveled up to level 24
[zubegafubu:   28.11.2021, 22:58:41] --> rehudonefic appeared
[zubegafubu:   28.11.2021, 22:59:19] --> rehudonefic appeared
[zubegafubu:   28.11.2021, 22:59:54] --> zelekukutab appeared
[zubegafubu:   28.11.2021, 22:59:56] --> rehudonefic appeared
[zubegafubu:   28.11.2021, 23:00:21] --> rehudonefic appeared
[zubegafubu:   28.11.2021, 23:00:38] --> Character leveled up to level 25
[zubegafubu:   28.11.2021, 23:01:11] --> 8princess92 appeared
[zubegafubu:   28.11.2021, 23:03:03] --> Character leveled up to level 26
[zubegafubu:   28.11.2021, 23:03:08] --> vikutunefasa appeared
[zubegafubu:   28.11.2021, 23:03:46] --> JetzGehtsLos appeared
[zubegafubu:   28.11.2021, 23:04:06] --> pugovapokafa appeared
[zubegafubu:   28.11.2021, 23:04:10] --> pugovapokafa appeared
[zubegafubu:   28.11.2021, 23:04:29] --> Character leveled up to level 27
[zubegafubu:   28.11.2021, 23:09:03] --> Character got kick
[zubegafubu:   28.11.2021, 23:09:38] --> rukamubiciw appeared
[zubegafubu:   28.11.2021, 23:10:06] --> 8princess92 appeared
[zubegafubu:   28.11.2021, 23:10:23] --> kXndJf appeared
[zubegafubu:   28.11.2021, 23:10:41] --> tasamazazi appeared
[zubegafubu:   28.11.2021, 23:12:02] --> Character leveled up to level 28
[zubegafubu:   28.11.2021, 23:12:59] --> 8princess92 appeared
[zubegafubu:   28.11.2021, 23:13:11] --> kXndJf appeared
[zubegafubu:   28.11.2021, 23:13:35] --> aloganzi appeared
[zubegafubu:   28.11.2021, 23:14:24] --> 8princess92 appeared
[zubegafubu:   28.11.2021, 23:14:31] --> Character leveled up to level 29
[zubegafubu:   28.11.2021, 23:15:26] --> rehudonefic appeared
[zubegafubu:   28.11.2021, 23:15:57] --> kXndJf appeared
[zubegafubu:   28.11.2021, 23:16:55] --> kXndJf appeared
[zubegafubu:   28.11.2021, 23:18:16] --> Bot successfully started
[zubegafubu:   28.11.2021, 23:18:16] --> rubikozavire appeared
[zubegafubu:   28.11.2021, 23:18:16] --> Setting '2' loaded because of active level settings
[zubegafubu:   28.11.2021, 23:19:00] --> rehudonefic appeared
[zubegafubu:   28.11.2021, 23:19:45] --> Character leveled up to level 30
[zubegafubu:   28.11.2021, 23:20:14] --> pugovapokafa appeared
[zubegafubu:   28.11.2021, 23:20:38] --> rehudonefic appeared
[zubegafubu:   28.11.2021, 23:20:46] --> rukamubiciw appeared
[zubegafubu:   28.11.2021, 23:21:27] --> rehudonefic appeared
[zubegafubu:   28.11.2021, 23:21:52] --> rehudonefic appeared
[zubegafubu:   28.11.2021, 23:22:13] --> 8princess92 appeared
[zubegafubu:   28.11.2021, 23:22:41] --> 8princess92 appeared
[zubegafubu:   28.11.2021, 23:22:55] --> tasamazazi appeared
[zubegafubu:   28.11.2021, 23:23:00] --> Character leveled up to level 31
[zubegafubu:   28.11.2021, 23:23:01] --> Bot terminated: Character reached level 31
