[ruzebupuran:  28.11.2021, 19:49:18] --> Bot successfully started
[ruzebupuran:  28.11.2021, 19:49:18] --> 4T43T appeared
[ruzebupuran:  28.11.2021, 20:04:26] --> Changing into CH9
[ruzebupuran:  28.11.2021, 20:04:54] --> Character was kicked from the bot, reason: Changing character
[ruzebupuran:  28.11.2021, 20:05:01] --> gogirimivuz appeared
[ruzebupuran:  28.11.2021, 20:06:53] --> Character was kicked from the bot, reason: Changing character
[kakubakaba:   28.11.2021, 20:08:50] --> Character was kicked from the bot, reason: Changing character
[zubuhufekip:  28.11.2021, 20:10:56] --> Character was kicked from the bot, reason: Changing character
[kupividinel:  28.11.2021, 20:13:13] --> Bot successfully started
[kupividinel:  28.11.2021, 20:13:14] --> EmyQ appeared
[kupividinel:  28.11.2021, 20:13:27] --> Character was kicked from the bot, reason: Changing character
[kupividinel:  28.11.2021, 20:14:15] --> Character was kicked from the bot, reason: Changing character
[sivukihozipu: 28.11.2021, 20:30:57] --> Character got kick
[sivukihozipu: 28.11.2021, 20:31:05] --> HauLukasBuff appeared
[sivukihozipu: 28.11.2021, 20:31:20] --> fulifizazuz appeared
[sivukihozipu: 28.11.2021, 20:31:23] --> zozikuzize appeared
[sivukihozipu: 28.11.2021, 20:31:39] --> mhYDqU appeared
[sivukihozipu: 28.11.2021, 20:31:57] --> mhYDqU appeared
[sivukihozipu: 28.11.2021, 20:32:02] --> mhYDqU appeared
[ruzebupuran:  28.11.2021, 20:40:06] --> Bot successfully started
[ruzebupuran:  28.11.2021, 20:40:06] --> Setting '1' loaded because of active level settings
[ruzebupuran:  28.11.2021, 20:40:06] --> OlhaOlha appeared
[ruzebupuran:  28.11.2021, 20:40:13] --> Character went to saleswoman
[ruzebupuran:  28.11.2021, 20:40:17] --> Character was kicked from the bot, reason: Character was walking
[ruzebupuran:  28.11.2021, 20:40:49] --> Character was kicked from the bot, reason: Character was walking
[ruzebupuran:  28.11.2021, 20:40:58] --> kizehukukuvi appeared
[ruzebupuran:  28.11.2021, 20:41:02] --> Character leveled up to level 3
[ruzebupuran:  28.11.2021, 20:41:03] --> Character leveled up to level 6
[ruzebupuran:  28.11.2021, 20:41:04] --> Character leveled up to level 8
[ruzebupuran:  28.11.2021, 20:41:06] --> Character leveled up to level 9
[ruzebupuran:  28.11.2021, 20:41:09] --> Character leveled up to level 10
[ruzebupuran:  28.11.2021, 20:41:11] --> Character leveled up to level 11
[ruzebupuran:  28.11.2021, 20:41:12] --> Character leveled up to level 12
[ruzebupuran:  28.11.2021, 20:41:19] --> Character leveled up to level 13
[ruzebupuran:  28.11.2021, 20:41:20] --> kizehukukuvi appeared
[ruzebupuran:  28.11.2021, 20:41:39] --> Character leveled up to level 14
[ruzebupuran:  28.11.2021, 20:41:56] --> Character leveled up to level 15
[ruzebupuran:  28.11.2021, 20:41:56] --> Setting '2' loaded because of active level settings
[ruzebupuran:  28.11.2021, 20:41:59] --> Character got kick
[ruzebupuran:  28.11.2021, 20:42:07] --> Urlendo appeared
[ruzebupuran:  28.11.2021, 20:42:23] --> Character was kicked from the bot, reason: Character was walking
[ruzebupuran:  28.11.2021, 20:42:27] --> prostetico10 appeared
[ruzebupuran:  28.11.2021, 20:42:48] --> Character was kicked from the bot, reason: Character was walking
[ruzebupuran:  28.11.2021, 20:42:53] --> sonawufasok appeared
[ruzebupuran:  28.11.2021, 20:42:59] --> 2valuable04 appeared
[ruzebupuran:  28.11.2021, 20:43:10] --> zafunurikid appeared
[ruzebupuran:  28.11.2021, 20:43:27] --> sonawufasok appeared
[ruzebupuran:  28.11.2021, 20:43:36] --> fovevusufo appeared
[ruzebupuran:  28.11.2021, 20:43:57] --> sonawufasok appeared
[ruzebupuran:  28.11.2021, 20:44:00] --> Character leveled up to level 16
[ruzebupuran:  28.11.2021, 20:44:09] --> zafunurikid appeared
[ruzebupuran:  28.11.2021, 20:44:17] --> Character died
[ruzebupuran:  28.11.2021, 20:44:34] --> Character died
[ruzebupuran:  28.11.2021, 20:45:02] --> Character leveled up to level 17
[ruzebupuran:  28.11.2021, 20:45:03] --> zafunurikid appeared
[ruzebupuran:  28.11.2021, 20:45:22] --> 2valuable04 appeared
[ruzebupuran:  28.11.2021, 20:45:43] --> zafunurikid appeared
[ruzebupuran:  28.11.2021, 20:45:50] --> 2valuable04 appeared
[ruzebupuran:  28.11.2021, 20:45:51] --> Character leveled up to level 18
[ruzebupuran:  28.11.2021, 20:46:12] --> zafunurikid appeared
[ruzebupuran:  28.11.2021, 20:46:42] --> zafunurikid appeared
[ruzebupuran:  28.11.2021, 20:46:45] --> Character leveled up to level 19
[ruzebupuran:  28.11.2021, 20:46:54] --> zafunurikid appeared
[ruzebupuran:  28.11.2021, 20:47:21] --> zafunurikid appeared
[ruzebupuran:  28.11.2021, 20:47:40] --> 2valuable04 appeared
[ruzebupuran:  28.11.2021, 20:48:12] --> 2valuable04 appeared
[ruzebupuran:  28.11.2021, 20:48:21] --> zafunurikid appeared
[ruzebupuran:  28.11.2021, 20:48:23] --> Character leveled up to level 20
[ruzebupuran:  28.11.2021, 20:48:42] --> 2valuable04 appeared
[ruzebupuran:  28.11.2021, 20:49:27] --> Character leveled up to level 21
[ruzebupuran:  28.11.2021, 20:49:42] --> EymNke appeared
[ruzebupuran:  28.11.2021, 20:49:59] --> EymNke appeared
[ruzebupuran:  28.11.2021, 20:50:13] --> Character got kick
[ruzebupuran:  28.11.2021, 20:51:10] --> 2valuable04 appeared
[ruzebupuran:  28.11.2021, 20:51:47] --> fovevusufo appeared
[ruzebupuran:  28.11.2021, 20:51:47] --> Character leveled up to level 22
[ruzebupuran:  28.11.2021, 20:52:13] --> EymNke appeared
[ruzebupuran:  28.11.2021, 20:52:20] --> zafunurikid appeared
[ruzebupuran:  28.11.2021, 20:52:44] --> fovevusufo appeared
[ruzebupuran:  28.11.2021, 20:53:26] --> Character leveled up to level 23
[ruzebupuran:  28.11.2021, 20:53:41] --> 2valuable04 appeared
[ruzebupuran:  28.11.2021, 20:54:01] --> sonawufasok appeared
[ruzebupuran:  28.11.2021, 20:55:00] --> sonawufasok appeared
[ruzebupuran:  28.11.2021, 20:58:32] --> Character got kick
[ruzebupuran:  28.11.2021, 20:58:47] --> EymNke appeared
[ruzebupuran:  28.11.2021, 20:58:57] --> Character leveled up to level 24
[ruzebupuran:  28.11.2021, 20:59:05] --> 2valuable04 appeared
[ruzebupuran:  28.11.2021, 20:59:15] --> EymNke appeared
[ruzebupuran:  28.11.2021, 20:59:43] --> fovevusufo appeared
[ruzebupuran:  28.11.2021, 21:00:04] --> 2valuable04 appeared
[ruzebupuran:  28.11.2021, 21:00:12] --> gadabekobu appeared
[ruzebupuran:  28.11.2021, 21:00:40] --> fovevusufo appeared
[ruzebupuran:  28.11.2021, 21:01:11] --> EymNke appeared
[ruzebupuran:  28.11.2021, 21:01:14] --> Character leveled up to level 25
[ruzebupuran:  28.11.2021, 21:01:35] --> fovevusufo appeared
[ruzebupuran:  28.11.2021, 21:02:00] --> 2valuable04 appeared
[ruzebupuran:  28.11.2021, 21:03:00] --> EymNke appeared
[ruzebupuran:  28.11.2021, 21:03:26] --> 2valuable04 appeared
[ruzebupuran:  28.11.2021, 21:03:31] --> Character leveled up to level 26
[ruzebupuran:  28.11.2021, 21:03:32] --> EymNke appeared
[ruzebupuran:  28.11.2021, 21:04:56] --> fovevusufo appeared
[ruzebupuran:  28.11.2021, 21:05:57] --> Character leveled up to level 27
[ruzebupuran:  28.11.2021, 21:06:16] --> 2valuable04 appeared
[ruzebupuran:  28.11.2021, 21:06:21] --> EymNke appeared
[ruzebupuran:  28.11.2021, 21:06:44] --> 2valuable04 appeared
[ruzebupuran:  28.11.2021, 21:07:18] --> gadabekobu appeared
[ruzebupuran:  28.11.2021, 21:07:46] --> fovevusufo appeared
[ruzebupuran:  28.11.2021, 21:08:08] --> gadabekobu appeared
[ruzebupuran:  28.11.2021, 21:08:16] --> fovevusufo appeared
[ruzebupuran:  28.11.2021, 21:08:38] --> Character leveled up to level 28
[ruzebupuran:  28.11.2021, 21:09:37] --> sonawufasok appeared
[ruzebupuran:  28.11.2021, 21:10:07] --> EymNke appeared
[ruzebupuran:  28.11.2021, 21:10:34] --> 2valuable04 appeared
[ruzebupuran:  28.11.2021, 21:10:58] --> EymNke appeared
[ruzebupuran:  28.11.2021, 21:11:07] --> EymNke appeared
[ruzebupuran:  28.11.2021, 21:11:28] --> 2valuable04 appeared
[ruzebupuran:  28.11.2021, 21:11:35] --> fovevusufo appeared
[ruzebupuran:  28.11.2021, 21:12:00] --> Character leveled up to level 29
[ruzebupuran:  28.11.2021, 21:12:06] --> gadabekobu appeared
[ruzebupuran:  28.11.2021, 21:12:27] --> 2valuable04 appeared
[ruzebupuran:  28.11.2021, 21:12:54] --> sonawufasok appeared
[ruzebupuran:  28.11.2021, 21:13:00] --> EymNke appeared
[ruzebupuran:  28.11.2021, 21:13:32] --> EymNke appeared
[ruzebupuran:  28.11.2021, 21:14:17] --> Character got kick
[ruzebupuran:  28.11.2021, 21:14:25] --> gadabekobu appeared
[ruzebupuran:  28.11.2021, 21:15:20] --> EymNke appeared
[ruzebupuran:  28.11.2021, 21:15:24] --> Character leveled up to level 30
[ruzebupuran:  28.11.2021, 21:16:08] --> 2valuable04 appeared
[ruzebupuran:  28.11.2021, 21:16:17] --> EymNke appeared
[ruzebupuran:  28.11.2021, 21:16:43] --> EymNke appeared
[ruzebupuran:  28.11.2021, 21:16:46] --> fovevusufo appeared
[ruzebupuran:  28.11.2021, 21:17:17] --> EymNke appeared
[ruzebupuran:  28.11.2021, 21:18:14] --> EymNke appeared
[ruzebupuran:  28.11.2021, 21:18:32] --> Character leveled up to level 31
[ruzebupuran:  28.11.2021, 21:18:33] --> Bot terminated: Character reached level 31
[kakubakaba:   28.11.2021, 21:19:36] --> Bot successfully started
[kakubakaba:   28.11.2021, 21:19:36] --> Proasus appeared
[kakubakaba:   28.11.2021, 21:19:36] --> Setting '1' loaded because of active level settings
[kakubakaba:   28.11.2021, 21:19:43] --> Character went to saleswoman
[kakubakaba:   28.11.2021, 21:19:46] --> Character was kicked from the bot, reason: Character was walking
[kakubakaba:   28.11.2021, 21:20:18] --> Character was kicked from the bot, reason: Character was walking
[kakubakaba:   28.11.2021, 21:20:30] --> zeforanibar appeared
[kakubakaba:   28.11.2021, 21:20:31] --> Character leveled up to level 3
[kakubakaba:   28.11.2021, 21:20:32] --> Character leveled up to level 6
[kakubakaba:   28.11.2021, 21:20:33] --> Character leveled up to level 7
[kakubakaba:   28.11.2021, 21:20:34] --> Character leveled up to level 8
[kakubakaba:   28.11.2021, 21:20:36] --> Character leveled up to level 9
[kakubakaba:   28.11.2021, 21:20:58] --> zeforanibar appeared
[kakubakaba:   28.11.2021, 21:21:09] --> Character leveled up to level 10
[kakubakaba:   28.11.2021, 21:21:23] --> Character leveled up to level 11
[kakubakaba:   28.11.2021, 21:21:27] --> Character leveled up to level 12
[kakubakaba:   28.11.2021, 21:21:29] --> zeforanibar appeared
[kakubakaba:   28.11.2021, 21:21:57] --> hamuvebevez appeared
[kakubakaba:   28.11.2021, 21:22:05] --> Character leveled up to level 13
[kakubakaba:   28.11.2021, 21:22:16] --> Character leveled up to level 14
[kakubakaba:   28.11.2021, 21:22:24] --> hamuvebevez appeared
[kakubakaba:   28.11.2021, 21:22:44] --> Character leveled up to level 15
[kakubakaba:   28.11.2021, 21:22:44] --> Setting '2' loaded because of active level settings
[kakubakaba:   28.11.2021, 21:22:52] --> estremecio10 appeared
[kakubakaba:   28.11.2021, 21:22:58] --> Character was kicked from the bot, reason: Character was walking
[kakubakaba:   28.11.2021, 21:23:03] --> estremecio10 appeared
[kakubakaba:   28.11.2021, 21:23:18] --> estremecio10 appeared
[kakubakaba:   28.11.2021, 21:23:23] --> Character was kicked from the bot, reason: Character was walking
[kakubakaba:   28.11.2021, 21:23:36] --> EymNke appeared
[kakubakaba:   28.11.2021, 21:23:58] --> gadabekobu appeared
[kakubakaba:   28.11.2021, 21:24:05] --> gadabekobu appeared
[kakubakaba:   28.11.2021, 21:24:21] --> Character leveled up to level 16
[kakubakaba:   28.11.2021, 21:24:33] --> EymNke appeared
[kakubakaba:   28.11.2021, 21:25:01] --> Character leveled up to level 17
[kakubakaba:   28.11.2021, 21:25:31] --> EymNke appeared
[kakubakaba:   28.11.2021, 21:25:59] --> EymNke appeared
[kakubakaba:   28.11.2021, 21:26:00] --> Character leveled up to level 18
[kakubakaba:   28.11.2021, 21:26:22] --> sonawufasok appeared
[kakubakaba:   28.11.2021, 21:26:32] --> 2valuable04 appeared
[kakubakaba:   28.11.2021, 21:26:40] --> Character leveled up to level 19
[kakubakaba:   28.11.2021, 21:27:28] --> EymNke appeared
[kakubakaba:   28.11.2021, 21:27:54] --> Character leveled up to level 20
[kakubakaba:   28.11.2021, 21:28:17] --> Character got kick
[kakubakaba:   28.11.2021, 21:28:44] --> gadabekobu appeared
[kakubakaba:   28.11.2021, 21:29:15] --> Character got kick
[kakubakaba:   28.11.2021, 21:29:24] --> sonawufasok appeared
[kakubakaba:   28.11.2021, 21:29:34] --> gadabekobu appeared
[kakubakaba:   28.11.2021, 21:29:53] --> Character leveled up to level 21
[kakubakaba:   28.11.2021, 21:29:58] --> 2valuable04 appeared
[kakubakaba:   28.11.2021, 21:30:05] --> gadabekobu appeared
[kakubakaba:   28.11.2021, 21:30:24] --> 2valuable04 appeared
[kakubakaba:   28.11.2021, 21:30:31] --> EymNke appeared
[kakubakaba:   28.11.2021, 21:30:44] --> Character leveled up to level 22
[kakubakaba:   28.11.2021, 21:31:01] --> EymNke appeared
[kakubakaba:   28.11.2021, 21:31:31] --> EymNke appeared
[kakubakaba:   28.11.2021, 21:31:57] --> rogupawunoze appeared
[kakubakaba:   28.11.2021, 21:32:01] --> Character leveled up to level 23
[kakubakaba:   28.11.2021, 21:32:31] --> gadabekobu appeared
[kakubakaba:   28.11.2021, 21:33:00] --> rogupawunoze appeared
[kakubakaba:   28.11.2021, 21:33:19] --> 2valuable04 appeared
[kakubakaba:   28.11.2021, 21:33:24] --> EymNke appeared
[kakubakaba:   28.11.2021, 21:33:33] --> EymNke appeared
[kakubakaba:   28.11.2021, 21:33:40] --> Character leveled up to level 24
[kakubakaba:   28.11.2021, 21:33:54] --> rogupawunoze appeared
[kakubakaba:   28.11.2021, 21:34:21] --> EymNke appeared
[kakubakaba:   28.11.2021, 21:34:43] --> sonawufasok appeared
[kakubakaba:   28.11.2021, 21:34:51] --> EymNke appeared
[kakubakaba:   28.11.2021, 21:35:19] --> EymNke appeared
[kakubakaba:   28.11.2021, 21:35:19] --> Character leveled up to level 25
[kakubakaba:   28.11.2021, 21:40:11] --> Character got kick
[kakubakaba:   28.11.2021, 21:40:55] --> rogupawunoze appeared
[kakubakaba:   28.11.2021, 21:41:20] --> 2valuable04 appeared
[kakubakaba:   28.11.2021, 21:41:24] --> EymNke appeared
[kakubakaba:   28.11.2021, 21:41:52] --> EymNke appeared
[kakubakaba:   28.11.2021, 21:42:00] --> Character leveled up to level 26
[kakubakaba:   28.11.2021, 21:42:18] --> 2valuable04 appeared
[kakubakaba:   28.11.2021, 21:42:21] --> rogupawunoze appeared
[kakubakaba:   28.11.2021, 21:42:24] --> EymNke appeared
[kakubakaba:   28.11.2021, 21:42:46] --> 2valuable04 appeared
[kakubakaba:   28.11.2021, 21:42:51] --> EymNke appeared
[kakubakaba:   28.11.2021, 21:43:12] --> 2valuable04 appeared
[kakubakaba:   28.11.2021, 21:43:21] --> EymNke appeared
[kakubakaba:   28.11.2021, 21:43:50] --> lamilavoli appeared
[kakubakaba:   28.11.2021, 21:44:18] --> rogupawunoze appeared
[kakubakaba:   28.11.2021, 21:44:39] --> 2valuable04 appeared
[kakubakaba:   28.11.2021, 21:44:44] --> Character leveled up to level 27
[kakubakaba:   28.11.2021, 21:44:50] --> EymNke appeared
[kakubakaba:   28.11.2021, 21:45:40] --> EymNke appeared
[kakubakaba:   28.11.2021, 21:46:11] --> zoladitipapi appeared
[kakubakaba:   28.11.2021, 21:46:17] --> zoladitipapi appeared
[kakubakaba:   28.11.2021, 21:46:36] --> 2valuable04 appeared
[kakubakaba:   28.11.2021, 21:47:01] --> 2valuable04 appeared
[kakubakaba:   28.11.2021, 21:47:01] --> Character leveled up to level 28
[kakubakaba:   28.11.2021, 21:48:33] --> zoladitipapi appeared
[kakubakaba:   28.11.2021, 21:48:53] --> EymNke appeared
[kakubakaba:   28.11.2021, 21:49:23] --> 2valuable04 appeared
[kakubakaba:   28.11.2021, 21:50:03] --> rogupawunoze appeared
[kakubakaba:   28.11.2021, 21:50:24] --> Character leveled up to level 29
[kakubakaba:   28.11.2021, 21:50:51] --> 2valuable04 appeared
[kakubakaba:   28.11.2021, 21:50:57] --> rogupawunoze appeared
[kakubakaba:   28.11.2021, 21:51:31] --> zoladitipapi appeared
[kakubakaba:   28.11.2021, 21:51:56] --> EymNke appeared
[kakubakaba:   28.11.2021, 21:52:27] --> EymNke appeared
[kakubakaba:   28.11.2021, 21:52:51] --> EymNke appeared
[kakubakaba:   28.11.2021, 21:52:57] --> Character leveled up to level 30
[kakubakaba:   28.11.2021, 21:53:15] --> 2valuable04 appeared
[kakubakaba:   28.11.2021, 21:53:23] --> EymNke appeared
[kakubakaba:   28.11.2021, 21:54:18] --> EymNke appeared
[kakubakaba:   28.11.2021, 21:55:15] --> zoladitipapi appeared
[kakubakaba:   28.11.2021, 21:55:45] --> zoladitipapi appeared
[kakubakaba:   28.11.2021, 21:56:11] --> Character leveled up to level 31
[kakubakaba:   28.11.2021, 21:56:12] --> Bot terminated: Character reached level 31
[zubuhufekip:  28.11.2021, 21:57:26] --> Bot successfully started
[zubuhufekip:  28.11.2021, 21:57:26] --> racacocohuw appeared
[zubuhufekip:  28.11.2021, 21:57:26] --> Setting '1' loaded because of active level settings
[zubuhufekip:  28.11.2021, 21:57:33] --> Character went to saleswoman
[zubuhufekip:  28.11.2021, 21:57:36] --> Character was kicked from the bot, reason: Character was walking
[zubuhufekip:  28.11.2021, 21:57:41] --> gazekopeloku appeared
[zubuhufekip:  28.11.2021, 21:58:10] --> Character was kicked from the bot, reason: Character was walking
[zubuhufekip:  28.11.2021, 21:58:22] --> Character leveled up to level 2
[zubuhufekip:  28.11.2021, 21:58:23] --> Character leveled up to level 6
[zubuhufekip:  28.11.2021, 21:58:24] --> Character leveled up to level 7
[zubuhufekip:  28.11.2021, 21:58:25] --> Character leveled up to level 8
[zubuhufekip:  28.11.2021, 21:58:27] --> Character leveled up to level 9
[zubuhufekip:  28.11.2021, 21:58:27] --> nugivekecote appeared
[zubuhufekip:  28.11.2021, 21:58:30] --> Character leveled up to level 10
[zubuhufekip:  28.11.2021, 21:58:41] --> Character leveled up to level 11
[zubuhufekip:  28.11.2021, 21:58:51] --> hivezizidezo appeared
[zubuhufekip:  28.11.2021, 21:59:18] --> hivezizidezo appeared
[zubuhufekip:  28.11.2021, 21:59:24] --> Character leveled up to level 12
[zubuhufekip:  28.11.2021, 21:59:41] --> Character leveled up to level 13
[zubuhufekip:  28.11.2021, 22:00:27] --> Character leveled up to level 14
[zubuhufekip:  28.11.2021, 22:00:37] --> Character leveled up to level 15
[zubuhufekip:  28.11.2021, 22:00:37] --> Setting '2' loaded because of active level settings
[zubuhufekip:  28.11.2021, 22:00:38] --> hivezizidezo appeared
[zubuhufekip:  28.11.2021, 22:00:51] --> Character was kicked from the bot, reason: Character was walking
[zubuhufekip:  28.11.2021, 22:00:55] --> nificuseko appeared
[zubuhufekip:  28.11.2021, 22:01:15] --> Character was kicked from the bot, reason: Character was walking
[zubuhufekip:  28.11.2021, 22:01:20] --> 2valuable04 appeared
[zubuhufekip:  28.11.2021, 22:01:30] --> zoladitipapi appeared
[zubuhufekip:  28.11.2021, 22:02:00] --> zoladitipapi appeared
[zubuhufekip:  28.11.2021, 22:02:18] --> Character leveled up to level 16
[zubuhufekip:  28.11.2021, 22:02:45] --> Character leveled up to level 17
[zubuhufekip:  28.11.2021, 22:03:00] --> EymNke appeared
[zubuhufekip:  28.11.2021, 22:03:07] --> Character leveled up to level 18
[zubuhufekip:  28.11.2021, 22:03:26] --> 2valuable04 appeared
[zubuhufekip:  28.11.2021, 22:03:31] --> 2valuable04 appeared
[zubuhufekip:  28.11.2021, 22:03:45] --> Character leveled up to level 19
[zubuhufekip:  28.11.2021, 22:04:29] --> EymNke appeared
[zubuhufekip:  28.11.2021, 22:04:32] --> EymNke appeared
[zubuhufekip:  28.11.2021, 22:04:37] --> Character leveled up to level 20
[zubuhufekip:  28.11.2021, 22:04:51] --> 2valuable04 appeared
[zubuhufekip:  28.11.2021, 22:05:42] --> Character leveled up to level 21
[zubuhufekip:  28.11.2021, 22:05:50] --> 2valuable04 appeared
[zubuhufekip:  28.11.2021, 22:06:18] --> EymNke appeared
[zubuhufekip:  28.11.2021, 22:07:15] --> 2valuable04 appeared
[zubuhufekip:  28.11.2021, 22:07:18] --> Character leveled up to level 22
[zubuhufekip:  28.11.2021, 22:07:19] --> bepawofukune appeared
[zubuhufekip:  28.11.2021, 22:07:49] --> EymNke appeared
[zubuhufekip:  28.11.2021, 22:08:08] --> 2valuable04 appeared
[zubuhufekip:  28.11.2021, 22:09:13] --> 2valuable04 appeared
[zubuhufekip:  28.11.2021, 22:09:14] --> Character leveled up to level 23
[zubuhufekip:  28.11.2021, 22:09:40] --> 2valuable04 appeared
[zubuhufekip:  28.11.2021, 22:10:15] --> bepawofukune appeared
[zubuhufekip:  28.11.2021, 22:10:36] --> sonawufasok appeared
[zubuhufekip:  28.11.2021, 22:10:42] --> EymNke appeared
[zubuhufekip:  28.11.2021, 22:11:21] --> Character leveled up to level 24
[zubuhufekip:  28.11.2021, 22:11:34] --> 2valuable04 appeared
[zubuhufekip:  28.11.2021, 22:12:33] --> 2valuable04 appeared
[zubuhufekip:  28.11.2021, 22:15:39] --> Character got kick
[zubuhufekip:  28.11.2021, 22:16:20] --> sonawufasok appeared
[zubuhufekip:  28.11.2021, 22:16:38] --> Character leveled up to level 25
[zubuhufekip:  28.11.2021, 22:16:48] --> zucezokitu appeared
[zubuhufekip:  28.11.2021, 22:17:51] --> rogupawunoze appeared
[zubuhufekip:  28.11.2021, 22:18:15] --> 2valuable04 appeared
[zubuhufekip:  28.11.2021, 22:18:34] --> Character leveled up to level 26
[zubuhufekip:  28.11.2021, 22:19:41] --> sonawufasok appeared
[zubuhufekip:  28.11.2021, 22:20:38] --> Character got kick
[zubuhufekip:  28.11.2021, 22:21:12] --> Character leveled up to level 27
[zubuhufekip:  28.11.2021, 22:22:21] --> 2valuable04 appeared
[zubuhufekip:  28.11.2021, 22:22:29] --> tubovabezo appeared
[zubuhufekip:  28.11.2021, 22:23:23] --> tubovabezo appeared
[zubuhufekip:  28.11.2021, 22:24:27] --> Character leveled up to level 28
[zubuhufekip:  28.11.2021, 22:24:39] --> 2valuable04 appeared
[zubuhufekip:  28.11.2021, 22:26:10] --> 2valuable04 appeared
[zubuhufekip:  28.11.2021, 22:26:12] --> EymNke appeared
[zubuhufekip:  28.11.2021, 22:27:02] --> tubovabezo appeared
[zubuhufekip:  28.11.2021, 22:27:07] --> sonawufasok appeared
[zubuhufekip:  28.11.2021, 22:27:37] --> Character leveled up to level 29
[zubuhufekip:  28.11.2021, 22:28:10] --> bepawofukune appeared
[zubuhufekip:  28.11.2021, 22:28:32] --> sonawufasok appeared
[zubuhufekip:  28.11.2021, 22:28:38] --> bepawofukune appeared
[zubuhufekip:  28.11.2021, 22:29:01] --> 2valuable04 appeared
[zubuhufekip:  28.11.2021, 22:30:08] --> bepawofukune appeared
[zubuhufekip:  28.11.2021, 22:30:53] --> Character leveled up to level 30
[zubuhufekip:  28.11.2021, 22:31:26] --> 2valuable04 appeared
[zubuhufekip:  28.11.2021, 22:31:33] --> 2valuable04 appeared
[zubuhufekip:  28.11.2021, 22:31:54] --> 2valuable04 appeared
[zubuhufekip:  28.11.2021, 22:32:26] --> tubovabezo appeared
[zubuhufekip:  28.11.2021, 22:32:53] --> sonawufasok appeared
[zubuhufekip:  28.11.2021, 22:33:22] --> Character leveled up to level 31
[zubuhufekip:  28.11.2021, 22:33:24] --> Bot terminated: Character reached level 31
[kupividinel:  28.11.2021, 22:34:40] --> Bot successfully started
[kupividinel:  28.11.2021, 22:34:41] --> zabogofikur appeared
[kupividinel:  28.11.2021, 22:34:41] --> Setting '1' loaded because of active level settings
[kupividinel:  28.11.2021, 22:34:47] --> Character went to saleswoman
[kupividinel:  28.11.2021, 22:34:50] --> Character was kicked from the bot, reason: Character was walking
[kupividinel:  28.11.2021, 22:35:23] --> Character was kicked from the bot, reason: Character was walking
[kupividinel:  28.11.2021, 22:35:33] --> hivezizidezo appeared
[kupividinel:  28.11.2021, 22:35:36] --> Character leveled up to level 3
[kupividinel:  28.11.2021, 22:35:37] --> Character leveled up to level 5
[kupividinel:  28.11.2021, 22:35:38] --> Character leveled up to level 6
[kupividinel:  28.11.2021, 22:35:39] --> Character leveled up to level 7
[kupividinel:  28.11.2021, 22:35:55] --> Character leveled up to level 8
[kupividinel:  28.11.2021, 22:35:58] --> Character leveled up to level 9
[kupividinel:  28.11.2021, 22:36:02] --> Character leveled up to level 10
[kupividinel:  28.11.2021, 22:36:05] --> hivezizidezo appeared
[kupividinel:  28.11.2021, 22:36:08] --> Character leveled up to level 11
[kupividinel:  28.11.2021, 22:36:32] --> hivezizidezo appeared
[kupividinel:  28.11.2021, 22:36:55] --> Character leveled up to level 12
[kupividinel:  28.11.2021, 22:36:59] --> Character leveled up to level 13
[kupividinel:  28.11.2021, 22:37:00] --> nugivekecote appeared
[kupividinel:  28.11.2021, 22:37:29] --> hivezizidezo appeared
[kupividinel:  28.11.2021, 22:37:43] --> Character leveled up to level 14
[kupividinel:  28.11.2021, 22:37:54] --> nugivekecote appeared
[kupividinel:  28.11.2021, 22:37:56] --> Character leveled up to level 15
[kupividinel:  28.11.2021, 22:37:56] --> Setting '2' loaded because of active level settings
[kupividinel:  28.11.2021, 22:38:10] --> Character was kicked from the bot, reason: Character was walking
[kupividinel:  28.11.2021, 22:38:15] --> kidezisupe appeared
[kupividinel:  28.11.2021, 22:38:39] --> Character was kicked from the bot, reason: Character was walking
[kupividinel:  28.11.2021, 22:38:53] --> 2valuable04 appeared
[kupividinel:  28.11.2021, 22:39:06] --> Character got kick
[kupividinel:  28.11.2021, 22:39:19] --> 2valuable04 appeared
[kupividinel:  28.11.2021, 22:39:51] --> Character died
[kupividinel:  28.11.2021, 22:40:10] --> Character died
[kupividinel:  28.11.2021, 22:40:13] --> EymNke appeared
[kupividinel:  28.11.2021, 22:40:38] --> sonawufasok appeared
[kupividinel:  28.11.2021, 22:40:44] --> Character leveled up to level 16
[kupividinel:  28.11.2021, 22:40:47] --> 5office63 appeared
[kupividinel:  28.11.2021, 22:40:58] --> Character leveled up to level 17
[kupividinel:  28.11.2021, 22:41:14] --> EymNke appeared
[kupividinel:  28.11.2021, 22:41:21] --> Character leveled up to level 18
[kupividinel:  28.11.2021, 22:41:47] --> EymNke appeared
[kupividinel:  28.11.2021, 22:42:11] --> Character leveled up to level 19
[kupividinel:  28.11.2021, 22:42:40] --> EymNke appeared
[kupividinel:  28.11.2021, 22:43:08] --> Character leveled up to level 20
[kupividinel:  28.11.2021, 22:43:14] --> tubovabezo appeared
[kupividinel:  28.11.2021, 22:50:25] --> Character leveled up to level 21
[kupividinel:  28.11.2021, 22:51:37] --> Character leveled up to level 22
[kupividinel:  28.11.2021, 22:51:55] --> zelilitomak appeared
[kupividinel:  28.11.2021, 22:52:20] --> tubovabezo appeared
[kupividinel:  28.11.2021, 22:52:50] --> vudahocalesa appeared
[kupividinel:  28.11.2021, 22:53:45] --> Character leveled up to level 23
[kupividinel:  28.11.2021, 22:54:39] --> wigosiceduz appeared
[kupividinel:  28.11.2021, 22:55:02] --> Character got kick
[kupividinel:  28.11.2021, 22:56:28] --> Character got kick
[kupividinel:  28.11.2021, 22:56:35] --> wigosiceduz appeared
[kupividinel:  28.11.2021, 22:56:59] --> wigosiceduz appeared
[kupividinel:  28.11.2021, 22:57:29] --> 2valuable04 appeared
[kupividinel:  28.11.2021, 22:57:58] --> Character leveled up to level 24
[kupividinel:  28.11.2021, 22:58:07] --> tubovabezo appeared
[kupividinel:  28.11.2021, 22:59:02] --> tubovabezo appeared
[kupividinel:  28.11.2021, 22:59:07] --> zelilitomak appeared
[kupividinel:  28.11.2021, 22:59:32] --> vudahocalesa appeared
[kupividinel:  28.11.2021, 22:59:34] --> Character leveled up to level 25
[kupividinel:  28.11.2021, 23:00:06] --> zelilitomak appeared
[kupividinel:  28.11.2021, 23:00:32] --> zelilitomak appeared
[kupividinel:  28.11.2021, 23:00:58] --> zelilitomak appeared
[kupividinel:  28.11.2021, 23:01:43] --> Character leveled up to level 26
[kupividinel:  28.11.2021, 23:01:46] --> 2valuable04 appeared
[kupividinel:  28.11.2021, 23:02:46] --> wigosiceduz appeared
[kupividinel:  28.11.2021, 23:09:41] --> Character got kick
[kupividinel:  28.11.2021, 23:10:15] --> cabaravifom appeared
[kupividinel:  28.11.2021, 23:10:39] --> Character leveled up to level 27
[kupividinel:  28.11.2021, 23:12:37] --> EymNke appeared
[kupividinel:  28.11.2021, 23:13:07] --> EymNke appeared
[kupividinel:  28.11.2021, 23:13:10] --> EymNke appeared
[kupividinel:  28.11.2021, 23:14:13] --> Character leveled up to level 28
[kupividinel:  28.11.2021, 23:14:54] --> wigosiceduz appeared
[kupividinel:  28.11.2021, 23:15:00] --> EymNke appeared
[kupividinel:  28.11.2021, 23:16:00] --> EymNke appeared
[kupividinel:  28.11.2021, 23:16:34] --> koberivezawe appeared
[kupividinel:  28.11.2021, 23:17:23] --> Character leveled up to level 29
[kupividinel:  28.11.2021, 23:18:10] --> EymNke appeared
[kupividinel:  28.11.2021, 23:19:43] --> 2valuable04 appeared
[kupividinel:  28.11.2021, 23:19:48] --> kudetazocesi appeared
[kupividinel:  28.11.2021, 23:20:19] --> koberivezawe appeared
[kupividinel:  28.11.2021, 23:20:40] --> 2valuable04 appeared
[kupividinel:  28.11.2021, 23:21:25] --> Character leveled up to level 30
[kupividinel:  28.11.2021, 23:22:07] --> wigosiceduz appeared
[kupividinel:  28.11.2021, 23:22:36] --> 2valuable04 appeared
[kupividinel:  28.11.2021, 23:23:18] --> koberivezawe appeared
[kupividinel:  28.11.2021, 23:23:46] --> koberivezawe appeared
[kupividinel:  28.11.2021, 23:24:20] --> Character leveled up to level 31
[kupividinel:  28.11.2021, 23:24:23] --> Bot terminated: Character reached level 31
[sivukihozipu: 28.11.2021, 23:25:25] --> Bot successfully started
[sivukihozipu: 28.11.2021, 23:25:25] --> cabaravifom appeared
[sivukihozipu: 28.11.2021, 23:25:25] --> Setting '1' loaded because of active level settings
[sivukihozipu: 28.11.2021, 23:25:31] --> Character went to saleswoman
[sivukihozipu: 28.11.2021, 23:25:46] --> Character was kicked from the bot, reason: Character was walking
[sivukihozipu: 28.11.2021, 23:26:17] --> Character was kicked from the bot, reason: Character was walking
[sivukihozipu: 28.11.2021, 23:26:25] --> lumuwuzide appeared
[sivukihozipu: 28.11.2021, 23:26:30] --> Character was kicked from the bot, reason: Character was walking
[sivukihozipu: 28.11.2021, 23:26:35] --> cusezifunaco appeared
[sivukihozipu: 28.11.2021, 23:26:56] --> Character leveled up to level 2
[sivukihozipu: 28.11.2021, 23:26:58] --> Character leveled up to level 3
[sivukihozipu: 28.11.2021, 23:27:01] --> Character leveled up to level 4
[sivukihozipu: 28.11.2021, 23:27:02] --> Character leveled up to level 5
[sivukihozipu: 28.11.2021, 23:27:03] --> Character leveled up to level 6
[sivukihozipu: 28.11.2021, 23:27:04] --> Character leveled up to level 7
[sivukihozipu: 28.11.2021, 23:27:06] --> Character leveled up to level 8
[sivukihozipu: 28.11.2021, 23:27:21] --> Character leveled up to level 9
[sivukihozipu: 28.11.2021, 23:27:24] --> Character leveled up to level 10
[sivukihozipu: 28.11.2021, 23:28:00] --> Character leveled up to level 11
[sivukihozipu: 28.11.2021, 23:28:18] --> Character leveled up to level 12
[sivukihozipu: 28.11.2021, 23:29:05] --> Character leveled up to level 13
[sivukihozipu: 28.11.2021, 23:30:01] --> Character leveled up to level 14
[sivukihozipu: 28.11.2021, 23:31:23] --> Character leveled up to level 15
[sivukihozipu: 28.11.2021, 23:31:23] --> Setting '2' loaded because of active level settings
[sivukihozipu: 28.11.2021, 23:31:27] --> Character was kicked from the bot, reason: Character was walking
[sivukihozipu: 28.11.2021, 23:31:37] --> Character was kicked from the bot, reason: Character was walking
[sivukihozipu: 28.11.2021, 23:31:42] --> crocitemos10 appeared
[sivukihozipu: 28.11.2021, 23:32:01] --> Character was kicked from the bot, reason: Character was walking
[sivukihozipu: 28.11.2021, 23:32:05] --> wigosiceduz appeared
[sivukihozipu: 28.11.2021, 23:32:51] --> vudahocalesa appeared
[sivukihozipu: 28.11.2021, 23:33:13] --> koberivezawe appeared
[sivukihozipu: 28.11.2021, 23:33:19] --> Character leveled up to level 16
[sivukihozipu: 28.11.2021, 23:33:42] --> vudahocalesa appeared
[sivukihozipu: 28.11.2021, 23:33:52] --> cabaravifom appeared
[sivukihozipu: 28.11.2021, 23:33:55] --> Character died
[sivukihozipu: 28.11.2021, 23:34:09] --> cabaravifom appeared
[sivukihozipu: 28.11.2021, 23:34:13] --> Character died
[sivukihozipu: 28.11.2021, 23:34:24] --> Character died
[sivukihozipu: 28.11.2021, 23:34:25] --> cabaravifom appeared
[sivukihozipu: 28.11.2021, 23:34:27] --> Character leveled up to level 17
[sivukihozipu: 28.11.2021, 23:35:12] --> Character leveled up to level 18
[sivukihozipu: 28.11.2021, 23:35:13] --> wigosiceduz appeared
[sivukihozipu: 28.11.2021, 23:36:09] --> Character leveled up to level 19
[sivukihozipu: 28.11.2021, 23:36:41] --> EymNke appeared
[sivukihozipu: 28.11.2021, 23:36:45] --> sonawufasok appeared
[sivukihozipu: 28.11.2021, 23:37:15] --> sonawufasok appeared
[sivukihozipu: 28.11.2021, 23:37:22] --> Amannds appeared
[sivukihozipu: 28.11.2021, 23:37:23] --> Character leveled up to level 20
[sivukihozipu: 28.11.2021, 23:38:49] --> Character leveled up to level 21
[sivukihozipu: 28.11.2021, 23:39:52] --> pokuvakugog appeared
[sivukihozipu: 28.11.2021, 23:40:50] --> Character leveled up to level 22
[sivukihozipu: 28.11.2021, 23:41:44] --> wigosiceduz appeared
[sivukihozipu: 28.11.2021, 23:42:25] --> Character leveled up to level 23
[sivukihozipu: 28.11.2021, 23:44:26] --> wigosiceduz appeared
[sivukihozipu: 28.11.2021, 23:44:29] --> Character leveled up to level 24
[sivukihozipu: 28.11.2021, 23:44:55] --> sonawufasok appeared
[sivukihozipu: 28.11.2021, 23:47:10] --> Character leveled up to level 25
[sivukihozipu: 28.11.2021, 23:48:29] --> EymNke appeared
[sivukihozipu: 28.11.2021, 23:49:16] --> 2valuable04 appeared
[sivukihozipu: 28.11.2021, 23:49:38] --> Character leveled up to level 26
[sivukihozipu: 28.11.2021, 23:49:52] --> cabaravifom appeared
[sivukihozipu: 28.11.2021, 23:51:11] --> vudahocalesa appeared
[sivukihozipu: 28.11.2021, 23:51:13] --> Character leveled up to level 27
[sivukihozipu: 28.11.2021, 23:54:28] --> Character leveled up to level 28
[sivukihozipu: 28.11.2021, 23:55:27] --> sonawufasok appeared
[sivukihozipu: 28.11.2021, 23:55:56] --> 2valuable04 appeared
[sivukihozipu: 28.11.2021, 23:56:05] --> kudetazocesi appeared
[sivukihozipu: 28.11.2021, 23:56:33] --> cabaravifom appeared
[sivukihozipu: 28.11.2021, 23:56:56] --> 2valuable04 appeared
[sivukihozipu: 28.11.2021, 23:57:04] --> EymNke appeared
[sivukihozipu: 28.11.2021, 23:57:32] --> EymNke appeared
[sivukihozipu: 28.11.2021, 23:57:55] --> Character leveled up to level 29
[sivukihozipu: 28.11.2021, 23:59:35] --> Bot successfully started
[sivukihozipu: 28.11.2021, 23:59:35] --> Setting '2' loaded because of active level settings
[sivukihozipu: 28.11.2021, 23:59:35] --> vudahocalesa appeared
[sivukihozipu: 29.11.2021, 00:00:55] --> pokuvakugog appeared
[sivukihozipu: 29.11.2021, 00:02:57] --> Character leveled up to level 30
[sivukihozipu: 29.11.2021, 00:05:52] --> EymNke appeared
[sivukihozipu: 29.11.2021, 00:06:14] --> pogipivokif appeared
[sivukihozipu: 29.11.2021, 00:06:54] --> Character leveled up to level 31
[sivukihozipu: 29.11.2021, 00:06:56] --> Bot terminated: Character reached level 31
