[dovakozikir:  28.11.2021, 19:51:57] --> Bot successfully started
[dovakozikir:  28.11.2021, 19:51:57] --> Yaxitzu appeared
[dovakozikir:  28.11.2021, 20:18:34] --> Bot successfully started
[dovakozikir:  28.11.2021, 20:18:34] --> Malapanza appeared
[dovakozikir:  28.11.2021, 20:19:28] --> Changing into CH9
[dovakozikir:  28.11.2021, 20:19:57] --> Character was kicked from the bot, reason: Changing character
[dovakozikir:  28.11.2021, 20:22:22] --> Character was kicked from the bot, reason: Changing character
[nakobovila:   28.11.2021, 20:24:43] --> Character was kicked from the bot, reason: Changing character
[fevubakotote: 28.11.2021, 20:24:49] --> EmyQ appeared
[fevubakotote: 28.11.2021, 20:26:55] --> Character was kicked from the bot, reason: Changing character
[rezavafenap:  28.11.2021, 20:29:13] --> Character was kicked from the bot, reason: Changing character
[rezavafenap:  28.11.2021, 20:29:20] --> gogirimivuz appeared
[dovakozikir:  28.11.2021, 20:42:34] --> Bot successfully started
[dovakozikir:  28.11.2021, 20:42:34] --> Setting '1' loaded because of active level settings
[dovakozikir:  28.11.2021, 20:42:34] --> refewinukewe appeared
[dovakozikir:  28.11.2021, 20:42:40] --> Character went to saleswoman
[dovakozikir:  28.11.2021, 20:42:43] --> Character was kicked from the bot, reason: Character was walking
[dovakozikir:  28.11.2021, 20:43:15] --> Character was kicked from the bot, reason: Character was walking
[dovakozikir:  28.11.2021, 20:43:28] --> Character leveled up to level 5
[dovakozikir:  28.11.2021, 20:43:29] --> Character leveled up to level 7
[dovakozikir:  28.11.2021, 20:43:30] --> Character leveled up to level 8
[dovakozikir:  28.11.2021, 20:43:31] --> darunilite appeared
[dovakozikir:  28.11.2021, 20:43:32] --> Character leveled up to level 9
[dovakozikir:  28.11.2021, 20:43:35] --> Character leveled up to level 10
[dovakozikir:  28.11.2021, 20:43:37] --> Character leveled up to level 11
[dovakozikir:  28.11.2021, 20:43:43] --> Character leveled up to level 12
[dovakozikir:  28.11.2021, 20:43:49] --> Character leveled up to level 13
[dovakozikir:  28.11.2021, 20:43:58] --> darunilite appeared
[dovakozikir:  28.11.2021, 20:44:18] --> Character leveled up to level 14
[dovakozikir:  28.11.2021, 20:44:20] --> kudizizutat appeared
[dovakozikir:  28.11.2021, 20:44:35] --> Character leveled up to level 15
[dovakozikir:  28.11.2021, 20:44:35] --> Setting '2' loaded because of active level settings
[dovakozikir:  28.11.2021, 20:44:38] --> Character was kicked from the bot, reason: Character was walking
[dovakozikir:  28.11.2021, 20:44:47] --> Character was kicked from the bot, reason: Character was walking
[dovakozikir:  28.11.2021, 20:45:05] --> takezofebus appeared
[dovakozikir:  28.11.2021, 20:45:12] --> Character was kicked from the bot, reason: Character was walking
[dovakozikir:  28.11.2021, 20:45:16] --> 5biA4d appeared
[dovakozikir:  28.11.2021, 20:45:41] --> Character leveled up to level 16
[dovakozikir:  28.11.2021, 20:45:55] --> puzozevaki appeared
[dovakozikir:  28.11.2021, 20:46:19] --> Character leveled up to level 17
[dovakozikir:  28.11.2021, 20:46:21] --> 1excitedly44 appeared
[dovakozikir:  28.11.2021, 20:46:56] --> Character leveled up to level 18
[dovakozikir:  28.11.2021, 20:47:43] --> Character leveled up to level 19
[dovakozikir:  28.11.2021, 20:48:23] --> Character leveled up to level 20
[dovakozikir:  28.11.2021, 20:49:15] --> Character leveled up to level 21
[dovakozikir:  28.11.2021, 20:49:46] --> Character got kick
[dovakozikir:  28.11.2021, 20:50:08] --> 5biA4d appeared
[dovakozikir:  28.11.2021, 20:50:31] --> kudizizutat appeared
[dovakozikir:  28.11.2021, 20:50:40] --> Character leveled up to level 22
[dovakozikir:  28.11.2021, 20:50:59] --> kudizizutat appeared
[dovakozikir:  28.11.2021, 20:51:53] --> Character leveled up to level 23
[dovakozikir:  28.11.2021, 20:52:50] --> Character leveled up to level 24
[dovakozikir:  28.11.2021, 20:56:34] --> Character got kick
[dovakozikir:  28.11.2021, 20:56:56] --> Character leveled up to level 25
[dovakozikir:  28.11.2021, 20:56:59] --> 5biA4d appeared
[dovakozikir:  28.11.2021, 20:57:08] --> 5biA4d appeared
[dovakozikir:  28.11.2021, 20:57:36] --> 5biA4d appeared
[dovakozikir:  28.11.2021, 20:58:20] --> 1excitedly44 appeared
[dovakozikir:  28.11.2021, 20:58:27] --> 1excitedly44 appeared
[dovakozikir:  28.11.2021, 20:58:28] --> Character leveled up to level 26
[dovakozikir:  28.11.2021, 20:58:30] --> kudizizutat appeared
[dovakozikir:  28.11.2021, 21:00:21] --> Character leveled up to level 27
[dovakozikir:  28.11.2021, 21:02:50] --> Character leveled up to level 28
[dovakozikir:  28.11.2021, 21:05:54] --> Character leveled up to level 29
[dovakozikir:  28.11.2021, 21:08:52] --> Character leveled up to level 30
[dovakozikir:  28.11.2021, 21:11:54] --> Character leveled up to level 31
[dovakozikir:  28.11.2021, 21:11:55] --> Bot terminated: Character reached level 31
[nakobovila:   28.11.2021, 21:13:25] --> Bot successfully started
[nakobovila:   28.11.2021, 21:13:25] --> Takehisa appeared
[nakobovila:   28.11.2021, 21:13:25] --> Setting '1' loaded because of active level settings
[nakobovila:   28.11.2021, 21:13:32] --> Character went to saleswoman
[nakobovila:   28.11.2021, 21:13:35] --> Character was kicked from the bot, reason: Character was walking
[nakobovila:   28.11.2021, 21:14:10] --> Character was kicked from the bot, reason: Character was walking
[nakobovila:   28.11.2021, 21:14:23] --> Character leveled up to level 5
[nakobovila:   28.11.2021, 21:14:24] --> Character leveled up to level 7
[nakobovila:   28.11.2021, 21:14:25] --> darunilite appeared
[nakobovila:   28.11.2021, 21:14:26] --> Character leveled up to level 8
[nakobovila:   28.11.2021, 21:14:27] --> Character leveled up to level 9
[nakobovila:   28.11.2021, 21:14:30] --> Character leveled up to level 10
[nakobovila:   28.11.2021, 21:14:35] --> Character leveled up to level 11
[nakobovila:   28.11.2021, 21:14:38] --> Character leveled up to level 12
[nakobovila:   28.11.2021, 21:14:47] --> Character leveled up to level 13
[nakobovila:   28.11.2021, 21:14:53] --> darunilite appeared
[nakobovila:   28.11.2021, 21:14:59] --> Character leveled up to level 14
[nakobovila:   28.11.2021, 21:15:10] --> Character leveled up to level 15
[nakobovila:   28.11.2021, 21:15:10] --> Setting '2' loaded because of active level settings
[nakobovila:   28.11.2021, 21:15:23] --> Character was kicked from the bot, reason: Character was walking
[nakobovila:   28.11.2021, 21:15:28] --> mercerices10 appeared
[nakobovila:   28.11.2021, 21:15:48] --> Character was kicked from the bot, reason: Character was walking
[nakobovila:   28.11.2021, 21:15:52] --> 1excitedly44 appeared
[nakobovila:   28.11.2021, 21:16:54] --> 1excitedly44 appeared
[nakobovila:   28.11.2021, 21:16:59] --> Character leveled up to level 16
[nakobovila:   28.11.2021, 21:17:21] --> 1excitedly44 appeared
[nakobovila:   28.11.2021, 21:17:30] --> 5biA4d appeared
[nakobovila:   28.11.2021, 21:17:34] --> Character leveled up to level 17
[nakobovila:   28.11.2021, 21:17:59] --> 5biA4d appeared
[nakobovila:   28.11.2021, 21:18:14] --> Character leveled up to level 18
[nakobovila:   28.11.2021, 21:18:50] --> 1excitedly44 appeared
[nakobovila:   28.11.2021, 21:19:04] --> 5biA4d appeared
[nakobovila:   28.11.2021, 21:19:09] --> 5biA4d appeared
[nakobovila:   28.11.2021, 21:19:12] --> Character leveled up to level 19
[nakobovila:   28.11.2021, 21:19:19] --> 1excitedly44 appeared
[nakobovila:   28.11.2021, 21:19:28] --> 5biA4d appeared
[nakobovila:   28.11.2021, 21:20:03] --> Character leveled up to level 20
[nakobovila:   28.11.2021, 21:20:21] --> futopituro appeared
[nakobovila:   28.11.2021, 21:20:44] --> Character leveled up to level 21
[nakobovila:   28.11.2021, 21:21:33] --> futopituro appeared
[nakobovila:   28.11.2021, 21:21:56] --> Character leveled up to level 22
[nakobovila:   28.11.2021, 21:22:10] --> viduruwuwo appeared
[nakobovila:   28.11.2021, 21:22:38] --> viduruwuwo appeared
[nakobovila:   28.11.2021, 21:22:43] --> Character leveled up to level 23
[nakobovila:   28.11.2021, 21:22:52] --> 5biA4d appeared
[nakobovila:   28.11.2021, 21:23:09] --> 1excitedly44 appeared
[nakobovila:   28.11.2021, 21:23:12] --> futopituro appeared
[nakobovila:   28.11.2021, 21:23:21] --> gerozepesuk appeared
[nakobovila:   28.11.2021, 21:23:44] --> Character leveled up to level 24
[nakobovila:   28.11.2021, 21:23:56] --> futopituro appeared
[nakobovila:   28.11.2021, 21:24:04] --> 1excitedly44 appeared
[nakobovila:   28.11.2021, 21:24:36] --> Character leveled up to level 25
[nakobovila:   28.11.2021, 21:24:39] --> futopituro appeared
[nakobovila:   28.11.2021, 21:25:06] --> futopituro appeared
[nakobovila:   28.11.2021, 21:25:36] --> futopituro appeared
[nakobovila:   28.11.2021, 21:26:04] --> 5biA4d appeared
[nakobovila:   28.11.2021, 21:26:13] --> Character leveled up to level 26
[nakobovila:   28.11.2021, 21:26:34] --> futopituro appeared
[nakobovila:   28.11.2021, 21:27:01] --> futopituro appeared
[nakobovila:   28.11.2021, 21:27:58] --> Character leveled up to level 27
[nakobovila:   28.11.2021, 21:28:17] --> Character got kick
[nakobovila:   28.11.2021, 21:28:46] --> 1excitedly44 appeared
[nakobovila:   28.11.2021, 21:29:15] --> Character got kick
[nakobovila:   28.11.2021, 21:29:32] --> Character got kick
[nakobovila:   28.11.2021, 21:29:45] --> 5biA4d appeared
[nakobovila:   28.11.2021, 21:30:02] --> 5biA4d appeared
[nakobovila:   28.11.2021, 21:30:05] --> 1excitedly44 appeared
[nakobovila:   28.11.2021, 21:31:06] --> Character leveled up to level 28
[nakobovila:   28.11.2021, 21:33:30] --> Character leveled up to level 29
[nakobovila:   28.11.2021, 21:35:50] --> Character got kick
[nakobovila:   28.11.2021, 21:36:40] --> futopituro appeared
[nakobovila:   28.11.2021, 21:37:00] --> Character leveled up to level 30
[nakobovila:   28.11.2021, 21:38:18] --> futopituro appeared
[nakobovila:   28.11.2021, 21:39:36] --> Character leveled up to level 31
[nakobovila:   28.11.2021, 21:39:37] --> Bot terminated: Character reached level 31
[fevubakotote: 28.11.2021, 21:40:39] --> Bot successfully started
[fevubakotote: 28.11.2021, 21:40:40] --> refewinukewe appeared
[fevubakotote: 28.11.2021, 21:40:40] --> Setting '1' loaded because of active level settings
[fevubakotote: 28.11.2021, 21:40:46] --> Character went to saleswoman
[fevubakotote: 28.11.2021, 21:40:50] --> Character was kicked from the bot, reason: Character was walking
[fevubakotote: 28.11.2021, 21:40:55] --> koropazebu appeared
[fevubakotote: 28.11.2021, 21:41:22] --> Character was kicked from the bot, reason: Character was walking
[fevubakotote: 28.11.2021, 21:41:34] --> ticomapavok appeared
[fevubakotote: 28.11.2021, 21:41:35] --> Character leveled up to level 3
[fevubakotote: 28.11.2021, 21:41:36] --> Character leveled up to level 6
[fevubakotote: 28.11.2021, 21:41:37] --> Character leveled up to level 7
[fevubakotote: 28.11.2021, 21:41:39] --> Character leveled up to level 8
[fevubakotote: 28.11.2021, 21:41:45] --> Character leveled up to level 9
[fevubakotote: 28.11.2021, 21:41:54] --> Character leveled up to level 10
[fevubakotote: 28.11.2021, 21:42:29] --> Character leveled up to level 11
[fevubakotote: 28.11.2021, 21:42:31] --> wikakobibin appeared
[fevubakotote: 28.11.2021, 21:42:41] --> Character leveled up to level 12
[fevubakotote: 28.11.2021, 21:42:46] --> Character leveled up to level 13
[fevubakotote: 28.11.2021, 21:43:22] --> bawikikufi appeared
[fevubakotote: 28.11.2021, 21:43:37] --> Character leveled up to level 14
[fevubakotote: 28.11.2021, 21:44:34] --> Character leveled up to level 15
[fevubakotote: 28.11.2021, 21:44:34] --> Setting '2' loaded because of active level settings
[fevubakotote: 28.11.2021, 21:44:38] --> Character was kicked from the bot, reason: Character was walking
[fevubakotote: 28.11.2021, 21:44:48] --> Character was kicked from the bot, reason: Character was walking
[fevubakotote: 28.11.2021, 21:44:59] --> kunepagaho appeared
[fevubakotote: 28.11.2021, 21:45:10] --> wegewukeriz appeared
[fevubakotote: 28.11.2021, 21:45:13] --> Character was kicked from the bot, reason: Character was walking
[fevubakotote: 28.11.2021, 21:45:17] --> futopituro appeared
[fevubakotote: 28.11.2021, 21:45:25] --> Character died
[fevubakotote: 28.11.2021, 21:45:36] --> 5biA4d appeared
[fevubakotote: 28.11.2021, 21:45:44] --> Character died
[fevubakotote: 28.11.2021, 21:46:49] --> Character leveled up to level 16
[fevubakotote: 28.11.2021, 21:47:48] --> Character leveled up to level 17
[fevubakotote: 28.11.2021, 21:48:39] --> Character leveled up to level 18
[fevubakotote: 28.11.2021, 21:49:32] --> Character leveled up to level 19
[fevubakotote: 28.11.2021, 21:51:17] --> Character leveled up to level 20
[fevubakotote: 28.11.2021, 21:51:29] --> futopituro appeared
[fevubakotote: 28.11.2021, 21:52:02] --> 1excitedly44 appeared
[fevubakotote: 28.11.2021, 21:52:10] --> Character leveled up to level 21
[fevubakotote: 28.11.2021, 21:52:13] --> gerozepesuk appeared
[fevubakotote: 28.11.2021, 21:52:18] --> 5biA4d appeared
[fevubakotote: 28.11.2021, 21:52:45] --> 5biA4d appeared
[fevubakotote: 28.11.2021, 21:53:02] --> 1excitedly44 appeared
[fevubakotote: 28.11.2021, 21:53:09] --> Character leveled up to level 22
[fevubakotote: 28.11.2021, 21:53:36] --> 5biA4d appeared
[fevubakotote: 28.11.2021, 21:53:54] --> 1excitedly44 appeared
[fevubakotote: 28.11.2021, 21:54:05] --> hitezafaca appeared
[fevubakotote: 28.11.2021, 21:54:29] --> Character leveled up to level 23
[fevubakotote: 28.11.2021, 21:55:07] --> 5biA4d appeared
[fevubakotote: 28.11.2021, 21:55:18] --> 5biA4d appeared
[fevubakotote: 28.11.2021, 21:55:30] --> 5biA4d appeared
[fevubakotote: 28.11.2021, 21:55:43] --> Character leveled up to level 24
[fevubakotote: 28.11.2021, 21:55:52] --> pekutoruro appeared
[fevubakotote: 28.11.2021, 21:55:59] --> 5biA4d appeared
[fevubakotote: 28.11.2021, 21:57:09] --> Character leveled up to level 25
[fevubakotote: 28.11.2021, 21:58:32] --> Character leveled up to level 26
[fevubakotote: 28.11.2021, 22:00:18] --> Character leveled up to level 27
[fevubakotote: 28.11.2021, 22:02:03] --> Character leveled up to level 28
[fevubakotote: 28.11.2021, 22:04:44] --> Character leveled up to level 29
[fevubakotote: 28.11.2021, 22:07:39] --> Character leveled up to level 30
[fevubakotote: 28.11.2021, 22:11:00] --> Character leveled up to level 31
[fevubakotote: 28.11.2021, 22:11:01] --> Bot terminated: Character reached level 31
[fevubakotote: 28.11.2021, 22:12:29] --> Bot successfully started
[fevubakotote: 28.11.2021, 22:12:29] --> bukagareziv appeared
[fevubakotote: 28.11.2021, 22:12:39] --> Setting '2' loaded because of active level settings
[fevubakotote: 28.11.2021, 22:12:42] --> Bot terminated: Character reached level 31
[rezavafenap:  28.11.2021, 22:14:11] --> Bot successfully started
[rezavafenap:  28.11.2021, 22:14:11] --> Quapsel appeared
[rezavafenap:  28.11.2021, 22:14:11] --> Setting '1' loaded because of active level settings
[rezavafenap:  28.11.2021, 22:14:17] --> Character went to saleswoman
[rezavafenap:  28.11.2021, 22:14:20] --> Character was kicked from the bot, reason: Character was walking
[rezavafenap:  28.11.2021, 22:14:52] --> Character was kicked from the bot, reason: Character was walking
[rezavafenap:  28.11.2021, 22:15:05] --> Character leveled up to level 3
[rezavafenap:  28.11.2021, 22:15:06] --> Character leveled up to level 7
[rezavafenap:  28.11.2021, 22:15:07] --> Character leveled up to level 8
[rezavafenap:  28.11.2021, 22:15:08] --> Character leveled up to level 9
[rezavafenap:  28.11.2021, 22:15:11] --> Character leveled up to level 10
[rezavafenap:  28.11.2021, 22:15:15] --> Character leveled up to level 11
[rezavafenap:  28.11.2021, 22:15:17] --> Character leveled up to level 12
[rezavafenap:  28.11.2021, 22:15:22] --> Character leveled up to level 13
[rezavafenap:  28.11.2021, 22:15:37] --> Character leveled up to level 14
[rezavafenap:  28.11.2021, 22:16:13] --> Character leveled up to level 15
[rezavafenap:  28.11.2021, 22:16:13] --> Setting '2' loaded because of active level settings
[rezavafenap:  28.11.2021, 22:16:20] --> cazuropobip appeared
[rezavafenap:  28.11.2021, 22:16:25] --> Character was kicked from the bot, reason: Character was walking
[rezavafenap:  28.11.2021, 22:16:50] --> Character was kicked from the bot, reason: Character was walking
[rezavafenap:  28.11.2021, 22:16:55] --> bubusebivika appeared
[rezavafenap:  28.11.2021, 22:17:46] --> Character leveled up to level 16
[rezavafenap:  28.11.2021, 22:19:00] --> bubusebivika appeared
[rezavafenap:  28.11.2021, 22:19:05] --> Character leveled up to level 17
[rezavafenap:  28.11.2021, 22:19:44] --> Character leveled up to level 18
[rezavafenap:  28.11.2021, 22:20:34] --> Character leveled up to level 19
[rezavafenap:  28.11.2021, 22:21:26] --> bubusebivika appeared
[rezavafenap:  28.11.2021, 22:21:48] --> Character leveled up to level 20
[rezavafenap:  28.11.2021, 22:21:53] --> bubusebivika appeared
[rezavafenap:  28.11.2021, 22:23:42] --> Character leveled up to level 21
[rezavafenap:  28.11.2021, 22:25:19] --> Bot successfully started
[rezavafenap:  28.11.2021, 22:25:19] --> Setting '2' loaded because of active level settings
[rezavafenap:  28.11.2021, 22:25:23] --> 5biA4d appeared
[rezavafenap:  28.11.2021, 22:25:34] --> 5biA4d appeared
[rezavafenap:  28.11.2021, 22:25:40] --> 5biA4d appeared
[rezavafenap:  28.11.2021, 22:25:56] --> viduruwuwo appeared
[rezavafenap:  28.11.2021, 22:26:08] --> 5biA4d appeared
[rezavafenap:  28.11.2021, 22:26:14] --> Character leveled up to level 22
[rezavafenap:  28.11.2021, 22:26:36] --> pekutoruro appeared
[rezavafenap:  28.11.2021, 22:27:04] --> 5biA4d appeared
[rezavafenap:  28.11.2021, 22:27:21] --> 1excitedly44 appeared
[rezavafenap:  28.11.2021, 22:27:35] --> Character leveled up to level 23
[rezavafenap:  28.11.2021, 22:28:01] --> civirakipob appeared
[rezavafenap:  28.11.2021, 22:28:03] --> 5biA4d appeared
[rezavafenap:  28.11.2021, 22:28:23] --> viduruwuwo appeared
[rezavafenap:  28.11.2021, 22:28:25] --> 5biA4d appeared
[rezavafenap:  28.11.2021, 22:28:54] --> civirakipob appeared
[rezavafenap:  28.11.2021, 22:28:54] --> Character leveled up to level 24
[rezavafenap:  28.11.2021, 22:29:18] --> 5biA4d appeared
[rezavafenap:  28.11.2021, 22:30:20] --> civirakipob appeared
[rezavafenap:  28.11.2021, 22:30:29] --> Character leveled up to level 25
[rezavafenap:  28.11.2021, 22:30:59] --> 5biA4d appeared
[rezavafenap:  28.11.2021, 22:31:27] --> bukagareziv appeared
[rezavafenap:  28.11.2021, 22:31:43] --> 1excitedly44 appeared
[rezavafenap:  28.11.2021, 22:31:49] --> 1excitedly44 appeared
[rezavafenap:  28.11.2021, 22:31:56] --> 5biA4d appeared
[rezavafenap:  28.11.2021, 22:32:22] --> civirakipob appeared
[rezavafenap:  28.11.2021, 22:32:26] --> Character leveled up to level 26
[rezavafenap:  28.11.2021, 22:34:20] --> Character leveled up to level 27
[rezavafenap:  28.11.2021, 22:36:19] --> Bot successfully started
[rezavafenap:  28.11.2021, 22:36:19] --> Setting '2' loaded because of active level settings
[rezavafenap:  28.11.2021, 22:36:19] --> 5biA4d appeared
[rezavafenap:  28.11.2021, 22:37:37] --> Character leveled up to level 28
[rezavafenap:  28.11.2021, 22:38:41] --> Character got kick
[rezavafenap:  28.11.2021, 22:38:51] --> 5biA4d appeared
[rezavafenap:  28.11.2021, 22:39:02] --> 5biA4d appeared
[rezavafenap:  28.11.2021, 22:39:37] --> viduruwuwo appeared
[rezavafenap:  28.11.2021, 22:39:48] --> Character died
[rezavafenap:  28.11.2021, 22:39:54] --> Character got kick
[rezavafenap:  28.11.2021, 22:40:03] --> Character died
[rezavafenap:  28.11.2021, 22:40:03] --> vipitatege appeared
[rezavafenap:  28.11.2021, 22:40:24] --> bukagareziv appeared
[rezavafenap:  28.11.2021, 22:40:52] --> 5biA4d appeared
[rezavafenap:  28.11.2021, 22:41:45] --> Character leveled up to level 29
[rezavafenap:  28.11.2021, 22:48:40] --> Character died
[rezavafenap:  28.11.2021, 22:49:49] --> Character got kick
[rezavafenap:  28.11.2021, 22:51:07] --> civirakipob appeared
[rezavafenap:  28.11.2021, 22:51:16] --> 5biA4d appeared
[rezavafenap:  28.11.2021, 22:51:22] --> Character leveled up to level 30
[rezavafenap:  28.11.2021, 22:53:29] --> civirakipob appeared
[rezavafenap:  28.11.2021, 22:54:09] --> 5biA4d appeared
[rezavafenap:  28.11.2021, 22:54:11] --> Character leveled up to level 31
[rezavafenap:  28.11.2021, 22:54:12] --> Bot terminated: Character reached level 31
[hikazekamuro: 28.11.2021, 22:55:27] --> Bot successfully started
[hikazekamuro: 28.11.2021, 22:55:27] --> Quapsel appeared
[hikazekamuro: 28.11.2021, 22:55:27] --> Setting '1' loaded because of active level settings
[hikazekamuro: 28.11.2021, 22:55:34] --> Character went to saleswoman
[hikazekamuro: 28.11.2021, 22:55:37] --> Character was kicked from the bot, reason: Character was walking
[hikazekamuro: 28.11.2021, 22:56:43] --> Character was kicked from the bot, reason: Character was walking
[hikazekamuro: 28.11.2021, 22:56:55] --> Character leveled up to level 2
[hikazekamuro: 28.11.2021, 22:56:58] --> Character leveled up to level 3
[hikazekamuro: 28.11.2021, 22:57:01] --> Character leveled up to level 5
[hikazekamuro: 28.11.2021, 22:57:02] --> Character leveled up to level 6
[hikazekamuro: 28.11.2021, 22:57:05] --> Character leveled up to level 7
[hikazekamuro: 28.11.2021, 22:57:05] --> Character leveled up to level 8
[hikazekamuro: 28.11.2021, 22:57:07] --> Character leveled up to level 9
[hikazekamuro: 28.11.2021, 22:57:13] --> Character leveled up to level 10
[hikazekamuro: 28.11.2021, 22:57:32] --> Character leveled up to level 11
[hikazekamuro: 28.11.2021, 22:57:36] --> Character leveled up to level 12
[hikazekamuro: 28.11.2021, 22:57:48] --> Character leveled up to level 13
[hikazekamuro: 28.11.2021, 22:58:29] --> gecaderane appeared
[hikazekamuro: 28.11.2021, 22:58:34] --> Character leveled up to level 14
[hikazekamuro: 28.11.2021, 22:58:56] --> Character leveled up to level 15
[hikazekamuro: 28.11.2021, 22:58:56] --> Setting '2' loaded because of active level settings
[hikazekamuro: 28.11.2021, 22:59:10] --> Character was kicked from the bot, reason: Character was walking
[hikazekamuro: 28.11.2021, 22:59:14] --> rakulidepu appeared
[hikazekamuro: 28.11.2021, 22:59:33] --> Takehisa appeared
[hikazekamuro: 28.11.2021, 22:59:35] --> Character was kicked from the bot, reason: Character was walking
[hikazekamuro: 28.11.2021, 22:59:38] --> Takehisa appeared
[hikazekamuro: 28.11.2021, 22:59:47] --> Character died
[hikazekamuro: 28.11.2021, 22:59:47] --> civirakipob appeared
[hikazekamuro: 28.11.2021, 23:00:02] --> Character died
[hikazekamuro: 28.11.2021, 23:00:11] --> civirakipob appeared
[hikazekamuro: 28.11.2021, 23:00:41] --> hitezafaca appeared
[hikazekamuro: 28.11.2021, 23:00:43] --> Character leveled up to level 16
[hikazekamuro: 28.11.2021, 23:00:50] --> bukagareziv appeared
[hikazekamuro: 28.11.2021, 23:01:13] --> Character leveled up to level 17
[hikazekamuro: 28.11.2021, 23:01:20] --> kakudorevib appeared
[hikazekamuro: 28.11.2021, 23:01:30] --> Character leveled up to level 18
[hikazekamuro: 28.11.2021, 23:01:37] --> govifenozal appeared
[hikazekamuro: 28.11.2021, 23:02:14] --> hitezafaca appeared
[hikazekamuro: 28.11.2021, 23:02:15] --> Character leveled up to level 19
[hikazekamuro: 28.11.2021, 23:02:33] --> vipitatege appeared
[hikazekamuro: 28.11.2021, 23:02:43] --> govifenozal appeared
[hikazekamuro: 28.11.2021, 23:02:47] --> OLeWs appeared
[hikazekamuro: 28.11.2021, 23:02:48] --> Character leveled up to level 20
[hikazekamuro: 28.11.2021, 23:03:05] --> hitezafaca appeared
[hikazekamuro: 28.11.2021, 23:03:24] --> besihatafiv appeared
[hikazekamuro: 28.11.2021, 23:03:37] --> Character leveled up to level 21
[hikazekamuro: 28.11.2021, 23:03:37] --> OLeWs appeared
[hikazekamuro: 28.11.2021, 23:03:41] --> kakudorevib appeared
[hikazekamuro: 28.11.2021, 23:03:49] --> kakudorevib appeared
[hikazekamuro: 28.11.2021, 23:04:00] --> govifenozal appeared
[hikazekamuro: 28.11.2021, 23:04:12] --> kakudorevib appeared
[hikazekamuro: 28.11.2021, 23:04:17] --> kakudorevib appeared
[hikazekamuro: 28.11.2021, 23:04:39] --> lobalokebu appeared
[hikazekamuro: 28.11.2021, 23:04:54] --> Character leveled up to level 22
[hikazekamuro: 28.11.2021, 23:09:02] --> 1excitedly44 appeared
[hikazekamuro: 28.11.2021, 23:09:02] --> Character died
[hikazekamuro: 28.11.2021, 23:10:36] --> Character leveled up to level 23
[hikazekamuro: 28.11.2021, 23:12:19] --> Character leveled up to level 24
[hikazekamuro: 28.11.2021, 23:14:14] --> Character leveled up to level 25
[hikazekamuro: 28.11.2021, 23:16:25] --> Character leveled up to level 26
[hikazekamuro: 28.11.2021, 23:18:34] --> Character leveled up to level 27
[hikazekamuro: 28.11.2021, 23:20:21] --> Character leveled up to level 28
[hikazekamuro: 28.11.2021, 23:22:12] --> Character leveled up to level 29
[hikazekamuro: 28.11.2021, 23:24:39] --> Character leveled up to level 30
[hikazekamuro: 28.11.2021, 23:27:25] --> Character leveled up to level 31
[hikazekamuro: 28.11.2021, 23:27:27] --> Bot terminated: Character reached level 31
