[bofifagoma:   28.11.2021, 19:48:15] --> Bot successfully started
[bofifagoma:   28.11.2021, 19:48:15] --> Manji01 appeared
[bofifagoma:   28.11.2021, 20:04:03] --> Changing into CH9
[bofifagoma:   28.11.2021, 20:04:46] --> Character was kicked from the bot, reason: Changing character
[bofifagoma:   28.11.2021, 20:06:43] --> Character was kicked from the bot, reason: Changing character
[biwufigogam:  28.11.2021, 20:06:50] --> EmyQ appeared
[biwufigogam:  28.11.2021, 20:08:41] --> Character was kicked from the bot, reason: Changing character
[kururogumuk:  28.11.2021, 20:10:45] --> Character was kicked from the bot, reason: Changing character
[ravewubapik:  28.11.2021, 20:14:07] --> Character was kicked from the bot, reason: Changing character
[bofifagoma:   28.11.2021, 20:39:09] --> Bot successfully started
[bofifagoma:   28.11.2021, 20:39:10] --> Setting '1' loaded because of active level settings
[bofifagoma:   28.11.2021, 20:39:10] --> Bazemi appeared
[bofifagoma:   28.11.2021, 20:39:16] --> Character went to saleswoman
[bofifagoma:   28.11.2021, 20:39:19] --> Character was kicked from the bot, reason: Character was walking
[bofifagoma:   28.11.2021, 20:39:52] --> Character was kicked from the bot, reason: Character was walking
[bofifagoma:   28.11.2021, 20:40:05] --> Character leveled up to level 6
[bofifagoma:   28.11.2021, 20:40:06] --> Character leveled up to level 7
[bofifagoma:   28.11.2021, 20:40:07] --> Character leveled up to level 8
[bofifagoma:   28.11.2021, 20:40:08] --> Character leveled up to level 9
[bofifagoma:   28.11.2021, 20:40:10] --> kugevikakaku appeared
[bofifagoma:   28.11.2021, 20:40:10] --> Character leveled up to level 10
[bofifagoma:   28.11.2021, 20:40:16] --> Character leveled up to level 11
[bofifagoma:   28.11.2021, 20:40:17] --> Character leveled up to level 12
[bofifagoma:   28.11.2021, 20:40:20] --> Character leveled up to level 13
[bofifagoma:   28.11.2021, 20:40:34] --> Character leveled up to level 14
[bofifagoma:   28.11.2021, 20:41:13] --> Character leveled up to level 15
[bofifagoma:   28.11.2021, 20:41:13] --> Setting '2' loaded because of active level settings
[bofifagoma:   28.11.2021, 20:41:26] --> Character was kicked from the bot, reason: Character was walking
[bofifagoma:   28.11.2021, 20:41:51] --> Character was kicked from the bot, reason: Character was walking
[bofifagoma:   28.11.2021, 20:41:57] --> 3mourning89 appeared
[bofifagoma:   28.11.2021, 20:42:08] --> doberugakora appeared
[bofifagoma:   28.11.2021, 20:42:25] --> sogefonowac appeared
[bofifagoma:   28.11.2021, 20:42:55] --> 8Lg7TR appeared
[bofifagoma:   28.11.2021, 20:43:02] --> 3mourning89 appeared
[bofifagoma:   28.11.2021, 20:43:20] --> Character died
[bofifagoma:   28.11.2021, 20:43:38] --> Character died
[bofifagoma:   28.11.2021, 20:43:39] --> 8Lg7TR appeared
[bofifagoma:   28.11.2021, 20:44:01] --> Character leveled up to level 16
[bofifagoma:   28.11.2021, 20:44:29] --> 8Lg7TR appeared
[bofifagoma:   28.11.2021, 20:44:41] --> Character leveled up to level 17
[bofifagoma:   28.11.2021, 20:44:51] --> 3mourning89 appeared
[bofifagoma:   28.11.2021, 20:45:17] --> 3mourning89 appeared
[bofifagoma:   28.11.2021, 20:45:20] --> Character leveled up to level 18
[bofifagoma:   28.11.2021, 20:45:58] --> Character leveled up to level 19
[bofifagoma:   28.11.2021, 20:46:40] --> Character leveled up to level 20
[bofifagoma:   28.11.2021, 20:47:47] --> Character leveled up to level 21
[bofifagoma:   28.11.2021, 20:49:02] --> Character leveled up to level 22
[bofifagoma:   28.11.2021, 20:50:41] --> Character leveled up to level 23
[bofifagoma:   28.11.2021, 20:52:34] --> Character leveled up to level 24
[bofifagoma:   28.11.2021, 20:54:38] --> Character leveled up to level 25
[bofifagoma:   28.11.2021, 20:56:59] --> 3mourning89 appeared
[bofifagoma:   28.11.2021, 20:57:09] --> doberugakora appeared
[bofifagoma:   28.11.2021, 20:57:35] --> doberugakora appeared
[bofifagoma:   28.11.2021, 20:57:37] --> bilelarefi appeared
[bofifagoma:   28.11.2021, 20:57:55] --> Character leveled up to level 26
[bofifagoma:   28.11.2021, 20:58:02] --> doberugakora appeared
[bofifagoma:   28.11.2021, 20:58:19] --> Character got kick
[bofifagoma:   28.11.2021, 20:58:47] --> ripobekalawo appeared
[bofifagoma:   28.11.2021, 21:00:10] --> Character leveled up to level 27
[bofifagoma:   28.11.2021, 21:00:43] --> doberugakora appeared
[bofifagoma:   28.11.2021, 21:01:56] --> 3mourning89 appeared
[bofifagoma:   28.11.2021, 21:02:02] --> Character leveled up to level 28
[bofifagoma:   28.11.2021, 21:02:59] --> ripobekalawo appeared
[bofifagoma:   28.11.2021, 21:03:24] --> 3mourning89 appeared
[bofifagoma:   28.11.2021, 21:03:52] --> 3mourning89 appeared
[bofifagoma:   28.11.2021, 21:04:22] --> Character leveled up to level 29
[bofifagoma:   28.11.2021, 21:04:51] --> 3mourning89 appeared
[bofifagoma:   28.11.2021, 21:06:18] --> datufevoli appeared
[bofifagoma:   28.11.2021, 21:06:51] --> Character leveled up to level 30
[bofifagoma:   28.11.2021, 21:07:15] --> 3mourning89 appeared
[bofifagoma:   28.11.2021, 21:07:45] --> ripobekalawo appeared
[bofifagoma:   28.11.2021, 21:10:09] --> ripobekalawo appeared
[bofifagoma:   28.11.2021, 21:10:11] --> Character leveled up to level 31
[bofifagoma:   28.11.2021, 21:10:13] --> Bot terminated: Character reached level 31
[bofifagoma:   28.11.2021, 21:11:36] --> Bot successfully started
[bofifagoma:   28.11.2021, 21:11:37] --> 8Lg7TR appeared
[bofifagoma:   28.11.2021, 21:11:47] --> Setting '2' loaded because of active level settings
[bofifagoma:   28.11.2021, 21:11:49] --> Bot terminated: Character reached level 31
[biwufigogam:  28.11.2021, 21:12:53] --> Bot successfully started
[biwufigogam:  28.11.2021, 21:12:53] --> Azemi appeared
[biwufigogam:  28.11.2021, 21:12:53] --> Setting '1' loaded because of active level settings
[biwufigogam:  28.11.2021, 21:13:00] --> Character went to saleswoman
[biwufigogam:  28.11.2021, 21:13:03] --> Character was kicked from the bot, reason: Character was walking
[biwufigogam:  28.11.2021, 21:13:36] --> Character was kicked from the bot, reason: Character was walking
[biwufigogam:  28.11.2021, 21:13:49] --> Character leveled up to level 3
[biwufigogam:  28.11.2021, 21:13:50] --> Character leveled up to level 6
[biwufigogam:  28.11.2021, 21:13:51] --> Character leveled up to level 7
[biwufigogam:  28.11.2021, 21:13:54] --> Character leveled up to level 8
[biwufigogam:  28.11.2021, 21:14:10] --> Character leveled up to level 9
[biwufigogam:  28.11.2021, 21:14:19] --> Character leveled up to level 10
[biwufigogam:  28.11.2021, 21:14:40] --> Character leveled up to level 11
[biwufigogam:  28.11.2021, 21:14:51] --> Character leveled up to level 12
[biwufigogam:  28.11.2021, 21:14:56] --> Character leveled up to level 13
[biwufigogam:  28.11.2021, 21:15:02] --> kururudati appeared
[biwufigogam:  28.11.2021, 21:15:09] --> kururudati appeared
[biwufigogam:  28.11.2021, 21:15:38] --> Character leveled up to level 14
[biwufigogam:  28.11.2021, 21:15:49] --> Character leveled up to level 15
[biwufigogam:  28.11.2021, 21:15:49] --> Setting '2' loaded because of active level settings
[biwufigogam:  28.11.2021, 21:16:03] --> Character was kicked from the bot, reason: Character was walking
[biwufigogam:  28.11.2021, 21:16:14] --> zagigupomak appeared
[biwufigogam:  28.11.2021, 21:16:30] --> Character was kicked from the bot, reason: Character was walking
[biwufigogam:  28.11.2021, 21:16:34] --> ripobekalawo appeared
[biwufigogam:  28.11.2021, 21:17:13] --> 8Lg7TR appeared
[biwufigogam:  28.11.2021, 21:17:28] --> Character leveled up to level 16
[biwufigogam:  28.11.2021, 21:18:26] --> Character leveled up to level 17
[biwufigogam:  28.11.2021, 21:19:29] --> Character leveled up to level 18
[biwufigogam:  28.11.2021, 21:21:01] --> Character leveled up to level 19
[biwufigogam:  28.11.2021, 21:22:28] --> Character leveled up to level 20
[biwufigogam:  28.11.2021, 21:22:50] --> 3mourning89 appeared
[biwufigogam:  28.11.2021, 21:23:18] --> bilelarefi appeared
[biwufigogam:  28.11.2021, 21:23:42] --> Character leveled up to level 21
[biwufigogam:  28.11.2021, 21:23:59] --> vizemekaredo appeared
[biwufigogam:  28.11.2021, 21:24:58] --> Character leveled up to level 22
[biwufigogam:  28.11.2021, 21:25:26] --> 8Lg7TR appeared
[biwufigogam:  28.11.2021, 21:26:15] --> 3mourning89 appeared
[biwufigogam:  28.11.2021, 21:26:19] --> Character leveled up to level 23
[biwufigogam:  28.11.2021, 21:26:54] --> 8Lg7TR appeared
[biwufigogam:  28.11.2021, 21:27:17] --> 8Lg7TR appeared
[biwufigogam:  28.11.2021, 21:27:30] --> Character leveled up to level 24
[biwufigogam:  28.11.2021, 21:28:17] --> Character got kick
[biwufigogam:  28.11.2021, 21:29:14] --> Character got kick
[biwufigogam:  28.11.2021, 21:29:23] --> vizemekaredo appeared
[biwufigogam:  28.11.2021, 21:31:25] --> Bot successfully started
[biwufigogam:  28.11.2021, 21:31:25] --> kevigemacu appeared
[biwufigogam:  28.11.2021, 21:31:25] --> Setting '2' loaded because of active level settings
[biwufigogam:  28.11.2021, 21:31:39] --> 8Lg7TR appeared
[biwufigogam:  28.11.2021, 21:32:05] --> datufevoli appeared
[biwufigogam:  28.11.2021, 21:32:23] --> Character leveled up to level 25
[biwufigogam:  28.11.2021, 21:33:04] --> 8Lg7TR appeared
[biwufigogam:  28.11.2021, 21:34:26] --> Character leveled up to level 26
[biwufigogam:  28.11.2021, 21:34:59] --> 3mourning89 appeared
[biwufigogam:  28.11.2021, 21:35:30] --> kevigemacu appeared
[biwufigogam:  28.11.2021, 21:35:52] --> Character got kick
[biwufigogam:  28.11.2021, 21:36:46] --> Character leveled up to level 27
[biwufigogam:  28.11.2021, 21:36:47] --> vizemekaredo appeared
[biwufigogam:  28.11.2021, 21:37:14] --> 8Lg7TR appeared
[biwufigogam:  28.11.2021, 21:37:42] --> 3mourning89 appeared
[biwufigogam:  28.11.2021, 21:38:08] --> 3mourning89 appeared
[biwufigogam:  28.11.2021, 21:38:14] --> vizemekaredo appeared
[biwufigogam:  28.11.2021, 21:38:43] --> 8Lg7TR appeared
[biwufigogam:  28.11.2021, 21:39:11] --> 3mourning89 appeared
[biwufigogam:  28.11.2021, 21:39:17] --> 8Lg7TR appeared
[biwufigogam:  28.11.2021, 21:39:20] --> Character leveled up to level 28
[biwufigogam:  28.11.2021, 21:39:36] --> datufevoli appeared
[biwufigogam:  28.11.2021, 21:39:44] --> 3mourning89 appeared
[biwufigogam:  28.11.2021, 21:41:41] --> Bot successfully started
[biwufigogam:  28.11.2021, 21:41:41] --> Setting '2' loaded because of active level settings
[biwufigogam:  28.11.2021, 21:41:41] --> kalucacowi appeared
[biwufigogam:  28.11.2021, 21:43:54] --> Character leveled up to level 29
[biwufigogam:  28.11.2021, 21:46:53] --> kevigemacu appeared
[biwufigogam:  28.11.2021, 21:49:18] --> Character leveled up to level 30
[biwufigogam:  28.11.2021, 21:50:14] --> 8Lg7TR appeared
[biwufigogam:  28.11.2021, 21:51:41] --> Bot successfully started
[biwufigogam:  28.11.2021, 21:51:41] --> 3mourning89 appeared
[biwufigogam:  28.11.2021, 21:51:41] --> Setting '2' loaded because of active level settings
[biwufigogam:  28.11.2021, 21:52:18] --> 3mourning89 appeared
[biwufigogam:  28.11.2021, 21:52:21] --> kevigemacu appeared
[biwufigogam:  28.11.2021, 21:52:43] --> Character got kick
[biwufigogam:  28.11.2021, 21:54:10] --> Character leveled up to level 31
[biwufigogam:  28.11.2021, 21:54:10] --> Bot terminated: Character reached level 31
[kururogumuk:  28.11.2021, 21:55:14] --> Bot successfully started
[kururogumuk:  28.11.2021, 21:55:14] --> Setting '1' loaded because of active level settings
[kururogumuk:  28.11.2021, 21:55:14] --> varolefetezi appeared
[kururogumuk:  28.11.2021, 21:55:20] --> Character went to saleswoman
[kururogumuk:  28.11.2021, 21:55:24] --> Character was kicked from the bot, reason: Character was walking
[kururogumuk:  28.11.2021, 21:55:57] --> Character was kicked from the bot, reason: Character was walking
[kururogumuk:  28.11.2021, 21:56:10] --> Character leveled up to level 2
[kururogumuk:  28.11.2021, 21:56:21] --> Character leveled up to level 3
[kururogumuk:  28.11.2021, 21:56:25] --> Character leveled up to level 4
[kururogumuk:  28.11.2021, 21:56:34] --> Character leveled up to level 5
[kururogumuk:  28.11.2021, 21:56:35] --> Character leveled up to level 6
[kururogumuk:  28.11.2021, 21:56:38] --> Character leveled up to level 7
[kururogumuk:  28.11.2021, 21:56:47] --> Character leveled up to level 8
[kururogumuk:  28.11.2021, 21:56:51] --> Character leveled up to level 9
[kururogumuk:  28.11.2021, 21:57:34] --> Character leveled up to level 10
[kururogumuk:  28.11.2021, 21:57:43] --> Character leveled up to level 11
[kururogumuk:  28.11.2021, 21:57:47] --> Character leveled up to level 12
[kururogumuk:  28.11.2021, 21:58:36] --> Character leveled up to level 13
[kururogumuk:  28.11.2021, 21:58:45] --> Character leveled up to level 14
[kururogumuk:  28.11.2021, 21:59:33] --> Character leveled up to level 15
[kururogumuk:  28.11.2021, 21:59:33] --> Setting '2' loaded because of active level settings
[kururogumuk:  28.11.2021, 21:59:37] --> Character was kicked from the bot, reason: Character was walking
[kururogumuk:  28.11.2021, 21:59:47] --> Character was kicked from the bot, reason: Character was walking
[kururogumuk:  28.11.2021, 21:59:58] --> larakukuraf appeared
[kururogumuk:  28.11.2021, 22:00:12] --> Character was kicked from the bot, reason: Character was walking
[kururogumuk:  28.11.2021, 22:00:16] --> kevigemacu appeared
[kururogumuk:  28.11.2021, 22:00:22] --> datufevoli appeared
[kururogumuk:  28.11.2021, 22:00:26] --> 8Lg7TR appeared
[kururogumuk:  28.11.2021, 22:01:09] --> Character leveled up to level 16
[kururogumuk:  28.11.2021, 22:01:18] --> Character died
[kururogumuk:  28.11.2021, 22:02:42] --> Bot successfully started
[kururogumuk:  28.11.2021, 22:02:43] --> Setting '2' loaded because of active level settings
[kururogumuk:  28.11.2021, 22:02:44] --> Character got kick
[kururogumuk:  28.11.2021, 22:03:45] --> Bot successfully started
[kururogumuk:  28.11.2021, 22:03:45] --> Setting '2' loaded because of active level settings
[kururogumuk:  28.11.2021, 22:03:45] --> datufevoli appeared
[kururogumuk:  28.11.2021, 22:04:21] --> 3mourning89 appeared
[kururogumuk:  28.11.2021, 22:04:30] --> kalucacowi appeared
[kururogumuk:  28.11.2021, 22:04:49] --> Character leveled up to level 17
[kururogumuk:  28.11.2021, 22:04:50] --> 3mourning89 appeared
[kururogumuk:  28.11.2021, 22:05:21] --> Character leveled up to level 18
[kururogumuk:  28.11.2021, 22:06:18] --> Character leveled up to level 19
[kururogumuk:  28.11.2021, 22:07:17] --> Character leveled up to level 20
[kururogumuk:  28.11.2021, 22:08:33] --> Character leveled up to level 21
[kururogumuk:  28.11.2021, 22:10:32] --> Character leveled up to level 22
[kururogumuk:  28.11.2021, 22:12:06] --> Character leveled up to level 23
[kururogumuk:  28.11.2021, 22:14:31] --> Character leveled up to level 24
[kururogumuk:  28.11.2021, 22:16:01] --> 8Lg7TR appeared
[kururogumuk:  28.11.2021, 22:17:46] --> Character leveled up to level 25
[kururogumuk:  28.11.2021, 22:20:31] --> Character leveled up to level 26
[kururogumuk:  28.11.2021, 22:21:14] --> zozihekomaso appeared
[kururogumuk:  28.11.2021, 22:22:11] --> copohimatovo appeared
[kururogumuk:  28.11.2021, 22:24:00] --> Character leveled up to level 27
[kururogumuk:  28.11.2021, 22:26:02] --> 8Lg7TR appeared
[kururogumuk:  28.11.2021, 22:27:43] --> Character leveled up to level 28
[kururogumuk:  28.11.2021, 22:28:42] --> copohimatovo appeared
[kururogumuk:  28.11.2021, 22:32:17] --> Character leveled up to level 29
[kururogumuk:  28.11.2021, 22:32:48] --> palekuvidena appeared
[kururogumuk:  28.11.2021, 22:33:17] --> palekuvidena appeared
[kururogumuk:  28.11.2021, 22:34:06] --> 3mourning89 appeared
[kururogumuk:  28.11.2021, 22:34:44] --> 8Lg7TR appeared
[kururogumuk:  28.11.2021, 22:35:11] --> Character leveled up to level 30
[kururogumuk:  28.11.2021, 22:35:41] --> 8Lg7TR appeared
[kururogumuk:  28.11.2021, 22:36:08] --> 8Lg7TR appeared
[kururogumuk:  28.11.2021, 22:36:39] --> 8Lg7TR appeared
[kururogumuk:  28.11.2021, 22:37:12] --> 8Lg7TR appeared
[kururogumuk:  28.11.2021, 22:37:35] --> 8Lg7TR appeared
[kururogumuk:  28.11.2021, 22:37:56] --> Character leveled up to level 31
[kururogumuk:  28.11.2021, 22:37:58] --> Bot terminated: Character reached level 31
[ravewubapik:  28.11.2021, 22:44:25] --> Bot successfully started
[ravewubapik:  28.11.2021, 22:44:25] --> ListigeLaus appeared
[ravewubapik:  28.11.2021, 22:44:25] --> Setting '1' loaded because of active level settings
[ravewubapik:  28.11.2021, 22:44:32] --> Character went to saleswoman
[ravewubapik:  28.11.2021, 22:44:39] --> Character was kicked from the bot, reason: Character was walking
[ravewubapik:  28.11.2021, 22:45:07] --> Character died
[ravewubapik:  28.11.2021, 22:45:11] --> Character was kicked from the bot, reason: Character was walking
[ravewubapik:  28.11.2021, 22:45:43] --> Character was kicked from the bot, reason: Character was walking
[ravewubapik:  28.11.2021, 22:45:55] --> Character leveled up to level 2
[ravewubapik:  28.11.2021, 22:45:56] --> Character leveled up to level 4
[ravewubapik:  28.11.2021, 22:45:57] --> Character leveled up to level 6
[ravewubapik:  28.11.2021, 22:45:58] --> Character leveled up to level 7
[ravewubapik:  28.11.2021, 22:46:04] --> Character leveled up to level 8
[ravewubapik:  28.11.2021, 22:46:10] --> bazunurapa appeared
[ravewubapik:  28.11.2021, 22:46:10] --> Character leveled up to level 9
[ravewubapik:  28.11.2021, 22:46:22] --> Character leveled up to level 10
[ravewubapik:  28.11.2021, 22:46:29] --> Character leveled up to level 11
[ravewubapik:  28.11.2021, 22:46:35] --> Character leveled up to level 12
[ravewubapik:  28.11.2021, 22:46:36] --> bazunurapa appeared
[ravewubapik:  28.11.2021, 22:46:37] --> Character leveled up to level 13
[ravewubapik:  28.11.2021, 22:46:46] --> Character leveled up to level 14
[ravewubapik:  28.11.2021, 22:46:48] --> bazunurapa appeared
[ravewubapik:  28.11.2021, 22:47:10] --> bazunurapa appeared
[ravewubapik:  28.11.2021, 22:47:23] --> Character leveled up to level 15
[ravewubapik:  28.11.2021, 22:47:23] --> Setting '2' loaded because of active level settings
[ravewubapik:  28.11.2021, 22:47:29] --> bazunurapa appeared
[ravewubapik:  28.11.2021, 22:47:41] --> Character was kicked from the bot, reason: Character was walking
[ravewubapik:  28.11.2021, 22:47:46] --> lopekobanil appeared
[ravewubapik:  28.11.2021, 22:47:59] --> lopekobanil appeared
[ravewubapik:  28.11.2021, 22:48:06] --> Character was kicked from the bot, reason: Character was walking
[ravewubapik:  28.11.2021, 22:48:11] --> 3mourning89 appeared
[ravewubapik:  28.11.2021, 22:53:11] --> Character got kick
[ravewubapik:  28.11.2021, 22:53:18] --> Character died
[ravewubapik:  28.11.2021, 22:55:44] --> Bot successfully started
[ravewubapik:  28.11.2021, 22:55:44] --> Setting '2' loaded because of active level settings
[ravewubapik:  28.11.2021, 22:55:44] --> kanefacihok appeared
[ravewubapik:  28.11.2021, 22:56:29] --> Character got kick
[ravewubapik:  28.11.2021, 22:56:59] --> Character leveled up to level 16
[ravewubapik:  28.11.2021, 22:57:27] --> Character leveled up to level 17
[ravewubapik:  28.11.2021, 22:57:51] --> kanefacihok appeared
[ravewubapik:  28.11.2021, 22:57:57] --> Character leveled up to level 18
[ravewubapik:  28.11.2021, 22:58:20] --> kanefacihok appeared
[ravewubapik:  28.11.2021, 22:58:32] --> Character leveled up to level 19
[ravewubapik:  28.11.2021, 22:59:00] --> kanefacihok appeared
[ravewubapik:  28.11.2021, 22:59:07] --> Character leveled up to level 20
[ravewubapik:  28.11.2021, 22:59:29] --> zozihekomaso appeared
[ravewubapik:  28.11.2021, 22:59:45] --> 3mourning89 appeared
[ravewubapik:  28.11.2021, 22:59:47] --> Character got kick
[ravewubapik:  28.11.2021, 23:00:51] --> Character leveled up to level 21
[ravewubapik:  28.11.2021, 23:01:58] --> kanefacihok appeared
[ravewubapik:  28.11.2021, 23:02:29] --> zorogugogip appeared
[ravewubapik:  28.11.2021, 23:02:40] --> Character leveled up to level 22
[ravewubapik:  28.11.2021, 23:02:57] --> wifezuzihib appeared
[ravewubapik:  28.11.2021, 23:03:24] --> zozihekomaso appeared
[ravewubapik:  28.11.2021, 23:03:53] --> kanefacihok appeared
[ravewubapik:  28.11.2021, 23:03:57] --> Character leveled up to level 23
[ravewubapik:  28.11.2021, 23:04:21] --> kanefacihok appeared
[ravewubapik:  28.11.2021, 23:04:50] --> kanefacihok appeared
[ravewubapik:  28.11.2021, 23:09:02] --> Character got kick
[ravewubapik:  28.11.2021, 23:09:10] --> 8Lg7TR appeared
[ravewubapik:  28.11.2021, 23:09:40] --> Character leveled up to level 24
[ravewubapik:  28.11.2021, 23:10:28] --> kanefacihok appeared
[ravewubapik:  28.11.2021, 23:10:54] --> 8Lg7TR appeared
[ravewubapik:  28.11.2021, 23:12:28] --> Character leveled up to level 25
[ravewubapik:  28.11.2021, 23:13:14] --> datufevoli appeared
[ravewubapik:  28.11.2021, 23:14:10] --> 3mourning89 appeared
[ravewubapik:  28.11.2021, 23:14:18] --> Character leveled up to level 26
[ravewubapik:  28.11.2021, 23:15:13] --> kanefacihok appeared
[ravewubapik:  28.11.2021, 23:16:11] --> kanefacihok appeared
[ravewubapik:  28.11.2021, 23:16:38] --> kanefacihok appeared
[ravewubapik:  28.11.2021, 23:16:56] --> Character leveled up to level 27
[ravewubapik:  28.11.2021, 23:17:07] --> kanefacihok appeared
[ravewubapik:  28.11.2021, 23:19:25] --> kohevarubune appeared
[ravewubapik:  28.11.2021, 23:19:56] --> Character leveled up to level 28
[ravewubapik:  28.11.2021, 23:20:27] --> wifezuzihib appeared
[ravewubapik:  28.11.2021, 23:20:28] --> kanefacihok appeared
[ravewubapik:  28.11.2021, 23:21:54] --> kanefacihok appeared
[ravewubapik:  28.11.2021, 23:22:22] --> kanefacihok appeared
[ravewubapik:  28.11.2021, 23:23:25] --> zorogugogip appeared
[ravewubapik:  28.11.2021, 23:23:27] --> Character leveled up to level 29
[ravewubapik:  28.11.2021, 23:23:42] --> datufevoli appeared
[ravewubapik:  28.11.2021, 23:23:59] --> zozihekomaso appeared
[ravewubapik:  28.11.2021, 23:24:10] --> datufevoli appeared
[ravewubapik:  28.11.2021, 23:24:38] --> 3mourning89 appeared
[ravewubapik:  28.11.2021, 23:24:56] --> wifezuzihib appeared
[ravewubapik:  28.11.2021, 23:25:01] --> wifezuzihib appeared
[ravewubapik:  28.11.2021, 23:25:10] --> datufevoli appeared
[ravewubapik:  28.11.2021, 23:25:24] --> zozihekomaso appeared
[ravewubapik:  28.11.2021, 23:25:30] --> zozihekomaso appeared
[ravewubapik:  28.11.2021, 23:25:39] --> 3mourning89 appeared
[ravewubapik:  28.11.2021, 23:25:41] --> Character leveled up to level 30
[ravewubapik:  28.11.2021, 23:25:46] --> sapomahakeb appeared
[ravewubapik:  28.11.2021, 23:26:02] --> sapomahakeb appeared
[ravewubapik:  28.11.2021, 23:26:04] --> 3mourning89 appeared
[ravewubapik:  28.11.2021, 23:27:03] --> 3mourning89 appeared
[ravewubapik:  28.11.2021, 23:28:04] --> wifezuzihib appeared
[ravewubapik:  28.11.2021, 23:28:07] --> Character leveled up to level 31
[ravewubapik:  28.11.2021, 23:28:08] --> Bot terminated: Character reached level 31
[tewikapilo:   28.11.2021, 23:29:19] --> Bot successfully started
[tewikapilo:   28.11.2021, 23:29:20] --> Setting '1' loaded because of active level settings
[tewikapilo:   28.11.2021, 23:29:20] --> xXBuffy appeared
[tewikapilo:   28.11.2021, 23:29:26] --> Character went to saleswoman
[tewikapilo:   28.11.2021, 23:29:30] --> Character was kicked from the bot, reason: Character was walking
[tewikapilo:   28.11.2021, 23:30:02] --> Character was kicked from the bot, reason: Character was walking
[tewikapilo:   28.11.2021, 23:30:22] --> Character leveled up to level 2
[tewikapilo:   28.11.2021, 23:30:28] --> Character leveled up to level 3
[tewikapilo:   28.11.2021, 23:30:29] --> Character leveled up to level 4
[tewikapilo:   28.11.2021, 23:30:30] --> Character leveled up to level 5
[tewikapilo:   28.11.2021, 23:30:32] --> Character leveled up to level 6
[tewikapilo:   28.11.2021, 23:30:37] --> Character leveled up to level 7
[tewikapilo:   28.11.2021, 23:30:39] --> Character leveled up to level 8
[tewikapilo:   28.11.2021, 23:30:52] --> Character leveled up to level 9
[tewikapilo:   28.11.2021, 23:31:25] --> Character leveled up to level 10
[tewikapilo:   28.11.2021, 23:31:38] --> Character leveled up to level 11
[tewikapilo:   28.11.2021, 23:32:21] --> Character leveled up to level 12
[tewikapilo:   28.11.2021, 23:32:36] --> Character leveled up to level 13
[tewikapilo:   28.11.2021, 23:33:19] --> Character leveled up to level 14
[tewikapilo:   28.11.2021, 23:33:40] --> Character leveled up to level 15
[tewikapilo:   28.11.2021, 23:33:40] --> Setting '2' loaded because of active level settings
[tewikapilo:   28.11.2021, 23:33:54] --> Character was kicked from the bot, reason: Character was walking
[tewikapilo:   28.11.2021, 23:33:57] --> hepawezimer appeared
[tewikapilo:   28.11.2021, 23:34:10] --> hepawezimer appeared
[tewikapilo:   28.11.2021, 23:34:18] --> Character was kicked from the bot, reason: Character was walking
[tewikapilo:   28.11.2021, 23:34:21] --> 3mourning89 appeared
[tewikapilo:   28.11.2021, 23:34:32] --> solurekape appeared
[tewikapilo:   28.11.2021, 23:35:39] --> Bot successfully started
[tewikapilo:   28.11.2021, 23:35:39] --> Setting '2' loaded because of active level settings
[tewikapilo:   28.11.2021, 23:35:39] --> solurekape appeared
[tewikapilo:   28.11.2021, 23:35:48] --> Character leveled up to level 16
[tewikapilo:   28.11.2021, 23:36:01] --> solurekape appeared
[tewikapilo:   28.11.2021, 23:36:39] --> Character leveled up to level 17
[tewikapilo:   28.11.2021, 23:37:29] --> solurekape appeared
[tewikapilo:   28.11.2021, 23:37:49] --> Character leveled up to level 18
[tewikapilo:   28.11.2021, 23:37:56] --> solurekape appeared
[tewikapilo:   28.11.2021, 23:38:47] --> Character leveled up to level 19
[tewikapilo:   28.11.2021, 23:39:52] --> Character leveled up to level 20
[tewikapilo:   28.11.2021, 23:41:11] --> Character leveled up to level 21
[tewikapilo:   28.11.2021, 23:42:14] --> solurekape appeared
[tewikapilo:   28.11.2021, 23:43:02] --> solurekape appeared
[tewikapilo:   28.11.2021, 23:43:40] --> sogefonowac appeared
[tewikapilo:   28.11.2021, 23:43:41] --> Character leveled up to level 22
[tewikapilo:   28.11.2021, 23:44:56] --> solurekape appeared
[tewikapilo:   28.11.2021, 23:45:08] --> solurekape appeared
[tewikapilo:   28.11.2021, 23:45:18] --> Character leveled up to level 23
[tewikapilo:   28.11.2021, 23:45:36] --> solurekape appeared
[tewikapilo:   28.11.2021, 23:45:52] --> solurekape appeared
[tewikapilo:   28.11.2021, 23:46:22] --> solurekape appeared
[tewikapilo:   28.11.2021, 23:46:42] --> Character leveled up to level 24
[tewikapilo:   28.11.2021, 23:48:27] --> solurekape appeared
[tewikapilo:   28.11.2021, 23:48:52] --> Character leveled up to level 25
[tewikapilo:   28.11.2021, 23:49:53] --> solurekape appeared
[tewikapilo:   28.11.2021, 23:52:01] --> Character leveled up to level 26
[tewikapilo:   28.11.2021, 23:54:38] --> Character leveled up to level 27
[tewikapilo:   28.11.2021, 23:55:57] --> sogefonowac appeared
[tewikapilo:   28.11.2021, 23:56:36] --> 8Lg7TR appeared
[tewikapilo:   28.11.2021, 23:56:59] --> 3mourning89 appeared
[tewikapilo:   28.11.2021, 23:57:32] --> 8Lg7TR appeared
[tewikapilo:   28.11.2021, 23:57:53] --> wifezuzihib appeared
[tewikapilo:   28.11.2021, 23:58:00] --> 8Lg7TR appeared
[tewikapilo:   28.11.2021, 23:58:15] --> Character leveled up to level 28
[tewikapilo:   29.11.2021, 00:00:03] --> sapomahakeb appeared
[tewikapilo:   29.11.2021, 00:00:32] --> sapomahakeb appeared
[tewikapilo:   29.11.2021, 00:00:51] --> wifezuzihib appeared
[tewikapilo:   29.11.2021, 00:01:10] --> Character leveled up to level 29
[tewikapilo:   29.11.2021, 00:01:20] --> 3mourning89 appeared
[tewikapilo:   29.11.2021, 00:01:30] --> sapomahakeb appeared
[tewikapilo:   29.11.2021, 00:01:58] --> 8Lg7TR appeared
[tewikapilo:   29.11.2021, 00:02:20] --> kohevarubune appeared
[tewikapilo:   29.11.2021, 00:02:43] --> datufevoli appeared
[tewikapilo:   29.11.2021, 00:03:00] --> 8Lg7TR appeared
[tewikapilo:   29.11.2021, 00:03:28] --> 8Lg7TR appeared
[tewikapilo:   29.11.2021, 00:04:09] --> Character leveled up to level 30
[tewikapilo:   29.11.2021, 00:04:22] --> 8Lg7TR appeared
[tewikapilo:   29.11.2021, 00:04:27] --> 8Lg7TR appeared
[tewikapilo:   29.11.2021, 00:04:56] --> fozupovuvu appeared
[tewikapilo:   29.11.2021, 00:05:14] --> kohevarubune appeared
[tewikapilo:   29.11.2021, 00:05:41] --> 3mourning89 appeared
[tewikapilo:   29.11.2021, 00:06:04] --> 8Lg7TR appeared
[tewikapilo:   29.11.2021, 00:06:40] --> 3mourning89 appeared
[tewikapilo:   29.11.2021, 00:07:04] --> 3mourning89 appeared
[tewikapilo:   29.11.2021, 00:07:05] --> Character leveled up to level 31
[tewikapilo:   29.11.2021, 00:07:06] --> Bot terminated: Character reached level 31
