[bolivibavi:   28.11.2021, 19:50:12] --> Bot successfully started
[bolivibavi:   28.11.2021, 19:50:12] --> WantToBuy appeared
[bolivibavi:   28.11.2021, 20:19:12] --> Changing into CH9
[bolivibavi:   28.11.2021, 20:19:45] --> Character was kicked from the bot, reason: Changing character
[bolivibavi:   28.11.2021, 20:22:11] --> Character was kicked from the bot, reason: Changing character
[kabitupabo:   28.11.2021, 20:24:29] --> Character was kicked from the bot, reason: Changing character
[lofocikoseka: 28.11.2021, 20:26:44] --> Character was kicked from the bot, reason: Changing character
[pahapufekal:  28.11.2021, 20:29:05] --> Character was kicked from the bot, reason: Changing character
[bolivibavi:   28.11.2021, 20:41:04] --> Bot successfully started
[bolivibavi:   28.11.2021, 20:41:04] --> Setting '1' loaded because of active level settings
[bolivibavi:   28.11.2021, 20:41:04] --> WantToBuy appeared
[bolivibavi:   28.11.2021, 20:41:11] --> Character went to saleswoman
[bolivibavi:   28.11.2021, 20:41:14] --> Character was kicked from the bot, reason: Character was walking
[bolivibavi:   28.11.2021, 20:41:46] --> Character was kicked from the bot, reason: Character was walking
[bolivibavi:   28.11.2021, 20:41:57] --> Character died
[bolivibavi:   28.11.2021, 20:42:01] --> gozipazori appeared
[bolivibavi:   28.11.2021, 20:42:11] --> Character leveled up to level 2
[bolivibavi:   28.11.2021, 20:42:13] --> Character leveled up to level 3
[bolivibavi:   28.11.2021, 20:42:16] --> Character leveled up to level 4
[bolivibavi:   28.11.2021, 20:42:19] --> Character leveled up to level 5
[bolivibavi:   28.11.2021, 20:42:26] --> Character leveled up to level 6
[bolivibavi:   28.11.2021, 20:42:36] --> Character leveled up to level 7
[bolivibavi:   28.11.2021, 20:42:44] --> Character leveled up to level 8
[bolivibavi:   28.11.2021, 20:42:46] --> Character leveled up to level 9
[bolivibavi:   28.11.2021, 20:42:51] --> zatimeguwam appeared
[bolivibavi:   28.11.2021, 20:42:51] --> Character leveled up to level 10
[bolivibavi:   28.11.2021, 20:42:56] --> Character leveled up to level 11
[bolivibavi:   28.11.2021, 20:43:18] --> zatimeguwam appeared
[bolivibavi:   28.11.2021, 20:43:20] --> Character leveled up to level 12
[bolivibavi:   28.11.2021, 20:43:41] --> Character leveled up to level 13
[bolivibavi:   28.11.2021, 20:43:47] --> zatimeguwam appeared
[bolivibavi:   28.11.2021, 20:43:52] --> Character leveled up to level 14
[bolivibavi:   28.11.2021, 20:44:06] --> Character leveled up to level 15
[bolivibavi:   28.11.2021, 20:44:06] --> Setting '2' loaded because of active level settings
[bolivibavi:   28.11.2021, 20:44:18] --> Character was kicked from the bot, reason: Character was walking
[bolivibavi:   28.11.2021, 20:44:24] --> ropocekeros appeared
[bolivibavi:   28.11.2021, 20:44:44] --> Character was kicked from the bot, reason: Character was walking
[bolivibavi:   28.11.2021, 20:44:48] --> venos4 appeared
[bolivibavi:   28.11.2021, 20:45:04] --> forokoperin appeared
[bolivibavi:   28.11.2021, 20:45:20] --> Character leveled up to level 16
[bolivibavi:   28.11.2021, 20:45:41] --> Character leveled up to level 17
[bolivibavi:   28.11.2021, 20:45:51] --> 5dissolve66 appeared
[bolivibavi:   28.11.2021, 20:46:00] --> H9AxeH appeared
[bolivibavi:   28.11.2021, 20:46:15] --> Character leveled up to level 18
[bolivibavi:   28.11.2021, 20:46:53] --> venos4 appeared
[bolivibavi:   28.11.2021, 20:46:54] --> H9AxeH appeared
[bolivibavi:   28.11.2021, 20:46:57] --> Character leveled up to level 19
[bolivibavi:   28.11.2021, 20:47:44] --> H9AxeH appeared
[bolivibavi:   28.11.2021, 20:48:38] --> Character leveled up to level 20
[bolivibavi:   28.11.2021, 20:49:12] --> 5dissolve66 appeared
[bolivibavi:   28.11.2021, 20:49:41] --> venos4 appeared
[bolivibavi:   28.11.2021, 20:49:46] --> Character got kick
[bolivibavi:   28.11.2021, 20:49:54] --> 5dissolve66 appeared
[bolivibavi:   28.11.2021, 20:50:10] --> forokoperin appeared
[bolivibavi:   28.11.2021, 20:50:32] --> Character leveled up to level 21
[bolivibavi:   28.11.2021, 20:50:37] --> forokoperin appeared
[bolivibavi:   28.11.2021, 20:51:01] --> forokoperin appeared
[bolivibavi:   28.11.2021, 20:51:23] --> Character leveled up to level 22
[bolivibavi:   28.11.2021, 20:51:50] --> H9AxeH appeared
[bolivibavi:   28.11.2021, 20:51:58] --> forokoperin appeared
[bolivibavi:   28.11.2021, 20:52:18] --> H9AxeH appeared
[bolivibavi:   28.11.2021, 20:52:51] --> veno5 appeared
[bolivibavi:   28.11.2021, 20:52:55] --> H9AxeH appeared
[bolivibavi:   28.11.2021, 20:53:13] --> Character leveled up to level 23
[bolivibavi:   28.11.2021, 20:54:14] --> zodibeduwufo appeared
[bolivibavi:   28.11.2021, 20:55:20] --> veno5 appeared
[bolivibavi:   28.11.2021, 20:55:46] --> H9AxeH appeared
[bolivibavi:   28.11.2021, 20:57:50] --> Character got kick
[bolivibavi:   28.11.2021, 20:58:29] --> Character leveled up to level 24
[bolivibavi:   28.11.2021, 20:58:53] --> 5dissolve66 appeared
[bolivibavi:   28.11.2021, 20:59:00] --> vadoracafef appeared
[bolivibavi:   28.11.2021, 20:59:54] --> veno5 appeared
[bolivibavi:   28.11.2021, 20:59:57] --> H9AxeH appeared
[bolivibavi:   28.11.2021, 21:00:29] --> H9AxeH appeared
[bolivibavi:   28.11.2021, 21:00:33] --> Character leveled up to level 25
[bolivibavi:   28.11.2021, 21:00:49] --> hikovudifo appeared
[bolivibavi:   28.11.2021, 21:00:53] --> H9AxeH appeared
[bolivibavi:   28.11.2021, 21:01:56] --> H9AxeH appeared
[bolivibavi:   28.11.2021, 21:01:59] --> forokoperin appeared
[bolivibavi:   28.11.2021, 21:02:16] --> veno5 appeared
[bolivibavi:   28.11.2021, 21:02:46] --> hikovudifo appeared
[bolivibavi:   28.11.2021, 21:02:47] --> Character leveled up to level 26
[bolivibavi:   28.11.2021, 21:03:24] --> forokoperin appeared
[bolivibavi:   28.11.2021, 21:04:36] --> Character leveled up to level 27
[bolivibavi:   28.11.2021, 21:04:41] --> 5dissolve66 appeared
[bolivibavi:   28.11.2021, 21:06:00] --> 5dissolve66 appeared
[bolivibavi:   28.11.2021, 21:07:18] --> Character leveled up to level 28
[bolivibavi:   28.11.2021, 21:08:29] --> hikovudifo appeared
[bolivibavi:   28.11.2021, 21:09:26] --> 5dissolve66 appeared
[bolivibavi:   28.11.2021, 21:09:55] --> 5dissolve66 appeared
[bolivibavi:   28.11.2021, 21:10:01] --> H9AxeH appeared
[bolivibavi:   28.11.2021, 21:10:57] --> Character leveled up to level 29
[bolivibavi:   28.11.2021, 21:12:57] --> H9AxeH appeared
[bolivibavi:   28.11.2021, 21:13:22] --> H9AxeH appeared
[bolivibavi:   28.11.2021, 21:13:33] --> H9AxeH appeared
[bolivibavi:   28.11.2021, 21:13:43] --> vadoracafef appeared
[bolivibavi:   28.11.2021, 21:13:52] --> H9AxeH appeared
[bolivibavi:   28.11.2021, 21:14:21] --> Character leveled up to level 30
[bolivibavi:   28.11.2021, 21:14:32] --> vadoracafef appeared
[bolivibavi:   28.11.2021, 21:14:37] --> zedopekapebe appeared
[bolivibavi:   28.11.2021, 21:15:24] --> zedopekapebe appeared
[bolivibavi:   28.11.2021, 21:15:41] --> 5dissolve66 appeared
[bolivibavi:   28.11.2021, 21:15:52] --> zedopekapebe appeared
[bolivibavi:   28.11.2021, 21:16:30] --> Character leveled up to level 31
[bolivibavi:   28.11.2021, 21:16:32] --> Bot terminated: Character reached level 31
[kabitupabo:   28.11.2021, 21:17:46] --> Bot successfully started
[kabitupabo:   28.11.2021, 21:17:46] --> vizuwuwilodu appeared
[kabitupabo:   28.11.2021, 21:17:46] --> Setting '1' loaded because of active level settings
[kabitupabo:   28.11.2021, 21:17:53] --> Character went to saleswoman
[kabitupabo:   28.11.2021, 21:17:56] --> Character was kicked from the bot, reason: Character was walking
[kabitupabo:   28.11.2021, 21:18:06] --> Character died
[kabitupabo:   28.11.2021, 21:18:19] --> KittyCritten appeared
[kabitupabo:   28.11.2021, 21:18:25] --> Character died
[kabitupabo:   28.11.2021, 21:18:37] --> KittyCritten appeared
[kabitupabo:   28.11.2021, 21:18:45] --> Character died
[kabitupabo:   28.11.2021, 21:19:49] --> Character died
[kabitupabo:   28.11.2021, 21:20:07] --> erbartsr3w appeared
[kabitupabo:   28.11.2021, 21:20:16] --> Character went to saleswoman
[kabitupabo:   28.11.2021, 21:20:22] --> Character died
[kabitupabo:   28.11.2021, 21:21:13] --> Character died
[kabitupabo:   28.11.2021, 21:21:30] --> KittyCritten appeared
[kabitupabo:   28.11.2021, 21:21:37] --> Character died
[kabitupabo:   28.11.2021, 21:21:51] --> erbartsr3w appeared
[kabitupabo:   28.11.2021, 21:22:04] --> Character died
[kabitupabo:   28.11.2021, 21:22:28] --> Character died
[kabitupabo:   28.11.2021, 21:23:08] --> Character went to saleswoman
[kabitupabo:   28.11.2021, 21:23:36] --> Character was kicked from the bot, reason: Character was walking
[kabitupabo:   28.11.2021, 21:23:48] --> Character leveled up to level 4
[kabitupabo:   28.11.2021, 21:23:49] --> Character leveled up to level 6
[kabitupabo:   28.11.2021, 21:23:52] --> Character leveled up to level 7
[kabitupabo:   28.11.2021, 21:23:54] --> Character leveled up to level 9
[kabitupabo:   28.11.2021, 21:23:56] --> Character leveled up to level 10
[kabitupabo:   28.11.2021, 21:23:58] --> Character leveled up to level 11
[kabitupabo:   28.11.2021, 21:24:00] --> Character leveled up to level 12
[kabitupabo:   28.11.2021, 21:24:13] --> Character leveled up to level 13
[kabitupabo:   28.11.2021, 21:24:21] --> kadurapavi appeared
[kabitupabo:   28.11.2021, 21:24:44] --> kadurapavi appeared
[kabitupabo:   28.11.2021, 21:24:44] --> Character leveled up to level 14
[kabitupabo:   28.11.2021, 21:25:00] --> Character leveled up to level 15
[kabitupabo:   28.11.2021, 21:25:01] --> Setting '2' loaded because of active level settings
[kabitupabo:   28.11.2021, 21:25:10] --> CeriTomess56 appeared
[kabitupabo:   28.11.2021, 21:25:15] --> Character was kicked from the bot, reason: Character was walking
[kabitupabo:   28.11.2021, 21:25:20] --> murezudevon appeared
[kabitupabo:   28.11.2021, 21:25:40] --> Character was kicked from the bot, reason: Character was walking
[kabitupabo:   28.11.2021, 21:26:21] --> veno5 appeared
[kabitupabo:   28.11.2021, 21:26:26] --> Character leveled up to level 16
[kabitupabo:   28.11.2021, 21:26:47] --> H9AxeH appeared
[kabitupabo:   28.11.2021, 21:27:14] --> 5dissolve66 appeared
[kabitupabo:   28.11.2021, 21:27:17] --> Character leveled up to level 17
[kabitupabo:   28.11.2021, 21:27:20] --> zedopekapebe appeared
[kabitupabo:   28.11.2021, 21:27:50] --> zedopekapebe appeared
[kabitupabo:   28.11.2021, 21:28:17] --> Character got kick
[kabitupabo:   28.11.2021, 21:28:26] --> Character leveled up to level 18
[kabitupabo:   28.11.2021, 21:28:26] --> Character died
[kabitupabo:   28.11.2021, 21:28:37] --> vadoracafef appeared
[kabitupabo:   28.11.2021, 21:28:59] --> veno3 appeared
[kabitupabo:   28.11.2021, 21:29:02] --> zedopekapebe appeared
[kabitupabo:   28.11.2021, 21:29:14] --> Character got kick
[kabitupabo:   28.11.2021, 21:30:21] --> Bot successfully started
[kabitupabo:   28.11.2021, 21:30:21] --> zedopekapebe appeared
[kabitupabo:   28.11.2021, 21:30:21] --> Setting '2' loaded because of active level settings
[kabitupabo:   28.11.2021, 21:31:05] --> Character leveled up to level 19
[kabitupabo:   28.11.2021, 21:31:13] --> H9AxeH appeared
[kabitupabo:   28.11.2021, 21:31:42] --> vadoracafef appeared
[kabitupabo:   28.11.2021, 21:31:56] --> Character leveled up to level 20
[kabitupabo:   28.11.2021, 21:32:04] --> hikovudifo appeared
[kabitupabo:   28.11.2021, 21:32:51] --> Character leveled up to level 21
[kabitupabo:   28.11.2021, 21:33:54] --> vadoracafef appeared
[kabitupabo:   28.11.2021, 21:34:20] --> Character leveled up to level 22
[kabitupabo:   28.11.2021, 21:34:26] --> zedopekapebe appeared
[kabitupabo:   28.11.2021, 21:35:33] --> Character leveled up to level 23
[kabitupabo:   28.11.2021, 21:39:13] --> Character got kick
[kabitupabo:   28.11.2021, 21:39:45] --> vadoracafef appeared
[kabitupabo:   28.11.2021, 21:40:11] --> zedopekapebe appeared
[kabitupabo:   28.11.2021, 21:40:15] --> H9AxeH appeared
[kabitupabo:   28.11.2021, 21:40:19] --> hikovudifo appeared
[kabitupabo:   28.11.2021, 21:40:49] --> Character leveled up to level 24
[kabitupabo:   28.11.2021, 21:41:42] --> taragevozok appeared
[kabitupabo:   28.11.2021, 21:42:05] --> Character leveled up to level 25
[kabitupabo:   28.11.2021, 21:43:10] --> 5dissolve66 appeared
[kabitupabo:   28.11.2021, 21:43:15] --> H9AxeH appeared
[kabitupabo:   28.11.2021, 21:44:08] --> Character leveled up to level 26
[kabitupabo:   28.11.2021, 21:44:15] --> H9AxeH appeared
[kabitupabo:   28.11.2021, 21:44:42] --> vadoracafef appeared
[kabitupabo:   28.11.2021, 21:45:44] --> H9AxeH appeared
[kabitupabo:   28.11.2021, 21:45:51] --> Character leveled up to level 27
[kabitupabo:   28.11.2021, 21:47:59] --> Character leveled up to level 28
[kabitupabo:   28.11.2021, 21:49:27] --> veno3 appeared
[kabitupabo:   28.11.2021, 21:49:30] --> H9AxeH appeared
[kabitupabo:   28.11.2021, 21:50:50] --> 5dissolve66 appeared
[kabitupabo:   28.11.2021, 21:51:46] --> Character leveled up to level 29
[kabitupabo:   28.11.2021, 21:51:47] --> veno3 appeared
[kabitupabo:   28.11.2021, 21:52:26] --> H9AxeH appeared
[kabitupabo:   28.11.2021, 21:52:57] --> fuwuzebote appeared
[kabitupabo:   28.11.2021, 21:53:17] --> veno3 appeared
[kabitupabo:   28.11.2021, 21:53:20] --> veno3 appeared
[kabitupabo:   28.11.2021, 21:54:17] --> Character leveled up to level 30
[kabitupabo:   28.11.2021, 21:54:23] --> H9AxeH appeared
[kabitupabo:   28.11.2021, 21:54:50] --> bidibegowa appeared
[kabitupabo:   28.11.2021, 21:55:18] --> 5dissolve66 appeared
[kabitupabo:   28.11.2021, 21:56:45] --> H9AxeH appeared
[kabitupabo:   28.11.2021, 21:57:07] --> 5dissolve66 appeared
[kabitupabo:   28.11.2021, 21:57:08] --> Character leveled up to level 31
[kabitupabo:   28.11.2021, 21:57:09] --> Bot terminated: Character reached level 31
[lofocikoseka: 28.11.2021, 21:58:24] --> Bot successfully started
[lofocikoseka: 28.11.2021, 21:58:24] --> vizuwuwilodu appeared
[lofocikoseka: 28.11.2021, 21:58:24] --> Setting '1' loaded because of active level settings
[lofocikoseka: 28.11.2021, 21:58:31] --> Character went to saleswoman
[lofocikoseka: 28.11.2021, 21:58:34] --> Character was kicked from the bot, reason: Character was walking
[lofocikoseka: 28.11.2021, 21:59:06] --> Character was kicked from the bot, reason: Character was walking
[lofocikoseka: 28.11.2021, 21:59:19] --> kadurapavi appeared
[lofocikoseka: 28.11.2021, 21:59:19] --> Character leveled up to level 3
[lofocikoseka: 28.11.2021, 21:59:20] --> Character leveled up to level 6
[lofocikoseka: 28.11.2021, 21:59:21] --> Character leveled up to level 7
[lofocikoseka: 28.11.2021, 21:59:22] --> Character leveled up to level 8
[lofocikoseka: 28.11.2021, 21:59:31] --> Character leveled up to level 9
[lofocikoseka: 28.11.2021, 21:59:51] --> Character leveled up to level 10
[lofocikoseka: 28.11.2021, 22:00:11] --> Character leveled up to level 11
[lofocikoseka: 28.11.2021, 22:00:16] --> kadurapavi appeared
[lofocikoseka: 28.11.2021, 22:00:25] --> Character leveled up to level 12
[lofocikoseka: 28.11.2021, 22:00:41] --> Character leveled up to level 13
[lofocikoseka: 28.11.2021, 22:00:43] --> kadurapavi appeared
[lofocikoseka: 28.11.2021, 22:01:11] --> kadurapavi appeared
[lofocikoseka: 28.11.2021, 22:01:19] --> Character leveled up to level 14
[lofocikoseka: 28.11.2021, 22:01:38] --> zatimeguwam appeared
[lofocikoseka: 28.11.2021, 22:02:02] --> Character leveled up to level 15
[lofocikoseka: 28.11.2021, 22:02:02] --> Setting '2' loaded because of active level settings
[lofocikoseka: 28.11.2021, 22:02:16] --> Character was kicked from the bot, reason: Character was walking
[lofocikoseka: 28.11.2021, 22:02:21] --> woliboponel appeared
[lofocikoseka: 28.11.2021, 22:02:41] --> Character was kicked from the bot, reason: Character was walking
[lofocikoseka: 28.11.2021, 22:02:46] --> 5dissolve66 appeared
[lofocikoseka: 28.11.2021, 22:02:56] --> H9AxeH appeared
[lofocikoseka: 28.11.2021, 22:03:48] --> Character leveled up to level 16
[lofocikoseka: 28.11.2021, 22:04:24] --> Character leveled up to level 17
[lofocikoseka: 28.11.2021, 22:05:07] --> H9AxeH appeared
[lofocikoseka: 28.11.2021, 22:05:17] --> 5dissolve66 appeared
[lofocikoseka: 28.11.2021, 22:05:21] --> Character leveled up to level 18
[lofocikoseka: 28.11.2021, 22:05:36] --> Character leveled up to level 19
[lofocikoseka: 28.11.2021, 22:05:52] --> cuwigisizavo appeared
[lofocikoseka: 28.11.2021, 22:06:08] --> Character leveled up to level 20
[lofocikoseka: 28.11.2021, 22:06:19] --> H9AxeH appeared
[lofocikoseka: 28.11.2021, 22:07:16] --> Character leveled up to level 21
[lofocikoseka: 28.11.2021, 22:07:45] --> H9AxeH appeared
[lofocikoseka: 28.11.2021, 22:08:34] --> Character leveled up to level 22
[lofocikoseka: 28.11.2021, 22:09:37] --> hikovudifo appeared
[lofocikoseka: 28.11.2021, 22:10:19] --> Character leveled up to level 23
[lofocikoseka: 28.11.2021, 22:10:38] --> cuwigisizavo appeared
[lofocikoseka: 28.11.2021, 22:11:08] --> H9AxeH appeared
[lofocikoseka: 28.11.2021, 22:11:32] --> 5dissolve66 appeared
[lofocikoseka: 28.11.2021, 22:11:39] --> cuwigisizavo appeared
[lofocikoseka: 28.11.2021, 22:12:29] --> Character leveled up to level 24
[lofocikoseka: 28.11.2021, 22:12:33] --> H9AxeH appeared
[lofocikoseka: 28.11.2021, 22:12:58] --> 5dissolve66 appeared
[lofocikoseka: 28.11.2021, 22:13:05] --> 5dissolve66 appeared
[lofocikoseka: 28.11.2021, 22:13:09] --> H9AxeH appeared
[lofocikoseka: 28.11.2021, 22:13:54] --> taragevozok appeared
[lofocikoseka: 28.11.2021, 22:14:04] --> Character leveled up to level 25
[lofocikoseka: 28.11.2021, 22:14:29] --> H9AxeH appeared
[lofocikoseka: 28.11.2021, 22:14:53] --> taragevozok appeared
[lofocikoseka: 28.11.2021, 22:15:18] --> 5dissolve66 appeared
[lofocikoseka: 28.11.2021, 22:16:18] --> 5dissolve66 appeared
[lofocikoseka: 28.11.2021, 22:16:23] --> Character leveled up to level 26
[lofocikoseka: 28.11.2021, 22:17:43] --> taragevozok appeared
[lofocikoseka: 28.11.2021, 22:18:50] --> H9AxeH appeared
[lofocikoseka: 28.11.2021, 22:18:57] --> Character leveled up to level 27
[lofocikoseka: 28.11.2021, 22:19:16] --> H9AxeH appeared
[lofocikoseka: 28.11.2021, 22:19:44] --> H9AxeH appeared
[lofocikoseka: 28.11.2021, 22:20:17] --> H9AxeH appeared
[lofocikoseka: 28.11.2021, 22:21:08] --> Character got kick
[lofocikoseka: 28.11.2021, 22:21:46] --> 5dissolve66 appeared
[lofocikoseka: 28.11.2021, 22:22:04] --> Character leveled up to level 28
[lofocikoseka: 28.11.2021, 22:23:15] --> H9AxeH appeared
[lofocikoseka: 28.11.2021, 22:23:20] --> mevakakimun appeared
[lofocikoseka: 28.11.2021, 22:23:44] --> H9AxeH appeared
[lofocikoseka: 28.11.2021, 22:24:13] --> mevakakimun appeared
[lofocikoseka: 28.11.2021, 22:24:56] --> Character leveled up to level 29
[lofocikoseka: 28.11.2021, 22:25:01] --> H9AxeH appeared
[lofocikoseka: 28.11.2021, 22:25:07] --> H9AxeH appeared
[lofocikoseka: 28.11.2021, 22:26:01] --> 5dissolve66 appeared
[lofocikoseka: 28.11.2021, 22:26:59] --> hikovudifo appeared
[lofocikoseka: 28.11.2021, 22:28:06] --> mevakakimun appeared
[lofocikoseka: 28.11.2021, 22:28:32] --> H9AxeH appeared
[lofocikoseka: 28.11.2021, 22:28:56] --> 5dissolve66 appeared
[lofocikoseka: 28.11.2021, 22:29:03] --> Character leveled up to level 30
[lofocikoseka: 28.11.2021, 22:29:23] --> hikovudifo appeared
[lofocikoseka: 28.11.2021, 22:29:30] --> cuwigisizavo appeared
[lofocikoseka: 28.11.2021, 22:30:33] --> cuwigisizavo appeared
[lofocikoseka: 28.11.2021, 22:31:56] --> Character leveled up to level 31
[lofocikoseka: 28.11.2021, 22:31:57] --> Bot terminated: Character reached level 31
[pahapufekal:  28.11.2021, 22:33:14] --> Bot successfully started
[pahapufekal:  28.11.2021, 22:33:14] --> vizuwuwilodu appeared
[pahapufekal:  28.11.2021, 22:33:15] --> Setting '1' loaded because of active level settings
[pahapufekal:  28.11.2021, 22:33:21] --> Character went to saleswoman
[pahapufekal:  28.11.2021, 22:33:25] --> Character was kicked from the bot, reason: Character was walking
[pahapufekal:  28.11.2021, 22:33:30] --> ARMADURAAA appeared
[pahapufekal:  28.11.2021, 22:33:57] --> Character was kicked from the bot, reason: Character was walking
[pahapufekal:  28.11.2021, 22:34:11] --> Character leveled up to level 4
[pahapufekal:  28.11.2021, 22:34:12] --> Character leveled up to level 6
[pahapufekal:  28.11.2021, 22:34:13] --> Character leveled up to level 8
[pahapufekal:  28.11.2021, 22:34:13] --> tinegasavu appeared
[pahapufekal:  28.11.2021, 22:34:15] --> Character leveled up to level 9
[pahapufekal:  28.11.2021, 22:34:33] --> Character leveled up to level 10
[pahapufekal:  28.11.2021, 22:34:39] --> Character leveled up to level 11
[pahapufekal:  28.11.2021, 22:34:40] --> fekepuzipa appeared
[pahapufekal:  28.11.2021, 22:34:42] --> Character leveled up to level 12
[pahapufekal:  28.11.2021, 22:34:48] --> Character leveled up to level 13
[pahapufekal:  28.11.2021, 22:35:06] --> fekepuzipa appeared
[pahapufekal:  28.11.2021, 22:35:08] --> Character leveled up to level 14
[pahapufekal:  28.11.2021, 22:35:33] --> tinegasavu appeared
[pahapufekal:  28.11.2021, 22:35:35] --> fekepuzipa appeared
[pahapufekal:  28.11.2021, 22:35:42] --> Character leveled up to level 15
[pahapufekal:  28.11.2021, 22:35:42] --> Setting '2' loaded because of active level settings
[pahapufekal:  28.11.2021, 22:35:54] --> Character was kicked from the bot, reason: Character was walking
[pahapufekal:  28.11.2021, 22:36:07] --> fivudekakazo appeared
[pahapufekal:  28.11.2021, 22:36:21] --> Character was kicked from the bot, reason: Character was walking
[pahapufekal:  28.11.2021, 22:36:30] --> 5dissolve66 appeared
[pahapufekal:  28.11.2021, 22:37:07] --> H9AxeH appeared
[pahapufekal:  28.11.2021, 22:37:21] --> Character leveled up to level 16
[pahapufekal:  28.11.2021, 22:37:29] --> 5dissolve66 appeared
[pahapufekal:  28.11.2021, 22:37:37] --> H9AxeH appeared
[pahapufekal:  28.11.2021, 22:38:00] --> Character leveled up to level 17
[pahapufekal:  28.11.2021, 22:38:03] --> H9AxeH appeared
[pahapufekal:  28.11.2021, 22:38:27] --> 5dissolve66 appeared
[pahapufekal:  28.11.2021, 22:38:34] --> H9AxeH appeared
[pahapufekal:  28.11.2021, 22:38:40] --> H9AxeH appeared
[pahapufekal:  28.11.2021, 22:38:42] --> Character got kick
[pahapufekal:  28.11.2021, 22:39:07] --> Character got kick
[pahapufekal:  28.11.2021, 22:40:33] --> Bot successfully started
[pahapufekal:  28.11.2021, 22:40:33] --> H9AxeH appeared
[pahapufekal:  28.11.2021, 22:40:33] --> Setting '2' loaded because of active level settings
[pahapufekal:  28.11.2021, 22:40:45] --> Character leveled up to level 18
[pahapufekal:  28.11.2021, 22:40:48] --> 5dissolve66 appeared
[pahapufekal:  28.11.2021, 22:40:55] --> zuburorowome appeared
[pahapufekal:  28.11.2021, 22:41:14] --> 5dissolve66 appeared
[pahapufekal:  28.11.2021, 22:41:28] --> Character leveled up to level 19
[pahapufekal:  28.11.2021, 22:42:21] --> H9AxeH appeared
[pahapufekal:  28.11.2021, 22:42:41] --> 5dissolve66 appeared
[pahapufekal:  28.11.2021, 22:42:49] --> regizufazawe appeared
[pahapufekal:  28.11.2021, 22:42:58] --> Character leveled up to level 20
[pahapufekal:  28.11.2021, 22:43:11] --> 5dissolve66 appeared
[pahapufekal:  28.11.2021, 22:43:17] --> cuwigisizavo appeared
[pahapufekal:  28.11.2021, 22:44:02] --> Character leveled up to level 21
[pahapufekal:  28.11.2021, 22:50:07] --> Character got kick
[pahapufekal:  28.11.2021, 22:50:16] --> Character died
[pahapufekal:  28.11.2021, 22:50:37] --> zuburorowome appeared
[pahapufekal:  28.11.2021, 22:51:00] --> 5dissolve66 appeared
[pahapufekal:  28.11.2021, 22:51:53] --> Character leveled up to level 22
[pahapufekal:  28.11.2021, 22:52:03] --> H9AxeH appeared
[pahapufekal:  28.11.2021, 22:52:28] --> hikovudifo appeared
[pahapufekal:  28.11.2021, 22:52:33] --> zuburorowome appeared
[pahapufekal:  28.11.2021, 22:52:58] --> hikovudifo appeared
[pahapufekal:  28.11.2021, 22:53:24] --> Character leveled up to level 23
[pahapufekal:  28.11.2021, 22:53:34] --> zuburorowome appeared
[pahapufekal:  28.11.2021, 22:53:59] --> cuwigisizavo appeared
[pahapufekal:  28.11.2021, 22:54:33] --> zuburorowome appeared
[pahapufekal:  28.11.2021, 22:54:36] --> Character leveled up to level 24
[pahapufekal:  28.11.2021, 22:54:58] --> Character died
[pahapufekal:  28.11.2021, 22:55:02] --> Character got kick
[pahapufekal:  28.11.2021, 22:55:10] --> Character died
[pahapufekal:  28.11.2021, 22:55:10] --> 5dissolve66 appeared
[pahapufekal:  28.11.2021, 22:55:18] --> zuburorowome appeared
[pahapufekal:  28.11.2021, 22:55:40] --> regizufazawe appeared
[pahapufekal:  28.11.2021, 22:55:44] --> volontadibur appeared
[pahapufekal:  28.11.2021, 22:56:30] --> Character died
[pahapufekal:  28.11.2021, 22:56:31] --> regizufazawe appeared
[pahapufekal:  28.11.2021, 22:56:54] --> Character died
[pahapufekal:  28.11.2021, 22:57:07] --> regizufazawe appeared
[pahapufekal:  28.11.2021, 22:57:15] --> zuburorowome appeared
[pahapufekal:  28.11.2021, 22:57:42] --> zuburorowome appeared
[pahapufekal:  28.11.2021, 22:57:52] --> Character leveled up to level 25
[pahapufekal:  28.11.2021, 22:58:10] --> zuburorowome appeared
[pahapufekal:  28.11.2021, 22:58:37] --> zuburorowome appeared
[pahapufekal:  28.11.2021, 22:58:39] --> zuburorowome appeared
[pahapufekal:  28.11.2021, 22:59:03] --> zuburorowome appeared
[pahapufekal:  28.11.2021, 22:59:05] --> Character leveled up to level 26
[pahapufekal:  28.11.2021, 22:59:22] --> zuburorowome appeared
[pahapufekal:  28.11.2021, 22:59:26] --> 5dissolve66 appeared
[pahapufekal:  28.11.2021, 22:59:52] --> 5dissolve66 appeared
[pahapufekal:  28.11.2021, 23:00:01] --> zuburorowome appeared
[pahapufekal:  28.11.2021, 23:00:18] --> regizufazawe appeared
[pahapufekal:  28.11.2021, 23:00:28] --> zuburorowome appeared
[pahapufekal:  28.11.2021, 23:00:52] --> 5dissolve66 appeared
[pahapufekal:  28.11.2021, 23:01:18] --> 5dissolve66 appeared
[pahapufekal:  28.11.2021, 23:01:24] --> Character leveled up to level 27
[pahapufekal:  28.11.2021, 23:01:28] --> zuburorowome appeared
[pahapufekal:  28.11.2021, 23:01:54] --> regizufazawe appeared
[pahapufekal:  28.11.2021, 23:02:21] --> 5dissolve66 appeared
[pahapufekal:  28.11.2021, 23:02:22] --> Character died
[pahapufekal:  28.11.2021, 23:02:36] --> regizufazawe appeared
[pahapufekal:  28.11.2021, 23:02:53] --> zuburorowome appeared
[pahapufekal:  28.11.2021, 23:03:22] --> zuburorowome appeared
[pahapufekal:  28.11.2021, 23:03:50] --> zuburorowome appeared
[pahapufekal:  28.11.2021, 23:04:08] --> 5dissolve66 appeared
[pahapufekal:  28.11.2021, 23:04:12] --> Character leveled up to level 28
[pahapufekal:  28.11.2021, 23:04:36] --> 5dissolve66 appeared
[pahapufekal:  28.11.2021, 23:04:45] --> zofocafevo appeared
[pahapufekal:  28.11.2021, 23:04:59] --> Character died
[pahapufekal:  28.11.2021, 23:09:15] --> zofocafevo appeared
[pahapufekal:  28.11.2021, 23:09:16] --> Character died
[pahapufekal:  28.11.2021, 23:10:38] --> zofocafevo appeared
[pahapufekal:  28.11.2021, 23:11:29] --> Character leveled up to level 29
[pahapufekal:  28.11.2021, 23:11:37] --> H9AxeH appeared
[pahapufekal:  28.11.2021, 23:11:55] --> zofocafevo appeared
[pahapufekal:  28.11.2021, 23:11:58] --> hikovudifo appeared
[pahapufekal:  28.11.2021, 23:12:05] --> zofocafevo appeared
[pahapufekal:  28.11.2021, 23:12:51] --> H9AxeH appeared
[pahapufekal:  28.11.2021, 23:13:24] --> 5dissolve66 appeared
[pahapufekal:  28.11.2021, 23:14:29] --> H9AxeH appeared
[pahapufekal:  28.11.2021, 23:14:56] --> H9AxeH appeared
[pahapufekal:  28.11.2021, 23:15:24] --> Character leveled up to level 30
[pahapufekal:  28.11.2021, 23:15:28] --> zofocafevo appeared
[pahapufekal:  28.11.2021, 23:15:48] --> 5dissolve66 appeared
[pahapufekal:  28.11.2021, 23:16:18] --> 5dissolve66 appeared
[pahapufekal:  28.11.2021, 23:16:46] --> 5dissolve66 appeared
[pahapufekal:  28.11.2021, 23:16:57] --> zofocafevo appeared
[pahapufekal:  28.11.2021, 23:17:23] --> tubakadebaca appeared
[pahapufekal:  28.11.2021, 23:18:13] --> Character leveled up to level 31
[pahapufekal:  28.11.2021, 23:18:15] --> Bot terminated: Character reached level 31
[kabucakanefu: 28.11.2021, 23:19:30] --> Bot successfully started
[kabucakanefu: 28.11.2021, 23:19:30] --> vizuwuwilodu appeared
[kabucakanefu: 28.11.2021, 23:19:30] --> Setting '1' loaded because of active level settings
[kabucakanefu: 28.11.2021, 23:19:36] --> Character went to saleswoman
[kabucakanefu: 28.11.2021, 23:19:40] --> Character was kicked from the bot, reason: Character was walking
[kabucakanefu: 28.11.2021, 23:20:13] --> Character was kicked from the bot, reason: Character was walking
[kabucakanefu: 28.11.2021, 23:20:27] --> Character leveled up to level 2
[kabucakanefu: 28.11.2021, 23:20:28] --> Character leveled up to level 3
[kabucakanefu: 28.11.2021, 23:20:29] --> Character leveled up to level 4
[kabucakanefu: 28.11.2021, 23:20:41] --> Character leveled up to level 5
[kabucakanefu: 28.11.2021, 23:20:56] --> Character leveled up to level 6
[kabucakanefu: 28.11.2021, 23:21:15] --> Character leveled up to level 7
[kabucakanefu: 28.11.2021, 23:21:18] --> Character leveled up to level 8
[kabucakanefu: 28.11.2021, 23:21:25] --> Character leveled up to level 9
[kabucakanefu: 28.11.2021, 23:21:31] --> Character leveled up to level 10
[kabucakanefu: 28.11.2021, 23:22:20] --> Character leveled up to level 11
[kabucakanefu: 28.11.2021, 23:22:29] --> Character leveled up to level 12
[kabucakanefu: 28.11.2021, 23:23:15] --> Character leveled up to level 13
[kabucakanefu: 28.11.2021, 23:23:25] --> Character leveled up to level 14
[kabucakanefu: 28.11.2021, 23:24:14] --> Character leveled up to level 15
[kabucakanefu: 28.11.2021, 23:24:14] --> Setting '2' loaded because of active level settings
[kabucakanefu: 28.11.2021, 23:24:18] --> Character was kicked from the bot, reason: Character was walking
[kabucakanefu: 28.11.2021, 23:24:28] --> Character was kicked from the bot, reason: Character was walking
[kabucakanefu: 28.11.2021, 23:24:33] --> fakikazifito appeared
[kabucakanefu: 28.11.2021, 23:24:53] --> Character was kicked from the bot, reason: Character was walking
[kabucakanefu: 28.11.2021, 23:24:57] --> hikovudifo appeared
[kabucakanefu: 28.11.2021, 23:25:08] --> sanitetiva appeared
[kabucakanefu: 28.11.2021, 23:25:31] --> hikovudifo appeared
[kabucakanefu: 28.11.2021, 23:25:38] --> zofocafevo appeared
[kabucakanefu: 28.11.2021, 23:25:59] --> hikovudifo appeared
[kabucakanefu: 28.11.2021, 23:26:04] --> Character leveled up to level 16
[kabucakanefu: 28.11.2021, 23:26:07] --> tubakadebaca appeared
[kabucakanefu: 28.11.2021, 23:26:33] --> tubakadebaca appeared
[kabucakanefu: 28.11.2021, 23:26:42] --> Character leveled up to level 17
[kabucakanefu: 28.11.2021, 23:27:02] --> tubakadebaca appeared
[kabucakanefu: 28.11.2021, 23:27:17] --> Character leveled up to level 18
[kabucakanefu: 28.11.2021, 23:27:31] --> tubakadebaca appeared
[kabucakanefu: 28.11.2021, 23:27:56] --> 5dissolve66 appeared
[kabucakanefu: 28.11.2021, 23:28:01] --> tubakadebaca appeared
[kabucakanefu: 28.11.2021, 23:28:11] --> Character leveled up to level 19
[kabucakanefu: 28.11.2021, 23:28:52] --> Character leveled up to level 20
[kabucakanefu: 28.11.2021, 23:30:01] --> Character leveled up to level 21
[kabucakanefu: 28.11.2021, 23:30:15] --> hikovudifo appeared
[kabucakanefu: 28.11.2021, 23:30:22] --> tubakadebaca appeared
[kabucakanefu: 28.11.2021, 23:31:16] --> Character leveled up to level 22
[kabucakanefu: 28.11.2021, 23:31:57] --> regizufazawe appeared
[kabucakanefu: 28.11.2021, 23:32:09] --> Character leveled up to level 23
[kabucakanefu: 28.11.2021, 23:32:13] --> 5dissolve66 appeared
[kabucakanefu: 28.11.2021, 23:32:23] --> sanitetiva appeared
[kabucakanefu: 28.11.2021, 23:32:39] --> 5dissolve66 appeared
[kabucakanefu: 28.11.2021, 23:32:59] --> Character leveled up to level 24
[kabucakanefu: 28.11.2021, 23:33:10] --> volontadibur appeared
[kabucakanefu: 28.11.2021, 23:33:37] --> 5dissolve66 appeared
[kabucakanefu: 28.11.2021, 23:33:57] --> Character leveled up to level 25
[kabucakanefu: 28.11.2021, 23:34:05] --> 5dissolve66 appeared
[kabucakanefu: 28.11.2021, 23:34:15] --> fokihubiziw appeared
[kabucakanefu: 28.11.2021, 23:34:37] --> 5dissolve66 appeared
[kabucakanefu: 28.11.2021, 23:36:04] --> sanitetiva appeared
[kabucakanefu: 28.11.2021, 23:36:09] --> Character leveled up to level 26
[kabucakanefu: 28.11.2021, 23:36:32] --> hikovudifo appeared
[kabucakanefu: 28.11.2021, 23:37:57] --> 5dissolve66 appeared
[kabucakanefu: 28.11.2021, 23:38:31] --> Character leveled up to level 27
[kabucakanefu: 28.11.2021, 23:39:29] --> tubakadebaca appeared
[kabucakanefu: 28.11.2021, 23:39:59] --> tubakadebaca appeared
[kabucakanefu: 28.11.2021, 23:41:24] --> Character died
[kabucakanefu: 28.11.2021, 23:41:38] --> Character died
[kabucakanefu: 28.11.2021, 23:42:08] --> Character leveled up to level 28
[kabucakanefu: 28.11.2021, 23:43:14] --> tubakadebaca appeared
[kabucakanefu: 28.11.2021, 23:44:39] --> H9AxeH appeared
[kabucakanefu: 28.11.2021, 23:45:04] --> 5dissolve66 appeared
[kabucakanefu: 28.11.2021, 23:45:33] --> 5dissolve66 appeared
[kabucakanefu: 28.11.2021, 23:45:38] --> Character leveled up to level 29
[kabucakanefu: 28.11.2021, 23:45:59] --> 5dissolve66 appeared
[kabucakanefu: 28.11.2021, 23:46:06] --> H9AxeH appeared
[kabucakanefu: 28.11.2021, 23:46:29] --> hikovudifo appeared
[kabucakanefu: 28.11.2021, 23:47:27] --> 5dissolve66 appeared
[kabucakanefu: 28.11.2021, 23:49:44] --> Character leveled up to level 30
[kabucakanefu: 28.11.2021, 23:49:56] --> H9AxeH appeared
[kabucakanefu: 28.11.2021, 23:50:24] --> regizufazawe appeared
[kabucakanefu: 28.11.2021, 23:50:28] --> tubakadebaca appeared
[kabucakanefu: 28.11.2021, 23:51:30] --> fokihubiziw appeared
[kabucakanefu: 28.11.2021, 23:52:16] --> H9AxeH appeared
[kabucakanefu: 28.11.2021, 23:52:36] --> Character leveled up to level 31
[kabucakanefu: 28.11.2021, 23:52:38] --> Bot terminated: Character reached level 31
