[fekofapufapa: 28.11.2021, 19:49:43] --> Bot successfully started
[fekofapufapa: 28.11.2021, 19:49:43] --> Razuning appeared
[fekofapufapa: 28.11.2021, 19:53:55] --> Bot successfully started
[fekofapufapa: 28.11.2021, 19:53:55] --> nobudehafo appeared
[fekofapufapa: 28.11.2021, 20:19:08] --> Changing into CH9
[fekofapufapa: 28.11.2021, 20:19:42] --> Character was kicked from the bot, reason: Changing character
[fekofapufapa: 28.11.2021, 20:22:03] --> Character was kicked from the bot, reason: Changing character
[zibovikonu:   28.11.2021, 20:22:09] --> EmyQ appeared
[zibovikonu:   28.11.2021, 20:24:26] --> Character was kicked from the bot, reason: Changing character
[sopukikoceri: 28.11.2021, 20:26:40] --> Character was kicked from the bot, reason: Changing character
[kesakaviweb:  28.11.2021, 20:29:02] --> Character was kicked from the bot, reason: Changing character
[fekofapufapa: 28.11.2021, 20:40:35] --> Bot successfully started
[fekofapufapa: 28.11.2021, 20:40:35] --> Setting '1' loaded because of active level settings
[fekofapufapa: 28.11.2021, 20:40:35] --> nobudehafo appeared
[fekofapufapa: 28.11.2021, 20:40:41] --> Character went to saleswoman
[fekofapufapa: 28.11.2021, 20:40:44] --> Character was kicked from the bot, reason: Character was walking
[fekofapufapa: 28.11.2021, 20:41:17] --> Character was kicked from the bot, reason: Character was walking
[fekofapufapa: 28.11.2021, 20:41:23] --> kabakuzobof appeared
[fekofapufapa: 28.11.2021, 20:41:30] --> Character leveled up to level 2
[fekofapufapa: 28.11.2021, 20:41:31] --> Character leveled up to level 6
[fekofapufapa: 28.11.2021, 20:41:32] --> Character leveled up to level 7
[fekofapufapa: 28.11.2021, 20:41:33] --> Character leveled up to level 9
[fekofapufapa: 28.11.2021, 20:41:36] --> Character leveled up to level 10
[fekofapufapa: 28.11.2021, 20:41:39] --> Character leveled up to level 11
[fekofapufapa: 28.11.2021, 20:41:45] --> Character leveled up to level 12
[fekofapufapa: 28.11.2021, 20:41:57] --> kabakuzobof appeared
[fekofapufapa: 28.11.2021, 20:42:01] --> Character leveled up to level 13
[fekofapufapa: 28.11.2021, 20:42:07] --> Character leveled up to level 14
[fekofapufapa: 28.11.2021, 20:42:17] --> Character leveled up to level 15
[fekofapufapa: 28.11.2021, 20:42:17] --> Setting '2' loaded because of active level settings
[fekofapufapa: 28.11.2021, 20:42:30] --> Character was kicked from the bot, reason: Character was walking
[fekofapufapa: 28.11.2021, 20:42:36] --> cometereis10 appeared
[fekofapufapa: 28.11.2021, 20:42:54] --> Character was kicked from the bot, reason: Character was walking
[fekofapufapa: 28.11.2021, 20:42:59] --> 5obedient27 appeared
[fekofapufapa: 28.11.2021, 20:43:13] --> RJKKEz appeared
[fekofapufapa: 28.11.2021, 20:43:36] --> Character died
[fekofapufapa: 28.11.2021, 20:43:45] --> 5obedient27 appeared
[fekofapufapa: 28.11.2021, 20:43:55] --> fepizetugi appeared
[fekofapufapa: 28.11.2021, 20:44:11] --> RJKKEz appeared
[fekofapufapa: 28.11.2021, 20:44:27] --> Character leveled up to level 16
[fekofapufapa: 28.11.2021, 20:44:39] --> RJKKEz appeared
[fekofapufapa: 28.11.2021, 20:45:01] --> Character leveled up to level 17
[fekofapufapa: 28.11.2021, 20:45:07] --> RJKKEz appeared
[fekofapufapa: 28.11.2021, 20:45:38] --> RJKKEz appeared
[fekofapufapa: 28.11.2021, 20:45:59] --> 5obedient27 appeared
[fekofapufapa: 28.11.2021, 20:46:02] --> Character leveled up to level 18
[fekofapufapa: 28.11.2021, 20:46:57] --> fepizetugi appeared
[fekofapufapa: 28.11.2021, 20:47:00] --> Character leveled up to level 19
[fekofapufapa: 28.11.2021, 20:47:01] --> rizokesugeg appeared
[fekofapufapa: 28.11.2021, 20:47:27] --> 5obedient27 appeared
[fekofapufapa: 28.11.2021, 20:48:20] --> fepizetugi appeared
[fekofapufapa: 28.11.2021, 20:48:45] --> Character leveled up to level 20
[fekofapufapa: 28.11.2021, 20:48:47] --> 5obedient27 appeared
[fekofapufapa: 28.11.2021, 20:49:15] --> 5obedient27 appeared
[fekofapufapa: 28.11.2021, 20:51:19] --> RJKKEz appeared
[fekofapufapa: 28.11.2021, 20:51:57] --> fepizetugi appeared
[fekofapufapa: 28.11.2021, 20:52:24] --> Character leveled up to level 21
[fekofapufapa: 28.11.2021, 20:53:19] --> 5obedient27 appeared
[fekofapufapa: 28.11.2021, 20:53:57] --> kizozohumip appeared
[fekofapufapa: 28.11.2021, 20:54:17] --> Character leveled up to level 22
[fekofapufapa: 28.11.2021, 20:54:55] --> kizozohumip appeared
[fekofapufapa: 28.11.2021, 20:55:18] --> Character got kick
[fekofapufapa: 28.11.2021, 20:55:55] --> Character got kick
[fekofapufapa: 28.11.2021, 20:56:27] --> 5obedient27 appeared
[fekofapufapa: 28.11.2021, 20:56:35] --> Character got kick
[fekofapufapa: 28.11.2021, 20:56:53] --> rizokesugeg appeared
[fekofapufapa: 28.11.2021, 20:57:15] --> fepizetugi appeared
[fekofapufapa: 28.11.2021, 20:58:02] --> Character leveled up to level 23
[fekofapufapa: 28.11.2021, 20:58:11] --> Character got kick
[fekofapufapa: 28.11.2021, 20:58:20] --> RJKKEz appeared
[fekofapufapa: 28.11.2021, 20:58:35] --> bamoisams appeared
[fekofapufapa: 28.11.2021, 20:59:04] --> RJKKEz appeared
[fekofapufapa: 28.11.2021, 20:59:33] --> rizokesugeg appeared
[fekofapufapa: 28.11.2021, 21:00:25] --> 5obedient27 appeared
[fekofapufapa: 28.11.2021, 21:00:27] --> Character leveled up to level 24
[fekofapufapa: 28.11.2021, 21:00:53] --> fepizetugi appeared
[fekofapufapa: 28.11.2021, 21:01:02] --> kizozohumip appeared
[fekofapufapa: 28.11.2021, 21:01:23] --> fepizetugi appeared
[fekofapufapa: 28.11.2021, 21:01:30] --> RJKKEz appeared
[fekofapufapa: 28.11.2021, 21:01:52] --> fepizetugi appeared
[fekofapufapa: 28.11.2021, 21:02:20] --> 5obedient27 appeared
[fekofapufapa: 28.11.2021, 21:02:35] --> Character leveled up to level 25
[fekofapufapa: 28.11.2021, 21:02:56] --> RJKKEz appeared
[fekofapufapa: 28.11.2021, 21:03:25] --> RJKKEz appeared
[fekofapufapa: 28.11.2021, 21:03:53] --> RJKKEz appeared
[fekofapufapa: 28.11.2021, 21:04:26] --> RJKKEz appeared
[fekofapufapa: 28.11.2021, 21:04:48] --> Character leveled up to level 26
[fekofapufapa: 28.11.2021, 21:04:49] --> rizokesugeg appeared
[fekofapufapa: 28.11.2021, 21:05:19] --> RJKKEz appeared
[fekofapufapa: 28.11.2021, 21:05:51] --> RJKKEz appeared
[fekofapufapa: 28.11.2021, 21:06:25] --> RJKKEz appeared
[fekofapufapa: 28.11.2021, 21:06:38] --> 5obedient27 appeared
[fekofapufapa: 28.11.2021, 21:06:41] --> Character leveled up to level 27
[fekofapufapa: 28.11.2021, 21:06:54] --> RJKKEz appeared
[fekofapufapa: 28.11.2021, 21:07:06] --> fepizetugi appeared
[fekofapufapa: 28.11.2021, 21:07:33] --> 5obedient27 appeared
[fekofapufapa: 28.11.2021, 21:08:01] --> cubogozodap appeared
[fekofapufapa: 28.11.2021, 21:08:17] --> vicatacavuk appeared
[fekofapufapa: 28.11.2021, 21:08:22] --> Character leveled up to level 28
[fekofapufapa: 28.11.2021, 21:08:36] --> fepizetugi appeared
[fekofapufapa: 28.11.2021, 21:10:44] --> Character leveled up to level 29
[fekofapufapa: 28.11.2021, 21:10:56] --> 5obedient27 appeared
[fekofapufapa: 28.11.2021, 21:11:25] --> 5obedient27 appeared
[fekofapufapa: 28.11.2021, 21:11:55] --> 5obedient27 appeared
[fekofapufapa: 28.11.2021, 21:12:18] --> 5obedient27 appeared
[fekofapufapa: 28.11.2021, 21:12:29] --> vicatacavuk appeared
[fekofapufapa: 28.11.2021, 21:13:20] --> cubogozodap appeared
[fekofapufapa: 28.11.2021, 21:13:57] --> vicatacavuk appeared
[fekofapufapa: 28.11.2021, 21:14:19] --> 5obedient27 appeared
[fekofapufapa: 28.11.2021, 21:14:23] --> RJKKEz appeared
[fekofapufapa: 28.11.2021, 21:14:32] --> Character leveled up to level 30
[fekofapufapa: 28.11.2021, 21:14:46] --> RJKKEz appeared
[fekofapufapa: 28.11.2021, 21:15:46] --> 5obedient27 appeared
[fekofapufapa: 28.11.2021, 21:17:15] --> fepizetugi appeared
[fekofapufapa: 28.11.2021, 21:17:57] --> Character leveled up to level 31
[fekofapufapa: 28.11.2021, 21:17:59] --> Bot terminated: Character reached level 31
[zibovikonu:   28.11.2021, 21:19:02] --> Bot successfully started
[zibovikonu:   28.11.2021, 21:19:02] --> nobudehafo appeared
[zibovikonu:   28.11.2021, 21:19:02] --> Setting '1' loaded because of active level settings
[zibovikonu:   28.11.2021, 21:19:09] --> Character went to saleswoman
[zibovikonu:   28.11.2021, 21:19:12] --> Character was kicked from the bot, reason: Character was walking
[zibovikonu:   28.11.2021, 21:19:45] --> Character was kicked from the bot, reason: Character was walking
[zibovikonu:   28.11.2021, 21:19:58] --> Character leveled up to level 3
[zibovikonu:   28.11.2021, 21:19:59] --> Character leveled up to level 6
[zibovikonu:   28.11.2021, 21:20:00] --> pisaporime appeared
[zibovikonu:   28.11.2021, 21:20:00] --> Character leveled up to level 7
[zibovikonu:   28.11.2021, 21:20:01] --> Character leveled up to level 8
[zibovikonu:   28.11.2021, 21:20:10] --> Character leveled up to level 9
[zibovikonu:   28.11.2021, 21:20:12] --> Character leveled up to level 10
[zibovikonu:   28.11.2021, 21:20:15] --> Character leveled up to level 11
[zibovikonu:   28.11.2021, 21:20:28] --> pisaporime appeared
[zibovikonu:   28.11.2021, 21:20:30] --> Character leveled up to level 12
[zibovikonu:   28.11.2021, 21:20:56] --> pisaporime appeared
[zibovikonu:   28.11.2021, 21:21:05] --> Character leveled up to level 13
[zibovikonu:   28.11.2021, 21:21:18] --> Character leveled up to level 14
[zibovikonu:   28.11.2021, 21:21:23] --> pisaporime appeared
[zibovikonu:   28.11.2021, 21:21:50] --> fikekokovara appeared
[zibovikonu:   28.11.2021, 21:21:58] --> Character leveled up to level 15
[zibovikonu:   28.11.2021, 21:21:58] --> Setting '2' loaded because of active level settings
[zibovikonu:   28.11.2021, 21:22:02] --> Character was kicked from the bot, reason: Character was walking
[zibovikonu:   28.11.2021, 21:22:13] --> Character was kicked from the bot, reason: Character was walking
[zibovikonu:   28.11.2021, 21:22:20] --> tikuruhovi appeared
[zibovikonu:   28.11.2021, 21:22:38] --> Character was kicked from the bot, reason: Character was walking
[zibovikonu:   28.11.2021, 21:22:42] --> cubogozodap appeared
[zibovikonu:   28.11.2021, 21:23:15] --> fepizetugi appeared
[zibovikonu:   28.11.2021, 21:23:44] --> cubogozodap appeared
[zibovikonu:   28.11.2021, 21:23:44] --> Character leveled up to level 16
[zibovikonu:   28.11.2021, 21:24:40] --> Character leveled up to level 17
[zibovikonu:   28.11.2021, 21:24:43] --> RJKKEz appeared
[zibovikonu:   28.11.2021, 21:25:21] --> RJKKEz appeared
[zibovikonu:   28.11.2021, 21:25:21] --> Character leveled up to level 18
[zibovikonu:   28.11.2021, 21:26:00] --> Character leveled up to level 19
[zibovikonu:   28.11.2021, 21:26:37] --> 5obedient27 appeared
[zibovikonu:   28.11.2021, 21:26:42] --> Character leveled up to level 20
[zibovikonu:   28.11.2021, 21:26:48] --> vicatacavuk appeared
[zibovikonu:   28.11.2021, 21:28:09] --> vicatacavuk appeared
[zibovikonu:   28.11.2021, 21:31:23] --> Character got kick
[zibovikonu:   28.11.2021, 21:31:47] --> Character leveled up to level 21
[zibovikonu:   28.11.2021, 21:31:50] --> rizokesugeg appeared
[zibovikonu:   28.11.2021, 21:32:21] --> RJKKEz appeared
[zibovikonu:   28.11.2021, 21:32:48] --> RJKKEz appeared
[zibovikonu:   28.11.2021, 21:33:05] --> Character leveled up to level 22
[zibovikonu:   28.11.2021, 21:34:37] --> Character leveled up to level 23
[zibovikonu:   28.11.2021, 21:35:38] --> RJKKEz appeared
[zibovikonu:   28.11.2021, 21:35:52] --> Character got kick
[zibovikonu:   28.11.2021, 21:35:59] --> RJKKEz appeared
[zibovikonu:   28.11.2021, 21:36:28] --> vicatacavuk appeared
[zibovikonu:   28.11.2021, 21:36:47] --> Character leveled up to level 24
[zibovikonu:   28.11.2021, 21:36:58] --> RJKKEz appeared
[zibovikonu:   28.11.2021, 21:37:17] --> 5obedient27 appeared
[zibovikonu:   28.11.2021, 21:37:57] --> RJKKEz appeared
[zibovikonu:   28.11.2021, 21:38:23] --> Character leveled up to level 25
[zibovikonu:   28.11.2021, 21:38:24] --> RJKKEz appeared
[zibovikonu:   28.11.2021, 21:39:21] --> RJKKEz appeared
[zibovikonu:   28.11.2021, 21:40:03] --> vicatacavuk appeared
[zibovikonu:   28.11.2021, 21:40:10] --> Character leveled up to level 26
[zibovikonu:   28.11.2021, 21:40:11] --> cubogozodap appeared
[zibovikonu:   28.11.2021, 21:40:14] --> vicatacavuk appeared
[zibovikonu:   28.11.2021, 21:41:38] --> RJKKEz appeared
[zibovikonu:   28.11.2021, 21:42:09] --> Character leveled up to level 27
[zibovikonu:   28.11.2021, 21:42:31] --> fepizetugi appeared
[zibovikonu:   28.11.2021, 21:42:57] --> cubogozodap appeared
[zibovikonu:   28.11.2021, 21:43:31] --> cubogozodap appeared
[zibovikonu:   28.11.2021, 21:43:35] --> bipofibacoza appeared
[zibovikonu:   28.11.2021, 21:44:19] --> Character leveled up to level 28
[zibovikonu:   28.11.2021, 21:44:27] --> 5obedient27 appeared
[zibovikonu:   28.11.2021, 21:44:56] --> 5obedient27 appeared
[zibovikonu:   28.11.2021, 21:46:55] --> Character leveled up to level 29
[zibovikonu:   28.11.2021, 21:46:57] --> bipofibacoza appeared
[zibovikonu:   28.11.2021, 21:47:24] --> 5obedient27 appeared
[zibovikonu:   28.11.2021, 21:47:49] --> 5obedient27 appeared
[zibovikonu:   28.11.2021, 21:48:23] --> bipofibacoza appeared
[zibovikonu:   28.11.2021, 21:49:47] --> 5obedient27 appeared
[zibovikonu:   28.11.2021, 21:49:48] --> Character leveled up to level 30
[zibovikonu:   28.11.2021, 21:51:13] --> 5obedient27 appeared
[zibovikonu:   28.11.2021, 21:52:12] --> 5obedient27 appeared
[zibovikonu:   28.11.2021, 21:52:19] --> bipofibacoza appeared
[zibovikonu:   28.11.2021, 21:52:35] --> Character leveled up to level 31
[zibovikonu:   28.11.2021, 21:52:37] --> Bot terminated: Character reached level 31
[sopukikoceri: 28.11.2021, 21:53:54] --> Bot successfully started
[sopukikoceri: 28.11.2021, 21:53:54] --> fawagovobup appeared
[sopukikoceri: 28.11.2021, 21:53:54] --> Setting '1' loaded because of active level settings
[sopukikoceri: 28.11.2021, 21:54:01] --> Character went to saleswoman
[sopukikoceri: 28.11.2021, 21:54:03] --> Character was kicked from the bot, reason: Character was walking
[sopukikoceri: 28.11.2021, 21:54:37] --> Character was kicked from the bot, reason: Character was walking
[sopukikoceri: 28.11.2021, 21:54:50] --> Character leveled up to level 2
[sopukikoceri: 28.11.2021, 21:54:51] --> Character leveled up to level 4
[sopukikoceri: 28.11.2021, 21:55:05] --> Character leveled up to level 5
[sopukikoceri: 28.11.2021, 21:55:10] --> Character leveled up to level 6
[sopukikoceri: 28.11.2021, 21:55:12] --> Character leveled up to level 7
[sopukikoceri: 28.11.2021, 21:55:15] --> Character leveled up to level 8
[sopukikoceri: 28.11.2021, 21:55:18] --> Character leveled up to level 9
[sopukikoceri: 28.11.2021, 21:55:19] --> Character leveled up to level 10
[sopukikoceri: 28.11.2021, 21:56:06] --> Character leveled up to level 11
[sopukikoceri: 28.11.2021, 21:56:23] --> Character leveled up to level 12
[sopukikoceri: 28.11.2021, 21:57:16] --> Character leveled up to level 13
[sopukikoceri: 28.11.2021, 21:57:20] --> Character leveled up to level 14
[sopukikoceri: 28.11.2021, 21:58:19] --> Character leveled up to level 15
[sopukikoceri: 28.11.2021, 21:58:19] --> Setting '2' loaded because of active level settings
[sopukikoceri: 28.11.2021, 21:58:23] --> Character was kicked from the bot, reason: Character was walking
[sopukikoceri: 28.11.2021, 21:58:33] --> Character was kicked from the bot, reason: Character was walking
[sopukikoceri: 28.11.2021, 21:58:37] --> nupebonecud appeared
[sopukikoceri: 28.11.2021, 21:58:58] --> Character was kicked from the bot, reason: Character was walking
[sopukikoceri: 28.11.2021, 21:59:08] --> 5obedient27 appeared
[sopukikoceri: 28.11.2021, 21:59:11] --> RJKKEz appeared
[sopukikoceri: 28.11.2021, 21:59:33] --> Character leveled up to level 16
[sopukikoceri: 28.11.2021, 21:59:45] --> RJKKEz appeared
[sopukikoceri: 28.11.2021, 21:59:59] --> Character leveled up to level 17
[sopukikoceri: 28.11.2021, 22:00:38] --> Character leveled up to level 18
[sopukikoceri: 28.11.2021, 22:01:09] --> bipofibacoza appeared
[sopukikoceri: 28.11.2021, 22:01:26] --> Character leveled up to level 19
[sopukikoceri: 28.11.2021, 22:01:34] --> RJKKEz appeared
[sopukikoceri: 28.11.2021, 22:01:57] --> fepizetugi appeared
[sopukikoceri: 28.11.2021, 22:02:27] --> fepizetugi appeared
[sopukikoceri: 28.11.2021, 22:02:30] --> Character leveled up to level 20
[sopukikoceri: 28.11.2021, 22:02:59] --> RJKKEz appeared
[sopukikoceri: 28.11.2021, 22:03:20] --> rizokesugeg appeared
[sopukikoceri: 28.11.2021, 22:03:30] --> RJKKEz appeared
[sopukikoceri: 28.11.2021, 22:04:01] --> bipofibacoza appeared
[sopukikoceri: 28.11.2021, 22:04:02] --> Character leveled up to level 21
[sopukikoceri: 28.11.2021, 22:04:55] --> RJKKEz appeared
[sopukikoceri: 28.11.2021, 22:05:28] --> bipofibacoza appeared
[sopukikoceri: 28.11.2021, 22:05:49] --> Character leveled up to level 22
[sopukikoceri: 28.11.2021, 22:05:54] --> RJKKEz appeared
[sopukikoceri: 28.11.2021, 22:06:23] --> RJKKEz appeared
[sopukikoceri: 28.11.2021, 22:06:49] --> 5obedient27 appeared
[sopukikoceri: 28.11.2021, 22:06:50] --> RJKKEz appeared
[sopukikoceri: 28.11.2021, 22:06:56] --> RJKKEz appeared
[sopukikoceri: 28.11.2021, 22:07:15] --> Character leveled up to level 23
[sopukikoceri: 28.11.2021, 22:07:49] --> rizokesugeg appeared
[sopukikoceri: 28.11.2021, 22:08:10] --> fepizetugi appeared
[sopukikoceri: 28.11.2021, 22:08:18] --> 5obedient27 appeared
[sopukikoceri: 28.11.2021, 22:08:22] --> bipofibacoza appeared
[sopukikoceri: 28.11.2021, 22:08:46] --> Character leveled up to level 24
[sopukikoceri: 28.11.2021, 22:08:52] --> bipofibacoza appeared
[sopukikoceri: 28.11.2021, 22:09:13] --> fepizetugi appeared
[sopukikoceri: 28.11.2021, 22:09:20] --> RJKKEz appeared
[sopukikoceri: 28.11.2021, 22:09:42] --> 5obedient27 appeared
[sopukikoceri: 28.11.2021, 22:09:47] --> 5obedient27 appeared
[sopukikoceri: 28.11.2021, 22:10:11] --> Character leveled up to level 25
[sopukikoceri: 28.11.2021, 22:10:17] --> RJKKEz appeared
[sopukikoceri: 28.11.2021, 22:10:44] --> bipofibacoza appeared
[sopukikoceri: 28.11.2021, 22:12:10] --> bipofibacoza appeared
[sopukikoceri: 28.11.2021, 22:12:31] --> bipofibacoza appeared
[sopukikoceri: 28.11.2021, 22:12:39] --> RJKKEz appeared
[sopukikoceri: 28.11.2021, 22:12:55] --> Character leveled up to level 26
[sopukikoceri: 28.11.2021, 22:13:10] --> bipofibacoza appeared
[sopukikoceri: 28.11.2021, 22:13:31] --> fepizetugi appeared
[sopukikoceri: 28.11.2021, 22:16:09] --> Character got kick
[sopukikoceri: 28.11.2021, 22:17:45] --> bipofibacoza appeared
[sopukikoceri: 28.11.2021, 22:18:09] --> 5obedient27 appeared
[sopukikoceri: 28.11.2021, 22:18:10] --> Character leveled up to level 27
[sopukikoceri: 28.11.2021, 22:18:46] --> RJKKEz appeared
[sopukikoceri: 28.11.2021, 22:19:15] --> RJKKEz appeared
[sopukikoceri: 28.11.2021, 22:19:42] --> zukepucurufo appeared
[sopukikoceri: 28.11.2021, 22:20:11] --> RJKKEz appeared
[sopukikoceri: 28.11.2021, 22:20:17] --> Character leveled up to level 28
[sopukikoceri: 28.11.2021, 22:20:39] --> RJKKEz appeared
[sopukikoceri: 28.11.2021, 22:20:55] --> RJKKEz appeared
[sopukikoceri: 28.11.2021, 22:21:05] --> rewipihesigo appeared
[sopukikoceri: 28.11.2021, 22:21:34] --> rewipihesigo appeared
[sopukikoceri: 28.11.2021, 22:22:20] --> RJKKEz appeared
[sopukikoceri: 28.11.2021, 22:22:24] --> 5obedient27 appeared
[sopukikoceri: 28.11.2021, 22:23:30] --> RJKKEz appeared
[sopukikoceri: 28.11.2021, 22:23:52] --> fepizetugi appeared
[sopukikoceri: 28.11.2021, 22:23:57] --> Character leveled up to level 29
[sopukikoceri: 28.11.2021, 22:24:22] --> 5obedient27 appeared
[sopukikoceri: 28.11.2021, 22:24:29] --> rewipihesigo appeared
[sopukikoceri: 28.11.2021, 22:24:54] --> 5obedient27 appeared
[sopukikoceri: 28.11.2021, 22:24:57] --> RJKKEz appeared
[sopukikoceri: 28.11.2021, 22:25:18] --> zukepucurufo appeared
[sopukikoceri: 28.11.2021, 22:25:21] --> 5obedient27 appeared
[sopukikoceri: 28.11.2021, 22:25:48] --> fepizetugi appeared
[sopukikoceri: 28.11.2021, 22:25:57] --> rewipihesigo appeared
[sopukikoceri: 28.11.2021, 22:26:23] --> RJKKEz appeared
[sopukikoceri: 28.11.2021, 22:26:50] --> Character leveled up to level 30
[sopukikoceri: 28.11.2021, 22:27:45] --> 5obedient27 appeared
[sopukikoceri: 28.11.2021, 22:27:49] --> RJKKEz appeared
[sopukikoceri: 28.11.2021, 22:28:53] --> RJKKEz appeared
[sopukikoceri: 28.11.2021, 22:29:41] --> 5obedient27 appeared
[sopukikoceri: 28.11.2021, 22:29:50] --> rewipihesigo appeared
[sopukikoceri: 28.11.2021, 22:30:13] --> Character leveled up to level 31
[sopukikoceri: 28.11.2021, 22:30:14] --> Bot terminated: Character reached level 31
[kesakaviweb:  28.11.2021, 22:31:17] --> Bot successfully started
[kesakaviweb:  28.11.2021, 22:31:18] --> nobudehafo appeared
[kesakaviweb:  28.11.2021, 22:31:18] --> Setting '1' loaded because of active level settings
[kesakaviweb:  28.11.2021, 22:31:24] --> Character went to saleswoman
[kesakaviweb:  28.11.2021, 22:31:27] --> Character was kicked from the bot, reason: Character was walking
[kesakaviweb:  28.11.2021, 22:31:59] --> Character was kicked from the bot, reason: Character was walking
[kesakaviweb:  28.11.2021, 22:32:10] --> mebebibikafi appeared
[kesakaviweb:  28.11.2021, 22:32:12] --> Character leveled up to level 3
[kesakaviweb:  28.11.2021, 22:32:13] --> Character leveled up to level 5
[kesakaviweb:  28.11.2021, 22:32:14] --> Character leveled up to level 7
[kesakaviweb:  28.11.2021, 22:32:15] --> Character leveled up to level 8
[kesakaviweb:  28.11.2021, 22:32:33] --> Character leveled up to level 9
[kesakaviweb:  28.11.2021, 22:32:38] --> Character leveled up to level 10
[kesakaviweb:  28.11.2021, 22:32:40] --> mebebibikafi appeared
[kesakaviweb:  28.11.2021, 22:32:43] --> Character leveled up to level 11
[kesakaviweb:  28.11.2021, 22:33:07] --> mebebibikafi appeared
[kesakaviweb:  28.11.2021, 22:33:25] --> Character leveled up to level 12
[kesakaviweb:  28.11.2021, 22:33:36] --> Character leveled up to level 13
[kesakaviweb:  28.11.2021, 22:33:37] --> mebebibikafi appeared
[kesakaviweb:  28.11.2021, 22:34:01] --> sigehokevas appeared
[kesakaviweb:  28.11.2021, 22:34:28] --> Character leveled up to level 14
[kesakaviweb:  28.11.2021, 22:34:33] --> mebebibikafi appeared
[kesakaviweb:  28.11.2021, 22:34:56] --> sigehokevas appeared
[kesakaviweb:  28.11.2021, 22:35:25] --> Character leveled up to level 15
[kesakaviweb:  28.11.2021, 22:35:26] --> Setting '2' loaded because of active level settings
[kesakaviweb:  28.11.2021, 22:35:41] --> Character was kicked from the bot, reason: Character was walking
[kesakaviweb:  28.11.2021, 22:35:46] --> fubetezahuku appeared
[kesakaviweb:  28.11.2021, 22:36:05] --> Character was kicked from the bot, reason: Character was walking
[kesakaviweb:  28.11.2021, 22:36:10] --> 5obedient27 appeared
[kesakaviweb:  28.11.2021, 22:36:19] --> RJKKEz appeared
[kesakaviweb:  28.11.2021, 22:36:42] --> 5obedient27 appeared
[kesakaviweb:  28.11.2021, 22:36:50] --> RJKKEz appeared
[kesakaviweb:  28.11.2021, 22:37:11] --> Character leveled up to level 16
[kesakaviweb:  28.11.2021, 22:37:11] --> RJKKEz appeared
[kesakaviweb:  28.11.2021, 22:37:18] --> RJKKEz appeared
[kesakaviweb:  28.11.2021, 22:37:41] --> fepizetugi appeared
[kesakaviweb:  28.11.2021, 22:37:57] --> Character leveled up to level 17
[kesakaviweb:  28.11.2021, 22:38:15] --> bosilemibib appeared
[kesakaviweb:  28.11.2021, 22:38:21] --> Character leveled up to level 18
[kesakaviweb:  28.11.2021, 22:38:21] --> rewipihesigo appeared
[kesakaviweb:  28.11.2021, 22:38:45] --> Character got kick
[kesakaviweb:  28.11.2021, 22:39:01] --> rewipihesigo appeared
[kesakaviweb:  28.11.2021, 22:39:06] --> Character got kick
[kesakaviweb:  28.11.2021, 22:40:16] --> 5obedient27 appeared
[kesakaviweb:  28.11.2021, 22:40:18] --> Character got kick
[kesakaviweb:  28.11.2021, 22:40:33] --> rewipihesigo appeared
[kesakaviweb:  28.11.2021, 22:40:53] --> Character leveled up to level 19
[kesakaviweb:  28.11.2021, 22:40:57] --> fepizetugi appeared
[kesakaviweb:  28.11.2021, 22:42:01] --> Character leveled up to level 20
[kesakaviweb:  28.11.2021, 22:42:22] --> bosilemibib appeared
[kesakaviweb:  28.11.2021, 22:42:55] --> Character leveled up to level 21
[kesakaviweb:  28.11.2021, 22:49:55] --> Character got kick
[kesakaviweb:  28.11.2021, 22:50:09] --> Character died
[kesakaviweb:  28.11.2021, 22:50:57] --> RJKKEz appeared
[kesakaviweb:  28.11.2021, 22:51:00] --> Character leveled up to level 22
[kesakaviweb:  28.11.2021, 22:51:22] --> RJKKEz appeared
[kesakaviweb:  28.11.2021, 22:52:13] --> bosilemibib appeared
[kesakaviweb:  28.11.2021, 22:52:45] --> Character leveled up to level 23
[kesakaviweb:  28.11.2021, 22:52:46] --> bosilemibib appeared
[kesakaviweb:  28.11.2021, 22:53:18] --> RJKKEz appeared
[kesakaviweb:  28.11.2021, 22:53:49] --> RJKKEz appeared
[kesakaviweb:  28.11.2021, 22:54:12] --> Character leveled up to level 24
[kesakaviweb:  28.11.2021, 22:54:16] --> bosilemibib appeared
[kesakaviweb:  28.11.2021, 22:54:42] --> Character died
[kesakaviweb:  28.11.2021, 22:54:43] --> bosilemibib appeared
[kesakaviweb:  28.11.2021, 22:54:50] --> bosilemibib appeared
[kesakaviweb:  28.11.2021, 22:54:58] --> bosilemibib appeared
[kesakaviweb:  28.11.2021, 22:55:04] --> rewipihesigo appeared
[kesakaviweb:  28.11.2021, 22:55:27] --> 5obedient27 appeared
[kesakaviweb:  28.11.2021, 22:55:34] --> rewipihesigo appeared
[kesakaviweb:  28.11.2021, 22:59:59] --> zukepucurufo appeared
[kesakaviweb:  28.11.2021, 23:00:25] --> Character leveled up to level 25
[kesakaviweb:  28.11.2021, 23:00:31] --> vonawudara appeared
[kesakaviweb:  28.11.2021, 23:00:56] --> zukepucurufo appeared
[kesakaviweb:  28.11.2021, 23:01:20] --> 5obedient27 appeared
[kesakaviweb:  28.11.2021, 23:01:25] --> vonawudara appeared
[kesakaviweb:  28.11.2021, 23:01:45] --> bosilemibib appeared
[kesakaviweb:  28.11.2021, 23:01:57] --> Character leveled up to level 26
[kesakaviweb:  28.11.2021, 23:02:17] --> 5obedient27 appeared
[kesakaviweb:  28.11.2021, 23:02:51] --> vonawudara appeared
[kesakaviweb:  28.11.2021, 23:03:19] --> zukepucurufo appeared
[kesakaviweb:  28.11.2021, 23:03:45] --> 5obedient27 appeared
[kesakaviweb:  28.11.2021, 23:04:15] --> bosilemibib appeared
[kesakaviweb:  28.11.2021, 23:04:45] --> 5obedient27 appeared
[kesakaviweb:  28.11.2021, 23:09:39] --> Character got kick
[kesakaviweb:  28.11.2021, 23:09:46] --> bosilemibib appeared
[kesakaviweb:  28.11.2021, 23:10:00] --> Character leveled up to level 27
[kesakaviweb:  28.11.2021, 23:11:04] --> 5obedient27 appeared
[kesakaviweb:  28.11.2021, 23:11:12] --> bosilemibib appeared
[kesakaviweb:  28.11.2021, 23:13:07] --> RJKKEz appeared
[kesakaviweb:  28.11.2021, 23:13:09] --> vonawudara appeared
[kesakaviweb:  28.11.2021, 23:13:12] --> Character leveled up to level 28
[kesakaviweb:  28.11.2021, 23:13:29] --> fepizetugi appeared
[kesakaviweb:  28.11.2021, 23:13:57] --> 5obedient27 appeared
[kesakaviweb:  28.11.2021, 23:14:34] --> RJKKEz appeared
[kesakaviweb:  28.11.2021, 23:14:59] --> RJKKEz appeared
[kesakaviweb:  28.11.2021, 23:15:57] --> zukepucurufo appeared
[kesakaviweb:  28.11.2021, 23:16:09] --> Character leveled up to level 29
[kesakaviweb:  28.11.2021, 23:16:21] --> 5obedient27 appeared
[kesakaviweb:  28.11.2021, 23:17:20] --> 5obedient27 appeared
[kesakaviweb:  28.11.2021, 23:19:12] --> Character leveled up to level 30
[kesakaviweb:  28.11.2021, 23:19:40] --> 5obedient27 appeared
[kesakaviweb:  28.11.2021, 23:20:15] --> bosilemibib appeared
[kesakaviweb:  28.11.2021, 23:20:40] --> 5obedient27 appeared
[kesakaviweb:  28.11.2021, 23:21:12] --> pisihozinebo appeared
[kesakaviweb:  28.11.2021, 23:21:56] --> Character leveled up to level 31
[kesakaviweb:  28.11.2021, 23:21:56] --> Bot terminated: Character reached level 31
[kapahokokezo: 28.11.2021, 23:22:59] --> Bot successfully started
[kapahokokezo: 28.11.2021, 23:22:59] --> nobudehafo appeared
[kapahokokezo: 28.11.2021, 23:22:59] --> Setting '1' loaded because of active level settings
[kapahokokezo: 28.11.2021, 23:23:06] --> Character went to saleswoman
[kapahokokezo: 28.11.2021, 23:23:09] --> Character was kicked from the bot, reason: Character was walking
[kapahokokezo: 28.11.2021, 23:23:42] --> Character was kicked from the bot, reason: Character was walking
[kapahokokezo: 28.11.2021, 23:23:54] --> Character leveled up to level 2
[kapahokokezo: 28.11.2021, 23:23:55] --> Character leveled up to level 6
[kapahokokezo: 28.11.2021, 23:23:56] --> Character leveled up to level 7
[kapahokokezo: 28.11.2021, 23:24:35] --> Character leveled up to level 8
[kapahokokezo: 28.11.2021, 23:24:45] --> Character leveled up to level 9
[kapahokokezo: 28.11.2021, 23:24:51] --> Character leveled up to level 10
[kapahokokezo: 28.11.2021, 23:25:39] --> Character leveled up to level 11
[kapahokokezo: 28.11.2021, 23:25:51] --> Character leveled up to level 12
[kapahokokezo: 28.11.2021, 23:26:36] --> Character leveled up to level 13
[kapahokokezo: 28.11.2021, 23:27:39] --> Character leveled up to level 14
[kapahokokezo: 28.11.2021, 23:28:03] --> Character leveled up to level 15
[kapahokokezo: 28.11.2021, 23:28:03] --> Setting '2' loaded because of active level settings
[kapahokokezo: 28.11.2021, 23:28:17] --> Character was kicked from the bot, reason: Character was walking
[kapahokokezo: 28.11.2021, 23:28:21] --> sekivufavof appeared
[kapahokokezo: 28.11.2021, 23:28:41] --> Character was kicked from the bot, reason: Character was walking
[kapahokokezo: 28.11.2021, 23:28:46] --> 5obedient27 appeared
[kapahokokezo: 28.11.2021, 23:29:03] --> bosilemibib appeared
[kapahokokezo: 28.11.2021, 23:29:23] --> Character leveled up to level 16
[kapahokokezo: 28.11.2021, 23:29:28] --> bosilemibib appeared
[kapahokokezo: 28.11.2021, 23:29:54] --> Character leveled up to level 17
[kapahokokezo: 28.11.2021, 23:30:27] --> Character leveled up to level 18
[kapahokokezo: 28.11.2021, 23:31:39] --> Character leveled up to level 19
[kapahokokezo: 28.11.2021, 23:31:44] --> fepizetugi appeared
[kapahokokezo: 28.11.2021, 23:32:14] --> fepizetugi appeared
[kapahokokezo: 28.11.2021, 23:32:46] --> zukepucurufo appeared
[kapahokokezo: 28.11.2021, 23:33:07] --> Character leveled up to level 20
[kapahokokezo: 28.11.2021, 23:33:10] --> bosilemibib appeared
[kapahokokezo: 28.11.2021, 23:34:42] --> Character leveled up to level 21
[kapahokokezo: 28.11.2021, 23:35:32] --> 5obedient27 appeared
[kapahokokezo: 28.11.2021, 23:36:09] --> vukotikikoza appeared
[kapahokokezo: 28.11.2021, 23:36:14] --> Character leveled up to level 22
[kapahokokezo: 28.11.2021, 23:36:31] --> RJKKEz appeared
[kapahokokezo: 28.11.2021, 23:37:01] --> 5obedient27 appeared
[kapahokokezo: 28.11.2021, 23:37:52] --> Character leveled up to level 23
[kapahokokezo: 28.11.2021, 23:39:31] --> Character leveled up to level 24
[kapahokokezo: 28.11.2021, 23:40:20] --> 5obedient27 appeared
[kapahokokezo: 28.11.2021, 23:41:24] --> bosilemibib appeared
[kapahokokezo: 28.11.2021, 23:41:26] --> Character leveled up to level 25
[kapahokokezo: 28.11.2021, 23:42:51] --> pisihozinebo appeared
[kapahokokezo: 28.11.2021, 23:43:46] --> Character leveled up to level 26
[kapahokokezo: 28.11.2021, 23:43:47] --> 5obedient27 appeared
[kapahokokezo: 28.11.2021, 23:46:09] --> 5obedient27 appeared
[kapahokokezo: 28.11.2021, 23:46:14] --> Character leveled up to level 27
[kapahokokezo: 28.11.2021, 23:48:36] --> pisihozinebo appeared
[kapahokokezo: 28.11.2021, 23:48:36] --> Character leveled up to level 28
[kapahokokezo: 28.11.2021, 23:50:53] --> Character leveled up to level 29
[kapahokokezo: 28.11.2021, 23:51:28] --> pisihozinebo appeared
[kapahokokezo: 28.11.2021, 23:51:58] --> vukotikikoza appeared
[kapahokokezo: 28.11.2021, 23:52:48] --> 5obedient27 appeared
[kapahokokezo: 28.11.2021, 23:53:44] --> 5obedient27 appeared
[kapahokokezo: 28.11.2021, 23:54:36] --> Character leveled up to level 30
[kapahokokezo: 28.11.2021, 23:56:45] --> pisihozinebo appeared
[kapahokokezo: 28.11.2021, 23:58:14] --> pisihozinebo appeared
[kapahokokezo: 28.11.2021, 23:58:17] --> Character leveled up to level 31
[kapahokokezo: 28.11.2021, 23:58:18] --> Bot terminated: Character reached level 31
