[cipenugufa:   01.12.2021, 19:50:57] --> Bot successfully started
[cipenugufa:   01.12.2021, 19:50:57] --> Schegge18Rob appeared
[cipenugufa:   01.12.2021, 19:57:15] --> Changing into CH9
[cipenugufa:   01.12.2021, 20:16:54] --> Bot successfully started
[cipenugufa:   01.12.2021, 20:16:54] --> Setting '1' loaded because of active level settings
[cipenugufa:   01.12.2021, 20:17:01] --> Character went to saleswoman
[cipenugufa:   01.12.2021, 20:17:04] --> Character was kicked from the bot, reason: Character was walking
[cipenugufa:   01.12.2021, 20:17:09] --> mufezefahe appeared
[cipenugufa:   01.12.2021, 20:17:36] --> Character was kicked from the bot, reason: Character was walking
[cipenugufa:   01.12.2021, 20:17:41] --> heweziwumus appeared
[cipenugufa:   01.12.2021, 20:17:49] --> Character leveled up to level 2
[cipenugufa:   01.12.2021, 20:17:50] --> Character leveled up to level 4
[cipenugufa:   01.12.2021, 20:17:51] --> Character leveled up to level 5
[cipenugufa:   01.12.2021, 20:17:52] --> Character leveled up to level 7
[cipenugufa:   01.12.2021, 20:17:54] --> Character leveled up to level 8
[cipenugufa:   01.12.2021, 20:17:56] --> Character leveled up to level 9
[cipenugufa:   01.12.2021, 20:17:57] --> Character leveled up to level 10
[cipenugufa:   01.12.2021, 20:17:59] --> Character leveled up to level 11
[cipenugufa:   01.12.2021, 20:18:00] --> Character leveled up to level 12
[cipenugufa:   01.12.2021, 20:18:14] --> Character leveled up to level 13
[cipenugufa:   01.12.2021, 20:18:29] --> Character leveled up to level 14
[cipenugufa:   01.12.2021, 20:18:50] --> Character leveled up to level 15
[cipenugufa:   01.12.2021, 20:18:50] --> Setting '2' loaded because of active level settings
[cipenugufa:   01.12.2021, 20:19:02] --> Character was kicked from the bot, reason: Character was walking
[cipenugufa:   01.12.2021, 20:19:06] --> gigupimevuw appeared
[cipenugufa:   01.12.2021, 20:19:26] --> Character was kicked from the bot, reason: Character was walking
[cipenugufa:   01.12.2021, 20:19:29] --> heweziwumus appeared
[cipenugufa:   01.12.2021, 20:20:02] --> Character died
[cipenugufa:   01.12.2021, 20:20:16] --> heweziwumus appeared
[cipenugufa:   01.12.2021, 20:20:17] --> heweziwumus appeared
[cipenugufa:   01.12.2021, 20:20:35] --> Character leveled up to level 16
[cipenugufa:   01.12.2021, 20:20:55] --> Character leveled up to level 17
[cipenugufa:   01.12.2021, 20:21:29] --> Character leveled up to level 18
[cipenugufa:   01.12.2021, 20:22:11] --> Character leveled up to level 19
[cipenugufa:   01.12.2021, 20:22:52] --> Character leveled up to level 20
[cipenugufa:   01.12.2021, 20:23:26] --> heweziwumus appeared
[cipenugufa:   01.12.2021, 20:23:47] --> Character leveled up to level 21
[cipenugufa:   01.12.2021, 20:24:34] --> Character leveled up to level 22
[cipenugufa:   01.12.2021, 20:25:22] --> Character leveled up to level 23
[cipenugufa:   01.12.2021, 20:25:36] --> Character got kick
[cipenugufa:   01.12.2021, 20:28:34] --> Bot successfully started
[cipenugufa:   01.12.2021, 20:28:35] --> Setting '2' loaded because of active level settings
[cipenugufa:   01.12.2021, 20:28:36] --> heweziwumus appeared
[cipenugufa:   01.12.2021, 20:29:34] --> Character leveled up to level 24
[cipenugufa:   01.12.2021, 20:30:08] --> Character got kick
[cipenugufa:   01.12.2021, 20:31:10] --> Character leveled up to level 25
[cipenugufa:   01.12.2021, 20:33:11] --> Character leveled up to level 26
[cipenugufa:   01.12.2021, 20:35:09] --> Character leveled up to level 27
[cipenugufa:   01.12.2021, 20:35:39] --> heweziwumus appeared
[cipenugufa:   01.12.2021, 20:35:54] --> heweziwumus appeared
[cipenugufa:   01.12.2021, 20:36:06] --> heweziwumus appeared
[cipenugufa:   01.12.2021, 20:36:23] --> heweziwumus appeared
[cipenugufa:   01.12.2021, 20:36:34] --> Character leveled up to level 28
[cipenugufa:   01.12.2021, 20:36:36] --> heweziwumus appeared
[cipenugufa:   01.12.2021, 20:37:05] --> heweziwumus appeared
[cipenugufa:   01.12.2021, 20:37:21] --> heweziwumus appeared
[cipenugufa:   01.12.2021, 20:37:34] --> heweziwumus appeared
[cipenugufa:   01.12.2021, 20:38:03] --> zapugakunida appeared
[cipenugufa:   01.12.2021, 20:38:19] --> heweziwumus appeared
[cipenugufa:   01.12.2021, 20:38:33] --> heweziwumus appeared
[cipenugufa:   01.12.2021, 20:38:40] --> Character leveled up to level 29
[cipenugufa:   01.12.2021, 20:38:48] --> heweziwumus appeared
[cipenugufa:   01.12.2021, 20:39:02] --> heweziwumus appeared
[cipenugufa:   01.12.2021, 20:39:18] --> heweziwumus appeared
[cipenugufa:   01.12.2021, 20:39:31] --> heweziwumus appeared
[cipenugufa:   01.12.2021, 20:39:47] --> heweziwumus appeared
[cipenugufa:   01.12.2021, 20:40:16] --> beguzebipek appeared
[cipenugufa:   01.12.2021, 20:40:44] --> gekunimigod appeared
[cipenugufa:   01.12.2021, 20:40:57] --> heweziwumus appeared
[cipenugufa:   01.12.2021, 20:40:59] --> Character leveled up to level 30
[cipenugufa:   01.12.2021, 20:41:13] --> heweziwumus appeared
[cipenugufa:   01.12.2021, 20:41:26] --> heweziwumus appeared
[cipenugufa:   01.12.2021, 20:41:55] --> beguzebipek appeared
[cipenugufa:   01.12.2021, 20:42:07] --> beguzebipek appeared
[cipenugufa:   01.12.2021, 20:42:25] --> heweziwumus appeared
[cipenugufa:   01.12.2021, 20:42:54] --> heweziwumus appeared
[cipenugufa:   01.12.2021, 20:43:07] --> Character leveled up to level 31
[cipenugufa:   01.12.2021, 20:43:10] --> heweziwumus appeared
[cipenugufa:   01.12.2021, 20:43:23] --> heweziwumus appeared
[cipenugufa:   01.12.2021, 20:43:39] --> heweziwumus appeared
[cipenugufa:   01.12.2021, 20:43:52] --> heweziwumus appeared
[cipenugufa:   01.12.2021, 20:44:07] --> heweziwumus appeared
[cipenugufa:   01.12.2021, 20:44:20] --> heweziwumus appeared
[cipenugufa:   01.12.2021, 20:44:36] --> heweziwumus appeared
[cipenugufa:   01.12.2021, 20:44:49] --> zapugakunida appeared
[cipenugufa:   01.12.2021, 20:45:01] --> zapugakunida appeared
[cipenugufa:   01.12.2021, 20:45:12] --> Character leveled up to level 32
[cipenugufa:   01.12.2021, 20:45:19] --> heweziwumus appeared
[cipenugufa:   01.12.2021, 20:45:34] --> heweziwumus appeared
[cipenugufa:   01.12.2021, 20:45:49] --> heweziwumus appeared
[cipenugufa:   01.12.2021, 20:46:04] --> heweziwumus appeared
[cipenugufa:   01.12.2021, 20:46:17] --> heweziwumus appeared
[cipenugufa:   01.12.2021, 20:46:33] --> heweziwumus appeared
[cipenugufa:   01.12.2021, 20:46:46] --> heweziwumus appeared
[cipenugufa:   01.12.2021, 20:46:58] --> beguzebipek appeared
[cipenugufa:   01.12.2021, 20:47:15] --> heweziwumus appeared
[cipenugufa:   01.12.2021, 20:47:15] --> Character leveled up to level 33
[cipenugufa:   01.12.2021, 20:47:31] --> heweziwumus appeared
[cipenugufa:   01.12.2021, 20:47:43] --> heweziwumus appeared
[cipenugufa:   01.12.2021, 20:48:13] --> heweziwumus appeared
[cipenugufa:   01.12.2021, 20:48:30] --> heweziwumus appeared
[cipenugufa:   01.12.2021, 20:48:43] --> heweziwumus appeared
[cipenugufa:   01.12.2021, 20:48:58] --> heweziwumus appeared
[cipenugufa:   01.12.2021, 20:49:13] --> heweziwumus appeared
[cipenugufa:   01.12.2021, 20:49:28] --> heweziwumus appeared
[cipenugufa:   01.12.2021, 20:49:42] --> heweziwumus appeared
[cipenugufa:   01.12.2021, 20:49:45] --> Character leveled up to level 34
[cipenugufa:   01.12.2021, 20:49:53] --> beguzebipek appeared
[cipenugufa:   01.12.2021, 20:50:27] --> heweziwumus appeared
[cipenugufa:   01.12.2021, 20:50:57] --> heweziwumus appeared
[cipenugufa:   01.12.2021, 20:51:08] --> heweziwumus appeared
[cipenugufa:   01.12.2021, 20:51:25] --> heweziwumus appeared
[cipenugufa:   01.12.2021, 20:52:32] --> Character got kick
[cipenugufa:   01.12.2021, 20:52:41] --> heweziwumus appeared
[cipenugufa:   01.12.2021, 20:53:37] --> gekunimigod appeared
[cipenugufa:   01.12.2021, 20:53:56] --> heweziwumus appeared
[cipenugufa:   01.12.2021, 20:54:20] --> Character got kick
[cipenugufa:   01.12.2021, 20:54:38] --> heweziwumus appeared
[cipenugufa:   01.12.2021, 20:54:51] --> heweziwumus appeared
[cipenugufa:   01.12.2021, 20:55:01] --> Character leveled up to level 35
[cipenugufa:   01.12.2021, 20:55:02] --> zapugakunida appeared
[cipenugufa:   01.12.2021, 20:55:14] --> zapugakunida appeared
[cipenugufa:   01.12.2021, 20:55:35] --> heweziwumus appeared
[cipenugufa:   01.12.2021, 20:56:04] --> heweziwumus appeared
[cipenugufa:   01.12.2021, 20:56:18] --> heweziwumus appeared
[cipenugufa:   01.12.2021, 20:56:33] --> heweziwumus appeared
[cipenugufa:   01.12.2021, 20:56:46] --> heweziwumus appeared
[cipenugufa:   01.12.2021, 20:56:52] --> Character got kick
[cipenugufa:   01.12.2021, 20:59:39] --> Character leveled up to level 36
[cipenugufa:   01.12.2021, 21:01:48] --> Character got kick
[cipenugufa:   01.12.2021, 21:01:58] --> gekunimigod appeared
[cipenugufa:   01.12.2021, 21:02:23] --> heweziwumus appeared
[cipenugufa:   01.12.2021, 21:02:36] --> heweziwumus appeared
[cipenugufa:   01.12.2021, 21:02:49] --> girefikubehi appeared
[cipenugufa:   01.12.2021, 21:02:53] --> heweziwumus appeared
[cipenugufa:   01.12.2021, 21:03:17] --> girefikubehi appeared
[cipenugufa:   01.12.2021, 21:03:35] --> heweziwumus appeared
[cipenugufa:   01.12.2021, 21:03:50] --> heweziwumus appeared
[cipenugufa:   01.12.2021, 21:04:02] --> heweziwumus appeared
[cipenugufa:   01.12.2021, 21:04:32] --> heweziwumus appeared
[cipenugufa:   01.12.2021, 21:04:49] --> heweziwumus appeared
[cipenugufa:   01.12.2021, 21:05:01] --> heweziwumus appeared
[cipenugufa:   01.12.2021, 21:05:14] --> zapugakunida appeared
[cipenugufa:   01.12.2021, 21:05:29] --> Character leveled up to level 37
[cipenugufa:   01.12.2021, 21:05:59] --> heweziwumus appeared
[cipenugufa:   01.12.2021, 21:06:16] --> heweziwumus appeared
[cipenugufa:   01.12.2021, 21:06:28] --> heweziwumus appeared
[cipenugufa:   01.12.2021, 21:06:46] --> heweziwumus appeared
[cipenugufa:   01.12.2021, 21:06:59] --> heweziwumus appeared
[cipenugufa:   01.12.2021, 21:07:11] --> beguzebipek appeared
[cipenugufa:   01.12.2021, 21:07:43] --> heweziwumus appeared
[cipenugufa:   01.12.2021, 21:07:56] --> heweziwumus appeared
[cipenugufa:   01.12.2021, 21:08:13] --> heweziwumus appeared
[cipenugufa:   01.12.2021, 21:08:26] --> heweziwumus appeared
[cipenugufa:   01.12.2021, 21:08:44] --> heweziwumus appeared
[cipenugufa:   01.12.2021, 21:08:56] --> heweziwumus appeared
[cipenugufa:   01.12.2021, 21:09:13] --> heweziwumus appeared
[cipenugufa:   01.12.2021, 21:09:25] --> heweziwumus appeared
[cipenugufa:   01.12.2021, 21:10:25] --> heweziwumus appeared
[cipenugufa:   01.12.2021, 21:10:41] --> heweziwumus appeared
[cipenugufa:   01.12.2021, 21:10:53] --> heweziwumus appeared
[cipenugufa:   01.12.2021, 21:11:23] --> heweziwumus appeared
[cipenugufa:   01.12.2021, 21:11:39] --> heweziwumus appeared
[cipenugufa:   01.12.2021, 21:11:49] --> beguzebipek appeared
[cipenugufa:   01.12.2021, 21:12:10] --> heweziwumus appeared
[cipenugufa:   01.12.2021, 21:12:39] --> heweziwumus appeared
[cipenugufa:   01.12.2021, 21:12:44] --> Character leveled up to level 38
[cipenugufa:   01.12.2021, 21:12:51] --> heweziwumus appeared
[cipenugufa:   01.12.2021, 21:13:08] --> heweziwumus appeared
[cipenugufa:   01.12.2021, 21:13:37] --> heweziwumus appeared
[cipenugufa:   01.12.2021, 21:16:24] --> beguzebipek appeared
[cipenugufa:   01.12.2021, 21:16:28] --> beguzebipek appeared
[cipenugufa:   01.12.2021, 21:17:27] --> Character got kick
[cipenugufa:   01.12.2021, 21:17:44] --> heweziwumus appeared
[cipenugufa:   01.12.2021, 21:17:56] --> heweziwumus appeared
[cipenugufa:   01.12.2021, 21:18:14] --> heweziwumus appeared
[cipenugufa:   01.12.2021, 21:18:26] --> heweziwumus appeared
[cipenugufa:   01.12.2021, 22:30:07] --> Bot successfully started
[cipenugufa:   01.12.2021, 22:30:07] --> Setting '2' loaded because of active level settings
[cipenugufa:   01.12.2021, 22:30:10] --> heweziwumus appeared
[cipenugufa:   01.12.2021, 22:30:16] --> Character leveled up to level 39
[cipenugufa:   01.12.2021, 22:38:20] --> Bot successfully started
[cipenugufa:   01.12.2021, 22:38:20] --> Setting '2' loaded because of active level settings
[cipenugufa:   01.12.2021, 22:38:20] --> heweziwumus appeared
[cipenugufa:   01.12.2021, 22:52:53] --> Character leveled up to level 40
[cipenugufa:   01.12.2021, 23:02:24] --> heweziwumus appeared
[cipenugufa:   01.12.2021, 23:02:39] --> heweziwumus appeared
[cipenugufa:   01.12.2021, 23:05:52] --> heweziwumus appeared
[cipenugufa:   01.12.2021, 23:06:34] --> heweziwumus appeared
[cipenugufa:   01.12.2021, 23:06:51] --> heweziwumus appeared
[cipenugufa:   01.12.2021, 23:07:02] --> heweziwumus appeared
[cipenugufa:   01.12.2021, 23:07:19] --> heweziwumus appeared
[cipenugufa:   01.12.2021, 23:07:49] --> heweziwumus appeared
[cipenugufa:   01.12.2021, 23:08:05] --> Character leveled up to level 41
[cipenugufa:   01.12.2021, 23:08:50] --> heweziwumus appeared
[cipenugufa:   01.12.2021, 23:09:01] --> lidecanunol appeared
[cipenugufa:   01.12.2021, 23:09:20] --> heweziwumus appeared
[cipenugufa:   01.12.2021, 23:09:50] --> heweziwumus appeared
[cipenugufa:   01.12.2021, 23:10:02] --> heweziwumus appeared
[cipenugufa:   01.12.2021, 23:10:18] --> heweziwumus appeared
[cipenugufa:   01.12.2021, 23:10:32] --> heweziwumus appeared
[cipenugufa:   01.12.2021, 23:10:50] --> heweziwumus appeared
[cipenugufa:   01.12.2021, 23:11:02] --> heweziwumus appeared
[cipenugufa:   01.12.2021, 23:11:16] --> SeveredHands appeared
[cipenugufa:   01.12.2021, 23:11:31] --> pupesuwepu appeared
[cipenugufa:   01.12.2021, 23:11:47] --> heweziwumus appeared
[cipenugufa:   01.12.2021, 23:12:00] --> heweziwumus appeared
[cipenugufa:   01.12.2021, 23:12:18] --> heweziwumus appeared
[cipenugufa:   01.12.2021, 23:13:31] --> heweziwumus appeared
[cipenugufa:   01.12.2021, 23:13:50] --> heweziwumus appeared
[cipenugufa:   01.12.2021, 23:14:03] --> heweziwumus appeared
[cipenugufa:   01.12.2021, 23:14:50] --> heweziwumus appeared
[cipenugufa:   01.12.2021, 23:15:01] --> lidecanunol appeared
[cipenugufa:   01.12.2021, 23:15:21] --> heweziwumus appeared
[cipenugufa:   01.12.2021, 23:15:36] --> heweziwumus appeared
[cipenugufa:   01.12.2021, 23:15:51] --> heweziwumus appeared
[cipenugufa:   01.12.2021, 23:15:59] --> kavanotehi appeared
[cipenugufa:   01.12.2021, 23:16:05] --> heweziwumus appeared
[cipenugufa:   01.12.2021, 23:16:22] --> heweziwumus appeared
[cipenugufa:   01.12.2021, 23:16:35] --> heweziwumus appeared
[cipenugufa:   01.12.2021, 23:17:04] --> heweziwumus appeared
[cipenugufa:   01.12.2021, 23:17:22] --> heweziwumus appeared
[cipenugufa:   01.12.2021, 23:17:33] --> heweziwumus appeared
[cipenugufa:   01.12.2021, 23:17:59] --> Character leveled up to level 42
[cipenugufa:   01.12.2021, 23:18:32] --> heweziwumus appeared
[cipenugufa:   01.12.2021, 23:18:46] --> zapugakunida appeared
[cipenugufa:   01.12.2021, 23:19:03] --> heweziwumus appeared
[cipenugufa:   01.12.2021, 23:19:20] --> heweziwumus appeared
[cipenugufa:   01.12.2021, 23:19:34] --> heweziwumus appeared
[cipenugufa:   01.12.2021, 23:19:49] --> heweziwumus appeared
[cipenugufa:   01.12.2021, 23:20:04] --> heweziwumus appeared
[cipenugufa:   01.12.2021, 23:20:34] --> heweziwumus appeared
[cipenugufa:   01.12.2021, 23:20:49] --> heweziwumus appeared
[cipenugufa:   01.12.2021, 23:21:04] --> heweziwumus appeared
[cipenugufa:   01.12.2021, 23:21:20] --> heweziwumus appeared
[cipenugufa:   01.12.2021, 23:21:33] --> heweziwumus appeared
[cipenugufa:   01.12.2021, 23:21:49] --> heweziwumus appeared
[cipenugufa:   01.12.2021, 23:22:03] --> heweziwumus appeared
[cipenugufa:   01.12.2021, 23:22:18] --> heweziwumus appeared
[cipenugufa:   01.12.2021, 23:22:33] --> heweziwumus appeared
[cipenugufa:   01.12.2021, 23:22:49] --> heweziwumus appeared
[cipenugufa:   01.12.2021, 23:23:03] --> heweziwumus appeared
[cipenugufa:   01.12.2021, 23:23:19] --> heweziwumus appeared
[cipenugufa:   01.12.2021, 23:24:02] --> zapugakunida appeared
[cipenugufa:   01.12.2021, 23:24:21] --> heweziwumus appeared
[cipenugufa:   01.12.2021, 23:24:35] --> heweziwumus appeared
[cipenugufa:   01.12.2021, 23:24:51] --> heweziwumus appeared
[cipenugufa:   01.12.2021, 23:25:22] --> heweziwumus appeared
[cipenugufa:   01.12.2021, 23:25:35] --> beguzebipek appeared
[cipenugufa:   01.12.2021, 23:25:52] --> heweziwumus appeared
[cipenugufa:   01.12.2021, 23:26:08] --> heweziwumus appeared
[cipenugufa:   01.12.2021, 23:26:23] --> heweziwumus appeared
[cipenugufa:   01.12.2021, 23:26:36] --> zapugakunida appeared
[cipenugufa:   01.12.2021, 23:27:11] --> heweziwumus appeared
[cipenugufa:   01.12.2021, 23:27:17] --> Character leveled up to level 43
[cipenugufa:   01.12.2021, 23:27:41] --> heweziwumus appeared
[cipenugufa:   01.12.2021, 23:27:55] --> heweziwumus appeared
[cipenugufa:   01.12.2021, 23:28:12] --> heweziwumus appeared
[cipenugufa:   01.12.2021, 23:28:56] --> heweziwumus appeared
[cipenugufa:   01.12.2021, 23:29:14] --> heweziwumus appeared
[cipenugufa:   01.12.2021, 23:29:27] --> heweziwumus appeared
[cipenugufa:   01.12.2021, 23:29:58] --> heweziwumus appeared
[cipenugufa:   01.12.2021, 23:30:16] --> heweziwumus appeared
[cipenugufa:   01.12.2021, 23:30:48] --> heweziwumus appeared
[cipenugufa:   01.12.2021, 23:30:56] --> kavanotehi appeared
[cipenugufa:   01.12.2021, 23:31:14] --> zapugakunida appeared
[cipenugufa:   01.12.2021, 23:31:50] --> heweziwumus appeared
[cipenugufa:   01.12.2021, 23:32:03] --> heweziwumus appeared
[cipenugufa:   01.12.2021, 23:32:22] --> heweziwumus appeared
[cipenugufa:   01.12.2021, 23:32:34] --> heweziwumus appeared
[cipenugufa:   01.12.2021, 23:32:52] --> heweziwumus appeared
[cipenugufa:   01.12.2021, 23:33:06] --> heweziwumus appeared
[cipenugufa:   01.12.2021, 23:34:04] --> heweziwumus appeared
[cipenugufa:   01.12.2021, 23:34:16] --> Character leveled up to level 44
[cipenugufa:   01.12.2021, 23:34:35] --> heweziwumus appeared
[cipenugufa:   01.12.2021, 23:35:06] --> pupesuwepu appeared
[cipenugufa:   01.12.2021, 23:35:22] --> heweziwumus appeared
[cipenugufa:   01.12.2021, 23:35:43] --> heweziwumus appeared
[cipenugufa:   01.12.2021, 23:35:56] --> heweziwumus appeared
[cipenugufa:   01.12.2021, 23:36:47] --> lidecanunol appeared
[cipenugufa:   01.12.2021, 23:37:03] --> heweziwumus appeared
[cipenugufa:   01.12.2021, 23:37:23] --> heweziwumus appeared
[cipenugufa:   01.12.2021, 23:37:35] --> heweziwumus appeared
[cipenugufa:   01.12.2021, 23:37:53] --> beguzebipek appeared
[cipenugufa:   01.12.2021, 23:38:24] --> heweziwumus appeared
[cipenugufa:   01.12.2021, 23:38:37] --> heweziwumus appeared
[cipenugufa:   01.12.2021, 23:38:56] --> heweziwumus appeared
[cipenugufa:   01.12.2021, 23:39:08] --> kavanotehi appeared
[cipenugufa:   01.12.2021, 23:39:42] --> heweziwumus appeared
[cipenugufa:   01.12.2021, 23:40:14] --> heweziwumus appeared
[cipenugufa:   01.12.2021, 23:40:45] --> sizabocifi appeared
[cipenugufa:   01.12.2021, 23:41:02] --> zamezorise appeared
[cipenugufa:   01.12.2021, 23:41:36] --> zamezorise appeared
[cipenugufa:   01.12.2021, 23:41:37] --> heweziwumus appeared
[cipenugufa:   01.12.2021, 23:41:52] --> heweziwumus appeared
[cipenugufa:   01.12.2021, 23:42:09] --> zamezorise appeared
[cipenugufa:   01.12.2021, 23:42:16] --> Character leveled up to level 45
[cipenugufa:   01.12.2021, 23:42:26] --> heweziwumus appeared
[cipenugufa:   01.12.2021, 23:43:31] --> kavanotehi appeared
[cipenugufa:   01.12.2021, 23:43:34] --> heweziwumus appeared
[cipenugufa:   01.12.2021, 23:44:09] --> heweziwumus appeared
[cipenugufa:   01.12.2021, 23:44:43] --> pupesuwepu appeared
[cipenugufa:   01.12.2021, 23:45:19] --> heweziwumus appeared
[cipenugufa:   01.12.2021, 23:45:46] --> sizabocifi appeared
[cipenugufa:   01.12.2021, 23:46:25] --> heweziwumus appeared
[cipenugufa:   01.12.2021, 23:46:46] --> heweziwumus appeared
[cipenugufa:   01.12.2021, 23:47:00] --> heweziwumus appeared
[cipenugufa:   01.12.2021, 23:47:49] --> zamezorise appeared
[cipenugufa:   01.12.2021, 23:48:46] --> heweziwumus appeared
[cipenugufa:   01.12.2021, 23:49:01] --> zamezorise appeared
[cipenugufa:   01.12.2021, 23:49:22] --> heweziwumus appeared
[cipenugufa:   01.12.2021, 23:49:45] --> heweziwumus appeared
[cipenugufa:   01.12.2021, 23:50:21] --> heweziwumus appeared
[cipenugufa:   01.12.2021, 23:50:55] --> heweziwumus appeared
[cipenugufa:   01.12.2021, 23:51:08] --> heweziwumus appeared
[cipenugufa:   01.12.2021, 23:51:32] --> heweziwumus appeared
[cipenugufa:   01.12.2021, 23:51:41] --> heweziwumus appeared
[cipenugufa:   01.12.2021, 23:52:02] --> heweziwumus appeared
[cipenugufa:   01.12.2021, 23:53:10] --> heweziwumus appeared
[cipenugufa:   01.12.2021, 23:53:24] --> heweziwumus appeared
[cipenugufa:   01.12.2021, 23:53:33] --> Character leveled up to level 46
[cipenugufa:   01.12.2021, 23:53:40] --> kavanotehi appeared
[cipenugufa:   01.12.2021, 23:53:57] --> heweziwumus appeared
[cipenugufa:   01.12.2021, 23:54:15] --> heweziwumus appeared
[cipenugufa:   01.12.2021, 23:54:46] --> beguzebipek appeared
[cipenugufa:   01.12.2021, 23:55:36] --> heweziwumus appeared
[cipenugufa:   01.12.2021, 23:55:49] --> pupesuwepu appeared
[cipenugufa:   01.12.2021, 23:56:08] --> heweziwumus appeared
[cipenugufa:   01.12.2021, 23:56:25] --> heweziwumus appeared
[cipenugufa:   01.12.2021, 23:57:23] --> heweziwumus appeared
[cipenugufa:   01.12.2021, 23:57:36] --> heweziwumus appeared
[cipenugufa:   01.12.2021, 23:57:52] --> heweziwumus appeared
[cipenugufa:   01.12.2021, 23:58:23] --> heweziwumus appeared
[cipenugufa:   02.12.2021, 00:04:38] --> Character leveled up to level 47
[cipenugufa:   02.12.2021, 00:07:14] --> pupesuwepu appeared
[cipenugufa:   02.12.2021, 00:07:34] --> heweziwumus appeared
[cipenugufa:   02.12.2021, 00:16:05] --> lidecanunol appeared
[cipenugufa:   02.12.2021, 00:16:36] --> beguzebipek appeared
[cipenugufa:   02.12.2021, 00:16:50] --> zutelacuzetu appeared
[cipenugufa:   02.12.2021, 00:17:14] --> zutelacuzetu appeared
[cipenugufa:   02.12.2021, 00:17:23] --> morevupozuki appeared
[cipenugufa:   02.12.2021, 00:17:44] --> pupesuwepu appeared
[cipenugufa:   02.12.2021, 00:18:41] --> zapugakunida appeared
[cipenugufa:   02.12.2021, 00:19:37] --> jsfhakgfas appeared
[cipenugufa:   02.12.2021, 00:19:56] --> pupesuwepu appeared
[cipenugufa:   02.12.2021, 00:19:59] --> Character leveled up to level 48
[cipenugufa:   02.12.2021, 00:21:04] --> pupesuwepu appeared
[cipenugufa:   02.12.2021, 00:21:41] --> zapugakunida appeared
[cipenugufa:   02.12.2021, 00:21:44] --> kavanotehi appeared
[cipenugufa:   02.12.2021, 00:22:19] --> zutelacuzetu appeared
[cipenugufa:   02.12.2021, 00:22:32] --> SeveredHands appeared
[cipenugufa:   02.12.2021, 00:22:39] --> zutelacuzetu appeared
[cipenugufa:   02.12.2021, 00:22:49] --> jsfhakgfas appeared
[cipenugufa:   02.12.2021, 00:23:47] --> beguzebipek appeared
[cipenugufa:   02.12.2021, 00:24:11] --> jsfhakgfas appeared
[cipenugufa:   02.12.2021, 00:24:17] --> jsfhakgfas appeared
[cipenugufa:   02.12.2021, 00:24:29] --> jsfhakgfas appeared
[cipenugufa:   02.12.2021, 00:24:44] --> morevupozuki appeared
[cipenugufa:   02.12.2021, 00:24:50] --> morevupozuki appeared
[cipenugufa:   02.12.2021, 00:25:04] --> lidecanunol appeared
[cipenugufa:   02.12.2021, 00:26:18] --> lidecanunol appeared
[cipenugufa:   02.12.2021, 00:26:42] --> jsfhakgfas appeared
[cipenugufa:   02.12.2021, 00:27:02] --> jsfhakgfas appeared
[cipenugufa:   02.12.2021, 00:27:14] --> jsfhakgfas appeared
[cipenugufa:   02.12.2021, 00:27:35] --> zapugakunida appeared
[cipenugufa:   02.12.2021, 00:27:41] --> zapugakunida appeared
[cipenugufa:   02.12.2021, 00:28:07] --> jsfhakgfas appeared
[cipenugufa:   02.12.2021, 00:28:38] --> lidecanunol appeared
[cipenugufa:   02.12.2021, 00:28:50] --> jsfhakgfas appeared
[cipenugufa:   02.12.2021, 00:29:19] --> pupesuwepu appeared
[cipenugufa:   02.12.2021, 00:30:01] --> morevupozuki appeared
[cipenugufa:   02.12.2021, 00:30:38] --> Character leveled up to level 49
[cipenugufa:   02.12.2021, 00:30:40] --> zapugakunida appeared
[cipenugufa:   02.12.2021, 00:30:55] --> zapugakunida appeared
[cipenugufa:   02.12.2021, 00:30:58] --> zapugakunida appeared
[cipenugufa:   02.12.2021, 00:31:21] --> pupesuwepu appeared
[cipenugufa:   02.12.2021, 00:31:44] --> beguzebipek appeared
[cipenugufa:   02.12.2021, 00:31:59] --> jsfhakgfas appeared
[cipenugufa:   02.12.2021, 00:32:21] --> jsfhakgfas appeared
[cipenugufa:   02.12.2021, 00:32:48] --> zapugakunida appeared
[cipenugufa:   02.12.2021, 00:33:05] --> jsfhakgfas appeared
[cipenugufa:   02.12.2021, 00:33:26] --> jsfhakgfas appeared
[cipenugufa:   02.12.2021, 00:34:09] --> jsfhakgfas appeared
[cipenugufa:   02.12.2021, 00:34:34] --> jsfhakgfas appeared
[cipenugufa:   02.12.2021, 00:34:43] --> jsfhakgfas appeared
[cipenugufa:   02.12.2021, 00:35:04] --> kavanotehi appeared
[cipenugufa:   02.12.2021, 00:35:17] --> jsfhakgfas appeared
[cipenugufa:   02.12.2021, 00:35:21] --> morevupozuki appeared
[cipenugufa:   02.12.2021, 00:35:43] --> lidecanunol appeared
[cipenugufa:   02.12.2021, 00:36:05] --> kavanotehi appeared
[cipenugufa:   02.12.2021, 00:36:23] --> beguzebipek appeared
[cipenugufa:   02.12.2021, 00:36:26] --> beguzebipek appeared
[cipenugufa:   02.12.2021, 00:36:47] --> jsfhakgfas appeared
[cipenugufa:   02.12.2021, 00:37:21] --> zapugakunida appeared
[cipenugufa:   02.12.2021, 00:37:25] --> zapugakunida appeared
[cipenugufa:   02.12.2021, 00:38:25] --> pupesuwepu appeared
[cipenugufa:   02.12.2021, 00:38:34] --> jsfhakgfas appeared
[cipenugufa:   02.12.2021, 00:39:09] --> jsfhakgfas appeared
[cipenugufa:   02.12.2021, 00:39:21] --> beguzebipek appeared
[cipenugufa:   02.12.2021, 00:39:36] --> pupesuwepu appeared
[cipenugufa:   02.12.2021, 00:39:44] --> zutelacuzetu appeared
[cipenugufa:   02.12.2021, 00:40:11] --> jsfhakgfas appeared
[cipenugufa:   02.12.2021, 00:40:29] --> zapugakunida appeared
[cipenugufa:   02.12.2021, 00:41:15] --> jsfhakgfas appeared
[cipenugufa:   02.12.2021, 00:41:42] --> pupesuwepu appeared
[cipenugufa:   02.12.2021, 00:42:23] --> jsfhakgfas appeared
[cipenugufa:   02.12.2021, 00:42:31] --> jsfhakgfas appeared
[cipenugufa:   02.12.2021, 00:42:52] --> zapugakunida appeared
[cipenugufa:   02.12.2021, 00:42:58] --> zapugakunida appeared
[cipenugufa:   02.12.2021, 00:43:16] --> Character leveled up to level 50
[cipenugufa:   02.12.2021, 00:43:34] --> jsfhakgfas appeared
[cipenugufa:   02.12.2021, 00:44:16] --> jsfhakgfas appeared
[cipenugufa:   02.12.2021, 00:44:27] --> pasukomihira appeared
[cipenugufa:   02.12.2021, 00:44:56] --> jsfhakgfas appeared
[cipenugufa:   02.12.2021, 00:45:20] --> zapugakunida appeared
[cipenugufa:   02.12.2021, 08:39:41] --> Bot successfully started
[cipenugufa:   02.12.2021, 08:39:41] --> Setting '2' loaded because of active level settings
[cipenugufa:   02.12.2021, 08:39:41] --> jsfhakgfas appeared
[cipenugufa:   02.12.2021, 08:41:44] --> jsfhakgfas appeared
[cipenugufa:   02.12.2021, 08:42:29] --> zapugakunida appeared
[cipenugufa:   02.12.2021, 08:42:57] --> vopekurokefu appeared
[cipenugufa:   02.12.2021, 08:43:10] --> Character was kicked from the bot, reason: Character was walking
[cipenugufa:   02.12.2021, 08:43:45] --> Character was kicked from the bot, reason: Character was walking
[cipenugufa:   02.12.2021, 08:43:49] --> huciwakebop appeared
[cipenugufa:   02.12.2021, 08:44:16] --> nusufacubob appeared
[cipenugufa:   02.12.2021, 08:44:31] --> nusufacubob appeared
[cipenugufa:   02.12.2021, 08:44:34] --> heweziwumus appeared
[cipenugufa:   02.12.2021, 08:44:46] --> huciwakebop appeared
[cipenugufa:   02.12.2021, 08:45:02] --> huciwakebop appeared
[cipenugufa:   02.12.2021, 08:45:48] --> heweziwumus appeared
[cipenugufa:   02.12.2021, 08:46:21] --> huciwakebop appeared
[cipenugufa:   02.12.2021, 08:46:44] --> nusufacubob appeared
[cipenugufa:   02.12.2021, 08:47:01] --> huciwakebop appeared
[cipenugufa:   02.12.2021, 08:47:17] --> sukuzokevi appeared
[cipenugufa:   02.12.2021, 08:47:41] --> heweziwumus appeared
[cipenugufa:   02.12.2021, 08:48:02] --> firokalezo appeared
[cipenugufa:   02.12.2021, 08:48:07] --> nusufacubob appeared
[cipenugufa:   02.12.2021, 08:48:17] --> heweziwumus appeared
[cipenugufa:   02.12.2021, 08:48:53] --> heweziwumus appeared
[cipenugufa:   02.12.2021, 08:49:08] --> nusufacubob appeared
[cipenugufa:   02.12.2021, 08:49:12] --> nusufacubob appeared
[cipenugufa:   02.12.2021, 08:49:30] --> heweziwumus appeared
[cipenugufa:   02.12.2021, 08:50:08] --> heweziwumus appeared
[cipenugufa:   02.12.2021, 08:50:25] --> nusufacubob appeared
[cipenugufa:   02.12.2021, 08:50:44] --> heweziwumus appeared
[cipenugufa:   02.12.2021, 08:51:09] --> huciwakebop appeared
[cipenugufa:   02.12.2021, 08:51:19] --> huciwakebop appeared
[cipenugufa:   02.12.2021, 08:51:39] --> firokalezo appeared
[cipenugufa:   02.12.2021, 08:51:58] --> heweziwumus appeared
[cipenugufa:   02.12.2021, 08:52:09] --> huciwakebop appeared
[cipenugufa:   02.12.2021, 08:52:15] --> huciwakebop appeared
[cipenugufa:   02.12.2021, 08:52:32] --> rokukegeraz appeared
[cipenugufa:   02.12.2021, 08:52:51] --> nusufacubob appeared
[cipenugufa:   02.12.2021, 08:53:13] --> heweziwumus appeared
[cipenugufa:   02.12.2021, 08:53:50] --> heweziwumus appeared
[cipenugufa:   02.12.2021, 08:54:06] --> firokalezo appeared
[cipenugufa:   02.12.2021, 08:54:27] --> heweziwumus appeared
[cipenugufa:   02.12.2021, 08:55:04] --> heweziwumus appeared
[cipenugufa:   02.12.2021, 08:55:19] --> firokalezo appeared
[cipenugufa:   02.12.2021, 08:55:39] --> heweziwumus appeared
[cipenugufa:   02.12.2021, 08:56:17] --> heweziwumus appeared
[cipenugufa:   02.12.2021, 08:56:30] --> nusufacubob appeared
[cipenugufa:   02.12.2021, 08:56:54] --> heweziwumus appeared
[cipenugufa:   02.12.2021, 08:57:32] --> heweziwumus appeared
[cipenugufa:   02.12.2021, 08:57:48] --> firokalezo appeared
[cipenugufa:   02.12.2021, 08:58:02] --> nusufacubob appeared
[cipenugufa:   02.12.2021, 08:58:08] --> heweziwumus appeared
[cipenugufa:   02.12.2021, 08:58:46] --> heweziwumus appeared
[cipenugufa:   02.12.2021, 08:59:01] --> nusufacubob appeared
[cipenugufa:   02.12.2021, 08:59:23] --> heweziwumus appeared
[cipenugufa:   02.12.2021, 08:59:55] --> rokukegeraz appeared
[cipenugufa:   02.12.2021, 09:00:01] --> heweziwumus appeared
[cipenugufa:   02.12.2021, 09:00:17] --> nusufacubob appeared
[cipenugufa:   02.12.2021, 09:00:37] --> heweziwumus appeared
[cipenugufa:   02.12.2021, 09:01:15] --> heweziwumus appeared
[cipenugufa:   02.12.2021, 09:01:38] --> TEpUiV appeared
[cipenugufa:   02.12.2021, 09:01:53] --> heweziwumus appeared
[cipenugufa:   02.12.2021, 09:02:04] --> rokukegeraz appeared
[cipenugufa:   02.12.2021, 09:02:31] --> heweziwumus appeared
[cipenugufa:   02.12.2021, 09:02:44] --> nusufacubob appeared
[cipenugufa:   02.12.2021, 09:03:08] --> heweziwumus appeared
[cipenugufa:   02.12.2021, 09:03:46] --> heweziwumus appeared
[cipenugufa:   02.12.2021, 09:04:01] --> nusufacubob appeared
[cipenugufa:   02.12.2021, 09:04:15] --> Character was kicked from the bot, reason: Character was walking
[cipenugufa:   02.12.2021, 09:04:57] --> TEpUiV appeared
[cipenugufa:   02.12.2021, 09:05:13] --> Character was kicked from the bot, reason: Character was walking
[cipenugufa:   02.12.2021, 09:05:18] --> heweziwumus appeared
[cipenugufa:   02.12.2021, 09:35:50] --> Changing into CH9
[cipenugufa:   02.12.2021, 15:33:03] --> Bot successfully started
[cipenugufa:   02.12.2021, 15:33:03] --> Setting '2' loaded because of active level settings
[cipenugufa:   02.12.2021, 15:33:03] --> kuruzerirur appeared
[cipenugufa:   02.12.2021, 15:33:12] --> Character was kicked from the bot, reason: Character was walking
[cipenugufa:   02.12.2021, 15:33:37] --> Character was kicked from the bot, reason: Character was walking
[cipenugufa:   02.12.2021, 15:33:41] --> fafasuzobiri appeared
[cipenugufa:   02.12.2021, 15:42:45] --> Bot successfully started
[cipenugufa:   02.12.2021, 15:42:45] --> sifocemova appeared
[cipenugufa:   02.12.2021, 15:42:54] --> Character was kicked from the bot, reason: Character was walking
[cipenugufa:   02.12.2021, 15:43:14] --> Character was kicked from the bot, reason: Character was walking
[cipenugufa:   02.12.2021, 15:43:19] --> dukapipavu appeared
[cipenugufa:   02.12.2021, 15:43:51] --> Character was kicked from the bot, reason: Character was walking
[cipenugufa:   02.12.2021, 15:43:55] --> tofaliraru appeared
[cipenugufa:   02.12.2021, 15:44:11] --> TEpUiV appeared
[cipenugufa:   02.12.2021, 15:44:53] --> tofaliraru appeared
[cipenugufa:   02.12.2021, 15:45:22] --> TEpUiV appeared
[cipenugufa:   02.12.2021, 15:46:09] --> tofaliraru appeared
[cipenugufa:   02.12.2021, 15:46:30] --> tofaliraru appeared
[cipenugufa:   02.12.2021, 15:46:48] --> firokalezo appeared
[cipenugufa:   02.12.2021, 15:47:11] --> tofaliraru appeared
[cipenugufa:   02.12.2021, 15:47:32] --> tofaliraru appeared
[cipenugufa:   02.12.2021, 15:47:42] --> tofaliraru appeared
[cipenugufa:   02.12.2021, 15:47:46] --> tofaliraru appeared
[cipenugufa:   02.12.2021, 15:47:53] --> TEpUiV appeared
[cipenugufa:   02.12.2021, 15:48:12] --> firokalezo appeared
[cipenugufa:   02.12.2021, 15:49:07] --> tofaliraru appeared
[cipenugufa:   02.12.2021, 15:49:27] --> tofaliraru appeared
[cipenugufa:   02.12.2021, 15:50:05] --> gerarinagizu appeared
[cipenugufa:   02.12.2021, 15:51:09] --> tofaliraru appeared
[cipenugufa:   02.12.2021, 15:53:08] --> tofaliraru appeared
[cipenugufa:   02.12.2021, 15:53:45] --> firokalezo appeared
[cipenugufa:   02.12.2021, 15:54:21] --> tofaliraru appeared
[cipenugufa:   02.12.2021, 15:55:09] --> tofaliraru appeared
[cipenugufa:   02.12.2021, 15:55:24] --> tofaliraru appeared
[cipenugufa:   02.12.2021, 15:56:46] --> tofaliraru appeared
[cipenugufa:   02.12.2021, 15:57:48] --> tofaliraru appeared
[cipenugufa:   02.12.2021, 15:58:51] --> tofaliraru appeared
[cipenugufa:   02.12.2021, 16:00:06] --> tofaliraru appeared
[cipenugufa:   02.12.2021, 16:00:21] --> firokalezo appeared
[cipenugufa:   02.12.2021, 16:00:22] --> firokalezo appeared
[cipenugufa:   02.12.2021, 16:00:42] --> TEpUiV appeared
[cipenugufa:   02.12.2021, 16:01:04] --> tofaliraru appeared
[cipenugufa:   02.12.2021, 16:02:01] --> tofaliraru appeared
[cipenugufa:   02.12.2021, 16:02:19] --> firokalezo appeared
[cipenugufa:   02.12.2021, 16:02:34] --> TEpUiV appeared
[cipenugufa:   02.12.2021, 16:03:03] --> tofaliraru appeared
[cipenugufa:   02.12.2021, 16:03:24] --> tofaliraru appeared
[cipenugufa:   02.12.2021, 16:04:04] --> TEpUiV appeared
[cipenugufa:   02.12.2021, 16:04:25] --> tofaliraru appeared
[cipenugufa:   02.12.2021, 16:05:00] --> tofaliraru appeared
[cipenugufa:   02.12.2021, 16:05:10] --> tofaliraru appeared
[cipenugufa:   02.12.2021, 16:05:20] --> tofaliraru appeared
[cipenugufa:   02.12.2021, 16:06:19] --> tofaliraru appeared
[cipenugufa:   02.12.2021, 16:06:40] --> firokalezo appeared
[cipenugufa:   02.12.2021, 16:07:02] --> tofaliraru appeared
[cipenugufa:   02.12.2021, 16:08:32] --> firokalezo appeared
[cipenugufa:   02.12.2021, 16:08:39] --> tofaliraru appeared
[cipenugufa:   02.12.2021, 16:09:00] --> TEpUiV appeared
[cipenugufa:   02.12.2021, 16:09:19] --> heweziwumus appeared
[cipenugufa:   02.12.2021, 16:10:02] --> firokalezo appeared
[cipenugufa:   02.12.2021, 16:10:59] --> tofaliraru appeared
[cipenugufa:   02.12.2021, 16:11:41] --> tofaliraru appeared
[cipenugufa:   02.12.2021, 16:12:16] --> TEpUiV appeared
[cipenugufa:   02.12.2021, 16:12:39] --> firokalezo appeared
[cipenugufa:   02.12.2021, 16:13:56] --> tofaliraru appeared
[cipenugufa:   02.12.2021, 16:16:00] --> tofaliraru appeared
[cipenugufa:   02.12.2021, 16:16:21] --> tofaliraru appeared
[cipenugufa:   02.12.2021, 16:16:37] --> TEpUiV appeared
[cipenugufa:   02.12.2021, 16:16:56] --> heweziwumus appeared
[cipenugufa:   02.12.2021, 16:17:16] --> tofaliraru appeared
[cipenugufa:   02.12.2021, 16:17:58] --> tofaliraru appeared
[cipenugufa:   02.12.2021, 16:18:15] --> tofaliraru appeared
[cipenugufa:   02.12.2021, 16:18:59] --> tofaliraru appeared
[cipenugufa:   02.12.2021, 16:19:35] --> tofaliraru appeared
[cipenugufa:   02.12.2021, 16:20:01] --> firokalezo appeared
[cipenugufa:   02.12.2021, 16:20:36] --> tofaliraru appeared
[cipenugufa:   02.12.2021, 16:20:57] --> tofaliraru appeared
[cipenugufa:   02.12.2021, 16:21:18] --> tofaliraru appeared
[cipenugufa:   02.12.2021, 16:22:37] --> firokalezo appeared
[cipenugufa:   02.12.2021, 16:22:56] --> tofaliraru appeared
[cipenugufa:   02.12.2021, 16:23:00] --> tofaliraru appeared
[cipenugufa:   02.12.2021, 16:23:09] --> gerarinagizu appeared
[cipenugufa:   02.12.2021, 16:23:34] --> TEpUiV appeared
[cipenugufa:   02.12.2021, 16:23:56] --> tofaliraru appeared
[cipenugufa:   02.12.2021, 16:24:16] --> tofaliraru appeared
[cipenugufa:   02.12.2021, 16:24:38] --> firokalezo appeared
[cipenugufa:   02.12.2021, 16:25:00] --> tofaliraru appeared
[cipenugufa:   02.12.2021, 16:25:19] --> firokalezo appeared
[cipenugufa:   02.12.2021, 16:25:42] --> TEpUiV appeared
[cipenugufa:   02.12.2021, 16:25:47] --> tofaliraru appeared
[cipenugufa:   02.12.2021, 16:27:14] --> tofaliraru appeared
[cipenugufa:   02.12.2021, 16:27:47] --> TEpUiV appeared
[cipenugufa:   02.12.2021, 16:28:49] --> tofaliraru appeared
[cipenugufa:   02.12.2021, 16:30:49] --> tofaliraru appeared
[cipenugufa:   02.12.2021, 16:31:13] --> Character got kick
[cipenugufa:   02.12.2021, 16:31:22] --> tofaliraru appeared
[cipenugufa:   02.12.2021, 16:31:26] --> gerarinagizu appeared
[cipenugufa:   02.12.2021, 16:32:11] --> tofaliraru appeared
[cipenugufa:   02.12.2021, 16:32:26] --> tofaliraru appeared
[cipenugufa:   02.12.2021, 16:32:46] --> tofaliraru appeared
[cipenugufa:   02.12.2021, 16:33:05] --> tofaliraru appeared
[cipenugufa:   02.12.2021, 16:33:26] --> tofaliraru appeared
[cipenugufa:   02.12.2021, 16:33:37] --> tofaliraru appeared
[cipenugufa:   02.12.2021, 16:34:08] --> tofaliraru appeared
[cipenugufa:   02.12.2021, 16:35:10] --> tofaliraru appeared
[cipenugufa:   02.12.2021, 16:35:27] --> TEpUiV appeared
[cipenugufa:   02.12.2021, 16:35:43] --> tofaliraru appeared
[cipenugufa:   02.12.2021, 16:37:09] --> firokalezo appeared
[cipenugufa:   02.12.2021, 16:38:22] --> firokalezo appeared
[cipenugufa:   02.12.2021, 16:38:44] --> firokalezo appeared
[cipenugufa:   02.12.2021, 16:39:40] --> TEpUiV appeared
[cipenugufa:   02.12.2021, 16:40:27] --> TEpUiV appeared
[cipenugufa:   02.12.2021, 16:40:42] --> TEpUiV appeared
[cipenugufa:   02.12.2021, 16:42:03] --> tofaliraru appeared
[cipenugufa:   02.12.2021, 16:42:08] --> tofaliraru appeared
[cipenugufa:   02.12.2021, 16:42:21] --> firokalezo appeared
[cipenugufa:   02.12.2021, 16:43:27] --> TEpUiV appeared
[cipenugufa:   02.12.2021, 16:43:42] --> tofaliraru appeared
[cipenugufa:   02.12.2021, 16:44:43] --> tofaliraru appeared
[cipenugufa:   02.12.2021, 16:47:18] --> firokalezo appeared
[cipenugufa:   02.12.2021, 16:47:36] --> TEpUiV appeared
[cipenugufa:   02.12.2021, 16:48:01] --> tofaliraru appeared
[cipenugufa:   02.12.2021, 16:48:20] --> TEpUiV appeared
[cipenugufa:   02.12.2021, 16:48:56] --> tofaliraru appeared
[cipenugufa:   02.12.2021, 16:49:06] --> tofaliraru appeared
[cipenugufa:   02.12.2021, 16:49:19] --> firokalezo appeared
[cipenugufa:   02.12.2021, 16:49:42] --> tofaliraru appeared
[cipenugufa:   02.12.2021, 16:49:59] --> TEpUiV appeared
[cipenugufa:   02.12.2021, 16:50:16] --> firokalezo appeared
[cipenugufa:   02.12.2021, 16:50:48] --> tofaliraru appeared
[cipenugufa:   02.12.2021, 16:51:20] --> tofaliraru appeared
[cipenugufa:   02.12.2021, 16:52:01] --> TEpUiV appeared
[cipenugufa:   02.12.2021, 16:52:14] --> tofaliraru appeared
[cipenugufa:   02.12.2021, 16:52:19] --> firokalezo appeared
[cipenugufa:   02.12.2021, 16:52:44] --> tofaliraru appeared
[cipenugufa:   02.12.2021, 16:53:52] --> TEpUiV appeared
[cipenugufa:   02.12.2021, 16:54:34] --> kelukirice appeared
[cipenugufa:   02.12.2021, 16:55:20] --> firokalezo appeared
[cipenugufa:   02.12.2021, 16:57:36] --> firokalezo appeared
[cipenugufa:   02.12.2021, 17:00:35] --> tofaliraru appeared
[cipenugufa:   02.12.2021, 17:00:57] --> tofaliraru appeared
[cipenugufa:   02.12.2021, 17:02:01] --> firokalezo appeared
[cipenugufa:   02.12.2021, 17:03:10] --> tofaliraru appeared
[cipenugufa:   02.12.2021, 17:03:15] --> tofaliraru appeared
[cipenugufa:   02.12.2021, 17:05:33] --> tofaliraru appeared
[cipenugufa:   02.12.2021, 17:05:36] --> firokalezo appeared
[cipenugufa:   02.12.2021, 17:05:47] --> tofaliraru appeared
[cipenugufa:   02.12.2021, 17:05:51] --> fafenoniguvo appeared
[cipenugufa:   02.12.2021, 17:06:12] --> tofaliraru appeared
[cipenugufa:   02.12.2021, 17:09:50] --> tofaliraru appeared
[cipenugufa:   02.12.2021, 17:12:27] --> tofaliraru appeared
[cipenugufa:   02.12.2021, 17:13:26] --> tofaliraru appeared
[cipenugufa:   02.12.2021, 17:13:44] --> firokalezo appeared
[cipenugufa:   02.12.2021, 17:15:43] --> fafenoniguvo appeared
[cipenugufa:   02.12.2021, 17:16:05] --> tofaliraru appeared
[cipenugufa:   02.12.2021, 17:17:05] --> TEpUiV appeared
[cipenugufa:   02.12.2021, 17:18:06] --> firokalezo appeared
[cipenugufa:   02.12.2021, 17:18:13] --> fafenoniguvo appeared
[cipenugufa:   02.12.2021, 17:18:21] --> fafenoniguvo appeared
[cipenugufa:   02.12.2021, 17:18:23] --> fafenoniguvo appeared
[cipenugufa:   02.12.2021, 17:18:25] --> fafenoniguvo appeared
[cipenugufa:   02.12.2021, 17:19:44] --> heweziwumus appeared
[cipenugufa:   02.12.2021, 17:20:29] --> fafenoniguvo appeared
[cipenugufa:   02.12.2021, 17:20:52] --> gerarinagizu appeared
[cipenugufa:   02.12.2021, 17:21:32] --> firokalezo appeared
[cipenugufa:   02.12.2021, 17:23:21] --> tofaliraru appeared
[cipenugufa:   02.12.2021, 17:23:23] --> tofaliraru appeared
[cipenugufa:   02.12.2021, 17:24:46] --> heweziwumus appeared
[cipenugufa:   02.12.2021, 17:25:15] --> tofaliraru appeared
[cipenugufa:   02.12.2021, 17:25:21] --> tofaliraru appeared
[cipenugufa:   02.12.2021, 17:26:24] --> tofaliraru appeared
[cipenugufa:   02.12.2021, 17:26:45] --> tofaliraru appeared
[cipenugufa:   02.12.2021, 17:27:00] --> tofaliraru appeared
[cipenugufa:   02.12.2021, 17:27:34] --> fafenoniguvo appeared
[cipenugufa:   02.12.2021, 17:27:41] --> tofaliraru appeared
[cipenugufa:   02.12.2021, 17:29:02] --> fafenoniguvo appeared
[cipenugufa:   02.12.2021, 17:30:08] --> TEpUiV appeared
[cipenugufa:   02.12.2021, 17:30:51] --> fafenoniguvo appeared
[cipenugufa:   02.12.2021, 17:31:04] --> fafenoniguvo appeared
[cipenugufa:   02.12.2021, 17:31:28] --> firokalezo appeared
[cipenugufa:   02.12.2021, 17:31:51] --> TEpUiV appeared
[cipenugufa:   02.12.2021, 17:32:46] --> fafenoniguvo appeared
[cipenugufa:   02.12.2021, 17:33:04] --> tofaliraru appeared
[cipenugufa:   02.12.2021, 17:33:06] --> tofaliraru appeared
[cipenugufa:   02.12.2021, 17:33:45] --> TEpUiV appeared
[cipenugufa:   02.12.2021, 17:34:31] --> firokalezo appeared
[cipenugufa:   02.12.2021, 17:34:52] --> TEpUiV appeared
[cipenugufa:   02.12.2021, 17:36:02] --> tofaliraru appeared
[cipenugufa:   02.12.2021, 17:36:43] --> firokalezo appeared
[cipenugufa:   02.12.2021, 17:37:22] --> firokalezo appeared
[cipenugufa:   02.12.2021, 17:37:41] --> tofaliraru appeared
[cipenugufa:   02.12.2021, 17:37:46] --> firokalezo appeared
[cipenugufa:   02.12.2021, 17:38:03] --> tofaliraru appeared
[cipenugufa:   02.12.2021, 17:38:53] --> tofaliraru appeared
[cipenugufa:   02.12.2021, 17:39:25] --> tofaliraru appeared
[cipenugufa:   02.12.2021, 17:40:07] --> tofaliraru appeared
[cipenugufa:   02.12.2021, 17:40:20] --> tofaliraru appeared
[cipenugufa:   02.12.2021, 17:40:27] --> TEpUiV appeared
[cipenugufa:   02.12.2021, 17:41:09] --> TEpUiV appeared
[cipenugufa:   02.12.2021, 17:41:33] --> firokalezo appeared
[cipenugufa:   02.12.2021, 17:41:50] --> tofaliraru appeared
[cipenugufa:   02.12.2021, 17:41:55] --> firokalezo appeared
[cipenugufa:   02.12.2021, 17:43:53] --> tofaliraru appeared
[cipenugufa:   02.12.2021, 17:44:32] --> tofaliraru appeared
[cipenugufa:   02.12.2021, 17:44:58] --> tofaliraru appeared
[cipenugufa:   02.12.2021, 17:45:09] --> tofaliraru appeared
[cipenugufa:   02.12.2021, 17:46:15] --> tofaliraru appeared
[cipenugufa:   02.12.2021, 17:46:32] --> firokalezo appeared
[cipenugufa:   02.12.2021, 17:47:37] --> tofaliraru appeared
[cipenugufa:   02.12.2021, 17:47:56] --> firokalezo appeared
[cipenugufa:   02.12.2021, 17:48:31] --> tofaliraru appeared
[cipenugufa:   02.12.2021, 17:48:41] --> tofaliraru appeared
[cipenugufa:   02.12.2021, 17:50:06] --> tofaliraru appeared
[cipenugufa:   02.12.2021, 17:51:34] --> firokalezo appeared
[cipenugufa:   02.12.2021, 17:53:32] --> heweziwumus appeared
[cipenugufa:   02.12.2021, 17:53:52] --> tofaliraru appeared
[cipenugufa:   02.12.2021, 17:54:35] --> tofaliraru appeared
[cipenugufa:   02.12.2021, 17:55:32] --> TEpUiV appeared
[cipenugufa:   02.12.2021, 17:56:12] --> TEpUiV appeared
[cipenugufa:   02.12.2021, 17:56:33] --> firokalezo appeared
[cipenugufa:   02.12.2021, 17:56:54] --> tofaliraru appeared
[cipenugufa:   02.12.2021, 17:57:15] --> TEpUiV appeared
[cipenugufa:   02.12.2021, 17:57:39] --> firokalezo appeared
[cipenugufa:   02.12.2021, 17:57:55] --> TEpUiV appeared
[cipenugufa:   02.12.2021, 17:58:09] --> TEpUiV appeared
[cipenugufa:   02.12.2021, 17:58:39] --> tofaliraru appeared
[cipenugufa:   02.12.2021, 17:58:51] --> tofaliraru appeared
[cipenugufa:   02.12.2021, 17:59:17] --> TEpUiV appeared
[cipenugufa:   02.12.2021, 18:00:48] --> firokalezo appeared
[cipenugufa:   02.12.2021, 18:01:16] --> tofaliraru appeared
[cipenugufa:   02.12.2021, 18:01:36] --> firokalezo appeared
[cipenugufa:   02.12.2021, 18:02:10] --> firokalezo appeared
[cipenugufa:   02.12.2021, 18:02:20] --> tofaliraru appeared
[cipenugufa:   02.12.2021, 18:02:40] --> tofaliraru appeared
[cipenugufa:   02.12.2021, 18:02:52] --> firokalezo appeared
[cipenugufa:   02.12.2021, 18:03:03] --> gerarinagizu appeared
[cipenugufa:   02.12.2021, 18:03:57] --> tofaliraru appeared
[cipenugufa:   02.12.2021, 18:04:17] --> tofaliraru appeared
[cipenugufa:   02.12.2021, 18:04:37] --> firokalezo appeared
[cipenugufa:   02.12.2021, 18:04:57] --> tofaliraru appeared
[cipenugufa:   02.12.2021, 18:05:17] --> firokalezo appeared
[cipenugufa:   02.12.2021, 18:05:34] --> tofaliraru appeared
[cipenugufa:   02.12.2021, 18:05:44] --> tofaliraru appeared
[cipenugufa:   02.12.2021, 18:06:34] --> tofaliraru appeared
[cipenugufa:   02.12.2021, 18:07:12] --> firokalezo appeared
[cipenugufa:   02.12.2021, 18:07:35] --> tofaliraru appeared
[cipenugufa:   02.12.2021, 18:08:00] --> tofaliraru appeared
[cipenugufa:   02.12.2021, 18:08:11] --> tofaliraru appeared
[cipenugufa:   02.12.2021, 18:08:14] --> tofaliraru appeared
[cipenugufa:   02.12.2021, 18:08:21] --> tofaliraru appeared
[cipenugufa:   02.12.2021, 18:10:16] --> tofaliraru appeared
[cipenugufa:   02.12.2021, 18:10:39] --> tofaliraru appeared
[cipenugufa:   02.12.2021, 18:11:43] --> tofaliraru appeared
[cipenugufa:   02.12.2021, 18:12:46] --> gerarinagizu appeared
[cipenugufa:   02.12.2021, 18:13:17] --> kukosefekihe appeared
[cipenugufa:   02.12.2021, 18:14:44] --> TEpUiV appeared
[cipenugufa:   02.12.2021, 18:15:52] --> tofaliraru appeared
[cipenugufa:   02.12.2021, 18:19:17] --> tofaliraru appeared
[cipenugufa:   02.12.2021, 18:19:23] --> tofaliraru appeared
[cipenugufa:   02.12.2021, 18:20:53] --> firokalezo appeared
[cipenugufa:   02.12.2021, 18:22:45] --> gerarinagizu appeared
[cipenugufa:   02.12.2021, 18:26:35] --> firokalezo appeared
[cipenugufa:   02.12.2021, 18:29:20] --> firokalezo appeared
[cipenugufa:   02.12.2021, 18:29:48] --> TEpUiV appeared
[cipenugufa:   02.12.2021, 18:29:51] --> zezupufozu appeared
[cipenugufa:   02.12.2021, 18:30:04] --> firokalezo appeared
[cipenugufa:   02.12.2021, 18:31:38] --> firokalezo appeared
[cipenugufa:   02.12.2021, 18:36:28] --> businukepu appeared
[cipenugufa:   02.12.2021, 18:39:23] --> firokalezo appeared
[cipenugufa:   02.12.2021, 18:40:53] --> firokalezo appeared
[cipenugufa:   02.12.2021, 18:41:14] --> kukosefekihe appeared
[cipenugufa:   02.12.2021, 18:42:43] --> firokalezo appeared
[cipenugufa:   02.12.2021, 18:43:57] --> firokalezo appeared
[cipenugufa:   02.12.2021, 18:45:56] --> firokalezo appeared
[cipenugufa:   02.12.2021, 18:46:47] --> TEpUiV appeared
[cipenugufa:   02.12.2021, 18:47:16] --> tofaliraru appeared
[cipenugufa:   02.12.2021, 18:48:42] --> firokalezo appeared
[cipenugufa:   02.12.2021, 18:49:56] --> firokalezo appeared
[cipenugufa:   02.12.2021, 18:50:42] --> tofaliraru appeared
[cipenugufa:   02.12.2021, 18:53:49] --> tofaliraru appeared
[cipenugufa:   02.12.2021, 18:54:10] --> heweziwumus appeared
[cipenugufa:   02.12.2021, 18:55:52] --> zezupufozu appeared
[cipenugufa:   02.12.2021, 18:56:08] --> 5street38 appeared
[cipenugufa:   02.12.2021, 18:56:35] --> tofaliraru appeared
[cipenugufa:   02.12.2021, 18:57:24] --> tofaliraru appeared
[cipenugufa:   02.12.2021, 18:57:50] --> 5street38 appeared
[cipenugufa:   02.12.2021, 18:59:00] --> firokalezo appeared
[cipenugufa:   02.12.2021, 19:00:19] --> firokalezo appeared
[cipenugufa:   02.12.2021, 19:01:08] --> 5street38 appeared
[cipenugufa:   02.12.2021, 19:01:56] --> zezupufozu appeared
[cipenugufa:   02.12.2021, 19:05:53] --> firokalezo appeared
[cipenugufa:   02.12.2021, 19:07:25] --> TEpUiV appeared
[cipenugufa:   02.12.2021, 19:08:18] --> TEpUiV appeared
[cipenugufa:   02.12.2021, 19:09:13] --> tofaliraru appeared
[cipenugufa:   02.12.2021, 19:09:40] --> firokalezo appeared
[cipenugufa:   02.12.2021, 19:09:59] --> TEpUiV appeared
[cipenugufa:   02.12.2021, 19:10:29] --> TEpUiV appeared
[cipenugufa:   02.12.2021, 19:13:38] --> firokalezo appeared
[cipenugufa:   02.12.2021, 19:13:45] --> tofaliraru appeared
[cipenugufa:   02.12.2021, 19:14:09] --> firokalezo appeared
[cipenugufa:   02.12.2021, 19:14:58] --> firokalezo appeared
[cipenugufa:   02.12.2021, 19:15:29] --> tofaliraru appeared
[cipenugufa:   02.12.2021, 19:15:50] --> kukosefekihe appeared
[cipenugufa:   02.12.2021, 19:16:18] --> heveboweme appeared
[cipenugufa:   02.12.2021, 19:17:36] --> firokalezo appeared
[cipenugufa:   02.12.2021, 19:18:32] --> tofaliraru appeared
[cipenugufa:   02.12.2021, 19:18:56] --> firokalezo appeared
[cipenugufa:   02.12.2021, 19:19:51] --> firokalezo appeared
[cipenugufa:   02.12.2021, 19:20:25] --> firokalezo appeared
[cipenugufa:   02.12.2021, 19:20:43] --> kukosefekihe appeared
[cipenugufa:   02.12.2021, 19:21:05] --> kukosefekihe appeared
[cipenugufa:   02.12.2021, 19:21:38] --> heveboweme appeared
[cipenugufa:   02.12.2021, 19:22:19] --> kukosefekihe appeared
[cipenugufa:   02.12.2021, 19:22:34] --> firokalezo appeared
[cipenugufa:   02.12.2021, 19:22:53] --> firokalezo appeared
[cipenugufa:   02.12.2021, 19:23:00] --> firokalezo appeared
[cipenugufa:   02.12.2021, 19:24:03] --> gerarinagizu appeared
[cipenugufa:   02.12.2021, 19:24:22] --> firokalezo appeared
[cipenugufa:   02.12.2021, 19:24:35] --> tofaliraru appeared
[cipenugufa:   02.12.2021, 19:24:40] --> tofaliraru appeared
[cipenugufa:   02.12.2021, 19:24:44] --> tofaliraru appeared
[cipenugufa:   02.12.2021, 19:25:14] --> tofaliraru appeared
[cipenugufa:   02.12.2021, 19:26:30] --> tofaliraru appeared
[cipenugufa:   02.12.2021, 19:26:39] --> tofaliraru appeared
[cipenugufa:   02.12.2021, 19:29:20] --> tofaliraru appeared
[cipenugufa:   02.12.2021, 19:30:04] --> heweziwumus appeared
[cipenugufa:   02.12.2021, 19:30:41] --> tofaliraru appeared
[cipenugufa:   02.12.2021, 19:30:59] --> firokalezo appeared
[cipenugufa:   02.12.2021, 19:31:57] --> tofaliraru appeared
[cipenugufa:   02.12.2021, 19:32:26] --> firokalezo appeared
[cipenugufa:   02.12.2021, 19:32:27] --> firokalezo appeared
[cipenugufa:   02.12.2021, 19:32:53] --> tofaliraru appeared
[cipenugufa:   02.12.2021, 19:33:46] --> tofaliraru appeared
[cipenugufa:   02.12.2021, 19:34:35] --> tofaliraru appeared
[cipenugufa:   02.12.2021, 19:34:38] --> tofaliraru appeared
[cipenugufa:   02.12.2021, 19:35:02] --> tofaliraru appeared
[cipenugufa:   02.12.2021, 19:35:36] --> tofaliraru appeared
[cipenugufa:   02.12.2021, 19:36:31] --> ziverefemof appeared
[cipenugufa:   02.12.2021, 19:36:58] --> kukosefekihe appeared
[cipenugufa:   02.12.2021, 19:37:11] --> tofaliraru appeared
[cipenugufa:   02.12.2021, 19:38:52] --> tofaliraru appeared
[cipenugufa:   02.12.2021, 19:40:24] --> tofaliraru appeared
[cipenugufa:   02.12.2021, 19:40:52] --> tofaliraru appeared
[cipenugufa:   02.12.2021, 19:42:07] --> kukosefekihe appeared
[cipenugufa:   02.12.2021, 19:42:11] --> tofaliraru appeared
[cipenugufa:   02.12.2021, 19:42:38] --> tofaliraru appeared
[cipenugufa:   02.12.2021, 19:43:02] --> tofaliraru appeared
[cipenugufa:   02.12.2021, 19:43:54] --> ziverefemof appeared
[cipenugufa:   02.12.2021, 19:44:33] --> tofaliraru appeared
[cipenugufa:   02.12.2021, 19:44:43] --> kukosefekihe appeared
[cipenugufa:   02.12.2021, 19:46:29] --> ziverefemof appeared
[cipenugufa:   02.12.2021, 19:47:48] --> tofaliraru appeared
[cipenugufa:   02.12.2021, 19:49:25] --> firokalezo appeared
[cipenugufa:   02.12.2021, 19:51:20] --> tofaliraru appeared
[cipenugufa:   02.12.2021, 19:52:35] --> tofaliraru appeared
[cipenugufa:   02.12.2021, 19:54:19] --> tofaliraru appeared
[cipenugufa:   02.12.2021, 19:56:50] --> firokalezo appeared
[cipenugufa:   02.12.2021, 19:57:27] --> tofaliraru appeared
[cipenugufa:   02.12.2021, 19:57:50] --> tofaliraru appeared
[cipenugufa:   02.12.2021, 19:58:17] --> tofaliraru appeared
[cipenugufa:   02.12.2021, 19:58:39] --> vehizugikesa appeared
[cipenugufa:   02.12.2021, 19:59:07] --> heveboweme appeared
[cipenugufa:   02.12.2021, 19:59:17] --> tofaliraru appeared
[cipenugufa:   02.12.2021, 20:00:33] --> tofaliraru appeared
[cipenugufa:   02.12.2021, 20:00:38] --> tofaliraru appeared
[cipenugufa:   02.12.2021, 20:02:23] --> firokalezo appeared
[cipenugufa:   02.12.2021, 20:02:55] --> firokalezo appeared
[cipenugufa:   02.12.2021, 20:04:22] --> vehizugikesa appeared
[cipenugufa:   02.12.2021, 20:04:43] --> firokalezo appeared
[cipenugufa:   02.12.2021, 20:06:43] --> tofaliraru appeared
[cipenugufa:   02.12.2021, 20:10:26] --> firokalezo appeared
[cipenugufa:   02.12.2021, 20:11:23] --> Character got kick
[cipenugufa:   02.12.2021, 20:12:12] --> gerarinagizu appeared
[cipenugufa:   02.12.2021, 20:12:26] --> 5street38 appeared
[cipenugufa:   02.12.2021, 20:13:05] --> Character got kick
[cipenugufa:   02.12.2021, 20:13:12] --> Character got kick
[cipenugufa:   02.12.2021, 20:13:19] --> kukosefekihe appeared
[cipenugufa:   02.12.2021, 20:15:47] --> tofaliraru appeared
[cipenugufa:   02.12.2021, 20:18:04] --> vehizugikesa appeared
[cipenugufa:   02.12.2021, 20:18:57] --> tofaliraru appeared
[cipenugufa:   02.12.2021, 20:19:58] --> tofaliraru appeared
[cipenugufa:   02.12.2021, 20:20:43] --> firokalezo appeared
[cipenugufa:   02.12.2021, 20:21:02] --> tofaliraru appeared
[cipenugufa:   02.12.2021, 20:21:29] --> Character got kick
[cipenugufa:   02.12.2021, 20:22:38] --> 5street38 appeared
[cipenugufa:   02.12.2021, 20:23:57] --> tofaliraru appeared
[cipenugufa:   02.12.2021, 20:25:14] --> heveboweme appeared
[cipenugufa:   02.12.2021, 20:25:54] --> kukosefekihe appeared
[cipenugufa:   02.12.2021, 20:26:35] --> kukosefekihe appeared
[cipenugufa:   02.12.2021, 20:26:56] --> tofaliraru appeared
[cipenugufa:   02.12.2021, 20:30:14] --> vehizugikesa appeared
[cipenugufa:   02.12.2021, 20:31:12] --> 9obtain09 appeared
[cipenugufa:   02.12.2021, 20:32:29] --> tofaliraru appeared
[cipenugufa:   02.12.2021, 20:33:46] --> vehizugikesa appeared
[cipenugufa:   02.12.2021, 20:34:49] --> tofaliraru appeared
[cipenugufa:   02.12.2021, 20:35:04] --> tofaliraru appeared
[cipenugufa:   02.12.2021, 20:38:51] --> Character got kick
[cipenugufa:   02.12.2021, 20:39:35] --> Character got kick
[cipenugufa:   02.12.2021, 20:41:39] --> firokalezo appeared
[cipenugufa:   02.12.2021, 20:42:15] --> tofaliraru appeared
[cipenugufa:   02.12.2021, 20:44:53] --> kukosefekihe appeared
[cipenugufa:   02.12.2021, 20:46:28] --> Character got kick
[cipenugufa:   02.12.2021, 20:47:41] --> tofaliraru appeared
[cipenugufa:   02.12.2021, 20:49:03] --> kukosefekihe appeared
[cipenugufa:   02.12.2021, 20:50:59] --> tofaliraru appeared
[cipenugufa:   02.12.2021, 20:51:41] --> tofaliraru appeared
[cipenugufa:   02.12.2021, 20:52:00] --> tofaliraru appeared
[cipenugufa:   02.12.2021, 20:53:20] --> tofaliraru appeared
[cipenugufa:   02.12.2021, 20:53:57] --> tofaliraru appeared
[cipenugufa:   02.12.2021, 20:55:37] --> 9obtain09 appeared
[cipenugufa:   02.12.2021, 20:57:16] --> tofaliraru appeared
[cipenugufa:   02.12.2021, 20:59:26] --> kukosefekihe appeared
[cipenugufa:   02.12.2021, 21:00:31] --> tofaliraru appeared
[cipenugufa:   02.12.2021, 21:00:48] --> 9obtain09 appeared
[cipenugufa:   02.12.2021, 21:02:59] --> tofaliraru appeared
[cipenugufa:   02.12.2021, 21:03:03] --> 9obtain09 appeared
[cipenugufa:   02.12.2021, 21:06:05] --> tofaliraru appeared
[cipenugufa:   02.12.2021, 21:08:37] --> 9obtain09 appeared
[cipenugufa:   02.12.2021, 21:12:36] --> tofaliraru appeared
[cipenugufa:   02.12.2021, 21:15:13] --> 9obtain09 appeared
[cipenugufa:   02.12.2021, 21:15:32] --> bavizocivoc appeared
[cipenugufa:   02.12.2021, 21:16:32] --> gerarinagizu appeared
[cipenugufa:   02.12.2021, 21:17:32] --> firokalezo appeared
[cipenugufa:   02.12.2021, 21:17:51] --> tofaliraru appeared
[cipenugufa:   02.12.2021, 21:18:49] --> firokalezo appeared
[cipenugufa:   02.12.2021, 21:21:09] --> tofaliraru appeared
[cipenugufa:   02.12.2021, 21:21:49] --> kukosefekihe appeared
[cipenugufa:   02.12.2021, 21:24:27] --> tofaliraru appeared
[cipenugufa:   02.12.2021, 21:28:27] --> tofaliraru appeared
[cipenugufa:   02.12.2021, 21:28:41] --> tofaliraru appeared
[cipenugufa:   02.12.2021, 21:30:44] --> Bot successfully started
[cipenugufa:   02.12.2021, 21:30:45] --> 9obtain09 appeared
[cipenugufa:   02.12.2021, 21:31:40] --> heveboweme appeared
[cipenugufa:   02.12.2021, 21:31:52] --> Character was kicked from the bot, reason: Character was walking
[cipenugufa:   02.12.2021, 21:31:57] --> gigupimevuw appeared
[cipenugufa:   02.12.2021, 21:42:08] --> Character went to get Skills
[cipenugufa:   02.12.2021, 21:42:12] --> Character got kick
[cipenugufa:   02.12.2021, 21:42:29] --> Character was kicked from the bot, reason: Character was walking
[cipenugufa:   02.12.2021, 21:42:34] --> mobbapier appeared
[cipenugufa:   02.12.2021, 21:43:06] --> Character was kicked from the bot, reason: Character was walking
[cipenugufa:   02.12.2021, 21:43:10] --> gigupimevuw appeared
[cipenugufa:   02.12.2021, 21:49:50] --> Changing into CH2
[cipenugufa:   02.12.2021, 21:49:58] --> heweziwumus appeared
[cipenugufa:   02.12.2021, 22:10:01] --> Bot successfully started
[cipenugufa:   02.12.2021, 22:10:01] --> mudihubuvu appeared
[cipenugufa:   02.12.2021, 22:10:22] --> Character was kicked from the bot, reason: Character was walking
[cipenugufa:   02.12.2021, 22:10:48] --> XxStefania appeared
[cipenugufa:   02.12.2021, 22:10:56] --> Character was kicked from the bot, reason: Character was walking
[cipenugufa:   02.12.2021, 22:11:38] --> Character got kick
[cipenugufa:   02.12.2021, 22:11:56] --> tofaliraru appeared
[cipenugufa:   02.12.2021, 22:13:30] --> 9obtain09 appeared
[cipenugufa:   02.12.2021, 22:13:56] --> kukosefekihe appeared
[cipenugufa:   02.12.2021, 22:14:53] --> 9obtain09 appeared
[cipenugufa:   02.12.2021, 22:15:54] --> fizafucezar appeared
[cipenugufa:   02.12.2021, 22:16:17] --> 9obtain09 appeared
[cipenugufa:   02.12.2021, 22:16:32] --> fizafucezar appeared
[cipenugufa:   02.12.2021, 22:17:14] --> tofaliraru appeared
[cipenugufa:   02.12.2021, 22:18:37] --> tofaliraru appeared
[cipenugufa:   02.12.2021, 22:18:52] --> tofaliraru appeared
[cipenugufa:   02.12.2021, 22:20:30] --> heweziwumus appeared
[cipenugufa:   02.12.2021, 22:21:13] --> tofaliraru appeared
[cipenugufa:   02.12.2021, 22:24:01] --> Character got kick
[cipenugufa:   02.12.2021, 22:24:39] --> 9obtain09 appeared
[cipenugufa:   02.12.2021, 22:25:18] --> 9obtain09 appeared
[cipenugufa:   02.12.2021, 22:25:58] --> 9obtain09 appeared
[cipenugufa:   02.12.2021, 22:27:18] --> fizafucezar appeared
[cipenugufa:   02.12.2021, 22:28:24] --> 5street38 appeared
[cipenugufa:   02.12.2021, 22:28:32] --> kukosefekihe appeared
[cipenugufa:   02.12.2021, 22:32:21] --> kukosefekihe appeared
[cipenugufa:   02.12.2021, 22:33:20] --> kukosefekihe appeared
[cipenugufa:   02.12.2021, 22:33:39] --> tofaliraru appeared
[cipenugufa:   02.12.2021, 22:35:01] --> tofaliraru appeared
[cipenugufa:   02.12.2021, 22:35:16] --> kukosefekihe appeared
[cipenugufa:   02.12.2021, 22:36:15] --> tofaliraru appeared
[cipenugufa:   02.12.2021, 22:37:34] --> 9obtain09 appeared
[cipenugufa:   02.12.2021, 22:37:50] --> heweziwumus appeared
[cipenugufa:   02.12.2021, 22:38:38] --> tofaliraru appeared
[cipenugufa:   02.12.2021, 22:38:44] --> 9obtain09 appeared
[cipenugufa:   02.12.2021, 22:40:11] --> kukosefekihe appeared
[cipenugufa:   02.12.2021, 22:40:29] --> 9obtain09 appeared
[cipenugufa:   02.12.2021, 22:40:53] --> heveboweme appeared
[cipenugufa:   02.12.2021, 22:42:11] --> tofaliraru appeared
[cipenugufa:   02.12.2021, 22:42:37] --> kukosefekihe appeared
[cipenugufa:   02.12.2021, 22:42:46] --> 9obtain09 appeared
[cipenugufa:   02.12.2021, 22:43:30] --> tofaliraru appeared
[cipenugufa:   02.12.2021, 22:43:44] --> tofaliraru appeared
[cipenugufa:   02.12.2021, 22:43:49] --> kukosefekihe appeared
[cipenugufa:   02.12.2021, 22:44:10] --> tofaliraru appeared
[cipenugufa:   02.12.2021, 22:44:27] --> kukosefekihe appeared
[cipenugufa:   02.12.2021, 22:44:50] --> tofaliraru appeared
[cipenugufa:   02.12.2021, 22:45:49] --> tofaliraru appeared
[cipenugufa:   02.12.2021, 22:46:48] --> tofaliraru appeared
[cipenugufa:   02.12.2021, 22:47:50] --> tofaliraru appeared
[cipenugufa:   02.12.2021, 22:48:08] --> tofaliraru appeared
[cipenugufa:   02.12.2021, 22:48:48] --> 9obtain09 appeared
[cipenugufa:   02.12.2021, 22:49:30] --> 9obtain09 appeared
[cipenugufa:   02.12.2021, 22:49:47] --> tofaliraru appeared
[cipenugufa:   02.12.2021, 22:50:23] --> heweziwumus appeared
[cipenugufa:   02.12.2021, 22:50:27] --> tofaliraru appeared
[cipenugufa:   02.12.2021, 22:50:45] --> tofaliraru appeared
[cipenugufa:   02.12.2021, 22:51:25] --> tofaliraru appeared
[cipenugufa:   02.12.2021, 22:52:45] --> kukosefekihe appeared
[cipenugufa:   02.12.2021, 22:53:21] --> 9obtain09 appeared
[cipenugufa:   02.12.2021, 22:53:59] --> heveboweme appeared
[cipenugufa:   02.12.2021, 22:54:20] --> 9obtain09 appeared
[cipenugufa:   02.12.2021, 22:54:58] --> 9obtain09 appeared
[cipenugufa:   02.12.2021, 22:55:18] --> kukosefekihe appeared
[cipenugufa:   02.12.2021, 22:55:57] --> 9obtain09 appeared
[cipenugufa:   02.12.2021, 22:56:16] --> tofaliraru appeared
[cipenugufa:   02.12.2021, 22:57:19] --> tofaliraru appeared
[cipenugufa:   02.12.2021, 22:58:36] --> kukosefekihe appeared
[cipenugufa:   02.12.2021, 22:58:43] --> tofaliraru appeared
[cipenugufa:   02.12.2021, 23:00:19] --> tofaliraru appeared
[cipenugufa:   02.12.2021, 23:00:21] --> heweziwumus appeared
[cipenugufa:   02.12.2021, 23:01:58] --> tofaliraru appeared
[cipenugufa:   02.12.2021, 23:02:16] --> tofaliraru appeared
[cipenugufa:   02.12.2021, 23:02:33] --> 9obtain09 appeared
[cipenugufa:   02.12.2021, 23:03:13] --> 5street38 appeared
[cipenugufa:   02.12.2021, 23:05:29] --> tofaliraru appeared
[cipenugufa:   02.12.2021, 23:06:40] --> tofaliraru appeared
[cipenugufa:   02.12.2021, 23:07:19] --> kukosefekihe appeared
[cipenugufa:   02.12.2021, 23:08:49] --> tofaliraru appeared
[cipenugufa:   02.12.2021, 23:08:52] --> kukosefekihe appeared
[cipenugufa:   02.12.2021, 23:09:10] --> pfGufF appeared
[cipenugufa:   02.12.2021, 23:09:54] --> 5street38 appeared
[cipenugufa:   02.12.2021, 23:10:35] --> kukosefekihe appeared
[cipenugufa:   02.12.2021, 23:12:33] --> heveboweme appeared
[cipenugufa:   02.12.2021, 23:12:56] --> tofaliraru appeared
[cipenugufa:   02.12.2021, 23:13:31] --> tofaliraru appeared
[cipenugufa:   02.12.2021, 23:18:16] --> Character got kick
[cipenugufa:   02.12.2021, 23:18:42] --> kukosefekihe appeared
[cipenugufa:   02.12.2021, 23:19:05] --> tofaliraru appeared
[cipenugufa:   02.12.2021, 23:20:45] --> pfGufF appeared
[cipenugufa:   02.12.2021, 23:21:32] --> pfGufF appeared
[cipenugufa:   02.12.2021, 23:21:55] --> hxLBvU appeared
[cipenugufa:   02.12.2021, 23:22:50] --> kukosefekihe appeared
[cipenugufa:   02.12.2021, 23:23:39] --> kukosefekihe appeared
[cipenugufa:   02.12.2021, 23:25:37] --> tofaliraru appeared
[cipenugufa:   02.12.2021, 23:26:21] --> tofaliraru appeared
[cipenugufa:   02.12.2021, 23:26:57] --> 9obtain09 appeared
[cipenugufa:   02.12.2021, 23:27:43] --> pfGufF appeared
[cipenugufa:   02.12.2021, 23:28:15] --> tofaliraru appeared
[cipenugufa:   02.12.2021, 23:29:13] --> tofaliraru appeared
[cipenugufa:   02.12.2021, 23:29:54] --> hxLBvU appeared
[cipenugufa:   02.12.2021, 23:30:11] --> heveboweme appeared
[cipenugufa:   02.12.2021, 23:30:32] --> tofaliraru appeared
[cipenugufa:   02.12.2021, 23:30:52] --> 9obtain09 appeared
[cipenugufa:   02.12.2021, 23:32:13] --> tofaliraru appeared
[cipenugufa:   02.12.2021, 23:32:53] --> tofaliraru appeared
[cipenugufa:   02.12.2021, 23:33:37] --> tofaliraru appeared
[cipenugufa:   02.12.2021, 23:33:52] --> tofaliraru appeared
[cipenugufa:   02.12.2021, 23:34:11] --> heweziwumus appeared
[cipenugufa:   02.12.2021, 23:42:45] --> Character got kick
[cipenugufa:   02.12.2021, 23:45:27] --> hxLBvU appeared
[cipenugufa:   02.12.2021, 23:49:34] --> 9obtain09 appeared
[cipenugufa:   02.12.2021, 23:50:43] --> pfGufF appeared
[cipenugufa:   02.12.2021, 23:51:02] --> tofaliraru appeared
[cipenugufa:   02.12.2021, 23:51:20] --> tanevukinec appeared
[cipenugufa:   02.12.2021, 23:51:59] --> pfGufF appeared
[cipenugufa:   02.12.2021, 23:52:07] --> tofaliraru appeared
[cipenugufa:   02.12.2021, 23:52:19] --> pfGufF appeared
[cipenugufa:   02.12.2021, 23:53:28] --> 9obtain09 appeared
[cipenugufa:   02.12.2021, 23:53:42] --> tanevukinec appeared
[cipenugufa:   02.12.2021, 23:55:43] --> tanevukinec appeared
[cipenugufa:   02.12.2021, 23:55:49] --> kukosefekihe appeared
[cipenugufa:   02.12.2021, 23:57:17] --> kukosefekihe appeared
[cipenugufa:   02.12.2021, 23:59:33] --> hxLBvU appeared
[cipenugufa:   03.12.2021, 00:01:28] --> tofaliraru appeared
[cipenugufa:   03.12.2021, 00:03:10] --> tofaliraru appeared
[cipenugufa:   03.12.2021, 00:04:07] --> tofaliraru appeared
[cipenugufa:   03.12.2021, 00:05:10] --> tofaliraru appeared
[cipenugufa:   03.12.2021, 00:05:42] --> fikosekifak appeared
[cipenugufa:   03.12.2021, 00:06:10] --> tofaliraru appeared
[cipenugufa:   03.12.2021, 00:06:13] --> hxLBvU appeared
[cipenugufa:   03.12.2021, 00:07:40] --> 9obtain09 appeared
[cipenugufa:   03.12.2021, 00:08:30] --> tofaliraru appeared
[cipenugufa:   03.12.2021, 00:11:09] --> kukosefekihe appeared
[cipenugufa:   03.12.2021, 00:14:25] --> hxLBvU appeared
[cipenugufa:   03.12.2021, 00:15:10] --> tofaliraru appeared
[cipenugufa:   03.12.2021, 00:16:20] --> kukosefekihe appeared
[cipenugufa:   03.12.2021, 00:17:58] --> kukosefekihe appeared
[cipenugufa:   03.12.2021, 00:18:58] --> hxLBvU appeared
[cipenugufa:   03.12.2021, 00:20:16] --> 5street38 appeared
[cipenugufa:   03.12.2021, 00:21:36] --> hxLBvU appeared
[cipenugufa:   03.12.2021, 00:22:06] --> Character got kick
[cipenugufa:   03.12.2021, 00:23:02] --> fikosekifak appeared
[cipenugufa:   03.12.2021, 00:23:14] --> Character got kick
[cipenugufa:   03.12.2021, 00:25:53] --> Bot successfully started
[cipenugufa:   03.12.2021, 00:25:53] --> 9obtain09 appeared
[cipenugufa:   03.12.2021, 00:26:15] --> fikosekifak appeared
[cipenugufa:   03.12.2021, 00:28:13] --> 9obtain09 appeared
[cipenugufa:   03.12.2021, 00:28:40] --> fikosekifak appeared
[cipenugufa:   03.12.2021, 00:29:20] --> Character got kick
[cipenugufa:   03.12.2021, 00:31:59] --> Bot successfully started
[cipenugufa:   03.12.2021, 00:31:59] --> 9obtain09 appeared
[cipenugufa:   03.12.2021, 00:32:53] --> 9obtain09 appeared
[cipenugufa:   03.12.2021, 00:34:47] --> tofaliraru appeared
[cipenugufa:   03.12.2021, 00:35:44] --> pfGufF appeared
[cipenugufa:   03.12.2021, 00:36:26] --> Character got kick
[cipenugufa:   03.12.2021, 00:36:33] --> Character got kick
[cipenugufa:   03.12.2021, 00:36:40] --> 5street38 appeared
[cipenugufa:   03.12.2021, 00:36:44] --> heweziwumus appeared
[cipenugufa:   03.12.2021, 00:37:47] --> kukosefekihe appeared
[cipenugufa:   03.12.2021, 00:38:24] --> pfGufF appeared
[cipenugufa:   03.12.2021, 00:38:48] --> 9obtain09 appeared
[cipenugufa:   03.12.2021, 00:40:07] --> 9obtain09 appeared
[cipenugufa:   03.12.2021, 00:40:46] --> kukosefekihe appeared
[cipenugufa:   03.12.2021, 00:44:04] --> Character got kick
[cipenugufa:   03.12.2021, 00:44:13] --> Character got kick
[cipenugufa:   03.12.2021, 00:47:15] --> hxLBvU appeared
[cipenugufa:   03.12.2021, 00:48:37] --> heweziwumus appeared
[cipenugufa:   03.12.2021, 00:49:34] --> kukosefekihe appeared
[cipenugufa:   03.12.2021, 00:49:39] --> kukosefekihe appeared
[cipenugufa:   03.12.2021, 00:49:50] --> heveboweme appeared
[cipenugufa:   03.12.2021, 00:49:52] --> heweziwumus appeared
[cipenugufa:   03.12.2021, 00:50:54] --> tofaliraru appeared
[cipenugufa:   03.12.2021, 00:52:14] --> tofaliraru appeared
[cipenugufa:   03.12.2021, 00:52:38] --> Character got kick
[cipenugufa:   03.12.2021, 00:53:11] --> tofaliraru appeared
[cipenugufa:   03.12.2021, 00:54:35] --> tofaliraru appeared
[cipenugufa:   03.12.2021, 00:55:48] --> heveboweme appeared
[cipenugufa:   03.12.2021, 00:56:34] --> gerarinagizu appeared
[cipenugufa:   03.12.2021, 00:57:13] --> tofaliraru appeared
[cipenugufa:   03.12.2021, 01:01:42] --> tofaliraru appeared
[cipenugufa:   03.12.2021, 01:02:43] --> pfGufF appeared
[cipenugufa:   03.12.2021, 01:05:18] --> tofaliraru appeared
[cipenugufa:   03.12.2021, 01:06:38] --> tofaliraru appeared
[cipenugufa:   03.12.2021, 01:06:49] --> hxLBvU appeared
[cipenugufa:   03.12.2021, 01:09:22] --> tofaliraru appeared
[cipenugufa:   03.12.2021, 01:12:11] --> kukosefekihe appeared
[cipenugufa:   03.12.2021, 01:12:54] --> komazeripa appeared
[cipenugufa:   03.12.2021, 01:14:31] --> 9obtain09 appeared
[cipenugufa:   03.12.2021, 01:18:42] --> pfGufF appeared
[cipenugufa:   03.12.2021, 01:19:03] --> pfGufF appeared
[cipenugufa:   03.12.2021, 01:19:06] --> 9obtain09 appeared
[cipenugufa:   03.12.2021, 01:19:28] --> gerarinagizu appeared
[cipenugufa:   03.12.2021, 01:20:24] --> 9obtain09 appeared
[cipenugufa:   03.12.2021, 01:20:46] --> kukosefekihe appeared
[cipenugufa:   03.12.2021, 01:21:39] --> tofaliraru appeared
[cipenugufa:   03.12.2021, 01:21:42] --> kukosefekihe appeared
[cipenugufa:   03.12.2021, 01:22:21] --> tofaliraru appeared
[cipenugufa:   03.12.2021, 01:26:08] --> tofaliraru appeared
[cipenugufa:   03.12.2021, 01:26:11] --> pfGufF appeared
[cipenugufa:   03.12.2021, 01:26:14] --> pfGufF appeared
[cipenugufa:   03.12.2021, 01:27:38] --> tofaliraru appeared
[cipenugufa:   03.12.2021, 01:27:56] --> tofaliraru appeared
[cipenugufa:   03.12.2021, 01:32:42] --> hxLBvU appeared
[cipenugufa:   03.12.2021, 01:34:21] --> tofaliraru appeared
[cipenugufa:   03.12.2021, 01:37:55] --> pfGufF appeared
[cipenugufa:   03.12.2021, 01:38:27] --> pfGufF appeared
[cipenugufa:   03.12.2021, 01:39:14] --> tofaliraru appeared
[cipenugufa:   03.12.2021, 01:39:54] --> pfGufF appeared
[cipenugufa:   03.12.2021, 01:40:06] --> kukosefekihe appeared
[cipenugufa:   03.12.2021, 01:41:30] --> pfGufF appeared
[cipenugufa:   03.12.2021, 01:41:49] --> heweziwumus appeared
[cipenugufa:   03.12.2021, 01:42:29] --> kukosefekihe appeared
[cipenugufa:   03.12.2021, 01:44:11] --> heveboweme appeared
[cipenugufa:   03.12.2021, 01:46:25] --> 9obtain09 appeared
[cipenugufa:   03.12.2021, 01:46:48] --> rovemadarul appeared
[cipenugufa:   03.12.2021, 01:48:38] --> kukosefekihe appeared
[cipenugufa:   03.12.2021, 01:48:48] --> hxLBvU appeared
[cipenugufa:   03.12.2021, 01:48:54] --> 9obtain09 appeared
[cipenugufa:   03.12.2021, 01:54:27] --> Character got kick
[cipenugufa:   03.12.2021, 01:54:58] --> heveboweme appeared
[cipenugufa:   03.12.2021, 01:55:46] --> tofaliraru appeared
[cipenugufa:   03.12.2021, 01:56:44] --> hxLBvU appeared
[cipenugufa:   03.12.2021, 01:57:03] --> tofaliraru appeared
[cipenugufa:   03.12.2021, 01:59:37] --> kukosefekihe appeared
[cipenugufa:   03.12.2021, 02:03:15] --> Character got kick
[cipenugufa:   03.12.2021, 02:04:47] --> Bot successfully started
[cipenugufa:   03.12.2021, 02:04:47] --> tofaliraru appeared
[cipenugufa:   03.12.2021, 02:05:44] --> Bot successfully started
[cipenugufa:   03.12.2021, 02:05:44] --> kukosefekihe appeared
[cipenugufa:   03.12.2021, 02:06:11] --> tofaliraru appeared
[cipenugufa:   03.12.2021, 02:06:44] --> tofaliraru appeared
[cipenugufa:   03.12.2021, 02:07:04] --> tofaliraru appeared
[cipenugufa:   03.12.2021, 02:07:43] --> tofaliraru appeared
[cipenugufa:   03.12.2021, 02:10:42] --> tofaliraru appeared
[cipenugufa:   03.12.2021, 02:12:00] --> tofaliraru appeared
[cipenugufa:   03.12.2021, 02:12:14] --> heweziwumus appeared
[cipenugufa:   03.12.2021, 02:13:37] --> 9obtain09 appeared
[cipenugufa:   03.12.2021, 02:14:53] --> pfGufF appeared
[cipenugufa:   03.12.2021, 02:15:52] --> heveboweme appeared
[cipenugufa:   03.12.2021, 02:16:11] --> pfGufF appeared
[cipenugufa:   03.12.2021, 02:16:32] --> kukosefekihe appeared
[cipenugufa:   03.12.2021, 02:16:50] --> pfGufF appeared
[cipenugufa:   03.12.2021, 02:19:28] --> tofaliraru appeared
[cipenugufa:   03.12.2021, 02:20:46] --> zanafaditi appeared
[cipenugufa:   03.12.2021, 02:23:08] --> tofaliraru appeared
[cipenugufa:   03.12.2021, 02:24:20] --> tofaliraru appeared
[cipenugufa:   03.12.2021, 02:25:59] --> zanafaditi appeared
[cipenugufa:   03.12.2021, 02:26:39] --> 9obtain09 appeared
[cipenugufa:   03.12.2021, 02:29:16] --> tofaliraru appeared
[cipenugufa:   03.12.2021, 02:29:30] --> pfGufF appeared
[cipenugufa:   03.12.2021, 02:29:34] --> pfGufF appeared
[cipenugufa:   03.12.2021, 02:31:54] --> tofaliraru appeared
[cipenugufa:   03.12.2021, 02:35:28] --> tofaliraru appeared
[cipenugufa:   03.12.2021, 02:36:46] --> Character died
[cipenugufa:   03.12.2021, 02:37:26] --> tofaliraru appeared
[cipenugufa:   03.12.2021, 02:37:36] --> tofaliraru appeared
[cipenugufa:   03.12.2021, 02:38:08] --> zanafaditi appeared
[cipenugufa:   03.12.2021, 02:39:01] --> 9obtain09 appeared
[cipenugufa:   03.12.2021, 02:41:37] --> hxLBvU appeared
[cipenugufa:   03.12.2021, 02:43:15] --> tofaliraru appeared
[cipenugufa:   03.12.2021, 02:43:18] --> tofaliraru appeared
[cipenugufa:   03.12.2021, 02:45:32] --> pfGufF appeared
[cipenugufa:   03.12.2021, 02:46:27] --> tofaliraru appeared
[cipenugufa:   03.12.2021, 02:46:29] --> 9obtain09 appeared
[cipenugufa:   03.12.2021, 02:46:31] --> 9obtain09 appeared
[cipenugufa:   03.12.2021, 02:47:53] --> tofaliraru appeared
[cipenugufa:   03.12.2021, 02:48:11] --> tofaliraru appeared
[cipenugufa:   03.12.2021, 02:48:48] --> tofaliraru appeared
[cipenugufa:   03.12.2021, 02:49:09] --> 9obtain09 appeared
[cipenugufa:   03.12.2021, 02:51:46] --> pfGufF appeared
[cipenugufa:   03.12.2021, 02:52:09] --> tofaliraru appeared
[cipenugufa:   03.12.2021, 02:52:24] --> tofaliraru appeared
[cipenugufa:   03.12.2021, 02:52:47] --> tofaliraru appeared
[cipenugufa:   03.12.2021, 02:54:06] --> 9obtain09 appeared
[cipenugufa:   03.12.2021, 02:54:48] --> kukosefekihe appeared
[cipenugufa:   03.12.2021, 02:55:02] --> tofaliraru appeared
[cipenugufa:   03.12.2021, 02:56:22] --> kukosefekihe appeared
[cipenugufa:   03.12.2021, 02:57:27] --> pfGufF appeared
[cipenugufa:   03.12.2021, 02:58:47] --> tofaliraru appeared
[cipenugufa:   03.12.2021, 02:59:00] --> pfGufF appeared
[cipenugufa:   03.12.2021, 02:59:44] --> tofaliraru appeared
[cipenugufa:   03.12.2021, 03:00:23] --> tofaliraru appeared
[cipenugufa:   03.12.2021, 03:00:24] --> tofaliraru appeared
[cipenugufa:   03.12.2021, 03:00:43] --> 9obtain09 appeared
[cipenugufa:   03.12.2021, 03:02:53] --> pfGufF appeared
[cipenugufa:   03.12.2021, 03:04:13] --> tofaliraru appeared
[cipenugufa:   03.12.2021, 03:05:05] --> pfGufF appeared
[cipenugufa:   03.12.2021, 03:05:19] --> Character died
[cipenugufa:   03.12.2021, 03:05:37] --> tofaliraru appeared
[cipenugufa:   03.12.2021, 03:06:17] --> 9obtain09 appeared
[cipenugufa:   03.12.2021, 03:07:44] --> gerarinagizu appeared
[cipenugufa:   03.12.2021, 03:10:06] --> tofaliraru appeared
[cipenugufa:   03.12.2021, 03:10:30] --> tofaliraru appeared
[cipenugufa:   03.12.2021, 03:11:31] --> tofaliraru appeared
[cipenugufa:   03.12.2021, 03:11:52] --> 9obtain09 appeared
[cipenugufa:   03.12.2021, 03:14:53] --> tofaliraru appeared
[cipenugufa:   03.12.2021, 03:15:31] --> kukosefekihe appeared
[cipenugufa:   03.12.2021, 03:17:59] --> kukosefekihe appeared
[cipenugufa:   03.12.2021, 03:19:18] --> 9obtain09 appeared
[cipenugufa:   03.12.2021, 03:19:59] --> tofaliraru appeared
[cipenugufa:   03.12.2021, 03:20:38] --> hxLBvU appeared
[cipenugufa:   03.12.2021, 03:22:16] --> kukosefekihe appeared
[cipenugufa:   03.12.2021, 03:22:54] --> fafenoniguvo appeared
[cipenugufa:   03.12.2021, 03:23:33] --> 9obtain09 appeared
[cipenugufa:   03.12.2021, 03:27:30] --> pfGufF appeared
[cipenugufa:   03.12.2021, 03:27:48] --> heweziwumus appeared
[cipenugufa:   03.12.2021, 03:31:22] --> gerarinagizu appeared
[cipenugufa:   03.12.2021, 03:32:38] --> pfGufF appeared
[cipenugufa:   03.12.2021, 03:33:40] --> 9obtain09 appeared
[cipenugufa:   03.12.2021, 03:34:02] --> pfGufF appeared
[cipenugufa:   03.12.2021, 03:34:17] --> kelukirice appeared
[cipenugufa:   03.12.2021, 03:35:49] --> kelukirice appeared
[cipenugufa:   03.12.2021, 03:37:06] --> kukosefekihe appeared
[cipenugufa:   03.12.2021, 03:37:32] --> 9obtain09 appeared
[cipenugufa:   03.12.2021, 03:38:03] --> pfGufF appeared
[cipenugufa:   03.12.2021, 03:41:30] --> hxLBvU appeared
[cipenugufa:   03.12.2021, 03:41:43] --> kukosefekihe appeared
[cipenugufa:   03.12.2021, 03:41:48] --> 9obtain09 appeared
[cipenugufa:   03.12.2021, 03:42:48] --> kukosefekihe appeared
[cipenugufa:   03.12.2021, 03:42:56] --> pfGufF appeared
[cipenugufa:   03.12.2021, 03:43:02] --> kukosefekihe appeared
[cipenugufa:   03.12.2021, 03:44:44] --> kukosefekihe appeared
[cipenugufa:   03.12.2021, 03:45:23] --> kukosefekihe appeared
[cipenugufa:   03.12.2021, 03:46:57] --> hxLBvU appeared
[cipenugufa:   03.12.2021, 03:47:07] --> kukosefekihe appeared
[cipenugufa:   03.12.2021, 03:47:08] --> hxLBvU appeared
[cipenugufa:   03.12.2021, 03:48:22] --> gerarinagizu appeared
[cipenugufa:   03.12.2021, 03:48:42] --> kelukirice appeared
[cipenugufa:   03.12.2021, 03:52:24] --> fafenoniguvo appeared
[cipenugufa:   03.12.2021, 03:52:39] --> kukosefekihe appeared
[cipenugufa:   03.12.2021, 03:53:21] --> pfGufF appeared
[cipenugufa:   03.12.2021, 03:53:33] --> pfGufF appeared
[cipenugufa:   03.12.2021, 03:55:01] --> kukosefekihe appeared
[cipenugufa:   03.12.2021, 03:56:58] --> 5street38 appeared
[cipenugufa:   03.12.2021, 03:57:21] --> 9obtain09 appeared
[cipenugufa:   03.12.2021, 03:58:30] --> 9obtain09 appeared
[cipenugufa:   03.12.2021, 03:58:44] --> pfGufF appeared
[cipenugufa:   03.12.2021, 03:58:50] --> hxLBvU appeared
[cipenugufa:   03.12.2021, 03:59:42] --> pfGufF appeared
[cipenugufa:   03.12.2021, 03:59:52] --> 9obtain09 appeared
[cipenugufa:   03.12.2021, 04:00:02] --> pfGufF appeared
[cipenugufa:   03.12.2021, 04:00:27] --> heweziwumus appeared
[cipenugufa:   03.12.2021, 04:01:05] --> kukosefekihe appeared
[cipenugufa:   03.12.2021, 04:02:10] --> 9obtain09 appeared
[cipenugufa:   03.12.2021, 04:04:05] --> zezupufozu appeared
[cipenugufa:   03.12.2021, 04:04:51] --> pfGufF appeared
[cipenugufa:   03.12.2021, 04:05:09] --> zezupufozu appeared
[cipenugufa:   03.12.2021, 04:05:23] --> pfGufF appeared
[cipenugufa:   03.12.2021, 04:05:43] --> heweziwumus appeared
[cipenugufa:   03.12.2021, 04:05:46] --> businukepu appeared
[cipenugufa:   03.12.2021, 04:06:45] --> hxLBvU appeared
[cipenugufa:   03.12.2021, 04:07:56] --> pfGufF appeared
[cipenugufa:   03.12.2021, 04:08:07] --> zezupufozu appeared
[cipenugufa:   03.12.2021, 04:10:19] --> gerarinagizu appeared
[cipenugufa:   03.12.2021, 04:10:36] --> hxLBvU appeared
[cipenugufa:   03.12.2021, 04:20:48] --> tofaliraru appeared
[cipenugufa:   03.12.2021, 04:23:35] --> kukosefekihe appeared
[cipenugufa:   03.12.2021, 04:25:21] --> businukepu appeared
[cipenugufa:   03.12.2021, 04:27:37] --> tofaliraru appeared
[cipenugufa:   03.12.2021, 04:27:48] --> kukosefekihe appeared
[cipenugufa:   03.12.2021, 04:27:51] --> kukosefekihe appeared
[cipenugufa:   03.12.2021, 04:28:58] --> tofaliraru appeared
[cipenugufa:   03.12.2021, 04:31:44] --> tofaliraru appeared
[cipenugufa:   03.12.2021, 04:33:28] --> tofaliraru appeared
[cipenugufa:   03.12.2021, 04:33:33] --> zezupufozu appeared
[cipenugufa:   03.12.2021, 04:36:38] --> businukepu appeared
[cipenugufa:   03.12.2021, 04:40:55] --> hxLBvU appeared
[cipenugufa:   03.12.2021, 04:43:18] --> kukosefekihe appeared
[cipenugufa:   03.12.2021, 04:53:28] --> pfGufF appeared
[cipenugufa:   03.12.2021, 04:54:56] --> zezupufozu appeared
[cipenugufa:   03.12.2021, 04:55:07] --> tofaliraru appeared
[cipenugufa:   03.12.2021, 04:56:25] --> 9obtain09 appeared
[cipenugufa:   03.12.2021, 04:59:01] --> gerarinagizu appeared
[cipenugufa:   03.12.2021, 05:00:25] --> kukosefekihe appeared
[cipenugufa:   03.12.2021, 05:00:38] --> 9obtain09 appeared
[cipenugufa:   03.12.2021, 05:01:40] --> 5street38 appeared
[cipenugufa:   03.12.2021, 05:05:39] --> tofaliraru appeared
[cipenugufa:   03.12.2021, 05:08:25] --> tofaliraru appeared
[cipenugufa:   03.12.2021, 05:09:10] --> heveboweme appeared
[cipenugufa:   03.12.2021, 05:12:36] --> kukosefekihe appeared
[cipenugufa:   03.12.2021, 05:13:34] --> tofaliraru appeared
[cipenugufa:   03.12.2021, 05:13:38] --> 9obtain09 appeared
[cipenugufa:   03.12.2021, 05:14:48] --> tofaliraru appeared
[cipenugufa:   03.12.2021, 05:16:50] --> hxLBvU appeared
[cipenugufa:   03.12.2021, 05:21:21] --> ziverefemof appeared
[cipenugufa:   03.12.2021, 05:23:46] --> vehizugikesa appeared
[cipenugufa:   03.12.2021, 05:24:04] --> hxLBvU appeared
[cipenugufa:   03.12.2021, 05:25:54] --> Character got kick
[cipenugufa:   03.12.2021, 05:26:19] --> Character got kick
[cipenugufa:   03.12.2021, 05:28:07] --> 9obtain09 appeared
[cipenugufa:   03.12.2021, 05:30:03] --> tofaliraru appeared
[cipenugufa:   03.12.2021, 05:30:04] --> tofaliraru appeared
[cipenugufa:   03.12.2021, 05:31:10] --> 9obtain09 appeared
[cipenugufa:   03.12.2021, 05:33:47] --> hxLBvU appeared
[cipenugufa:   03.12.2021, 05:38:39] --> kukosefekihe appeared
[cipenugufa:   03.12.2021, 05:43:10] --> tofaliraru appeared
[cipenugufa:   03.12.2021, 05:49:07] --> 9obtain09 appeared
[cipenugufa:   03.12.2021, 05:50:03] --> tofaliraru appeared
[cipenugufa:   03.12.2021, 05:50:24] --> kukosefekihe appeared
[cipenugufa:   03.12.2021, 05:51:01] --> kukosefekihe appeared
[cipenugufa:   03.12.2021, 05:51:20] --> ziverefemof appeared
[cipenugufa:   03.12.2021, 05:52:20] --> heweziwumus appeared
[cipenugufa:   03.12.2021, 05:58:15] --> tofaliraru appeared
[cipenugufa:   03.12.2021, 06:03:49] --> pfGufF appeared
[cipenugufa:   03.12.2021, 06:07:17] --> Character got kick
[cipenugufa:   03.12.2021, 06:09:18] --> Bot successfully started
[cipenugufa:   03.12.2021, 06:09:18] --> bavizocivoc appeared
[cipenugufa:   03.12.2021, 06:15:32] --> hxLBvU appeared
[cipenugufa:   03.12.2021, 06:17:51] --> pfGufF appeared
[cipenugufa:   03.12.2021, 06:18:46] --> pfGufF appeared
[cipenugufa:   03.12.2021, 06:21:51] --> garopafufuf appeared
[cipenugufa:   03.12.2021, 06:24:28] --> 9obtain09 appeared
[cipenugufa:   03.12.2021, 06:31:04] --> garopafufuf appeared
[cipenugufa:   03.12.2021, 06:31:21] --> heweziwumus appeared
[cipenugufa:   03.12.2021, 06:32:16] --> hxLBvU appeared
[cipenugufa:   03.12.2021, 06:33:08] --> tofaliraru appeared
[cipenugufa:   03.12.2021, 06:34:38] --> 9obtain09 appeared
[cipenugufa:   03.12.2021, 06:37:32] --> gerarinagizu appeared
[cipenugufa:   03.12.2021, 06:38:54] --> 9obtain09 appeared
[cipenugufa:   03.12.2021, 06:39:58] --> tofaliraru appeared
[cipenugufa:   03.12.2021, 06:40:07] --> kukosefekihe appeared
[cipenugufa:   03.12.2021, 06:40:09] --> 9obtain09 appeared
[cipenugufa:   03.12.2021, 06:40:15] --> tofaliraru appeared
[cipenugufa:   03.12.2021, 06:43:12] --> kukosefekihe appeared
[cipenugufa:   03.12.2021, 06:45:35] --> tofaliraru appeared
[cipenugufa:   03.12.2021, 06:48:53] --> garopafufuf appeared
[cipenugufa:   03.12.2021, 06:49:32] --> kukosefekihe appeared
[cipenugufa:   03.12.2021, 06:50:11] --> tofaliraru appeared
[cipenugufa:   03.12.2021, 06:55:00] --> tofaliraru appeared
[cipenugufa:   03.12.2021, 06:56:59] --> 9obtain09 appeared
[cipenugufa:   03.12.2021, 06:57:41] --> tofaliraru appeared
[cipenugufa:   03.12.2021, 06:58:23] --> tofaliraru appeared
[cipenugufa:   03.12.2021, 07:00:23] --> tofaliraru appeared
[cipenugufa:   03.12.2021, 07:01:31] --> garopafufuf appeared
[cipenugufa:   03.12.2021, 07:02:10] --> hxLBvU appeared
[cipenugufa:   03.12.2021, 07:02:15] --> garopafufuf appeared
[cipenugufa:   03.12.2021, 07:02:33] --> tofaliraru appeared
[cipenugufa:   03.12.2021, 07:02:51] --> pfGufF appeared
[cipenugufa:   03.12.2021, 07:03:34] --> kukosefekihe appeared
[cipenugufa:   03.12.2021, 07:04:15] --> 9obtain09 appeared
[cipenugufa:   03.12.2021, 07:06:46] --> 9obtain09 appeared
[cipenugufa:   03.12.2021, 07:09:04] --> tofaliraru appeared
[cipenugufa:   03.12.2021, 07:12:22] --> pfGufF appeared
[cipenugufa:   03.12.2021, 07:13:26] --> fizafucezar appeared
[cipenugufa:   03.12.2021, 07:13:32] --> tofaliraru appeared
[cipenugufa:   03.12.2021, 07:16:29] --> tofaliraru appeared
[cipenugufa:   03.12.2021, 07:17:49] --> kukosefekihe appeared
[cipenugufa:   03.12.2021, 07:18:17] --> heweziwumus appeared
[cipenugufa:   03.12.2021, 07:19:17] --> pfGufF appeared
[cipenugufa:   03.12.2021, 07:21:14] --> fizafucezar appeared
[cipenugufa:   03.12.2021, 07:21:40] --> hxLBvU appeared
[cipenugufa:   03.12.2021, 07:24:46] --> hxLBvU appeared
[cipenugufa:   03.12.2021, 07:27:16] --> hxLBvU appeared
[cipenugufa:   03.12.2021, 07:33:27] --> fizafucezar appeared
[cipenugufa:   03.12.2021, 07:37:38] --> tofaliraru appeared
[cipenugufa:   03.12.2021, 07:39:52] --> tofaliraru appeared
[cipenugufa:   03.12.2021, 07:44:49] --> tofaliraru appeared
[cipenugufa:   03.12.2021, 07:45:09] --> 9obtain09 appeared
[cipenugufa:   03.12.2021, 07:45:53] --> tofaliraru appeared
[cipenugufa:   03.12.2021, 07:46:47] --> 9obtain09 appeared
[cipenugufa:   03.12.2021, 07:49:11] --> tofaliraru appeared
[cipenugufa:   03.12.2021, 07:50:03] --> fizafucezar appeared
[cipenugufa:   03.12.2021, 07:50:13] --> pfGufF appeared
[cipenugufa:   03.12.2021, 07:51:26] --> tofaliraru appeared
[cipenugufa:   03.12.2021, 07:51:34] --> tofaliraru appeared
[cipenugufa:   03.12.2021, 07:51:51] --> tofaliraru appeared
[cipenugufa:   03.12.2021, 07:57:02] --> gerarinagizu appeared
[cipenugufa:   03.12.2021, 08:00:39] --> Character died
[cipenugufa:   03.12.2021, 08:02:32] --> tanevukinec appeared
[cipenugufa:   03.12.2021, 08:03:15] --> tofaliraru appeared
[cipenugufa:   03.12.2021, 08:03:52] --> kukosefekihe appeared
[cipenugufa:   03.12.2021, 08:04:53] --> pfGufF appeared
[cipenugufa:   03.12.2021, 08:07:13] --> Character got kick
[cipenugufa:   03.12.2021, 08:08:06] --> tanevukinec appeared
[cipenugufa:   03.12.2021, 08:10:07] --> fikosekifak appeared
[cipenugufa:   03.12.2021, 08:11:23] --> fikosekifak appeared
[cipenugufa:   03.12.2021, 08:15:39] --> tofaliraru appeared
[cipenugufa:   03.12.2021, 08:16:18] --> 9obtain09 appeared
[cipenugufa:   03.12.2021, 08:16:37] --> kukosefekihe appeared
[cipenugufa:   03.12.2021, 08:18:13] --> fikosekifak appeared
[cipenugufa:   03.12.2021, 08:19:32] --> tanevukinec appeared
[cipenugufa:   03.12.2021, 08:24:28] --> pfGufF appeared
[cipenugufa:   03.12.2021, 08:25:45] --> 9obtain09 appeared
[cipenugufa:   03.12.2021, 08:27:00] --> pfGufF appeared
[cipenugufa:   03.12.2021, 08:30:03] --> kukosefekihe appeared
[cipenugufa:   03.12.2021, 08:34:57] --> gerarinagizu appeared
[cipenugufa:   03.12.2021, 08:35:55] --> pfGufF appeared
[cipenugufa:   03.12.2021, 08:37:19] --> kukosefekihe appeared
[cipenugufa:   03.12.2021, 08:37:35] --> fikosekifak appeared
[cipenugufa:   03.12.2021, 08:38:34] --> tanevukinec appeared
[cipenugufa:   03.12.2021, 08:38:36] --> pfGufF appeared
[cipenugufa:   03.12.2021, 08:44:01] --> tofaliraru appeared
[cipenugufa:   03.12.2021, 08:44:24] --> fikosekifak appeared
[cipenugufa:   03.12.2021, 08:45:32] --> tofaliraru appeared
[cipenugufa:   03.12.2021, 08:50:03] --> 9obtain09 appeared
[cipenugufa:   03.12.2021, 08:51:21] --> tofaliraru appeared
[cipenugufa:   03.12.2021, 09:05:38] --> pfGufF appeared
[cipenugufa:   03.12.2021, 09:05:57] --> tofaliraru appeared
[cipenugufa:   03.12.2021, 09:08:40] --> pfGufF appeared
[cipenugufa:   03.12.2021, 09:08:57] --> 9obtain09 appeared
[cipenugufa:   03.12.2021, 09:10:04] --> tofaliraru appeared
[cipenugufa:   03.12.2021, 09:13:25] --> heveboweme appeared
[cipenugufa:   03.12.2021, 09:14:05] --> hxLBvU appeared
[cipenugufa:   03.12.2021, 09:16:06] --> heveboweme appeared
[cipenugufa:   03.12.2021, 09:16:31] --> tofaliraru appeared
[cipenugufa:   03.12.2021, 09:18:17] --> pfGufF appeared
[cipenugufa:   03.12.2021, 09:19:24] --> tofaliraru appeared
[cipenugufa:   03.12.2021, 09:19:43] --> kukosefekihe appeared
[cipenugufa:   03.12.2021, 09:22:39] --> fafenoniguvo appeared
[cipenugufa:   03.12.2021, 09:25:40] --> Character got kick
[cipenugufa:   03.12.2021, 09:26:58] --> Bot successfully started
[cipenugufa:   03.12.2021, 09:26:58] --> fafenoniguvo appeared
[cipenugufa:   03.12.2021, 09:30:38] --> tofaliraru appeared
[cipenugufa:   03.12.2021, 09:30:55] --> kukosefekihe appeared
[cipenugufa:   03.12.2021, 09:33:36] --> fafenoniguvo appeared
[cipenugufa:   03.12.2021, 09:33:53] --> komazeripa appeared
[cipenugufa:   03.12.2021, 09:37:42] --> tofaliraru appeared
[cipenugufa:   03.12.2021, 09:37:58] --> tofaliraru appeared
[cipenugufa:   03.12.2021, 09:40:19] --> fafenoniguvo appeared
[cipenugufa:   03.12.2021, 09:43:12] --> tofaliraru appeared
[cipenugufa:   03.12.2021, 09:43:14] --> komazeripa appeared
[cipenugufa:   03.12.2021, 09:45:51] --> 9obtain09 appeared
[cipenugufa:   03.12.2021, 09:50:52] --> tofaliraru appeared
[cipenugufa:   03.12.2021, 09:51:11] --> komazeripa appeared
[cipenugufa:   03.12.2021, 09:51:51] --> 9obtain09 appeared
[cipenugufa:   03.12.2021, 09:54:53] --> pfGufF appeared
[cipenugufa:   03.12.2021, 09:55:12] --> tofaliraru appeared
[cipenugufa:   03.12.2021, 09:55:35] --> tofaliraru appeared
[cipenugufa:   03.12.2021, 09:56:57] --> fafenoniguvo appeared
[cipenugufa:   03.12.2021, 09:59:05] --> tofaliraru appeared
[cipenugufa:   03.12.2021, 10:02:18] --> 9obtain09 appeared
[cipenugufa:   03.12.2021, 10:05:15] --> zanafaditi appeared
[cipenugufa:   03.12.2021, 10:07:23] --> heweziwumus appeared
[cipenugufa:   03.12.2021, 10:07:34] --> tofaliraru appeared
[cipenugufa:   03.12.2021, 10:07:49] --> kukosefekihe appeared
[cipenugufa:   03.12.2021, 10:08:34] --> tofaliraru appeared
[cipenugufa:   03.12.2021, 10:10:03] --> tofaliraru appeared
[cipenugufa:   03.12.2021, 10:11:09] --> pfGufF appeared
[cipenugufa:   03.12.2021, 10:14:02] --> tofaliraru appeared
[cipenugufa:   03.12.2021, 10:14:47] --> kukosefekihe appeared
[cipenugufa:   03.12.2021, 10:16:10] --> 9obtain09 appeared
[cipenugufa:   03.12.2021, 10:19:22] --> pfGufF appeared
[cipenugufa:   03.12.2021, 10:19:41] --> tofaliraru appeared
[cipenugufa:   03.12.2021, 10:21:27] --> fafenoniguvo appeared
[cipenugufa:   03.12.2021, 10:21:30] --> pfGufF appeared
[cipenugufa:   03.12.2021, 10:22:09] --> pfGufF appeared
[cipenugufa:   03.12.2021, 10:22:30] --> kukosefekihe appeared
[cipenugufa:   03.12.2021, 10:22:48] --> 5street38 appeared
[cipenugufa:   03.12.2021, 10:23:12] --> tofaliraru appeared
[cipenugufa:   03.12.2021, 10:27:06] --> tofaliraru appeared
[cipenugufa:   03.12.2021, 10:27:56] --> Character was kicked from the bot, reason: Character was walking
[cipenugufa:   03.12.2021, 10:28:27] --> wazavebufa appeared
[cipenugufa:   03.12.2021, 10:28:53] --> Character was kicked from the bot, reason: Character was walking
[cipenugufa:   03.12.2021, 10:28:58] --> heweziwumus appeared
[cipenugufa:   03.12.2021, 10:47:19] --> Changing into CH2
