[ruzinolemape: 01.12.2021, 19:52:48] --> Bot successfully started
[ruzinolemape: 01.12.2021, 19:52:48] --> Schegge23Rob appeared
[ruzinolemape: 01.12.2021, 19:57:32] --> Changing into CH9
[ruzinolemape: 01.12.2021, 20:17:58] --> Bot successfully started
[ruzinolemape: 01.12.2021, 20:17:59] --> Setting '1' loaded because of active level settings
[ruzinolemape: 01.12.2021, 20:17:59] --> Deppnex appeared
[ruzinolemape: 01.12.2021, 20:18:05] --> Character went to saleswoman
[ruzinolemape: 01.12.2021, 20:18:08] --> Character was kicked from the bot, reason: Character was walking
[ruzinolemape: 01.12.2021, 20:18:38] --> Character was kicked from the bot, reason: Character was walking
[ruzinolemape: 01.12.2021, 20:18:43] --> NOboh appeared
[ruzinolemape: 01.12.2021, 20:18:50] --> Character leveled up to level 3
[ruzinolemape: 01.12.2021, 20:18:51] --> Character leveled up to level 5
[ruzinolemape: 01.12.2021, 20:18:52] --> Character leveled up to level 7
[ruzinolemape: 01.12.2021, 20:18:53] --> Character leveled up to level 8
[ruzinolemape: 01.12.2021, 20:18:54] --> Character leveled up to level 9
[ruzinolemape: 01.12.2021, 20:18:55] --> NOboh appeared
[ruzinolemape: 01.12.2021, 20:18:59] --> Character leveled up to level 10
[ruzinolemape: 01.12.2021, 20:19:05] --> Character leveled up to level 11
[ruzinolemape: 01.12.2021, 20:19:20] --> Character leveled up to level 12
[ruzinolemape: 01.12.2021, 20:19:22] --> NOboh appeared
[ruzinolemape: 01.12.2021, 20:19:50] --> NOboh appeared
[ruzinolemape: 01.12.2021, 20:19:55] --> Character leveled up to level 13
[ruzinolemape: 01.12.2021, 20:20:06] --> Character leveled up to level 14
[ruzinolemape: 01.12.2021, 20:20:17] --> NOboh appeared
[ruzinolemape: 01.12.2021, 20:20:18] --> Character leveled up to level 15
[ruzinolemape: 01.12.2021, 20:20:18] --> Setting '2' loaded because of active level settings
[ruzinolemape: 01.12.2021, 20:20:31] --> Character was kicked from the bot, reason: Character was walking
[ruzinolemape: 01.12.2021, 20:20:56] --> Character was kicked from the bot, reason: Character was walking
[ruzinolemape: 01.12.2021, 20:21:00] --> vuzasuzufoga appeared
[ruzinolemape: 01.12.2021, 20:21:38] --> vuzasuzufoga appeared
[ruzinolemape: 01.12.2021, 20:21:40] --> Character leveled up to level 16
[ruzinolemape: 01.12.2021, 20:21:55] --> veviguveze appeared
[ruzinolemape: 01.12.2021, 20:22:05] --> Character leveled up to level 17
[ruzinolemape: 01.12.2021, 20:22:16] --> Character leveled up to level 18
[ruzinolemape: 01.12.2021, 20:22:37] --> vuzasuzufoga appeared
[ruzinolemape: 01.12.2021, 20:22:55] --> Character leveled up to level 19
[ruzinolemape: 01.12.2021, 20:22:55] --> vuzasuzufoga appeared
[ruzinolemape: 01.12.2021, 20:23:19] --> Character got kick
[ruzinolemape: 01.12.2021, 20:23:59] --> Character leveled up to level 20
[ruzinolemape: 01.12.2021, 20:25:04] --> Character leveled up to level 21
[ruzinolemape: 01.12.2021, 20:25:36] --> Character got kick
[ruzinolemape: 01.12.2021, 20:26:45] --> Character leveled up to level 22
[ruzinolemape: 01.12.2021, 20:26:49] --> Character got kick
[ruzinolemape: 01.12.2021, 20:27:27] --> Character got kick
[ruzinolemape: 01.12.2021, 20:27:34] --> nowikeresafe appeared
[ruzinolemape: 01.12.2021, 20:27:50] --> Character got kick
[ruzinolemape: 01.12.2021, 20:28:18] --> vuzasuzufoga appeared
[ruzinolemape: 01.12.2021, 20:28:35] --> vuzasuzufoga appeared
[ruzinolemape: 01.12.2021, 20:28:40] --> Character leveled up to level 23
[ruzinolemape: 01.12.2021, 20:28:52] --> Character got kick
[ruzinolemape: 01.12.2021, 20:29:13] --> dowikacaze appeared
[ruzinolemape: 01.12.2021, 20:29:46] --> vuzasuzufoga appeared
[ruzinolemape: 01.12.2021, 20:30:03] --> vuzasuzufoga appeared
[ruzinolemape: 01.12.2021, 20:30:05] --> Character leveled up to level 24
[ruzinolemape: 01.12.2021, 20:30:16] --> vuzasuzufoga appeared
[ruzinolemape: 01.12.2021, 20:30:31] --> vuzasuzufoga appeared
[ruzinolemape: 01.12.2021, 20:30:39] --> zovozobozo appeared
[ruzinolemape: 01.12.2021, 20:31:12] --> dowikacaze appeared
[ruzinolemape: 01.12.2021, 20:31:24] --> Character leveled up to level 25
[ruzinolemape: 01.12.2021, 20:31:29] --> vuzasuzufoga appeared
[ruzinolemape: 01.12.2021, 20:31:42] --> vuzasuzufoga appeared
[ruzinolemape: 01.12.2021, 20:32:11] --> vuzasuzufoga appeared
[ruzinolemape: 01.12.2021, 20:32:32] --> Character leveled up to level 26
[ruzinolemape: 01.12.2021, 20:32:41] --> vuzasuzufoga appeared
[ruzinolemape: 01.12.2021, 20:32:57] --> vuzasuzufoga appeared
[ruzinolemape: 01.12.2021, 20:33:10] --> vuzasuzufoga appeared
[ruzinolemape: 01.12.2021, 20:33:26] --> vuzasuzufoga appeared
[ruzinolemape: 01.12.2021, 20:33:38] --> vuzasuzufoga appeared
[ruzinolemape: 01.12.2021, 20:34:07] --> kowunozizu appeared
[ruzinolemape: 01.12.2021, 20:34:23] --> vuzasuzufoga appeared
[ruzinolemape: 01.12.2021, 20:34:24] --> Character leveled up to level 27
[ruzinolemape: 01.12.2021, 20:34:38] --> vuzasuzufoga appeared
[ruzinolemape: 01.12.2021, 20:34:52] --> vuzasuzufoga appeared
[ruzinolemape: 01.12.2021, 20:35:21] --> vuzasuzufoga appeared
[ruzinolemape: 01.12.2021, 20:36:20] --> vuzasuzufoga appeared
[ruzinolemape: 01.12.2021, 20:36:30] --> futolifewe appeared
[ruzinolemape: 01.12.2021, 20:36:35] --> vuzasuzufoga appeared
[ruzinolemape: 01.12.2021, 20:36:39] --> Character leveled up to level 28
[ruzinolemape: 01.12.2021, 20:36:49] --> vuzasuzufoga appeared
[ruzinolemape: 01.12.2021, 20:37:32] --> vuzasuzufoga appeared
[ruzinolemape: 01.12.2021, 20:37:46] --> fuvofosahaza appeared
[ruzinolemape: 01.12.2021, 20:38:02] --> vuzasuzufoga appeared
[ruzinolemape: 01.12.2021, 20:38:17] --> veviguveze appeared
[ruzinolemape: 01.12.2021, 20:38:30] --> vuzasuzufoga appeared
[ruzinolemape: 01.12.2021, 20:38:59] --> vuzasuzufoga appeared
[ruzinolemape: 01.12.2021, 20:39:36] --> Character leveled up to level 29
[ruzinolemape: 01.12.2021, 20:39:45] --> vuzasuzufoga appeared
[ruzinolemape: 01.12.2021, 20:39:55] --> zovozobozo appeared
[ruzinolemape: 01.12.2021, 20:40:27] --> vuzasuzufoga appeared
[ruzinolemape: 01.12.2021, 20:41:23] --> dowikacaze appeared
[ruzinolemape: 01.12.2021, 20:42:09] --> vuzasuzufoga appeared
[ruzinolemape: 01.12.2021, 20:42:10] --> Character leveled up to level 30
[ruzinolemape: 01.12.2021, 20:42:24] --> vuzasuzufoga appeared
[ruzinolemape: 01.12.2021, 20:42:39] --> vuzasuzufoga appeared
[ruzinolemape: 01.12.2021, 20:42:52] --> vuzasuzufoga appeared
[ruzinolemape: 01.12.2021, 20:43:08] --> vuzasuzufoga appeared
[ruzinolemape: 01.12.2021, 20:43:22] --> vuzasuzufoga appeared
[ruzinolemape: 01.12.2021, 20:43:37] --> vuzasuzufoga appeared
[ruzinolemape: 01.12.2021, 20:43:51] --> vuzasuzufoga appeared
[ruzinolemape: 01.12.2021, 20:44:04] --> kowunozizu appeared
[ruzinolemape: 01.12.2021, 20:44:05] --> Character leveled up to level 31
[ruzinolemape: 01.12.2021, 20:44:49] --> vuzasuzufoga appeared
[ruzinolemape: 01.12.2021, 20:45:03] --> vuzasuzufoga appeared
[ruzinolemape: 01.12.2021, 20:45:15] --> kowunozizu appeared
[ruzinolemape: 01.12.2021, 20:45:34] --> vuzasuzufoga appeared
[ruzinolemape: 01.12.2021, 20:46:02] --> veviguveze appeared
[ruzinolemape: 01.12.2021, 20:47:01] --> Character leveled up to level 32
[ruzinolemape: 01.12.2021, 20:47:01] --> vuzasuzufoga appeared
[ruzinolemape: 01.12.2021, 20:47:15] --> vuzasuzufoga appeared
[ruzinolemape: 01.12.2021, 20:47:44] --> vuzasuzufoga appeared
[ruzinolemape: 01.12.2021, 20:48:13] --> vuzasuzufoga appeared
[ruzinolemape: 01.12.2021, 20:48:25] --> zovozobozo appeared
[ruzinolemape: 01.12.2021, 20:48:58] --> vuzasuzufoga appeared
[ruzinolemape: 01.12.2021, 20:49:11] --> vuzasuzufoga appeared
[ruzinolemape: 01.12.2021, 20:49:24] --> zezufelutas appeared
[ruzinolemape: 01.12.2021, 20:49:59] --> Character leveled up to level 33
[ruzinolemape: 01.12.2021, 20:50:09] --> vuzasuzufoga appeared
[ruzinolemape: 01.12.2021, 20:50:25] --> vuzasuzufoga appeared
[ruzinolemape: 01.12.2021, 20:50:56] --> vuzasuzufoga appeared
[ruzinolemape: 01.12.2021, 20:51:09] --> vuzasuzufoga appeared
[ruzinolemape: 01.12.2021, 20:51:22] --> vuzasuzufoga appeared
[ruzinolemape: 01.12.2021, 20:51:31] --> zezufelutas appeared
[ruzinolemape: 01.12.2021, 20:51:41] --> zezufelutas appeared
[ruzinolemape: 01.12.2021, 20:54:04] --> Character got kick
[ruzinolemape: 01.12.2021, 20:54:11] --> vuzasuzufoga appeared
[ruzinolemape: 01.12.2021, 20:54:35] --> vuzasuzufoga appeared
[ruzinolemape: 01.12.2021, 20:54:46] --> vuzasuzufoga appeared
[ruzinolemape: 01.12.2021, 20:55:49] --> Character leveled up to level 34
[ruzinolemape: 01.12.2021, 20:56:01] --> vuzasuzufoga appeared
[ruzinolemape: 01.12.2021, 20:56:52] --> Character got kick
[ruzinolemape: 01.12.2021, 20:57:12] --> veviguveze appeared
[ruzinolemape: 01.12.2021, 20:57:45] --> vuzasuzufoga appeared
[ruzinolemape: 01.12.2021, 20:57:53] --> nowikeresafe appeared
[ruzinolemape: 01.12.2021, 20:57:58] --> vuzasuzufoga appeared
[ruzinolemape: 01.12.2021, 20:58:43] --> vuzasuzufoga appeared
[ruzinolemape: 01.12.2021, 20:59:11] --> vuzasuzufoga appeared
[ruzinolemape: 01.12.2021, 20:59:23] --> vuzasuzufoga appeared
[ruzinolemape: 01.12.2021, 20:59:40] --> vuzasuzufoga appeared
[ruzinolemape: 01.12.2021, 20:59:52] --> vuzasuzufoga appeared
[ruzinolemape: 01.12.2021, 21:00:34] --> Character leveled up to level 35
[ruzinolemape: 01.12.2021, 21:00:52] --> vuzasuzufoga appeared
[ruzinolemape: 01.12.2021, 21:01:08] --> vuzasuzufoga appeared
[ruzinolemape: 01.12.2021, 21:01:39] --> vuzasuzufoga appeared
[ruzinolemape: 01.12.2021, 21:01:57] --> vuzasuzufoga appeared
[ruzinolemape: 01.12.2021, 21:02:16] --> zezufelutas appeared
[ruzinolemape: 01.12.2021, 21:02:45] --> veviguveze appeared
[ruzinolemape: 01.12.2021, 21:02:56] --> dowikacaze appeared
[ruzinolemape: 01.12.2021, 21:03:44] --> vuzasuzufoga appeared
[ruzinolemape: 01.12.2021, 21:03:56] --> vuzasuzufoga appeared
[ruzinolemape: 01.12.2021, 21:04:10] --> Character leveled up to level 36
[ruzinolemape: 01.12.2021, 21:04:12] --> vuzasuzufoga appeared
[ruzinolemape: 01.12.2021, 21:04:24] --> vuzasuzufoga appeared
[ruzinolemape: 01.12.2021, 21:04:41] --> vuzasuzufoga appeared
[ruzinolemape: 01.12.2021, 21:04:53] --> vuzasuzufoga appeared
[ruzinolemape: 01.12.2021, 21:05:51] --> vuzasuzufoga appeared
[ruzinolemape: 01.12.2021, 21:06:10] --> vuzasuzufoga appeared
[ruzinolemape: 01.12.2021, 21:06:20] --> vuzasuzufoga appeared
[ruzinolemape: 01.12.2021, 21:07:06] --> vuzasuzufoga appeared
[ruzinolemape: 01.12.2021, 21:07:50] --> vuzasuzufoga appeared
[ruzinolemape: 01.12.2021, 21:07:53] --> Character leveled up to level 37
[ruzinolemape: 01.12.2021, 21:08:34] --> nowikeresafe appeared
[ruzinolemape: 01.12.2021, 21:09:06] --> vuzasuzufoga appeared
[ruzinolemape: 01.12.2021, 21:09:18] --> vuzasuzufoga appeared
[ruzinolemape: 01.12.2021, 21:10:07] --> vuzasuzufoga appeared
[ruzinolemape: 01.12.2021, 21:10:35] --> vuzasuzufoga appeared
[ruzinolemape: 01.12.2021, 21:10:44] --> nowikeresafe appeared
[ruzinolemape: 01.12.2021, 21:10:47] --> vuzasuzufoga appeared
[ruzinolemape: 01.12.2021, 21:11:04] --> vuzasuzufoga appeared
[ruzinolemape: 01.12.2021, 21:11:45] --> vuzasuzufoga appeared
[ruzinolemape: 01.12.2021, 21:12:02] --> vuzasuzufoga appeared
[ruzinolemape: 01.12.2021, 21:12:16] --> vuzasuzufoga appeared
[ruzinolemape: 01.12.2021, 21:12:42] --> Character leveled up to level 38
[ruzinolemape: 01.12.2021, 21:12:45] --> vuzasuzufoga appeared
[ruzinolemape: 01.12.2021, 21:13:01] --> vuzasuzufoga appeared
[ruzinolemape: 01.12.2021, 21:13:13] --> zezufelutas appeared
[ruzinolemape: 01.12.2021, 21:13:30] --> vuzasuzufoga appeared
[ruzinolemape: 01.12.2021, 21:13:43] --> vuzasuzufoga appeared
[ruzinolemape: 01.12.2021, 21:14:37] --> Character got kick
[ruzinolemape: 01.12.2021, 22:39:29] --> Bot successfully started
[ruzinolemape: 01.12.2021, 22:39:29] --> Setting '2' loaded because of active level settings
[ruzinolemape: 01.12.2021, 22:39:29] --> vuzasuzufoga appeared
[ruzinolemape: 01.12.2021, 22:41:26] --> Character leveled up to level 39
[ruzinolemape: 01.12.2021, 22:48:48] --> Character leveled up to level 40
[ruzinolemape: 01.12.2021, 22:54:25] --> Character leveled up to level 41
[ruzinolemape: 01.12.2021, 23:00:44] --> Character leveled up to level 42
[ruzinolemape: 01.12.2021, 23:08:50] --> Character leveled up to level 43
[ruzinolemape: 01.12.2021, 23:09:18] --> vuzasuzufoga appeared
[ruzinolemape: 01.12.2021, 23:13:46] --> vuzasuzufoga appeared
[ruzinolemape: 01.12.2021, 23:16:34] --> Character leveled up to level 44
[ruzinolemape: 01.12.2021, 23:25:06] --> Character leveled up to level 45
[ruzinolemape: 01.12.2021, 23:26:57] --> vuzasuzufoga appeared
[ruzinolemape: 01.12.2021, 23:31:21] --> vuzasuzufoga appeared
[ruzinolemape: 01.12.2021, 23:31:34] --> vuzasuzufoga appeared
[ruzinolemape: 01.12.2021, 23:32:36] --> vuzasuzufoga appeared
[ruzinolemape: 01.12.2021, 23:34:05] --> vuzasuzufoga appeared
[ruzinolemape: 01.12.2021, 23:34:21] --> vuzasuzufoga appeared
[ruzinolemape: 01.12.2021, 23:42:35] --> Character leveled up to level 46
[ruzinolemape: 01.12.2021, 23:54:39] --> Character leveled up to level 47
[ruzinolemape: 01.12.2021, 23:54:54] --> vuzasuzufoga appeared
[ruzinolemape: 01.12.2021, 23:55:28] --> vuzasuzufoga appeared
[ruzinolemape: 01.12.2021, 23:56:00] --> vuzasuzufoga appeared
[ruzinolemape: 01.12.2021, 23:56:11] --> vuzasuzufoga appeared
[ruzinolemape: 01.12.2021, 23:56:32] --> vuzasuzufoga appeared
[ruzinolemape: 01.12.2021, 23:56:43] --> vuzasuzufoga appeared
[ruzinolemape: 01.12.2021, 23:57:14] --> vuzasuzufoga appeared
[ruzinolemape: 01.12.2021, 23:57:29] --> dowikacaze appeared
[ruzinolemape: 01.12.2021, 23:57:43] --> vuzasuzufoga appeared
[ruzinolemape: 01.12.2021, 23:58:12] --> veviguveze appeared
[ruzinolemape: 01.12.2021, 23:58:31] --> vuzasuzufoga appeared
[ruzinolemape: 01.12.2021, 23:58:45] --> vuzasuzufoga appeared
[ruzinolemape: 01.12.2021, 23:59:01] --> vuzasuzufoga appeared
[ruzinolemape: 01.12.2021, 23:59:31] --> vuzasuzufoga appeared
[ruzinolemape: 01.12.2021, 23:59:46] --> vuzasuzufoga appeared
[ruzinolemape: 02.12.2021, 00:00:12] --> dowikacaze appeared
[ruzinolemape: 02.12.2021, 00:00:17] --> vuzasuzufoga appeared
[ruzinolemape: 02.12.2021, 00:00:26] --> zovozobozo appeared
[ruzinolemape: 02.12.2021, 00:00:31] --> vuzasuzufoga appeared
[ruzinolemape: 02.12.2021, 00:00:47] --> vuzasuzufoga appeared
[ruzinolemape: 02.12.2021, 00:01:01] --> vuzasuzufoga appeared
[ruzinolemape: 02.12.2021, 00:01:18] --> vuzasuzufoga appeared
[ruzinolemape: 02.12.2021, 00:01:32] --> vuzasuzufoga appeared
[ruzinolemape: 02.12.2021, 00:02:19] --> veviguveze appeared
[ruzinolemape: 02.12.2021, 00:02:33] --> vuzasuzufoga appeared
[ruzinolemape: 02.12.2021, 00:02:50] --> vuzasuzufoga appeared
[ruzinolemape: 02.12.2021, 00:03:02] --> vuzasuzufoga appeared
[ruzinolemape: 02.12.2021, 00:03:54] --> vuzasuzufoga appeared
[ruzinolemape: 02.12.2021, 00:09:12] --> Character leveled up to level 48
[ruzinolemape: 02.12.2021, 00:28:48] --> Character leveled up to level 49
[ruzinolemape: 02.12.2021, 00:48:17] --> Character leveled up to level 50
[ruzinolemape: 02.12.2021, 00:48:58] --> vuzasuzufoga appeared
[ruzinolemape: 02.12.2021, 00:49:27] --> kacuzogakuve appeared
[ruzinolemape: 02.12.2021, 00:49:43] --> vuzasuzufoga appeared
[ruzinolemape: 02.12.2021, 00:51:36] --> vuzasuzufoga appeared
[ruzinolemape: 02.12.2021, 00:52:37] --> zovozobozo appeared
[ruzinolemape: 02.12.2021, 00:53:07] --> dowikacaze appeared
[ruzinolemape: 02.12.2021, 00:54:58] --> vuzasuzufoga appeared
[ruzinolemape: 02.12.2021, 00:55:31] --> vuzasuzufoga appeared
[ruzinolemape: 02.12.2021, 00:56:01] --> vuzasuzufoga appeared
[ruzinolemape: 02.12.2021, 00:56:16] --> kacuzogakuve appeared
[ruzinolemape: 02.12.2021, 00:58:24] --> vuzasuzufoga appeared
[ruzinolemape: 02.12.2021, 00:59:22] --> veviguveze appeared
[ruzinolemape: 02.12.2021, 00:59:52] --> hfsafa appeared
[ruzinolemape: 02.12.2021, 08:40:55] --> Bot successfully started
[ruzinolemape: 02.12.2021, 08:40:56] --> hfsafa appeared
[ruzinolemape: 02.12.2021, 08:40:56] --> Setting '2' loaded because of active level settings
[ruzinolemape: 02.12.2021, 08:41:14] --> hfsafa appeared
[ruzinolemape: 02.12.2021, 08:41:27] --> zovozobozo appeared
[ruzinolemape: 02.12.2021, 08:41:33] --> zovozobozo appeared
[ruzinolemape: 02.12.2021, 08:41:57] --> hfsafa appeared
[ruzinolemape: 02.12.2021, 08:42:17] --> hfsafa appeared
[ruzinolemape: 02.12.2021, 08:42:42] --> veviguveze appeared
[ruzinolemape: 02.12.2021, 08:42:58] --> romelaponok appeared
[ruzinolemape: 02.12.2021, 08:43:43] --> Character was kicked from the bot, reason: Character was walking
[ruzinolemape: 02.12.2021, 08:44:18] --> Character was kicked from the bot, reason: Character was walking
[ruzinolemape: 02.12.2021, 08:44:22] --> ZodiaCBom20 appeared
[ruzinolemape: 02.12.2021, 08:44:51] --> wevokebuzi appeared
[ruzinolemape: 02.12.2021, 08:45:03] --> hadekomali appeared
[ruzinolemape: 02.12.2021, 08:49:35] --> vuzasuzufoga appeared
[ruzinolemape: 02.12.2021, 08:52:07] --> biwapimitepe appeared
[ruzinolemape: 02.12.2021, 08:54:35] --> vuzasuzufoga appeared
[ruzinolemape: 02.12.2021, 08:54:50] --> biwapimitepe appeared
[ruzinolemape: 02.12.2021, 08:54:59] --> hififedozif appeared
[ruzinolemape: 02.12.2021, 08:55:48] --> biwapimitepe appeared
[ruzinolemape: 02.12.2021, 08:56:00] --> biwapimitepe appeared
[ruzinolemape: 02.12.2021, 08:56:14] --> vuzasuzufoga appeared
[ruzinolemape: 02.12.2021, 08:56:58] --> vuzasuzufoga appeared
[ruzinolemape: 02.12.2021, 08:57:03] --> vuzasuzufoga appeared
[ruzinolemape: 02.12.2021, 08:57:30] --> hadekomali appeared
[ruzinolemape: 02.12.2021, 08:58:16] --> vuzasuzufoga appeared
[ruzinolemape: 02.12.2021, 08:58:43] --> hadekomali appeared
[ruzinolemape: 02.12.2021, 08:59:31] --> vuzasuzufoga appeared
[ruzinolemape: 02.12.2021, 09:00:01] --> hififedozif appeared
[ruzinolemape: 02.12.2021, 09:01:01] --> biwapimitepe appeared
[ruzinolemape: 02.12.2021, 09:01:16] --> hififedozif appeared
[ruzinolemape: 02.12.2021, 09:02:14] --> buhimatusu appeared
[ruzinolemape: 02.12.2021, 09:02:29] --> hififedozif appeared
[ruzinolemape: 02.12.2021, 09:03:42] --> hififedozif appeared
[ruzinolemape: 02.12.2021, 09:04:36] --> Character got kick
[ruzinolemape: 02.12.2021, 09:05:34] --> Character was kicked from the bot, reason: Character was walking
[ruzinolemape: 02.12.2021, 09:05:39] --> vuzasuzufoga appeared
[ruzinolemape: 02.12.2021, 09:36:00] --> Changing into CH9
[ruzinolemape: 02.12.2021, 09:36:08] --> zucokodomo appeared
[ruzinolemape: 02.12.2021, 15:34:06] --> Bot successfully started
[ruzinolemape: 02.12.2021, 15:34:07] --> Setting '2' loaded because of active level settings
[ruzinolemape: 02.12.2021, 15:34:15] --> Character was kicked from the bot, reason: Character was walking
[ruzinolemape: 02.12.2021, 15:34:20] --> rogabigehe appeared
[ruzinolemape: 02.12.2021, 15:34:33] --> Kaymakspor appeared
[ruzinolemape: 02.12.2021, 15:34:40] --> Character was kicked from the bot, reason: Character was walking
[ruzinolemape: 02.12.2021, 15:34:44] --> vuzasuzufoga appeared
[ruzinolemape: 02.12.2021, 15:34:54] --> vuzasuzufoga appeared
[ruzinolemape: 02.12.2021, 15:35:11] --> vuzasuzufoga appeared
[ruzinolemape: 02.12.2021, 15:43:45] --> Bot successfully started
[ruzinolemape: 02.12.2021, 15:43:45] --> zovozobozo appeared
[ruzinolemape: 02.12.2021, 15:44:14] --> Character was kicked from the bot, reason: Character was walking
[ruzinolemape: 02.12.2021, 15:44:19] --> buzapibakum appeared
[ruzinolemape: 02.12.2021, 15:44:40] --> xAlinax appeared
[ruzinolemape: 02.12.2021, 15:44:48] --> Character was kicked from the bot, reason: Character was walking
[ruzinolemape: 02.12.2021, 15:45:14] --> DreuzerS appeared
[ruzinolemape: 02.12.2021, 15:45:46] --> DreuzerS appeared
[ruzinolemape: 02.12.2021, 15:46:07] --> DreuzerS appeared
[ruzinolemape: 02.12.2021, 15:46:26] --> vuzasuzufoga appeared
[ruzinolemape: 02.12.2021, 15:46:48] --> buhimatusu appeared
[ruzinolemape: 02.12.2021, 15:47:26] --> DreuzerS appeared
[ruzinolemape: 02.12.2021, 15:48:04] --> DreuzerS appeared
[ruzinolemape: 02.12.2021, 15:48:25] --> buhimatusu appeared
[ruzinolemape: 02.12.2021, 15:49:21] --> DreuzerS appeared
[ruzinolemape: 02.12.2021, 15:49:40] --> DreuzerS appeared
[ruzinolemape: 02.12.2021, 15:50:03] --> DreuzerS appeared
[ruzinolemape: 02.12.2021, 15:50:41] --> DreuzerS appeared
[ruzinolemape: 02.12.2021, 15:51:16] --> DreuzerS appeared
[ruzinolemape: 02.12.2021, 15:53:54] --> DreuzerS appeared
[ruzinolemape: 02.12.2021, 15:56:52] --> buhimatusu appeared
[ruzinolemape: 02.12.2021, 15:57:12] --> DreuzerS appeared
[ruzinolemape: 02.12.2021, 15:58:13] --> buhimatusu appeared
[ruzinolemape: 02.12.2021, 15:58:44] --> buhimatusu appeared
[ruzinolemape: 02.12.2021, 15:58:50] --> buhimatusu appeared
[ruzinolemape: 02.12.2021, 15:59:33] --> buhimatusu appeared
[ruzinolemape: 02.12.2021, 15:59:52] --> DreuzerS appeared
[ruzinolemape: 02.12.2021, 16:00:10] --> buhimatusu appeared
[ruzinolemape: 02.12.2021, 16:00:54] --> wevokebuzi appeared
[ruzinolemape: 02.12.2021, 16:01:16] --> DreuzerS appeared
[ruzinolemape: 02.12.2021, 16:01:50] --> buhimatusu appeared
[ruzinolemape: 02.12.2021, 16:02:12] --> DreuzerS appeared
[ruzinolemape: 02.12.2021, 16:02:51] --> buhimatusu appeared
[ruzinolemape: 02.12.2021, 16:03:33] --> buhimatusu appeared
[ruzinolemape: 02.12.2021, 16:03:52] --> DreuzerS appeared
[ruzinolemape: 02.12.2021, 16:04:27] --> DreuzerS appeared
[ruzinolemape: 02.12.2021, 16:04:48] --> DreuzerS appeared
[ruzinolemape: 02.12.2021, 16:05:10] --> DreuzerS appeared
[ruzinolemape: 02.12.2021, 16:05:18] --> buhimatusu appeared
[ruzinolemape: 02.12.2021, 16:05:29] --> buhimatusu appeared
[ruzinolemape: 02.12.2021, 16:05:44] --> DreuzerS appeared
[ruzinolemape: 02.12.2021, 16:05:55] --> DreuzerS appeared
[ruzinolemape: 02.12.2021, 16:06:09] --> buhimatusu appeared
[ruzinolemape: 02.12.2021, 16:06:12] --> buhimatusu appeared
[ruzinolemape: 02.12.2021, 16:06:40] --> buhimatusu appeared
[ruzinolemape: 02.12.2021, 16:06:47] --> DreuzerS appeared
[ruzinolemape: 02.12.2021, 16:07:11] --> DreuzerS appeared
[ruzinolemape: 02.12.2021, 16:07:49] --> DreuzerS appeared
[ruzinolemape: 02.12.2021, 16:08:10] --> buhimatusu appeared
[ruzinolemape: 02.12.2021, 16:08:23] --> DreuzerS appeared
[ruzinolemape: 02.12.2021, 16:08:26] --> DreuzerS appeared
[ruzinolemape: 02.12.2021, 16:08:33] --> DreuzerS appeared
[ruzinolemape: 02.12.2021, 16:08:48] --> buhimatusu appeared
[ruzinolemape: 02.12.2021, 16:09:11] --> DreuzerS appeared
[ruzinolemape: 02.12.2021, 16:09:21] --> DreuzerS appeared
[ruzinolemape: 02.12.2021, 16:09:27] --> DreuzerS appeared
[ruzinolemape: 02.12.2021, 16:09:47] --> DreuzerS appeared
[ruzinolemape: 02.12.2021, 16:10:18] --> DreuzerS appeared
[ruzinolemape: 02.12.2021, 16:10:27] --> DreuzerS appeared
[ruzinolemape: 02.12.2021, 16:10:46] --> buhimatusu appeared
[ruzinolemape: 02.12.2021, 16:11:04] --> DreuzerS appeared
[ruzinolemape: 02.12.2021, 16:11:26] --> buhimatusu appeared
[ruzinolemape: 02.12.2021, 16:12:02] --> DreuzerS appeared
[ruzinolemape: 02.12.2021, 16:12:23] --> buhimatusu appeared
[ruzinolemape: 02.12.2021, 16:13:04] --> DreuzerS appeared
[ruzinolemape: 02.12.2021, 16:13:27] --> DreuzerS appeared
[ruzinolemape: 02.12.2021, 16:14:09] --> DreuzerS appeared
[ruzinolemape: 02.12.2021, 16:14:28] --> DreuzerS appeared
[ruzinolemape: 02.12.2021, 16:14:53] --> DreuzerS appeared
[ruzinolemape: 02.12.2021, 16:15:06] --> vuzasuzufoga appeared
[ruzinolemape: 02.12.2021, 16:15:32] --> wevokebuzi appeared
[ruzinolemape: 02.12.2021, 16:15:48] --> buhimatusu appeared
[ruzinolemape: 02.12.2021, 16:16:48] --> DreuzerS appeared
[ruzinolemape: 02.12.2021, 16:17:10] --> buhimatusu appeared
[ruzinolemape: 02.12.2021, 16:17:34] --> DreuzerS appeared
[ruzinolemape: 02.12.2021, 16:17:46] --> DreuzerS appeared
[ruzinolemape: 02.12.2021, 16:17:53] --> buhimatusu appeared
[ruzinolemape: 02.12.2021, 16:19:46] --> buhimatusu appeared
[ruzinolemape: 02.12.2021, 16:20:47] --> DreuzerS appeared
[ruzinolemape: 02.12.2021, 16:21:07] --> DreuzerS appeared
[ruzinolemape: 02.12.2021, 16:21:26] --> buhimatusu appeared
[ruzinolemape: 02.12.2021, 16:21:49] --> DreuzerS appeared
[ruzinolemape: 02.12.2021, 16:22:08] --> DreuzerS appeared
[ruzinolemape: 02.12.2021, 16:22:28] --> DreuzerS appeared
[ruzinolemape: 02.12.2021, 16:22:48] --> buhimatusu appeared
[ruzinolemape: 02.12.2021, 16:23:04] --> DreuzerS appeared
[ruzinolemape: 02.12.2021, 16:23:15] --> wevokebuzi appeared
[ruzinolemape: 02.12.2021, 16:23:24] --> DreuzerS appeared
[ruzinolemape: 02.12.2021, 16:23:44] --> DreuzerS appeared
[ruzinolemape: 02.12.2021, 16:24:09] --> DreuzerS appeared
[ruzinolemape: 02.12.2021, 16:24:51] --> wevokebuzi appeared
[ruzinolemape: 02.12.2021, 16:25:22] --> wevokebuzi appeared
[ruzinolemape: 02.12.2021, 16:25:45] --> DreuzerS appeared
[ruzinolemape: 02.12.2021, 16:26:11] --> wevokebuzi appeared
[ruzinolemape: 02.12.2021, 16:26:46] --> DreuzerS appeared
[ruzinolemape: 02.12.2021, 16:27:08] --> DreuzerS appeared
[ruzinolemape: 02.12.2021, 16:27:27] --> vuzasuzufoga appeared
[ruzinolemape: 02.12.2021, 16:27:48] --> DreuzerS appeared
[ruzinolemape: 02.12.2021, 16:28:11] --> DreuzerS appeared
[ruzinolemape: 02.12.2021, 16:29:13] --> DreuzerS appeared
[ruzinolemape: 02.12.2021, 16:30:03] --> vuzasuzufoga appeared
[ruzinolemape: 02.12.2021, 16:30:28] --> buhimatusu appeared
[ruzinolemape: 02.12.2021, 16:34:56] --> Character got kick
[ruzinolemape: 02.12.2021, 16:35:40] --> DreuzerS appeared
[ruzinolemape: 02.12.2021, 16:35:58] --> buhimatusu appeared
[ruzinolemape: 02.12.2021, 16:37:05] --> Bot successfully started
[ruzinolemape: 02.12.2021, 16:37:05] --> DreuzerS appeared
[ruzinolemape: 02.12.2021, 16:37:16] --> DreuzerS appeared
[ruzinolemape: 02.12.2021, 16:37:37] --> DreuzerS appeared
[ruzinolemape: 02.12.2021, 16:37:48] --> DreuzerS appeared
[ruzinolemape: 02.12.2021, 16:37:52] --> DreuzerS appeared
[ruzinolemape: 02.12.2021, 16:38:15] --> buhimatusu appeared
[ruzinolemape: 02.12.2021, 16:38:50] --> DreuzerS appeared
[ruzinolemape: 02.12.2021, 16:39:14] --> buhimatusu appeared
[ruzinolemape: 02.12.2021, 16:39:31] --> DreuzerS appeared
[ruzinolemape: 02.12.2021, 16:39:44] --> DreuzerS appeared
[ruzinolemape: 02.12.2021, 16:39:51] --> DreuzerS appeared
[ruzinolemape: 02.12.2021, 16:40:23] --> buhimatusu appeared
[ruzinolemape: 02.12.2021, 16:40:28] --> DreuzerS appeared
[ruzinolemape: 02.12.2021, 16:40:50] --> buhimatusu appeared
[ruzinolemape: 02.12.2021, 16:41:09] --> DreuzerS appeared
[ruzinolemape: 02.12.2021, 16:42:01] --> buhimatusu appeared
[ruzinolemape: 02.12.2021, 16:42:20] --> buhimatusu appeared
[ruzinolemape: 02.12.2021, 16:42:26] --> buhimatusu appeared
[ruzinolemape: 02.12.2021, 16:43:11] --> buhimatusu appeared
[ruzinolemape: 02.12.2021, 16:44:06] --> buhimatusu appeared
[ruzinolemape: 02.12.2021, 16:44:26] --> DreuzerS appeared
[ruzinolemape: 02.12.2021, 16:44:46] --> buhimatusu appeared
[ruzinolemape: 02.12.2021, 16:45:00] --> buhimatusu appeared
[ruzinolemape: 02.12.2021, 16:45:12] --> buhimatusu appeared
[ruzinolemape: 02.12.2021, 16:45:26] --> buhimatusu appeared
[ruzinolemape: 02.12.2021, 16:45:51] --> buhimatusu appeared
[ruzinolemape: 02.12.2021, 16:46:10] --> wevokebuzi appeared
[ruzinolemape: 02.12.2021, 16:46:23] --> vuzasuzufoga appeared
[ruzinolemape: 02.12.2021, 16:46:24] --> DreuzerS appeared
[ruzinolemape: 02.12.2021, 16:47:03] --> DreuzerS appeared
[ruzinolemape: 02.12.2021, 16:47:37] --> DreuzerS appeared
[ruzinolemape: 02.12.2021, 16:48:00] --> buhimatusu appeared
[ruzinolemape: 02.12.2021, 16:48:15] --> buhimatusu appeared
[ruzinolemape: 02.12.2021, 16:48:40] --> buhimatusu appeared
[ruzinolemape: 02.12.2021, 16:49:41] --> DreuzerS appeared
[ruzinolemape: 02.12.2021, 16:50:00] --> DreuzerS appeared
[ruzinolemape: 02.12.2021, 16:50:17] --> buhimatusu appeared
[ruzinolemape: 02.12.2021, 16:50:26] --> wevokebuzi appeared
[ruzinolemape: 02.12.2021, 16:50:56] --> DreuzerS appeared
[ruzinolemape: 02.12.2021, 16:51:10] --> lofukezadez appeared
[ruzinolemape: 02.12.2021, 16:51:55] --> DreuzerS appeared
[ruzinolemape: 02.12.2021, 16:54:12] --> DreuzerS appeared
[ruzinolemape: 02.12.2021, 16:54:36] --> DreuzerS appeared
[ruzinolemape: 02.12.2021, 16:55:56] --> buhimatusu appeared
[ruzinolemape: 02.12.2021, 16:56:55] --> buhimatusu appeared
[ruzinolemape: 02.12.2021, 16:57:24] --> buhimatusu appeared
[ruzinolemape: 02.12.2021, 17:00:41] --> DreuzerS appeared
[ruzinolemape: 02.12.2021, 17:01:02] --> buhimatusu appeared
[ruzinolemape: 02.12.2021, 17:01:06] --> DreuzerS appeared
[ruzinolemape: 02.12.2021, 17:02:18] --> DreuzerS appeared
[ruzinolemape: 02.12.2021, 17:02:38] --> vuzasuzufoga appeared
[ruzinolemape: 02.12.2021, 17:03:20] --> DreuzerS appeared
[ruzinolemape: 02.12.2021, 17:03:23] --> DreuzerS appeared
[ruzinolemape: 02.12.2021, 17:03:45] --> DreuzerS appeared
[ruzinolemape: 02.12.2021, 17:04:57] --> DreuzerS appeared
[ruzinolemape: 02.12.2021, 17:05:13] --> lofukezadez appeared
[ruzinolemape: 02.12.2021, 17:06:17] --> buhimatusu appeared
[ruzinolemape: 02.12.2021, 17:06:33] --> lofukezadez appeared
[ruzinolemape: 02.12.2021, 17:07:17] --> DreuzerS appeared
[ruzinolemape: 02.12.2021, 17:08:52] --> buhimatusu appeared
[ruzinolemape: 02.12.2021, 17:09:12] --> lofukezadez appeared
[ruzinolemape: 02.12.2021, 17:09:29] --> lofukezadez appeared
[ruzinolemape: 02.12.2021, 17:09:52] --> DreuzerS appeared
[ruzinolemape: 02.12.2021, 17:10:56] --> DreuzerS appeared
[ruzinolemape: 02.12.2021, 17:11:13] --> buhimatusu appeared
[ruzinolemape: 02.12.2021, 17:11:27] --> DreuzerS appeared
[ruzinolemape: 02.12.2021, 17:11:33] --> DreuzerS appeared
[ruzinolemape: 02.12.2021, 17:11:52] --> DreuzerS appeared
[ruzinolemape: 02.12.2021, 17:12:10] --> DreuzerS appeared
[ruzinolemape: 02.12.2021, 17:12:52] --> DreuzerS appeared
[ruzinolemape: 02.12.2021, 17:13:53] --> DreuzerS appeared
[ruzinolemape: 02.12.2021, 17:14:29] --> DreuzerS appeared
[ruzinolemape: 02.12.2021, 17:14:40] --> wevokebuzi appeared
[ruzinolemape: 02.12.2021, 17:15:09] --> DreuzerS appeared
[ruzinolemape: 02.12.2021, 17:15:29] --> buhimatusu appeared
[ruzinolemape: 02.12.2021, 17:16:27] --> buhimatusu appeared
[ruzinolemape: 02.12.2021, 17:17:07] --> DreuzerS appeared
[ruzinolemape: 02.12.2021, 17:17:55] --> DreuzerS appeared
[ruzinolemape: 02.12.2021, 17:18:34] --> vuzasuzufoga appeared
[ruzinolemape: 02.12.2021, 17:19:00] --> wevokebuzi appeared
[ruzinolemape: 02.12.2021, 17:19:06] --> DreuzerS appeared
[ruzinolemape: 02.12.2021, 17:19:11] --> DreuzerS appeared
[ruzinolemape: 02.12.2021, 17:19:34] --> DreuzerS appeared
[ruzinolemape: 02.12.2021, 17:20:15] --> DreuzerS appeared
[ruzinolemape: 02.12.2021, 17:20:32] --> DreuzerS appeared
[ruzinolemape: 02.12.2021, 17:20:36] --> DreuzerS appeared
[ruzinolemape: 02.12.2021, 17:20:44] --> DreuzerS appeared
[ruzinolemape: 02.12.2021, 17:20:49] --> wevokebuzi appeared
[ruzinolemape: 02.12.2021, 17:21:13] --> vuzasuzufoga appeared
[ruzinolemape: 02.12.2021, 17:21:24] --> wevokebuzi appeared
[ruzinolemape: 02.12.2021, 17:21:33] --> buhimatusu appeared
[ruzinolemape: 02.12.2021, 17:22:15] --> DreuzerS appeared
[ruzinolemape: 02.12.2021, 17:22:31] --> vuzasuzufoga appeared
[ruzinolemape: 02.12.2021, 17:22:36] --> buhimatusu appeared
[ruzinolemape: 02.12.2021, 17:22:54] --> buhimatusu appeared
[ruzinolemape: 02.12.2021, 17:23:16] --> DreuzerS appeared
[ruzinolemape: 02.12.2021, 17:24:17] --> buhimatusu appeared
[ruzinolemape: 02.12.2021, 17:25:14] --> DreuzerS appeared
[ruzinolemape: 02.12.2021, 17:25:27] --> buhimatusu appeared
[ruzinolemape: 02.12.2021, 17:25:31] --> buhimatusu appeared
[ruzinolemape: 02.12.2021, 17:25:46] --> DreuzerS appeared
[ruzinolemape: 02.12.2021, 17:25:53] --> DreuzerS appeared
[ruzinolemape: 02.12.2021, 17:26:15] --> DreuzerS appeared
[ruzinolemape: 02.12.2021, 17:26:56] --> DreuzerS appeared
[ruzinolemape: 02.12.2021, 17:27:19] --> DreuzerS appeared
[ruzinolemape: 02.12.2021, 17:27:52] --> DreuzerS appeared
[ruzinolemape: 02.12.2021, 17:28:15] --> DreuzerS appeared
[ruzinolemape: 02.12.2021, 17:28:53] --> DreuzerS appeared
[ruzinolemape: 02.12.2021, 17:29:17] --> buhimatusu appeared
[ruzinolemape: 02.12.2021, 17:29:54] --> buhimatusu appeared
[ruzinolemape: 02.12.2021, 17:30:19] --> DreuzerS appeared
[ruzinolemape: 02.12.2021, 17:30:33] --> DreuzerS appeared
[ruzinolemape: 02.12.2021, 17:31:00] --> wevokebuzi appeared
[ruzinolemape: 02.12.2021, 17:31:36] --> DreuzerS appeared
[ruzinolemape: 02.12.2021, 17:31:44] --> DreuzerS appeared
[ruzinolemape: 02.12.2021, 17:32:00] --> DreuzerS appeared
[ruzinolemape: 02.12.2021, 17:32:13] --> DreuzerS appeared
[ruzinolemape: 02.12.2021, 17:32:19] --> DreuzerS appeared
[ruzinolemape: 02.12.2021, 17:33:02] --> buhimatusu appeared
[ruzinolemape: 02.12.2021, 17:34:32] --> DreuzerS appeared
[ruzinolemape: 02.12.2021, 17:34:53] --> DreuzerS appeared
[ruzinolemape: 02.12.2021, 17:35:07] --> vuzasuzufoga appeared
[ruzinolemape: 02.12.2021, 17:35:34] --> DreuzerS appeared
[ruzinolemape: 02.12.2021, 17:35:57] --> DreuzerS appeared
[ruzinolemape: 02.12.2021, 17:36:19] --> buhimatusu appeared
[ruzinolemape: 02.12.2021, 17:37:22] --> DreuzerS appeared
[ruzinolemape: 02.12.2021, 17:37:45] --> DreuzerS appeared
[ruzinolemape: 02.12.2021, 17:38:23] --> DreuzerS appeared
[ruzinolemape: 02.12.2021, 17:38:32] --> DreuzerS appeared
[ruzinolemape: 02.12.2021, 17:38:40] --> DreuzerS appeared
[ruzinolemape: 02.12.2021, 17:38:43] --> buhimatusu appeared
[ruzinolemape: 02.12.2021, 17:39:00] --> DreuzerS appeared
[ruzinolemape: 02.12.2021, 17:40:22] --> buhimatusu appeared
[ruzinolemape: 02.12.2021, 17:41:16] --> buhimatusu appeared
[ruzinolemape: 02.12.2021, 17:41:29] --> DreuzerS appeared
[ruzinolemape: 02.12.2021, 17:41:52] --> DreuzerS appeared
[ruzinolemape: 02.12.2021, 17:42:13] --> DreuzerS appeared
[ruzinolemape: 02.12.2021, 17:42:24] --> DreuzerS appeared
[ruzinolemape: 02.12.2021, 17:44:18] --> DreuzerS appeared
[ruzinolemape: 02.12.2021, 17:45:53] --> vuzasuzufoga appeared
[ruzinolemape: 02.12.2021, 17:46:16] --> buhimatusu appeared
[ruzinolemape: 02.12.2021, 17:46:40] --> DreuzerS appeared
[ruzinolemape: 02.12.2021, 17:46:58] --> DreuzerS appeared
[ruzinolemape: 02.12.2021, 17:47:01] --> buhimatusu appeared
[ruzinolemape: 02.12.2021, 17:47:16] --> vuzasuzufoga appeared
[ruzinolemape: 02.12.2021, 17:47:43] --> buhimatusu appeared
[ruzinolemape: 02.12.2021, 17:48:16] --> wevokebuzi appeared
[ruzinolemape: 02.12.2021, 17:48:21] --> buhimatusu appeared
[ruzinolemape: 02.12.2021, 17:49:01] --> buhimatusu appeared
[ruzinolemape: 02.12.2021, 17:50:09] --> DreuzerS appeared
[ruzinolemape: 02.12.2021, 17:50:32] --> DreuzerS appeared
[ruzinolemape: 02.12.2021, 17:50:49] --> DreuzerS appeared
[ruzinolemape: 02.12.2021, 17:51:36] --> DreuzerS appeared
[ruzinolemape: 02.12.2021, 17:51:56] --> DreuzerS appeared
[ruzinolemape: 02.12.2021, 17:52:37] --> DreuzerS appeared
[ruzinolemape: 02.12.2021, 17:53:19] --> DreuzerS appeared
[ruzinolemape: 02.12.2021, 17:53:40] --> DreuzerS appeared
[ruzinolemape: 02.12.2021, 17:53:47] --> DreuzerS appeared
[ruzinolemape: 02.12.2021, 17:53:54] --> DreuzerS appeared
[ruzinolemape: 02.12.2021, 17:54:12] --> buhimatusu appeared
[ruzinolemape: 02.12.2021, 17:54:14] --> buhimatusu appeared
[ruzinolemape: 02.12.2021, 17:54:33] --> DreuzerS appeared
[ruzinolemape: 02.12.2021, 17:54:56] --> DreuzerS appeared
[ruzinolemape: 02.12.2021, 17:55:16] --> DreuzerS appeared
[ruzinolemape: 02.12.2021, 17:55:38] --> DreuzerS appeared
[ruzinolemape: 02.12.2021, 17:55:56] --> buhimatusu appeared
[ruzinolemape: 02.12.2021, 17:56:11] --> DreuzerS appeared
[ruzinolemape: 02.12.2021, 17:56:17] --> DreuzerS appeared
[ruzinolemape: 02.12.2021, 17:56:40] --> buhimatusu appeared
[ruzinolemape: 02.12.2021, 17:56:51] --> DreuzerS appeared
[ruzinolemape: 02.12.2021, 17:56:54] --> DreuzerS appeared
[ruzinolemape: 02.12.2021, 17:57:02] --> DreuzerS appeared
[ruzinolemape: 02.12.2021, 17:57:17] --> buhimatusu appeared
[ruzinolemape: 02.12.2021, 17:58:11] --> DreuzerS appeared
[ruzinolemape: 02.12.2021, 17:58:12] --> buhimatusu appeared
[ruzinolemape: 02.12.2021, 17:58:34] --> buhimatusu appeared
[ruzinolemape: 02.12.2021, 17:58:54] --> DreuzerS appeared
[ruzinolemape: 02.12.2021, 17:59:38] --> buhimatusu appeared
[ruzinolemape: 02.12.2021, 17:59:56] --> buhimatusu appeared
[ruzinolemape: 02.12.2021, 18:00:52] --> DreuzerS appeared
[ruzinolemape: 02.12.2021, 18:00:55] --> DreuzerS appeared
[ruzinolemape: 02.12.2021, 18:01:13] --> vuzasuzufoga appeared
[ruzinolemape: 02.12.2021, 18:01:36] --> DreuzerS appeared
[ruzinolemape: 02.12.2021, 18:01:56] --> buhimatusu appeared
[ruzinolemape: 02.12.2021, 18:02:53] --> DreuzerS appeared
[ruzinolemape: 02.12.2021, 18:03:13] --> DreuzerS appeared
[ruzinolemape: 02.12.2021, 18:03:33] --> DreuzerS appeared
[ruzinolemape: 02.12.2021, 18:04:34] --> DreuzerS appeared
[ruzinolemape: 02.12.2021, 18:04:45] --> buhimatusu appeared
[ruzinolemape: 02.12.2021, 18:04:58] --> DreuzerS appeared
[ruzinolemape: 02.12.2021, 18:05:49] --> DreuzerS appeared
[ruzinolemape: 02.12.2021, 18:06:10] --> DreuzerS appeared
[ruzinolemape: 02.12.2021, 18:06:52] --> DreuzerS appeared
[ruzinolemape: 02.12.2021, 18:07:01] --> DreuzerS appeared
[ruzinolemape: 02.12.2021, 18:07:07] --> wevokebuzi appeared
[ruzinolemape: 02.12.2021, 18:07:32] --> vuzasuzufoga appeared
[ruzinolemape: 02.12.2021, 18:08:07] --> DreuzerS appeared
[ruzinolemape: 02.12.2021, 18:08:27] --> buhimatusu appeared
[ruzinolemape: 02.12.2021, 18:10:05] --> DreuzerS appeared
[ruzinolemape: 02.12.2021, 18:11:29] --> vuzasuzufoga appeared
[ruzinolemape: 02.12.2021, 18:11:59] --> marikidiza appeared
[ruzinolemape: 02.12.2021, 18:12:31] --> DreuzerS appeared
[ruzinolemape: 02.12.2021, 18:13:52] --> wevokebuzi appeared
[ruzinolemape: 02.12.2021, 18:14:09] --> DreuzerS appeared
[ruzinolemape: 02.12.2021, 18:15:09] --> buhimatusu appeared
[ruzinolemape: 02.12.2021, 18:15:13] --> buhimatusu appeared
[ruzinolemape: 02.12.2021, 18:16:37] --> buhimatusu appeared
[ruzinolemape: 02.12.2021, 18:17:42] --> DreuzerS appeared
[ruzinolemape: 02.12.2021, 18:18:08] --> DreuzerS appeared
[ruzinolemape: 02.12.2021, 18:18:24] --> marikidiza appeared
[ruzinolemape: 02.12.2021, 18:19:31] --> DreuzerS appeared
[ruzinolemape: 02.12.2021, 18:19:33] --> wevokebuzi appeared
[ruzinolemape: 02.12.2021, 18:19:58] --> marikidiza appeared
[ruzinolemape: 02.12.2021, 18:21:28] --> wevokebuzi appeared
[ruzinolemape: 02.12.2021, 18:21:46] --> marikidiza appeared
[ruzinolemape: 02.12.2021, 18:23:08] --> buhimatusu appeared
[ruzinolemape: 02.12.2021, 18:23:31] --> marikidiza appeared
[ruzinolemape: 02.12.2021, 18:24:43] --> buhimatusu appeared
[ruzinolemape: 02.12.2021, 18:24:47] --> buhimatusu appeared
[ruzinolemape: 02.12.2021, 18:25:07] --> marikidiza appeared
[ruzinolemape: 02.12.2021, 18:25:17] --> marikidiza appeared
[ruzinolemape: 02.12.2021, 18:26:20] --> wevokebuzi appeared
[ruzinolemape: 02.12.2021, 18:26:50] --> Usiccu appeared
[ruzinolemape: 02.12.2021, 18:27:48] --> buhimatusu appeared
[ruzinolemape: 02.12.2021, 18:29:29] --> buhimatusu appeared
[ruzinolemape: 02.12.2021, 18:30:13] --> buhimatusu appeared
[ruzinolemape: 02.12.2021, 18:30:21] --> buhimatusu appeared
[ruzinolemape: 02.12.2021, 18:30:28] --> kisonuzubak appeared
[ruzinolemape: 02.12.2021, 18:30:30] --> kisonuzubak appeared
[ruzinolemape: 02.12.2021, 18:30:40] --> wevokebuzi appeared
[ruzinolemape: 02.12.2021, 18:30:58] --> buhimatusu appeared
[ruzinolemape: 02.12.2021, 18:31:25] --> buhimatusu appeared
[ruzinolemape: 02.12.2021, 18:32:22] --> buhimatusu appeared
[ruzinolemape: 02.12.2021, 18:32:35] --> vuzasuzufoga appeared
[ruzinolemape: 02.12.2021, 18:33:08] --> buhimatusu appeared
[ruzinolemape: 02.12.2021, 18:33:26] --> DreuzerS appeared
[ruzinolemape: 02.12.2021, 18:33:37] --> DreuzerS appeared
[ruzinolemape: 02.12.2021, 18:34:05] --> DreuzerS appeared
[ruzinolemape: 02.12.2021, 18:34:38] --> buhimatusu appeared
[ruzinolemape: 02.12.2021, 18:35:29] --> buhimatusu appeared
[ruzinolemape: 02.12.2021, 18:35:54] --> DreuzerS appeared
[ruzinolemape: 02.12.2021, 18:36:28] --> DreuzerS appeared
[ruzinolemape: 02.12.2021, 18:36:38] --> DreuzerS appeared
[ruzinolemape: 02.12.2021, 18:36:45] --> buhimatusu appeared
[ruzinolemape: 02.12.2021, 18:37:33] --> buhimatusu appeared
[ruzinolemape: 02.12.2021, 18:37:59] --> buhimatusu appeared
[ruzinolemape: 02.12.2021, 18:38:19] --> 7pepper44 appeared
[ruzinolemape: 02.12.2021, 18:39:02] --> buhimatusu appeared
[ruzinolemape: 02.12.2021, 18:39:09] --> buhimatusu appeared
[ruzinolemape: 02.12.2021, 18:39:25] --> buhimatusu appeared
[ruzinolemape: 02.12.2021, 18:39:57] --> kisonuzubak appeared
[ruzinolemape: 02.12.2021, 18:40:14] --> vuzasuzufoga appeared
[ruzinolemape: 02.12.2021, 18:40:50] --> DreuzerS appeared
[ruzinolemape: 02.12.2021, 18:41:52] --> buhimatusu appeared
[ruzinolemape: 02.12.2021, 18:43:48] --> vuzasuzufoga appeared
[ruzinolemape: 02.12.2021, 18:50:32] --> Bot successfully started
[ruzinolemape: 02.12.2021, 18:50:32] --> DreuzerS appeared
[ruzinolemape: 02.12.2021, 18:50:39] --> DreuzerS appeared
[ruzinolemape: 02.12.2021, 18:51:41] --> DreuzerS appeared
[ruzinolemape: 02.12.2021, 18:52:35] --> 7pepper44 appeared
[ruzinolemape: 02.12.2021, 18:52:44] --> DreuzerS appeared
[ruzinolemape: 02.12.2021, 18:53:06] --> DreuzerS appeared
[ruzinolemape: 02.12.2021, 18:53:49] --> DreuzerS appeared
[ruzinolemape: 02.12.2021, 18:54:07] --> DreuzerS appeared
[ruzinolemape: 02.12.2021, 18:54:22] --> DreuzerS appeared
[ruzinolemape: 02.12.2021, 18:54:28] --> DreuzerS appeared
[ruzinolemape: 02.12.2021, 18:54:43] --> vuzasuzufoga appeared
[ruzinolemape: 02.12.2021, 18:56:04] --> vuzasuzufoga appeared
[ruzinolemape: 02.12.2021, 18:56:29] --> DreuzerS appeared
[ruzinolemape: 02.12.2021, 18:56:48] --> DreuzerS appeared
[ruzinolemape: 02.12.2021, 18:57:15] --> DreuzerS appeared
[ruzinolemape: 02.12.2021, 18:57:33] --> DreuzerS appeared
[ruzinolemape: 02.12.2021, 18:58:05] --> DreuzerS appeared
[ruzinolemape: 02.12.2021, 18:58:08] --> DreuzerS appeared
[ruzinolemape: 02.12.2021, 18:59:17] --> DreuzerS appeared
[ruzinolemape: 02.12.2021, 19:02:28] --> Bot successfully started
[ruzinolemape: 02.12.2021, 19:02:28] --> kisonuzubak appeared
[ruzinolemape: 02.12.2021, 19:09:40] --> Bot successfully started
[ruzinolemape: 02.12.2021, 19:09:40] --> kisonuzubak appeared
[ruzinolemape: 02.12.2021, 19:09:57] --> DreuzerS appeared
[ruzinolemape: 02.12.2021, 19:10:16] --> DreuzerS appeared
[ruzinolemape: 02.12.2021, 19:10:35] --> wevokebuzi appeared
[ruzinolemape: 02.12.2021, 19:11:03] --> DreuzerS appeared
[ruzinolemape: 02.12.2021, 19:11:23] --> DreuzerS appeared
[ruzinolemape: 02.12.2021, 19:11:43] --> DreuzerS appeared
[ruzinolemape: 02.12.2021, 19:11:59] --> DreuzerS appeared
[ruzinolemape: 02.12.2021, 19:12:18] --> DreuzerS appeared
[ruzinolemape: 02.12.2021, 19:12:44] --> DreuzerS appeared
[ruzinolemape: 02.12.2021, 19:13:04] --> buhimatusu appeared
[ruzinolemape: 02.12.2021, 19:13:25] --> wevokebuzi appeared
[ruzinolemape: 02.12.2021, 19:13:44] --> DreuzerS appeared
[ruzinolemape: 02.12.2021, 19:13:51] --> buhimatusu appeared
[ruzinolemape: 02.12.2021, 19:14:47] --> DreuzerS appeared
[ruzinolemape: 02.12.2021, 19:16:15] --> DreuzerS appeared
[ruzinolemape: 02.12.2021, 19:16:38] --> DreuzerS appeared
[ruzinolemape: 02.12.2021, 19:17:40] --> buhimatusu appeared
[ruzinolemape: 02.12.2021, 19:18:03] --> 7pepper44 appeared
[ruzinolemape: 02.12.2021, 19:20:53] --> DreuzerS appeared
[ruzinolemape: 02.12.2021, 19:21:41] --> buhimatusu appeared
[ruzinolemape: 02.12.2021, 19:22:03] --> buhimatusu appeared
[ruzinolemape: 02.12.2021, 19:23:53] --> vuzasuzufoga appeared
[ruzinolemape: 02.12.2021, 19:26:23] --> buhimatusu appeared
[ruzinolemape: 02.12.2021, 19:27:28] --> DreuzerS appeared
[ruzinolemape: 02.12.2021, 19:27:48] --> wevokebuzi appeared
[ruzinolemape: 02.12.2021, 19:28:08] --> DreuzerS appeared
[ruzinolemape: 02.12.2021, 19:28:11] --> kisonuzubak appeared
[ruzinolemape: 02.12.2021, 19:28:54] --> DreuzerS appeared
[ruzinolemape: 02.12.2021, 19:29:17] --> DreuzerS appeared
[ruzinolemape: 02.12.2021, 19:29:35] --> Character died
[ruzinolemape: 02.12.2021, 19:29:49] --> DreuzerS appeared
[ruzinolemape: 02.12.2021, 19:29:50] --> Character died
[ruzinolemape: 02.12.2021, 19:30:48] --> wevokebuzi appeared
[ruzinolemape: 02.12.2021, 19:31:01] --> buhimatusu appeared
[ruzinolemape: 02.12.2021, 19:31:04] --> buhimatusu appeared
[ruzinolemape: 02.12.2021, 19:32:09] --> DreuzerS appeared
[ruzinolemape: 02.12.2021, 19:33:49] --> DreuzerS appeared
[ruzinolemape: 02.12.2021, 19:34:08] --> dubizedaro appeared
[ruzinolemape: 02.12.2021, 19:34:53] --> DreuzerS appeared
[ruzinolemape: 02.12.2021, 19:35:17] --> DreuzerS appeared
[ruzinolemape: 02.12.2021, 19:35:34] --> DreuzerS appeared
[ruzinolemape: 02.12.2021, 19:36:43] --> DreuzerS appeared
[ruzinolemape: 02.12.2021, 19:38:10] --> buhimatusu appeared
[ruzinolemape: 02.12.2021, 19:39:25] --> buhimatusu appeared
[ruzinolemape: 02.12.2021, 19:39:28] --> buhimatusu appeared
[ruzinolemape: 02.12.2021, 19:39:39] --> DreuzerS appeared
[ruzinolemape: 02.12.2021, 19:39:43] --> buhimatusu appeared
[ruzinolemape: 02.12.2021, 19:39:58] --> dubizedaro appeared
[ruzinolemape: 02.12.2021, 19:40:59] --> DreuzerS appeared
[ruzinolemape: 02.12.2021, 19:41:05] --> DreuzerS appeared
[ruzinolemape: 02.12.2021, 19:41:10] --> DreuzerS appeared
[ruzinolemape: 02.12.2021, 19:42:27] --> DreuzerS appeared
[ruzinolemape: 02.12.2021, 19:42:31] --> DreuzerS appeared
[ruzinolemape: 02.12.2021, 19:42:48] --> dubizedaro appeared
[ruzinolemape: 02.12.2021, 19:43:36] --> DreuzerS appeared
[ruzinolemape: 02.12.2021, 19:43:51] --> buhimatusu appeared
[ruzinolemape: 02.12.2021, 19:45:21] --> buhimatusu appeared
[ruzinolemape: 02.12.2021, 19:45:42] --> dubizedaro appeared
[ruzinolemape: 02.12.2021, 19:46:44] --> DreuzerS appeared
[ruzinolemape: 02.12.2021, 19:47:43] --> buhimatusu appeared
[ruzinolemape: 02.12.2021, 19:48:07] --> DreuzerS appeared
[ruzinolemape: 02.12.2021, 19:48:21] --> vuzasuzufoga appeared
[ruzinolemape: 02.12.2021, 19:49:24] --> DreuzerS appeared
[ruzinolemape: 02.12.2021, 19:50:03] --> DreuzerS appeared
[ruzinolemape: 02.12.2021, 19:50:47] --> DreuzerS appeared
[ruzinolemape: 02.12.2021, 19:51:28] --> DreuzerS appeared
[ruzinolemape: 02.12.2021, 19:51:50] --> DreuzerS appeared
[ruzinolemape: 02.12.2021, 19:53:11] --> buhimatusu appeared
[ruzinolemape: 02.12.2021, 19:53:19] --> wevokebuzi appeared
[ruzinolemape: 02.12.2021, 19:53:32] --> DreuzerS appeared
[ruzinolemape: 02.12.2021, 19:53:54] --> DreuzerS appeared
[ruzinolemape: 02.12.2021, 19:54:13] --> buhimatusu appeared
[ruzinolemape: 02.12.2021, 19:54:23] --> DreuzerS appeared
[ruzinolemape: 02.12.2021, 19:54:54] --> DreuzerS appeared
[ruzinolemape: 02.12.2021, 19:55:07] --> DreuzerS appeared
[ruzinolemape: 02.12.2021, 19:55:17] --> DreuzerS appeared
[ruzinolemape: 02.12.2021, 19:56:19] --> DreuzerS appeared
[ruzinolemape: 02.12.2021, 19:56:31] --> buhimatusu appeared
[ruzinolemape: 02.12.2021, 19:56:55] --> kisonuzubak appeared
[ruzinolemape: 02.12.2021, 19:57:29] --> DreuzerS appeared
[ruzinolemape: 02.12.2021, 19:57:36] --> DreuzerS appeared
[ruzinolemape: 02.12.2021, 19:57:58] --> DreuzerS appeared
[ruzinolemape: 02.12.2021, 19:58:54] --> wevokebuzi appeared
[ruzinolemape: 02.12.2021, 19:59:20] --> buhimatusu appeared
[ruzinolemape: 02.12.2021, 19:59:41] --> vuzasuzufoga appeared
[ruzinolemape: 02.12.2021, 20:00:49] --> DreuzerS appeared
[ruzinolemape: 02.12.2021, 20:01:27] --> DreuzerS appeared
[ruzinolemape: 02.12.2021, 20:01:49] --> wevokebuzi appeared
[ruzinolemape: 02.12.2021, 20:02:13] --> DreuzerS appeared
[ruzinolemape: 02.12.2021, 20:03:15] --> DreuzerS appeared
[ruzinolemape: 02.12.2021, 20:03:30] --> DreuzerS appeared
[ruzinolemape: 02.12.2021, 20:03:36] --> buhimatusu appeared
[ruzinolemape: 02.12.2021, 20:04:34] --> DreuzerS appeared
[ruzinolemape: 02.12.2021, 20:05:16] --> vuzasuzufoga appeared
[ruzinolemape: 02.12.2021, 20:05:57] --> buhimatusu appeared
[ruzinolemape: 02.12.2021, 20:06:06] --> buhimatusu appeared
[ruzinolemape: 02.12.2021, 20:06:19] --> 9better86 appeared
[ruzinolemape: 02.12.2021, 20:07:09] --> 9better86 appeared
[ruzinolemape: 02.12.2021, 20:09:03] --> 9better86 appeared
[ruzinolemape: 02.12.2021, 20:09:22] --> wevokebuzi appeared
[ruzinolemape: 02.12.2021, 20:09:46] --> DreuzerS appeared
[ruzinolemape: 02.12.2021, 20:10:08] --> buhimatusu appeared
[ruzinolemape: 02.12.2021, 20:10:33] --> DreuzerS appeared
[ruzinolemape: 02.12.2021, 20:11:07] --> buhimatusu appeared
[ruzinolemape: 02.12.2021, 20:11:31] --> buhimatusu appeared
[ruzinolemape: 02.12.2021, 20:11:49] --> DreuzerS appeared
[ruzinolemape: 02.12.2021, 20:12:35] --> buhimatusu appeared
[ruzinolemape: 02.12.2021, 20:12:44] --> buhimatusu appeared
[ruzinolemape: 02.12.2021, 20:15:08] --> DreuzerS appeared
[ruzinolemape: 02.12.2021, 20:15:27] --> DreuzerS appeared
[ruzinolemape: 02.12.2021, 20:15:39] --> DreuzerS appeared
[ruzinolemape: 02.12.2021, 20:15:44] --> vuzasuzufoga appeared
[ruzinolemape: 02.12.2021, 20:16:30] --> 9better86 appeared
[ruzinolemape: 02.12.2021, 20:17:03] --> DreuzerS appeared
[ruzinolemape: 02.12.2021, 20:17:23] --> 9better86 appeared
[ruzinolemape: 02.12.2021, 20:17:45] --> DreuzerS appeared
[ruzinolemape: 02.12.2021, 20:18:03] --> 7pepper44 appeared
[ruzinolemape: 02.12.2021, 20:18:34] --> 9better86 appeared
[ruzinolemape: 02.12.2021, 20:19:18] --> buhimatusu appeared
[ruzinolemape: 02.12.2021, 20:21:19] --> buhimatusu appeared
[ruzinolemape: 02.12.2021, 20:22:39] --> Character got kick
[ruzinolemape: 02.12.2021, 20:22:45] --> Character got kick
[ruzinolemape: 02.12.2021, 20:23:03] --> DreuzerS appeared
[ruzinolemape: 02.12.2021, 20:23:19] --> DreuzerS appeared
[ruzinolemape: 02.12.2021, 20:24:19] --> DreuzerS appeared
[ruzinolemape: 02.12.2021, 20:24:42] --> DreuzerS appeared
[ruzinolemape: 02.12.2021, 20:25:02] --> DreuzerS appeared
[ruzinolemape: 02.12.2021, 20:25:23] --> DreuzerS appeared
[ruzinolemape: 02.12.2021, 20:25:53] --> kisonuzubak appeared
[ruzinolemape: 02.12.2021, 20:27:35] --> DreuzerS appeared
[ruzinolemape: 02.12.2021, 20:28:00] --> buhimatusu appeared
[ruzinolemape: 02.12.2021, 20:28:18] --> DreuzerS appeared
[ruzinolemape: 02.12.2021, 20:31:52] --> DreuzerS appeared
[ruzinolemape: 02.12.2021, 20:32:10] --> kugikehewobi appeared
[ruzinolemape: 02.12.2021, 20:33:14] --> DreuzerS appeared
[ruzinolemape: 02.12.2021, 20:34:27] --> DreuzerS appeared
[ruzinolemape: 02.12.2021, 20:35:47] --> 9better86 appeared
[ruzinolemape: 02.12.2021, 20:36:58] --> DreuzerS appeared
[ruzinolemape: 02.12.2021, 20:37:05] --> DreuzerS appeared
[ruzinolemape: 02.12.2021, 20:39:22] --> 9better86 appeared
[ruzinolemape: 02.12.2021, 20:39:58] --> 9better86 appeared
[ruzinolemape: 02.12.2021, 20:40:16] --> 9better86 appeared
[ruzinolemape: 02.12.2021, 20:40:37] --> 9better86 appeared
[ruzinolemape: 02.12.2021, 20:41:14] --> 9better86 appeared
[ruzinolemape: 02.12.2021, 20:41:32] --> Character got kick
[ruzinolemape: 02.12.2021, 20:41:39] --> Character got kick
[ruzinolemape: 02.12.2021, 20:41:45] --> DreuzerS appeared
[ruzinolemape: 02.12.2021, 20:41:57] --> DreuzerS appeared
[ruzinolemape: 02.12.2021, 20:42:57] --> DreuzerS appeared
[ruzinolemape: 02.12.2021, 20:43:14] --> 9better86 appeared
[ruzinolemape: 02.12.2021, 20:43:34] --> DreuzerS appeared
[ruzinolemape: 02.12.2021, 20:44:31] --> DreuzerS appeared
[ruzinolemape: 02.12.2021, 20:44:35] --> buhimatusu appeared
[ruzinolemape: 02.12.2021, 20:44:50] --> DreuzerS appeared
[ruzinolemape: 02.12.2021, 20:45:33] --> Character got kick
[ruzinolemape: 02.12.2021, 20:49:06] --> DreuzerS appeared
[ruzinolemape: 02.12.2021, 20:49:25] --> DreuzerS appeared
[ruzinolemape: 02.12.2021, 20:49:26] --> kugikehewobi appeared
[ruzinolemape: 02.12.2021, 20:50:09] --> DreuzerS appeared
[ruzinolemape: 02.12.2021, 20:50:28] --> 9better86 appeared
[ruzinolemape: 02.12.2021, 20:50:43] --> DreuzerS appeared
[ruzinolemape: 02.12.2021, 20:50:46] --> DreuzerS appeared
[ruzinolemape: 02.12.2021, 20:51:26] --> DreuzerS appeared
[ruzinolemape: 02.12.2021, 20:51:45] --> DreuzerS appeared
[ruzinolemape: 02.12.2021, 20:52:04] --> buhimatusu appeared
[ruzinolemape: 02.12.2021, 20:55:11] --> Character died
[ruzinolemape: 02.12.2021, 20:55:26] --> Character died
[ruzinolemape: 02.12.2021, 20:57:09] --> DreuzerS appeared
[ruzinolemape: 02.12.2021, 20:57:28] --> 9better86 appeared
[ruzinolemape: 02.12.2021, 20:57:34] --> 9better86 appeared
[ruzinolemape: 02.12.2021, 20:58:34] --> DreuzerS appeared
[ruzinolemape: 02.12.2021, 21:00:51] --> DreuzerS appeared
[ruzinolemape: 02.12.2021, 21:01:08] --> 9better86 appeared
[ruzinolemape: 02.12.2021, 21:01:35] --> DreuzerS appeared
[ruzinolemape: 02.12.2021, 21:01:46] --> vuzasuzufoga appeared
[ruzinolemape: 02.12.2021, 21:02:29] --> DreuzerS appeared
[ruzinolemape: 02.12.2021, 21:03:30] --> kisonuzubak appeared
[ruzinolemape: 02.12.2021, 21:03:44] --> DreuzerS appeared
[ruzinolemape: 02.12.2021, 21:03:48] --> 9better86 appeared
[ruzinolemape: 02.12.2021, 21:04:11] --> 9better86 appeared
[ruzinolemape: 02.12.2021, 21:04:54] --> wevokebuzi appeared
[ruzinolemape: 02.12.2021, 21:05:48] --> 9better86 appeared
[ruzinolemape: 02.12.2021, 21:06:09] --> DreuzerS appeared
[ruzinolemape: 02.12.2021, 21:06:21] --> DreuzerS appeared
[ruzinolemape: 02.12.2021, 21:06:29] --> DreuzerS appeared
[ruzinolemape: 02.12.2021, 21:06:50] --> 9better86 appeared
[ruzinolemape: 02.12.2021, 21:07:14] --> 9better86 appeared
[ruzinolemape: 02.12.2021, 21:08:07] --> DreuzerS appeared
[ruzinolemape: 02.12.2021, 21:08:28] --> DreuzerS appeared
[ruzinolemape: 02.12.2021, 21:08:48] --> DreuzerS appeared
[ruzinolemape: 02.12.2021, 21:09:27] --> 9better86 appeared
[ruzinolemape: 02.12.2021, 21:10:34] --> DreuzerS appeared
[ruzinolemape: 02.12.2021, 21:10:48] --> 9better86 appeared
[ruzinolemape: 02.12.2021, 21:11:15] --> 7pepper44 appeared
[ruzinolemape: 02.12.2021, 21:12:27] --> DreuzerS appeared
[ruzinolemape: 02.12.2021, 21:13:28] --> wevokebuzi appeared
[ruzinolemape: 02.12.2021, 21:13:50] --> DreuzerS appeared
[ruzinolemape: 02.12.2021, 21:14:29] --> DreuzerS appeared
[ruzinolemape: 02.12.2021, 21:14:30] --> DreuzerS appeared
[ruzinolemape: 02.12.2021, 21:14:40] --> DreuzerS appeared
[ruzinolemape: 02.12.2021, 21:14:47] --> DreuzerS appeared
[ruzinolemape: 02.12.2021, 21:15:07] --> DreuzerS appeared
[ruzinolemape: 02.12.2021, 21:15:45] --> DreuzerS appeared
[ruzinolemape: 02.12.2021, 21:16:05] --> 9better86 appeared
[ruzinolemape: 02.12.2021, 21:17:04] --> DreuzerS appeared
[ruzinolemape: 02.12.2021, 21:17:08] --> DreuzerS appeared
[ruzinolemape: 02.12.2021, 21:17:44] --> DreuzerS appeared
[ruzinolemape: 02.12.2021, 21:20:24] --> Bot successfully started
[ruzinolemape: 02.12.2021, 21:20:30] --> DreuzerS appeared
[ruzinolemape: 02.12.2021, 21:20:39] --> DreuzerS appeared
[ruzinolemape: 02.12.2021, 21:21:31] --> DreuzerS appeared
[ruzinolemape: 02.12.2021, 21:21:53] --> DreuzerS appeared
[ruzinolemape: 02.12.2021, 21:22:24] --> DreuzerS appeared
[ruzinolemape: 02.12.2021, 21:22:34] --> DreuzerS appeared
[ruzinolemape: 02.12.2021, 21:22:51] --> wevokebuzi appeared
[ruzinolemape: 02.12.2021, 21:23:08] --> DreuzerS appeared
[ruzinolemape: 02.12.2021, 21:23:15] --> 7pepper44 appeared
[ruzinolemape: 02.12.2021, 21:24:09] --> DreuzerS appeared
[ruzinolemape: 02.12.2021, 21:24:27] --> DreuzerS appeared
[ruzinolemape: 02.12.2021, 21:25:10] --> DreuzerS appeared
[ruzinolemape: 02.12.2021, 21:25:27] --> DreuzerS appeared
[ruzinolemape: 02.12.2021, 21:25:32] --> DreuzerS appeared
[ruzinolemape: 02.12.2021, 21:26:24] --> DreuzerS appeared
[ruzinolemape: 02.12.2021, 21:27:21] --> kisonuzubak appeared
[ruzinolemape: 02.12.2021, 21:27:53] --> DreuzerS appeared
[ruzinolemape: 02.12.2021, 21:28:24] --> DreuzerS appeared
[ruzinolemape: 02.12.2021, 21:28:50] --> Character got kick
[ruzinolemape: 02.12.2021, 21:28:56] --> Character got kick
[ruzinolemape: 02.12.2021, 21:29:19] --> DreuzerS appeared
[ruzinolemape: 02.12.2021, 21:29:40] --> 9better86 appeared
[ruzinolemape: 02.12.2021, 21:30:00] --> Character got kick
[ruzinolemape: 02.12.2021, 21:30:09] --> zupozukizug appeared
[ruzinolemape: 02.12.2021, 21:30:14] --> Character was kicked from the bot, reason: Character was walking
[ruzinolemape: 02.12.2021, 21:30:39] --> Character was kicked from the bot, reason: Character was walking
[ruzinolemape: 02.12.2021, 21:30:44] --> vuzasuzufoga appeared
[ruzinolemape: 02.12.2021, 21:49:58] --> Changing into CH2
[ruzinolemape: 02.12.2021, 21:50:06] --> kupabukovo appeared
[ruzinolemape: 02.12.2021, 22:11:02] --> Bot successfully started
[ruzinolemape: 02.12.2021, 22:11:22] --> Character was kicked from the bot, reason: Character was walking
[ruzinolemape: 02.12.2021, 22:12:02] --> Character was kicked from the bot, reason: Character was walking
[ruzinolemape: 02.12.2021, 22:12:07] --> DreuzerS appeared
[ruzinolemape: 02.12.2021, 22:12:46] --> DreuzerS appeared
[ruzinolemape: 02.12.2021, 22:13:03] --> DreuzerS appeared
[ruzinolemape: 02.12.2021, 22:13:19] --> 9better86 appeared
[ruzinolemape: 02.12.2021, 22:13:41] --> DreuzerS appeared
[ruzinolemape: 02.12.2021, 22:13:52] --> kisonuzubak appeared
[ruzinolemape: 02.12.2021, 22:14:24] --> DreuzerS appeared
[ruzinolemape: 02.12.2021, 22:15:06] --> DreuzerS appeared
[ruzinolemape: 02.12.2021, 22:15:49] --> DreuzerS appeared
[ruzinolemape: 02.12.2021, 22:16:03] --> DreuzerS appeared
[ruzinolemape: 02.12.2021, 22:16:18] --> 7pepper44 appeared
[ruzinolemape: 02.12.2021, 22:16:22] --> DreuzerS appeared
[ruzinolemape: 02.12.2021, 22:16:32] --> DreuzerS appeared
[ruzinolemape: 02.12.2021, 22:16:43] --> DreuzerS appeared
[ruzinolemape: 02.12.2021, 22:17:04] --> DreuzerS appeared
[ruzinolemape: 02.12.2021, 22:17:45] --> DreuzerS appeared
[ruzinolemape: 02.12.2021, 22:18:00] --> DreuzerS appeared
[ruzinolemape: 02.12.2021, 22:18:03] --> 9better86 appeared
[ruzinolemape: 02.12.2021, 22:18:15] --> DreuzerS appeared
[ruzinolemape: 02.12.2021, 22:18:21] --> DreuzerS appeared
[ruzinolemape: 02.12.2021, 22:18:25] --> DreuzerS appeared
[ruzinolemape: 02.12.2021, 22:18:40] --> DreuzerS appeared
[ruzinolemape: 02.12.2021, 22:19:18] --> DreuzerS appeared
[ruzinolemape: 02.12.2021, 22:20:22] --> DreuzerS appeared
[ruzinolemape: 02.12.2021, 22:20:42] --> DreuzerS appeared
[ruzinolemape: 02.12.2021, 22:21:03] --> DreuzerS appeared
[ruzinolemape: 02.12.2021, 22:21:17] --> DreuzerS appeared
[ruzinolemape: 02.12.2021, 22:21:36] --> DreuzerS appeared
[ruzinolemape: 02.12.2021, 22:22:45] --> wevokebuzi appeared
[ruzinolemape: 02.12.2021, 22:22:55] --> 9better86 appeared
[ruzinolemape: 02.12.2021, 22:23:26] --> 9better86 appeared
[ruzinolemape: 02.12.2021, 22:23:35] --> 9better86 appeared
[ruzinolemape: 02.12.2021, 22:23:40] --> 9better86 appeared
[ruzinolemape: 02.12.2021, 22:23:57] --> 7pepper44 appeared
[ruzinolemape: 02.12.2021, 22:24:03] --> wevokebuzi appeared
[ruzinolemape: 02.12.2021, 22:24:11] --> kisonuzubak appeared
[ruzinolemape: 02.12.2021, 22:24:26] --> 9better86 appeared
[ruzinolemape: 02.12.2021, 22:24:58] --> 9better86 appeared
[ruzinolemape: 02.12.2021, 22:25:22] --> wevokebuzi appeared
[ruzinolemape: 02.12.2021, 22:25:34] --> 9better86 appeared
[ruzinolemape: 02.12.2021, 22:26:05] --> wevokebuzi appeared
[ruzinolemape: 02.12.2021, 22:26:27] --> 9better86 appeared
[ruzinolemape: 02.12.2021, 22:26:39] --> wevokebuzi appeared
[ruzinolemape: 02.12.2021, 22:26:50] --> 9better86 appeared
[ruzinolemape: 02.12.2021, 22:27:23] --> 9better86 appeared
[ruzinolemape: 02.12.2021, 22:27:57] --> 7pepper44 appeared
[ruzinolemape: 02.12.2021, 22:28:42] --> 9better86 appeared
[ruzinolemape: 02.12.2021, 22:29:43] --> Character got kick
[ruzinolemape: 02.12.2021, 22:31:06] --> Bot successfully started
[ruzinolemape: 02.12.2021, 22:31:06] --> vuzasuzufoga appeared
[ruzinolemape: 02.12.2021, 22:32:11] --> DreuzerS appeared
[ruzinolemape: 02.12.2021, 22:32:42] --> DreuzerS appeared
[ruzinolemape: 02.12.2021, 22:32:45] --> DreuzerS appeared
[ruzinolemape: 02.12.2021, 22:33:02] --> 9better86 appeared
[ruzinolemape: 02.12.2021, 22:33:20] --> DreuzerS appeared
[ruzinolemape: 02.12.2021, 22:34:27] --> DreuzerS appeared
[ruzinolemape: 02.12.2021, 22:34:43] --> DreuzerS appeared
[ruzinolemape: 02.12.2021, 22:35:26] --> DreuzerS appeared
[ruzinolemape: 02.12.2021, 22:35:35] --> DreuzerS appeared
[ruzinolemape: 02.12.2021, 22:35:41] --> DreuzerS appeared
[ruzinolemape: 02.12.2021, 22:36:51] --> 9better86 appeared
[ruzinolemape: 02.12.2021, 22:37:05] --> DreuzerS appeared
[ruzinolemape: 02.12.2021, 22:37:31] --> DreuzerS appeared
[ruzinolemape: 02.12.2021, 22:37:41] --> kisonuzubak appeared
[ruzinolemape: 02.12.2021, 22:38:07] --> DreuzerS appeared
[ruzinolemape: 02.12.2021, 22:38:17] --> 9better86 appeared
[ruzinolemape: 02.12.2021, 22:39:47] --> DreuzerS appeared
[ruzinolemape: 02.12.2021, 22:40:30] --> DreuzerS appeared
[ruzinolemape: 02.12.2021, 22:40:44] --> DreuzerS appeared
[ruzinolemape: 02.12.2021, 22:41:03] --> DreuzerS appeared
[ruzinolemape: 02.12.2021, 22:41:33] --> DreuzerS appeared
[ruzinolemape: 02.12.2021, 22:41:44] --> kisonuzubak appeared
[ruzinolemape: 02.12.2021, 22:42:13] --> DreuzerS appeared
[ruzinolemape: 02.12.2021, 22:42:17] --> DreuzerS appeared
[ruzinolemape: 02.12.2021, 22:42:23] --> 9better86 appeared
[ruzinolemape: 02.12.2021, 22:43:16] --> DreuzerS appeared
[ruzinolemape: 02.12.2021, 22:43:24] --> 9better86 appeared
[ruzinolemape: 02.12.2021, 22:43:41] --> 7pepper44 appeared
[ruzinolemape: 02.12.2021, 22:43:59] --> DreuzerS appeared
[ruzinolemape: 02.12.2021, 22:44:22] --> kisonuzubak appeared
[ruzinolemape: 02.12.2021, 22:44:58] --> 7pepper44 appeared
[ruzinolemape: 02.12.2021, 22:45:03] --> DreuzerS appeared
[ruzinolemape: 02.12.2021, 22:45:23] --> DreuzerS appeared
[ruzinolemape: 02.12.2021, 22:46:04] --> DreuzerS appeared
[ruzinolemape: 02.12.2021, 22:46:21] --> DreuzerS appeared
[ruzinolemape: 02.12.2021, 22:46:49] --> DreuzerS appeared
[ruzinolemape: 02.12.2021, 22:47:00] --> DreuzerS appeared
[ruzinolemape: 02.12.2021, 22:47:24] --> DreuzerS appeared
[ruzinolemape: 02.12.2021, 22:47:42] --> DreuzerS appeared
[ruzinolemape: 02.12.2021, 22:47:58] --> DreuzerS appeared
[ruzinolemape: 02.12.2021, 22:48:17] --> 9better86 appeared
[ruzinolemape: 02.12.2021, 22:48:56] --> BTZvzZ appeared
[ruzinolemape: 02.12.2021, 22:49:01] --> 9better86 appeared
[ruzinolemape: 02.12.2021, 22:49:16] --> DreuzerS appeared
[ruzinolemape: 02.12.2021, 22:49:19] --> DreuzerS appeared
[ruzinolemape: 02.12.2021, 22:49:58] --> DreuzerS appeared
[ruzinolemape: 02.12.2021, 22:50:16] --> DreuzerS appeared
[ruzinolemape: 02.12.2021, 22:51:36] --> 9better86 appeared
[ruzinolemape: 02.12.2021, 22:51:41] --> DreuzerS appeared
[ruzinolemape: 02.12.2021, 22:51:57] --> DreuzerS appeared
[ruzinolemape: 02.12.2021, 22:53:48] --> DreuzerS appeared
[ruzinolemape: 02.12.2021, 22:53:59] --> DreuzerS appeared
[ruzinolemape: 02.12.2021, 22:54:17] --> DreuzerS appeared
[ruzinolemape: 02.12.2021, 22:54:33] --> DreuzerS appeared
[ruzinolemape: 02.12.2021, 22:55:32] --> Character got kick
[ruzinolemape: 02.12.2021, 22:57:08] --> 9better86 appeared
[ruzinolemape: 02.12.2021, 22:57:13] --> 9better86 appeared
[ruzinolemape: 02.12.2021, 22:57:28] --> pokuhezuziv appeared
[ruzinolemape: 02.12.2021, 22:58:09] --> DreuzerS appeared
[ruzinolemape: 02.12.2021, 22:59:21] --> DreuzerS appeared
[ruzinolemape: 02.12.2021, 22:59:48] --> DreuzerS appeared
[ruzinolemape: 02.12.2021, 23:02:26] --> DreuzerS appeared
[ruzinolemape: 02.12.2021, 23:06:01] --> 9better86 appeared
[ruzinolemape: 02.12.2021, 23:06:22] --> DreuzerS appeared
[ruzinolemape: 02.12.2021, 23:07:58] --> pokuhezuziv appeared
[ruzinolemape: 02.12.2021, 23:08:38] --> DreuzerS appeared
[ruzinolemape: 02.12.2021, 23:08:52] --> 9better86 appeared
[ruzinolemape: 02.12.2021, 23:08:56] --> DreuzerS appeared
[ruzinolemape: 02.12.2021, 23:10:18] --> 9better86 appeared
[ruzinolemape: 02.12.2021, 23:10:31] --> pokuhezuziv appeared
[ruzinolemape: 02.12.2021, 23:11:23] --> 9better86 appeared
[ruzinolemape: 02.12.2021, 23:11:40] --> M5Mtd7 appeared
[ruzinolemape: 02.12.2021, 23:11:56] --> pokuhezuziv appeared
[ruzinolemape: 02.12.2021, 23:13:00] --> 9better86 appeared
[ruzinolemape: 02.12.2021, 23:14:11] --> 7pepper44 appeared
[ruzinolemape: 02.12.2021, 23:17:41] --> Character got kick
[ruzinolemape: 02.12.2021, 23:17:50] --> BTZvzZ appeared
[ruzinolemape: 02.12.2021, 23:18:20] --> DreuzerS appeared
[ruzinolemape: 02.12.2021, 23:18:58] --> DreuzerS appeared
[ruzinolemape: 02.12.2021, 23:19:23] --> DreuzerS appeared
[ruzinolemape: 02.12.2021, 23:19:58] --> DreuzerS appeared
[ruzinolemape: 02.12.2021, 23:20:20] --> DreuzerS appeared
[ruzinolemape: 02.12.2021, 23:21:19] --> DreuzerS appeared
[ruzinolemape: 02.12.2021, 23:21:40] --> BTZvzZ appeared
[ruzinolemape: 02.12.2021, 23:21:56] --> 9better86 appeared
[ruzinolemape: 02.12.2021, 23:22:14] --> BTZvzZ appeared
[ruzinolemape: 02.12.2021, 23:22:46] --> DreuzerS appeared
[ruzinolemape: 02.12.2021, 23:23:14] --> 9better86 appeared
[ruzinolemape: 02.12.2021, 23:23:16] --> Character got kick
[ruzinolemape: 02.12.2021, 23:23:59] --> DreuzerS appeared
[ruzinolemape: 02.12.2021, 23:24:59] --> DreuzerS appeared
[ruzinolemape: 02.12.2021, 23:25:16] --> buhimatusu appeared
[ruzinolemape: 02.12.2021, 23:26:08] --> buhimatusu appeared
[ruzinolemape: 02.12.2021, 23:26:13] --> buhimatusu appeared
[ruzinolemape: 02.12.2021, 23:27:36] --> DreuzerS appeared
[ruzinolemape: 02.12.2021, 23:27:53] --> DreuzerS appeared
[ruzinolemape: 02.12.2021, 23:29:16] --> 9better86 appeared
[ruzinolemape: 02.12.2021, 23:29:31] --> buhimatusu appeared
[ruzinolemape: 02.12.2021, 23:30:54] --> M5Mtd7 appeared
[ruzinolemape: 02.12.2021, 23:31:28] --> BTZvzZ appeared
[ruzinolemape: 02.12.2021, 23:31:49] --> DreuzerS appeared
[ruzinolemape: 02.12.2021, 23:32:30] --> kisonuzubak appeared
[ruzinolemape: 02.12.2021, 23:37:24] --> BTZvzZ appeared
[ruzinolemape: 02.12.2021, 23:38:22] --> DreuzerS appeared
[ruzinolemape: 02.12.2021, 23:39:23] --> DreuzerS appeared
[ruzinolemape: 02.12.2021, 23:41:10] --> Character got kick
[ruzinolemape: 02.12.2021, 23:41:36] --> BTZvzZ appeared
[ruzinolemape: 02.12.2021, 23:42:13] --> DreuzerS appeared
[ruzinolemape: 02.12.2021, 23:43:35] --> buhimatusu appeared
[ruzinolemape: 02.12.2021, 23:43:55] --> DreuzerS appeared
[ruzinolemape: 02.12.2021, 23:44:11] --> BTZvzZ appeared
[ruzinolemape: 02.12.2021, 23:45:30] --> 9better86 appeared
[ruzinolemape: 02.12.2021, 23:47:11] --> buhimatusu appeared
[ruzinolemape: 02.12.2021, 23:47:31] --> BTZvzZ appeared
[ruzinolemape: 02.12.2021, 23:47:51] --> BTZvzZ appeared
[ruzinolemape: 02.12.2021, 23:49:36] --> DreuzerS appeared
[ruzinolemape: 02.12.2021, 23:49:53] --> buhimatusu appeared
[ruzinolemape: 02.12.2021, 23:50:10] --> BTZvzZ appeared
[ruzinolemape: 02.12.2021, 23:51:19] --> Character got kick
[ruzinolemape: 02.12.2021, 23:53:42] --> buhimatusu appeared
[ruzinolemape: 02.12.2021, 23:53:57] --> buhimatusu appeared
[ruzinolemape: 02.12.2021, 23:54:43] --> 7pepper44 appeared
[ruzinolemape: 02.12.2021, 23:57:13] --> buhimatusu appeared
[ruzinolemape: 02.12.2021, 23:57:57] --> DreuzerS appeared
[ruzinolemape: 02.12.2021, 23:58:10] --> 9better86 appeared
[ruzinolemape: 02.12.2021, 23:58:32] --> BTZvzZ appeared
[ruzinolemape: 03.12.2021, 00:01:32] --> BTZvzZ appeared
[ruzinolemape: 03.12.2021, 00:01:52] --> DreuzerS appeared
[ruzinolemape: 03.12.2021, 00:02:51] --> buhimatusu appeared
[ruzinolemape: 03.12.2021, 00:04:16] --> DreuzerS appeared
[ruzinolemape: 03.12.2021, 00:04:37] --> M5Mtd7 appeared
[ruzinolemape: 03.12.2021, 00:05:10] --> vuzasuzufoga appeared
[ruzinolemape: 03.12.2021, 00:05:33] --> BTZvzZ appeared
[ruzinolemape: 03.12.2021, 00:05:54] --> DreuzerS appeared
[ruzinolemape: 03.12.2021, 00:05:57] --> buhimatusu appeared
[ruzinolemape: 03.12.2021, 00:06:14] --> BTZvzZ appeared
[ruzinolemape: 03.12.2021, 00:06:52] --> DreuzerS appeared
[ruzinolemape: 03.12.2021, 00:08:11] --> buhimatusu appeared
[ruzinolemape: 03.12.2021, 00:08:31] --> DreuzerS appeared
[ruzinolemape: 03.12.2021, 00:09:34] --> BTZvzZ appeared
[ruzinolemape: 03.12.2021, 00:09:54] --> DreuzerS appeared
[ruzinolemape: 03.12.2021, 00:10:52] --> buhimatusu appeared
[ruzinolemape: 03.12.2021, 00:10:56] --> DreuzerS appeared
[ruzinolemape: 03.12.2021, 00:11:14] --> DreuzerS appeared
[ruzinolemape: 03.12.2021, 00:12:34] --> buhimatusu appeared
[ruzinolemape: 03.12.2021, 00:12:51] --> vuzasuzufoga appeared
[ruzinolemape: 03.12.2021, 00:13:49] --> buhimatusu appeared
[ruzinolemape: 03.12.2021, 00:15:28] --> BTZvzZ appeared
[ruzinolemape: 03.12.2021, 00:15:51] --> kisonuzubak appeared
[ruzinolemape: 03.12.2021, 00:17:47] --> DreuzerS appeared
[ruzinolemape: 03.12.2021, 00:21:38] --> DreuzerS appeared
[ruzinolemape: 03.12.2021, 00:25:10] --> Character got kick
[ruzinolemape: 03.12.2021, 00:29:10] --> 9better86 appeared
[ruzinolemape: 03.12.2021, 00:29:24] --> 9better86 appeared
[ruzinolemape: 03.12.2021, 00:29:42] --> Character got kick
[ruzinolemape: 03.12.2021, 00:35:18] --> hiverumozu appeared
[ruzinolemape: 03.12.2021, 00:37:37] --> 9better86 appeared
[ruzinolemape: 03.12.2021, 00:38:14] --> DreuzerS appeared
[ruzinolemape: 03.12.2021, 00:39:16] --> buhimatusu appeared
[ruzinolemape: 03.12.2021, 00:39:35] --> 9better86 appeared
[ruzinolemape: 03.12.2021, 00:41:16] --> buhimatusu appeared
[ruzinolemape: 03.12.2021, 00:42:21] --> buhimatusu appeared
[ruzinolemape: 03.12.2021, 00:43:55] --> wevokebuzi appeared
[ruzinolemape: 03.12.2021, 00:44:59] --> 9better86 appeared
[ruzinolemape: 03.12.2021, 00:45:10] --> BTZvzZ appeared
[ruzinolemape: 03.12.2021, 00:46:19] --> BTZvzZ appeared
[ruzinolemape: 03.12.2021, 00:46:28] --> BTZvzZ appeared
[ruzinolemape: 03.12.2021, 00:47:33] --> buhimatusu appeared
[ruzinolemape: 03.12.2021, 00:49:31] --> vuzasuzufoga appeared
[ruzinolemape: 03.12.2021, 00:56:01] --> Character got kick
[ruzinolemape: 03.12.2021, 01:00:01] --> DreuzerS appeared
[ruzinolemape: 03.12.2021, 01:00:26] --> buhimatusu appeared
[ruzinolemape: 03.12.2021, 01:01:19] --> BTZvzZ appeared
[ruzinolemape: 03.12.2021, 01:01:41] --> M5Mtd7 appeared
[ruzinolemape: 03.12.2021, 01:02:20] --> 9better86 appeared
[ruzinolemape: 03.12.2021, 01:02:39] --> vuzasuzufoga appeared
[ruzinolemape: 03.12.2021, 01:03:43] --> DreuzerS appeared
[ruzinolemape: 03.12.2021, 01:04:01] --> vuzasuzufoga appeared
[ruzinolemape: 03.12.2021, 01:05:03] --> BTZvzZ appeared
[ruzinolemape: 03.12.2021, 01:05:20] --> buhimatusu appeared
[ruzinolemape: 03.12.2021, 01:05:37] --> M5Mtd7 appeared
[ruzinolemape: 03.12.2021, 01:06:34] --> buhimatusu appeared
[ruzinolemape: 03.12.2021, 01:06:58] --> M5Mtd7 appeared
[ruzinolemape: 03.12.2021, 01:09:18] --> DreuzerS appeared
[ruzinolemape: 03.12.2021, 01:10:19] --> buhimatusu appeared
[ruzinolemape: 03.12.2021, 01:11:18] --> DreuzerS appeared
[ruzinolemape: 03.12.2021, 01:14:41] --> kisonuzubak appeared
[ruzinolemape: 03.12.2021, 01:15:34] --> buhimatusu appeared
[ruzinolemape: 03.12.2021, 01:15:50] --> DreuzerS appeared
[ruzinolemape: 03.12.2021, 01:16:38] --> DreuzerS appeared
[ruzinolemape: 03.12.2021, 01:18:14] --> wevokebuzi appeared
[ruzinolemape: 03.12.2021, 01:18:34] --> DreuzerS appeared
[ruzinolemape: 03.12.2021, 01:19:54] --> BTZvzZ appeared
[ruzinolemape: 03.12.2021, 01:20:32] --> buhimatusu appeared
[ruzinolemape: 03.12.2021, 01:20:50] --> 9better86 appeared
[ruzinolemape: 03.12.2021, 01:21:13] --> 9better86 appeared
[ruzinolemape: 03.12.2021, 01:21:46] --> buhimatusu appeared
[ruzinolemape: 03.12.2021, 01:21:49] --> buhimatusu appeared
[ruzinolemape: 03.12.2021, 01:22:27] --> BTZvzZ appeared
[ruzinolemape: 03.12.2021, 01:24:46] --> DreuzerS appeared
[ruzinolemape: 03.12.2021, 01:25:46] --> BTZvzZ appeared
[ruzinolemape: 03.12.2021, 01:26:45] --> wevokebuzi appeared
[ruzinolemape: 03.12.2021, 01:27:04] --> DreuzerS appeared
[ruzinolemape: 03.12.2021, 01:27:29] --> buhimatusu appeared
[ruzinolemape: 03.12.2021, 01:28:08] --> buhimatusu appeared
[ruzinolemape: 03.12.2021, 01:28:23] --> DreuzerS appeared
[ruzinolemape: 03.12.2021, 01:30:40] --> buhimatusu appeared
[ruzinolemape: 03.12.2021, 01:30:58] --> DreuzerS appeared
[ruzinolemape: 03.12.2021, 01:31:18] --> BTZvzZ appeared
[ruzinolemape: 03.12.2021, 01:31:56] --> buhimatusu appeared
[ruzinolemape: 03.12.2021, 01:32:38] --> buhimatusu appeared
[ruzinolemape: 03.12.2021, 01:32:40] --> buhimatusu appeared
[ruzinolemape: 03.12.2021, 01:35:09] --> BTZvzZ appeared
[ruzinolemape: 03.12.2021, 01:39:08] --> DreuzerS appeared
[ruzinolemape: 03.12.2021, 01:39:25] --> 9better86 appeared
[ruzinolemape: 03.12.2021, 01:43:07] --> 7pepper44 appeared
[ruzinolemape: 03.12.2021, 01:45:41] --> DreuzerS appeared
[ruzinolemape: 03.12.2021, 01:46:53] --> DreuzerS appeared
[ruzinolemape: 03.12.2021, 01:49:21] --> DreuzerS appeared
[ruzinolemape: 03.12.2021, 01:49:36] --> 9better86 appeared
[ruzinolemape: 03.12.2021, 01:49:40] --> M5Mtd7 appeared
[ruzinolemape: 03.12.2021, 01:49:56] --> zozehegulune appeared
[ruzinolemape: 03.12.2021, 01:49:59] --> DreuzerS appeared
[ruzinolemape: 03.12.2021, 01:50:14] --> zozehegulune appeared
[ruzinolemape: 03.12.2021, 01:51:36] --> BTZvzZ appeared
[ruzinolemape: 03.12.2021, 01:52:21] --> BTZvzZ appeared
[ruzinolemape: 03.12.2021, 01:52:35] --> DreuzerS appeared
[ruzinolemape: 03.12.2021, 01:53:05] --> wevokebuzi appeared
[ruzinolemape: 03.12.2021, 01:56:09] --> Character got kick
[ruzinolemape: 03.12.2021, 01:56:15] --> Character got kick
[ruzinolemape: 03.12.2021, 01:56:33] --> DreuzerS appeared
[ruzinolemape: 03.12.2021, 01:58:11] --> DreuzerS appeared
[ruzinolemape: 03.12.2021, 02:01:43] --> buhimatusu appeared
[ruzinolemape: 03.12.2021, 02:03:04] --> DreuzerS appeared
[ruzinolemape: 03.12.2021, 02:05:03] --> DreuzerS appeared
[ruzinolemape: 03.12.2021, 02:05:36] --> BTZvzZ appeared
[ruzinolemape: 03.12.2021, 02:06:00] --> DreuzerS appeared
[ruzinolemape: 03.12.2021, 02:07:20] --> DreuzerS appeared
[ruzinolemape: 03.12.2021, 02:08:02] --> DreuzerS appeared
[ruzinolemape: 03.12.2021, 02:08:42] --> DreuzerS appeared
[ruzinolemape: 03.12.2021, 02:09:36] --> buhimatusu appeared
[ruzinolemape: 03.12.2021, 02:10:01] --> DreuzerS appeared
[ruzinolemape: 03.12.2021, 02:10:35] --> DreuzerS appeared
[ruzinolemape: 03.12.2021, 02:11:12] --> BTZvzZ appeared
[ruzinolemape: 03.12.2021, 02:11:53] --> buhimatusu appeared
[ruzinolemape: 03.12.2021, 02:12:14] --> DreuzerS appeared
[ruzinolemape: 03.12.2021, 02:12:34] --> buhimatusu appeared
[ruzinolemape: 03.12.2021, 02:13:18] --> BTZvzZ appeared
[ruzinolemape: 03.12.2021, 02:13:33] --> DreuzerS appeared
[ruzinolemape: 03.12.2021, 02:13:51] --> vuzasuzufoga appeared
[ruzinolemape: 03.12.2021, 02:14:51] --> DreuzerS appeared
[ruzinolemape: 03.12.2021, 02:18:27] --> DreuzerS appeared
[ruzinolemape: 03.12.2021, 02:20:11] --> 9better86 appeared
[ruzinolemape: 03.12.2021, 02:23:41] --> 9better86 appeared
[ruzinolemape: 03.12.2021, 02:26:18] --> DreuzerS appeared
[ruzinolemape: 03.12.2021, 02:27:17] --> 7pepper44 appeared
[ruzinolemape: 03.12.2021, 02:28:15] --> DreuzerS appeared
[ruzinolemape: 03.12.2021, 02:30:36] --> 9better86 appeared
[ruzinolemape: 03.12.2021, 02:32:16] --> buhimatusu appeared
[ruzinolemape: 03.12.2021, 02:33:35] --> DreuzerS appeared
[ruzinolemape: 03.12.2021, 02:34:31] --> buhimatusu appeared
[ruzinolemape: 03.12.2021, 02:34:54] --> vuzasuzufoga appeared
[ruzinolemape: 03.12.2021, 02:35:13] --> buhimatusu appeared
[ruzinolemape: 03.12.2021, 02:35:31] --> DreuzerS appeared
[ruzinolemape: 03.12.2021, 02:35:51] --> 9better86 appeared
[ruzinolemape: 03.12.2021, 02:36:36] --> M5Mtd7 appeared
[ruzinolemape: 03.12.2021, 02:36:52] --> buhimatusu appeared
[ruzinolemape: 03.12.2021, 02:37:51] --> 9better86 appeared
[ruzinolemape: 03.12.2021, 02:38:12] --> DreuzerS appeared
[ruzinolemape: 03.12.2021, 02:38:30] --> DreuzerS appeared
[ruzinolemape: 03.12.2021, 02:39:34] --> DreuzerS appeared
[ruzinolemape: 03.12.2021, 02:39:53] --> DreuzerS appeared
[ruzinolemape: 03.12.2021, 02:40:13] --> DreuzerS appeared
[ruzinolemape: 03.12.2021, 02:42:50] --> DreuzerS appeared
[ruzinolemape: 03.12.2021, 02:42:53] --> DreuzerS appeared
[ruzinolemape: 03.12.2021, 02:43:12] --> buhimatusu appeared
[ruzinolemape: 03.12.2021, 02:45:09] --> 9better86 appeared
[ruzinolemape: 03.12.2021, 02:46:09] --> DreuzerS appeared
[ruzinolemape: 03.12.2021, 02:46:31] --> DreuzerS appeared
[ruzinolemape: 03.12.2021, 02:47:49] --> buhimatusu appeared
[ruzinolemape: 03.12.2021, 02:48:48] --> BTZvzZ appeared
[ruzinolemape: 03.12.2021, 02:50:09] --> BTZvzZ appeared
[ruzinolemape: 03.12.2021, 02:51:29] --> buhimatusu appeared
[ruzinolemape: 03.12.2021, 02:51:50] --> 9better86 appeared
[ruzinolemape: 03.12.2021, 02:53:12] --> wevokebuzi appeared
[ruzinolemape: 03.12.2021, 02:53:32] --> DreuzerS appeared
[ruzinolemape: 03.12.2021, 02:54:33] --> buhimatusu appeared
[ruzinolemape: 03.12.2021, 02:54:49] --> vuzasuzufoga appeared
[ruzinolemape: 03.12.2021, 02:57:48] --> buhimatusu appeared
[ruzinolemape: 03.12.2021, 02:58:09] --> DreuzerS appeared
[ruzinolemape: 03.12.2021, 02:59:51] --> wevokebuzi appeared
[ruzinolemape: 03.12.2021, 03:00:06] --> BTZvzZ appeared
[ruzinolemape: 03.12.2021, 03:02:31] --> 9better86 appeared
[ruzinolemape: 03.12.2021, 03:06:36] --> DreuzerS appeared
[ruzinolemape: 03.12.2021, 03:06:56] --> buhimatusu appeared
[ruzinolemape: 03.12.2021, 03:07:11] --> BTZvzZ appeared
[ruzinolemape: 03.12.2021, 03:07:37] --> BTZvzZ appeared
[ruzinolemape: 03.12.2021, 03:07:40] --> DreuzerS appeared
[ruzinolemape: 03.12.2021, 03:08:34] --> buhimatusu appeared
[ruzinolemape: 03.12.2021, 03:08:37] --> buhimatusu appeared
[ruzinolemape: 03.12.2021, 03:09:03] --> DreuzerS appeared
[ruzinolemape: 03.12.2021, 03:10:22] --> buhimatusu appeared
[ruzinolemape: 03.12.2021, 03:11:42] --> vuzasuzufoga appeared
[ruzinolemape: 03.12.2021, 03:11:48] --> buhimatusu appeared
[ruzinolemape: 03.12.2021, 03:12:06] --> DreuzerS appeared
[ruzinolemape: 03.12.2021, 03:20:22] --> DreuzerS appeared
[ruzinolemape: 03.12.2021, 03:22:55] --> wevokebuzi appeared
[ruzinolemape: 03.12.2021, 03:27:55] --> BTZvzZ appeared
[ruzinolemape: 03.12.2021, 03:32:07] --> buhimatusu appeared
[ruzinolemape: 03.12.2021, 03:32:24] --> BTZvzZ appeared
[ruzinolemape: 03.12.2021, 03:33:13] --> zokigogopu appeared
[ruzinolemape: 03.12.2021, 03:34:31] --> buhimatusu appeared
[ruzinolemape: 03.12.2021, 03:34:46] --> buhimatusu appeared
[ruzinolemape: 03.12.2021, 03:35:59] --> BTZvzZ appeared
[ruzinolemape: 03.12.2021, 03:36:20] --> lofukezadez appeared
[ruzinolemape: 03.12.2021, 03:36:23] --> zokigogopu appeared
[ruzinolemape: 03.12.2021, 03:38:24] --> BTZvzZ appeared
[ruzinolemape: 03.12.2021, 03:38:35] --> BTZvzZ appeared
[ruzinolemape: 03.12.2021, 03:38:38] --> M5Mtd7 appeared
[ruzinolemape: 03.12.2021, 03:38:57] --> lofukezadez appeared
[ruzinolemape: 03.12.2021, 03:40:52] --> lofukezadez appeared
[ruzinolemape: 03.12.2021, 03:40:57] --> BTZvzZ appeared
[ruzinolemape: 03.12.2021, 03:42:32] --> 9better86 appeared
[ruzinolemape: 03.12.2021, 03:44:09] --> BTZvzZ appeared
[ruzinolemape: 03.12.2021, 03:44:52] --> BTZvzZ appeared
[ruzinolemape: 03.12.2021, 03:44:55] --> buhimatusu appeared
[ruzinolemape: 03.12.2021, 03:45:09] --> zokigogopu appeared
[ruzinolemape: 03.12.2021, 03:45:13] --> 9better86 appeared
[ruzinolemape: 03.12.2021, 03:46:32] --> zokigogopu appeared
[ruzinolemape: 03.12.2021, 03:48:38] --> M5Mtd7 appeared
[ruzinolemape: 03.12.2021, 03:49:33] --> buhimatusu appeared
[ruzinolemape: 03.12.2021, 03:49:37] --> buhimatusu appeared
[ruzinolemape: 03.12.2021, 03:50:01] --> BTZvzZ appeared
[ruzinolemape: 03.12.2021, 03:50:30] --> BTZvzZ appeared
[ruzinolemape: 03.12.2021, 03:51:57] --> BTZvzZ appeared
[ruzinolemape: 03.12.2021, 03:52:09] --> 9better86 appeared
[ruzinolemape: 03.12.2021, 03:54:25] --> zokigogopu appeared
[ruzinolemape: 03.12.2021, 03:54:38] --> 9better86 appeared
[ruzinolemape: 03.12.2021, 03:54:58] --> lofukezadez appeared
[ruzinolemape: 03.12.2021, 03:56:07] --> BTZvzZ appeared
[ruzinolemape: 03.12.2021, 03:57:27] --> BTZvzZ appeared
[ruzinolemape: 03.12.2021, 03:59:49] --> lofukezadez appeared
[ruzinolemape: 03.12.2021, 03:59:51] --> BTZvzZ appeared
[ruzinolemape: 03.12.2021, 04:03:13] --> 9better86 appeared
[ruzinolemape: 03.12.2021, 04:04:41] --> zokigogopu appeared
[ruzinolemape: 03.12.2021, 04:05:42] --> zokigogopu appeared
[ruzinolemape: 03.12.2021, 04:07:55] --> 9better86 appeared
[ruzinolemape: 03.12.2021, 04:09:08] --> buhimatusu appeared
[ruzinolemape: 03.12.2021, 04:09:49] --> 9better86 appeared
[ruzinolemape: 03.12.2021, 04:10:37] --> 9better86 appeared
[ruzinolemape: 03.12.2021, 04:11:10] --> BTZvzZ appeared
[ruzinolemape: 03.12.2021, 04:11:20] --> buhimatusu appeared
[ruzinolemape: 03.12.2021, 04:12:25] --> zokigogopu appeared
[ruzinolemape: 03.12.2021, 04:12:35] --> buhimatusu appeared
[ruzinolemape: 03.12.2021, 04:12:53] --> marikidiza appeared
[ruzinolemape: 03.12.2021, 04:14:07] --> buhimatusu appeared
[ruzinolemape: 03.12.2021, 04:15:20] --> buhimatusu appeared
[ruzinolemape: 03.12.2021, 04:17:47] --> BTZvzZ appeared
[ruzinolemape: 03.12.2021, 04:19:04] --> zokigogopu appeared
[ruzinolemape: 03.12.2021, 04:22:15] --> BTZvzZ appeared
[ruzinolemape: 03.12.2021, 04:25:16] --> buhimatusu appeared
[ruzinolemape: 03.12.2021, 04:25:35] --> BTZvzZ appeared
[ruzinolemape: 03.12.2021, 04:30:30] --> 9better86 appeared
[ruzinolemape: 03.12.2021, 04:35:24] --> buhimatusu appeared
[ruzinolemape: 03.12.2021, 04:36:36] --> buhimatusu appeared
[ruzinolemape: 03.12.2021, 04:37:25] --> BTZvzZ appeared
[ruzinolemape: 03.12.2021, 04:40:52] --> Character got kick
[ruzinolemape: 03.12.2021, 04:41:51] --> M5Mtd7 appeared
[ruzinolemape: 03.12.2021, 04:41:57] --> 9better86 appeared
[ruzinolemape: 03.12.2021, 04:44:54] --> BTZvzZ appeared
[ruzinolemape: 03.12.2021, 04:46:09] --> BTZvzZ appeared
[ruzinolemape: 03.12.2021, 04:46:11] --> BTZvzZ appeared
[ruzinolemape: 03.12.2021, 04:46:31] --> vuzasuzufoga appeared
[ruzinolemape: 03.12.2021, 04:47:31] --> lezegidoco appeared
[ruzinolemape: 03.12.2021, 04:48:29] --> BTZvzZ appeared
[ruzinolemape: 03.12.2021, 04:53:04] --> marikidiza appeared
[ruzinolemape: 03.12.2021, 04:53:46] --> BTZvzZ appeared
[ruzinolemape: 03.12.2021, 04:57:02] --> buhimatusu appeared
[ruzinolemape: 03.12.2021, 05:01:02] --> dubizedaro appeared
[ruzinolemape: 03.12.2021, 05:02:02] --> 7pepper44 appeared
[ruzinolemape: 03.12.2021, 05:02:24] --> lezegidoco appeared
[ruzinolemape: 03.12.2021, 05:07:30] --> buhimatusu appeared
[ruzinolemape: 03.12.2021, 05:08:50] --> BTZvzZ appeared
[ruzinolemape: 03.12.2021, 05:08:54] --> DreuzerS appeared
[ruzinolemape: 03.12.2021, 05:09:11] --> DreuzerS appeared
[ruzinolemape: 03.12.2021, 05:10:16] --> DreuzerS appeared
[ruzinolemape: 03.12.2021, 05:11:39] --> DreuzerS appeared
[ruzinolemape: 03.12.2021, 05:14:08] --> DreuzerS appeared
[ruzinolemape: 03.12.2021, 05:14:26] --> DreuzerS appeared
[ruzinolemape: 03.12.2021, 05:17:25] --> 9better86 appeared
[ruzinolemape: 03.12.2021, 05:18:49] --> BTZvzZ appeared
[ruzinolemape: 03.12.2021, 05:19:53] --> DreuzerS appeared
[ruzinolemape: 03.12.2021, 05:20:15] --> DreuzerS appeared
[ruzinolemape: 03.12.2021, 05:20:33] --> DreuzerS appeared
[ruzinolemape: 03.12.2021, 05:21:41] --> DreuzerS appeared
[ruzinolemape: 03.12.2021, 05:22:48] --> DreuzerS appeared
[ruzinolemape: 03.12.2021, 05:23:55] --> Character got kick
[ruzinolemape: 03.12.2021, 05:25:34] --> Character got kick
[ruzinolemape: 03.12.2021, 05:26:02] --> DreuzerS appeared
[ruzinolemape: 03.12.2021, 05:26:18] --> DreuzerS appeared
[ruzinolemape: 03.12.2021, 05:27:20] --> DreuzerS appeared
[ruzinolemape: 03.12.2021, 05:30:31] --> dubizedaro appeared
[ruzinolemape: 03.12.2021, 05:31:36] --> DreuzerS appeared
[ruzinolemape: 03.12.2021, 05:33:06] --> buhimatusu appeared
[ruzinolemape: 03.12.2021, 05:35:23] --> BTZvzZ appeared
[ruzinolemape: 03.12.2021, 05:38:02] --> kihapibavo appeared
[ruzinolemape: 03.12.2021, 05:38:19] --> DreuzerS appeared
[ruzinolemape: 03.12.2021, 05:39:24] --> kihapibavo appeared
[ruzinolemape: 03.12.2021, 05:40:40] --> 9better86 appeared
[ruzinolemape: 03.12.2021, 05:40:44] --> DreuzerS appeared
[ruzinolemape: 03.12.2021, 05:40:55] --> buhimatusu appeared
[ruzinolemape: 03.12.2021, 05:40:56] --> buhimatusu appeared
[ruzinolemape: 03.12.2021, 05:41:38] --> DreuzerS appeared
[ruzinolemape: 03.12.2021, 05:41:43] --> BTZvzZ appeared
[ruzinolemape: 03.12.2021, 05:41:58] --> DreuzerS appeared
[ruzinolemape: 03.12.2021, 05:47:30] --> DreuzerS appeared
[ruzinolemape: 03.12.2021, 05:49:11] --> M5Mtd7 appeared
[ruzinolemape: 03.12.2021, 05:52:04] --> DreuzerS appeared
[ruzinolemape: 03.12.2021, 05:56:01] --> kihapibavo appeared
[ruzinolemape: 03.12.2021, 05:56:13] --> BTZvzZ appeared
[ruzinolemape: 03.12.2021, 05:56:21] --> wevokebuzi appeared
[ruzinolemape: 03.12.2021, 06:01:42] --> kihapibavo appeared
[ruzinolemape: 03.12.2021, 06:01:46] --> BTZvzZ appeared
[ruzinolemape: 03.12.2021, 06:01:59] --> 9better86 appeared
[ruzinolemape: 03.12.2021, 06:02:40] --> kihapibavo appeared
[ruzinolemape: 03.12.2021, 06:04:11] --> DreuzerS appeared
[ruzinolemape: 03.12.2021, 06:04:13] --> buhimatusu appeared
[ruzinolemape: 03.12.2021, 06:06:41] --> kihapibavo appeared
[ruzinolemape: 03.12.2021, 06:12:28] --> Character got kick
[ruzinolemape: 03.12.2021, 06:14:22] --> Bot successfully started
[ruzinolemape: 03.12.2021, 06:14:22] --> DreuzerS appeared
[ruzinolemape: 03.12.2021, 06:17:12] --> 9better86 appeared
[ruzinolemape: 03.12.2021, 06:18:12] --> 9better86 appeared
[ruzinolemape: 03.12.2021, 06:19:01] --> Character got kick
[ruzinolemape: 03.12.2021, 06:19:53] --> DreuzerS appeared
[ruzinolemape: 03.12.2021, 06:22:06] --> kisonuzubak appeared
[ruzinolemape: 03.12.2021, 06:22:53] --> 9better86 appeared
[ruzinolemape: 03.12.2021, 06:26:41] --> Character died
[ruzinolemape: 03.12.2021, 06:26:50] --> buhimatusu appeared
[ruzinolemape: 03.12.2021, 06:27:14] --> DreuzerS appeared
[ruzinolemape: 03.12.2021, 06:28:12] --> buhimatusu appeared
[ruzinolemape: 03.12.2021, 06:28:33] --> kihapibavo appeared
[ruzinolemape: 03.12.2021, 06:29:53] --> DreuzerS appeared
[ruzinolemape: 03.12.2021, 06:33:24] --> DreuzerS appeared
[ruzinolemape: 03.12.2021, 06:33:39] --> BTZvzZ appeared
[ruzinolemape: 03.12.2021, 06:35:02] --> DreuzerS appeared
[ruzinolemape: 03.12.2021, 06:36:06] --> BTZvzZ appeared
[ruzinolemape: 03.12.2021, 06:39:19] --> DreuzerS appeared
[ruzinolemape: 03.12.2021, 06:41:40] --> 9better86 appeared
[ruzinolemape: 03.12.2021, 06:42:17] --> kisonuzubak appeared
[ruzinolemape: 03.12.2021, 06:43:05] --> DreuzerS appeared
[ruzinolemape: 03.12.2021, 06:43:38] --> vuzasuzufoga appeared
[ruzinolemape: 03.12.2021, 06:44:42] --> hebowaruse appeared
[ruzinolemape: 03.12.2021, 06:48:33] --> DreuzerS appeared
[ruzinolemape: 03.12.2021, 06:49:30] --> DreuzerS appeared
[ruzinolemape: 03.12.2021, 06:52:40] --> wevokebuzi appeared
[ruzinolemape: 03.12.2021, 06:52:56] --> DreuzerS appeared
[ruzinolemape: 03.12.2021, 06:54:03] --> DreuzerS appeared
[ruzinolemape: 03.12.2021, 06:54:21] --> DreuzerS appeared
[ruzinolemape: 03.12.2021, 06:55:02] --> 9better86 appeared
[ruzinolemape: 03.12.2021, 06:55:21] --> vubukasusahi appeared
[ruzinolemape: 03.12.2021, 06:58:22] --> buhimatusu appeared
[ruzinolemape: 03.12.2021, 06:59:42] --> 9better86 appeared
[ruzinolemape: 03.12.2021, 06:59:43] --> vuzasuzufoga appeared
[ruzinolemape: 03.12.2021, 07:02:11] --> vubukasusahi appeared
[ruzinolemape: 03.12.2021, 07:03:33] --> vubukasusahi appeared
[ruzinolemape: 03.12.2021, 07:04:58] --> DreuzerS appeared
[ruzinolemape: 03.12.2021, 07:06:45] --> hebowaruse appeared
[ruzinolemape: 03.12.2021, 07:09:05] --> DreuzerS appeared
[ruzinolemape: 03.12.2021, 07:11:16] --> DreuzerS appeared
[ruzinolemape: 03.12.2021, 07:12:21] --> 9better86 appeared
[ruzinolemape: 03.12.2021, 07:13:49] --> 9better86 appeared
[ruzinolemape: 03.12.2021, 07:14:53] --> vubukasusahi appeared
[ruzinolemape: 03.12.2021, 07:18:56] --> buhimatusu appeared
[ruzinolemape: 03.12.2021, 07:23:45] --> M5Mtd7 appeared
[ruzinolemape: 03.12.2021, 07:25:12] --> buhimatusu appeared
[ruzinolemape: 03.12.2021, 07:27:16] --> hebowaruse appeared
[ruzinolemape: 03.12.2021, 07:27:35] --> 7pepper44 appeared
[ruzinolemape: 03.12.2021, 07:27:40] --> BTZvzZ appeared
[ruzinolemape: 03.12.2021, 07:31:39] --> vubukasusahi appeared
[ruzinolemape: 03.12.2021, 07:35:56] --> BTZvzZ appeared
[ruzinolemape: 03.12.2021, 07:36:15] --> hebowaruse appeared
[ruzinolemape: 03.12.2021, 07:38:39] --> BTZvzZ appeared
[ruzinolemape: 03.12.2021, 07:39:20] --> wofezipizu appeared
[ruzinolemape: 03.12.2021, 07:40:40] --> 7pepper44 appeared
[ruzinolemape: 03.12.2021, 07:40:41] --> 9better86 appeared
[ruzinolemape: 03.12.2021, 07:46:39] --> wofezipizu appeared
[ruzinolemape: 03.12.2021, 07:52:00] --> 9better86 appeared
[ruzinolemape: 03.12.2021, 07:55:55] --> buhimatusu appeared
[ruzinolemape: 03.12.2021, 07:57:32] --> pokuhezuziv appeared
[ruzinolemape: 03.12.2021, 07:58:30] --> DreuzerS appeared
[ruzinolemape: 03.12.2021, 07:58:51] --> DreuzerS appeared
[ruzinolemape: 03.12.2021, 07:59:48] --> 9better86 appeared
[ruzinolemape: 03.12.2021, 08:00:03] --> pokuhezuziv appeared
[ruzinolemape: 03.12.2021, 08:02:02] --> DreuzerS appeared
[ruzinolemape: 03.12.2021, 08:04:38] --> wofezipizu appeared
[ruzinolemape: 03.12.2021, 08:10:52] --> wofezipizu appeared
[ruzinolemape: 03.12.2021, 08:11:08] --> buhimatusu appeared
[ruzinolemape: 03.12.2021, 08:12:27] --> pokuhezuziv appeared
[ruzinolemape: 03.12.2021, 08:13:23] --> BTZvzZ appeared
[ruzinolemape: 03.12.2021, 08:14:48] --> DreuzerS appeared
[ruzinolemape: 03.12.2021, 08:14:50] --> BTZvzZ appeared
[ruzinolemape: 03.12.2021, 08:15:04] --> pokuhezuziv appeared
[ruzinolemape: 03.12.2021, 08:23:38] --> pokuhezuziv appeared
[ruzinolemape: 03.12.2021, 08:23:42] --> DreuzerS appeared
[ruzinolemape: 03.12.2021, 08:23:55] --> wofezipizu appeared
[ruzinolemape: 03.12.2021, 08:25:16] --> wofezipizu appeared
[ruzinolemape: 03.12.2021, 08:27:54] --> DreuzerS appeared
[ruzinolemape: 03.12.2021, 08:30:31] --> BTZvzZ appeared
[ruzinolemape: 03.12.2021, 08:30:44] --> DreuzerS appeared
[ruzinolemape: 03.12.2021, 08:31:50] --> BTZvzZ appeared
[ruzinolemape: 03.12.2021, 08:34:06] --> buhimatusu appeared
[ruzinolemape: 03.12.2021, 08:35:28] --> BTZvzZ appeared
[ruzinolemape: 03.12.2021, 08:42:16] --> 9better86 appeared
[ruzinolemape: 03.12.2021, 08:42:18] --> BTZvzZ appeared
[ruzinolemape: 03.12.2021, 08:45:50] --> buhimatusu appeared
[ruzinolemape: 03.12.2021, 08:48:26] --> M5Mtd7 appeared
[ruzinolemape: 03.12.2021, 08:51:00] --> BTZvzZ appeared
[ruzinolemape: 03.12.2021, 08:54:54] --> DreuzerS appeared
[ruzinolemape: 03.12.2021, 08:57:26] --> BTZvzZ appeared
[ruzinolemape: 03.12.2021, 08:58:53] --> BTZvzZ appeared
[ruzinolemape: 03.12.2021, 09:01:52] --> DreuzerS appeared
[ruzinolemape: 03.12.2021, 09:02:51] --> wevokebuzi appeared
[ruzinolemape: 03.12.2021, 09:03:10] --> 9better86 appeared
[ruzinolemape: 03.12.2021, 09:05:29] --> 9better86 appeared
[ruzinolemape: 03.12.2021, 09:08:31] --> buhimatusu appeared
[ruzinolemape: 03.12.2021, 09:13:59] --> hiverumozu appeared
[ruzinolemape: 03.12.2021, 09:14:01] --> vuzasuzufoga appeared
[ruzinolemape: 03.12.2021, 09:15:06] --> zokigogopu appeared
[ruzinolemape: 03.12.2021, 09:18:10] --> DreuzerS appeared
[ruzinolemape: 03.12.2021, 09:18:52] --> DreuzerS appeared
[ruzinolemape: 03.12.2021, 09:19:36] --> DreuzerS appeared
[ruzinolemape: 03.12.2021, 09:21:04] --> DreuzerS appeared
[ruzinolemape: 03.12.2021, 09:21:50] --> zokigogopu appeared
[ruzinolemape: 03.12.2021, 09:23:46] --> zokigogopu appeared
[ruzinolemape: 03.12.2021, 09:26:50] --> hiverumozu appeared
[ruzinolemape: 03.12.2021, 09:27:57] --> 9better86 appeared
[ruzinolemape: 03.12.2021, 09:29:11] --> zokigogopu appeared
[ruzinolemape: 03.12.2021, 09:32:13] --> BTZvzZ appeared
[ruzinolemape: 03.12.2021, 09:34:37] --> 9better86 appeared
[ruzinolemape: 03.12.2021, 09:34:55] --> DreuzerS appeared
[ruzinolemape: 03.12.2021, 09:35:36] --> DreuzerS appeared
[ruzinolemape: 03.12.2021, 09:35:56] --> BTZvzZ appeared
[ruzinolemape: 03.12.2021, 09:42:12] --> DreuzerS appeared
[ruzinolemape: 03.12.2021, 09:42:14] --> zokigogopu appeared
[ruzinolemape: 03.12.2021, 09:42:33] --> DreuzerS appeared
[ruzinolemape: 03.12.2021, 09:44:20] --> Character got kick
[ruzinolemape: 03.12.2021, 09:46:23] --> BTZvzZ appeared
[ruzinolemape: 03.12.2021, 09:47:26] --> wevokebuzi appeared
[ruzinolemape: 03.12.2021, 09:48:45] --> 9better86 appeared
[ruzinolemape: 03.12.2021, 09:49:03] --> zozehegulune appeared
[ruzinolemape: 03.12.2021, 09:53:47] --> DreuzerS appeared
[ruzinolemape: 03.12.2021, 09:55:31] --> zokigogopu appeared
[ruzinolemape: 03.12.2021, 09:57:18] --> DreuzerS appeared
[ruzinolemape: 03.12.2021, 09:59:40] --> BTZvzZ appeared
[ruzinolemape: 03.12.2021, 10:03:02] --> DreuzerS appeared
[ruzinolemape: 03.12.2021, 10:04:11] --> BTZvzZ appeared
[ruzinolemape: 03.12.2021, 10:06:47] --> zozehegulune appeared
[ruzinolemape: 03.12.2021, 10:07:09] --> DreuzerS appeared
[ruzinolemape: 03.12.2021, 10:08:33] --> buhimatusu appeared
[ruzinolemape: 03.12.2021, 10:10:09] --> BTZvzZ appeared
[ruzinolemape: 03.12.2021, 10:12:49] --> BTZvzZ appeared
[ruzinolemape: 03.12.2021, 10:12:57] --> DreuzerS appeared
[ruzinolemape: 03.12.2021, 10:16:51] --> DreuzerS appeared
[ruzinolemape: 03.12.2021, 10:19:01] --> DreuzerS appeared
[ruzinolemape: 03.12.2021, 10:20:10] --> DreuzerS appeared
[ruzinolemape: 03.12.2021, 10:21:28] --> zokigogopu appeared
[ruzinolemape: 03.12.2021, 10:21:48] --> vuzasuzufoga appeared
[ruzinolemape: 03.12.2021, 10:23:57] --> 9better86 appeared
[ruzinolemape: 03.12.2021, 10:25:26] --> DreuzerS appeared
[ruzinolemape: 03.12.2021, 10:25:43] --> BTZvzZ appeared
[ruzinolemape: 03.12.2021, 10:27:48] --> zahozaseze appeared
[ruzinolemape: 03.12.2021, 10:28:12] --> 9better86 appeared
[ruzinolemape: 03.12.2021, 10:28:27] --> Character was kicked from the bot, reason: Character was walking
[ruzinolemape: 03.12.2021, 10:28:42] --> hikifuzopa appeared
[ruzinolemape: 03.12.2021, 10:28:51] --> werilifuva appeared
[ruzinolemape: 03.12.2021, 10:28:57] --> Character was kicked from the bot, reason: Character was walking
[ruzinolemape: 03.12.2021, 10:29:04] --> vuzasuzufoga appeared
[ruzinolemape: 03.12.2021, 10:41:14] --> Character was kicked from the bot, reason: Character was walking
[ruzinolemape: 03.12.2021, 10:41:21] --> hikifuzopa appeared
[ruzinolemape: 03.12.2021, 10:41:21] --> Changing into CH2
[ruzinolemape: 03.12.2021, 10:44:06] --> Character was kicked from the bot, reason: Character was walking
[ruzinolemape: 03.12.2021, 10:44:24] --> Character was kicked from the bot, reason: Character was walking
[ruzinolemape: 03.12.2021, 10:44:29] --> zucokodomo appeared
[ruzinolemape: 03.12.2021, 10:46:28] --> zucokodomo appeared
[ruzinolemape: 03.12.2021, 10:47:32] --> Changing into CH2
