[AsWerasLoaw:  24.12.2021, 11:29:34] --> Bot successfully started
[AsWerasLoaw:  24.12.2021, 11:29:34] --> MONDLICHOPEN appeared
[AsWerasLoaw:  24.12.2021, 11:29:38] --> PM recieved from Sv3No : Add P2W#9999 on Discord for info @ 24/7 Online @ 5 Minute Delivery @
[AsWerasLoaw:  24.12.2021, 11:29:39] --> PM recieved from Sv3No : 40 Won - 25 ÊUR
[AsWerasLoaw:  24.12.2021, 11:29:41] --> PM recieved from Sv3No : Add P2W#9999 on Discord for info @ 24/7 Online @ 5 Minute Delivery @
[AsWerasLoaw:  24.12.2021, 11:29:47] --> PM recieved from Sv3No : 88 Won - 50 ÊUR
[AsWerasLoaw:  24.12.2021, 11:29:48] --> PM recieved from Sv3No : Add P2W#9999 on Discord for info @ 24/7 Online @ 5 Minute Delivery @
[AsWerasLoaw:  24.12.2021, 11:29:52] --> PM recieved from Sv3No : 195 Won - 100 ÊUR
[AsWerasLoaw:  24.12.2021, 11:29:53] --> PM recieved from Sv3No : 40 Won - 25 ÊUR
[AsWerasLoaw:  24.12.2021, 11:29:54] --> PM recieved from Sv3No : Add P2W#9999 on Discord for info @ 24/7 Online @ 5 Minute Delivery @
[AsWerasLoaw:  24.12.2021, 11:30:05] --> PM recieved from Sv3No : 40 Won - 25 ÊUR
[AsWerasLoaw:  24.12.2021, 11:30:06] --> PM recieved from Sv3No : Add P2W#9999 on Discord for info @ 24/7 Online @ 5 Minute Delivery @
[AsWerasLoaw:  24.12.2021, 11:30:13] --> PM recieved from Sv3No : 195 Won - 100 ÊUR
[AsWerasLoaw:  24.12.2021, 11:30:14] --> PM recieved from Sv3No : Add P2W#9999 on Discord for info @ 24/7 Online @ 5 Minute Delivery @
[AsWerasLoaw:  24.12.2021, 11:30:18] --> PM recieved from Sv3No : 40 Won - 25 ÊUR
[AsWerasLoaw:  24.12.2021, 11:30:19] --> PM recieved from Sv3No : Add P2W#9999 on Discord for info @ 24/7 Online @ 5 Minute Delivery @
[AsWerasLoaw:  24.12.2021, 11:30:22] --> PM recieved from Sv3No : 40 Won - 25 ÊUR
[AsWerasLoaw:  24.12.2021, 11:30:23] --> PM recieved from Sv3No : Add P2W#9999 on Discord for info @ 24/7 Online @ 5 Minute Delivery @
[AsWerasLoaw:  24.12.2021, 11:30:24] --> PM recieved from Sv3No : 40 Won - 25 ÊUR
[AsWerasLoaw:  24.12.2021, 11:30:25] --> PM recieved from Sv3No : Add P2W#9999 on Discord for info @ 24/7 Online @ 5 Minute Delivery @
[AsWerasLoaw:  24.12.2021, 11:30:35] --> PM recieved from Sv3No : 88 Won - 50 ÊUR
[AsWerasLoaw:  24.12.2021, 11:30:36] --> PM recieved from Sv3No : Add P2W#9999 on Discord for info @ 24/7 Online @ 5 Minute Delivery @
[AsWerasLoaw:  24.12.2021, 11:30:41] --> PM recieved from Sv3No : 195 Won - 100 ÊUR
[AsWerasLoaw:  24.12.2021, 11:30:42] --> PM recieved from Sv3No : Add P2W#9999 on Discord for info @ 24/7 Online @ 5 Minute Delivery @
[AsWerasLoaw:  24.12.2021, 11:30:45] --> PM recieved from Sv3No : 88 Won - 50 ÊUR
[AsWerasLoaw:  24.12.2021, 11:30:46] --> PM recieved from Sv3No : Add P2W#9999 on Discord for info @ 24/7 Online @ 5 Minute Delivery @
[AsWerasLoaw:  24.12.2021, 11:30:48] --> PM recieved from Sv3No : 40 Won - 25 ÊUR
[AsWerasLoaw:  24.12.2021, 11:30:49] --> PM recieved from Sv3No : Add P2W#9999 on Discord for info @ 24/7 Online @ 5 Minute Delivery @
[AsWerasLoaw:  24.12.2021, 11:31:18] --> PM recieved from Sv3No : 40 Won - 25 ÊUR
[AsWerasLoaw:  24.12.2021, 11:31:19] --> PM recieved from Sv3No : Add P2W#9999 on Discord for info @ 24/7 Online @ 5 Minute Delivery @
[AsWerasLoaw:  24.12.2021, 11:31:28] --> PM recieved from Sv3No : 40 Won - 25 ÊUR
[AsWerasLoaw:  24.12.2021, 11:31:29] --> PM recieved from Sv3No : Add P2W#9999 on Discord for info @ 24/7 Online @ 5 Minute Delivery @
[AsWerasLoaw:  24.12.2021, 11:31:33] --> PM recieved from Sv3No : 88 Won - 50 ÊUR
[AsWerasLoaw:  24.12.2021, 11:31:34] --> PM recieved from Sv3No : Add P2W#9999 on Discord for info @ 24/7 Online @ 5 Minute Delivery @
[AsWerasLoaw:  24.12.2021, 11:31:36] --> PM recieved from Sv3No : 195 Won - 100 ÊUR
[AsWerasLoaw:  24.12.2021, 11:31:37] --> PM recieved from Sv3No : Add P2W#9999 on Discord for info @ 24/7 Online @ 5 Minute Delivery @
[AsWerasLoaw:  24.12.2021, 11:31:51] --> PM recieved from Sv3No : 88 Won - 50 ÊUR
[AsWerasLoaw:  24.12.2021, 11:31:52] --> PM recieved from Sv3No : Add P2W#9999 on Discord for info @ 24/7 Online @ 5 Minute Delivery @
[AsWerasLoaw:  24.12.2021, 11:32:01] --> PM recieved from Sv3No : 40 Won - 25 ÊUR
[AsWerasLoaw:  24.12.2021, 11:32:02] --> PM recieved from Sv3No : Add P2W#9999 on Discord for info @ 24/7 Online @ 5 Minute Delivery @
[AsWerasLoaw:  24.12.2021, 11:32:11] --> PM recieved from Sv3No : 88 Won - 50 ÊUR
[AsWerasLoaw:  24.12.2021, 11:32:12] --> PM recieved from Sv3No : Add P2W#9999 on Discord for info @ 24/7 Online @ 5 Minute Delivery @
[AsWerasLoaw:  24.12.2021, 11:32:21] --> PM recieved from Sv3No : 88 Won - 50 ÊUR
[AsWerasLoaw:  24.12.2021, 11:32:22] --> PM recieved from Sv3No : Add P2W#9999 on Discord for info @ 24/7 Online @ 5 Minute Delivery @
[AsWerasLoaw:  24.12.2021, 11:32:37] --> PM recieved from Sv3No : 88 Won - 50 ÊUR
[AsWerasLoaw:  24.12.2021, 11:32:38] --> PM recieved from Sv3No : Add P2W#9999 on Discord for info @ 24/7 Online @ 5 Minute Delivery @
[AsWerasLoaw:  24.12.2021, 11:32:42] --> PM recieved from Sv3No : 88 Won - 50 ÊUR
[AsWerasLoaw:  24.12.2021, 11:32:43] --> PM recieved from Sv3No : Add P2W#9999 on Discord for info @ 24/7 Online @ 5 Minute Delivery @
[AsWerasLoaw:  24.12.2021, 11:32:49] --> PM recieved from Sv3No : 195 Won - 100 ÊUR
[AsWerasLoaw:  24.12.2021, 11:32:50] --> PM recieved from Sv3No : Add P2W#9999 on Discord for info @ 24/7 Online @ 5 Minute Delivery @
[AsWerasLoaw:  24.12.2021, 11:32:53] --> PM recieved from Sv3No : 40 Won - 25 ÊUR
[AsWerasLoaw:  24.12.2021, 11:32:55] --> PM recieved from Sv3No : Add P2W#9999 on Discord for info @ 24/7 Online @ 5 Minute Delivery @
[AsWerasLoaw:  24.12.2021, 11:33:02] --> PM recieved from Sv3No : 40 Won - 25 ÊUR
[AsWerasLoaw:  24.12.2021, 11:33:03] --> PM recieved from Sv3No : Add P2W#9999 on Discord for info @ 24/7 Online @ 5 Minute Delivery @
[AsWerasLoaw:  24.12.2021, 11:33:15] --> PM recieved from Sv3No : 40 Won - 25 ÊUR
[AsWerasLoaw:  24.12.2021, 11:33:16] --> PM recieved from Sv3No : Add P2W#9999 on Discord for info @ 24/7 Online @ 5 Minute Delivery @
[AsWerasLoaw:  24.12.2021, 11:33:20] --> PM recieved from Sv3No : 195 Won - 100 ÊUR
[AsWerasLoaw:  24.12.2021, 11:33:21] --> PM recieved from Sv3No : Add P2W#9999 on Discord for info @ 24/7 Online @ 5 Minute Delivery @
[AsWerasLoaw:  24.12.2021, 11:33:25] --> PM recieved from Sv3No : 195 Won - 100 ÊUR
[AsWerasLoaw:  24.12.2021, 11:33:26] --> PM recieved from Sv3No : Add P2W#9999 on Discord for info @ 24/7 Online @ 5 Minute Delivery @
[AsWerasLoaw:  24.12.2021, 11:33:56] --> PM recieved from Sv3No : 195 Won - 100 ÊUR
[AsWerasLoaw:  24.12.2021, 11:33:57] --> PM recieved from Sv3No : Add P2W#9999 on Discord for info @ 24/7 Online @ 5 Minute Delivery @
[AsWerasLoaw:  24.12.2021, 11:34:07] --> PM recieved from Sv3No : 40 Won - 25 ÊUR
[AsWerasLoaw:  24.12.2021, 11:34:08] --> PM recieved from Sv3No : Add P2W#9999 on Discord for info @ 24/7 Online @ 5 Minute Delivery @
[AsWerasLoaw:  24.12.2021, 11:34:23] --> PM recieved from Sv3No : 88 Won - 50 ÊUR
[AsWerasLoaw:  24.12.2021, 11:34:24] --> PM recieved from Sv3No : Add P2W#9999 on Discord for info @ 24/7 Online @ 5 Minute Delivery @
[AsWerasLoaw:  24.12.2021, 11:34:28] --> PM recieved from Sv3No : 40 Won - 25 ÊUR
[AsWerasLoaw:  24.12.2021, 11:34:29] --> PM recieved from Sv3No : Add P2W#9999 on Discord for info @ 24/7 Online @ 5 Minute Delivery @
[AsWerasLoaw:  24.12.2021, 11:34:53] --> PM recieved from Sv3No : 88 Won - 50 ÊUR
[AsWerasLoaw:  24.12.2021, 11:34:54] --> PM recieved from Sv3No : Add P2W#9999 on Discord for info @ 24/7 Online @ 5 Minute Delivery @
[AsWerasLoaw:  24.12.2021, 11:34:59] --> PM recieved from Sv3No : 195 Won - 100 ÊUR
[AsWerasLoaw:  24.12.2021, 11:35:00] --> PM recieved from Sv3No : Add P2W#9999 on Discord for info @ 24/7 Online @ 5 Minute Delivery @
[AsWerasLoaw:  24.12.2021, 11:35:05] --> PM recieved from Sv3No : 195 Won - 100 ÊUR
[AsWerasLoaw:  24.12.2021, 11:35:06] --> PM recieved from Sv3No : Add P2W#9999 on Discord for info @ 24/7 Online @ 5 Minute Delivery @
[AsWerasLoaw:  24.12.2021, 11:35:07] --> PM recieved from Sv3No : 88 Won - 50 ÊUR
[AsWerasLoaw:  24.12.2021, 11:35:08] --> PM recieved from Sv3No : Add P2W#9999 on Discord for info @ 24/7 Online @ 5 Minute Delivery @
[AsWerasLoaw:  24.12.2021, 11:35:09] --> PM recieved from Sv3No : 40 Won - 25 ÊUR
[AsWerasLoaw:  24.12.2021, 11:35:10] --> PM recieved from Sv3No : Add P2W#9999 on Discord for info @ 24/7 Online @ 5 Minute Delivery @
[AsWerasLoaw:  24.12.2021, 11:35:19] --> PM recieved from Sv3No : 195 Won - 100 ÊUR
[AsWerasLoaw:  24.12.2021, 11:35:20] --> PM recieved from Sv3No : Add P2W#9999 on Discord for info @ 24/7 Online @ 5 Minute Delivery @
[AsWerasLoaw:  24.12.2021, 11:35:24] --> PM recieved from Sv3No : 88 Won - 50 ÊUR
[AsWerasLoaw:  24.12.2021, 11:35:25] --> PM recieved from Sv3No : Add P2W#9999 on Discord for info @ 24/7 Online @ 5 Minute Delivery @
[AsWerasLoaw:  24.12.2021, 11:35:38] --> PM recieved from Sv3No : 88 Won - 50 ÊUR
[AsWerasLoaw:  24.12.2021, 11:35:39] --> PM recieved from Sv3No : Add P2W#9999 on Discord for info @ 24/7 Online @ 5 Minute Delivery @
[AsWerasLoaw:  24.12.2021, 11:35:40] --> PM recieved from Sv3No : 40 Won - 25 ÊUR
[AsWerasLoaw:  24.12.2021, 11:35:41] --> PM recieved from Sv3No : Add P2W#9999 on Discord for info @ 24/7 Online @ 5 Minute Delivery @
[AsWerasLoaw:  24.12.2021, 11:35:46] --> PM recieved from Sv3No : 195 Won - 100 ÊUR
[AsWerasLoaw:  24.12.2021, 11:35:47] --> PM recieved from Sv3No : Add P2W#9999 on Discord for info @ 24/7 Online @ 5 Minute Delivery @
[AsWerasLoaw:  24.12.2021, 11:36:13] --> PM recieved from Sv3No : 40 Won - 25 ÊUR
[AsWerasLoaw:  24.12.2021, 11:36:14] --> PM recieved from Sv3No : Add P2W#9999 on Discord for info @ 24/7 Online @ 5 Minute Delivery @
[AsWerasLoaw:  24.12.2021, 11:36:15] --> PM recieved from Sv3No : 88 Won - 50 ÊUR
[AsWerasLoaw:  24.12.2021, 11:36:16] --> PM recieved from Sv3No : Add P2W#9999 on Discord for info @ 24/7 Online @ 5 Minute Delivery @
[AsWerasLoaw:  24.12.2021, 11:36:18] --> PM recieved from Sv3No : 88 Won - 50 ÊUR
[AsWerasLoaw:  24.12.2021, 11:36:19] --> PM recieved from Sv3No : Add P2W#9999 on Discord for info @ 24/7 Online @ 5 Minute Delivery @
[AsWerasLoaw:  24.12.2021, 11:36:29] --> PM recieved from Sv3No : 195 Won - 100 ÊUR
[AsWerasLoaw:  24.12.2021, 11:36:30] --> PM recieved from Sv3No : Add P2W#9999 on Discord for info @ 24/7 Online @ 5 Minute Delivery @
[AsWerasLoaw:  24.12.2021, 11:36:32] --> PM recieved from Sv3No : 88 Won - 50 ÊUR
[AsWerasLoaw:  24.12.2021, 11:36:33] --> PM recieved from Sv3No : Add P2W#9999 on Discord for info @ 24/7 Online @ 5 Minute Delivery @
[AsWerasLoaw:  24.12.2021, 11:36:40] --> PM recieved from Sv3No : 195 Won - 100 ÊUR
[AsWerasLoaw:  24.12.2021, 11:36:41] --> PM recieved from Sv3No : Add P2W#9999 on Discord for info @ 24/7 Online @ 5 Minute Delivery @
[AsWerasLoaw:  24.12.2021, 11:36:43] --> PM recieved from Sv3No : 88 Won - 50 ÊUR
[AsWerasLoaw:  24.12.2021, 11:36:44] --> PM recieved from Sv3No : Add P2W#9999 on Discord for info @ 24/7 Online @ 5 Minute Delivery @
[AsWerasLoaw:  24.12.2021, 11:36:54] --> PM recieved from Sv3No : 40 Won - 25 ÊUR
[AsWerasLoaw:  24.12.2021, 11:36:55] --> PM recieved from Sv3No : Add P2W#9999 on Discord for info @ 24/7 Online @ 5 Minute Delivery @
[AsWerasLoaw:  24.12.2021, 11:37:16] --> PM recieved from Sv3No : 88 Won - 50 ÊUR
[AsWerasLoaw:  24.12.2021, 11:37:17] --> PM recieved from Sv3No : Add P2W#9999 on Discord for info @ 24/7 Online @ 5 Minute Delivery @
[AsWerasLoaw:  24.12.2021, 11:37:19] --> PM recieved from Sv3No : 88 Won - 50 ÊUR
[AsWerasLoaw:  24.12.2021, 11:37:20] --> PM recieved from Sv3No : Add P2W#9999 on Discord for info @ 24/7 Online @ 5 Minute Delivery @
[AsWerasLoaw:  24.12.2021, 11:37:30] --> PM recieved from Sv3No : 195 Won - 100 ÊUR
[AsWerasLoaw:  24.12.2021, 11:37:31] --> PM recieved from Sv3No : Add P2W#9999 on Discord for info @ 24/7 Online @ 5 Minute Delivery @
[AsWerasLoaw:  24.12.2021, 11:37:35] --> PM recieved from Sv3No : 88 Won - 50 ÊUR
[AsWerasLoaw:  24.12.2021, 11:37:36] --> PM recieved from Sv3No : Add P2W#9999 on Discord for info @ 24/7 Online @ 5 Minute Delivery @
[AsWerasLoaw:  24.12.2021, 11:37:46] --> PM recieved from Sv3No : 88 Won - 50 ÊUR
[AsWerasLoaw:  24.12.2021, 11:37:47] --> PM recieved from Sv3No : Add P2W#9999 on Discord for info @ 24/7 Online @ 5 Minute Delivery @
[AsWerasLoaw:  24.12.2021, 11:38:05] --> PM recieved from Sv3No : 195 Won - 100 ÊUR
[AsWerasLoaw:  24.12.2021, 11:38:06] --> PM recieved from Sv3No : Add P2W#9999 on Discord for info @ 24/7 Online @ 5 Minute Delivery @
[AsWerasLoaw:  24.12.2021, 11:38:10] --> PM recieved from Sv3No : 40 Won - 25 ÊUR
[AsWerasLoaw:  24.12.2021, 11:38:11] --> PM recieved from Sv3No : Add P2W#9999 on Discord for info @ 24/7 Online @ 5 Minute Delivery @
[AsWerasLoaw:  24.12.2021, 11:38:19] --> PM recieved from Sv3No : 40 Won - 25 ÊUR
[AsWerasLoaw:  24.12.2021, 11:38:20] --> PM recieved from Sv3No : Add P2W#9999 on Discord for info @ 24/7 Online @ 5 Minute Delivery @
[AsWerasLoaw:  24.12.2021, 11:38:21] --> PM recieved from Sv3No : 40 Won - 25 ÊUR
[AsWerasLoaw:  24.12.2021, 11:38:22] --> PM recieved from Sv3No : Add P2W#9999 on Discord for info @ 24/7 Online @ 5 Minute Delivery @
[AsWerasLoaw:  24.12.2021, 11:38:28] --> PM recieved from Sv3No : 40 Won - 25 ÊUR
[AsWerasLoaw:  24.12.2021, 11:38:29] --> PM recieved from Sv3No : Add P2W#9999 on Discord for info @ 24/7 Online @ 5 Minute Delivery @
[AsWerasLoaw:  24.12.2021, 11:38:30] --> PM recieved from Sv3No : 40 Won - 25 ÊUR
[AsWerasLoaw:  24.12.2021, 11:38:31] --> PM recieved from Sv3No : Add P2W#9999 on Discord for info @ 24/7 Online @ 5 Minute Delivery @
[AsWerasLoaw:  24.12.2021, 11:38:35] --> PM recieved from Sv3No : 40 Won - 25 ÊUR
[AsWerasLoaw:  24.12.2021, 11:38:36] --> PM recieved from Sv3No : Add P2W#9999 on Discord for info @ 24/7 Online @ 5 Minute Delivery @
[AsWerasLoaw:  24.12.2021, 11:38:43] --> PM recieved from Sv3No : 40 Won - 25 ÊUR
[AsWerasLoaw:  24.12.2021, 11:38:44] --> PM recieved from Sv3No : Add P2W#9999 on Discord for info @ 24/7 Online @ 5 Minute Delivery @
[AsWerasLoaw:  24.12.2021, 11:38:53] --> PM recieved from Sv3No : 195 Won - 100 ÊUR
[AsWerasLoaw:  24.12.2021, 11:38:54] --> PM recieved from Sv3No : Add P2W#9999 on Discord for info @ 24/7 Online @ 5 Minute Delivery @
[AsWerasLoaw:  24.12.2021, 11:38:56] --> PM recieved from Sv3No : 195 Won - 100 ÊUR
[AsWerasLoaw:  24.12.2021, 11:38:57] --> PM recieved from Sv3No : Add P2W#9999 on Discord for info @ 24/7 Online @ 5 Minute Delivery @
[AsWerasLoaw:  24.12.2021, 11:39:16] --> PM recieved from Sv3No : 88 Won - 50 ÊUR
[AsWerasLoaw:  24.12.2021, 11:39:17] --> PM recieved from Sv3No : Add P2W#9999 on Discord for info @ 24/7 Online @ 5 Minute Delivery @
[AsWerasLoaw:  24.12.2021, 11:39:20] --> PM recieved from Sv3No : 88 Won - 50 ÊUR
[AsWerasLoaw:  24.12.2021, 11:39:21] --> PM recieved from Sv3No : Add P2W#9999 on Discord for info @ 24/7 Online @ 5 Minute Delivery @
[AsWerasLoaw:  24.12.2021, 11:39:31] --> PM recieved from Sv3No : 40 Won - 25 ÊUR
[AsWerasLoaw:  24.12.2021, 11:39:32] --> PM recieved from Sv3No : Add P2W#9999 on Discord for info @ 24/7 Online @ 5 Minute Delivery @
[AsWerasLoaw:  24.12.2021, 11:39:49] --> PM recieved from Sv3No : 40 Won - 25 ÊUR
[AsWerasLoaw:  24.12.2021, 11:39:50] --> PM recieved from Sv3No : Add P2W#9999 on Discord for info @ 24/7 Online @ 5 Minute Delivery @
[AsWerasLoaw:  24.12.2021, 11:39:52] --> PM recieved from Sv3No : 40 Won - 25 ÊUR
[AsWerasLoaw:  24.12.2021, 11:39:53] --> PM recieved from Sv3No : Add P2W#9999 on Discord for info @ 24/7 Online @ 5 Minute Delivery @
[AsWerasLoaw:  24.12.2021, 11:40:02] --> PM recieved from Sv3No : 195 Won - 100 ÊUR
[AsWerasLoaw:  24.12.2021, 11:40:03] --> PM recieved from Sv3No : Add P2W#9999 on Discord for info @ 24/7 Online @ 5 Minute Delivery @
[AsWerasLoaw:  24.12.2021, 11:40:05] --> PM recieved from Sv3No : 195 Won - 100 ÊUR
[AsWerasLoaw:  24.12.2021, 11:40:06] --> PM recieved from Sv3No : Add P2W#9999 on Discord for info @ 24/7 Online @ 5 Minute Delivery @
[AsWerasLoaw:  24.12.2021, 11:40:14] --> PM recieved from Sv3No : 195 Won - 100 ÊUR
[AsWerasLoaw:  24.12.2021, 11:40:15] --> PM recieved from Sv3No : Add P2W#9999 on Discord for info @ 24/7 Online @ 5 Minute Delivery @
[AsWerasLoaw:  24.12.2021, 11:40:17] --> PM recieved from Sv3No : 195 Won - 100 ÊUR
[AsWerasLoaw:  24.12.2021, 11:40:18] --> PM recieved from Sv3No : Add P2W#9999 on Discord for info @ 24/7 Online @ 5 Minute Delivery @
[AsWerasLoaw:  24.12.2021, 11:40:21] --> PM recieved from Sv3No : 40 Won - 25 ÊUR
[AsWerasLoaw:  24.12.2021, 11:40:22] --> PM recieved from Sv3No : Add P2W#9999 on Discord for info @ 24/7 Online @ 5 Minute Delivery @
[AsWerasLoaw:  24.12.2021, 11:40:46] --> PM recieved from Sv3No : 195 Won - 100 ÊUR
[AsWerasLoaw:  24.12.2021, 11:40:47] --> PM recieved from Sv3No : Add P2W#9999 on Discord for info @ 24/7 Online @ 5 Minute Delivery @
[AsWerasLoaw:  24.12.2021, 11:40:50] --> PM recieved from Sv3No : 40 Won - 25 ÊUR
[AsWerasLoaw:  24.12.2021, 11:40:51] --> PM recieved from Sv3No : Add P2W#9999 on Discord for info @ 24/7 Online @ 5 Minute Delivery @
[AsWerasLoaw:  24.12.2021, 11:40:58] --> PM recieved from Sv3No : 88 Won - 50 ÊUR
[AsWerasLoaw:  24.12.2021, 11:40:59] --> PM recieved from Sv3No : Add P2W#9999 on Discord for info @ 24/7 Online @ 5 Minute Delivery @
[AsWerasLoaw:  24.12.2021, 11:41:12] --> PM recieved from Sv3No : 195 Won - 100 ÊUR
[AsWerasLoaw:  24.12.2021, 11:41:13] --> PM recieved from Sv3No : Add P2W#9999 on Discord for info @ 24/7 Online @ 5 Minute Delivery @
[AsWerasLoaw:  24.12.2021, 11:41:20] --> PM recieved from Sv3No : 195 Won - 100 ÊUR
[AsWerasLoaw:  24.12.2021, 11:41:21] --> PM recieved from Sv3No : Add P2W#9999 on Discord for info @ 24/7 Online @ 5 Minute Delivery @
[AsWerasLoaw:  24.12.2021, 11:41:30] --> PM recieved from Sv3No : 88 Won - 50 ÊUR
[AsWerasLoaw:  24.12.2021, 11:41:31] --> PM recieved from Sv3No : Add P2W#9999 on Discord for info @ 24/7 Online @ 5 Minute Delivery @
[AsWerasLoaw:  24.12.2021, 11:41:33] --> PM recieved from Sv3No : 195 Won - 100 ÊUR
[AsWerasLoaw:  24.12.2021, 11:41:34] --> PM recieved from Sv3No : Add P2W#9999 on Discord for info @ 24/7 Online @ 5 Minute Delivery @
[AsWerasLoaw:  24.12.2021, 11:41:40] --> PM recieved from Sv3No : 88 Won - 50 ÊUR
[AsWerasLoaw:  24.12.2021, 11:41:41] --> PM recieved from Sv3No : Add P2W#9999 on Discord for info @ 24/7 Online @ 5 Minute Delivery @
[AsWerasLoaw:  24.12.2021, 11:41:47] --> PM recieved from Sv3No : 88 Won - 50 ÊUR
[AsWerasLoaw:  24.12.2021, 11:41:48] --> PM recieved from Sv3No : Add P2W#9999 on Discord for info @ 24/7 Online @ 5 Minute Delivery @
[AsWerasLoaw:  24.12.2021, 11:41:51] --> PM recieved from Sv3No : 40 Won - 25 ÊUR
[AsWerasLoaw:  24.12.2021, 11:41:52] --> PM recieved from Sv3No : Add P2W#9999 on Discord for info @ 24/7 Online @ 5 Minute Delivery @
[AsWerasLoaw:  24.12.2021, 11:41:54] --> PM recieved from Sv3No : 88 Won - 50 ÊUR
[AsWerasLoaw:  24.12.2021, 11:41:55] --> PM recieved from Sv3No : Add P2W#9999 on Discord for info @ 24/7 Online @ 5 Minute Delivery @
[AsWerasLoaw:  24.12.2021, 11:41:58] --> PM recieved from Sv3No : 40 Won - 25 ÊUR
[AsWerasLoaw:  24.12.2021, 11:41:59] --> PM recieved from Sv3No : Add P2W#9999 on Discord for info @ 24/7 Online @ 5 Minute Delivery @
[AsWerasLoaw:  24.12.2021, 11:42:10] --> PM recieved from Sv3No : 88 Won - 50 ÊUR
[AsWerasLoaw:  24.12.2021, 11:42:11] --> PM recieved from Sv3No : Add P2W#9999 on Discord for info @ 24/7 Online @ 5 Minute Delivery @
[AsWerasLoaw:  24.12.2021, 11:42:17] --> PM recieved from Sv3No : 195 Won - 100 ÊUR
[AsWerasLoaw:  24.12.2021, 11:42:18] --> PM recieved from Sv3No : Add P2W#9999 on Discord for info @ 24/7 Online @ 5 Minute Delivery @
[AsWerasLoaw:  24.12.2021, 11:43:35] --> PM recieved from Sv3No : 195 Won - 100 ÊUR
[AsWerasLoaw:  24.12.2021, 11:43:36] --> PM recieved from Sv3No : Add P2W#9999 on Discord for info @ 24/7 Online @ 5 Minute Delivery @
[AsWerasLoaw:  24.12.2021, 11:43:37] --> PM recieved from Sv3No : 88 Won - 50 ÊUR
[AsWerasLoaw:  24.12.2021, 11:43:38] --> PM recieved from Sv3No : Add P2W#9999 on Discord for info @ 24/7 Online @ 5 Minute Delivery @
[AsWerasLoaw:  24.12.2021, 11:43:39] --> PM recieved from Sv3No : 40 Won - 25 ÊUR
[AsWerasLoaw:  24.12.2021, 11:43:40] --> PM recieved from Sv3No : Add P2W#9999 on Discord for info @ 24/7 Online @ 5 Minute Delivery @
[AsWerasLoaw:  24.12.2021, 11:43:41] --> PM recieved from Sv3No : 40 Won - 25 ÊUR
[AsWerasLoaw:  24.12.2021, 11:43:42] --> PM recieved from Sv3No : Add P2W#9999 on Discord for info @ 24/7 Online @ 5 Minute Delivery @
[AsWerasLoaw:  24.12.2021, 11:44:00] --> PM recieved from Sv3No : 40 Won - 25 ÊUR
[AsWerasLoaw:  24.12.2021, 11:44:01] --> PM recieved from Sv3No : Add P2W#9999 on Discord for info @ 24/7 Online @ 5 Minute Delivery @
[AsWerasLoaw:  24.12.2021, 11:44:21] --> PM recieved from Sv3No : 40 Won - 25 ÊUR
[AsWerasLoaw:  24.12.2021, 11:44:22] --> PM recieved from Sv3No : Add P2W#9999 on Discord for info @ 24/7 Online @ 5 Minute Delivery @
[AsWerasLoaw:  24.12.2021, 11:44:33] --> PM recieved from Sv3No : 88 Won - 50 ÊUR
[AsWerasLoaw:  24.12.2021, 11:44:34] --> PM recieved from Sv3No : Add P2W#9999 on Discord for info @ 24/7 Online @ 5 Minute Delivery @
[AsWerasLoaw:  24.12.2021, 11:44:45] --> PM recieved from Sv3No : 40 Won - 25 ÊUR
[AsWerasLoaw:  24.12.2021, 11:44:46] --> PM recieved from Sv3No : Add P2W#9999 on Discord for info @ 24/7 Online @ 5 Minute Delivery @
[AsWerasLoaw:  24.12.2021, 11:44:59] --> PM recieved from Sv3No : 88 Won - 50 ÊUR
[AsWerasLoaw:  24.12.2021, 11:45:00] --> PM recieved from Sv3No : Add P2W#9999 on Discord for info @ 24/7 Online @ 5 Minute Delivery @
[AsWerasLoaw:  24.12.2021, 11:45:06] --> PM recieved from Sv3No : 88 Won - 50 ÊUR
[AsWerasLoaw:  24.12.2021, 11:45:07] --> PM recieved from Sv3No : Add P2W#9999 on Discord for info @ 24/7 Online @ 5 Minute Delivery @
[AsWerasLoaw:  24.12.2021, 11:45:11] --> PM recieved from Sv3No : 40 Won - 25 ÊUR
[AsWerasLoaw:  24.12.2021, 11:45:12] --> PM recieved from Sv3No : Add P2W#9999 on Discord for info @ 24/7 Online @ 5 Minute Delivery @
[AsWerasLoaw:  24.12.2021, 11:45:25] --> PM recieved from Sv3No : 40 Won - 25 ÊUR
[AsWerasLoaw:  24.12.2021, 11:45:26] --> PM recieved from Sv3No : Add P2W#9999 on Discord for info @ 24/7 Online @ 5 Minute Delivery @
[AsWerasLoaw:  24.12.2021, 11:45:50] --> PM recieved from Sv3No : 40 Won - 25 ÊUR
[AsWerasLoaw:  24.12.2021, 11:45:51] --> PM recieved from Sv3No : Add P2W#9999 on Discord for info @ 24/7 Online @ 5 Minute Delivery @
[AsWerasLoaw:  24.12.2021, 11:46:23] --> PM recieved from Sv3No : 88 Won - 50 ÊUR
[AsWerasLoaw:  24.12.2021, 11:46:24] --> PM recieved from Sv3No : Add P2W#9999 on Discord for info @ 24/7 Online @ 5 Minute Delivery @
[AsWerasLoaw:  24.12.2021, 11:46:50] --> PM recieved from Sv3No : 195 Won - 100 ÊUR
[AsWerasLoaw:  24.12.2021, 11:46:51] --> PM recieved from Sv3No : Add P2W#9999 on Discord for info @ 24/7 Online @ 5 Minute Delivery @
[AsWerasLoaw:  24.12.2021, 11:47:00] --> PM recieved from Sv3No : 40 Won - 25 ÊUR
[AsWerasLoaw:  24.12.2021, 11:47:01] --> PM recieved from Sv3No : Add P2W#9999 on Discord for info @ 24/7 Online @ 5 Minute Delivery @
[AsWerasLoaw:  24.12.2021, 11:47:10] --> PM recieved from Sv3No : 88 Won - 50 ÊUR
[AsWerasLoaw:  24.12.2021, 11:47:11] --> PM recieved from Sv3No : Add P2W#9999 on Discord for info @ 24/7 Online @ 5 Minute Delivery @
[AsWerasLoaw:  24.12.2021, 11:47:13] --> PM recieved from Sv3No : 88 Won - 50 ÊUR
[AsWerasLoaw:  24.12.2021, 11:47:14] --> PM recieved from Sv3No : Add P2W#9999 on Discord for info @ 24/7 Online @ 5 Minute Delivery @
[AsWerasLoaw:  24.12.2021, 11:47:42] --> PM recieved from Sv3No : 88 Won - 50 ÊUR
[AsWerasLoaw:  24.12.2021, 11:47:43] --> PM recieved from Sv3No : Add P2W#9999 on Discord for info @ 24/7 Online @ 5 Minute Delivery @
[AsWerasLoaw:  24.12.2021, 11:47:45] --> PM recieved from Sv3No : 195 Won - 100 ÊUR
[AsWerasLoaw:  24.12.2021, 11:47:46] --> PM recieved from Sv3No : Add P2W#9999 on Discord for info @ 24/7 Online @ 5 Minute Delivery @
[AsWerasLoaw:  24.12.2021, 11:47:53] --> PM recieved from Sv3No : 40 Won - 25 ÊUR
[AsWerasLoaw:  24.12.2021, 11:47:54] --> PM recieved from Sv3No : Add P2W#9999 on Discord for info @ 24/7 Online @ 5 Minute Delivery @
[AsWerasLoaw:  24.12.2021, 11:47:59] --> PM recieved from Sv3No : 40 Won - 25 ÊUR
[AsWerasLoaw:  24.12.2021, 11:48:00] --> PM recieved from Sv3No : Add P2W#9999 on Discord for info @ 24/7 Online @ 5 Minute Delivery @
[AsWerasLoaw:  24.12.2021, 11:48:19] --> PM recieved from Sv3No : 195 Won - 100 ÊUR
[AsWerasLoaw:  24.12.2021, 11:48:20] --> PM recieved from Sv3No : Add P2W#9999 on Discord for info @ 24/7 Online @ 5 Minute Delivery @
[AsWerasLoaw:  24.12.2021, 11:48:21] --> PM recieved from Sv3No : 88 Won - 50 ÊUR
[AsWerasLoaw:  24.12.2021, 11:48:22] --> PM recieved from Sv3No : Add P2W#9999 on Discord for info @ 24/7 Online @ 5 Minute Delivery @
[AsWerasLoaw:  24.12.2021, 11:48:46] --> PM recieved from Sv3No : 40 Won - 25 ÊUR
[AsWerasLoaw:  24.12.2021, 11:48:47] --> PM recieved from Sv3No : Add P2W#9999 on Discord for info @ 24/7 Online @ 5 Minute Delivery @
[AsWerasLoaw:  24.12.2021, 11:48:59] --> PM recieved from Sv3No : 195 Won - 100 ÊUR
[AsWerasLoaw:  24.12.2021, 11:49:00] --> PM recieved from Sv3No : Add P2W#9999 on Discord for info @ 24/7 Online @ 5 Minute Delivery @
[AsWerasLoaw:  24.12.2021, 11:49:13] --> PM recieved from Sv3No : 195 Won - 100 ÊUR
[AsWerasLoaw:  24.12.2021, 11:49:14] --> PM recieved from Sv3No : Add P2W#9999 on Discord for info @ 24/7 Online @ 5 Minute Delivery @
[AsWerasLoaw:  24.12.2021, 11:49:26] --> PM recieved from Sv3No : 40 Won - 25 ÊUR
[AsWerasLoaw:  24.12.2021, 11:49:27] --> PM recieved from Sv3No : Add P2W#9999 on Discord for info @ 24/7 Online @ 5 Minute Delivery @
[AsWerasLoaw:  24.12.2021, 11:49:48] --> PM recieved from Sv3No : 88 Won - 50 ÊUR
[AsWerasLoaw:  24.12.2021, 11:49:49] --> PM recieved from Sv3No : Add P2W#9999 on Discord for info @ 24/7 Online @ 5 Minute Delivery @
[AsWerasLoaw:  24.12.2021, 11:49:50] --> PM recieved from Sv3No : 40 Won - 25 ÊUR
[AsWerasLoaw:  24.12.2021, 11:49:51] --> PM recieved from Sv3No : Add P2W#9999 on Discord for info @ 24/7 Online @ 5 Minute Delivery @
[AsWerasLoaw:  24.12.2021, 11:49:58] --> PM recieved from Sv3No : 40 Won - 25 ÊUR
[AsWerasLoaw:  24.12.2021, 11:49:59] --> PM recieved from Sv3No : Add P2W#9999 on Discord for info @ 24/7 Online @ 5 Minute Delivery @
[AsWerasLoaw:  24.12.2021, 11:50:00] --> PM recieved from Sv3No : 88 Won - 50 ÊUR
[AsWerasLoaw:  24.12.2021, 11:50:01] --> PM recieved from Sv3No : Add P2W#9999 on Discord for info @ 24/7 Online @ 5 Minute Delivery @
[AsWerasLoaw:  24.12.2021, 11:50:29] --> PM recieved from Sv3No : 195 Won - 100 ÊUR
[AsWerasLoaw:  24.12.2021, 11:50:30] --> PM recieved from Sv3No : Add P2W#9999 on Discord for info @ 24/7 Online @ 5 Minute Delivery @
[AsWerasLoaw:  24.12.2021, 11:50:38] --> PM recieved from Sv3No : 195 Won - 100 ÊUR
[AsWerasLoaw:  24.12.2021, 11:50:39] --> PM recieved from Sv3No : Add P2W#9999 on Discord for info @ 24/7 Online @ 5 Minute Delivery @
[AsWerasLoaw:  24.12.2021, 11:50:40] --> PM recieved from Sv3No : 195 Won - 100 ÊUR
[AsWerasLoaw:  24.12.2021, 11:50:41] --> PM recieved from Sv3No : Add P2W#9999 on Discord for info @ 24/7 Online @ 5 Minute Delivery @
[AsWerasLoaw:  24.12.2021, 11:50:51] --> PM recieved from Sv3No : 88 Won - 50 ÊUR
[AsWerasLoaw:  24.12.2021, 11:50:52] --> PM recieved from Sv3No : Add P2W#9999 on Discord for info @ 24/7 Online @ 5 Minute Delivery @
[AsWerasLoaw:  24.12.2021, 11:51:00] --> PM recieved from Sv3No : 88 Won - 50 ÊUR
[AsWerasLoaw:  24.12.2021, 11:51:01] --> PM recieved from Sv3No : Add P2W#9999 on Discord for info @ 24/7 Online @ 5 Minute Delivery @
[AsWerasLoaw:  24.12.2021, 11:51:02] --> PM recieved from Sv3No : 88 Won - 50 ÊUR
[AsWerasLoaw:  24.12.2021, 11:51:03] --> PM recieved from Sv3No : Add P2W#9999 on Discord for info @ 24/7 Online @ 5 Minute Delivery @
[AsWerasLoaw:  24.12.2021, 11:51:57] --> PM recieved from Sv3No : 195 Won - 100 ÊUR
[AsWerasLoaw:  24.12.2021, 11:51:58] --> PM recieved from Sv3No : Add P2W#9999 on Discord for info @ 24/7 Online @ 5 Minute Delivery @
[AsWerasLoaw:  24.12.2021, 11:52:05] --> PM recieved from Sv3No : 40 Won - 25 ÊUR
[AsWerasLoaw:  24.12.2021, 11:52:06] --> PM recieved from Sv3No : Add P2W#9999 on Discord for info @ 24/7 Online @ 5 Minute Delivery @
[AsWerasLoaw:  24.12.2021, 11:52:26] --> PM recieved from Sv3No : 195 Won - 100 ÊUR
[AsWerasLoaw:  24.12.2021, 11:52:27] --> PM recieved from Sv3No : Add P2W#9999 on Discord for info @ 24/7 Online @ 5 Minute Delivery @
[AsWerasLoaw:  24.12.2021, 11:52:33] --> PM recieved from Sv3No : 195 Won - 100 ÊUR
[AsWerasLoaw:  24.12.2021, 11:52:34] --> PM recieved from Sv3No : Add P2W#9999 on Discord for info @ 24/7 Online @ 5 Minute Delivery @
[AsWerasLoaw:  24.12.2021, 11:52:38] --> PM recieved from Sv3No : 195 Won - 100 ÊUR
[AsWerasLoaw:  24.12.2021, 11:52:39] --> PM recieved from Sv3No : Add P2W#9999 on Discord for info @ 24/7 Online @ 5 Minute Delivery @
[AsWerasLoaw:  24.12.2021, 11:52:51] --> PM recieved from Sv3No : 40 Won - 25 ÊUR
[AsWerasLoaw:  24.12.2021, 11:52:52] --> PM recieved from Sv3No : Add P2W#9999 on Discord for info @ 24/7 Online @ 5 Minute Delivery @
[AsWerasLoaw:  24.12.2021, 11:53:05] --> PM recieved from Sv3No : 88 Won - 50 ÊUR
[AsWerasLoaw:  24.12.2021, 11:53:06] --> PM recieved from Sv3No : Add P2W#9999 on Discord for info @ 24/7 Online @ 5 Minute Delivery @
[AsWerasLoaw:  24.12.2021, 11:53:07] --> PM recieved from Sv3No : 88 Won - 50 ÊUR
[AsWerasLoaw:  24.12.2021, 11:53:08] --> PM recieved from Sv3No : Add P2W#9999 on Discord for info @ 24/7 Online @ 5 Minute Delivery @
[AsWerasLoaw:  24.12.2021, 11:53:30] --> PM recieved from Sv3No : 88 Won - 50 ÊUR
[AsWerasLoaw:  24.12.2021, 11:53:31] --> PM recieved from Sv3No : Add P2W#9999 on Discord for info @ 24/7 Online @ 5 Minute Delivery @
[AsWerasLoaw:  24.12.2021, 11:54:03] --> PM recieved from Sv3No : 88 Won - 50 ÊUR
[AsWerasLoaw:  24.12.2021, 11:54:04] --> PM recieved from Sv3No : Add P2W#9999 on Discord for info @ 24/7 Online @ 5 Minute Delivery @
[AsWerasLoaw:  24.12.2021, 11:54:08] --> PM recieved from Sv3No : 195 Won - 100 ÊUR
[AsWerasLoaw:  24.12.2021, 11:54:09] --> PM recieved from Sv3No : Add P2W#9999 on Discord for info @ 24/7 Online @ 5 Minute Delivery @
[AsWerasLoaw:  24.12.2021, 11:54:10] --> PM recieved from Sv3No : 88 Won - 50 ÊUR
[AsWerasLoaw:  24.12.2021, 11:54:11] --> PM recieved from Sv3No : Add P2W#9999 on Discord for info @ 24/7 Online @ 5 Minute Delivery @
[AsWerasLoaw:  24.12.2021, 11:54:12] --> PM recieved from Sv3No : 40 Won - 25 ÊUR
[AsWerasLoaw:  24.12.2021, 11:54:13] --> PM recieved from Sv3No : Add P2W#9999 on Discord for info @ 24/7 Online @ 5 Minute Delivery @
[AsWerasLoaw:  24.12.2021, 11:54:48] --> PM recieved from Sv3No : 88 Won - 50 ÊUR
[AsWerasLoaw:  24.12.2021, 11:54:49] --> PM recieved from Sv3No : Add P2W#9999 on Discord for info @ 24/7 Online @ 5 Minute Delivery @
[AsWerasLoaw:  24.12.2021, 11:54:50] --> PM recieved from Sv3No : 40 Won - 25 ÊUR
[AsWerasLoaw:  24.12.2021, 11:54:51] --> PM recieved from Sv3No : Add P2W#9999 on Discord for info @ 24/7 Online @ 5 Minute Delivery @
[AsWerasLoaw:  24.12.2021, 11:54:52] --> PM recieved from Sv3No : 88 Won - 50 ÊUR
[AsWerasLoaw:  24.12.2021, 11:54:53] --> PM recieved from Sv3No : Add P2W#9999 on Discord for info @ 24/7 Online @ 5 Minute Delivery @
[AsWerasLoaw:  24.12.2021, 11:55:08] --> PM recieved from Sv3No : 88 Won - 50 ÊUR
[AsWerasLoaw:  24.12.2021, 11:55:09] --> PM recieved from Sv3No : Add P2W#9999 on Discord for info @ 24/7 Online @ 5 Minute Delivery @
[AsWerasLoaw:  24.12.2021, 11:55:10] --> PM recieved from Sv3No : 88 Won - 50 ÊUR
[AsWerasLoaw:  24.12.2021, 11:55:11] --> PM recieved from Sv3No : Add P2W#9999 on Discord for info @ 24/7 Online @ 5 Minute Delivery @
[AsWerasLoaw:  24.12.2021, 11:55:12] --> PM recieved from Sv3No : 40 Won - 25 ÊUR
[AsWerasLoaw:  24.12.2021, 11:55:13] --> PM recieved from Sv3No : Add P2W#9999 on Discord for info @ 24/7 Online @ 5 Minute Delivery @
[AsWerasLoaw:  24.12.2021, 11:55:37] --> PM recieved from Sv3No : 195 Won - 100 ÊUR
[AsWerasLoaw:  24.12.2021, 11:55:38] --> PM recieved from Sv3No : Add P2W#9999 on Discord for info @ 24/7 Online @ 5 Minute Delivery @
[AsWerasLoaw:  24.12.2021, 11:55:39] --> PM recieved from Sv3No : 195 Won - 100 ÊUR
[AsWerasLoaw:  24.12.2021, 11:55:40] --> PM recieved from Sv3No : Add P2W#9999 on Discord for info @ 24/7 Online @ 5 Minute Delivery @
[AsWerasLoaw:  24.12.2021, 11:55:46] --> PM recieved from Sv3No : 195 Won - 100 ÊUR
[AsWerasLoaw:  24.12.2021, 11:55:47] --> PM recieved from Sv3No : Add P2W#9999 on Discord for info @ 24/7 Online @ 5 Minute Delivery @
[AsWerasLoaw:  24.12.2021, 11:55:48] --> PM recieved from Sv3No : 195 Won - 100 ÊUR
[AsWerasLoaw:  24.12.2021, 11:55:49] --> PM recieved from Sv3No : Add P2W#9999 on Discord for info @ 24/7 Online @ 5 Minute Delivery @
[AsWerasLoaw:  24.12.2021, 11:56:04] --> PM recieved from Sv3No : 88 Won - 50 ÊUR
[AsWerasLoaw:  24.12.2021, 11:56:05] --> PM recieved from Sv3No : Add P2W#9999 on Discord for info @ 24/7 Online @ 5 Minute Delivery @
[AsWerasLoaw:  24.12.2021, 11:56:15] --> PM recieved from Sv3No : 88 Won - 50 ÊUR
[AsWerasLoaw:  24.12.2021, 11:56:16] --> PM recieved from Sv3No : Add P2W#9999 on Discord for info @ 24/7 Online @ 5 Minute Delivery @
[AsWerasLoaw:  24.12.2021, 11:56:21] --> PM recieved from Sv3No : 88 Won - 50 ÊUR
[AsWerasLoaw:  24.12.2021, 11:56:22] --> PM recieved from Sv3No : Add P2W#9999 on Discord for info @ 24/7 Online @ 5 Minute Delivery @
[AsWerasLoaw:  24.12.2021, 11:56:24] --> PM recieved from Sv3No : 88 Won - 50 ÊUR
[AsWerasLoaw:  24.12.2021, 11:56:25] --> PM recieved from Sv3No : Add P2W#9999 on Discord for info @ 24/7 Online @ 5 Minute Delivery @
[AsWerasLoaw:  24.12.2021, 11:59:46] --> Bot successfully started
[AsWerasLoaw:  24.12.2021, 11:59:46] --> Setting '1.1' loaded because of active level settings
[AsWerasLoaw:  24.12.2021, 11:59:46] --> mondicharlag appeared
[AsWerasLoaw:  24.12.2021, 11:59:50] --> PM recieved from Sv3No : Add P2W#9999 on Discord for info @ 24/7 Online @ 5 Minute Delivery @
[AsWerasLoaw:  24.12.2021, 11:59:53] --> Character went to saleswoman
[AsWerasLoaw:  24.12.2021, 11:59:56] --> Character was kicked from the bot, reason: Character was walking
[AsWerasLoaw:  24.12.2021, 12:00:21] --> PM recieved from Sv3No : 88 Won - 50 ÊUR
[AsWerasLoaw:  24.12.2021, 12:00:22] --> PM recieved from Sv3No : Add P2W#9999 on Discord for info @ 24/7 Online @ 5 Minute Delivery @
[AsWerasLoaw:  24.12.2021, 12:00:27] --> Character was kicked from the bot, reason: Character was walking
[AsWerasLoaw:  24.12.2021, 12:00:41] --> Character leveled up to level 4
[AsWerasLoaw:  24.12.2021, 12:00:42] --> Character leveled up to level 6
[AsWerasLoaw:  24.12.2021, 12:00:43] --> Character leveled up to level 8
[AsWerasLoaw:  24.12.2021, 12:00:44] --> Character leveled up to level 9
[AsWerasLoaw:  24.12.2021, 12:00:47] --> Character leveled up to level 10
[AsWerasLoaw:  24.12.2021, 12:00:50] --> Character leveled up to level 11
[AsWerasLoaw:  24.12.2021, 12:00:55] --> Character leveled up to level 12
[AsWerasLoaw:  24.12.2021, 12:00:58] --> Character leveled up to level 13
[AsWerasLoaw:  24.12.2021, 12:01:12] --> Character leveled up to level 14
[AsWerasLoaw:  24.12.2021, 12:01:20] --> Character leveled up to level 15
[AsWerasLoaw:  24.12.2021, 12:01:20] --> Setting '2.2' loaded because of active level settings
[AsWerasLoaw:  24.12.2021, 12:01:32] --> Character was kicked from the bot, reason: Character was walking
[AsWerasLoaw:  24.12.2021, 12:01:57] --> Character was kicked from the bot, reason: Character was walking
[AsWerasLoaw:  24.12.2021, 12:02:48] --> Character leveled up to level 16
[AsWerasLoaw:  24.12.2021, 12:03:04] --> Character leveled up to level 17
[AsWerasLoaw:  24.12.2021, 12:03:34] --> Character leveled up to level 18
[AsWerasLoaw:  24.12.2021, 12:04:09] --> Character leveled up to level 19
[AsWerasLoaw:  24.12.2021, 12:04:36] --> Character leveled up to level 20
[AsWerasLoaw:  24.12.2021, 12:05:32] --> Character leveled up to level 21
[AsWerasLoaw:  24.12.2021, 12:06:05] --> Character leveled up to level 22
[AsWerasLoaw:  24.12.2021, 12:06:34] --> Character leveled up to level 23
[AsWerasLoaw:  24.12.2021, 12:07:18] --> Character leveled up to level 24
[AsWerasLoaw:  24.12.2021, 12:08:20] --> Character leveled up to level 25
[AsWerasLoaw:  24.12.2021, 12:09:57] --> Bot successfully started
[AsWerasLoaw:  24.12.2021, 12:09:57] --> Setting '2.2' loaded because of active level settings
[AsWerasLoaw:  24.12.2021, 12:10:17] --> Character leveled up to level 26
[AsWerasLoaw:  24.12.2021, 12:11:14] --> Character leveled up to level 27
[AsWerasLoaw:  24.12.2021, 12:12:22] --> Character leveled up to level 28
[AsWerasLoaw:  24.12.2021, 12:13:31] --> Character leveled up to level 29
[AsWerasLoaw:  24.12.2021, 12:15:04] --> Character leveled up to level 30
[AsWerasLoaw:  24.12.2021, 12:16:19] --> Character leveled up to level 31
[AsWerasLoaw:  24.12.2021, 12:17:54] --> Character leveled up to level 32
[AsWerasLoaw:  24.12.2021, 12:19:39] --> Bot successfully started
[AsWerasLoaw:  24.12.2021, 12:19:39] --> Setting '2.2' loaded because of active level settings
[AsWerasLoaw:  24.12.2021, 12:20:33] --> Character leveled up to level 33
[AsWerasLoaw:  24.12.2021, 12:22:35] --> Character leveled up to level 34
[AsWerasLoaw:  24.12.2021, 12:24:53] --> Character leveled up to level 35
[AsWerasLoaw:  24.12.2021, 12:27:34] --> Character leveled up to level 36
[AsWerasLoaw:  24.12.2021, 12:30:44] --> Character leveled up to level 37
[AsWerasLoaw:  24.12.2021, 12:34:25] --> Character leveled up to level 38
[AsWerasLoaw:  24.12.2021, 12:38:18] --> Character leveled up to level 39
[AsWerasLoaw:  24.12.2021, 12:42:54] --> Character leveled up to level 40
[AsWerasLoaw:  24.12.2021, 12:47:24] --> Character leveled up to level 41
[AsWerasLoaw:  24.12.2021, 12:52:55] --> Character leveled up to level 42
[AsWerasLoaw:  24.12.2021, 12:58:48] --> Character leveled up to level 43
[AsWerasLoaw:  24.12.2021, 13:05:06] --> Character leveled up to level 44
[AsWerasLoaw:  24.12.2021, 13:12:06] --> Character leveled up to level 45
[AsWerasLoaw:  24.12.2021, 13:19:21] --> Character leveled up to level 46
[AsWerasLoaw:  24.12.2021, 13:24:25] --> Character got kick
[AsWerasLoaw:  24.12.2021, 13:28:33] --> Character leveled up to level 47
[AsWerasLoaw:  24.12.2021, 13:30:01] --> Character got kick
[AsWerasLoaw:  24.12.2021, 13:37:57] --> Character leveled up to level 48
[AsWerasLoaw:  24.12.2021, 13:47:17] --> Character leveled up to level 49
[AsWerasLoaw:  24.12.2021, 13:57:50] --> Character leveled up to level 50
[AsWerasLoaw:  24.12.2021, 14:00:46] --> Character got kick
[AsWerasLoaw:  24.12.2021, 14:01:25] --> Character was kicked from the bot, reason: Character was walking
[AsWerasLoaw:  24.12.2021, 14:02:33] --> Character was kicked from the bot, reason: Character was walking
[AsWerasLoaw:  24.12.2021, 14:03:02] --> Character was kicked from the bot, reason: Character was walking
[AsWerasLoaw:  24.12.2021, 15:51:24] --> Bot successfully started
[AsWerasLoaw:  24.12.2021, 15:51:24] --> HighMassv341 appeared
[AsWerasLoaw:  24.12.2021, 15:59:23] --> Character leveled up to level 51
[AsWerasLoaw:  24.12.2021, 16:10:00] --> Character leveled up to level 52
[AsWerasLoaw:  24.12.2021, 16:17:57] --> Character got kick
[AsWerasLoaw:  24.12.2021, 16:18:23] --> HighMassv341 appeared
[AsWerasLoaw:  24.12.2021, 16:18:37] --> Character got kick
[AsWerasLoaw:  24.12.2021, 16:19:57] --> HighMassv341 appeared
[AsWerasLoaw:  24.12.2021, 16:20:07] --> Character got kick
[AsWerasLoaw:  24.12.2021, 16:31:45] --> Bot successfully started
[AsWerasLoaw:  24.12.2021, 16:31:45] --> HighMassv341 appeared
[AsWerasLoaw:  24.12.2021, 16:32:47] --> Character got kick
[AsWerasLoaw:  24.12.2021, 16:37:15] --> Character leveled up to level 53
[AsWerasLoaw:  24.12.2021, 16:50:31] --> Character leveled up to level 54
[AsWerasLoaw:  24.12.2021, 17:05:59] --> Character leveled up to level 55
[AsWerasLoaw:  24.12.2021, 18:02:25] --> Bot successfully started
[AsWerasLoaw:  24.12.2021, 18:07:18] --> McPower9999 appeared
[AsWerasLoaw:  24.12.2021, 18:09:19] --> CorErnsti01 appeared
[AsWerasLoaw:  24.12.2021, 18:09:30] --> Sandy1994 appeared
[AsWerasLoaw:  24.12.2021, 18:11:53] --> McPower9999 appeared
[AsWerasLoaw:  24.12.2021, 18:14:57] --> Character leveled up to level 56
[AsWerasLoaw:  24.12.2021, 18:16:58] --> HighMassv341 appeared
[AsWerasLoaw:  24.12.2021, 18:27:57] --> Character leveled up to level 57
[AsWerasLoaw:  24.12.2021, 18:29:23] --> McPower9999 appeared
[AsWerasLoaw:  24.12.2021, 18:29:33] --> McPower9999 appeared
[AsWerasLoaw:  24.12.2021, 18:29:51] --> Character died
[AsWerasLoaw:  24.12.2021, 18:30:04] --> Character died
[AsWerasLoaw:  24.12.2021, 18:30:08] --> Character died
[AsWerasLoaw:  24.12.2021, 18:30:24] --> Character died
[AsWerasLoaw:  24.12.2021, 18:30:35] --> Character died
[AsWerasLoaw:  24.12.2021, 18:31:00] --> Character died
[AsWerasLoaw:  24.12.2021, 18:31:14] --> Character died
[AsWerasLoaw:  24.12.2021, 18:31:52] --> Character died
[AsWerasLoaw:  24.12.2021, 18:32:12] --> Character died
[AsWerasLoaw:  24.12.2021, 18:32:23] --> McPower9999 appeared
[AsWerasLoaw:  24.12.2021, 18:32:32] --> Character died
[AsWerasLoaw:  24.12.2021, 18:33:48] --> McPower9999 appeared
[AsWerasLoaw:  24.12.2021, 18:34:47] --> McPower9999 appeared
[AsWerasLoaw:  24.12.2021, 18:39:00] --> Sado453 appeared
[AsWerasLoaw:  24.12.2021, 18:45:22] --> Character leveled up to level 58
[AsWerasLoaw:  24.12.2021, 18:48:03] --> Danneberg appeared
[AsWerasLoaw:  24.12.2021, 18:51:28] --> Character was kicked from the bot, reason: Character was walking
[AsWerasLoaw:  24.12.2021, 18:51:33] --> Kampfkuh appeared
[AsWerasLoaw:  24.12.2021, 18:53:32] --> Changing into CH2
[AsWerasLoaw:  24.12.2021, 18:53:38] --> ZAserAslera appeared
[AsWerasLoaw:  24.12.2021, 18:54:12] --> Changing into CH3
[AsWerasLoaw:  24.12.2021, 18:54:18] --> QweasXsder appeared
[AsWerasLoaw:  24.12.2021, 18:54:34] --> Changing into CH4
[AsWerasLoaw:  24.12.2021, 18:54:56] --> Changing into CH5
[AsWerasLoaw:  24.12.2021, 18:55:12] --> ASdlereWqes appeared
[AsWerasLoaw:  24.12.2021, 18:55:26] --> Changing into CH6
[AsWerasLoaw:  24.12.2021, 18:55:48] --> Changing into CH7
[AsWerasLoaw:  24.12.2021, 18:56:28] --> Changing into CH8
[AsWerasLoaw:  24.12.2021, 18:57:09] --> Changing into CH9
[AsWerasLoaw:  24.12.2021, 18:57:22] --> LKHasd32Qred appeared
[AsWerasLoaw:  24.12.2021, 18:58:21] --> Character was kicked from the bot, reason: Character was walking
[AsWerasLoaw:  24.12.2021, 18:58:26] --> HighlanDe43 appeared
[AsWerasLoaw:  24.12.2021, 18:58:47] --> LordWoldK appeared
