[ZAserAslera:  24.12.2021, 11:29:59] --> Bot successfully started
[ZAserAslera:  24.12.2021, 11:29:59] --> Teron77 appeared
[ZAserAslera:  24.12.2021, 12:00:10] --> Bot successfully started
[ZAserAslera:  24.12.2021, 12:00:11] --> Setting '1.1' loaded because of active level settings
[ZAserAslera:  24.12.2021, 12:00:11] --> Teron77 appeared
[ZAserAslera:  24.12.2021, 12:00:17] --> Character went to saleswoman
[ZAserAslera:  24.12.2021, 12:00:21] --> Character was kicked from the bot, reason: Character was walking
[ZAserAslera:  24.12.2021, 12:00:51] --> Character was kicked from the bot, reason: Character was walking
[ZAserAslera:  24.12.2021, 12:01:03] --> Character leveled up to level 2
[ZAserAslera:  24.12.2021, 12:01:04] --> Character leveled up to level 6
[ZAserAslera:  24.12.2021, 12:01:05] --> Character leveled up to level 8
[ZAserAslera:  24.12.2021, 12:01:07] --> Character leveled up to level 9
[ZAserAslera:  24.12.2021, 12:01:10] --> Character leveled up to level 10
[ZAserAslera:  24.12.2021, 12:01:11] --> Character leveled up to level 11
[ZAserAslera:  24.12.2021, 12:01:14] --> Character leveled up to level 12
[ZAserAslera:  24.12.2021, 12:01:17] --> Character leveled up to level 13
[ZAserAslera:  24.12.2021, 12:01:26] --> Character leveled up to level 14
[ZAserAslera:  24.12.2021, 12:01:39] --> Character leveled up to level 15
[ZAserAslera:  24.12.2021, 12:01:39] --> Setting '2.2' loaded because of active level settings
[ZAserAslera:  24.12.2021, 12:01:51] --> Character was kicked from the bot, reason: Character was walking
[ZAserAslera:  24.12.2021, 12:02:16] --> Character was kicked from the bot, reason: Character was walking
[ZAserAslera:  24.12.2021, 12:02:49] --> Character leveled up to level 16
[ZAserAslera:  24.12.2021, 12:03:15] --> Character leveled up to level 17
[ZAserAslera:  24.12.2021, 12:03:47] --> Character leveled up to level 18
[ZAserAslera:  24.12.2021, 12:04:23] --> Character leveled up to level 19
[ZAserAslera:  24.12.2021, 12:04:54] --> Character leveled up to level 20
[ZAserAslera:  24.12.2021, 12:05:32] --> Character leveled up to level 21
[ZAserAslera:  24.12.2021, 12:06:36] --> Character leveled up to level 22
[ZAserAslera:  24.12.2021, 12:07:29] --> Character leveled up to level 23
[ZAserAslera:  24.12.2021, 12:08:06] --> Character leveled up to level 24
[ZAserAslera:  24.12.2021, 12:08:50] --> Character leveled up to level 25
[ZAserAslera:  24.12.2021, 12:10:20] --> Bot successfully started
[ZAserAslera:  24.12.2021, 12:10:20] --> Setting '2.2' loaded because of active level settings
[ZAserAslera:  24.12.2021, 12:10:37] --> Character leveled up to level 26
[ZAserAslera:  24.12.2021, 12:11:49] --> Character leveled up to level 27
[ZAserAslera:  24.12.2021, 12:13:01] --> Character leveled up to level 28
[ZAserAslera:  24.12.2021, 12:14:18] --> Character leveled up to level 29
[ZAserAslera:  24.12.2021, 12:15:50] --> Character leveled up to level 30
[ZAserAslera:  24.12.2021, 12:17:28] --> Character leveled up to level 31
[ZAserAslera:  24.12.2021, 12:19:21] --> Character leveled up to level 32
[ZAserAslera:  24.12.2021, 12:21:05] --> Character leveled up to level 33
[ZAserAslera:  24.12.2021, 12:23:12] --> Character leveled up to level 34
[ZAserAslera:  24.12.2021, 12:25:32] --> Character leveled up to level 35
[ZAserAslera:  24.12.2021, 12:28:13] --> Character leveled up to level 36
[ZAserAslera:  24.12.2021, 12:31:24] --> Character leveled up to level 37
[ZAserAslera:  24.12.2021, 12:34:40] --> Character leveled up to level 38
[ZAserAslera:  24.12.2021, 12:38:39] --> Character leveled up to level 39
[ZAserAslera:  24.12.2021, 12:42:56] --> Character leveled up to level 40
[ZAserAslera:  24.12.2021, 12:47:35] --> Character leveled up to level 41
[ZAserAslera:  24.12.2021, 12:52:45] --> Character leveled up to level 42
[ZAserAslera:  24.12.2021, 12:58:24] --> Character leveled up to level 43
[ZAserAslera:  24.12.2021, 13:05:01] --> Character leveled up to level 44
[ZAserAslera:  24.12.2021, 13:12:15] --> Character leveled up to level 45
[ZAserAslera:  24.12.2021, 13:19:48] --> Character leveled up to level 46
[ZAserAslera:  24.12.2021, 13:23:44] --> Character got kick
[ZAserAslera:  24.12.2021, 13:27:37] --> Character leveled up to level 47
[ZAserAslera:  24.12.2021, 13:36:24] --> Character leveled up to level 48
[ZAserAslera:  24.12.2021, 13:45:28] --> Character leveled up to level 49
[ZAserAslera:  24.12.2021, 13:55:33] --> Character leveled up to level 50
[ZAserAslera:  24.12.2021, 14:01:20] --> Character was kicked from the bot, reason: Character was walking
[ZAserAslera:  24.12.2021, 14:03:04] --> Character was kicked from the bot, reason: Character was walking
[ZAserAslera:  24.12.2021, 14:03:17] --> Character was kicked from the bot, reason: Character was walking
[ZAserAslera:  24.12.2021, 14:03:46] --> Character was kicked from the bot, reason: Character was walking
[ZAserAslera:  24.12.2021, 15:51:50] --> Bot successfully started
[ZAserAslera:  24.12.2021, 15:51:51] --> CastleNev411 appeared
[ZAserAslera:  24.12.2021, 15:57:23] --> Character leveled up to level 51
[ZAserAslera:  24.12.2021, 16:09:03] --> Character leveled up to level 52
[ZAserAslera:  24.12.2021, 16:13:52] --> Character got kick
[ZAserAslera:  24.12.2021, 16:17:43] --> Character got kick
[ZAserAslera:  24.12.2021, 16:18:33] --> Character got kick
[ZAserAslera:  24.12.2021, 16:20:52] --> Character got kick
[ZAserAslera:  24.12.2021, 16:32:11] --> Bot successfully started
[ZAserAslera:  24.12.2021, 16:32:11] --> CastleNev411 appeared
[ZAserAslera:  24.12.2021, 16:32:47] --> Character got kick
[ZAserAslera:  24.12.2021, 16:37:48] --> Character leveled up to level 53
[ZAserAslera:  24.12.2021, 16:45:56] --> CastleNev411 appeared
[ZAserAslera:  24.12.2021, 16:51:17] --> Character leveled up to level 54
[ZAserAslera:  24.12.2021, 18:02:52] --> Bot successfully started
[ZAserAslera:  24.12.2021, 18:03:19] --> Character leveled up to level 55
[ZAserAslera:  24.12.2021, 18:08:58] --> Sandy1994 appeared
[ZAserAslera:  24.12.2021, 18:15:06] --> McPower9999 appeared
[ZAserAslera:  24.12.2021, 18:15:28] --> Character died
[ZAserAslera:  24.12.2021, 18:15:43] --> McPower9999 appeared
[ZAserAslera:  24.12.2021, 18:15:55] --> McPower9999 appeared
[ZAserAslera:  24.12.2021, 18:15:59] --> Character died
[ZAserAslera:  24.12.2021, 18:16:13] --> Character died
[ZAserAslera:  24.12.2021, 18:16:15] --> Character died
[ZAserAslera:  24.12.2021, 18:16:30] --> Character died
[ZAserAslera:  24.12.2021, 18:17:06] --> Character died
[ZAserAslera:  24.12.2021, 18:17:22] --> McPower9999 appeared
[ZAserAslera:  24.12.2021, 18:17:58] --> Character died
[ZAserAslera:  24.12.2021, 18:18:26] --> Character leveled up to level 56
[ZAserAslera:  24.12.2021, 18:29:33] --> YahiroShunji appeared
[ZAserAslera:  24.12.2021, 18:31:21] --> Character leveled up to level 57
[ZAserAslera:  24.12.2021, 18:35:55] --> 2Messer appeared
[ZAserAslera:  24.12.2021, 18:40:21] --> Sado453 appeared
[ZAserAslera:  24.12.2021, 18:45:30] --> Character leveled up to level 58
[ZAserAslera:  24.12.2021, 18:51:40] --> Character was kicked from the bot, reason: Character was walking
[ZAserAslera:  24.12.2021, 18:52:39] --> GKmdr appeared
[ZAserAslera:  24.12.2021, 18:53:37] --> AsWerasLoaw appeared
