[QweasXsder:   24.12.2021, 11:30:26] --> Bot successfully started
[QweasXsder:   24.12.2021, 11:33:40] --> Jigane appeared
[QweasXsder:   24.12.2021, 11:43:33] --> IzumiUchiha appeared
[QweasXsder:   24.12.2021, 11:57:04] --> ZaaAWEdfEra appeared
[QweasXsder:   24.12.2021, 12:00:36] --> Bot successfully started
[QweasXsder:   24.12.2021, 12:00:36] --> Setting '1.1' loaded because of active level settings
[QweasXsder:   24.12.2021, 12:00:43] --> Character went to saleswoman
[QweasXsder:   24.12.2021, 12:00:46] --> Character was kicked from the bot, reason: Character was walking
[QweasXsder:   24.12.2021, 12:01:17] --> Character was kicked from the bot, reason: Character was walking
[QweasXsder:   24.12.2021, 12:01:30] --> Character leveled up to level 4
[QweasXsder:   24.12.2021, 12:01:31] --> Character leveled up to level 7
[QweasXsder:   24.12.2021, 12:01:32] --> Character leveled up to level 8
[QweasXsder:   24.12.2021, 12:01:33] --> Character leveled up to level 9
[QweasXsder:   24.12.2021, 12:01:35] --> Character leveled up to level 10
[QweasXsder:   24.12.2021, 12:01:37] --> Character leveled up to level 11
[QweasXsder:   24.12.2021, 12:01:40] --> Character leveled up to level 12
[QweasXsder:   24.12.2021, 12:01:45] --> Character leveled up to level 13
[QweasXsder:   24.12.2021, 12:02:06] --> Character leveled up to level 14
[QweasXsder:   24.12.2021, 12:02:34] --> Character leveled up to level 15
[QweasXsder:   24.12.2021, 12:02:34] --> Setting '2.2' loaded because of active level settings
[QweasXsder:   24.12.2021, 12:02:37] --> Character got kick
[QweasXsder:   24.12.2021, 12:02:47] --> Character was kicked from the bot, reason: Character was walking
[QweasXsder:   24.12.2021, 12:03:11] --> Character was kicked from the bot, reason: Character was walking
[QweasXsder:   24.12.2021, 12:03:58] --> Character leveled up to level 16
[QweasXsder:   24.12.2021, 12:04:01] --> Character leveled up to level 17
[QweasXsder:   24.12.2021, 12:04:07] --> Character leveled up to level 18
[QweasXsder:   24.12.2021, 12:04:20] --> Character leveled up to level 19
[QweasXsder:   24.12.2021, 12:04:45] --> Character leveled up to level 20
[QweasXsder:   24.12.2021, 12:05:22] --> Character leveled up to level 21
[QweasXsder:   24.12.2021, 12:05:57] --> Character leveled up to level 22
[QweasXsder:   24.12.2021, 12:06:26] --> Character leveled up to level 23
[QweasXsder:   24.12.2021, 12:07:00] --> Character leveled up to level 24
[QweasXsder:   24.12.2021, 12:07:40] --> Character leveled up to level 25
[QweasXsder:   24.12.2021, 12:08:41] --> Character leveled up to level 26
[QweasXsder:   24.12.2021, 12:09:58] --> Character leveled up to level 27
[QweasXsder:   24.12.2021, 12:11:12] --> Character leveled up to level 28
[QweasXsder:   24.12.2021, 12:12:18] --> Character leveled up to level 29
[QweasXsder:   24.12.2021, 12:13:50] --> Character leveled up to level 30
[QweasXsder:   24.12.2021, 12:15:01] --> Character leveled up to level 31
[QweasXsder:   24.12.2021, 12:16:28] --> Character leveled up to level 32
[QweasXsder:   24.12.2021, 12:18:07] --> Character leveled up to level 33
[QweasXsder:   24.12.2021, 12:19:46] --> Character leveled up to level 34
[QweasXsder:   24.12.2021, 12:21:50] --> Character leveled up to level 35
[QweasXsder:   24.12.2021, 12:24:06] --> Character leveled up to level 36
[QweasXsder:   24.12.2021, 12:26:46] --> Character leveled up to level 37
[QweasXsder:   24.12.2021, 12:29:54] --> Character leveled up to level 38
[QweasXsder:   24.12.2021, 12:30:17] --> alixa2 appeared
[QweasXsder:   24.12.2021, 12:30:29] --> alixa2 appeared
[QweasXsder:   24.12.2021, 12:33:18] --> Character leveled up to level 39
[QweasXsder:   24.12.2021, 12:36:44] --> Character leveled up to level 40
[QweasXsder:   24.12.2021, 12:41:13] --> Character leveled up to level 41
[QweasXsder:   24.12.2021, 12:45:58] --> Character leveled up to level 42
[QweasXsder:   24.12.2021, 12:51:09] --> Character leveled up to level 43
[QweasXsder:   24.12.2021, 12:56:41] --> Character leveled up to level 44
[QweasXsder:   24.12.2021, 13:02:46] --> Character leveled up to level 45
[QweasXsder:   24.12.2021, 13:09:57] --> Character leveled up to level 46
[QweasXsder:   24.12.2021, 13:15:41] --> Character got kick
[QweasXsder:   24.12.2021, 13:17:51] --> Character leveled up to level 47
[QweasXsder:   24.12.2021, 13:26:18] --> Character leveled up to level 48
[QweasXsder:   24.12.2021, 13:29:54] --> Character got kick
[QweasXsder:   24.12.2021, 13:35:12] --> Character leveled up to level 49
[QweasXsder:   24.12.2021, 13:45:05] --> Character leveled up to level 50
[QweasXsder:   24.12.2021, 13:47:33] --> Character got kick
[QweasXsder:   24.12.2021, 13:48:12] --> Character was kicked from the bot, reason: Character was walking
[QweasXsder:   24.12.2021, 13:49:28] --> Character was kicked from the bot, reason: Character was walking
[QweasXsder:   24.12.2021, 13:49:59] --> Character was kicked from the bot, reason: Character was walking
[QweasXsder:   24.12.2021, 13:52:41] --> Character was kicked from the bot, reason: Character was walking
[QweasXsder:   24.12.2021, 15:52:17] --> Bot successfully started
[QweasXsder:   24.12.2021, 15:52:25] --> Character was kicked from the bot, reason: Character was walking
[QweasXsder:   24.12.2021, 15:52:31] --> ConFleX12 appeared
[QweasXsder:   24.12.2021, 16:00:20] --> Character leveled up to level 51
[QweasXsder:   24.12.2021, 16:11:54] --> Character leveled up to level 52
[QweasXsder:   24.12.2021, 16:20:33] --> Character got kick
[QweasXsder:   24.12.2021, 16:20:59] --> ConFleX12 appeared
[QweasXsder:   24.12.2021, 16:21:10] --> Character got kick
[QweasXsder:   24.12.2021, 16:32:38] --> Bot successfully started
[QweasXsder:   24.12.2021, 16:32:43] --> ConFleX12 appeared
[QweasXsder:   24.12.2021, 16:32:47] --> Character got kick
[QweasXsder:   24.12.2021, 16:32:53] --> ConFleX12 appeared
[QweasXsder:   24.12.2021, 16:38:25] --> Character leveled up to level 53
[QweasXsder:   24.12.2021, 16:51:14] --> Character leveled up to level 54
[QweasXsder:   24.12.2021, 17:05:58] --> Character leveled up to level 55
[QweasXsder:   24.12.2021, 18:03:17] --> Bot successfully started
[QweasXsder:   24.12.2021, 18:06:02] --> Minerva2k20 appeared
[QweasXsder:   24.12.2021, 18:07:35] --> McPower9999 appeared
[QweasXsder:   24.12.2021, 18:08:25] --> Sandy1994 appeared
[QweasXsder:   24.12.2021, 18:16:28] --> Character leveled up to level 56
[QweasXsder:   24.12.2021, 18:17:58] --> ConFleX12 appeared
[QweasXsder:   24.12.2021, 18:30:05] --> Character leveled up to level 57
[QweasXsder:   24.12.2021, 18:36:13] --> 2Messer appeared
[QweasXsder:   24.12.2021, 18:38:12] --> iAbqehobeN appeared
[QweasXsder:   24.12.2021, 18:41:59] --> Sado453 appeared
[QweasXsder:   24.12.2021, 18:43:58] --> Character leveled up to level 58
[QweasXsder:   24.12.2021, 18:51:47] --> Character was kicked from the bot, reason: Character was walking
[QweasXsder:   24.12.2021, 18:54:17] --> AsWerasLoaw appeared
