[ZaaAWEdfEra:  24.12.2021, 11:31:48] --> Bot successfully started
[ZaaAWEdfEra:  24.12.2021, 11:31:49] --> boenkie2 appeared
[ZaaAWEdfEra:  24.12.2021, 11:34:32] --> CorRaider appeared
[ZaaAWEdfEra:  24.12.2021, 11:35:30] --> CorRaider appeared
[ZaaAWEdfEra:  24.12.2021, 11:35:47] --> CorRaider appeared
[ZaaAWEdfEra:  24.12.2021, 11:36:10] --> CorRaider appeared
[ZaaAWEdfEra:  24.12.2021, 11:45:24] --> xXOrangeXx appeared
[ZaaAWEdfEra:  24.12.2021, 11:47:10] --> Changing into CH2
[ZaaAWEdfEra:  24.12.2021, 11:49:37] --> Changing into CH7
[ZaaAWEdfEra:  24.12.2021, 11:51:14] --> Character was kicked from the bot, reason: Character was walking
[ZaaAWEdfEra:  24.12.2021, 11:51:47] --> Character was kicked from the bot, reason: Character was walking
[ZaaAWEdfEra:  24.12.2021, 11:51:53] --> Heidernei appeared
[ZaaAWEdfEra:  24.12.2021, 11:52:25] --> Changing into CH5
[ZaaAWEdfEra:  24.12.2021, 11:52:33] --> ASdlereWqes appeared
[ZaaAWEdfEra:  24.12.2021, 11:53:06] --> Changing into CH8
[ZaaAWEdfEra:  24.12.2021, 11:53:43] --> Changing into CH9
[ZaaAWEdfEra:  24.12.2021, 11:53:50] --> ERWaseASd3 appeared
[ZaaAWEdfEra:  24.12.2021, 11:54:29] --> Character was kicked from the bot, reason: Character was walking
[ZaaAWEdfEra:  24.12.2021, 11:55:01] --> Character was kicked from the bot, reason: Character was walking
[ZaaAWEdfEra:  24.12.2021, 11:55:05] --> Bitteeinbit appeared
[ZaaAWEdfEra:  24.12.2021, 11:55:52] --> Changing into CH1
[ZaaAWEdfEra:  24.12.2021, 11:56:05] --> PM recieved from Sv3No : 
[ZaaAWEdfEra:  24.12.2021, 11:56:32] --> Changing into CH2
[ZaaAWEdfEra:  24.12.2021, 11:56:39] --> ZAserAslera appeared
[ZaaAWEdfEra:  24.12.2021, 11:56:59] --> Changing into CH3
[ZaaAWEdfEra:  24.12.2021, 11:57:42] --> Changing into CH6
[ZaaAWEdfEra:  24.12.2021, 11:57:50] --> LKSaserDS appeared
[ZaaAWEdfEra:  24.12.2021, 11:58:17] --> Changing into CH8
[ZaaAWEdfEra:  24.12.2021, 11:58:23] --> DERSAl23weA appeared
[ZaaAWEdfEra:  24.12.2021, 12:01:03] --> Bot successfully started
[ZaaAWEdfEra:  24.12.2021, 12:01:03] --> Setting '1.1' loaded because of active level settings
[ZaaAWEdfEra:  24.12.2021, 12:01:10] --> Character went to saleswoman
[ZaaAWEdfEra:  24.12.2021, 12:01:13] --> Character was kicked from the bot, reason: Character was walking
[ZaaAWEdfEra:  24.12.2021, 12:01:43] --> Character was kicked from the bot, reason: Character was walking
[ZaaAWEdfEra:  24.12.2021, 12:01:56] --> Character leveled up to level 3
[ZaaAWEdfEra:  24.12.2021, 12:01:57] --> Character leveled up to level 6
[ZaaAWEdfEra:  24.12.2021, 12:01:58] --> Character leveled up to level 8
[ZaaAWEdfEra:  24.12.2021, 12:01:59] --> Character leveled up to level 9
[ZaaAWEdfEra:  24.12.2021, 12:02:01] --> Character leveled up to level 10
[ZaaAWEdfEra:  24.12.2021, 12:02:04] --> Character leveled up to level 11
[ZaaAWEdfEra:  24.12.2021, 12:02:07] --> Character leveled up to level 12
[ZaaAWEdfEra:  24.12.2021, 12:02:13] --> Character leveled up to level 13
[ZaaAWEdfEra:  24.12.2021, 12:02:27] --> Character leveled up to level 14
[ZaaAWEdfEra:  24.12.2021, 12:02:41] --> Character leveled up to level 15
[ZaaAWEdfEra:  24.12.2021, 12:02:42] --> Setting '2.2' loaded because of active level settings
[ZaaAWEdfEra:  24.12.2021, 12:02:54] --> Character was kicked from the bot, reason: Character was walking
[ZaaAWEdfEra:  24.12.2021, 12:03:19] --> Character was kicked from the bot, reason: Character was walking
[ZaaAWEdfEra:  24.12.2021, 12:04:06] --> Character leveled up to level 16
[ZaaAWEdfEra:  24.12.2021, 12:04:12] --> Character leveled up to level 17
[ZaaAWEdfEra:  24.12.2021, 12:04:39] --> Character leveled up to level 18
[ZaaAWEdfEra:  24.12.2021, 12:05:16] --> Character leveled up to level 19
[ZaaAWEdfEra:  24.12.2021, 12:05:54] --> Character leveled up to level 20
[ZaaAWEdfEra:  24.12.2021, 12:06:41] --> Character leveled up to level 21
[ZaaAWEdfEra:  24.12.2021, 12:07:24] --> Character leveled up to level 22
[ZaaAWEdfEra:  24.12.2021, 12:07:48] --> Character leveled up to level 23
[ZaaAWEdfEra:  24.12.2021, 12:08:30] --> Character leveled up to level 24
[ZaaAWEdfEra:  24.12.2021, 12:09:11] --> Character leveled up to level 25
[ZaaAWEdfEra:  24.12.2021, 12:10:09] --> Character leveled up to level 26
[ZaaAWEdfEra:  24.12.2021, 12:11:07] --> Bot successfully started
[ZaaAWEdfEra:  24.12.2021, 12:11:07] --> Setting '2.2' loaded because of active level settings
[ZaaAWEdfEra:  24.12.2021, 12:12:00] --> Character leveled up to level 27
[ZaaAWEdfEra:  24.12.2021, 12:13:05] --> Character leveled up to level 28
[ZaaAWEdfEra:  24.12.2021, 12:14:20] --> Character leveled up to level 29
[ZaaAWEdfEra:  24.12.2021, 12:16:06] --> Character leveled up to level 30
[ZaaAWEdfEra:  24.12.2021, 12:17:49] --> Character leveled up to level 31
[ZaaAWEdfEra:  24.12.2021, 12:19:22] --> Character leveled up to level 32
[ZaaAWEdfEra:  24.12.2021, 12:21:05] --> Character leveled up to level 33
[ZaaAWEdfEra:  24.12.2021, 12:22:54] --> Character leveled up to level 34
[ZaaAWEdfEra:  24.12.2021, 12:25:05] --> Character leveled up to level 35
[ZaaAWEdfEra:  24.12.2021, 12:27:31] --> Character leveled up to level 36
[ZaaAWEdfEra:  24.12.2021, 12:30:13] --> Character leveled up to level 37
[ZaaAWEdfEra:  24.12.2021, 12:33:35] --> Character leveled up to level 38
[ZaaAWEdfEra:  24.12.2021, 12:37:23] --> Character leveled up to level 39
[ZaaAWEdfEra:  24.12.2021, 12:41:39] --> Character leveled up to level 40
[ZaaAWEdfEra:  24.12.2021, 12:45:52] --> Character leveled up to level 41
[ZaaAWEdfEra:  24.12.2021, 12:50:21] --> Character leveled up to level 42
[ZaaAWEdfEra:  24.12.2021, 12:54:32] --> Friedrich1 appeared
[ZaaAWEdfEra:  24.12.2021, 12:55:15] --> Friedrich1 appeared
[ZaaAWEdfEra:  24.12.2021, 12:55:29] --> Character leveled up to level 43
[ZaaAWEdfEra:  24.12.2021, 13:01:07] --> Character leveled up to level 44
[ZaaAWEdfEra:  24.12.2021, 13:08:07] --> Character leveled up to level 45
[ZaaAWEdfEra:  24.12.2021, 13:15:29] --> Character leveled up to level 46
[ZaaAWEdfEra:  24.12.2021, 13:22:50] --> Character leveled up to level 47
[ZaaAWEdfEra:  24.12.2021, 13:23:23] --> Character got kick
[ZaaAWEdfEra:  24.12.2021, 13:29:43] --> Character got kick
[ZaaAWEdfEra:  24.12.2021, 13:31:37] --> Character leveled up to level 48
[ZaaAWEdfEra:  24.12.2021, 13:40:08] --> Character leveled up to level 49
[ZaaAWEdfEra:  24.12.2021, 13:50:09] --> Character leveled up to level 50
[ZaaAWEdfEra:  24.12.2021, 13:50:26] --> SweegWalker appeared
[ZaaAWEdfEra:  24.12.2021, 13:50:52] --> SweegWalker appeared
[ZaaAWEdfEra:  24.12.2021, 13:51:14] --> SweegWalker appeared
[ZaaAWEdfEra:  24.12.2021, 13:53:57] --> Character got kick
[ZaaAWEdfEra:  24.12.2021, 13:54:35] --> Character was kicked from the bot, reason: Character was walking
[ZaaAWEdfEra:  24.12.2021, 14:00:41] --> Character was kicked from the bot, reason: Character was walking
[ZaaAWEdfEra:  24.12.2021, 14:01:11] --> Character was kicked from the bot, reason: Character was walking
[ZaaAWEdfEra:  24.12.2021, 15:52:43] --> Bot successfully started
[ZaaAWEdfEra:  24.12.2021, 15:52:44] --> PhoNYan54 appeared
[ZaaAWEdfEra:  24.12.2021, 15:59:08] --> Character leveled up to level 51
[ZaaAWEdfEra:  24.12.2021, 16:09:19] --> Character leveled up to level 52
[ZaaAWEdfEra:  24.12.2021, 16:20:30] --> Character got kick
[ZaaAWEdfEra:  24.12.2021, 16:33:06] --> Bot successfully started
[ZaaAWEdfEra:  24.12.2021, 16:33:06] --> PhoNYan54 appeared
[ZaaAWEdfEra:  24.12.2021, 16:36:51] --> Character leveled up to level 53
[ZaaAWEdfEra:  24.12.2021, 16:50:14] --> Character leveled up to level 54
[ZaaAWEdfEra:  24.12.2021, 17:05:03] --> Character leveled up to level 55
[ZaaAWEdfEra:  24.12.2021, 18:03:44] --> Bot successfully started
[ZaaAWEdfEra:  24.12.2021, 18:03:44] --> MeowMeowCOW appeared
[ZaaAWEdfEra:  24.12.2021, 18:13:10] --> Tikuna appeared
[ZaaAWEdfEra:  24.12.2021, 18:16:43] --> Character leveled up to level 56
[ZaaAWEdfEra:  24.12.2021, 18:18:28] --> PhoNYan54 appeared
[ZaaAWEdfEra:  24.12.2021, 18:29:15] --> Character got kick
[ZaaAWEdfEra:  24.12.2021, 18:30:50] --> Character leveled up to level 57
[ZaaAWEdfEra:  24.12.2021, 18:37:09] --> 2Messer appeared
[ZaaAWEdfEra:  24.12.2021, 18:39:37] --> McPower9999 appeared
[ZaaAWEdfEra:  24.12.2021, 18:41:11] --> Tikuna appeared
[ZaaAWEdfEra:  24.12.2021, 18:43:39] --> Sado453 appeared
[ZaaAWEdfEra:  24.12.2021, 18:44:55] --> BlunTiG appeared
[ZaaAWEdfEra:  24.12.2021, 18:45:06] --> LeodaLin appeared
[ZaaAWEdfEra:  24.12.2021, 18:45:10] --> Character leveled up to level 58
[ZaaAWEdfEra:  24.12.2021, 18:52:05] --> Character was kicked from the bot, reason: Character was walking
[ZaaAWEdfEra:  24.12.2021, 18:54:40] --> AsWerasLoaw appeared
