[Supster:      24.12.2021, 11:34:18] --> Bot successfully started
[Supster:      24.12.2021, 11:34:32] --> Character was kicked from the bot, reason: Changing character
[Supster:      24.12.2021, 11:34:36] --> Lyconner appeared
[ASdlereWqes:  24.12.2021, 12:01:30] --> Bot successfully started
[ASdlereWqes:  24.12.2021, 12:01:30] --> Setting '1.1' loaded because of active level settings
[ASdlereWqes:  24.12.2021, 12:01:31] --> Lyconner appeared
[ASdlereWqes:  24.12.2021, 12:01:37] --> Character went to saleswoman
[ASdlereWqes:  24.12.2021, 12:01:40] --> Character was kicked from the bot, reason: Character was walking
[ASdlereWqes:  24.12.2021, 12:02:12] --> Character was kicked from the bot, reason: Character was walking
[ASdlereWqes:  24.12.2021, 12:02:47] --> Character was kicked from the bot, reason: Character was walking
[ASdlereWqes:  24.12.2021, 12:03:00] --> Character leveled up to level 3
[ASdlereWqes:  24.12.2021, 12:03:01] --> Character leveled up to level 6
[ASdlereWqes:  24.12.2021, 12:03:02] --> Character leveled up to level 8
[ASdlereWqes:  24.12.2021, 12:03:05] --> Character leveled up to level 9
[ASdlereWqes:  24.12.2021, 12:03:07] --> Character leveled up to level 10
[ASdlereWqes:  24.12.2021, 12:03:09] --> Character leveled up to level 11
[ASdlereWqes:  24.12.2021, 12:03:10] --> Character leveled up to level 12
[ASdlereWqes:  24.12.2021, 12:03:13] --> Character leveled up to level 13
[ASdlereWqes:  24.12.2021, 12:03:19] --> Character leveled up to level 14
[ASdlereWqes:  24.12.2021, 12:03:44] --> Character leveled up to level 15
[ASdlereWqes:  24.12.2021, 12:03:44] --> Setting '2.2' loaded because of active level settings
[ASdlereWqes:  24.12.2021, 12:03:56] --> Character was kicked from the bot, reason: Character was walking
[ASdlereWqes:  24.12.2021, 12:04:22] --> Character was kicked from the bot, reason: Character was walking
[ASdlereWqes:  24.12.2021, 12:05:10] --> Character died
[ASdlereWqes:  24.12.2021, 12:05:44] --> Character leveled up to level 16
[ASdlereWqes:  24.12.2021, 12:05:53] --> Character leveled up to level 17
[ASdlereWqes:  24.12.2021, 12:06:18] --> Character leveled up to level 18
[ASdlereWqes:  24.12.2021, 12:07:07] --> Character leveled up to level 19
[ASdlereWqes:  24.12.2021, 12:07:38] --> Character leveled up to level 20
[ASdlereWqes:  24.12.2021, 12:08:25] --> Character leveled up to level 21
[ASdlereWqes:  24.12.2021, 12:09:17] --> Character leveled up to level 22
[ASdlereWqes:  24.12.2021, 12:09:50] --> Character leveled up to level 23
[ASdlereWqes:  24.12.2021, 12:10:34] --> Character leveled up to level 24
[ASdlereWqes:  24.12.2021, 12:11:21] --> Character leveled up to level 25
[ASdlereWqes:  24.12.2021, 12:12:12] --> Character leveled up to level 26
[ASdlereWqes:  24.12.2021, 12:13:23] --> Character leveled up to level 27
[ASdlereWqes:  24.12.2021, 12:14:34] --> Character leveled up to level 28
[ASdlereWqes:  24.12.2021, 12:16:06] --> Character leveled up to level 29
[ASdlereWqes:  24.12.2021, 12:18:17] --> Character leveled up to level 30
[ASdlereWqes:  24.12.2021, 12:20:05] --> Character leveled up to level 31
[ASdlereWqes:  24.12.2021, 12:21:50] --> Character leveled up to level 32
[ASdlereWqes:  24.12.2021, 12:23:48] --> Character leveled up to level 33
[ASdlereWqes:  24.12.2021, 12:26:21] --> Character leveled up to level 34
[ASdlereWqes:  24.12.2021, 12:28:59] --> Character leveled up to level 35
[ASdlereWqes:  24.12.2021, 12:31:50] --> Character leveled up to level 36
[ASdlereWqes:  24.12.2021, 12:35:06] --> Character leveled up to level 37
[ASdlereWqes:  24.12.2021, 12:38:57] --> Character leveled up to level 38
[ASdlereWqes:  24.12.2021, 12:43:01] --> Character leveled up to level 39
[ASdlereWqes:  24.12.2021, 12:47:26] --> Character leveled up to level 40
[ASdlereWqes:  24.12.2021, 12:52:13] --> Character leveled up to level 41
[ASdlereWqes:  24.12.2021, 12:57:10] --> Character leveled up to level 42
[ASdlereWqes:  24.12.2021, 13:02:25] --> Character leveled up to level 43
[ASdlereWqes:  24.12.2021, 13:09:35] --> Character leveled up to level 44
[ASdlereWqes:  24.12.2021, 13:16:21] --> Character leveled up to level 45
[ASdlereWqes:  24.12.2021, 13:23:17] --> Character leveled up to level 46
[ASdlereWqes:  24.12.2021, 13:31:27] --> Character leveled up to level 47
[ASdlereWqes:  24.12.2021, 13:39:45] --> Character leveled up to level 48
[ASdlereWqes:  24.12.2021, 13:49:35] --> Character leveled up to level 49
[ASdlereWqes:  24.12.2021, 14:00:43] --> Character leveled up to level 50
[ASdlereWqes:  24.12.2021, 14:01:38] --> Character was kicked from the bot, reason: Character was walking
[ASdlereWqes:  24.12.2021, 14:04:02] --> Character was kicked from the bot, reason: Character was walking
[ASdlereWqes:  24.12.2021, 14:04:32] --> Character got kick
[ASdlereWqes:  24.12.2021, 14:04:49] --> Character was kicked from the bot, reason: Character was walking
[ASdlereWqes:  24.12.2021, 15:53:12] --> Bot successfully started
[ASdlereWqes:  24.12.2021, 15:53:12] --> ExcenTLB65 appeared
[ASdlereWqes:  24.12.2021, 15:53:38] --> ExcenTLB65 appeared
[ASdlereWqes:  24.12.2021, 15:53:42] --> ExcenTLB65 appeared
[ASdlereWqes:  24.12.2021, 16:02:17] --> Character leveled up to level 51
[ASdlereWqes:  24.12.2021, 16:13:10] --> Character leveled up to level 52
[ASdlereWqes:  24.12.2021, 16:15:23] --> Character got kick
[ASdlereWqes:  24.12.2021, 16:17:43] --> Character got kick
[ASdlereWqes:  24.12.2021, 16:18:31] --> Character got kick
[ASdlereWqes:  24.12.2021, 16:19:31] --> ExcenTLB65 appeared
[ASdlereWqes:  24.12.2021, 16:20:26] --> Character got kick
[ASdlereWqes:  24.12.2021, 16:21:11] --> Character got kick
[ASdlereWqes:  24.12.2021, 16:33:33] --> Bot successfully started
[ASdlereWqes:  24.12.2021, 16:33:34] --> ExcenTLB65 appeared
[ASdlereWqes:  24.12.2021, 16:41:14] --> Character leveled up to level 53
[ASdlereWqes:  24.12.2021, 16:47:30] --> ExcenTLB65 appeared
[ASdlereWqes:  24.12.2021, 16:53:33] --> Character leveled up to level 54
[ASdlereWqes:  24.12.2021, 18:04:10] --> Bot successfully started
[ASdlereWqes:  24.12.2021, 18:04:10] --> CorErnsti01 appeared
[ASdlereWqes:  24.12.2021, 18:07:07] --> Character leveled up to level 55
[ASdlereWqes:  24.12.2021, 18:07:34] --> Sandy1994 appeared
[ASdlereWqes:  24.12.2021, 18:10:29] --> Elta24 appeared
[ASdlereWqes:  24.12.2021, 18:12:32] --> MeowMeowCOW appeared
[ASdlereWqes:  24.12.2021, 18:12:41] --> Elta24 appeared
[ASdlereWqes:  24.12.2021, 18:13:57] --> Elta24 appeared
[ASdlereWqes:  24.12.2021, 18:15:07] --> Elta24 appeared
[ASdlereWqes:  24.12.2021, 18:18:55] --> Elta24 appeared
[ASdlereWqes:  24.12.2021, 18:18:58] --> Elta24 appeared
[ASdlereWqes:  24.12.2021, 18:19:21] --> Character leveled up to level 56
[ASdlereWqes:  24.12.2021, 18:19:31] --> ExcenTLB65 appeared
[ASdlereWqes:  24.12.2021, 18:20:08] --> Elta24 appeared
[ASdlereWqes:  24.12.2021, 18:21:35] --> KingKashi1 appeared
[ASdlereWqes:  24.12.2021, 18:24:19] --> Elta24 appeared
[ASdlereWqes:  24.12.2021, 18:25:36] --> Elta24 appeared
[ASdlereWqes:  24.12.2021, 18:26:21] --> Elta24 appeared
[ASdlereWqes:  24.12.2021, 18:31:20] --> Elta24 appeared
[ASdlereWqes:  24.12.2021, 18:32:30] --> Character leveled up to level 57
[ASdlereWqes:  24.12.2021, 18:33:11] --> Elta24 appeared
[ASdlereWqes:  24.12.2021, 18:37:40] --> iAbqehobeN appeared
[ASdlereWqes:  24.12.2021, 18:37:58] --> Character died
[ASdlereWqes:  24.12.2021, 18:38:16] --> Character died
[ASdlereWqes:  24.12.2021, 18:39:18] --> Character died
[ASdlereWqes:  24.12.2021, 18:39:32] --> Character died
[ASdlereWqes:  24.12.2021, 18:39:33] --> 2Messer appeared
[ASdlereWqes:  24.12.2021, 18:39:47] --> Character died
[ASdlereWqes:  24.12.2021, 18:40:03] --> 2Messer appeared
[ASdlereWqes:  24.12.2021, 18:40:22] --> Character died
[ASdlereWqes:  24.12.2021, 18:40:44] --> Character died
[ASdlereWqes:  24.12.2021, 18:40:54] --> Character died
[ASdlereWqes:  24.12.2021, 18:40:54] --> 2Messer appeared
[ASdlereWqes:  24.12.2021, 18:41:00] --> Character died
[ASdlereWqes:  24.12.2021, 18:41:10] --> Character died
[ASdlereWqes:  24.12.2021, 18:41:10] --> 2Messer appeared
[ASdlereWqes:  24.12.2021, 18:41:21] --> Character died
[ASdlereWqes:  24.12.2021, 18:41:37] --> 2Messer appeared
[ASdlereWqes:  24.12.2021, 18:41:50] --> Character died
[ASdlereWqes:  24.12.2021, 18:42:03] --> Elta24 appeared
[ASdlereWqes:  24.12.2021, 18:45:05] --> Sado453 appeared
[ASdlereWqes:  24.12.2021, 18:45:52] --> Elta24 appeared
[ASdlereWqes:  24.12.2021, 18:47:27] --> Elta24 appeared
[ASdlereWqes:  24.12.2021, 18:50:04] --> Character leveled up to level 58
[ASdlereWqes:  24.12.2021, 18:52:11] --> Character was kicked from the bot, reason: Character was walking
[ASdlereWqes:  24.12.2021, 18:55:10] --> AsWerasLoaw appeared
