[LKSaserDS:    24.12.2021, 11:34:46] --> Bot successfully started
[LKSaserDS:    24.12.2021, 11:44:46] --> Seeraphim appeared
[LKSaserDS:    24.12.2021, 11:48:37] --> Seeraphim appeared
[LKSaserDS:    24.12.2021, 11:50:18] --> Mahadi appeared
[LKSaserDS:    24.12.2021, 11:51:11] --> jasmin13 appeared
[LKSaserDS:    24.12.2021, 11:52:27] --> Rousky appeared
[LKSaserDS:    24.12.2021, 11:56:27] --> Raikouna appeared
[LKSaserDS:    24.12.2021, 12:01:58] --> Bot successfully started
[LKSaserDS:    24.12.2021, 12:01:58] --> Setting '1.1' loaded because of active level settings
[LKSaserDS:    24.12.2021, 12:02:05] --> Character went to saleswoman
[LKSaserDS:    24.12.2021, 12:02:08] --> Character was kicked from the bot, reason: Character was walking
[LKSaserDS:    24.12.2021, 12:02:40] --> Character was kicked from the bot, reason: Character was walking
[LKSaserDS:    24.12.2021, 12:02:53] --> Character leveled up to level 3
[LKSaserDS:    24.12.2021, 12:02:54] --> Character leveled up to level 7
[LKSaserDS:    24.12.2021, 12:02:55] --> Character leveled up to level 8
[LKSaserDS:    24.12.2021, 12:02:57] --> Character leveled up to level 9
[LKSaserDS:    24.12.2021, 12:02:58] --> Character leveled up to level 10
[LKSaserDS:    24.12.2021, 12:03:00] --> Character leveled up to level 11
[LKSaserDS:    24.12.2021, 12:03:02] --> Character leveled up to level 12
[LKSaserDS:    24.12.2021, 12:03:09] --> Character leveled up to level 13
[LKSaserDS:    24.12.2021, 12:03:24] --> Character leveled up to level 14
[LKSaserDS:    24.12.2021, 12:04:01] --> Character leveled up to level 15
[LKSaserDS:    24.12.2021, 12:04:01] --> Setting '2.2' loaded because of active level settings
[LKSaserDS:    24.12.2021, 12:04:13] --> Character was kicked from the bot, reason: Character was walking
[LKSaserDS:    24.12.2021, 12:04:38] --> Character was kicked from the bot, reason: Character was walking
[LKSaserDS:    24.12.2021, 12:05:25] --> Character leveled up to level 16
[LKSaserDS:    24.12.2021, 12:05:31] --> Character leveled up to level 17
[LKSaserDS:    24.12.2021, 12:05:35] --> Character leveled up to level 18
[LKSaserDS:    24.12.2021, 12:05:58] --> Character leveled up to level 19
[LKSaserDS:    24.12.2021, 12:06:19] --> Character leveled up to level 20
[LKSaserDS:    24.12.2021, 12:07:17] --> Character leveled up to level 21
[LKSaserDS:    24.12.2021, 12:08:17] --> Character leveled up to level 22
[LKSaserDS:    24.12.2021, 12:08:51] --> Character leveled up to level 23
[LKSaserDS:    24.12.2021, 12:09:53] --> Character leveled up to level 24
[LKSaserDS:    24.12.2021, 12:11:04] --> Character leveled up to level 25
[LKSaserDS:    24.12.2021, 12:12:14] --> Character leveled up to level 26
[LKSaserDS:    24.12.2021, 12:13:33] --> Character leveled up to level 27
[LKSaserDS:    24.12.2021, 12:14:41] --> Character leveled up to level 28
[LKSaserDS:    24.12.2021, 12:16:16] --> Character leveled up to level 29
[LKSaserDS:    24.12.2021, 12:17:48] --> Character leveled up to level 30
[LKSaserDS:    24.12.2021, 12:19:14] --> Character leveled up to level 31
[LKSaserDS:    24.12.2021, 12:20:52] --> Character leveled up to level 32
[LKSaserDS:    24.12.2021, 12:22:52] --> Character leveled up to level 33
[LKSaserDS:    24.12.2021, 12:25:12] --> Character leveled up to level 34
[LKSaserDS:    24.12.2021, 12:27:59] --> Character leveled up to level 35
[LKSaserDS:    24.12.2021, 12:30:46] --> Character leveled up to level 36
[LKSaserDS:    24.12.2021, 12:34:12] --> Character leveled up to level 37
[LKSaserDS:    24.12.2021, 12:38:19] --> Character leveled up to level 38
[LKSaserDS:    24.12.2021, 12:42:44] --> Character leveled up to level 39
[LKSaserDS:    24.12.2021, 12:48:00] --> Character leveled up to level 40
[LKSaserDS:    24.12.2021, 12:52:57] --> Character leveled up to level 41
[LKSaserDS:    24.12.2021, 12:58:33] --> Character leveled up to level 42
[LKSaserDS:    24.12.2021, 13:05:01] --> Character leveled up to level 43
[LKSaserDS:    24.12.2021, 13:13:49] --> Character leveled up to level 44
[LKSaserDS:    24.12.2021, 13:21:14] --> Character leveled up to level 45
[LKSaserDS:    24.12.2021, 13:29:46] --> Character leveled up to level 46
[LKSaserDS:    24.12.2021, 13:38:35] --> Character leveled up to level 47
[LKSaserDS:    24.12.2021, 13:48:10] --> Character leveled up to level 48
[LKSaserDS:    24.12.2021, 13:53:11] --> Character got kick
[LKSaserDS:    24.12.2021, 13:59:42] --> Character leveled up to level 49
[LKSaserDS:    24.12.2021, 14:10:47] --> Character leveled up to level 50
[LKSaserDS:    24.12.2021, 14:12:36] --> Character was kicked from the bot, reason: Character was walking
[LKSaserDS:    24.12.2021, 14:13:50] --> Character was kicked from the bot, reason: Character was walking
[LKSaserDS:    24.12.2021, 14:14:20] --> Character was kicked from the bot, reason: Character was walking
[LKSaserDS:    24.12.2021, 15:53:41] --> Bot successfully started
[LKSaserDS:    24.12.2021, 15:53:41] --> KroskCOk43 appeared
[LKSaserDS:    24.12.2021, 16:01:56] --> Character leveled up to level 51
[LKSaserDS:    24.12.2021, 16:11:12] --> Character leveled up to level 52
[LKSaserDS:    24.12.2021, 16:15:04] --> Character got kick
[LKSaserDS:    24.12.2021, 16:17:43] --> Character got kick
[LKSaserDS:    24.12.2021, 16:18:35] --> Character got kick
[LKSaserDS:    24.12.2021, 16:19:10] --> KroskCOk43 appeared
[LKSaserDS:    24.12.2021, 16:19:16] --> Character got kick
[LKSaserDS:    24.12.2021, 16:19:45] --> KroskCOk43 appeared
[LKSaserDS:    24.12.2021, 16:21:10] --> Character got kick
[LKSaserDS:    24.12.2021, 16:34:02] --> Bot successfully started
[LKSaserDS:    24.12.2021, 16:36:22] --> KroskCOk43 appeared
[LKSaserDS:    24.12.2021, 16:37:58] --> Character leveled up to level 53
[LKSaserDS:    24.12.2021, 16:50:50] --> Character leveled up to level 54
[LKSaserDS:    24.12.2021, 18:04:37] --> Bot successfully started
[LKSaserDS:    24.12.2021, 18:04:46] --> Character leveled up to level 55
[LKSaserDS:    24.12.2021, 18:06:23] --> McPower9999 appeared
[LKSaserDS:    24.12.2021, 18:07:07] --> Sandy1994 appeared
[LKSaserDS:    24.12.2021, 18:12:50] --> MeowMeowCOW appeared
[LKSaserDS:    24.12.2021, 18:16:30] --> Danneberg appeared
[LKSaserDS:    24.12.2021, 18:16:35] --> Danneberg appeared
[LKSaserDS:    24.12.2021, 18:16:57] --> Character leveled up to level 56
[LKSaserDS:    24.12.2021, 18:20:02] --> KroskCOk43 appeared
[LKSaserDS:    24.12.2021, 18:21:11] --> Danneberg appeared
[LKSaserDS:    24.12.2021, 18:23:27] --> Danneberg appeared
[LKSaserDS:    24.12.2021, 18:29:55] --> Character leveled up to level 57
[LKSaserDS:    24.12.2021, 18:44:03] --> Character leveled up to level 58
[LKSaserDS:    24.12.2021, 18:52:22] --> Character was kicked from the bot, reason: Character was walking
[LKSaserDS:    24.12.2021, 18:55:31] --> AsWerasLoaw appeared
