[GreatMake:    24.12.2021, 11:37:41] --> Bot successfully started
[GreatMake:    24.12.2021, 11:37:42] --> EinMannArmy appeared
[GreatMake:    24.12.2021, 11:38:01] --> Character was kicked from the bot, reason: Changing character
[RESaliAresdA: 24.12.2021, 11:38:06] --> PamelaR appeared
[RESaliAresdA: 24.12.2021, 12:02:27] --> Bot successfully started
[RESaliAresdA: 24.12.2021, 12:02:27] --> Setting '1.1' loaded because of active level settings
[RESaliAresdA: 24.12.2021, 12:02:27] --> weiseWOLF appeared
[RESaliAresdA: 24.12.2021, 12:02:34] --> Character went to saleswoman
[RESaliAresdA: 24.12.2021, 12:03:05] --> Character was kicked from the bot, reason: Character was walking
[RESaliAresdA: 24.12.2021, 12:03:39] --> Character was kicked from the bot, reason: Character was walking
[RESaliAresdA: 24.12.2021, 12:03:55] --> Character leveled up to level 2
[RESaliAresdA: 24.12.2021, 12:03:56] --> Character leveled up to level 3
[RESaliAresdA: 24.12.2021, 12:03:57] --> Character leveled up to level 6
[RESaliAresdA: 24.12.2021, 12:03:58] --> Character leveled up to level 7
[RESaliAresdA: 24.12.2021, 12:03:59] --> Character leveled up to level 8
[RESaliAresdA: 24.12.2021, 12:04:01] --> Character leveled up to level 9
[RESaliAresdA: 24.12.2021, 12:04:02] --> Character leveled up to level 10
[RESaliAresdA: 24.12.2021, 12:04:03] --> Character leveled up to level 11
[RESaliAresdA: 24.12.2021, 12:04:06] --> Character leveled up to level 12
[RESaliAresdA: 24.12.2021, 12:04:12] --> Character leveled up to level 13
[RESaliAresdA: 24.12.2021, 12:04:34] --> Character leveled up to level 14
[RESaliAresdA: 24.12.2021, 12:04:56] --> Character leveled up to level 15
[RESaliAresdA: 24.12.2021, 12:04:56] --> Setting '2.2' loaded because of active level settings
[RESaliAresdA: 24.12.2021, 12:05:08] --> Character was kicked from the bot, reason: Character was walking
[RESaliAresdA: 24.12.2021, 12:05:34] --> Character was kicked from the bot, reason: Character was walking
[RESaliAresdA: 24.12.2021, 12:06:11] --> Character leveled up to level 16
[RESaliAresdA: 24.12.2021, 12:06:21] --> Character leveled up to level 17
[RESaliAresdA: 24.12.2021, 12:06:28] --> Character leveled up to level 18
[RESaliAresdA: 24.12.2021, 12:06:53] --> Character leveled up to level 19
[RESaliAresdA: 24.12.2021, 12:07:18] --> Character leveled up to level 20
[RESaliAresdA: 24.12.2021, 12:07:44] --> LKrerdASer2 appeared
[RESaliAresdA: 24.12.2021, 12:07:53] --> Character leveled up to level 21
[RESaliAresdA: 24.12.2021, 12:08:01] --> LKrerdASer2 appeared
[RESaliAresdA: 24.12.2021, 12:08:18] --> LKrerdASer2 appeared
[RESaliAresdA: 24.12.2021, 12:08:35] --> LKrerdASer2 appeared
[RESaliAresdA: 24.12.2021, 12:08:38] --> Character leveled up to level 22
[RESaliAresdA: 24.12.2021, 12:08:52] --> LKrerdASer2 appeared
[RESaliAresdA: 24.12.2021, 12:09:03] --> Character leveled up to level 23
[RESaliAresdA: 24.12.2021, 12:09:07] --> LKrerdASer2 appeared
[RESaliAresdA: 24.12.2021, 12:09:24] --> LKrerdASer2 appeared
[RESaliAresdA: 24.12.2021, 12:09:40] --> LKrerdASer2 appeared
[RESaliAresdA: 24.12.2021, 12:09:46] --> Character leveled up to level 24
[RESaliAresdA: 24.12.2021, 12:09:57] --> LKrerdASer2 appeared
[RESaliAresdA: 24.12.2021, 12:10:12] --> LKrerdASer2 appeared
[RESaliAresdA: 24.12.2021, 12:10:30] --> LKrerdASer2 appeared
[RESaliAresdA: 24.12.2021, 12:10:34] --> Character leveled up to level 25
[RESaliAresdA: 24.12.2021, 12:10:46] --> LKrerdASer2 appeared
[RESaliAresdA: 24.12.2021, 12:11:03] --> LKrerdASer2 appeared
[RESaliAresdA: 24.12.2021, 12:11:18] --> LKrerdASer2 appeared
[RESaliAresdA: 24.12.2021, 12:11:36] --> LKrerdASer2 appeared
[RESaliAresdA: 24.12.2021, 12:11:40] --> Character leveled up to level 26
[RESaliAresdA: 24.12.2021, 12:11:52] --> LKrerdASer2 appeared
[RESaliAresdA: 24.12.2021, 12:12:09] --> LKrerdASer2 appeared
[RESaliAresdA: 24.12.2021, 12:12:24] --> LKrerdASer2 appeared
[RESaliAresdA: 24.12.2021, 12:12:41] --> LKrerdASer2 appeared
[RESaliAresdA: 24.12.2021, 12:12:54] --> Character leveled up to level 27
[RESaliAresdA: 24.12.2021, 12:12:58] --> LKrerdASer2 appeared
[RESaliAresdA: 24.12.2021, 12:13:14] --> LKrerdASer2 appeared
[RESaliAresdA: 24.12.2021, 12:13:30] --> LKrerdASer2 appeared
[RESaliAresdA: 24.12.2021, 12:13:47] --> LKrerdASer2 appeared
[RESaliAresdA: 24.12.2021, 12:14:02] --> LKrerdASer2 appeared
[RESaliAresdA: 24.12.2021, 12:14:19] --> LKrerdASer2 appeared
[RESaliAresdA: 24.12.2021, 12:14:36] --> LKrerdASer2 appeared
[RESaliAresdA: 24.12.2021, 12:14:40] --> Character leveled up to level 28
[RESaliAresdA: 24.12.2021, 12:14:52] --> LKrerdASer2 appeared
[RESaliAresdA: 24.12.2021, 12:15:08] --> LKrerdASer2 appeared
[RESaliAresdA: 24.12.2021, 12:15:24] --> LKrerdASer2 appeared
[RESaliAresdA: 24.12.2021, 12:15:41] --> LKrerdASer2 appeared
[RESaliAresdA: 24.12.2021, 12:15:57] --> LKrerdASer2 appeared
[RESaliAresdA: 24.12.2021, 12:16:14] --> LKrerdASer2 appeared
[RESaliAresdA: 24.12.2021, 12:16:30] --> Character leveled up to level 29
[RESaliAresdA: 24.12.2021, 12:16:31] --> LKrerdASer2 appeared
[RESaliAresdA: 24.12.2021, 12:16:46] --> LKrerdASer2 appeared
[RESaliAresdA: 24.12.2021, 12:17:04] --> LKrerdASer2 appeared
[RESaliAresdA: 24.12.2021, 12:17:20] --> LKrerdASer2 appeared
[RESaliAresdA: 24.12.2021, 12:17:36] --> LKrerdASer2 appeared
[RESaliAresdA: 24.12.2021, 12:17:52] --> LKrerdASer2 appeared
[RESaliAresdA: 24.12.2021, 12:18:09] --> LKrerdASer2 appeared
[RESaliAresdA: 24.12.2021, 12:18:25] --> LKrerdASer2 appeared
[RESaliAresdA: 24.12.2021, 12:18:30] --> Character leveled up to level 30
[RESaliAresdA: 24.12.2021, 12:18:43] --> LKrerdASer2 appeared
[RESaliAresdA: 24.12.2021, 12:18:57] --> LKrerdASer2 appeared
[RESaliAresdA: 24.12.2021, 12:19:15] --> LKrerdASer2 appeared
[RESaliAresdA: 24.12.2021, 12:19:29] --> LKrerdASer2 appeared
[RESaliAresdA: 24.12.2021, 12:19:47] --> LKrerdASer2 appeared
[RESaliAresdA: 24.12.2021, 12:20:02] --> LKrerdASer2 appeared
[RESaliAresdA: 24.12.2021, 12:20:20] --> LKrerdASer2 appeared
[RESaliAresdA: 24.12.2021, 12:20:37] --> LKrerdASer2 appeared
[RESaliAresdA: 24.12.2021, 12:20:54] --> LKrerdASer2 appeared
[RESaliAresdA: 24.12.2021, 12:21:01] --> Character leveled up to level 31
[RESaliAresdA: 24.12.2021, 12:21:10] --> LKrerdASer2 appeared
[RESaliAresdA: 24.12.2021, 12:21:27] --> LKrerdASer2 appeared
[RESaliAresdA: 24.12.2021, 12:21:43] --> LKrerdASer2 appeared
[RESaliAresdA: 24.12.2021, 12:21:59] --> LKrerdASer2 appeared
[RESaliAresdA: 24.12.2021, 12:22:15] --> LKrerdASer2 appeared
[RESaliAresdA: 24.12.2021, 12:22:32] --> LKrerdASer2 appeared
[RESaliAresdA: 24.12.2021, 12:22:46] --> LKrerdASer2 appeared
[RESaliAresdA: 24.12.2021, 12:23:04] --> LKrerdASer2 appeared
[RESaliAresdA: 24.12.2021, 12:23:10] --> Character leveled up to level 32
[RESaliAresdA: 24.12.2021, 12:23:21] --> LKrerdASer2 appeared
[RESaliAresdA: 24.12.2021, 12:23:37] --> LKrerdASer2 appeared
[RESaliAresdA: 24.12.2021, 12:23:54] --> LKrerdASer2 appeared
[RESaliAresdA: 24.12.2021, 12:24:10] --> LKrerdASer2 appeared
[RESaliAresdA: 24.12.2021, 12:24:27] --> LKrerdASer2 appeared
[RESaliAresdA: 24.12.2021, 12:24:43] --> LKrerdASer2 appeared
[RESaliAresdA: 24.12.2021, 12:24:58] --> LKrerdASer2 appeared
[RESaliAresdA: 24.12.2021, 12:25:16] --> LKrerdASer2 appeared
[RESaliAresdA: 24.12.2021, 12:25:32] --> LKrerdASer2 appeared
[RESaliAresdA: 24.12.2021, 12:25:48] --> LKrerdASer2 appeared
[RESaliAresdA: 24.12.2021, 12:25:48] --> Character leveled up to level 33
[RESaliAresdA: 24.12.2021, 12:26:05] --> LKrerdASer2 appeared
[RESaliAresdA: 24.12.2021, 12:26:21] --> LKrerdASer2 appeared
[RESaliAresdA: 24.12.2021, 12:26:37] --> LKrerdASer2 appeared
[RESaliAresdA: 24.12.2021, 12:26:53] --> LKrerdASer2 appeared
[RESaliAresdA: 24.12.2021, 12:27:10] --> LKrerdASer2 appeared
[RESaliAresdA: 24.12.2021, 12:27:27] --> LKrerdASer2 appeared
[RESaliAresdA: 24.12.2021, 12:27:44] --> LKrerdASer2 appeared
[RESaliAresdA: 24.12.2021, 12:27:59] --> LKrerdASer2 appeared
[RESaliAresdA: 24.12.2021, 12:28:16] --> LKrerdASer2 appeared
[RESaliAresdA: 24.12.2021, 12:28:32] --> LKrerdASer2 appeared
[RESaliAresdA: 24.12.2021, 12:28:34] --> Character leveled up to level 34
[RESaliAresdA: 24.12.2021, 12:28:48] --> LKrerdASer2 appeared
[RESaliAresdA: 24.12.2021, 12:29:06] --> LKrerdASer2 appeared
[RESaliAresdA: 24.12.2021, 12:29:23] --> LKrerdASer2 appeared
[RESaliAresdA: 24.12.2021, 12:29:38] --> LKrerdASer2 appeared
[RESaliAresdA: 24.12.2021, 12:29:55] --> LKrerdASer2 appeared
[RESaliAresdA: 24.12.2021, 12:30:13] --> LKrerdASer2 appeared
[RESaliAresdA: 24.12.2021, 12:30:27] --> LKrerdASer2 appeared
[RESaliAresdA: 24.12.2021, 12:30:30] --> LKrerdASer2 appeared
[RESaliAresdA: 24.12.2021, 12:30:39] --> LKrerdASer2 appeared
[RESaliAresdA: 24.12.2021, 12:30:44] --> LKrerdASer2 appeared
[RESaliAresdA: 24.12.2021, 12:31:00] --> LKrerdASer2 appeared
[RESaliAresdA: 24.12.2021, 12:31:02] --> LKrerdASer2 appeared
[RESaliAresdA: 24.12.2021, 12:31:18] --> LKrerdASer2 appeared
[RESaliAresdA: 24.12.2021, 12:31:32] --> LKrerdASer2 appeared
[RESaliAresdA: 24.12.2021, 12:31:36] --> LKrerdASer2 appeared
[RESaliAresdA: 24.12.2021, 12:31:52] --> LKrerdASer2 appeared
[RESaliAresdA: 24.12.2021, 12:32:05] --> LKrerdASer2 appeared
[RESaliAresdA: 24.12.2021, 12:32:19] --> LKrerdASer2 appeared
[RESaliAresdA: 24.12.2021, 12:32:23] --> Character leveled up to level 35
[RESaliAresdA: 24.12.2021, 12:32:24] --> LKrerdASer2 appeared
[RESaliAresdA: 24.12.2021, 12:32:38] --> LKrerdASer2 appeared
[RESaliAresdA: 24.12.2021, 12:32:42] --> LKrerdASer2 appeared
[RESaliAresdA: 24.12.2021, 12:32:51] --> LKrerdASer2 appeared
[RESaliAresdA: 24.12.2021, 12:32:56] --> LKrerdASer2 appeared
[RESaliAresdA: 24.12.2021, 12:33:14] --> LKrerdASer2 appeared
[RESaliAresdA: 24.12.2021, 12:33:30] --> LKrerdASer2 appeared
[RESaliAresdA: 24.12.2021, 12:33:46] --> LKrerdASer2 appeared
[RESaliAresdA: 24.12.2021, 12:34:03] --> LKrerdASer2 appeared
[RESaliAresdA: 24.12.2021, 12:34:20] --> LKrerdASer2 appeared
[RESaliAresdA: 24.12.2021, 12:34:36] --> LKrerdASer2 appeared
[RESaliAresdA: 24.12.2021, 12:34:53] --> LKrerdASer2 appeared
[RESaliAresdA: 24.12.2021, 12:35:09] --> LKrerdASer2 appeared
[RESaliAresdA: 24.12.2021, 12:35:25] --> LKrerdASer2 appeared
[RESaliAresdA: 24.12.2021, 12:35:42] --> LKrerdASer2 appeared
[RESaliAresdA: 24.12.2021, 12:36:00] --> LKrerdASer2 appeared
[RESaliAresdA: 24.12.2021, 12:36:15] --> LKrerdASer2 appeared
[RESaliAresdA: 24.12.2021, 12:36:21] --> Character leveled up to level 36
[RESaliAresdA: 24.12.2021, 12:36:31] --> LKrerdASer2 appeared
[RESaliAresdA: 24.12.2021, 12:36:48] --> LKrerdASer2 appeared
[RESaliAresdA: 24.12.2021, 12:37:03] --> LKrerdASer2 appeared
[RESaliAresdA: 24.12.2021, 12:37:20] --> LKrerdASer2 appeared
[RESaliAresdA: 24.12.2021, 12:37:37] --> LKrerdASer2 appeared
[RESaliAresdA: 24.12.2021, 12:37:53] --> LKrerdASer2 appeared
[RESaliAresdA: 24.12.2021, 12:38:10] --> LKrerdASer2 appeared
[RESaliAresdA: 24.12.2021, 12:38:26] --> LKrerdASer2 appeared
[RESaliAresdA: 24.12.2021, 12:38:44] --> LKrerdASer2 appeared
[RESaliAresdA: 24.12.2021, 12:38:59] --> LKrerdASer2 appeared
[RESaliAresdA: 24.12.2021, 12:39:16] --> LKrerdASer2 appeared
[RESaliAresdA: 24.12.2021, 12:39:33] --> LKrerdASer2 appeared
[RESaliAresdA: 24.12.2021, 12:39:49] --> LKrerdASer2 appeared
[RESaliAresdA: 24.12.2021, 12:40:05] --> LKrerdASer2 appeared
[RESaliAresdA: 24.12.2021, 12:40:22] --> LKrerdASer2 appeared
[RESaliAresdA: 24.12.2021, 12:40:38] --> LKrerdASer2 appeared
[RESaliAresdA: 24.12.2021, 12:40:53] --> Character leveled up to level 37
[RESaliAresdA: 24.12.2021, 12:40:54] --> LKrerdASer2 appeared
[RESaliAresdA: 24.12.2021, 12:41:11] --> LKrerdASer2 appeared
[RESaliAresdA: 24.12.2021, 12:41:29] --> LKrerdASer2 appeared
[RESaliAresdA: 24.12.2021, 12:41:44] --> LKrerdASer2 appeared
[RESaliAresdA: 24.12.2021, 12:42:01] --> LKrerdASer2 appeared
[RESaliAresdA: 24.12.2021, 12:42:17] --> LKrerdASer2 appeared
[RESaliAresdA: 24.12.2021, 12:42:35] --> LKrerdASer2 appeared
[RESaliAresdA: 24.12.2021, 12:42:50] --> LKrerdASer2 appeared
[RESaliAresdA: 24.12.2021, 12:43:08] --> LKrerdASer2 appeared
[RESaliAresdA: 24.12.2021, 12:43:24] --> LKrerdASer2 appeared
[RESaliAresdA: 24.12.2021, 12:43:42] --> LKrerdASer2 appeared
[RESaliAresdA: 24.12.2021, 12:43:57] --> LKrerdASer2 appeared
[RESaliAresdA: 24.12.2021, 12:44:14] --> LKrerdASer2 appeared
[RESaliAresdA: 24.12.2021, 12:44:31] --> LKrerdASer2 appeared
[RESaliAresdA: 24.12.2021, 12:44:47] --> LKrerdASer2 appeared
[RESaliAresdA: 24.12.2021, 12:45:03] --> LKrerdASer2 appeared
[RESaliAresdA: 24.12.2021, 12:45:19] --> LKrerdASer2 appeared
[RESaliAresdA: 24.12.2021, 12:45:35] --> LKrerdASer2 appeared
[RESaliAresdA: 24.12.2021, 12:45:53] --> LKrerdASer2 appeared
[RESaliAresdA: 24.12.2021, 12:46:09] --> LKrerdASer2 appeared
[RESaliAresdA: 24.12.2021, 12:46:13] --> Character leveled up to level 38
[RESaliAresdA: 24.12.2021, 12:46:25] --> LKrerdASer2 appeared
[RESaliAresdA: 24.12.2021, 12:46:42] --> LKrerdASer2 appeared
[RESaliAresdA: 24.12.2021, 12:46:58] --> LKrerdASer2 appeared
[RESaliAresdA: 24.12.2021, 12:47:16] --> LKrerdASer2 appeared
[RESaliAresdA: 24.12.2021, 12:47:32] --> LKrerdASer2 appeared
[RESaliAresdA: 24.12.2021, 12:47:49] --> LKrerdASer2 appeared
[RESaliAresdA: 24.12.2021, 12:48:04] --> LKrerdASer2 appeared
[RESaliAresdA: 24.12.2021, 12:48:21] --> LKrerdASer2 appeared
[RESaliAresdA: 24.12.2021, 12:48:37] --> LKrerdASer2 appeared
[RESaliAresdA: 24.12.2021, 12:48:55] --> LKrerdASer2 appeared
[RESaliAresdA: 24.12.2021, 12:49:12] --> LKrerdASer2 appeared
[RESaliAresdA: 24.12.2021, 12:49:28] --> LKrerdASer2 appeared
[RESaliAresdA: 24.12.2021, 12:49:44] --> LKrerdASer2 appeared
[RESaliAresdA: 24.12.2021, 12:50:01] --> LKrerdASer2 appeared
[RESaliAresdA: 24.12.2021, 12:50:18] --> LKrerdASer2 appeared
[RESaliAresdA: 24.12.2021, 12:50:35] --> LKrerdASer2 appeared
[RESaliAresdA: 24.12.2021, 12:50:50] --> LKrerdASer2 appeared
[RESaliAresdA: 24.12.2021, 12:51:07] --> LKrerdASer2 appeared
[RESaliAresdA: 24.12.2021, 12:51:24] --> LKrerdASer2 appeared
[RESaliAresdA: 24.12.2021, 12:51:25] --> Character leveled up to level 39
[RESaliAresdA: 24.12.2021, 12:51:40] --> LKrerdASer2 appeared
[RESaliAresdA: 24.12.2021, 12:51:56] --> LKrerdASer2 appeared
[RESaliAresdA: 24.12.2021, 12:52:13] --> LKrerdASer2 appeared
[RESaliAresdA: 24.12.2021, 12:52:30] --> LKrerdASer2 appeared
[RESaliAresdA: 24.12.2021, 12:52:48] --> LKrerdASer2 appeared
[RESaliAresdA: 24.12.2021, 12:53:03] --> LKrerdASer2 appeared
[RESaliAresdA: 24.12.2021, 12:53:21] --> LKrerdASer2 appeared
[RESaliAresdA: 24.12.2021, 12:53:36] --> LKrerdASer2 appeared
[RESaliAresdA: 24.12.2021, 12:53:53] --> LKrerdASer2 appeared
[RESaliAresdA: 24.12.2021, 12:54:10] --> LKrerdASer2 appeared
[RESaliAresdA: 24.12.2021, 12:54:27] --> LKrerdASer2 appeared
[RESaliAresdA: 24.12.2021, 12:54:43] --> LKrerdASer2 appeared
[RESaliAresdA: 24.12.2021, 12:55:00] --> LKrerdASer2 appeared
[RESaliAresdA: 24.12.2021, 12:55:15] --> LKrerdASer2 appeared
[RESaliAresdA: 24.12.2021, 12:55:34] --> LKrerdASer2 appeared
[RESaliAresdA: 24.12.2021, 12:55:50] --> LKrerdASer2 appeared
[RESaliAresdA: 24.12.2021, 12:56:09] --> LKrerdASer2 appeared
[RESaliAresdA: 24.12.2021, 12:56:25] --> LKrerdASer2 appeared
[RESaliAresdA: 24.12.2021, 12:56:42] --> LKrerdASer2 appeared
[RESaliAresdA: 24.12.2021, 12:56:59] --> LKrerdASer2 appeared
[RESaliAresdA: 24.12.2021, 12:57:00] --> Character leveled up to level 40
[RESaliAresdA: 24.12.2021, 12:57:16] --> LKrerdASer2 appeared
[RESaliAresdA: 24.12.2021, 12:57:32] --> LKrerdASer2 appeared
[RESaliAresdA: 24.12.2021, 12:57:49] --> LKrerdASer2 appeared
[RESaliAresdA: 24.12.2021, 12:58:05] --> LKrerdASer2 appeared
[RESaliAresdA: 24.12.2021, 12:58:24] --> LKrerdASer2 appeared
[RESaliAresdA: 24.12.2021, 12:58:40] --> LKrerdASer2 appeared
[RESaliAresdA: 24.12.2021, 12:58:58] --> LKrerdASer2 appeared
[RESaliAresdA: 24.12.2021, 12:59:14] --> LKrerdASer2 appeared
[RESaliAresdA: 24.12.2021, 12:59:32] --> LKrerdASer2 appeared
[RESaliAresdA: 24.12.2021, 12:59:48] --> LKrerdASer2 appeared
[RESaliAresdA: 24.12.2021, 13:00:07] --> LKrerdASer2 appeared
[RESaliAresdA: 24.12.2021, 13:00:24] --> LKrerdASer2 appeared
[RESaliAresdA: 24.12.2021, 13:00:43] --> LKrerdASer2 appeared
[RESaliAresdA: 24.12.2021, 13:00:58] --> LKrerdASer2 appeared
[RESaliAresdA: 24.12.2021, 13:01:16] --> LKrerdASer2 appeared
[RESaliAresdA: 24.12.2021, 13:01:34] --> LKrerdASer2 appeared
[RESaliAresdA: 24.12.2021, 13:01:54] --> LKrerdASer2 appeared
[RESaliAresdA: 24.12.2021, 13:02:08] --> LKrerdASer2 appeared
[RESaliAresdA: 24.12.2021, 13:02:27] --> LKrerdASer2 appeared
[RESaliAresdA: 24.12.2021, 13:02:45] --> LKrerdASer2 appeared
[RESaliAresdA: 24.12.2021, 13:03:04] --> LKrerdASer2 appeared
[RESaliAresdA: 24.12.2021, 13:03:21] --> LKrerdASer2 appeared
[RESaliAresdA: 24.12.2021, 13:03:40] --> LKrerdASer2 appeared
[RESaliAresdA: 24.12.2021, 13:03:44] --> Character leveled up to level 41
[RESaliAresdA: 24.12.2021, 13:03:58] --> LKrerdASer2 appeared
[RESaliAresdA: 24.12.2021, 13:04:19] --> LKrerdASer2 appeared
[RESaliAresdA: 24.12.2021, 13:04:36] --> LKrerdASer2 appeared
[RESaliAresdA: 24.12.2021, 13:04:56] --> LKrerdASer2 appeared
[RESaliAresdA: 24.12.2021, 13:05:13] --> LKrerdASer2 appeared
[RESaliAresdA: 24.12.2021, 13:05:30] --> LKrerdASer2 appeared
[RESaliAresdA: 24.12.2021, 13:05:46] --> LKrerdASer2 appeared
[RESaliAresdA: 24.12.2021, 13:06:05] --> LKrerdASer2 appeared
[RESaliAresdA: 24.12.2021, 13:06:21] --> LKrerdASer2 appeared
[RESaliAresdA: 24.12.2021, 13:06:38] --> LKrerdASer2 appeared
[RESaliAresdA: 24.12.2021, 13:06:56] --> LKrerdASer2 appeared
[RESaliAresdA: 24.12.2021, 13:07:15] --> LKrerdASer2 appeared
[RESaliAresdA: 24.12.2021, 13:07:31] --> LKrerdASer2 appeared
[RESaliAresdA: 24.12.2021, 13:07:49] --> LKrerdASer2 appeared
[RESaliAresdA: 24.12.2021, 13:08:05] --> LKrerdASer2 appeared
[RESaliAresdA: 24.12.2021, 13:08:26] --> LKrerdASer2 appeared
[RESaliAresdA: 24.12.2021, 13:08:42] --> LKrerdASer2 appeared
[RESaliAresdA: 24.12.2021, 13:09:00] --> LKrerdASer2 appeared
[RESaliAresdA: 24.12.2021, 13:09:18] --> LKrerdASer2 appeared
[RESaliAresdA: 24.12.2021, 13:09:36] --> LKrerdASer2 appeared
[RESaliAresdA: 24.12.2021, 13:09:54] --> LKrerdASer2 appeared
[RESaliAresdA: 24.12.2021, 13:10:13] --> LKrerdASer2 appeared
[RESaliAresdA: 24.12.2021, 13:10:33] --> LKrerdASer2 appeared
[RESaliAresdA: 24.12.2021, 13:10:52] --> Character leveled up to level 42
[RESaliAresdA: 24.12.2021, 13:10:52] --> LKrerdASer2 appeared
[RESaliAresdA: 24.12.2021, 13:11:11] --> LKrerdASer2 appeared
[RESaliAresdA: 24.12.2021, 13:11:31] --> LKrerdASer2 appeared
[RESaliAresdA: 24.12.2021, 13:12:04] --> Character got kick
[RESaliAresdA: 24.12.2021, 13:12:13] --> LKrerdASer2 appeared
[RESaliAresdA: 24.12.2021, 13:12:26] --> LKrerdASer2 appeared
[RESaliAresdA: 24.12.2021, 13:12:43] --> LKrerdASer2 appeared
[RESaliAresdA: 24.12.2021, 13:13:00] --> LKrerdASer2 appeared
[RESaliAresdA: 24.12.2021, 13:13:17] --> LKrerdASer2 appeared
[RESaliAresdA: 24.12.2021, 13:13:35] --> LKrerdASer2 appeared
[RESaliAresdA: 24.12.2021, 13:13:52] --> LKrerdASer2 appeared
[RESaliAresdA: 24.12.2021, 13:14:10] --> LKrerdASer2 appeared
[RESaliAresdA: 24.12.2021, 13:14:27] --> LKrerdASer2 appeared
[RESaliAresdA: 24.12.2021, 13:14:46] --> LKrerdASer2 appeared
[RESaliAresdA: 24.12.2021, 13:15:04] --> LKrerdASer2 appeared
[RESaliAresdA: 24.12.2021, 13:15:22] --> LKrerdASer2 appeared
[RESaliAresdA: 24.12.2021, 13:15:39] --> LKrerdASer2 appeared
[RESaliAresdA: 24.12.2021, 13:15:58] --> LKrerdASer2 appeared
[RESaliAresdA: 24.12.2021, 13:16:13] --> LKrerdASer2 appeared
[RESaliAresdA: 24.12.2021, 13:16:32] --> LKrerdASer2 appeared
[RESaliAresdA: 24.12.2021, 13:16:47] --> LKrerdASer2 appeared
[RESaliAresdA: 24.12.2021, 13:17:06] --> LKrerdASer2 appeared
[RESaliAresdA: 24.12.2021, 13:17:21] --> LKrerdASer2 appeared
[RESaliAresdA: 24.12.2021, 13:17:37] --> LKrerdASer2 appeared
[RESaliAresdA: 24.12.2021, 13:17:56] --> LKrerdASer2 appeared
[RESaliAresdA: 24.12.2021, 13:18:11] --> LKrerdASer2 appeared
[RESaliAresdA: 24.12.2021, 13:18:29] --> LKrerdASer2 appeared
[RESaliAresdA: 24.12.2021, 13:18:44] --> LKrerdASer2 appeared
[RESaliAresdA: 24.12.2021, 13:18:51] --> Character leveled up to level 43
[RESaliAresdA: 24.12.2021, 13:19:01] --> LKrerdASer2 appeared
[RESaliAresdA: 24.12.2021, 13:19:17] --> LKrerdASer2 appeared
[RESaliAresdA: 24.12.2021, 13:19:34] --> LKrerdASer2 appeared
[RESaliAresdA: 24.12.2021, 13:19:50] --> LKrerdASer2 appeared
[RESaliAresdA: 24.12.2021, 13:20:08] --> LKrerdASer2 appeared
[RESaliAresdA: 24.12.2021, 13:20:24] --> LKrerdASer2 appeared
[RESaliAresdA: 24.12.2021, 13:20:41] --> LKrerdASer2 appeared
[RESaliAresdA: 24.12.2021, 13:20:58] --> LKrerdASer2 appeared
[RESaliAresdA: 24.12.2021, 13:21:16] --> LKrerdASer2 appeared
[RESaliAresdA: 24.12.2021, 13:21:25] --> LKrerdASer2 appeared
[RESaliAresdA: 24.12.2021, 13:21:31] --> LKrerdASer2 appeared
[RESaliAresdA: 24.12.2021, 13:21:46] --> LKrerdASer2 appeared
[RESaliAresdA: 24.12.2021, 13:21:50] --> LKrerdASer2 appeared
[RESaliAresdA: 24.12.2021, 13:21:58] --> LKrerdASer2 appeared
[RESaliAresdA: 24.12.2021, 13:22:03] --> LKrerdASer2 appeared
[RESaliAresdA: 24.12.2021, 13:22:20] --> LKrerdASer2 appeared
[RESaliAresdA: 24.12.2021, 13:22:32] --> LKrerdASer2 appeared
[RESaliAresdA: 24.12.2021, 13:22:38] --> LKrerdASer2 appeared
[RESaliAresdA: 24.12.2021, 13:22:53] --> LKrerdASer2 appeared
[RESaliAresdA: 24.12.2021, 13:22:59] --> LKrerdASer2 appeared
[RESaliAresdA: 24.12.2021, 13:23:05] --> LKrerdASer2 appeared
[RESaliAresdA: 24.12.2021, 13:23:12] --> LKrerdASer2 appeared
[RESaliAresdA: 24.12.2021, 13:23:33] --> LKrerdASer2 appeared
[RESaliAresdA: 24.12.2021, 13:23:44] --> Character got kick
[RESaliAresdA: 24.12.2021, 13:24:09] --> LKrerdASer2 appeared
[RESaliAresdA: 24.12.2021, 13:24:13] --> LKrerdASer2 appeared
[RESaliAresdA: 24.12.2021, 13:24:22] --> LKrerdASer2 appeared
[RESaliAresdA: 24.12.2021, 13:24:27] --> LKrerdASer2 appeared
[RESaliAresdA: 24.12.2021, 13:24:41] --> LKrerdASer2 appeared
[RESaliAresdA: 24.12.2021, 13:24:45] --> LKrerdASer2 appeared
[RESaliAresdA: 24.12.2021, 13:25:01] --> LKrerdASer2 appeared
[RESaliAresdA: 24.12.2021, 13:25:16] --> LKrerdASer2 appeared
[RESaliAresdA: 24.12.2021, 13:25:36] --> LKrerdASer2 appeared
[RESaliAresdA: 24.12.2021, 13:25:52] --> LKrerdASer2 appeared
[RESaliAresdA: 24.12.2021, 13:26:07] --> LKrerdASer2 appeared
[RESaliAresdA: 24.12.2021, 13:26:20] --> LKrerdASer2 appeared
[RESaliAresdA: 24.12.2021, 13:26:24] --> LKrerdASer2 appeared
[RESaliAresdA: 24.12.2021, 13:26:34] --> LKrerdASer2 appeared
[RESaliAresdA: 24.12.2021, 13:26:40] --> LKrerdASer2 appeared
[RESaliAresdA: 24.12.2021, 13:26:56] --> LKrerdASer2 appeared
[RESaliAresdA: 24.12.2021, 13:27:13] --> LKrerdASer2 appeared
[RESaliAresdA: 24.12.2021, 13:27:28] --> LKrerdASer2 appeared
[RESaliAresdA: 24.12.2021, 13:27:46] --> LKrerdASer2 appeared
[RESaliAresdA: 24.12.2021, 13:27:49] --> Character leveled up to level 44
[RESaliAresdA: 24.12.2021, 13:28:00] --> LKrerdASer2 appeared
[RESaliAresdA: 24.12.2021, 13:28:03] --> LKrerdASer2 appeared
[RESaliAresdA: 24.12.2021, 13:28:14] --> LKrerdASer2 appeared
[RESaliAresdA: 24.12.2021, 13:28:19] --> LKrerdASer2 appeared
[RESaliAresdA: 24.12.2021, 13:28:33] --> LKrerdASer2 appeared
[RESaliAresdA: 24.12.2021, 13:28:36] --> LKrerdASer2 appeared
[RESaliAresdA: 24.12.2021, 13:28:46] --> LKrerdASer2 appeared
[RESaliAresdA: 24.12.2021, 13:28:50] --> LKrerdASer2 appeared
[RESaliAresdA: 24.12.2021, 13:29:07] --> LKrerdASer2 appeared
[RESaliAresdA: 24.12.2021, 13:29:10] --> LKrerdASer2 appeared
[RESaliAresdA: 24.12.2021, 13:29:19] --> LKrerdASer2 appeared
[RESaliAresdA: 24.12.2021, 13:29:25] --> LKrerdASer2 appeared
[RESaliAresdA: 24.12.2021, 13:29:39] --> LKrerdASer2 appeared
[RESaliAresdA: 24.12.2021, 13:29:53] --> LKrerdASer2 appeared
[RESaliAresdA: 24.12.2021, 13:30:01] --> Character got kick
[RESaliAresdA: 24.12.2021, 13:30:10] --> LKrerdASer2 appeared
[RESaliAresdA: 24.12.2021, 13:30:21] --> LKrerdASer2 appeared
[RESaliAresdA: 24.12.2021, 13:36:32] --> Character leveled up to level 45
[RESaliAresdA: 24.12.2021, 13:44:46] --> Character leveled up to level 46
[RESaliAresdA: 24.12.2021, 13:49:21] --> LKrerdASer2 appeared
[RESaliAresdA: 24.12.2021, 13:49:27] --> LKrerdASer2 appeared
[RESaliAresdA: 24.12.2021, 13:49:34] --> LKrerdASer2 appeared
[RESaliAresdA: 24.12.2021, 13:49:40] --> LKrerdASer2 appeared
[RESaliAresdA: 24.12.2021, 13:49:55] --> LKrerdASer2 appeared
[RESaliAresdA: 24.12.2021, 13:50:00] --> LKrerdASer2 appeared
[RESaliAresdA: 24.12.2021, 13:50:18] --> LKrerdASer2 appeared
[RESaliAresdA: 24.12.2021, 13:50:36] --> LKrerdASer2 appeared
[RESaliAresdA: 24.12.2021, 13:50:54] --> LKrerdASer2 appeared
[RESaliAresdA: 24.12.2021, 13:51:13] --> LKrerdASer2 appeared
[RESaliAresdA: 24.12.2021, 13:51:31] --> LKrerdASer2 appeared
[RESaliAresdA: 24.12.2021, 13:51:50] --> LKrerdASer2 appeared
[RESaliAresdA: 24.12.2021, 13:52:09] --> LKrerdASer2 appeared
[RESaliAresdA: 24.12.2021, 13:52:27] --> LKrerdASer2 appeared
[RESaliAresdA: 24.12.2021, 13:52:46] --> LKrerdASer2 appeared
[RESaliAresdA: 24.12.2021, 13:53:03] --> LKrerdASer2 appeared
[RESaliAresdA: 24.12.2021, 13:53:20] --> LKrerdASer2 appeared
[RESaliAresdA: 24.12.2021, 13:53:37] --> LKrerdASer2 appeared
[RESaliAresdA: 24.12.2021, 13:53:53] --> LKrerdASer2 appeared
[RESaliAresdA: 24.12.2021, 13:54:10] --> LKrerdASer2 appeared
[RESaliAresdA: 24.12.2021, 13:54:27] --> LKrerdASer2 appeared
[RESaliAresdA: 24.12.2021, 13:54:33] --> Character leveled up to level 47
[RESaliAresdA: 24.12.2021, 13:54:42] --> LKrerdASer2 appeared
[RESaliAresdA: 24.12.2021, 13:54:59] --> LKrerdASer2 appeared
[RESaliAresdA: 24.12.2021, 13:55:16] --> LKrerdASer2 appeared
[RESaliAresdA: 24.12.2021, 13:55:33] --> LKrerdASer2 appeared
[RESaliAresdA: 24.12.2021, 13:55:48] --> LKrerdASer2 appeared
[RESaliAresdA: 24.12.2021, 13:56:07] --> LKrerdASer2 appeared
[RESaliAresdA: 24.12.2021, 13:56:23] --> LKrerdASer2 appeared
[RESaliAresdA: 24.12.2021, 13:56:40] --> LKrerdASer2 appeared
[RESaliAresdA: 24.12.2021, 13:56:57] --> LKrerdASer2 appeared
[RESaliAresdA: 24.12.2021, 13:57:13] --> LKrerdASer2 appeared
[RESaliAresdA: 24.12.2021, 13:57:29] --> LKrerdASer2 appeared
[RESaliAresdA: 24.12.2021, 13:57:45] --> LKrerdASer2 appeared
[RESaliAresdA: 24.12.2021, 13:58:02] --> LKrerdASer2 appeared
[RESaliAresdA: 24.12.2021, 13:58:18] --> LKrerdASer2 appeared
[RESaliAresdA: 24.12.2021, 13:58:35] --> LKrerdASer2 appeared
[RESaliAresdA: 24.12.2021, 13:58:51] --> LKrerdASer2 appeared
[RESaliAresdA: 24.12.2021, 13:59:06] --> LKrerdASer2 appeared
[RESaliAresdA: 24.12.2021, 13:59:24] --> LKrerdASer2 appeared
[RESaliAresdA: 24.12.2021, 13:59:40] --> LKrerdASer2 appeared
[RESaliAresdA: 24.12.2021, 13:59:57] --> LKrerdASer2 appeared
[RESaliAresdA: 24.12.2021, 14:00:14] --> LKrerdASer2 appeared
[RESaliAresdA: 24.12.2021, 14:00:30] --> LKrerdASer2 appeared
[RESaliAresdA: 24.12.2021, 14:00:47] --> LKrerdASer2 appeared
[RESaliAresdA: 24.12.2021, 14:01:02] --> LKrerdASer2 appeared
[RESaliAresdA: 24.12.2021, 14:01:20] --> LKrerdASer2 appeared
[RESaliAresdA: 24.12.2021, 14:01:37] --> LKrerdASer2 appeared
[RESaliAresdA: 24.12.2021, 14:01:53] --> LKrerdASer2 appeared
[RESaliAresdA: 24.12.2021, 14:02:09] --> LKrerdASer2 appeared
[RESaliAresdA: 24.12.2021, 14:02:26] --> LKrerdASer2 appeared
[RESaliAresdA: 24.12.2021, 14:02:42] --> LKrerdASer2 appeared
[RESaliAresdA: 24.12.2021, 14:03:00] --> LKrerdASer2 appeared
[RESaliAresdA: 24.12.2021, 14:03:14] --> LKrerdASer2 appeared
[RESaliAresdA: 24.12.2021, 14:03:33] --> LKrerdASer2 appeared
[RESaliAresdA: 24.12.2021, 14:03:48] --> LKrerdASer2 appeared
[RESaliAresdA: 24.12.2021, 14:04:06] --> LKrerdASer2 appeared
[RESaliAresdA: 24.12.2021, 14:04:20] --> LKrerdASer2 appeared
[RESaliAresdA: 24.12.2021, 14:04:37] --> LKrerdASer2 appeared
[RESaliAresdA: 24.12.2021, 14:04:55] --> LKrerdASer2 appeared
[RESaliAresdA: 24.12.2021, 14:05:11] --> LKrerdASer2 appeared
[RESaliAresdA: 24.12.2021, 14:05:28] --> LKrerdASer2 appeared
[RESaliAresdA: 24.12.2021, 14:05:43] --> Changing into CH2
[RESaliAresdA: 24.12.2021, 14:05:45] --> Character got kick
[RESaliAresdA: 24.12.2021, 14:06:02] --> Character got kick
[RESaliAresdA: 24.12.2021, 14:06:39] --> Character leveled up to level 48
[RESaliAresdA: 24.12.2021, 14:16:19] --> Character leveled up to level 49
[RESaliAresdA: 24.12.2021, 14:26:38] --> Character leveled up to level 50
[RESaliAresdA: 24.12.2021, 14:27:03] --> Character got kick
[RESaliAresdA: 24.12.2021, 14:27:40] --> Character was kicked from the bot, reason: Character was walking
[RESaliAresdA: 24.12.2021, 14:29:54] --> Character was kicked from the bot, reason: Character was walking
[RESaliAresdA: 24.12.2021, 14:30:23] --> Character was kicked from the bot, reason: Character was walking
[RESaliAresdA: 24.12.2021, 15:54:10] --> Bot successfully started
[RESaliAresdA: 24.12.2021, 15:54:10] --> vPathMayer52 appeared
[RESaliAresdA: 24.12.2021, 16:06:54] --> Character leveled up to level 51
[RESaliAresdA: 24.12.2021, 16:09:01] --> Character got kick
[RESaliAresdA: 24.12.2021, 16:17:43] --> Character got kick
[RESaliAresdA: 24.12.2021, 16:18:24] --> XXCAS appeared
[RESaliAresdA: 24.12.2021, 16:18:31] --> Character got kick
[RESaliAresdA: 24.12.2021, 16:19:11] --> Character got kick
[RESaliAresdA: 24.12.2021, 16:19:53] --> XXCAS appeared
[RESaliAresdA: 24.12.2021, 16:20:04] --> Character got kick
[RESaliAresdA: 24.12.2021, 16:34:32] --> Bot successfully started
[RESaliAresdA: 24.12.2021, 16:34:32] --> vPathMayer52 appeared
[RESaliAresdA: 24.12.2021, 16:39:26] --> Character leveled up to level 52
[RESaliAresdA: 24.12.2021, 16:57:28] --> Character leveled up to level 53
[RESaliAresdA: 24.12.2021, 18:05:05] --> Bot successfully started
[RESaliAresdA: 24.12.2021, 18:06:42] --> Sandy1994 appeared
[RESaliAresdA: 24.12.2021, 18:07:27] --> xHyDrOvItAlx appeared
[RESaliAresdA: 24.12.2021, 18:08:22] --> Character leveled up to level 54
[RESaliAresdA: 24.12.2021, 18:11:25] --> McPower9999 appeared
[RESaliAresdA: 24.12.2021, 18:13:11] --> MeowMeowCOW appeared
[RESaliAresdA: 24.12.2021, 18:18:53] --> Character leveled up to level 55
[RESaliAresdA: 24.12.2021, 18:19:03] --> McPower9999 appeared
[RESaliAresdA: 24.12.2021, 18:20:36] --> vPathMayer52 appeared
[RESaliAresdA: 24.12.2021, 18:30:31] --> Character leveled up to level 56
[RESaliAresdA: 24.12.2021, 18:31:20] --> RaymondeRoch appeared
[RESaliAresdA: 24.12.2021, 18:31:23] --> RaymondeRoch appeared
[RESaliAresdA: 24.12.2021, 18:41:03] --> McPower9999 appeared
[RESaliAresdA: 24.12.2021, 18:43:22] --> Character leveled up to level 57
[RESaliAresdA: 24.12.2021, 18:48:00] --> Eninhoo appeared
[RESaliAresdA: 24.12.2021, 18:51:06] --> PxssyHunter appeared
[RESaliAresdA: 24.12.2021, 18:52:32] --> Character was kicked from the bot, reason: Character was walking
[RESaliAresdA: 24.12.2021, 18:53:29] --> LKrerdASer2 appeared
