[DERSAl23weA:  24.12.2021, 11:38:11] --> Bot successfully started
[DERSAl23weA:  24.12.2021, 11:50:17] --> Guidoline appeared
[DERSAl23weA:  24.12.2021, 11:51:16] --> xXElviXx appeared
[DERSAl23weA:  24.12.2021, 11:58:22] --> ZaaAWEdfEra appeared
[DERSAl23weA:  24.12.2021, 12:08:05] --> Bot successfully started
[DERSAl23weA:  24.12.2021, 12:08:07] --> Setting '1.1' loaded because of active level settings
[DERSAl23weA:  24.12.2021, 12:08:11] --> Character went to saleswoman
[DERSAl23weA:  24.12.2021, 12:08:15] --> Character was kicked from the bot, reason: Character was walking
[DERSAl23weA:  24.12.2021, 12:08:45] --> Character was kicked from the bot, reason: Character was walking
[DERSAl23weA:  24.12.2021, 12:08:58] --> Character leveled up to level 2
[DERSAl23weA:  24.12.2021, 12:08:59] --> Character leveled up to level 7
[DERSAl23weA:  24.12.2021, 12:09:00] --> Character leveled up to level 8
[DERSAl23weA:  24.12.2021, 12:09:01] --> Character leveled up to level 9
[DERSAl23weA:  24.12.2021, 12:09:03] --> Character leveled up to level 10
[DERSAl23weA:  24.12.2021, 12:09:06] --> Character leveled up to level 11
[DERSAl23weA:  24.12.2021, 12:09:08] --> Character leveled up to level 12
[DERSAl23weA:  24.12.2021, 12:09:11] --> Character leveled up to level 13
[DERSAl23weA:  24.12.2021, 12:09:23] --> Character leveled up to level 14
[DERSAl23weA:  24.12.2021, 12:09:40] --> Character leveled up to level 15
[DERSAl23weA:  24.12.2021, 12:09:40] --> Setting '2.2' loaded because of active level settings
[DERSAl23weA:  24.12.2021, 12:09:53] --> Character was kicked from the bot, reason: Character was walking
[DERSAl23weA:  24.12.2021, 12:10:17] --> Character was kicked from the bot, reason: Character was walking
[DERSAl23weA:  24.12.2021, 12:10:29] --> ASderweqDE appeared
[DERSAl23weA:  24.12.2021, 12:10:40] --> Character died
[DERSAl23weA:  24.12.2021, 12:10:45] --> ASderweqDE appeared
[DERSAl23weA:  24.12.2021, 12:11:14] --> ASderweqDE appeared
[DERSAl23weA:  24.12.2021, 12:11:29] --> ASderweqDE appeared
[DERSAl23weA:  24.12.2021, 12:11:30] --> Character leveled up to level 16
[DERSAl23weA:  24.12.2021, 12:11:46] --> ASderweqDE appeared
[DERSAl23weA:  24.12.2021, 12:12:03] --> ASderweqDE appeared
[DERSAl23weA:  24.12.2021, 12:12:19] --> ASderweqDE appeared
[DERSAl23weA:  24.12.2021, 12:12:23] --> Character leveled up to level 17
[DERSAl23weA:  24.12.2021, 12:12:36] --> ASderweqDE appeared
[DERSAl23weA:  24.12.2021, 12:12:52] --> ASderweqDE appeared
[DERSAl23weA:  24.12.2021, 12:12:57] --> Character leveled up to level 18
[DERSAl23weA:  24.12.2021, 12:13:08] --> ASderweqDE appeared
[DERSAl23weA:  24.12.2021, 12:13:33] --> Character leveled up to level 19
[DERSAl23weA:  24.12.2021, 12:13:40] --> ASderweqDE appeared
[DERSAl23weA:  24.12.2021, 12:13:56] --> ASderweqDE appeared
[DERSAl23weA:  24.12.2021, 12:14:08] --> Character leveled up to level 20
[DERSAl23weA:  24.12.2021, 12:14:12] --> ASderweqDE appeared
[DERSAl23weA:  24.12.2021, 12:14:29] --> ASderweqDE appeared
[DERSAl23weA:  24.12.2021, 12:14:45] --> ASderweqDE appeared
[DERSAl23weA:  24.12.2021, 12:14:55] --> Character leveled up to level 21
[DERSAl23weA:  24.12.2021, 12:15:01] --> ASderweqDE appeared
[DERSAl23weA:  24.12.2021, 12:15:17] --> ASderweqDE appeared
[DERSAl23weA:  24.12.2021, 12:15:34] --> ASderweqDE appeared
[DERSAl23weA:  24.12.2021, 12:15:38] --> Character leveled up to level 22
[DERSAl23weA:  24.12.2021, 12:15:50] --> ASderweqDE appeared
[DERSAl23weA:  24.12.2021, 12:16:06] --> ASderweqDE appeared
[DERSAl23weA:  24.12.2021, 12:16:23] --> ASderweqDE appeared
[DERSAl23weA:  24.12.2021, 12:16:32] --> Character leveled up to level 23
[DERSAl23weA:  24.12.2021, 12:16:40] --> ASderweqDE appeared
[DERSAl23weA:  24.12.2021, 12:16:57] --> ASderweqDE appeared
[DERSAl23weA:  24.12.2021, 12:17:13] --> ASderweqDE appeared
[DERSAl23weA:  24.12.2021, 12:17:29] --> ASderweqDE appeared
[DERSAl23weA:  24.12.2021, 12:17:40] --> Character leveled up to level 24
[DERSAl23weA:  24.12.2021, 12:17:46] --> ASderweqDE appeared
[DERSAl23weA:  24.12.2021, 12:18:03] --> ASderweqDE appeared
[DERSAl23weA:  24.12.2021, 12:18:18] --> ASderweqDE appeared
[DERSAl23weA:  24.12.2021, 12:18:35] --> ASderweqDE appeared
[DERSAl23weA:  24.12.2021, 12:18:38] --> Character leveled up to level 25
[DERSAl23weA:  24.12.2021, 12:18:51] --> ASderweqDE appeared
[DERSAl23weA:  24.12.2021, 12:19:08] --> ASderweqDE appeared
[DERSAl23weA:  24.12.2021, 12:19:24] --> ASderweqDE appeared
[DERSAl23weA:  24.12.2021, 12:19:41] --> ASderweqDE appeared
[DERSAl23weA:  24.12.2021, 12:19:45] --> Character leveled up to level 26
[DERSAl23weA:  24.12.2021, 12:19:57] --> ASderweqDE appeared
[DERSAl23weA:  24.12.2021, 12:20:14] --> ASderweqDE appeared
[DERSAl23weA:  24.12.2021, 12:20:31] --> ASderweqDE appeared
[DERSAl23weA:  24.12.2021, 12:20:47] --> ASderweqDE appeared
[DERSAl23weA:  24.12.2021, 12:21:03] --> ASderweqDE appeared
[DERSAl23weA:  24.12.2021, 12:21:08] --> Character leveled up to level 27
[DERSAl23weA:  24.12.2021, 12:21:21] --> ASderweqDE appeared
[DERSAl23weA:  24.12.2021, 12:21:36] --> ASderweqDE appeared
[DERSAl23weA:  24.12.2021, 12:21:54] --> ASderweqDE appeared
[DERSAl23weA:  24.12.2021, 12:22:10] --> ASderweqDE appeared
[DERSAl23weA:  24.12.2021, 12:22:24] --> Character leveled up to level 28
[DERSAl23weA:  24.12.2021, 12:22:27] --> ASderweqDE appeared
[DERSAl23weA:  24.12.2021, 12:22:43] --> ASderweqDE appeared
[DERSAl23weA:  24.12.2021, 12:22:59] --> ASderweqDE appeared
[DERSAl23weA:  24.12.2021, 12:23:15] --> ASderweqDE appeared
[DERSAl23weA:  24.12.2021, 12:23:31] --> ASderweqDE appeared
[DERSAl23weA:  24.12.2021, 12:23:47] --> ASderweqDE appeared
[DERSAl23weA:  24.12.2021, 12:24:04] --> ASderweqDE appeared
[DERSAl23weA:  24.12.2021, 12:24:10] --> Character leveled up to level 29
[DERSAl23weA:  24.12.2021, 12:24:19] --> ASderweqDE appeared
[DERSAl23weA:  24.12.2021, 12:24:38] --> ASderweqDE appeared
[DERSAl23weA:  24.12.2021, 12:24:52] --> ASderweqDE appeared
[DERSAl23weA:  24.12.2021, 12:25:09] --> ASderweqDE appeared
[DERSAl23weA:  24.12.2021, 12:25:26] --> ASderweqDE appeared
[DERSAl23weA:  24.12.2021, 12:25:42] --> ASderweqDE appeared
[DERSAl23weA:  24.12.2021, 12:25:58] --> ASderweqDE appeared
[DERSAl23weA:  24.12.2021, 12:26:07] --> Character leveled up to level 30
[DERSAl23weA:  24.12.2021, 12:26:15] --> ASderweqDE appeared
[DERSAl23weA:  24.12.2021, 12:26:30] --> ASderweqDE appeared
[DERSAl23weA:  24.12.2021, 12:26:47] --> ASderweqDE appeared
[DERSAl23weA:  24.12.2021, 12:27:04] --> ASderweqDE appeared
[DERSAl23weA:  24.12.2021, 12:27:20] --> ASderweqDE appeared
[DERSAl23weA:  24.12.2021, 12:27:37] --> ASderweqDE appeared
[DERSAl23weA:  24.12.2021, 12:27:52] --> ASderweqDE appeared
[DERSAl23weA:  24.12.2021, 12:28:10] --> Character leveled up to level 31
[DERSAl23weA:  24.12.2021, 12:28:10] --> ASderweqDE appeared
[DERSAl23weA:  24.12.2021, 12:28:25] --> ASderweqDE appeared
[DERSAl23weA:  24.12.2021, 12:28:43] --> ASderweqDE appeared
[DERSAl23weA:  24.12.2021, 12:28:59] --> ASderweqDE appeared
[DERSAl23weA:  24.12.2021, 12:29:14] --> ASderweqDE appeared
[DERSAl23weA:  24.12.2021, 12:29:31] --> ASderweqDE appeared
[DERSAl23weA:  24.12.2021, 12:29:48] --> ASderweqDE appeared
[DERSAl23weA:  24.12.2021, 12:30:04] --> ASderweqDE appeared
[DERSAl23weA:  24.12.2021, 12:30:08] --> Character leveled up to level 32
[DERSAl23weA:  24.12.2021, 12:30:20] --> ASderweqDE appeared
[DERSAl23weA:  24.12.2021, 12:30:36] --> ASderweqDE appeared
[DERSAl23weA:  24.12.2021, 12:30:53] --> ASderweqDE appeared
[DERSAl23weA:  24.12.2021, 12:31:09] --> ASderweqDE appeared
[DERSAl23weA:  24.12.2021, 12:31:25] --> ASderweqDE appeared
[DERSAl23weA:  24.12.2021, 12:31:41] --> ASderweqDE appeared
[DERSAl23weA:  24.12.2021, 12:31:57] --> ASderweqDE appeared
[DERSAl23weA:  24.12.2021, 12:32:15] --> ASderweqDE appeared
[DERSAl23weA:  24.12.2021, 12:32:22] --> Character leveled up to level 33
[DERSAl23weA:  24.12.2021, 12:32:31] --> ASderweqDE appeared
[DERSAl23weA:  24.12.2021, 12:32:48] --> ASderweqDE appeared
[DERSAl23weA:  24.12.2021, 12:33:04] --> ASderweqDE appeared
[DERSAl23weA:  24.12.2021, 12:33:20] --> ASderweqDE appeared
[DERSAl23weA:  24.12.2021, 12:33:36] --> ASderweqDE appeared
[DERSAl23weA:  24.12.2021, 12:33:53] --> ASderweqDE appeared
[DERSAl23weA:  24.12.2021, 12:34:10] --> ASderweqDE appeared
[DERSAl23weA:  24.12.2021, 12:34:26] --> ASderweqDE appeared
[DERSAl23weA:  24.12.2021, 12:34:42] --> ASderweqDE appeared
[DERSAl23weA:  24.12.2021, 12:34:54] --> Character leveled up to level 34
[DERSAl23weA:  24.12.2021, 12:34:59] --> ASderweqDE appeared
[DERSAl23weA:  24.12.2021, 12:35:17] --> ASderweqDE appeared
[DERSAl23weA:  24.12.2021, 12:35:32] --> ASderweqDE appeared
[DERSAl23weA:  24.12.2021, 12:35:48] --> ASderweqDE appeared
[DERSAl23weA:  24.12.2021, 12:36:04] --> ASderweqDE appeared
[DERSAl23weA:  24.12.2021, 12:36:22] --> ASderweqDE appeared
[DERSAl23weA:  24.12.2021, 12:36:38] --> ASderweqDE appeared
[DERSAl23weA:  24.12.2021, 12:36:55] --> ASderweqDE appeared
[DERSAl23weA:  24.12.2021, 12:37:11] --> ASderweqDE appeared
[DERSAl23weA:  24.12.2021, 12:37:26] --> ASderweqDE appeared
[DERSAl23weA:  24.12.2021, 12:37:38] --> Character leveled up to level 35
[DERSAl23weA:  24.12.2021, 12:37:45] --> ASderweqDE appeared
[DERSAl23weA:  24.12.2021, 12:38:00] --> ASderweqDE appeared
[DERSAl23weA:  24.12.2021, 12:38:18] --> ASderweqDE appeared
[DERSAl23weA:  24.12.2021, 12:38:33] --> ASderweqDE appeared
[DERSAl23weA:  24.12.2021, 12:38:50] --> ASderweqDE appeared
[DERSAl23weA:  24.12.2021, 12:39:05] --> ASderweqDE appeared
[DERSAl23weA:  24.12.2021, 12:39:23] --> ASderweqDE appeared
[DERSAl23weA:  24.12.2021, 12:39:39] --> ASderweqDE appeared
[DERSAl23weA:  24.12.2021, 12:39:57] --> ASderweqDE appeared
[DERSAl23weA:  24.12.2021, 12:40:12] --> ASderweqDE appeared
[DERSAl23weA:  24.12.2021, 12:40:29] --> ASderweqDE appeared
[DERSAl23weA:  24.12.2021, 12:40:45] --> ASderweqDE appeared
[DERSAl23weA:  24.12.2021, 12:41:01] --> ASderweqDE appeared
[DERSAl23weA:  24.12.2021, 12:41:08] --> Character leveled up to level 36
[DERSAl23weA:  24.12.2021, 12:41:17] --> ASderweqDE appeared
[DERSAl23weA:  24.12.2021, 12:41:33] --> ASderweqDE appeared
[DERSAl23weA:  24.12.2021, 12:41:51] --> ASderweqDE appeared
[DERSAl23weA:  24.12.2021, 12:42:06] --> ASderweqDE appeared
[DERSAl23weA:  24.12.2021, 12:42:24] --> ASderweqDE appeared
[DERSAl23weA:  24.12.2021, 12:42:39] --> ASderweqDE appeared
[DERSAl23weA:  24.12.2021, 12:42:55] --> ASderweqDE appeared
[DERSAl23weA:  24.12.2021, 12:43:12] --> ASderweqDE appeared
[DERSAl23weA:  24.12.2021, 12:43:29] --> ASderweqDE appeared
[DERSAl23weA:  24.12.2021, 12:43:45] --> ASderweqDE appeared
[DERSAl23weA:  24.12.2021, 12:44:02] --> ASderweqDE appeared
[DERSAl23weA:  24.12.2021, 12:44:17] --> ASderweqDE appeared
[DERSAl23weA:  24.12.2021, 12:44:35] --> ASderweqDE appeared
[DERSAl23weA:  24.12.2021, 12:44:51] --> ASderweqDE appeared
[DERSAl23weA:  24.12.2021, 12:45:08] --> ASderweqDE appeared
[DERSAl23weA:  24.12.2021, 12:45:24] --> ASderweqDE appeared
[DERSAl23weA:  24.12.2021, 12:45:38] --> Character leveled up to level 37
[DERSAl23weA:  24.12.2021, 12:45:40] --> ASderweqDE appeared
[DERSAl23weA:  24.12.2021, 12:45:59] --> ASderweqDE appeared
[DERSAl23weA:  24.12.2021, 12:46:14] --> ASderweqDE appeared
[DERSAl23weA:  24.12.2021, 12:46:31] --> ASderweqDE appeared
[DERSAl23weA:  24.12.2021, 12:46:47] --> ASderweqDE appeared
[DERSAl23weA:  24.12.2021, 12:47:04] --> ASderweqDE appeared
[DERSAl23weA:  24.12.2021, 12:47:21] --> ASderweqDE appeared
[DERSAl23weA:  24.12.2021, 12:47:37] --> ASderweqDE appeared
[DERSAl23weA:  24.12.2021, 12:47:53] --> ASderweqDE appeared
[DERSAl23weA:  24.12.2021, 12:48:10] --> ASderweqDE appeared
[DERSAl23weA:  24.12.2021, 12:48:26] --> ASderweqDE appeared
[DERSAl23weA:  24.12.2021, 12:48:44] --> ASderweqDE appeared
[DERSAl23weA:  24.12.2021, 12:48:59] --> ASderweqDE appeared
[DERSAl23weA:  24.12.2021, 12:49:16] --> ASderweqDE appeared
[DERSAl23weA:  24.12.2021, 12:49:32] --> ASderweqDE appeared
[DERSAl23weA:  24.12.2021, 12:49:49] --> ASderweqDE appeared
[DERSAl23weA:  24.12.2021, 12:50:04] --> ASderweqDE appeared
[DERSAl23weA:  24.12.2021, 12:50:07] --> Character leveled up to level 38
[DERSAl23weA:  24.12.2021, 12:50:23] --> ASderweqDE appeared
[DERSAl23weA:  24.12.2021, 12:50:39] --> ASderweqDE appeared
[DERSAl23weA:  24.12.2021, 12:50:55] --> ASderweqDE appeared
[DERSAl23weA:  24.12.2021, 12:51:12] --> ASderweqDE appeared
[DERSAl23weA:  24.12.2021, 12:51:29] --> ASderweqDE appeared
[DERSAl23weA:  24.12.2021, 12:51:45] --> ASderweqDE appeared
[DERSAl23weA:  24.12.2021, 12:52:01] --> ASderweqDE appeared
[DERSAl23weA:  24.12.2021, 12:52:19] --> ASderweqDE appeared
[DERSAl23weA:  24.12.2021, 12:52:35] --> ASderweqDE appeared
[DERSAl23weA:  24.12.2021, 12:52:52] --> ASderweqDE appeared
[DERSAl23weA:  24.12.2021, 12:53:08] --> ASderweqDE appeared
[DERSAl23weA:  24.12.2021, 12:53:25] --> ASderweqDE appeared
[DERSAl23weA:  24.12.2021, 12:53:42] --> ASderweqDE appeared
[DERSAl23weA:  24.12.2021, 12:53:58] --> ASderweqDE appeared
[DERSAl23weA:  24.12.2021, 12:54:16] --> ASderweqDE appeared
[DERSAl23weA:  24.12.2021, 12:54:32] --> ASderweqDE appeared
[DERSAl23weA:  24.12.2021, 12:54:48] --> ASderweqDE appeared
[DERSAl23weA:  24.12.2021, 12:55:05] --> ASderweqDE appeared
[DERSAl23weA:  24.12.2021, 12:55:22] --> ASderweqDE appeared
[DERSAl23weA:  24.12.2021, 12:55:39] --> ASderweqDE appeared
[DERSAl23weA:  24.12.2021, 12:55:48] --> Character leveled up to level 39
[DERSAl23weA:  24.12.2021, 12:55:55] --> ASderweqDE appeared
[DERSAl23weA:  24.12.2021, 12:56:14] --> ASderweqDE appeared
[DERSAl23weA:  24.12.2021, 12:56:27] --> ASderweqDE appeared
[DERSAl23weA:  24.12.2021, 12:56:46] --> ASderweqDE appeared
[DERSAl23weA:  24.12.2021, 12:57:03] --> ASderweqDE appeared
[DERSAl23weA:  24.12.2021, 12:57:20] --> ASderweqDE appeared
[DERSAl23weA:  24.12.2021, 12:57:36] --> ASderweqDE appeared
[DERSAl23weA:  24.12.2021, 12:57:54] --> ASderweqDE appeared
[DERSAl23weA:  24.12.2021, 12:58:09] --> ASderweqDE appeared
[DERSAl23weA:  24.12.2021, 12:58:28] --> ASderweqDE appeared
[DERSAl23weA:  24.12.2021, 12:58:43] --> ASderweqDE appeared
[DERSAl23weA:  24.12.2021, 12:59:02] --> ASderweqDE appeared
[DERSAl23weA:  24.12.2021, 12:59:19] --> ASderweqDE appeared
[DERSAl23weA:  24.12.2021, 12:59:38] --> ASderweqDE appeared
[DERSAl23weA:  24.12.2021, 12:59:53] --> ASderweqDE appeared
[DERSAl23weA:  24.12.2021, 13:00:10] --> ASderweqDE appeared
[DERSAl23weA:  24.12.2021, 13:00:27] --> ASderweqDE appeared
[DERSAl23weA:  24.12.2021, 13:00:46] --> ASderweqDE appeared
[DERSAl23weA:  24.12.2021, 13:01:04] --> ASderweqDE appeared
[DERSAl23weA:  24.12.2021, 13:01:22] --> ASderweqDE appeared
[DERSAl23weA:  24.12.2021, 13:01:40] --> ASderweqDE appeared
[DERSAl23weA:  24.12.2021, 13:01:59] --> ASderweqDE appeared
[DERSAl23weA:  24.12.2021, 13:02:15] --> ASderweqDE appeared
[DERSAl23weA:  24.12.2021, 13:02:35] --> ASderweqDE appeared
[DERSAl23weA:  24.12.2021, 13:02:43] --> Character leveled up to level 40
[DERSAl23weA:  24.12.2021, 13:02:52] --> ASderweqDE appeared
[DERSAl23weA:  24.12.2021, 13:03:11] --> ASderweqDE appeared
[DERSAl23weA:  24.12.2021, 13:03:29] --> ASderweqDE appeared
[DERSAl23weA:  24.12.2021, 13:03:49] --> ASderweqDE appeared
[DERSAl23weA:  24.12.2021, 13:04:08] --> ASderweqDE appeared
[DERSAl23weA:  24.12.2021, 13:04:27] --> ASderweqDE appeared
[DERSAl23weA:  24.12.2021, 13:04:43] --> ASderweqDE appeared
[DERSAl23weA:  24.12.2021, 13:05:02] --> ASderweqDE appeared
[DERSAl23weA:  24.12.2021, 13:05:20] --> ASderweqDE appeared
[DERSAl23weA:  24.12.2021, 13:05:40] --> ASderweqDE appeared
[DERSAl23weA:  24.12.2021, 13:05:55] --> ASderweqDE appeared
[DERSAl23weA:  24.12.2021, 13:06:14] --> ASderweqDE appeared
[DERSAl23weA:  24.12.2021, 13:06:30] --> ASderweqDE appeared
[DERSAl23weA:  24.12.2021, 13:06:48] --> ASderweqDE appeared
[DERSAl23weA:  24.12.2021, 13:07:04] --> ASderweqDE appeared
[DERSAl23weA:  24.12.2021, 13:07:24] --> ASderweqDE appeared
[DERSAl23weA:  24.12.2021, 13:07:42] --> ASderweqDE appeared
[DERSAl23weA:  24.12.2021, 13:08:00] --> ASderweqDE appeared
[DERSAl23weA:  24.12.2021, 13:08:16] --> ASderweqDE appeared
[DERSAl23weA:  24.12.2021, 13:08:35] --> ASderweqDE appeared
[DERSAl23weA:  24.12.2021, 13:08:53] --> ASderweqDE appeared
[DERSAl23weA:  24.12.2021, 13:09:13] --> ASderweqDE appeared
[DERSAl23weA:  24.12.2021, 13:09:30] --> ASderweqDE appeared
[DERSAl23weA:  24.12.2021, 13:09:34] --> Character leveled up to level 41
[DERSAl23weA:  24.12.2021, 13:09:49] --> ASderweqDE appeared
[DERSAl23weA:  24.12.2021, 13:10:06] --> ASderweqDE appeared
[DERSAl23weA:  24.12.2021, 13:10:25] --> ASderweqDE appeared
[DERSAl23weA:  24.12.2021, 13:10:45] --> ASderweqDE appeared
[DERSAl23weA:  24.12.2021, 13:11:03] --> ASderweqDE appeared
[DERSAl23weA:  24.12.2021, 13:11:21] --> ASderweqDE appeared
[DERSAl23weA:  24.12.2021, 13:11:41] --> ASderweqDE appeared
[DERSAl23weA:  24.12.2021, 13:11:59] --> ASderweqDE appeared
[DERSAl23weA:  24.12.2021, 13:12:18] --> ASderweqDE appeared
[DERSAl23weA:  24.12.2021, 13:12:35] --> ASderweqDE appeared
[DERSAl23weA:  24.12.2021, 13:12:53] --> ASderweqDE appeared
[DERSAl23weA:  24.12.2021, 13:13:11] --> ASderweqDE appeared
[DERSAl23weA:  24.12.2021, 13:13:28] --> ASderweqDE appeared
[DERSAl23weA:  24.12.2021, 13:13:44] --> ASderweqDE appeared
[DERSAl23weA:  24.12.2021, 13:14:02] --> ASderweqDE appeared
[DERSAl23weA:  24.12.2021, 13:14:20] --> ASderweqDE appeared
[DERSAl23weA:  24.12.2021, 13:14:39] --> ASderweqDE appeared
[DERSAl23weA:  24.12.2021, 13:14:55] --> ASderweqDE appeared
[DERSAl23weA:  24.12.2021, 13:15:14] --> ASderweqDE appeared
[DERSAl23weA:  24.12.2021, 13:15:35] --> ASderweqDE appeared
[DERSAl23weA:  24.12.2021, 13:15:49] --> ASderweqDE appeared
[DERSAl23weA:  24.12.2021, 13:16:07] --> ASderweqDE appeared
[DERSAl23weA:  24.12.2021, 13:16:24] --> ASderweqDE appeared
[DERSAl23weA:  24.12.2021, 13:16:44] --> ASderweqDE appeared
[DERSAl23weA:  24.12.2021, 13:16:49] --> Character leveled up to level 42
[DERSAl23weA:  24.12.2021, 13:16:59] --> ASderweqDE appeared
[DERSAl23weA:  24.12.2021, 13:17:15] --> ASderweqDE appeared
[DERSAl23weA:  24.12.2021, 13:17:32] --> ASderweqDE appeared
[DERSAl23weA:  24.12.2021, 13:17:48] --> ASderweqDE appeared
[DERSAl23weA:  24.12.2021, 13:18:06] --> ASderweqDE appeared
[DERSAl23weA:  24.12.2021, 13:18:22] --> ASderweqDE appeared
[DERSAl23weA:  24.12.2021, 13:18:40] --> ASderweqDE appeared
[DERSAl23weA:  24.12.2021, 13:18:55] --> ASderweqDE appeared
[DERSAl23weA:  24.12.2021, 13:19:13] --> ASderweqDE appeared
[DERSAl23weA:  24.12.2021, 13:19:28] --> ASderweqDE appeared
[DERSAl23weA:  24.12.2021, 13:19:47] --> ASderweqDE appeared
[DERSAl23weA:  24.12.2021, 13:20:02] --> ASderweqDE appeared
[DERSAl23weA:  24.12.2021, 13:20:20] --> ASderweqDE appeared
[DERSAl23weA:  24.12.2021, 13:20:35] --> ASderweqDE appeared
[DERSAl23weA:  24.12.2021, 13:20:53] --> ASderweqDE appeared
[DERSAl23weA:  24.12.2021, 13:21:08] --> ASderweqDE appeared
[DERSAl23weA:  24.12.2021, 13:21:26] --> ASderweqDE appeared
[DERSAl23weA:  24.12.2021, 13:21:43] --> ASderweqDE appeared
[DERSAl23weA:  24.12.2021, 13:22:01] --> ASderweqDE appeared
[DERSAl23weA:  24.12.2021, 13:22:17] --> ASderweqDE appeared
[DERSAl23weA:  24.12.2021, 13:22:35] --> ASderweqDE appeared
[DERSAl23weA:  24.12.2021, 13:22:51] --> ASderweqDE appeared
[DERSAl23weA:  24.12.2021, 13:23:10] --> ASderweqDE appeared
[DERSAl23weA:  24.12.2021, 13:23:26] --> ASderweqDE appeared
[DERSAl23weA:  24.12.2021, 13:23:44] --> ASderweqDE appeared
[DERSAl23weA:  24.12.2021, 13:23:57] --> ASderweqDE appeared
[DERSAl23weA:  24.12.2021, 13:24:15] --> ASderweqDE appeared
[DERSAl23weA:  24.12.2021, 13:24:31] --> ASderweqDE appeared
[DERSAl23weA:  24.12.2021, 13:24:48] --> ASderweqDE appeared
[DERSAl23weA:  24.12.2021, 13:25:04] --> ASderweqDE appeared
[DERSAl23weA:  24.12.2021, 13:25:21] --> ASderweqDE appeared
[DERSAl23weA:  24.12.2021, 13:25:37] --> ASderweqDE appeared
[DERSAl23weA:  24.12.2021, 13:25:37] --> Character leveled up to level 43
[DERSAl23weA:  24.12.2021, 13:25:54] --> ASderweqDE appeared
[DERSAl23weA:  24.12.2021, 13:26:10] --> ASderweqDE appeared
[DERSAl23weA:  24.12.2021, 13:26:27] --> ASderweqDE appeared
[DERSAl23weA:  24.12.2021, 13:26:42] --> ASderweqDE appeared
[DERSAl23weA:  24.12.2021, 13:27:00] --> ASderweqDE appeared
[DERSAl23weA:  24.12.2021, 13:27:15] --> ASderweqDE appeared
[DERSAl23weA:  24.12.2021, 13:27:32] --> ASderweqDE appeared
[DERSAl23weA:  24.12.2021, 13:27:47] --> ASderweqDE appeared
[DERSAl23weA:  24.12.2021, 13:28:06] --> ASderweqDE appeared
[DERSAl23weA:  24.12.2021, 13:28:22] --> ASderweqDE appeared
[DERSAl23weA:  24.12.2021, 13:28:38] --> ASderweqDE appeared
[DERSAl23weA:  24.12.2021, 13:28:53] --> ASderweqDE appeared
[DERSAl23weA:  24.12.2021, 13:29:13] --> ASderweqDE appeared
[DERSAl23weA:  24.12.2021, 13:29:26] --> ASderweqDE appeared
[DERSAl23weA:  24.12.2021, 13:29:45] --> ASderweqDE appeared
[DERSAl23weA:  24.12.2021, 13:32:57] --> ASderweqDE appeared
[DERSAl23weA:  24.12.2021, 13:41:24] --> Character leveled up to level 44
[DERSAl23weA:  24.12.2021, 13:57:13] --> Character leveled up to level 45
[DERSAl23weA:  24.12.2021, 14:05:52] --> Changing into CH3
[DERSAl23weA:  24.12.2021, 14:05:54] --> Character got kick
[DERSAl23weA:  24.12.2021, 14:06:11] --> Character got kick
[DERSAl23weA:  24.12.2021, 14:09:11] --> Character leveled up to level 46
[DERSAl23weA:  24.12.2021, 14:17:10] --> Character leveled up to level 47
[DERSAl23weA:  24.12.2021, 14:25:46] --> Character leveled up to level 48
[DERSAl23weA:  24.12.2021, 14:35:43] --> Character leveled up to level 49
[DERSAl23weA:  24.12.2021, 14:46:11] --> Character leveled up to level 50
[DERSAl23weA:  24.12.2021, 14:53:47] --> Character was kicked from the bot, reason: Character was walking
[DERSAl23weA:  24.12.2021, 14:54:32] --> Character was kicked from the bot, reason: Character was walking
[DERSAl23weA:  24.12.2021, 14:54:46] --> Character was kicked from the bot, reason: Character was walking
[DERSAl23weA:  24.12.2021, 14:55:32] --> Bot successfully started
[DERSAl23weA:  24.12.2021, 14:56:25] --> Character was kicked from the bot, reason: Character was walking
[DERSAl23weA:  24.12.2021, 15:54:41] --> Bot successfully started
[DERSAl23weA:  24.12.2021, 15:54:49] --> Character was kicked from the bot, reason: Character was walking
[DERSAl23weA:  24.12.2021, 15:54:52] --> LeginBet425 appeared
[DERSAl23weA:  24.12.2021, 15:58:21] --> Character leveled up to level 51
[DERSAl23weA:  24.12.2021, 16:06:22] --> LeginBet425 appeared
[DERSAl23weA:  24.12.2021, 16:09:08] --> Character leveled up to level 52
[DERSAl23weA:  24.12.2021, 16:15:04] --> Character got kick
[DERSAl23weA:  24.12.2021, 16:17:43] --> Character got kick
[DERSAl23weA:  24.12.2021, 16:18:51] --> Character got kick
[DERSAl23weA:  24.12.2021, 16:19:27] --> LeginBet425 appeared
[DERSAl23weA:  24.12.2021, 16:19:39] --> Character got kick
[DERSAl23weA:  24.12.2021, 16:20:12] --> LeginBet425 appeared
[DERSAl23weA:  24.12.2021, 16:20:25] --> Character got kick
[DERSAl23weA:  24.12.2021, 16:20:59] --> LeginBet425 appeared
[DERSAl23weA:  24.12.2021, 16:21:11] --> Character got kick
[DERSAl23weA:  24.12.2021, 16:35:02] --> Bot successfully started
[DERSAl23weA:  24.12.2021, 16:35:02] --> LeginBet425 appeared
[DERSAl23weA:  24.12.2021, 16:41:47] --> Character leveled up to level 53
[DERSAl23weA:  24.12.2021, 16:55:19] --> Character leveled up to level 54
[DERSAl23weA:  24.12.2021, 18:05:38] --> Bot successfully started
[DERSAl23weA:  24.12.2021, 18:05:38] --> McPower9999 appeared
[DERSAl23weA:  24.12.2021, 18:06:16] --> Sandy1994 appeared
[DERSAl23weA:  24.12.2021, 18:06:37] --> AinfachDrei appeared
[DERSAl23weA:  24.12.2021, 18:08:41] --> Character leveled up to level 55
[DERSAl23weA:  24.12.2021, 18:19:26] --> McPower9999 appeared
[DERSAl23weA:  24.12.2021, 18:20:42] --> Character died
[DERSAl23weA:  24.12.2021, 18:20:56] --> Character died
[DERSAl23weA:  24.12.2021, 18:21:12] --> LeginBet425 appeared
[DERSAl23weA:  24.12.2021, 18:21:14] --> Character leveled up to level 56
[DERSAl23weA:  24.12.2021, 18:26:37] --> Character got kick
[DERSAl23weA:  24.12.2021, 18:31:41] --> KopfAuaMama appeared
[DERSAl23weA:  24.12.2021, 18:35:36] --> Character leveled up to level 57
[DERSAl23weA:  24.12.2021, 18:36:27] --> McPower9999 appeared
[DERSAl23weA:  24.12.2021, 18:49:42] --> Character leveled up to level 58
[DERSAl23weA:  24.12.2021, 18:52:46] --> Character was kicked from the bot, reason: Character was walking
[DERSAl23weA:  24.12.2021, 18:53:46] --> ASderweqDE appeared
