[LKHasd32Qred: 24.12.2021, 11:38:40] --> Bot successfully started
[LKHasd32Qred: 24.12.2021, 11:38:40] --> FBxSklave appeared
[LKHasd32Qred: 24.12.2021, 12:03:23] --> Bot successfully started
[LKHasd32Qred: 24.12.2021, 12:03:23] --> Setting '1.1' loaded because of active level settings
[LKHasd32Qred: 24.12.2021, 12:03:23] --> FBxSklave appeared
[LKHasd32Qred: 24.12.2021, 12:03:30] --> Character went to saleswoman
[LKHasd32Qred: 24.12.2021, 12:03:33] --> Character was kicked from the bot, reason: Character was walking
[LKHasd32Qred: 24.12.2021, 12:03:38] --> TarasBullba appeared
[LKHasd32Qred: 24.12.2021, 12:04:05] --> Character was kicked from the bot, reason: Character was walking
[LKHasd32Qred: 24.12.2021, 12:04:18] --> Character leveled up to level 2
[LKHasd32Qred: 24.12.2021, 12:04:19] --> Character leveled up to level 5
[LKHasd32Qred: 24.12.2021, 12:04:20] --> Character leveled up to level 6
[LKHasd32Qred: 24.12.2021, 12:04:21] --> Character leveled up to level 8
[LKHasd32Qred: 24.12.2021, 12:04:23] --> Character leveled up to level 9
[LKHasd32Qred: 24.12.2021, 12:04:25] --> Character leveled up to level 10
[LKHasd32Qred: 24.12.2021, 12:04:27] --> Character leveled up to level 11
[LKHasd32Qred: 24.12.2021, 12:04:28] --> Character leveled up to level 12
[LKHasd32Qred: 24.12.2021, 12:04:32] --> Madron appeared
[LKHasd32Qred: 24.12.2021, 12:04:33] --> Character leveled up to level 13
[LKHasd32Qred: 24.12.2021, 12:04:42] --> Character leveled up to level 14
[LKHasd32Qred: 24.12.2021, 12:05:12] --> Character leveled up to level 15
[LKHasd32Qred: 24.12.2021, 12:05:12] --> Setting '2.2' loaded because of active level settings
[LKHasd32Qred: 24.12.2021, 12:05:25] --> Character was kicked from the bot, reason: Character was walking
[LKHasd32Qred: 24.12.2021, 12:05:49] --> Character was kicked from the bot, reason: Character was walking
[LKHasd32Qred: 24.12.2021, 12:06:46] --> Character leveled up to level 16
[LKHasd32Qred: 24.12.2021, 12:07:00] --> Character leveled up to level 17
[LKHasd32Qred: 24.12.2021, 12:07:09] --> Character leveled up to level 18
[LKHasd32Qred: 24.12.2021, 12:07:13] --> ERWaseASd3 appeared
[LKHasd32Qred: 24.12.2021, 12:07:26] --> ERWaseASd3 appeared
[LKHasd32Qred: 24.12.2021, 12:07:33] --> Character leveled up to level 19
[LKHasd32Qred: 24.12.2021, 12:07:43] --> ERWaseASd3 appeared
[LKHasd32Qred: 24.12.2021, 12:07:59] --> ERWaseASd3 appeared
[LKHasd32Qred: 24.12.2021, 12:08:15] --> ERWaseASd3 appeared
[LKHasd32Qred: 24.12.2021, 12:08:32] --> ERWaseASd3 appeared
[LKHasd32Qred: 24.12.2021, 12:08:34] --> Character leveled up to level 20
[LKHasd32Qred: 24.12.2021, 12:08:48] --> ERWaseASd3 appeared
[LKHasd32Qred: 24.12.2021, 12:08:56] --> Character leveled up to level 21
[LKHasd32Qred: 24.12.2021, 12:09:02] --> ERWaseASd3 appeared
[LKHasd32Qred: 24.12.2021, 12:09:05] --> ERWaseASd3 appeared
[LKHasd32Qred: 24.12.2021, 12:09:20] --> ERWaseASd3 appeared
[LKHasd32Qred: 24.12.2021, 12:09:36] --> ERWaseASd3 appeared
[LKHasd32Qred: 24.12.2021, 12:09:38] --> ERWaseASd3 appeared
[LKHasd32Qred: 24.12.2021, 12:09:46] --> Character leveled up to level 22
[LKHasd32Qred: 24.12.2021, 12:09:54] --> ERWaseASd3 appeared
[LKHasd32Qred: 24.12.2021, 12:10:07] --> ERWaseASd3 appeared
[LKHasd32Qred: 24.12.2021, 12:10:11] --> ERWaseASd3 appeared
[LKHasd32Qred: 24.12.2021, 12:10:20] --> ERWaseASd3 appeared
[LKHasd32Qred: 24.12.2021, 12:10:26] --> ERWaseASd3 appeared
[LKHasd32Qred: 24.12.2021, 12:10:39] --> Character leveled up to level 23
[LKHasd32Qred: 24.12.2021, 12:10:41] --> ERWaseASd3 appeared
[LKHasd32Qred: 24.12.2021, 12:10:44] --> ERWaseASd3 appeared
[LKHasd32Qred: 24.12.2021, 12:10:52] --> ERWaseASd3 appeared
[LKHasd32Qred: 24.12.2021, 12:10:57] --> ERWaseASd3 appeared
[LKHasd32Qred: 24.12.2021, 12:11:13] --> ERWaseASd3 appeared
[LKHasd32Qred: 24.12.2021, 12:11:22] --> Character leveled up to level 24
[LKHasd32Qred: 24.12.2021, 12:11:27] --> ERWaseASd3 appeared
[LKHasd32Qred: 24.12.2021, 12:11:33] --> ERWaseASd3 appeared
[LKHasd32Qred: 24.12.2021, 12:11:49] --> ERWaseASd3 appeared
[LKHasd32Qred: 24.12.2021, 12:12:06] --> ERWaseASd3 appeared
[LKHasd32Qred: 24.12.2021, 12:12:14] --> Character leveled up to level 25
[LKHasd32Qred: 24.12.2021, 12:12:22] --> ERWaseASd3 appeared
[LKHasd32Qred: 24.12.2021, 12:12:38] --> ERWaseASd3 appeared
[LKHasd32Qred: 24.12.2021, 12:12:56] --> ERWaseASd3 appeared
[LKHasd32Qred: 24.12.2021, 12:13:07] --> Character leveled up to level 26
[LKHasd32Qred: 24.12.2021, 12:13:12] --> ERWaseASd3 appeared
[LKHasd32Qred: 24.12.2021, 12:13:28] --> ERWaseASd3 appeared
[LKHasd32Qred: 24.12.2021, 12:13:44] --> ERWaseASd3 appeared
[LKHasd32Qred: 24.12.2021, 12:14:00] --> ERWaseASd3 appeared
[LKHasd32Qred: 24.12.2021, 12:14:08] --> Character leveled up to level 27
[LKHasd32Qred: 24.12.2021, 12:14:17] --> ERWaseASd3 appeared
[LKHasd32Qred: 24.12.2021, 12:14:34] --> ERWaseASd3 appeared
[LKHasd32Qred: 24.12.2021, 12:14:50] --> ERWaseASd3 appeared
[LKHasd32Qred: 24.12.2021, 12:15:06] --> ERWaseASd3 appeared
[LKHasd32Qred: 24.12.2021, 12:15:23] --> ERWaseASd3 appeared
[LKHasd32Qred: 24.12.2021, 12:15:26] --> Character leveled up to level 28
[LKHasd32Qred: 24.12.2021, 12:15:41] --> ERWaseASd3 appeared
[LKHasd32Qred: 24.12.2021, 12:15:56] --> ERWaseASd3 appeared
[LKHasd32Qred: 24.12.2021, 12:16:13] --> ERWaseASd3 appeared
[LKHasd32Qred: 24.12.2021, 12:16:28] --> ERWaseASd3 appeared
[LKHasd32Qred: 24.12.2021, 12:16:46] --> ERWaseASd3 appeared
[LKHasd32Qred: 24.12.2021, 12:16:48] --> Character leveled up to level 29
[LKHasd32Qred: 24.12.2021, 12:17:01] --> ERWaseASd3 appeared
[LKHasd32Qred: 24.12.2021, 12:17:18] --> ERWaseASd3 appeared
[LKHasd32Qred: 24.12.2021, 12:17:36] --> ERWaseASd3 appeared
[LKHasd32Qred: 24.12.2021, 12:17:51] --> ERWaseASd3 appeared
[LKHasd32Qred: 24.12.2021, 12:18:09] --> ERWaseASd3 appeared
[LKHasd32Qred: 24.12.2021, 12:18:19] --> Character leveled up to level 30
[LKHasd32Qred: 24.12.2021, 12:18:25] --> ERWaseASd3 appeared
[LKHasd32Qred: 24.12.2021, 12:18:41] --> ERWaseASd3 appeared
[LKHasd32Qred: 24.12.2021, 12:18:57] --> ERWaseASd3 appeared
[LKHasd32Qred: 24.12.2021, 12:19:13] --> ERWaseASd3 appeared
[LKHasd32Qred: 24.12.2021, 12:19:30] --> ERWaseASd3 appeared
[LKHasd32Qred: 24.12.2021, 12:19:46] --> ERWaseASd3 appeared
[LKHasd32Qred: 24.12.2021, 12:19:57] --> Character leveled up to level 31
[LKHasd32Qred: 24.12.2021, 12:20:02] --> ERWaseASd3 appeared
[LKHasd32Qred: 24.12.2021, 12:20:18] --> ERWaseASd3 appeared
[LKHasd32Qred: 24.12.2021, 12:20:36] --> ERWaseASd3 appeared
[LKHasd32Qred: 24.12.2021, 12:20:52] --> ERWaseASd3 appeared
[LKHasd32Qred: 24.12.2021, 12:21:08] --> ERWaseASd3 appeared
[LKHasd32Qred: 24.12.2021, 12:21:25] --> ERWaseASd3 appeared
[LKHasd32Qred: 24.12.2021, 12:21:40] --> Character leveled up to level 32
[LKHasd32Qred: 24.12.2021, 12:21:42] --> ERWaseASd3 appeared
[LKHasd32Qred: 24.12.2021, 12:21:59] --> ERWaseASd3 appeared
[LKHasd32Qred: 24.12.2021, 12:22:13] --> ERWaseASd3 appeared
[LKHasd32Qred: 24.12.2021, 12:22:32] --> ERWaseASd3 appeared
[LKHasd32Qred: 24.12.2021, 12:22:49] --> ERWaseASd3 appeared
[LKHasd32Qred: 24.12.2021, 12:23:05] --> ERWaseASd3 appeared
[LKHasd32Qred: 24.12.2021, 12:23:22] --> ERWaseASd3 appeared
[LKHasd32Qred: 24.12.2021, 12:23:38] --> ERWaseASd3 appeared
[LKHasd32Qred: 24.12.2021, 12:23:47] --> Character leveled up to level 33
[LKHasd32Qred: 24.12.2021, 12:23:53] --> ERWaseASd3 appeared
[LKHasd32Qred: 24.12.2021, 12:24:11] --> ERWaseASd3 appeared
[LKHasd32Qred: 24.12.2021, 12:24:27] --> ERWaseASd3 appeared
[LKHasd32Qred: 24.12.2021, 12:24:45] --> ERWaseASd3 appeared
[LKHasd32Qred: 24.12.2021, 12:25:00] --> ERWaseASd3 appeared
[LKHasd32Qred: 24.12.2021, 12:25:16] --> ERWaseASd3 appeared
[LKHasd32Qred: 24.12.2021, 12:25:33] --> ERWaseASd3 appeared
[LKHasd32Qred: 24.12.2021, 12:25:50] --> ERWaseASd3 appeared
[LKHasd32Qred: 24.12.2021, 12:26:05] --> ERWaseASd3 appeared
[LKHasd32Qred: 24.12.2021, 12:26:22] --> ERWaseASd3 appeared
[LKHasd32Qred: 24.12.2021, 12:26:31] --> Character leveled up to level 34
[LKHasd32Qred: 24.12.2021, 12:26:38] --> ERWaseASd3 appeared
[LKHasd32Qred: 24.12.2021, 12:26:56] --> ERWaseASd3 appeared
[LKHasd32Qred: 24.12.2021, 12:27:11] --> ERWaseASd3 appeared
[LKHasd32Qred: 24.12.2021, 12:27:28] --> ERWaseASd3 appeared
[LKHasd32Qred: 24.12.2021, 12:27:45] --> ERWaseASd3 appeared
[LKHasd32Qred: 24.12.2021, 12:28:01] --> ERWaseASd3 appeared
[LKHasd32Qred: 24.12.2021, 12:28:17] --> ERWaseASd3 appeared
[LKHasd32Qred: 24.12.2021, 12:28:34] --> ERWaseASd3 appeared
[LKHasd32Qred: 24.12.2021, 12:28:50] --> ERWaseASd3 appeared
[LKHasd32Qred: 24.12.2021, 12:29:06] --> ERWaseASd3 appeared
[LKHasd32Qred: 24.12.2021, 12:29:20] --> Character leveled up to level 35
[LKHasd32Qred: 24.12.2021, 12:29:24] --> ERWaseASd3 appeared
[LKHasd32Qred: 24.12.2021, 12:29:39] --> ERWaseASd3 appeared
[LKHasd32Qred: 24.12.2021, 12:29:56] --> ERWaseASd3 appeared
[LKHasd32Qred: 24.12.2021, 12:30:12] --> ERWaseASd3 appeared
[LKHasd32Qred: 24.12.2021, 12:30:29] --> ERWaseASd3 appeared
[LKHasd32Qred: 24.12.2021, 12:30:45] --> ERWaseASd3 appeared
[LKHasd32Qred: 24.12.2021, 12:31:03] --> ERWaseASd3 appeared
[LKHasd32Qred: 24.12.2021, 12:31:18] --> ERWaseASd3 appeared
[LKHasd32Qred: 24.12.2021, 12:31:35] --> ERWaseASd3 appeared
[LKHasd32Qred: 24.12.2021, 12:31:51] --> ERWaseASd3 appeared
[LKHasd32Qred: 24.12.2021, 12:32:03] --> Character leveled up to level 36
[LKHasd32Qred: 24.12.2021, 12:32:08] --> ERWaseASd3 appeared
[LKHasd32Qred: 24.12.2021, 12:32:24] --> ERWaseASd3 appeared
[LKHasd32Qred: 24.12.2021, 12:32:39] --> ERWaseASd3 appeared
[LKHasd32Qred: 24.12.2021, 12:32:56] --> ERWaseASd3 appeared
[LKHasd32Qred: 24.12.2021, 12:33:14] --> ERWaseASd3 appeared
[LKHasd32Qred: 24.12.2021, 12:33:30] --> ERWaseASd3 appeared
[LKHasd32Qred: 24.12.2021, 12:33:46] --> ERWaseASd3 appeared
[LKHasd32Qred: 24.12.2021, 12:34:02] --> ERWaseASd3 appeared
[LKHasd32Qred: 24.12.2021, 12:34:19] --> ERWaseASd3 appeared
[LKHasd32Qred: 24.12.2021, 12:34:34] --> ERWaseASd3 appeared
[LKHasd32Qred: 24.12.2021, 12:34:51] --> ERWaseASd3 appeared
[LKHasd32Qred: 24.12.2021, 12:35:09] --> ERWaseASd3 appeared
[LKHasd32Qred: 24.12.2021, 12:35:23] --> ERWaseASd3 appeared
[LKHasd32Qred: 24.12.2021, 12:35:32] --> Character leveled up to level 37
[LKHasd32Qred: 24.12.2021, 12:35:40] --> ERWaseASd3 appeared
[LKHasd32Qred: 24.12.2021, 12:35:56] --> ERWaseASd3 appeared
[LKHasd32Qred: 24.12.2021, 12:36:13] --> ERWaseASd3 appeared
[LKHasd32Qred: 24.12.2021, 12:36:30] --> ERWaseASd3 appeared
[LKHasd32Qred: 24.12.2021, 12:36:46] --> ERWaseASd3 appeared
[LKHasd32Qred: 24.12.2021, 12:37:03] --> ERWaseASd3 appeared
[LKHasd32Qred: 24.12.2021, 12:37:19] --> ERWaseASd3 appeared
[LKHasd32Qred: 24.12.2021, 12:37:35] --> ERWaseASd3 appeared
[LKHasd32Qred: 24.12.2021, 12:37:51] --> ERWaseASd3 appeared
[LKHasd32Qred: 24.12.2021, 12:38:08] --> ERWaseASd3 appeared
[LKHasd32Qred: 24.12.2021, 12:38:24] --> ERWaseASd3 appeared
[LKHasd32Qred: 24.12.2021, 12:38:40] --> ERWaseASd3 appeared
[LKHasd32Qred: 24.12.2021, 12:38:58] --> ERWaseASd3 appeared
[LKHasd32Qred: 24.12.2021, 12:39:13] --> ERWaseASd3 appeared
[LKHasd32Qred: 24.12.2021, 12:39:31] --> ERWaseASd3 appeared
[LKHasd32Qred: 24.12.2021, 12:39:47] --> ERWaseASd3 appeared
[LKHasd32Qred: 24.12.2021, 12:39:55] --> Character leveled up to level 38
[LKHasd32Qred: 24.12.2021, 12:40:02] --> ERWaseASd3 appeared
[LKHasd32Qred: 24.12.2021, 12:40:18] --> ERWaseASd3 appeared
[LKHasd32Qred: 24.12.2021, 12:40:36] --> ERWaseASd3 appeared
[LKHasd32Qred: 24.12.2021, 12:40:52] --> ERWaseASd3 appeared
[LKHasd32Qred: 24.12.2021, 12:41:08] --> ERWaseASd3 appeared
[LKHasd32Qred: 24.12.2021, 12:41:24] --> ERWaseASd3 appeared
[LKHasd32Qred: 24.12.2021, 12:41:42] --> ERWaseASd3 appeared
[LKHasd32Qred: 24.12.2021, 12:41:58] --> ERWaseASd3 appeared
[LKHasd32Qred: 24.12.2021, 12:42:15] --> ERWaseASd3 appeared
[LKHasd32Qred: 24.12.2021, 12:42:30] --> ERWaseASd3 appeared
[LKHasd32Qred: 24.12.2021, 12:42:48] --> ERWaseASd3 appeared
[LKHasd32Qred: 24.12.2021, 12:43:04] --> ERWaseASd3 appeared
[LKHasd32Qred: 24.12.2021, 12:43:21] --> ERWaseASd3 appeared
[LKHasd32Qred: 24.12.2021, 12:43:38] --> ERWaseASd3 appeared
[LKHasd32Qred: 24.12.2021, 12:43:54] --> ERWaseASd3 appeared
[LKHasd32Qred: 24.12.2021, 12:44:11] --> ERWaseASd3 appeared
[LKHasd32Qred: 24.12.2021, 12:44:17] --> Character leveled up to level 39
[LKHasd32Qred: 24.12.2021, 12:44:27] --> ERWaseASd3 appeared
[LKHasd32Qred: 24.12.2021, 12:44:43] --> ERWaseASd3 appeared
[LKHasd32Qred: 24.12.2021, 12:45:00] --> ERWaseASd3 appeared
[LKHasd32Qred: 24.12.2021, 12:45:17] --> ERWaseASd3 appeared
[LKHasd32Qred: 24.12.2021, 12:45:33] --> ERWaseASd3 appeared
[LKHasd32Qred: 24.12.2021, 12:45:50] --> ERWaseASd3 appeared
[LKHasd32Qred: 24.12.2021, 12:46:06] --> ERWaseASd3 appeared
[LKHasd32Qred: 24.12.2021, 12:46:23] --> ERWaseASd3 appeared
[LKHasd32Qred: 24.12.2021, 12:46:39] --> ERWaseASd3 appeared
[LKHasd32Qred: 24.12.2021, 12:46:55] --> ERWaseASd3 appeared
[LKHasd32Qred: 24.12.2021, 12:47:11] --> ERWaseASd3 appeared
[LKHasd32Qred: 24.12.2021, 12:47:28] --> ERWaseASd3 appeared
[LKHasd32Qred: 24.12.2021, 12:47:45] --> ERWaseASd3 appeared
[LKHasd32Qred: 24.12.2021, 12:48:01] --> ERWaseASd3 appeared
[LKHasd32Qred: 24.12.2021, 12:48:19] --> ERWaseASd3 appeared
[LKHasd32Qred: 24.12.2021, 12:48:33] --> ERWaseASd3 appeared
[LKHasd32Qred: 24.12.2021, 12:48:44] --> Character leveled up to level 40
[LKHasd32Qred: 24.12.2021, 12:48:51] --> ERWaseASd3 appeared
[LKHasd32Qred: 24.12.2021, 12:49:06] --> ERWaseASd3 appeared
[LKHasd32Qred: 24.12.2021, 12:49:26] --> ERWaseASd3 appeared
[LKHasd32Qred: 24.12.2021, 12:49:40] --> ERWaseASd3 appeared
[LKHasd32Qred: 24.12.2021, 12:49:57] --> ERWaseASd3 appeared
[LKHasd32Qred: 24.12.2021, 12:50:12] --> ERWaseASd3 appeared
[LKHasd32Qred: 24.12.2021, 12:50:31] --> ERWaseASd3 appeared
[LKHasd32Qred: 24.12.2021, 12:50:47] --> ERWaseASd3 appeared
[LKHasd32Qred: 24.12.2021, 12:51:03] --> ERWaseASd3 appeared
[LKHasd32Qred: 24.12.2021, 12:51:19] --> ERWaseASd3 appeared
[LKHasd32Qred: 24.12.2021, 12:51:36] --> ERWaseASd3 appeared
[LKHasd32Qred: 24.12.2021, 12:51:52] --> ERWaseASd3 appeared
[LKHasd32Qred: 24.12.2021, 12:52:09] --> ERWaseASd3 appeared
[LKHasd32Qred: 24.12.2021, 12:52:25] --> ERWaseASd3 appeared
[LKHasd32Qred: 24.12.2021, 12:52:42] --> ERWaseASd3 appeared
[LKHasd32Qred: 24.12.2021, 12:52:59] --> ERWaseASd3 appeared
[LKHasd32Qred: 24.12.2021, 12:53:16] --> ERWaseASd3 appeared
[LKHasd32Qred: 24.12.2021, 12:53:33] --> ERWaseASd3 appeared
[LKHasd32Qred: 24.12.2021, 12:53:49] --> ERWaseASd3 appeared
[LKHasd32Qred: 24.12.2021, 12:53:53] --> Character leveled up to level 41
[LKHasd32Qred: 24.12.2021, 12:54:05] --> ERWaseASd3 appeared
[LKHasd32Qred: 24.12.2021, 12:54:23] --> ERWaseASd3 appeared
[LKHasd32Qred: 24.12.2021, 12:54:40] --> ERWaseASd3 appeared
[LKHasd32Qred: 24.12.2021, 12:54:57] --> ERWaseASd3 appeared
[LKHasd32Qred: 24.12.2021, 12:55:13] --> ERWaseASd3 appeared
[LKHasd32Qred: 24.12.2021, 12:55:30] --> ERWaseASd3 appeared
[LKHasd32Qred: 24.12.2021, 12:55:46] --> ERWaseASd3 appeared
[LKHasd32Qred: 24.12.2021, 12:56:04] --> ERWaseASd3 appeared
[LKHasd32Qred: 24.12.2021, 12:56:20] --> ERWaseASd3 appeared
[LKHasd32Qred: 24.12.2021, 12:56:38] --> ERWaseASd3 appeared
[LKHasd32Qred: 24.12.2021, 12:56:54] --> ERWaseASd3 appeared
[LKHasd32Qred: 24.12.2021, 12:57:11] --> ERWaseASd3 appeared
[LKHasd32Qred: 24.12.2021, 12:57:27] --> ERWaseASd3 appeared
[LKHasd32Qred: 24.12.2021, 12:57:46] --> ERWaseASd3 appeared
[LKHasd32Qred: 24.12.2021, 12:58:01] --> ERWaseASd3 appeared
[LKHasd32Qred: 24.12.2021, 12:58:19] --> ERWaseASd3 appeared
[LKHasd32Qred: 24.12.2021, 12:58:36] --> ERWaseASd3 appeared
[LKHasd32Qred: 24.12.2021, 12:58:53] --> ERWaseASd3 appeared
[LKHasd32Qred: 24.12.2021, 12:59:10] --> ERWaseASd3 appeared
[LKHasd32Qred: 24.12.2021, 12:59:27] --> ERWaseASd3 appeared
[LKHasd32Qred: 24.12.2021, 12:59:45] --> ERWaseASd3 appeared
[LKHasd32Qred: 24.12.2021, 13:00:02] --> ERWaseASd3 appeared
[LKHasd32Qred: 24.12.2021, 13:00:17] --> ERWaseASd3 appeared
[LKHasd32Qred: 24.12.2021, 13:00:24] --> Character leveled up to level 42
[LKHasd32Qred: 24.12.2021, 13:00:36] --> ERWaseASd3 appeared
[LKHasd32Qred: 24.12.2021, 13:00:54] --> ERWaseASd3 appeared
[LKHasd32Qred: 24.12.2021, 13:01:11] --> ERWaseASd3 appeared
[LKHasd32Qred: 24.12.2021, 13:01:28] --> ERWaseASd3 appeared
[LKHasd32Qred: 24.12.2021, 13:01:46] --> ERWaseASd3 appeared
[LKHasd32Qred: 24.12.2021, 13:02:03] --> ERWaseASd3 appeared
[LKHasd32Qred: 24.12.2021, 13:02:21] --> ERWaseASd3 appeared
[LKHasd32Qred: 24.12.2021, 13:02:41] --> ERWaseASd3 appeared
[LKHasd32Qred: 24.12.2021, 13:02:59] --> ERWaseASd3 appeared
[LKHasd32Qred: 24.12.2021, 13:03:15] --> ERWaseASd3 appeared
[LKHasd32Qred: 24.12.2021, 13:03:35] --> ERWaseASd3 appeared
[LKHasd32Qred: 24.12.2021, 13:03:53] --> ERWaseASd3 appeared
[LKHasd32Qred: 24.12.2021, 13:04:13] --> ERWaseASd3 appeared
[LKHasd32Qred: 24.12.2021, 13:04:48] --> ERWaseASd3 appeared
[LKHasd32Qred: 24.12.2021, 13:05:01] --> ERWaseASd3 appeared
[LKHasd32Qred: 24.12.2021, 13:05:10] --> ERWaseASd3 appeared
[LKHasd32Qred: 24.12.2021, 13:05:15] --> ERWaseASd3 appeared
[LKHasd32Qred: 24.12.2021, 13:05:32] --> ERWaseASd3 appeared
[LKHasd32Qred: 24.12.2021, 13:05:36] --> ERWaseASd3 appeared
[LKHasd32Qred: 24.12.2021, 13:05:49] --> ERWaseASd3 appeared
[LKHasd32Qred: 24.12.2021, 13:06:55] --> Character leveled up to level 43
[LKHasd32Qred: 24.12.2021, 13:07:34] --> ERWaseASd3 appeared
[LKHasd32Qred: 24.12.2021, 13:07:49] --> ERWaseASd3 appeared
[LKHasd32Qred: 24.12.2021, 13:07:56] --> ERWaseASd3 appeared
[LKHasd32Qred: 24.12.2021, 13:08:03] --> ERWaseASd3 appeared
[LKHasd32Qred: 24.12.2021, 13:08:40] --> ERWaseASd3 appeared
[LKHasd32Qred: 24.12.2021, 13:08:46] --> ERWaseASd3 appeared
[LKHasd32Qred: 24.12.2021, 13:09:03] --> ERWaseASd3 appeared
[LKHasd32Qred: 24.12.2021, 13:09:17] --> ERWaseASd3 appeared
[LKHasd32Qred: 24.12.2021, 13:09:22] --> ERWaseASd3 appeared
[LKHasd32Qred: 24.12.2021, 13:09:47] --> ERWaseASd3 appeared
[LKHasd32Qred: 24.12.2021, 13:09:59] --> ERWaseASd3 appeared
[LKHasd32Qred: 24.12.2021, 13:13:45] --> Character leveled up to level 44
[LKHasd32Qred: 24.12.2021, 13:14:44] --> ERWaseASd3 appeared
[LKHasd32Qred: 24.12.2021, 13:14:50] --> ERWaseASd3 appeared
[LKHasd32Qred: 24.12.2021, 13:15:27] --> ERWaseASd3 appeared
[LKHasd32Qred: 24.12.2021, 13:15:44] --> ERWaseASd3 appeared
[LKHasd32Qred: 24.12.2021, 13:15:49] --> ERWaseASd3 appeared
[LKHasd32Qred: 24.12.2021, 13:15:58] --> ERWaseASd3 appeared
[LKHasd32Qred: 24.12.2021, 13:16:03] --> ERWaseASd3 appeared
[LKHasd32Qred: 24.12.2021, 13:16:18] --> ERWaseASd3 appeared
[LKHasd32Qred: 24.12.2021, 13:16:23] --> ERWaseASd3 appeared
[LKHasd32Qred: 24.12.2021, 13:16:32] --> ERWaseASd3 appeared
[LKHasd32Qred: 24.12.2021, 13:16:38] --> ERWaseASd3 appeared
[LKHasd32Qred: 24.12.2021, 13:16:54] --> ERWaseASd3 appeared
[LKHasd32Qred: 24.12.2021, 13:17:06] --> ERWaseASd3 appeared
[LKHasd32Qred: 24.12.2021, 13:17:11] --> ERWaseASd3 appeared
[LKHasd32Qred: 24.12.2021, 13:17:27] --> ERWaseASd3 appeared
[LKHasd32Qred: 24.12.2021, 13:17:32] --> ERWaseASd3 appeared
[LKHasd32Qred: 24.12.2021, 13:17:39] --> ERWaseASd3 appeared
[LKHasd32Qred: 24.12.2021, 13:17:45] --> ERWaseASd3 appeared
[LKHasd32Qred: 24.12.2021, 13:18:04] --> ERWaseASd3 appeared
[LKHasd32Qred: 24.12.2021, 13:18:19] --> ERWaseASd3 appeared
[LKHasd32Qred: 24.12.2021, 13:18:34] --> ERWaseASd3 appeared
[LKHasd32Qred: 24.12.2021, 13:18:37] --> ERWaseASd3 appeared
[LKHasd32Qred: 24.12.2021, 13:18:45] --> ERWaseASd3 appeared
[LKHasd32Qred: 24.12.2021, 13:18:51] --> ERWaseASd3 appeared
[LKHasd32Qred: 24.12.2021, 13:19:06] --> ERWaseASd3 appeared
[LKHasd32Qred: 24.12.2021, 13:19:11] --> ERWaseASd3 appeared
[LKHasd32Qred: 24.12.2021, 13:19:24] --> ERWaseASd3 appeared
[LKHasd32Qred: 24.12.2021, 13:19:26] --> ERWaseASd3 appeared
[LKHasd32Qred: 24.12.2021, 13:19:43] --> ERWaseASd3 appeared
[LKHasd32Qred: 24.12.2021, 13:19:59] --> ERWaseASd3 appeared
[LKHasd32Qred: 24.12.2021, 13:20:16] --> ERWaseASd3 appeared
[LKHasd32Qred: 24.12.2021, 13:20:33] --> ERWaseASd3 appeared
[LKHasd32Qred: 24.12.2021, 13:20:51] --> ERWaseASd3 appeared
[LKHasd32Qred: 24.12.2021, 13:21:07] --> ERWaseASd3 appeared
[LKHasd32Qred: 24.12.2021, 13:21:16] --> Character leveled up to level 45
[LKHasd32Qred: 24.12.2021, 13:21:23] --> ERWaseASd3 appeared
[LKHasd32Qred: 24.12.2021, 13:21:39] --> ERWaseASd3 appeared
[LKHasd32Qred: 24.12.2021, 13:21:56] --> ERWaseASd3 appeared
[LKHasd32Qred: 24.12.2021, 13:22:14] --> ERWaseASd3 appeared
[LKHasd32Qred: 24.12.2021, 13:22:32] --> ERWaseASd3 appeared
[LKHasd32Qred: 24.12.2021, 13:22:49] --> ERWaseASd3 appeared
[LKHasd32Qred: 24.12.2021, 13:23:07] --> ERWaseASd3 appeared
[LKHasd32Qred: 24.12.2021, 13:23:26] --> ERWaseASd3 appeared
[LKHasd32Qred: 24.12.2021, 13:23:40] --> ERWaseASd3 appeared
[LKHasd32Qred: 24.12.2021, 13:24:49] --> ERWaseASd3 appeared
[LKHasd32Qred: 24.12.2021, 13:25:06] --> ERWaseASd3 appeared
[LKHasd32Qred: 24.12.2021, 13:25:23] --> ERWaseASd3 appeared
[LKHasd32Qred: 24.12.2021, 13:25:38] --> ERWaseASd3 appeared
[LKHasd32Qred: 24.12.2021, 13:25:56] --> ERWaseASd3 appeared
[LKHasd32Qred: 24.12.2021, 13:26:11] --> ERWaseASd3 appeared
[LKHasd32Qred: 24.12.2021, 13:26:28] --> ERWaseASd3 appeared
[LKHasd32Qred: 24.12.2021, 13:26:44] --> ERWaseASd3 appeared
[LKHasd32Qred: 24.12.2021, 13:27:01] --> ERWaseASd3 appeared
[LKHasd32Qred: 24.12.2021, 13:27:16] --> ERWaseASd3 appeared
[LKHasd32Qred: 24.12.2021, 13:27:33] --> ERWaseASd3 appeared
[LKHasd32Qred: 24.12.2021, 13:27:49] --> ERWaseASd3 appeared
[LKHasd32Qred: 24.12.2021, 13:28:09] --> ERWaseASd3 appeared
[LKHasd32Qred: 24.12.2021, 13:28:23] --> ERWaseASd3 appeared
[LKHasd32Qred: 24.12.2021, 13:28:42] --> ERWaseASd3 appeared
[LKHasd32Qred: 24.12.2021, 13:28:55] --> ERWaseASd3 appeared
[LKHasd32Qred: 24.12.2021, 13:29:13] --> ERWaseASd3 appeared
[LKHasd32Qred: 24.12.2021, 13:29:29] --> ERWaseASd3 appeared
[LKHasd32Qred: 24.12.2021, 13:29:48] --> ERWaseASd3 appeared
[LKHasd32Qred: 24.12.2021, 13:32:34] --> Character got kick
[LKHasd32Qred: 24.12.2021, 13:32:42] --> ERWaseASd3 appeared
[LKHasd32Qred: 24.12.2021, 13:33:02] --> ERWaseASd3 appeared
[LKHasd32Qred: 24.12.2021, 13:33:19] --> ERWaseASd3 appeared
[LKHasd32Qred: 24.12.2021, 13:33:32] --> ERWaseASd3 appeared
[LKHasd32Qred: 24.12.2021, 13:33:34] --> Character leveled up to level 46
[LKHasd32Qred: 24.12.2021, 13:33:36] --> ERWaseASd3 appeared
[LKHasd32Qred: 24.12.2021, 13:33:44] --> ERWaseASd3 appeared
[LKHasd32Qred: 24.12.2021, 13:33:50] --> ERWaseASd3 appeared
[LKHasd32Qred: 24.12.2021, 13:34:05] --> ERWaseASd3 appeared
[LKHasd32Qred: 24.12.2021, 13:34:17] --> ERWaseASd3 appeared
[LKHasd32Qred: 24.12.2021, 13:34:22] --> ERWaseASd3 appeared
[LKHasd32Qred: 24.12.2021, 13:34:37] --> ERWaseASd3 appeared
[LKHasd32Qred: 24.12.2021, 13:34:41] --> ERWaseASd3 appeared
[LKHasd32Qred: 24.12.2021, 13:34:58] --> ERWaseASd3 appeared
[LKHasd32Qred: 24.12.2021, 13:35:11] --> ERWaseASd3 appeared
[LKHasd32Qred: 24.12.2021, 13:35:15] --> ERWaseASd3 appeared
[LKHasd32Qred: 24.12.2021, 13:35:24] --> ERWaseASd3 appeared
[LKHasd32Qred: 24.12.2021, 13:35:28] --> ERWaseASd3 appeared
[LKHasd32Qred: 24.12.2021, 13:35:43] --> ERWaseASd3 appeared
[LKHasd32Qred: 24.12.2021, 13:35:48] --> ERWaseASd3 appeared
[LKHasd32Qred: 24.12.2021, 13:35:55] --> ERWaseASd3 appeared
[LKHasd32Qred: 24.12.2021, 13:36:01] --> ERWaseASd3 appeared
[LKHasd32Qred: 24.12.2021, 13:36:16] --> ERWaseASd3 appeared
[LKHasd32Qred: 24.12.2021, 13:36:20] --> ERWaseASd3 appeared
[LKHasd32Qred: 24.12.2021, 13:36:29] --> ERWaseASd3 appeared
[LKHasd32Qred: 24.12.2021, 13:36:34] --> ERWaseASd3 appeared
[LKHasd32Qred: 24.12.2021, 13:36:49] --> ERWaseASd3 appeared
[LKHasd32Qred: 24.12.2021, 13:36:54] --> ERWaseASd3 appeared
[LKHasd32Qred: 24.12.2021, 13:37:22] --> ERWaseASd3 appeared
[LKHasd32Qred: 24.12.2021, 13:37:27] --> ERWaseASd3 appeared
[LKHasd32Qred: 24.12.2021, 13:37:35] --> ERWaseASd3 appeared
[LKHasd32Qred: 24.12.2021, 13:37:40] --> ERWaseASd3 appeared
[LKHasd32Qred: 24.12.2021, 13:37:55] --> ERWaseASd3 appeared
[LKHasd32Qred: 24.12.2021, 13:37:59] --> ERWaseASd3 appeared
[LKHasd32Qred: 24.12.2021, 13:38:13] --> ERWaseASd3 appeared
[LKHasd32Qred: 24.12.2021, 13:38:28] --> ERWaseASd3 appeared
[LKHasd32Qred: 24.12.2021, 13:38:42] --> ERWaseASd3 appeared
[LKHasd32Qred: 24.12.2021, 13:38:46] --> ERWaseASd3 appeared
[LKHasd32Qred: 24.12.2021, 13:39:01] --> ERWaseASd3 appeared
[LKHasd32Qred: 24.12.2021, 13:39:06] --> ERWaseASd3 appeared
[LKHasd32Qred: 24.12.2021, 13:39:13] --> ERWaseASd3 appeared
[LKHasd32Qred: 24.12.2021, 13:39:19] --> ERWaseASd3 appeared
[LKHasd32Qred: 24.12.2021, 13:39:33] --> ERWaseASd3 appeared
[LKHasd32Qred: 24.12.2021, 13:39:38] --> ERWaseASd3 appeared
[LKHasd32Qred: 24.12.2021, 13:39:45] --> ERWaseASd3 appeared
[LKHasd32Qred: 24.12.2021, 13:39:55] --> ERWaseASd3 appeared
[LKHasd32Qred: 24.12.2021, 13:40:11] --> ERWaseASd3 appeared
[LKHasd32Qred: 24.12.2021, 13:40:20] --> ERWaseASd3 appeared
[LKHasd32Qred: 24.12.2021, 13:40:27] --> ERWaseASd3 appeared
[LKHasd32Qred: 24.12.2021, 13:40:42] --> ERWaseASd3 appeared
[LKHasd32Qred: 24.12.2021, 13:40:43] --> ERWaseASd3 appeared
[LKHasd32Qred: 24.12.2021, 13:41:01] --> ERWaseASd3 appeared
[LKHasd32Qred: 24.12.2021, 13:41:16] --> ERWaseASd3 appeared
[LKHasd32Qred: 24.12.2021, 13:41:32] --> ERWaseASd3 appeared
[LKHasd32Qred: 24.12.2021, 13:41:50] --> ERWaseASd3 appeared
[LKHasd32Qred: 24.12.2021, 13:42:05] --> ERWaseASd3 appeared
[LKHasd32Qred: 24.12.2021, 13:42:19] --> ERWaseASd3 appeared
[LKHasd32Qred: 24.12.2021, 13:42:22] --> ERWaseASd3 appeared
[LKHasd32Qred: 24.12.2021, 13:42:38] --> ERWaseASd3 appeared
[LKHasd32Qred: 24.12.2021, 13:42:55] --> ERWaseASd3 appeared
[LKHasd32Qred: 24.12.2021, 13:43:12] --> ERWaseASd3 appeared
[LKHasd32Qred: 24.12.2021, 13:43:26] --> ERWaseASd3 appeared
[LKHasd32Qred: 24.12.2021, 13:43:44] --> ERWaseASd3 appeared
[LKHasd32Qred: 24.12.2021, 13:44:00] --> ERWaseASd3 appeared
[LKHasd32Qred: 24.12.2021, 13:44:17] --> ERWaseASd3 appeared
[LKHasd32Qred: 24.12.2021, 13:44:36] --> ERWaseASd3 appeared
[LKHasd32Qred: 24.12.2021, 13:44:51] --> ERWaseASd3 appeared
[LKHasd32Qred: 24.12.2021, 13:45:06] --> ERWaseASd3 appeared
[LKHasd32Qred: 24.12.2021, 13:45:23] --> ERWaseASd3 appeared
[LKHasd32Qred: 24.12.2021, 13:45:40] --> ERWaseASd3 appeared
[LKHasd32Qred: 24.12.2021, 13:45:56] --> ERWaseASd3 appeared
[LKHasd32Qred: 24.12.2021, 13:46:11] --> ERWaseASd3 appeared
[LKHasd32Qred: 24.12.2021, 13:46:29] --> ERWaseASd3 appeared
[LKHasd32Qred: 24.12.2021, 13:46:44] --> ERWaseASd3 appeared
[LKHasd32Qred: 24.12.2021, 13:47:03] --> ERWaseASd3 appeared
[LKHasd32Qred: 24.12.2021, 13:47:16] --> Character leveled up to level 47
[LKHasd32Qred: 24.12.2021, 13:47:18] --> ERWaseASd3 appeared
[LKHasd32Qred: 24.12.2021, 13:47:35] --> ERWaseASd3 appeared
[LKHasd32Qred: 24.12.2021, 13:47:52] --> ERWaseASd3 appeared
[LKHasd32Qred: 24.12.2021, 13:48:09] --> ERWaseASd3 appeared
[LKHasd32Qred: 24.12.2021, 13:48:26] --> ERWaseASd3 appeared
[LKHasd32Qred: 24.12.2021, 13:48:42] --> ERWaseASd3 appeared
[LKHasd32Qred: 24.12.2021, 13:49:01] --> ERWaseASd3 appeared
[LKHasd32Qred: 24.12.2021, 13:49:18] --> ERWaseASd3 appeared
[LKHasd32Qred: 24.12.2021, 13:49:34] --> ERWaseASd3 appeared
[LKHasd32Qred: 24.12.2021, 13:49:52] --> ERWaseASd3 appeared
[LKHasd32Qred: 24.12.2021, 13:50:09] --> ERWaseASd3 appeared
[LKHasd32Qred: 24.12.2021, 13:50:27] --> ERWaseASd3 appeared
[LKHasd32Qred: 24.12.2021, 13:50:45] --> ERWaseASd3 appeared
[LKHasd32Qred: 24.12.2021, 13:51:03] --> ERWaseASd3 appeared
[LKHasd32Qred: 24.12.2021, 13:51:22] --> ERWaseASd3 appeared
[LKHasd32Qred: 24.12.2021, 13:51:39] --> ERWaseASd3 appeared
[LKHasd32Qred: 24.12.2021, 13:51:58] --> ERWaseASd3 appeared
[LKHasd32Qred: 24.12.2021, 13:52:16] --> ERWaseASd3 appeared
[LKHasd32Qred: 24.12.2021, 13:52:35] --> ERWaseASd3 appeared
[LKHasd32Qred: 24.12.2021, 13:52:53] --> ERWaseASd3 appeared
[LKHasd32Qred: 24.12.2021, 13:53:10] --> ERWaseASd3 appeared
[LKHasd32Qred: 24.12.2021, 13:53:26] --> ERWaseASd3 appeared
[LKHasd32Qred: 24.12.2021, 13:53:43] --> ERWaseASd3 appeared
[LKHasd32Qred: 24.12.2021, 13:53:59] --> ERWaseASd3 appeared
[LKHasd32Qred: 24.12.2021, 13:54:15] --> ERWaseASd3 appeared
[LKHasd32Qred: 24.12.2021, 13:54:32] --> ERWaseASd3 appeared
[LKHasd32Qred: 24.12.2021, 13:54:49] --> ERWaseASd3 appeared
[LKHasd32Qred: 24.12.2021, 13:55:05] --> ERWaseASd3 appeared
[LKHasd32Qred: 24.12.2021, 13:55:22] --> ERWaseASd3 appeared
[LKHasd32Qred: 24.12.2021, 13:55:39] --> ERWaseASd3 appeared
[LKHasd32Qred: 24.12.2021, 13:55:55] --> ERWaseASd3 appeared
[LKHasd32Qred: 24.12.2021, 13:56:12] --> ERWaseASd3 appeared
[LKHasd32Qred: 24.12.2021, 13:56:28] --> ERWaseASd3 appeared
[LKHasd32Qred: 24.12.2021, 13:56:45] --> ERWaseASd3 appeared
[LKHasd32Qred: 24.12.2021, 13:57:02] --> ERWaseASd3 appeared
[LKHasd32Qred: 24.12.2021, 13:57:17] --> ERWaseASd3 appeared
[LKHasd32Qred: 24.12.2021, 13:57:34] --> ERWaseASd3 appeared
[LKHasd32Qred: 24.12.2021, 13:57:51] --> ERWaseASd3 appeared
[LKHasd32Qred: 24.12.2021, 13:58:08] --> ERWaseASd3 appeared
[LKHasd32Qred: 24.12.2021, 13:58:24] --> ERWaseASd3 appeared
[LKHasd32Qred: 24.12.2021, 13:58:40] --> ERWaseASd3 appeared
[LKHasd32Qred: 24.12.2021, 13:58:57] --> ERWaseASd3 appeared
[LKHasd32Qred: 24.12.2021, 13:59:13] --> ERWaseASd3 appeared
[LKHasd32Qred: 24.12.2021, 13:59:30] --> ERWaseASd3 appeared
[LKHasd32Qred: 24.12.2021, 13:59:46] --> ERWaseASd3 appeared
[LKHasd32Qred: 24.12.2021, 13:59:49] --> Character leveled up to level 48
[LKHasd32Qred: 24.12.2021, 14:00:03] --> ERWaseASd3 appeared
[LKHasd32Qred: 24.12.2021, 14:00:20] --> ERWaseASd3 appeared
[LKHasd32Qred: 24.12.2021, 14:00:37] --> ERWaseASd3 appeared
[LKHasd32Qred: 24.12.2021, 14:00:53] --> ERWaseASd3 appeared
[LKHasd32Qred: 24.12.2021, 14:01:09] --> ERWaseASd3 appeared
[LKHasd32Qred: 24.12.2021, 14:01:26] --> ERWaseASd3 appeared
[LKHasd32Qred: 24.12.2021, 14:01:43] --> ERWaseASd3 appeared
[LKHasd32Qred: 24.12.2021, 14:01:59] --> ERWaseASd3 appeared
[LKHasd32Qred: 24.12.2021, 14:02:17] --> ERWaseASd3 appeared
[LKHasd32Qred: 24.12.2021, 14:02:32] --> ERWaseASd3 appeared
[LKHasd32Qred: 24.12.2021, 14:02:49] --> ERWaseASd3 appeared
[LKHasd32Qred: 24.12.2021, 14:03:06] --> ERWaseASd3 appeared
[LKHasd32Qred: 24.12.2021, 14:03:21] --> ERWaseASd3 appeared
[LKHasd32Qred: 24.12.2021, 14:03:38] --> ERWaseASd3 appeared
[LKHasd32Qred: 24.12.2021, 14:03:54] --> ERWaseASd3 appeared
[LKHasd32Qred: 24.12.2021, 14:04:11] --> ERWaseASd3 appeared
[LKHasd32Qred: 24.12.2021, 14:04:29] --> ERWaseASd3 appeared
[LKHasd32Qred: 24.12.2021, 14:04:45] --> ERWaseASd3 appeared
[LKHasd32Qred: 24.12.2021, 14:05:04] --> ERWaseASd3 appeared
[LKHasd32Qred: 24.12.2021, 14:05:19] --> ERWaseASd3 appeared
[LKHasd32Qred: 24.12.2021, 14:05:38] --> ERWaseASd3 appeared
[LKHasd32Qred: 24.12.2021, 14:05:51] --> ERWaseASd3 appeared
[LKHasd32Qred: 24.12.2021, 14:06:00] --> Changing into CH4
[LKHasd32Qred: 24.12.2021, 14:06:01] --> Character got kick
[LKHasd32Qred: 24.12.2021, 14:06:19] --> Character got kick
[LKHasd32Qred: 24.12.2021, 14:12:16] --> Character leveled up to level 49
[LKHasd32Qred: 24.12.2021, 14:21:55] --> Character leveled up to level 50
[LKHasd32Qred: 24.12.2021, 14:23:21] --> Character got kick
[LKHasd32Qred: 24.12.2021, 14:23:59] --> Character was kicked from the bot, reason: Character was walking
[LKHasd32Qred: 24.12.2021, 14:25:26] --> Character was kicked from the bot, reason: Character was walking
[LKHasd32Qred: 24.12.2021, 14:25:31] --> DolphusDrogo appeared
[LKHasd32Qred: 24.12.2021, 14:26:02] --> Character got kick
[LKHasd32Qred: 24.12.2021, 14:26:18] --> iFarmOtm appeared
[LKHasd32Qred: 24.12.2021, 14:26:33] --> Character was kicked from the bot, reason: Character was walking
[LKHasd32Qred: 24.12.2021, 15:55:10] --> Bot successfully started
[LKHasd32Qred: 24.12.2021, 15:55:11] --> VLCPoeR315 appeared
[LKHasd32Qred: 24.12.2021, 16:03:55] --> Character leveled up to level 51
[LKHasd32Qred: 24.12.2021, 16:14:27] --> Character leveled up to level 52
[LKHasd32Qred: 24.12.2021, 16:18:24] --> Character got kick
[LKHasd32Qred: 24.12.2021, 16:19:41] --> VLCPoeR315 appeared
[LKHasd32Qred: 24.12.2021, 16:19:55] --> Character got kick
[LKHasd32Qred: 24.12.2021, 16:21:10] --> Character got kick
[LKHasd32Qred: 24.12.2021, 16:35:33] --> Bot successfully started
[LKHasd32Qred: 24.12.2021, 16:35:38] --> VLCPoeR315 appeared
[LKHasd32Qred: 24.12.2021, 16:35:43] --> Character got kick
[LKHasd32Qred: 24.12.2021, 16:44:32] --> Character leveled up to level 53
[LKHasd32Qred: 24.12.2021, 16:59:22] --> Character leveled up to level 54
[LKHasd32Qred: 24.12.2021, 18:06:04] --> Bot successfully started
[LKHasd32Qred: 24.12.2021, 18:06:04] --> Sandy1994 appeared
[LKHasd32Qred: 24.12.2021, 18:16:35] --> Character leveled up to level 55
[LKHasd32Qred: 24.12.2021, 18:21:41] --> XXCAS appeared
[LKHasd32Qred: 24.12.2021, 18:33:31] --> Character leveled up to level 56
[LKHasd32Qred: 24.12.2021, 18:48:57] --> Character leveled up to level 57
[LKHasd32Qred: 24.12.2021, 18:52:55] --> Character was kicked from the bot, reason: Character was walking
[LKHasd32Qred: 24.12.2021, 18:53:31] --> ERWaseASd3 appeared
