[kapivibela:   27.11.2021, 14:35:40] --> Bot successfully started
[kapivibela:   27.11.2021, 14:35:40] --> oreade appeared
[kapivibela:   27.11.2021, 14:59:41] --> Changing into CH9
[kapivibela:   27.11.2021, 15:00:59] --> Character was kicked from the bot, reason: Changing character
[kapivibela:   27.11.2021, 15:03:27] --> Character was kicked from the bot, reason: Changing character
[wipukipeniva: 27.11.2021, 15:05:29] --> Character was kicked from the bot, reason: Changing character
[kicekeboburu: 27.11.2021, 15:07:57] --> Character was kicked from the bot, reason: Changing character
[wugitugoroz:  27.11.2021, 15:09:48] --> Character was kicked from the bot, reason: Changing character
[kapivibela:   27.11.2021, 15:34:02] --> Bot successfully started
[kapivibela:   27.11.2021, 15:34:02] --> Setting '1' loaded because of active level settings
[kapivibela:   27.11.2021, 15:34:09] --> Character went to saleswoman
[kapivibela:   27.11.2021, 15:34:11] --> Airways appeared
[kapivibela:   27.11.2021, 15:34:12] --> Character was kicked from the bot, reason: Character was walking
[kapivibela:   27.11.2021, 15:34:33] --> zivukuduzade appeared
[kapivibela:   27.11.2021, 15:34:44] --> Character was kicked from the bot, reason: Character was walking
[kapivibela:   27.11.2021, 15:34:57] --> Character leveled up to level 5
[kapivibela:   27.11.2021, 15:34:58] --> Character leveled up to level 7
[kapivibela:   27.11.2021, 15:34:59] --> Character leveled up to level 8
[kapivibela:   27.11.2021, 15:35:00] --> Character leveled up to level 9
[kapivibela:   27.11.2021, 15:35:02] --> Character leveled up to level 10
[kapivibela:   27.11.2021, 15:35:04] --> Character leveled up to level 11
[kapivibela:   27.11.2021, 15:35:06] --> Character leveled up to level 12
[kapivibela:   27.11.2021, 15:35:11] --> Character leveled up to level 13
[kapivibela:   27.11.2021, 15:35:21] --> Character leveled up to level 14
[kapivibela:   27.11.2021, 15:36:01] --> Character leveled up to level 15
[kapivibela:   27.11.2021, 15:36:01] --> Setting '2' loaded because of active level settings
[kapivibela:   27.11.2021, 15:36:16] --> Character was kicked from the bot, reason: Character was walking
[kapivibela:   27.11.2021, 15:36:41] --> Character was kicked from the bot, reason: Character was walking
[kapivibela:   27.11.2021, 15:36:45] --> zebekikukeka appeared
[kapivibela:   27.11.2021, 15:37:14] --> Character leveled up to level 16
[kapivibela:   27.11.2021, 15:37:18] --> zugesaparu appeared
[kapivibela:   27.11.2021, 15:37:27] --> Character leveled up to level 17
[kapivibela:   27.11.2021, 15:37:29] --> zugesaparu appeared
[kapivibela:   27.11.2021, 15:37:33] --> zugesaparu appeared
[kapivibela:   27.11.2021, 15:37:52] --> Character leveled up to level 18
[kapivibela:   27.11.2021, 15:38:06] --> zugesaparu appeared
[kapivibela:   27.11.2021, 15:38:19] --> Character leveled up to level 19
[kapivibela:   27.11.2021, 15:38:29] --> wiligepozati appeared
[kapivibela:   27.11.2021, 15:38:45] --> Character leveled up to level 20
[kapivibela:   27.11.2021, 15:39:15] --> zebekikukeka appeared
[kapivibela:   27.11.2021, 15:39:15] --> Character leveled up to level 21
[kapivibela:   27.11.2021, 15:39:40] --> Character leveled up to level 22
[kapivibela:   27.11.2021, 15:40:23] --> Character leveled up to level 23
[kapivibela:   27.11.2021, 15:40:44] --> lomuholidi appeared
[kapivibela:   27.11.2021, 15:40:48] --> lomuholidi appeared
[kapivibela:   27.11.2021, 15:41:00] --> Character leveled up to level 24
[kapivibela:   27.11.2021, 15:41:57] --> Character leveled up to level 25
[kapivibela:   27.11.2021, 15:42:53] --> Character leveled up to level 26
[kapivibela:   27.11.2021, 15:44:11] --> Character leveled up to level 27
[kapivibela:   27.11.2021, 15:46:14] --> Character leveled up to level 28
[kapivibela:   27.11.2021, 15:48:32] --> Character leveled up to level 29
[kapivibela:   27.11.2021, 15:50:34] --> Character leveled up to level 30
[kapivibela:   27.11.2021, 15:53:34] --> Character leveled up to level 31
[kapivibela:   27.11.2021, 15:53:36] --> Bot terminated: Character reached level 31
[wipukipeniva: 27.11.2021, 15:54:57] --> Bot successfully started
[wipukipeniva: 27.11.2021, 15:54:57] --> Setting '1' loaded because of active level settings
[wipukipeniva: 27.11.2021, 15:55:04] --> Character went to saleswoman
[wipukipeniva: 27.11.2021, 15:55:07] --> Character was kicked from the bot, reason: Character was walking
[wipukipeniva: 27.11.2021, 15:55:39] --> Character was kicked from the bot, reason: Character was walking
[wipukipeniva: 27.11.2021, 15:55:52] --> Character leveled up to level 4
[wipukipeniva: 27.11.2021, 15:55:53] --> Character leveled up to level 6
[wipukipeniva: 27.11.2021, 15:55:54] --> Character leveled up to level 8
[wipukipeniva: 27.11.2021, 15:55:55] --> Character leveled up to level 9
[wipukipeniva: 27.11.2021, 15:55:58] --> Character leveled up to level 10
[wipukipeniva: 27.11.2021, 15:56:01] --> Character leveled up to level 11
[wipukipeniva: 27.11.2021, 15:56:05] --> Character leveled up to level 12
[wipukipeniva: 27.11.2021, 15:56:10] --> Character leveled up to level 13
[wipukipeniva: 27.11.2021, 15:56:22] --> Character leveled up to level 14
[wipukipeniva: 27.11.2021, 15:56:58] --> Character leveled up to level 15
[wipukipeniva: 27.11.2021, 15:56:58] --> Setting '2' loaded because of active level settings
[wipukipeniva: 27.11.2021, 15:57:08] --> rifizezahe appeared
[wipukipeniva: 27.11.2021, 15:57:11] --> Character was kicked from the bot, reason: Character was walking
[wipukipeniva: 27.11.2021, 15:57:16] --> bofatazawid appeared
[wipukipeniva: 27.11.2021, 15:57:31] --> rifizezahe appeared
[wipukipeniva: 27.11.2021, 15:57:36] --> Character was kicked from the bot, reason: Character was walking
[wipukipeniva: 27.11.2021, 15:58:07] --> Character leveled up to level 16
[wipukipeniva: 27.11.2021, 15:58:50] --> Character leveled up to level 17
[wipukipeniva: 27.11.2021, 15:59:24] --> Character leveled up to level 18
[wipukipeniva: 27.11.2021, 16:00:07] --> Character leveled up to level 19
[wipukipeniva: 27.11.2021, 16:00:57] --> Character leveled up to level 20
[wipukipeniva: 27.11.2021, 16:02:05] --> Character leveled up to level 21
[wipukipeniva: 27.11.2021, 16:02:49] --> lomuholidi appeared
[wipukipeniva: 27.11.2021, 16:02:57] --> lomuholidi appeared
[wipukipeniva: 27.11.2021, 16:03:15] --> zugesaparu appeared
[wipukipeniva: 27.11.2021, 16:03:28] --> Character leveled up to level 22
[wipukipeniva: 27.11.2021, 16:04:03] --> Character leveled up to level 23
[wipukipeniva: 27.11.2021, 16:04:18] --> dazorofupu appeared
[wipukipeniva: 27.11.2021, 16:04:23] --> dazorofupu appeared
[wipukipeniva: 27.11.2021, 16:04:34] --> Character leveled up to level 24
[wipukipeniva: 27.11.2021, 16:06:20] --> Character leveled up to level 25
[wipukipeniva: 27.11.2021, 16:08:04] --> Character leveled up to level 26
[wipukipeniva: 27.11.2021, 16:09:30] --> Character leveled up to level 27
[wipukipeniva: 27.11.2021, 16:11:22] --> Character leveled up to level 28
[wipukipeniva: 27.11.2021, 16:12:51] --> gamopareba appeared
[wipukipeniva: 27.11.2021, 16:13:07] --> Character leveled up to level 29
[wipukipeniva: 27.11.2021, 16:15:23] --> Character leveled up to level 30
[wipukipeniva: 27.11.2021, 16:18:27] --> Character leveled up to level 31
[wipukipeniva: 27.11.2021, 16:18:28] --> Bot terminated: Character reached level 31
[kicekeboburu: 27.11.2021, 16:19:30] --> Bot successfully started
[kicekeboburu: 27.11.2021, 16:19:31] --> LamaDiBuio appeared
[kicekeboburu: 27.11.2021, 16:19:31] --> Setting '1' loaded because of active level settings
[kicekeboburu: 27.11.2021, 16:19:37] --> Character went to saleswoman
[kicekeboburu: 27.11.2021, 16:19:40] --> Character was kicked from the bot, reason: Character was walking
[kicekeboburu: 27.11.2021, 16:20:11] --> Character was kicked from the bot, reason: Character was walking
[kicekeboburu: 27.11.2021, 16:20:24] --> Character leveled up to level 2
[kicekeboburu: 27.11.2021, 16:20:25] --> Character leveled up to level 6
[kicekeboburu: 27.11.2021, 16:20:26] --> Character leveled up to level 7
[kicekeboburu: 27.11.2021, 16:20:27] --> Character leveled up to level 8
[kicekeboburu: 27.11.2021, 16:20:28] --> Character leveled up to level 9
[kicekeboburu: 27.11.2021, 16:20:30] --> Character leveled up to level 10
[kicekeboburu: 27.11.2021, 16:20:33] --> Character leveled up to level 11
[kicekeboburu: 27.11.2021, 16:20:35] --> Character leveled up to level 12
[kicekeboburu: 27.11.2021, 16:20:40] --> Character leveled up to level 13
[kicekeboburu: 27.11.2021, 16:20:54] --> Character leveled up to level 14
[kicekeboburu: 27.11.2021, 16:21:03] --> Character leveled up to level 15
[kicekeboburu: 27.11.2021, 16:21:03] --> Setting '2' loaded because of active level settings
[kicekeboburu: 27.11.2021, 16:21:15] --> Character was kicked from the bot, reason: Character was walking
[kicekeboburu: 27.11.2021, 16:21:20] --> bofatazawid appeared
[kicekeboburu: 27.11.2021, 16:21:41] --> Character was kicked from the bot, reason: Character was walking
[kicekeboburu: 27.11.2021, 16:21:45] --> gamopareba appeared
[kicekeboburu: 27.11.2021, 16:22:30] --> Character leveled up to level 16
[kicekeboburu: 27.11.2021, 16:22:44] --> gamopareba appeared
[kicekeboburu: 27.11.2021, 16:22:54] --> gamopareba appeared
[kicekeboburu: 27.11.2021, 16:23:01] --> gamopareba appeared
[kicekeboburu: 27.11.2021, 16:23:11] --> gamopareba appeared
[kicekeboburu: 27.11.2021, 16:23:16] --> Character leveled up to level 17
[kicekeboburu: 27.11.2021, 16:23:19] --> gamopareba appeared
[kicekeboburu: 27.11.2021, 16:23:28] --> gamopareba appeared
[kicekeboburu: 27.11.2021, 16:23:53] --> gamopareba appeared
[kicekeboburu: 27.11.2021, 16:24:01] --> Character leveled up to level 18
[kicekeboburu: 27.11.2021, 16:24:02] --> gamopareba appeared
[kicekeboburu: 27.11.2021, 16:24:11] --> gamopareba appeared
[kicekeboburu: 27.11.2021, 16:24:18] --> gamopareba appeared
[kicekeboburu: 27.11.2021, 16:24:47] --> Character leveled up to level 19
[kicekeboburu: 27.11.2021, 16:25:18] --> gamopareba appeared
[kicekeboburu: 27.11.2021, 16:25:25] --> Character leveled up to level 20
[kicekeboburu: 27.11.2021, 16:25:29] --> gamopareba appeared
[kicekeboburu: 27.11.2021, 16:25:36] --> gamopareba appeared
[kicekeboburu: 27.11.2021, 16:26:09] --> Character leveled up to level 21
[kicekeboburu: 27.11.2021, 16:26:46] --> gamopareba appeared
[kicekeboburu: 27.11.2021, 16:27:06] --> Character leveled up to level 22
[kicekeboburu: 27.11.2021, 16:28:00] --> Character leveled up to level 23
[kicekeboburu: 27.11.2021, 16:28:46] --> gamopareba appeared
[kicekeboburu: 27.11.2021, 16:28:55] --> gamopareba appeared
[kicekeboburu: 27.11.2021, 16:29:02] --> gamopareba appeared
[kicekeboburu: 27.11.2021, 16:29:08] --> Character leveled up to level 24
[kicekeboburu: 27.11.2021, 16:29:11] --> zugesaparu appeared
[kicekeboburu: 27.11.2021, 16:29:29] --> zugesaparu appeared
[kicekeboburu: 27.11.2021, 16:29:43] --> Character leveled up to level 25
[kicekeboburu: 27.11.2021, 16:29:58] --> zugesaparu appeared
[kicekeboburu: 27.11.2021, 16:30:15] --> dazorofupu appeared
[kicekeboburu: 27.11.2021, 16:30:21] --> dazorofupu appeared
[kicekeboburu: 27.11.2021, 16:30:30] --> rucugenuba appeared
[kicekeboburu: 27.11.2021, 16:30:37] --> Character leveled up to level 26
[kicekeboburu: 27.11.2021, 16:30:38] --> zugesaparu appeared
[kicekeboburu: 27.11.2021, 16:30:49] --> dazorofupu appeared
[kicekeboburu: 27.11.2021, 16:31:45] --> Character leveled up to level 27
[kicekeboburu: 27.11.2021, 16:32:05] --> dazorofupu appeared
[kicekeboburu: 27.11.2021, 16:32:08] --> dazorofupu appeared
[kicekeboburu: 27.11.2021, 16:32:15] --> dazorofupu appeared
[kicekeboburu: 27.11.2021, 16:32:49] --> Character leveled up to level 28
[kicekeboburu: 27.11.2021, 16:32:54] --> dazorofupu appeared
[kicekeboburu: 27.11.2021, 16:34:06] --> Character leveled up to level 29
[kicekeboburu: 27.11.2021, 16:36:06] --> Character leveled up to level 30
[kicekeboburu: 27.11.2021, 16:36:13] --> rucugenuba appeared
[kicekeboburu: 27.11.2021, 16:36:20] --> pisipimibi appeared
[kicekeboburu: 27.11.2021, 16:36:23] --> zugesaparu appeared
[kicekeboburu: 27.11.2021, 16:37:53] --> Character leveled up to level 31
[kicekeboburu: 27.11.2021, 16:37:54] --> Bot terminated: Character reached level 31
[wugitugoroz:  27.11.2021, 16:44:44] --> Bot successfully started
[wugitugoroz:  27.11.2021, 16:44:44] --> MAINAGIOIGA appeared
[wugitugoroz:  27.11.2021, 16:44:45] --> Setting '1' loaded because of active level settings
[wugitugoroz:  27.11.2021, 16:44:51] --> Character went to saleswoman
[wugitugoroz:  27.11.2021, 16:44:54] --> Character was kicked from the bot, reason: Character was walking
[wugitugoroz:  27.11.2021, 16:45:27] --> Character was kicked from the bot, reason: Character was walking
[wugitugoroz:  27.11.2021, 16:45:40] --> Character leveled up to level 4
[wugitugoroz:  27.11.2021, 16:45:41] --> Character leveled up to level 7
[wugitugoroz:  27.11.2021, 16:45:42] --> Character leveled up to level 8
[wugitugoroz:  27.11.2021, 16:45:43] --> Character leveled up to level 9
[wugitugoroz:  27.11.2021, 16:45:46] --> Character leveled up to level 10
[wugitugoroz:  27.11.2021, 16:45:48] --> Character leveled up to level 11
[wugitugoroz:  27.11.2021, 16:45:49] --> Character leveled up to level 12
[wugitugoroz:  27.11.2021, 16:45:56] --> Character leveled up to level 13
[wugitugoroz:  27.11.2021, 16:46:04] --> Character leveled up to level 14
[wugitugoroz:  27.11.2021, 16:46:18] --> Character leveled up to level 15
[wugitugoroz:  27.11.2021, 16:46:18] --> Setting '2' loaded because of active level settings
[wugitugoroz:  27.11.2021, 16:46:31] --> Character was kicked from the bot, reason: Character was walking
[wugitugoroz:  27.11.2021, 16:46:35] --> bofatazawid appeared
[wugitugoroz:  27.11.2021, 16:46:57] --> Character was kicked from the bot, reason: Character was walking
[wugitugoroz:  27.11.2021, 16:47:00] --> pisipimibi appeared
[wugitugoroz:  27.11.2021, 16:47:38] --> Character leveled up to level 16
[wugitugoroz:  27.11.2021, 16:48:16] --> Character leveled up to level 17
[wugitugoroz:  27.11.2021, 16:48:50] --> Character leveled up to level 18
[wugitugoroz:  27.11.2021, 16:49:30] --> Character leveled up to level 19
[wugitugoroz:  27.11.2021, 16:50:18] --> Character leveled up to level 20
[wugitugoroz:  27.11.2021, 16:51:13] --> Character leveled up to level 21
[wugitugoroz:  27.11.2021, 16:52:27] --> Character leveled up to level 22
[wugitugoroz:  27.11.2021, 16:53:27] --> Character leveled up to level 23
[wugitugoroz:  27.11.2021, 16:54:13] --> Character leveled up to level 24
[wugitugoroz:  27.11.2021, 16:54:27] --> zugesaparu appeared
[wugitugoroz:  27.11.2021, 16:54:31] --> zugesaparu appeared
[wugitugoroz:  27.11.2021, 16:54:37] --> zugesaparu appeared
[wugitugoroz:  27.11.2021, 16:54:59] --> Character leveled up to level 25
[wugitugoroz:  27.11.2021, 16:55:04] --> pisipimibi appeared
[wugitugoroz:  27.11.2021, 16:55:52] --> zugesaparu appeared
[wugitugoroz:  27.11.2021, 16:55:57] --> kilerilapag appeared
[wugitugoroz:  27.11.2021, 16:56:08] --> Character leveled up to level 26
[wugitugoroz:  27.11.2021, 16:56:42] --> zugesaparu appeared
[wugitugoroz:  27.11.2021, 16:57:01] --> zugesaparu appeared
[wugitugoroz:  27.11.2021, 16:57:07] --> Character leveled up to level 27
[wugitugoroz:  27.11.2021, 16:57:29] --> zugesaparu appeared
[wugitugoroz:  27.11.2021, 16:58:01] --> Character leveled up to level 28
[wugitugoroz:  27.11.2021, 16:58:05] --> levelikegimu appeared
[wugitugoroz:  27.11.2021, 16:59:55] --> Character leveled up to level 29
[wugitugoroz:  27.11.2021, 17:02:23] --> Character leveled up to level 30
[wugitugoroz:  27.11.2021, 17:02:53] --> lopipafoba appeared
[wugitugoroz:  27.11.2021, 17:03:10] --> lopipafoba appeared
[wugitugoroz:  27.11.2021, 17:04:20] --> Character leveled up to level 31
[wugitugoroz:  27.11.2021, 17:04:22] --> Bot terminated: Character reached level 31
[kinofekibok:  27.11.2021, 17:05:26] --> Bot successfully started
[kinofekibok:  27.11.2021, 17:05:26] --> Setting '1' loaded because of active level settings
[kinofekibok:  27.11.2021, 17:05:33] --> Character went to saleswoman
[kinofekibok:  27.11.2021, 17:05:35] --> Character was kicked from the bot, reason: Character was walking
[kinofekibok:  27.11.2021, 17:05:41] --> pelawuwulez appeared
[kinofekibok:  27.11.2021, 17:06:09] --> Character was kicked from the bot, reason: Character was walking
[kinofekibok:  27.11.2021, 17:06:22] --> Character leveled up to level 4
[kinofekibok:  27.11.2021, 17:06:23] --> Character leveled up to level 7
[kinofekibok:  27.11.2021, 17:06:24] --> Character leveled up to level 8
[kinofekibok:  27.11.2021, 17:06:25] --> Character leveled up to level 9
[kinofekibok:  27.11.2021, 17:06:28] --> Character leveled up to level 10
[kinofekibok:  27.11.2021, 17:06:30] --> Character leveled up to level 11
[kinofekibok:  27.11.2021, 17:06:36] --> Character leveled up to level 12
[kinofekibok:  27.11.2021, 17:06:39] --> Character leveled up to level 13
[kinofekibok:  27.11.2021, 17:06:57] --> Character leveled up to level 14
[kinofekibok:  27.11.2021, 17:07:02] --> Character leveled up to level 15
[kinofekibok:  27.11.2021, 17:07:02] --> Setting '2' loaded because of active level settings
[kinofekibok:  27.11.2021, 17:07:15] --> Character was kicked from the bot, reason: Character was walking
[kinofekibok:  27.11.2021, 17:07:19] --> bunovipigu appeared
[kinofekibok:  27.11.2021, 17:07:39] --> Character was kicked from the bot, reason: Character was walking
[kinofekibok:  27.11.2021, 17:07:43] --> lopipafoba appeared
[kinofekibok:  27.11.2021, 17:08:42] --> Character leveled up to level 16
[kinofekibok:  27.11.2021, 17:09:40] --> Character leveled up to level 17
[kinofekibok:  27.11.2021, 17:10:26] --> Character leveled up to level 18
[kinofekibok:  27.11.2021, 17:11:03] --> Character leveled up to level 19
[kinofekibok:  27.11.2021, 17:12:03] --> Character leveled up to level 20
[kinofekibok:  27.11.2021, 17:13:22] --> Character leveled up to level 21
[kinofekibok:  27.11.2021, 17:14:44] --> Character leveled up to level 22
[kinofekibok:  27.11.2021, 17:16:16] --> Character leveled up to level 23
[kinofekibok:  27.11.2021, 17:17:58] --> Character leveled up to level 24
[kinofekibok:  27.11.2021, 17:18:55] --> dazorofupu appeared
[kinofekibok:  27.11.2021, 17:19:06] --> dazorofupu appeared
[kinofekibok:  27.11.2021, 17:19:11] --> Character leveled up to level 25
[kinofekibok:  27.11.2021, 17:19:31] --> levelikegimu appeared
[kinofekibok:  27.11.2021, 17:20:33] --> Character leveled up to level 26
[kinofekibok:  27.11.2021, 17:22:26] --> Bot successfully started
[kinofekibok:  27.11.2021, 17:22:26] --> Setting '2' loaded because of active level settings
[kinofekibok:  27.11.2021, 17:22:26] --> BACK13 appeared
[kinofekibok:  27.11.2021, 17:23:26] --> Character leveled up to level 27
[kinofekibok:  27.11.2021, 17:25:35] --> Character leveled up to level 28
[kinofekibok:  27.11.2021, 17:27:05] --> Character leveled up to level 29
[kinofekibok:  27.11.2021, 17:29:34] --> Character leveled up to level 30
[kinofekibok:  27.11.2021, 17:32:29] --> Character leveled up to level 31
[kinofekibok:  27.11.2021, 17:32:30] --> Bot terminated: Character reached level 31
[kapivibela:   27.11.2021, 18:03:12] --> Bot successfully started
[kapivibela:   27.11.2021, 18:03:17] --> Time passed, now going to talk to alchemist: kapivibela
[kapivibela:   27.11.2021, 18:03:17] --> Character went to Alchemist: kapivibela
[kapivibela:   27.11.2021, 18:03:24] --> hunoburivar appeared
[kapivibela:   27.11.2021, 18:03:40] --> Character was kicked from the bot, reason: Character was walking
[kapivibela:   27.11.2021, 18:03:45] --> andrecalt365 appeared
[kapivibela:   27.11.2021, 18:04:06] --> Character was kicked from the bot, reason: Character was walking
[kapivibela:   27.11.2021, 18:04:40] --> Character was kicked from the bot, reason: Character was walking
[kapivibela:   27.11.2021, 18:04:44] --> zevebagepu appeared
[kapivibela:   27.11.2021, 18:04:57] --> Character died
[kapivibela:   27.11.2021, 18:05:18] --> Character died
[kapivibela:   27.11.2021, 18:05:35] --> Character died
[kapivibela:   27.11.2021, 18:05:55] --> Character died
[kapivibela:   27.11.2021, 18:06:10] --> Character died
[kapivibela:   27.11.2021, 18:07:12] --> zurivuhumon appeared
[kapivibela:   27.11.2021, 18:07:34] --> zevebagepu appeared
[kapivibela:   27.11.2021, 18:08:38] --> Character died
[kapivibela:   27.11.2021, 18:09:02] --> lomuholidi appeared
[kapivibela:   27.11.2021, 18:09:02] --> Character died
[kapivibela:   27.11.2021, 18:09:14] --> lomuholidi appeared
[kapivibela:   27.11.2021, 18:09:18] --> Character died
[kapivibela:   27.11.2021, 18:09:31] --> Character died
[kapivibela:   27.11.2021, 18:09:39] --> Character died
[kapivibela:   27.11.2021, 18:09:53] --> lomuholidi appeared
[kapivibela:   27.11.2021, 18:09:58] --> Character died
[kapivibela:   27.11.2021, 18:10:16] --> lomuholidi appeared
[kapivibela:   27.11.2021, 18:10:24] --> Character died
[kapivibela:   27.11.2021, 18:10:38] --> lomuholidi appeared
[kapivibela:   27.11.2021, 18:10:46] --> Character died
[kapivibela:   27.11.2021, 18:11:11] --> Character died
[kapivibela:   27.11.2021, 18:11:36] --> Character died
[kapivibela:   27.11.2021, 18:11:47] --> Character died
[kapivibela:   27.11.2021, 18:11:53] --> Character died
[kapivibela:   27.11.2021, 18:12:11] --> lomuholidi appeared
[kapivibela:   27.11.2021, 18:12:18] --> Character died
[kapivibela:   27.11.2021, 18:12:47] --> Character died
[kapivibela:   27.11.2021, 18:12:48] --> zurivuhumon appeared
[kapivibela:   27.11.2021, 18:13:04] --> lomuholidi appeared
[kapivibela:   27.11.2021, 18:13:11] --> Character died
[kapivibela:   27.11.2021, 18:13:26] --> lomuholidi appeared
[kapivibela:   27.11.2021, 18:13:34] --> Character died
[kapivibela:   27.11.2021, 18:13:52] --> lomuholidi appeared
[kapivibela:   27.11.2021, 18:14:00] --> Character died
[kapivibela:   27.11.2021, 18:14:19] --> lomuholidi appeared
[kapivibela:   27.11.2021, 18:14:33] --> Character died
[kapivibela:   27.11.2021, 18:14:56] --> Character died
[kapivibela:   27.11.2021, 18:15:04] --> zurivuhumon appeared
[kapivibela:   27.11.2021, 18:15:14] --> zurivuhumon appeared
[kapivibela:   27.11.2021, 18:15:58] --> zurivuhumon appeared
[kapivibela:   27.11.2021, 18:16:35] --> Character died
[kapivibela:   27.11.2021, 18:16:50] --> lomuholidi appeared
[kapivibela:   27.11.2021, 18:16:55] --> Character died
[kapivibela:   27.11.2021, 18:17:13] --> lomuholidi appeared
[kapivibela:   27.11.2021, 18:18:06] --> lomuholidi appeared
[kapivibela:   27.11.2021, 18:18:27] --> Character died
[kapivibela:   27.11.2021, 18:18:48] --> zurivuhumon appeared
[kapivibela:   27.11.2021, 18:18:57] --> Character died
[kapivibela:   27.11.2021, 18:19:22] --> Character died
[kapivibela:   27.11.2021, 18:19:43] --> Character died
[kapivibela:   27.11.2021, 18:21:04] --> lomuholidi appeared
[kapivibela:   27.11.2021, 18:21:26] --> zurivuhumon appeared
[kapivibela:   27.11.2021, 18:22:36] --> kacufofovo appeared
[kapivibela:   27.11.2021, 18:22:50] --> Character leveled up to level 32
[kapivibela:   27.11.2021, 18:22:51] --> lomuholidi appeared
[kapivibela:   27.11.2021, 18:23:02] --> lomuholidi appeared
[kapivibela:   27.11.2021, 18:23:22] --> lomuholidi appeared
[kapivibela:   27.11.2021, 18:23:51] --> lomuholidi appeared
[kapivibela:   27.11.2021, 18:23:58] --> lomuholidi appeared
[kapivibela:   27.11.2021, 18:24:09] --> 10 shards collected, now going to talk to alchemist: kapivibela
[kapivibela:   27.11.2021, 18:24:09] --> Character went to Alchemist: kapivibela
[kapivibela:   27.11.2021, 18:24:33] --> Character was kicked from the bot, reason: Character was walking
[kapivibela:   27.11.2021, 18:24:39] --> Pinix appeared
[kapivibela:   27.11.2021, 18:24:56] --> Character was kicked from the bot, reason: Character was walking
[kapivibela:   27.11.2021, 18:25:01] --> fovehefako appeared
[kapivibela:   27.11.2021, 18:25:30] --> Character was kicked from the bot, reason: Character was walking
[kapivibela:   27.11.2021, 18:25:43] --> lomuholidi appeared
[kapivibela:   27.11.2021, 18:26:30] --> lomuholidi appeared
[kapivibela:   27.11.2021, 18:30:28] --> Character leveled up to level 33
[kapivibela:   27.11.2021, 18:36:42] --> Character leveled up to level 34
[kapivibela:   27.11.2021, 18:43:17] --> kacufofovo appeared
[kapivibela:   27.11.2021, 18:44:01] --> kacufofovo appeared
[kapivibela:   27.11.2021, 18:44:03] --> Character leveled up to level 35
[kapivibela:   27.11.2021, 18:44:27] --> zevebagepu appeared
[kapivibela:   27.11.2021, 18:44:37] --> gamopareba appeared
[kapivibela:   27.11.2021, 18:44:39] --> gamopareba appeared
[kapivibela:   27.11.2021, 18:44:43] --> Character died
[kapivibela:   27.11.2021, 18:45:02] --> Character died
[kapivibela:   27.11.2021, 18:45:19] --> Character died
[kapivibela:   27.11.2021, 18:45:35] --> gamopareba appeared
[kapivibela:   27.11.2021, 18:45:37] --> Character died
[kapivibela:   27.11.2021, 18:46:14] --> kacufofovo appeared
[kapivibela:   27.11.2021, 18:46:59] --> kacufofovo appeared
[kapivibela:   27.11.2021, 18:47:15] --> gamopareba appeared
[kapivibela:   27.11.2021, 18:47:28] --> gamopareba appeared
[kapivibela:   27.11.2021, 18:47:35] --> gamopareba appeared
[kapivibela:   27.11.2021, 18:47:46] --> gamopareba appeared
[kapivibela:   27.11.2021, 18:48:04] --> gamopareba appeared
[kapivibela:   27.11.2021, 18:48:11] --> gamopareba appeared
[kapivibela:   27.11.2021, 18:48:21] --> gamopareba appeared
[kapivibela:   27.11.2021, 18:48:22] --> gamopareba appeared
[kapivibela:   27.11.2021, 18:48:25] --> gamopareba appeared
[kapivibela:   27.11.2021, 18:48:38] --> gamopareba appeared
[kapivibela:   27.11.2021, 18:48:48] --> gamopareba appeared
[kapivibela:   27.11.2021, 18:48:53] --> gamopareba appeared
[kapivibela:   27.11.2021, 18:49:08] --> Character died
[kapivibela:   27.11.2021, 18:49:27] --> gamopareba appeared
[kapivibela:   27.11.2021, 18:49:44] --> kacufofovo appeared
[kapivibela:   27.11.2021, 18:50:29] --> gamopareba appeared
[kapivibela:   27.11.2021, 18:51:06] --> gamopareba appeared
[kapivibela:   27.11.2021, 18:51:10] --> gamopareba appeared
[kapivibela:   27.11.2021, 18:51:19] --> gamopareba appeared
[kapivibela:   27.11.2021, 18:51:28] --> gamopareba appeared
[kapivibela:   27.11.2021, 18:51:32] --> gamopareba appeared
[kapivibela:   27.11.2021, 18:51:43] --> gamopareba appeared
[kapivibela:   27.11.2021, 18:52:15] --> gamopareba appeared
[kapivibela:   27.11.2021, 18:52:23] --> gamopareba appeared
[kapivibela:   27.11.2021, 18:53:47] --> Character leveled up to level 36
[kapivibela:   27.11.2021, 18:55:02] --> kacufofovo appeared
[kapivibela:   27.11.2021, 18:55:51] --> zevebagepu appeared
[kapivibela:   27.11.2021, 18:56:03] --> Char changed: 5 dragon cors collected, total cor count: 5
[kapivibela:   27.11.2021, 18:56:03] --> Character was kicked from the bot, reason: Changing character
[wipukipeniva: 27.11.2021, 18:56:38] --> kazokodoza appeared
[wipukipeniva: 27.11.2021, 18:56:39] --> Time passed, now going to talk to alchemist: wipukipeniva
[wipukipeniva: 27.11.2021, 18:56:39] --> Character went to Alchemist: wipukipeniva
[wipukipeniva: 27.11.2021, 18:57:02] --> Character was kicked from the bot, reason: Character was walking
[wipukipeniva: 27.11.2021, 18:57:08] --> nicevoluruda appeared
[wipukipeniva: 27.11.2021, 18:57:25] --> Character was kicked from the bot, reason: Character was walking
[wipukipeniva: 27.11.2021, 18:58:08] --> Character was kicked from the bot, reason: Character was walking
[wipukipeniva: 27.11.2021, 18:58:46] --> Character was kicked from the bot, reason: Character was walking
[wipukipeniva: 27.11.2021, 18:58:49] --> gamopareba appeared
[wipukipeniva: 27.11.2021, 18:59:00] --> Character died
[wipukipeniva: 27.11.2021, 18:59:15] --> gamopareba appeared
[wipukipeniva: 27.11.2021, 18:59:25] --> Character died
[wipukipeniva: 27.11.2021, 18:59:44] --> gamopareba appeared
[wipukipeniva: 27.11.2021, 18:59:49] --> Character died
[wipukipeniva: 27.11.2021, 19:00:06] --> Character died
[wipukipeniva: 27.11.2021, 19:00:16] --> Character died
[wipukipeniva: 27.11.2021, 19:00:40] --> Character died
[wipukipeniva: 27.11.2021, 19:00:41] --> kacufofovo appeared
[wipukipeniva: 27.11.2021, 19:01:08] --> Character died
[wipukipeniva: 27.11.2021, 19:02:25] --> gamopareba appeared
[wipukipeniva: 27.11.2021, 19:02:40] --> Character died
[wipukipeniva: 27.11.2021, 19:03:10] --> Character died
[wipukipeniva: 27.11.2021, 19:03:20] --> gamopareba appeared
[wipukipeniva: 27.11.2021, 19:04:04] --> gamopareba appeared
[wipukipeniva: 27.11.2021, 19:04:07] --> gamopareba appeared
[wipukipeniva: 27.11.2021, 19:04:26] --> gamopareba appeared
[wipukipeniva: 27.11.2021, 19:04:29] --> kacufofovo appeared
[wipukipeniva: 27.11.2021, 19:04:33] --> kacufofovo appeared
[wipukipeniva: 27.11.2021, 19:05:00] --> kacufofovo appeared
[wipukipeniva: 27.11.2021, 19:05:43] --> Character died
[wipukipeniva: 27.11.2021, 19:06:00] --> gamopareba appeared
[wipukipeniva: 27.11.2021, 19:06:04] --> Character died
[wipukipeniva: 27.11.2021, 19:06:42] --> gamopareba appeared
[wipukipeniva: 27.11.2021, 19:06:51] --> gamopareba appeared
[wipukipeniva: 27.11.2021, 19:07:06] --> gamopareba appeared
[wipukipeniva: 27.11.2021, 19:07:23] --> gamopareba appeared
[wipukipeniva: 27.11.2021, 19:08:06] --> zevebagepu appeared
[wipukipeniva: 27.11.2021, 19:08:16] --> gamopareba appeared
[wipukipeniva: 27.11.2021, 19:08:29] --> gamopareba appeared
[wipukipeniva: 27.11.2021, 19:08:33] --> kacufofovo appeared
[wipukipeniva: 27.11.2021, 19:08:50] --> Character leveled up to level 32
[wipukipeniva: 27.11.2021, 19:09:13] --> gamopareba appeared
[wipukipeniva: 27.11.2021, 19:09:21] --> kacufofovo appeared
[wipukipeniva: 27.11.2021, 19:09:21] --> 10 shards collected, now going to talk to alchemist: wipukipeniva
[wipukipeniva: 27.11.2021, 19:09:21] --> Character went to Alchemist: wipukipeniva
[wipukipeniva: 27.11.2021, 19:09:22] --> Character died
[wipukipeniva: 27.11.2021, 19:09:25] --> Character was kicked from the bot, reason: Character was walking
[wipukipeniva: 27.11.2021, 19:09:54] --> Character died
[wipukipeniva: 27.11.2021, 19:10:20] --> Character was kicked from the bot, reason: Character was walking
[wipukipeniva: 27.11.2021, 19:10:45] --> Character was kicked from the bot, reason: Character was walking
[wipukipeniva: 27.11.2021, 19:11:19] --> Character was kicked from the bot, reason: Character was walking
[wipukipeniva: 27.11.2021, 19:11:23] --> gamopareba appeared
[wipukipeniva: 27.11.2021, 19:11:54] --> gamopareba appeared
[wipukipeniva: 27.11.2021, 19:12:05] --> gamopareba appeared
[wipukipeniva: 27.11.2021, 19:12:18] --> gamopareba appeared
[wipukipeniva: 27.11.2021, 19:12:34] --> Character died
[wipukipeniva: 27.11.2021, 19:12:40] --> gamopareba appeared
[wipukipeniva: 27.11.2021, 19:16:55] --> Character leveled up to level 33
[wipukipeniva: 27.11.2021, 19:23:01] --> Character leveled up to level 34
[wipukipeniva: 27.11.2021, 19:25:15] --> Character died
[wipukipeniva: 27.11.2021, 19:25:33] --> Character died
[wipukipeniva: 27.11.2021, 19:25:55] --> kacufofovo appeared
[wipukipeniva: 27.11.2021, 19:26:02] --> kacufofovo appeared
[wipukipeniva: 27.11.2021, 19:26:50] --> Character died
[wipukipeniva: 27.11.2021, 19:27:07] --> pisipimibi appeared
[wipukipeniva: 27.11.2021, 19:30:28] --> Character leveled up to level 35
[wipukipeniva: 27.11.2021, 19:33:24] --> zevebagepu appeared
[wipukipeniva: 27.11.2021, 19:33:52] --> kacufofovo appeared
[wipukipeniva: 27.11.2021, 19:34:03] --> Character died
[wipukipeniva: 27.11.2021, 19:34:17] --> kacufofovo appeared
[wipukipeniva: 27.11.2021, 19:34:20] --> kacufofovo appeared
[wipukipeniva: 27.11.2021, 19:34:26] --> Character died
[wipukipeniva: 27.11.2021, 19:34:48] --> Character died
[wipukipeniva: 27.11.2021, 19:35:01] --> Character died
[wipukipeniva: 27.11.2021, 19:35:08] --> Character died
[wipukipeniva: 27.11.2021, 19:35:28] --> Character died
[wipukipeniva: 27.11.2021, 19:35:47] --> Character died
[wipukipeniva: 27.11.2021, 19:36:12] --> Character died
[wipukipeniva: 27.11.2021, 19:36:24] --> pisipimibi appeared
[wipukipeniva: 27.11.2021, 19:37:00] --> kacufofovo appeared
[wipukipeniva: 27.11.2021, 19:37:17] --> kacufofovo appeared
[wipukipeniva: 27.11.2021, 19:37:44] --> Char changed: 5 dragon cors collected, total cor count: 5
[wipukipeniva: 27.11.2021, 19:37:45] --> Character was kicked from the bot, reason: Changing character
[kicekeboburu: 27.11.2021, 19:38:20] --> Time passed, now going to talk to alchemist: kicekeboburu
[kicekeboburu: 27.11.2021, 19:38:20] --> Character went to Alchemist: kicekeboburu
[kicekeboburu: 27.11.2021, 19:38:23] --> Character was kicked from the bot, reason: Character was walking
[kicekeboburu: 27.11.2021, 19:38:44] --> Character was kicked from the bot, reason: Character was walking
[kicekeboburu: 27.11.2021, 19:38:50] --> nubomikekaz appeared
[kicekeboburu: 27.11.2021, 19:39:08] --> Character was kicked from the bot, reason: Character was walking
[kicekeboburu: 27.11.2021, 19:39:21] --> nubomikekaz appeared
[kicekeboburu: 27.11.2021, 19:39:36] --> rumimabipa appeared
[kicekeboburu: 27.11.2021, 19:39:43] --> Character was kicked from the bot, reason: Character was walking
[kicekeboburu: 27.11.2021, 19:40:02] --> Character died
[kicekeboburu: 27.11.2021, 19:40:16] --> pisipimibi appeared
[kicekeboburu: 27.11.2021, 19:40:34] --> kacufofovo appeared
[kicekeboburu: 27.11.2021, 19:40:56] --> kacufofovo appeared
[kicekeboburu: 27.11.2021, 19:41:16] --> pisipimibi appeared
[kicekeboburu: 27.11.2021, 19:41:48] --> pisipimibi appeared
[kicekeboburu: 27.11.2021, 19:41:55] --> pisipimibi appeared
[kicekeboburu: 27.11.2021, 19:42:29] --> pisipimibi appeared
[kicekeboburu: 27.11.2021, 19:42:56] --> pisipimibi appeared
[kicekeboburu: 27.11.2021, 19:43:04] --> pisipimibi appeared
[kicekeboburu: 27.11.2021, 19:43:18] --> pisipimibi appeared
[kicekeboburu: 27.11.2021, 19:43:35] --> pisipimibi appeared
[kicekeboburu: 27.11.2021, 19:44:07] --> pisipimibi appeared
[kicekeboburu: 27.11.2021, 19:44:13] --> pisipimibi appeared
[kicekeboburu: 27.11.2021, 19:44:24] --> pisipimibi appeared
[kicekeboburu: 27.11.2021, 19:44:38] --> pisipimibi appeared
[kicekeboburu: 27.11.2021, 19:45:19] --> pisipimibi appeared
[kicekeboburu: 27.11.2021, 19:45:28] --> pisipimibi appeared
[kicekeboburu: 27.11.2021, 19:45:42] --> Character leveled up to level 32
[kicekeboburu: 27.11.2021, 19:46:34] --> pisipimibi appeared
[kicekeboburu: 27.11.2021, 19:46:54] --> pisipimibi appeared
[kicekeboburu: 27.11.2021, 19:47:17] --> Character died
[kicekeboburu: 27.11.2021, 19:47:40] --> Character died
[kicekeboburu: 27.11.2021, 19:47:58] --> Character died
[kicekeboburu: 27.11.2021, 19:48:09] --> pisipimibi appeared
[kicekeboburu: 27.11.2021, 19:48:58] --> pisipimibi appeared
[kicekeboburu: 27.11.2021, 19:49:02] --> 10 shards collected, now going to talk to alchemist: kicekeboburu
[kicekeboburu: 27.11.2021, 19:49:02] --> Character went to Alchemist: kicekeboburu
[kicekeboburu: 27.11.2021, 19:49:26] --> Character was kicked from the bot, reason: Character was walking
[kicekeboburu: 27.11.2021, 19:49:50] --> Character was kicked from the bot, reason: Character was walking
[kicekeboburu: 27.11.2021, 19:50:24] --> Character was kicked from the bot, reason: Character was walking
[kicekeboburu: 27.11.2021, 19:50:27] --> pisipimibi appeared
[kicekeboburu: 27.11.2021, 19:54:33] --> Character leveled up to level 33
[kicekeboburu: 27.11.2021, 20:01:12] --> kacufofovo appeared
[kicekeboburu: 27.11.2021, 20:01:19] --> Character leveled up to level 34
[kicekeboburu: 27.11.2021, 20:01:50] --> Character died
[kicekeboburu: 27.11.2021, 20:02:06] --> Character died
[kicekeboburu: 27.11.2021, 20:02:13] --> Character died
[kicekeboburu: 27.11.2021, 20:02:37] --> Character died
[kicekeboburu: 27.11.2021, 20:03:00] --> Character died
[kicekeboburu: 27.11.2021, 20:05:05] --> lopipafoba appeared
[kicekeboburu: 27.11.2021, 20:05:13] --> lopipafoba appeared
[kicekeboburu: 27.11.2021, 20:05:26] --> lopipafoba appeared
[kicekeboburu: 27.11.2021, 20:05:42] --> Character died
[kicekeboburu: 27.11.2021, 20:05:46] --> lopipafoba appeared
[kicekeboburu: 27.11.2021, 20:06:03] --> lopipafoba appeared
[kicekeboburu: 27.11.2021, 20:06:19] --> Character died
[kicekeboburu: 27.11.2021, 20:06:40] --> Character died
[kicekeboburu: 27.11.2021, 20:06:57] --> lopipafoba appeared
[kicekeboburu: 27.11.2021, 20:07:57] --> lopipafoba appeared
[kicekeboburu: 27.11.2021, 20:08:11] --> Character died
[kicekeboburu: 27.11.2021, 20:08:34] --> Character died
[kicekeboburu: 27.11.2021, 20:08:58] --> lopipafoba appeared
[kicekeboburu: 27.11.2021, 20:09:45] --> lopipafoba appeared
[kicekeboburu: 27.11.2021, 20:10:10] --> lopipafoba appeared
[kicekeboburu: 27.11.2021, 20:10:57] --> lopipafoba appeared
[kicekeboburu: 27.11.2021, 20:11:20] --> lopipafoba appeared
[kicekeboburu: 27.11.2021, 20:12:03] --> lopipafoba appeared
[kicekeboburu: 27.11.2021, 20:12:12] --> Character leveled up to level 35
[kicekeboburu: 27.11.2021, 20:12:33] --> lopipafoba appeared
[kicekeboburu: 27.11.2021, 20:14:06] --> zevebagepu appeared
[kicekeboburu: 27.11.2021, 20:14:33] --> lopipafoba appeared
[kicekeboburu: 27.11.2021, 20:14:50] --> Character died
[kicekeboburu: 27.11.2021, 20:15:05] --> Character died
[kicekeboburu: 27.11.2021, 20:15:24] --> lopipafoba appeared
[kicekeboburu: 27.11.2021, 20:15:57] --> lopipafoba appeared
[kicekeboburu: 27.11.2021, 20:16:08] --> lopipafoba appeared
[kicekeboburu: 27.11.2021, 20:16:31] --> lopipafoba appeared
[kicekeboburu: 27.11.2021, 20:16:50] --> zevebagepu appeared
[kicekeboburu: 27.11.2021, 20:17:10] --> lopipafoba appeared
[kicekeboburu: 27.11.2021, 20:17:42] --> lopipafoba appeared
[kicekeboburu: 27.11.2021, 20:18:18] --> lopipafoba appeared
[kicekeboburu: 27.11.2021, 20:18:21] --> lopipafoba appeared
[kicekeboburu: 27.11.2021, 20:18:54] --> lopipafoba appeared
[kicekeboburu: 27.11.2021, 20:19:36] --> lopipafoba appeared
[kicekeboburu: 27.11.2021, 20:19:47] --> Character leveled up to level 36
[kicekeboburu: 27.11.2021, 20:20:09] --> lopipafoba appeared
[kicekeboburu: 27.11.2021, 20:20:15] --> lopipafoba appeared
[kicekeboburu: 27.11.2021, 20:20:24] --> lopipafoba appeared
[kicekeboburu: 27.11.2021, 20:20:28] --> lopipafoba appeared
[kicekeboburu: 27.11.2021, 20:20:35] --> lopipafoba appeared
[kicekeboburu: 27.11.2021, 20:20:41] --> lopipafoba appeared
[kicekeboburu: 27.11.2021, 20:20:51] --> lopipafoba appeared
[kicekeboburu: 27.11.2021, 20:20:57] --> lopipafoba appeared
[kicekeboburu: 27.11.2021, 20:24:58] --> Char changed: 5 dragon cors collected, total cor count: 5
[kicekeboburu: 27.11.2021, 20:24:58] --> Character was kicked from the bot, reason: Changing character
[wugitugoroz:  27.11.2021, 20:25:34] --> Time passed, now going to talk to alchemist: wugitugoroz
[wugitugoroz:  27.11.2021, 20:25:34] --> Character went to Alchemist: wugitugoroz
[wugitugoroz:  27.11.2021, 20:25:42] --> beponuvufuro appeared
[wugitugoroz:  27.11.2021, 20:25:59] --> Character was kicked from the bot, reason: Character was walking
[wugitugoroz:  27.11.2021, 20:26:03] --> KITEMURT appeared
[wugitugoroz:  27.11.2021, 20:26:22] --> Character was kicked from the bot, reason: Character was walking
[wugitugoroz:  27.11.2021, 20:26:49] --> zevebagepu appeared
[wugitugoroz:  27.11.2021, 20:26:57] --> Character was kicked from the bot, reason: Character was walking
[wugitugoroz:  27.11.2021, 20:27:00] --> lopipafoba appeared
[wugitugoroz:  27.11.2021, 20:27:14] --> lopipafoba appeared
[wugitugoroz:  27.11.2021, 20:27:24] --> lopipafoba appeared
[wugitugoroz:  27.11.2021, 20:27:38] --> lopipafoba appeared
[wugitugoroz:  27.11.2021, 20:27:49] --> lopipafoba appeared
[wugitugoroz:  27.11.2021, 20:27:54] --> lopipafoba appeared
[wugitugoroz:  27.11.2021, 20:28:20] --> lopipafoba appeared
[wugitugoroz:  27.11.2021, 20:29:00] --> lopipafoba appeared
[wugitugoroz:  27.11.2021, 20:29:15] --> Character died
[wugitugoroz:  27.11.2021, 20:29:39] --> Character died
[wugitugoroz:  27.11.2021, 20:29:54] --> lopipafoba appeared
[wugitugoroz:  27.11.2021, 20:30:16] --> lopipafoba appeared
[wugitugoroz:  27.11.2021, 20:30:22] --> lopipafoba appeared
[wugitugoroz:  27.11.2021, 20:30:33] --> lopipafoba appeared
[wugitugoroz:  27.11.2021, 20:30:37] --> lopipafoba appeared
[wugitugoroz:  27.11.2021, 20:32:15] --> Character leveled up to level 32
[wugitugoroz:  27.11.2021, 20:35:10] --> 10 shards collected, now going to talk to alchemist: wugitugoroz
[wugitugoroz:  27.11.2021, 20:35:10] --> Character went to Alchemist: wugitugoroz
[wugitugoroz:  27.11.2021, 20:35:28] --> kitehuliko appeared
[wugitugoroz:  27.11.2021, 20:35:34] --> Character was kicked from the bot, reason: Character was walking
[wugitugoroz:  27.11.2021, 20:35:57] --> Character was kicked from the bot, reason: Character was walking
[wugitugoroz:  27.11.2021, 20:36:22] --> tolukupeci appeared
[wugitugoroz:  27.11.2021, 20:36:30] --> Character was kicked from the bot, reason: Character was walking
[wugitugoroz:  27.11.2021, 20:36:34] --> lopipafoba appeared
[wugitugoroz:  27.11.2021, 20:37:26] --> lopipafoba appeared
[wugitugoroz:  27.11.2021, 20:37:54] --> lopipafoba appeared
[wugitugoroz:  27.11.2021, 20:37:58] --> lopipafoba appeared
[wugitugoroz:  27.11.2021, 20:38:15] --> lopipafoba appeared
[wugitugoroz:  27.11.2021, 20:38:35] --> Character leveled up to level 33
[wugitugoroz:  27.11.2021, 20:38:41] --> lopipafoba appeared
[wugitugoroz:  27.11.2021, 20:39:26] --> zevebagepu appeared
[wugitugoroz:  27.11.2021, 20:39:45] --> lopipafoba appeared
[wugitugoroz:  27.11.2021, 20:39:51] --> lopipafoba appeared
[wugitugoroz:  27.11.2021, 20:40:06] --> Character died
[wugitugoroz:  27.11.2021, 20:40:10] --> lopipafoba appeared
[wugitugoroz:  27.11.2021, 20:40:38] --> lopipafoba appeared
[wugitugoroz:  27.11.2021, 20:40:44] --> lopipafoba appeared
[wugitugoroz:  27.11.2021, 20:40:54] --> lopipafoba appeared
[wugitugoroz:  27.11.2021, 20:43:59] --> Character died
[wugitugoroz:  27.11.2021, 20:44:22] --> Character died
[wugitugoroz:  27.11.2021, 20:44:25] --> vadolukawid appeared
[wugitugoroz:  27.11.2021, 20:44:42] --> vadolukawid appeared
[wugitugoroz:  27.11.2021, 20:44:51] --> Character died
[wugitugoroz:  27.11.2021, 20:45:16] --> Character died
[wugitugoroz:  27.11.2021, 20:45:37] --> vadolukawid appeared
[wugitugoroz:  27.11.2021, 20:46:28] --> Character leveled up to level 34
[wugitugoroz:  27.11.2021, 20:46:43] --> vadolukawid appeared
[wugitugoroz:  27.11.2021, 20:46:56] --> Character died
[wugitugoroz:  27.11.2021, 20:47:14] --> vadolukawid appeared
[wugitugoroz:  27.11.2021, 20:47:23] --> Character died
[wugitugoroz:  27.11.2021, 20:47:43] --> vadolukawid appeared
[wugitugoroz:  27.11.2021, 20:48:21] --> vadolukawid appeared
[wugitugoroz:  27.11.2021, 20:48:25] --> zevebagepu appeared
[wugitugoroz:  27.11.2021, 20:48:29] --> vadolukawid appeared
[wugitugoroz:  27.11.2021, 20:48:41] --> vadolukawid appeared
[wugitugoroz:  27.11.2021, 20:48:58] --> vadolukawid appeared
[wugitugoroz:  27.11.2021, 20:49:00] --> Character died
[wugitugoroz:  27.11.2021, 20:49:16] --> vadolukawid appeared
[wugitugoroz:  27.11.2021, 20:49:36] --> Character died
[wugitugoroz:  27.11.2021, 20:50:05] --> Character died
[wugitugoroz:  27.11.2021, 20:50:09] --> vadolukawid appeared
[wugitugoroz:  27.11.2021, 20:50:24] --> vadolukawid appeared
[wugitugoroz:  27.11.2021, 20:50:57] --> zevebagepu appeared
[wugitugoroz:  27.11.2021, 20:51:01] --> vadolukawid appeared
[wugitugoroz:  27.11.2021, 20:51:21] --> vadolukawid appeared
[wugitugoroz:  27.11.2021, 20:51:38] --> Character died
[wugitugoroz:  27.11.2021, 20:51:41] --> vadolukawid appeared
[wugitugoroz:  27.11.2021, 20:52:20] --> vadolukawid appeared
[wugitugoroz:  27.11.2021, 20:52:30] --> vadolukawid appeared
[wugitugoroz:  27.11.2021, 20:52:42] --> vadolukawid appeared
[wugitugoroz:  27.11.2021, 20:53:00] --> vadolukawid appeared
[wugitugoroz:  27.11.2021, 20:53:24] --> vadolukawid appeared
[wugitugoroz:  27.11.2021, 20:53:27] --> vadolukawid appeared
[wugitugoroz:  27.11.2021, 20:53:39] --> vadolukawid appeared
[wugitugoroz:  27.11.2021, 20:54:10] --> vadolukawid appeared
[wugitugoroz:  27.11.2021, 20:54:23] --> Character died
[wugitugoroz:  27.11.2021, 20:54:38] --> vadolukawid appeared
[wugitugoroz:  27.11.2021, 20:54:46] --> Character died
[wugitugoroz:  27.11.2021, 20:55:10] --> Character died
[wugitugoroz:  27.11.2021, 20:55:23] --> Character died
[wugitugoroz:  27.11.2021, 20:55:29] --> Character died
[wugitugoroz:  27.11.2021, 20:55:32] --> vadolukawid appeared
[wugitugoroz:  27.11.2021, 20:55:44] --> vadolukawid appeared
[wugitugoroz:  27.11.2021, 20:55:49] --> Character died
[wugitugoroz:  27.11.2021, 20:56:01] --> vadolukawid appeared
[wugitugoroz:  27.11.2021, 20:56:07] --> Character died
[wugitugoroz:  27.11.2021, 20:56:23] --> Character died
[wugitugoroz:  27.11.2021, 20:56:31] --> Character died
[wugitugoroz:  27.11.2021, 20:58:06] --> Character died
[wugitugoroz:  27.11.2021, 20:58:10] --> vadolukawid appeared
[wugitugoroz:  27.11.2021, 20:58:25] --> vadolukawid appeared
[wugitugoroz:  27.11.2021, 20:58:33] --> Character died
[wugitugoroz:  27.11.2021, 20:59:04] --> vadolukawid appeared
[wugitugoroz:  27.11.2021, 20:59:50] --> vadolukawid appeared
[wugitugoroz:  27.11.2021, 21:00:18] --> Character leveled up to level 35
[wugitugoroz:  27.11.2021, 21:07:17] --> Character leveled up to level 36
[wugitugoroz:  27.11.2021, 21:07:24] --> Char changed: 5 dragon cors collected, total cor count: 5
[wugitugoroz:  27.11.2021, 21:07:25] --> Character was kicked from the bot, reason: Changing character
[wugitugoroz:  27.11.2021, 21:07:55] --> pagakuzapuke appeared
[kinofekibok:  27.11.2021, 21:08:00] --> Time passed, now going to talk to alchemist: kinofekibok
[kinofekibok:  27.11.2021, 21:08:00] --> Character went to Alchemist: kinofekibok
[kinofekibok:  27.11.2021, 21:08:08] --> kufotukuzo appeared
[kinofekibok:  27.11.2021, 21:08:18] --> kufotukuzo appeared
[kinofekibok:  27.11.2021, 21:08:23] --> Character was kicked from the bot, reason: Character was walking
[kinofekibok:  27.11.2021, 21:08:40] --> kukerekepob appeared
[kinofekibok:  27.11.2021, 21:08:46] --> Character was kicked from the bot, reason: Character was walking
[kinofekibok:  27.11.2021, 21:09:19] --> Character was kicked from the bot, reason: Character was walking
[kinofekibok:  27.11.2021, 21:09:23] --> vadolukawid appeared
[kinofekibok:  27.11.2021, 21:09:38] --> Character died
[kinofekibok:  27.11.2021, 21:10:04] --> Character died
[kinofekibok:  27.11.2021, 21:10:23] --> vadolukawid appeared
[kinofekibok:  27.11.2021, 21:15:39] --> Character leveled up to level 32
[kinofekibok:  27.11.2021, 21:17:34] --> 10 shards collected, now going to talk to alchemist: kinofekibok
[kinofekibok:  27.11.2021, 21:17:34] --> Character went to Alchemist: kinofekibok
[kinofekibok:  27.11.2021, 21:18:23] --> Character was kicked from the bot, reason: Character was walking
[kinofekibok:  27.11.2021, 21:18:29] --> kebulenovici appeared
[kinofekibok:  27.11.2021, 21:18:50] --> Character was kicked from the bot, reason: Character was walking
[kinofekibok:  27.11.2021, 21:18:55] --> kebulenovici appeared
[kinofekibok:  27.11.2021, 21:19:24] --> Character was kicked from the bot, reason: Character was walking
[kinofekibok:  27.11.2021, 21:19:28] --> vadolukawid appeared
[kinofekibok:  27.11.2021, 21:22:15] --> Character leveled up to level 33
[kinofekibok:  27.11.2021, 21:25:37] --> vadolukawid appeared
[kinofekibok:  27.11.2021, 21:25:52] --> vadolukawid appeared
[kinofekibok:  27.11.2021, 21:25:56] --> vadolukawid appeared
[kinofekibok:  27.11.2021, 21:26:15] --> vadolukawid appeared
[kinofekibok:  27.11.2021, 21:26:38] --> vadolukawid appeared
[kinofekibok:  27.11.2021, 21:26:49] --> vadolukawid appeared
[kinofekibok:  27.11.2021, 21:27:01] --> vadolukawid appeared
[kinofekibok:  27.11.2021, 21:27:55] --> Character leveled up to level 34
[kinofekibok:  27.11.2021, 21:27:57] --> zevebagepu appeared
[kinofekibok:  27.11.2021, 21:28:03] --> zevebagepu appeared
[kinofekibok:  27.11.2021, 21:29:49] --> Character died
[kinofekibok:  27.11.2021, 21:30:05] --> Character died
[kinofekibok:  27.11.2021, 21:30:44] --> zevebagepu appeared
[kinofekibok:  27.11.2021, 21:31:19] --> Character died
[kinofekibok:  27.11.2021, 21:31:42] --> Character died
[kinofekibok:  27.11.2021, 21:32:04] --> Character died
[kinofekibok:  27.11.2021, 21:32:20] --> Character died
[kinofekibok:  27.11.2021, 21:32:39] --> Character died
[kinofekibok:  27.11.2021, 21:33:32] --> zevebagepu appeared
[kinofekibok:  27.11.2021, 21:36:21] --> zevebagepu appeared
[kinofekibok:  27.11.2021, 21:36:35] --> Character died
[kinofekibok:  27.11.2021, 21:36:54] --> Character died
[kinofekibok:  27.11.2021, 21:36:59] --> Character died
[kinofekibok:  27.11.2021, 21:37:21] --> Character died
[kinofekibok:  27.11.2021, 21:37:43] --> Character died
[kinofekibok:  27.11.2021, 21:38:17] --> Character died
[kinofekibok:  27.11.2021, 21:39:14] --> zevebagepu appeared
[kinofekibok:  27.11.2021, 21:39:20] --> zevebagepu appeared
[kinofekibok:  27.11.2021, 21:40:02] --> Character leveled up to level 35
[kinofekibok:  27.11.2021, 21:41:04] --> Character died
[kinofekibok:  27.11.2021, 21:41:25] --> Character died
[kinofekibok:  27.11.2021, 21:41:47] --> Character died
[kinofekibok:  27.11.2021, 21:42:09] --> Character died
[kinofekibok:  27.11.2021, 21:42:35] --> Character died
[kinofekibok:  27.11.2021, 21:45:02] --> zevebagepu appeared
[kinofekibok:  27.11.2021, 21:45:17] --> Character died
[kinofekibok:  27.11.2021, 21:45:42] --> Character died
[kinofekibok:  27.11.2021, 21:47:17] --> Character died
[kinofekibok:  27.11.2021, 21:48:07] --> Character died
[kinofekibok:  27.11.2021, 21:50:37] --> zevebagepu appeared
[kinofekibok:  27.11.2021, 21:50:50] --> Character died
[kinofekibok:  27.11.2021, 21:51:08] --> Character died
[kinofekibok:  27.11.2021, 21:51:27] --> Character died
[kinofekibok:  27.11.2021, 21:51:51] --> Character died
[kinofekibok:  27.11.2021, 21:52:13] --> Character died
[kinofekibok:  27.11.2021, 21:52:41] --> Character died
[kinofekibok:  27.11.2021, 21:53:27] --> Bot terminated: 5 dragon cors collected, total cor count: 5
[kinofekibok:  27.11.2021, 23:58:24] --> Bot successfully started
[kinofekibok:  28.11.2021, 00:01:08] --> Character was kicked from the bot, reason: Changing character
[kinofekibok:  28.11.2021, 00:01:12] --> Character leveled up to level 36
[kinofekibok:  28.11.2021, 00:01:12] --> Character died
[kapivibela:   28.11.2021, 00:02:49] --> Character was kicked from the bot, reason: Changing character
[kapivibela:   28.11.2021, 00:02:53] --> Character died
[wipukipeniva: 28.11.2021, 00:03:00] --> Character died
[wipukipeniva: 28.11.2021, 00:04:18] --> Character was kicked from the bot, reason: Changing character
[wipukipeniva: 28.11.2021, 00:04:21] --> Character died
[kicekeboburu: 28.11.2021, 00:04:22] --> Character leveled up to level 36
[kicekeboburu: 28.11.2021, 00:05:53] --> Character was kicked from the bot, reason: Changing character
[wugitugoroz:  28.11.2021, 00:06:32] --> zevebagepu appeared
[wugitugoroz:  28.11.2021, 00:06:41] --> zevebagepu appeared
[wugitugoroz:  28.11.2021, 00:08:34] --> Character was kicked from the bot, reason: Changing character
[kapivibela:   28.11.2021, 09:13:46] --> Bot successfully started
[kapivibela:   28.11.2021, 09:13:52] --> Time passed, now going to talk to alchemist: kapivibela
[kapivibela:   28.11.2021, 09:13:52] --> Character went to Alchemist: kapivibela
[kapivibela:   28.11.2021, 09:14:15] --> Character was kicked from the bot, reason: Character was walking
[kapivibela:   28.11.2021, 09:14:39] --> Character was kicked from the bot, reason: Character was walking
[kapivibela:   28.11.2021, 09:15:13] --> Character was kicked from the bot, reason: Character was walking
[kapivibela:   28.11.2021, 09:16:39] --> megekafapu appeared
[kapivibela:   28.11.2021, 09:20:10] --> Character leveled up to level 37
[kapivibela:   28.11.2021, 09:22:43] --> zevebagepu appeared
[kapivibela:   28.11.2021, 09:24:16] --> megekafapu appeared
[kapivibela:   28.11.2021, 09:24:19] --> megekafapu appeared
[kapivibela:   28.11.2021, 09:27:55] --> Character leveled up to level 38
[kapivibela:   28.11.2021, 09:33:58] --> hekovupegele appeared
[kapivibela:   28.11.2021, 09:35:14] --> zevebagepu appeared
[kapivibela:   28.11.2021, 09:36:22] --> Character leveled up to level 39
[kapivibela:   28.11.2021, 09:36:32] --> zevebagepu appeared
[kapivibela:   28.11.2021, 09:40:20] --> Char changed: 5 dragon cors collected, total cor count: 10
[kapivibela:   28.11.2021, 09:40:20] --> Character was kicked from the bot, reason: Changing character
[kapivibela:   28.11.2021, 09:40:51] --> Character died
[wipukipeniva: 28.11.2021, 09:40:56] --> Time passed, now going to talk to alchemist: wipukipeniva
[wipukipeniva: 28.11.2021, 09:40:56] --> Character went to Alchemist: wipukipeniva
[wipukipeniva: 28.11.2021, 09:40:58] --> Character died
[wipukipeniva: 28.11.2021, 09:40:59] --> Character was kicked from the bot, reason: Character was walking
[wipukipeniva: 28.11.2021, 09:41:03] --> Character died
[wipukipeniva: 28.11.2021, 09:41:10] --> Character died
[wipukipeniva: 28.11.2021, 09:41:24] --> Character died
[wipukipeniva: 28.11.2021, 09:41:33] --> OzenknxfElit appeared
[wipukipeniva: 28.11.2021, 09:41:51] --> Character was kicked from the bot, reason: Character was walking
[wipukipeniva: 28.11.2021, 09:41:56] --> sifubuteto appeared
[wipukipeniva: 28.11.2021, 09:42:14] --> Character was kicked from the bot, reason: Character was walking
[wipukipeniva: 28.11.2021, 09:42:48] --> Character was kicked from the bot, reason: Character was walking
[wipukipeniva: 28.11.2021, 09:42:54] --> hekovupegele appeared
[wipukipeniva: 28.11.2021, 09:45:52] --> zevebagepu appeared
[wipukipeniva: 28.11.2021, 09:46:48] --> Character leveled up to level 36
[wipukipeniva: 28.11.2021, 09:54:11] --> Character leveled up to level 37
[wipukipeniva: 28.11.2021, 09:57:25] --> wusorufifufi appeared
[wipukipeniva: 28.11.2021, 09:59:02] --> lomuholidi appeared
[wipukipeniva: 28.11.2021, 10:00:39] --> lomuholidi appeared
[wipukipeniva: 28.11.2021, 10:01:06] --> lomuholidi appeared
[wipukipeniva: 28.11.2021, 10:01:30] --> lomuholidi appeared
[wipukipeniva: 28.11.2021, 10:01:53] --> Character leveled up to level 38
[wipukipeniva: 28.11.2021, 10:01:59] --> lomuholidi appeared
[wipukipeniva: 28.11.2021, 10:02:28] --> lomuholidi appeared
[wipukipeniva: 28.11.2021, 10:02:33] --> lomuholidi appeared
[wipukipeniva: 28.11.2021, 10:02:39] --> lomuholidi appeared
[wipukipeniva: 28.11.2021, 10:02:46] --> lomuholidi appeared
[wipukipeniva: 28.11.2021, 10:07:37] --> Char changed: 5 dragon cors collected, total cor count: 10
[wipukipeniva: 28.11.2021, 10:07:37] --> Character was kicked from the bot, reason: Changing character
[kicekeboburu: 28.11.2021, 10:07:47] --> Time passed, now going to talk to alchemist: kicekeboburu
[kicekeboburu: 28.11.2021, 10:07:47] --> Character went to Alchemist: kicekeboburu
[kicekeboburu: 28.11.2021, 10:07:53] --> DuzYunxnlm appeared
[kicekeboburu: 28.11.2021, 10:08:10] --> Character was kicked from the bot, reason: Character was walking
[kicekeboburu: 28.11.2021, 10:08:16] --> voselavoku appeared
[kicekeboburu: 28.11.2021, 10:08:33] --> Character was kicked from the bot, reason: Character was walking
[kicekeboburu: 28.11.2021, 10:08:42] --> cikarozesic appeared
[kicekeboburu: 28.11.2021, 10:09:08] --> Character was kicked from the bot, reason: Character was walking
[kicekeboburu: 28.11.2021, 10:09:16] --> zevebagepu appeared
[kicekeboburu: 28.11.2021, 10:09:55] --> lomuholidi appeared
[kicekeboburu: 28.11.2021, 10:10:33] --> lomuholidi appeared
[kicekeboburu: 28.11.2021, 10:11:10] --> lomuholidi appeared
[kicekeboburu: 28.11.2021, 10:11:46] --> lomuholidi appeared
[kicekeboburu: 28.11.2021, 10:12:27] --> lomuholidi appeared
[kicekeboburu: 28.11.2021, 10:13:01] --> Character leveled up to level 37
[kicekeboburu: 28.11.2021, 10:13:02] --> lomuholidi appeared
[kicekeboburu: 28.11.2021, 10:13:42] --> lomuholidi appeared
[kicekeboburu: 28.11.2021, 10:14:18] --> lomuholidi appeared
[kicekeboburu: 28.11.2021, 10:14:57] --> lomuholidi appeared
[kicekeboburu: 28.11.2021, 10:15:34] --> lomuholidi appeared
[kicekeboburu: 28.11.2021, 10:16:14] --> lomuholidi appeared
[kicekeboburu: 28.11.2021, 10:16:50] --> lomuholidi appeared
[kicekeboburu: 28.11.2021, 10:17:28] --> lomuholidi appeared
[kicekeboburu: 28.11.2021, 10:17:46] --> wusorufifufi appeared
[kicekeboburu: 28.11.2021, 10:17:59] --> wusorufifufi appeared
[kicekeboburu: 28.11.2021, 10:18:06] --> lomuholidi appeared
[kicekeboburu: 28.11.2021, 10:18:45] --> lomuholidi appeared
[kicekeboburu: 28.11.2021, 10:19:22] --> lomuholidi appeared
[kicekeboburu: 28.11.2021, 10:20:02] --> lomuholidi appeared
[kicekeboburu: 28.11.2021, 10:20:41] --> lomuholidi appeared
[kicekeboburu: 28.11.2021, 10:21:20] --> lomuholidi appeared
[kicekeboburu: 28.11.2021, 10:21:54] --> Character leveled up to level 38
[kicekeboburu: 28.11.2021, 10:21:58] --> lomuholidi appeared
[kicekeboburu: 28.11.2021, 10:22:36] --> lomuholidi appeared
[kicekeboburu: 28.11.2021, 10:23:13] --> lomuholidi appeared
[kicekeboburu: 28.11.2021, 10:23:50] --> lomuholidi appeared
[kicekeboburu: 28.11.2021, 10:24:05] --> ritedopapegu appeared
[kicekeboburu: 28.11.2021, 10:24:28] --> lomuholidi appeared
[kicekeboburu: 28.11.2021, 10:25:06] --> lomuholidi appeared
[kicekeboburu: 28.11.2021, 10:25:43] --> lomuholidi appeared
[kicekeboburu: 28.11.2021, 10:26:22] --> lomuholidi appeared
[kicekeboburu: 28.11.2021, 10:27:01] --> ritedopapegu appeared
[kicekeboburu: 28.11.2021, 10:27:20] --> lomuholidi appeared
[kicekeboburu: 28.11.2021, 10:31:02] --> Character leveled up to level 39
[kicekeboburu: 28.11.2021, 10:35:12] --> Char changed: 5 dragon cors collected, total cor count: 10
[kicekeboburu: 28.11.2021, 10:35:12] --> Character was kicked from the bot, reason: Changing character
[wugitugoroz:  28.11.2021, 10:35:22] --> Time passed, now going to talk to alchemist: wugitugoroz
[wugitugoroz:  28.11.2021, 10:35:22] --> Character went to Alchemist: wugitugoroz
[wugitugoroz:  28.11.2021, 10:35:38] --> buzolusikivu appeared
[wugitugoroz:  28.11.2021, 10:35:44] --> Character was kicked from the bot, reason: Character was walking
[wugitugoroz:  28.11.2021, 10:36:07] --> Character was kicked from the bot, reason: Character was walking
[wugitugoroz:  28.11.2021, 10:36:12] --> cikarozesic appeared
[wugitugoroz:  28.11.2021, 10:36:42] --> Character was kicked from the bot, reason: Character was walking
[wugitugoroz:  28.11.2021, 10:36:46] --> lomuholidi appeared
[wugitugoroz:  28.11.2021, 10:37:24] --> lomuholidi appeared
[wugitugoroz:  28.11.2021, 10:37:59] --> lomuholidi appeared
[wugitugoroz:  28.11.2021, 10:38:31] --> ritedopapegu appeared
[wugitugoroz:  28.11.2021, 10:38:34] --> ritedopapegu appeared
[wugitugoroz:  28.11.2021, 10:38:40] --> lomuholidi appeared
[wugitugoroz:  28.11.2021, 10:39:16] --> lomuholidi appeared
[wugitugoroz:  28.11.2021, 10:39:53] --> lomuholidi appeared
[wugitugoroz:  28.11.2021, 10:40:29] --> lomuholidi appeared
[wugitugoroz:  28.11.2021, 10:41:02] --> ritedopapegu appeared
[wugitugoroz:  28.11.2021, 10:41:09] --> lomuholidi appeared
[wugitugoroz:  28.11.2021, 10:43:05] --> gamopareba appeared
[wugitugoroz:  28.11.2021, 10:43:07] --> gamopareba appeared
[wugitugoroz:  28.11.2021, 10:43:46] --> gamopareba appeared
[wugitugoroz:  28.11.2021, 10:44:18] --> gamopareba appeared
[wugitugoroz:  28.11.2021, 10:44:46] --> vetorakipeho appeared
[wugitugoroz:  28.11.2021, 10:44:51] --> vetorakipeho appeared
[wugitugoroz:  28.11.2021, 10:45:03] --> gamopareba appeared
[wugitugoroz:  28.11.2021, 10:45:11] --> Character leveled up to level 37
[wugitugoroz:  28.11.2021, 10:45:33] --> gamopareba appeared
[wugitugoroz:  28.11.2021, 10:46:12] --> gamopareba appeared
[wugitugoroz:  28.11.2021, 10:46:46] --> gamopareba appeared
[wugitugoroz:  28.11.2021, 10:47:13] --> vetorakipeho appeared
[wugitugoroz:  28.11.2021, 10:47:29] --> gamopareba appeared
[wugitugoroz:  28.11.2021, 10:48:00] --> gamopareba appeared
[wugitugoroz:  28.11.2021, 10:48:47] --> gamopareba appeared
[wugitugoroz:  28.11.2021, 10:48:55] --> gamopareba appeared
[wugitugoroz:  28.11.2021, 10:49:01] --> gamopareba appeared
[wugitugoroz:  28.11.2021, 10:49:06] --> gamopareba appeared
[wugitugoroz:  28.11.2021, 10:49:11] --> gamopareba appeared
[wugitugoroz:  28.11.2021, 10:49:44] --> gamopareba appeared
[wugitugoroz:  28.11.2021, 10:49:49] --> gamopareba appeared
[wugitugoroz:  28.11.2021, 10:49:56] --> gamopareba appeared
[wugitugoroz:  28.11.2021, 10:50:01] --> gamopareba appeared
[wugitugoroz:  28.11.2021, 10:57:10] --> Character leveled up to level 38
[wugitugoroz:  28.11.2021, 11:08:08] --> Char changed: 5 dragon cors collected, total cor count: 10
[wugitugoroz:  28.11.2021, 11:08:08] --> Character was kicked from the bot, reason: Changing character
[kinofekibok:  28.11.2021, 11:08:44] --> Time passed, now going to talk to alchemist: kinofekibok
[kinofekibok:  28.11.2021, 11:08:44] --> Character went to Alchemist: kinofekibok
[kinofekibok:  28.11.2021, 11:08:50] --> KotalonaSucu appeared
[kinofekibok:  28.11.2021, 11:09:00] --> nafutidugi appeared
[kinofekibok:  28.11.2021, 11:09:06] --> Character was kicked from the bot, reason: Character was walking
[kinofekibok:  28.11.2021, 11:09:15] --> nubomikekaz appeared
[kinofekibok:  28.11.2021, 11:09:29] --> Character was kicked from the bot, reason: Character was walking
[kinofekibok:  28.11.2021, 11:10:03] --> Character was kicked from the bot, reason: Character was walking
[kinofekibok:  28.11.2021, 11:10:07] --> pisipimibi appeared
[kinofekibok:  28.11.2021, 11:12:24] --> Character leveled up to level 36
[kinofekibok:  28.11.2021, 11:20:58] --> Character leveled up to level 37
[kinofekibok:  28.11.2021, 11:29:32] --> Character leveled up to level 38
[kinofekibok:  28.11.2021, 11:34:10] --> Bot terminated: 5 dragon cors collected, total cor count: 10
[kapivibela:   29.11.2021, 08:32:13] --> Bot successfully started
[kapivibela:   29.11.2021, 08:32:19] --> Time passed, now going to talk to alchemist: kapivibela
[kapivibela:   29.11.2021, 08:32:19] --> Character went to Alchemist: kapivibela
[kapivibela:   29.11.2021, 08:32:26] --> zevebagepu appeared
[kapivibela:   29.11.2021, 08:32:43] --> Character was kicked from the bot, reason: Character was walking
[kapivibela:   29.11.2021, 08:33:00] --> demoniato appeared
[kapivibela:   29.11.2021, 08:33:06] --> Character was kicked from the bot, reason: Character was walking
[kapivibela:   29.11.2021, 08:33:40] --> rulovuhepulo appeared
[kapivibela:   29.11.2021, 08:33:45] --> Character was kicked from the bot, reason: Character was walking
[kapivibela:   29.11.2021, 08:34:13] --> Character was kicked from the bot, reason: Character was walking
[kapivibela:   29.11.2021, 08:34:25] --> Character was kicked from the bot, reason: Character was walking
[kapivibela:   29.11.2021, 08:36:03] --> Bot successfully started
[kapivibela:   29.11.2021, 08:36:09] --> Character died
[kapivibela:   29.11.2021, 08:38:17] --> wusorufifufi appeared
[kapivibela:   29.11.2021, 08:38:25] --> wusorufifufi appeared
[kapivibela:   29.11.2021, 08:40:48] --> wusorufifufi appeared
[kapivibela:   29.11.2021, 08:40:50] --> wusorufifufi appeared
[kapivibela:   29.11.2021, 08:41:25] --> Character leveled up to level 40
[kapivibela:   29.11.2021, 08:43:19] --> wusorufifufi appeared
[kapivibela:   29.11.2021, 08:43:23] --> wusorufifufi appeared
[kapivibela:   29.11.2021, 08:45:30] --> wusorufifufi appeared
[kapivibela:   29.11.2021, 08:45:38] --> wusorufifufi appeared
[kapivibela:   29.11.2021, 08:46:41] --> babyaron appeared
[kapivibela:   29.11.2021, 08:47:11] --> babyaron appeared
[kapivibela:   29.11.2021, 08:47:47] --> babyaron appeared
[kapivibela:   29.11.2021, 08:48:23] --> babyaron appeared
[kapivibela:   29.11.2021, 08:49:11] --> babyaron appeared
[kapivibela:   29.11.2021, 08:49:45] --> babyaron appeared
[kapivibela:   29.11.2021, 08:50:33] --> babyaron appeared
[kapivibela:   29.11.2021, 08:50:44] --> Character leveled up to level 41
[kapivibela:   29.11.2021, 08:50:59] --> babyaron appeared
[kapivibela:   29.11.2021, 08:56:44] --> Character went to saleswoman
[kapivibela:   29.11.2021, 08:57:20] --> fubigaferogu appeared
[kapivibela:   29.11.2021, 08:57:34] --> Character was kicked from the bot, reason: Character was walking
[kapivibela:   29.11.2021, 08:57:40] --> nicevoluruda appeared
[kapivibela:   29.11.2021, 08:58:05] --> Char changed: 5 dragon cors collected, total cor count: 15
[kapivibela:   29.11.2021, 08:58:06] --> Character was kicked from the bot, reason: Changing character
[wipukipeniva: 29.11.2021, 08:58:15] --> Time passed, now going to talk to alchemist: wipukipeniva
[wipukipeniva: 29.11.2021, 08:58:15] --> Character went to Alchemist: wipukipeniva
[wipukipeniva: 29.11.2021, 08:58:38] --> Character was kicked from the bot, reason: Character was walking
[wipukipeniva: 29.11.2021, 08:58:44] --> petoluzakel appeared
[wipukipeniva: 29.11.2021, 08:59:01] --> Character was kicked from the bot, reason: Character was walking
[wipukipeniva: 29.11.2021, 09:00:15] --> Bot successfully started
[wipukipeniva: 29.11.2021, 09:00:36] --> Character was kicked from the bot, reason: Character was walking
[wipukipeniva: 29.11.2021, 09:01:03] --> ritedopapegu appeared
[wipukipeniva: 29.11.2021, 09:01:06] --> ritedopapegu appeared
[wipukipeniva: 29.11.2021, 09:03:12] --> ritedopapegu appeared
[wipukipeniva: 29.11.2021, 09:03:20] --> ritedopapegu appeared
[wipukipeniva: 29.11.2021, 09:04:42] --> Character leveled up to level 39
[wipukipeniva: 29.11.2021, 09:13:33] --> Character leveled up to level 40
[wipukipeniva: 29.11.2021, 09:18:25] --> vetorakipeho appeared
[wipukipeniva: 29.11.2021, 09:20:50] --> vetorakipeho appeared
[wipukipeniva: 29.11.2021, 09:20:53] --> vetorakipeho appeared
[wipukipeniva: 29.11.2021, 09:22:17] --> Char changed: 5 dragon cors collected, total cor count: 15
[wipukipeniva: 29.11.2021, 09:22:18] --> Character was kicked from the bot, reason: Changing character
[kicekeboburu: 29.11.2021, 09:22:53] --> Time passed, now going to talk to alchemist: kicekeboburu
[kicekeboburu: 29.11.2021, 09:22:53] --> Character went to Alchemist: kicekeboburu
[kicekeboburu: 29.11.2021, 09:23:06] --> Character got kick
[kicekeboburu: 29.11.2021, 09:23:24] --> Ranicht6 appeared
[kicekeboburu: 29.11.2021, 09:23:28] --> Character was kicked from the bot, reason: Character was walking
[kicekeboburu: 29.11.2021, 09:23:52] --> Character was kicked from the bot, reason: Character was walking
[kicekeboburu: 29.11.2021, 09:24:16] --> Character was kicked from the bot, reason: Character was walking
[kicekeboburu: 29.11.2021, 09:24:28] --> Character was kicked from the bot, reason: Character was walking
[kicekeboburu: 29.11.2021, 09:25:50] --> vetorakipeho appeared
[kicekeboburu: 29.11.2021, 09:25:58] --> vetorakipeho appeared
[kicekeboburu: 29.11.2021, 09:30:00] --> Character leveled up to level 40
[kicekeboburu: 29.11.2021, 09:32:33] --> vetorakipeho appeared
[kicekeboburu: 29.11.2021, 09:35:03] --> vetorakipeho appeared
[kicekeboburu: 29.11.2021, 09:37:33] --> vetorakipeho appeared
[kicekeboburu: 29.11.2021, 09:37:37] --> vetorakipeho appeared
[kicekeboburu: 29.11.2021, 09:39:08] --> Bot successfully started
[kicekeboburu: 29.11.2021, 09:40:48] --> Bot successfully started
[kicekeboburu: 29.11.2021, 09:42:03] --> Character leveled up to level 41
[kicekeboburu: 29.11.2021, 09:45:58] --> zenofidapid appeared
[kicekeboburu: 29.11.2021, 09:48:29] --> zenofidapid appeared
[kicekeboburu: 29.11.2021, 09:50:08] --> Char changed: 5 dragon cors collected, total cor count: 15
[kicekeboburu: 29.11.2021, 09:51:18] --> Bot successfully started
[kicekeboburu: 29.11.2021, 09:51:26] --> Character died
[kicekeboburu: 29.11.2021, 09:51:46] --> Char changed: 5 dragon cors collected, total cor count: 15
[kicekeboburu: 29.11.2021, 09:51:47] --> Character was kicked from the bot, reason: Changing character
[kicekeboburu: 29.11.2021, 09:51:51] --> Character died
[wugitugoroz:  29.11.2021, 09:52:00] --> Character died
[wugitugoroz:  29.11.2021, 09:52:21] --> Time passed, now going to talk to alchemist: wugitugoroz
[wugitugoroz:  29.11.2021, 09:52:21] --> Character went to Alchemist: wugitugoroz
[wugitugoroz:  29.11.2021, 09:52:44] --> Character was kicked from the bot, reason: Character was walking
[wugitugoroz:  29.11.2021, 09:52:49] --> zibuzocabob appeared
[wugitugoroz:  29.11.2021, 09:53:09] --> Character was kicked from the bot, reason: Character was walking
[wugitugoroz:  29.11.2021, 09:53:43] --> Character was kicked from the bot, reason: Character was walking
[wugitugoroz:  29.11.2021, 09:54:43] --> Character leveled up to level 39
[wugitugoroz:  29.11.2021, 09:55:04] --> zenofidapid appeared
[wugitugoroz:  29.11.2021, 09:55:06] --> zenofidapid appeared
[wugitugoroz:  29.11.2021, 10:03:41] --> Character leveled up to level 40
[wugitugoroz:  29.11.2021, 10:08:57] --> lomuholidi appeared
[wugitugoroz:  29.11.2021, 10:09:41] --> lomuholidi appeared
[wugitugoroz:  29.11.2021, 10:10:16] --> lomuholidi appeared
[wugitugoroz:  29.11.2021, 10:10:57] --> lomuholidi appeared
[wugitugoroz:  29.11.2021, 10:11:29] --> lomuholidi appeared
[wugitugoroz:  29.11.2021, 10:12:14] --> lomuholidi appeared
[wugitugoroz:  29.11.2021, 10:12:42] --> lomuholidi appeared
[wugitugoroz:  29.11.2021, 10:13:08] --> fubigaferogu appeared
[wugitugoroz:  29.11.2021, 10:13:18] --> lomuholidi appeared
[wugitugoroz:  29.11.2021, 10:13:23] --> lomuholidi appeared
[wugitugoroz:  29.11.2021, 10:13:29] --> lomuholidi appeared
[wugitugoroz:  29.11.2021, 10:13:37] --> lomuholidi appeared
[wugitugoroz:  29.11.2021, 10:13:42] --> lomuholidi appeared
[wugitugoroz:  29.11.2021, 10:13:48] --> lomuholidi appeared
[wugitugoroz:  29.11.2021, 10:13:55] --> lomuholidi appeared
[wugitugoroz:  29.11.2021, 10:16:05] --> Character leveled up to level 41
[wugitugoroz:  29.11.2021, 10:21:43] --> Char changed: 5 dragon cors collected, total cor count: 15
[wugitugoroz:  29.11.2021, 10:21:44] --> Character was kicked from the bot, reason: Changing character
[kinofekibok:  29.11.2021, 10:22:19] --> Time passed, now going to talk to alchemist: kinofekibok
[kinofekibok:  29.11.2021, 10:22:19] --> Character went to Alchemist: kinofekibok
[kinofekibok:  29.11.2021, 10:22:42] --> Character was kicked from the bot, reason: Character was walking
[kinofekibok:  29.11.2021, 10:23:07] --> Character was kicked from the bot, reason: Character was walking
[kinofekibok:  29.11.2021, 10:23:11] --> nubomikekaz appeared
[kinofekibok:  29.11.2021, 10:23:41] --> Character was kicked from the bot, reason: Character was walking
[kinofekibok:  29.11.2021, 10:23:44] --> lomuholidi appeared
[kinofekibok:  29.11.2021, 10:24:20] --> lomuholidi appeared
[kinofekibok:  29.11.2021, 10:24:53] --> lomuholidi appeared
[kinofekibok:  29.11.2021, 10:25:35] --> lomuholidi appeared
[kinofekibok:  29.11.2021, 10:26:09] --> lomuholidi appeared
[kinofekibok:  29.11.2021, 10:26:49] --> lomuholidi appeared
[kinofekibok:  29.11.2021, 10:27:09] --> rokupazulap appeared
[kinofekibok:  29.11.2021, 10:27:22] --> lomuholidi appeared
[kinofekibok:  29.11.2021, 10:28:04] --> lomuholidi appeared
[kinofekibok:  29.11.2021, 10:28:39] --> lomuholidi appeared
[kinofekibok:  29.11.2021, 10:28:46] --> Character leveled up to level 39
[kinofekibok:  29.11.2021, 10:29:19] --> lomuholidi appeared
[kinofekibok:  29.11.2021, 10:29:54] --> lomuholidi appeared
[kinofekibok:  29.11.2021, 10:30:34] --> lomuholidi appeared
[kinofekibok:  29.11.2021, 10:31:08] --> lomuholidi appeared
[kinofekibok:  29.11.2021, 10:31:48] --> lomuholidi appeared
[kinofekibok:  29.11.2021, 10:32:23] --> lomuholidi appeared
[kinofekibok:  29.11.2021, 10:33:02] --> lomuholidi appeared
[kinofekibok:  29.11.2021, 10:33:37] --> lomuholidi appeared
[kinofekibok:  29.11.2021, 10:34:17] --> lomuholidi appeared
[kinofekibok:  29.11.2021, 10:34:51] --> lomuholidi appeared
[kinofekibok:  29.11.2021, 10:35:30] --> lomuholidi appeared
[kinofekibok:  29.11.2021, 10:36:04] --> lomuholidi appeared
[kinofekibok:  29.11.2021, 10:36:45] --> lomuholidi appeared
[kinofekibok:  29.11.2021, 10:37:15] --> lomuholidi appeared
[kinofekibok:  29.11.2021, 10:37:45] --> lomuholidi appeared
[kinofekibok:  29.11.2021, 10:38:02] --> lomuholidi appeared
[kinofekibok:  29.11.2021, 10:38:24] --> lomuholidi appeared
[kinofekibok:  29.11.2021, 10:38:39] --> Character leveled up to level 40
[kinofekibok:  29.11.2021, 10:38:58] --> lomuholidi appeared
[kinofekibok:  29.11.2021, 10:39:04] --> lomuholidi appeared
[kinofekibok:  29.11.2021, 10:39:10] --> lomuholidi appeared
[kinofekibok:  29.11.2021, 10:39:15] --> lomuholidi appeared
[kinofekibok:  29.11.2021, 10:51:32] --> Bot terminated: 5 dragon cors collected, total cor count: 15
[kapivibela:   30.11.2021, 18:55:31] --> Bot successfully started
[kapivibela:   30.11.2021, 18:55:31] --> CorVi19 appeared
[kapivibela:   30.11.2021, 18:55:37] --> Time passed, now going to talk to alchemist: kapivibela
[kapivibela:   30.11.2021, 18:55:37] --> Character went to Alchemist: kapivibela
[kapivibela:   30.11.2021, 18:56:02] --> Character was kicked from the bot, reason: Character was walking
[kapivibela:   30.11.2021, 18:56:37] --> Character was kicked from the bot, reason: Character was walking
[kapivibela:   30.11.2021, 18:56:40] --> lomuholidi appeared
[kapivibela:   30.11.2021, 18:57:13] --> zeberafawuz appeared
[kapivibela:   30.11.2021, 19:00:46] --> lomuholidi appeared
[kapivibela:   30.11.2021, 19:01:03] --> zeberafawuz appeared
[kapivibela:   30.11.2021, 19:01:37] --> Character leveled up to level 42
[kapivibela:   30.11.2021, 19:01:38] --> lomuholidi appeared
[kapivibela:   30.11.2021, 19:02:23] --> lomuholidi appeared
[kapivibela:   30.11.2021, 19:02:50] --> lomuholidi appeared
[kapivibela:   30.11.2021, 19:02:52] --> lomuholidi appeared
[kapivibela:   30.11.2021, 19:03:22] --> lomuholidi appeared
[kapivibela:   30.11.2021, 19:03:28] --> lomuholidi appeared
[kapivibela:   30.11.2021, 19:03:34] --> lomuholidi appeared
[kapivibela:   30.11.2021, 19:03:39] --> lomuholidi appeared
[kapivibela:   30.11.2021, 19:03:49] --> lomuholidi appeared
[kapivibela:   30.11.2021, 19:14:35] --> Character leveled up to level 43
[kapivibela:   30.11.2021, 19:17:18] --> Char changed: 5 dragon cors collected, total cor count: 20
[kapivibela:   30.11.2021, 19:17:19] --> Character was kicked from the bot, reason: Changing character
[kapivibela:   30.11.2021, 19:17:49] --> Character died
[wipukipeniva: 30.11.2021, 19:17:53] --> Time passed, now going to talk to alchemist: wipukipeniva
[wipukipeniva: 30.11.2021, 19:17:53] --> Character went to Alchemist: wipukipeniva
[wipukipeniva: 30.11.2021, 19:18:04] --> puparukeva appeared
[wipukipeniva: 30.11.2021, 19:18:17] --> Character was kicked from the bot, reason: Character was walking
[wipukipeniva: 30.11.2021, 19:18:40] --> Character was kicked from the bot, reason: Character was walking
[wipukipeniva: 30.11.2021, 19:19:16] --> Character was kicked from the bot, reason: Character was walking
[wipukipeniva: 30.11.2021, 19:19:51] --> lomuholidi appeared
[wipukipeniva: 30.11.2021, 19:20:27] --> lomuholidi appeared
[wipukipeniva: 30.11.2021, 19:20:55] --> Character leveled up to level 41
[wipukipeniva: 30.11.2021, 19:21:05] --> lomuholidi appeared
[wipukipeniva: 30.11.2021, 19:21:42] --> lomuholidi appeared
[wipukipeniva: 30.11.2021, 19:22:19] --> lomuholidi appeared
[wipukipeniva: 30.11.2021, 19:22:57] --> lomuholidi appeared
[wipukipeniva: 30.11.2021, 19:23:36] --> lomuholidi appeared
[wipukipeniva: 30.11.2021, 19:23:37] --> Character went to saleswoman
[wipukipeniva: 30.11.2021, 19:24:01] --> Character was kicked from the bot, reason: Character was walking
[wipukipeniva: 30.11.2021, 19:24:07] --> CorVi19 appeared
[wipukipeniva: 30.11.2021, 19:24:33] --> Character was kicked from the bot, reason: Character was walking
[wipukipeniva: 30.11.2021, 19:25:07] --> Character was kicked from the bot, reason: Character was walking
[wipukipeniva: 30.11.2021, 19:25:11] --> lomuholidi appeared
[wipukipeniva: 30.11.2021, 19:25:45] --> lomuholidi appeared
[wipukipeniva: 30.11.2021, 19:26:20] --> lomuholidi appeared
[wipukipeniva: 30.11.2021, 19:26:38] --> lomuholidi appeared
[wipukipeniva: 30.11.2021, 19:26:56] --> soledugobisu appeared
[wipukipeniva: 30.11.2021, 19:27:32] --> lomuholidi appeared
[wipukipeniva: 30.11.2021, 19:28:06] --> lomuholidi appeared
[wipukipeniva: 30.11.2021, 19:28:12] --> lomuholidi appeared
[wipukipeniva: 30.11.2021, 19:28:18] --> lomuholidi appeared
[wipukipeniva: 30.11.2021, 19:28:26] --> lomuholidi appeared
[wipukipeniva: 30.11.2021, 19:28:37] --> lomuholidi appeared
[wipukipeniva: 30.11.2021, 19:28:42] --> lomuholidi appeared
[wipukipeniva: 30.11.2021, 19:29:14] --> lomuholidi appeared
[wipukipeniva: 30.11.2021, 19:29:20] --> lomuholidi appeared
[wipukipeniva: 30.11.2021, 19:29:39] --> lomuholidi appeared
[wipukipeniva: 30.11.2021, 19:31:30] --> lomuholidi appeared
[wipukipeniva: 30.11.2021, 19:31:37] --> Character got kick
[wipukipeniva: 30.11.2021, 19:37:34] --> Bot successfully started
[wipukipeniva: 30.11.2021, 19:37:34] --> lomuholidi appeared
[wipukipeniva: 30.11.2021, 19:38:13] --> lomuholidi appeared
[wipukipeniva: 30.11.2021, 19:38:33] --> soledugobisu appeared
[wipukipeniva: 30.11.2021, 19:39:36] --> Bot successfully started
[wipukipeniva: 30.11.2021, 19:39:36] --> soledugobisu appeared
[wipukipeniva: 30.11.2021, 19:40:02] --> gamopareba appeared
[wipukipeniva: 30.11.2021, 19:41:35] --> Character leveled up to level 42
[wipukipeniva: 30.11.2021, 19:42:13] --> soledugobisu appeared
[wipukipeniva: 30.11.2021, 19:43:51] --> gamopareba appeared
[wipukipeniva: 30.11.2021, 19:44:34] --> gamopareba appeared
[wipukipeniva: 30.11.2021, 19:44:44] --> pumomufapof appeared
[wipukipeniva: 30.11.2021, 19:45:05] --> gamopareba appeared
[wipukipeniva: 30.11.2021, 19:45:46] --> gamopareba appeared
[wipukipeniva: 30.11.2021, 19:46:19] --> gamopareba appeared
[wipukipeniva: 30.11.2021, 19:47:01] --> gamopareba appeared
[wipukipeniva: 30.11.2021, 19:47:13] --> pumomufapof appeared
[wipukipeniva: 30.11.2021, 19:47:37] --> gamopareba appeared
[wipukipeniva: 30.11.2021, 19:48:03] --> XShaDowBotX appeared
[wipukipeniva: 30.11.2021, 19:48:16] --> gamopareba appeared
[wipukipeniva: 30.11.2021, 19:48:49] --> gamopareba appeared
[wipukipeniva: 30.11.2021, 19:49:16] --> XShaDowBotX appeared
[wipukipeniva: 30.11.2021, 19:49:32] --> gamopareba appeared
[wipukipeniva: 30.11.2021, 19:50:05] --> gamopareba appeared
[wipukipeniva: 30.11.2021, 19:50:34] --> XShaDowBotX appeared
[wipukipeniva: 30.11.2021, 19:50:46] --> gamopareba appeared
[wipukipeniva: 30.11.2021, 19:51:21] --> gamopareba appeared
[wipukipeniva: 30.11.2021, 19:51:49] --> XShaDowBotX appeared
[wipukipeniva: 30.11.2021, 19:52:01] --> gamopareba appeared
[wipukipeniva: 30.11.2021, 19:52:17] --> pumomufapof appeared
[wipukipeniva: 30.11.2021, 19:52:37] --> gamopareba appeared
[wipukipeniva: 30.11.2021, 19:53:16] --> gamopareba appeared
[wipukipeniva: 30.11.2021, 19:53:29] --> XShaDowBotX appeared
[wipukipeniva: 30.11.2021, 19:53:53] --> gamopareba appeared
[wipukipeniva: 30.11.2021, 19:54:30] --> gamopareba appeared
[wipukipeniva: 30.11.2021, 19:54:46] --> pumomufapof appeared
[wipukipeniva: 30.11.2021, 19:55:09] --> gamopareba appeared
[wipukipeniva: 30.11.2021, 19:55:47] --> gamopareba appeared
[wipukipeniva: 30.11.2021, 19:56:23] --> gamopareba appeared
[wipukipeniva: 30.11.2021, 19:57:01] --> gamopareba appeared
[wipukipeniva: 30.11.2021, 19:57:20] --> pumomufapof appeared
[wipukipeniva: 30.11.2021, 19:57:40] --> gamopareba appeared
[wipukipeniva: 30.11.2021, 19:57:58] --> Character leveled up to level 43
[wipukipeniva: 30.11.2021, 19:58:16] --> gamopareba appeared
[wipukipeniva: 30.11.2021, 19:58:32] --> vizerewevob appeared
[wipukipeniva: 30.11.2021, 19:58:57] --> gamopareba appeared
[wipukipeniva: 30.11.2021, 19:59:34] --> gamopareba appeared
[wipukipeniva: 30.11.2021, 20:00:11] --> gamopareba appeared
[wipukipeniva: 30.11.2021, 20:00:20] --> Char changed: 5 dragon cors collected, total cor count: 20
[wipukipeniva: 30.11.2021, 20:00:20] --> Character was kicked from the bot, reason: Changing character
[kicekeboburu: 30.11.2021, 20:00:30] --> Time passed, now going to talk to alchemist: kicekeboburu
[kicekeboburu: 30.11.2021, 20:00:30] --> Character went to Alchemist: kicekeboburu
[kicekeboburu: 30.11.2021, 20:00:52] --> Character was kicked from the bot, reason: Character was walking
[kicekeboburu: 30.11.2021, 20:01:15] --> Character was kicked from the bot, reason: Character was walking
[kicekeboburu: 30.11.2021, 20:01:50] --> Character was kicked from the bot, reason: Character was walking
[kicekeboburu: 30.11.2021, 20:02:15] --> gamopareba appeared
[kicekeboburu: 30.11.2021, 20:02:54] --> gamopareba appeared
[kicekeboburu: 30.11.2021, 20:03:28] --> gamopareba appeared
[kicekeboburu: 30.11.2021, 20:04:00] --> pumomufapof appeared
[kicekeboburu: 30.11.2021, 20:04:09] --> gamopareba appeared
[kicekeboburu: 30.11.2021, 20:04:22] --> Character leveled up to level 42
[kicekeboburu: 30.11.2021, 20:04:42] --> gamopareba appeared
[kicekeboburu: 30.11.2021, 20:05:24] --> gamopareba appeared
[kicekeboburu: 30.11.2021, 20:05:57] --> gamopareba appeared
[kicekeboburu: 30.11.2021, 20:06:30] --> pumomufapof appeared
[kicekeboburu: 30.11.2021, 20:06:38] --> gamopareba appeared
[kicekeboburu: 30.11.2021, 20:07:12] --> gamopareba appeared
[kicekeboburu: 30.11.2021, 20:07:44] --> vizerewevob appeared
[kicekeboburu: 30.11.2021, 20:07:56] --> gamopareba appeared
[kicekeboburu: 30.11.2021, 20:08:26] --> gamopareba appeared
[kicekeboburu: 30.11.2021, 20:09:09] --> gamopareba appeared
[kicekeboburu: 30.11.2021, 20:09:41] --> gamopareba appeared
[kicekeboburu: 30.11.2021, 20:10:17] --> pumomufapof appeared
[kicekeboburu: 30.11.2021, 20:10:23] --> gamopareba appeared
[kicekeboburu: 30.11.2021, 20:10:55] --> gamopareba appeared
[kicekeboburu: 30.11.2021, 20:11:30] --> vizerewevob appeared
[kicekeboburu: 30.11.2021, 20:11:37] --> gamopareba appeared
[kicekeboburu: 30.11.2021, 20:12:09] --> gamopareba appeared
[kicekeboburu: 30.11.2021, 20:12:43] --> vizerewevob appeared
[kicekeboburu: 30.11.2021, 20:12:50] --> gamopareba appeared
[kicekeboburu: 30.11.2021, 20:13:24] --> gamopareba appeared
[kicekeboburu: 30.11.2021, 20:14:06] --> gamopareba appeared
[kicekeboburu: 30.11.2021, 20:14:37] --> gamopareba appeared
[kicekeboburu: 30.11.2021, 20:15:09] --> pumomufapof appeared
[kicekeboburu: 30.11.2021, 20:15:21] --> gamopareba appeared
[kicekeboburu: 30.11.2021, 20:15:54] --> gamopareba appeared
[kicekeboburu: 30.11.2021, 20:16:36] --> gamopareba appeared
[kicekeboburu: 30.11.2021, 20:16:49] --> Character leveled up to level 43
[kicekeboburu: 30.11.2021, 20:17:09] --> gamopareba appeared
[kicekeboburu: 30.11.2021, 20:17:49] --> gamopareba appeared
[kicekeboburu: 30.11.2021, 20:18:24] --> gamopareba appeared
[kicekeboburu: 30.11.2021, 20:18:55] --> pumomufapof appeared
[kicekeboburu: 30.11.2021, 20:19:03] --> gamopareba appeared
[kicekeboburu: 30.11.2021, 20:19:28] --> gosx38 appeared
[kicekeboburu: 30.11.2021, 20:20:55] --> pisipimibi appeared
[kicekeboburu: 30.11.2021, 20:20:58] --> pisipimibi appeared
[kicekeboburu: 30.11.2021, 20:21:37] --> pisipimibi appeared
[kicekeboburu: 30.11.2021, 20:22:14] --> pisipimibi appeared
[kicekeboburu: 30.11.2021, 20:22:53] --> pisipimibi appeared
[kicekeboburu: 30.11.2021, 20:23:30] --> pisipimibi appeared
[kicekeboburu: 30.11.2021, 20:24:06] --> pisipimibi appeared
[kicekeboburu: 30.11.2021, 20:24:46] --> pisipimibi appeared
[kicekeboburu: 30.11.2021, 20:24:54] --> Character went to saleswoman
[kicekeboburu: 30.11.2021, 20:25:19] --> Character was kicked from the bot, reason: Character was walking
[kicekeboburu: 30.11.2021, 20:25:25] --> BigGyoza appeared
[kicekeboburu: 30.11.2021, 20:25:52] --> Character was kicked from the bot, reason: Character was walking
[kicekeboburu: 30.11.2021, 20:26:18] --> vizerewevob appeared
[kicekeboburu: 30.11.2021, 20:26:26] --> Character was kicked from the bot, reason: Character was walking
[kicekeboburu: 30.11.2021, 20:32:40] --> Character leveled up to level 44
[kicekeboburu: 30.11.2021, 20:33:55] --> Char changed: 5 dragon cors collected, total cor count: 20
[kicekeboburu: 30.11.2021, 20:33:56] --> Character was kicked from the bot, reason: Changing character
[wugitugoroz:  30.11.2021, 20:34:05] --> Time passed, now going to talk to alchemist: wugitugoroz
[wugitugoroz:  30.11.2021, 20:34:05] --> Character went to Alchemist: wugitugoroz
[wugitugoroz:  30.11.2021, 20:34:28] --> Character was kicked from the bot, reason: Character was walking
[wugitugoroz:  30.11.2021, 20:34:33] --> XxLEON69xX appeared
[wugitugoroz:  30.11.2021, 20:34:51] --> Character was kicked from the bot, reason: Character was walking
[wugitugoroz:  30.11.2021, 20:35:27] --> Character was kicked from the bot, reason: Character was walking
[wugitugoroz:  30.11.2021, 20:35:30] --> onekarl appeared
[wugitugoroz:  30.11.2021, 20:35:44] --> pisipimibi appeared
[wugitugoroz:  30.11.2021, 20:36:20] --> pisipimibi appeared
[wugitugoroz:  30.11.2021, 20:36:57] --> pisipimibi appeared
[wugitugoroz:  30.11.2021, 20:37:34] --> pisipimibi appeared
[wugitugoroz:  30.11.2021, 20:38:13] --> pisipimibi appeared
[wugitugoroz:  30.11.2021, 20:38:52] --> pisipimibi appeared
[wugitugoroz:  30.11.2021, 20:38:55] --> Character got kick
[wugitugoroz:  30.11.2021, 20:39:20] --> pisipimibi appeared
[wugitugoroz:  30.11.2021, 20:39:39] --> pisipimibi appeared
[wugitugoroz:  30.11.2021, 20:44:14] --> Character leveled up to level 42
[wugitugoroz:  30.11.2021, 20:50:37] --> Character got kick
[wugitugoroz:  30.11.2021, 20:50:44] --> pisipimibi appeared
[wugitugoroz:  30.11.2021, 20:50:51] --> pisipimibi appeared
[wugitugoroz:  30.11.2021, 20:51:15] --> pisipimibi appeared
[wugitugoroz:  30.11.2021, 20:51:43] --> pisipimibi appeared
[wugitugoroz:  30.11.2021, 20:52:13] --> pisipimibi appeared
[wugitugoroz:  30.11.2021, 20:52:18] --> pisipimibi appeared
[wugitugoroz:  30.11.2021, 20:52:25] --> pisipimibi appeared
[wugitugoroz:  30.11.2021, 20:52:31] --> pisipimibi appeared
[wugitugoroz:  30.11.2021, 20:56:56] --> lopipafoba appeared
[wugitugoroz:  30.11.2021, 20:57:28] --> vizerewevob appeared
[wugitugoroz:  30.11.2021, 20:57:39] --> lopipafoba appeared
[wugitugoroz:  30.11.2021, 20:58:10] --> lopipafoba appeared
[wugitugoroz:  30.11.2021, 20:58:39] --> viwotodubec appeared
[wugitugoroz:  30.11.2021, 20:58:52] --> lopipafoba appeared
[wugitugoroz:  30.11.2021, 20:59:25] --> Character leveled up to level 43
[wugitugoroz:  30.11.2021, 20:59:28] --> lopipafoba appeared
[wugitugoroz:  30.11.2021, 21:00:06] --> lopipafoba appeared
[wugitugoroz:  30.11.2021, 21:00:42] --> lopipafoba appeared
[wugitugoroz:  30.11.2021, 21:03:58] --> lopipafoba appeared
[wugitugoroz:  30.11.2021, 21:04:34] --> lopipafoba appeared
[wugitugoroz:  30.11.2021, 21:05:13] --> lopipafoba appeared
[wugitugoroz:  30.11.2021, 21:05:50] --> lopipafoba appeared
[wugitugoroz:  30.11.2021, 21:06:27] --> lopipafoba appeared
[wugitugoroz:  30.11.2021, 21:07:05] --> lopipafoba appeared
[wugitugoroz:  30.11.2021, 21:07:42] --> lopipafoba appeared
[wugitugoroz:  30.11.2021, 21:08:20] --> lopipafoba appeared
[wugitugoroz:  30.11.2021, 21:08:41] --> Character died
[wugitugoroz:  30.11.2021, 21:08:55] --> Character died
[wugitugoroz:  30.11.2021, 21:09:09] --> lopipafoba appeared
[wugitugoroz:  30.11.2021, 21:09:41] --> lopipafoba appeared
[wugitugoroz:  30.11.2021, 21:10:21] --> lopipafoba appeared
[wugitugoroz:  30.11.2021, 21:10:56] --> lopipafoba appeared
[wugitugoroz:  30.11.2021, 21:11:28] --> viwotodubec appeared
[wugitugoroz:  30.11.2021, 21:11:37] --> lopipafoba appeared
[wugitugoroz:  30.11.2021, 21:11:53] --> Char changed: 5 dragon cors collected, total cor count: 20
[wugitugoroz:  30.11.2021, 21:11:54] --> Character was kicked from the bot, reason: Changing character
[kinofekibok:  30.11.2021, 21:14:06] --> Bot successfully started
[kinofekibok:  30.11.2021, 21:14:12] --> Time passed, now going to talk to alchemist: kinofekibok
[kinofekibok:  30.11.2021, 21:14:12] --> Character went to Alchemist: kinofekibok
[kinofekibok:  30.11.2021, 21:14:36] --> Character was kicked from the bot, reason: Character was walking
[kinofekibok:  30.11.2021, 21:14:41] --> wakivinukiza appeared
[kinofekibok:  30.11.2021, 21:14:58] --> Character was kicked from the bot, reason: Character was walking
[kinofekibok:  30.11.2021, 21:15:32] --> Character was kicked from the bot, reason: Character was walking
[kinofekibok:  30.11.2021, 21:15:54] --> lopipafoba appeared
[kinofekibok:  30.11.2021, 21:27:28] --> lopipafoba appeared
[kinofekibok:  30.11.2021, 21:28:04] --> lopipafoba appeared
[kinofekibok:  30.11.2021, 21:28:42] --> lopipafoba appeared
[kinofekibok:  30.11.2021, 21:29:23] --> lopipafoba appeared
[kinofekibok:  30.11.2021, 21:30:03] --> lopipafoba appeared
[kinofekibok:  30.11.2021, 21:30:39] --> lopipafoba appeared
[kinofekibok:  30.11.2021, 21:30:42] --> Character leveled up to level 42
[kinofekibok:  30.11.2021, 21:31:19] --> lopipafoba appeared
[kinofekibok:  30.11.2021, 21:31:58] --> lopipafoba appeared
[kinofekibok:  30.11.2021, 21:32:33] --> gofudodaho appeared
[kinofekibok:  30.11.2021, 21:33:12] --> lopipafoba appeared
[kinofekibok:  30.11.2021, 21:33:45] --> fifezodaboki appeared
[kinofekibok:  30.11.2021, 21:34:08] --> viwotodubec appeared
[kinofekibok:  30.11.2021, 21:34:28] --> lopipafoba appeared
[kinofekibok:  30.11.2021, 21:34:39] --> lopipafoba appeared
[kinofekibok:  30.11.2021, 21:35:02] --> zisezosiku appeared
[kinofekibok:  30.11.2021, 21:35:23] --> viwotodubec appeared
[kinofekibok:  30.11.2021, 21:35:42] --> lopipafoba appeared
[kinofekibok:  30.11.2021, 21:35:44] --> lopipafoba appeared
[kinofekibok:  30.11.2021, 21:36:03] --> wuvedulaca appeared
[kinofekibok:  30.11.2021, 21:36:40] --> viwotodubec appeared
[kinofekibok:  30.11.2021, 21:38:02] --> vadolukawid appeared
[kinofekibok:  30.11.2021, 21:38:39] --> vadolukawid appeared
[kinofekibok:  30.11.2021, 21:39:17] --> vadolukawid appeared
[kinofekibok:  30.11.2021, 21:39:55] --> vadolukawid appeared
[kinofekibok:  30.11.2021, 21:40:34] --> vadolukawid appeared
[kinofekibok:  30.11.2021, 21:41:12] --> vadolukawid appeared
[kinofekibok:  30.11.2021, 21:41:48] --> vadolukawid appeared
[kinofekibok:  30.11.2021, 21:42:25] --> vadolukawid appeared
[kinofekibok:  30.11.2021, 21:43:04] --> vadolukawid appeared
[kinofekibok:  30.11.2021, 21:43:39] --> vadolukawid appeared
[kinofekibok:  30.11.2021, 21:44:17] --> Character leveled up to level 43
[kinofekibok:  30.11.2021, 21:44:17] --> vadolukawid appeared
[kinofekibok:  30.11.2021, 21:44:52] --> vadolukawid appeared
[kinofekibok:  30.11.2021, 21:45:33] --> vadolukawid appeared
[kinofekibok:  30.11.2021, 21:46:10] --> vadolukawid appeared
[kinofekibok:  30.11.2021, 21:46:49] --> vadolukawid appeared
[kinofekibok:  30.11.2021, 21:47:24] --> vadolukawid appeared
[kinofekibok:  30.11.2021, 21:47:55] --> viwotodubec appeared
[kinofekibok:  30.11.2021, 21:48:03] --> vadolukawid appeared
[kinofekibok:  30.11.2021, 21:48:26] --> Character went to saleswoman
[kinofekibok:  30.11.2021, 21:48:29] --> Character was kicked from the bot, reason: MapLoading Freeze
[kinofekibok:  30.11.2021, 21:48:50] --> Character was kicked from the bot, reason: Character was walking
[kinofekibok:  30.11.2021, 21:48:56] --> LadyPinix appeared
[kinofekibok:  30.11.2021, 21:49:23] --> Character was kicked from the bot, reason: Character was walking
[kinofekibok:  30.11.2021, 21:49:48] --> Krono96 appeared
[kinofekibok:  30.11.2021, 21:49:57] --> Character was kicked from the bot, reason: Character was walking
[kinofekibok:  30.11.2021, 21:50:16] --> gipesahahico appeared
[kinofekibok:  30.11.2021, 21:51:25] --> gipesahahico appeared
[kinofekibok:  30.11.2021, 21:51:40] --> gipesahahico appeared
[kinofekibok:  30.11.2021, 21:52:29] --> vadolukawid appeared
[kinofekibok:  30.11.2021, 21:53:05] --> vadolukawid appeared
[kinofekibok:  30.11.2021, 21:53:44] --> vadolukawid appeared
[kinofekibok:  30.11.2021, 21:54:20] --> Bot terminated: 5 dragon cors collected, total cor count: 20
[kinofekibok:  30.11.2021, 23:17:13] --> Bot successfully started
[kinofekibok:  30.11.2021, 23:20:39] --> Character was kicked from the bot, reason: Changing character
[wipukipeniva: 30.11.2021, 23:21:19] --> Character was kicked from the bot, reason: Character was walking
[wipukipeniva: 30.11.2021, 23:23:31] --> Bot successfully started
[wipukipeniva: 30.11.2021, 23:27:13] --> Character was kicked from the bot, reason: Changing character
[wipukipeniva: 30.11.2021, 23:27:18] --> Character leveled up to level 44
[kicekeboburu: 30.11.2021, 23:27:51] --> Character was kicked from the bot, reason: Character was walking
[kicekeboburu: 30.11.2021, 23:29:29] --> Character was kicked from the bot, reason: Changing character
[kicekeboburu: 30.11.2021, 23:29:33] --> Character died
[wugitugoroz:  30.11.2021, 23:29:43] --> bubupepozozo appeared
[wugitugoroz:  30.11.2021, 23:30:09] --> Character was kicked from the bot, reason: Character was walking
[wugitugoroz:  30.11.2021, 23:31:51] --> Character was kicked from the bot, reason: Changing character
[kinofekibok:  30.11.2021, 23:32:29] --> Character was kicked from the bot, reason: Character was walking
[kinofekibok:  30.11.2021, 23:33:57] --> Character was kicked from the bot, reason: Changing character
[kapivibela:   30.11.2021, 23:34:30] --> Character was kicked from the bot, reason: MapLoading Freeze
[kapivibela:   30.11.2021, 23:34:41] --> Character was kicked from the bot, reason: Character was walking
[kapivibela:   30.11.2021, 23:34:47] --> wuvedulaca appeared
[kapivibela:   30.11.2021, 23:38:51] --> Bot successfully started
[kapivibela:   30.11.2021, 23:38:51] --> wuvedulaca appeared
[kapivibela:   30.11.2021, 23:46:12] --> Changing into CH2
