[lomuholidi:   27.11.2021, 14:41:40] --> Bot successfully started
[lomuholidi:   27.11.2021, 14:41:40] --> kapivibela appeared
[lomuholidi:   27.11.2021, 15:12:05] --> bloodhound3 appeared
[lomuholidi:   27.11.2021, 15:16:48] --> horekavibeta appeared
[lomuholidi:   27.11.2021, 15:18:16] --> Changing into CH9
[lomuholidi:   27.11.2021, 15:18:27] --> ANELLIEXPx01 appeared
[lomuholidi:   27.11.2021, 15:18:47] --> Character was kicked from the bot, reason: Changing character
[lomuholidi:   27.11.2021, 15:20:48] --> Character was kicked from the bot, reason: Changing character
[gamopareba:   27.11.2021, 15:22:48] --> Character was kicked from the bot, reason: Changing character
[gamopareba:   27.11.2021, 15:22:56] --> ANELLIEXPx01 appeared
[pisipimibi:   27.11.2021, 15:24:49] --> Character was kicked from the bot, reason: Changing character
[lopipafoba:   27.11.2021, 15:26:35] --> Character was kicked from the bot, reason: Changing character
[lomuholidi:   27.11.2021, 15:38:23] --> Bot successfully started
[lomuholidi:   27.11.2021, 15:38:23] --> Jebediah appeared
[lomuholidi:   27.11.2021, 15:38:24] --> Setting '1' loaded because of active level settings
[lomuholidi:   27.11.2021, 15:38:30] --> Character went to saleswoman
[lomuholidi:   27.11.2021, 15:38:33] --> Character was kicked from the bot, reason: Character was walking
[lomuholidi:   27.11.2021, 15:38:38] --> Jebediah appeared
[lomuholidi:   27.11.2021, 15:39:06] --> Character was kicked from the bot, reason: Character was walking
[lomuholidi:   27.11.2021, 15:39:19] --> Character leveled up to level 2
[lomuholidi:   27.11.2021, 15:39:20] --> Character leveled up to level 7
[lomuholidi:   27.11.2021, 15:39:21] --> Character leveled up to level 8
[lomuholidi:   27.11.2021, 15:39:22] --> Character leveled up to level 9
[lomuholidi:   27.11.2021, 15:39:24] --> Character leveled up to level 10
[lomuholidi:   27.11.2021, 15:39:28] --> Character leveled up to level 11
[lomuholidi:   27.11.2021, 15:39:29] --> Character leveled up to level 12
[lomuholidi:   27.11.2021, 15:39:35] --> Character leveled up to level 13
[lomuholidi:   27.11.2021, 15:39:52] --> Character leveled up to level 14
[lomuholidi:   27.11.2021, 15:40:08] --> Character leveled up to level 15
[lomuholidi:   27.11.2021, 15:40:08] --> Setting '2' loaded because of active level settings
[lomuholidi:   27.11.2021, 15:40:21] --> Character was kicked from the bot, reason: Character was walking
[lomuholidi:   27.11.2021, 15:40:45] --> Character was kicked from the bot, reason: Character was walking
[lomuholidi:   27.11.2021, 15:40:50] --> kapivibela appeared
[lomuholidi:   27.11.2021, 15:41:36] --> Character leveled up to level 16
[lomuholidi:   27.11.2021, 15:42:27] --> Character leveled up to level 17
[lomuholidi:   27.11.2021, 15:43:04] --> Character leveled up to level 18
[lomuholidi:   27.11.2021, 15:43:33] --> Character leveled up to level 19
[lomuholidi:   27.11.2021, 15:44:30] --> Character leveled up to level 20
[lomuholidi:   27.11.2021, 15:46:05] --> Character leveled up to level 21
[lomuholidi:   27.11.2021, 15:47:43] --> Character leveled up to level 22
[lomuholidi:   27.11.2021, 15:48:51] --> Character leveled up to level 23
[lomuholidi:   27.11.2021, 15:49:59] --> Character leveled up to level 24
[lomuholidi:   27.11.2021, 15:51:46] --> Character leveled up to level 25
[lomuholidi:   27.11.2021, 15:54:02] --> Character leveled up to level 26
[lomuholidi:   27.11.2021, 15:55:31] --> Character leveled up to level 27
[lomuholidi:   27.11.2021, 15:55:39] --> dazorofupu appeared
[lomuholidi:   27.11.2021, 15:56:07] --> rucugenuba appeared
[lomuholidi:   27.11.2021, 15:56:17] --> dazorofupu appeared
[lomuholidi:   27.11.2021, 15:56:31] --> zugesaparu appeared
[lomuholidi:   27.11.2021, 15:56:45] --> Character leveled up to level 28
[lomuholidi:   27.11.2021, 15:56:54] --> dazorofupu appeared
[lomuholidi:   27.11.2021, 15:58:31] --> Character leveled up to level 29
[lomuholidi:   27.11.2021, 16:00:51] --> Character leveled up to level 30
[lomuholidi:   27.11.2021, 16:02:49] --> wipukipeniva appeared
[lomuholidi:   27.11.2021, 16:03:15] --> Character leveled up to level 31
[lomuholidi:   27.11.2021, 16:03:15] --> Bot terminated: Character reached level 31
[gamopareba:   27.11.2021, 16:04:28] --> Bot successfully started
[gamopareba:   27.11.2021, 16:04:29] --> Goccia appeared
[gamopareba:   27.11.2021, 16:04:29] --> Setting '1' loaded because of active level settings
[gamopareba:   27.11.2021, 16:04:35] --> Character went to saleswoman
[gamopareba:   27.11.2021, 16:04:38] --> Character was kicked from the bot, reason: Character was walking
[gamopareba:   27.11.2021, 16:05:12] --> Character was kicked from the bot, reason: Character was walking
[gamopareba:   27.11.2021, 16:05:24] --> Character leveled up to level 2
[gamopareba:   27.11.2021, 16:05:25] --> Character leveled up to level 5
[gamopareba:   27.11.2021, 16:05:26] --> Character leveled up to level 7
[gamopareba:   27.11.2021, 16:05:27] --> Character leveled up to level 8
[gamopareba:   27.11.2021, 16:05:28] --> Character leveled up to level 9
[gamopareba:   27.11.2021, 16:05:31] --> Character leveled up to level 10
[gamopareba:   27.11.2021, 16:05:32] --> Character leveled up to level 11
[gamopareba:   27.11.2021, 16:05:37] --> Character leveled up to level 12
[gamopareba:   27.11.2021, 16:05:40] --> Character leveled up to level 13
[gamopareba:   27.11.2021, 16:05:51] --> Character leveled up to level 14
[gamopareba:   27.11.2021, 16:06:03] --> Character leveled up to level 15
[gamopareba:   27.11.2021, 16:06:03] --> Setting '2' loaded because of active level settings
[gamopareba:   27.11.2021, 16:06:16] --> Character was kicked from the bot, reason: Character was walking
[gamopareba:   27.11.2021, 16:07:17] --> Bot successfully started
[gamopareba:   27.11.2021, 16:07:17] --> bofatazawid appeared
[gamopareba:   27.11.2021, 16:07:17] --> Setting '2' loaded because of active level settings
[gamopareba:   27.11.2021, 16:07:40] --> Character was kicked from the bot, reason: Character was walking
[gamopareba:   27.11.2021, 16:08:40] --> Bot successfully started
[gamopareba:   27.11.2021, 16:08:40] --> Setting '2' loaded because of active level settings
[gamopareba:   27.11.2021, 16:08:40] --> wipukipeniva appeared
[gamopareba:   27.11.2021, 16:09:28] --> Character leveled up to level 16
[gamopareba:   27.11.2021, 16:10:08] --> Character leveled up to level 17
[gamopareba:   27.11.2021, 16:10:44] --> Character leveled up to level 18
[gamopareba:   27.11.2021, 16:11:28] --> Character leveled up to level 19
[gamopareba:   27.11.2021, 16:12:08] --> Character leveled up to level 20
[gamopareba:   27.11.2021, 16:12:50] --> wipukipeniva appeared
[gamopareba:   27.11.2021, 16:12:59] --> Character leveled up to level 21
[gamopareba:   27.11.2021, 16:14:09] --> Character leveled up to level 22
[gamopareba:   27.11.2021, 16:15:30] --> Character leveled up to level 23
[gamopareba:   27.11.2021, 16:17:10] --> Character leveled up to level 24
[gamopareba:   27.11.2021, 16:18:48] --> Character leveled up to level 25
[gamopareba:   27.11.2021, 16:20:23] --> Character leveled up to level 26
[gamopareba:   27.11.2021, 16:22:10] --> Character leveled up to level 27
[gamopareba:   27.11.2021, 16:22:44] --> kicekeboburu appeared
[gamopareba:   27.11.2021, 16:22:54] --> kicekeboburu appeared
[gamopareba:   27.11.2021, 16:23:11] --> kicekeboburu appeared
[gamopareba:   27.11.2021, 16:23:19] --> kicekeboburu appeared
[gamopareba:   27.11.2021, 16:23:23] --> Character leveled up to level 28
[gamopareba:   27.11.2021, 16:23:28] --> kicekeboburu appeared
[gamopareba:   27.11.2021, 16:24:02] --> kicekeboburu appeared
[gamopareba:   27.11.2021, 16:24:10] --> kicekeboburu appeared
[gamopareba:   27.11.2021, 16:24:18] --> kicekeboburu appeared
[gamopareba:   27.11.2021, 16:24:49] --> Character leveled up to level 29
[gamopareba:   27.11.2021, 16:25:12] --> kicekeboburu appeared
[gamopareba:   27.11.2021, 16:25:17] --> kicekeboburu appeared
[gamopareba:   27.11.2021, 16:25:28] --> kicekeboburu appeared
[gamopareba:   27.11.2021, 16:26:54] --> Character leveled up to level 30
[gamopareba:   27.11.2021, 16:29:01] --> Character leveled up to level 31
[gamopareba:   27.11.2021, 16:29:02] --> Bot terminated: Character reached level 31
[gamopareba:   27.11.2021, 16:29:03] --> kicekeboburu appeared
[gamopareba:   27.11.2021, 16:30:55] --> Bot successfully started
[gamopareba:   27.11.2021, 16:30:56] --> dazorofupu appeared
[gamopareba:   27.11.2021, 16:31:06] --> Setting '2' loaded because of active level settings
[gamopareba:   27.11.2021, 16:31:08] --> Bot terminated: Character reached level 31
[pisipimibi:   27.11.2021, 16:32:41] --> Bot successfully started
[pisipimibi:   27.11.2021, 16:32:42] --> Clahh appeared
[pisipimibi:   27.11.2021, 16:32:42] --> Setting '1' loaded because of active level settings
[pisipimibi:   27.11.2021, 16:32:48] --> Character went to saleswoman
[pisipimibi:   27.11.2021, 16:32:51] --> Character was kicked from the bot, reason: Character was walking
[pisipimibi:   27.11.2021, 16:34:06] --> Bot successfully started
[pisipimibi:   27.11.2021, 16:34:06] --> Setting '1' loaded because of active level settings
[pisipimibi:   27.11.2021, 16:34:06] --> Clahh appeared
[pisipimibi:   27.11.2021, 16:34:13] --> Character went to saleswoman
[pisipimibi:   27.11.2021, 16:34:35] --> Character was kicked from the bot, reason: Character was walking
[pisipimibi:   27.11.2021, 16:34:48] --> Character leveled up to level 2
[pisipimibi:   27.11.2021, 16:34:49] --> Character leveled up to level 5
[pisipimibi:   27.11.2021, 16:34:50] --> Character leveled up to level 7
[pisipimibi:   27.11.2021, 16:34:53] --> Character leveled up to level 8
[pisipimibi:   27.11.2021, 16:34:54] --> Character leveled up to level 9
[pisipimibi:   27.11.2021, 16:34:56] --> Character leveled up to level 10
[pisipimibi:   27.11.2021, 16:34:58] --> Character leveled up to level 11
[pisipimibi:   27.11.2021, 16:35:00] --> Character leveled up to level 12
[pisipimibi:   27.11.2021, 16:35:05] --> Character leveled up to level 13
[pisipimibi:   27.11.2021, 16:35:10] --> Character leveled up to level 14
[pisipimibi:   27.11.2021, 16:35:42] --> Character leveled up to level 15
[pisipimibi:   27.11.2021, 16:35:43] --> Setting '2' loaded because of active level settings
[pisipimibi:   27.11.2021, 16:35:55] --> Character was kicked from the bot, reason: Character was walking
[pisipimibi:   27.11.2021, 16:36:00] --> bofatazawid appeared
[pisipimibi:   27.11.2021, 16:36:20] --> Character was kicked from the bot, reason: Character was walking
[pisipimibi:   27.11.2021, 16:36:25] --> kicekeboburu appeared
[pisipimibi:   27.11.2021, 16:37:03] --> Character leveled up to level 16
[pisipimibi:   27.11.2021, 16:37:27] --> Character leveled up to level 17
[pisipimibi:   27.11.2021, 16:37:53] --> Character leveled up to level 18
[pisipimibi:   27.11.2021, 16:38:23] --> Character leveled up to level 19
[pisipimibi:   27.11.2021, 16:39:06] --> Character leveled up to level 20
[pisipimibi:   27.11.2021, 16:39:07] --> levelikegimu appeared
[pisipimibi:   27.11.2021, 16:39:50] --> Character leveled up to level 21
[pisipimibi:   27.11.2021, 16:40:45] --> Character leveled up to level 22
[pisipimibi:   27.11.2021, 16:41:35] --> Character leveled up to level 23
[pisipimibi:   27.11.2021, 16:42:28] --> Character leveled up to level 24
[pisipimibi:   27.11.2021, 16:43:43] --> Character leveled up to level 25
[pisipimibi:   27.11.2021, 16:43:54] --> dazorofupu appeared
[pisipimibi:   27.11.2021, 16:44:11] --> dazorofupu appeared
[pisipimibi:   27.11.2021, 16:44:21] --> dazorofupu appeared
[pisipimibi:   27.11.2021, 16:44:35] --> Character leveled up to level 26
[pisipimibi:   27.11.2021, 16:44:58] --> zugesaparu appeared
[pisipimibi:   27.11.2021, 16:45:28] --> Character leveled up to level 27
[pisipimibi:   27.11.2021, 16:45:32] --> levelikegimu appeared
[pisipimibi:   27.11.2021, 16:47:04] --> Character leveled up to level 28
[pisipimibi:   27.11.2021, 16:48:49] --> Character leveled up to level 29
[pisipimibi:   27.11.2021, 16:51:09] --> Character leveled up to level 30
[pisipimibi:   27.11.2021, 16:53:39] --> Character leveled up to level 31
[pisipimibi:   27.11.2021, 16:53:40] --> Bot terminated: Character reached level 31
[pisipimibi:   27.11.2021, 16:55:06] --> Bot successfully started
[pisipimibi:   27.11.2021, 16:55:07] --> wugitugoroz appeared
[pisipimibi:   27.11.2021, 16:55:17] --> Setting '2' loaded because of active level settings
[pisipimibi:   27.11.2021, 16:55:19] --> Bot terminated: Character reached level 31
[lopipafoba:   27.11.2021, 16:56:21] --> Bot successfully started
[lopipafoba:   27.11.2021, 16:56:21] --> Setting '1' loaded because of active level settings
[lopipafoba:   27.11.2021, 16:56:27] --> Character went to saleswoman
[lopipafoba:   27.11.2021, 16:56:31] --> Character was kicked from the bot, reason: Character was walking
[lopipafoba:   27.11.2021, 16:56:39] --> topozafovak appeared
[lopipafoba:   27.11.2021, 16:57:07] --> Character was kicked from the bot, reason: Character was walking
[lopipafoba:   27.11.2021, 16:57:18] --> bufozokaza appeared
[lopipafoba:   27.11.2021, 16:57:20] --> Character leveled up to level 2
[lopipafoba:   27.11.2021, 16:57:21] --> Character leveled up to level 6
[lopipafoba:   27.11.2021, 16:57:23] --> Character leveled up to level 8
[lopipafoba:   27.11.2021, 16:57:31] --> Character leveled up to level 9
[lopipafoba:   27.11.2021, 16:57:33] --> Character leveled up to level 10
[lopipafoba:   27.11.2021, 16:57:49] --> Character leveled up to level 11
[lopipafoba:   27.11.2021, 16:57:57] --> Character leveled up to level 12
[lopipafoba:   27.11.2021, 16:58:04] --> Character leveled up to level 13
[lopipafoba:   27.11.2021, 16:58:04] --> bufozokaza appeared
[lopipafoba:   27.11.2021, 16:58:12] --> Character leveled up to level 14
[lopipafoba:   27.11.2021, 16:58:27] --> Character leveled up to level 15
[lopipafoba:   27.11.2021, 16:58:27] --> Setting '2' loaded because of active level settings
[lopipafoba:   27.11.2021, 16:58:40] --> Character was kicked from the bot, reason: Character was walking
[lopipafoba:   27.11.2021, 16:58:44] --> bofatazawid appeared
[lopipafoba:   27.11.2021, 16:59:04] --> Character was kicked from the bot, reason: Character was walking
[lopipafoba:   27.11.2021, 16:59:09] --> wugitugoroz appeared
[lopipafoba:   27.11.2021, 17:00:45] --> Bot successfully started
[lopipafoba:   27.11.2021, 17:00:45] --> Setting '2' loaded because of active level settings
[lopipafoba:   27.11.2021, 17:00:45] --> levelikegimu appeared
[lopipafoba:   27.11.2021, 17:01:28] --> Character leveled up to level 16
[lopipafoba:   27.11.2021, 17:02:06] --> Character leveled up to level 17
[lopipafoba:   27.11.2021, 17:02:28] --> Character leveled up to level 18
[lopipafoba:   27.11.2021, 17:02:55] --> Character leveled up to level 19
[lopipafoba:   27.11.2021, 17:03:42] --> Character leveled up to level 20
[lopipafoba:   27.11.2021, 17:04:27] --> Character leveled up to level 21
[lopipafoba:   27.11.2021, 17:05:20] --> Character leveled up to level 22
[lopipafoba:   27.11.2021, 17:05:54] --> motekezulem appeared
[lopipafoba:   27.11.2021, 17:06:12] --> Character leveled up to level 23
[lopipafoba:   27.11.2021, 17:06:31] --> motekezulem appeared
[lopipafoba:   27.11.2021, 17:06:48] --> Character leveled up to level 24
[lopipafoba:   27.11.2021, 17:06:51] --> dazorofupu appeared
[lopipafoba:   27.11.2021, 17:07:04] --> levelikegimu appeared
[lopipafoba:   27.11.2021, 17:07:33] --> Character leveled up to level 25
[lopipafoba:   27.11.2021, 17:08:48] --> Character leveled up to level 26
[lopipafoba:   27.11.2021, 17:10:11] --> Character leveled up to level 27
[lopipafoba:   27.11.2021, 17:11:37] --> Character leveled up to level 28
[lopipafoba:   27.11.2021, 17:13:46] --> Character leveled up to level 29
[lopipafoba:   27.11.2021, 17:16:38] --> Character leveled up to level 30
[lopipafoba:   27.11.2021, 17:18:47] --> Character leveled up to level 31
[lopipafoba:   27.11.2021, 17:18:48] --> Bot terminated: Character reached level 31
[vadolukawid:  27.11.2021, 17:20:13] --> Bot successfully started
[vadolukawid:  27.11.2021, 17:20:13] --> Setting '1' loaded because of active level settings
[vadolukawid:  27.11.2021, 17:20:13] --> Rhugiada appeared
[vadolukawid:  27.11.2021, 17:20:19] --> Character went to saleswoman
[vadolukawid:  27.11.2021, 17:20:23] --> Character was kicked from the bot, reason: Character was walking
[vadolukawid:  27.11.2021, 17:20:55] --> Character was kicked from the bot, reason: Character was walking
[vadolukawid:  27.11.2021, 17:21:07] --> Character leveled up to level 2
[vadolukawid:  27.11.2021, 17:21:08] --> Character leveled up to level 5
[vadolukawid:  27.11.2021, 17:21:09] --> Character leveled up to level 7
[vadolukawid:  27.11.2021, 17:21:10] --> Character leveled up to level 8
[vadolukawid:  27.11.2021, 17:21:11] --> Character leveled up to level 9
[vadolukawid:  27.11.2021, 17:21:14] --> Character leveled up to level 10
[vadolukawid:  27.11.2021, 17:21:16] --> Character leveled up to level 11
[vadolukawid:  27.11.2021, 17:21:19] --> Character leveled up to level 12
[vadolukawid:  27.11.2021, 17:21:28] --> Character leveled up to level 13
[vadolukawid:  27.11.2021, 17:21:56] --> Character leveled up to level 14
[vadolukawid:  27.11.2021, 17:22:11] --> Character leveled up to level 15
[vadolukawid:  27.11.2021, 17:22:11] --> Setting '2' loaded because of active level settings
[vadolukawid:  27.11.2021, 17:22:24] --> Character was kicked from the bot, reason: Character was walking
[vadolukawid:  27.11.2021, 17:22:28] --> bofatazawid appeared
[vadolukawid:  27.11.2021, 17:22:48] --> Character was kicked from the bot, reason: Character was walking
[vadolukawid:  27.11.2021, 17:22:52] --> levelikegimu appeared
[vadolukawid:  27.11.2021, 17:23:30] --> Character leveled up to level 16
[vadolukawid:  27.11.2021, 17:24:42] --> Character leveled up to level 17
[vadolukawid:  27.11.2021, 17:25:41] --> Character leveled up to level 18
[vadolukawid:  27.11.2021, 17:26:37] --> Character leveled up to level 19
[vadolukawid:  27.11.2021, 17:27:42] --> Character leveled up to level 20
[vadolukawid:  27.11.2021, 17:29:18] --> Character leveled up to level 21
[vadolukawid:  27.11.2021, 17:30:45] --> Character leveled up to level 22
[vadolukawid:  27.11.2021, 17:32:42] --> Character leveled up to level 23
[vadolukawid:  27.11.2021, 17:34:03] --> Character leveled up to level 24
[vadolukawid:  27.11.2021, 17:35:30] --> Character leveled up to level 25
[vadolukawid:  27.11.2021, 17:36:04] --> dazorofupu appeared
[vadolukawid:  27.11.2021, 17:36:17] --> motekezulem appeared
[vadolukawid:  27.11.2021, 17:36:21] --> Character leveled up to level 26
[vadolukawid:  27.11.2021, 17:36:40] --> dazorofupu appeared
[vadolukawid:  27.11.2021, 17:36:54] --> dazorofupu appeared
[vadolukawid:  27.11.2021, 17:37:14] --> lolucoruvek appeared
[vadolukawid:  27.11.2021, 17:37:18] --> Character leveled up to level 27
[vadolukawid:  27.11.2021, 17:37:31] --> dazorofupu appeared
[vadolukawid:  27.11.2021, 17:39:12] --> Character leveled up to level 28
[vadolukawid:  27.11.2021, 17:41:50] --> Character leveled up to level 29
[vadolukawid:  27.11.2021, 17:43:46] --> levelikegimu appeared
[vadolukawid:  27.11.2021, 17:44:03] --> dazorofupu appeared
[vadolukawid:  27.11.2021, 17:44:16] --> sodebodezuf appeared
[vadolukawid:  27.11.2021, 17:44:17] --> Character leveled up to level 30
[vadolukawid:  27.11.2021, 17:44:19] --> motekezulem appeared
[vadolukawid:  27.11.2021, 17:45:41] --> Bot successfully started
[vadolukawid:  27.11.2021, 17:45:41] --> Setting '2' loaded because of active level settings
[vadolukawid:  27.11.2021, 17:46:00] --> dazorofupu appeared
[vadolukawid:  27.11.2021, 17:46:06] --> dazorofupu appeared
[vadolukawid:  27.11.2021, 17:46:10] --> sodebodezuf appeared
[vadolukawid:  27.11.2021, 17:46:12] --> dazorofupu appeared
[vadolukawid:  27.11.2021, 17:46:34] --> motekezulem appeared
[vadolukawid:  27.11.2021, 17:46:53] --> Character got kick
[vadolukawid:  27.11.2021, 17:47:06] --> Character got kick
[vadolukawid:  27.11.2021, 17:47:20] --> Character got kick
[vadolukawid:  27.11.2021, 17:47:27] --> motekezulem appeared
[vadolukawid:  27.11.2021, 17:47:40] --> BACK13 appeared
[vadolukawid:  27.11.2021, 17:47:41] --> Character leveled up to level 31
[vadolukawid:  27.11.2021, 17:47:43] --> Bot terminated: Character reached level 31
[lomuholidi:   27.11.2021, 18:07:33] --> Bot successfully started
[lomuholidi:   27.11.2021, 18:07:33] --> kazokodoza appeared
[lomuholidi:   27.11.2021, 18:07:39] --> Time passed, now going to talk to alchemist: lomuholidi
[lomuholidi:   27.11.2021, 18:07:39] --> Character went to Alchemist: lomuholidi
[lomuholidi:   27.11.2021, 18:07:46] --> hunoburivar appeared
[lomuholidi:   27.11.2021, 18:08:02] --> Character was kicked from the bot, reason: Character was walking
[lomuholidi:   27.11.2021, 18:08:26] --> Character was kicked from the bot, reason: Character was walking
[lomuholidi:   27.11.2021, 18:08:54] --> zevebagepu appeared
[lomuholidi:   27.11.2021, 18:09:00] --> Character was kicked from the bot, reason: Character was walking
[lomuholidi:   27.11.2021, 18:09:04] --> kapivibela appeared
[lomuholidi:   27.11.2021, 18:09:15] --> Character died
[lomuholidi:   27.11.2021, 18:09:30] --> kapivibela appeared
[lomuholidi:   27.11.2021, 18:09:37] --> Character died
[lomuholidi:   27.11.2021, 18:09:57] --> kapivibela appeared
[lomuholidi:   27.11.2021, 18:10:02] --> Character died
[lomuholidi:   27.11.2021, 18:10:19] --> Character died
[lomuholidi:   27.11.2021, 18:10:32] --> kapivibela appeared
[lomuholidi:   27.11.2021, 18:10:36] --> Character died
[lomuholidi:   27.11.2021, 18:10:56] --> Character died
[lomuholidi:   27.11.2021, 18:11:18] --> Character died
[lomuholidi:   27.11.2021, 18:11:31] --> kapivibela appeared
[lomuholidi:   27.11.2021, 18:11:39] --> Character died
[lomuholidi:   27.11.2021, 18:12:55] --> kapivibela appeared
[lomuholidi:   27.11.2021, 18:13:12] --> Character died
[lomuholidi:   27.11.2021, 18:13:34] --> Character died
[lomuholidi:   27.11.2021, 18:13:48] --> kapivibela appeared
[lomuholidi:   27.11.2021, 18:13:57] --> Character died
[lomuholidi:   27.11.2021, 18:15:13] --> zurivuhumon appeared
[lomuholidi:   27.11.2021, 18:15:28] --> Character died
[lomuholidi:   27.11.2021, 18:15:41] --> Character died
[lomuholidi:   27.11.2021, 18:15:47] --> Character died
[lomuholidi:   27.11.2021, 18:16:10] --> Character died
[lomuholidi:   27.11.2021, 18:16:20] --> kapivibela appeared
[lomuholidi:   27.11.2021, 18:16:23] --> kapivibela appeared
[lomuholidi:   27.11.2021, 18:16:30] --> Character died
[lomuholidi:   27.11.2021, 18:16:53] --> Character died
[lomuholidi:   27.11.2021, 18:17:26] --> Character died
[lomuholidi:   27.11.2021, 18:17:55] --> zurivuhumon appeared
[lomuholidi:   27.11.2021, 18:18:00] --> zurivuhumon appeared
[lomuholidi:   27.11.2021, 18:18:06] --> kapivibela appeared
[lomuholidi:   27.11.2021, 18:18:49] --> kapivibela appeared
[lomuholidi:   27.11.2021, 18:18:56] --> 10 shards collected, now going to talk to alchemist: lomuholidi
[lomuholidi:   27.11.2021, 18:18:56] --> Character went to Alchemist: lomuholidi
[lomuholidi:   27.11.2021, 18:19:47] --> Character was kicked from the bot, reason: Character was walking
[lomuholidi:   27.11.2021, 18:19:52] --> sufizurozup appeared
[lomuholidi:   27.11.2021, 18:20:10] --> Character was kicked from the bot, reason: Character was walking
[lomuholidi:   27.11.2021, 18:20:26] --> sufizurozup appeared
[lomuholidi:   27.11.2021, 18:20:43] --> Character was kicked from the bot, reason: Character was walking
[lomuholidi:   27.11.2021, 18:20:55] --> zurivuhumon appeared
[lomuholidi:   27.11.2021, 18:21:23] --> zurivuhumon appeared
[lomuholidi:   27.11.2021, 18:21:34] --> kapivibela appeared
[lomuholidi:   27.11.2021, 18:22:13] --> kapivibela appeared
[lomuholidi:   27.11.2021, 18:22:36] --> kacufofovo appeared
[lomuholidi:   27.11.2021, 18:22:51] --> kapivibela appeared
[lomuholidi:   27.11.2021, 18:23:02] --> kapivibela appeared
[lomuholidi:   27.11.2021, 18:23:20] --> Character died
[lomuholidi:   27.11.2021, 18:23:22] --> kapivibela appeared
[lomuholidi:   27.11.2021, 18:23:38] --> kapivibela appeared
[lomuholidi:   27.11.2021, 18:23:51] --> kapivibela appeared
[lomuholidi:   27.11.2021, 18:23:52] --> Character leveled up to level 32
[lomuholidi:   27.11.2021, 18:24:40] --> kacufofovo appeared
[lomuholidi:   27.11.2021, 18:24:52] --> Character died
[lomuholidi:   27.11.2021, 18:25:18] --> kacufofovo appeared
[lomuholidi:   27.11.2021, 18:25:43] --> kapivibela appeared
[lomuholidi:   27.11.2021, 18:26:20] --> kacufofovo appeared
[lomuholidi:   27.11.2021, 18:26:21] --> Character died
[lomuholidi:   27.11.2021, 18:26:37] --> kapivibela appeared
[lomuholidi:   27.11.2021, 18:31:08] --> Character leveled up to level 33
[lomuholidi:   27.11.2021, 18:37:37] --> Character leveled up to level 34
[lomuholidi:   27.11.2021, 18:42:37] --> Char changed: 5 dragon cors collected, total cor count: 5
[lomuholidi:   27.11.2021, 18:42:37] --> Character was kicked from the bot, reason: Changing character
[gamopareba:   27.11.2021, 18:43:13] --> Time passed, now going to talk to alchemist: gamopareba
[gamopareba:   27.11.2021, 18:43:13] --> Character went to Alchemist: gamopareba
[gamopareba:   27.11.2021, 18:43:21] --> hunoburivar appeared
[gamopareba:   27.11.2021, 18:43:36] --> Character was kicked from the bot, reason: Character was walking
[gamopareba:   27.11.2021, 18:43:55] --> kurolovuce appeared
[gamopareba:   27.11.2021, 18:44:02] --> Character was kicked from the bot, reason: Character was walking
[gamopareba:   27.11.2021, 18:44:12] --> kerokerehi appeared
[gamopareba:   27.11.2021, 18:44:36] --> Character was kicked from the bot, reason: Character was walking
[gamopareba:   27.11.2021, 18:44:40] --> kapivibela appeared
[gamopareba:   27.11.2021, 18:45:36] --> kapivibela appeared
[gamopareba:   27.11.2021, 18:45:53] --> Character died
[gamopareba:   27.11.2021, 18:46:06] --> Character died
[gamopareba:   27.11.2021, 18:46:14] --> Character died
[gamopareba:   27.11.2021, 18:46:34] --> Character died
[gamopareba:   27.11.2021, 18:46:37] --> kapivibela appeared
[gamopareba:   27.11.2021, 18:47:28] --> kapivibela appeared
[gamopareba:   27.11.2021, 18:47:37] --> kapivibela appeared
[gamopareba:   27.11.2021, 18:47:46] --> kapivibela appeared
[gamopareba:   27.11.2021, 18:48:05] --> kapivibela appeared
[gamopareba:   27.11.2021, 18:48:11] --> kapivibela appeared
[gamopareba:   27.11.2021, 18:48:21] --> kapivibela appeared
[gamopareba:   27.11.2021, 18:48:24] --> kapivibela appeared
[gamopareba:   27.11.2021, 18:48:38] --> kapivibela appeared
[gamopareba:   27.11.2021, 18:48:47] --> kacufofovo appeared
[gamopareba:   27.11.2021, 18:48:59] --> Character died
[gamopareba:   27.11.2021, 18:49:14] --> kapivibela appeared
[gamopareba:   27.11.2021, 18:49:56] --> kacufofovo appeared
[gamopareba:   27.11.2021, 18:50:27] --> Character died
[gamopareba:   27.11.2021, 18:50:28] --> kapivibela appeared
[gamopareba:   27.11.2021, 18:50:47] --> kapivibela appeared
[gamopareba:   27.11.2021, 18:51:05] --> kapivibela appeared
[gamopareba:   27.11.2021, 18:51:10] --> kapivibela appeared
[gamopareba:   27.11.2021, 18:51:20] --> kapivibela appeared
[gamopareba:   27.11.2021, 18:51:29] --> kapivibela appeared
[gamopareba:   27.11.2021, 18:51:33] --> kapivibela appeared
[gamopareba:   27.11.2021, 18:51:43] --> kapivibela appeared
[gamopareba:   27.11.2021, 18:51:49] --> Character leveled up to level 32
[gamopareba:   27.11.2021, 18:52:23] --> kapivibela appeared
[gamopareba:   27.11.2021, 18:54:44] --> 10 shards collected, now going to talk to alchemist: gamopareba
[gamopareba:   27.11.2021, 18:54:44] --> Character went to Alchemist: gamopareba
[gamopareba:   27.11.2021, 18:54:47] --> Character was kicked from the bot, reason: Character was walking
[gamopareba:   27.11.2021, 18:55:35] --> Character was kicked from the bot, reason: Character was walking
[gamopareba:   27.11.2021, 18:55:41] --> scinobio appeared
[gamopareba:   27.11.2021, 18:55:58] --> Character was kicked from the bot, reason: Character was walking
[gamopareba:   27.11.2021, 18:56:33] --> troccoli appeared
[gamopareba:   27.11.2021, 18:56:38] --> Character was kicked from the bot, reason: Character was walking
[gamopareba:   27.11.2021, 18:57:09] --> zevebagepu appeared
[gamopareba:   27.11.2021, 18:57:16] --> Character was kicked from the bot, reason: Character was walking
[gamopareba:   27.11.2021, 18:57:30] --> kacufofovo appeared
[gamopareba:   27.11.2021, 18:58:33] --> Character died
[gamopareba:   27.11.2021, 18:58:49] --> wipukipeniva appeared
[gamopareba:   27.11.2021, 18:58:56] --> Character died
[gamopareba:   27.11.2021, 18:59:14] --> Character died
[gamopareba:   27.11.2021, 18:59:14] --> wipukipeniva appeared
[gamopareba:   27.11.2021, 18:59:20] --> Character died
[gamopareba:   27.11.2021, 18:59:37] --> wipukipeniva appeared
[gamopareba:   27.11.2021, 18:59:46] --> Character died
[gamopareba:   27.11.2021, 19:00:00] --> wipukipeniva appeared
[gamopareba:   27.11.2021, 19:00:38] --> o0Minerva0o appeared
[gamopareba:   27.11.2021, 19:01:00] --> kacufofovo appeared
[gamopareba:   27.11.2021, 19:01:16] --> Character died
[gamopareba:   27.11.2021, 19:01:32] --> wipukipeniva appeared
[gamopareba:   27.11.2021, 19:01:38] --> Character died
[gamopareba:   27.11.2021, 19:02:01] --> Character died
[gamopareba:   27.11.2021, 19:02:17] --> kacufofovo appeared
[gamopareba:   27.11.2021, 19:02:52] --> kacufofovo appeared
[gamopareba:   27.11.2021, 19:02:56] --> Character leveled up to level 33
[gamopareba:   27.11.2021, 19:02:59] --> kacufofovo appeared
[gamopareba:   27.11.2021, 19:03:21] --> wipukipeniva appeared
[gamopareba:   27.11.2021, 19:03:34] --> Character died
[gamopareba:   27.11.2021, 19:04:03] --> wipukipeniva appeared
[gamopareba:   27.11.2021, 19:04:08] --> wipukipeniva appeared
[gamopareba:   27.11.2021, 19:04:25] --> wipukipeniva appeared
[gamopareba:   27.11.2021, 19:04:44] --> wipukipeniva appeared
[gamopareba:   27.11.2021, 19:05:11] --> zevebagepu appeared
[gamopareba:   27.11.2021, 19:05:35] --> kacufofovo appeared
[gamopareba:   27.11.2021, 19:05:39] --> kacufofovo appeared
[gamopareba:   27.11.2021, 19:05:57] --> kacufofovo appeared
[gamopareba:   27.11.2021, 19:06:00] --> wipukipeniva appeared
[gamopareba:   27.11.2021, 19:06:42] --> wipukipeniva appeared
[gamopareba:   27.11.2021, 19:06:52] --> wipukipeniva appeared
[gamopareba:   27.11.2021, 19:07:05] --> wipukipeniva appeared
[gamopareba:   27.11.2021, 19:07:25] --> wipukipeniva appeared
[gamopareba:   27.11.2021, 19:07:26] --> Character died
[gamopareba:   27.11.2021, 19:07:46] --> kacufofovo appeared
[gamopareba:   27.11.2021, 19:08:07] --> wipukipeniva appeared
[gamopareba:   27.11.2021, 19:08:16] --> wipukipeniva appeared
[gamopareba:   27.11.2021, 19:08:29] --> wipukipeniva appeared
[gamopareba:   27.11.2021, 19:08:46] --> wipukipeniva appeared
[gamopareba:   27.11.2021, 19:09:24] --> wipukipeniva appeared
[gamopareba:   27.11.2021, 19:10:09] --> Character died
[gamopareba:   27.11.2021, 19:10:27] --> Character died
[gamopareba:   27.11.2021, 19:10:35] --> kacufofovo appeared
[gamopareba:   27.11.2021, 19:10:42] --> kacufofovo appeared
[gamopareba:   27.11.2021, 19:10:51] --> Character died
[gamopareba:   27.11.2021, 19:11:18] --> Character died
[gamopareba:   27.11.2021, 19:11:22] --> wipukipeniva appeared
[gamopareba:   27.11.2021, 19:11:36] --> wipukipeniva appeared
[gamopareba:   27.11.2021, 19:11:54] --> wipukipeniva appeared
[gamopareba:   27.11.2021, 19:12:05] --> wipukipeniva appeared
[gamopareba:   27.11.2021, 19:12:19] --> wipukipeniva appeared
[gamopareba:   27.11.2021, 19:12:40] --> wipukipeniva appeared
[gamopareba:   27.11.2021, 19:13:15] --> Character leveled up to level 34
[gamopareba:   27.11.2021, 19:20:15] --> Character leveled up to level 35
[gamopareba:   27.11.2021, 19:25:07] --> Char changed: 5 dragon cors collected, total cor count: 5
[gamopareba:   27.11.2021, 19:25:07] --> Character was kicked from the bot, reason: Changing character
[pisipimibi:   27.11.2021, 19:25:43] --> Time passed, now going to talk to alchemist: pisipimibi
[pisipimibi:   27.11.2021, 19:25:43] --> Character went to Alchemist: pisipimibi
[pisipimibi:   27.11.2021, 19:25:51] --> zevehedaku appeared
[pisipimibi:   27.11.2021, 19:26:04] --> becamivosana appeared
[pisipimibi:   27.11.2021, 19:26:06] --> Character was kicked from the bot, reason: Character was walking
[pisipimibi:   27.11.2021, 19:26:12] --> xxANNETXX appeared
[pisipimibi:   27.11.2021, 19:26:30] --> Character was kicked from the bot, reason: Character was walking
[pisipimibi:   27.11.2021, 19:27:04] --> Character was kicked from the bot, reason: Character was walking
[pisipimibi:   27.11.2021, 19:27:08] --> wipukipeniva appeared
[pisipimibi:   27.11.2021, 19:32:23] --> Character leveled up to level 32
[pisipimibi:   27.11.2021, 19:32:36] --> 10 shards collected, now going to talk to alchemist: pisipimibi
[pisipimibi:   27.11.2021, 19:32:36] --> Character went to Alchemist: pisipimibi
[pisipimibi:   27.11.2021, 19:32:40] --> Character got kick
[pisipimibi:   27.11.2021, 19:33:24] --> nufazogevu appeared
[pisipimibi:   27.11.2021, 19:33:31] --> Character was kicked from the bot, reason: Character was walking
[pisipimibi:   27.11.2021, 19:33:36] --> V4L3NT1NA appeared
[pisipimibi:   27.11.2021, 19:33:54] --> Character was kicked from the bot, reason: Character was walking
[pisipimibi:   27.11.2021, 19:34:28] --> Character was kicked from the bot, reason: Character was walking
[pisipimibi:   27.11.2021, 19:34:31] --> wipukipeniva appeared
[pisipimibi:   27.11.2021, 19:34:47] --> Character died
[pisipimibi:   27.11.2021, 19:35:04] --> wipukipeniva appeared
[pisipimibi:   27.11.2021, 19:35:12] --> Character died
[pisipimibi:   27.11.2021, 19:35:22] --> wipukipeniva appeared
[pisipimibi:   27.11.2021, 19:35:27] --> Character died
[pisipimibi:   27.11.2021, 19:36:24] --> wipukipeniva appeared
[pisipimibi:   27.11.2021, 19:36:43] --> Character died
[pisipimibi:   27.11.2021, 19:37:07] --> Character died
[pisipimibi:   27.11.2021, 19:37:23] --> Character died
[pisipimibi:   27.11.2021, 19:37:30] --> wipukipeniva appeared
[pisipimibi:   27.11.2021, 19:37:33] --> Character died
[pisipimibi:   27.11.2021, 19:37:52] --> kacufofovo appeared
[pisipimibi:   27.11.2021, 19:39:06] --> zevebagepu appeared
[pisipimibi:   27.11.2021, 19:39:52] --> kacufofovo appeared
[pisipimibi:   27.11.2021, 19:40:35] --> kacufofovo appeared
[pisipimibi:   27.11.2021, 19:40:41] --> kacufofovo appeared
[pisipimibi:   27.11.2021, 19:40:56] --> kacufofovo appeared
[pisipimibi:   27.11.2021, 19:41:17] --> kicekeboburu appeared
[pisipimibi:   27.11.2021, 19:41:47] --> kicekeboburu appeared
[pisipimibi:   27.11.2021, 19:41:52] --> zevebagepu appeared
[pisipimibi:   27.11.2021, 19:41:56] --> zevebagepu appeared
[pisipimibi:   27.11.2021, 19:42:09] --> kicekeboburu appeared
[pisipimibi:   27.11.2021, 19:42:14] --> Character leveled up to level 33
[pisipimibi:   27.11.2021, 19:42:29] --> kicekeboburu appeared
[pisipimibi:   27.11.2021, 19:42:56] --> kicekeboburu appeared
[pisipimibi:   27.11.2021, 19:43:04] --> kicekeboburu appeared
[pisipimibi:   27.11.2021, 19:43:17] --> kicekeboburu appeared
[pisipimibi:   27.11.2021, 19:43:36] --> kicekeboburu appeared
[pisipimibi:   27.11.2021, 19:43:37] --> Character died
[pisipimibi:   27.11.2021, 19:43:53] --> kicekeboburu appeared
[pisipimibi:   27.11.2021, 19:44:06] --> kicekeboburu appeared
[pisipimibi:   27.11.2021, 19:44:12] --> kicekeboburu appeared
[pisipimibi:   27.11.2021, 19:44:24] --> kicekeboburu appeared
[pisipimibi:   27.11.2021, 19:44:38] --> kicekeboburu appeared
[pisipimibi:   27.11.2021, 19:44:47] --> kicekeboburu appeared
[pisipimibi:   27.11.2021, 19:44:53] --> kicekeboburu appeared
[pisipimibi:   27.11.2021, 19:45:28] --> kicekeboburu appeared
[pisipimibi:   27.11.2021, 19:45:33] --> kicekeboburu appeared
[pisipimibi:   27.11.2021, 19:47:45] --> kacufofovo appeared
[pisipimibi:   27.11.2021, 19:48:28] --> Character died
[pisipimibi:   27.11.2021, 19:48:53] --> Character died
[pisipimibi:   27.11.2021, 19:48:57] --> kicekeboburu appeared
[pisipimibi:   27.11.2021, 19:50:08] --> Character leveled up to level 34
[pisipimibi:   27.11.2021, 19:50:25] --> kicekeboburu appeared
[pisipimibi:   27.11.2021, 19:50:28] --> kicekeboburu appeared
[pisipimibi:   27.11.2021, 19:56:35] --> Character leveled up to level 35
[pisipimibi:   27.11.2021, 20:01:05] --> Char changed: 5 dragon cors collected, total cor count: 5
[pisipimibi:   27.11.2021, 20:01:06] --> Character was kicked from the bot, reason: Changing character
[lopipafoba:   27.11.2021, 20:01:42] --> Time passed, now going to talk to alchemist: lopipafoba
[lopipafoba:   27.11.2021, 20:01:42] --> Character went to Alchemist: lopipafoba
[lopipafoba:   27.11.2021, 20:01:49] --> zevehedaku appeared
[lopipafoba:   27.11.2021, 20:02:06] --> Character was kicked from the bot, reason: Character was walking
[lopipafoba:   27.11.2021, 20:02:11] --> aragon1980 appeared
[lopipafoba:   27.11.2021, 20:02:28] --> Character was kicked from the bot, reason: Character was walking
[lopipafoba:   27.11.2021, 20:02:34] --> nufazogevu appeared
[lopipafoba:   27.11.2021, 20:02:58] --> Character got kick
[lopipafoba:   27.11.2021, 20:03:10] --> Character was kicked from the bot, reason: Character was walking
[lopipafoba:   27.11.2021, 20:04:28] --> Bot successfully started
[lopipafoba:   27.11.2021, 20:04:33] --> zegakeraguw appeared
[lopipafoba:   27.11.2021, 20:04:49] --> Character was kicked from the bot, reason: Character was walking
[lopipafoba:   27.11.2021, 20:05:05] --> kicekeboburu appeared
[lopipafoba:   27.11.2021, 20:05:14] --> kicekeboburu appeared
[lopipafoba:   27.11.2021, 20:05:27] --> kicekeboburu appeared
[lopipafoba:   27.11.2021, 20:05:46] --> kicekeboburu appeared
[lopipafoba:   27.11.2021, 20:06:56] --> kicekeboburu appeared
[lopipafoba:   27.11.2021, 20:07:10] --> Character died
[lopipafoba:   27.11.2021, 20:07:29] --> Character died
[lopipafoba:   27.11.2021, 20:07:35] --> Character died
[lopipafoba:   27.11.2021, 20:07:57] --> kicekeboburu appeared
[lopipafoba:   27.11.2021, 20:08:36] --> zevebagepu appeared
[lopipafoba:   27.11.2021, 20:08:59] --> kicekeboburu appeared
[lopipafoba:   27.11.2021, 20:09:18] --> Character died
[lopipafoba:   27.11.2021, 20:09:45] --> kicekeboburu appeared
[lopipafoba:   27.11.2021, 20:10:12] --> kicekeboburu appeared
[lopipafoba:   27.11.2021, 20:10:57] --> kicekeboburu appeared
[lopipafoba:   27.11.2021, 20:11:13] --> Character leveled up to level 32
[lopipafoba:   27.11.2021, 20:11:19] --> zevebagepu appeared
[lopipafoba:   27.11.2021, 20:12:03] --> kicekeboburu appeared
[lopipafoba:   27.11.2021, 20:12:32] --> kicekeboburu appeared
[lopipafoba:   27.11.2021, 20:12:33] --> 10 shards collected, now going to talk to alchemist: lopipafoba
[lopipafoba:   27.11.2021, 20:12:33] --> Character went to Alchemist: lopipafoba
[lopipafoba:   27.11.2021, 20:12:34] --> Character died
[lopipafoba:   27.11.2021, 20:12:36] --> Character was kicked from the bot, reason: Character was walking
[lopipafoba:   27.11.2021, 20:13:06] --> Character died
[lopipafoba:   27.11.2021, 20:13:25] --> mizelirire appeared
[lopipafoba:   27.11.2021, 20:13:31] --> Character was kicked from the bot, reason: Character was walking
[lopipafoba:   27.11.2021, 20:13:55] --> Character was kicked from the bot, reason: Character was walking
[lopipafoba:   27.11.2021, 20:14:29] --> Character was kicked from the bot, reason: Character was walking
[lopipafoba:   27.11.2021, 20:14:33] --> kicekeboburu appeared
[lopipafoba:   27.11.2021, 20:15:24] --> kicekeboburu appeared
[lopipafoba:   27.11.2021, 20:15:58] --> kicekeboburu appeared
[lopipafoba:   27.11.2021, 20:16:09] --> kicekeboburu appeared
[lopipafoba:   27.11.2021, 20:16:32] --> kicekeboburu appeared
[lopipafoba:   27.11.2021, 20:17:10] --> kicekeboburu appeared
[lopipafoba:   27.11.2021, 20:17:43] --> kicekeboburu appeared
[lopipafoba:   27.11.2021, 20:18:08] --> Character leveled up to level 33
[lopipafoba:   27.11.2021, 20:18:18] --> kicekeboburu appeared
[lopipafoba:   27.11.2021, 20:18:21] --> kicekeboburu appeared
[lopipafoba:   27.11.2021, 20:18:55] --> kicekeboburu appeared
[lopipafoba:   27.11.2021, 20:19:22] --> Character died
[lopipafoba:   27.11.2021, 20:19:36] --> kicekeboburu appeared
[lopipafoba:   27.11.2021, 20:19:40] --> Character died
[lopipafoba:   27.11.2021, 20:19:40] --> kicekeboburu appeared
[lopipafoba:   27.11.2021, 20:19:44] --> Character died
[lopipafoba:   27.11.2021, 20:19:57] --> kicekeboburu appeared
[lopipafoba:   27.11.2021, 20:20:08] --> kicekeboburu appeared
[lopipafoba:   27.11.2021, 20:20:14] --> kicekeboburu appeared
[lopipafoba:   27.11.2021, 20:20:24] --> kicekeboburu appeared
[lopipafoba:   27.11.2021, 20:20:28] --> kicekeboburu appeared
[lopipafoba:   27.11.2021, 20:20:36] --> kicekeboburu appeared
[lopipafoba:   27.11.2021, 20:20:41] --> kicekeboburu appeared
[lopipafoba:   27.11.2021, 20:20:51] --> kicekeboburu appeared
[lopipafoba:   27.11.2021, 20:24:56] --> Character leveled up to level 34
[lopipafoba:   27.11.2021, 20:25:25] --> zevebagepu appeared
[lopipafoba:   27.11.2021, 20:25:40] --> Character died
[lopipafoba:   27.11.2021, 20:25:54] --> Character died
[lopipafoba:   27.11.2021, 20:26:01] --> Character died
[lopipafoba:   27.11.2021, 20:26:20] --> Character died
[lopipafoba:   27.11.2021, 20:26:27] --> Character died
[lopipafoba:   27.11.2021, 20:26:57] --> wugitugoroz appeared
[lopipafoba:   27.11.2021, 20:26:59] --> wugitugoroz appeared
[lopipafoba:   27.11.2021, 20:27:14] --> wugitugoroz appeared
[lopipafoba:   27.11.2021, 20:27:23] --> wugitugoroz appeared
[lopipafoba:   27.11.2021, 20:27:37] --> wugitugoroz appeared
[lopipafoba:   27.11.2021, 20:27:49] --> wugitugoroz appeared
[lopipafoba:   27.11.2021, 20:27:54] --> wugitugoroz appeared
[lopipafoba:   27.11.2021, 20:27:59] --> Character died
[lopipafoba:   27.11.2021, 20:28:20] --> wugitugoroz appeared
[lopipafoba:   27.11.2021, 20:28:30] --> Character died
[lopipafoba:   27.11.2021, 20:28:57] --> Character died
[lopipafoba:   27.11.2021, 20:28:59] --> wugitugoroz appeared
[lopipafoba:   27.11.2021, 20:29:17] --> Character died
[lopipafoba:   27.11.2021, 20:29:26] --> Character died
[lopipafoba:   27.11.2021, 20:29:40] --> wugitugoroz appeared
[lopipafoba:   27.11.2021, 20:29:46] --> Character died
[lopipafoba:   27.11.2021, 20:30:02] --> Character died
[lopipafoba:   27.11.2021, 20:30:16] --> wugitugoroz appeared
[lopipafoba:   27.11.2021, 20:30:21] --> wugitugoroz appeared
[lopipafoba:   27.11.2021, 20:30:32] --> wugitugoroz appeared
[lopipafoba:   27.11.2021, 20:30:36] --> wugitugoroz appeared
[lopipafoba:   27.11.2021, 20:30:44] --> wugitugoroz appeared
[lopipafoba:   27.11.2021, 20:35:44] --> Character died
[lopipafoba:   27.11.2021, 20:36:05] --> Character died
[lopipafoba:   27.11.2021, 20:36:28] --> Character died
[lopipafoba:   27.11.2021, 20:36:33] --> wugitugoroz appeared
[lopipafoba:   27.11.2021, 20:36:46] --> Character died
[lopipafoba:   27.11.2021, 20:36:46] --> wugitugoroz appeared
[lopipafoba:   27.11.2021, 20:36:53] --> Character died
[lopipafoba:   27.11.2021, 20:37:12] --> Character died
[lopipafoba:   27.11.2021, 20:37:26] --> wugitugoroz appeared
[lopipafoba:   27.11.2021, 20:37:55] --> wugitugoroz appeared
[lopipafoba:   27.11.2021, 20:37:59] --> wugitugoroz appeared
[lopipafoba:   27.11.2021, 20:38:16] --> wugitugoroz appeared
[lopipafoba:   27.11.2021, 20:38:29] --> Character died
[lopipafoba:   27.11.2021, 20:38:40] --> wugitugoroz appeared
[lopipafoba:   27.11.2021, 20:38:49] --> Character died
[lopipafoba:   27.11.2021, 20:39:27] --> wugitugoroz appeared
[lopipafoba:   27.11.2021, 20:39:33] --> wugitugoroz appeared
[lopipafoba:   27.11.2021, 20:39:39] --> Character leveled up to level 35
[lopipafoba:   27.11.2021, 20:39:45] --> wugitugoroz appeared
[lopipafoba:   27.11.2021, 20:39:51] --> wugitugoroz appeared
[lopipafoba:   27.11.2021, 20:40:10] --> wugitugoroz appeared
[lopipafoba:   27.11.2021, 20:40:39] --> wugitugoroz appeared
[lopipafoba:   27.11.2021, 20:40:45] --> wugitugoroz appeared
[lopipafoba:   27.11.2021, 20:40:54] --> wugitugoroz appeared
[lopipafoba:   27.11.2021, 20:42:26] --> Char changed: 5 dragon cors collected, total cor count: 5
[lopipafoba:   27.11.2021, 20:42:26] --> Character was kicked from the bot, reason: Changing character
[vadolukawid:  27.11.2021, 20:43:03] --> Time passed, now going to talk to alchemist: vadolukawid
[vadolukawid:  27.11.2021, 20:43:03] --> Character went to Alchemist: vadolukawid
[vadolukawid:  27.11.2021, 20:43:26] --> Character was kicked from the bot, reason: Character was walking
[vadolukawid:  27.11.2021, 20:43:49] --> Character was kicked from the bot, reason: Character was walking
[vadolukawid:  27.11.2021, 20:44:22] --> Character was kicked from the bot, reason: Character was walking
[vadolukawid:  27.11.2021, 20:44:26] --> wugitugoroz appeared
[vadolukawid:  27.11.2021, 20:45:11] --> zevebagepu appeared
[vadolukawid:  27.11.2021, 20:45:21] --> zevebagepu appeared
[vadolukawid:  27.11.2021, 20:45:36] --> wugitugoroz appeared
[vadolukawid:  27.11.2021, 20:45:48] --> Character died
[vadolukawid:  27.11.2021, 20:46:08] --> Character died
[vadolukawid:  27.11.2021, 20:46:31] --> Character died
[vadolukawid:  27.11.2021, 20:46:42] --> wugitugoroz appeared
[vadolukawid:  27.11.2021, 20:46:50] --> wugitugoroz appeared
[vadolukawid:  27.11.2021, 20:46:57] --> Character died
[vadolukawid:  27.11.2021, 20:47:16] --> wugitugoroz appeared
[vadolukawid:  27.11.2021, 20:47:25] --> Character died
[vadolukawid:  27.11.2021, 20:47:39] --> wugitugoroz appeared
[vadolukawid:  27.11.2021, 20:47:47] --> Character died
[vadolukawid:  27.11.2021, 20:48:00] --> wugitugoroz appeared
[vadolukawid:  27.11.2021, 20:48:12] --> zevebagepu appeared
[vadolukawid:  27.11.2021, 20:48:20] --> wugitugoroz appeared
[vadolukawid:  27.11.2021, 20:48:29] --> wugitugoroz appeared
[vadolukawid:  27.11.2021, 20:48:41] --> wugitugoroz appeared
[vadolukawid:  27.11.2021, 20:48:58] --> wugitugoroz appeared
[vadolukawid:  27.11.2021, 20:50:10] --> wugitugoroz appeared
[vadolukawid:  27.11.2021, 20:50:26] --> Character died
[vadolukawid:  27.11.2021, 20:50:42] --> Character died
[vadolukawid:  27.11.2021, 20:50:56] --> zevebagepu appeared
[vadolukawid:  27.11.2021, 20:51:01] --> wugitugoroz appeared
[vadolukawid:  27.11.2021, 20:51:09] --> wugitugoroz appeared
[vadolukawid:  27.11.2021, 20:51:21] --> wugitugoroz appeared
[vadolukawid:  27.11.2021, 20:51:42] --> wugitugoroz appeared
[vadolukawid:  27.11.2021, 20:52:20] --> wugitugoroz appeared
[vadolukawid:  27.11.2021, 20:52:30] --> wugitugoroz appeared
[vadolukawid:  27.11.2021, 20:52:37] --> Character leveled up to level 32
[vadolukawid:  27.11.2021, 20:52:42] --> wugitugoroz appeared
[vadolukawid:  27.11.2021, 20:53:00] --> wugitugoroz appeared
[vadolukawid:  27.11.2021, 20:53:25] --> wugitugoroz appeared
[vadolukawid:  27.11.2021, 20:53:27] --> wugitugoroz appeared
[vadolukawid:  27.11.2021, 20:53:39] --> wugitugoroz appeared
[vadolukawid:  27.11.2021, 20:53:51] --> wugitugoroz appeared
[vadolukawid:  27.11.2021, 20:54:10] --> wugitugoroz appeared
[vadolukawid:  27.11.2021, 20:54:12] --> Character died
[vadolukawid:  27.11.2021, 20:54:30] --> wugitugoroz appeared
[vadolukawid:  27.11.2021, 20:55:33] --> wugitugoroz appeared
[vadolukawid:  27.11.2021, 20:55:47] --> Character died
[vadolukawid:  27.11.2021, 20:56:38] --> zevebagepu appeared
[vadolukawid:  27.11.2021, 20:56:46] --> 10 shards collected, now going to talk to alchemist: vadolukawid
[vadolukawid:  27.11.2021, 20:56:46] --> Character went to Alchemist: vadolukawid
[vadolukawid:  27.11.2021, 20:57:04] --> sirupolavu appeared
[vadolukawid:  27.11.2021, 20:57:10] --> Character was kicked from the bot, reason: Character was walking
[vadolukawid:  27.11.2021, 20:57:24] --> nufazogevu appeared
[vadolukawid:  27.11.2021, 20:57:34] --> Character was kicked from the bot, reason: Character was walking
[vadolukawid:  27.11.2021, 20:58:08] --> Character was kicked from the bot, reason: Character was walking
[vadolukawid:  27.11.2021, 20:58:11] --> wugitugoroz appeared
[vadolukawid:  27.11.2021, 20:59:04] --> wugitugoroz appeared
[vadolukawid:  27.11.2021, 20:59:23] --> Character died
[vadolukawid:  27.11.2021, 20:59:43] --> Character died
[vadolukawid:  27.11.2021, 20:59:49] --> wugitugoroz appeared
[vadolukawid:  27.11.2021, 20:59:55] --> wugitugoroz appeared
[vadolukawid:  27.11.2021, 21:01:05] --> Character leveled up to level 33
[vadolukawid:  27.11.2021, 21:07:12] --> Character leveled up to level 34
[vadolukawid:  27.11.2021, 21:08:24] --> zevebagepu appeared
[vadolukawid:  27.11.2021, 21:09:04] --> Character died
[vadolukawid:  27.11.2021, 21:09:22] --> kinofekibok appeared
[vadolukawid:  27.11.2021, 21:09:26] --> Character died
[vadolukawid:  27.11.2021, 21:09:41] --> kinofekibok appeared
[vadolukawid:  27.11.2021, 21:09:46] --> Character died
[vadolukawid:  27.11.2021, 21:10:02] --> kinofekibok appeared
[vadolukawid:  27.11.2021, 21:10:07] --> Character died
[vadolukawid:  27.11.2021, 21:10:28] --> kinofekibok appeared
[vadolukawid:  27.11.2021, 21:13:58] --> kinofekibok appeared
[vadolukawid:  27.11.2021, 21:15:02] --> Character leveled up to level 35
[vadolukawid:  27.11.2021, 21:19:20] --> zevebagepu appeared
[vadolukawid:  27.11.2021, 21:22:21] --> Character leveled up to level 36
[vadolukawid:  27.11.2021, 21:25:19] --> Bot terminated: 5 dragon cors collected, total cor count: 5
[vadolukawid:  28.11.2021, 00:11:54] --> Bot successfully started
[vadolukawid:  28.11.2021, 00:12:30] --> zevebagepu appeared
[vadolukawid:  28.11.2021, 00:13:17] --> Character was kicked from the bot, reason: Changing character
[lomuholidi:   28.11.2021, 00:16:29] --> Character was kicked from the bot, reason: Changing character
[lomuholidi:   28.11.2021, 00:16:34] --> Character leveled up to level 35
[gamopareba:   28.11.2021, 00:18:25] --> Character was kicked from the bot, reason: Changing character
[pisipimibi:   28.11.2021, 00:18:42] --> zevebagepu appeared
[pisipimibi:   28.11.2021, 00:18:48] --> zevebagepu appeared
[pisipimibi:   28.11.2021, 00:19:39] --> Character was kicked from the bot, reason: Changing character
[lopipafoba:   28.11.2021, 00:20:52] --> Character was kicked from the bot, reason: Changing character
[lopipafoba:   28.11.2021, 00:20:56] --> Character leveled up to level 36
[vadolukawid:  28.11.2021, 00:21:28] --> zevebagepu appeared
[lomuholidi:   28.11.2021, 09:58:56] --> Bot successfully started
[lomuholidi:   28.11.2021, 09:59:01] --> Time passed, now going to talk to alchemist: lomuholidi
[lomuholidi:   28.11.2021, 09:59:01] --> Character went to Alchemist: lomuholidi
[lomuholidi:   28.11.2021, 09:59:01] --> wipukipeniva appeared
[lomuholidi:   28.11.2021, 09:59:25] --> Character was kicked from the bot, reason: Character was walking
[lomuholidi:   28.11.2021, 09:59:34] --> hukotacoke appeared
[lomuholidi:   28.11.2021, 09:59:49] --> Character was kicked from the bot, reason: Character was walking
[lomuholidi:   28.11.2021, 10:00:23] --> Character was kicked from the bot, reason: Character was walking
[lomuholidi:   28.11.2021, 10:00:39] --> wipukipeniva appeared
[lomuholidi:   28.11.2021, 10:00:41] --> Character died
[lomuholidi:   28.11.2021, 10:01:06] --> wipukipeniva appeared
[lomuholidi:   28.11.2021, 10:01:31] --> wipukipeniva appeared
[lomuholidi:   28.11.2021, 10:01:55] --> wusorufifufi appeared
[lomuholidi:   28.11.2021, 10:02:28] --> wipukipeniva appeared
[lomuholidi:   28.11.2021, 10:02:33] --> wipukipeniva appeared
[lomuholidi:   28.11.2021, 10:02:39] --> wipukipeniva appeared
[lomuholidi:   28.11.2021, 10:02:46] --> wipukipeniva appeared
[lomuholidi:   28.11.2021, 10:03:28] --> Character leveled up to level 35
[lomuholidi:   28.11.2021, 10:09:17] --> kicekeboburu appeared
[lomuholidi:   28.11.2021, 10:09:45] --> wusorufifufi appeared
[lomuholidi:   28.11.2021, 10:09:55] --> kicekeboburu appeared
[lomuholidi:   28.11.2021, 10:10:32] --> kicekeboburu appeared
[lomuholidi:   28.11.2021, 10:11:04] --> Character leveled up to level 36
[lomuholidi:   28.11.2021, 10:11:10] --> kicekeboburu appeared
[lomuholidi:   28.11.2021, 10:11:46] --> kicekeboburu appeared
[lomuholidi:   28.11.2021, 10:12:03] --> wusorufifufi appeared
[lomuholidi:   28.11.2021, 10:12:27] --> kicekeboburu appeared
[lomuholidi:   28.11.2021, 10:13:02] --> kicekeboburu appeared
[lomuholidi:   28.11.2021, 10:13:43] --> kicekeboburu appeared
[lomuholidi:   28.11.2021, 10:14:19] --> kicekeboburu appeared
[lomuholidi:   28.11.2021, 10:14:57] --> kicekeboburu appeared
[lomuholidi:   28.11.2021, 10:15:35] --> kicekeboburu appeared
[lomuholidi:   28.11.2021, 10:16:15] --> kicekeboburu appeared
[lomuholidi:   28.11.2021, 10:16:51] --> kicekeboburu appeared
[lomuholidi:   28.11.2021, 10:17:29] --> kicekeboburu appeared
[lomuholidi:   28.11.2021, 10:18:07] --> kicekeboburu appeared
[lomuholidi:   28.11.2021, 10:18:45] --> kicekeboburu appeared
[lomuholidi:   28.11.2021, 10:19:22] --> kicekeboburu appeared
[lomuholidi:   28.11.2021, 10:19:53] --> zevebagepu appeared
[lomuholidi:   28.11.2021, 10:20:02] --> kicekeboburu appeared
[lomuholidi:   28.11.2021, 10:20:40] --> kicekeboburu appeared
[lomuholidi:   28.11.2021, 10:21:20] --> kicekeboburu appeared
[lomuholidi:   28.11.2021, 10:21:46] --> Character leveled up to level 37
[lomuholidi:   28.11.2021, 10:21:57] --> kicekeboburu appeared
[lomuholidi:   28.11.2021, 10:22:36] --> kicekeboburu appeared
[lomuholidi:   28.11.2021, 10:23:13] --> kicekeboburu appeared
[lomuholidi:   28.11.2021, 10:23:49] --> kicekeboburu appeared
[lomuholidi:   28.11.2021, 10:24:28] --> kicekeboburu appeared
[lomuholidi:   28.11.2021, 10:25:07] --> kicekeboburu appeared
[lomuholidi:   28.11.2021, 10:25:44] --> kicekeboburu appeared
[lomuholidi:   28.11.2021, 10:26:23] --> kicekeboburu appeared
[lomuholidi:   28.11.2021, 10:26:40] --> Character died
[lomuholidi:   28.11.2021, 10:27:06] --> Character died
[lomuholidi:   28.11.2021, 10:27:19] --> Character died
[lomuholidi:   28.11.2021, 10:27:20] --> kicekeboburu appeared
[lomuholidi:   28.11.2021, 10:34:10] --> Character leveled up to level 38
[lomuholidi:   28.11.2021, 10:36:22] --> ritedopapegu appeared
[lomuholidi:   28.11.2021, 10:36:45] --> wugitugoroz appeared
[lomuholidi:   28.11.2021, 10:37:24] --> wugitugoroz appeared
[lomuholidi:   28.11.2021, 10:38:00] --> wugitugoroz appeared
[lomuholidi:   28.11.2021, 10:38:40] --> wugitugoroz appeared
[lomuholidi:   28.11.2021, 10:39:17] --> wugitugoroz appeared
[lomuholidi:   28.11.2021, 10:39:53] --> wugitugoroz appeared
[lomuholidi:   28.11.2021, 10:40:30] --> wugitugoroz appeared
[lomuholidi:   28.11.2021, 10:41:07] --> wugitugoroz appeared
[lomuholidi:   28.11.2021, 10:41:36] --> Char changed: 5 dragon cors collected, total cor count: 10
[lomuholidi:   28.11.2021, 10:41:36] --> Character was kicked from the bot, reason: Changing character
[gamopareba:   28.11.2021, 10:41:46] --> Time passed, now going to talk to alchemist: gamopareba
[gamopareba:   28.11.2021, 10:41:46] --> Character went to Alchemist: gamopareba
[gamopareba:   28.11.2021, 10:41:52] --> SozuwuyoOguz appeared
[gamopareba:   28.11.2021, 10:42:08] --> Character was kicked from the bot, reason: Character was walking
[gamopareba:   28.11.2021, 10:42:25] --> nufazogevu appeared
[gamopareba:   28.11.2021, 10:42:32] --> Character was kicked from the bot, reason: Character was walking
[gamopareba:   28.11.2021, 10:43:05] --> Character was kicked from the bot, reason: Character was walking
[gamopareba:   28.11.2021, 10:43:08] --> wugitugoroz appeared
[gamopareba:   28.11.2021, 10:43:47] --> wugitugoroz appeared
[gamopareba:   28.11.2021, 10:44:18] --> wugitugoroz appeared
[gamopareba:   28.11.2021, 10:45:02] --> wugitugoroz appeared
[gamopareba:   28.11.2021, 10:45:33] --> wugitugoroz appeared
[gamopareba:   28.11.2021, 10:46:13] --> wugitugoroz appeared
[gamopareba:   28.11.2021, 10:46:13] --> Character leveled up to level 36
[gamopareba:   28.11.2021, 10:46:46] --> wugitugoroz appeared
[gamopareba:   28.11.2021, 10:47:29] --> wugitugoroz appeared
[gamopareba:   28.11.2021, 10:48:00] --> wugitugoroz appeared
[gamopareba:   28.11.2021, 10:48:47] --> wugitugoroz appeared
[gamopareba:   28.11.2021, 10:48:55] --> wugitugoroz appeared
[gamopareba:   28.11.2021, 10:49:01] --> wugitugoroz appeared
[gamopareba:   28.11.2021, 10:49:06] --> wugitugoroz appeared
[gamopareba:   28.11.2021, 10:49:11] --> wugitugoroz appeared
[gamopareba:   28.11.2021, 10:49:44] --> wugitugoroz appeared
[gamopareba:   28.11.2021, 10:49:49] --> wugitugoroz appeared
[gamopareba:   28.11.2021, 10:49:56] --> wugitugoroz appeared
[gamopareba:   28.11.2021, 10:50:01] --> wugitugoroz appeared
[gamopareba:   28.11.2021, 10:53:40] --> Character leveled up to level 37
[gamopareba:   28.11.2021, 11:02:12] --> Character leveled up to level 38
[gamopareba:   28.11.2021, 11:07:42] --> Character was kicked from the bot, reason: Changing character
[gamopareba:   28.11.2021, 11:07:42] --> Char changed: 5 dragon cors collected, total cor count: 10
[pisipimibi:   28.11.2021, 11:08:18] --> Time passed, now going to talk to alchemist: pisipimibi
[pisipimibi:   28.11.2021, 11:08:18] --> Character went to Alchemist: pisipimibi
[pisipimibi:   28.11.2021, 11:08:41] --> Character was kicked from the bot, reason: Character was walking
[pisipimibi:   28.11.2021, 11:08:47] --> nefodabetale appeared
[pisipimibi:   28.11.2021, 11:09:04] --> Character was kicked from the bot, reason: Character was walking
[pisipimibi:   28.11.2021, 11:09:38] --> Character was kicked from the bot, reason: Character was walking
[pisipimibi:   28.11.2021, 11:10:06] --> kinofekibok appeared
[pisipimibi:   28.11.2021, 11:12:10] --> Character leveled up to level 36
[pisipimibi:   28.11.2021, 11:21:52] --> Character leveled up to level 37
[pisipimibi:   28.11.2021, 11:32:28] --> Character leveled up to level 38
[pisipimibi:   28.11.2021, 11:35:21] --> zevebagepu appeared
[pisipimibi:   28.11.2021, 11:36:32] --> gosix appeared
[pisipimibi:   28.11.2021, 11:36:51] --> gosix appeared
[pisipimibi:   28.11.2021, 11:38:12] --> gosix appeared
[pisipimibi:   28.11.2021, 11:41:19] --> Character leveled up to level 39
[pisipimibi:   28.11.2021, 11:45:31] --> santachiara appeared
[pisipimibi:   28.11.2021, 11:45:51] --> santachiara appeared
[pisipimibi:   28.11.2021, 11:45:57] --> santachiara appeared
[pisipimibi:   28.11.2021, 11:46:09] --> santachiara appeared
[pisipimibi:   28.11.2021, 11:47:53] --> Character was kicked from the bot, reason: Changing character
[pisipimibi:   28.11.2021, 11:47:53] --> Char changed: 5 dragon cors collected, total cor count: 10
[lopipafoba:   28.11.2021, 11:48:28] --> Time passed, now going to talk to alchemist: lopipafoba
[lopipafoba:   28.11.2021, 11:48:28] --> Character went to Alchemist: lopipafoba
[lopipafoba:   28.11.2021, 11:48:51] --> Character was kicked from the bot, reason: Character was walking
[lopipafoba:   28.11.2021, 11:48:56] --> sifubuteto appeared
[lopipafoba:   28.11.2021, 11:49:14] --> Character was kicked from the bot, reason: Character was walking
[lopipafoba:   28.11.2021, 11:49:18] --> nicevoluruda appeared
[lopipafoba:   28.11.2021, 11:49:47] --> Character was kicked from the bot, reason: Character was walking
[lopipafoba:   28.11.2021, 11:53:53] --> Character leveled up to level 36
[lopipafoba:   28.11.2021, 11:54:15] --> dolupofovabi appeared
[lopipafoba:   28.11.2021, 11:54:18] --> dolupofovabi appeared
[lopipafoba:   28.11.2021, 11:55:29] --> zevebagepu appeared
[lopipafoba:   28.11.2021, 11:56:42] --> dolupofovabi appeared
[lopipafoba:   28.11.2021, 11:56:45] --> dolupofovabi appeared
[lopipafoba:   28.11.2021, 11:57:38] --> zevebagepu appeared
[lopipafoba:   28.11.2021, 11:58:52] --> dolupofovabi appeared
[lopipafoba:   28.11.2021, 12:00:43] --> Character leveled up to level 37
[lopipafoba:   28.11.2021, 12:04:24] --> zevebagepu appeared
[lopipafoba:   28.11.2021, 12:07:53] --> rokupazulap appeared
[lopipafoba:   28.11.2021, 12:08:23] --> Character leveled up to level 38
[lopipafoba:   28.11.2021, 12:10:23] --> rokupazulap appeared
[lopipafoba:   28.11.2021, 12:10:46] --> zevebagepu appeared
[lopipafoba:   28.11.2021, 12:11:41] --> zevebagepu appeared
[lopipafoba:   28.11.2021, 12:12:55] --> rokupazulap appeared
[lopipafoba:   28.11.2021, 12:13:01] --> rokupazulap appeared
[lopipafoba:   28.11.2021, 12:14:17] --> Char changed: 5 dragon cors collected, total cor count: 10
[lopipafoba:   28.11.2021, 12:14:18] --> Character was kicked from the bot, reason: Changing character
[vadolukawid:  28.11.2021, 12:14:54] --> Time passed, now going to talk to alchemist: vadolukawid
[vadolukawid:  28.11.2021, 12:14:54] --> Character went to Alchemist: vadolukawid
[vadolukawid:  28.11.2021, 12:15:00] --> KotalonaSucu appeared
[vadolukawid:  28.11.2021, 12:15:11] --> nicevoluruda appeared
[vadolukawid:  28.11.2021, 12:15:17] --> Character was kicked from the bot, reason: Character was walking
[vadolukawid:  28.11.2021, 12:15:22] --> nicevoluruda appeared
[vadolukawid:  28.11.2021, 12:15:40] --> Character was kicked from the bot, reason: Character was walking
[vadolukawid:  28.11.2021, 12:16:13] --> Character was kicked from the bot, reason: Character was walking
[vadolukawid:  28.11.2021, 12:17:08] --> Character died
[vadolukawid:  28.11.2021, 12:17:38] --> rokupazulap appeared
[vadolukawid:  28.11.2021, 12:20:53] --> Character leveled up to level 37
[vadolukawid:  28.11.2021, 12:23:01] --> rokupazulap appeared
[vadolukawid:  28.11.2021, 12:23:04] --> rokupazulap appeared
[vadolukawid:  28.11.2021, 12:23:11] --> rokupazulap appeared
[vadolukawid:  28.11.2021, 12:24:23] --> zevebagepu appeared
[vadolukawid:  28.11.2021, 12:25:15] --> rokupazulap appeared
[vadolukawid:  28.11.2021, 12:26:35] --> zevebagepu appeared
[vadolukawid:  28.11.2021, 12:28:05] --> Character leveled up to level 38
[vadolukawid:  28.11.2021, 12:36:09] --> Character leveled up to level 39
[vadolukawid:  28.11.2021, 12:37:05] --> nisavokivid appeared
[vadolukawid:  28.11.2021, 12:37:13] --> nisavokivid appeared
[vadolukawid:  28.11.2021, 12:39:18] --> nisavokivid appeared
[vadolukawid:  28.11.2021, 12:39:24] --> nisavokivid appeared
[vadolukawid:  28.11.2021, 12:41:48] --> nisavokivid appeared
[vadolukawid:  28.11.2021, 12:43:12] --> kokepikecol appeared
[vadolukawid:  28.11.2021, 12:44:35] --> Character leveled up to level 40
[vadolukawid:  28.11.2021, 12:47:11] --> Bot terminated: 5 dragon cors collected, total cor count: 10
[lomuholidi:   29.11.2021, 10:07:13] --> Bot successfully started
[lomuholidi:   29.11.2021, 10:07:19] --> Time passed, now going to talk to alchemist: lomuholidi
[lomuholidi:   29.11.2021, 10:07:19] --> Character went to Alchemist: lomuholidi
[lomuholidi:   29.11.2021, 10:07:25] --> zevebagepu appeared
[lomuholidi:   29.11.2021, 10:07:43] --> Character was kicked from the bot, reason: Character was walking
[lomuholidi:   29.11.2021, 10:08:07] --> Character was kicked from the bot, reason: Character was walking
[lomuholidi:   29.11.2021, 10:08:40] --> Character was kicked from the bot, reason: Character was walking
[lomuholidi:   29.11.2021, 10:08:57] --> wugitugoroz appeared
[lomuholidi:   29.11.2021, 10:09:43] --> wugitugoroz appeared
[lomuholidi:   29.11.2021, 10:10:16] --> wugitugoroz appeared
[lomuholidi:   29.11.2021, 10:10:48] --> Character leveled up to level 39
[lomuholidi:   29.11.2021, 10:10:58] --> wugitugoroz appeared
[lomuholidi:   29.11.2021, 10:11:28] --> wugitugoroz appeared
[lomuholidi:   29.11.2021, 10:12:14] --> wugitugoroz appeared
[lomuholidi:   29.11.2021, 10:12:42] --> wugitugoroz appeared
[lomuholidi:   29.11.2021, 10:13:17] --> wugitugoroz appeared
[lomuholidi:   29.11.2021, 10:13:23] --> wugitugoroz appeared
[lomuholidi:   29.11.2021, 10:13:29] --> wugitugoroz appeared
[lomuholidi:   29.11.2021, 10:13:37] --> wugitugoroz appeared
[lomuholidi:   29.11.2021, 10:13:42] --> wugitugoroz appeared
[lomuholidi:   29.11.2021, 10:13:49] --> wugitugoroz appeared
[lomuholidi:   29.11.2021, 10:13:56] --> wugitugoroz appeared
[lomuholidi:   29.11.2021, 10:22:10] --> Character leveled up to level 40
[lomuholidi:   29.11.2021, 10:23:41] --> kinofekibok appeared
[lomuholidi:   29.11.2021, 10:23:43] --> kinofekibok appeared
[lomuholidi:   29.11.2021, 10:24:20] --> kinofekibok appeared
[lomuholidi:   29.11.2021, 10:24:53] --> kinofekibok appeared
[lomuholidi:   29.11.2021, 10:25:36] --> kinofekibok appeared
[lomuholidi:   29.11.2021, 10:26:09] --> kinofekibok appeared
[lomuholidi:   29.11.2021, 10:26:48] --> kinofekibok appeared
[lomuholidi:   29.11.2021, 10:27:22] --> kinofekibok appeared
[lomuholidi:   29.11.2021, 10:28:04] --> kinofekibok appeared
[lomuholidi:   29.11.2021, 10:28:39] --> kinofekibok appeared
[lomuholidi:   29.11.2021, 10:29:18] --> kinofekibok appeared
[lomuholidi:   29.11.2021, 10:29:53] --> kinofekibok appeared
[lomuholidi:   29.11.2021, 10:30:34] --> kinofekibok appeared
[lomuholidi:   29.11.2021, 10:31:08] --> kinofekibok appeared
[lomuholidi:   29.11.2021, 10:31:32] --> rokupazulap appeared
[lomuholidi:   29.11.2021, 10:31:49] --> kinofekibok appeared
[lomuholidi:   29.11.2021, 10:32:23] --> kinofekibok appeared
[lomuholidi:   29.11.2021, 10:33:02] --> kinofekibok appeared
[lomuholidi:   29.11.2021, 10:33:37] --> kinofekibok appeared
[lomuholidi:   29.11.2021, 10:33:59] --> rokupazulap appeared
[lomuholidi:   29.11.2021, 10:34:04] --> rokupazulap appeared
[lomuholidi:   29.11.2021, 10:34:17] --> kinofekibok appeared
[lomuholidi:   29.11.2021, 10:34:51] --> kinofekibok appeared
[lomuholidi:   29.11.2021, 10:35:30] --> kinofekibok appeared
[lomuholidi:   29.11.2021, 10:36:04] --> kinofekibok appeared
[lomuholidi:   29.11.2021, 10:36:41] --> Character leveled up to level 41
[lomuholidi:   29.11.2021, 10:36:45] --> kinofekibok appeared
[lomuholidi:   29.11.2021, 10:37:16] --> kinofekibok appeared
[lomuholidi:   29.11.2021, 10:37:45] --> kinofekibok appeared
[lomuholidi:   29.11.2021, 10:38:01] --> kinofekibok appeared
[lomuholidi:   29.11.2021, 10:38:23] --> kinofekibok appeared
[lomuholidi:   29.11.2021, 10:38:28] --> kinofekibok appeared
[lomuholidi:   29.11.2021, 10:38:58] --> kinofekibok appeared
[lomuholidi:   29.11.2021, 10:39:04] --> kinofekibok appeared
[lomuholidi:   29.11.2021, 10:39:10] --> kinofekibok appeared
[lomuholidi:   29.11.2021, 10:39:15] --> kinofekibok appeared
[lomuholidi:   29.11.2021, 10:50:58] --> Char changed: 5 dragon cors collected, total cor count: 15
[lomuholidi:   29.11.2021, 10:50:58] --> Character was kicked from the bot, reason: Changing character
[gamopareba:   29.11.2021, 10:51:33] --> Time passed, now going to talk to alchemist: gamopareba
[gamopareba:   29.11.2021, 10:51:33] --> Character went to Alchemist: gamopareba
[gamopareba:   29.11.2021, 10:51:56] --> Character was kicked from the bot, reason: Character was walking
[gamopareba:   29.11.2021, 10:52:02] --> nisavokivid appeared
[gamopareba:   29.11.2021, 10:52:19] --> Character was kicked from the bot, reason: Character was walking
[gamopareba:   29.11.2021, 10:52:31] --> nubomikekaz appeared
[gamopareba:   29.11.2021, 10:52:52] --> Character was kicked from the bot, reason: Character was walking
[gamopareba:   29.11.2021, 10:53:27] --> kinofekibok appeared
[gamopareba:   29.11.2021, 10:54:18] --> nisavokivid appeared
[gamopareba:   29.11.2021, 10:54:25] --> nisavokivid appeared
[gamopareba:   29.11.2021, 10:56:33] --> nisavokivid appeared
[gamopareba:   29.11.2021, 10:57:30] --> Character leveled up to level 39
[gamopareba:   29.11.2021, 10:59:07] --> nisavokivid appeared
[gamopareba:   29.11.2021, 11:05:48] --> nisavokivid appeared
[gamopareba:   29.11.2021, 11:06:21] --> Character leveled up to level 40
[gamopareba:   29.11.2021, 11:08:19] --> nisavokivid appeared
[gamopareba:   29.11.2021, 11:13:21] --> oreade appeared
[gamopareba:   29.11.2021, 11:13:31] --> oreade appeared
[gamopareba:   29.11.2021, 11:14:04] --> oreade appeared
[gamopareba:   29.11.2021, 11:16:01] --> pokekifafi appeared
[gamopareba:   29.11.2021, 11:16:09] --> Character leveled up to level 41
[gamopareba:   29.11.2021, 11:18:01] --> Char changed: 5 dragon cors collected, total cor count: 15
[gamopareba:   29.11.2021, 11:18:01] --> Character was kicked from the bot, reason: Changing character
[gamopareba:   29.11.2021, 11:18:31] --> Character died
[pisipimibi:   29.11.2021, 11:18:37] --> Time passed, now going to talk to alchemist: pisipimibi
[pisipimibi:   29.11.2021, 11:18:37] --> Character went to Alchemist: pisipimibi
[pisipimibi:   29.11.2021, 11:18:46] --> KavaddA6 appeared
[pisipimibi:   29.11.2021, 11:18:50] --> Character was kicked from the bot, reason: Character was walking
[pisipimibi:   29.11.2021, 11:19:05] --> Character was kicked from the bot, reason: Character was walking
[pisipimibi:   29.11.2021, 11:19:27] --> Character was kicked from the bot, reason: Character was walking
[pisipimibi:   29.11.2021, 11:20:00] --> Character was kicked from the bot, reason: Character was walking
[pisipimibi:   29.11.2021, 11:20:28] --> pokekifafi appeared
[pisipimibi:   29.11.2021, 11:20:32] --> pokekifafi appeared
[pisipimibi:   29.11.2021, 11:22:34] --> Character leveled up to level 40
[pisipimibi:   29.11.2021, 11:22:37] --> pokekifafi appeared
[pisipimibi:   29.11.2021, 11:25:22] --> pokekifafi appeared
[pisipimibi:   29.11.2021, 11:25:28] --> pokekifafi appeared
[pisipimibi:   29.11.2021, 11:25:32] --> pokekifafi appeared
[pisipimibi:   29.11.2021, 11:27:39] --> pokekifafi appeared
[pisipimibi:   29.11.2021, 11:27:41] --> pokekifafi appeared
[pisipimibi:   29.11.2021, 11:27:47] --> pokekifafi appeared
[pisipimibi:   29.11.2021, 11:30:13] --> Character got kick
[pisipimibi:   29.11.2021, 11:31:57] --> tyranoo appeared
[pisipimibi:   29.11.2021, 11:32:50] --> Character got kick
[pisipimibi:   29.11.2021, 11:34:24] --> tubokokivoza appeared
[pisipimibi:   29.11.2021, 11:34:28] --> tubokokivoza appeared
[pisipimibi:   29.11.2021, 11:34:31] --> tubokokivoza appeared
[pisipimibi:   29.11.2021, 11:35:05] --> Character got kick
[pisipimibi:   29.11.2021, 11:35:34] --> Character leveled up to level 41
[pisipimibi:   29.11.2021, 11:38:28] --> Character got kick
[pisipimibi:   29.11.2021, 11:39:05] --> tubokokivoza appeared
[pisipimibi:   29.11.2021, 11:39:10] --> tubokokivoza appeared
[pisipimibi:   29.11.2021, 11:41:17] --> tubokokivoza appeared
[pisipimibi:   29.11.2021, 11:41:23] --> tubokokivoza appeared
[pisipimibi:   29.11.2021, 11:41:29] --> tubokokivoza appeared
[pisipimibi:   29.11.2021, 11:42:43] --> Character got kick
[pisipimibi:   29.11.2021, 11:44:01] --> tubokokivoza appeared
[pisipimibi:   29.11.2021, 11:44:04] --> tubokokivoza appeared
[pisipimibi:   29.11.2021, 11:44:09] --> tubokokivoza appeared
[pisipimibi:   29.11.2021, 11:47:09] --> Character leveled up to level 42
[pisipimibi:   29.11.2021, 11:47:36] --> Char changed: 5 dragon cors collected, total cor count: 15
[pisipimibi:   29.11.2021, 11:47:37] --> Character was kicked from the bot, reason: Changing character
[pisipimibi:   29.11.2021, 11:47:41] --> Character died
[lopipafoba:   29.11.2021, 11:47:46] --> Time passed, now going to talk to alchemist: lopipafoba
[lopipafoba:   29.11.2021, 11:47:46] --> Character went to Alchemist: lopipafoba
[lopipafoba:   29.11.2021, 11:48:10] --> Character was kicked from the bot, reason: Character was walking
[lopipafoba:   29.11.2021, 11:48:15] --> difufonoze appeared
[lopipafoba:   29.11.2021, 11:48:33] --> Character was kicked from the bot, reason: Character was walking
[lopipafoba:   29.11.2021, 11:49:08] --> Character was kicked from the bot, reason: Character was walking
[lopipafoba:   29.11.2021, 11:50:51] --> tubokokivoza appeared
[lopipafoba:   29.11.2021, 11:50:55] --> tubokokivoza appeared
[lopipafoba:   29.11.2021, 11:50:58] --> tubokokivoza appeared
[lopipafoba:   29.11.2021, 11:52:09] --> Character leveled up to level 39
[lopipafoba:   29.11.2021, 11:53:05] --> tubokokivoza appeared
[lopipafoba:   29.11.2021, 11:53:08] --> tubokokivoza appeared
[lopipafoba:   29.11.2021, 11:59:48] --> citozisopu appeared
[lopipafoba:   29.11.2021, 12:01:31] --> Character leveled up to level 40
[lopipafoba:   29.11.2021, 12:02:19] --> citozisopu appeared
[lopipafoba:   29.11.2021, 12:04:24] --> citozisopu appeared
[lopipafoba:   29.11.2021, 12:04:32] --> citozisopu appeared
[lopipafoba:   29.11.2021, 12:11:04] --> Character leveled up to level 41
[lopipafoba:   29.11.2021, 12:11:15] --> citozisopu appeared
[lopipafoba:   29.11.2021, 12:11:20] --> citozisopu appeared
[lopipafoba:   29.11.2021, 12:13:43] --> citozisopu appeared
[lopipafoba:   29.11.2021, 12:15:53] --> citozisopu appeared
[lopipafoba:   29.11.2021, 12:16:02] --> citozisopu appeared
[lopipafoba:   29.11.2021, 12:20:14] --> Char changed: 5 dragon cors collected, total cor count: 15
[lopipafoba:   29.11.2021, 12:20:15] --> Character was kicked from the bot, reason: Changing character
[vadolukawid:  29.11.2021, 12:20:24] --> Time passed, now going to talk to alchemist: vadolukawid
[vadolukawid:  29.11.2021, 12:20:24] --> Character went to Alchemist: vadolukawid
[vadolukawid:  29.11.2021, 12:20:31] --> Iadaivv3 appeared
[vadolukawid:  29.11.2021, 12:20:48] --> Character was kicked from the bot, reason: Character was walking
[vadolukawid:  29.11.2021, 12:20:54] --> vuhoripatira appeared
[vadolukawid:  29.11.2021, 12:21:12] --> Character was kicked from the bot, reason: Character was walking
[vadolukawid:  29.11.2021, 12:21:46] --> Character was kicked from the bot, reason: Character was walking
[vadolukawid:  29.11.2021, 12:23:08] --> hahurebuva appeared
[vadolukawid:  29.11.2021, 12:23:12] --> hahurebuva appeared
[vadolukawid:  29.11.2021, 12:25:24] --> hahurebuva appeared
[vadolukawid:  29.11.2021, 12:25:28] --> hahurebuva appeared
[vadolukawid:  29.11.2021, 12:29:09] --> tyranoo appeared
[vadolukawid:  29.11.2021, 12:29:27] --> Character leveled up to level 41
[vadolukawid:  29.11.2021, 12:29:34] --> tyranoo appeared
[vadolukawid:  29.11.2021, 12:30:27] --> tyranoo appeared
[vadolukawid:  29.11.2021, 12:30:51] --> tyranoo appeared
[vadolukawid:  29.11.2021, 12:34:38] --> hahurebuva appeared
[vadolukawid:  29.11.2021, 12:37:10] --> hahurebuva appeared
[vadolukawid:  29.11.2021, 12:39:52] --> Character leveled up to level 42
[vadolukawid:  29.11.2021, 12:41:55] --> hahurebuva appeared
[vadolukawid:  29.11.2021, 12:42:01] --> hahurebuva appeared
[vadolukawid:  29.11.2021, 12:44:25] --> hahurebuva appeared
[vadolukawid:  29.11.2021, 12:45:54] --> fubigaferogu appeared
[vadolukawid:  29.11.2021, 12:46:55] --> hahurebuva appeared
[vadolukawid:  29.11.2021, 12:46:59] --> hahurebuva appeared
[vadolukawid:  29.11.2021, 12:49:03] --> Bot terminated: 5 dragon cors collected, total cor count: 15
[lomuholidi:   30.11.2021, 18:58:18] --> Bot successfully started
[lomuholidi:   30.11.2021, 18:58:24] --> Time passed, now going to talk to alchemist: lomuholidi
[lomuholidi:   30.11.2021, 18:58:24] --> Character went to Alchemist: lomuholidi
[lomuholidi:   30.11.2021, 18:58:31] --> soledugobisu appeared
[lomuholidi:   30.11.2021, 18:58:47] --> Character was kicked from the bot, reason: Character was walking
[lomuholidi:   30.11.2021, 18:59:10] --> Character was kicked from the bot, reason: Character was walking
[lomuholidi:   30.11.2021, 19:00:22] --> Bot successfully started
[lomuholidi:   30.11.2021, 19:00:44] --> Character was kicked from the bot, reason: Character was walking
[lomuholidi:   30.11.2021, 19:00:47] --> kapivibela appeared
[lomuholidi:   30.11.2021, 19:01:08] --> kapivibela appeared
[lomuholidi:   30.11.2021, 19:01:39] --> kapivibela appeared
[lomuholidi:   30.11.2021, 19:01:46] --> Character leveled up to level 42
[lomuholidi:   30.11.2021, 19:02:22] --> kapivibela appeared
[lomuholidi:   30.11.2021, 19:02:49] --> kapivibela appeared
[lomuholidi:   30.11.2021, 19:02:52] --> kapivibela appeared
[lomuholidi:   30.11.2021, 19:03:21] --> kapivibela appeared
[lomuholidi:   30.11.2021, 19:03:27] --> kapivibela appeared
[lomuholidi:   30.11.2021, 19:03:34] --> kapivibela appeared
[lomuholidi:   30.11.2021, 19:03:39] --> kapivibela appeared
[lomuholidi:   30.11.2021, 19:03:48] --> kapivibela appeared
[lomuholidi:   30.11.2021, 19:17:49] --> wipukipeniva appeared
[lomuholidi:   30.11.2021, 19:18:17] --> soledugobisu appeared
[lomuholidi:   30.11.2021, 19:18:51] --> Character leveled up to level 43
[lomuholidi:   30.11.2021, 19:19:14] --> wipukipeniva appeared
[lomuholidi:   30.11.2021, 19:19:51] --> wipukipeniva appeared
[lomuholidi:   30.11.2021, 19:20:27] --> wipukipeniva appeared
[lomuholidi:   30.11.2021, 19:21:05] --> wipukipeniva appeared
[lomuholidi:   30.11.2021, 19:21:42] --> wipukipeniva appeared
[lomuholidi:   30.11.2021, 19:22:19] --> wipukipeniva appeared
[lomuholidi:   30.11.2021, 19:22:57] --> wipukipeniva appeared
[lomuholidi:   30.11.2021, 19:23:18] --> soledugobisu appeared
[lomuholidi:   30.11.2021, 19:23:36] --> wipukipeniva appeared
[lomuholidi:   30.11.2021, 19:25:11] --> wipukipeniva appeared
[lomuholidi:   30.11.2021, 19:25:44] --> wipukipeniva appeared
[lomuholidi:   30.11.2021, 19:26:21] --> wipukipeniva appeared
[lomuholidi:   30.11.2021, 19:26:38] --> wipukipeniva appeared
[lomuholidi:   30.11.2021, 19:27:01] --> wipukipeniva appeared
[lomuholidi:   30.11.2021, 19:27:11] --> soledugobisu appeared
[lomuholidi:   30.11.2021, 19:27:13] --> soledugobisu appeared
[lomuholidi:   30.11.2021, 19:27:31] --> wipukipeniva appeared
[lomuholidi:   30.11.2021, 19:28:06] --> wipukipeniva appeared
[lomuholidi:   30.11.2021, 19:28:12] --> wipukipeniva appeared
[lomuholidi:   30.11.2021, 19:28:17] --> wipukipeniva appeared
[lomuholidi:   30.11.2021, 19:28:26] --> wipukipeniva appeared
[lomuholidi:   30.11.2021, 19:28:37] --> wipukipeniva appeared
[lomuholidi:   30.11.2021, 19:28:42] --> wipukipeniva appeared
[lomuholidi:   30.11.2021, 19:29:14] --> wipukipeniva appeared
[lomuholidi:   30.11.2021, 19:29:20] --> wipukipeniva appeared
[lomuholidi:   30.11.2021, 19:31:32] --> Character got kick
[lomuholidi:   30.11.2021, 19:31:43] --> wipukipeniva appeared
[lomuholidi:   30.11.2021, 19:34:30] --> wipukipeniva appeared
[lomuholidi:   30.11.2021, 19:35:29] --> soledugobisu appeared
[lomuholidi:   30.11.2021, 19:35:44] --> wipukipeniva appeared
[lomuholidi:   30.11.2021, 19:36:42] --> pumomufapof appeared
[lomuholidi:   30.11.2021, 19:36:45] --> pumomufapof appeared
[lomuholidi:   30.11.2021, 19:37:33] --> wipukipeniva appeared
[lomuholidi:   30.11.2021, 19:38:13] --> wipukipeniva appeared
[lomuholidi:   30.11.2021, 19:38:40] --> Character leveled up to level 44
[lomuholidi:   30.11.2021, 19:39:11] --> soledugobisu appeared
[lomuholidi:   30.11.2021, 19:39:33] --> Char changed: 5 dragon cors collected, total cor count: 20
[lomuholidi:   30.11.2021, 19:39:33] --> Character was kicked from the bot, reason: Changing character
[lomuholidi:   30.11.2021, 19:40:03] --> wipukipeniva appeared
[lomuholidi:   30.11.2021, 19:40:03] --> Character died
[gamopareba:   30.11.2021, 19:40:08] --> Time passed, now going to talk to alchemist: gamopareba
[gamopareba:   30.11.2021, 19:40:08] --> Character went to Alchemist: gamopareba
[gamopareba:   30.11.2021, 19:42:13] --> Bot successfully started
[gamopareba:   30.11.2021, 19:42:13] --> puparukeva appeared
[gamopareba:   30.11.2021, 19:42:18] --> Time passed, now going to talk to alchemist: gamopareba
[gamopareba:   30.11.2021, 19:42:18] --> Character went to Alchemist: gamopareba
[gamopareba:   30.11.2021, 19:42:33] --> Character was kicked from the bot, reason: Character was walking
[gamopareba:   30.11.2021, 19:42:55] --> Character was kicked from the bot, reason: Character was walking
[gamopareba:   30.11.2021, 19:43:29] --> Character was kicked from the bot, reason: Character was walking
[gamopareba:   30.11.2021, 19:43:51] --> wipukipeniva appeared
[gamopareba:   30.11.2021, 19:44:23] --> XShaDowBotX appeared
[gamopareba:   30.11.2021, 19:44:34] --> wipukipeniva appeared
[gamopareba:   30.11.2021, 19:45:05] --> wipukipeniva appeared
[gamopareba:   30.11.2021, 19:45:38] --> pumomufapof appeared
[gamopareba:   30.11.2021, 19:45:48] --> wipukipeniva appeared
[gamopareba:   30.11.2021, 19:46:20] --> wipukipeniva appeared
[gamopareba:   30.11.2021, 19:47:02] --> wipukipeniva appeared
[gamopareba:   30.11.2021, 19:47:22] --> XShaDowBotX appeared
[gamopareba:   30.11.2021, 19:47:36] --> wipukipeniva appeared
[gamopareba:   30.11.2021, 19:48:09] --> pumomufapof appeared
[gamopareba:   30.11.2021, 19:48:17] --> wipukipeniva appeared
[gamopareba:   30.11.2021, 19:48:34] --> XShaDowBotX appeared
[gamopareba:   30.11.2021, 19:48:49] --> wipukipeniva appeared
[gamopareba:   30.11.2021, 19:49:32] --> wipukipeniva appeared
[gamopareba:   30.11.2021, 19:49:49] --> XShaDowBotX appeared
[gamopareba:   30.11.2021, 19:50:06] --> wipukipeniva appeared
[gamopareba:   30.11.2021, 19:50:39] --> pumomufapof appeared
[gamopareba:   30.11.2021, 19:50:46] --> wipukipeniva appeared
[gamopareba:   30.11.2021, 19:51:05] --> XShaDowBotX appeared
[gamopareba:   30.11.2021, 19:51:21] --> wipukipeniva appeared
[gamopareba:   30.11.2021, 19:52:00] --> wipukipeniva appeared
[gamopareba:   30.11.2021, 19:52:28] --> XShaDowBotX appeared
[gamopareba:   30.11.2021, 19:53:04] --> XShaDowBotX appeared
[gamopareba:   30.11.2021, 19:53:16] --> wipukipeniva appeared
[gamopareba:   30.11.2021, 19:53:42] --> Character leveled up to level 42
[gamopareba:   30.11.2021, 19:53:54] --> wipukipeniva appeared
[gamopareba:   30.11.2021, 19:54:31] --> wipukipeniva appeared
[gamopareba:   30.11.2021, 19:55:10] --> wipukipeniva appeared
[gamopareba:   30.11.2021, 19:55:47] --> wipukipeniva appeared
[gamopareba:   30.11.2021, 19:56:23] --> wipukipeniva appeared
[gamopareba:   30.11.2021, 19:56:48] --> vizerewevob appeared
[gamopareba:   30.11.2021, 19:57:01] --> wipukipeniva appeared
[gamopareba:   30.11.2021, 19:57:40] --> wipukipeniva appeared
[gamopareba:   30.11.2021, 19:58:04] --> pumomufapof appeared
[gamopareba:   30.11.2021, 19:58:18] --> wipukipeniva appeared
[gamopareba:   30.11.2021, 19:58:55] --> wipukipeniva appeared
[gamopareba:   30.11.2021, 19:59:33] --> wipukipeniva appeared
[gamopareba:   30.11.2021, 20:00:11] --> wipukipeniva appeared
[gamopareba:   30.11.2021, 20:00:35] --> vizerewevob appeared
[gamopareba:   30.11.2021, 20:01:53] --> vizerewevob appeared
[gamopareba:   30.11.2021, 20:02:15] --> kicekeboburu appeared
[gamopareba:   30.11.2021, 20:02:54] --> kicekeboburu appeared
[gamopareba:   30.11.2021, 20:03:29] --> kicekeboburu appeared
[gamopareba:   30.11.2021, 20:04:08] --> kicekeboburu appeared
[gamopareba:   30.11.2021, 20:04:42] --> kicekeboburu appeared
[gamopareba:   30.11.2021, 20:05:23] --> kicekeboburu appeared
[gamopareba:   30.11.2021, 20:05:58] --> kicekeboburu appeared
[gamopareba:   30.11.2021, 20:06:37] --> kicekeboburu appeared
[gamopareba:   30.11.2021, 20:07:12] --> kicekeboburu appeared
[gamopareba:   30.11.2021, 20:07:55] --> kicekeboburu appeared
[gamopareba:   30.11.2021, 20:08:04] --> vizerewevob appeared
[gamopareba:   30.11.2021, 20:08:22] --> Character leveled up to level 43
[gamopareba:   30.11.2021, 20:08:27] --> kicekeboburu appeared
[gamopareba:   30.11.2021, 20:09:07] --> kicekeboburu appeared
[gamopareba:   30.11.2021, 20:09:42] --> kicekeboburu appeared
[gamopareba:   30.11.2021, 20:10:22] --> kicekeboburu appeared
[gamopareba:   30.11.2021, 20:10:34] --> pumomufapof appeared
[gamopareba:   30.11.2021, 20:10:57] --> kicekeboburu appeared
[gamopareba:   30.11.2021, 20:11:21] --> pumomufapof appeared
[gamopareba:   30.11.2021, 20:11:36] --> kicekeboburu appeared
[gamopareba:   30.11.2021, 20:11:50] --> vizerewevob appeared
[gamopareba:   30.11.2021, 20:12:11] --> kicekeboburu appeared
[gamopareba:   30.11.2021, 20:12:50] --> kicekeboburu appeared
[gamopareba:   30.11.2021, 20:13:24] --> kicekeboburu appeared
[gamopareba:   30.11.2021, 20:14:05] --> kicekeboburu appeared
[gamopareba:   30.11.2021, 20:14:38] --> kicekeboburu appeared
[gamopareba:   30.11.2021, 20:15:20] --> kicekeboburu appeared
[gamopareba:   30.11.2021, 20:15:29] --> vizerewevob appeared
[gamopareba:   30.11.2021, 20:15:54] --> kicekeboburu appeared
[gamopareba:   30.11.2021, 20:16:36] --> kicekeboburu appeared
[gamopareba:   30.11.2021, 20:17:09] --> kicekeboburu appeared
[gamopareba:   30.11.2021, 20:17:49] --> kicekeboburu appeared
[gamopareba:   30.11.2021, 20:17:59] --> pumomufapof appeared
[gamopareba:   30.11.2021, 20:18:25] --> kicekeboburu appeared
[gamopareba:   30.11.2021, 20:19:02] --> kicekeboburu appeared
[gamopareba:   30.11.2021, 20:19:25] --> Char changed: 5 dragon cors collected, total cor count: 20
[gamopareba:   30.11.2021, 20:19:26] --> Character was kicked from the bot, reason: Changing character
[pisipimibi:   30.11.2021, 20:19:35] --> Time passed, now going to talk to alchemist: pisipimibi
[pisipimibi:   30.11.2021, 20:19:35] --> Character went to Alchemist: pisipimibi
[pisipimibi:   30.11.2021, 20:19:58] --> Character was kicked from the bot, reason: Character was walking
[pisipimibi:   30.11.2021, 20:20:04] --> BigGyoza appeared
[pisipimibi:   30.11.2021, 20:20:21] --> Character was kicked from the bot, reason: Character was walking
[pisipimibi:   30.11.2021, 20:20:55] --> Character was kicked from the bot, reason: Character was walking
[pisipimibi:   30.11.2021, 20:20:59] --> kicekeboburu appeared
[pisipimibi:   30.11.2021, 20:21:37] --> kicekeboburu appeared
[pisipimibi:   30.11.2021, 20:22:15] --> kicekeboburu appeared
[pisipimibi:   30.11.2021, 20:22:53] --> kicekeboburu appeared
[pisipimibi:   30.11.2021, 20:23:30] --> kicekeboburu appeared
[pisipimibi:   30.11.2021, 20:24:06] --> kicekeboburu appeared
[pisipimibi:   30.11.2021, 20:24:45] --> kicekeboburu appeared
[pisipimibi:   30.11.2021, 20:26:26] --> kicekeboburu appeared
[pisipimibi:   30.11.2021, 20:26:29] --> kicekeboburu appeared
[pisipimibi:   30.11.2021, 20:33:59] --> wugitugoroz appeared
[pisipimibi:   30.11.2021, 20:34:50] --> onekarl appeared
[pisipimibi:   30.11.2021, 20:35:00] --> Character leveled up to level 43
[pisipimibi:   30.11.2021, 20:35:44] --> wugitugoroz appeared
[pisipimibi:   30.11.2021, 20:35:55] --> onekarl appeared
[pisipimibi:   30.11.2021, 20:36:51] --> vizerewevob appeared
[pisipimibi:   30.11.2021, 20:36:57] --> wugitugoroz appeared
[pisipimibi:   30.11.2021, 20:37:14] --> onekarl appeared
[pisipimibi:   30.11.2021, 20:38:02] --> vizerewevob appeared
[pisipimibi:   30.11.2021, 20:38:13] --> wugitugoroz appeared
[pisipimibi:   30.11.2021, 20:38:26] --> onekarl appeared
[pisipimibi:   30.11.2021, 20:38:52] --> wugitugoroz appeared
[pisipimibi:   30.11.2021, 20:39:14] --> Character got kick
[pisipimibi:   30.11.2021, 20:39:33] --> Character got kick
[pisipimibi:   30.11.2021, 20:39:39] --> wugitugoroz appeared
[pisipimibi:   30.11.2021, 20:50:15] --> Character got kick
[pisipimibi:   30.11.2021, 20:50:43] --> wugitugoroz appeared
[pisipimibi:   30.11.2021, 20:50:50] --> Character leveled up to level 44
[pisipimibi:   30.11.2021, 20:50:51] --> wugitugoroz appeared
[pisipimibi:   30.11.2021, 20:51:12] --> vizerewevob appeared
[pisipimibi:   30.11.2021, 20:51:43] --> wugitugoroz appeared
[pisipimibi:   30.11.2021, 20:52:13] --> wugitugoroz appeared
[pisipimibi:   30.11.2021, 20:52:18] --> wugitugoroz appeared
[pisipimibi:   30.11.2021, 20:52:25] --> wugitugoroz appeared
[pisipimibi:   30.11.2021, 20:52:31] --> wugitugoroz appeared
[pisipimibi:   30.11.2021, 20:55:26] --> Char changed: 5 dragon cors collected, total cor count: 20
[pisipimibi:   30.11.2021, 20:55:26] --> Character was kicked from the bot, reason: Changing character
[lopipafoba:   30.11.2021, 20:55:36] --> Time passed, now going to talk to alchemist: lopipafoba
[lopipafoba:   30.11.2021, 20:55:36] --> Character went to Alchemist: lopipafoba
[lopipafoba:   30.11.2021, 20:55:59] --> Character was kicked from the bot, reason: Character was walking
[lopipafoba:   30.11.2021, 20:56:05] --> sololikan appeared
[lopipafoba:   30.11.2021, 20:56:21] --> Character was kicked from the bot, reason: Character was walking
[lopipafoba:   30.11.2021, 20:56:54] --> Character was kicked from the bot, reason: Character was walking
[lopipafoba:   30.11.2021, 20:56:57] --> wugitugoroz appeared
[lopipafoba:   30.11.2021, 20:57:39] --> wugitugoroz appeared
[lopipafoba:   30.11.2021, 20:58:11] --> wugitugoroz appeared
[lopipafoba:   30.11.2021, 20:58:51] --> wugitugoroz appeared
[lopipafoba:   30.11.2021, 20:59:20] --> Character leveled up to level 42
[lopipafoba:   30.11.2021, 20:59:27] --> wugitugoroz appeared
[lopipafoba:   30.11.2021, 21:00:05] --> wugitugoroz appeared
[lopipafoba:   30.11.2021, 21:00:42] --> wugitugoroz appeared
[lopipafoba:   30.11.2021, 21:01:15] --> Character went to saleswoman
[lopipafoba:   30.11.2021, 21:01:40] --> Character was kicked from the bot, reason: Character was walking
[lopipafoba:   30.11.2021, 21:01:46] --> Rhugiada appeared
[lopipafoba:   30.11.2021, 21:02:14] --> Character was kicked from the bot, reason: Character was walking
[lopipafoba:   30.11.2021, 21:03:36] --> Bot successfully started
[lopipafoba:   30.11.2021, 21:03:46] --> Character was kicked from the bot, reason: Character was walking
[lopipafoba:   30.11.2021, 21:03:58] --> wugitugoroz appeared
[lopipafoba:   30.11.2021, 21:04:34] --> wugitugoroz appeared
[lopipafoba:   30.11.2021, 21:05:14] --> wugitugoroz appeared
[lopipafoba:   30.11.2021, 21:05:51] --> wugitugoroz appeared
[lopipafoba:   30.11.2021, 21:06:27] --> wugitugoroz appeared
[lopipafoba:   30.11.2021, 21:07:05] --> wugitugoroz appeared
[lopipafoba:   30.11.2021, 21:07:41] --> wugitugoroz appeared
[lopipafoba:   30.11.2021, 21:08:19] --> wugitugoroz appeared
[lopipafoba:   30.11.2021, 21:09:09] --> wugitugoroz appeared
[lopipafoba:   30.11.2021, 21:09:43] --> wugitugoroz appeared
[lopipafoba:   30.11.2021, 21:10:21] --> wugitugoroz appeared
[lopipafoba:   30.11.2021, 21:10:35] --> viwotodubec appeared
[lopipafoba:   30.11.2021, 21:10:57] --> wugitugoroz appeared
[lopipafoba:   30.11.2021, 21:11:36] --> wugitugoroz appeared
[lopipafoba:   30.11.2021, 21:13:06] --> viwotodubec appeared
[lopipafoba:   30.11.2021, 21:13:24] --> viwotodubec appeared
[lopipafoba:   30.11.2021, 21:15:55] --> kinofekibok appeared
[lopipafoba:   30.11.2021, 21:16:01] --> Character leveled up to level 43
[lopipafoba:   30.11.2021, 21:27:05] --> Character got kick
[lopipafoba:   30.11.2021, 21:27:28] --> kinofekibok appeared
[lopipafoba:   30.11.2021, 21:28:04] --> kinofekibok appeared
[lopipafoba:   30.11.2021, 21:28:42] --> kinofekibok appeared
[lopipafoba:   30.11.2021, 21:29:15] --> Character got kick
[lopipafoba:   30.11.2021, 21:29:22] --> kinofekibok appeared
[lopipafoba:   30.11.2021, 21:30:03] --> kinofekibok appeared
[lopipafoba:   30.11.2021, 21:30:38] --> kinofekibok appeared
[lopipafoba:   30.11.2021, 21:31:19] --> kinofekibok appeared
[lopipafoba:   30.11.2021, 21:31:58] --> kinofekibok appeared
[lopipafoba:   30.11.2021, 21:32:30] --> Character leveled up to level 44
[lopipafoba:   30.11.2021, 21:32:36] --> kinofekibok appeared
[lopipafoba:   30.11.2021, 21:33:12] --> kinofekibok appeared
[lopipafoba:   30.11.2021, 21:33:39] --> viwotodubec appeared
[lopipafoba:   30.11.2021, 21:33:49] --> kinofekibok appeared
[lopipafoba:   30.11.2021, 21:34:27] --> kinofekibok appeared
[lopipafoba:   30.11.2021, 21:34:40] --> kinofekibok appeared
[lopipafoba:   30.11.2021, 21:35:03] --> zisezosiku appeared
[lopipafoba:   30.11.2021, 21:35:42] --> kinofekibok appeared
[lopipafoba:   30.11.2021, 21:35:45] --> kinofekibok appeared
[lopipafoba:   30.11.2021, 21:35:54] --> Char changed: 5 dragon cors collected, total cor count: 20
[lopipafoba:   30.11.2021, 21:35:55] --> Character was kicked from the bot, reason: Changing character
[vadolukawid:  30.11.2021, 21:36:14] --> viwotodubec appeared
[vadolukawid:  30.11.2021, 21:36:19] --> Time passed, now going to talk to alchemist: vadolukawid
[vadolukawid:  30.11.2021, 21:36:19] --> Character went to Alchemist: vadolukawid
[vadolukawid:  30.11.2021, 21:36:22] --> Character was kicked from the bot, reason: MapLoading Freeze
[vadolukawid:  30.11.2021, 21:36:26] --> CigaKilhDen appeared
[vadolukawid:  30.11.2021, 21:36:43] --> Character was kicked from the bot, reason: Character was walking
[vadolukawid:  30.11.2021, 21:36:48] --> wuvedulaca appeared
[vadolukawid:  30.11.2021, 21:37:05] --> xxcoccinella appeared
[vadolukawid:  30.11.2021, 21:37:07] --> Character was kicked from the bot, reason: Character was walking
[vadolukawid:  30.11.2021, 21:37:43] --> Character was kicked from the bot, reason: Character was walking
[vadolukawid:  30.11.2021, 21:38:03] --> kinofekibok appeared
[vadolukawid:  30.11.2021, 21:38:38] --> kinofekibok appeared
[vadolukawid:  30.11.2021, 21:39:17] --> kinofekibok appeared
[vadolukawid:  30.11.2021, 21:39:32] --> viwotodubec appeared
[vadolukawid:  30.11.2021, 21:39:56] --> kinofekibok appeared
[vadolukawid:  30.11.2021, 21:40:34] --> kinofekibok appeared
[vadolukawid:  30.11.2021, 21:40:52] --> viwotodubec appeared
[vadolukawid:  30.11.2021, 21:41:13] --> kinofekibok appeared
[vadolukawid:  30.11.2021, 21:41:48] --> kinofekibok appeared
[vadolukawid:  30.11.2021, 21:42:26] --> kinofekibok appeared
[vadolukawid:  30.11.2021, 21:43:03] --> kinofekibok appeared
[vadolukawid:  30.11.2021, 21:43:23] --> Character leveled up to level 43
[vadolukawid:  30.11.2021, 21:43:39] --> kinofekibok appeared
[vadolukawid:  30.11.2021, 21:44:17] --> kinofekibok appeared
[vadolukawid:  30.11.2021, 21:44:33] --> viwotodubec appeared
[vadolukawid:  30.11.2021, 21:44:53] --> kinofekibok appeared
[vadolukawid:  30.11.2021, 21:45:33] --> kinofekibok appeared
[vadolukawid:  30.11.2021, 21:46:10] --> kinofekibok appeared
[vadolukawid:  30.11.2021, 21:46:50] --> kinofekibok appeared
[vadolukawid:  30.11.2021, 21:47:03] --> viwotodubec appeared
[vadolukawid:  30.11.2021, 21:47:24] --> kinofekibok appeared
[vadolukawid:  30.11.2021, 21:48:03] --> kinofekibok appeared
[vadolukawid:  30.11.2021, 21:48:20] --> viwotodubec appeared
[vadolukawid:  30.11.2021, 21:49:34] --> viwotodubec appeared
[vadolukawid:  30.11.2021, 21:49:45] --> Character went to saleswoman
[vadolukawid:  30.11.2021, 21:49:49] --> Character got kick
[vadolukawid:  30.11.2021, 21:50:24] --> gipesahahico appeared
[vadolukawid:  30.11.2021, 21:50:37] --> Character was kicked from the bot, reason: Character was walking
[vadolukawid:  30.11.2021, 21:50:42] --> LadyPinix appeared
[vadolukawid:  30.11.2021, 21:51:09] --> Character was kicked from the bot, reason: Character was walking
[vadolukawid:  30.11.2021, 21:51:20] --> tapobezesok appeared
[vadolukawid:  30.11.2021, 21:51:32] --> Character got kick
[vadolukawid:  30.11.2021, 21:51:48] --> Krono96 appeared
[vadolukawid:  30.11.2021, 21:51:56] --> Character was kicked from the bot, reason: Character was walking
[vadolukawid:  30.11.2021, 21:52:29] --> kinofekibok appeared
[vadolukawid:  30.11.2021, 21:52:53] --> viwotodubec appeared
[vadolukawid:  30.11.2021, 21:53:05] --> kinofekibok appeared
[vadolukawid:  30.11.2021, 21:53:44] --> kinofekibok appeared
[vadolukawid:  30.11.2021, 21:59:54] --> Character leveled up to level 44
[vadolukawid:  30.11.2021, 22:03:13] --> Bot terminated: 5 dragon cors collected, total cor count: 20
[vadolukawid:  30.11.2021, 23:53:48] --> Bot successfully started
[vadolukawid:  30.11.2021, 23:54:14] --> Character died
[vadolukawid:  30.11.2021, 23:58:02] --> Character was kicked from the bot, reason: Changing character
[gamopareba:   30.11.2021, 23:58:39] --> Character was kicked from the bot, reason: Character was walking
[gamopareba:   01.12.2021, 00:04:04] --> Bot successfully started
[gamopareba:   01.12.2021, 00:06:45] --> Character was kicked from the bot, reason: Changing character
[gamopareba:   01.12.2021, 00:06:49] --> Character leveled up to level 44
[pisipimibi:   01.12.2021, 00:07:23] --> Character was kicked from the bot, reason: Character was walking
[pisipimibi:   01.12.2021, 00:10:52] --> Character was kicked from the bot, reason: Changing character
[lopipafoba:   01.12.2021, 00:11:32] --> Character was kicked from the bot, reason: Character was walking
[lopipafoba:   01.12.2021, 00:14:20] --> Character was kicked from the bot, reason: Changing character
[vadolukawid:  01.12.2021, 00:15:01] --> Character was kicked from the bot, reason: Character was walking
[vadolukawid:  01.12.2021, 00:16:23] --> Character was kicked from the bot, reason: Changing character
[vadolukawid:  01.12.2021, 00:16:27] --> Character died
[lomuholidi:   01.12.2021, 00:16:53] --> Character was kicked from the bot, reason: Character was walking
[lomuholidi:   01.12.2021, 00:16:59] --> wuvedulaca appeared
[lomuholidi:   01.12.2021, 00:20:10] --> Bot successfully started
[lomuholidi:   01.12.2021, 00:20:10] --> wuvedulaca appeared
[lomuholidi:   01.12.2021, 00:33:27] --> wuvedulaca appeared
[lomuholidi:   01.12.2021, 00:36:39] --> Changing into CH2
