[duducuzobed:  20.11.2021, 14:16:37] --> Bot successfully started
[duducuzobed:  20.11.2021, 14:16:37] --> xxXSASHAXxx appeared
[duducuzobed:  20.11.2021, 15:20:27] --> Bot successfully started
[duducuzobed:  20.11.2021, 15:20:27] --> kizagevozizu appeared
[duducuzobed:  20.11.2021, 15:35:15] --> Character was kicked from the bot, reason: Changing character
[duducuzobed:  20.11.2021, 15:38:20] --> Character was kicked from the bot, reason: Changing character
[wefezacarak:  20.11.2021, 15:40:47] --> Character was kicked from the bot, reason: Changing character
[fekuzolazebu: 20.11.2021, 15:42:53] --> Character was kicked from the bot, reason: Changing character
[pehiwucebez:  20.11.2021, 15:45:12] --> Character was kicked from the bot, reason: Changing character
[duducuzobed:  20.11.2021, 16:08:48] --> Bot successfully started
[duducuzobed:  20.11.2021, 16:08:48] --> Setting '1' loaded because of active level settings
[duducuzobed:  20.11.2021, 16:08:48] --> xxXSASHAXxx appeared
[duducuzobed:  20.11.2021, 16:08:55] --> Character went to saleswoman
[duducuzobed:  20.11.2021, 16:08:58] --> Character was kicked from the bot, reason: Character was walking
[duducuzobed:  20.11.2021, 16:09:25] --> PM recieved from JeuVe : 40 Won - 25 ÊUR
[duducuzobed:  20.11.2021, 16:09:26] --> PM recieved from JeuVe : Add P2W#9999 on Discord for payment & info # Fast & Secure 24/7 #
[duducuzobed:  20.11.2021, 16:09:31] --> Character was kicked from the bot, reason: Character was walking
[duducuzobed:  20.11.2021, 16:09:43] --> Character leveled up to level 2
[duducuzobed:  20.11.2021, 16:09:44] --> Character leveled up to level 6
[duducuzobed:  20.11.2021, 16:09:45] --> Character leveled up to level 7
[duducuzobed:  20.11.2021, 16:09:46] --> Character leveled up to level 8
[duducuzobed:  20.11.2021, 16:09:48] --> Character leveled up to level 9
[duducuzobed:  20.11.2021, 16:09:51] --> Character leveled up to level 10
[duducuzobed:  20.11.2021, 16:09:53] --> Character leveled up to level 11
[duducuzobed:  20.11.2021, 16:09:54] --> Character leveled up to level 12
[duducuzobed:  20.11.2021, 16:10:15] --> Character leveled up to level 13
[duducuzobed:  20.11.2021, 16:10:46] --> Character leveled up to level 14
[duducuzobed:  20.11.2021, 16:10:52] --> Character leveled up to level 15
[duducuzobed:  20.11.2021, 16:10:52] --> Setting '2' loaded because of active level settings
[duducuzobed:  20.11.2021, 16:11:04] --> Character was kicked from the bot, reason: Character was walking
[duducuzobed:  20.11.2021, 16:11:29] --> Character was kicked from the bot, reason: Character was walking
[duducuzobed:  20.11.2021, 16:12:05] --> Character leveled up to level 16
[duducuzobed:  20.11.2021, 16:12:15] --> Character leveled up to level 17
[duducuzobed:  20.11.2021, 16:13:02] --> Character leveled up to level 18
[duducuzobed:  20.11.2021, 16:13:47] --> Character leveled up to level 19
[duducuzobed:  20.11.2021, 16:14:23] --> Character leveled up to level 20
[duducuzobed:  20.11.2021, 16:15:12] --> Character leveled up to level 21
[duducuzobed:  20.11.2021, 16:16:15] --> Character leveled up to level 22
[duducuzobed:  20.11.2021, 16:16:40] --> Character died
[duducuzobed:  20.11.2021, 16:17:39] --> Character leveled up to level 23
[duducuzobed:  20.11.2021, 16:18:23] --> Character leveled up to level 24
[duducuzobed:  20.11.2021, 16:19:09] --> Character leveled up to level 25
[duducuzobed:  20.11.2021, 16:20:06] --> Character leveled up to level 26
[duducuzobed:  20.11.2021, 16:21:06] --> Character leveled up to level 27
[duducuzobed:  20.11.2021, 16:22:15] --> Character leveled up to level 28
[duducuzobed:  20.11.2021, 16:23:39] --> Character leveled up to level 29
[duducuzobed:  20.11.2021, 16:24:56] --> Character leveled up to level 30
[duducuzobed:  20.11.2021, 16:26:30] --> Character leveled up to level 31
[duducuzobed:  20.11.2021, 16:26:31] --> Bot terminated: Character reached level 31
[wefezacarak:  20.11.2021, 16:27:28] --> Bot successfully started
[wefezacarak:  20.11.2021, 16:27:28] --> xxXSASHAXxx appeared
[wefezacarak:  20.11.2021, 16:27:28] --> Setting '1' loaded because of active level settings
[wefezacarak:  20.11.2021, 16:27:32] --> PM recieved from JeuVe : Add P2W#9999 on Discord for payment & info # Fast & Secure 24/7 #
[wefezacarak:  20.11.2021, 16:27:35] --> Character went to saleswoman
[wefezacarak:  20.11.2021, 16:27:38] --> Character was kicked from the bot, reason: Character was walking
[wefezacarak:  20.11.2021, 16:28:03] --> PM recieved from JeuVe : 40 Won - 25 ÊUR
[wefezacarak:  20.11.2021, 16:28:04] --> PM recieved from JeuVe : Add P2W#9999 on Discord for payment & info # Fast & Secure 24/7 #
[wefezacarak:  20.11.2021, 16:28:10] --> PM recieved from JeuVe : 40 Won - 25 ÊUR
[wefezacarak:  20.11.2021, 16:28:11] --> PM recieved from JeuVe : Add P2W#9999 on Discord for payment & info # Fast & Secure 24/7 #
[wefezacarak:  20.11.2021, 16:28:13] --> Character was kicked from the bot, reason: Character was walking
[wefezacarak:  20.11.2021, 16:28:26] --> Character leveled up to level 5
[wefezacarak:  20.11.2021, 16:28:27] --> Character leveled up to level 7
[wefezacarak:  20.11.2021, 16:28:28] --> Character leveled up to level 8
[wefezacarak:  20.11.2021, 16:28:29] --> Character leveled up to level 9
[wefezacarak:  20.11.2021, 16:28:31] --> Character leveled up to level 10
[wefezacarak:  20.11.2021, 16:28:35] --> Character leveled up to level 11
[wefezacarak:  20.11.2021, 16:28:40] --> Character leveled up to level 12
[wefezacarak:  20.11.2021, 16:28:44] --> Character leveled up to level 13
[wefezacarak:  20.11.2021, 16:28:51] --> Character leveled up to level 14
[wefezacarak:  20.11.2021, 16:29:02] --> Character leveled up to level 15
[wefezacarak:  20.11.2021, 16:29:02] --> Setting '2' loaded because of active level settings
[wefezacarak:  20.11.2021, 16:29:15] --> Character was kicked from the bot, reason: Character was walking
[wefezacarak:  20.11.2021, 16:29:40] --> Character was kicked from the bot, reason: Character was walking
[wefezacarak:  20.11.2021, 16:30:14] --> Character leveled up to level 16
[wefezacarak:  20.11.2021, 16:30:26] --> Character leveled up to level 17
[wefezacarak:  20.11.2021, 16:31:02] --> Character leveled up to level 18
[wefezacarak:  20.11.2021, 16:31:48] --> Character leveled up to level 19
[wefezacarak:  20.11.2021, 16:32:21] --> Character leveled up to level 20
[wefezacarak:  20.11.2021, 16:32:53] --> Character leveled up to level 21
[wefezacarak:  20.11.2021, 16:34:06] --> Character leveled up to level 22
[wefezacarak:  20.11.2021, 16:35:51] --> Character leveled up to level 23
[wefezacarak:  20.11.2021, 16:37:06] --> Character leveled up to level 24
[wefezacarak:  20.11.2021, 16:38:00] --> Character leveled up to level 25
[wefezacarak:  20.11.2021, 16:38:42] --> Character leveled up to level 26
[wefezacarak:  20.11.2021, 16:39:50] --> Character leveled up to level 27
[wefezacarak:  20.11.2021, 16:40:30] --> MetiBandulu appeared
[wefezacarak:  20.11.2021, 16:40:56] --> Character leveled up to level 28
[wefezacarak:  20.11.2021, 16:42:23] --> Character leveled up to level 29
[wefezacarak:  20.11.2021, 16:43:59] --> Character leveled up to level 30
[wefezacarak:  20.11.2021, 16:45:30] --> Character leveled up to level 31
[wefezacarak:  20.11.2021, 16:45:31] --> Bot terminated: Character reached level 31
[fekuzolazebu: 20.11.2021, 16:46:43] --> Bot successfully started
[fekuzolazebu: 20.11.2021, 16:46:43] --> N4ir0bi appeared
[fekuzolazebu: 20.11.2021, 16:46:43] --> Setting '1' loaded because of active level settings
[fekuzolazebu: 20.11.2021, 16:46:47] --> PM recieved from JeuVe : Add P2W#9999 on Discord for payment & info # Fast & Secure 24/7 #
[fekuzolazebu: 20.11.2021, 16:46:49] --> Character went to saleswoman
[fekuzolazebu: 20.11.2021, 16:46:53] --> Character was kicked from the bot, reason: Character was walking
[fekuzolazebu: 20.11.2021, 16:47:07] --> PM recieved from JeuVe : 195 Won - 100 ÊUR
[fekuzolazebu: 20.11.2021, 16:47:08] --> PM recieved from JeuVe : Add P2W#9999 on Discord for payment & info # Fast & Secure 24/7 #
[fekuzolazebu: 20.11.2021, 16:47:25] --> Character was kicked from the bot, reason: Character was walking
[fekuzolazebu: 20.11.2021, 16:47:38] --> Character leveled up to level 5
[fekuzolazebu: 20.11.2021, 16:47:39] --> Character leveled up to level 7
[fekuzolazebu: 20.11.2021, 16:47:40] --> Character leveled up to level 8
[fekuzolazebu: 20.11.2021, 16:47:41] --> Character leveled up to level 9
[fekuzolazebu: 20.11.2021, 16:47:45] --> Character leveled up to level 10
[fekuzolazebu: 20.11.2021, 16:47:47] --> Character leveled up to level 11
[fekuzolazebu: 20.11.2021, 16:47:52] --> Character leveled up to level 12
[fekuzolazebu: 20.11.2021, 16:47:58] --> Character leveled up to level 13
[fekuzolazebu: 20.11.2021, 16:48:16] --> Character leveled up to level 14
[fekuzolazebu: 20.11.2021, 16:48:48] --> Character leveled up to level 15
[fekuzolazebu: 20.11.2021, 16:48:48] --> Setting '2' loaded because of active level settings
[fekuzolazebu: 20.11.2021, 16:49:01] --> Character was kicked from the bot, reason: Character was walking
[fekuzolazebu: 20.11.2021, 16:49:26] --> Character was kicked from the bot, reason: Character was walking
[fekuzolazebu: 20.11.2021, 16:50:22] --> Character leveled up to level 16
[fekuzolazebu: 20.11.2021, 16:50:40] --> Character leveled up to level 17
[fekuzolazebu: 20.11.2021, 16:51:12] --> Character leveled up to level 18
[fekuzolazebu: 20.11.2021, 16:51:43] --> Character leveled up to level 19
[fekuzolazebu: 20.11.2021, 16:52:34] --> Character leveled up to level 20
[fekuzolazebu: 20.11.2021, 16:53:17] --> Character leveled up to level 21
[fekuzolazebu: 20.11.2021, 16:54:06] --> Character leveled up to level 22
[fekuzolazebu: 20.11.2021, 16:54:42] --> Character leveled up to level 23
[fekuzolazebu: 20.11.2021, 16:55:24] --> Character leveled up to level 24
[fekuzolazebu: 20.11.2021, 16:56:21] --> Character leveled up to level 25
[fekuzolazebu: 20.11.2021, 16:56:24] --> GeArS25 appeared
[fekuzolazebu: 20.11.2021, 16:57:19] --> Character leveled up to level 26
[fekuzolazebu: 20.11.2021, 16:58:16] --> Character leveled up to level 27
[fekuzolazebu: 20.11.2021, 16:59:32] --> Character leveled up to level 28
[fekuzolazebu: 20.11.2021, 17:00:43] --> Character leveled up to level 29
[fekuzolazebu: 20.11.2021, 17:02:13] --> Character leveled up to level 30
[fekuzolazebu: 20.11.2021, 17:03:35] --> Character leveled up to level 31
[fekuzolazebu: 20.11.2021, 17:03:36] --> Bot terminated: Character reached level 31
[pehiwucebez:  20.11.2021, 17:04:33] --> Bot successfully started
[pehiwucebez:  20.11.2021, 17:04:33] --> N4ir0bi appeared
[pehiwucebez:  20.11.2021, 17:04:33] --> Setting '1' loaded because of active level settings
[pehiwucebez:  20.11.2021, 17:04:37] --> PM recieved from JeuVe : Add P2W#9999 on Discord for payment & info # Fast & Secure 24/7 #
[pehiwucebez:  20.11.2021, 17:04:40] --> Character went to saleswoman
[pehiwucebez:  20.11.2021, 17:04:43] --> Character was kicked from the bot, reason: Character was walking
[pehiwucebez:  20.11.2021, 17:05:14] --> Character was kicked from the bot, reason: Character was walking
[pehiwucebez:  20.11.2021, 17:05:26] --> Character leveled up to level 4
[pehiwucebez:  20.11.2021, 17:05:27] --> Character leveled up to level 6
[pehiwucebez:  20.11.2021, 17:05:28] --> Character leveled up to level 8
[pehiwucebez:  20.11.2021, 17:05:29] --> Character leveled up to level 9
[pehiwucebez:  20.11.2021, 17:05:31] --> Character leveled up to level 10
[pehiwucebez:  20.11.2021, 17:05:33] --> Character leveled up to level 11
[pehiwucebez:  20.11.2021, 17:05:36] --> Character leveled up to level 12
[pehiwucebez:  20.11.2021, 17:05:38] --> Character leveled up to level 13
[pehiwucebez:  20.11.2021, 17:05:48] --> Character leveled up to level 14
[pehiwucebez:  20.11.2021, 17:05:59] --> Character leveled up to level 15
[pehiwucebez:  20.11.2021, 17:05:59] --> Setting '2' loaded because of active level settings
[pehiwucebez:  20.11.2021, 17:06:11] --> Character was kicked from the bot, reason: Character was walking
[pehiwucebez:  20.11.2021, 17:06:36] --> Character was kicked from the bot, reason: Character was walking
[pehiwucebez:  20.11.2021, 17:07:15] --> Character died
[pehiwucebez:  20.11.2021, 17:08:08] --> Character leveled up to level 16
[pehiwucebez:  20.11.2021, 17:08:36] --> Character leveled up to level 17
[pehiwucebez:  20.11.2021, 17:09:23] --> Character leveled up to level 18
[pehiwucebez:  20.11.2021, 17:09:55] --> Character leveled up to level 19
[pehiwucebez:  20.11.2021, 17:11:16] --> Character leveled up to level 20
[pehiwucebez:  20.11.2021, 17:12:26] --> Character leveled up to level 21
[pehiwucebez:  20.11.2021, 17:13:12] --> Character leveled up to level 22
[pehiwucebez:  20.11.2021, 17:13:51] --> Character leveled up to level 23
[pehiwucebez:  20.11.2021, 17:14:03] --> GeArS25 appeared
[pehiwucebez:  20.11.2021, 17:14:22] --> Character leveled up to level 24
[pehiwucebez:  20.11.2021, 17:15:19] --> Character leveled up to level 25
[pehiwucebez:  20.11.2021, 17:16:12] --> Character leveled up to level 26
[pehiwucebez:  20.11.2021, 17:17:03] --> Character leveled up to level 27
[pehiwucebez:  20.11.2021, 17:18:19] --> Character leveled up to level 28
[pehiwucebez:  20.11.2021, 17:19:25] --> Character leveled up to level 29
[pehiwucebez:  20.11.2021, 17:20:41] --> Character leveled up to level 30
[pehiwucebez:  20.11.2021, 17:22:11] --> Character leveled up to level 31
[pehiwucebez:  20.11.2021, 17:22:14] --> Bot terminated: Character reached level 31
[vuvakikuraza: 20.11.2021, 17:23:11] --> Bot successfully started
[vuvakikuraza: 20.11.2021, 17:23:11] --> Setting '1' loaded because of active level settings
[vuvakikuraza: 20.11.2021, 17:23:11] --> xxXSASHAXxx appeared
[vuvakikuraza: 20.11.2021, 17:23:15] --> PM recieved from JeuVe : Add P2W#9999 on Discord for payment & info # Fast & Secure 24/7 #
[vuvakikuraza: 20.11.2021, 17:23:18] --> Character went to saleswoman
[vuvakikuraza: 20.11.2021, 17:23:21] --> Character was kicked from the bot, reason: Character was walking
[vuvakikuraza: 20.11.2021, 17:23:35] --> PM recieved from JeuVe : 195 Won - 100 ÊUR
[vuvakikuraza: 20.11.2021, 17:23:37] --> PM recieved from JeuVe : Add P2W#9999 on Discord for payment & info # Fast & Secure 24/7 #
[vuvakikuraza: 20.11.2021, 17:23:53] --> Character was kicked from the bot, reason: Character was walking
[vuvakikuraza: 20.11.2021, 17:24:06] --> Character leveled up to level 2
[vuvakikuraza: 20.11.2021, 17:24:07] --> Character leveled up to level 6
[vuvakikuraza: 20.11.2021, 17:24:08] --> Character leveled up to level 8
[vuvakikuraza: 20.11.2021, 17:24:10] --> Character leveled up to level 9
[vuvakikuraza: 20.11.2021, 17:24:13] --> Character leveled up to level 10
[vuvakikuraza: 20.11.2021, 17:24:15] --> Character leveled up to level 11
[vuvakikuraza: 20.11.2021, 17:24:20] --> Character leveled up to level 12
[vuvakikuraza: 20.11.2021, 17:24:26] --> Character leveled up to level 13
[vuvakikuraza: 20.11.2021, 17:24:43] --> Character leveled up to level 14
[vuvakikuraza: 20.11.2021, 17:24:52] --> Character leveled up to level 15
[vuvakikuraza: 20.11.2021, 17:24:52] --> Setting '2' loaded because of active level settings
[vuvakikuraza: 20.11.2021, 17:25:04] --> Character was kicked from the bot, reason: Character was walking
[vuvakikuraza: 20.11.2021, 17:25:30] --> Character was kicked from the bot, reason: Character was walking
[vuvakikuraza: 20.11.2021, 17:26:11] --> Character leveled up to level 16
[vuvakikuraza: 20.11.2021, 17:26:22] --> Character leveled up to level 17
[vuvakikuraza: 20.11.2021, 17:27:10] --> Character leveled up to level 18
[vuvakikuraza: 20.11.2021, 17:27:55] --> Character leveled up to level 19
[vuvakikuraza: 20.11.2021, 17:29:17] --> Character leveled up to level 20
[vuvakikuraza: 20.11.2021, 17:31:26] --> Character leveled up to level 21
[vuvakikuraza: 20.11.2021, 17:31:57] --> Character leveled up to level 22
[vuvakikuraza: 20.11.2021, 17:32:46] --> Character leveled up to level 23
[vuvakikuraza: 20.11.2021, 17:33:21] --> Character leveled up to level 24
[vuvakikuraza: 20.11.2021, 17:34:13] --> Character leveled up to level 25
[vuvakikuraza: 20.11.2021, 17:35:01] --> Character leveled up to level 26
[vuvakikuraza: 20.11.2021, 17:35:56] --> Character leveled up to level 27
[vuvakikuraza: 20.11.2021, 17:37:08] --> Character leveled up to level 28
[vuvakikuraza: 20.11.2021, 17:38:12] --> Character leveled up to level 29
[vuvakikuraza: 20.11.2021, 17:39:30] --> Character leveled up to level 30
[vuvakikuraza: 20.11.2021, 17:40:57] --> Character leveled up to level 31
[vuvakikuraza: 20.11.2021, 17:40:58] --> Bot terminated: Character reached level 31
[duducuzobed:  20.11.2021, 18:12:34] --> Bot successfully started
[duducuzobed:  26.11.2021, 14:56:41] --> Bot successfully started
[duducuzobed:  26.11.2021, 14:56:41] --> gawipiliki appeared
[duducuzobed:  26.11.2021, 14:56:47] --> Time passed, now going to talk to alchemist: duducuzobed
[duducuzobed:  26.11.2021, 14:56:47] --> Character went to Alchemist: duducuzobed
[duducuzobed:  26.11.2021, 14:56:50] --> Character was kicked from the bot, reason: Character was walking
[duducuzobed:  26.11.2021, 14:57:11] --> Character was kicked from the bot, reason: Character was walking
[duducuzobed:  26.11.2021, 14:57:16] --> Wallapop appeared
[duducuzobed:  26.11.2021, 14:57:34] --> Character was kicked from the bot, reason: Character was walking
[duducuzobed:  26.11.2021, 14:58:11] --> ripevopoda appeared
[duducuzobed:  26.11.2021, 14:58:30] --> Character was kicked from the bot, reason: Character was walking
[duducuzobed:  26.11.2021, 14:58:43] --> PM recieved from ZteS : Add P2W#9999 on Discord for info @ 24/7 Online @ 5 Minute Delivery @
[duducuzobed:  26.11.2021, 14:59:08] --> Character was kicked from the bot, reason: Character was walking
[duducuzobed:  26.11.2021, 15:00:26] --> Character died
[duducuzobed:  26.11.2021, 15:00:49] --> Character died
[duducuzobed:  26.11.2021, 15:01:14] --> Character died
[duducuzobed:  26.11.2021, 15:01:38] --> Character died
[duducuzobed:  26.11.2021, 15:01:58] --> Character died
[duducuzobed:  26.11.2021, 15:02:51] --> wugepemogiri appeared
[duducuzobed:  26.11.2021, 15:05:26] --> IamExcelsus appeared
[duducuzobed:  26.11.2021, 15:05:29] --> IamExcelsus appeared
[duducuzobed:  26.11.2021, 15:05:32] --> 10 shards collected, now going to talk to alchemist: duducuzobed
[duducuzobed:  26.11.2021, 15:05:32] --> Character went to Alchemist: duducuzobed
[duducuzobed:  26.11.2021, 15:06:21] --> Character was kicked from the bot, reason: Character was walking
[duducuzobed:  26.11.2021, 15:06:26] --> ToKuShImARu appeared
[duducuzobed:  26.11.2021, 15:06:44] --> Character was kicked from the bot, reason: Character was walking
[duducuzobed:  26.11.2021, 15:07:18] --> Character was kicked from the bot, reason: Character was walking
[duducuzobed:  26.11.2021, 15:08:03] --> Character leveled up to level 32
[duducuzobed:  26.11.2021, 15:09:31] --> LordWar73 appeared
[duducuzobed:  26.11.2021, 15:12:52] --> IamExcelsus appeared
[duducuzobed:  26.11.2021, 15:12:57] --> IamExcelsus appeared
[duducuzobed:  26.11.2021, 15:12:59] --> Character leveled up to level 33
[duducuzobed:  26.11.2021, 15:14:14] --> IamExcelsus appeared
[duducuzobed:  26.11.2021, 15:16:36] --> IamExcelsus appeared
[duducuzobed:  26.11.2021, 15:16:44] --> IamExcelsus appeared
[duducuzobed:  26.11.2021, 15:17:55] --> IamExcelsus appeared
[duducuzobed:  26.11.2021, 15:18:06] --> Character leveled up to level 34
[duducuzobed:  26.11.2021, 15:19:11] --> IamExcelsus appeared
[duducuzobed:  26.11.2021, 15:20:34] --> IamExcelsus appeared
[duducuzobed:  26.11.2021, 15:21:49] --> IamExcelsus appeared
[duducuzobed:  26.11.2021, 15:23:07] --> IamExcelsus appeared
[duducuzobed:  26.11.2021, 15:23:57] --> Character leveled up to level 35
[duducuzobed:  26.11.2021, 15:24:25] --> IamExcelsus appeared
[duducuzobed:  26.11.2021, 15:30:34] --> Bot successfully started
[duducuzobed:  26.11.2021, 15:30:39] --> Character died
[duducuzobed:  26.11.2021, 15:30:39] --> Time passed, now going to talk to alchemist: duducuzobed
[duducuzobed:  26.11.2021, 15:30:39] --> Character went to Alchemist: duducuzobed
[duducuzobed:  26.11.2021, 15:30:43] --> Character was kicked from the bot, reason: Character was walking
[duducuzobed:  26.11.2021, 15:30:47] --> Character died
[duducuzobed:  26.11.2021, 15:30:52] --> Character died
[duducuzobed:  26.11.2021, 15:31:44] --> wugepemogiri appeared
[duducuzobed:  26.11.2021, 15:32:41] --> wugepemogiri appeared
[duducuzobed:  26.11.2021, 15:33:20] --> Character was kicked from the bot, reason: Character was walking
[duducuzobed:  26.11.2021, 15:33:28] --> wicuzimaka appeared
[duducuzobed:  26.11.2021, 15:33:46] --> Character was kicked from the bot, reason: Character was walking
[duducuzobed:  26.11.2021, 15:34:11] --> IamExcelsus appeared
[duducuzobed:  26.11.2021, 15:36:00] --> wugepemogiri appeared
[duducuzobed:  26.11.2021, 15:36:28] --> wugepemogiri appeared
[duducuzobed:  26.11.2021, 15:36:36] --> wugepemogiri appeared
[duducuzobed:  26.11.2021, 15:36:52] --> wugepemogiri appeared
[duducuzobed:  26.11.2021, 15:39:13] --> wugepemogiri appeared
[duducuzobed:  26.11.2021, 15:39:23] --> wugepemogiri appeared
[duducuzobed:  26.11.2021, 15:39:32] --> wugepemogiri appeared
[duducuzobed:  26.11.2021, 15:40:20] --> wugepemogiri appeared
[duducuzobed:  26.11.2021, 15:40:56] --> wugepemogiri appeared
[duducuzobed:  26.11.2021, 15:41:01] --> Character leveled up to level 36
[duducuzobed:  26.11.2021, 15:41:33] --> Naykol appeared
[duducuzobed:  26.11.2021, 15:41:49] --> Naykol appeared
[duducuzobed:  26.11.2021, 15:41:53] --> Naykol appeared
[duducuzobed:  26.11.2021, 15:42:17] --> Naykol appeared
[duducuzobed:  26.11.2021, 15:42:35] --> Naykol appeared
[duducuzobed:  26.11.2021, 15:44:08] --> wugepemogiri appeared
[duducuzobed:  26.11.2021, 15:44:34] --> wugepemogiri appeared
[duducuzobed:  26.11.2021, 15:44:58] --> wugepemogiri appeared
[duducuzobed:  26.11.2021, 15:46:42] --> wugepemogiri appeared
[duducuzobed:  26.11.2021, 15:46:50] --> wugepemogiri appeared
[duducuzobed:  26.11.2021, 15:47:06] --> wugepemogiri appeared
[duducuzobed:  26.11.2021, 15:47:46] --> wugepemogiri appeared
[duducuzobed:  26.11.2021, 15:48:08] --> wugepemogiri appeared
[duducuzobed:  26.11.2021, 15:49:43] --> Character leveled up to level 37
[duducuzobed:  26.11.2021, 15:49:49] --> wugepemogiri appeared
[duducuzobed:  26.11.2021, 15:50:28] --> wugepemogiri appeared
[duducuzobed:  26.11.2021, 15:52:40] --> wugepemogiri appeared
[duducuzobed:  26.11.2021, 15:52:53] --> wugepemogiri appeared
[duducuzobed:  26.11.2021, 15:53:04] --> wugepemogiri appeared
[duducuzobed:  26.11.2021, 15:53:25] --> wugepemogiri appeared
[duducuzobed:  26.11.2021, 15:53:59] --> wugepemogiri appeared
[duducuzobed:  26.11.2021, 15:55:31] --> wugepemogiri appeared
[duducuzobed:  26.11.2021, 15:55:52] --> wugepemogiri appeared
[duducuzobed:  26.11.2021, 15:56:22] --> wugepemogiri appeared
[duducuzobed:  26.11.2021, 15:56:43] --> wugepemogiri appeared
[duducuzobed:  26.11.2021, 15:56:48] --> wugepemogiri appeared
[duducuzobed:  26.11.2021, 15:58:45] --> wugepemogiri appeared
[duducuzobed:  26.11.2021, 15:59:12] --> Char changed: No dragon cors and shards collected since 20 minutes
[duducuzobed:  26.11.2021, 15:59:12] --> Character was kicked from the bot, reason: Changing character
[wefezacarak:  26.11.2021, 15:59:44] --> pifozovoka appeared
[wefezacarak:  26.11.2021, 15:59:49] --> Time passed, now going to talk to alchemist: wefezacarak
[wefezacarak:  26.11.2021, 15:59:49] --> Character went to Alchemist: wefezacarak
[wefezacarak:  26.11.2021, 16:00:16] --> Character was kicked from the bot, reason: Character was walking
[wefezacarak:  26.11.2021, 16:00:21] --> xFloydx appeared
[wefezacarak:  26.11.2021, 16:00:39] --> Character was kicked from the bot, reason: Character was walking
[wefezacarak:  26.11.2021, 16:01:17] --> wugepemogiri appeared
[wefezacarak:  26.11.2021, 16:01:36] --> wugepemogiri appeared
[wefezacarak:  26.11.2021, 16:02:05] --> wugepemogiri appeared
[wefezacarak:  26.11.2021, 16:02:22] --> wugepemogiri appeared
[wefezacarak:  26.11.2021, 16:04:27] --> wugepemogiri appeared
[wefezacarak:  26.11.2021, 16:04:35] --> wugepemogiri appeared
[wefezacarak:  26.11.2021, 16:05:08] --> wugepemogiri appeared
[wefezacarak:  26.11.2021, 16:05:27] --> wugepemogiri appeared
[wefezacarak:  26.11.2021, 16:06:23] --> Character leveled up to level 32
[wefezacarak:  26.11.2021, 16:07:08] --> wugepemogiri appeared
[wefezacarak:  26.11.2021, 16:07:16] --> wugepemogiri appeared
[wefezacarak:  26.11.2021, 16:07:27] --> wugepemogiri appeared
[wefezacarak:  26.11.2021, 16:07:44] --> 10 shards collected, now going to talk to alchemist: wefezacarak
[wefezacarak:  26.11.2021, 16:07:44] --> Character went to Alchemist: wefezacarak
[wefezacarak:  26.11.2021, 16:07:47] --> Character got kick
[wefezacarak:  26.11.2021, 16:08:35] --> Character was kicked from the bot, reason: Character was walking
[wefezacarak:  26.11.2021, 16:08:41] --> xFloydx appeared
[wefezacarak:  26.11.2021, 16:08:58] --> Character was kicked from the bot, reason: Character was walking
[wefezacarak:  26.11.2021, 16:10:03] --> wugepemogiri appeared
[wefezacarak:  26.11.2021, 16:10:17] --> wugepemogiri appeared
[wefezacarak:  26.11.2021, 16:10:46] --> savixino appeared
[wefezacarak:  26.11.2021, 16:11:53] --> savixino appeared
[wefezacarak:  26.11.2021, 16:11:55] --> savixino appeared
[wefezacarak:  26.11.2021, 16:12:41] --> savixino appeared
[wefezacarak:  26.11.2021, 16:13:13] --> wugepemogiri appeared
[wefezacarak:  26.11.2021, 16:13:26] --> savixino appeared
[wefezacarak:  26.11.2021, 16:14:01] --> wugepemogiri appeared
[wefezacarak:  26.11.2021, 16:15:21] --> Character leveled up to level 33
[wefezacarak:  26.11.2021, 16:16:53] --> wugepemogiri appeared
[wefezacarak:  26.11.2021, 16:17:02] --> wugepemogiri appeared
[wefezacarak:  26.11.2021, 16:17:08] --> wugepemogiri appeared
[wefezacarak:  26.11.2021, 16:17:41] --> wugepemogiri appeared
[wefezacarak:  26.11.2021, 16:17:44] --> wugepemogiri appeared
[wefezacarak:  26.11.2021, 16:17:55] --> wugepemogiri appeared
[wefezacarak:  26.11.2021, 16:20:40] --> Character leveled up to level 34
[wefezacarak:  26.11.2021, 16:26:24] --> Character leveled up to level 35
[wefezacarak:  26.11.2021, 16:32:28] --> Character was kicked from the bot, reason: Changing character
[wefezacarak:  26.11.2021, 16:32:29] --> Char changed: 5 dragon cors collected, total cor count: 5
[wefezacarak:  26.11.2021, 16:32:59] --> begisupizaf appeared
[fekuzolazebu: 26.11.2021, 16:33:05] --> Time passed, now going to talk to alchemist: fekuzolazebu
[fekuzolazebu: 26.11.2021, 16:33:05] --> Character went to Alchemist: fekuzolazebu
[fekuzolazebu: 26.11.2021, 16:33:09] --> Character was kicked from the bot, reason: Character was walking
[fekuzolazebu: 26.11.2021, 16:33:29] --> Character was kicked from the bot, reason: Character was walking
[fekuzolazebu: 26.11.2021, 16:33:33] --> T0RR0NE appeared
[fekuzolazebu: 26.11.2021, 16:33:52] --> Character was kicked from the bot, reason: Character was walking
[fekuzolazebu: 26.11.2021, 16:38:51] --> 10 shards collected, now going to talk to alchemist: fekuzolazebu
[fekuzolazebu: 26.11.2021, 16:38:51] --> Character went to Alchemist: fekuzolazebu
[fekuzolazebu: 26.11.2021, 16:38:58] --> razupebumuk appeared
[fekuzolazebu: 26.11.2021, 16:39:15] --> Character was kicked from the bot, reason: Character was walking
[fekuzolazebu: 26.11.2021, 16:39:21] --> Wallapop appeared
[fekuzolazebu: 26.11.2021, 16:39:39] --> Character was kicked from the bot, reason: Character was walking
[fekuzolazebu: 26.11.2021, 16:41:21] --> Character leveled up to level 32
[fekuzolazebu: 26.11.2021, 16:47:34] --> Character leveled up to level 33
[fekuzolazebu: 26.11.2021, 16:54:38] --> Bot successfully started
[fekuzolazebu: 26.11.2021, 16:55:08] --> Character leveled up to level 34
[fekuzolazebu: 26.11.2021, 16:57:53] --> Char changed: 5 dragon cors collected, total cor count: 5
[fekuzolazebu: 26.11.2021, 16:57:53] --> Character was kicked from the bot, reason: Changing character
[fekuzolazebu: 26.11.2021, 16:57:59] --> runesizifa appeared
[pehiwucebez:  26.11.2021, 16:58:05] --> Time passed, now going to talk to alchemist: pehiwucebez
[pehiwucebez:  26.11.2021, 16:58:05] --> Character went to Alchemist: pehiwucebez
[pehiwucebez:  26.11.2021, 16:58:08] --> Character was kicked from the bot, reason: Character was walking
[pehiwucebez:  26.11.2021, 16:58:29] --> Character was kicked from the bot, reason: Character was walking
[pehiwucebez:  26.11.2021, 16:58:35] --> SPAIKMAN appeared
[pehiwucebez:  26.11.2021, 16:58:52] --> Character was kicked from the bot, reason: Character was walking
[pehiwucebez:  26.11.2021, 16:59:31] --> gilea appeared
[pehiwucebez:  26.11.2021, 17:03:31] --> Character leveled up to level 32
[pehiwucebez:  26.11.2021, 17:03:56] --> 10 shards collected, now going to talk to alchemist: pehiwucebez
[pehiwucebez:  26.11.2021, 17:03:56] --> Character went to Alchemist: pehiwucebez
[pehiwucebez:  26.11.2021, 17:04:19] --> Character was kicked from the bot, reason: Character was walking
[pehiwucebez:  26.11.2021, 17:04:25] --> PUCCIPUC appeared
[pehiwucebez:  26.11.2021, 17:04:42] --> Character was kicked from the bot, reason: Character was walking
[pehiwucebez:  26.11.2021, 17:09:14] --> Character leveled up to level 33
[pehiwucebez:  26.11.2021, 17:13:51] --> mec1 appeared
[pehiwucebez:  26.11.2021, 17:14:00] --> mec1 appeared
[pehiwucebez:  26.11.2021, 17:14:12] --> mec1 appeared
[pehiwucebez:  26.11.2021, 17:14:15] --> Character leveled up to level 34
[pehiwucebez:  26.11.2021, 17:20:15] --> Character leveled up to level 35
[pehiwucebez:  26.11.2021, 17:22:51] --> Char changed: 5 dragon cors collected, total cor count: 5
[pehiwucebez:  26.11.2021, 17:22:51] --> Character was kicked from the bot, reason: Changing character
[vuvakikuraza: 26.11.2021, 17:23:27] --> Time passed, now going to talk to alchemist: vuvakikuraza
[vuvakikuraza: 26.11.2021, 17:23:27] --> Character went to Alchemist: vuvakikuraza
[vuvakikuraza: 26.11.2021, 17:23:53] --> Character was kicked from the bot, reason: Character was walking
[vuvakikuraza: 26.11.2021, 17:23:58] --> SPAIKMAN appeared
[vuvakikuraza: 26.11.2021, 17:24:17] --> Character was kicked from the bot, reason: Character was walking
[vuvakikuraza: 26.11.2021, 17:24:34] --> bekakuworu appeared
[vuvakikuraza: 26.11.2021, 17:28:34] --> 10 shards collected, now going to talk to alchemist: vuvakikuraza
[vuvakikuraza: 26.11.2021, 17:28:34] --> Character went to Alchemist: vuvakikuraza
[vuvakikuraza: 26.11.2021, 17:29:17] --> Character was kicked from the bot, reason: Character was walking
[vuvakikuraza: 26.11.2021, 17:29:22] --> Wallapop appeared
[vuvakikuraza: 26.11.2021, 17:29:40] --> Character was kicked from the bot, reason: Character was walking
[vuvakikuraza: 26.11.2021, 17:30:36] --> Character leveled up to level 32
[vuvakikuraza: 26.11.2021, 17:35:12] --> Character leveled up to level 33
[vuvakikuraza: 26.11.2021, 17:40:54] --> Character leveled up to level 34
[vuvakikuraza: 26.11.2021, 17:47:00] --> Character leveled up to level 35
[vuvakikuraza: 26.11.2021, 17:52:07] --> Bot terminated: 5 dragon cors collected, total cor count: 5
[vuvakikuraza: 27.11.2021, 00:23:02] --> Bot successfully started
[vuvakikuraza: 27.11.2021, 00:25:49] --> Character was kicked from the bot, reason: Changing character
[vuvakikuraza: 27.11.2021, 00:25:53] --> Character leveled up to level 37
[duducuzobed:  27.11.2021, 00:27:42] --> Character was kicked from the bot, reason: Changing character
[wefezacarak:  27.11.2021, 00:29:30] --> Character was kicked from the bot, reason: Changing character
[fekuzolazebu: 27.11.2021, 00:31:08] --> Character was kicked from the bot, reason: Changing character
[fekuzolazebu: 27.11.2021, 00:31:12] --> Character leveled up to level 35
[pehiwucebez:  27.11.2021, 00:32:59] --> Character was kicked from the bot, reason: Changing character
[vuvakikuraza: 27.11.2021, 00:34:03] --> puzumupufi appeared
[duducuzobed:  27.11.2021, 03:10:54] --> Bot successfully started
[duducuzobed:  27.11.2021, 03:11:00] --> Time passed, now going to talk to alchemist: duducuzobed
[duducuzobed:  27.11.2021, 03:11:00] --> Character went to Alchemist: duducuzobed
[duducuzobed:  27.11.2021, 03:11:17] --> faccionumer4 appeared
[duducuzobed:  27.11.2021, 03:11:23] --> Character was kicked from the bot, reason: Character was walking
[duducuzobed:  27.11.2021, 03:11:28] --> zarebocimow appeared
[duducuzobed:  27.11.2021, 03:11:45] --> Character was kicked from the bot, reason: Character was walking
[duducuzobed:  27.11.2021, 03:12:24] --> kezalanufovi appeared
[duducuzobed:  27.11.2021, 03:12:39] --> kezalanufovi appeared
[duducuzobed:  27.11.2021, 03:13:39] --> kezalanufovi appeared
[duducuzobed:  27.11.2021, 03:14:45] --> kezalanufovi appeared
[duducuzobed:  27.11.2021, 03:15:14] --> Character leveled up to level 38
[duducuzobed:  27.11.2021, 03:15:54] --> kezalanufovi appeared
[duducuzobed:  27.11.2021, 03:15:59] --> kezalanufovi appeared
[duducuzobed:  27.11.2021, 03:16:01] --> kezalanufovi appeared
[duducuzobed:  27.11.2021, 03:16:26] --> kezalanufovi appeared
[duducuzobed:  27.11.2021, 03:16:58] --> kezalanufovi appeared
[duducuzobed:  27.11.2021, 03:18:16] --> kezalanufovi appeared
[duducuzobed:  27.11.2021, 03:18:38] --> kezalanufovi appeared
[duducuzobed:  27.11.2021, 03:19:18] --> kezalanufovi appeared
[duducuzobed:  27.11.2021, 03:19:39] --> kezalanufovi appeared
[duducuzobed:  27.11.2021, 03:20:12] --> kezalanufovi appeared
[duducuzobed:  27.11.2021, 03:20:30] --> kezalanufovi appeared
[duducuzobed:  27.11.2021, 03:20:36] --> Zaghito appeared
[duducuzobed:  27.11.2021, 03:21:05] --> Zaghito appeared
[duducuzobed:  27.11.2021, 03:21:47] --> Zaghito appeared
[duducuzobed:  27.11.2021, 03:22:04] --> Character died
[duducuzobed:  27.11.2021, 03:22:25] --> Character died
[duducuzobed:  27.11.2021, 03:23:31] --> Zaghito appeared
[duducuzobed:  27.11.2021, 03:24:28] --> Zaghito appeared
[duducuzobed:  27.11.2021, 03:24:50] --> Zaghito appeared
[duducuzobed:  27.11.2021, 03:24:53] --> Character died
[duducuzobed:  27.11.2021, 03:25:13] --> Character died
[duducuzobed:  27.11.2021, 03:26:19] --> zazuribudape appeared
[duducuzobed:  27.11.2021, 03:27:06] --> zazuribudape appeared
[duducuzobed:  27.11.2021, 03:27:23] --> Character leveled up to level 39
[duducuzobed:  27.11.2021, 03:27:29] --> zazuribudape appeared
[duducuzobed:  27.11.2021, 03:28:06] --> zazuribudape appeared
[duducuzobed:  27.11.2021, 03:28:30] --> zazuribudape appeared
[duducuzobed:  27.11.2021, 03:28:41] --> zazuribudape appeared
[duducuzobed:  27.11.2021, 03:29:00] --> zazuribudape appeared
[duducuzobed:  27.11.2021, 03:29:19] --> zazuribudape appeared
[duducuzobed:  27.11.2021, 03:29:57] --> zazuribudape appeared
[duducuzobed:  27.11.2021, 03:30:17] --> zazuribudape appeared
[duducuzobed:  27.11.2021, 03:30:32] --> zazuribudape appeared
[duducuzobed:  27.11.2021, 03:30:43] --> zazuribudape appeared
[duducuzobed:  27.11.2021, 03:30:56] --> zazuribudape appeared
[duducuzobed:  27.11.2021, 03:31:31] --> zazuribudape appeared
[duducuzobed:  27.11.2021, 03:32:30] --> zazuribudape appeared
[duducuzobed:  27.11.2021, 03:33:13] --> zazuribudape appeared
[duducuzobed:  27.11.2021, 03:33:38] --> zazuribudape appeared
[duducuzobed:  27.11.2021, 03:33:55] --> zazuribudape appeared
[duducuzobed:  27.11.2021, 03:34:03] --> zazuribudape appeared
[duducuzobed:  27.11.2021, 03:34:17] --> zazuribudape appeared
[duducuzobed:  27.11.2021, 03:34:47] --> zazuribudape appeared
[duducuzobed:  27.11.2021, 03:35:17] --> zazuribudape appeared
[duducuzobed:  27.11.2021, 03:36:27] --> zazuribudape appeared
[duducuzobed:  27.11.2021, 03:36:34] --> zazuribudape appeared
[duducuzobed:  27.11.2021, 03:36:58] --> zazuribudape appeared
[duducuzobed:  27.11.2021, 03:37:28] --> zazuribudape appeared
[duducuzobed:  27.11.2021, 03:37:37] --> zazuribudape appeared
[duducuzobed:  27.11.2021, 03:37:50] --> zazuribudape appeared
[duducuzobed:  27.11.2021, 03:38:22] --> zazuribudape appeared
[duducuzobed:  27.11.2021, 03:38:46] --> zazuribudape appeared
[duducuzobed:  27.11.2021, 03:39:07] --> zazuribudape appeared
[duducuzobed:  27.11.2021, 03:39:48] --> zazuribudape appeared
[duducuzobed:  27.11.2021, 03:40:08] --> zazuribudape appeared
[duducuzobed:  27.11.2021, 03:41:00] --> zazuribudape appeared
[duducuzobed:  27.11.2021, 03:41:19] --> zazuribudape appeared
[duducuzobed:  27.11.2021, 03:41:59] --> zazuribudape appeared
[duducuzobed:  27.11.2021, 03:42:23] --> zazuribudape appeared
[duducuzobed:  27.11.2021, 03:43:11] --> zazuribudape appeared
[duducuzobed:  27.11.2021, 03:43:30] --> Character leveled up to level 40
[duducuzobed:  27.11.2021, 03:44:10] --> zazuribudape appeared
[duducuzobed:  27.11.2021, 03:44:22] --> zazuribudape appeared
[duducuzobed:  27.11.2021, 03:44:31] --> zazuribudape appeared
[duducuzobed:  27.11.2021, 03:45:25] --> zazuribudape appeared
[duducuzobed:  27.11.2021, 03:45:33] --> zazuribudape appeared
[duducuzobed:  27.11.2021, 03:46:15] --> zazuribudape appeared
[duducuzobed:  27.11.2021, 03:46:22] --> zazuribudape appeared
[duducuzobed:  27.11.2021, 03:47:56] --> zazuribudape appeared
[duducuzobed:  27.11.2021, 03:47:58] --> Char changed: 5 dragon cors collected, total cor count: 10
[duducuzobed:  27.11.2021, 03:47:59] --> Character was kicked from the bot, reason: Changing character
[wefezacarak:  27.11.2021, 03:48:34] --> Time passed, now going to talk to alchemist: wefezacarak
[wefezacarak:  27.11.2021, 03:48:34] --> Character went to Alchemist: wefezacarak
[wefezacarak:  27.11.2021, 03:49:00] --> kolomavuraco appeared
[wefezacarak:  27.11.2021, 03:49:17] --> Character was kicked from the bot, reason: Character was walking
[wefezacarak:  27.11.2021, 03:49:23] --> IrideNero appeared
[wefezacarak:  27.11.2021, 03:49:42] --> Character was kicked from the bot, reason: Character was walking
[wefezacarak:  27.11.2021, 03:50:34] --> Character leveled up to level 36
[wefezacarak:  27.11.2021, 03:57:31] --> Character leveled up to level 37
[wefezacarak:  27.11.2021, 03:58:00] --> nugivizonike appeared
[wefezacarak:  27.11.2021, 03:58:08] --> nugivizonike appeared
[wefezacarak:  27.11.2021, 03:58:30] --> nugivizonike appeared
[wefezacarak:  27.11.2021, 03:58:52] --> nugivizonike appeared
[wefezacarak:  27.11.2021, 04:01:04] --> nugivizonike appeared
[wefezacarak:  27.11.2021, 04:02:24] --> nugivizonike appeared
[wefezacarak:  27.11.2021, 04:02:32] --> nugivizonike appeared
[wefezacarak:  27.11.2021, 04:04:43] --> nugivizonike appeared
[wefezacarak:  27.11.2021, 04:06:14] --> nugivizonike appeared
[wefezacarak:  27.11.2021, 04:06:37] --> Character leveled up to level 38
[wefezacarak:  27.11.2021, 04:08:25] --> nugivizonike appeared
[wefezacarak:  27.11.2021, 04:08:25] --> Char changed: 5 dragon cors collected, total cor count: 10
[wefezacarak:  27.11.2021, 04:08:26] --> Character was kicked from the bot, reason: Changing character
[fekuzolazebu: 27.11.2021, 04:09:01] --> Time passed, now going to talk to alchemist: fekuzolazebu
[fekuzolazebu: 27.11.2021, 04:09:01] --> Character went to Alchemist: fekuzolazebu
[fekuzolazebu: 27.11.2021, 04:09:09] --> kolomavuraco appeared
[fekuzolazebu: 27.11.2021, 04:09:23] --> Character was kicked from the bot, reason: Character was walking
[fekuzolazebu: 27.11.2021, 04:09:46] --> Character was kicked from the bot, reason: Character was walking
[fekuzolazebu: 27.11.2021, 04:12:05] --> nugivizonike appeared
[fekuzolazebu: 27.11.2021, 04:13:35] --> nugivizonike appeared
[fekuzolazebu: 27.11.2021, 04:14:58] --> Character leveled up to level 35
[fekuzolazebu: 27.11.2021, 04:15:41] --> nugivizonike appeared
[fekuzolazebu: 27.11.2021, 04:15:45] --> nugivizonike appeared
[fekuzolazebu: 27.11.2021, 04:16:00] --> nugivizonike appeared
[fekuzolazebu: 27.11.2021, 04:17:04] --> nugivizonike appeared
[fekuzolazebu: 27.11.2021, 04:17:13] --> nugivizonike appeared
[fekuzolazebu: 27.11.2021, 04:19:24] --> nugivizonike appeared
[fekuzolazebu: 27.11.2021, 04:20:55] --> nugivizonike appeared
[fekuzolazebu: 27.11.2021, 04:21:21] --> pikecafecoha appeared
[fekuzolazebu: 27.11.2021, 04:23:16] --> Character leveled up to level 36
[fekuzolazebu: 27.11.2021, 04:23:22] --> lezevudafat appeared
[fekuzolazebu: 27.11.2021, 04:24:01] --> pikecafecoha appeared
[fekuzolazebu: 27.11.2021, 04:24:08] --> lezevudafat appeared
[fekuzolazebu: 27.11.2021, 04:24:22] --> pikecafecoha appeared
[fekuzolazebu: 27.11.2021, 04:24:34] --> lezevudafat appeared
[fekuzolazebu: 27.11.2021, 04:25:22] --> lezevudafat appeared
[fekuzolazebu: 27.11.2021, 04:25:36] --> lezevudafat appeared
[fekuzolazebu: 27.11.2021, 04:26:08] --> lezevudafat appeared
[fekuzolazebu: 27.11.2021, 04:26:32] --> pikecafecoha appeared
[fekuzolazebu: 27.11.2021, 04:26:38] --> pikecafecoha appeared
[fekuzolazebu: 27.11.2021, 04:26:45] --> lezevudafat appeared
[fekuzolazebu: 27.11.2021, 04:26:52] --> lezevudafat appeared
[fekuzolazebu: 27.11.2021, 04:27:11] --> lezevudafat appeared
[fekuzolazebu: 27.11.2021, 04:27:20] --> lezevudafat appeared
[fekuzolazebu: 27.11.2021, 04:27:48] --> lezevudafat appeared
[fekuzolazebu: 27.11.2021, 04:27:53] --> lezevudafat appeared
[fekuzolazebu: 27.11.2021, 04:28:12] --> lezevudafat appeared
[fekuzolazebu: 27.11.2021, 04:29:06] --> lezevudafat appeared
[fekuzolazebu: 27.11.2021, 04:29:29] --> lezevudafat appeared
[fekuzolazebu: 27.11.2021, 04:30:11] --> lezevudafat appeared
[fekuzolazebu: 27.11.2021, 04:30:32] --> lezevudafat appeared
[fekuzolazebu: 27.11.2021, 04:31:21] --> lezevudafat appeared
[fekuzolazebu: 27.11.2021, 04:31:43] --> lezevudafat appeared
[fekuzolazebu: 27.11.2021, 04:32:21] --> lezevudafat appeared
[fekuzolazebu: 27.11.2021, 04:32:46] --> lezevudafat appeared
[fekuzolazebu: 27.11.2021, 04:33:35] --> lezevudafat appeared
[fekuzolazebu: 27.11.2021, 04:34:33] --> lezevudafat appeared
[fekuzolazebu: 27.11.2021, 04:34:54] --> lezevudafat appeared
[fekuzolazebu: 27.11.2021, 04:35:13] --> lezevudafat appeared
[fekuzolazebu: 27.11.2021, 04:38:13] --> lezevudafat appeared
[fekuzolazebu: 27.11.2021, 04:38:19] --> redavanutoke appeared
[fekuzolazebu: 27.11.2021, 04:40:22] --> Bot successfully started
[fekuzolazebu: 27.11.2021, 04:40:23] --> redavanutoke appeared
[fekuzolazebu: 27.11.2021, 04:41:09] --> Character leveled up to level 37
[fekuzolazebu: 27.11.2021, 04:41:13] --> redavanutoke appeared
[fekuzolazebu: 27.11.2021, 04:41:38] --> redavanutoke appeared
[fekuzolazebu: 27.11.2021, 04:42:15] --> redavanutoke appeared
[fekuzolazebu: 27.11.2021, 04:42:38] --> redavanutoke appeared
[fekuzolazebu: 27.11.2021, 04:43:08] --> redavanutoke appeared
[fekuzolazebu: 27.11.2021, 04:43:31] --> redavanutoke appeared
[fekuzolazebu: 27.11.2021, 04:43:49] --> redavanutoke appeared
[fekuzolazebu: 27.11.2021, 04:44:06] --> redavanutoke appeared
[fekuzolazebu: 27.11.2021, 04:44:14] --> nugivizonike appeared
[fekuzolazebu: 27.11.2021, 04:44:46] --> nugivizonike appeared
[fekuzolazebu: 27.11.2021, 04:45:02] --> nugivizonike appeared
[fekuzolazebu: 27.11.2021, 04:45:41] --> redavanutoke appeared
[fekuzolazebu: 27.11.2021, 04:46:40] --> redavanutoke appeared
[fekuzolazebu: 27.11.2021, 04:48:15] --> redavanutoke appeared
[fekuzolazebu: 27.11.2021, 04:49:00] --> redavanutoke appeared
[fekuzolazebu: 27.11.2021, 04:49:16] --> redavanutoke appeared
[fekuzolazebu: 27.11.2021, 04:50:56] --> nugivizonike appeared
[fekuzolazebu: 27.11.2021, 04:52:14] --> redavanutoke appeared
[fekuzolazebu: 27.11.2021, 04:52:27] --> nugivizonike appeared
[fekuzolazebu: 27.11.2021, 04:52:43] --> redavanutoke appeared
[fekuzolazebu: 27.11.2021, 04:53:02] --> redavanutoke appeared
[fekuzolazebu: 27.11.2021, 04:53:39] --> redavanutoke appeared
[fekuzolazebu: 27.11.2021, 04:54:01] --> redavanutoke appeared
[fekuzolazebu: 27.11.2021, 04:54:14] --> redavanutoke appeared
[fekuzolazebu: 27.11.2021, 04:54:31] --> redavanutoke appeared
[fekuzolazebu: 27.11.2021, 04:55:14] --> redavanutoke appeared
[fekuzolazebu: 27.11.2021, 04:55:45] --> redavanutoke appeared
[fekuzolazebu: 27.11.2021, 04:56:20] --> redavanutoke appeared
[fekuzolazebu: 27.11.2021, 04:56:48] --> redavanutoke appeared
[fekuzolazebu: 27.11.2021, 04:57:07] --> redavanutoke appeared
[fekuzolazebu: 27.11.2021, 04:58:02] --> redavanutoke appeared
[fekuzolazebu: 27.11.2021, 04:58:10] --> redavanutoke appeared
[fekuzolazebu: 27.11.2021, 04:58:20] --> nugivizonike appeared
[fekuzolazebu: 27.11.2021, 04:58:31] --> redavanutoke appeared
[fekuzolazebu: 27.11.2021, 04:59:11] --> redavanutoke appeared
[fekuzolazebu: 27.11.2021, 04:59:33] --> redavanutoke appeared
[fekuzolazebu: 27.11.2021, 04:59:35] --> Character leveled up to level 38
[fekuzolazebu: 27.11.2021, 04:59:47] --> nugivizonike appeared
[fekuzolazebu: 27.11.2021, 05:00:24] --> redavanutoke appeared
[fekuzolazebu: 27.11.2021, 05:00:44] --> redavanutoke appeared
[fekuzolazebu: 27.11.2021, 05:01:05] --> redavanutoke appeared
[fekuzolazebu: 27.11.2021, 05:01:24] --> redavanutoke appeared
[fekuzolazebu: 27.11.2021, 05:01:50] --> redavanutoke appeared
[fekuzolazebu: 27.11.2021, 05:02:39] --> redavanutoke appeared
[fekuzolazebu: 27.11.2021, 05:02:55] --> Char changed: 5 dragon cors collected, total cor count: 10
[fekuzolazebu: 27.11.2021, 05:02:56] --> Character was kicked from the bot, reason: Changing character
[pehiwucebez:  27.11.2021, 05:03:32] --> Time passed, now going to talk to alchemist: pehiwucebez
[pehiwucebez:  27.11.2021, 05:03:32] --> Character went to Alchemist: pehiwucebez
[pehiwucebez:  27.11.2021, 05:03:57] --> Character was kicked from the bot, reason: Character was walking
[pehiwucebez:  27.11.2021, 05:04:03] --> Jsn004 appeared
[pehiwucebez:  27.11.2021, 05:04:21] --> Character was kicked from the bot, reason: Character was walking
[pehiwucebez:  27.11.2021, 05:04:32] --> zirikuvifafo appeared
[pehiwucebez:  27.11.2021, 05:05:44] --> nugivizonike appeared
[pehiwucebez:  27.11.2021, 05:06:04] --> nugivizonike appeared
[pehiwucebez:  27.11.2021, 05:06:22] --> nugivizonike appeared
[pehiwucebez:  27.11.2021, 05:06:49] --> zubazizuveh appeared
[pehiwucebez:  27.11.2021, 05:07:26] --> zubazizuveh appeared
[pehiwucebez:  27.11.2021, 05:07:32] --> zubazizuveh appeared
[pehiwucebez:  27.11.2021, 05:07:34] --> zubazizuveh appeared
[pehiwucebez:  27.11.2021, 05:07:58] --> zubazizuveh appeared
[pehiwucebez:  27.11.2021, 05:08:32] --> nugivizonike appeared
[pehiwucebez:  27.11.2021, 05:09:04] --> Character leveled up to level 36
[pehiwucebez:  27.11.2021, 05:10:04] --> nugivizonike appeared
[pehiwucebez:  27.11.2021, 05:10:28] --> zubazizuveh appeared
[pehiwucebez:  27.11.2021, 05:10:58] --> zubazizuveh appeared
[pehiwucebez:  27.11.2021, 05:11:06] --> zubazizuveh appeared
[pehiwucebez:  27.11.2021, 05:12:10] --> nugivizonike appeared
[pehiwucebez:  27.11.2021, 05:12:41] --> zubazizuveh appeared
[pehiwucebez:  27.11.2021, 05:13:26] --> zubazizuveh appeared
[pehiwucebez:  27.11.2021, 05:13:41] --> nugivizonike appeared
[pehiwucebez:  27.11.2021, 05:13:52] --> zubazizuveh appeared
[pehiwucebez:  27.11.2021, 05:14:01] --> zubazizuveh appeared
[pehiwucebez:  27.11.2021, 05:14:14] --> zubazizuveh appeared
[pehiwucebez:  27.11.2021, 05:14:49] --> zubazizuveh appeared
[pehiwucebez:  27.11.2021, 05:15:10] --> zubazizuveh appeared
[pehiwucebez:  27.11.2021, 05:15:33] --> zubazizuveh appeared
[pehiwucebez:  27.11.2021, 05:16:13] --> zubazizuveh appeared
[pehiwucebez:  27.11.2021, 05:16:34] --> zubazizuveh appeared
[pehiwucebez:  27.11.2021, 05:16:54] --> pikecafecoha appeared
[pehiwucebez:  27.11.2021, 05:17:24] --> zubazizuveh appeared
[pehiwucebez:  27.11.2021, 05:17:45] --> zubazizuveh appeared
[pehiwucebez:  27.11.2021, 05:18:04] --> zubazizuveh appeared
[pehiwucebez:  27.11.2021, 05:18:22] --> zubazizuveh appeared
[pehiwucebez:  27.11.2021, 05:18:49] --> zubazizuveh appeared
[pehiwucebez:  27.11.2021, 05:19:38] --> zubazizuveh appeared
[pehiwucebez:  27.11.2021, 05:20:38] --> zubazizuveh appeared
[pehiwucebez:  27.11.2021, 05:20:49] --> zubazizuveh appeared
[pehiwucebez:  27.11.2021, 05:20:59] --> zubazizuveh appeared
[pehiwucebez:  27.11.2021, 05:21:17] --> zubazizuveh appeared
[pehiwucebez:  27.11.2021, 05:21:24] --> zubazizuveh appeared
[pehiwucebez:  27.11.2021, 05:21:42] --> Character leveled up to level 37
[pehiwucebez:  27.11.2021, 05:21:50] --> zubazizuveh appeared
[pehiwucebez:  27.11.2021, 05:21:53] --> zubazizuveh appeared
[pehiwucebez:  27.11.2021, 05:22:01] --> zubazizuveh appeared
[pehiwucebez:  27.11.2021, 05:22:38] --> pikecafecoha appeared
[pehiwucebez:  27.11.2021, 05:22:50] --> zubazizuveh appeared
[pehiwucebez:  27.11.2021, 05:24:25] --> zubazizuveh appeared
[pehiwucebez:  27.11.2021, 05:25:11] --> zubazizuveh appeared
[pehiwucebez:  27.11.2021, 05:25:28] --> zubazizuveh appeared
[pehiwucebez:  27.11.2021, 05:26:00] --> zubazizuveh appeared
[pehiwucebez:  27.11.2021, 05:26:19] --> pikecafecoha appeared
[pehiwucebez:  27.11.2021, 05:26:38] --> zubazizuveh appeared
[pehiwucebez:  27.11.2021, 05:26:43] --> zubazizuveh appeared
[pehiwucebez:  27.11.2021, 05:27:01] --> zubazizuveh appeared
[pehiwucebez:  27.11.2021, 05:27:11] --> zubazizuveh appeared
[pehiwucebez:  27.11.2021, 05:27:43] --> zubazizuveh appeared
[pehiwucebez:  27.11.2021, 05:27:46] --> zubazizuveh appeared
[pehiwucebez:  27.11.2021, 05:28:22] --> zubazizuveh appeared
[pehiwucebez:  27.11.2021, 05:28:38] --> pikecafecoha appeared
[pehiwucebez:  27.11.2021, 05:28:50] --> zubazizuveh appeared
[pehiwucebez:  27.11.2021, 05:29:11] --> zubazizuveh appeared
[pehiwucebez:  27.11.2021, 05:29:30] --> zubazizuveh appeared
[pehiwucebez:  27.11.2021, 05:29:49] --> zubazizuveh appeared
[pehiwucebez:  27.11.2021, 05:29:54] --> pikecafecoha appeared
[pehiwucebez:  27.11.2021, 05:30:07] --> zubazizuveh appeared
[pehiwucebez:  27.11.2021, 05:30:32] --> zubazizuveh appeared
[pehiwucebez:  27.11.2021, 05:30:46] --> zubazizuveh appeared
[pehiwucebez:  27.11.2021, 05:31:31] --> Char changed: 5 dragon cors collected, total cor count: 10
[pehiwucebez:  27.11.2021, 05:31:32] --> Character was kicked from the bot, reason: Changing character
[vuvakikuraza: 27.11.2021, 05:32:07] --> Time passed, now going to talk to alchemist: vuvakikuraza
[vuvakikuraza: 27.11.2021, 05:32:07] --> Character went to Alchemist: vuvakikuraza
[vuvakikuraza: 27.11.2021, 05:32:19] --> Iiwuopx2 appeared
[vuvakikuraza: 27.11.2021, 05:32:28] --> zuvegugeni appeared
[vuvakikuraza: 27.11.2021, 05:32:32] --> Character was kicked from the bot, reason: Character was walking
[vuvakikuraza: 27.11.2021, 05:32:45] --> bemuwidade appeared
[vuvakikuraza: 27.11.2021, 05:32:55] --> Character was kicked from the bot, reason: Character was walking
[vuvakikuraza: 27.11.2021, 05:33:28] --> pikecafecoha appeared
[vuvakikuraza: 27.11.2021, 05:33:33] --> pikecafecoha appeared
[vuvakikuraza: 27.11.2021, 05:33:42] --> pikecafecoha appeared
[vuvakikuraza: 27.11.2021, 05:34:26] --> bemuwidade appeared
[vuvakikuraza: 27.11.2021, 05:34:57] --> bemuwidade appeared
[vuvakikuraza: 27.11.2021, 05:35:03] --> bemuwidade appeared
[vuvakikuraza: 27.11.2021, 05:35:20] --> bemuwidade appeared
[vuvakikuraza: 27.11.2021, 05:35:24] --> Character leveled up to level 36
[vuvakikuraza: 27.11.2021, 05:35:50] --> pikecafecoha appeared
[vuvakikuraza: 27.11.2021, 05:36:17] --> bemuwidade appeared
[vuvakikuraza: 27.11.2021, 05:36:37] --> bemuwidade appeared
[vuvakikuraza: 27.11.2021, 05:37:11] --> pikecafecoha appeared
[vuvakikuraza: 27.11.2021, 05:37:18] --> pikecafecoha appeared
[vuvakikuraza: 27.11.2021, 05:37:38] --> bemuwidade appeared
[vuvakikuraza: 27.11.2021, 05:38:27] --> bemuwidade appeared
[vuvakikuraza: 27.11.2021, 05:38:52] --> bemuwidade appeared
[vuvakikuraza: 27.11.2021, 05:39:28] --> bemuwidade appeared
[vuvakikuraza: 27.11.2021, 05:39:52] --> bemuwidade appeared
[vuvakikuraza: 27.11.2021, 05:40:22] --> bemuwidade appeared
[vuvakikuraza: 27.11.2021, 05:40:43] --> bemuwidade appeared
[vuvakikuraza: 27.11.2021, 05:41:19] --> bemuwidade appeared
[vuvakikuraza: 27.11.2021, 05:41:40] --> bemuwidade appeared
[vuvakikuraza: 27.11.2021, 05:42:05] --> bemuwidade appeared
[vuvakikuraza: 27.11.2021, 05:42:18] --> bemuwidade appeared
[vuvakikuraza: 27.11.2021, 05:42:54] --> bemuwidade appeared
[vuvakikuraza: 27.11.2021, 05:43:54] --> bemuwidade appeared
[vuvakikuraza: 27.11.2021, 05:44:37] --> bemuwidade appeared
[vuvakikuraza: 27.11.2021, 05:45:27] --> bemuwidade appeared
[vuvakikuraza: 27.11.2021, 05:46:13] --> bemuwidade appeared
[vuvakikuraza: 27.11.2021, 05:46:30] --> bemuwidade appeared
[vuvakikuraza: 27.11.2021, 05:46:52] --> bemuwidade appeared
[vuvakikuraza: 27.11.2021, 05:47:01] --> bemuwidade appeared
[vuvakikuraza: 27.11.2021, 05:47:07] --> bemuwidade appeared
[vuvakikuraza: 27.11.2021, 05:47:34] --> bemuwidade appeared
[vuvakikuraza: 27.11.2021, 05:47:37] --> Character leveled up to level 37
[vuvakikuraza: 27.11.2021, 05:48:43] --> bemuwidade appeared
[vuvakikuraza: 27.11.2021, 05:49:53] --> bemuwidade appeared
[vuvakikuraza: 27.11.2021, 05:50:00] --> bemuwidade appeared
[vuvakikuraza: 27.11.2021, 05:50:23] --> bemuwidade appeared
[vuvakikuraza: 27.11.2021, 05:50:37] --> sukoluzipom appeared
[vuvakikuraza: 27.11.2021, 05:51:02] --> bemuwidade appeared
[vuvakikuraza: 27.11.2021, 05:51:21] --> bemuwidade appeared
[vuvakikuraza: 27.11.2021, 05:51:23] --> bemuwidade appeared
[vuvakikuraza: 27.11.2021, 05:51:48] --> bemuwidade appeared
[vuvakikuraza: 27.11.2021, 05:52:10] --> bemuwidade appeared
[vuvakikuraza: 27.11.2021, 05:52:34] --> bemuwidade appeared
[vuvakikuraza: 27.11.2021, 05:53:14] --> bemuwidade appeared
[vuvakikuraza: 27.11.2021, 05:53:28] --> sukoluzipom appeared
[vuvakikuraza: 27.11.2021, 05:54:08] --> bemuwidade appeared
[vuvakikuraza: 27.11.2021, 05:54:28] --> bemuwidade appeared
[vuvakikuraza: 27.11.2021, 05:54:50] --> bemuwidade appeared
[vuvakikuraza: 27.11.2021, 05:55:01] --> sukoluzipom appeared
[vuvakikuraza: 27.11.2021, 05:55:09] --> bemuwidade appeared
[vuvakikuraza: 27.11.2021, 05:55:26] --> bemuwidade appeared
[vuvakikuraza: 27.11.2021, 05:55:52] --> bemuwidade appeared
[vuvakikuraza: 27.11.2021, 05:56:05] --> bemuwidade appeared
[vuvakikuraza: 27.11.2021, 05:56:38] --> bemuwidade appeared
[vuvakikuraza: 27.11.2021, 05:57:22] --> sukoluzipom appeared
[vuvakikuraza: 27.11.2021, 05:57:39] --> bemuwidade appeared
[vuvakikuraza: 27.11.2021, 05:57:50] --> bemuwidade appeared
[vuvakikuraza: 27.11.2021, 05:58:45] --> sukoluzipom appeared
[vuvakikuraza: 27.11.2021, 05:59:04] --> bemuwidade appeared
[vuvakikuraza: 27.11.2021, 05:59:52] --> bemuwidade appeared
[vuvakikuraza: 27.11.2021, 06:00:01] --> bemuwidade appeared
[vuvakikuraza: 27.11.2021, 06:00:30] --> bemuwidade appeared
[vuvakikuraza: 27.11.2021, 06:00:42] --> bemuwidade appeared
[vuvakikuraza: 27.11.2021, 06:00:42] --> Character leveled up to level 38
[vuvakikuraza: 27.11.2021, 06:00:55] --> sukoluzipom appeared
[vuvakikuraza: 27.11.2021, 06:01:01] --> bemuwidade appeared
[vuvakikuraza: 27.11.2021, 06:01:04] --> bemuwidade appeared
[vuvakikuraza: 27.11.2021, 06:01:28] --> bemuwidade appeared
[vuvakikuraza: 27.11.2021, 06:01:52] --> bemuwidade appeared
[vuvakikuraza: 27.11.2021, 06:02:14] --> bemuwidade appeared
[vuvakikuraza: 27.11.2021, 06:02:54] --> bemuwidade appeared
[vuvakikuraza: 27.11.2021, 06:03:16] --> bemuwidade appeared
[vuvakikuraza: 27.11.2021, 06:03:49] --> bemuwidade appeared
[vuvakikuraza: 27.11.2021, 06:04:09] --> bemuwidade appeared
[vuvakikuraza: 27.11.2021, 06:04:28] --> bemuwidade appeared
[vuvakikuraza: 27.11.2021, 06:04:47] --> bemuwidade appeared
[vuvakikuraza: 27.11.2021, 06:05:05] --> bemuwidade appeared
[vuvakikuraza: 27.11.2021, 06:05:30] --> bemuwidade appeared
[vuvakikuraza: 27.11.2021, 06:05:41] --> bemuwidade appeared
[vuvakikuraza: 27.11.2021, 06:06:03] --> sukoluzipom appeared
[vuvakikuraza: 27.11.2021, 06:06:50] --> bemuwidade appeared
[vuvakikuraza: 27.11.2021, 06:06:51] --> Bot terminated: 5 dragon cors collected, total cor count: 10
[duducuzobed:  28.11.2021, 03:10:56] --> Bot successfully started
[duducuzobed:  28.11.2021, 03:10:57] --> kezalanufovi appeared
[duducuzobed:  28.11.2021, 03:11:03] --> Character went to saleswoman
[duducuzobed:  28.11.2021, 03:11:38] --> varudavubib appeared
[duducuzobed:  28.11.2021, 03:11:44] --> Character was kicked from the bot, reason: Character was walking
[duducuzobed:  28.11.2021, 03:11:51] --> Anduriel appeared
[duducuzobed:  28.11.2021, 03:12:14] --> Time passed, now going to talk to alchemist: duducuzobed
[duducuzobed:  28.11.2021, 03:12:14] --> Character went to Alchemist: duducuzobed
[duducuzobed:  28.11.2021, 03:12:18] --> PM recieved from ZteS : Add P2W#9999 on Discord for info @ 24/7 Online @ 5 Minute Delivery @
[duducuzobed:  28.11.2021, 03:12:40] --> Character was kicked from the bot, reason: Character was walking
[duducuzobed:  28.11.2021, 03:13:14] --> Character was kicked from the bot, reason: Character was walking
[duducuzobed:  28.11.2021, 03:13:48] --> hacupubobopu appeared
[duducuzobed:  28.11.2021, 03:15:02] --> hacupubobopu appeared
[duducuzobed:  28.11.2021, 03:17:42] --> hacupubobopu appeared
[duducuzobed:  28.11.2021, 03:18:10] --> kezalanufovi appeared
[duducuzobed:  28.11.2021, 03:18:25] --> kezalanufovi appeared
[duducuzobed:  28.11.2021, 03:18:30] --> kezalanufovi appeared
[duducuzobed:  28.11.2021, 03:20:10] --> vufofumihek appeared
[duducuzobed:  28.11.2021, 03:20:39] --> wugepemogiri appeared
[duducuzobed:  28.11.2021, 03:21:23] --> vufofumihek appeared
[duducuzobed:  28.11.2021, 03:22:09] --> Character leveled up to level 41
[duducuzobed:  28.11.2021, 03:22:40] --> vufofumihek appeared
[duducuzobed:  28.11.2021, 03:22:44] --> vufofumihek appeared
[duducuzobed:  28.11.2021, 03:22:49] --> vufofumihek appeared
[duducuzobed:  28.11.2021, 03:23:56] --> vufofumihek appeared
[duducuzobed:  28.11.2021, 03:24:47] --> wugepemogiri appeared
[duducuzobed:  28.11.2021, 03:29:30] --> kezalanufovi appeared
[duducuzobed:  28.11.2021, 03:31:32] --> vufofumihek appeared
[duducuzobed:  28.11.2021, 03:32:43] --> vufofumihek appeared
[duducuzobed:  28.11.2021, 03:33:02] --> Char changed: 5 dragon cors collected, total cor count: 15
[duducuzobed:  28.11.2021, 03:33:03] --> Character was kicked from the bot, reason: Changing character
[duducuzobed:  28.11.2021, 03:33:32] --> zazuribudape appeared
[wefezacarak:  28.11.2021, 03:33:38] --> Character went to saleswoman
[wefezacarak:  28.11.2021, 03:33:41] --> Character was kicked from the bot, reason: Character was walking
[wefezacarak:  28.11.2021, 03:33:47] --> HikoubO appeared
[wefezacarak:  28.11.2021, 03:34:01] --> Character was kicked from the bot, reason: Character was walking
[wefezacarak:  28.11.2021, 03:34:07] --> Anduriel appeared
[wefezacarak:  28.11.2021, 03:34:14] --> PM recieved from ZteS : 40 Won - 25 ÊUR
[wefezacarak:  28.11.2021, 03:34:15] --> PM recieved from ZteS : Add P2W#9999 on Discord for info @ 24/7 Online @ 5 Minute Delivery @
[wefezacarak:  28.11.2021, 03:34:26] --> PM recieved from ZteS : 40 Won - 25 ÊUR
[wefezacarak:  28.11.2021, 03:34:27] --> PM recieved from ZteS : Add P2W#9999 on Discord for info @ 24/7 Online @ 5 Minute Delivery @
[wefezacarak:  28.11.2021, 03:34:33] --> Time passed, now going to talk to alchemist: wefezacarak
[wefezacarak:  28.11.2021, 03:34:33] --> Character went to Alchemist: wefezacarak
[wefezacarak:  28.11.2021, 03:34:59] --> Character was kicked from the bot, reason: Character was walking
[wefezacarak:  28.11.2021, 03:35:33] --> Character was kicked from the bot, reason: Character was walking
[wefezacarak:  28.11.2021, 03:35:37] --> zazuribudape appeared
[wefezacarak:  28.11.2021, 03:39:05] --> sumogaguvol appeared
[wefezacarak:  28.11.2021, 03:40:14] --> sumogaguvol appeared
[wefezacarak:  28.11.2021, 03:40:46] --> wugepemogiri appeared
[wefezacarak:  28.11.2021, 03:41:08] --> zazuribudape appeared
[wefezacarak:  28.11.2021, 03:41:36] --> sumogaguvol appeared
[wefezacarak:  28.11.2021, 03:41:39] --> sumogaguvol appeared
[wefezacarak:  28.11.2021, 03:42:49] --> sumogaguvol appeared
[wefezacarak:  28.11.2021, 03:42:52] --> Character leveled up to level 39
[wefezacarak:  28.11.2021, 03:43:36] --> wugepemogiri appeared
[wefezacarak:  28.11.2021, 03:43:59] --> sumogaguvol appeared
[wefezacarak:  28.11.2021, 03:44:31] --> wugepemogiri appeared
[wefezacarak:  28.11.2021, 03:45:13] --> sumogaguvol appeared
[wefezacarak:  28.11.2021, 03:45:17] --> sumogaguvol appeared
[wefezacarak:  28.11.2021, 03:45:24] --> sumogaguvol appeared
[wefezacarak:  28.11.2021, 03:46:06] --> zazuribudape appeared
[wefezacarak:  28.11.2021, 03:48:19] --> zazuribudape appeared
[wefezacarak:  28.11.2021, 03:48:25] --> zazuribudape appeared
[wefezacarak:  28.11.2021, 03:48:32] --> zazuribudape appeared
[wefezacarak:  28.11.2021, 03:50:20] --> sumogaguvol appeared
[wefezacarak:  28.11.2021, 03:50:47] --> zazuribudape appeared
[wefezacarak:  28.11.2021, 03:50:50] --> zazuribudape appeared
[wefezacarak:  28.11.2021, 03:52:30] --> Character leveled up to level 40
[wefezacarak:  28.11.2021, 03:55:58] --> wugepemogiri appeared
[wefezacarak:  28.11.2021, 03:56:47] --> wuvuzuganof appeared
[wefezacarak:  28.11.2021, 03:58:03] --> wuvuzuganof appeared
[wefezacarak:  28.11.2021, 03:58:08] --> wuvuzuganof appeared
[wefezacarak:  28.11.2021, 03:58:51] --> wugepemogiri appeared
[wefezacarak:  28.11.2021, 03:59:17] --> wuvuzuganof appeared
[wefezacarak:  28.11.2021, 04:00:28] --> wuvuzuganof appeared
[wefezacarak:  28.11.2021, 04:01:49] --> wuvuzuganof appeared
[wefezacarak:  28.11.2021, 04:02:42] --> Character leveled up to level 41
[wefezacarak:  28.11.2021, 04:03:00] --> wuvuzuganof appeared
[wefezacarak:  28.11.2021, 04:03:47] --> Char changed: 5 dragon cors collected, total cor count: 15
[wefezacarak:  28.11.2021, 04:03:48] --> Character was kicked from the bot, reason: Changing character
[fekuzolazebu: 28.11.2021, 04:04:24] --> Character went to saleswoman
[fekuzolazebu: 28.11.2021, 04:04:25] --> lezevudafat appeared
[fekuzolazebu: 28.11.2021, 04:04:33] --> puzumupufi appeared
[fekuzolazebu: 28.11.2021, 04:04:47] --> Character was kicked from the bot, reason: Character was walking
[fekuzolazebu: 28.11.2021, 04:04:53] --> Anduriel appeared
[fekuzolazebu: 28.11.2021, 04:05:16] --> Time passed, now going to talk to alchemist: fekuzolazebu
[fekuzolazebu: 28.11.2021, 04:05:16] --> Character went to Alchemist: fekuzolazebu
[fekuzolazebu: 28.11.2021, 04:05:41] --> Character was kicked from the bot, reason: Character was walking
[fekuzolazebu: 28.11.2021, 04:06:15] --> Character was kicked from the bot, reason: Character was walking
[fekuzolazebu: 28.11.2021, 04:06:50] --> ziduzotusivu appeared
[fekuzolazebu: 28.11.2021, 04:07:41] --> lezevudafat appeared
[fekuzolazebu: 28.11.2021, 04:08:03] --> ziduzotusivu appeared
[fekuzolazebu: 28.11.2021, 04:09:51] --> lezevudafat appeared
[fekuzolazebu: 28.11.2021, 04:11:06] --> wugepemogiri appeared
[fekuzolazebu: 28.11.2021, 04:11:54] --> ziduzotusivu appeared
[fekuzolazebu: 28.11.2021, 04:12:22] --> lezevudafat appeared
[fekuzolazebu: 28.11.2021, 04:12:25] --> lezevudafat appeared
[fekuzolazebu: 28.11.2021, 04:13:12] --> ziduzotusivu appeared
[fekuzolazebu: 28.11.2021, 04:14:25] --> ziduzotusivu appeared
[fekuzolazebu: 28.11.2021, 04:15:44] --> ziduzotusivu appeared
[fekuzolazebu: 28.11.2021, 04:15:57] --> ziduzotusivu appeared
[fekuzolazebu: 28.11.2021, 04:17:01] --> ziduzotusivu appeared
[fekuzolazebu: 28.11.2021, 04:17:06] --> ziduzotusivu appeared
[fekuzolazebu: 28.11.2021, 04:17:32] --> wugepemogiri appeared
[fekuzolazebu: 28.11.2021, 04:18:14] --> ziduzotusivu appeared
[fekuzolazebu: 28.11.2021, 04:19:07] --> lezevudafat appeared
[fekuzolazebu: 28.11.2021, 04:19:14] --> Character leveled up to level 39
[fekuzolazebu: 28.11.2021, 04:21:21] --> redavanutoke appeared
[fekuzolazebu: 28.11.2021, 04:28:09] --> redavanutoke appeared
[fekuzolazebu: 28.11.2021, 04:28:14] --> redavanutoke appeared
[fekuzolazebu: 28.11.2021, 04:28:43] --> Character leveled up to level 40
[fekuzolazebu: 28.11.2021, 04:32:55] --> OzKush98 appeared
[fekuzolazebu: 28.11.2021, 04:33:14] --> wugepemogiri appeared
[fekuzolazebu: 28.11.2021, 04:34:08] --> OzKush98 appeared
[fekuzolazebu: 28.11.2021, 04:34:31] --> OzKush98 appeared
[fekuzolazebu: 28.11.2021, 04:36:47] --> wugepemogiri appeared
[fekuzolazebu: 28.11.2021, 04:38:18] --> Character leveled up to level 41
[fekuzolazebu: 28.11.2021, 04:42:42] --> Char changed: 5 dragon cors collected, total cor count: 15
[fekuzolazebu: 28.11.2021, 04:42:42] --> Character was kicked from the bot, reason: Changing character
[pehiwucebez:  28.11.2021, 04:43:18] --> Character went to saleswoman
[pehiwucebez:  28.11.2021, 04:43:41] --> Character was kicked from the bot, reason: Character was walking
[pehiwucebez:  28.11.2021, 04:43:47] --> Damascu appeared
[pehiwucebez:  28.11.2021, 04:44:12] --> Time passed, now going to talk to alchemist: pehiwucebez
[pehiwucebez:  28.11.2021, 04:44:12] --> Character went to Alchemist: pehiwucebez
[pehiwucebez:  28.11.2021, 04:44:38] --> Character was kicked from the bot, reason: Character was walking
[pehiwucebez:  28.11.2021, 04:45:11] --> Character was kicked from the bot, reason: Character was walking
[pehiwucebez:  28.11.2021, 04:46:14] --> zubazizuveh appeared
[pehiwucebez:  28.11.2021, 04:46:36] --> wugepemogiri appeared
[pehiwucebez:  28.11.2021, 04:47:12] --> Character leveled up to level 38
[pehiwucebez:  28.11.2021, 04:50:19] --> zubazizuveh appeared
[pehiwucebez:  28.11.2021, 04:51:17] --> wugepemogiri appeared
[pehiwucebez:  28.11.2021, 04:52:44] --> zubazizuveh appeared
[pehiwucebez:  28.11.2021, 04:52:50] --> zubazizuveh appeared
[pehiwucebez:  28.11.2021, 04:52:54] --> zubazizuveh appeared
[pehiwucebez:  28.11.2021, 04:55:04] --> zubazizuveh appeared
[pehiwucebez:  28.11.2021, 04:55:22] --> Character leveled up to level 39
[pehiwucebez:  28.11.2021, 05:00:26] --> zubazizuveh appeared
[pehiwucebez:  28.11.2021, 05:00:30] --> zubazizuveh appeared
[pehiwucebez:  28.11.2021, 05:00:34] --> zubazizuveh appeared
[pehiwucebez:  28.11.2021, 05:02:39] --> zubazizuveh appeared
[pehiwucebez:  28.11.2021, 05:04:11] --> Character leveled up to level 40
[pehiwucebez:  28.11.2021, 05:05:08] --> zubazizuveh appeared
[pehiwucebez:  28.11.2021, 05:09:15] --> wugepemogiri appeared
[pehiwucebez:  28.11.2021, 05:09:32] --> Char changed: 5 dragon cors collected, total cor count: 15
[pehiwucebez:  28.11.2021, 05:09:33] --> Character was kicked from the bot, reason: Changing character
[pehiwucebez:  28.11.2021, 05:10:03] --> bemuwidade appeared
[vuvakikuraza: 28.11.2021, 05:10:09] --> Character went to saleswoman
[vuvakikuraza: 28.11.2021, 05:10:42] --> cipuvinetabu appeared
[vuvakikuraza: 28.11.2021, 05:10:48] --> Character was kicked from the bot, reason: Character was walking
[vuvakikuraza: 28.11.2021, 05:11:00] --> PM recieved from ZteS : 40 Won - 25 ÊUR
[vuvakikuraza: 28.11.2021, 05:11:01] --> PM recieved from ZteS : Add P2W#9999 on Discord for info @ 24/7 Online @ 5 Minute Delivery @
[vuvakikuraza: 28.11.2021, 05:11:05] --> PM recieved from ZteS : 88 Won - 50 ÊUR
[vuvakikuraza: 28.11.2021, 05:11:06] --> PM recieved from ZteS : 195 Won - 100 ÊUR
[vuvakikuraza: 28.11.2021, 05:11:07] --> PM recieved from ZteS : Add P2W#9999 on Discord for info @ 24/7 Online @ 5 Minute Delivery @
[vuvakikuraza: 28.11.2021, 05:11:11] --> PM recieved from ZteS : 195 Won - 100 ÊUR
[vuvakikuraza: 28.11.2021, 05:11:12] --> PM recieved from ZteS : Add P2W#9999 on Discord for info @ 24/7 Online @ 5 Minute Delivery @
[vuvakikuraza: 28.11.2021, 05:11:17] --> PM recieved from ZteS : 40 Won - 25 ÊUR
[vuvakikuraza: 28.11.2021, 05:11:18] --> PM recieved from ZteS : Add P2W#9999 on Discord for info @ 24/7 Online @ 5 Minute Delivery @
[vuvakikuraza: 28.11.2021, 05:11:18] --> Time passed, now going to talk to alchemist: vuvakikuraza
[vuvakikuraza: 28.11.2021, 05:11:18] --> Character went to Alchemist: vuvakikuraza
[vuvakikuraza: 28.11.2021, 05:11:22] --> PM recieved from ZteS : 40 Won - 25 ÊUR
[vuvakikuraza: 28.11.2021, 05:11:23] --> PM recieved from ZteS : Add P2W#9999 on Discord for info @ 24/7 Online @ 5 Minute Delivery @
[vuvakikuraza: 28.11.2021, 05:11:43] --> Character was kicked from the bot, reason: Character was walking
[vuvakikuraza: 28.11.2021, 05:12:18] --> Character was kicked from the bot, reason: Character was walking
[vuvakikuraza: 28.11.2021, 05:15:00] --> wugepemogiri appeared
[vuvakikuraza: 28.11.2021, 05:15:25] --> Dressrosa appeared
[vuvakikuraza: 28.11.2021, 05:15:36] --> Dressrosa appeared
[vuvakikuraza: 28.11.2021, 05:16:49] --> Character leveled up to level 39
[vuvakikuraza: 28.11.2021, 05:18:35] --> bebinemure appeared
[vuvakikuraza: 28.11.2021, 05:18:50] --> bemuwidade appeared
[vuvakikuraza: 28.11.2021, 05:19:45] --> wugepemogiri appeared
[vuvakikuraza: 28.11.2021, 05:23:31] --> bemuwidade appeared
[vuvakikuraza: 28.11.2021, 05:25:46] --> Character leveled up to level 40
[vuvakikuraza: 28.11.2021, 05:28:37] --> wugepemogiri appeared
[vuvakikuraza: 28.11.2021, 05:30:02] --> PecorHaze appeared
[vuvakikuraza: 28.11.2021, 05:30:30] --> PecorHaze appeared
[vuvakikuraza: 28.11.2021, 05:30:36] --> PecorHaze appeared
[vuvakikuraza: 28.11.2021, 05:32:44] --> rogokakaneke appeared
[vuvakikuraza: 28.11.2021, 05:32:47] --> rogokakaneke appeared
[vuvakikuraza: 28.11.2021, 05:32:51] --> rogokakaneke appeared
[vuvakikuraza: 28.11.2021, 05:34:55] --> wugepemogiri appeared
[vuvakikuraza: 28.11.2021, 05:35:00] --> rogokakaneke appeared
[vuvakikuraza: 28.11.2021, 05:35:06] --> Character leveled up to level 41
[vuvakikuraza: 28.11.2021, 05:37:23] --> rogokakaneke appeared
[vuvakikuraza: 28.11.2021, 05:37:36] --> Bot terminated: 5 dragon cors collected, total cor count: 15
[duducuzobed:  29.11.2021, 03:10:54] --> Bot successfully started
[duducuzobed:  29.11.2021, 03:11:00] --> Time passed, now going to talk to alchemist: duducuzobed
[duducuzobed:  29.11.2021, 03:11:00] --> Character went to Alchemist: duducuzobed
[duducuzobed:  29.11.2021, 03:11:06] --> Docuvt0 appeared
[duducuzobed:  29.11.2021, 03:11:22] --> Character was kicked from the bot, reason: Character was walking
[duducuzobed:  29.11.2021, 03:11:28] --> ragopuzumoso appeared
[duducuzobed:  29.11.2021, 03:11:44] --> Character was kicked from the bot, reason: Character was walking
[duducuzobed:  29.11.2021, 03:12:21] --> Character was kicked from the bot, reason: Character was walking
[duducuzobed:  29.11.2021, 03:12:56] --> Character leveled up to level 42
[duducuzobed:  29.11.2021, 03:13:18] --> hacupubobopu appeared
[duducuzobed:  29.11.2021, 03:14:32] --> hacupubobopu appeared
[duducuzobed:  29.11.2021, 03:16:26] --> Character got kick
[duducuzobed:  29.11.2021, 03:16:42] --> kezalanufovi appeared
[duducuzobed:  29.11.2021, 03:16:50] --> kezalanufovi appeared
[duducuzobed:  29.11.2021, 03:17:03] --> Character got kick
[duducuzobed:  29.11.2021, 03:17:43] --> vufofumihek appeared
[duducuzobed:  29.11.2021, 03:19:04] --> vufofumihek appeared
[duducuzobed:  29.11.2021, 03:20:18] --> vufofumihek appeared
[duducuzobed:  29.11.2021, 03:23:39] --> kezalanufovi appeared
[duducuzobed:  29.11.2021, 03:25:17] --> vufofumihek appeared
[duducuzobed:  29.11.2021, 03:25:48] --> kezalanufovi appeared
[duducuzobed:  29.11.2021, 03:26:36] --> vufofumihek appeared
[duducuzobed:  29.11.2021, 03:26:42] --> vufofumihek appeared
[duducuzobed:  29.11.2021, 03:27:06] --> Character leveled up to level 43
[duducuzobed:  29.11.2021, 03:27:48] --> vufofumihek appeared
[duducuzobed:  29.11.2021, 03:31:36] --> sumogaguvol appeared
[duducuzobed:  29.11.2021, 03:32:04] --> zazuribudape appeared
[duducuzobed:  29.11.2021, 03:32:13] --> zazuribudape appeared
[duducuzobed:  29.11.2021, 03:32:56] --> sumogaguvol appeared
[duducuzobed:  29.11.2021, 03:33:43] --> Character was kicked from the bot, reason: Changing character
[duducuzobed:  29.11.2021, 03:33:43] --> Char changed: 5 dragon cors collected, total cor count: 20
[duducuzobed:  29.11.2021, 03:34:13] --> Character died
[wefezacarak:  29.11.2021, 03:34:18] --> Time passed, now going to talk to alchemist: wefezacarak
[wefezacarak:  29.11.2021, 03:34:18] --> Character went to Alchemist: wefezacarak
[wefezacarak:  29.11.2021, 03:34:40] --> Character was kicked from the bot, reason: Character was walking
[wefezacarak:  29.11.2021, 03:34:46] --> gevihizetu appeared
[wefezacarak:  29.11.2021, 03:35:03] --> Character was kicked from the bot, reason: Character was walking
[wefezacarak:  29.11.2021, 03:35:37] --> Character was kicked from the bot, reason: Character was walking
[wefezacarak:  29.11.2021, 03:36:09] --> sumogaguvol appeared
[wefezacarak:  29.11.2021, 03:37:28] --> sumogaguvol appeared
[wefezacarak:  29.11.2021, 03:38:41] --> sumogaguvol appeared
[wefezacarak:  29.11.2021, 03:39:59] --> sumogaguvol appeared
[wefezacarak:  29.11.2021, 03:41:12] --> sumogaguvol appeared
[wefezacarak:  29.11.2021, 03:42:08] --> zazuribudape appeared
[wefezacarak:  29.11.2021, 03:43:47] --> wuvuzuganof appeared
[wefezacarak:  29.11.2021, 03:44:18] --> zazuribudape appeared
[wefezacarak:  29.11.2021, 03:45:06] --> wuvuzuganof appeared
[wefezacarak:  29.11.2021, 03:45:53] --> Character leveled up to level 42
[wefezacarak:  29.11.2021, 03:46:15] --> wuvuzuganof appeared
[wefezacarak:  29.11.2021, 03:47:29] --> wuvuzuganof appeared
[wefezacarak:  29.11.2021, 03:47:35] --> wuvuzuganof appeared
[wefezacarak:  29.11.2021, 03:48:24] --> lezevudafat appeared
[wefezacarak:  29.11.2021, 03:48:29] --> lezevudafat appeared
[wefezacarak:  29.11.2021, 03:48:48] --> wuvuzuganof appeared
[wefezacarak:  29.11.2021, 03:50:00] --> wuvuzuganof appeared
[wefezacarak:  29.11.2021, 03:50:52] --> lezevudafat appeared
[wefezacarak:  29.11.2021, 03:53:00] --> lezevudafat appeared
[wefezacarak:  29.11.2021, 03:53:05] --> lezevudafat appeared
[wefezacarak:  29.11.2021, 03:55:32] --> lezevudafat appeared
[wefezacarak:  29.11.2021, 03:56:17] --> ziduzotusivu appeared
[wefezacarak:  29.11.2021, 03:57:30] --> ziduzotusivu appeared
[wefezacarak:  29.11.2021, 03:58:51] --> ziduzotusivu appeared
[wefezacarak:  29.11.2021, 03:59:05] --> Character leveled up to level 43
[wefezacarak:  29.11.2021, 04:00:05] --> ziduzotusivu appeared
[wefezacarak:  29.11.2021, 04:02:25] --> Character went to saleswoman
[wefezacarak:  29.11.2021, 04:02:27] --> Character died
[wefezacarak:  29.11.2021, 04:02:29] --> Character was kicked from the bot, reason: Character was walking
[wefezacarak:  29.11.2021, 04:02:59] --> Character died
[wefezacarak:  29.11.2021, 04:03:25] --> Character was kicked from the bot, reason: Character was walking
[wefezacarak:  29.11.2021, 04:03:31] --> gevihizetu appeared
[wefezacarak:  29.11.2021, 04:03:36] --> PM recieved from Sasxy : Add P2W#9999 on Discord for info @ 24/7 Online @ 5 Minute Delivery @
[wefezacarak:  29.11.2021, 04:03:40] --> PM recieved from Sasxy : 195 Won - 100 ÊUR
[wefezacarak:  29.11.2021, 04:03:41] --> PM recieved from Sasxy : Add P2W#9999 on Discord for info @ 24/7 Online @ 5 Minute Delivery @
[wefezacarak:  29.11.2021, 04:03:44] --> PM recieved from Sasxy : 195 Won - 100 ÊUR
[wefezacarak:  29.11.2021, 04:03:45] --> PM recieved from Sasxy : Add P2W#9999 on Discord for info @ 24/7 Online @ 5 Minute Delivery @
[wefezacarak:  29.11.2021, 04:03:58] --> Character was kicked from the bot, reason: Character was walking
[wefezacarak:  29.11.2021, 04:04:16] --> lezevudafat appeared
[wefezacarak:  29.11.2021, 04:04:34] --> Character was kicked from the bot, reason: Character was walking
[wefezacarak:  29.11.2021, 04:05:06] --> ziduzotusivu appeared
[wefezacarak:  29.11.2021, 04:05:36] --> lezevudafat appeared
[wefezacarak:  29.11.2021, 04:07:38] --> Character got kick
[wefezacarak:  29.11.2021, 04:07:54] --> Char changed: 5 dragon cors collected, total cor count: 20
[wefezacarak:  29.11.2021, 04:07:54] --> Character was kicked from the bot, reason: Changing character
[wefezacarak:  29.11.2021, 04:07:59] --> Character died
[fekuzolazebu: 29.11.2021, 04:08:04] --> Time passed, now going to talk to alchemist: fekuzolazebu
[fekuzolazebu: 29.11.2021, 04:08:04] --> Character went to Alchemist: fekuzolazebu
[fekuzolazebu: 29.11.2021, 04:08:16] --> Character got kick
[fekuzolazebu: 29.11.2021, 04:08:33] --> bopufurebo appeared
[fekuzolazebu: 29.11.2021, 04:08:38] --> zekerawepa appeared
[fekuzolazebu: 29.11.2021, 04:08:42] --> Character was kicked from the bot, reason: Character was walking
[fekuzolazebu: 29.11.2021, 04:09:15] --> Character was kicked from the bot, reason: Character was walking
[fekuzolazebu: 29.11.2021, 04:09:44] --> Character got kick
[fekuzolazebu: 29.11.2021, 04:09:57] --> Character got kick
[fekuzolazebu: 29.11.2021, 04:10:21] --> Character got kick
[fekuzolazebu: 29.11.2021, 04:10:29] --> zekerawepa appeared
[fekuzolazebu: 29.11.2021, 04:10:34] --> Character was kicked from the bot, reason: Character was walking
[fekuzolazebu: 29.11.2021, 04:11:09] --> zekerawepa appeared
[fekuzolazebu: 29.11.2021, 04:11:18] --> Character got kick
[fekuzolazebu: 29.11.2021, 04:12:06] --> Character got kick
[fekuzolazebu: 29.11.2021, 04:12:29] --> Character got kick
[fekuzolazebu: 29.11.2021, 04:13:05] --> zekerawepa appeared
[fekuzolazebu: 29.11.2021, 04:14:26] --> zekerawepa appeared
[fekuzolazebu: 29.11.2021, 04:15:00] --> Character got kick
[fekuzolazebu: 29.11.2021, 04:17:16] --> zekerawepa appeared
[fekuzolazebu: 29.11.2021, 04:17:35] --> Character got kick
[fekuzolazebu: 29.11.2021, 04:17:52] --> Character got kick
[fekuzolazebu: 29.11.2021, 04:18:12] --> Character went to saleswoman
[fekuzolazebu: 29.11.2021, 04:18:29] --> Jigouy appeared
[fekuzolazebu: 29.11.2021, 04:18:36] --> Character was kicked from the bot, reason: Character was walking
[fekuzolazebu: 29.11.2021, 04:18:41] --> gevihizetu appeared
[fekuzolazebu: 29.11.2021, 04:19:07] --> Character was kicked from the bot, reason: Character was walking
[fekuzolazebu: 29.11.2021, 04:19:24] --> dizifocefib appeared
[fekuzolazebu: 29.11.2021, 04:19:34] --> redavanutoke appeared
[fekuzolazebu: 29.11.2021, 04:19:42] --> Character was kicked from the bot, reason: Character was walking
[fekuzolazebu: 29.11.2021, 04:21:31] --> redavanutoke appeared
[fekuzolazebu: 29.11.2021, 04:21:58] --> dizifocefib appeared
[fekuzolazebu: 29.11.2021, 04:23:08] --> dizifocefib appeared
[fekuzolazebu: 29.11.2021, 04:23:39] --> zubazizuveh appeared
[fekuzolazebu: 29.11.2021, 04:24:34] --> Character leveled up to level 42
[fekuzolazebu: 29.11.2021, 04:27:02] --> dizifocefib appeared
[fekuzolazebu: 29.11.2021, 04:28:16] --> dizifocefib appeared
[fekuzolazebu: 29.11.2021, 04:32:07] --> zovahizizi appeared
[fekuzolazebu: 29.11.2021, 04:33:19] --> zovahizizi appeared
[fekuzolazebu: 29.11.2021, 04:34:42] --> zovahizizi appeared
[fekuzolazebu: 29.11.2021, 04:35:34] --> zubazizuveh appeared
[fekuzolazebu: 29.11.2021, 04:35:39] --> zubazizuveh appeared
[fekuzolazebu: 29.11.2021, 04:35:56] --> zovahizizi appeared
[fekuzolazebu: 29.11.2021, 04:36:24] --> Character leveled up to level 43
[fekuzolazebu: 29.11.2021, 04:38:03] --> zubazizuveh appeared
[fekuzolazebu: 29.11.2021, 04:38:05] --> zubazizuveh appeared
[fekuzolazebu: 29.11.2021, 04:39:46] --> zovahizizi appeared
[fekuzolazebu: 29.11.2021, 04:40:14] --> zubazizuveh appeared
[fekuzolazebu: 29.11.2021, 04:40:20] --> zubazizuveh appeared
[fekuzolazebu: 29.11.2021, 04:41:01] --> zovahizizi appeared
[fekuzolazebu: 29.11.2021, 04:41:08] --> zovahizizi appeared
[fekuzolazebu: 29.11.2021, 04:42:03] --> Char changed: 5 dragon cors collected, total cor count: 20
[fekuzolazebu: 29.11.2021, 04:42:04] --> Character was kicked from the bot, reason: Changing character
[pehiwucebez:  29.11.2021, 04:42:39] --> Time passed, now going to talk to alchemist: pehiwucebez
[pehiwucebez:  29.11.2021, 04:42:39] --> Character went to Alchemist: pehiwucebez
[pehiwucebez:  29.11.2021, 04:42:46] --> wugepemogiri appeared
[pehiwucebez:  29.11.2021, 04:43:03] --> Character was kicked from the bot, reason: Character was walking
[pehiwucebez:  29.11.2021, 04:43:09] --> 68Konan89 appeared
[pehiwucebez:  29.11.2021, 04:43:26] --> Character was kicked from the bot, reason: Character was walking
[pehiwucebez:  29.11.2021, 04:43:38] --> bemuwidade appeared
[pehiwucebez:  29.11.2021, 04:44:01] --> Character was kicked from the bot, reason: Character was walking
[pehiwucebez:  29.11.2021, 04:45:06] --> bemuwidade appeared
[pehiwucebez:  29.11.2021, 04:45:59] --> falitifuwado appeared
[pehiwucebez:  29.11.2021, 04:47:10] --> falitifuwado appeared
[pehiwucebez:  29.11.2021, 04:48:30] --> falitifuwado appeared
[pehiwucebez:  29.11.2021, 04:48:46] --> Character leveled up to level 41
[pehiwucebez:  29.11.2021, 04:49:39] --> falitifuwado appeared
[pehiwucebez:  29.11.2021, 04:50:55] --> falitifuwado appeared
[pehiwucebez:  29.11.2021, 04:51:01] --> falitifuwado appeared
[pehiwucebez:  29.11.2021, 04:51:50] --> bemuwidade appeared
[pehiwucebez:  29.11.2021, 04:52:13] --> falitifuwado appeared
[pehiwucebez:  29.11.2021, 04:54:46] --> luvanekosevu appeared
[pehiwucebez:  29.11.2021, 04:55:59] --> luvanekosevu appeared
[pehiwucebez:  29.11.2021, 04:56:31] --> bemuwidade appeared
[pehiwucebez:  29.11.2021, 04:57:18] --> luvanekosevu appeared
[pehiwucebez:  29.11.2021, 04:58:32] --> luvanekosevu appeared
[pehiwucebez:  29.11.2021, 04:58:57] --> bemuwidade appeared
[pehiwucebez:  29.11.2021, 04:59:00] --> bemuwidade appeared
[pehiwucebez:  29.11.2021, 04:59:04] --> bemuwidade appeared
[pehiwucebez:  29.11.2021, 04:59:42] --> luvanekosevu appeared
[pehiwucebez:  29.11.2021, 04:59:50] --> Character leveled up to level 42
[pehiwucebez:  29.11.2021, 05:00:56] --> luvanekosevu appeared
[pehiwucebez:  29.11.2021, 05:01:02] --> luvanekosevu appeared
[pehiwucebez:  29.11.2021, 05:01:10] --> luvanekosevu appeared
[pehiwucebez:  29.11.2021, 05:02:14] --> luvanekosevu appeared
[pehiwucebez:  29.11.2021, 05:03:25] --> luvanekosevu appeared
[pehiwucebez:  29.11.2021, 05:04:15] --> kazirukipapi appeared
[pehiwucebez:  29.11.2021, 05:09:39] --> vazirefepi appeared
[pehiwucebez:  29.11.2021, 05:10:27] --> rogokakaneke appeared
[pehiwucebez:  29.11.2021, 05:10:30] --> rogokakaneke appeared
[pehiwucebez:  29.11.2021, 05:10:35] --> rogokakaneke appeared
[pehiwucebez:  29.11.2021, 05:10:42] --> Char changed: 5 dragon cors collected, total cor count: 20
[pehiwucebez:  29.11.2021, 05:10:43] --> Character was kicked from the bot, reason: Changing character
[pehiwucebez:  29.11.2021, 05:11:13] --> Character died
[vuvakikuraza: 29.11.2021, 05:11:17] --> Time passed, now going to talk to alchemist: vuvakikuraza
[vuvakikuraza: 29.11.2021, 05:11:17] --> Character went to Alchemist: vuvakikuraza
[vuvakikuraza: 29.11.2021, 05:11:35] --> ZamumlZ8 appeared
[vuvakikuraza: 29.11.2021, 05:11:41] --> Character was kicked from the bot, reason: Character was walking
[vuvakikuraza: 29.11.2021, 05:11:47] --> gevihizetu appeared
[vuvakikuraza: 29.11.2021, 05:12:05] --> Character was kicked from the bot, reason: Character was walking
[vuvakikuraza: 29.11.2021, 05:12:39] --> Character was kicked from the bot, reason: Character was walking
[vuvakikuraza: 29.11.2021, 05:13:15] --> vazirefepi appeared
[vuvakikuraza: 29.11.2021, 05:14:30] --> vazirefepi appeared
[vuvakikuraza: 29.11.2021, 05:15:47] --> vazirefepi appeared
[vuvakikuraza: 29.11.2021, 05:17:01] --> vazirefepi appeared
[vuvakikuraza: 29.11.2021, 05:17:34] --> rogokakaneke appeared
[vuvakikuraza: 29.11.2021, 05:17:35] --> rogokakaneke appeared
[vuvakikuraza: 29.11.2021, 05:21:52] --> Character leveled up to level 42
[vuvakikuraza: 29.11.2021, 05:23:33] --> bepawararopu appeared
[vuvakikuraza: 29.11.2021, 05:24:22] --> kusobusuki appeared
[vuvakikuraza: 29.11.2021, 05:24:47] --> bepawararopu appeared
[vuvakikuraza: 29.11.2021, 05:26:05] --> bepawararopu appeared
[vuvakikuraza: 29.11.2021, 05:26:44] --> kusobusuki appeared
[vuvakikuraza: 29.11.2021, 05:26:50] --> kusobusuki appeared
[vuvakikuraza: 29.11.2021, 05:26:55] --> kusobusuki appeared
[vuvakikuraza: 29.11.2021, 05:27:14] --> bepawararopu appeared
[vuvakikuraza: 29.11.2021, 05:28:34] --> bepawararopu appeared
[vuvakikuraza: 29.11.2021, 05:29:01] --> kusobusuki appeared
[vuvakikuraza: 29.11.2021, 05:29:07] --> kusobusuki appeared
[vuvakikuraza: 29.11.2021, 05:29:46] --> bepawararopu appeared
[vuvakikuraza: 29.11.2021, 05:33:39] --> bepawararopu appeared
[vuvakikuraza: 29.11.2021, 05:34:00] --> Character leveled up to level 43
[vuvakikuraza: 29.11.2021, 05:36:35] --> Character went to saleswoman
[vuvakikuraza: 29.11.2021, 05:36:38] --> Character got kick
[vuvakikuraza: 29.11.2021, 05:37:20] --> zuvegugeni appeared
[vuvakikuraza: 29.11.2021, 05:37:25] --> Character was kicked from the bot, reason: Character was walking
[vuvakikuraza: 29.11.2021, 05:37:42] --> PM recieved from Sasxy : 88 Won - 50 ÊUR
[vuvakikuraza: 29.11.2021, 05:37:43] --> PM recieved from Sasxy : Add P2W#9999 on Discord for info @ 24/7 Online @ 5 Minute Delivery @
[vuvakikuraza: 29.11.2021, 05:37:44] --> PM recieved from Sasxy : 195 Won - 100 ÊUR
[vuvakikuraza: 29.11.2021, 05:37:45] --> PM recieved from Sasxy : Add P2W#9999 on Discord for info @ 24/7 Online @ 5 Minute Delivery @
[vuvakikuraza: 29.11.2021, 05:37:48] --> PM recieved from Sasxy : 40 Won - 25 ÊUR
[vuvakikuraza: 29.11.2021, 05:37:49] --> PM recieved from Sasxy : Add P2W#9999 on Discord for info @ 24/7 Online @ 5 Minute Delivery @
[vuvakikuraza: 29.11.2021, 05:37:50] --> PM recieved from Sasxy : 88 Won - 50 ÊUR
[vuvakikuraza: 29.11.2021, 05:37:52] --> PM recieved from Sasxy : 40 Won - 25 ÊUR
[vuvakikuraza: 29.11.2021, 05:37:53] --> PM recieved from Sasxy : 195 Won - 100 ÊUR
[vuvakikuraza: 29.11.2021, 05:37:54] --> PM recieved from Sasxy : Add P2W#9999 on Discord for info @ 24/7 Online @ 5 Minute Delivery @
[vuvakikuraza: 29.11.2021, 05:37:57] --> Character was kicked from the bot, reason: Character was walking
[vuvakikuraza: 29.11.2021, 05:38:32] --> Character was kicked from the bot, reason: Character was walking
[vuvakikuraza: 29.11.2021, 05:38:36] --> kusobusuki appeared
[vuvakikuraza: 29.11.2021, 05:40:07] --> Bot terminated: 5 dragon cors collected, total cor count: 20
