[kaliseporeva: 04.12.2021, 12:35:54] --> Bot successfully started
[kaliseporeva: 04.12.2021, 12:35:54] --> cobitukubebu appeared
[kaliseporeva: 04.12.2021, 12:41:27] --> Changing into CH3
[kaliseporeva: 04.12.2021, 12:47:00] --> Bot successfully started
[kaliseporeva: 04.12.2021, 12:47:00] --> Setting '1' loaded because of active level settings
[kaliseporeva: 04.12.2021, 12:47:00] --> cobitukubebu appeared
[kaliseporeva: 04.12.2021, 12:47:07] --> Character went to saleswoman
[kaliseporeva: 04.12.2021, 12:47:10] --> Character was kicked from the bot, reason: Character was walking
[kaliseporeva: 04.12.2021, 12:47:24] --> fazavosuful appeared
[kaliseporeva: 04.12.2021, 12:47:41] --> Character was kicked from the bot, reason: Character was walking
[kaliseporeva: 04.12.2021, 12:47:53] --> Character leveled up to level 2
[kaliseporeva: 04.12.2021, 12:47:54] --> Character leveled up to level 4
[kaliseporeva: 04.12.2021, 12:47:55] --> Character leveled up to level 6
[kaliseporeva: 04.12.2021, 12:47:56] --> Character leveled up to level 7
[kaliseporeva: 04.12.2021, 12:47:57] --> Character leveled up to level 9
[kaliseporeva: 04.12.2021, 12:47:59] --> Character leveled up to level 10
[kaliseporeva: 04.12.2021, 12:48:02] --> Character leveled up to level 11
[kaliseporeva: 04.12.2021, 12:48:05] --> Character leveled up to level 12
[kaliseporeva: 04.12.2021, 12:48:11] --> Character leveled up to level 13
[kaliseporeva: 04.12.2021, 12:48:24] --> Character leveled up to level 14
[kaliseporeva: 04.12.2021, 12:48:36] --> asfhgjfsda appeared
[kaliseporeva: 04.12.2021, 12:48:42] --> Character leveled up to level 15
[kaliseporeva: 04.12.2021, 12:48:43] --> Setting '2' loaded because of active level settings
[kaliseporeva: 04.12.2021, 12:48:55] --> Character was kicked from the bot, reason: Character was walking
[kaliseporeva: 04.12.2021, 12:49:00] --> dozokakerabe appeared
[kaliseporeva: 04.12.2021, 12:49:21] --> Character was kicked from the bot, reason: Character was walking
[kaliseporeva: 04.12.2021, 12:49:32] --> kopoporavim appeared
[kaliseporeva: 04.12.2021, 12:49:37] --> kopoporavim appeared
[kaliseporeva: 04.12.2021, 12:50:06] --> feziwukidu appeared
[kaliseporeva: 04.12.2021, 12:50:11] --> Character leveled up to level 16
[kaliseporeva: 04.12.2021, 12:50:26] --> feziwukidu appeared
[kaliseporeva: 04.12.2021, 12:50:29] --> Character leveled up to level 17
[kaliseporeva: 04.12.2021, 12:50:59] --> feziwukidu appeared
[kaliseporeva: 04.12.2021, 12:51:08] --> Character leveled up to level 18
[kaliseporeva: 04.12.2021, 12:51:12] --> kopoporavim appeared
[kaliseporeva: 04.12.2021, 12:51:14] --> kopoporavim appeared
[kaliseporeva: 04.12.2021, 12:51:22] --> Character leveled up to level 19
[kaliseporeva: 04.12.2021, 12:51:59] --> Character leveled up to level 20
[kaliseporeva: 04.12.2021, 12:52:03] --> larucurorap appeared
[kaliseporeva: 04.12.2021, 12:52:24] --> Character leveled up to level 21
[kaliseporeva: 04.12.2021, 12:52:39] --> larucurorap appeared
[kaliseporeva: 04.12.2021, 12:53:10] --> Character leveled up to level 22
[kaliseporeva: 04.12.2021, 12:53:14] --> lakoheseze appeared
[kaliseporeva: 04.12.2021, 12:53:24] --> larucurorap appeared
[kaliseporeva: 04.12.2021, 12:53:29] --> larucurorap appeared
[kaliseporeva: 04.12.2021, 12:53:45] --> kopoporavim appeared
[kaliseporeva: 04.12.2021, 12:54:01] --> Character leveled up to level 23
[kaliseporeva: 04.12.2021, 12:54:52] --> Character leveled up to level 24
[kaliseporeva: 04.12.2021, 12:55:03] --> feziwukidu appeared
[kaliseporeva: 04.12.2021, 12:55:07] --> feziwukidu appeared
[kaliseporeva: 04.12.2021, 12:55:24] --> feziwukidu appeared
[kaliseporeva: 04.12.2021, 12:55:38] --> Character leveled up to level 25
[kaliseporeva: 04.12.2021, 12:55:40] --> kopoporavim appeared
[kaliseporeva: 04.12.2021, 12:56:16] --> feziwukidu appeared
[kaliseporeva: 04.12.2021, 12:56:25] --> feziwukidu appeared
[kaliseporeva: 04.12.2021, 12:56:29] --> feziwukidu appeared
[kaliseporeva: 04.12.2021, 12:56:37] --> feziwukidu appeared
[kaliseporeva: 04.12.2021, 12:56:37] --> Character leveled up to level 26
[kaliseporeva: 04.12.2021, 12:56:48] --> feziwukidu appeared
[kaliseporeva: 04.12.2021, 12:56:53] --> feziwukidu appeared
[kaliseporeva: 04.12.2021, 12:57:03] --> feziwukidu appeared
[kaliseporeva: 04.12.2021, 12:57:43] --> Character leveled up to level 27
[kaliseporeva: 04.12.2021, 12:57:44] --> kopoporavim appeared
[kaliseporeva: 04.12.2021, 12:58:48] --> lakoheseze appeared
[kaliseporeva: 04.12.2021, 12:58:51] --> Character leveled up to level 28
[kaliseporeva: 04.12.2021, 12:59:05] --> rukosuzivad appeared
[kaliseporeva: 04.12.2021, 12:59:29] --> kopoporavim appeared
[kaliseporeva: 04.12.2021, 12:59:48] --> rukosuzivad appeared
[kaliseporeva: 04.12.2021, 13:00:00] --> Character leveled up to level 29
[kaliseporeva: 04.12.2021, 13:00:14] --> feziwukidu appeared
[kaliseporeva: 04.12.2021, 13:00:34] --> larucurorap appeared
[kaliseporeva: 04.12.2021, 13:00:49] --> lakoheseze appeared
[kaliseporeva: 04.12.2021, 13:01:07] --> feziwukidu appeared
[kaliseporeva: 04.12.2021, 13:01:54] --> Character leveled up to level 30
[kaliseporeva: 04.12.2021, 13:01:55] --> feziwukidu appeared
[kaliseporeva: 04.12.2021, 13:01:58] --> kopoporavim appeared
[kaliseporeva: 04.12.2021, 13:02:16] --> kopoporavim appeared
[kaliseporeva: 04.12.2021, 13:02:20] --> lakoheseze appeared
[kaliseporeva: 04.12.2021, 13:02:22] --> lakoheseze appeared
[kaliseporeva: 04.12.2021, 13:03:21] --> Character leveled up to level 31
[kaliseporeva: 04.12.2021, 13:03:44] --> kopoporavim appeared
[kaliseporeva: 04.12.2021, 13:03:49] --> kopoporavim appeared
[kaliseporeva: 04.12.2021, 13:04:17] --> lakoheseze appeared
[kaliseporeva: 04.12.2021, 13:04:43] --> feziwukidu appeared
[kaliseporeva: 04.12.2021, 13:04:49] --> feziwukidu appeared
[kaliseporeva: 04.12.2021, 13:05:06] --> feziwukidu appeared
[kaliseporeva: 04.12.2021, 13:05:19] --> Character leveled up to level 32
[kaliseporeva: 04.12.2021, 13:05:39] --> rukosuzivad appeared
[kaliseporeva: 04.12.2021, 13:05:58] --> feziwukidu appeared
[kaliseporeva: 04.12.2021, 13:06:06] --> feziwukidu appeared
[kaliseporeva: 04.12.2021, 13:06:11] --> feziwukidu appeared
[kaliseporeva: 04.12.2021, 13:06:16] --> feziwukidu appeared
[kaliseporeva: 04.12.2021, 13:06:45] --> kopoporavim appeared
[kaliseporeva: 04.12.2021, 13:06:59] --> rukosuzivad appeared
[kaliseporeva: 04.12.2021, 13:07:04] --> rukosuzivad appeared
[kaliseporeva: 04.12.2021, 13:07:26] --> Character leveled up to level 33
[kaliseporeva: 04.12.2021, 13:07:41] --> rukosuzivad appeared
[kaliseporeva: 04.12.2021, 13:07:45] --> rukosuzivad appeared
[kaliseporeva: 04.12.2021, 13:08:32] --> kopoporavim appeared
[kaliseporeva: 04.12.2021, 13:08:48] --> kopoporavim appeared
[kaliseporeva: 04.12.2021, 13:09:20] --> Character leveled up to level 34
[kaliseporeva: 04.12.2021, 13:09:41] --> feziwukidu appeared
[kaliseporeva: 04.12.2021, 13:09:58] --> larucurorap appeared
[kaliseporeva: 04.12.2021, 13:10:19] --> feziwukidu appeared
[kaliseporeva: 04.12.2021, 13:10:45] --> larucurorap appeared
[kaliseporeva: 04.12.2021, 13:11:14] --> feziwukidu appeared
[kaliseporeva: 04.12.2021, 13:11:27] --> feziwukidu appeared
[kaliseporeva: 04.12.2021, 13:11:53] --> Character leveled up to level 35
[kaliseporeva: 04.12.2021, 13:12:14] --> zumisepiwip appeared
[kaliseporeva: 04.12.2021, 13:12:26] --> rukosuzivad appeared
[kaliseporeva: 04.12.2021, 13:12:46] --> zumisepiwip appeared
[kaliseporeva: 04.12.2021, 13:12:52] --> zumisepiwip appeared
[kaliseporeva: 04.12.2021, 13:13:07] --> zumisepiwip appeared
[kaliseporeva: 04.12.2021, 13:13:29] --> lakoheseze appeared
[kaliseporeva: 04.12.2021, 13:13:46] --> rukosuzivad appeared
[kaliseporeva: 04.12.2021, 13:14:05] --> zumisepiwip appeared
[kaliseporeva: 04.12.2021, 13:14:27] --> rukosuzivad appeared
[kaliseporeva: 04.12.2021, 13:14:33] --> rukosuzivad appeared
[kaliseporeva: 04.12.2021, 13:14:39] --> Character leveled up to level 36
[kaliseporeva: 04.12.2021, 13:14:43] --> feziwukidu appeared
[kaliseporeva: 04.12.2021, 13:14:44] --> feziwukidu appeared
[kaliseporeva: 04.12.2021, 13:14:58] --> feziwukidu appeared
[kaliseporeva: 04.12.2021, 13:15:37] --> feziwukidu appeared
[kaliseporeva: 04.12.2021, 13:16:01] --> zumisepiwip appeared
[kaliseporeva: 04.12.2021, 13:16:19] --> feziwukidu appeared
[kaliseporeva: 04.12.2021, 13:16:53] --> lakoheseze appeared
[kaliseporeva: 04.12.2021, 13:17:34] --> zumisepiwip appeared
[kaliseporeva: 04.12.2021, 13:17:45] --> Character leveled up to level 37
[kaliseporeva: 04.12.2021, 13:18:04] --> zumisepiwip appeared
[kaliseporeva: 04.12.2021, 13:18:12] --> larucurorap appeared
[kaliseporeva: 04.12.2021, 13:19:04] --> larucurorap appeared
[kaliseporeva: 04.12.2021, 13:19:27] --> zumisepiwip appeared
[kaliseporeva: 04.12.2021, 13:19:44] --> feziwukidu appeared
[kaliseporeva: 04.12.2021, 13:19:48] --> feziwukidu appeared
[kaliseporeva: 04.12.2021, 13:20:06] --> feziwukidu appeared
[kaliseporeva: 04.12.2021, 13:20:27] --> zumisepiwip appeared
[kaliseporeva: 04.12.2021, 13:21:00] --> feziwukidu appeared
[kaliseporeva: 04.12.2021, 13:21:01] --> Character leveled up to level 38
[kaliseporeva: 04.12.2021, 13:21:16] --> feziwukidu appeared
[kaliseporeva: 04.12.2021, 13:21:34] --> feziwukidu appeared
[kaliseporeva: 04.12.2021, 13:21:46] --> feziwukidu appeared
[kaliseporeva: 04.12.2021, 13:21:52] --> rukosuzivad appeared
[kaliseporeva: 04.12.2021, 13:21:53] --> rukosuzivad appeared
[kaliseporeva: 04.12.2021, 13:22:03] --> rukosuzivad appeared
[kaliseporeva: 04.12.2021, 13:22:27] --> zumisepiwip appeared
[kaliseporeva: 04.12.2021, 13:22:33] --> zumisepiwip appeared
[kaliseporeva: 04.12.2021, 13:22:47] --> zumisepiwip appeared
[kaliseporeva: 04.12.2021, 13:23:19] --> rukosuzivad appeared
[kaliseporeva: 04.12.2021, 13:24:01] --> rukosuzivad appeared
[kaliseporeva: 04.12.2021, 13:24:20] --> zumisepiwip appeared
[kaliseporeva: 04.12.2021, 13:24:38] --> feziwukidu appeared
[kaliseporeva: 04.12.2021, 13:24:50] --> zumisepiwip appeared
[kaliseporeva: 04.12.2021, 13:24:58] --> feziwukidu appeared
[kaliseporeva: 04.12.2021, 13:25:05] --> Character leveled up to level 39
[kaliseporeva: 04.12.2021, 13:25:19] --> zumisepiwip appeared
[kaliseporeva: 04.12.2021, 13:25:59] --> lakoheseze appeared
[kaliseporeva: 04.12.2021, 13:26:11] --> feziwukidu appeared
[kaliseporeva: 04.12.2021, 13:27:12] --> larucurorap appeared
[kaliseporeva: 04.12.2021, 13:27:15] --> zumisepiwip appeared
[kaliseporeva: 04.12.2021, 13:27:29] --> lakoheseze appeared
[kaliseporeva: 04.12.2021, 13:27:50] --> zumisepiwip appeared
[kaliseporeva: 04.12.2021, 13:28:03] --> nizakoluri appeared
[kaliseporeva: 04.12.2021, 13:28:57] --> rukosuzivad appeared
[kaliseporeva: 04.12.2021, 13:29:34] --> Character leveled up to level 40
[kaliseporeva: 04.12.2021, 13:29:39] --> zumisepiwip appeared
[kaliseporeva: 04.12.2021, 13:30:07] --> feziwukidu appeared
[kaliseporeva: 04.12.2021, 13:30:39] --> zumisepiwip appeared
[kaliseporeva: 04.12.2021, 13:31:05] --> rukosuzivad appeared
[kaliseporeva: 04.12.2021, 13:31:22] --> feziwukidu appeared
[kaliseporeva: 04.12.2021, 13:32:37] --> zumisepiwip appeared
[kaliseporeva: 04.12.2021, 13:33:06] --> zumisepiwip appeared
[kaliseporeva: 04.12.2021, 13:33:15] --> zumisepiwip appeared
[kaliseporeva: 04.12.2021, 13:33:29] --> zumisepiwip appeared
[kaliseporeva: 04.12.2021, 13:34:01] --> larucurorap appeared
[kaliseporeva: 04.12.2021, 13:34:08] --> larucurorap appeared
[kaliseporeva: 04.12.2021, 13:34:19] --> Character leveled up to level 41
[kaliseporeva: 04.12.2021, 13:34:23] --> feziwukidu appeared
[kaliseporeva: 04.12.2021, 13:34:34] --> larucurorap appeared
[kaliseporeva: 04.12.2021, 13:35:31] --> larucurorap appeared
[kaliseporeva: 04.12.2021, 13:35:37] --> larucurorap appeared
[kaliseporeva: 04.12.2021, 13:35:45] --> rukosuzivad appeared
[kaliseporeva: 04.12.2021, 13:36:26] --> lakoheseze appeared
[kaliseporeva: 04.12.2021, 13:36:32] --> rukosuzivad appeared
[kaliseporeva: 04.12.2021, 13:36:56] --> zumisepiwip appeared
[kaliseporeva: 04.12.2021, 13:37:07] --> rukosuzivad appeared
[kaliseporeva: 04.12.2021, 13:37:12] --> rukosuzivad appeared
[kaliseporeva: 04.12.2021, 13:37:31] --> zumisepiwip appeared
[kaliseporeva: 04.12.2021, 13:37:47] --> rukosuzivad appeared
[kaliseporeva: 04.12.2021, 13:37:52] --> rukosuzivad appeared
[kaliseporeva: 04.12.2021, 13:38:01] --> zumisepiwip appeared
[kaliseporeva: 04.12.2021, 13:38:09] --> lakoheseze appeared
[kaliseporeva: 04.12.2021, 13:38:30] --> zumisepiwip appeared
[kaliseporeva: 04.12.2021, 13:39:11] --> feziwukidu appeared
[kaliseporeva: 04.12.2021, 13:39:43] --> Character leveled up to level 42
[kaliseporeva: 04.12.2021, 13:50:21] --> Bot successfully started
[kaliseporeva: 04.12.2021, 13:50:21] --> feziwukidu appeared
[kaliseporeva: 04.12.2021, 13:50:21] --> Setting 'okey 1' loaded because of active level settings
[kaliseporeva: 04.12.2021, 13:50:35] --> hlililili appeared
[kaliseporeva: 04.12.2021, 13:50:51] --> Character was kicked from the bot, reason: Character was walking
[:             04.12.2021, 13:52:15] --> Character got kick
[kaliseporeva: 04.12.2021, 13:52:38] --> Bot successfully started
[kaliseporeva: 04.12.2021, 13:52:38] --> Setting 'okey 1' loaded because of active level settings
[kaliseporeva: 04.12.2021, 13:53:11] --> vokusevivu appeared
[kaliseporeva: 04.12.2021, 13:53:34] --> vokusevivu appeared
[kaliseporeva: 04.12.2021, 13:53:58] --> vokusevivu appeared
[kaliseporeva: 04.12.2021, 13:54:32] --> vokusevivu appeared
[kaliseporeva: 04.12.2021, 13:54:55] --> vokusevivu appeared
[kaliseporeva: 04.12.2021, 13:55:35] --> vokusevivu appeared
[kaliseporeva: 04.12.2021, 13:56:04] --> vokusevivu appeared
[kaliseporeva: 04.12.2021, 13:56:11] --> Changing into CH1
[kaliseporeva: 04.12.2021, 13:56:28] --> Character was kicked from the bot, reason: Character was walking
[kaliseporeva: 04.12.2021, 13:58:19] --> Mantralinks appeared
[kaliseporeva: 04.12.2021, 13:59:08] --> guerrierona5 appeared
[kaliseporeva: 04.12.2021, 14:00:11] --> Character leveled up to level 43
[kaliseporeva: 04.12.2021, 14:07:17] --> Character leveled up to level 44
[kaliseporeva: 04.12.2021, 14:15:37] --> Character leveled up to level 45
[kaliseporeva: 04.12.2021, 14:24:15] --> Character leveled up to level 46
[kaliseporeva: 04.12.2021, 14:32:03] --> Landola1 appeared
[kaliseporeva: 04.12.2021, 14:33:49] --> Character leveled up to level 47
[kaliseporeva: 04.12.2021, 14:36:15] --> PinkFreud appeared
[kaliseporeva: 04.12.2021, 14:43:07] --> fizovafaker appeared
[kaliseporeva: 04.12.2021, 14:43:11] --> fizovafaker appeared
[kaliseporeva: 04.12.2021, 14:44:05] --> ZYCL appeared
[kaliseporeva: 04.12.2021, 14:44:38] --> fizovafaker appeared
[kaliseporeva: 04.12.2021, 14:44:49] --> Character leveled up to level 48
[kaliseporeva: 04.12.2021, 14:45:01] --> fizovafaker appeared
[kaliseporeva: 04.12.2021, 14:48:51] --> fizovafaker appeared
[kaliseporeva: 04.12.2021, 14:52:40] --> fizovafaker appeared
[kaliseporeva: 04.12.2021, 14:52:52] --> fizovafaker appeared
[kaliseporeva: 04.12.2021, 14:56:55] --> fizovafaker appeared
[kaliseporeva: 04.12.2021, 15:00:12] --> fizovafaker appeared
[kaliseporeva: 04.12.2021, 15:00:23] --> fizovafaker appeared
[kaliseporeva: 04.12.2021, 15:04:45] --> Character died
[kaliseporeva: 04.12.2021, 15:05:01] --> Character died
[kaliseporeva: 04.12.2021, 15:06:41] --> fizovafaker appeared
[kaliseporeva: 04.12.2021, 15:11:38] --> fizovafaker appeared
[kaliseporeva: 04.12.2021, 15:11:48] --> fizovafaker appeared
[kaliseporeva: 04.12.2021, 15:14:05] --> Character leveled up to level 49
[kaliseporeva: 04.12.2021, 15:14:23] --> fizovafaker appeared
[kaliseporeva: 04.12.2021, 15:28:49] --> Character leveled up to level 50
[kaliseporeva: 04.12.2021, 15:32:36] --> KLioner appeared
[kaliseporeva: 04.12.2021, 15:36:52] --> zac213 appeared
[kaliseporeva: 04.12.2021, 15:38:03] --> zac213 appeared
[kaliseporeva: 04.12.2021, 15:38:46] --> Usureluuuuuu appeared
[kaliseporeva: 04.12.2021, 15:40:41] --> Usureluuuuuu appeared
[kaliseporeva: 04.12.2021, 15:41:05] --> Usureluuuuuu appeared
[kaliseporeva: 04.12.2021, 15:41:17] --> Usureluuuuuu appeared
[kaliseporeva: 04.12.2021, 15:42:24] --> Usureluuuuuu appeared
[kaliseporeva: 04.12.2021, 15:42:35] --> Usureluuuuuu appeared
[kaliseporeva: 04.12.2021, 15:42:46] --> Usureluuuuuu appeared
[kaliseporeva: 04.12.2021, 15:42:57] --> Usureluuuuuu appeared
[kaliseporeva: 04.12.2021, 15:43:08] --> Usureluuuuuu appeared
[kaliseporeva: 04.12.2021, 15:43:20] --> Usureluuuuuu appeared
[kaliseporeva: 04.12.2021, 15:43:31] --> Usureluuuuuu appeared
[kaliseporeva: 04.12.2021, 15:44:57] --> Usureluuuuuu appeared
[kaliseporeva: 04.12.2021, 15:45:31] --> Usureluuuuuu appeared
[kaliseporeva: 04.12.2021, 15:45:42] --> Usureluuuuuu appeared
[kaliseporeva: 04.12.2021, 15:45:53] --> Usureluuuuuu appeared
[kaliseporeva: 04.12.2021, 15:46:04] --> Usureluuuuuu appeared
[kaliseporeva: 04.12.2021, 15:46:16] --> Usureluuuuuu appeared
[kaliseporeva: 04.12.2021, 15:46:27] --> Usureluuuuuu appeared
[kaliseporeva: 04.12.2021, 15:46:52] --> Usureluuuuuu appeared
[kaliseporeva: 04.12.2021, 15:46:58] --> Usureluuuuuu appeared
[kaliseporeva: 04.12.2021, 15:47:02] --> Usureluuuuuu appeared
[kaliseporeva: 04.12.2021, 15:47:13] --> Usureluuuuuu appeared
[kaliseporeva: 04.12.2021, 15:47:25] --> Usureluuuuuu appeared
[kaliseporeva: 04.12.2021, 15:47:46] --> Usureluuuuuu appeared
[kaliseporeva: 04.12.2021, 15:48:08] --> Usureluuuuuu appeared
[kaliseporeva: 04.12.2021, 15:48:19] --> Usureluuuuuu appeared
[kaliseporeva: 04.12.2021, 15:48:31] --> Usureluuuuuu appeared
[kaliseporeva: 04.12.2021, 15:48:43] --> Usureluuuuuu appeared
[kaliseporeva: 04.12.2021, 15:48:54] --> Usureluuuuuu appeared
[kaliseporeva: 04.12.2021, 15:49:03] --> Usureluuuuuu appeared
[kaliseporeva: 04.12.2021, 16:09:36] --> JirayaZen appeared
[kaliseporeva: 04.12.2021, 17:00:13] --> Bot successfully started
[kaliseporeva: 04.12.2021, 17:00:13] --> Setting 'okey 1' loaded because of active level settings
[kaliseporeva: 04.12.2021, 17:00:30] --> fehehitive appeared
[kaliseporeva: 04.12.2021, 17:00:54] --> Character was kicked from the bot, reason: Character was walking
[kaliseporeva: 04.12.2021, 17:00:58] --> vecomedika appeared
[kaliseporeva: 04.12.2021, 17:02:42] --> Character was kicked from the bot, reason: Character was walking
[kaliseporeva: 04.12.2021, 17:02:59] --> Character was kicked from the bot, reason: Character was walking
[kaliseporeva: 04.12.2021, 17:03:23] --> KRONOSOSCURO appeared
[kaliseporeva: 04.12.2021, 17:03:32] --> Character was kicked from the bot, reason: Character was walking
[kaliseporeva: 04.12.2021, 17:10:44] --> Terrremoto1 appeared
[kaliseporeva: 04.12.2021, 17:35:50] --> kepavavokip appeared
[kaliseporeva: 04.12.2021, 17:35:54] --> kepavavokip appeared
[kaliseporeva: 04.12.2021, 18:04:21] --> kepavavokip appeared
[kaliseporeva: 04.12.2021, 18:46:58] --> kepavavokip appeared
[kaliseporeva: 04.12.2021, 19:18:30] --> Character got kick
[kaliseporeva: 04.12.2021, 19:21:29] --> Bot successfully started
[kaliseporeva: 04.12.2021, 19:21:29] --> Setting 'okey 1' loaded because of active level settings
[kaliseporeva: 04.12.2021, 19:21:29] --> kepavavokip appeared
[kaliseporeva: 04.12.2021, 21:27:41] --> Character got kick
[kaliseporeva: 04.12.2021, 21:30:37] --> Bot successfully started
[kaliseporeva: 04.12.2021, 21:30:37] --> Setting 'okey 1' loaded because of active level settings
[kaliseporeva: 04.12.2021, 21:30:37] --> kepavavokip appeared
[kaliseporeva: 04.12.2021, 22:12:57] --> Bot successfully started
[kaliseporeva: 04.12.2021, 22:12:57] --> Setting 'okey 1' loaded because of active level settings
[kaliseporeva: 04.12.2021, 22:12:57] --> kepavavokip appeared
[kaliseporeva: 05.12.2021, 00:09:59] --> Character got kick
[kaliseporeva: 05.12.2021, 00:59:22] --> Bot successfully started
[kaliseporeva: 05.12.2021, 00:59:22] --> Setting 'okey 1' loaded because of active level settings
[kaliseporeva: 05.12.2021, 00:59:23] --> fisizupezur appeared
[kaliseporeva: 05.12.2021, 01:03:57] --> Bot successfully started
[kaliseporeva: 05.12.2021, 01:03:58] --> kepavavokip appeared
[kaliseporeva: 05.12.2021, 01:04:06] --> Character was kicked from the bot, reason: Character was walking
[kaliseporeva: 05.12.2021, 01:05:06] --> ririfutiseb appeared
[kaliseporeva: 05.12.2021, 01:06:50] --> Character was kicked from the bot, reason: Character was walking
[kaliseporeva: 05.12.2021, 01:06:56] --> nugarinasa appeared
[kaliseporeva: 05.12.2021, 01:06:58] --> nugarinasa appeared
[kaliseporeva: 05.12.2021, 01:11:42] --> nugarinasa appeared
[kaliseporeva: 05.12.2021, 01:16:14] --> nugarinasa appeared
[kaliseporeva: 05.12.2021, 01:26:26] --> nugarinasa appeared
[kaliseporeva: 05.12.2021, 01:26:45] --> nugarinasa appeared
[kaliseporeva: 05.12.2021, 01:27:45] --> nugarinasa appeared
[kaliseporeva: 05.12.2021, 01:27:49] --> nugarinasa appeared
[kaliseporeva: 05.12.2021, 01:35:11] --> nugarinasa appeared
[kaliseporeva: 05.12.2021, 01:37:21] --> nugarinasa appeared
[kaliseporeva: 05.12.2021, 01:48:28] --> nugarinasa appeared
[kaliseporeva: 05.12.2021, 01:48:47] --> nugarinasa appeared
[kaliseporeva: 05.12.2021, 01:49:06] --> nugarinasa appeared
[kaliseporeva: 05.12.2021, 01:56:02] --> nugarinasa appeared
[kaliseporeva: 05.12.2021, 02:02:01] --> nugarinasa appeared
[kaliseporeva: 05.12.2021, 02:02:20] --> nugarinasa appeared
[kaliseporeva: 05.12.2021, 02:07:03] --> nugarinasa appeared
[kaliseporeva: 05.12.2021, 02:08:06] --> micietta92 appeared
[kaliseporeva: 05.12.2021, 02:09:36] --> nugarinasa appeared
[kaliseporeva: 05.12.2021, 02:09:40] --> nugarinasa appeared
[kaliseporeva: 05.12.2021, 02:11:27] --> nugarinasa appeared
[kaliseporeva: 05.12.2021, 02:11:47] --> nugarinasa appeared
[kaliseporeva: 05.12.2021, 02:19:57] --> nugarinasa appeared
[kaliseporeva: 05.12.2021, 02:25:19] --> nugarinasa appeared
[kaliseporeva: 05.12.2021, 02:25:37] --> nugarinasa appeared
[kaliseporeva: 05.12.2021, 02:25:56] --> nugarinasa appeared
[kaliseporeva: 05.12.2021, 02:33:49] --> nugarinasa appeared
[kaliseporeva: 05.12.2021, 02:34:08] --> nugarinasa appeared
[kaliseporeva: 05.12.2021, 02:43:01] --> nugarinasa appeared
[kaliseporeva: 05.12.2021, 02:43:16] --> nugarinasa appeared
[kaliseporeva: 05.12.2021, 02:43:35] --> nugarinasa appeared
[kaliseporeva: 05.12.2021, 02:43:54] --> nugarinasa appeared
[kaliseporeva: 05.12.2021, 02:44:13] --> nugarinasa appeared
[kaliseporeva: 05.12.2021, 02:59:54] --> nugarinasa appeared
[kaliseporeva: 05.12.2021, 03:05:37] --> nugarinasa appeared
[kaliseporeva: 05.12.2021, 03:07:14] --> Character got kick
[kaliseporeva: 05.12.2021, 10:09:35] --> Bot successfully started
[kaliseporeva: 05.12.2021, 10:09:35] --> nugarinasa appeared
[kaliseporeva: 05.12.2021, 10:10:10] --> Character was kicked from the bot, reason: Character was walking
[kaliseporeva: 05.12.2021, 10:10:33] --> Character was kicked from the bot, reason: Character was walking
[kaliseporeva: 05.12.2021, 10:10:36] --> ririfutiseb appeared
[kaliseporeva: 05.12.2021, 10:48:22] --> Changing into CH2
[kaliseporeva: 05.12.2021, 10:48:29] --> kozogibinal appeared
[kaliseporeva: 05.12.2021, 11:20:52] --> Bot successfully started
[kaliseporeva: 05.12.2021, 11:20:52] --> cabafavozu appeared
[kaliseporeva: 05.12.2021, 11:21:05] --> BackoffLuff2 appeared
[kaliseporeva: 05.12.2021, 11:21:10] --> Character was kicked from the bot, reason: Character was walking
[kaliseporeva: 05.12.2021, 11:21:43] --> Character was kicked from the bot, reason: Character was walking
[kaliseporeva: 05.12.2021, 11:21:46] --> nugarinasa appeared
[kaliseporeva: 05.12.2021, 11:23:17] --> nugarinasa appeared
[kaliseporeva: 05.12.2021, 11:23:37] --> nugarinasa appeared
[kaliseporeva: 05.12.2021, 11:25:39] --> nugarinasa appeared
[kaliseporeva: 05.12.2021, 11:25:47] --> nugarinasa appeared
[kaliseporeva: 05.12.2021, 11:26:06] --> nugarinasa appeared
[kaliseporeva: 05.12.2021, 11:26:25] --> nugarinasa appeared
[kaliseporeva: 05.12.2021, 11:26:44] --> nugarinasa appeared
[kaliseporeva: 05.12.2021, 11:31:44] --> nugarinasa appeared
[kaliseporeva: 05.12.2021, 11:38:34] --> nugarinasa appeared
[kaliseporeva: 05.12.2021, 11:40:23] --> nugarinasa appeared
[kaliseporeva: 05.12.2021, 11:40:32] --> nugarinasa appeared
[kaliseporeva: 05.12.2021, 11:40:50] --> nugarinasa appeared
[kaliseporeva: 05.12.2021, 11:46:49] --> nugarinasa appeared
[kaliseporeva: 05.12.2021, 11:47:07] --> nugarinasa appeared
[kaliseporeva: 05.12.2021, 11:47:26] --> nugarinasa appeared
[kaliseporeva: 05.12.2021, 11:54:03] --> nugarinasa appeared
[kaliseporeva: 05.12.2021, 11:54:22] --> nugarinasa appeared
[kaliseporeva: 05.12.2021, 12:01:28] --> nugarinasa appeared
[kaliseporeva: 05.12.2021, 12:01:36] --> nugarinasa appeared
[kaliseporeva: 05.12.2021, 12:01:55] --> nugarinasa appeared
[kaliseporeva: 05.12.2021, 12:02:14] --> nugarinasa appeared
[kaliseporeva: 05.12.2021, 12:02:51] --> nugarinasa appeared
[kaliseporeva: 05.12.2021, 12:17:42] --> AlyWoman appeared
[kaliseporeva: 05.12.2021, 12:36:03] --> Lagh3rta appeared
[kaliseporeva: 05.12.2021, 12:36:07] --> Lagh3rta appeared
[kaliseporeva: 05.12.2021, 12:49:17] --> nugarinasa appeared
[kaliseporeva: 05.12.2021, 12:49:20] --> nugarinasa appeared
[kaliseporeva: 05.12.2021, 12:51:23] --> nugarinasa appeared
[kaliseporeva: 05.12.2021, 12:52:41] --> nugarinasa appeared
[kaliseporeva: 05.12.2021, 12:52:59] --> nugarinasa appeared
[kaliseporeva: 05.12.2021, 12:53:18] --> nugarinasa appeared
[kaliseporeva: 05.12.2021, 12:53:37] --> nugarinasa appeared
[kaliseporeva: 05.12.2021, 13:02:46] --> nugarinasa appeared
[kaliseporeva: 05.12.2021, 13:03:05] --> nugarinasa appeared
[kaliseporeva: 05.12.2021, 13:03:23] --> nugarinasa appeared
[kaliseporeva: 05.12.2021, 13:11:35] --> nugarinasa appeared
[kaliseporeva: 05.12.2021, 13:11:55] --> nugarinasa appeared
[kaliseporeva: 05.12.2021, 13:12:13] --> nugarinasa appeared
[kaliseporeva: 05.12.2021, 13:12:32] --> nugarinasa appeared
[kaliseporeva: 05.12.2021, 13:16:55] --> nugarinasa appeared
[kaliseporeva: 05.12.2021, 13:17:15] --> nugarinasa appeared
[kaliseporeva: 05.12.2021, 13:24:46] --> nugarinasa appeared
[kaliseporeva: 05.12.2021, 13:28:50] --> nugarinasa appeared
[kaliseporeva: 05.12.2021, 13:29:28] --> nugarinasa appeared
[kaliseporeva: 05.12.2021, 13:29:48] --> nugarinasa appeared
[kaliseporeva: 05.12.2021, 13:33:19] --> nugarinasa appeared
[kaliseporeva: 05.12.2021, 13:35:46] --> nugarinasa appeared
[kaliseporeva: 05.12.2021, 13:39:11] --> nugarinasa appeared
[kaliseporeva: 05.12.2021, 13:39:18] --> nugarinasa appeared
[kaliseporeva: 05.12.2021, 13:39:37] --> nugarinasa appeared
[kaliseporeva: 05.12.2021, 13:42:52] --> Character got kick
[kaliseporeva: 05.12.2021, 13:48:46] --> nugarinasa appeared
[kaliseporeva: 05.12.2021, 13:49:04] --> nugarinasa appeared
[kaliseporeva: 05.12.2021, 13:55:40] --> nugarinasa appeared
[kaliseporeva: 05.12.2021, 13:56:19] --> nugarinasa appeared
[kaliseporeva: 05.12.2021, 14:03:53] --> nugarinasa appeared
[kaliseporeva: 05.12.2021, 14:04:11] --> nugarinasa appeared
[kaliseporeva: 05.12.2021, 14:07:58] --> nugarinasa appeared
[kaliseporeva: 05.12.2021, 14:11:26] --> nugarinasa appeared
[kaliseporeva: 05.12.2021, 14:12:21] --> nugarinasa appeared
[kaliseporeva: 05.12.2021, 14:18:21] --> nugarinasa appeared
[kaliseporeva: 05.12.2021, 14:22:36] --> Character got kick
[kaliseporeva: 05.12.2021, 14:22:45] --> Character got kick
[kaliseporeva: 05.12.2021, 14:24:24] --> nugarinasa appeared
[kaliseporeva: 05.12.2021, 14:59:17] --> Bot successfully started
[kaliseporeva: 05.12.2021, 14:59:17] --> nugarinasa appeared
[kaliseporeva: 05.12.2021, 15:05:07] --> Dreffire appeared
[kaliseporeva: 05.12.2021, 15:06:46] --> annilator appeared
[kaliseporeva: 05.12.2021, 15:07:59] --> nugarinasa appeared
[kaliseporeva: 05.12.2021, 15:12:29] --> nugarinasa appeared
[kaliseporeva: 05.12.2021, 15:18:06] --> nugarinasa appeared
[kaliseporeva: 05.12.2021, 15:21:34] --> nugarinasa appeared
[kaliseporeva: 05.12.2021, 15:26:58] --> nugarinasa appeared
[kaliseporeva: 05.12.2021, 15:29:43] --> nugarinasa appeared
[kaliseporeva: 05.12.2021, 15:30:02] --> nugarinasa appeared
[kaliseporeva: 05.12.2021, 15:30:22] --> nugarinasa appeared
[kaliseporeva: 05.12.2021, 15:36:01] --> nugarinasa appeared
[kaliseporeva: 05.12.2021, 15:36:19] --> nugarinasa appeared
[kaliseporeva: 05.12.2021, 15:41:20] --> nugarinasa appeared
[kaliseporeva: 05.12.2021, 15:41:39] --> nugarinasa appeared
[kaliseporeva: 05.12.2021, 15:41:59] --> nugarinasa appeared
[kaliseporeva: 05.12.2021, 15:47:19] --> nugarinasa appeared
[kaliseporeva: 05.12.2021, 15:50:25] --> nugarinasa appeared
[kaliseporeva: 05.12.2021, 15:51:47] --> HasarDPe appeared
[kaliseporeva: 05.12.2021, 15:53:21] --> Dreffire appeared
[kaliseporeva: 05.12.2021, 15:55:11] --> nugarinasa appeared
[kaliseporeva: 05.12.2021, 16:03:22] --> nugarinasa appeared
[kaliseporeva: 05.12.2021, 16:03:40] --> nugarinasa appeared
[kaliseporeva: 05.12.2021, 16:03:58] --> nugarinasa appeared
[kaliseporeva: 05.12.2021, 16:13:27] --> nugarinasa appeared
[kaliseporeva: 05.12.2021, 16:13:48] --> nugarinasa appeared
[kaliseporeva: 05.12.2021, 16:14:06] --> nugarinasa appeared
[kaliseporeva: 05.12.2021, 16:14:24] --> nugarinasa appeared
[kaliseporeva: 05.12.2021, 16:23:07] --> nugarinasa appeared
[kaliseporeva: 05.12.2021, 16:23:14] --> nugarinasa appeared
[kaliseporeva: 05.12.2021, 16:25:09] --> nugarinasa appeared
[kaliseporeva: 05.12.2021, 16:33:40] --> nugarinasa appeared
[kaliseporeva: 05.12.2021, 16:34:18] --> nugarinasa appeared
[kaliseporeva: 05.12.2021, 16:44:04] --> nugarinasa appeared
[kaliseporeva: 05.12.2021, 16:44:41] --> nugarinasa appeared
[kaliseporeva: 05.12.2021, 16:47:48] --> nugarinasa appeared
[kaliseporeva: 05.12.2021, 16:49:27] --> nugarinasa appeared
[kaliseporeva: 05.12.2021, 16:49:46] --> nugarinasa appeared
[kaliseporeva: 05.12.2021, 16:59:42] --> Character got kick
[kaliseporeva: 05.12.2021, 17:01:03] --> nugarinasa appeared
[kaliseporeva: 05.12.2021, 17:03:13] --> nugarinasa appeared
[kaliseporeva: 05.12.2021, 17:03:17] --> nugarinasa appeared
[kaliseporeva: 05.12.2021, 17:09:31] --> nugarinasa appeared
[kaliseporeva: 05.12.2021, 17:13:10] --> nugarinasa appeared
[kaliseporeva: 05.12.2021, 17:13:34] --> nugarinasa appeared
[kaliseporeva: 05.12.2021, 17:22:58] --> nugarinasa appeared
[kaliseporeva: 05.12.2021, 17:23:18] --> nugarinasa appeared
[kaliseporeva: 05.12.2021, 17:23:37] --> nugarinasa appeared
[kaliseporeva: 05.12.2021, 17:30:49] --> nugarinasa appeared
[kaliseporeva: 05.12.2021, 17:31:07] --> nugarinasa appeared
[kaliseporeva: 05.12.2021, 17:38:39] --> nugarinasa appeared
[kaliseporeva: 05.12.2021, 17:38:58] --> nugarinasa appeared
[kaliseporeva: 05.12.2021, 17:39:17] --> nugarinasa appeared
[kaliseporeva: 05.12.2021, 17:39:36] --> nugarinasa appeared
[kaliseporeva: 05.12.2021, 17:47:47] --> nugarinasa appeared
[kaliseporeva: 05.12.2021, 17:48:05] --> nugarinasa appeared
[kaliseporeva: 05.12.2021, 17:48:43] --> nugarinasa appeared
[kaliseporeva: 05.12.2021, 17:53:16] --> nugarinasa appeared
[kaliseporeva: 05.12.2021, 17:54:27] --> BackoffLuff2 appeared
[kaliseporeva: 05.12.2021, 17:54:36] --> BackoffLuff2 appeared
[kaliseporeva: 05.12.2021, 17:55:21] --> nugarinasa appeared
[kaliseporeva: 05.12.2021, 17:55:24] --> nugarinasa appeared
[kaliseporeva: 05.12.2021, 17:58:53] --> nugarinasa appeared
[kaliseporeva: 05.12.2021, 18:04:50] --> nugarinasa appeared
[kaliseporeva: 05.12.2021, 18:05:29] --> nugarinasa appeared
[kaliseporeva: 05.12.2021, 18:14:16] --> nugarinasa appeared
[kaliseporeva: 05.12.2021, 18:22:25] --> nugarinasa appeared
[kaliseporeva: 05.12.2021, 18:22:44] --> nugarinasa appeared
[kaliseporeva: 05.12.2021, 18:23:03] --> nugarinasa appeared
[kaliseporeva: 05.12.2021, 18:26:19] --> nugarinasa appeared
[kaliseporeva: 05.12.2021, 18:34:17] --> nugarinasa appeared
[kaliseporeva: 05.12.2021, 18:40:11] --> nugarinasa appeared
[kaliseporeva: 05.12.2021, 18:42:27] --> nugarinasa appeared
[kaliseporeva: 05.12.2021, 18:48:23] --> nugarinasa appeared
[kaliseporeva: 05.12.2021, 18:48:42] --> nugarinasa appeared
[kaliseporeva: 05.12.2021, 18:56:51] --> nugarinasa appeared
[kaliseporeva: 05.12.2021, 18:57:28] --> nugarinasa appeared
[kaliseporeva: 05.12.2021, 19:05:38] --> nugarinasa appeared
[kaliseporeva: 05.12.2021, 19:05:58] --> nugarinasa appeared
[kaliseporeva: 05.12.2021, 19:06:16] --> nugarinasa appeared
[kaliseporeva: 05.12.2021, 19:06:35] --> nugarinasa appeared
[kaliseporeva: 05.12.2021, 19:08:26] --> Bot successfully started
[kaliseporeva: 05.12.2021, 19:08:26] --> nugarinasa appeared
[kaliseporeva: 05.12.2021, 19:11:06] --> Bot successfully started
[kaliseporeva: 05.12.2021, 19:11:23] --> Character was kicked from the bot, reason: Character was walking
[kaliseporeva: 05.12.2021, 19:11:27] --> fisizupezur appeared
[kaliseporeva: 05.12.2021, 20:08:10] --> Bot successfully started
[kaliseporeva: 05.12.2021, 20:08:11] --> budugomifopi appeared
[kaliseporeva: 05.12.2021, 20:08:19] --> Character was kicked from the bot, reason: Character was walking
[kaliseporeva: 05.12.2021, 20:09:35] --> Bot successfully started
[kaliseporeva: 05.12.2021, 20:10:00] --> GL4DR3TuRn appeared
[kaliseporeva: 05.12.2021, 20:10:08] --> Character was kicked from the bot, reason: Character was walking
[kaliseporeva: 05.12.2021, 20:10:53] --> nugarinasa appeared
[kaliseporeva: 05.12.2021, 20:14:50] --> nugarinasa appeared
[kaliseporeva: 05.12.2021, 20:23:24] --> nugarinasa appeared
[kaliseporeva: 05.12.2021, 20:26:33] --> nugarinasa appeared
[kaliseporeva: 05.12.2021, 20:26:36] --> nugarinasa appeared
[kaliseporeva: 05.12.2021, 20:26:43] --> nugarinasa appeared
[kaliseporeva: 05.12.2021, 20:35:13] --> nugarinasa appeared
[kaliseporeva: 05.12.2021, 20:43:21] --> nugarinasa appeared
[kaliseporeva: 05.12.2021, 20:54:23] --> nugarinasa appeared
[kaliseporeva: 05.12.2021, 21:03:32] --> nugarinasa appeared
[kaliseporeva: 05.12.2021, 21:03:51] --> nugarinasa appeared
[kaliseporeva: 05.12.2021, 21:05:30] --> nugarinasa appeared
[kaliseporeva: 05.12.2021, 21:08:53] --> nugarinasa appeared
[kaliseporeva: 05.12.2021, 21:08:56] --> nugarinasa appeared
[kaliseporeva: 05.12.2021, 21:12:39] --> nugarinasa appeared
[kaliseporeva: 05.12.2021, 21:13:16] --> nugarinasa appeared
[kaliseporeva: 05.12.2021, 21:13:35] --> nugarinasa appeared
[kaliseporeva: 05.12.2021, 21:16:14] --> nugarinasa appeared
[kaliseporeva: 05.12.2021, 21:21:48] --> nugarinasa appeared
[kaliseporeva: 05.12.2021, 21:33:27] --> nugarinasa appeared
[kaliseporeva: 05.12.2021, 21:33:46] --> nugarinasa appeared
[kaliseporeva: 05.12.2021, 21:50:29] --> nugarinasa appeared
[kaliseporeva: 05.12.2021, 21:50:47] --> nugarinasa appeared
[kaliseporeva: 05.12.2021, 21:58:37] --> nugarinasa appeared
[kaliseporeva: 05.12.2021, 22:01:31] --> nugarinasa appeared
[kaliseporeva: 05.12.2021, 22:09:05] --> nugarinasa appeared
[kaliseporeva: 05.12.2021, 22:09:08] --> nugarinasa appeared
[kaliseporeva: 05.12.2021, 22:13:08] --> nugarinasa appeared
[kaliseporeva: 05.12.2021, 22:13:26] --> nugarinasa appeared
[kaliseporeva: 05.12.2021, 22:13:45] --> nugarinasa appeared
[kaliseporeva: 05.12.2021, 22:20:59] --> nugarinasa appeared
[kaliseporeva: 05.12.2021, 22:21:16] --> nugarinasa appeared
[kaliseporeva: 05.12.2021, 22:27:49] --> nugarinasa appeared
[kaliseporeva: 05.12.2021, 22:28:45] --> nugarinasa appeared
[kaliseporeva: 05.12.2021, 22:38:08] --> ISerGI appeared
[kaliseporeva: 05.12.2021, 22:38:34] --> nugarinasa appeared
[kaliseporeva: 05.12.2021, 22:39:51] --> Character got kick
[kaliseporeva: 05.12.2021, 22:42:49] --> Bot successfully started
[kaliseporeva: 05.12.2021, 22:42:49] --> nugarinasa appeared
[kaliseporeva: 05.12.2021, 22:43:55] --> nugarinasa appeared
[kaliseporeva: 05.12.2021, 22:44:32] --> nugarinasa appeared
[kaliseporeva: 05.12.2021, 22:45:43] --> Bot successfully started
[kaliseporeva: 05.12.2021, 22:45:43] --> nugarinasa appeared
[kaliseporeva: 05.12.2021, 22:46:11] --> nugarinasa appeared
[kaliseporeva: 05.12.2021, 22:46:29] --> nugarinasa appeared
[kaliseporeva: 05.12.2021, 22:51:31] --> Chryix appeared
[kaliseporeva: 05.12.2021, 22:51:56] --> Chryix appeared
[kaliseporeva: 05.12.2021, 22:58:02] --> micietta92 appeared
[kaliseporeva: 05.12.2021, 23:00:29] --> micietta92 appeared
[kaliseporeva: 05.12.2021, 23:05:33] --> micietta92 appeared
[kaliseporeva: 05.12.2021, 23:05:50] --> micietta92 appeared
[kaliseporeva: 05.12.2021, 23:08:26] --> micietta92 appeared
[kaliseporeva: 05.12.2021, 23:17:56] --> SempreLizzy appeared
[kaliseporeva: 05.12.2021, 23:23:33] --> Character got kick
[kaliseporeva: 05.12.2021, 23:25:32] --> SempreLizzy appeared
[kaliseporeva: 06.12.2021, 08:13:46] --> Bot successfully started
[kaliseporeva: 06.12.2021, 08:13:46] --> nugarinasa appeared
[kaliseporeva: 06.12.2021, 08:15:59] --> nugarinasa appeared
[kaliseporeva: 06.12.2021, 08:24:07] --> nugarinasa appeared
[kaliseporeva: 06.12.2021, 08:24:27] --> nugarinasa appeared
[kaliseporeva: 06.12.2021, 08:25:04] --> nugarinasa appeared
[kaliseporeva: 06.12.2021, 08:32:15] --> nugarinasa appeared
[kaliseporeva: 06.12.2021, 08:39:51] --> nugarinasa appeared
[kaliseporeva: 06.12.2021, 08:40:08] --> nugarinasa appeared
[kaliseporeva: 06.12.2021, 08:46:04] --> nugarinasa appeared
[kaliseporeva: 06.12.2021, 08:49:23] --> nugarinasa appeared
[kaliseporeva: 06.12.2021, 08:52:25] --> nugarinasa appeared
[kaliseporeva: 06.12.2021, 08:52:42] --> nugarinasa appeared
[kaliseporeva: 06.12.2021, 08:53:01] --> nugarinasa appeared
[kaliseporeva: 06.12.2021, 08:57:47] --> nugarinasa appeared
[kaliseporeva: 06.12.2021, 09:03:06] --> nugarinasa appeared
[kaliseporeva: 06.12.2021, 09:03:24] --> nugarinasa appeared
[kaliseporeva: 06.12.2021, 09:04:03] --> nugarinasa appeared
[kaliseporeva: 06.12.2021, 09:11:53] --> nugarinasa appeared
[kaliseporeva: 06.12.2021, 09:12:32] --> nugarinasa appeared
[kaliseporeva: 06.12.2021, 09:13:09] --> nugarinasa appeared
[kaliseporeva: 06.12.2021, 09:20:39] --> nugarinasa appeared
[kaliseporeva: 06.12.2021, 09:26:07] --> nugarinasa appeared
[kaliseporeva: 06.12.2021, 09:26:10] --> nugarinasa appeared
[kaliseporeva: 06.12.2021, 09:29:31] --> nugarinasa appeared
[kaliseporeva: 06.12.2021, 09:29:52] --> nugarinasa appeared
[kaliseporeva: 06.12.2021, 09:38:39] --> nugarinasa appeared
[kaliseporeva: 06.12.2021, 09:38:59] --> nugarinasa appeared
[kaliseporeva: 06.12.2021, 09:39:37] --> nugarinasa appeared
[kaliseporeva: 06.12.2021, 09:48:07] --> nugarinasa appeared
[kaliseporeva: 06.12.2021, 09:48:26] --> nugarinasa appeared
[kaliseporeva: 06.12.2021, 09:48:45] --> nugarinasa appeared
[kaliseporeva: 06.12.2021, 09:54:25] --> nugarinasa appeared
[kaliseporeva: 06.12.2021, 10:03:15] --> nugarinasa appeared
[kaliseporeva: 06.12.2021, 10:03:34] --> nugarinasa appeared
[kaliseporeva: 06.12.2021, 10:03:55] --> nugarinasa appeared
[kaliseporeva: 06.12.2021, 10:07:16] --> nugarinasa appeared
[kaliseporeva: 06.12.2021, 10:07:21] --> nugarinasa appeared
[kaliseporeva: 06.12.2021, 10:14:12] --> nugarinasa appeared
[kaliseporeva: 06.12.2021, 10:14:16] --> nugarinasa appeared
[kaliseporeva: 06.12.2021, 10:29:00] --> nugarinasa appeared
[kaliseporeva: 06.12.2021, 10:29:18] --> nugarinasa appeared
[kaliseporeva: 06.12.2021, 10:44:59] --> nugarinasa appeared
[kaliseporeva: 06.12.2021, 10:45:18] --> nugarinasa appeared
[kaliseporeva: 06.12.2021, 10:45:37] --> nugarinasa appeared
[kaliseporeva: 06.12.2021, 10:52:08] --> nugarinasa appeared
[kaliseporeva: 06.12.2021, 10:59:39] --> nugarinasa appeared
[kaliseporeva: 06.12.2021, 11:00:22] --> nugarinasa appeared
[kaliseporeva: 06.12.2021, 11:06:47] --> nugarinasa appeared
[kaliseporeva: 06.12.2021, 11:07:06] --> nugarinasa appeared
[kaliseporeva: 06.12.2021, 11:07:25] --> nugarinasa appeared
[kaliseporeva: 06.12.2021, 11:12:41] --> nugarinasa appeared
[kaliseporeva: 06.12.2021, 11:14:00] --> Character got kick
[kaliseporeva: 06.12.2021, 11:16:53] --> Bot successfully started
[kaliseporeva: 06.12.2021, 11:16:53] --> nugarinasa appeared
[kaliseporeva: 06.12.2021, 11:16:58] --> nugarinasa appeared
[kaliseporeva: 06.12.2021, 11:17:57] --> nugarinasa appeared
[kaliseporeva: 06.12.2021, 11:18:16] --> nugarinasa appeared
[kaliseporeva: 06.12.2021, 11:18:35] --> nugarinasa appeared
[kaliseporeva: 06.12.2021, 11:19:13] --> nugarinasa appeared
[kaliseporeva: 06.12.2021, 11:22:20] --> nugarinasa appeared
[kaliseporeva: 06.12.2021, 11:22:40] --> nugarinasa appeared
[kaliseporeva: 06.12.2021, 11:22:58] --> nugarinasa appeared
[kaliseporeva: 06.12.2021, 11:23:17] --> nugarinasa appeared
[kaliseporeva: 06.12.2021, 11:27:29] --> nugarinasa appeared
[kaliseporeva: 06.12.2021, 11:31:17] --> nugarinasa appeared
[kaliseporeva: 06.12.2021, 11:31:20] --> nugarinasa appeared
[kaliseporeva: 06.12.2021, 11:31:29] --> nugarinasa appeared
[kaliseporeva: 06.12.2021, 11:31:47] --> nugarinasa appeared
[kaliseporeva: 06.12.2021, 11:39:38] --> nugarinasa appeared
[kaliseporeva: 06.12.2021, 11:39:57] --> nugarinasa appeared
[kaliseporeva: 06.12.2021, 11:40:16] --> nugarinasa appeared
[kaliseporeva: 06.12.2021, 11:40:34] --> nugarinasa appeared
[kaliseporeva: 06.12.2021, 11:45:39] --> Bot successfully started
[kaliseporeva: 06.12.2021, 11:45:39] --> nugarinasa appeared
[kaliseporeva: 06.12.2021, 11:45:49] --> nugarinasa appeared
[kaliseporeva: 06.12.2021, 11:53:41] --> nugarinasa appeared
[kaliseporeva: 06.12.2021, 11:54:00] --> nugarinasa appeared
[kaliseporeva: 06.12.2021, 11:58:02] --> nugarinasa appeared
[kaliseporeva: 06.12.2021, 12:00:06] --> nugarinasa appeared
[kaliseporeva: 06.12.2021, 12:01:52] --> nugarinasa appeared
[kaliseporeva: 06.12.2021, 12:02:10] --> nugarinasa appeared
[kaliseporeva: 06.12.2021, 12:02:29] --> nugarinasa appeared
[kaliseporeva: 06.12.2021, 12:11:37] --> nugarinasa appeared
[kaliseporeva: 06.12.2021, 12:11:57] --> nugarinasa appeared
[kaliseporeva: 06.12.2021, 12:12:16] --> nugarinasa appeared
[kaliseporeva: 06.12.2021, 12:12:35] --> nugarinasa appeared
[kaliseporeva: 06.12.2021, 12:13:13] --> nugarinasa appeared
[kaliseporeva: 06.12.2021, 12:22:59] --> nugarinasa appeared
[kaliseporeva: 06.12.2021, 12:23:18] --> nugarinasa appeared
[kaliseporeva: 06.12.2021, 12:23:38] --> nugarinasa appeared
[kaliseporeva: 06.12.2021, 12:32:27] --> nugarinasa appeared
[kaliseporeva: 06.12.2021, 12:34:19] --> nugarinasa appeared
[kaliseporeva: 06.12.2021, 12:35:55] --> nugarinasa appeared
[kaliseporeva: 06.12.2021, 12:37:12] --> nugarinasa appeared
[kaliseporeva: 06.12.2021, 12:37:50] --> nugarinasa appeared
[kaliseporeva: 06.12.2021, 12:46:19] --> nugarinasa appeared
[kaliseporeva: 06.12.2021, 12:46:39] --> nugarinasa appeared
[kaliseporeva: 06.12.2021, 12:53:01] --> nugarinasa appeared
[kaliseporeva: 06.12.2021, 12:53:04] --> nugarinasa appeared
[kaliseporeva: 06.12.2021, 12:56:07] --> nugarinasa appeared
[kaliseporeva: 06.12.2021, 12:57:23] --> nugarinasa appeared
[kaliseporeva: 06.12.2021, 12:57:42] --> nugarinasa appeared
[kaliseporeva: 06.12.2021, 13:04:19] --> nugarinasa appeared
[kaliseporeva: 06.12.2021, 13:04:38] --> nugarinasa appeared
[kaliseporeva: 06.12.2021, 13:10:18] --> nugarinasa appeared
[kaliseporeva: 06.12.2021, 13:10:37] --> nugarinasa appeared
[kaliseporeva: 06.12.2021, 13:17:33] --> nugarinasa appeared
[kaliseporeva: 06.12.2021, 13:17:52] --> nugarinasa appeared
[kaliseporeva: 06.12.2021, 14:04:00] --> Astreia appeared
[kaliseporeva: 06.12.2021, 14:08:21] --> tafenirikeki appeared
[kaliseporeva: 06.12.2021, 14:11:01] --> tafenirikeki appeared
[kaliseporeva: 06.12.2021, 14:14:30] --> tafenirikeki appeared
[kaliseporeva: 06.12.2021, 14:19:41] --> nugarinasa appeared
[kaliseporeva: 06.12.2021, 15:03:35] --> tafenirikeki appeared
[kaliseporeva: 06.12.2021, 15:05:49] --> tafenirikeki appeared
[kaliseporeva: 06.12.2021, 15:08:16] --> Bot successfully started
[kaliseporeva: 06.12.2021, 15:08:17] --> tafenirikeki appeared
[kaliseporeva: 06.12.2021, 15:09:19] --> tafenirikeki appeared
[kaliseporeva: 06.12.2021, 15:23:08] --> tafenirikeki appeared
[kaliseporeva: 06.12.2021, 15:24:24] --> tafenirikeki appeared
[kaliseporeva: 06.12.2021, 15:25:39] --> tafenirikeki appeared
[kaliseporeva: 06.12.2021, 15:26:55] --> tafenirikeki appeared
[kaliseporeva: 06.12.2021, 15:28:10] --> tafenirikeki appeared
[kaliseporeva: 06.12.2021, 15:29:25] --> tafenirikeki appeared
[kaliseporeva: 06.12.2021, 15:30:40] --> tafenirikeki appeared
[kaliseporeva: 06.12.2021, 15:36:01] --> tafenirikeki appeared
[kaliseporeva: 06.12.2021, 15:37:33] --> tafenirikeki appeared
[kaliseporeva: 06.12.2021, 15:40:42] --> tafenirikeki appeared
[kaliseporeva: 06.12.2021, 15:51:31] --> tafenirikeki appeared
[kaliseporeva: 06.12.2021, 15:53:54] --> tafenirikeki appeared
[kaliseporeva: 06.12.2021, 16:07:20] --> annilator appeared
[kaliseporeva: 06.12.2021, 16:07:46] --> annilator appeared
[kaliseporeva: 06.12.2021, 16:45:50] --> tafenirikeki appeared
[kaliseporeva: 06.12.2021, 16:47:49] --> tafenirikeki appeared
[kaliseporeva: 06.12.2021, 16:55:58] --> tafenirikeki appeared
[kaliseporeva: 06.12.2021, 16:59:28] --> tafenirikeki appeared
[kaliseporeva: 06.12.2021, 17:06:11] --> Bot successfully started
[kaliseporeva: 06.12.2021, 17:06:11] --> tafenirikeki appeared
[kaliseporeva: 06.12.2021, 17:10:24] --> zocazesofufa appeared
[kaliseporeva: 06.12.2021, 17:10:48] --> Character was kicked from the bot, reason: Character was walking
[kaliseporeva: 06.12.2021, 17:10:52] --> fisizupezur appeared
[kaliseporeva: 06.12.2021, 17:18:18] --> Bot successfully started
[kaliseporeva: 06.12.2021, 17:18:18] --> ririfutiseb appeared
[kaliseporeva: 06.12.2021, 17:20:53] --> Bot successfully started
[kaliseporeva: 06.12.2021, 17:20:54] --> ririfutiseb appeared
[kaliseporeva: 06.12.2021, 17:28:36] --> Bot successfully started
[kaliseporeva: 06.12.2021, 17:28:36] --> ririfutiseb appeared
[kaliseporeva: 07.12.2021, 11:01:22] --> Bot successfully started
[kaliseporeva: 07.12.2021, 11:01:41] --> Character was kicked from the bot, reason: Character was walking
[kaliseporeva: 07.12.2021, 11:01:45] --> lizokezave appeared
[kaliseporeva: 07.12.2021, 11:02:14] --> Character was kicked from the bot, reason: Character was walking
[kaliseporeva: 07.12.2021, 11:10:23] --> IMADROPPER3 appeared
[kaliseporeva: 07.12.2021, 11:16:50] --> TEHHORZZ appeared
[kaliseporeva: 07.12.2021, 11:35:03] --> IMADROPPER3 appeared
[kaliseporeva: 07.12.2021, 11:52:18] --> SURBINOTT appeared
[kaliseporeva: 07.12.2021, 11:55:31] --> Breezedacol appeared
[kaliseporeva: 07.12.2021, 11:55:36] --> Breezedacol appeared
[kaliseporeva: 07.12.2021, 11:59:15] --> Character got kick
[kaliseporeva: 07.12.2021, 11:59:31] --> Character got kick
[kaliseporeva: 07.12.2021, 12:21:12] --> Character got kick
[kaliseporeva: 07.12.2021, 12:22:21] --> ladipabubun appeared
[kaliseporeva: 07.12.2021, 12:22:42] --> ladipabubun appeared
[kaliseporeva: 07.12.2021, 12:23:43] --> ladipabubun appeared
[kaliseporeva: 07.12.2021, 12:25:04] --> ladipabubun appeared
[kaliseporeva: 07.12.2021, 12:25:26] --> ladipabubun appeared
[kaliseporeva: 07.12.2021, 12:26:27] --> ladipabubun appeared
[kaliseporeva: 07.12.2021, 12:26:41] --> ladipabubun appeared
[kaliseporeva: 07.12.2021, 12:26:49] --> ladipabubun appeared
[kaliseporeva: 07.12.2021, 12:27:50] --> ladipabubun appeared
[kaliseporeva: 07.12.2021, 12:28:04] --> ladipabubun appeared
[kaliseporeva: 07.12.2021, 12:29:16] --> ladipabubun appeared
[kaliseporeva: 07.12.2021, 12:30:36] --> ladipabubun appeared
[kaliseporeva: 07.12.2021, 12:31:58] --> ladipabubun appeared
[kaliseporeva: 07.12.2021, 12:32:12] --> ladipabubun appeared
[kaliseporeva: 07.12.2021, 12:32:17] --> ladipabubun appeared
[kaliseporeva: 07.12.2021, 12:32:20] --> ladipabubun appeared
[kaliseporeva: 07.12.2021, 12:33:34] --> ladipabubun appeared
[kaliseporeva: 07.12.2021, 12:33:47] --> ladipabubun appeared
[kaliseporeva: 07.12.2021, 12:33:51] --> ladipabubun appeared
[kaliseporeva: 07.12.2021, 12:33:54] --> ladipabubun appeared
[kaliseporeva: 07.12.2021, 12:34:58] --> ladipabubun appeared
[kaliseporeva: 07.12.2021, 12:35:12] --> ladipabubun appeared
[kaliseporeva: 07.12.2021, 12:35:18] --> ladipabubun appeared
[kaliseporeva: 07.12.2021, 12:36:20] --> ladipabubun appeared
[kaliseporeva: 07.12.2021, 12:36:51] --> ladipabubun appeared
[kaliseporeva: 07.12.2021, 12:38:16] --> totoxxxxxxxx appeared
[kaliseporeva: 07.12.2021, 12:50:28] --> ladipabubun appeared
[kaliseporeva: 07.12.2021, 12:51:50] --> ladipabubun appeared
[kaliseporeva: 07.12.2021, 12:52:05] --> ladipabubun appeared
[kaliseporeva: 07.12.2021, 12:52:22] --> ladipabubun appeared
[kaliseporeva: 07.12.2021, 13:09:35] --> ladipabubun appeared
[kaliseporeva: 07.12.2021, 13:09:48] --> ladipabubun appeared
[kaliseporeva: 07.12.2021, 13:09:57] --> ladipabubun appeared
[kaliseporeva: 07.12.2021, 13:10:07] --> ladipabubun appeared
[kaliseporeva: 07.12.2021, 13:11:20] --> ladipabubun appeared
[kaliseporeva: 07.12.2021, 13:11:34] --> ladipabubun appeared
[kaliseporeva: 07.12.2021, 13:11:42] --> ladipabubun appeared
[kaliseporeva: 07.12.2021, 13:12:42] --> ladipabubun appeared
[kaliseporeva: 07.12.2021, 13:12:57] --> ladipabubun appeared
[kaliseporeva: 07.12.2021, 13:14:06] --> ladipabubun appeared
[kaliseporeva: 07.12.2021, 13:15:26] --> ladipabubun appeared
[kaliseporeva: 07.12.2021, 13:15:39] --> ladipabubun appeared
[kaliseporeva: 07.12.2021, 13:15:48] --> ladipabubun appeared
[kaliseporeva: 07.12.2021, 13:16:49] --> ladipabubun appeared
[kaliseporeva: 07.12.2021, 13:18:16] --> ladipabubun appeared
[kaliseporeva: 07.12.2021, 13:19:36] --> ladipabubun appeared
[kaliseporeva: 07.12.2021, 13:19:49] --> ladipabubun appeared
[kaliseporeva: 07.12.2021, 13:19:56] --> ladipabubun appeared
[kaliseporeva: 07.12.2021, 13:20:59] --> ladipabubun appeared
[kaliseporeva: 07.12.2021, 13:21:14] --> ladipabubun appeared
[kaliseporeva: 07.12.2021, 13:22:29] --> ladipabubun appeared
[kaliseporeva: 07.12.2021, 13:22:44] --> ladipabubun appeared
[kaliseporeva: 07.12.2021, 13:22:54] --> ladipabubun appeared
[kaliseporeva: 07.12.2021, 13:23:59] --> ladipabubun appeared
[kaliseporeva: 07.12.2021, 13:24:13] --> ladipabubun appeared
[kaliseporeva: 07.12.2021, 13:24:23] --> ladipabubun appeared
[kaliseporeva: 07.12.2021, 13:25:26] --> ladipabubun appeared
[kaliseporeva: 07.12.2021, 13:25:39] --> ladipabubun appeared
[kaliseporeva: 07.12.2021, 13:25:47] --> ladipabubun appeared
[kaliseporeva: 07.12.2021, 13:26:49] --> ladipabubun appeared
[kaliseporeva: 07.12.2021, 13:27:03] --> ladipabubun appeared
[kaliseporeva: 07.12.2021, 13:27:12] --> ladipabubun appeared
[kaliseporeva: 07.12.2021, 13:28:12] --> ladipabubun appeared
[kaliseporeva: 07.12.2021, 13:28:28] --> ladipabubun appeared
[kaliseporeva: 07.12.2021, 13:29:38] --> ladipabubun appeared
[kaliseporeva: 07.12.2021, 13:31:12] --> ladipabubun appeared
[kaliseporeva: 07.12.2021, 13:31:27] --> ladipabubun appeared
[kaliseporeva: 07.12.2021, 13:32:34] --> ladipabubun appeared
[kaliseporeva: 07.12.2021, 13:34:06] --> ladipabubun appeared
[kaliseporeva: 07.12.2021, 13:34:17] --> ladipabubun appeared
[kaliseporeva: 07.12.2021, 13:34:25] --> ladipabubun appeared
[kaliseporeva: 07.12.2021, 13:35:41] --> ladipabubun appeared
[kaliseporeva: 07.12.2021, 13:35:52] --> ladipabubun appeared
[kaliseporeva: 07.12.2021, 13:36:01] --> ladipabubun appeared
[kaliseporeva: 07.12.2021, 13:37:30] --> ladipabubun appeared
[kaliseporeva: 07.12.2021, 13:37:46] --> ladipabubun appeared
[kaliseporeva: 07.12.2021, 13:39:13] --> ladipabubun appeared
[kaliseporeva: 07.12.2021, 13:39:31] --> ladipabubun appeared
[kaliseporeva: 07.12.2021, 13:39:41] --> ladipabubun appeared
[kaliseporeva: 07.12.2021, 13:41:04] --> ladipabubun appeared
[kaliseporeva: 07.12.2021, 13:41:21] --> ladipabubun appeared
[kaliseporeva: 07.12.2021, 13:42:36] --> ladipabubun appeared
[kaliseporeva: 07.12.2021, 13:42:48] --> ladipabubun appeared
[kaliseporeva: 07.12.2021, 13:42:57] --> ladipabubun appeared
[kaliseporeva: 07.12.2021, 13:44:00] --> ladipabubun appeared
[kaliseporeva: 07.12.2021, 13:44:18] --> ladipabubun appeared
[kaliseporeva: 07.12.2021, 13:44:22] --> ladipabubun appeared
[kaliseporeva: 07.12.2021, 13:45:28] --> ladipabubun appeared
[kaliseporeva: 07.12.2021, 13:47:06] --> ladipabubun appeared
[kaliseporeva: 07.12.2021, 13:47:22] --> ladipabubun appeared
[kaliseporeva: 07.12.2021, 13:47:35] --> ladipabubun appeared
[kaliseporeva: 07.12.2021, 13:48:54] --> ladipabubun appeared
[kaliseporeva: 07.12.2021, 13:50:36] --> ladipabubun appeared
[kaliseporeva: 07.12.2021, 13:52:22] --> ladipabubun appeared
[kaliseporeva: 07.12.2021, 13:52:36] --> ladipabubun appeared
[kaliseporeva: 07.12.2021, 13:53:54] --> ladipabubun appeared
[kaliseporeva: 07.12.2021, 13:55:22] --> ladipabubun appeared
[kaliseporeva: 07.12.2021, 13:57:06] --> ladipabubun appeared
[kaliseporeva: 07.12.2021, 13:57:25] --> ladipabubun appeared
[kaliseporeva: 07.12.2021, 13:57:31] --> ladipabubun appeared
[kaliseporeva: 07.12.2021, 13:57:39] --> ladipabubun appeared
[kaliseporeva: 07.12.2021, 13:59:01] --> ladipabubun appeared
[kaliseporeva: 07.12.2021, 13:59:25] --> ladipabubun appeared
[kaliseporeva: 07.12.2021, 13:59:31] --> ladipabubun appeared
[kaliseporeva: 07.12.2021, 14:00:40] --> tafenirikeki appeared
[kaliseporeva: 07.12.2021, 14:02:52] --> ladipabubun appeared
[kaliseporeva: 07.12.2021, 14:04:59] --> ladipabubun appeared
[kaliseporeva: 07.12.2021, 14:05:29] --> ladipabubun appeared
[kaliseporeva: 07.12.2021, 14:06:53] --> ladipabubun appeared
[kaliseporeva: 07.12.2021, 14:08:33] --> ladipabubun appeared
[kaliseporeva: 07.12.2021, 14:08:48] --> ladipabubun appeared
[kaliseporeva: 07.12.2021, 14:08:54] --> ladipabubun appeared
[kaliseporeva: 07.12.2021, 14:09:02] --> ladipabubun appeared
[kaliseporeva: 07.12.2021, 14:10:24] --> ladipabubun appeared
[kaliseporeva: 07.12.2021, 14:11:50] --> ladipabubun appeared
[kaliseporeva: 07.12.2021, 14:14:48] --> ladipabubun appeared
[kaliseporeva: 07.12.2021, 14:14:59] --> ladipabubun appeared
[kaliseporeva: 07.12.2021, 14:15:08] --> ladipabubun appeared
[kaliseporeva: 07.12.2021, 14:16:09] --> ladipabubun appeared
[kaliseporeva: 07.12.2021, 14:17:32] --> ladipabubun appeared
[kaliseporeva: 07.12.2021, 14:17:34] --> ladipabubun appeared
[kaliseporeva: 07.12.2021, 14:18:03] --> ladipabubun appeared
[kaliseporeva: 07.12.2021, 14:19:10] --> ladipabubun appeared
[kaliseporeva: 07.12.2021, 14:20:29] --> ladipabubun appeared
[kaliseporeva: 07.12.2021, 14:21:53] --> ladipabubun appeared
[kaliseporeva: 07.12.2021, 14:22:14] --> ladipabubun appeared
[kaliseporeva: 07.12.2021, 14:23:18] --> ladipabubun appeared
[kaliseporeva: 07.12.2021, 14:23:31] --> ladipabubun appeared
[kaliseporeva: 07.12.2021, 14:25:03] --> ladipabubun appeared
[kaliseporeva: 07.12.2021, 14:25:24] --> ladipabubun appeared
[kaliseporeva: 07.12.2021, 14:26:07] --> Bombardina93 appeared
[kaliseporeva: 07.12.2021, 14:26:26] --> ladipabubun appeared
[kaliseporeva: 07.12.2021, 14:26:40] --> ladipabubun appeared
[kaliseporeva: 07.12.2021, 14:27:48] --> ladipabubun appeared
[kaliseporeva: 07.12.2021, 14:28:19] --> ladipabubun appeared
[kaliseporeva: 07.12.2021, 14:29:11] --> ladipabubun appeared
[kaliseporeva: 07.12.2021, 14:29:13] --> ladipabubun appeared
[kaliseporeva: 07.12.2021, 14:30:34] --> ladipabubun appeared
[kaliseporeva: 07.12.2021, 14:31:57] --> ladipabubun appeared
[kaliseporeva: 07.12.2021, 14:32:11] --> ladipabubun appeared
[kaliseporeva: 07.12.2021, 14:32:14] --> ladipabubun appeared
[kaliseporeva: 07.12.2021, 14:32:18] --> ladipabubun appeared
[kaliseporeva: 07.12.2021, 14:33:22] --> ladipabubun appeared
[kaliseporeva: 07.12.2021, 14:33:35] --> ladipabubun appeared
[kaliseporeva: 07.12.2021, 14:34:43] --> ladipabubun appeared
[kaliseporeva: 07.12.2021, 14:36:07] --> ladipabubun appeared
[kaliseporeva: 07.12.2021, 14:36:28] --> ladipabubun appeared
[kaliseporeva: 07.12.2021, 14:37:31] --> ladipabubun appeared
[kaliseporeva: 07.12.2021, 14:38:52] --> ladipabubun appeared
[kaliseporeva: 07.12.2021, 14:40:17] --> ladipabubun appeared
[kaliseporeva: 07.12.2021, 14:41:40] --> ladipabubun appeared
[kaliseporeva: 07.12.2021, 14:41:53] --> ladipabubun appeared
[kaliseporeva: 07.12.2021, 14:43:02] --> ladipabubun appeared
[kaliseporeva: 07.12.2021, 14:43:16] --> ladipabubun appeared
[kaliseporeva: 07.12.2021, 14:43:19] --> ladipabubun appeared
[kaliseporeva: 07.12.2021, 14:43:24] --> ladipabubun appeared
[kaliseporeva: 07.12.2021, 14:43:35] --> ladipabubun appeared
[kaliseporeva: 07.12.2021, 14:44:36] --> ladipabubun appeared
[kaliseporeva: 07.12.2021, 14:44:54] --> ladipabubun appeared
[kaliseporeva: 07.12.2021, 14:46:02] --> ladipabubun appeared
[kaliseporeva: 07.12.2021, 14:46:15] --> ladipabubun appeared
[kaliseporeva: 07.12.2021, 14:47:22] --> ladipabubun appeared
[kaliseporeva: 07.12.2021, 14:48:45] --> ladipabubun appeared
[kaliseporeva: 07.12.2021, 14:49:08] --> ladipabubun appeared
[kaliseporeva: 07.12.2021, 14:50:08] --> ladipabubun appeared
[kaliseporeva: 07.12.2021, 14:50:21] --> ladipabubun appeared
[kaliseporeva: 07.12.2021, 14:50:30] --> ladipabubun appeared
[kaliseporeva: 07.12.2021, 14:51:30] --> ladipabubun appeared
[kaliseporeva: 07.12.2021, 14:51:44] --> ladipabubun appeared
[kaliseporeva: 07.12.2021, 14:52:59] --> ladipabubun appeared
[kaliseporeva: 07.12.2021, 14:53:11] --> ladipabubun appeared
[kaliseporeva: 07.12.2021, 14:53:19] --> ladipabubun appeared
[kaliseporeva: 07.12.2021, 14:56:08] --> ladipabubun appeared
[kaliseporeva: 07.12.2021, 14:57:43] --> ladipabubun appeared
[kaliseporeva: 07.12.2021, 14:58:21] --> TITUBA appeared
[kaliseporeva: 07.12.2021, 15:00:50] --> ladipabubun appeared
[kaliseporeva: 07.12.2021, 15:02:09] --> ladipabubun appeared
[kaliseporeva: 07.12.2021, 15:02:43] --> ladipabubun appeared
[kaliseporeva: 07.12.2021, 15:03:38] --> ladipabubun appeared
[kaliseporeva: 07.12.2021, 15:04:59] --> ladipabubun appeared
[kaliseporeva: 07.12.2021, 15:06:30] --> ladipabubun appeared
[kaliseporeva: 07.12.2021, 15:17:04] --> ladipabubun appeared
[kaliseporeva: 07.12.2021, 15:17:12] --> ladipabubun appeared
[kaliseporeva: 07.12.2021, 15:17:54] --> tafenirikeki appeared
[kaliseporeva: 07.12.2021, 15:17:57] --> tafenirikeki appeared
[kaliseporeva: 07.12.2021, 15:23:43] --> tafenirikeki appeared
[kaliseporeva: 07.12.2021, 15:27:11] --> tafenirikeki appeared
[kaliseporeva: 07.12.2021, 15:31:52] --> tafenirikeki appeared
[kaliseporeva: 07.12.2021, 15:38:49] --> tafenirikeki appeared
[kaliseporeva: 07.12.2021, 15:46:59] --> tafenirikeki appeared
[kaliseporeva: 07.12.2021, 15:50:29] --> tafenirikeki appeared
[kaliseporeva: 07.12.2021, 15:53:57] --> tafenirikeki appeared
[kaliseporeva: 07.12.2021, 16:02:08] --> tafenirikeki appeared
[kaliseporeva: 07.12.2021, 16:03:21] --> tafenirikeki appeared
[kaliseporeva: 07.12.2021, 16:08:04] --> tafenirikeki appeared
[kaliseporeva: 07.12.2021, 16:12:48] --> tafenirikeki appeared
[kaliseporeva: 07.12.2021, 16:25:19] --> tafenirikeki appeared
[kaliseporeva: 07.12.2021, 16:34:37] --> tafenirikeki appeared
[kaliseporeva: 07.12.2021, 16:36:38] --> ladipabubun appeared
[kaliseporeva: 07.12.2021, 16:37:05] --> Character got kick
[kaliseporeva: 07.12.2021, 16:39:59] --> Bot successfully started
[kaliseporeva: 07.12.2021, 16:40:00] --> Dreffire appeared
[kaliseporeva: 07.12.2021, 16:41:01] --> tafenirikeki appeared
[kaliseporeva: 07.12.2021, 16:41:06] --> tafenirikeki appeared
[kaliseporeva: 07.12.2021, 16:50:18] --> tafenirikeki appeared
[kaliseporeva: 07.12.2021, 16:59:42] --> tafenirikeki appeared
[kaliseporeva: 07.12.2021, 17:04:29] --> tafenirikeki appeared
[kaliseporeva: 07.12.2021, 17:05:41] --> tafenirikeki appeared
[kaliseporeva: 07.12.2021, 17:09:28] --> tafenirikeki appeared
[kaliseporeva: 07.12.2021, 17:12:00] --> tafenirikeki appeared
[kaliseporeva: 07.12.2021, 17:15:47] --> tafenirikeki appeared
[kaliseporeva: 07.12.2021, 17:17:06] --> tafenirikeki appeared
[kaliseporeva: 07.12.2021, 17:18:22] --> tafenirikeki appeared
[kaliseporeva: 07.12.2021, 17:30:40] --> ladipabubun appeared
[kaliseporeva: 07.12.2021, 17:46:03] --> tafenirikeki appeared
[kaliseporeva: 07.12.2021, 17:49:07] --> ladipabubun appeared
[kaliseporeva: 07.12.2021, 17:49:20] --> ladipabubun appeared
[kaliseporeva: 07.12.2021, 17:49:55] --> ladipabubun appeared
[kaliseporeva: 07.12.2021, 18:02:29] --> tafenirikeki appeared
[kaliseporeva: 07.12.2021, 18:03:42] --> tafenirikeki appeared
[kaliseporeva: 07.12.2021, 18:07:35] --> ladipabubun appeared
[kaliseporeva: 07.12.2021, 18:07:49] --> ladipabubun appeared
[kaliseporeva: 07.12.2021, 18:07:56] --> ladipabubun appeared
[kaliseporeva: 07.12.2021, 18:08:11] --> tafenirikeki appeared
[kaliseporeva: 07.12.2021, 18:18:55] --> tafenirikeki appeared
[kaliseporeva: 07.12.2021, 18:23:40] --> tafenirikeki appeared
[kaliseporeva: 07.12.2021, 18:24:54] --> tafenirikeki appeared
[kaliseporeva: 07.12.2021, 18:26:08] --> tafenirikeki appeared
[kaliseporeva: 07.12.2021, 18:32:28] --> tafenirikeki appeared
[kaliseporeva: 07.12.2021, 18:38:25] --> ladipabubun appeared
[kaliseporeva: 07.12.2021, 18:38:46] --> ladipabubun appeared
[kaliseporeva: 07.12.2021, 18:38:50] --> ladipabubun appeared
[kaliseporeva: 07.12.2021, 18:40:24] --> ladipabubun appeared
[kaliseporeva: 07.12.2021, 18:42:10] --> ladipabubun appeared
[kaliseporeva: 07.12.2021, 18:43:41] --> ladipabubun appeared
[kaliseporeva: 07.12.2021, 18:43:59] --> ladipabubun appeared
[kaliseporeva: 07.12.2021, 18:44:05] --> ladipabubun appeared
[kaliseporeva: 07.12.2021, 18:44:12] --> ladipabubun appeared
[kaliseporeva: 07.12.2021, 18:45:35] --> ladipabubun appeared
[kaliseporeva: 07.12.2021, 18:45:49] --> ladipabubun appeared
[kaliseporeva: 07.12.2021, 18:47:31] --> ladipabubun appeared
[kaliseporeva: 07.12.2021, 18:47:51] --> ladipabubun appeared
[kaliseporeva: 07.12.2021, 18:49:36] --> ladipabubun appeared
[kaliseporeva: 07.12.2021, 18:49:40] --> ladipabubun appeared
[kaliseporeva: 07.12.2021, 18:51:42] --> ladipabubun appeared
[kaliseporeva: 07.12.2021, 18:53:48] --> ladipabubun appeared
[kaliseporeva: 07.12.2021, 18:54:08] --> ladipabubun appeared
[kaliseporeva: 07.12.2021, 18:54:13] --> ladipabubun appeared
[kaliseporeva: 07.12.2021, 18:54:17] --> ladipabubun appeared
[kaliseporeva: 07.12.2021, 18:55:53] --> ladipabubun appeared
[kaliseporeva: 07.12.2021, 18:55:56] --> ladipabubun appeared
[kaliseporeva: 07.12.2021, 18:56:13] --> ladipabubun appeared
[kaliseporeva: 07.12.2021, 18:57:59] --> ladipabubun appeared
[kaliseporeva: 07.12.2021, 18:58:26] --> ladipabubun appeared
[kaliseporeva: 07.12.2021, 18:59:37] --> ladipabubun appeared
[kaliseporeva: 07.12.2021, 19:01:10] --> ladipabubun appeared
[kaliseporeva: 07.12.2021, 19:02:43] --> ladipabubun appeared
[kaliseporeva: 07.12.2021, 19:02:47] --> ladipabubun appeared
[kaliseporeva: 07.12.2021, 19:03:12] --> ladipabubun appeared
[kaliseporeva: 07.12.2021, 19:04:31] --> ladipabubun appeared
[kaliseporeva: 07.12.2021, 19:06:18] --> ladipabubun appeared
[kaliseporeva: 07.12.2021, 19:06:38] --> ladipabubun appeared
[kaliseporeva: 07.12.2021, 19:06:44] --> ladipabubun appeared
[kaliseporeva: 07.12.2021, 19:06:49] --> ladipabubun appeared
[kaliseporeva: 07.12.2021, 19:08:10] --> HasarDrop appeared
[kaliseporeva: 07.12.2021, 19:10:32] --> Bot successfully started
[kaliseporeva: 07.12.2021, 19:11:16] --> ladipabubun appeared
[kaliseporeva: 07.12.2021, 19:12:47] --> ladipabubun appeared
[kaliseporeva: 07.12.2021, 19:13:00] --> ladipabubun appeared
[kaliseporeva: 07.12.2021, 19:14:15] --> ladipabubun appeared
[kaliseporeva: 07.12.2021, 19:14:18] --> ladipabubun appeared
[kaliseporeva: 07.12.2021, 19:15:45] --> ladipabubun appeared
[kaliseporeva: 07.12.2021, 19:17:18] --> ladipabubun appeared
[kaliseporeva: 07.12.2021, 19:17:32] --> ladipabubun appeared
[kaliseporeva: 07.12.2021, 19:17:41] --> ladipabubun appeared
[kaliseporeva: 07.12.2021, 19:18:47] --> ladipabubun appeared
[kaliseporeva: 07.12.2021, 19:20:18] --> ladipabubun appeared
[kaliseporeva: 07.12.2021, 19:21:21] --> tafenirikeki appeared
[kaliseporeva: 07.12.2021, 19:24:42] --> tafenirikeki appeared
[kaliseporeva: 07.12.2021, 19:41:04] --> tafenirikeki appeared
[kaliseporeva: 07.12.2021, 19:45:46] --> tafenirikeki appeared
[kaliseporeva: 07.12.2021, 19:50:28] --> tafenirikeki appeared
[kaliseporeva: 07.12.2021, 19:59:51] --> tafenirikeki appeared
[kaliseporeva: 07.12.2021, 20:01:09] --> tafenirikeki appeared
[kaliseporeva: 07.12.2021, 20:03:19] --> Bot successfully started
[kaliseporeva: 07.12.2021, 20:03:19] --> tafenirikeki appeared
[kaliseporeva: 07.12.2021, 20:07:08] --> tafenirikeki appeared
[kaliseporeva: 07.12.2021, 20:08:24] --> tafenirikeki appeared
[kaliseporeva: 07.12.2021, 20:15:36] --> tafenirikeki appeared
[kaliseporeva: 07.12.2021, 20:16:29] --> ladipabubun appeared
[kaliseporeva: 07.12.2021, 20:17:34] --> ladipabubun appeared
[kaliseporeva: 07.12.2021, 20:19:04] --> ladipabubun appeared
[kaliseporeva: 07.12.2021, 20:20:40] --> ladipabubun appeared
[kaliseporeva: 07.12.2021, 20:21:18] --> ladipabubun appeared
[kaliseporeva: 07.12.2021, 20:21:35] --> ladipabubun appeared
[kaliseporeva: 07.12.2021, 20:22:54] --> ladipabubun appeared
[kaliseporeva: 07.12.2021, 20:24:49] --> DIVINAOTELMA appeared
[kaliseporeva: 07.12.2021, 20:25:08] --> tafenirikeki appeared
[kaliseporeva: 07.12.2021, 20:26:39] --> tafenirikeki appeared
[kaliseporeva: 07.12.2021, 20:29:48] --> ladipabubun appeared
[kaliseporeva: 07.12.2021, 20:33:16] --> tafenirikeki appeared
[kaliseporeva: 07.12.2021, 20:40:11] --> tafenirikeki appeared
[kaliseporeva: 07.12.2021, 20:44:54] --> tafenirikeki appeared
[kaliseporeva: 07.12.2021, 20:48:23] --> tafenirikeki appeared
[kaliseporeva: 07.12.2021, 20:54:18] --> tafenirikeki appeared
[kaliseporeva: 07.12.2021, 21:00:20] --> tafenirikeki appeared
[kaliseporeva: 07.12.2021, 21:02:51] --> tafenirikeki appeared
[kaliseporeva: 07.12.2021, 21:06:36] --> tafenirikeki appeared
[kaliseporeva: 07.12.2021, 21:11:02] --> tafenirikeki appeared
[kaliseporeva: 07.12.2021, 21:15:28] --> tafenirikeki appeared
[kaliseporeva: 07.12.2021, 21:20:28] --> tafenirikeki appeared
[kaliseporeva: 07.12.2021, 21:21:30] --> ladipabubun appeared
[kaliseporeva: 07.12.2021, 21:22:31] --> ladipabubun appeared
[kaliseporeva: 07.12.2021, 21:41:52] --> tafenirikeki appeared
[kaliseporeva: 07.12.2021, 21:44:39] --> tafenirikeki appeared
[kaliseporeva: 07.12.2021, 21:44:45] --> tafenirikeki appeared
[kaliseporeva: 07.12.2021, 21:50:06] --> ladipabubun appeared
[kaliseporeva: 07.12.2021, 21:50:59] --> tafenirikeki appeared
[kaliseporeva: 07.12.2021, 21:57:37] --> tafenirikeki appeared
[kaliseporeva: 07.12.2021, 21:57:41] --> tafenirikeki appeared
[kaliseporeva: 07.12.2021, 22:01:07] --> tafenirikeki appeared
[kaliseporeva: 07.12.2021, 22:09:16] --> tafenirikeki appeared
[kaliseporeva: 07.12.2021, 22:19:46] --> tafenirikeki appeared
[kaliseporeva: 07.12.2021, 22:24:28] --> tafenirikeki appeared
[kaliseporeva: 07.12.2021, 22:33:51] --> tafenirikeki appeared
[kaliseporeva: 07.12.2021, 22:38:37] --> tafenirikeki appeared
[kaliseporeva: 07.12.2021, 22:39:50] --> tafenirikeki appeared
[kaliseporeva: 07.12.2021, 22:47:05] --> tafenirikeki appeared
[kaliseporeva: 07.12.2021, 22:52:09] --> tafenirikeki appeared
[kaliseporeva: 07.12.2021, 22:55:14] --> tafenirikeki appeared
[kaliseporeva: 07.12.2021, 22:55:54] --> tafenirikeki appeared
[kaliseporeva: 07.12.2021, 22:59:24] --> tafenirikeki appeared
[kaliseporeva: 07.12.2021, 23:04:08] --> tafenirikeki appeared
[kaliseporeva: 07.12.2021, 23:05:22] --> tafenirikeki appeared
[kaliseporeva: 07.12.2021, 23:20:11] --> tafenirikeki appeared
[kaliseporeva: 07.12.2021, 23:21:24] --> tafenirikeki appeared
[kaliseporeva: 07.12.2021, 23:26:11] --> tafenirikeki appeared
[kaliseporeva: 07.12.2021, 23:28:50] --> tafenirikeki appeared
[kaliseporeva: 07.12.2021, 23:37:11] --> tafenirikeki appeared
[kaliseporeva: 07.12.2021, 23:40:40] --> tafenirikeki appeared
[kaliseporeva: 07.12.2021, 23:48:49] --> tafenirikeki appeared
[kaliseporeva: 07.12.2021, 23:53:32] --> tafenirikeki appeared
[kaliseporeva: 08.12.2021, 00:03:16] --> tafenirikeki appeared
[kaliseporeva: 08.12.2021, 00:08:03] --> tafenirikeki appeared
[kaliseporeva: 08.12.2021, 00:09:16] --> tafenirikeki appeared
[kaliseporeva: 08.12.2021, 00:10:29] --> tafenirikeki appeared
[kaliseporeva: 08.12.2021, 00:14:15] --> tafenirikeki appeared
[kaliseporeva: 08.12.2021, 00:15:32] --> tafenirikeki appeared
[kaliseporeva: 08.12.2021, 00:16:46] --> tafenirikeki appeared
[kaliseporeva: 08.12.2021, 00:19:36] --> tafenirikeki appeared
[kaliseporeva: 08.12.2021, 00:20:47] --> tafenirikeki appeared
[kaliseporeva: 08.12.2021, 00:22:06] --> tafenirikeki appeared
[kaliseporeva: 08.12.2021, 00:22:09] --> tafenirikeki appeared
[kaliseporeva: 08.12.2021, 00:23:16] --> tafenirikeki appeared
[kaliseporeva: 08.12.2021, 00:30:18] --> Frioni4k appeared
[kaliseporeva: 08.12.2021, 00:38:32] --> tafenirikeki appeared
[kaliseporeva: 08.12.2021, 00:40:52] --> tafenirikeki appeared
[kaliseporeva: 08.12.2021, 00:45:34] --> tafenirikeki appeared
[kaliseporeva: 08.12.2021, 00:47:21] --> Character got kick
[kaliseporeva: 08.12.2021, 00:50:12] --> Bot successfully started
[kaliseporeva: 08.12.2021, 00:50:12] --> tafenirikeki appeared
[kaliseporeva: 08.12.2021, 00:52:41] --> tafenirikeki appeared
[kaliseporeva: 08.12.2021, 00:59:41] --> tafenirikeki appeared
[kaliseporeva: 08.12.2021, 01:00:15] --> tafenirikeki appeared
[kaliseporeva: 08.12.2021, 01:05:00] --> tafenirikeki appeared
[kaliseporeva: 08.12.2021, 01:08:28] --> tafenirikeki appeared
[kaliseporeva: 08.12.2021, 01:17:54] --> tafenirikeki appeared
[kaliseporeva: 08.12.2021, 01:19:07] --> tafenirikeki appeared
[kaliseporeva: 08.12.2021, 01:26:48] --> tafenirikeki appeared
[kaliseporeva: 08.12.2021, 01:27:01] --> tafenirikeki appeared
[kaliseporeva: 08.12.2021, 01:28:14] --> tafenirikeki appeared
[kaliseporeva: 08.12.2021, 01:34:16] --> tafenirikeki appeared
[kaliseporeva: 08.12.2021, 01:35:27] --> tafenirikeki appeared
[kaliseporeva: 08.12.2021, 01:40:11] --> tafenirikeki appeared
[kaliseporeva: 08.12.2021, 01:41:26] --> tafenirikeki appeared
[kaliseporeva: 08.12.2021, 01:42:43] --> tafenirikeki appeared
[kaliseporeva: 08.12.2021, 01:50:01] --> tafenirikeki appeared
[kaliseporeva: 08.12.2021, 02:01:38] --> tafenirikeki appeared
[kaliseporeva: 08.12.2021, 02:07:27] --> tafenirikeki appeared
[kaliseporeva: 08.12.2021, 02:07:32] --> tafenirikeki appeared
[kaliseporeva: 08.12.2021, 02:11:26] --> tafenirikeki appeared
[kaliseporeva: 08.12.2021, 02:17:26] --> tafenirikeki appeared
[kaliseporeva: 08.12.2021, 02:20:55] --> tafenirikeki appeared
[kaliseporeva: 08.12.2021, 02:25:35] --> tafenirikeki appeared
[kaliseporeva: 08.12.2021, 02:29:04] --> tafenirikeki appeared
[kaliseporeva: 08.12.2021, 02:30:31] --> tafenirikeki appeared
[kaliseporeva: 08.12.2021, 02:31:33] --> tafenirikeki appeared
[kaliseporeva: 08.12.2021, 02:36:15] --> tafenirikeki appeared
[kaliseporeva: 08.12.2021, 02:39:47] --> tafenirikeki appeared
[kaliseporeva: 08.12.2021, 02:41:00] --> tafenirikeki appeared
[kaliseporeva: 08.12.2021, 02:46:01] --> tafenirikeki appeared
[kaliseporeva: 08.12.2021, 02:49:29] --> tafenirikeki appeared
[kaliseporeva: 08.12.2021, 02:54:11] --> tafenirikeki appeared
[kaliseporeva: 08.12.2021, 02:58:53] --> tafenirikeki appeared
[kaliseporeva: 08.12.2021, 03:00:07] --> tafenirikeki appeared
[kaliseporeva: 08.12.2021, 03:02:04] --> tafenirikeki appeared
[kaliseporeva: 08.12.2021, 03:02:08] --> tafenirikeki appeared
[kaliseporeva: 08.12.2021, 03:04:49] --> tafenirikeki appeared
[kaliseporeva: 08.12.2021, 03:09:31] --> tafenirikeki appeared
[kaliseporeva: 08.12.2021, 08:20:33] --> Bot successfully started
[kaliseporeva: 08.12.2021, 08:20:33] --> tafenirikeki appeared
[kaliseporeva: 08.12.2021, 08:20:51] --> tafenirikeki appeared
[kaliseporeva: 08.12.2021, 08:21:56] --> Character was kicked from the bot, reason: Character was walking
[kaliseporeva: 08.12.2021, 08:21:59] --> vecomedika appeared
[kaliseporeva: 08.12.2021, 08:50:25] --> demomarudida appeared
[kaliseporeva: 08.12.2021, 08:52:07] --> Changing into CH2
[kaliseporeva: 08.12.2021, 08:52:15] --> pivififebila appeared
