[ririfutiseb:  04.12.2021, 12:37:57] --> Bot successfully started
[ririfutiseb:  04.12.2021, 12:39:23] --> ZodiaCBom7 appeared
[ririfutiseb:  04.12.2021, 12:41:21] --> Changing into CH3
[ririfutiseb:  04.12.2021, 12:41:30] --> ClzG10P1 appeared
[ririfutiseb:  04.12.2021, 12:46:25] --> Bot successfully started
[ririfutiseb:  04.12.2021, 12:46:25] --> Setting '1' loaded because of active level settings
[ririfutiseb:  04.12.2021, 12:46:32] --> Character went to saleswoman
[ririfutiseb:  04.12.2021, 12:46:36] --> Character was kicked from the bot, reason: Character was walking
[ririfutiseb:  04.12.2021, 12:47:07] --> Character was kicked from the bot, reason: Character was walking
[ririfutiseb:  04.12.2021, 12:47:12] --> pigaviwima appeared
[ririfutiseb:  04.12.2021, 12:47:19] --> Character leveled up to level 2
[ririfutiseb:  04.12.2021, 12:47:20] --> Character leveled up to level 3
[ririfutiseb:  04.12.2021, 12:47:21] --> Character leveled up to level 5
[ririfutiseb:  04.12.2021, 12:47:22] --> MaxMaxFlop appeared
[ririfutiseb:  04.12.2021, 12:47:22] --> Character leveled up to level 7
[ririfutiseb:  04.12.2021, 12:47:24] --> Character leveled up to level 8
[ririfutiseb:  04.12.2021, 12:47:28] --> Character leveled up to level 9
[ririfutiseb:  04.12.2021, 12:47:46] --> Character leveled up to level 10
[ririfutiseb:  04.12.2021, 12:47:49] --> Character leveled up to level 11
[ririfutiseb:  04.12.2021, 12:47:51] --> MaxMaxFlop appeared
[ririfutiseb:  04.12.2021, 12:47:53] --> Character leveled up to level 12
[ririfutiseb:  04.12.2021, 12:47:57] --> Character leveled up to level 13
[ririfutiseb:  04.12.2021, 12:48:00] --> Character leveled up to level 14
[ririfutiseb:  04.12.2021, 12:48:09] --> Character leveled up to level 15
[ririfutiseb:  04.12.2021, 12:48:09] --> Setting '2' loaded because of active level settings
[ririfutiseb:  04.12.2021, 12:48:22] --> Character was kicked from the bot, reason: Character was walking
[ririfutiseb:  04.12.2021, 12:48:32] --> buzigakedac appeared
[ririfutiseb:  04.12.2021, 12:48:48] --> Character was kicked from the bot, reason: Character was walking
[ririfutiseb:  04.12.2021, 12:49:22] --> Character leveled up to level 16
[ririfutiseb:  04.12.2021, 12:49:31] --> Character leveled up to level 17
[ririfutiseb:  04.12.2021, 12:50:04] --> Character leveled up to level 18
[ririfutiseb:  04.12.2021, 12:50:34] --> kibibakelew appeared
[ririfutiseb:  04.12.2021, 12:50:53] --> kibibakelew appeared
[ririfutiseb:  04.12.2021, 12:50:58] --> Character leveled up to level 19
[ririfutiseb:  04.12.2021, 12:50:59] --> Character died
[ririfutiseb:  04.12.2021, 12:51:15] --> vevutovuka appeared
[ririfutiseb:  04.12.2021, 12:51:46] --> kibibakelew appeared
[ririfutiseb:  04.12.2021, 12:51:57] --> Character leveled up to level 20
[ririfutiseb:  04.12.2021, 12:52:41] --> Character leveled up to level 21
[ririfutiseb:  04.12.2021, 12:52:46] --> fibofolozubu appeared
[ririfutiseb:  04.12.2021, 12:52:52] --> fibofolozubu appeared
[ririfutiseb:  04.12.2021, 12:53:36] --> Character leveled up to level 22
[ririfutiseb:  04.12.2021, 12:54:25] --> Character leveled up to level 23
[ririfutiseb:  04.12.2021, 12:55:15] --> Character leveled up to level 24
[ririfutiseb:  04.12.2021, 12:55:19] --> kibibakelew appeared
[ririfutiseb:  04.12.2021, 12:55:39] --> vevutovuka appeared
[ririfutiseb:  04.12.2021, 12:55:58] --> Character leveled up to level 25
[ririfutiseb:  04.12.2021, 12:56:01] --> vevutovuka appeared
[ririfutiseb:  04.12.2021, 12:56:14] --> vevutovuka appeared
[ririfutiseb:  04.12.2021, 12:56:35] --> kibibakelew appeared
[ririfutiseb:  04.12.2021, 12:56:40] --> kibibakelew appeared
[ririfutiseb:  04.12.2021, 12:56:54] --> zunekakobiti appeared
[ririfutiseb:  04.12.2021, 12:56:55] --> Character leveled up to level 26
[ririfutiseb:  04.12.2021, 12:57:05] --> kibibakelew appeared
[ririfutiseb:  04.12.2021, 12:57:18] --> kibibakelew appeared
[ririfutiseb:  04.12.2021, 12:57:52] --> Character leveled up to level 27
[ririfutiseb:  04.12.2021, 12:58:46] --> zunekakobiti appeared
[ririfutiseb:  04.12.2021, 12:59:02] --> Character leveled up to level 28
[ririfutiseb:  04.12.2021, 12:59:11] --> vevutovuka appeared
[ririfutiseb:  04.12.2021, 13:00:11] --> kibibakelew appeared
[ririfutiseb:  04.12.2021, 13:00:30] --> Character leveled up to level 29
[ririfutiseb:  04.12.2021, 13:00:33] --> kibibakelew appeared
[ririfutiseb:  04.12.2021, 13:00:50] --> fibofolozubu appeared
[ririfutiseb:  04.12.2021, 13:01:06] --> fibofolozubu appeared
[ririfutiseb:  04.12.2021, 13:01:26] --> kibibakelew appeared
[ririfutiseb:  04.12.2021, 13:01:35] --> kibibakelew appeared
[ririfutiseb:  04.12.2021, 13:01:40] --> kibibakelew appeared
[ririfutiseb:  04.12.2021, 13:01:46] --> kibibakelew appeared
[ririfutiseb:  04.12.2021, 13:01:51] --> kibibakelew appeared
[ririfutiseb:  04.12.2021, 13:02:00] --> kibibakelew appeared
[ririfutiseb:  04.12.2021, 13:02:14] --> kibibakelew appeared
[ririfutiseb:  04.12.2021, 13:02:18] --> Character leveled up to level 30
[ririfutiseb:  04.12.2021, 13:03:46] --> Character leveled up to level 31
[ririfutiseb:  04.12.2021, 13:03:55] --> vevutovuka appeared
[ririfutiseb:  04.12.2021, 13:04:14] --> vevutovuka appeared
[ririfutiseb:  04.12.2021, 13:04:41] --> vevutovuka appeared
[ririfutiseb:  04.12.2021, 13:05:03] --> kibibakelew appeared
[ririfutiseb:  04.12.2021, 13:05:09] --> kibibakelew appeared
[ririfutiseb:  04.12.2021, 13:05:22] --> Character leveled up to level 32
[ririfutiseb:  04.12.2021, 13:05:27] --> kibibakelew appeared
[ririfutiseb:  04.12.2021, 13:06:13] --> zunekakobiti appeared
[ririfutiseb:  04.12.2021, 13:06:18] --> kibibakelew appeared
[ririfutiseb:  04.12.2021, 13:06:26] --> kibibakelew appeared
[ririfutiseb:  04.12.2021, 13:06:31] --> kibibakelew appeared
[ririfutiseb:  04.12.2021, 13:06:36] --> kibibakelew appeared
[ririfutiseb:  04.12.2021, 13:06:49] --> kibibakelew appeared
[ririfutiseb:  04.12.2021, 13:07:00] --> kibibakelew appeared
[ririfutiseb:  04.12.2021, 13:07:03] --> Character leveled up to level 33
[ririfutiseb:  04.12.2021, 13:07:28] --> vevutovuka appeared
[ririfutiseb:  04.12.2021, 13:07:40] --> vevutovuka appeared
[ririfutiseb:  04.12.2021, 13:07:50] --> vevutovuka appeared
[ririfutiseb:  04.12.2021, 13:08:13] --> vevutovuka appeared
[ririfutiseb:  04.12.2021, 13:08:38] --> nurukituwad appeared
[ririfutiseb:  04.12.2021, 13:09:02] --> Character leveled up to level 34
[ririfutiseb:  04.12.2021, 13:09:10] --> nurukituwad appeared
[ririfutiseb:  04.12.2021, 13:09:54] --> kibibakelew appeared
[ririfutiseb:  04.12.2021, 13:10:00] --> kibibakelew appeared
[ririfutiseb:  04.12.2021, 13:10:12] --> fibofolozubu appeared
[ririfutiseb:  04.12.2021, 13:10:46] --> kibibakelew appeared
[ririfutiseb:  04.12.2021, 13:10:55] --> kibibakelew appeared
[ririfutiseb:  04.12.2021, 13:11:01] --> kibibakelew appeared
[ririfutiseb:  04.12.2021, 13:11:09] --> kibibakelew appeared
[ririfutiseb:  04.12.2021, 13:11:20] --> Character leveled up to level 35
[ririfutiseb:  04.12.2021, 13:11:48] --> zunekakobiti appeared
[ririfutiseb:  04.12.2021, 13:12:00] --> kibibakelew appeared
[ririfutiseb:  04.12.2021, 13:12:14] --> kibibakelew appeared
[ririfutiseb:  04.12.2021, 13:13:21] --> Character died
[ririfutiseb:  04.12.2021, 13:13:34] --> zunekakobiti appeared
[ririfutiseb:  04.12.2021, 13:13:59] --> nurukituwad appeared
[ririfutiseb:  04.12.2021, 13:14:02] --> nurukituwad appeared
[ririfutiseb:  04.12.2021, 13:14:20] --> nurukituwad appeared
[ririfutiseb:  04.12.2021, 13:14:35] --> Character leveled up to level 36
[ririfutiseb:  04.12.2021, 13:15:24] --> nurukituwad appeared
[ririfutiseb:  04.12.2021, 13:15:33] --> kibibakelew appeared
[ririfutiseb:  04.12.2021, 13:15:50] --> kibibakelew appeared
[ririfutiseb:  04.12.2021, 13:15:55] --> kibibakelew appeared
[ririfutiseb:  04.12.2021, 13:16:28] --> kibibakelew appeared
[ririfutiseb:  04.12.2021, 13:16:48] --> nurukituwad appeared
[ririfutiseb:  04.12.2021, 13:17:11] --> kibibakelew appeared
[ririfutiseb:  04.12.2021, 13:17:24] --> kibibakelew appeared
[ririfutiseb:  04.12.2021, 13:17:25] --> Character leveled up to level 37
[ririfutiseb:  04.12.2021, 13:17:38] --> kibibakelew appeared
[ririfutiseb:  04.12.2021, 13:17:48] --> nurukituwad appeared
[ririfutiseb:  04.12.2021, 13:18:23] --> nurukituwad appeared
[ririfutiseb:  04.12.2021, 13:18:43] --> nurukituwad appeared
[ririfutiseb:  04.12.2021, 13:19:20] --> fibofolozubu appeared
[ririfutiseb:  04.12.2021, 13:20:15] --> fibofolozubu appeared
[ririfutiseb:  04.12.2021, 13:20:35] --> kibibakelew appeared
[ririfutiseb:  04.12.2021, 13:20:56] --> kibibakelew appeared
[ririfutiseb:  04.12.2021, 13:21:05] --> Character leveled up to level 38
[ririfutiseb:  04.12.2021, 13:21:15] --> kibibakelew appeared
[ririfutiseb:  04.12.2021, 13:21:47] --> kibibakelew appeared
[ririfutiseb:  04.12.2021, 13:22:01] --> kibibakelew appeared
[ririfutiseb:  04.12.2021, 13:22:32] --> kibibakelew appeared
[ririfutiseb:  04.12.2021, 13:23:10] --> nurukituwad appeared
[ririfutiseb:  04.12.2021, 13:24:04] --> nurukituwad appeared
[ririfutiseb:  04.12.2021, 13:24:26] --> zunekakobiti appeared
[ririfutiseb:  04.12.2021, 13:24:54] --> Character leveled up to level 39
[ririfutiseb:  04.12.2021, 13:25:19] --> kibibakelew appeared
[ririfutiseb:  04.12.2021, 13:25:25] --> kibibakelew appeared
[ririfutiseb:  04.12.2021, 13:25:39] --> nurukituwad appeared
[ririfutiseb:  04.12.2021, 13:25:43] --> kibibakelew appeared
[ririfutiseb:  04.12.2021, 13:26:31] --> nurukituwad appeared
[ririfutiseb:  04.12.2021, 13:27:02] --> fibofolozubu appeared
[ririfutiseb:  04.12.2021, 13:27:55] --> zunekakobiti appeared
[ririfutiseb:  04.12.2021, 13:28:02] --> nurukituwad appeared
[ririfutiseb:  04.12.2021, 13:28:07] --> nurukituwad appeared
[ririfutiseb:  04.12.2021, 13:28:13] --> kibibakelew appeared
[ririfutiseb:  04.12.2021, 13:28:34] --> nurukituwad appeared
[ririfutiseb:  04.12.2021, 13:28:54] --> kibibakelew appeared
[ririfutiseb:  04.12.2021, 13:28:59] --> nurukituwad appeared
[ririfutiseb:  04.12.2021, 13:29:20] --> Character leveled up to level 40
[ririfutiseb:  04.12.2021, 13:29:34] --> nurukituwad appeared
[ririfutiseb:  04.12.2021, 13:30:27] --> nurukituwad appeared
[ririfutiseb:  04.12.2021, 13:31:30] --> nurukituwad appeared
[ririfutiseb:  04.12.2021, 13:32:23] --> nurukituwad appeared
[ririfutiseb:  04.12.2021, 13:32:53] --> kibibakelew appeared
[ririfutiseb:  04.12.2021, 13:33:06] --> kibibakelew appeared
[ririfutiseb:  04.12.2021, 13:34:10] --> Character leveled up to level 41
[ririfutiseb:  04.12.2021, 13:34:21] --> fibofolozubu appeared
[ririfutiseb:  04.12.2021, 13:34:29] --> fibofolozubu appeared
[ririfutiseb:  04.12.2021, 13:34:36] --> nurukituwad appeared
[ririfutiseb:  04.12.2021, 13:34:42] --> zunekakobiti appeared
[ririfutiseb:  04.12.2021, 13:34:52] --> fibofolozubu appeared
[ririfutiseb:  04.12.2021, 13:35:02] --> fibofolozubu appeared
[ririfutiseb:  04.12.2021, 13:35:06] --> fibofolozubu appeared
[ririfutiseb:  04.12.2021, 13:35:25] --> nurukituwad appeared
[ririfutiseb:  04.12.2021, 13:36:06] --> kibibakelew appeared
[ririfutiseb:  04.12.2021, 13:37:21] --> kibibakelew appeared
[ririfutiseb:  04.12.2021, 13:37:27] --> kibibakelew appeared
[ririfutiseb:  04.12.2021, 13:37:41] --> kibibakelew appeared
[ririfutiseb:  04.12.2021, 13:37:54] --> nurukituwad appeared
[ririfutiseb:  04.12.2021, 13:38:17] --> nurukituwad appeared
[ririfutiseb:  04.12.2021, 13:38:54] --> nurukituwad appeared
[ririfutiseb:  04.12.2021, 13:39:09] --> Character leveled up to level 42
[ririfutiseb:  04.12.2021, 13:39:36] --> zunekakobiti appeared
[ririfutiseb:  04.12.2021, 13:39:41] --> zunekakobiti appeared
[ririfutiseb:  04.12.2021, 13:39:46] --> nurukituwad appeared
[ririfutiseb:  04.12.2021, 13:44:15] --> Bot successfully started
[ririfutiseb:  04.12.2021, 13:44:16] --> nurukituwad appeared
[ririfutiseb:  04.12.2021, 13:44:16] --> Setting 'okey 1' loaded because of active level settings
[ririfutiseb:  04.12.2021, 13:44:46] --> Character was kicked from the bot, reason: Character was walking
[ririfutiseb:  04.12.2021, 13:44:55] --> JeCFQUK1g appeared
[ririfutiseb:  04.12.2021, 13:45:16] --> RebelW appeared
[ririfutiseb:  04.12.2021, 13:45:19] --> Character was kicked from the bot, reason: Character was walking
[ririfutiseb:  04.12.2021, 13:45:22] --> girizezifa appeared
[ririfutiseb:  04.12.2021, 13:46:07] --> Character was kicked from the bot, reason: Character was walking
[ririfutiseb:  04.12.2021, 13:46:10] --> buwizivigacu appeared
[ririfutiseb:  04.12.2021, 13:46:19] --> Character was kicked from the bot, reason: Character was walking
[ririfutiseb:  04.12.2021, 13:46:38] --> Character was kicked from the bot, reason: Character was walking
[ririfutiseb:  04.12.2021, 13:46:41] --> zepazapive appeared
[ririfutiseb:  04.12.2021, 13:46:57] --> Character was kicked from the bot, reason: Character was walking
[ririfutiseb:  04.12.2021, 13:47:31] --> Character was kicked from the bot, reason: Character was walking
[ririfutiseb:  04.12.2021, 13:47:35] --> kehumaseri appeared
[ririfutiseb:  04.12.2021, 13:47:49] --> Character was kicked from the bot, reason: Character was walking
[ririfutiseb:  04.12.2021, 13:47:53] --> girizezifa appeared
[ririfutiseb:  04.12.2021, 13:48:00] --> Changing into CH9
[ririfutiseb:  04.12.2021, 13:48:09] --> Changing into CH1
[ririfutiseb:  04.12.2021, 13:48:30] --> Changing into CH2
[ririfutiseb:  04.12.2021, 13:48:37] --> fakurekicesi appeared
[ririfutiseb:  04.12.2021, 13:49:01] --> Character was kicked from the bot, reason: Character was walking
[ririfutiseb:  04.12.2021, 13:49:05] --> zepozazakuk appeared
[ririfutiseb:  04.12.2021, 13:49:11] --> Changing into CH1
[ririfutiseb:  04.12.2021, 13:52:20] --> Character got kick
[ririfutiseb:  04.12.2021, 13:54:20] --> PupettaSura appeared
[ririfutiseb:  04.12.2021, 13:55:12] --> Changing into CH1
[ririfutiseb:  04.12.2021, 13:55:28] --> Character was kicked from the bot, reason: Character was walking
[ririfutiseb:  04.12.2021, 13:56:12] --> Character leveled up to level 43
[ririfutiseb:  04.12.2021, 13:58:34] --> Mantralinks appeared
[ririfutiseb:  04.12.2021, 13:59:20] --> guerrierona5 appeared
[ririfutiseb:  04.12.2021, 14:01:27] --> Character leveled up to level 44
[ririfutiseb:  04.12.2021, 14:07:18] --> Character leveled up to level 45
[ririfutiseb:  04.12.2021, 14:13:49] --> Character leveled up to level 46
[ririfutiseb:  04.12.2021, 14:16:43] --> viduseceni appeared
[ririfutiseb:  04.12.2021, 14:28:44] --> Character leveled up to level 47
[ririfutiseb:  04.12.2021, 14:54:45] --> Character leveled up to level 48
[ririfutiseb:  04.12.2021, 15:03:40] --> Character died
[ririfutiseb:  04.12.2021, 15:03:58] --> Character died
[ririfutiseb:  04.12.2021, 15:03:58] --> viduseceni appeared
[ririfutiseb:  04.12.2021, 15:25:30] --> Character leveled up to level 49
[ririfutiseb:  04.12.2021, 15:32:09] --> Character died
[ririfutiseb:  04.12.2021, 15:43:13] --> viduseceni appeared
[ririfutiseb:  04.12.2021, 15:46:38] --> viduseceni appeared
[ririfutiseb:  04.12.2021, 15:50:44] --> Character leveled up to level 50
[ririfutiseb:  04.12.2021, 16:20:30] --> viduseceni appeared
[ririfutiseb:  04.12.2021, 16:38:31] --> viduseceni appeared
[ririfutiseb:  04.12.2021, 16:39:24] --> JirayaZen appeared
[ririfutiseb:  04.12.2021, 16:56:48] --> Character was kicked from the bot, reason: Character was walking
[ririfutiseb:  04.12.2021, 16:56:53] --> ImpervM appeared
[ririfutiseb:  04.12.2021, 16:58:35] --> Character was kicked from the bot, reason: Character was walking
[ririfutiseb:  04.12.2021, 16:58:54] --> Character was kicked from the bot, reason: Character was walking
[ririfutiseb:  04.12.2021, 16:58:58] --> vecomedika appeared
[ririfutiseb:  04.12.2021, 16:59:17] --> xXVictoriaxX appeared
[ririfutiseb:  04.12.2021, 16:59:26] --> Character was kicked from the bot, reason: Character was walking
[ririfutiseb:  04.12.2021, 17:11:07] --> Terrremoto1 appeared
[ririfutiseb:  04.12.2021, 18:03:41] --> MIG22 appeared
[ririfutiseb:  04.12.2021, 18:33:55] --> Sabaody appeared
[ririfutiseb:  04.12.2021, 18:53:57] --> ParadiseXx appeared
[ririfutiseb:  04.12.2021, 19:06:19] --> BigFranko appeared
[ririfutiseb:  04.12.2021, 19:35:24] --> Character got kick
[ririfutiseb:  04.12.2021, 19:37:52] --> Bot successfully started
[ririfutiseb:  04.12.2021, 19:37:52] --> Setting 'okey 2' loaded because of active level settings
[ririfutiseb:  04.12.2021, 19:38:00] --> Character died
[ririfutiseb:  04.12.2021, 19:38:13] --> Character died
[ririfutiseb:  04.12.2021, 19:45:15] --> Bot successfully started
[ririfutiseb:  04.12.2021, 19:45:15] --> Setting 'okey 2' loaded because of active level settings
[ririfutiseb:  04.12.2021, 19:59:55] --> B3rsy92 appeared
[ririfutiseb:  04.12.2021, 20:30:33] --> jDevil24 appeared
[ririfutiseb:  04.12.2021, 20:30:45] --> PinkFreud appeared
[ririfutiseb:  04.12.2021, 20:41:11] --> MUGIMAG appeared
[ririfutiseb:  04.12.2021, 20:55:38] --> xBadCompany appeared
[ririfutiseb:  04.12.2021, 20:57:31] --> xBadCompany appeared
[ririfutiseb:  04.12.2021, 20:57:40] --> xBadCompany appeared
[ririfutiseb:  04.12.2021, 20:57:48] --> xBadCompany appeared
[ririfutiseb:  04.12.2021, 20:57:57] --> xBadCompany appeared
[ririfutiseb:  04.12.2021, 20:58:05] --> xBadCompany appeared
[ririfutiseb:  04.12.2021, 20:58:13] --> xBadCompany appeared
[ririfutiseb:  04.12.2021, 21:20:35] --> PinkFreud appeared
[ririfutiseb:  04.12.2021, 21:26:30] --> LeatherFace8 appeared
[ririfutiseb:  04.12.2021, 21:42:44] --> LeatherFace8 appeared
[ririfutiseb:  04.12.2021, 21:50:45] --> karltheone appeared
[ririfutiseb:  04.12.2021, 21:55:08] --> Character got kick
[ririfutiseb:  04.12.2021, 22:02:32] --> MasterTaicho appeared
[ririfutiseb:  04.12.2021, 22:04:56] --> TEHHORZZ appeared
[ririfutiseb:  04.12.2021, 22:50:39] --> WarMaster003 appeared
[ririfutiseb:  04.12.2021, 23:07:45] --> Character got kick
[ririfutiseb:  05.12.2021, 00:48:31] --> Zausel02 appeared
[ririfutiseb:  05.12.2021, 00:53:37] --> ERCANGUROBUF appeared
[ririfutiseb:  05.12.2021, 00:59:06] --> Bot successfully started
[ririfutiseb:  05.12.2021, 00:59:07] --> Setting 'okey 1' loaded because of active level settings
[ririfutiseb:  05.12.2021, 00:59:15] --> Character was kicked from the bot, reason: Character was walking
[ririfutiseb:  05.12.2021, 00:59:18] --> kepavavokip appeared
[ririfutiseb:  05.12.2021, 01:04:56] --> Bot successfully started
[ririfutiseb:  05.12.2021, 01:04:56] --> kepavavokip appeared
[ririfutiseb:  05.12.2021, 01:05:04] --> Character was kicked from the bot, reason: Character was walking
[ririfutiseb:  05.12.2021, 01:05:07] --> kaliseporeva appeared
[ririfutiseb:  05.12.2021, 01:29:34] --> scinobio appeared
[ririfutiseb:  05.12.2021, 01:45:49] --> Landola1 appeared
[ririfutiseb:  05.12.2021, 01:57:40] --> micietta92 appeared
[ririfutiseb:  05.12.2021, 02:00:36] --> MEGASHOPXXXX appeared
[ririfutiseb:  05.12.2021, 02:00:40] --> MEGASHOPXXXX appeared
[ririfutiseb:  05.12.2021, 02:00:51] --> MEGASHOPXXXX appeared
[ririfutiseb:  05.12.2021, 02:01:03] --> MEGASHOPXXXX appeared
[ririfutiseb:  05.12.2021, 02:01:13] --> MEGASHOPXXXX appeared
[ririfutiseb:  05.12.2021, 02:01:24] --> MEGASHOPXXXX appeared
[ririfutiseb:  05.12.2021, 02:01:36] --> MEGASHOPXXXX appeared
[ririfutiseb:  05.12.2021, 02:01:47] --> MEGASHOPXXXX appeared
[ririfutiseb:  05.12.2021, 02:01:58] --> MEGASHOPXXXX appeared
[ririfutiseb:  05.12.2021, 02:02:08] --> MEGASHOPXXXX appeared
[ririfutiseb:  05.12.2021, 02:02:19] --> MEGASHOPXXXX appeared
[ririfutiseb:  05.12.2021, 02:02:31] --> MEGASHOPXXXX appeared
[ririfutiseb:  05.12.2021, 02:02:41] --> MEGASHOPXXXX appeared
[ririfutiseb:  05.12.2021, 02:02:52] --> MEGASHOPXXXX appeared
[ririfutiseb:  05.12.2021, 02:03:05] --> MEGASHOPXXXX appeared
[ririfutiseb:  05.12.2021, 02:03:15] --> MEGASHOPXXXX appeared
[ririfutiseb:  05.12.2021, 02:03:25] --> MEGASHOPXXXX appeared
[ririfutiseb:  05.12.2021, 02:03:36] --> MEGASHOPXXXX appeared
[ririfutiseb:  05.12.2021, 02:04:09] --> MEGASHOPXXXX appeared
[ririfutiseb:  05.12.2021, 02:04:21] --> MEGASHOPXXXX appeared
[ririfutiseb:  05.12.2021, 02:04:32] --> MEGASHOPXXXX appeared
[ririfutiseb:  05.12.2021, 02:04:43] --> MEGASHOPXXXX appeared
[ririfutiseb:  05.12.2021, 02:04:53] --> MEGASHOPXXXX appeared
[ririfutiseb:  05.12.2021, 02:05:16] --> MEGASHOPXXXX appeared
[ririfutiseb:  05.12.2021, 02:05:27] --> MEGASHOPXXXX appeared
[ririfutiseb:  05.12.2021, 02:05:38] --> MEGASHOPXXXX appeared
[ririfutiseb:  05.12.2021, 02:05:49] --> MEGASHOPXXXX appeared
[ririfutiseb:  05.12.2021, 02:06:00] --> MEGASHOPXXXX appeared
[ririfutiseb:  05.12.2021, 02:06:13] --> MEGASHOPXXXX appeared
[ririfutiseb:  05.12.2021, 02:06:25] --> MEGASHOPXXXX appeared
[ririfutiseb:  05.12.2021, 02:06:34] --> MEGASHOPXXXX appeared
[ririfutiseb:  05.12.2021, 02:06:44] --> MEGASHOPXXXX appeared
[ririfutiseb:  05.12.2021, 02:06:56] --> MEGASHOPXXXX appeared
[ririfutiseb:  05.12.2021, 02:07:19] --> MEGASHOPXXXX appeared
[ririfutiseb:  05.12.2021, 02:07:29] --> MEGASHOPXXXX appeared
[ririfutiseb:  05.12.2021, 02:07:40] --> MEGASHOPXXXX appeared
[ririfutiseb:  05.12.2021, 02:07:51] --> MEGASHOPXXXX appeared
[ririfutiseb:  05.12.2021, 02:08:02] --> MEGASHOPXXXX appeared
[ririfutiseb:  05.12.2021, 02:08:14] --> MEGASHOPXXXX appeared
[ririfutiseb:  05.12.2021, 02:08:24] --> MEGASHOPXXXX appeared
[ririfutiseb:  05.12.2021, 02:08:37] --> MEGASHOPXXXX appeared
[ririfutiseb:  05.12.2021, 02:08:46] --> MEGASHOPXXXX appeared
[ririfutiseb:  05.12.2021, 02:08:58] --> MEGASHOPXXXX appeared
[ririfutiseb:  05.12.2021, 02:09:08] --> MEGASHOPXXXX appeared
[ririfutiseb:  05.12.2021, 02:09:21] --> MEGASHOPXXXX appeared
[ririfutiseb:  05.12.2021, 02:09:32] --> MEGASHOPXXXX appeared
[ririfutiseb:  05.12.2021, 02:09:42] --> MEGASHOPXXXX appeared
[ririfutiseb:  05.12.2021, 02:09:53] --> MEGASHOPXXXX appeared
[ririfutiseb:  05.12.2021, 02:10:04] --> MEGASHOPXXXX appeared
[ririfutiseb:  05.12.2021, 02:10:15] --> MEGASHOPXXXX appeared
[ririfutiseb:  05.12.2021, 02:10:25] --> TeenGroppo appeared
[ririfutiseb:  05.12.2021, 02:10:38] --> MEGASHOPXXXX appeared
[ririfutiseb:  05.12.2021, 02:10:50] --> MEGASHOPXXXX appeared
[ririfutiseb:  05.12.2021, 02:11:01] --> MEGASHOPXXXX appeared
[ririfutiseb:  05.12.2021, 02:11:12] --> MEGASHOPXXXX appeared
[ririfutiseb:  05.12.2021, 02:11:22] --> MEGASHOPXXXX appeared
[ririfutiseb:  05.12.2021, 02:11:45] --> MEGASHOPXXXX appeared
[ririfutiseb:  05.12.2021, 02:11:57] --> MEGASHOPXXXX appeared
[ririfutiseb:  05.12.2021, 02:12:06] --> MEGASHOPXXXX appeared
[ririfutiseb:  05.12.2021, 02:12:19] --> MEGASHOPXXXX appeared
[ririfutiseb:  05.12.2021, 02:12:29] --> MEGASHOPXXXX appeared
[ririfutiseb:  05.12.2021, 02:12:40] --> MEGASHOPXXXX appeared
[ririfutiseb:  05.12.2021, 02:12:51] --> MEGASHOPXXXX appeared
[ririfutiseb:  05.12.2021, 02:13:01] --> MEGASHOPXXXX appeared
[ririfutiseb:  05.12.2021, 02:13:15] --> MEGASHOPXXXX appeared
[ririfutiseb:  05.12.2021, 02:13:24] --> MEGASHOPXXXX appeared
[ririfutiseb:  05.12.2021, 02:13:36] --> MEGASHOPXXXX appeared
[ririfutiseb:  05.12.2021, 02:13:46] --> MEGASHOPXXXX appeared
[ririfutiseb:  05.12.2021, 02:13:59] --> MEGASHOPXXXX appeared
[ririfutiseb:  05.12.2021, 02:14:09] --> MEGASHOPXXXX appeared
[ririfutiseb:  05.12.2021, 02:14:20] --> MEGASHOPXXXX appeared
[ririfutiseb:  05.12.2021, 02:14:31] --> MEGASHOPXXXX appeared
[ririfutiseb:  05.12.2021, 02:14:41] --> MEGASHOPXXXX appeared
[ririfutiseb:  05.12.2021, 02:14:53] --> MEGASHOPXXXX appeared
[ririfutiseb:  05.12.2021, 02:15:05] --> MEGASHOPXXXX appeared
[ririfutiseb:  05.12.2021, 02:17:50] --> micietta92 appeared
[ririfutiseb:  05.12.2021, 02:17:53] --> micietta92 appeared
[ririfutiseb:  05.12.2021, 02:52:40] --> notJuice appeared
[ririfutiseb:  05.12.2021, 10:09:06] --> Bot successfully started
[ririfutiseb:  05.12.2021, 10:10:16] --> Character was kicked from the bot, reason: Character was walking
[ririfutiseb:  05.12.2021, 10:10:20] --> fisizupezur appeared
[ririfutiseb:  05.12.2021, 10:47:56] --> Changing into CH2
[ririfutiseb:  05.12.2021, 10:48:51] --> Bot successfully started
[ririfutiseb:  05.12.2021, 10:48:51] --> kozogibinal appeared
[ririfutiseb:  05.12.2021, 11:20:27] --> Bot successfully started
[ririfutiseb:  05.12.2021, 11:20:28] --> cabafavozu appeared
[ririfutiseb:  05.12.2021, 11:23:36] --> Bot successfully started
[ririfutiseb:  05.12.2021, 11:23:36] --> gopoheruzivo appeared
[ririfutiseb:  05.12.2021, 11:23:55] --> Character was kicked from the bot, reason: Character was walking
[ririfutiseb:  05.12.2021, 11:24:20] --> dabigesotifu appeared
[ririfutiseb:  05.12.2021, 11:24:29] --> Character was kicked from the bot, reason: Character was walking
[ririfutiseb:  05.12.2021, 11:42:32] --> Mantralinks appeared
[ririfutiseb:  05.12.2021, 11:42:41] --> Mantralinks appeared
[ririfutiseb:  05.12.2021, 11:45:14] --> LadyEileen appeared
[ririfutiseb:  05.12.2021, 12:16:52] --> AlyWoman appeared
[ririfutiseb:  05.12.2021, 12:35:23] --> Lagh3rta appeared
[ririfutiseb:  05.12.2021, 12:37:48] --> XxDarker97xX appeared
[ririfutiseb:  05.12.2021, 12:37:58] --> XxDarker97xX appeared
[ririfutiseb:  05.12.2021, 12:55:10] --> PirateHunter appeared
[ririfutiseb:  05.12.2021, 12:57:05] --> WarriorGameB appeared
[ririfutiseb:  05.12.2021, 12:57:22] --> WarriorGameB appeared
[ririfutiseb:  05.12.2021, 13:04:07] --> SirSuraWhite appeared
[ririfutiseb:  05.12.2021, 13:21:10] --> gabibbo9320 appeared
[ririfutiseb:  05.12.2021, 13:27:48] --> TRICKeBaLLac appeared
[ririfutiseb:  05.12.2021, 13:48:43] --> KLioner appeared
[ririfutiseb:  05.12.2021, 14:15:24] --> MATRIX46 appeared
[ririfutiseb:  05.12.2021, 14:16:45] --> MATRIX46 appeared
[ririfutiseb:  05.12.2021, 14:21:56] --> Character got kick
[ririfutiseb:  05.12.2021, 14:24:44] --> Bot successfully started
[ririfutiseb:  05.12.2021, 14:26:18] --> MATRIX46 appeared
[ririfutiseb:  05.12.2021, 14:26:20] --> MATRIX46 appeared
[ririfutiseb:  05.12.2021, 14:57:25] --> Bot successfully started
[ririfutiseb:  05.12.2021, 15:00:51] --> TeenGroppo appeared
[ririfutiseb:  05.12.2021, 15:01:00] --> TeenGroppo appeared
[ririfutiseb:  05.12.2021, 15:02:33] --> Dreffire appeared
[ririfutiseb:  05.12.2021, 15:03:11] --> Dreffire appeared
[ririfutiseb:  05.12.2021, 15:05:45] --> annilator appeared
[ririfutiseb:  05.12.2021, 15:13:40] --> jDevil24 appeared
[ririfutiseb:  05.12.2021, 15:21:43] --> Dreffire appeared
[ririfutiseb:  05.12.2021, 15:23:15] --> SirGuaro appeared
[ririfutiseb:  05.12.2021, 15:51:24] --> HasarDPe appeared
[ririfutiseb:  05.12.2021, 16:12:29] --> HasarDPe appeared
[ririfutiseb:  05.12.2021, 16:35:24] --> TeenGroppo appeared
[ririfutiseb:  05.12.2021, 16:47:56] --> Bombardina93 appeared
[ririfutiseb:  05.12.2021, 16:53:24] --> Character died
[ririfutiseb:  05.12.2021, 16:53:25] --> Character got kick
[ririfutiseb:  05.12.2021, 16:53:31] --> Character got kick
[ririfutiseb:  05.12.2021, 16:54:38] --> Bot successfully started
[ririfutiseb:  05.12.2021, 16:54:48] --> Character died
[ririfutiseb:  05.12.2021, 16:55:02] --> Character died
[ririfutiseb:  05.12.2021, 16:56:30] --> CyberRu appeared
[ririfutiseb:  05.12.2021, 16:56:59] --> CyberRu appeared
[ririfutiseb:  05.12.2021, 16:57:09] --> CyberRu appeared
[ririfutiseb:  05.12.2021, 16:57:20] --> CyberRu appeared
[ririfutiseb:  05.12.2021, 16:57:42] --> CyberRu appeared
[ririfutiseb:  05.12.2021, 17:21:20] --> bissa appeared
[ririfutiseb:  05.12.2021, 17:30:07] --> PolpoPazzo appeared
[ririfutiseb:  05.12.2021, 17:51:58] --> BackoffLuff2 appeared
[ririfutiseb:  05.12.2021, 17:57:40] --> Dressrosa appeared
[ririfutiseb:  05.12.2021, 17:58:50] --> Dressrosa appeared
[ririfutiseb:  05.12.2021, 18:12:43] --> Dressrosa appeared
[ririfutiseb:  05.12.2021, 18:12:55] --> Dressrosa appeared
[ririfutiseb:  05.12.2021, 18:13:07] --> Dressrosa appeared
[ririfutiseb:  05.12.2021, 18:13:17] --> Dressrosa appeared
[ririfutiseb:  05.12.2021, 18:33:20] --> bobuzezazup appeared
[ririfutiseb:  05.12.2021, 18:33:29] --> bobuzezazup appeared
[ririfutiseb:  05.12.2021, 18:34:46] --> bobuzezazup appeared
[ririfutiseb:  05.12.2021, 18:37:20] --> bobuzezazup appeared
[ririfutiseb:  05.12.2021, 18:37:31] --> bobuzezazup appeared
[ririfutiseb:  05.12.2021, 18:37:53] --> bobuzezazup appeared
[ririfutiseb:  05.12.2021, 18:39:42] --> bobuzezazup appeared
[ririfutiseb:  05.12.2021, 18:42:10] --> bobuzezazup appeared
[ririfutiseb:  05.12.2021, 18:42:39] --> bobuzezazup appeared
[ririfutiseb:  05.12.2021, 18:45:21] --> bobuzezazup appeared
[ririfutiseb:  05.12.2021, 18:45:26] --> bobuzezazup appeared
[ririfutiseb:  05.12.2021, 18:45:57] --> bobuzezazup appeared
[ririfutiseb:  05.12.2021, 18:46:19] --> bobuzezazup appeared
[ririfutiseb:  05.12.2021, 18:47:16] --> bobuzezazup appeared
[ririfutiseb:  05.12.2021, 18:48:10] --> bobuzezazup appeared
[ririfutiseb:  05.12.2021, 18:49:04] --> bobuzezazup appeared
[ririfutiseb:  05.12.2021, 18:50:00] --> bobuzezazup appeared
[ririfutiseb:  05.12.2021, 18:52:11] --> bobuzezazup appeared
[ririfutiseb:  05.12.2021, 18:53:06] --> bobuzezazup appeared
[ririfutiseb:  05.12.2021, 18:54:01] --> bobuzezazup appeared
[ririfutiseb:  05.12.2021, 18:54:25] --> bobuzezazup appeared
[ririfutiseb:  05.12.2021, 18:55:20] --> bobuzezazup appeared
[ririfutiseb:  05.12.2021, 18:57:46] --> bobuzezazup appeared
[ririfutiseb:  05.12.2021, 18:57:55] --> bobuzezazup appeared
[ririfutiseb:  05.12.2021, 18:58:56] --> Character died
[ririfutiseb:  05.12.2021, 19:02:04] --> Bot successfully started
[ririfutiseb:  05.12.2021, 19:02:05] --> bobuzezazup appeared
[ririfutiseb:  05.12.2021, 19:02:38] --> bobuzezazup appeared
[ririfutiseb:  05.12.2021, 19:03:32] --> bobuzezazup appeared
[ririfutiseb:  05.12.2021, 19:04:27] --> bobuzezazup appeared
[ririfutiseb:  05.12.2021, 19:06:57] --> JhonnyJhons appeared
[ririfutiseb:  05.12.2021, 19:07:22] --> Character was kicked from the bot, reason: Character was walking
[ririfutiseb:  05.12.2021, 19:07:45] --> vecomedika appeared
[ririfutiseb:  05.12.2021, 19:11:11] --> Bot successfully started
[ririfutiseb:  05.12.2021, 19:11:12] --> vecomedika appeared
[ririfutiseb:  05.12.2021, 19:14:11] --> Bot successfully started
[ririfutiseb:  05.12.2021, 19:14:12] --> vecomedika appeared
[ririfutiseb:  05.12.2021, 20:07:43] --> Bot successfully started
[ririfutiseb:  05.12.2021, 20:07:43] --> budugomifopi appeared
[ririfutiseb:  05.12.2021, 20:08:02] --> Character was kicked from the bot, reason: Character was walking
[ririfutiseb:  05.12.2021, 20:08:34] --> Character was kicked from the bot, reason: Character was walking
[ririfutiseb:  05.12.2021, 20:08:36] --> bobuzezazup appeared
[ririfutiseb:  05.12.2021, 20:09:54] --> bobuzezazup appeared
[ririfutiseb:  05.12.2021, 20:10:19] --> bobuzezazup appeared
[ririfutiseb:  05.12.2021, 20:13:07] --> bobuzezazup appeared
[ririfutiseb:  05.12.2021, 20:13:12] --> bobuzezazup appeared
[ririfutiseb:  05.12.2021, 20:14:08] --> bobuzezazup appeared
[ririfutiseb:  05.12.2021, 20:15:02] --> bobuzezazup appeared
[ririfutiseb:  05.12.2021, 20:16:51] --> bobuzezazup appeared
[ririfutiseb:  05.12.2021, 20:18:40] --> bobuzezazup appeared
[ririfutiseb:  05.12.2021, 20:20:00] --> bobuzezazup appeared
[ririfutiseb:  05.12.2021, 20:21:25] --> bobuzezazup appeared
[ririfutiseb:  05.12.2021, 20:22:22] --> bobuzezazup appeared
[ririfutiseb:  05.12.2021, 20:26:00] --> bobuzezazup appeared
[ririfutiseb:  05.12.2021, 20:26:10] --> bobuzezazup appeared
[ririfutiseb:  05.12.2021, 20:28:21] --> bobuzezazup appeared
[ririfutiseb:  05.12.2021, 20:28:53] --> bobuzezazup appeared
[ririfutiseb:  05.12.2021, 20:30:11] --> bobuzezazup appeared
[ririfutiseb:  05.12.2021, 20:30:45] --> bobuzezazup appeared
[ririfutiseb:  05.12.2021, 20:31:40] --> bobuzezazup appeared
[ririfutiseb:  05.12.2021, 20:32:55] --> bobuzezazup appeared
[ririfutiseb:  05.12.2021, 20:35:19] --> bobuzezazup appeared
[ririfutiseb:  05.12.2021, 20:37:20] --> bobuzezazup appeared
[ririfutiseb:  05.12.2021, 20:38:14] --> bobuzezazup appeared
[ririfutiseb:  05.12.2021, 20:39:09] --> bobuzezazup appeared
[ririfutiseb:  05.12.2021, 20:40:04] --> bobuzezazup appeared
[ririfutiseb:  05.12.2021, 20:40:58] --> bobuzezazup appeared
[ririfutiseb:  05.12.2021, 20:44:03] --> NinjaBart1 appeared
[ririfutiseb:  05.12.2021, 20:51:18] --> bobuzezazup appeared
[ririfutiseb:  05.12.2021, 21:58:05] --> MasterTaicho appeared
[ririfutiseb:  05.12.2021, 22:37:25] --> ISerGI appeared
[ririfutiseb:  05.12.2021, 22:50:37] --> Chryix appeared
[ririfutiseb:  05.12.2021, 22:51:17] --> micietta92 appeared
[ririfutiseb:  05.12.2021, 22:54:09] --> micietta92 appeared
[ririfutiseb:  05.12.2021, 23:02:30] --> Character got kick
[ririfutiseb:  05.12.2021, 23:12:23] --> micietta92 appeared
[ririfutiseb:  05.12.2021, 23:17:21] --> SempreLizzy appeared
[ririfutiseb:  05.12.2021, 23:17:29] --> SempreLizzy appeared
[:             05.12.2021, 23:23:21] --> Character got kick
[:             05.12.2021, 23:23:33] --> Character got kick
[ririfutiseb:  06.12.2021, 08:13:17] --> Bot successfully started
[ririfutiseb:  06.12.2021, 09:12:14] --> Breezedacol appeared
[ririfutiseb:  06.12.2021, 09:12:29] --> Breezedacol appeared
[ririfutiseb:  06.12.2021, 09:12:54] --> Breezedacol appeared
[ririfutiseb:  06.12.2021, 09:58:12] --> Ozyl appeared
[ririfutiseb:  06.12.2021, 10:42:58] --> Character died
[ririfutiseb:  06.12.2021, 10:43:13] --> Character died
[ririfutiseb:  06.12.2021, 12:33:17] --> bobuzezazup appeared
[ririfutiseb:  06.12.2021, 12:33:29] --> bobuzezazup appeared
[ririfutiseb:  06.12.2021, 12:34:46] --> bobuzezazup appeared
[ririfutiseb:  06.12.2021, 12:35:42] --> bobuzezazup appeared
[ririfutiseb:  06.12.2021, 12:39:24] --> bobuzezazup appeared
[ririfutiseb:  06.12.2021, 12:45:29] --> bobuzezazup appeared
[ririfutiseb:  06.12.2021, 12:48:48] --> bobuzezazup appeared
[ririfutiseb:  06.12.2021, 12:48:58] --> bobuzezazup appeared
[ririfutiseb:  06.12.2021, 12:49:53] --> bobuzezazup appeared
[ririfutiseb:  06.12.2021, 12:50:49] --> bobuzezazup appeared
[ririfutiseb:  06.12.2021, 12:51:42] --> bobuzezazup appeared
[ririfutiseb:  06.12.2021, 12:53:33] --> bobuzezazup appeared
[ririfutiseb:  06.12.2021, 12:54:28] --> bobuzezazup appeared
[ririfutiseb:  06.12.2021, 12:55:24] --> bobuzezazup appeared
[ririfutiseb:  06.12.2021, 12:56:20] --> bobuzezazup appeared
[ririfutiseb:  06.12.2021, 12:57:17] --> bobuzezazup appeared
[ririfutiseb:  06.12.2021, 12:59:05] --> bobuzezazup appeared
[ririfutiseb:  06.12.2021, 13:00:00] --> bobuzezazup appeared
[ririfutiseb:  06.12.2021, 13:03:11] --> bobuzezazup appeared
[ririfutiseb:  06.12.2021, 13:03:19] --> bobuzezazup appeared
[ririfutiseb:  06.12.2021, 13:04:15] --> bobuzezazup appeared
[ririfutiseb:  06.12.2021, 13:05:11] --> bobuzezazup appeared
[ririfutiseb:  06.12.2021, 13:06:05] --> bobuzezazup appeared
[ririfutiseb:  06.12.2021, 13:07:00] --> bobuzezazup appeared
[ririfutiseb:  06.12.2021, 13:07:43] --> Character died
[ririfutiseb:  06.12.2021, 13:10:50] --> Bot successfully started
[ririfutiseb:  06.12.2021, 13:19:55] --> bobuzezazup appeared
[ririfutiseb:  06.12.2021, 13:19:58] --> bobuzezazup appeared
[ririfutiseb:  06.12.2021, 13:20:11] --> bobuzezazup appeared
[ririfutiseb:  06.12.2021, 13:21:06] --> bobuzezazup appeared
[ririfutiseb:  06.12.2021, 13:22:34] --> bobuzezazup appeared
[ririfutiseb:  06.12.2021, 13:23:30] --> bobuzezazup appeared
[ririfutiseb:  06.12.2021, 13:29:37] --> bobuzezazup appeared
[ririfutiseb:  06.12.2021, 13:29:47] --> bobuzezazup appeared
[ririfutiseb:  06.12.2021, 13:30:41] --> bobuzezazup appeared
[ririfutiseb:  06.12.2021, 13:32:00] --> bobuzezazup appeared
[ririfutiseb:  06.12.2021, 13:32:56] --> bobuzezazup appeared
[ririfutiseb:  06.12.2021, 13:33:29] --> bobuzezazup appeared
[ririfutiseb:  06.12.2021, 13:33:51] --> bobuzezazup appeared
[ririfutiseb:  06.12.2021, 13:34:47] --> bobuzezazup appeared
[ririfutiseb:  06.12.2021, 13:37:41] --> bobuzezazup appeared
[ririfutiseb:  06.12.2021, 13:37:47] --> bobuzezazup appeared
[ririfutiseb:  06.12.2021, 13:37:49] --> bobuzezazup appeared
[ririfutiseb:  06.12.2021, 13:38:19] --> bobuzezazup appeared
[ririfutiseb:  06.12.2021, 13:39:15] --> bobuzezazup appeared
[ririfutiseb:  06.12.2021, 13:40:10] --> bobuzezazup appeared
[ririfutiseb:  06.12.2021, 13:41:04] --> bobuzezazup appeared
[ririfutiseb:  06.12.2021, 13:42:01] --> bobuzezazup appeared
[ririfutiseb:  06.12.2021, 13:42:56] --> bobuzezazup appeared
[ririfutiseb:  06.12.2021, 13:45:58] --> bobuzezazup appeared
[ririfutiseb:  06.12.2021, 13:46:06] --> bobuzezazup appeared
[ririfutiseb:  06.12.2021, 13:47:02] --> bobuzezazup appeared
[ririfutiseb:  06.12.2021, 13:47:33] --> bobuzezazup appeared
[ririfutiseb:  06.12.2021, 13:48:28] --> bobuzezazup appeared
[ririfutiseb:  06.12.2021, 13:49:23] --> bobuzezazup appeared
[ririfutiseb:  06.12.2021, 13:50:20] --> bobuzezazup appeared
[ririfutiseb:  06.12.2021, 14:03:30] --> Astreia appeared
[ririfutiseb:  06.12.2021, 14:03:44] --> Astreia appeared
[ririfutiseb:  06.12.2021, 14:04:36] --> bobuzezazup appeared
[ririfutiseb:  06.12.2021, 14:04:47] --> bobuzezazup appeared
[ririfutiseb:  06.12.2021, 14:05:42] --> bobuzezazup appeared
[ririfutiseb:  06.12.2021, 14:08:40] --> bobuzezazup appeared
[ririfutiseb:  06.12.2021, 14:08:51] --> bobuzezazup appeared
[ririfutiseb:  06.12.2021, 14:09:46] --> bobuzezazup appeared
[ririfutiseb:  06.12.2021, 14:10:42] --> bobuzezazup appeared
[ririfutiseb:  06.12.2021, 14:12:32] --> bobuzezazup appeared
[ririfutiseb:  06.12.2021, 14:16:05] --> bobuzezazup appeared
[ririfutiseb:  06.12.2021, 14:16:14] --> bobuzezazup appeared
[ririfutiseb:  06.12.2021, 14:16:46] --> bobuzezazup appeared
[ririfutiseb:  06.12.2021, 14:18:37] --> bobuzezazup appeared
[ririfutiseb:  06.12.2021, 14:19:09] --> bobuzezazup appeared
[ririfutiseb:  06.12.2021, 14:21:44] --> savixino appeared
[ririfutiseb:  06.12.2021, 14:22:35] --> Bombardina93 appeared
[ririfutiseb:  06.12.2021, 14:22:52] --> bobuzezazup appeared
[ririfutiseb:  06.12.2021, 14:24:14] --> bobuzezazup appeared
[ririfutiseb:  06.12.2021, 14:24:22] --> bobuzezazup appeared
[ririfutiseb:  06.12.2021, 14:24:44] --> Character died
[ririfutiseb:  06.12.2021, 14:24:59] --> Character died
[ririfutiseb:  06.12.2021, 14:24:59] --> bobuzezazup appeared
[ririfutiseb:  06.12.2021, 14:25:48] --> bobuzezazup appeared
[ririfutiseb:  06.12.2021, 14:26:45] --> bobuzezazup appeared
[ririfutiseb:  06.12.2021, 14:27:39] --> bobuzezazup appeared
[ririfutiseb:  06.12.2021, 14:29:12] --> Mauser301 appeared
[ririfutiseb:  06.12.2021, 14:29:18] --> Mauser301 appeared
[ririfutiseb:  06.12.2021, 14:34:31] --> bobuzezazup appeared
[ririfutiseb:  06.12.2021, 14:35:26] --> bobuzezazup appeared
[ririfutiseb:  06.12.2021, 14:38:19] --> bobuzezazup appeared
[ririfutiseb:  06.12.2021, 14:38:24] --> bobuzezazup appeared
[ririfutiseb:  06.12.2021, 14:38:26] --> bobuzezazup appeared
[ririfutiseb:  06.12.2021, 14:38:55] --> bobuzezazup appeared
[ririfutiseb:  06.12.2021, 14:39:51] --> bobuzezazup appeared
[ririfutiseb:  06.12.2021, 14:41:46] --> Character died
[ririfutiseb:  06.12.2021, 14:42:00] --> bobuzezazup appeared
[ririfutiseb:  06.12.2021, 14:42:37] --> bobuzezazup appeared
[ririfutiseb:  06.12.2021, 14:44:27] --> bobuzezazup appeared
[ririfutiseb:  06.12.2021, 14:47:37] --> bobuzezazup appeared
[ririfutiseb:  06.12.2021, 14:47:47] --> bobuzezazup appeared
[ririfutiseb:  06.12.2021, 14:49:05] --> bobuzezazup appeared
[ririfutiseb:  06.12.2021, 14:50:01] --> bobuzezazup appeared
[ririfutiseb:  06.12.2021, 14:53:12] --> bobuzezazup appeared
[ririfutiseb:  06.12.2021, 14:53:20] --> bobuzezazup appeared
[ririfutiseb:  06.12.2021, 14:54:15] --> bobuzezazup appeared
[ririfutiseb:  06.12.2021, 14:55:12] --> bobuzezazup appeared
[ririfutiseb:  06.12.2021, 14:56:30] --> bobuzezazup appeared
[ririfutiseb:  06.12.2021, 14:56:45] --> Character died
[ririfutiseb:  06.12.2021, 14:57:02] --> bobuzezazup appeared
[ririfutiseb:  06.12.2021, 14:57:27] --> bobuzezazup appeared
[ririfutiseb:  06.12.2021, 14:59:57] --> bobuzezazup appeared
[ririfutiseb:  06.12.2021, 15:00:03] --> bobuzezazup appeared
[ririfutiseb:  06.12.2021, 15:00:35] --> bobuzezazup appeared
[ririfutiseb:  06.12.2021, 15:01:30] --> bobuzezazup appeared
[ririfutiseb:  06.12.2021, 15:01:52] --> bobuzezazup appeared
[ririfutiseb:  06.12.2021, 15:02:48] --> bobuzezazup appeared
[ririfutiseb:  06.12.2021, 15:03:45] --> bobuzezazup appeared
[ririfutiseb:  06.12.2021, 15:04:40] --> bobuzezazup appeared
[ririfutiseb:  06.12.2021, 15:05:35] --> bobuzezazup appeared
[ririfutiseb:  06.12.2021, 15:06:31] --> bobuzezazup appeared
[ririfutiseb:  06.12.2021, 15:08:16] --> Canibeall appeared
[ririfutiseb:  06.12.2021, 15:10:41] --> bobuzezazup appeared
[ririfutiseb:  06.12.2021, 15:10:48] --> bobuzezazup appeared
[ririfutiseb:  06.12.2021, 15:11:20] --> bobuzezazup appeared
[ririfutiseb:  06.12.2021, 15:12:47] --> bobuzezazup appeared
[ririfutiseb:  06.12.2021, 15:13:42] --> bobuzezazup appeared
[ririfutiseb:  06.12.2021, 15:14:37] --> bobuzezazup appeared
[ririfutiseb:  06.12.2021, 15:21:15] --> bobuzezazup appeared
[ririfutiseb:  06.12.2021, 15:21:22] --> bobuzezazup appeared
[ririfutiseb:  06.12.2021, 15:21:54] --> bobuzezazup appeared
[ririfutiseb:  06.12.2021, 15:23:20] --> bobuzezazup appeared
[ririfutiseb:  06.12.2021, 15:24:17] --> bobuzezazup appeared
[ririfutiseb:  06.12.2021, 15:25:12] --> bobuzezazup appeared
[ririfutiseb:  06.12.2021, 15:27:57] --> bobuzezazup appeared
[ririfutiseb:  06.12.2021, 15:28:03] --> bobuzezazup appeared
[ririfutiseb:  06.12.2021, 15:28:08] --> bobuzezazup appeared
[ririfutiseb:  06.12.2021, 15:29:03] --> bobuzezazup appeared
[ririfutiseb:  06.12.2021, 15:29:59] --> bobuzezazup appeared
[ririfutiseb:  06.12.2021, 15:30:53] --> bobuzezazup appeared
[ririfutiseb:  06.12.2021, 15:59:26] --> VVomen appeared
[ririfutiseb:  06.12.2021, 16:05:59] --> annilator appeared
[ririfutiseb:  06.12.2021, 16:15:05] --> Bughys appeared
[ririfutiseb:  06.12.2021, 16:50:42] --> Sabaody appeared
[ririfutiseb:  06.12.2021, 16:51:22] --> Unschlagbar appeared
[ririfutiseb:  06.12.2021, 17:05:54] --> Bot successfully started
[ririfutiseb:  06.12.2021, 17:10:25] --> zepozereto appeared
[ririfutiseb:  06.12.2021, 17:10:39] --> Character was kicked from the bot, reason: Character was walking
[ririfutiseb:  06.12.2021, 17:10:44] --> fisizupezur appeared
[ririfutiseb:  06.12.2021, 17:17:46] --> Bot successfully started
[ririfutiseb:  06.12.2021, 17:17:46] --> vecomedika appeared
[ririfutiseb:  07.12.2021, 11:00:58] --> Bot successfully started
[ririfutiseb:  07.12.2021, 11:01:17] --> Character was kicked from the bot, reason: Character was walking
[ririfutiseb:  07.12.2021, 11:01:21] --> tYdQkNjnl appeared
[ririfutiseb:  07.12.2021, 11:01:49] --> Character was kicked from the bot, reason: Character was walking
[ririfutiseb:  07.12.2021, 11:11:40] --> IMADROPPER3 appeared
[ririfutiseb:  07.12.2021, 11:11:52] --> rovelutiwut appeared
[ririfutiseb:  07.12.2021, 11:15:56] --> TEHHORZZ appeared
[ririfutiseb:  07.12.2021, 11:16:14] --> TEHHORZZ appeared
[ririfutiseb:  07.12.2021, 11:18:14] --> rovelutiwut appeared
[ririfutiseb:  07.12.2021, 11:33:04] --> rovelutiwut appeared
[ririfutiseb:  07.12.2021, 11:34:32] --> IMADROPPER3 appeared
[ririfutiseb:  07.12.2021, 11:51:35] --> SURBINOTT appeared
[ririfutiseb:  07.12.2021, 11:54:52] --> Breezedacol appeared
[ririfutiseb:  07.12.2021, 11:59:15] --> Character got kick
[ririfutiseb:  07.12.2021, 11:59:31] --> Character got kick
[ririfutiseb:  07.12.2021, 12:20:09] --> Character got kick
[ririfutiseb:  07.12.2021, 12:21:44] --> ladipabubun appeared
[ririfutiseb:  07.12.2021, 12:23:09] --> ladipabubun appeared
[ririfutiseb:  07.12.2021, 12:24:31] --> ladipabubun appeared
[ririfutiseb:  07.12.2021, 12:25:55] --> ladipabubun appeared
[ririfutiseb:  07.12.2021, 12:27:17] --> ladipabubun appeared
[ririfutiseb:  07.12.2021, 12:28:39] --> ladipabubun appeared
[ririfutiseb:  07.12.2021, 12:29:12] --> rovelutiwut appeared
[ririfutiseb:  07.12.2021, 12:30:02] --> ladipabubun appeared
[ririfutiseb:  07.12.2021, 12:31:26] --> ladipabubun appeared
[ririfutiseb:  07.12.2021, 12:32:47] --> ladipabubun appeared
[ririfutiseb:  07.12.2021, 12:33:27] --> rovelutiwut appeared
[ririfutiseb:  07.12.2021, 12:34:24] --> ladipabubun appeared
[ririfutiseb:  07.12.2021, 12:35:46] --> ladipabubun appeared
[ririfutiseb:  07.12.2021, 12:37:09] --> ladipabubun appeared
[ririfutiseb:  07.12.2021, 12:37:29] --> totoxxxxxxxx appeared
[ririfutiseb:  07.12.2021, 12:46:45] --> rovelutiwut appeared
[ririfutiseb:  07.12.2021, 12:48:20] --> ladipabubun appeared
[ririfutiseb:  07.12.2021, 12:51:17] --> ladipabubun appeared
[ririfutiseb:  07.12.2021, 12:52:40] --> ladipabubun appeared
[ririfutiseb:  07.12.2021, 13:06:05] --> rovelutiwut appeared
[ririfutiseb:  07.12.2021, 13:06:12] --> rovelutiwut appeared
[ririfutiseb:  07.12.2021, 13:09:01] --> ladipabubun appeared
[ririfutiseb:  07.12.2021, 13:10:46] --> ladipabubun appeared
[ririfutiseb:  07.12.2021, 13:12:09] --> ladipabubun appeared
[ririfutiseb:  07.12.2021, 13:13:32] --> ladipabubun appeared
[ririfutiseb:  07.12.2021, 13:14:53] --> ladipabubun appeared
[ririfutiseb:  07.12.2021, 13:15:51] --> rovelutiwut appeared
[ririfutiseb:  07.12.2021, 13:16:15] --> ladipabubun appeared
[ririfutiseb:  07.12.2021, 13:16:17] --> ladipabubun appeared
[ririfutiseb:  07.12.2021, 13:17:40] --> ladipabubun appeared
[ririfutiseb:  07.12.2021, 13:19:02] --> ladipabubun appeared
[ririfutiseb:  07.12.2021, 13:20:26] --> ladipabubun appeared
[ririfutiseb:  07.12.2021, 13:21:50] --> ladipabubun appeared
[ririfutiseb:  07.12.2021, 13:22:09] --> ladipabubun appeared
[ririfutiseb:  07.12.2021, 13:23:24] --> ladipabubun appeared
[ririfutiseb:  07.12.2021, 13:24:52] --> ladipabubun appeared
[ririfutiseb:  07.12.2021, 13:26:13] --> ladipabubun appeared
[ririfutiseb:  07.12.2021, 13:26:15] --> ladipabubun appeared
[ririfutiseb:  07.12.2021, 13:27:41] --> ladipabubun appeared
[ririfutiseb:  07.12.2021, 13:29:03] --> ladipabubun appeared
[ririfutiseb:  07.12.2021, 13:30:25] --> ladipabubun appeared
[ririfutiseb:  07.12.2021, 13:32:03] --> ladipabubun appeared
[ririfutiseb:  07.12.2021, 13:32:38] --> Ferxs appeared
[ririfutiseb:  07.12.2021, 13:38:34] --> ladipabubun appeared
[ririfutiseb:  07.12.2021, 13:40:17] --> ladipabubun appeared
[ririfutiseb:  07.12.2021, 13:40:19] --> ladipabubun appeared
[ririfutiseb:  07.12.2021, 13:41:35] --> rovelutiwut appeared
[ririfutiseb:  07.12.2021, 13:42:02] --> ladipabubun appeared
[ririfutiseb:  07.12.2021, 13:42:17] --> ladipabubun appeared
[ririfutiseb:  07.12.2021, 13:43:24] --> ladipabubun appeared
[ririfutiseb:  07.12.2021, 13:43:26] --> ladipabubun appeared
[ririfutiseb:  07.12.2021, 13:44:52] --> ladipabubun appeared
[ririfutiseb:  07.12.2021, 13:46:20] --> ladipabubun appeared
[ririfutiseb:  07.12.2021, 13:46:23] --> ladipabubun appeared
[ririfutiseb:  07.12.2021, 13:46:59] --> rovelutiwut appeared
[ririfutiseb:  07.12.2021, 13:48:09] --> ladipabubun appeared
[ririfutiseb:  07.12.2021, 13:48:33] --> ladipabubun appeared
[ririfutiseb:  07.12.2021, 13:49:55] --> ladipabubun appeared
[ririfutiseb:  07.12.2021, 13:51:38] --> ladipabubun appeared
[ririfutiseb:  07.12.2021, 13:53:18] --> ladipabubun appeared
[ririfutiseb:  07.12.2021, 13:54:44] --> ladipabubun appeared
[ririfutiseb:  07.12.2021, 13:56:23] --> ladipabubun appeared
[ririfutiseb:  07.12.2021, 13:58:22] --> ladipabubun appeared
[ririfutiseb:  07.12.2021, 14:00:07] --> ladipabubun appeared
[ririfutiseb:  07.12.2021, 14:00:51] --> AnonymousDea appeared
[ririfutiseb:  07.12.2021, 14:02:05] --> ladipabubun appeared
[ririfutiseb:  07.12.2021, 14:04:08] --> ladipabubun appeared
[ririfutiseb:  07.12.2021, 14:06:09] --> ladipabubun appeared
[ririfutiseb:  07.12.2021, 14:06:33] --> ladipabubun appeared
[ririfutiseb:  07.12.2021, 14:07:54] --> ladipabubun appeared
[ririfutiseb:  07.12.2021, 14:11:15] --> ladipabubun appeared
[ririfutiseb:  07.12.2021, 14:15:36] --> ladipabubun appeared
[ririfutiseb:  07.12.2021, 14:16:58] --> ladipabubun appeared
[ririfutiseb:  07.12.2021, 14:18:33] --> ladipabubun appeared
[ririfutiseb:  07.12.2021, 14:19:58] --> ladipabubun appeared
[ririfutiseb:  07.12.2021, 14:21:18] --> ladipabubun appeared
[ririfutiseb:  07.12.2021, 14:22:44] --> ladipabubun appeared
[ririfutiseb:  07.12.2021, 14:24:17] --> ladipabubun appeared
[ririfutiseb:  07.12.2021, 14:24:19] --> ladipabubun appeared
[ririfutiseb:  07.12.2021, 14:24:25] --> ladipabubun appeared
[ririfutiseb:  07.12.2021, 14:25:39] --> Bombardina93 appeared
[ririfutiseb:  07.12.2021, 14:25:53] --> ladipabubun appeared
[ririfutiseb:  07.12.2021, 14:27:14] --> ladipabubun appeared
[ririfutiseb:  07.12.2021, 14:29:21] --> Bot successfully started
[ririfutiseb:  07.12.2021, 14:30:53] --> Bot successfully started
[ririfutiseb:  07.12.2021, 14:31:24] --> ladipabubun appeared
[ririfutiseb:  07.12.2021, 14:32:47] --> ladipabubun appeared
[ririfutiseb:  07.12.2021, 14:34:09] --> ladipabubun appeared
[ririfutiseb:  07.12.2021, 14:35:33] --> ladipabubun appeared
[ririfutiseb:  07.12.2021, 14:36:56] --> ladipabubun appeared
[ririfutiseb:  07.12.2021, 14:38:20] --> ladipabubun appeared
[ririfutiseb:  07.12.2021, 14:39:41] --> ladipabubun appeared
[ririfutiseb:  07.12.2021, 14:41:08] --> ladipabubun appeared
[ririfutiseb:  07.12.2021, 14:42:28] --> ladipabubun appeared
[ririfutiseb:  07.12.2021, 14:44:04] --> ladipabubun appeared
[ririfutiseb:  07.12.2021, 14:45:24] --> ladipabubun appeared
[ririfutiseb:  07.12.2021, 14:45:28] --> ladipabubun appeared
[ririfutiseb:  07.12.2021, 14:46:50] --> ladipabubun appeared
[ririfutiseb:  07.12.2021, 14:48:11] --> ladipabubun appeared
[ririfutiseb:  07.12.2021, 14:48:12] --> ladipabubun appeared
[ririfutiseb:  07.12.2021, 14:49:36] --> ladipabubun appeared
[ririfutiseb:  07.12.2021, 14:50:57] --> ladipabubun appeared
[ririfutiseb:  07.12.2021, 14:52:23] --> ladipabubun appeared
[ririfutiseb:  07.12.2021, 14:53:49] --> ladipabubun appeared
[ririfutiseb:  07.12.2021, 14:55:29] --> ladipabubun appeared
[ririfutiseb:  07.12.2021, 14:55:53] --> Astreia appeared
[ririfutiseb:  07.12.2021, 14:57:06] --> ladipabubun appeared
[ririfutiseb:  07.12.2021, 14:58:38] --> ladipabubun appeared
[ririfutiseb:  07.12.2021, 15:00:15] --> ladipabubun appeared
[ririfutiseb:  07.12.2021, 15:01:36] --> ladipabubun appeared
[ririfutiseb:  07.12.2021, 15:03:01] --> ladipabubun appeared
[ririfutiseb:  07.12.2021, 15:04:26] --> ladipabubun appeared
[ririfutiseb:  07.12.2021, 15:05:51] --> ladipabubun appeared
[ririfutiseb:  07.12.2021, 15:07:25] --> ladipabubun appeared
[ririfutiseb:  07.12.2021, 15:08:51] --> ladipabubun appeared
[ririfutiseb:  07.12.2021, 15:10:25] --> ladipabubun appeared
[ririfutiseb:  07.12.2021, 15:11:34] --> karltheone appeared
[ririfutiseb:  07.12.2021, 15:13:15] --> ladipabubun appeared
[ririfutiseb:  07.12.2021, 15:14:49] --> ladipabubun appeared
[ririfutiseb:  07.12.2021, 15:16:09] --> ladipabubun appeared
[ririfutiseb:  07.12.2021, 15:17:40] --> ladipabubun appeared
[ririfutiseb:  07.12.2021, 15:19:06] --> ladipabubun appeared
[ririfutiseb:  07.12.2021, 15:20:31] --> ladipabubun appeared
[ririfutiseb:  07.12.2021, 15:21:59] --> ladipabubun appeared
[ririfutiseb:  07.12.2021, 15:23:25] --> ladipabubun appeared
[ririfutiseb:  07.12.2021, 15:24:50] --> ladipabubun appeared
[ririfutiseb:  07.12.2021, 15:26:13] --> ladipabubun appeared
[ririfutiseb:  07.12.2021, 15:28:49] --> ladipabubun appeared
[ririfutiseb:  07.12.2021, 15:30:13] --> ladipabubun appeared
[ririfutiseb:  07.12.2021, 15:31:36] --> ladipabubun appeared
[ririfutiseb:  07.12.2021, 15:32:59] --> ladipabubun appeared
[ririfutiseb:  07.12.2021, 15:34:25] --> ladipabubun appeared
[ririfutiseb:  07.12.2021, 15:35:50] --> ladipabubun appeared
[ririfutiseb:  07.12.2021, 15:37:16] --> ladipabubun appeared
[ririfutiseb:  07.12.2021, 15:38:39] --> ladipabubun appeared
[ririfutiseb:  07.12.2021, 15:40:03] --> ladipabubun appeared
[ririfutiseb:  07.12.2021, 15:41:32] --> ladipabubun appeared
[ririfutiseb:  07.12.2021, 15:43:02] --> ladipabubun appeared
[ririfutiseb:  07.12.2021, 15:44:39] --> ladipabubun appeared
[ririfutiseb:  07.12.2021, 15:46:33] --> ladipabubun appeared
[ririfutiseb:  07.12.2021, 15:46:36] --> ladipabubun appeared
[ririfutiseb:  07.12.2021, 15:48:28] --> ladipabubun appeared
[ririfutiseb:  07.12.2021, 15:50:33] --> ladipabubun appeared
[ririfutiseb:  07.12.2021, 15:54:14] --> ladipabubun appeared
[ririfutiseb:  07.12.2021, 15:57:37] --> ladipabubun appeared
[ririfutiseb:  07.12.2021, 15:59:01] --> ladipabubun appeared
[ririfutiseb:  07.12.2021, 15:59:17] --> ladipabubun appeared
[ririfutiseb:  07.12.2021, 16:00:23] --> ladipabubun appeared
[ririfutiseb:  07.12.2021, 16:01:46] --> ladipabubun appeared
[ririfutiseb:  07.12.2021, 16:02:03] --> ladipabubun appeared
[ririfutiseb:  07.12.2021, 16:03:10] --> ladipabubun appeared
[ririfutiseb:  07.12.2021, 16:04:33] --> ladipabubun appeared
[ririfutiseb:  07.12.2021, 16:04:52] --> ladipabubun appeared
[ririfutiseb:  07.12.2021, 16:06:46] --> ladipabubun appeared
[ririfutiseb:  07.12.2021, 16:07:02] --> ladipabubun appeared
[ririfutiseb:  07.12.2021, 16:08:09] --> ladipabubun appeared
[ririfutiseb:  07.12.2021, 16:09:32] --> ladipabubun appeared
[ririfutiseb:  07.12.2021, 16:10:55] --> ladipabubun appeared
[ririfutiseb:  07.12.2021, 16:12:18] --> ladipabubun appeared
[ririfutiseb:  07.12.2021, 16:13:45] --> ladipabubun appeared
[ririfutiseb:  07.12.2021, 16:15:13] --> ladipabubun appeared
[ririfutiseb:  07.12.2021, 16:16:37] --> ladipabubun appeared
[ririfutiseb:  07.12.2021, 16:17:59] --> ladipabubun appeared
[ririfutiseb:  07.12.2021, 16:19:24] --> ladipabubun appeared
[ririfutiseb:  07.12.2021, 16:21:05] --> ladipabubun appeared
[ririfutiseb:  07.12.2021, 16:22:59] --> ladipabubun appeared
[ririfutiseb:  07.12.2021, 16:24:51] --> ladipabubun appeared
[ririfutiseb:  07.12.2021, 16:24:54] --> ladipabubun appeared
[ririfutiseb:  07.12.2021, 16:27:05] --> ladipabubun appeared
[ririfutiseb:  07.12.2021, 16:28:54] --> ladipabubun appeared
[ririfutiseb:  07.12.2021, 16:30:42] --> ladipabubun appeared
[ririfutiseb:  07.12.2021, 16:32:22] --> ladipabubun appeared
[ririfutiseb:  07.12.2021, 16:34:02] --> ladipabubun appeared
[ririfutiseb:  07.12.2021, 16:35:49] --> ladipabubun appeared
[ririfutiseb:  07.12.2021, 16:37:38] --> Dreffire appeared
[ririfutiseb:  07.12.2021, 16:39:32] --> ladipabubun appeared
[ririfutiseb:  07.12.2021, 16:39:34] --> ladipabubun appeared
[ririfutiseb:  07.12.2021, 16:40:59] --> ladipabubun appeared
[ririfutiseb:  07.12.2021, 16:42:27] --> ladipabubun appeared
[ririfutiseb:  07.12.2021, 16:43:58] --> ladipabubun appeared
[ririfutiseb:  07.12.2021, 16:44:19] --> ladipabubun appeared
[ririfutiseb:  07.12.2021, 16:45:41] --> ladipabubun appeared
[ririfutiseb:  07.12.2021, 16:47:37] --> ladipabubun appeared
[ririfutiseb:  07.12.2021, 16:49:48] --> ladipabubun appeared
[ririfutiseb:  07.12.2021, 16:51:53] --> ladipabubun appeared
[ririfutiseb:  07.12.2021, 16:53:49] --> ladipabubun appeared
[ririfutiseb:  07.12.2021, 16:55:31] --> ladipabubun appeared
[ririfutiseb:  07.12.2021, 17:02:29] --> ladipabubun appeared
[ririfutiseb:  07.12.2021, 17:04:10] --> ladipabubun appeared
[ririfutiseb:  07.12.2021, 17:05:48] --> ladipabubun appeared
[ririfutiseb:  07.12.2021, 17:07:20] --> ladipabubun appeared
[ririfutiseb:  07.12.2021, 17:07:41] --> ladipabubun appeared
[ririfutiseb:  07.12.2021, 17:09:10] --> ladipabubun appeared
[ririfutiseb:  07.12.2021, 17:10:46] --> ladipabubun appeared
[ririfutiseb:  07.12.2021, 17:11:57] --> JiraiyaSura appeared
[ririfutiseb:  07.12.2021, 17:12:02] --> JiraiyaSura appeared
[ririfutiseb:  07.12.2021, 17:12:03] --> JiraiyaSura appeared
[ririfutiseb:  07.12.2021, 17:13:36] --> ladipabubun appeared
[ririfutiseb:  07.12.2021, 17:15:07] --> ladipabubun appeared
[ririfutiseb:  07.12.2021, 17:16:38] --> ladipabubun appeared
[ririfutiseb:  07.12.2021, 17:18:05] --> ladipabubun appeared
[ririfutiseb:  07.12.2021, 17:19:35] --> ladipabubun appeared
[ririfutiseb:  07.12.2021, 17:21:14] --> ladipabubun appeared
[ririfutiseb:  07.12.2021, 17:21:18] --> ladipabubun appeared
[ririfutiseb:  07.12.2021, 17:22:59] --> ladipabubun appeared
[ririfutiseb:  07.12.2021, 17:24:37] --> ladipabubun appeared
[ririfutiseb:  07.12.2021, 17:26:11] --> ladipabubun appeared
[ririfutiseb:  07.12.2021, 17:27:53] --> ladipabubun appeared
[ririfutiseb:  07.12.2021, 17:29:49] --> ladipabubun appeared
[ririfutiseb:  07.12.2021, 17:30:59] --> Character got kick
[ririfutiseb:  07.12.2021, 17:35:16] --> Bot successfully started
[ririfutiseb:  07.12.2021, 17:37:34] --> Bot successfully started
[ririfutiseb:  07.12.2021, 17:38:21] --> ladipabubun appeared
[ririfutiseb:  07.12.2021, 17:38:42] --> ladipabubun appeared
[ririfutiseb:  07.12.2021, 17:40:23] --> ladipabubun appeared
[ririfutiseb:  07.12.2021, 17:42:13] --> ladipabubun appeared
[ririfutiseb:  07.12.2021, 17:44:09] --> ladipabubun appeared
[ririfutiseb:  07.12.2021, 17:46:17] --> ladipabubun appeared
[ririfutiseb:  07.12.2021, 17:46:40] --> ladipabubun appeared
[ririfutiseb:  07.12.2021, 17:48:17] --> ladipabubun appeared
[ririfutiseb:  07.12.2021, 17:50:37] --> ladipabubun appeared
[ririfutiseb:  07.12.2021, 17:52:38] --> ladipabubun appeared
[ririfutiseb:  07.12.2021, 17:53:06] --> ladipabubun appeared
[ririfutiseb:  07.12.2021, 17:54:48] --> ladipabubun appeared
[ririfutiseb:  07.12.2021, 17:54:51] --> ladipabubun appeared
[ririfutiseb:  07.12.2021, 17:56:46] --> ladipabubun appeared
[ririfutiseb:  07.12.2021, 17:57:12] --> ladipabubun appeared
[ririfutiseb:  07.12.2021, 17:58:48] --> ladipabubun appeared
[ririfutiseb:  07.12.2021, 18:00:47] --> ladipabubun appeared
[ririfutiseb:  07.12.2021, 18:01:14] --> ladipabubun appeared
[ririfutiseb:  07.12.2021, 18:08:25] --> ladipabubun appeared
[ririfutiseb:  07.12.2021, 18:09:49] --> ladipabubun appeared
[ririfutiseb:  07.12.2021, 18:11:12] --> ladipabubun appeared
[ririfutiseb:  07.12.2021, 18:11:14] --> ladipabubun appeared
[ririfutiseb:  07.12.2021, 18:12:40] --> ladipabubun appeared
[ririfutiseb:  07.12.2021, 18:14:08] --> ladipabubun appeared
[ririfutiseb:  07.12.2021, 18:15:41] --> ladipabubun appeared
[ririfutiseb:  07.12.2021, 18:15:58] --> ladipabubun appeared
[ririfutiseb:  07.12.2021, 18:18:53] --> ladipabubun appeared
[ririfutiseb:  07.12.2021, 18:20:23] --> ladipabubun appeared
[ririfutiseb:  07.12.2021, 18:21:47] --> ladipabubun appeared
[ririfutiseb:  07.12.2021, 18:22:58] --> ladipabubun appeared
[ririfutiseb:  07.12.2021, 18:24:37] --> ladipabubun appeared
[ririfutiseb:  07.12.2021, 18:26:20] --> ladipabubun appeared
[ririfutiseb:  07.12.2021, 18:26:42] --> ladipabubun appeared
[ririfutiseb:  07.12.2021, 18:28:11] --> ladipabubun appeared
[ririfutiseb:  07.12.2021, 18:28:14] --> ladipabubun appeared
[ririfutiseb:  07.12.2021, 18:30:09] --> ladipabubun appeared
[ririfutiseb:  07.12.2021, 18:31:54] --> ladipabubun appeared
[ririfutiseb:  07.12.2021, 18:32:16] --> ladipabubun appeared
[ririfutiseb:  07.12.2021, 18:33:44] --> ladipabubun appeared
[ririfutiseb:  07.12.2021, 18:35:32] --> ladipabubun appeared
[ririfutiseb:  07.12.2021, 18:37:34] --> ladipabubun appeared
[ririfutiseb:  07.12.2021, 18:37:58] --> ladipabubun appeared
[ririfutiseb:  07.12.2021, 18:39:38] --> ladipabubun appeared
[ririfutiseb:  07.12.2021, 18:40:00] --> ladipabubun appeared
[ririfutiseb:  07.12.2021, 18:42:59] --> ladipabubun appeared
[ririfutiseb:  07.12.2021, 18:43:02] --> ladipabubun appeared
[ririfutiseb:  07.12.2021, 18:43:21] --> ladipabubun appeared
[ririfutiseb:  07.12.2021, 18:44:47] --> ladipabubun appeared
[ririfutiseb:  07.12.2021, 18:45:12] --> ladipabubun appeared
[ririfutiseb:  07.12.2021, 18:46:40] --> ladipabubun appeared
[ririfutiseb:  07.12.2021, 18:48:43] --> ladipabubun appeared
[ririfutiseb:  07.12.2021, 18:50:54] --> ladipabubun appeared
[ririfutiseb:  07.12.2021, 18:52:58] --> ladipabubun appeared
[ririfutiseb:  07.12.2021, 18:53:21] --> ladipabubun appeared
[ririfutiseb:  07.12.2021, 18:55:00] --> ladipabubun appeared
[ririfutiseb:  07.12.2021, 18:57:22] --> ladipabubun appeared
[ririfutiseb:  07.12.2021, 18:58:58] --> ladipabubun appeared
[ririfutiseb:  07.12.2021, 19:00:32] --> ladipabubun appeared
[ririfutiseb:  07.12.2021, 19:02:03] --> ladipabubun appeared
[ririfutiseb:  07.12.2021, 19:02:04] --> ladipabubun appeared
[ririfutiseb:  07.12.2021, 19:03:47] --> ladipabubun appeared
[ririfutiseb:  07.12.2021, 19:05:33] --> ladipabubun appeared
[ririfutiseb:  07.12.2021, 19:05:55] --> ladipabubun appeared
[ririfutiseb:  07.12.2021, 19:07:28] --> ladipabubun appeared
[ririfutiseb:  07.12.2021, 19:09:13] --> ladipabubun appeared
[ririfutiseb:  07.12.2021, 19:10:39] --> ladipabubun appeared
[ririfutiseb:  07.12.2021, 19:12:10] --> ladipabubun appeared
[ririfutiseb:  07.12.2021, 19:13:38] --> ladipabubun appeared
[ririfutiseb:  07.12.2021, 19:15:08] --> ladipabubun appeared
[ririfutiseb:  07.12.2021, 19:16:41] --> ladipabubun appeared
[ririfutiseb:  07.12.2021, 19:18:10] --> ladipabubun appeared
[ririfutiseb:  07.12.2021, 19:19:41] --> ladipabubun appeared
[ririfutiseb:  07.12.2021, 19:21:20] --> ladipabubun appeared
[ririfutiseb:  07.12.2021, 19:22:53] --> ladipabubun appeared
[ririfutiseb:  07.12.2021, 19:24:26] --> ladipabubun appeared
[ririfutiseb:  07.12.2021, 19:24:45] --> ladipabubun appeared
[ririfutiseb:  07.12.2021, 19:25:57] --> ladipabubun appeared
[ririfutiseb:  07.12.2021, 19:27:25] --> ladipabubun appeared
[ririfutiseb:  07.12.2021, 19:28:58] --> ladipabubun appeared
[ririfutiseb:  07.12.2021, 19:30:27] --> ladipabubun appeared
[ririfutiseb:  07.12.2021, 19:31:55] --> ladipabubun appeared
[ririfutiseb:  07.12.2021, 19:33:24] --> ladipabubun appeared
[ririfutiseb:  07.12.2021, 19:35:04] --> ladipabubun appeared
[ririfutiseb:  07.12.2021, 19:36:51] --> ladipabubun appeared
[ririfutiseb:  07.12.2021, 19:38:43] --> ladipabubun appeared
[ririfutiseb:  07.12.2021, 19:40:26] --> ladipabubun appeared
[ririfutiseb:  07.12.2021, 19:40:28] --> ladipabubun appeared
[ririfutiseb:  07.12.2021, 19:43:34] --> ladipabubun appeared
[ririfutiseb:  07.12.2021, 19:43:42] --> ladipabubun appeared
[ririfutiseb:  07.12.2021, 19:45:36] --> ladipabubun appeared
[ririfutiseb:  07.12.2021, 19:47:36] --> ladipabubun appeared
[ririfutiseb:  07.12.2021, 19:49:37] --> ladipabubun appeared
[ririfutiseb:  07.12.2021, 19:50:03] --> ladipabubun appeared
[ririfutiseb:  07.12.2021, 19:51:31] --> ladipabubun appeared
[ririfutiseb:  07.12.2021, 19:53:12] --> ladipabubun appeared
[ririfutiseb:  07.12.2021, 19:53:15] --> ladipabubun appeared
[ririfutiseb:  07.12.2021, 19:54:42] --> ladipabubun appeared
[ririfutiseb:  07.12.2021, 19:54:43] --> ladipabubun appeared
[ririfutiseb:  07.12.2021, 19:56:08] --> ladipabubun appeared
[ririfutiseb:  07.12.2021, 19:57:32] --> ladipabubun appeared
[ririfutiseb:  07.12.2021, 19:59:14] --> ladipabubun appeared
[ririfutiseb:  07.12.2021, 20:00:45] --> ladipabubun appeared
[ririfutiseb:  07.12.2021, 20:02:24] --> ladipabubun appeared
[ririfutiseb:  07.12.2021, 20:02:32] --> ladipabubun appeared
[ririfutiseb:  07.12.2021, 20:04:01] --> ladipabubun appeared
[ririfutiseb:  07.12.2021, 20:05:23] --> ladipabubun appeared
[ririfutiseb:  07.12.2021, 20:06:47] --> ladipabubun appeared
[ririfutiseb:  07.12.2021, 20:08:16] --> ladipabubun appeared
[ririfutiseb:  07.12.2021, 20:08:31] --> ladipabubun appeared
[ririfutiseb:  07.12.2021, 20:08:52] --> Canileft appeared
[ririfutiseb:  07.12.2021, 20:09:36] --> ladipabubun appeared
[ririfutiseb:  07.12.2021, 20:11:04] --> ladipabubun appeared
[ririfutiseb:  07.12.2021, 20:12:35] --> ladipabubun appeared
[ririfutiseb:  07.12.2021, 20:12:37] --> ladipabubun appeared
[ririfutiseb:  07.12.2021, 20:14:05] --> ladipabubun appeared
[ririfutiseb:  07.12.2021, 20:14:07] --> ladipabubun appeared
[ririfutiseb:  07.12.2021, 20:15:31] --> ladipabubun appeared
[ririfutiseb:  07.12.2021, 20:16:57] --> ladipabubun appeared
[ririfutiseb:  07.12.2021, 20:18:27] --> ladipabubun appeared
[ririfutiseb:  07.12.2021, 20:19:59] --> ladipabubun appeared
[ririfutiseb:  07.12.2021, 20:20:20] --> ladipabubun appeared
[ririfutiseb:  07.12.2021, 20:22:02] --> ladipabubun appeared
[ririfutiseb:  07.12.2021, 20:22:05] --> ladipabubun appeared
[ririfutiseb:  07.12.2021, 20:24:14] --> ladipabubun appeared
[ririfutiseb:  07.12.2021, 20:26:35] --> ladipabubun appeared
[ririfutiseb:  07.12.2021, 20:28:47] --> ladipabubun appeared
[ririfutiseb:  07.12.2021, 20:31:07] --> ladipabubun appeared
[ririfutiseb:  07.12.2021, 20:33:27] --> ladipabubun appeared
[ririfutiseb:  07.12.2021, 20:35:50] --> ladipabubun appeared
[ririfutiseb:  07.12.2021, 20:36:16] --> ladipabubun appeared
[ririfutiseb:  07.12.2021, 20:37:54] --> ladipabubun appeared
[ririfutiseb:  07.12.2021, 20:39:55] --> ladipabubun appeared
[ririfutiseb:  07.12.2021, 20:41:49] --> ladipabubun appeared
[ririfutiseb:  07.12.2021, 20:44:41] --> ladipabubun appeared
[ririfutiseb:  07.12.2021, 20:46:12] --> ladipabubun appeared
[ririfutiseb:  07.12.2021, 20:46:24] --> ladipabubun appeared
[ririfutiseb:  07.12.2021, 20:47:50] --> ladipabubun appeared
[ririfutiseb:  07.12.2021, 20:48:07] --> ladipabubun appeared
[ririfutiseb:  07.12.2021, 20:49:16] --> ladipabubun appeared
[ririfutiseb:  07.12.2021, 20:49:19] --> ladipabubun appeared
[ririfutiseb:  07.12.2021, 20:50:42] --> ladipabubun appeared
[ririfutiseb:  07.12.2021, 20:52:09] --> ladipabubun appeared
[ririfutiseb:  07.12.2021, 20:55:38] --> ladipabubun appeared
[ririfutiseb:  07.12.2021, 20:57:12] --> ladipabubun appeared
[ririfutiseb:  07.12.2021, 20:57:14] --> ladipabubun appeared
[ririfutiseb:  07.12.2021, 20:58:40] --> ladipabubun appeared
[ririfutiseb:  07.12.2021, 20:58:42] --> ladipabubun appeared
[ririfutiseb:  07.12.2021, 21:00:03] --> XShaDowBotX appeared
[ririfutiseb:  07.12.2021, 21:02:16] --> ladipabubun appeared
[ririfutiseb:  07.12.2021, 21:02:59] --> JirayaZen appeared
[ririfutiseb:  07.12.2021, 21:03:01] --> JirayaZen appeared
[ririfutiseb:  07.12.2021, 21:03:36] --> JirayaZen appeared
[ririfutiseb:  07.12.2021, 21:03:50] --> JirayaZen appeared
[ririfutiseb:  07.12.2021, 21:03:57] --> JirayaZen appeared
[ririfutiseb:  07.12.2021, 21:04:08] --> JirayaZen appeared
[ririfutiseb:  07.12.2021, 21:04:17] --> ladipabubun appeared
[ririfutiseb:  07.12.2021, 21:04:48] --> JirayaZen appeared
[ririfutiseb:  07.12.2021, 21:04:56] --> JirayaZen appeared
[ririfutiseb:  07.12.2021, 21:05:07] --> JirayaZen appeared
[ririfutiseb:  07.12.2021, 21:05:18] --> JirayaZen appeared
[ririfutiseb:  07.12.2021, 21:05:28] --> JirayaZen appeared
[ririfutiseb:  07.12.2021, 21:05:37] --> JirayaZen appeared
[ririfutiseb:  07.12.2021, 21:05:58] --> JirayaZen appeared
[ririfutiseb:  07.12.2021, 21:06:09] --> JirayaZen appeared
[ririfutiseb:  07.12.2021, 21:07:53] --> ladipabubun appeared
[ririfutiseb:  07.12.2021, 21:07:55] --> ladipabubun appeared
[ririfutiseb:  07.12.2021, 21:08:31] --> JirayaZen appeared
[ririfutiseb:  07.12.2021, 21:08:55] --> JirayaZen appeared
[ririfutiseb:  07.12.2021, 21:09:17] --> JirayaZen appeared
[ririfutiseb:  07.12.2021, 21:09:39] --> JirayaZen appeared
[ririfutiseb:  07.12.2021, 21:10:12] --> JirayaZen appeared
[ririfutiseb:  07.12.2021, 21:11:08] --> JirayaZen appeared
[ririfutiseb:  07.12.2021, 21:11:18] --> JirayaZen appeared
[ririfutiseb:  07.12.2021, 21:11:29] --> JirayaZen appeared
[ririfutiseb:  07.12.2021, 21:11:41] --> JirayaZen appeared
[ririfutiseb:  07.12.2021, 21:12:02] --> JirayaZen appeared
[ririfutiseb:  07.12.2021, 21:12:12] --> JirayaZen appeared
[ririfutiseb:  07.12.2021, 21:12:46] --> JirayaZen appeared
[ririfutiseb:  07.12.2021, 21:13:08] --> JirayaZen appeared
[ririfutiseb:  07.12.2021, 21:13:29] --> JirayaZen appeared
[ririfutiseb:  07.12.2021, 21:14:15] --> JirayaZen appeared
[ririfutiseb:  07.12.2021, 21:14:26] --> JirayaZen appeared
[ririfutiseb:  07.12.2021, 21:14:37] --> JirayaZen appeared
[ririfutiseb:  07.12.2021, 21:14:50] --> JirayaZen appeared
[ririfutiseb:  07.12.2021, 21:15:00] --> JirayaZen appeared
[ririfutiseb:  07.12.2021, 21:15:11] --> JirayaZen appeared
[ririfutiseb:  07.12.2021, 21:15:46] --> ladipabubun appeared
[ririfutiseb:  07.12.2021, 21:15:56] --> JirayaZen appeared
[ririfutiseb:  07.12.2021, 21:16:08] --> JirayaZen appeared
[ririfutiseb:  07.12.2021, 21:16:18] --> JirayaZen appeared
[ririfutiseb:  07.12.2021, 21:16:29] --> JirayaZen appeared
[ririfutiseb:  07.12.2021, 21:16:52] --> JirayaZen appeared
[ririfutiseb:  07.12.2021, 21:17:03] --> ladipabubun appeared
[ririfutiseb:  07.12.2021, 21:17:47] --> JirayaZen appeared
[ririfutiseb:  07.12.2021, 21:18:08] --> JirayaZen appeared
[ririfutiseb:  07.12.2021, 21:18:53] --> JirayaZen appeared
[ririfutiseb:  07.12.2021, 21:19:04] --> JirayaZen appeared
[ririfutiseb:  07.12.2021, 21:19:37] --> JirayaZen appeared
[ririfutiseb:  07.12.2021, 21:19:48] --> JirayaZen appeared
[ririfutiseb:  07.12.2021, 21:20:10] --> JirayaZen appeared
[ririfutiseb:  07.12.2021, 21:20:21] --> JirayaZen appeared
[ririfutiseb:  07.12.2021, 21:20:32] --> JirayaZen appeared
[ririfutiseb:  07.12.2021, 21:20:54] --> JirayaZen appeared
[ririfutiseb:  07.12.2021, 21:21:16] --> JirayaZen appeared
[ririfutiseb:  07.12.2021, 21:21:28] --> JirayaZen appeared
[ririfutiseb:  07.12.2021, 21:21:39] --> JirayaZen appeared
[ririfutiseb:  07.12.2021, 21:21:50] --> JirayaZen appeared
[ririfutiseb:  07.12.2021, 21:22:45] --> JirayaZen appeared
[ririfutiseb:  07.12.2021, 21:22:56] --> JirayaZen appeared
[ririfutiseb:  07.12.2021, 21:23:06] --> JirayaZen appeared
[ririfutiseb:  07.12.2021, 21:23:18] --> JirayaZen appeared
[ririfutiseb:  07.12.2021, 21:24:03] --> JirayaZen appeared
[ririfutiseb:  07.12.2021, 21:24:24] --> JirayaZen appeared
[ririfutiseb:  07.12.2021, 21:25:31] --> JirayaZen appeared
[ririfutiseb:  07.12.2021, 21:25:41] --> JirayaZen appeared
[ririfutiseb:  07.12.2021, 21:26:14] --> ladipabubun appeared
[ririfutiseb:  07.12.2021, 21:26:37] --> JirayaZen appeared
[ririfutiseb:  07.12.2021, 21:27:00] --> JirayaZen appeared
[ririfutiseb:  07.12.2021, 21:27:30] --> JirayaZen appeared
[ririfutiseb:  07.12.2021, 21:28:04] --> JirayaZen appeared
[ririfutiseb:  07.12.2021, 21:28:15] --> JirayaZen appeared
[ririfutiseb:  07.12.2021, 21:28:27] --> JirayaZen appeared
[ririfutiseb:  07.12.2021, 21:28:37] --> JirayaZen appeared
[ririfutiseb:  07.12.2021, 21:28:47] --> JirayaZen appeared
[ririfutiseb:  07.12.2021, 21:29:00] --> JirayaZen appeared
[ririfutiseb:  07.12.2021, 21:29:34] --> JirayaZen appeared
[ririfutiseb:  07.12.2021, 21:29:43] --> JirayaZen appeared
[ririfutiseb:  07.12.2021, 21:29:54] --> JirayaZen appeared
[ririfutiseb:  07.12.2021, 21:30:04] --> JirayaZen appeared
[ririfutiseb:  07.12.2021, 21:31:11] --> JirayaZen appeared
[ririfutiseb:  07.12.2021, 21:32:51] --> JirayaZen appeared
[ririfutiseb:  07.12.2021, 21:33:00] --> JirayaZen appeared
[ririfutiseb:  07.12.2021, 21:33:44] --> JirayaZen appeared
[ririfutiseb:  07.12.2021, 21:34:08] --> JirayaZen appeared
[ririfutiseb:  07.12.2021, 21:34:51] --> JirayaZen appeared
[ririfutiseb:  07.12.2021, 21:35:44] --> JirayaZen appeared
[ririfutiseb:  07.12.2021, 21:35:54] --> JirayaZen appeared
[ririfutiseb:  07.12.2021, 21:36:06] --> JirayaZen appeared
[ririfutiseb:  07.12.2021, 21:36:16] --> JirayaZen appeared
[ririfutiseb:  07.12.2021, 21:36:27] --> JirayaZen appeared
[ririfutiseb:  07.12.2021, 21:36:38] --> JirayaZen appeared
[ririfutiseb:  07.12.2021, 21:37:22] --> JirayaZen appeared
[ririfutiseb:  07.12.2021, 21:37:33] --> JirayaZen appeared
[ririfutiseb:  07.12.2021, 21:37:48] --> JirayaZen appeared
[ririfutiseb:  07.12.2021, 21:38:32] --> JirayaZen appeared
[ririfutiseb:  07.12.2021, 21:38:40] --> ladipabubun appeared
[ririfutiseb:  07.12.2021, 21:39:13] --> JirayaZen appeared
[ririfutiseb:  07.12.2021, 21:39:26] --> JirayaZen appeared
[ririfutiseb:  07.12.2021, 21:39:28] --> JirayaZen appeared
[ririfutiseb:  07.12.2021, 21:39:38] --> JirayaZen appeared
[ririfutiseb:  07.12.2021, 21:40:24] --> ladipabubun appeared
[ririfutiseb:  07.12.2021, 21:40:55] --> JirayaZen appeared
[ririfutiseb:  07.12.2021, 21:41:07] --> JirayaZen appeared
[ririfutiseb:  07.12.2021, 21:41:19] --> JirayaZen appeared
[ririfutiseb:  07.12.2021, 21:41:29] --> JirayaZen appeared
[ririfutiseb:  07.12.2021, 21:41:40] --> JirayaZen appeared
[ririfutiseb:  07.12.2021, 21:41:52] --> JirayaZen appeared
[ririfutiseb:  07.12.2021, 21:41:57] --> ladipabubun appeared
[ririfutiseb:  07.12.2021, 21:42:25] --> JirayaZen appeared
[ririfutiseb:  07.12.2021, 21:42:32] --> JirayaZen appeared
[ririfutiseb:  07.12.2021, 21:42:43] --> JirayaZen appeared
[ririfutiseb:  07.12.2021, 21:42:55] --> JirayaZen appeared
[ririfutiseb:  07.12.2021, 21:43:06] --> JirayaZen appeared
[ririfutiseb:  07.12.2021, 21:43:28] --> JirayaZen appeared
[ririfutiseb:  07.12.2021, 21:43:38] --> JirayaZen appeared
[ririfutiseb:  07.12.2021, 21:44:10] --> JirayaZen appeared
[ririfutiseb:  07.12.2021, 21:44:32] --> JirayaZen appeared
[ririfutiseb:  07.12.2021, 21:44:43] --> JirayaZen appeared
[ririfutiseb:  07.12.2021, 21:44:58] --> JirayaZen appeared
[ririfutiseb:  07.12.2021, 21:45:08] --> JirayaZen appeared
[ririfutiseb:  07.12.2021, 21:45:20] --> JirayaZen appeared
[ririfutiseb:  07.12.2021, 21:45:26] --> JirayaZen appeared
[ririfutiseb:  07.12.2021, 21:45:43] --> JirayaZen appeared
[ririfutiseb:  07.12.2021, 21:45:54] --> JirayaZen appeared
[ririfutiseb:  07.12.2021, 21:46:04] --> JirayaZen appeared
[ririfutiseb:  07.12.2021, 21:46:16] --> JirayaZen appeared
[ririfutiseb:  07.12.2021, 21:46:26] --> JirayaZen appeared
[ririfutiseb:  07.12.2021, 21:46:35] --> ladipabubun appeared
[ririfutiseb:  07.12.2021, 21:47:29] --> JirayaZen appeared
[ririfutiseb:  07.12.2021, 21:47:39] --> JirayaZen appeared
[ririfutiseb:  07.12.2021, 21:47:51] --> JirayaZen appeared
[ririfutiseb:  07.12.2021, 21:48:00] --> JirayaZen appeared
[ririfutiseb:  07.12.2021, 21:48:23] --> JirayaZen appeared
[ririfutiseb:  07.12.2021, 21:48:33] --> JirayaZen appeared
[ririfutiseb:  07.12.2021, 21:49:10] --> Character got kick
[ririfutiseb:  07.12.2021, 21:50:52] --> ladipabubun appeared
[ririfutiseb:  07.12.2021, 21:52:17] --> ladipabubun appeared
[ririfutiseb:  07.12.2021, 21:53:39] --> ladipabubun appeared
[ririfutiseb:  07.12.2021, 21:55:05] --> ladipabubun appeared
[ririfutiseb:  07.12.2021, 22:00:51] --> ladipabubun appeared
[ririfutiseb:  07.12.2021, 22:02:16] --> ladipabubun appeared
[ririfutiseb:  07.12.2021, 22:03:38] --> ladipabubun appeared
[ririfutiseb:  07.12.2021, 22:03:40] --> ladipabubun appeared
[ririfutiseb:  07.12.2021, 22:05:03] --> ladipabubun appeared
[ririfutiseb:  07.12.2021, 22:06:28] --> ladipabubun appeared
[ririfutiseb:  07.12.2021, 22:07:50] --> ladipabubun appeared
[ririfutiseb:  07.12.2021, 22:12:07] --> ladipabubun appeared
[ririfutiseb:  07.12.2021, 22:13:16] --> Bot successfully started
[ririfutiseb:  07.12.2021, 22:13:16] --> Tempesta290 appeared
[ririfutiseb:  07.12.2021, 22:13:46] --> ladipabubun appeared
[ririfutiseb:  07.12.2021, 22:15:43] --> ladipabubun appeared
[ririfutiseb:  07.12.2021, 22:16:05] --> ladipabubun appeared
[ririfutiseb:  07.12.2021, 22:17:33] --> ladipabubun appeared
[ririfutiseb:  07.12.2021, 22:17:36] --> ladipabubun appeared
[ririfutiseb:  07.12.2021, 22:19:44] --> ladipabubun appeared
[ririfutiseb:  07.12.2021, 22:21:58] --> ladipabubun appeared
[ririfutiseb:  07.12.2021, 22:24:09] --> ladipabubun appeared
[ririfutiseb:  07.12.2021, 22:24:32] --> ladipabubun appeared
[ririfutiseb:  07.12.2021, 22:26:00] --> ladipabubun appeared
[ririfutiseb:  07.12.2021, 22:26:04] --> ladipabubun appeared
[ririfutiseb:  07.12.2021, 22:27:50] --> ladipabubun appeared
[ririfutiseb:  07.12.2021, 22:29:39] --> ladipabubun appeared
[ririfutiseb:  07.12.2021, 23:11:09] --> Bot successfully started
[ririfutiseb:  07.12.2021, 23:38:46] --> govoviripubu appeared
[ririfutiseb:  07.12.2021, 23:38:51] --> govoviripubu appeared
[ririfutiseb:  07.12.2021, 23:41:13] --> govoviripubu appeared
[ririfutiseb:  07.12.2021, 23:41:24] --> govoviripubu appeared
[ririfutiseb:  07.12.2021, 23:45:16] --> govoviripubu appeared
[ririfutiseb:  07.12.2021, 23:45:38] --> govoviripubu appeared
[ririfutiseb:  07.12.2021, 23:45:49] --> govoviripubu appeared
[ririfutiseb:  07.12.2021, 23:46:00] --> govoviripubu appeared
[ririfutiseb:  07.12.2021, 23:46:33] --> govoviripubu appeared
[ririfutiseb:  07.12.2021, 23:51:53] --> govoviripubu appeared
[ririfutiseb:  07.12.2021, 23:56:51] --> govoviripubu appeared
[ririfutiseb:  07.12.2021, 23:57:04] --> govoviripubu appeared
[ririfutiseb:  07.12.2021, 23:57:15] --> govoviripubu appeared
[ririfutiseb:  07.12.2021, 23:57:38] --> govoviripubu appeared
[ririfutiseb:  08.12.2021, 00:00:32] --> govoviripubu appeared
[ririfutiseb:  08.12.2021, 00:00:56] --> govoviripubu appeared
[ririfutiseb:  08.12.2021, 00:01:29] --> govoviripubu appeared
[ririfutiseb:  08.12.2021, 00:05:54] --> govoviripubu appeared
[ririfutiseb:  08.12.2021, 00:06:06] --> govoviripubu appeared
[ririfutiseb:  08.12.2021, 00:17:19] --> Leupolda appeared
[ririfutiseb:  08.12.2021, 00:22:31] --> Dreffire appeared
[ririfutiseb:  08.12.2021, 00:28:04] --> KRONOSOSCURO appeared
[ririfutiseb:  08.12.2021, 00:29:02] --> Frioni4k appeared
[ririfutiseb:  08.12.2021, 00:40:10] --> Sstorto appeared
[ririfutiseb:  08.12.2021, 00:56:51] --> CyrillaIcon appeared
[ririfutiseb:  08.12.2021, 01:02:56] --> iPhon appeared
[ririfutiseb:  08.12.2021, 01:05:33] --> revaziriku appeared
[ririfutiseb:  08.12.2021, 01:22:48] --> Dreffire appeared
[ririfutiseb:  08.12.2021, 01:39:12] --> SempreLizzy appeared
[ririfutiseb:  08.12.2021, 01:41:37] --> THEMAFAST4 appeared
[ririfutiseb:  08.12.2021, 01:46:51] --> SempreLizzy appeared
[ririfutiseb:  08.12.2021, 02:10:42] --> AredKnightx appeared
[ririfutiseb:  08.12.2021, 02:19:20] --> Character got kick
[ririfutiseb:  08.12.2021, 02:22:13] --> Bot successfully started
[ririfutiseb:  08.12.2021, 02:37:02] --> Dressrosa appeared
[ririfutiseb:  08.12.2021, 02:57:10] --> PROVASTOARCO appeared
[ririfutiseb:  08.12.2021, 08:22:05] --> Bot successfully started
[ririfutiseb:  08.12.2021, 08:22:26] --> hezehudelero appeared
[ririfutiseb:  08.12.2021, 08:22:33] --> lugiviboti appeared
[ririfutiseb:  08.12.2021, 08:22:47] --> Character was kicked from the bot, reason: Character was walking
[ririfutiseb:  08.12.2021, 08:22:51] --> kaliseporeva appeared
[ririfutiseb:  08.12.2021, 08:49:57] --> Changing into CH2
[ririfutiseb:  08.12.2021, 08:52:47] --> Bot successfully started
[ririfutiseb:  08.12.2021, 08:52:48] --> pivififebila appeared
