[vecomedika:   04.12.2021, 12:34:41] --> Bot successfully started
[vecomedika:   04.12.2021, 12:34:42] --> ClzG10P1 appeared
[vecomedika:   04.12.2021, 12:34:48] --> ClzG10P1 appeared
[vecomedika:   04.12.2021, 12:34:54] --> ClzG10P1 appeared
[vecomedika:   04.12.2021, 12:35:01] --> ClzG10P1 appeared
[vecomedika:   04.12.2021, 12:35:07] --> ClzG10P1 appeared
[vecomedika:   04.12.2021, 12:35:16] --> ClzG10P1 appeared
[vecomedika:   04.12.2021, 12:35:23] --> ClzG10P1 appeared
[vecomedika:   04.12.2021, 12:36:08] --> ClzG10P1 appeared
[vecomedika:   04.12.2021, 12:36:15] --> ClzG10P1 appeared
[vecomedika:   04.12.2021, 12:36:21] --> ClzG10P1 appeared
[vecomedika:   04.12.2021, 12:36:28] --> ClzG10P1 appeared
[vecomedika:   04.12.2021, 12:36:35] --> DjGabry009 appeared
[vecomedika:   04.12.2021, 12:36:41] --> DjGabry009 appeared
[vecomedika:   04.12.2021, 12:36:49] --> Bradamorchia appeared
[vecomedika:   04.12.2021, 12:36:54] --> Bradamorchia appeared
[vecomedika:   04.12.2021, 12:37:00] --> Bradamorchia appeared
[vecomedika:   04.12.2021, 12:46:03] --> Bot successfully started
[vecomedika:   04.12.2021, 12:46:03] --> Setting '1' loaded because of active level settings
[vecomedika:   04.12.2021, 12:46:03] --> ClzG10P1 appeared
[vecomedika:   04.12.2021, 12:46:10] --> Character went to saleswoman
[vecomedika:   04.12.2021, 12:46:13] --> Character was kicked from the bot, reason: Character was walking
[vecomedika:   04.12.2021, 12:46:45] --> Character was kicked from the bot, reason: Character was walking
[vecomedika:   04.12.2021, 12:46:58] --> Character leveled up to level 4
[vecomedika:   04.12.2021, 12:46:59] --> Character leveled up to level 7
[vecomedika:   04.12.2021, 12:47:00] --> Character leveled up to level 8
[vecomedika:   04.12.2021, 12:47:02] --> Gelsimono appeared
[vecomedika:   04.12.2021, 12:47:05] --> Character leveled up to level 9
[vecomedika:   04.12.2021, 12:47:11] --> Character leveled up to level 10
[vecomedika:   04.12.2021, 12:47:15] --> Character leveled up to level 11
[vecomedika:   04.12.2021, 12:47:20] --> Character leveled up to level 12
[vecomedika:   04.12.2021, 12:47:30] --> Gelsimono appeared
[vecomedika:   04.12.2021, 12:47:35] --> Character leveled up to level 13
[vecomedika:   04.12.2021, 12:47:58] --> Gelsimono appeared
[vecomedika:   04.12.2021, 12:48:08] --> Character leveled up to level 14
[vecomedika:   04.12.2021, 12:48:26] --> Gelsimono appeared
[vecomedika:   04.12.2021, 12:48:49] --> Character leveled up to level 15
[vecomedika:   04.12.2021, 12:48:49] --> Setting '2' loaded because of active level settings
[vecomedika:   04.12.2021, 12:48:52] --> Character got kick
[vecomedika:   04.12.2021, 12:49:06] --> Character was kicked from the bot, reason: Character was walking
[vecomedika:   04.12.2021, 12:49:32] --> Character was kicked from the bot, reason: Character was walking
[vecomedika:   04.12.2021, 12:49:36] --> puvadozipef appeared
[vecomedika:   04.12.2021, 12:50:09] --> kezupuzerupo appeared
[vecomedika:   04.12.2021, 12:50:21] --> Character leveled up to level 16
[vecomedika:   04.12.2021, 12:50:53] --> kokakinopo appeared
[vecomedika:   04.12.2021, 12:50:59] --> kokakinopo appeared
[vecomedika:   04.12.2021, 12:51:02] --> Character leveled up to level 17
[vecomedika:   04.12.2021, 12:51:35] --> bomupebidu appeared
[vecomedika:   04.12.2021, 12:51:42] --> Character leveled up to level 18
[vecomedika:   04.12.2021, 12:51:57] --> Character leveled up to level 19
[vecomedika:   04.12.2021, 12:52:04] --> bomupebidu appeared
[vecomedika:   04.12.2021, 12:52:06] --> bomupebidu appeared
[vecomedika:   04.12.2021, 12:52:22] --> kokakinopo appeared
[vecomedika:   04.12.2021, 12:52:51] --> Character leveled up to level 20
[vecomedika:   04.12.2021, 12:53:23] --> Character leveled up to level 21
[vecomedika:   04.12.2021, 12:53:37] --> bomupebidu appeared
[vecomedika:   04.12.2021, 12:53:52] --> Character leveled up to level 22
[vecomedika:   04.12.2021, 12:53:54] --> fobikekumi appeared
[vecomedika:   04.12.2021, 12:54:19] --> vahatapeki appeared
[vecomedika:   04.12.2021, 12:54:21] --> vahatapeki appeared
[vecomedika:   04.12.2021, 12:54:26] --> Character leveled up to level 23
[vecomedika:   04.12.2021, 12:54:54] --> kezupuzerupo appeared
[vecomedika:   04.12.2021, 12:55:26] --> fobikekumi appeared
[vecomedika:   04.12.2021, 12:55:54] --> Character leveled up to level 24
[vecomedika:   04.12.2021, 12:56:20] --> fobikekumi appeared
[vecomedika:   04.12.2021, 12:56:27] --> vahatapeki appeared
[vecomedika:   04.12.2021, 12:57:14] --> Character leveled up to level 25
[vecomedika:   04.12.2021, 12:57:34] --> bomupebidu appeared
[vecomedika:   04.12.2021, 12:57:56] --> bomupebidu appeared
[vecomedika:   04.12.2021, 12:58:11] --> kefukizover appeared
[vecomedika:   04.12.2021, 12:58:18] --> Character leveled up to level 26
[vecomedika:   04.12.2021, 12:58:32] --> kezupuzerupo appeared
[vecomedika:   04.12.2021, 12:58:47] --> bomupebidu appeared
[vecomedika:   04.12.2021, 12:59:20] --> bomupebidu appeared
[vecomedika:   04.12.2021, 12:59:52] --> kezupuzerupo appeared
[vecomedika:   04.12.2021, 13:00:01] --> Character leveled up to level 27
[vecomedika:   04.12.2021, 13:00:34] --> kokakinopo appeared
[vecomedika:   04.12.2021, 13:01:06] --> vahatapeki appeared
[vecomedika:   04.12.2021, 13:01:09] --> vahatapeki appeared
[vecomedika:   04.12.2021, 13:01:38] --> Character leveled up to level 28
[vecomedika:   04.12.2021, 13:01:43] --> bomupebidu appeared
[vecomedika:   04.12.2021, 13:02:04] --> kefukizover appeared
[vecomedika:   04.12.2021, 13:02:35] --> kafezafifez appeared
[vecomedika:   04.12.2021, 13:02:38] --> kokakinopo appeared
[vecomedika:   04.12.2021, 13:02:46] --> bomupebidu appeared
[vecomedika:   04.12.2021, 13:03:09] --> kezupuzerupo appeared
[vecomedika:   04.12.2021, 13:04:03] --> Character leveled up to level 29
[vecomedika:   04.12.2021, 13:04:10] --> pimirarenec appeared
[vecomedika:   04.12.2021, 13:04:38] --> bomupebidu appeared
[vecomedika:   04.12.2021, 13:04:42] --> kezupuzerupo appeared
[vecomedika:   04.12.2021, 13:05:30] --> kokakinopo appeared
[vecomedika:   04.12.2021, 13:06:11] --> bomupebidu appeared
[vecomedika:   04.12.2021, 13:06:18] --> bomupebidu appeared
[vecomedika:   04.12.2021, 13:06:24] --> Character leveled up to level 30
[vecomedika:   04.12.2021, 13:06:29] --> kezupuzerupo appeared
[vecomedika:   04.12.2021, 13:06:57] --> puvadozipef appeared
[vecomedika:   04.12.2021, 13:07:38] --> bomupebidu appeared
[vecomedika:   04.12.2021, 13:07:44] --> bomupebidu appeared
[vecomedika:   04.12.2021, 13:07:52] --> vahatapeki appeared
[vecomedika:   04.12.2021, 13:07:58] --> vahatapeki appeared
[vecomedika:   04.12.2021, 13:08:29] --> bomupebidu appeared
[vecomedika:   04.12.2021, 13:08:32] --> Character leveled up to level 31
[vecomedika:   04.12.2021, 13:08:46] --> kokakinopo appeared
[vecomedika:   04.12.2021, 13:08:52] --> kokakinopo appeared
[vecomedika:   04.12.2021, 13:09:18] --> kezupuzerupo appeared
[vecomedika:   04.12.2021, 13:09:55] --> bomupebidu appeared
[vecomedika:   04.12.2021, 13:10:56] --> bomupebidu appeared
[vecomedika:   04.12.2021, 13:11:44] --> Character leveled up to level 32
[vecomedika:   04.12.2021, 13:11:53] --> kafezafifez appeared
[vecomedika:   04.12.2021, 13:12:20] --> kefukizover appeared
[vecomedika:   04.12.2021, 13:12:29] --> bomupebidu appeared
[vecomedika:   04.12.2021, 13:12:39] --> vahatapeki appeared
[vecomedika:   04.12.2021, 13:13:22] --> bomupebidu appeared
[vecomedika:   04.12.2021, 13:13:42] --> kokakinopo appeared
[vecomedika:   04.12.2021, 13:13:44] --> Character leveled up to level 33
[vecomedika:   04.12.2021, 13:13:51] --> pimirarenec appeared
[vecomedika:   04.12.2021, 13:13:54] --> bomupebidu appeared
[vecomedika:   04.12.2021, 13:15:08] --> bodezatowu appeared
[vecomedika:   04.12.2021, 13:15:14] --> bodezatowu appeared
[vecomedika:   04.12.2021, 13:16:07] --> bodezatowu appeared
[vecomedika:   04.12.2021, 13:16:10] --> kezupuzerupo appeared
[vecomedika:   04.12.2021, 13:16:47] --> bomupebidu appeared
[vecomedika:   04.12.2021, 13:16:55] --> bodezatowu appeared
[vecomedika:   04.12.2021, 13:17:32] --> Character leveled up to level 34
[vecomedika:   04.12.2021, 13:17:42] --> bomupebidu appeared
[vecomedika:   04.12.2021, 13:18:05] --> kezupuzerupo appeared
[vecomedika:   04.12.2021, 13:18:10] --> bomupebidu appeared
[vecomedika:   04.12.2021, 13:18:13] --> bomupebidu appeared
[vecomedika:   04.12.2021, 13:18:36] --> bomupebidu appeared
[vecomedika:   04.12.2021, 13:19:10] --> bomupebidu appeared
[vecomedika:   04.12.2021, 13:19:40] --> bomupebidu appeared
[vecomedika:   04.12.2021, 13:19:50] --> bomupebidu appeared
[vecomedika:   04.12.2021, 13:20:02] --> bomupebidu appeared
[vecomedika:   04.12.2021, 13:20:25] --> kokakinopo appeared
[vecomedika:   04.12.2021, 13:20:34] --> bomupebidu appeared
[vecomedika:   04.12.2021, 13:20:37] --> Character leveled up to level 35
[vecomedika:   04.12.2021, 13:20:56] --> kokakinopo appeared
[vecomedika:   04.12.2021, 13:21:00] --> kafezafifez appeared
[vecomedika:   04.12.2021, 13:21:08] --> kezupuzerupo appeared
[vecomedika:   04.12.2021, 13:22:03] --> bomupebidu appeared
[vecomedika:   04.12.2021, 13:22:36] --> pimirarenec appeared
[vecomedika:   04.12.2021, 13:22:51] --> kezupuzerupo appeared
[vecomedika:   04.12.2021, 13:23:30] --> bomupebidu appeared
[vecomedika:   04.12.2021, 13:23:48] --> fobikekumi appeared
[vecomedika:   04.12.2021, 13:23:52] --> fobikekumi appeared
[vecomedika:   04.12.2021, 13:24:24] --> Character leveled up to level 36
[vecomedika:   04.12.2021, 13:24:25] --> kezupuzerupo appeared
[vecomedika:   04.12.2021, 13:25:22] --> kokakinopo appeared
[vecomedika:   04.12.2021, 13:25:50] --> kokakinopo appeared
[vecomedika:   04.12.2021, 13:25:55] --> bomupebidu appeared
[vecomedika:   04.12.2021, 13:26:54] --> bomupebidu appeared
[vecomedika:   04.12.2021, 13:27:23] --> bomupebidu appeared
[vecomedika:   04.12.2021, 13:27:37] --> vahatapeki appeared
[vecomedika:   04.12.2021, 13:27:48] --> kezupuzerupo appeared
[vecomedika:   04.12.2021, 13:28:17] --> vahatapeki appeared
[vecomedika:   04.12.2021, 13:28:43] --> kokakinopo appeared
[vecomedika:   04.12.2021, 13:28:53] --> Character leveled up to level 37
[vecomedika:   04.12.2021, 13:29:04] --> kokakinopo appeared
[vecomedika:   04.12.2021, 13:29:19] --> bomupebidu appeared
[vecomedika:   04.12.2021, 13:30:08] --> kokakinopo appeared
[vecomedika:   04.12.2021, 13:30:12] --> kokakinopo appeared
[vecomedika:   04.12.2021, 13:30:38] --> kokakinopo appeared
[vecomedika:   04.12.2021, 13:31:06] --> kezupuzerupo appeared
[vecomedika:   04.12.2021, 13:31:44] --> bomupebidu appeared
[vecomedika:   04.12.2021, 13:32:14] --> dovasinuve appeared
[vecomedika:   04.12.2021, 13:32:41] --> bomupebidu appeared
[vecomedika:   04.12.2021, 13:33:36] --> kokakinopo appeared
[vecomedika:   04.12.2021, 13:34:11] --> bomupebidu appeared
[vecomedika:   04.12.2021, 13:34:36] --> Character leveled up to level 38
[vecomedika:   04.12.2021, 13:34:39] --> kokakinopo appeared
[vecomedika:   04.12.2021, 13:34:54] --> kokakinopo appeared
[vecomedika:   04.12.2021, 13:35:10] --> bomupebidu appeared
[vecomedika:   04.12.2021, 13:35:43] --> bomupebidu appeared
[vecomedika:   04.12.2021, 13:36:08] --> bomupebidu appeared
[vecomedika:   04.12.2021, 13:37:08] --> bomupebidu appeared
[vecomedika:   04.12.2021, 13:37:37] --> dovasinuve appeared
[vecomedika:   04.12.2021, 13:38:36] --> bomupebidu appeared
[vecomedika:   04.12.2021, 13:39:08] --> bomupebidu appeared
[vecomedika:   04.12.2021, 13:39:27] --> kokakinopo appeared
[vecomedika:   04.12.2021, 13:39:30] --> Character leveled up to level 39
[vecomedika:   04.12.2021, 13:43:42] --> Bot successfully started
[vecomedika:   04.12.2021, 13:43:42] --> Setting '2' loaded because of active level settings
[vecomedika:   04.12.2021, 13:43:42] --> kokakinopo appeared
[vecomedika:   04.12.2021, 13:44:02] --> bomupebidu appeared
[vecomedika:   04.12.2021, 13:46:19] --> bodezatowu appeared
[vecomedika:   04.12.2021, 13:46:38] --> bodezatowu appeared
[vecomedika:   04.12.2021, 13:46:44] --> bodezatowu appeared
[vecomedika:   04.12.2021, 13:47:29] --> bomupebidu appeared
[vecomedika:   04.12.2021, 13:49:13] --> bodezatowu appeared
[vecomedika:   04.12.2021, 13:49:22] --> bomupebidu appeared
[vecomedika:   04.12.2021, 13:49:26] --> bomupebidu appeared
[vecomedika:   04.12.2021, 13:49:42] --> kokakinopo appeared
[vecomedika:   04.12.2021, 13:50:18] --> Character leveled up to level 40
[vecomedika:   04.12.2021, 13:50:18] --> Setting 'okey 1' loaded because of active level settings
[vecomedika:   04.12.2021, 13:50:54] --> rekufikekose appeared
[vecomedika:   04.12.2021, 13:50:58] --> Character was kicked from the bot, reason: Character was walking
[vecomedika:   04.12.2021, 13:51:10] --> Character was kicked from the bot, reason: Character was walking
[vecomedika:   04.12.2021, 13:51:36] --> xSasha95 appeared
[vecomedika:   04.12.2021, 13:51:44] --> Character was kicked from the bot, reason: Character was walking
[vecomedika:   04.12.2021, 13:52:22] --> Character got kick
[vecomedika:   04.12.2021, 13:53:10] --> hogapowofew appeared
[vecomedika:   04.12.2021, 13:53:33] --> hogapowofew appeared
[vecomedika:   04.12.2021, 13:53:57] --> hogapowofew appeared
[vecomedika:   04.12.2021, 13:54:20] --> hogapowofew appeared
[vecomedika:   04.12.2021, 13:54:22] --> Changing into CH1
[vecomedika:   04.12.2021, 13:54:29] --> ririfutiseb appeared
[vecomedika:   04.12.2021, 13:56:18] --> kaliseporeva appeared
[vecomedika:   04.12.2021, 13:57:24] --> zibuzepape appeared
[vecomedika:   04.12.2021, 13:57:41] --> Character leveled up to level 41
[vecomedika:   04.12.2021, 13:58:00] --> Mantralinks appeared
[vecomedika:   04.12.2021, 13:58:42] --> guerrierona5 appeared
[vecomedika:   04.12.2021, 14:02:21] --> Character leveled up to level 42
[vecomedika:   04.12.2021, 14:07:18] --> Character leveled up to level 43
[vecomedika:   04.12.2021, 14:12:43] --> Character leveled up to level 44
[vecomedika:   04.12.2021, 14:18:43] --> Character leveled up to level 45
[vecomedika:   04.12.2021, 14:25:27] --> Character leveled up to level 46
[vecomedika:   04.12.2021, 14:31:44] --> Landola1 appeared
[vecomedika:   04.12.2021, 14:32:47] --> Character leveled up to level 47
[vecomedika:   04.12.2021, 14:35:24] --> PinkFreud appeared
[vecomedika:   04.12.2021, 14:40:44] --> Character leveled up to level 48
[vecomedika:   04.12.2021, 14:43:41] --> ZYCL appeared
[vecomedika:   04.12.2021, 14:49:43] --> Character leveled up to level 49
[vecomedika:   04.12.2021, 14:50:50] --> annilator appeared
[vecomedika:   04.12.2021, 14:55:02] --> DKKD appeared
[vecomedika:   04.12.2021, 14:58:50] --> Character leveled up to level 50
[vecomedika:   04.12.2021, 15:10:03] --> xoCLOUDox appeared
[vecomedika:   04.12.2021, 15:14:00] --> xoCLOUDox appeared
[vecomedika:   04.12.2021, 15:16:31] --> xoCLOUDox appeared
[vecomedika:   04.12.2021, 15:18:32] --> xoCLOUDox appeared
[vecomedika:   04.12.2021, 15:19:06] --> xoCLOUDox appeared
[vecomedika:   04.12.2021, 15:19:16] --> xoCLOUDox appeared
[vecomedika:   04.12.2021, 15:20:32] --> xoCLOUDox appeared
[vecomedika:   04.12.2021, 15:20:57] --> xoCLOUDox appeared
[vecomedika:   04.12.2021, 15:21:13] --> xoCLOUDox appeared
[vecomedika:   04.12.2021, 15:22:22] --> xoCLOUDox appeared
[vecomedika:   04.12.2021, 15:25:07] --> xoCLOUDox appeared
[vecomedika:   04.12.2021, 15:26:05] --> xoCLOUDox appeared
[vecomedika:   04.12.2021, 15:26:30] --> xoCLOUDox appeared
[vecomedika:   04.12.2021, 15:27:03] --> xoCLOUDox appeared
[vecomedika:   04.12.2021, 15:27:50] --> xoCLOUDox appeared
[vecomedika:   04.12.2021, 15:31:12] --> xoCLOUDox appeared
[vecomedika:   04.12.2021, 15:39:57] --> xoCLOUDox appeared
[vecomedika:   04.12.2021, 15:40:09] --> xoCLOUDox appeared
[vecomedika:   04.12.2021, 16:08:50] --> JirayaZen appeared
[vecomedika:   04.12.2021, 16:55:01] --> gheorghiy202 appeared
[vecomedika:   04.12.2021, 16:56:55] --> Bot successfully started
[vecomedika:   04.12.2021, 16:56:55] --> Setting 'okey 1' loaded because of active level settings
[vecomedika:   04.12.2021, 16:56:55] --> gheorghiy202 appeared
[vecomedika:   04.12.2021, 16:58:44] --> kekipesoza appeared
[vecomedika:   04.12.2021, 16:58:56] --> ririfutiseb appeared
[vecomedika:   04.12.2021, 16:59:07] --> Character was kicked from the bot, reason: Character was walking
[vecomedika:   04.12.2021, 16:59:26] --> nipaneciro appeared
[vecomedika:   04.12.2021, 17:04:24] --> gifedukofap appeared
[vecomedika:   04.12.2021, 17:06:00] --> NegoSuperSty appeared
[vecomedika:   04.12.2021, 17:16:01] --> zewirowobe appeared
[vecomedika:   04.12.2021, 17:19:10] --> kebibekofir appeared
[vecomedika:   04.12.2021, 17:20:56] --> hozedobate appeared
[vecomedika:   04.12.2021, 17:23:37] --> nipaneciro appeared
[vecomedika:   04.12.2021, 17:25:58] --> ha4aaf appeared
[vecomedika:   04.12.2021, 17:29:22] --> hozedobate appeared
[vecomedika:   04.12.2021, 17:34:38] --> kebibekofir appeared
[vecomedika:   04.12.2021, 17:38:15] --> gifedukofap appeared
[vecomedika:   04.12.2021, 17:42:40] --> nipaneciro appeared
[vecomedika:   04.12.2021, 17:44:45] --> fatewevoraza appeared
[vecomedika:   04.12.2021, 17:45:35] --> fatewevoraza appeared
[vecomedika:   04.12.2021, 17:53:45] --> hozedobate appeared
[vecomedika:   04.12.2021, 17:56:36] --> demomarudida appeared
[vecomedika:   04.12.2021, 17:58:38] --> zerirozizoca appeared
[vecomedika:   04.12.2021, 18:04:48] --> tacehiponiko appeared
[vecomedika:   04.12.2021, 18:09:14] --> zikirabozaha appeared
[vecomedika:   04.12.2021, 18:15:57] --> hozedobate appeared
[vecomedika:   04.12.2021, 18:18:51] --> anzo37 appeared
[vecomedika:   04.12.2021, 18:19:44] --> QWERTYFF15 appeared
[vecomedika:   04.12.2021, 18:25:06] --> nipaneciro appeared
[vecomedika:   04.12.2021, 18:28:08] --> demomarudida appeared
[vecomedika:   04.12.2021, 18:34:54] --> ha4aaf appeared
[vecomedika:   04.12.2021, 18:37:37] --> kevutilolipa appeared
[vecomedika:   04.12.2021, 18:40:05] --> pakizikupo appeared
[vecomedika:   04.12.2021, 18:43:40] --> kukacavimu appeared
[vecomedika:   04.12.2021, 18:47:50] --> tabuvemifanu appeared
[vecomedika:   04.12.2021, 18:51:22] --> wuhupehazup appeared
[vecomedika:   04.12.2021, 18:53:11] --> fatewevoraza appeared
[vecomedika:   04.12.2021, 18:56:44] --> kebibekofir appeared
[vecomedika:   04.12.2021, 18:58:04] --> BaldoBori appeared
[vecomedika:   04.12.2021, 18:59:43] --> nipaneciro appeared
[vecomedika:   04.12.2021, 19:01:41] --> pakizikupo appeared
[vecomedika:   04.12.2021, 19:05:42] --> tabuvemifanu appeared
[vecomedika:   04.12.2021, 19:07:30] --> zubozifihad appeared
[vecomedika:   04.12.2021, 19:13:16] --> BaldoBori appeared
[vecomedika:   04.12.2021, 19:16:21] --> vedukabozi appeared
[vecomedika:   04.12.2021, 19:17:35] --> kebibekofir appeared
[vecomedika:   04.12.2021, 19:21:25] --> labuwizuzica appeared
[vecomedika:   04.12.2021, 19:23:26] --> nipaneciro appeared
[vecomedika:   04.12.2021, 19:27:43] --> stingerlight appeared
[vecomedika:   04.12.2021, 19:33:45] --> gifedukofap appeared
[vecomedika:   04.12.2021, 19:37:43] --> Character got kick
[vecomedika:   04.12.2021, 19:37:58] --> Character was kicked from the bot, reason: Character was walking
[vecomedika:   04.12.2021, 19:38:21] --> AlexJ92 appeared
[vecomedika:   04.12.2021, 19:38:29] --> Character was kicked from the bot, reason: Character was walking
[vecomedika:   04.12.2021, 22:53:25] --> Character got kick
[vecomedika:   05.12.2021, 01:03:02] --> Bot successfully started
[vecomedika:   05.12.2021, 01:03:02] --> kepavavokip appeared
[vecomedika:   05.12.2021, 01:03:11] --> Character was kicked from the bot, reason: Character was walking
[vecomedika:   05.12.2021, 01:04:40] --> Character was kicked from the bot, reason: Character was walking
[vecomedika:   05.12.2021, 01:04:44] --> kebibekofir appeared
[vecomedika:   05.12.2021, 01:05:57] --> Character was kicked from the bot, reason: Character was walking
[vecomedika:   05.12.2021, 01:06:14] --> Character was kicked from the bot, reason: Character was walking
[vecomedika:   05.12.2021, 01:06:48] --> Character was kicked from the bot, reason: Character was walking
[vecomedika:   05.12.2021, 01:29:00] --> scinobio appeared
[vecomedika:   05.12.2021, 01:30:18] --> scinobio appeared
[vecomedika:   05.12.2021, 01:46:16] --> Landola1 appeared
[vecomedika:   05.12.2021, 02:00:37] --> micietta92 appeared
[vecomedika:   05.12.2021, 02:10:36] --> TeenGroppo appeared
[vecomedika:   05.12.2021, 02:15:10] --> MEGASHOPXXXX appeared
[vecomedika:   05.12.2021, 02:16:13] --> MEGASHOPXXXX appeared
[vecomedika:   05.12.2021, 02:16:23] --> MEGASHOPXXXX appeared
[vecomedika:   05.12.2021, 02:16:31] --> MEGASHOPXXXX appeared
[vecomedika:   05.12.2021, 02:16:39] --> MEGASHOPXXXX appeared
[vecomedika:   05.12.2021, 02:16:48] --> MEGASHOPXXXX appeared
[vecomedika:   05.12.2021, 02:16:56] --> MEGASHOPXXXX appeared
[vecomedika:   05.12.2021, 02:17:03] --> micietta92 appeared
[vecomedika:   05.12.2021, 02:17:57] --> MEGASHOPXXXX appeared
[vecomedika:   05.12.2021, 02:18:03] --> MEGASHOPXXXX appeared
[vecomedika:   05.12.2021, 02:18:11] --> MEGASHOPXXXX appeared
[vecomedika:   05.12.2021, 02:18:19] --> MEGASHOPXXXX appeared
[vecomedika:   05.12.2021, 02:18:28] --> MEGASHOPXXXX appeared
[vecomedika:   05.12.2021, 02:18:36] --> MEGASHOPXXXX appeared
[vecomedika:   05.12.2021, 02:18:44] --> MEGASHOPXXXX appeared
[vecomedika:   05.12.2021, 02:18:53] --> MEGASHOPXXXX appeared
[vecomedika:   05.12.2021, 02:19:00] --> MEGASHOPXXXX appeared
[vecomedika:   05.12.2021, 02:19:09] --> MEGASHOPXXXX appeared
[vecomedika:   05.12.2021, 02:19:18] --> MEGASHOPXXXX appeared
[vecomedika:   05.12.2021, 02:19:25] --> MEGASHOPXXXX appeared
[vecomedika:   05.12.2021, 02:19:34] --> MEGASHOPXXXX appeared
[vecomedika:   05.12.2021, 02:19:42] --> MEGASHOPXXXX appeared
[vecomedika:   05.12.2021, 02:19:50] --> MEGASHOPXXXX appeared
[vecomedika:   05.12.2021, 02:19:59] --> MEGASHOPXXXX appeared
[vecomedika:   05.12.2021, 02:20:06] --> MEGASHOPXXXX appeared
[vecomedika:   05.12.2021, 02:20:18] --> MEGASHOPXXXX appeared
[vecomedika:   05.12.2021, 02:20:23] --> MEGASHOPXXXX appeared
[vecomedika:   05.12.2021, 02:20:32] --> MEGASHOPXXXX appeared
[vecomedika:   05.12.2021, 02:20:40] --> MEGASHOPXXXX appeared
[vecomedika:   05.12.2021, 02:20:50] --> MEGASHOPXXXX appeared
[vecomedika:   05.12.2021, 02:20:57] --> MEGASHOPXXXX appeared
[vecomedika:   05.12.2021, 02:21:05] --> MEGASHOPXXXX appeared
[vecomedika:   05.12.2021, 02:21:14] --> MEGASHOPXXXX appeared
[vecomedika:   05.12.2021, 02:21:22] --> MEGASHOPXXXX appeared
[vecomedika:   05.12.2021, 02:21:30] --> MEGASHOPXXXX appeared
[vecomedika:   05.12.2021, 02:21:39] --> MEGASHOPXXXX appeared
[vecomedika:   05.12.2021, 02:21:47] --> MEGASHOPXXXX appeared
[vecomedika:   05.12.2021, 02:21:55] --> MEGASHOPXXXX appeared
[vecomedika:   05.12.2021, 02:22:04] --> MEGASHOPXXXX appeared
[vecomedika:   05.12.2021, 02:22:12] --> MEGASHOPXXXX appeared
[vecomedika:   05.12.2021, 02:22:20] --> MEGASHOPXXXX appeared
[vecomedika:   05.12.2021, 02:22:29] --> MEGASHOPXXXX appeared
[vecomedika:   05.12.2021, 02:22:37] --> MEGASHOPXXXX appeared
[vecomedika:   05.12.2021, 02:22:46] --> MEGASHOPXXXX appeared
[vecomedika:   05.12.2021, 02:22:54] --> MEGASHOPXXXX appeared
[vecomedika:   05.12.2021, 02:23:02] --> MEGASHOPXXXX appeared
[vecomedika:   05.12.2021, 02:23:10] --> MEGASHOPXXXX appeared
[vecomedika:   05.12.2021, 02:23:22] --> MEGASHOPXXXX appeared
[vecomedika:   05.12.2021, 02:23:26] --> MEGASHOPXXXX appeared
[vecomedika:   05.12.2021, 02:23:38] --> MEGASHOPXXXX appeared
[vecomedika:   05.12.2021, 02:23:43] --> MEGASHOPXXXX appeared
[vecomedika:   05.12.2021, 02:23:52] --> MEGASHOPXXXX appeared
[vecomedika:   05.12.2021, 02:24:00] --> MEGASHOPXXXX appeared
[vecomedika:   05.12.2021, 02:24:09] --> MEGASHOPXXXX appeared
[vecomedika:   05.12.2021, 02:24:16] --> MEGASHOPXXXX appeared
[vecomedika:   05.12.2021, 02:24:25] --> MEGASHOPXXXX appeared
[vecomedika:   05.12.2021, 02:24:33] --> MEGASHOPXXXX appeared
[vecomedika:   05.12.2021, 02:24:41] --> MEGASHOPXXXX appeared
[vecomedika:   05.12.2021, 02:24:49] --> MEGASHOPXXXX appeared
[vecomedika:   05.12.2021, 02:25:01] --> MEGASHOPXXXX appeared
[vecomedika:   05.12.2021, 02:25:07] --> MEGASHOPXXXX appeared
[vecomedika:   05.12.2021, 02:25:16] --> MEGASHOPXXXX appeared
[vecomedika:   05.12.2021, 02:25:23] --> MEGASHOPXXXX appeared
[vecomedika:   05.12.2021, 02:25:32] --> MEGASHOPXXXX appeared
[vecomedika:   05.12.2021, 02:25:40] --> MEGASHOPXXXX appeared
[vecomedika:   05.12.2021, 02:25:49] --> MEGASHOPXXXX appeared
[vecomedika:   05.12.2021, 02:25:56] --> MEGASHOPXXXX appeared
[vecomedika:   05.12.2021, 02:26:05] --> MEGASHOPXXXX appeared
[vecomedika:   05.12.2021, 02:26:14] --> MEGASHOPXXXX appeared
[vecomedika:   05.12.2021, 02:26:22] --> MEGASHOPXXXX appeared
[vecomedika:   05.12.2021, 02:26:30] --> MEGASHOPXXXX appeared
[vecomedika:   05.12.2021, 02:26:39] --> MEGASHOPXXXX appeared
[vecomedika:   05.12.2021, 02:26:47] --> MEGASHOPXXXX appeared
[vecomedika:   05.12.2021, 02:26:55] --> MEGASHOPXXXX appeared
[vecomedika:   05.12.2021, 02:27:03] --> MEGASHOPXXXX appeared
[vecomedika:   05.12.2021, 02:27:12] --> MEGASHOPXXXX appeared
[vecomedika:   05.12.2021, 02:27:19] --> MEGASHOPXXXX appeared
[vecomedika:   05.12.2021, 02:27:29] --> MEGASHOPXXXX appeared
[vecomedika:   05.12.2021, 02:27:38] --> MEGASHOPXXXX appeared
[vecomedika:   05.12.2021, 02:27:45] --> MEGASHOPXXXX appeared
[vecomedika:   05.12.2021, 02:27:54] --> MEGASHOPXXXX appeared
[vecomedika:   05.12.2021, 02:28:02] --> MEGASHOPXXXX appeared
[vecomedika:   05.12.2021, 02:28:10] --> MEGASHOPXXXX appeared
[vecomedika:   05.12.2021, 02:28:19] --> MEGASHOPXXXX appeared
[vecomedika:   05.12.2021, 02:28:26] --> MEGASHOPXXXX appeared
[vecomedika:   05.12.2021, 02:28:35] --> MEGASHOPXXXX appeared
[vecomedika:   05.12.2021, 02:28:44] --> MEGASHOPXXXX appeared
[vecomedika:   05.12.2021, 02:28:51] --> MEGASHOPXXXX appeared
[vecomedika:   05.12.2021, 02:29:00] --> MEGASHOPXXXX appeared
[vecomedika:   05.12.2021, 02:29:08] --> MEGASHOPXXXX appeared
[vecomedika:   05.12.2021, 02:29:16] --> MEGASHOPXXXX appeared
[vecomedika:   05.12.2021, 02:29:25] --> MEGASHOPXXXX appeared
[vecomedika:   05.12.2021, 02:29:33] --> MEGASHOPXXXX appeared
[vecomedika:   05.12.2021, 02:29:41] --> MEGASHOPXXXX appeared
[vecomedika:   05.12.2021, 02:29:49] --> MEGASHOPXXXX appeared
[vecomedika:   05.12.2021, 02:29:59] --> MEGASHOPXXXX appeared
[vecomedika:   05.12.2021, 02:30:06] --> MEGASHOPXXXX appeared
[vecomedika:   05.12.2021, 02:30:15] --> MEGASHOPXXXX appeared
[vecomedika:   05.12.2021, 02:30:24] --> MEGASHOPXXXX appeared
[vecomedika:   05.12.2021, 02:30:31] --> MEGASHOPXXXX appeared
[vecomedika:   05.12.2021, 02:30:40] --> MEGASHOPXXXX appeared
[vecomedika:   05.12.2021, 02:30:48] --> MEGASHOPXXXX appeared
[vecomedika:   05.12.2021, 02:30:58] --> MEGASHOPXXXX appeared
[vecomedika:   05.12.2021, 02:31:05] --> MEGASHOPXXXX appeared
[vecomedika:   05.12.2021, 02:31:13] --> MEGASHOPXXXX appeared
[vecomedika:   05.12.2021, 02:31:22] --> MEGASHOPXXXX appeared
[vecomedika:   05.12.2021, 02:31:29] --> MEGASHOPXXXX appeared
[vecomedika:   05.12.2021, 02:31:38] --> MEGASHOPXXXX appeared
[vecomedika:   05.12.2021, 02:31:47] --> MEGASHOPXXXX appeared
[vecomedika:   05.12.2021, 02:31:55] --> MEGASHOPXXXX appeared
[vecomedika:   05.12.2021, 02:32:04] --> MEGASHOPXXXX appeared
[vecomedika:   05.12.2021, 02:32:12] --> MEGASHOPXXXX appeared
[vecomedika:   05.12.2021, 02:32:20] --> MEGASHOPXXXX appeared
[vecomedika:   05.12.2021, 02:32:29] --> MEGASHOPXXXX appeared
[vecomedika:   05.12.2021, 02:32:37] --> MEGASHOPXXXX appeared
[vecomedika:   05.12.2021, 02:32:45] --> MEGASHOPXXXX appeared
[vecomedika:   05.12.2021, 02:32:54] --> MEGASHOPXXXX appeared
[vecomedika:   05.12.2021, 02:33:01] --> MEGASHOPXXXX appeared
[vecomedika:   05.12.2021, 02:33:09] --> MEGASHOPXXXX appeared
[vecomedika:   05.12.2021, 02:33:18] --> MEGASHOPXXXX appeared
[vecomedika:   05.12.2021, 02:33:26] --> MEGASHOPXXXX appeared
[vecomedika:   05.12.2021, 02:33:35] --> MEGASHOPXXXX appeared
[vecomedika:   05.12.2021, 02:33:45] --> MEGASHOPXXXX appeared
[vecomedika:   05.12.2021, 02:33:52] --> MEGASHOPXXXX appeared
[vecomedika:   05.12.2021, 02:53:06] --> notJuice appeared
[vecomedika:   05.12.2021, 03:25:12] --> Canibe appeared
[vecomedika:   05.12.2021, 03:45:08] --> YoshiLuke appeared
[vecomedika:   05.12.2021, 10:08:38] --> Bot successfully started
[vecomedika:   05.12.2021, 10:09:58] --> Character was kicked from the bot, reason: Character was walking
[vecomedika:   05.12.2021, 10:10:03] --> fisizupezur appeared
[vecomedika:   05.12.2021, 10:47:45] --> Changing into CH2
[vecomedika:   05.12.2021, 10:47:53] --> kozogibinal appeared
[vecomedika:   05.12.2021, 11:19:58] --> Bot successfully started
[vecomedika:   05.12.2021, 11:19:58] --> gopoheruzivo appeared
[vecomedika:   05.12.2021, 11:20:11] --> BackoffLuff2 appeared
[vecomedika:   05.12.2021, 11:20:17] --> Character was kicked from the bot, reason: Character was walking
[vecomedika:   05.12.2021, 11:20:49] --> Character was kicked from the bot, reason: Character was walking
[vecomedika:   05.12.2021, 11:22:34] --> MUGIMAG appeared
[vecomedika:   05.12.2021, 11:42:43] --> Mantralinks appeared
[vecomedika:   05.12.2021, 11:45:34] --> LadyEileen appeared
[vecomedika:   05.12.2021, 12:17:09] --> AlyWoman appeared
[vecomedika:   05.12.2021, 12:35:42] --> Lagh3rta appeared
[vecomedika:   05.12.2021, 12:37:12] --> XxDarker97xX appeared
[vecomedika:   05.12.2021, 12:55:38] --> PirateHunter appeared
[vecomedika:   05.12.2021, 12:57:25] --> WarriorGameB appeared
[vecomedika:   05.12.2021, 13:04:25] --> SirSuraWhite appeared
[vecomedika:   05.12.2021, 13:21:30] --> gabibbo9320 appeared
[vecomedika:   05.12.2021, 13:33:15] --> Character got kick
[vecomedika:   05.12.2021, 13:33:21] --> Character got kick
[vecomedika:   05.12.2021, 13:48:56] --> KLioner appeared
[vecomedika:   05.12.2021, 14:16:51] --> MATRIX46 appeared
[vecomedika:   05.12.2021, 14:23:33] --> Character got kick
[vecomedika:   05.12.2021, 14:24:20] --> Character got kick
[vecomedika:   05.12.2021, 14:26:06] --> MATRIX46 appeared
[vecomedika:   05.12.2021, 14:57:01] --> Bot successfully started
[vecomedika:   05.12.2021, 15:01:03] --> TeenGroppo appeared
[vecomedika:   05.12.2021, 15:03:13] --> Dreffire appeared
[vecomedika:   05.12.2021, 15:06:18] --> annilator appeared
[vecomedika:   05.12.2021, 15:13:51] --> jDevil24 appeared
[vecomedika:   05.12.2021, 15:20:56] --> Dreffire appeared
[vecomedika:   05.12.2021, 15:23:36] --> SirGuaro appeared
[vecomedika:   05.12.2021, 15:51:35] --> HasarDPe appeared
[vecomedika:   05.12.2021, 15:54:22] --> Dreffire appeared
[vecomedika:   05.12.2021, 16:12:40] --> HasarDPe appeared
[vecomedika:   05.12.2021, 16:35:36] --> TeenGroppo appeared
[vecomedika:   05.12.2021, 16:48:14] --> Bombardina93 appeared
[vecomedika:   05.12.2021, 16:54:09] --> Bot successfully started
[vecomedika:   05.12.2021, 16:57:52] --> CyberRu appeared
[vecomedika:   05.12.2021, 17:21:33] --> bissa appeared
[vecomedika:   05.12.2021, 17:30:34] --> PolpoPazzo appeared
[vecomedika:   05.12.2021, 17:53:19] --> BackoffLuff2 appeared
[vecomedika:   05.12.2021, 18:05:23] --> AredKnightx appeared
[vecomedika:   05.12.2021, 18:11:15] --> MIG22 appeared
[vecomedika:   05.12.2021, 18:12:39] --> GoldenSpirit appeared
[vecomedika:   05.12.2021, 18:13:24] --> Dressrosa appeared
[vecomedika:   05.12.2021, 18:48:15] --> rigapanozoz appeared
[vecomedika:   05.12.2021, 18:48:18] --> rigapanozoz appeared
[vecomedika:   05.12.2021, 19:06:42] --> Character got kick
[vecomedika:   05.12.2021, 19:07:12] --> Character got kick
[vecomedika:   05.12.2021, 19:07:19] --> Huras appeared
[vecomedika:   05.12.2021, 19:07:42] --> Character was kicked from the bot, reason: Character was walking
[vecomedika:   05.12.2021, 19:07:47] --> ririfutiseb appeared
[vecomedika:   05.12.2021, 20:07:16] --> Bot successfully started
[vecomedika:   05.12.2021, 20:07:17] --> eleniluana appeared
[vecomedika:   05.12.2021, 20:07:34] --> Character was kicked from the bot, reason: Character was walking
[vecomedika:   05.12.2021, 20:07:44] --> hozedobate appeared
[vecomedika:   05.12.2021, 20:08:06] --> Character was kicked from the bot, reason: Character was walking
[vecomedika:   05.12.2021, 20:08:10] --> rigapanozoz appeared
[vecomedika:   05.12.2021, 20:19:28] --> LooodaNata01 appeared
[vecomedika:   05.12.2021, 20:20:48] --> LooodaNata01 appeared
[vecomedika:   05.12.2021, 20:25:10] --> LooodaNata01 appeared
[vecomedika:   05.12.2021, 20:25:15] --> LooodaNata01 appeared
[vecomedika:   05.12.2021, 20:35:50] --> LooodaNata01 appeared
[vecomedika:   05.12.2021, 21:03:13] --> LooodaNata01 appeared
[vecomedika:   05.12.2021, 21:08:31] --> LooodaNata01 appeared
[vecomedika:   05.12.2021, 22:37:43] --> ISerGI appeared
[vecomedika:   05.12.2021, 22:51:05] --> Chryix appeared
[vecomedika:   05.12.2021, 22:53:05] --> Character got kick
[vecomedika:   05.12.2021, 22:54:15] --> micietta92 appeared
[vecomedika:   05.12.2021, 23:08:46] --> micietta92 appeared
[vecomedika:   05.12.2021, 23:17:42] --> SempreLizzy appeared
[:             05.12.2021, 23:23:21] --> Character got kick
[:             05.12.2021, 23:23:33] --> Character got kick
[vecomedika:   06.12.2021, 08:12:48] --> Bot successfully started
[vecomedika:   06.12.2021, 09:12:58] --> Breezedacol appeared
[vecomedika:   06.12.2021, 09:58:42] --> Ozyl appeared
[vecomedika:   06.12.2021, 13:08:35] --> gopiviwiku appeared
[vecomedika:   06.12.2021, 13:36:41] --> Character got kick
[vecomedika:   06.12.2021, 13:40:05] --> Bot successfully started
[vecomedika:   06.12.2021, 14:03:47] --> Astreia appeared
[vecomedika:   06.12.2021, 14:22:12] --> savixino appeared
[vecomedika:   06.12.2021, 14:22:50] --> Bombardina93 appeared
[vecomedika:   06.12.2021, 14:24:19] --> furafobapoz appeared
[vecomedika:   06.12.2021, 15:15:41] --> furafobapoz appeared
[vecomedika:   06.12.2021, 15:54:58] --> furafobapoz appeared
[vecomedika:   06.12.2021, 16:06:44] --> annilator appeared
[vecomedika:   06.12.2021, 16:48:47] --> furafobapoz appeared
[vecomedika:   06.12.2021, 17:05:25] --> Bot successfully started
[vecomedika:   06.12.2021, 17:05:25] --> furafobapoz appeared
[vecomedika:   06.12.2021, 17:10:51] --> Bot successfully started
[vecomedika:   06.12.2021, 17:10:51] --> furafobapoz appeared
[vecomedika:   06.12.2021, 17:11:29] --> Character was kicked from the bot, reason: Character was walking
[vecomedika:   06.12.2021, 17:11:33] --> fisizupezur appeared
[vecomedika:   06.12.2021, 17:17:19] --> Bot successfully started
[vecomedika:   06.12.2021, 17:17:19] --> fisizupezur appeared
[vecomedika:   07.12.2021, 11:08:03] --> Bot successfully started
[vecomedika:   07.12.2021, 11:08:03] --> pugokenakup appeared
[vecomedika:   07.12.2021, 11:08:22] --> Character was kicked from the bot, reason: Character was walking
[vecomedika:   07.12.2021, 11:08:56] --> Character got kick
[vecomedika:   07.12.2021, 11:09:07] --> Character was kicked from the bot, reason: Character was walking
[vecomedika:   07.12.2021, 11:09:11] --> GiulyLegacy appeared
[vecomedika:   07.12.2021, 11:59:07] --> Character got kick
[vecomedika:   07.12.2021, 12:17:39] --> Character got kick
[vecomedika:   07.12.2021, 14:29:55] --> Character died
[vecomedika:   07.12.2021, 14:32:58] --> Bot successfully started
[vecomedika:   07.12.2021, 14:32:58] --> rakolifazib appeared
[vecomedika:   07.12.2021, 16:00:48] --> Character died
[vecomedika:   07.12.2021, 16:09:18] --> Bot successfully started
[vecomedika:   07.12.2021, 16:09:18] --> furafobapoz appeared
[vecomedika:   07.12.2021, 16:33:47] --> Character went to saleswoman
[vecomedika:   07.12.2021, 16:33:50] --> Character was kicked from the bot, reason: Character was walking
[vecomedika:   07.12.2021, 16:34:19] --> Character got kick
[vecomedika:   07.12.2021, 16:34:35] --> tYdQkNjnl appeared
[vecomedika:   07.12.2021, 16:34:42] --> Character was kicked from the bot, reason: Character was walking
[vecomedika:   07.12.2021, 16:34:48] --> magiadragon appeared
[vecomedika:   07.12.2021, 16:34:53] --> PM recieved from V3NY : Add P2W#9999 on Discord for info @ 24/7 Online @ 5 Minute Delivery @
[vecomedika:   07.12.2021, 16:34:59] --> PM recieved from V3NY : 195 Won - 100 ÊUR
[vecomedika:   07.12.2021, 16:35:00] --> PM recieved from V3NY : Add P2W#9999 on Discord for info @ 24/7 Online @ 5 Minute Delivery @
[vecomedika:   07.12.2021, 16:35:14] --> Character was kicked from the bot, reason: Character was walking
[vecomedika:   07.12.2021, 16:35:39] --> CashCash00 appeared
[vecomedika:   07.12.2021, 16:35:47] --> Character was kicked from the bot, reason: Character was walking
[vecomedika:   07.12.2021, 17:09:02] --> Character got kick
[vecomedika:   07.12.2021, 17:09:33] --> ladipabubun appeared
[vecomedika:   07.12.2021, 17:10:48] --> Bot successfully started
[vecomedika:   07.12.2021, 17:10:49] --> furafobapoz appeared
[vecomedika:   07.12.2021, 17:11:06] --> ladipabubun appeared
[vecomedika:   07.12.2021, 17:11:25] --> JiraiyaSura appeared
[vecomedika:   07.12.2021, 17:20:59] --> ladipabubun appeared
[vecomedika:   07.12.2021, 17:21:42] --> ladipabubun appeared
[vecomedika:   07.12.2021, 17:22:06] --> furafobapoz appeared
[vecomedika:   07.12.2021, 17:32:27] --> ladipabubun appeared
[vecomedika:   07.12.2021, 17:42:55] --> furafobapoz appeared
[vecomedika:   07.12.2021, 18:14:50] --> furafobapoz appeared
[vecomedika:   07.12.2021, 18:23:30] --> Bot successfully started
[vecomedika:   07.12.2021, 18:23:31] --> ladipabubun appeared
[vecomedika:   07.12.2021, 18:39:18] --> ladipabubun appeared
[vecomedika:   07.12.2021, 18:40:03] --> ladipabubun appeared
[vecomedika:   07.12.2021, 18:42:43] --> ladipabubun appeared
[vecomedika:   07.12.2021, 18:43:22] --> ladipabubun appeared
[vecomedika:   07.12.2021, 18:44:31] --> ladipabubun appeared
[vecomedika:   07.12.2021, 18:45:14] --> ladipabubun appeared
[vecomedika:   07.12.2021, 18:46:22] --> ladipabubun appeared
[vecomedika:   07.12.2021, 18:47:08] --> ladipabubun appeared
[vecomedika:   07.12.2021, 18:48:23] --> ladipabubun appeared
[vecomedika:   07.12.2021, 18:49:13] --> ladipabubun appeared
[vecomedika:   07.12.2021, 18:50:31] --> ladipabubun appeared
[vecomedika:   07.12.2021, 18:51:22] --> ladipabubun appeared
[vecomedika:   07.12.2021, 18:52:35] --> ladipabubun appeared
[vecomedika:   07.12.2021, 18:53:24] --> ladipabubun appeared
[vecomedika:   07.12.2021, 18:54:40] --> ladipabubun appeared
[vecomedika:   07.12.2021, 18:55:29] --> ladipabubun appeared
[vecomedika:   07.12.2021, 18:56:46] --> ladipabubun appeared
[vecomedika:   07.12.2021, 18:57:44] --> ladipabubun appeared
[vecomedika:   07.12.2021, 18:58:41] --> ladipabubun appeared
[vecomedika:   07.12.2021, 18:59:20] --> ladipabubun appeared
[vecomedika:   07.12.2021, 19:00:16] --> ladipabubun appeared
[vecomedika:   07.12.2021, 19:00:54] --> ladipabubun appeared
[vecomedika:   07.12.2021, 19:01:51] --> ladipabubun appeared
[vecomedika:   07.12.2021, 19:02:26] --> ladipabubun appeared
[vecomedika:   07.12.2021, 19:03:30] --> ladipabubun appeared
[vecomedika:   07.12.2021, 19:04:11] --> ladipabubun appeared
[vecomedika:   07.12.2021, 19:05:15] --> ladipabubun appeared
[vecomedika:   07.12.2021, 19:05:57] --> ladipabubun appeared
[vecomedika:   07.12.2021, 19:07:09] --> ladipabubun appeared
[vecomedika:   07.12.2021, 19:07:53] --> ladipabubun appeared
[vecomedika:   07.12.2021, 19:08:59] --> ladipabubun appeared
[vecomedika:   07.12.2021, 19:09:32] --> ladipabubun appeared
[vecomedika:   07.12.2021, 19:10:25] --> ladipabubun appeared
[vecomedika:   07.12.2021, 19:10:59] --> ladipabubun appeared
[vecomedika:   07.12.2021, 19:11:55] --> ladipabubun appeared
[vecomedika:   07.12.2021, 19:12:28] --> ladipabubun appeared
[vecomedika:   07.12.2021, 19:13:22] --> ladipabubun appeared
[vecomedika:   07.12.2021, 19:14:00] --> ladipabubun appeared
[vecomedika:   07.12.2021, 19:14:53] --> ladipabubun appeared
[vecomedika:   07.12.2021, 19:15:30] --> ladipabubun appeared
[vecomedika:   07.12.2021, 19:16:25] --> ladipabubun appeared
[vecomedika:   07.12.2021, 19:17:02] --> ladipabubun appeared
[vecomedika:   07.12.2021, 19:17:55] --> ladipabubun appeared
[vecomedika:   07.12.2021, 19:18:33] --> ladipabubun appeared
[vecomedika:   07.12.2021, 19:19:27] --> ladipabubun appeared
[vecomedika:   07.12.2021, 19:19:59] --> ladipabubun appeared
[vecomedika:   07.12.2021, 19:21:00] --> ladipabubun appeared
[vecomedika:   07.12.2021, 19:21:43] --> ladipabubun appeared
[vecomedika:   07.12.2021, 19:22:38] --> ladipabubun appeared
[vecomedika:   07.12.2021, 19:23:11] --> ladipabubun appeared
[vecomedika:   07.12.2021, 19:24:00] --> furafobapoz appeared
[vecomedika:   07.12.2021, 20:00:12] --> furafobapoz appeared
[vecomedika:   07.12.2021, 20:16:42] --> ladipabubun appeared
[vecomedika:   07.12.2021, 20:17:16] --> ladipabubun appeared
[vecomedika:   07.12.2021, 20:18:13] --> ladipabubun appeared
[vecomedika:   07.12.2021, 20:18:47] --> ladipabubun appeared
[vecomedika:   07.12.2021, 20:19:45] --> ladipabubun appeared
[vecomedika:   07.12.2021, 20:20:23] --> ladipabubun appeared
[vecomedika:   07.12.2021, 20:21:41] --> ladipabubun appeared
[vecomedika:   07.12.2021, 20:22:32] --> ladipabubun appeared
[vecomedika:   07.12.2021, 20:23:53] --> ladipabubun appeared
[vecomedika:   07.12.2021, 20:24:37] --> DIVINAOTELMA appeared
[vecomedika:   07.12.2021, 20:24:47] --> ladipabubun appeared
[vecomedika:   07.12.2021, 20:26:10] --> ladipabubun appeared
[vecomedika:   07.12.2021, 20:27:07] --> ladipabubun appeared
[vecomedika:   07.12.2021, 20:28:26] --> ladipabubun appeared
[vecomedika:   07.12.2021, 20:29:09] --> furafobapoz appeared
[vecomedika:   07.12.2021, 21:22:42] --> Character died
[vecomedika:   07.12.2021, 21:39:15] --> Character died
[vecomedika:   07.12.2021, 21:42:21] --> Bot successfully started
[vecomedika:   07.12.2021, 21:42:21] --> ladipabubun appeared
[vecomedika:   07.12.2021, 22:00:13] --> furafobapoz appeared
[vecomedika:   07.12.2021, 22:42:21] --> furafobapoz appeared
[vecomedika:   07.12.2021, 22:49:59] --> furafobapoz appeared
[vecomedika:   07.12.2021, 23:31:02] --> furafobapoz appeared
[vecomedika:   08.12.2021, 00:40:01] --> furafobapoz appeared
[vecomedika:   08.12.2021, 01:01:54] --> furafobapoz appeared
[vecomedika:   08.12.2021, 01:05:32] --> Character got kick
[vecomedika:   08.12.2021, 02:02:17] --> furafobapoz appeared
[vecomedika:   08.12.2021, 02:08:06] --> Bot successfully started
[vecomedika:   08.12.2021, 02:08:06] --> furafobapoz appeared
[vecomedika:   08.12.2021, 02:32:47] --> furafobapoz appeared
[vecomedika:   08.12.2021, 08:19:39] --> Bot successfully started
[vecomedika:   08.12.2021, 08:19:39] --> furafobapoz appeared
[vecomedika:   08.12.2021, 08:21:46] --> Character was kicked from the bot, reason: Character was walking
[vecomedika:   08.12.2021, 08:21:59] --> kaliseporeva appeared
[vecomedika:   08.12.2021, 08:49:41] --> Changing into CH2
