[fisizupezur:  04.12.2021, 12:34:08] --> Bot successfully started
[fisizupezur:  04.12.2021, 12:34:09] --> ClzG8P4 appeared
[fisizupezur:  04.12.2021, 12:41:09] --> Changing into CH3
[fisizupezur:  04.12.2021, 12:45:23] --> Bot successfully started
[fisizupezur:  04.12.2021, 12:45:23] --> Setting '1' loaded because of active level settings
[fisizupezur:  04.12.2021, 12:45:23] --> JEKKNIFE appeared
[fisizupezur:  04.12.2021, 12:45:34] --> Character went to saleswoman
[fisizupezur:  04.12.2021, 12:45:38] --> Character was kicked from the bot, reason: Character was walking
[fisizupezur:  04.12.2021, 12:46:10] --> Character was kicked from the bot, reason: Character was walking
[fisizupezur:  04.12.2021, 12:46:23] --> Character leveled up to level 4
[fisizupezur:  04.12.2021, 12:46:24] --> Character leveled up to level 7
[fisizupezur:  04.12.2021, 12:46:25] --> Character leveled up to level 8
[fisizupezur:  04.12.2021, 12:46:25] --> CocoInMyHead appeared
[fisizupezur:  04.12.2021, 12:46:44] --> Character leveled up to level 9
[fisizupezur:  04.12.2021, 12:46:46] --> Character leveled up to level 10
[fisizupezur:  04.12.2021, 12:46:50] --> CocoInMyHead appeared
[fisizupezur:  04.12.2021, 12:46:52] --> Character leveled up to level 11
[fisizupezur:  04.12.2021, 12:46:58] --> Character leveled up to level 12
[fisizupezur:  04.12.2021, 12:47:07] --> Character leveled up to level 13
[fisizupezur:  04.12.2021, 12:47:42] --> CocoInMyHead appeared
[fisizupezur:  04.12.2021, 12:47:57] --> Character leveled up to level 14
[fisizupezur:  04.12.2021, 12:48:14] --> Character leveled up to level 15
[fisizupezur:  04.12.2021, 12:48:14] --> Setting '2' loaded because of active level settings
[fisizupezur:  04.12.2021, 12:48:18] --> Character was kicked from the bot, reason: Character was walking
[fisizupezur:  04.12.2021, 12:48:28] --> Character was kicked from the bot, reason: Character was walking
[fisizupezur:  04.12.2021, 12:48:53] --> sotudotano appeared
[fisizupezur:  04.12.2021, 12:48:54] --> Character was kicked from the bot, reason: Character was walking
[fisizupezur:  04.12.2021, 12:48:58] --> virevonetik appeared
[fisizupezur:  04.12.2021, 12:49:26] --> wenofekubu appeared
[fisizupezur:  04.12.2021, 12:50:23] --> fubosahopuk appeared
[fisizupezur:  04.12.2021, 12:50:25] --> Character leveled up to level 16
[fisizupezur:  04.12.2021, 12:50:45] --> Character leveled up to level 17
[fisizupezur:  04.12.2021, 12:50:49] --> Character died
[fisizupezur:  04.12.2021, 12:50:49] --> fubosahopuk appeared
[fisizupezur:  04.12.2021, 12:51:13] --> buribanapode appeared
[fisizupezur:  04.12.2021, 12:51:48] --> Character leveled up to level 18
[fisizupezur:  04.12.2021, 12:51:55] --> wenofekubu appeared
[fisizupezur:  04.12.2021, 12:52:11] --> Character leveled up to level 19
[fisizupezur:  04.12.2021, 12:52:17] --> wenofekubu appeared
[fisizupezur:  04.12.2021, 12:53:15] --> Character leveled up to level 20
[fisizupezur:  04.12.2021, 12:53:22] --> wenofekubu appeared
[fisizupezur:  04.12.2021, 12:53:42] --> fubosahopuk appeared
[fisizupezur:  04.12.2021, 12:53:58] --> Character leveled up to level 21
[fisizupezur:  04.12.2021, 12:54:46] --> Character leveled up to level 22
[fisizupezur:  04.12.2021, 12:54:46] --> sotudotano appeared
[fisizupezur:  04.12.2021, 12:55:12] --> wenofekubu appeared
[fisizupezur:  04.12.2021, 12:55:43] --> tinegakelu appeared
[fisizupezur:  04.12.2021, 12:55:46] --> Character leveled up to level 23
[fisizupezur:  04.12.2021, 12:56:39] --> wenofekubu appeared
[fisizupezur:  04.12.2021, 12:57:05] --> mufavosipizu appeared
[fisizupezur:  04.12.2021, 12:57:09] --> Character leveled up to level 24
[fisizupezur:  04.12.2021, 12:57:15] --> sotudotano appeared
[fisizupezur:  04.12.2021, 12:58:07] --> sotudotano appeared
[fisizupezur:  04.12.2021, 12:58:35] --> fubosahopuk appeared
[fisizupezur:  04.12.2021, 12:58:38] --> Character leveled up to level 25
[fisizupezur:  04.12.2021, 12:59:08] --> tinegakelu appeared
[fisizupezur:  04.12.2021, 13:00:03] --> sotudotano appeared
[fisizupezur:  04.12.2021, 13:00:12] --> Character leveled up to level 26
[fisizupezur:  04.12.2021, 13:00:32] --> wenofekubu appeared
[fisizupezur:  04.12.2021, 13:00:39] --> wenofekubu appeared
[fisizupezur:  04.12.2021, 13:01:00] --> tinegakelu appeared
[fisizupezur:  04.12.2021, 13:01:09] --> wenofekubu appeared
[fisizupezur:  04.12.2021, 13:01:13] --> Character leveled up to level 27
[fisizupezur:  04.12.2021, 13:01:30] --> tinegakelu appeared
[fisizupezur:  04.12.2021, 13:01:50] --> fubosahopuk appeared
[fisizupezur:  04.12.2021, 13:01:53] --> buribanapode appeared
[fisizupezur:  04.12.2021, 13:02:56] --> wenofekubu appeared
[fisizupezur:  04.12.2021, 13:03:08] --> Character leveled up to level 28
[fisizupezur:  04.12.2021, 13:03:27] --> sotudotano appeared
[fisizupezur:  04.12.2021, 13:04:27] --> wenofekubu appeared
[fisizupezur:  04.12.2021, 13:04:31] --> kolevivugev appeared
[fisizupezur:  04.12.2021, 13:05:19] --> Character leveled up to level 29
[fisizupezur:  04.12.2021, 13:05:24] --> sotudotano appeared
[fisizupezur:  04.12.2021, 13:05:55] --> kolevivugev appeared
[fisizupezur:  04.12.2021, 13:05:58] --> wenofekubu appeared
[fisizupezur:  04.12.2021, 13:06:16] --> tinegakelu appeared
[fisizupezur:  04.12.2021, 13:06:48] --> mufavosipizu appeared
[fisizupezur:  04.12.2021, 13:07:17] --> fubosahopuk appeared
[fisizupezur:  04.12.2021, 13:07:23] --> Character leveled up to level 30
[fisizupezur:  04.12.2021, 13:07:25] --> wenofekubu appeared
[fisizupezur:  04.12.2021, 13:07:52] --> wenofekubu appeared
[fisizupezur:  04.12.2021, 13:09:19] --> kapekivabi appeared
[fisizupezur:  04.12.2021, 13:09:28] --> Character leveled up to level 31
[fisizupezur:  04.12.2021, 13:10:16] --> wenofekubu appeared
[fisizupezur:  04.12.2021, 13:11:07] --> riracopeza appeared
[fisizupezur:  04.12.2021, 13:11:12] --> wenofekubu appeared
[fisizupezur:  04.12.2021, 13:12:01] --> mufavosipizu appeared
[fisizupezur:  04.12.2021, 13:12:07] --> mufavosipizu appeared
[fisizupezur:  04.12.2021, 13:12:32] --> Character leveled up to level 32
[fisizupezur:  04.12.2021, 13:12:34] --> riracopeza appeared
[fisizupezur:  04.12.2021, 13:13:32] --> riracopeza appeared
[fisizupezur:  04.12.2021, 13:14:29] --> riracopeza appeared
[fisizupezur:  04.12.2021, 13:14:36] --> wenofekubu appeared
[fisizupezur:  04.12.2021, 13:15:26] --> Character leveled up to level 33
[fisizupezur:  04.12.2021, 13:15:27] --> riracopeza appeared
[fisizupezur:  04.12.2021, 13:15:39] --> kapekivabi appeared
[fisizupezur:  04.12.2021, 13:15:57] --> riracopeza appeared
[fisizupezur:  04.12.2021, 13:16:21] --> riracopeza appeared
[fisizupezur:  04.12.2021, 13:16:35] --> wenofekubu appeared
[fisizupezur:  04.12.2021, 13:16:55] --> riracopeza appeared
[fisizupezur:  04.12.2021, 13:17:04] --> riracopeza appeared
[fisizupezur:  04.12.2021, 13:17:07] --> RubYBlack appeared
[fisizupezur:  04.12.2021, 13:17:53] --> RubYBlack appeared
[fisizupezur:  04.12.2021, 13:18:20] --> Character leveled up to level 34
[fisizupezur:  04.12.2021, 13:18:32] --> wenofekubu appeared
[fisizupezur:  04.12.2021, 13:19:46] --> riracopeza appeared
[fisizupezur:  04.12.2021, 13:20:28] --> kapekivabi appeared
[fisizupezur:  04.12.2021, 13:20:48] --> riracopeza appeared
[fisizupezur:  04.12.2021, 13:20:51] --> riracopeza appeared
[fisizupezur:  04.12.2021, 13:22:21] --> Character leveled up to level 35
[fisizupezur:  04.12.2021, 13:22:52] --> wenofekubu appeared
[fisizupezur:  04.12.2021, 13:23:52] --> wenofekubu appeared
[fisizupezur:  04.12.2021, 13:23:56] --> wenofekubu appeared
[fisizupezur:  04.12.2021, 13:24:10] --> riracopeza appeared
[fisizupezur:  04.12.2021, 13:25:29] --> riracopeza appeared
[fisizupezur:  04.12.2021, 13:25:36] --> riracopeza appeared
[fisizupezur:  04.12.2021, 13:26:18] --> wenofekubu appeared
[fisizupezur:  04.12.2021, 13:26:40] --> Character leveled up to level 36
[fisizupezur:  04.12.2021, 13:26:50] --> kapekivabi appeared
[fisizupezur:  04.12.2021, 13:26:59] --> wenofekubu appeared
[fisizupezur:  04.12.2021, 13:27:08] --> riracopeza appeared
[fisizupezur:  04.12.2021, 13:27:14] --> wenofekubu appeared
[fisizupezur:  04.12.2021, 13:27:37] --> riracopeza appeared
[fisizupezur:  04.12.2021, 13:27:44] --> kapekivabi appeared
[fisizupezur:  04.12.2021, 13:28:27] --> mufavosipizu appeared
[fisizupezur:  04.12.2021, 13:29:09] --> riracopeza appeared
[fisizupezur:  04.12.2021, 13:30:02] --> mufavosipizu appeared
[fisizupezur:  04.12.2021, 13:30:10] --> wenofekubu appeared
[fisizupezur:  04.12.2021, 13:31:00] --> Character leveled up to level 37
[fisizupezur:  04.12.2021, 13:31:12] --> kapekivabi appeared
[fisizupezur:  04.12.2021, 13:31:37] --> wenofekubu appeared
[fisizupezur:  04.12.2021, 13:32:29] --> riracopeza appeared
[fisizupezur:  04.12.2021, 13:32:34] --> riracopeza appeared
[fisizupezur:  04.12.2021, 13:32:42] --> wenofekubu appeared
[fisizupezur:  04.12.2021, 13:32:50] --> riracopeza appeared
[fisizupezur:  04.12.2021, 13:33:34] --> tinegakelu appeared
[fisizupezur:  04.12.2021, 13:34:03] --> tinegakelu appeared
[fisizupezur:  04.12.2021, 13:34:55] --> riracopeza appeared
[fisizupezur:  04.12.2021, 13:35:03] --> kapekivabi appeared
[fisizupezur:  04.12.2021, 13:35:27] --> tinegakelu appeared
[fisizupezur:  04.12.2021, 13:35:31] --> wenofekubu appeared
[fisizupezur:  04.12.2021, 13:35:48] --> riracopeza appeared
[fisizupezur:  04.12.2021, 13:35:58] --> Character leveled up to level 38
[fisizupezur:  04.12.2021, 13:36:23] --> riracopeza appeared
[fisizupezur:  04.12.2021, 13:36:35] --> wenofekubu appeared
[fisizupezur:  04.12.2021, 13:37:47] --> mufavosipizu appeared
[fisizupezur:  04.12.2021, 13:38:51] --> riracopeza appeared
[fisizupezur:  04.12.2021, 13:38:56] --> kapekivabi appeared
[fisizupezur:  04.12.2021, 13:39:18] --> riracopeza appeared
[fisizupezur:  04.12.2021, 13:39:26] --> wenofekubu appeared
[fisizupezur:  04.12.2021, 13:43:24] --> Bot successfully started
[fisizupezur:  04.12.2021, 13:43:24] --> Setting '2' loaded because of active level settings
[fisizupezur:  04.12.2021, 13:43:24] --> tinegakelu appeared
[fisizupezur:  04.12.2021, 13:43:50] --> kolevivugev appeared
[fisizupezur:  04.12.2021, 13:43:55] --> riracopeza appeared
[fisizupezur:  04.12.2021, 13:46:32] --> Bot successfully started
[fisizupezur:  04.12.2021, 13:46:32] --> kolevivugev appeared
[fisizupezur:  04.12.2021, 13:46:32] --> Setting '2' loaded because of active level settings
[fisizupezur:  04.12.2021, 13:47:07] --> Character leveled up to level 39
[fisizupezur:  04.12.2021, 13:47:08] --> riracopeza appeared
[fisizupezur:  04.12.2021, 13:47:17] --> wenofekubu appeared
[fisizupezur:  04.12.2021, 13:48:06] --> riracopeza appeared
[fisizupezur:  04.12.2021, 13:48:47] --> wenofekubu appeared
[fisizupezur:  04.12.2021, 13:49:00] --> mufavosipizu appeared
[fisizupezur:  04.12.2021, 13:49:34] --> fubosahopuk appeared
[fisizupezur:  04.12.2021, 13:49:37] --> fubosahopuk appeared
[fisizupezur:  04.12.2021, 13:50:33] --> riracopeza appeared
[fisizupezur:  04.12.2021, 13:50:43] --> wenofekubu appeared
[fisizupezur:  04.12.2021, 13:51:30] --> riracopeza appeared
[fisizupezur:  04.12.2021, 13:51:59] --> riracopeza appeared
[fisizupezur:  04.12.2021, 13:57:04] --> Character got kick
[fisizupezur:  04.12.2021, 13:57:38] --> wenofekubu appeared
[fisizupezur:  04.12.2021, 13:57:57] --> riracopeza appeared
[fisizupezur:  04.12.2021, 13:57:59] --> Character leveled up to level 40
[fisizupezur:  04.12.2021, 13:57:59] --> Setting 'okey 1' loaded because of active level settings
[fisizupezur:  04.12.2021, 13:58:00] --> fubosahopuk appeared
[fisizupezur:  04.12.2021, 13:58:03] --> Character was kicked from the bot, reason: Character was walking
[fisizupezur:  04.12.2021, 13:58:23] --> Character was kicked from the bot, reason: Character was walking
[fisizupezur:  04.12.2021, 13:58:55] --> Character was kicked from the bot, reason: Character was walking
[fisizupezur:  04.12.2021, 13:58:58] --> zepozazakuk appeared
[fisizupezur:  04.12.2021, 13:59:07] --> zepozazakuk appeared
[fisizupezur:  04.12.2021, 13:59:31] --> zepozazakuk appeared
[fisizupezur:  04.12.2021, 13:59:54] --> zepozazakuk appeared
[fisizupezur:  04.12.2021, 14:00:18] --> zepozazakuk appeared
[fisizupezur:  04.12.2021, 14:00:41] --> zepozazakuk appeared
[fisizupezur:  04.12.2021, 14:01:03] --> zepozazakuk appeared
[fisizupezur:  04.12.2021, 14:01:25] --> zepozazakuk appeared
[fisizupezur:  04.12.2021, 14:01:41] --> zepozazakuk appeared
[fisizupezur:  04.12.2021, 14:02:05] --> zepozazakuk appeared
[fisizupezur:  04.12.2021, 14:02:29] --> zepozazakuk appeared
[fisizupezur:  04.12.2021, 14:02:53] --> zepozazakuk appeared
[fisizupezur:  04.12.2021, 14:03:16] --> zepozazakuk appeared
[fisizupezur:  04.12.2021, 14:03:38] --> zepozazakuk appeared
[fisizupezur:  04.12.2021, 14:04:03] --> zepozazakuk appeared
[fisizupezur:  04.12.2021, 14:04:25] --> zepozazakuk appeared
[fisizupezur:  04.12.2021, 14:04:48] --> zepozazakuk appeared
[fisizupezur:  04.12.2021, 14:05:10] --> zepozazakuk appeared
[fisizupezur:  04.12.2021, 14:06:14] --> zepozazakuk appeared
[fisizupezur:  04.12.2021, 14:06:36] --> zepozazakuk appeared
[fisizupezur:  04.12.2021, 14:06:37] --> Character leveled up to level 41
[fisizupezur:  04.12.2021, 14:06:59] --> zepozazakuk appeared
[fisizupezur:  04.12.2021, 14:07:22] --> zepozazakuk appeared
[fisizupezur:  04.12.2021, 14:07:46] --> zepozazakuk appeared
[fisizupezur:  04.12.2021, 14:08:08] --> zepozazakuk appeared
[fisizupezur:  04.12.2021, 14:08:31] --> zepozazakuk appeared
[fisizupezur:  04.12.2021, 14:08:54] --> zepozazakuk appeared
[fisizupezur:  04.12.2021, 14:09:31] --> zepozazakuk appeared
[fisizupezur:  04.12.2021, 14:09:56] --> zepozazakuk appeared
[fisizupezur:  04.12.2021, 14:10:19] --> zepozazakuk appeared
[fisizupezur:  04.12.2021, 14:10:42] --> zepozazakuk appeared
[fisizupezur:  04.12.2021, 14:11:05] --> zepozazakuk appeared
[fisizupezur:  04.12.2021, 14:11:28] --> zepozazakuk appeared
[fisizupezur:  04.12.2021, 14:11:52] --> zepozazakuk appeared
[fisizupezur:  04.12.2021, 14:12:11] --> zepozazakuk appeared
[fisizupezur:  04.12.2021, 14:12:15] --> zepozazakuk appeared
[fisizupezur:  04.12.2021, 14:12:39] --> zepozazakuk appeared
[fisizupezur:  04.12.2021, 14:14:13] --> Character leveled up to level 42
[fisizupezur:  04.12.2021, 14:14:19] --> zepozazakuk appeared
[fisizupezur:  04.12.2021, 14:14:25] --> zepozazakuk appeared
[fisizupezur:  04.12.2021, 14:14:35] --> zepozazakuk appeared
[fisizupezur:  04.12.2021, 14:14:58] --> zepozazakuk appeared
[fisizupezur:  04.12.2021, 14:15:13] --> zepozazakuk appeared
[fisizupezur:  04.12.2021, 14:15:37] --> zepozazakuk appeared
[fisizupezur:  04.12.2021, 14:16:00] --> zepozazakuk appeared
[fisizupezur:  04.12.2021, 14:16:23] --> zepozazakuk appeared
[fisizupezur:  04.12.2021, 14:16:46] --> zepozazakuk appeared
[fisizupezur:  04.12.2021, 14:17:10] --> zepozazakuk appeared
[fisizupezur:  04.12.2021, 14:17:33] --> zepozazakuk appeared
[fisizupezur:  04.12.2021, 14:17:55] --> zepozazakuk appeared
[fisizupezur:  04.12.2021, 14:18:18] --> zepozazakuk appeared
[fisizupezur:  04.12.2021, 14:18:58] --> zepozazakuk appeared
[fisizupezur:  04.12.2021, 14:19:21] --> zepozazakuk appeared
[fisizupezur:  04.12.2021, 14:19:45] --> zepozazakuk appeared
[fisizupezur:  04.12.2021, 14:20:08] --> zepozazakuk appeared
[fisizupezur:  04.12.2021, 14:20:31] --> zepozazakuk appeared
[fisizupezur:  04.12.2021, 14:20:53] --> zepozazakuk appeared
[fisizupezur:  04.12.2021, 14:21:17] --> zepozazakuk appeared
[fisizupezur:  04.12.2021, 14:21:30] --> zepozazakuk appeared
[fisizupezur:  04.12.2021, 14:21:56] --> zepozazakuk appeared
[fisizupezur:  04.12.2021, 14:22:19] --> zepozazakuk appeared
[fisizupezur:  04.12.2021, 14:22:44] --> zepozazakuk appeared
[fisizupezur:  04.12.2021, 14:23:06] --> zepozazakuk appeared
[fisizupezur:  04.12.2021, 14:23:18] --> Character leveled up to level 43
[fisizupezur:  04.12.2021, 14:23:30] --> zepozazakuk appeared
[fisizupezur:  04.12.2021, 14:23:52] --> zepozazakuk appeared
[fisizupezur:  04.12.2021, 14:24:14] --> zepozazakuk appeared
[fisizupezur:  04.12.2021, 14:24:37] --> zepozazakuk appeared
[fisizupezur:  04.12.2021, 14:24:53] --> zepozazakuk appeared
[fisizupezur:  04.12.2021, 14:25:19] --> zepozazakuk appeared
[fisizupezur:  04.12.2021, 14:25:41] --> zepozazakuk appeared
[fisizupezur:  04.12.2021, 14:26:05] --> zepozazakuk appeared
[fisizupezur:  04.12.2021, 14:26:28] --> zepozazakuk appeared
[fisizupezur:  04.12.2021, 14:26:50] --> zepozazakuk appeared
[fisizupezur:  04.12.2021, 14:27:12] --> zepozazakuk appeared
[fisizupezur:  04.12.2021, 14:27:28] --> zepozazakuk appeared
[fisizupezur:  04.12.2021, 14:27:54] --> zepozazakuk appeared
[fisizupezur:  04.12.2021, 14:28:17] --> zepozazakuk appeared
[fisizupezur:  04.12.2021, 14:28:40] --> zepozazakuk appeared
[fisizupezur:  04.12.2021, 14:29:03] --> zepozazakuk appeared
[fisizupezur:  04.12.2021, 14:29:26] --> zepozazakuk appeared
[fisizupezur:  04.12.2021, 14:29:48] --> zepozazakuk appeared
[fisizupezur:  04.12.2021, 14:30:11] --> zepozazakuk appeared
[fisizupezur:  04.12.2021, 14:30:25] --> zepozazakuk appeared
[fisizupezur:  04.12.2021, 14:30:50] --> zepozazakuk appeared
[fisizupezur:  04.12.2021, 14:31:14] --> zepozazakuk appeared
[fisizupezur:  04.12.2021, 14:31:37] --> zepozazakuk appeared
[fisizupezur:  04.12.2021, 14:32:00] --> zepozazakuk appeared
[fisizupezur:  04.12.2021, 14:32:23] --> zepozazakuk appeared
[fisizupezur:  04.12.2021, 14:32:46] --> zepozazakuk appeared
[fisizupezur:  04.12.2021, 14:33:09] --> Character leveled up to level 44
[fisizupezur:  04.12.2021, 14:33:09] --> zepozazakuk appeared
[fisizupezur:  04.12.2021, 14:33:31] --> zepozazakuk appeared
[fisizupezur:  04.12.2021, 14:34:11] --> zepozazakuk appeared
[fisizupezur:  04.12.2021, 14:34:35] --> zepozazakuk appeared
[fisizupezur:  04.12.2021, 14:34:57] --> zepozazakuk appeared
[fisizupezur:  04.12.2021, 14:35:22] --> zepozazakuk appeared
[fisizupezur:  04.12.2021, 14:35:45] --> zepozazakuk appeared
[fisizupezur:  04.12.2021, 14:36:07] --> zepozazakuk appeared
[fisizupezur:  04.12.2021, 14:36:29] --> zepozazakuk appeared
[fisizupezur:  04.12.2021, 14:36:52] --> zepozazakuk appeared
[fisizupezur:  04.12.2021, 14:37:16] --> zepozazakuk appeared
[fisizupezur:  04.12.2021, 14:37:39] --> zepozazakuk appeared
[fisizupezur:  04.12.2021, 14:38:03] --> zepozazakuk appeared
[fisizupezur:  04.12.2021, 14:38:18] --> zepozazakuk appeared
[fisizupezur:  04.12.2021, 14:38:41] --> zepozazakuk appeared
[fisizupezur:  04.12.2021, 14:39:06] --> zepozazakuk appeared
[fisizupezur:  04.12.2021, 14:39:29] --> zepozazakuk appeared
[fisizupezur:  04.12.2021, 14:39:52] --> zepozazakuk appeared
[fisizupezur:  04.12.2021, 14:40:15] --> zepozazakuk appeared
[fisizupezur:  04.12.2021, 14:40:40] --> zepozazakuk appeared
[fisizupezur:  04.12.2021, 14:41:03] --> zepozazakuk appeared
[fisizupezur:  04.12.2021, 14:41:26] --> zepozazakuk appeared
[fisizupezur:  04.12.2021, 14:41:50] --> zepozazakuk appeared
[fisizupezur:  04.12.2021, 14:42:13] --> zepozazakuk appeared
[fisizupezur:  04.12.2021, 14:42:35] --> zepozazakuk appeared
[fisizupezur:  04.12.2021, 14:42:59] --> zepozazakuk appeared
[fisizupezur:  04.12.2021, 14:43:15] --> Character leveled up to level 45
[fisizupezur:  04.12.2021, 14:43:23] --> zepozazakuk appeared
[fisizupezur:  04.12.2021, 14:43:47] --> zepozazakuk appeared
[fisizupezur:  04.12.2021, 14:44:07] --> zepozazakuk appeared
[fisizupezur:  04.12.2021, 14:44:11] --> zepozazakuk appeared
[fisizupezur:  04.12.2021, 14:44:33] --> zepozazakuk appeared
[fisizupezur:  04.12.2021, 14:45:12] --> zepozazakuk appeared
[fisizupezur:  04.12.2021, 14:45:37] --> zepozazakuk appeared
[fisizupezur:  04.12.2021, 14:46:00] --> zepozazakuk appeared
[fisizupezur:  04.12.2021, 14:46:24] --> zepozazakuk appeared
[fisizupezur:  04.12.2021, 14:46:48] --> zepozazakuk appeared
[fisizupezur:  04.12.2021, 14:47:11] --> zepozazakuk appeared
[fisizupezur:  04.12.2021, 14:47:34] --> zepozazakuk appeared
[fisizupezur:  04.12.2021, 14:47:57] --> zepozazakuk appeared
[fisizupezur:  04.12.2021, 14:48:58] --> zepozazakuk appeared
[fisizupezur:  04.12.2021, 14:49:23] --> zepozazakuk appeared
[fisizupezur:  04.12.2021, 14:49:46] --> zepozazakuk appeared
[fisizupezur:  04.12.2021, 14:50:09] --> zepozazakuk appeared
[fisizupezur:  04.12.2021, 14:50:26] --> zepozazakuk appeared
[fisizupezur:  04.12.2021, 14:50:56] --> zepozazakuk appeared
[fisizupezur:  04.12.2021, 14:51:22] --> zepozazakuk appeared
[fisizupezur:  04.12.2021, 14:51:45] --> zepozazakuk appeared
[fisizupezur:  04.12.2021, 14:52:07] --> zepozazakuk appeared
[fisizupezur:  04.12.2021, 14:52:31] --> zepozazakuk appeared
[fisizupezur:  04.12.2021, 14:52:55] --> zepozazakuk appeared
[fisizupezur:  04.12.2021, 14:53:18] --> zepozazakuk appeared
[fisizupezur:  04.12.2021, 14:53:41] --> zepozazakuk appeared
[fisizupezur:  04.12.2021, 14:54:03] --> zepozazakuk appeared
[fisizupezur:  04.12.2021, 14:54:22] --> Character leveled up to level 46
[fisizupezur:  04.12.2021, 14:54:26] --> zepozazakuk appeared
[fisizupezur:  04.12.2021, 14:54:41] --> zepozazakuk appeared
[fisizupezur:  04.12.2021, 14:55:04] --> zepozazakuk appeared
[fisizupezur:  04.12.2021, 14:55:29] --> zepozazakuk appeared
[fisizupezur:  04.12.2021, 14:55:51] --> zepozazakuk appeared
[fisizupezur:  04.12.2021, 14:56:15] --> zepozazakuk appeared
[fisizupezur:  04.12.2021, 14:56:40] --> zepozazakuk appeared
[fisizupezur:  04.12.2021, 14:57:02] --> zepozazakuk appeared
[fisizupezur:  04.12.2021, 14:57:24] --> zepozazakuk appeared
[fisizupezur:  04.12.2021, 14:57:47] --> zepozazakuk appeared
[fisizupezur:  04.12.2021, 14:58:10] --> zepozazakuk appeared
[fisizupezur:  04.12.2021, 14:58:16] --> Character died
[fisizupezur:  04.12.2021, 14:58:53] --> zepozazakuk appeared
[fisizupezur:  04.12.2021, 14:59:17] --> zepozazakuk appeared
[fisizupezur:  04.12.2021, 14:59:39] --> zepozazakuk appeared
[fisizupezur:  04.12.2021, 15:00:03] --> zepozazakuk appeared
[fisizupezur:  04.12.2021, 15:00:26] --> zepozazakuk appeared
[fisizupezur:  04.12.2021, 15:00:51] --> zepozazakuk appeared
[fisizupezur:  04.12.2021, 15:01:13] --> zepozazakuk appeared
[fisizupezur:  04.12.2021, 15:01:36] --> zepozazakuk appeared
[fisizupezur:  04.12.2021, 15:01:59] --> zepozazakuk appeared
[fisizupezur:  04.12.2021, 15:02:21] --> zepozazakuk appeared
[fisizupezur:  04.12.2021, 15:02:44] --> zepozazakuk appeared
[fisizupezur:  04.12.2021, 15:03:48] --> zepozazakuk appeared
[fisizupezur:  04.12.2021, 15:04:11] --> zepozazakuk appeared
[fisizupezur:  04.12.2021, 15:04:33] --> zepozazakuk appeared
[fisizupezur:  04.12.2021, 15:04:58] --> zepozazakuk appeared
[fisizupezur:  04.12.2021, 15:05:23] --> zepozazakuk appeared
[fisizupezur:  04.12.2021, 15:05:47] --> zepozazakuk appeared
[fisizupezur:  04.12.2021, 15:06:18] --> zepozazakuk appeared
[fisizupezur:  04.12.2021, 15:06:41] --> zepozazakuk appeared
[fisizupezur:  04.12.2021, 15:07:05] --> zepozazakuk appeared
[fisizupezur:  04.12.2021, 15:07:57] --> Character leveled up to level 47
[fisizupezur:  04.12.2021, 15:09:26] --> zepozazakuk appeared
[fisizupezur:  04.12.2021, 15:09:31] --> zepozazakuk appeared
[fisizupezur:  04.12.2021, 15:09:52] --> zepozazakuk appeared
[fisizupezur:  04.12.2021, 15:10:16] --> zepozazakuk appeared
[fisizupezur:  04.12.2021, 15:10:37] --> zepozazakuk appeared
[fisizupezur:  04.12.2021, 15:11:16] --> zepozazakuk appeared
[fisizupezur:  04.12.2021, 15:11:41] --> zepozazakuk appeared
[fisizupezur:  04.12.2021, 15:12:03] --> zepozazakuk appeared
[fisizupezur:  04.12.2021, 15:12:27] --> zepozazakuk appeared
[fisizupezur:  04.12.2021, 15:12:50] --> zepozazakuk appeared
[fisizupezur:  04.12.2021, 15:13:14] --> zepozazakuk appeared
[fisizupezur:  04.12.2021, 15:13:37] --> zepozazakuk appeared
[fisizupezur:  04.12.2021, 15:14:00] --> zepozazakuk appeared
[fisizupezur:  04.12.2021, 15:15:37] --> zepozazakuk appeared
[fisizupezur:  04.12.2021, 15:16:11] --> zepozazakuk appeared
[fisizupezur:  04.12.2021, 15:16:34] --> zepozazakuk appeared
[fisizupezur:  04.12.2021, 15:16:59] --> zepozazakuk appeared
[fisizupezur:  04.12.2021, 15:17:21] --> zepozazakuk appeared
[fisizupezur:  04.12.2021, 15:17:44] --> zepozazakuk appeared
[fisizupezur:  04.12.2021, 15:18:09] --> zepozazakuk appeared
[fisizupezur:  04.12.2021, 15:18:32] --> zepozazakuk appeared
[fisizupezur:  04.12.2021, 15:18:55] --> zepozazakuk appeared
[fisizupezur:  04.12.2021, 15:19:16] --> Character leveled up to level 48
[fisizupezur:  04.12.2021, 15:19:17] --> zepozazakuk appeared
[fisizupezur:  04.12.2021, 15:19:32] --> zepozazakuk appeared
[fisizupezur:  04.12.2021, 15:19:40] --> zepozazakuk appeared
[fisizupezur:  04.12.2021, 15:19:55] --> zepozazakuk appeared
[fisizupezur:  04.12.2021, 15:20:19] --> zepozazakuk appeared
[fisizupezur:  04.12.2021, 15:20:44] --> zepozazakuk appeared
[fisizupezur:  04.12.2021, 15:21:05] --> zepozazakuk appeared
[fisizupezur:  04.12.2021, 15:21:30] --> zepozazakuk appeared
[fisizupezur:  04.12.2021, 15:21:52] --> zepozazakuk appeared
[fisizupezur:  04.12.2021, 15:22:16] --> zepozazakuk appeared
[fisizupezur:  04.12.2021, 15:22:37] --> zepozazakuk appeared
[fisizupezur:  04.12.2021, 15:22:52] --> zepozazakuk appeared
[fisizupezur:  04.12.2021, 15:23:16] --> zepozazakuk appeared
[fisizupezur:  04.12.2021, 15:23:40] --> zepozazakuk appeared
[fisizupezur:  04.12.2021, 15:24:04] --> zepozazakuk appeared
[fisizupezur:  04.12.2021, 15:24:27] --> zepozazakuk appeared
[fisizupezur:  04.12.2021, 15:24:50] --> zepozazakuk appeared
[fisizupezur:  04.12.2021, 15:25:13] --> zepozazakuk appeared
[fisizupezur:  04.12.2021, 15:25:36] --> zepozazakuk appeared
[fisizupezur:  04.12.2021, 15:26:36] --> zepozazakuk appeared
[fisizupezur:  04.12.2021, 15:26:59] --> zepozazakuk appeared
[fisizupezur:  04.12.2021, 15:27:24] --> zepozazakuk appeared
[fisizupezur:  04.12.2021, 15:27:47] --> zepozazakuk appeared
[fisizupezur:  04.12.2021, 15:28:10] --> zepozazakuk appeared
[fisizupezur:  04.12.2021, 15:28:32] --> zepozazakuk appeared
[fisizupezur:  04.12.2021, 15:28:57] --> zepozazakuk appeared
[fisizupezur:  04.12.2021, 15:29:20] --> zepozazakuk appeared
[fisizupezur:  04.12.2021, 15:29:41] --> zepozazakuk appeared
[fisizupezur:  04.12.2021, 15:30:04] --> zepozazakuk appeared
[fisizupezur:  04.12.2021, 15:30:42] --> zepozazakuk appeared
[fisizupezur:  04.12.2021, 15:31:05] --> zepozazakuk appeared
[fisizupezur:  04.12.2021, 15:31:30] --> zepozazakuk appeared
[fisizupezur:  04.12.2021, 15:31:52] --> zepozazakuk appeared
[fisizupezur:  04.12.2021, 15:32:15] --> zepozazakuk appeared
[fisizupezur:  04.12.2021, 15:32:40] --> zepozazakuk appeared
[fisizupezur:  04.12.2021, 15:33:04] --> zepozazakuk appeared
[fisizupezur:  04.12.2021, 15:33:24] --> zepozazakuk appeared
[fisizupezur:  04.12.2021, 15:33:50] --> Character leveled up to level 49
[fisizupezur:  04.12.2021, 15:34:02] --> zepozazakuk appeared
[fisizupezur:  04.12.2021, 15:34:26] --> zepozazakuk appeared
[fisizupezur:  04.12.2021, 15:34:49] --> zepozazakuk appeared
[fisizupezur:  04.12.2021, 15:35:13] --> zepozazakuk appeared
[fisizupezur:  04.12.2021, 15:35:35] --> zepozazakuk appeared
[fisizupezur:  04.12.2021, 15:35:59] --> zepozazakuk appeared
[fisizupezur:  04.12.2021, 15:36:22] --> zepozazakuk appeared
[fisizupezur:  04.12.2021, 15:36:46] --> zepozazakuk appeared
[fisizupezur:  04.12.2021, 15:37:07] --> zepozazakuk appeared
[fisizupezur:  04.12.2021, 15:37:30] --> zepozazakuk appeared
[fisizupezur:  04.12.2021, 15:38:09] --> zepozazakuk appeared
[fisizupezur:  04.12.2021, 15:38:32] --> zepozazakuk appeared
[fisizupezur:  04.12.2021, 15:39:21] --> zepozazakuk appeared
[fisizupezur:  04.12.2021, 15:39:43] --> zepozazakuk appeared
[fisizupezur:  04.12.2021, 15:41:02] --> zepozazakuk appeared
[fisizupezur:  04.12.2021, 15:41:27] --> zepozazakuk appeared
[fisizupezur:  04.12.2021, 15:41:49] --> zepozazakuk appeared
[fisizupezur:  04.12.2021, 15:42:28] --> zepozazakuk appeared
[fisizupezur:  04.12.2021, 15:42:52] --> zepozazakuk appeared
[fisizupezur:  04.12.2021, 15:43:25] --> zepozazakuk appeared
[fisizupezur:  04.12.2021, 15:43:49] --> zepozazakuk appeared
[fisizupezur:  04.12.2021, 15:44:27] --> zepozazakuk appeared
[fisizupezur:  04.12.2021, 15:44:51] --> zepozazakuk appeared
[fisizupezur:  04.12.2021, 15:45:15] --> zepozazakuk appeared
[fisizupezur:  04.12.2021, 15:45:38] --> zepozazakuk appeared
[fisizupezur:  04.12.2021, 15:46:03] --> zepozazakuk appeared
[fisizupezur:  04.12.2021, 15:46:25] --> zepozazakuk appeared
[fisizupezur:  04.12.2021, 15:46:49] --> zepozazakuk appeared
[fisizupezur:  04.12.2021, 15:47:13] --> zepozazakuk appeared
[fisizupezur:  04.12.2021, 15:47:36] --> zepozazakuk appeared
[fisizupezur:  04.12.2021, 15:47:59] --> zepozazakuk appeared
[fisizupezur:  04.12.2021, 15:48:23] --> zepozazakuk appeared
[fisizupezur:  04.12.2021, 15:48:46] --> zepozazakuk appeared
[fisizupezur:  04.12.2021, 15:49:09] --> zepozazakuk appeared
[fisizupezur:  04.12.2021, 15:49:32] --> zepozazakuk appeared
[fisizupezur:  04.12.2021, 15:49:54] --> Character leveled up to level 50
[fisizupezur:  04.12.2021, 15:49:56] --> zepozazakuk appeared
[fisizupezur:  04.12.2021, 15:50:18] --> zepozazakuk appeared
[fisizupezur:  04.12.2021, 15:50:43] --> zepozazakuk appeared
[fisizupezur:  04.12.2021, 15:51:06] --> zepozazakuk appeared
[fisizupezur:  04.12.2021, 15:51:31] --> zepozazakuk appeared
[fisizupezur:  04.12.2021, 15:51:54] --> zepozazakuk appeared
[fisizupezur:  04.12.2021, 15:52:18] --> zepozazakuk appeared
[fisizupezur:  04.12.2021, 15:52:41] --> zepozazakuk appeared
[fisizupezur:  04.12.2021, 15:53:04] --> zepozazakuk appeared
[fisizupezur:  04.12.2021, 15:53:27] --> zepozazakuk appeared
[fisizupezur:  04.12.2021, 15:53:51] --> zepozazakuk appeared
[fisizupezur:  04.12.2021, 15:54:14] --> zepozazakuk appeared
[fisizupezur:  04.12.2021, 15:54:38] --> zepozazakuk appeared
[fisizupezur:  04.12.2021, 15:55:01] --> zepozazakuk appeared
[fisizupezur:  04.12.2021, 15:55:46] --> zepozazakuk appeared
[fisizupezur:  04.12.2021, 15:56:10] --> zepozazakuk appeared
[fisizupezur:  04.12.2021, 15:56:56] --> zepozazakuk appeared
[fisizupezur:  04.12.2021, 15:57:17] --> zepozazakuk appeared
[fisizupezur:  04.12.2021, 15:57:20] --> zepozazakuk appeared
[fisizupezur:  04.12.2021, 15:59:38] --> zepozazakuk appeared
[fisizupezur:  04.12.2021, 15:59:43] --> zepozazakuk appeared
[fisizupezur:  04.12.2021, 16:00:06] --> zepozazakuk appeared
[fisizupezur:  04.12.2021, 16:00:28] --> zepozazakuk appeared
[fisizupezur:  04.12.2021, 16:00:50] --> zepozazakuk appeared
[fisizupezur:  04.12.2021, 16:01:14] --> zepozazakuk appeared
[fisizupezur:  04.12.2021, 16:01:36] --> zepozazakuk appeared
[fisizupezur:  04.12.2021, 16:02:01] --> zepozazakuk appeared
[fisizupezur:  04.12.2021, 16:02:23] --> zepozazakuk appeared
[fisizupezur:  04.12.2021, 16:02:42] --> zepozazakuk appeared
[fisizupezur:  04.12.2021, 16:02:45] --> zepozazakuk appeared
[fisizupezur:  04.12.2021, 16:03:09] --> zepozazakuk appeared
[fisizupezur:  04.12.2021, 16:03:31] --> zepozazakuk appeared
[fisizupezur:  04.12.2021, 16:03:54] --> zepozazakuk appeared
[fisizupezur:  04.12.2021, 16:04:32] --> zepozazakuk appeared
[fisizupezur:  04.12.2021, 16:04:40] --> zepozazakuk appeared
[fisizupezur:  04.12.2021, 16:04:56] --> zepozazakuk appeared
[fisizupezur:  04.12.2021, 16:05:18] --> zepozazakuk appeared
[fisizupezur:  04.12.2021, 16:05:42] --> zepozazakuk appeared
[fisizupezur:  04.12.2021, 16:06:05] --> zepozazakuk appeared
[fisizupezur:  04.12.2021, 16:06:28] --> zepozazakuk appeared
[fisizupezur:  04.12.2021, 16:06:51] --> zepozazakuk appeared
[fisizupezur:  04.12.2021, 16:07:15] --> zepozazakuk appeared
[fisizupezur:  04.12.2021, 16:07:38] --> zepozazakuk appeared
[fisizupezur:  04.12.2021, 16:08:02] --> zepozazakuk appeared
[fisizupezur:  04.12.2021, 16:08:24] --> zepozazakuk appeared
[fisizupezur:  04.12.2021, 16:08:47] --> zepozazakuk appeared
[fisizupezur:  04.12.2021, 16:09:11] --> zepozazakuk appeared
[fisizupezur:  04.12.2021, 16:09:34] --> zepozazakuk appeared
[fisizupezur:  04.12.2021, 16:09:58] --> zepozazakuk appeared
[fisizupezur:  04.12.2021, 16:10:19] --> zepozazakuk appeared
[fisizupezur:  04.12.2021, 16:48:43] --> zepozazakuk appeared
[fisizupezur:  04.12.2021, 16:49:07] --> zepozazakuk appeared
[fisizupezur:  04.12.2021, 16:49:39] --> zepozazakuk appeared
[fisizupezur:  04.12.2021, 16:50:06] --> zepozazakuk appeared
[fisizupezur:  04.12.2021, 16:53:24] --> zezituveluc appeared
[fisizupezur:  04.12.2021, 16:53:28] --> Character was kicked from the bot, reason: Character was walking
[fisizupezur:  04.12.2021, 16:53:50] --> Character was kicked from the bot, reason: Character was walking
[fisizupezur:  04.12.2021, 16:55:31] --> Character was kicked from the bot, reason: Character was walking
[fisizupezur:  04.12.2021, 16:55:46] --> Character was kicked from the bot, reason: Character was walking
[fisizupezur:  04.12.2021, 16:56:10] --> xPIRATIX appeared
[fisizupezur:  04.12.2021, 16:56:18] --> Character was kicked from the bot, reason: Character was walking
[fisizupezur:  04.12.2021, 16:56:22] --> zepozazakuk appeared
[fisizupezur:  04.12.2021, 17:31:29] --> zepozazakuk appeared
[fisizupezur:  04.12.2021, 17:31:45] --> zepozazakuk appeared
[fisizupezur:  04.12.2021, 17:32:08] --> zepozazakuk appeared
[fisizupezur:  04.12.2021, 17:32:31] --> zepozazakuk appeared
[fisizupezur:  04.12.2021, 17:56:00] --> zepozazakuk appeared
[fisizupezur:  04.12.2021, 17:56:25] --> zepozazakuk appeared
[fisizupezur:  04.12.2021, 17:57:03] --> zepozazakuk appeared
[fisizupezur:  04.12.2021, 17:57:11] --> zepozazakuk appeared
[fisizupezur:  04.12.2021, 17:57:50] --> zepozazakuk appeared
[fisizupezur:  04.12.2021, 17:58:23] --> zepozazakuk appeared
[fisizupezur:  04.12.2021, 17:58:46] --> zepozazakuk appeared
[fisizupezur:  04.12.2021, 17:59:11] --> zepozazakuk appeared
[fisizupezur:  04.12.2021, 18:25:32] --> zepozazakuk appeared
[fisizupezur:  04.12.2021, 18:25:47] --> zepozazakuk appeared
[fisizupezur:  04.12.2021, 18:26:10] --> zepozazakuk appeared
[fisizupezur:  04.12.2021, 18:26:34] --> zepozazakuk appeared
[fisizupezur:  04.12.2021, 18:26:58] --> zepozazakuk appeared
[fisizupezur:  04.12.2021, 18:41:08] --> Canileft appeared
[fisizupezur:  04.12.2021, 18:59:24] --> Character got kick
[fisizupezur:  04.12.2021, 19:04:47] --> zepozazakuk appeared
[fisizupezur:  04.12.2021, 19:05:10] --> zepozazakuk appeared
[fisizupezur:  04.12.2021, 19:05:33] --> zepozazakuk appeared
[fisizupezur:  04.12.2021, 19:05:56] --> zepozazakuk appeared
[fisizupezur:  04.12.2021, 19:06:58] --> zepozazakuk appeared
[fisizupezur:  04.12.2021, 19:07:21] --> zepozazakuk appeared
[fisizupezur:  04.12.2021, 19:07:46] --> zepozazakuk appeared
[fisizupezur:  04.12.2021, 19:50:20] --> zepozazakuk appeared
[fisizupezur:  04.12.2021, 19:52:38] --> zepozazakuk appeared
[fisizupezur:  04.12.2021, 19:52:43] --> zepozazakuk appeared
[fisizupezur:  04.12.2021, 19:53:01] --> zepozazakuk appeared
[fisizupezur:  04.12.2021, 19:53:24] --> zepozazakuk appeared
[fisizupezur:  04.12.2021, 19:53:49] --> zepozazakuk appeared
[fisizupezur:  04.12.2021, 20:36:47] --> zepozazakuk appeared
[fisizupezur:  04.12.2021, 20:36:54] --> zepozazakuk appeared
[fisizupezur:  04.12.2021, 20:37:16] --> zepozazakuk appeared
[fisizupezur:  04.12.2021, 20:37:38] --> zepozazakuk appeared
[fisizupezur:  04.12.2021, 20:57:51] --> zepozazakuk appeared
[fisizupezur:  04.12.2021, 20:58:16] --> zepozazakuk appeared
[fisizupezur:  04.12.2021, 20:58:39] --> zepozazakuk appeared
[fisizupezur:  04.12.2021, 20:59:03] --> zepozazakuk appeared
[fisizupezur:  04.12.2021, 20:59:26] --> zepozazakuk appeared
[fisizupezur:  04.12.2021, 20:59:48] --> zepozazakuk appeared
[fisizupezur:  04.12.2021, 21:00:13] --> zepozazakuk appeared
[fisizupezur:  04.12.2021, 21:00:35] --> zepozazakuk appeared
[fisizupezur:  04.12.2021, 21:01:21] --> zepozazakuk appeared
[fisizupezur:  04.12.2021, 21:48:42] --> zepozazakuk appeared
[fisizupezur:  04.12.2021, 21:49:05] --> zepozazakuk appeared
[fisizupezur:  04.12.2021, 21:49:29] --> zepozazakuk appeared
[fisizupezur:  04.12.2021, 21:49:48] --> zepozazakuk appeared
[fisizupezur:  04.12.2021, 21:49:51] --> zepozazakuk appeared
[fisizupezur:  04.12.2021, 21:50:15] --> zepozazakuk appeared
[fisizupezur:  04.12.2021, 21:50:38] --> zepozazakuk appeared
[fisizupezur:  04.12.2021, 22:17:01] --> zepozazakuk appeared
[fisizupezur:  04.12.2021, 22:17:25] --> zepozazakuk appeared
[fisizupezur:  04.12.2021, 22:17:38] --> zepozazakuk appeared
[fisizupezur:  04.12.2021, 22:18:00] --> zepozazakuk appeared
[fisizupezur:  04.12.2021, 22:19:27] --> zepozazakuk appeared
[fisizupezur:  04.12.2021, 22:19:35] --> zepozazakuk appeared
[fisizupezur:  04.12.2021, 22:34:56] --> zepozazakuk appeared
[fisizupezur:  04.12.2021, 22:35:21] --> zepozazakuk appeared
[fisizupezur:  04.12.2021, 22:35:44] --> zepozazakuk appeared
[fisizupezur:  04.12.2021, 22:36:07] --> zepozazakuk appeared
[fisizupezur:  04.12.2021, 22:36:30] --> zepozazakuk appeared
[fisizupezur:  04.12.2021, 22:36:54] --> zepozazakuk appeared
[fisizupezur:  04.12.2021, 22:37:16] --> zepozazakuk appeared
[fisizupezur:  04.12.2021, 22:37:55] --> zepozazakuk appeared
[fisizupezur:  04.12.2021, 22:38:18] --> zepozazakuk appeared
[fisizupezur:  04.12.2021, 22:38:41] --> zepozazakuk appeared
[fisizupezur:  04.12.2021, 22:39:04] --> zepozazakuk appeared
[fisizupezur:  04.12.2021, 22:39:29] --> zepozazakuk appeared
[fisizupezur:  04.12.2021, 22:39:48] --> legopinusamo appeared
[fisizupezur:  04.12.2021, 22:39:51] --> zepozazakuk appeared
[fisizupezur:  04.12.2021, 23:06:21] --> Character got kick
[fisizupezur:  04.12.2021, 23:06:27] --> Character got kick
[fisizupezur:  04.12.2021, 23:14:57] --> zepozazakuk appeared
[fisizupezur:  04.12.2021, 23:15:21] --> zepozazakuk appeared
[fisizupezur:  04.12.2021, 23:15:45] --> zepozazakuk appeared
[fisizupezur:  04.12.2021, 23:15:52] --> zepozazakuk appeared
[fisizupezur:  04.12.2021, 23:18:39] --> zepozazakuk appeared
[fisizupezur:  04.12.2021, 23:19:18] --> zepozazakuk appeared
[fisizupezur:  04.12.2021, 23:20:33] --> Character got kick
[fisizupezur:  04.12.2021, 23:20:39] --> Character got kick
[fisizupezur:  04.12.2021, 23:20:46] --> zepozazakuk appeared
[fisizupezur:  04.12.2021, 23:21:18] --> zepozazakuk appeared
[fisizupezur:  04.12.2021, 23:21:42] --> zepozazakuk appeared
[fisizupezur:  04.12.2021, 23:22:30] --> zepozazakuk appeared
[fisizupezur:  04.12.2021, 23:22:53] --> zepozazakuk appeared
[fisizupezur:  04.12.2021, 23:23:15] --> zepozazakuk appeared
[fisizupezur:  04.12.2021, 23:23:32] --> zepozazakuk appeared
[fisizupezur:  04.12.2021, 23:23:55] --> zepozazakuk appeared
[fisizupezur:  04.12.2021, 23:24:18] --> zepozazakuk appeared
[fisizupezur:  04.12.2021, 23:24:43] --> zepozazakuk appeared
[fisizupezur:  04.12.2021, 23:25:05] --> zepozazakuk appeared
[fisizupezur:  04.12.2021, 23:25:28] --> zepozazakuk appeared
[fisizupezur:  04.12.2021, 23:25:51] --> zepozazakuk appeared
[fisizupezur:  04.12.2021, 23:26:13] --> zepozazakuk appeared
[fisizupezur:  04.12.2021, 23:26:38] --> zepozazakuk appeared
[fisizupezur:  04.12.2021, 23:27:00] --> zepozazakuk appeared
[fisizupezur:  04.12.2021, 23:27:22] --> zepozazakuk appeared
[fisizupezur:  04.12.2021, 23:28:02] --> zepozazakuk appeared
[fisizupezur:  04.12.2021, 23:28:27] --> zepozazakuk appeared
[fisizupezur:  04.12.2021, 23:29:46] --> legopinusamo appeared
[fisizupezur:  04.12.2021, 23:29:49] --> legopinusamo appeared
[fisizupezur:  04.12.2021, 23:55:56] --> zepozazakuk appeared
[fisizupezur:  04.12.2021, 23:56:19] --> zepozazakuk appeared
[fisizupezur:  04.12.2021, 23:56:44] --> zepozazakuk appeared
[fisizupezur:  04.12.2021, 23:57:07] --> zepozazakuk appeared
[fisizupezur:  04.12.2021, 23:57:30] --> legopinusamo appeared
[fisizupezur:  05.12.2021, 00:24:58] --> zepozazakuk appeared
[fisizupezur:  05.12.2021, 00:25:13] --> zepozazakuk appeared
[fisizupezur:  05.12.2021, 00:25:22] --> zepozazakuk appeared
[fisizupezur:  05.12.2021, 00:25:45] --> zepozazakuk appeared
[fisizupezur:  05.12.2021, 00:26:01] --> zepozazakuk appeared
[fisizupezur:  05.12.2021, 00:26:25] --> zepozazakuk appeared
[fisizupezur:  05.12.2021, 00:26:48] --> zepozazakuk appeared
[fisizupezur:  05.12.2021, 00:27:12] --> zepozazakuk appeared
[fisizupezur:  05.12.2021, 00:27:37] --> zepozazakuk appeared
[fisizupezur:  05.12.2021, 00:27:59] --> zepozazakuk appeared
[fisizupezur:  05.12.2021, 00:28:09] --> zepozazakuk appeared
[fisizupezur:  05.12.2021, 00:28:33] --> zepozazakuk appeared
[fisizupezur:  05.12.2021, 00:28:56] --> zepozazakuk appeared
[fisizupezur:  05.12.2021, 00:58:14] --> Bot successfully started
[fisizupezur:  05.12.2021, 00:58:14] --> Setting 'okey 1' loaded because of active level settings
[fisizupezur:  05.12.2021, 00:58:52] --> kepavavokip appeared
[fisizupezur:  05.12.2021, 00:58:56] --> kepavavokip appeared
[fisizupezur:  05.12.2021, 01:04:27] --> Bot successfully started
[fisizupezur:  05.12.2021, 01:04:27] --> Setting 'okey 1' loaded because of active level settings
[fisizupezur:  05.12.2021, 01:04:27] --> kepavavokip appeared
[fisizupezur:  05.12.2021, 01:35:17] --> kepavavokip appeared
[fisizupezur:  05.12.2021, 01:53:32] --> kepavavokip appeared
[fisizupezur:  05.12.2021, 02:33:11] --> kepavavokip appeared
[fisizupezur:  05.12.2021, 02:37:20] --> kepavavokip appeared
[fisizupezur:  05.12.2021, 02:37:25] --> kepavavokip appeared
[fisizupezur:  05.12.2021, 02:45:56] --> kepavavokip appeared
[fisizupezur:  05.12.2021, 10:08:11] --> Bot successfully started
[fisizupezur:  05.12.2021, 10:08:11] --> kepavavokip appeared
[fisizupezur:  05.12.2021, 10:09:20] --> zocazesofufa appeared
[fisizupezur:  05.12.2021, 10:09:42] --> Character was kicked from the bot, reason: Character was walking
[fisizupezur:  05.12.2021, 10:10:01] --> vecomedika appeared
[fisizupezur:  05.12.2021, 10:47:34] --> Changing into CH2
[fisizupezur:  05.12.2021, 11:19:34] --> Bot successfully started
[fisizupezur:  05.12.2021, 11:19:34] --> Setting 'okey 1' loaded because of active level settings
[fisizupezur:  05.12.2021, 11:19:34] --> vefepozale appeared
[fisizupezur:  05.12.2021, 11:19:53] --> Character was kicked from the bot, reason: Character was walking
[fisizupezur:  05.12.2021, 11:19:58] --> pifowunagi appeared
[fisizupezur:  05.12.2021, 11:22:13] --> Bot successfully started
[fisizupezur:  05.12.2021, 11:22:13] --> Setting 'okey 1' loaded because of active level settings
[fisizupezur:  05.12.2021, 11:22:32] --> Character was kicked from the bot, reason: Character was walking
[fisizupezur:  05.12.2021, 11:25:42] --> kepavavokip appeared
[fisizupezur:  05.12.2021, 11:25:45] --> kepavavokip appeared
[fisizupezur:  05.12.2021, 11:36:06] --> kepavavokip appeared
[fisizupezur:  05.12.2021, 11:36:10] --> kepavavokip appeared
[fisizupezur:  05.12.2021, 11:55:51] --> Bot successfully started
[fisizupezur:  05.12.2021, 11:55:52] --> Setting 'okey 1' loaded because of active level settings
[fisizupezur:  05.12.2021, 12:16:23] --> AlyWoman appeared
[fisizupezur:  05.12.2021, 12:35:03] --> Lagh3rta appeared
[fisizupezur:  05.12.2021, 12:38:47] --> XxDarker97xX appeared
[fisizupezur:  05.12.2021, 12:47:22] --> kepavavokip appeared
[fisizupezur:  05.12.2021, 13:16:13] --> kepavavokip appeared
[fisizupezur:  05.12.2021, 13:25:10] --> kepavavokip appeared
[fisizupezur:  05.12.2021, 14:15:20] --> kepavavokip appeared
[fisizupezur:  05.12.2021, 14:21:55] --> Character got kick
[fisizupezur:  05.12.2021, 14:22:57] --> Character got kick
[fisizupezur:  05.12.2021, 14:23:04] --> Character got kick
[fisizupezur:  05.12.2021, 14:24:50] --> Character got kick
[fisizupezur:  05.12.2021, 14:25:19] --> kepavavokip appeared
[fisizupezur:  05.12.2021, 14:56:33] --> Bot successfully started
[fisizupezur:  05.12.2021, 14:56:33] --> Setting 'okey 1' loaded because of active level settings
[fisizupezur:  05.12.2021, 14:57:42] --> kepavavokip appeared
[fisizupezur:  05.12.2021, 15:23:34] --> Bot successfully started
[fisizupezur:  05.12.2021, 15:23:34] --> Setting 'okey 1' loaded because of active level settings
[fisizupezur:  05.12.2021, 15:23:34] --> kepavavokip appeared
[fisizupezur:  05.12.2021, 15:51:13] --> HasarDPe appeared
[fisizupezur:  05.12.2021, 15:55:49] --> kepavavokip appeared
[fisizupezur:  05.12.2021, 15:55:55] --> kepavavokip appeared
[fisizupezur:  05.12.2021, 16:01:53] --> kepavavokip appeared
[fisizupezur:  05.12.2021, 16:01:57] --> kepavavokip appeared
[fisizupezur:  05.12.2021, 16:49:51] --> kepavavokip appeared
[fisizupezur:  05.12.2021, 16:49:54] --> kepavavokip appeared
[fisizupezur:  05.12.2021, 16:59:08] --> Character got kick
[fisizupezur:  05.12.2021, 17:16:52] --> kepavavokip appeared
[fisizupezur:  05.12.2021, 18:22:54] --> Character died
[fisizupezur:  05.12.2021, 18:23:11] --> Character died
[fisizupezur:  05.12.2021, 18:37:22] --> mofobetikege appeared
[fisizupezur:  05.12.2021, 18:37:51] --> mofobetikege appeared
[fisizupezur:  05.12.2021, 18:38:16] --> mofobetikege appeared
[fisizupezur:  05.12.2021, 18:38:50] --> mofobetikege appeared
[fisizupezur:  05.12.2021, 19:07:21] --> Bot successfully started
[fisizupezur:  05.12.2021, 19:07:21] --> Huras appeared
[fisizupezur:  05.12.2021, 19:08:30] --> Character was kicked from the bot, reason: Character was walking
[fisizupezur:  05.12.2021, 19:08:34] --> kebibekofir appeared
[fisizupezur:  05.12.2021, 19:22:46] --> Character was kicked from the bot, reason: Character was walking
[fisizupezur:  05.12.2021, 19:22:51] --> L0rdOfWar appeared
[fisizupezur:  05.12.2021, 19:22:57] --> PM recieved from Yeex : 40 Won - 25 ÊUR
[fisizupezur:  05.12.2021, 19:22:58] --> PM recieved from Yeex : Add P2W#9999 on Discord for info @ 24/7 Online @ 5 Minute Delivery @
[fisizupezur:  05.12.2021, 19:23:06] --> PM recieved from Yeex : 195 Won - 100 ÊUR
[fisizupezur:  05.12.2021, 19:23:07] --> PM recieved from Yeex : Add P2W#9999 on Discord for info @ 24/7 Online @ 5 Minute Delivery @
[fisizupezur:  05.12.2021, 19:23:09] --> Changing into CH2
[fisizupezur:  05.12.2021, 19:23:55] --> tipetap appeared
[fisizupezur:  05.12.2021, 20:06:50] --> Bot successfully started
[fisizupezur:  05.12.2021, 20:06:50] --> Setting 'okey 1' loaded because of active level settings
[fisizupezur:  05.12.2021, 20:06:50] --> BrucoMelaGia appeared
[fisizupezur:  05.12.2021, 20:07:13] --> PM recieved from V3NY : Add P2W#9999 on Discord for info @ 24/7 Online @ 5 Minute Delivery @
[fisizupezur:  05.12.2021, 20:07:14] --> Character was kicked from the bot, reason: Character was walking
[fisizupezur:  05.12.2021, 20:07:47] --> Character was kicked from the bot, reason: Character was walking
[fisizupezur:  05.12.2021, 20:07:51] --> kepavavokip appeared
[fisizupezur:  05.12.2021, 20:43:47] --> NinjaBart1 appeared
[fisizupezur:  05.12.2021, 20:50:47] --> Character died
[fisizupezur:  05.12.2021, 20:51:03] --> Character died
[fisizupezur:  05.12.2021, 20:51:09] --> Character died
[fisizupezur:  05.12.2021, 20:51:18] --> mofobetikege appeared
[fisizupezur:  05.12.2021, 20:51:49] --> Character died
[fisizupezur:  05.12.2021, 20:52:10] --> mofobetikege appeared
[fisizupezur:  05.12.2021, 20:52:13] --> Character died
[fisizupezur:  05.12.2021, 20:52:50] --> mofobetikege appeared
[fisizupezur:  05.12.2021, 20:52:50] --> Character died
[fisizupezur:  05.12.2021, 20:53:05] --> Character died
[fisizupezur:  05.12.2021, 20:53:24] --> mofobetikege appeared
[fisizupezur:  05.12.2021, 20:53:38] --> mofobetikege appeared
[fisizupezur:  05.12.2021, 20:53:48] --> mofobetikege appeared
[fisizupezur:  05.12.2021, 20:54:00] --> mofobetikege appeared
[fisizupezur:  05.12.2021, 20:54:11] --> mofobetikege appeared
[fisizupezur:  05.12.2021, 20:54:23] --> mofobetikege appeared
[fisizupezur:  05.12.2021, 20:54:36] --> mofobetikege appeared
[fisizupezur:  05.12.2021, 20:54:47] --> kepavavokip appeared
[fisizupezur:  05.12.2021, 21:20:09] --> kepavavokip appeared
[fisizupezur:  05.12.2021, 21:56:33] --> kepavavokip appeared
[fisizupezur:  05.12.2021, 22:16:30] --> Character died
[fisizupezur:  05.12.2021, 22:19:43] --> Bot successfully started
[fisizupezur:  05.12.2021, 22:19:43] --> Setting 'okey 1' loaded because of active level settings
[fisizupezur:  05.12.2021, 22:21:44] --> kepavavokip appeared
[fisizupezur:  05.12.2021, 22:33:17] --> kepavavokip appeared
[fisizupezur:  05.12.2021, 22:33:20] --> kepavavokip appeared
[fisizupezur:  05.12.2021, 22:37:04] --> ISerGI appeared
[fisizupezur:  05.12.2021, 22:48:27] --> micietta92 appeared
[fisizupezur:  05.12.2021, 23:13:22] --> SempreLizzy appeared
[fisizupezur:  05.12.2021, 23:14:55] --> micietta92 appeared
[fisizupezur:  05.12.2021, 23:15:26] --> micietta92 appeared
[fisizupezur:  05.12.2021, 23:15:38] --> micietta92 appeared
[fisizupezur:  05.12.2021, 23:15:49] --> micietta92 appeared
[fisizupezur:  05.12.2021, 23:18:35] --> Bot successfully started
[fisizupezur:  05.12.2021, 23:18:36] --> Setting 'okey 1' loaded because of active level settings
[fisizupezur:  05.12.2021, 23:23:21] --> Character got kick
[fisizupezur:  06.12.2021, 08:12:22] --> Bot successfully started
[fisizupezur:  06.12.2021, 08:12:22] --> micietta92 appeared
[fisizupezur:  06.12.2021, 08:15:31] --> Setting 'okey 1' loaded because of active level settings
[fisizupezur:  06.12.2021, 08:15:38] --> micietta92 appeared
[fisizupezur:  06.12.2021, 08:44:09] --> micietta92 appeared
[fisizupezur:  06.12.2021, 08:44:20] --> micietta92 appeared
[fisizupezur:  06.12.2021, 08:52:03] --> micietta92 appeared
[fisizupezur:  06.12.2021, 08:52:14] --> micietta92 appeared
[fisizupezur:  06.12.2021, 08:52:27] --> micietta92 appeared
[fisizupezur:  06.12.2021, 08:52:38] --> micietta92 appeared
[fisizupezur:  06.12.2021, 08:52:51] --> micietta92 appeared
[fisizupezur:  06.12.2021, 08:53:03] --> micietta92 appeared
[fisizupezur:  06.12.2021, 08:53:13] --> micietta92 appeared
[fisizupezur:  06.12.2021, 08:53:26] --> micietta92 appeared
[fisizupezur:  06.12.2021, 08:53:38] --> micietta92 appeared
[fisizupezur:  06.12.2021, 08:53:52] --> micietta92 appeared
[fisizupezur:  06.12.2021, 08:54:03] --> micietta92 appeared
[fisizupezur:  06.12.2021, 08:54:13] --> micietta92 appeared
[fisizupezur:  06.12.2021, 08:54:26] --> micietta92 appeared
[fisizupezur:  06.12.2021, 08:54:38] --> micietta92 appeared
[fisizupezur:  06.12.2021, 08:54:51] --> micietta92 appeared
[fisizupezur:  06.12.2021, 08:54:58] --> micietta92 appeared
[fisizupezur:  06.12.2021, 08:57:35] --> micietta92 appeared
[fisizupezur:  06.12.2021, 08:57:47] --> micietta92 appeared
[fisizupezur:  06.12.2021, 08:58:00] --> micietta92 appeared
[fisizupezur:  06.12.2021, 08:58:11] --> micietta92 appeared
[fisizupezur:  06.12.2021, 08:58:23] --> micietta92 appeared
[fisizupezur:  06.12.2021, 08:58:34] --> micietta92 appeared
[fisizupezur:  06.12.2021, 08:58:46] --> micietta92 appeared
[fisizupezur:  06.12.2021, 08:58:58] --> micietta92 appeared
[fisizupezur:  06.12.2021, 08:59:10] --> micietta92 appeared
[fisizupezur:  06.12.2021, 08:59:21] --> micietta92 appeared
[fisizupezur:  06.12.2021, 08:59:34] --> micietta92 appeared
[fisizupezur:  06.12.2021, 08:59:45] --> micietta92 appeared
[fisizupezur:  06.12.2021, 09:05:55] --> micietta92 appeared
[fisizupezur:  06.12.2021, 09:06:06] --> micietta92 appeared
[fisizupezur:  06.12.2021, 09:06:18] --> micietta92 appeared
[fisizupezur:  06.12.2021, 09:06:31] --> micietta92 appeared
[fisizupezur:  06.12.2021, 09:06:44] --> micietta92 appeared
[fisizupezur:  06.12.2021, 09:07:20] --> micietta92 appeared
[fisizupezur:  06.12.2021, 09:07:32] --> micietta92 appeared
[fisizupezur:  06.12.2021, 09:07:43] --> micietta92 appeared
[fisizupezur:  06.12.2021, 09:07:56] --> micietta92 appeared
[fisizupezur:  06.12.2021, 09:08:07] --> micietta92 appeared
[fisizupezur:  06.12.2021, 09:08:18] --> micietta92 appeared
[fisizupezur:  06.12.2021, 09:08:31] --> micietta92 appeared
[fisizupezur:  06.12.2021, 09:08:43] --> micietta92 appeared
[fisizupezur:  06.12.2021, 09:08:54] --> micietta92 appeared
[fisizupezur:  06.12.2021, 09:09:07] --> micietta92 appeared
[fisizupezur:  06.12.2021, 09:09:17] --> micietta92 appeared
[fisizupezur:  06.12.2021, 09:09:30] --> micietta92 appeared
[fisizupezur:  06.12.2021, 09:09:42] --> micietta92 appeared
[fisizupezur:  06.12.2021, 09:09:53] --> micietta92 appeared
[fisizupezur:  06.12.2021, 09:10:04] --> micietta92 appeared
[fisizupezur:  06.12.2021, 09:10:16] --> micietta92 appeared
[fisizupezur:  06.12.2021, 09:10:29] --> micietta92 appeared
[fisizupezur:  06.12.2021, 09:10:42] --> micietta92 appeared
[fisizupezur:  06.12.2021, 09:10:53] --> micietta92 appeared
[fisizupezur:  06.12.2021, 09:11:05] --> micietta92 appeared
[fisizupezur:  06.12.2021, 09:11:17] --> micietta92 appeared
[fisizupezur:  06.12.2021, 09:11:29] --> micietta92 appeared
[fisizupezur:  06.12.2021, 09:11:41] --> micietta92 appeared
[fisizupezur:  06.12.2021, 09:11:52] --> Breezedacol appeared
[fisizupezur:  06.12.2021, 09:12:44] --> micietta92 appeared
[fisizupezur:  06.12.2021, 09:12:54] --> micietta92 appeared
[fisizupezur:  06.12.2021, 09:13:05] --> micietta92 appeared
[fisizupezur:  06.12.2021, 09:13:17] --> micietta92 appeared
[fisizupezur:  06.12.2021, 09:13:30] --> micietta92 appeared
[fisizupezur:  06.12.2021, 09:13:40] --> micietta92 appeared
[fisizupezur:  06.12.2021, 09:13:53] --> micietta92 appeared
[fisizupezur:  06.12.2021, 09:14:09] --> micietta92 appeared
[fisizupezur:  06.12.2021, 09:14:17] --> micietta92 appeared
[fisizupezur:  06.12.2021, 09:14:30] --> micietta92 appeared
[fisizupezur:  06.12.2021, 09:14:41] --> micietta92 appeared
[fisizupezur:  06.12.2021, 09:14:53] --> micietta92 appeared
[fisizupezur:  06.12.2021, 09:15:06] --> micietta92 appeared
[fisizupezur:  06.12.2021, 09:15:18] --> micietta92 appeared
[fisizupezur:  06.12.2021, 09:15:29] --> micietta92 appeared
[fisizupezur:  06.12.2021, 09:15:41] --> micietta92 appeared
[fisizupezur:  06.12.2021, 09:15:53] --> micietta92 appeared
[fisizupezur:  06.12.2021, 09:16:05] --> micietta92 appeared
[fisizupezur:  06.12.2021, 09:16:18] --> micietta92 appeared
[fisizupezur:  06.12.2021, 09:16:30] --> micietta92 appeared
[fisizupezur:  06.12.2021, 09:16:41] --> micietta92 appeared
[fisizupezur:  06.12.2021, 09:16:53] --> micietta92 appeared
[fisizupezur:  06.12.2021, 09:17:05] --> micietta92 appeared
[fisizupezur:  06.12.2021, 09:17:18] --> micietta92 appeared
[fisizupezur:  06.12.2021, 09:17:30] --> micietta92 appeared
[fisizupezur:  06.12.2021, 09:17:42] --> micietta92 appeared
[fisizupezur:  06.12.2021, 09:17:53] --> micietta92 appeared
[fisizupezur:  06.12.2021, 09:18:07] --> micietta92 appeared
[fisizupezur:  06.12.2021, 09:18:17] --> micietta92 appeared
[fisizupezur:  06.12.2021, 09:18:30] --> micietta92 appeared
[fisizupezur:  06.12.2021, 09:18:41] --> micietta92 appeared
[fisizupezur:  06.12.2021, 09:18:53] --> micietta92 appeared
[fisizupezur:  06.12.2021, 09:19:05] --> micietta92 appeared
[fisizupezur:  06.12.2021, 09:19:18] --> micietta92 appeared
[fisizupezur:  06.12.2021, 09:19:28] --> micietta92 appeared
[fisizupezur:  06.12.2021, 09:19:40] --> micietta92 appeared
[fisizupezur:  06.12.2021, 09:19:52] --> micietta92 appeared
[fisizupezur:  06.12.2021, 09:20:03] --> micietta92 appeared
[fisizupezur:  06.12.2021, 09:20:15] --> micietta92 appeared
[fisizupezur:  06.12.2021, 09:20:27] --> micietta92 appeared
[fisizupezur:  06.12.2021, 09:20:39] --> micietta92 appeared
[fisizupezur:  06.12.2021, 09:20:51] --> micietta92 appeared
[fisizupezur:  06.12.2021, 09:21:04] --> micietta92 appeared
[fisizupezur:  06.12.2021, 09:21:15] --> micietta92 appeared
[fisizupezur:  06.12.2021, 09:21:27] --> micietta92 appeared
[fisizupezur:  06.12.2021, 09:21:39] --> micietta92 appeared
[fisizupezur:  06.12.2021, 09:21:51] --> micietta92 appeared
[fisizupezur:  06.12.2021, 09:22:03] --> micietta92 appeared
[fisizupezur:  06.12.2021, 09:22:14] --> micietta92 appeared
[fisizupezur:  06.12.2021, 09:22:28] --> micietta92 appeared
[fisizupezur:  06.12.2021, 09:22:38] --> micietta92 appeared
[fisizupezur:  06.12.2021, 09:22:50] --> micietta92 appeared
[fisizupezur:  06.12.2021, 09:23:02] --> micietta92 appeared
[fisizupezur:  06.12.2021, 09:23:15] --> micietta92 appeared
[fisizupezur:  06.12.2021, 09:23:27] --> micietta92 appeared
[fisizupezur:  06.12.2021, 09:23:37] --> micietta92 appeared
[fisizupezur:  06.12.2021, 09:23:50] --> micietta92 appeared
[fisizupezur:  06.12.2021, 09:24:00] --> micietta92 appeared
[fisizupezur:  06.12.2021, 09:24:12] --> micietta92 appeared
[fisizupezur:  06.12.2021, 09:24:25] --> micietta92 appeared
[fisizupezur:  06.12.2021, 09:24:37] --> micietta92 appeared
[fisizupezur:  06.12.2021, 09:24:48] --> micietta92 appeared
[fisizupezur:  06.12.2021, 09:25:00] --> micietta92 appeared
[fisizupezur:  06.12.2021, 09:25:13] --> micietta92 appeared
[fisizupezur:  06.12.2021, 09:25:25] --> micietta92 appeared
[fisizupezur:  06.12.2021, 09:25:36] --> micietta92 appeared
[fisizupezur:  06.12.2021, 09:25:48] --> micietta92 appeared
[fisizupezur:  06.12.2021, 09:26:00] --> micietta92 appeared
[fisizupezur:  06.12.2021, 09:26:10] --> micietta92 appeared
[fisizupezur:  06.12.2021, 09:26:23] --> micietta92 appeared
[fisizupezur:  06.12.2021, 09:26:58] --> micietta92 appeared
[fisizupezur:  06.12.2021, 09:27:11] --> micietta92 appeared
[fisizupezur:  06.12.2021, 09:27:22] --> micietta92 appeared
[fisizupezur:  06.12.2021, 09:31:09] --> micietta92 appeared
[fisizupezur:  06.12.2021, 09:31:21] --> micietta92 appeared
[fisizupezur:  06.12.2021, 09:31:34] --> micietta92 appeared
[fisizupezur:  06.12.2021, 09:31:43] --> micietta92 appeared
[fisizupezur:  06.12.2021, 09:32:10] --> micietta92 appeared
[fisizupezur:  06.12.2021, 09:34:09] --> micietta92 appeared
[fisizupezur:  06.12.2021, 09:34:22] --> micietta92 appeared
[fisizupezur:  06.12.2021, 09:35:13] --> micietta92 appeared
[fisizupezur:  06.12.2021, 09:35:21] --> micietta92 appeared
[fisizupezur:  06.12.2021, 09:35:33] --> micietta92 appeared
[fisizupezur:  06.12.2021, 09:35:46] --> micietta92 appeared
[fisizupezur:  06.12.2021, 09:36:09] --> micietta92 appeared
[fisizupezur:  06.12.2021, 09:36:22] --> micietta92 appeared
[fisizupezur:  06.12.2021, 09:36:34] --> micietta92 appeared
[fisizupezur:  06.12.2021, 09:36:45] --> micietta92 appeared
[fisizupezur:  06.12.2021, 09:36:57] --> micietta92 appeared
[fisizupezur:  06.12.2021, 09:37:08] --> micietta92 appeared
[fisizupezur:  06.12.2021, 09:37:20] --> micietta92 appeared
[fisizupezur:  06.12.2021, 09:37:33] --> micietta92 appeared
[fisizupezur:  06.12.2021, 09:37:44] --> micietta92 appeared
[fisizupezur:  06.12.2021, 09:37:56] --> micietta92 appeared
[fisizupezur:  06.12.2021, 09:38:07] --> micietta92 appeared
[fisizupezur:  06.12.2021, 09:38:20] --> micietta92 appeared
[fisizupezur:  06.12.2021, 09:38:32] --> micietta92 appeared
[fisizupezur:  06.12.2021, 09:38:44] --> micietta92 appeared
[fisizupezur:  06.12.2021, 09:38:56] --> micietta92 appeared
[fisizupezur:  06.12.2021, 09:39:07] --> micietta92 appeared
[fisizupezur:  06.12.2021, 09:39:19] --> micietta92 appeared
[fisizupezur:  06.12.2021, 09:39:30] --> micietta92 appeared
[fisizupezur:  06.12.2021, 09:39:42] --> micietta92 appeared
[fisizupezur:  06.12.2021, 09:39:54] --> micietta92 appeared
[fisizupezur:  06.12.2021, 09:40:06] --> micietta92 appeared
[fisizupezur:  06.12.2021, 09:40:17] --> micietta92 appeared
[fisizupezur:  06.12.2021, 09:40:30] --> micietta92 appeared
[fisizupezur:  06.12.2021, 09:40:43] --> micietta92 appeared
[fisizupezur:  06.12.2021, 09:40:52] --> micietta92 appeared
[fisizupezur:  06.12.2021, 09:41:07] --> micietta92 appeared
[fisizupezur:  06.12.2021, 09:41:18] --> micietta92 appeared
[fisizupezur:  06.12.2021, 09:41:30] --> micietta92 appeared
[fisizupezur:  06.12.2021, 09:41:42] --> micietta92 appeared
[fisizupezur:  06.12.2021, 09:42:05] --> micietta92 appeared
[fisizupezur:  06.12.2021, 09:42:17] --> micietta92 appeared
[fisizupezur:  06.12.2021, 09:46:25] --> micietta92 appeared
[fisizupezur:  06.12.2021, 09:46:37] --> micietta92 appeared
[fisizupezur:  06.12.2021, 09:46:48] --> micietta92 appeared
[fisizupezur:  06.12.2021, 09:47:01] --> micietta92 appeared
[fisizupezur:  06.12.2021, 09:47:13] --> micietta92 appeared
[fisizupezur:  06.12.2021, 09:47:26] --> micietta92 appeared
[fisizupezur:  06.12.2021, 09:47:36] --> micietta92 appeared
[fisizupezur:  06.12.2021, 09:47:47] --> micietta92 appeared
[fisizupezur:  06.12.2021, 09:47:59] --> micietta92 appeared
[fisizupezur:  06.12.2021, 09:48:13] --> micietta92 appeared
[fisizupezur:  06.12.2021, 09:48:25] --> micietta92 appeared
[fisizupezur:  06.12.2021, 09:48:37] --> micietta92 appeared
[fisizupezur:  06.12.2021, 09:48:48] --> micietta92 appeared
[fisizupezur:  06.12.2021, 09:49:00] --> micietta92 appeared
[fisizupezur:  06.12.2021, 09:49:11] --> micietta92 appeared
[fisizupezur:  06.12.2021, 09:50:00] --> micietta92 appeared
[fisizupezur:  06.12.2021, 09:50:10] --> micietta92 appeared
[fisizupezur:  06.12.2021, 09:50:22] --> micietta92 appeared
[fisizupezur:  06.12.2021, 09:50:34] --> micietta92 appeared
[fisizupezur:  06.12.2021, 09:50:46] --> micietta92 appeared
[fisizupezur:  06.12.2021, 09:50:58] --> micietta92 appeared
[fisizupezur:  06.12.2021, 09:51:10] --> micietta92 appeared
[fisizupezur:  06.12.2021, 10:05:37] --> micietta92 appeared
[fisizupezur:  06.12.2021, 10:05:50] --> micietta92 appeared
[fisizupezur:  06.12.2021, 10:14:33] --> micietta92 appeared
[fisizupezur:  06.12.2021, 10:14:46] --> micietta92 appeared
[fisizupezur:  06.12.2021, 10:14:57] --> micietta92 appeared
[fisizupezur:  06.12.2021, 10:15:09] --> micietta92 appeared
[fisizupezur:  06.12.2021, 10:15:20] --> micietta92 appeared
[fisizupezur:  06.12.2021, 10:15:33] --> micietta92 appeared
[fisizupezur:  06.12.2021, 11:24:00] --> micietta92 appeared
[fisizupezur:  06.12.2021, 11:24:12] --> micietta92 appeared
[fisizupezur:  06.12.2021, 11:24:23] --> micietta92 appeared
[fisizupezur:  06.12.2021, 11:24:35] --> micietta92 appeared
[fisizupezur:  06.12.2021, 11:24:48] --> micietta92 appeared
[fisizupezur:  06.12.2021, 11:24:59] --> micietta92 appeared
[fisizupezur:  06.12.2021, 11:25:11] --> micietta92 appeared
[fisizupezur:  06.12.2021, 11:25:23] --> micietta92 appeared
[fisizupezur:  06.12.2021, 11:28:09] --> micietta92 appeared
[fisizupezur:  06.12.2021, 11:28:22] --> micietta92 appeared
[fisizupezur:  06.12.2021, 11:28:35] --> micietta92 appeared
[fisizupezur:  06.12.2021, 11:28:42] --> micietta92 appeared
[fisizupezur:  06.12.2021, 11:32:56] --> micietta92 appeared
[fisizupezur:  06.12.2021, 11:33:11] --> micietta92 appeared
[fisizupezur:  06.12.2021, 11:33:31] --> micietta92 appeared
[fisizupezur:  06.12.2021, 11:33:45] --> micietta92 appeared
[fisizupezur:  06.12.2021, 11:36:40] --> micietta92 appeared
[fisizupezur:  06.12.2021, 11:36:53] --> micietta92 appeared
[fisizupezur:  06.12.2021, 11:37:05] --> micietta92 appeared
[fisizupezur:  06.12.2021, 11:37:16] --> micietta92 appeared
[fisizupezur:  06.12.2021, 11:37:28] --> micietta92 appeared
[fisizupezur:  06.12.2021, 11:37:40] --> micietta92 appeared
[fisizupezur:  06.12.2021, 11:37:48] --> micietta92 appeared
[fisizupezur:  06.12.2021, 11:52:17] --> micietta92 appeared
[fisizupezur:  06.12.2021, 11:59:44] --> micietta92 appeared
[fisizupezur:  06.12.2021, 11:59:59] --> micietta92 appeared
[fisizupezur:  06.12.2021, 12:00:11] --> micietta92 appeared
[fisizupezur:  06.12.2021, 12:00:22] --> micietta92 appeared
[fisizupezur:  06.12.2021, 12:00:36] --> micietta92 appeared
[fisizupezur:  06.12.2021, 12:00:47] --> micietta92 appeared
[fisizupezur:  06.12.2021, 12:00:59] --> micietta92 appeared
[fisizupezur:  06.12.2021, 12:01:10] --> micietta92 appeared
[fisizupezur:  06.12.2021, 12:01:22] --> micietta92 appeared
[fisizupezur:  06.12.2021, 12:01:34] --> micietta92 appeared
[fisizupezur:  06.12.2021, 12:01:47] --> micietta92 appeared
[fisizupezur:  06.12.2021, 12:01:58] --> micietta92 appeared
[fisizupezur:  06.12.2021, 12:02:10] --> micietta92 appeared
[fisizupezur:  06.12.2021, 12:02:22] --> micietta92 appeared
[fisizupezur:  06.12.2021, 12:02:34] --> micietta92 appeared
[fisizupezur:  06.12.2021, 12:02:46] --> micietta92 appeared
[fisizupezur:  06.12.2021, 12:02:58] --> micietta92 appeared
[fisizupezur:  06.12.2021, 12:03:10] --> micietta92 appeared
[fisizupezur:  06.12.2021, 12:03:22] --> micietta92 appeared
[fisizupezur:  06.12.2021, 12:03:36] --> micietta92 appeared
[fisizupezur:  06.12.2021, 12:03:46] --> micietta92 appeared
[fisizupezur:  06.12.2021, 12:03:57] --> micietta92 appeared
[fisizupezur:  06.12.2021, 12:04:09] --> micietta92 appeared
[fisizupezur:  06.12.2021, 12:04:21] --> micietta92 appeared
[fisizupezur:  06.12.2021, 12:04:32] --> micietta92 appeared
[fisizupezur:  06.12.2021, 12:04:45] --> micietta92 appeared
[fisizupezur:  06.12.2021, 12:04:56] --> micietta92 appeared
[fisizupezur:  06.12.2021, 12:05:08] --> micietta92 appeared
[fisizupezur:  06.12.2021, 12:05:21] --> micietta92 appeared
[fisizupezur:  06.12.2021, 12:05:33] --> micietta92 appeared
[fisizupezur:  06.12.2021, 12:05:44] --> micietta92 appeared
[fisizupezur:  06.12.2021, 12:05:56] --> micietta92 appeared
[fisizupezur:  06.12.2021, 12:06:08] --> micietta92 appeared
[fisizupezur:  06.12.2021, 12:06:20] --> micietta92 appeared
[fisizupezur:  06.12.2021, 12:06:32] --> micietta92 appeared
[fisizupezur:  06.12.2021, 12:06:45] --> micietta92 appeared
[fisizupezur:  06.12.2021, 12:06:56] --> micietta92 appeared
[fisizupezur:  06.12.2021, 12:07:07] --> micietta92 appeared
[fisizupezur:  06.12.2021, 12:07:18] --> micietta92 appeared
[fisizupezur:  06.12.2021, 12:07:31] --> micietta92 appeared
[fisizupezur:  06.12.2021, 12:07:44] --> micietta92 appeared
[fisizupezur:  06.12.2021, 12:07:55] --> micietta92 appeared
[fisizupezur:  06.12.2021, 12:08:06] --> micietta92 appeared
[fisizupezur:  06.12.2021, 12:08:18] --> micietta92 appeared
[fisizupezur:  06.12.2021, 12:08:30] --> micietta92 appeared
[fisizupezur:  06.12.2021, 12:08:43] --> micietta92 appeared
[fisizupezur:  06.12.2021, 12:08:54] --> micietta92 appeared
[fisizupezur:  06.12.2021, 12:09:06] --> micietta92 appeared
[fisizupezur:  06.12.2021, 12:09:18] --> micietta92 appeared
[fisizupezur:  06.12.2021, 12:09:30] --> micietta92 appeared
[fisizupezur:  06.12.2021, 12:09:43] --> micietta92 appeared
[fisizupezur:  06.12.2021, 12:09:55] --> micietta92 appeared
[fisizupezur:  06.12.2021, 12:10:06] --> micietta92 appeared
[fisizupezur:  06.12.2021, 12:10:17] --> micietta92 appeared
[fisizupezur:  06.12.2021, 12:10:29] --> micietta92 appeared
[fisizupezur:  06.12.2021, 12:10:41] --> micietta92 appeared
[fisizupezur:  06.12.2021, 12:10:52] --> micietta92 appeared
[fisizupezur:  06.12.2021, 12:11:06] --> micietta92 appeared
[fisizupezur:  06.12.2021, 12:11:17] --> micietta92 appeared
[fisizupezur:  06.12.2021, 12:11:29] --> micietta92 appeared
[fisizupezur:  06.12.2021, 12:11:39] --> micietta92 appeared
[fisizupezur:  06.12.2021, 12:11:52] --> micietta92 appeared
[fisizupezur:  06.12.2021, 12:12:04] --> micietta92 appeared
[fisizupezur:  06.12.2021, 12:22:36] --> GOODarcheus appeared
[fisizupezur:  06.12.2021, 12:35:51] --> GOODarcheus appeared
[fisizupezur:  06.12.2021, 12:36:03] --> GOODarcheus appeared
[fisizupezur:  06.12.2021, 12:36:16] --> GOODarcheus appeared
[fisizupezur:  06.12.2021, 12:36:27] --> GOODarcheus appeared
[fisizupezur:  06.12.2021, 12:36:39] --> GOODarcheus appeared
[fisizupezur:  06.12.2021, 12:36:50] --> GOODarcheus appeared
[fisizupezur:  06.12.2021, 12:37:03] --> GOODarcheus appeared
[fisizupezur:  06.12.2021, 12:37:14] --> GOODarcheus appeared
[fisizupezur:  06.12.2021, 12:37:27] --> GOODarcheus appeared
[fisizupezur:  06.12.2021, 12:37:39] --> GOODarcheus appeared
[fisizupezur:  06.12.2021, 12:37:51] --> GOODarcheus appeared
[fisizupezur:  06.12.2021, 12:38:02] --> mofobetikege appeared
[fisizupezur:  06.12.2021, 12:38:15] --> GOODarcheus appeared
[fisizupezur:  06.12.2021, 12:38:28] --> GOODarcheus appeared
[fisizupezur:  06.12.2021, 12:38:39] --> GOODarcheus appeared
[fisizupezur:  06.12.2021, 12:38:50] --> GOODarcheus appeared
[fisizupezur:  06.12.2021, 12:44:00] --> mofobetikege appeared
[fisizupezur:  06.12.2021, 12:44:25] --> mofobetikege appeared
[fisizupezur:  06.12.2021, 12:44:35] --> mofobetikege appeared
[fisizupezur:  06.12.2021, 12:45:33] --> Bot successfully started
[fisizupezur:  06.12.2021, 12:45:34] --> Setting 'okey 1' loaded because of active level settings
[fisizupezur:  06.12.2021, 12:45:43] --> mofobetikege appeared
[fisizupezur:  06.12.2021, 12:46:08] --> mofobetikege appeared
[fisizupezur:  06.12.2021, 12:46:19] --> Character died
[fisizupezur:  06.12.2021, 12:46:38] --> Character died
[fisizupezur:  06.12.2021, 12:46:39] --> mofobetikege appeared
[fisizupezur:  06.12.2021, 12:47:12] --> mofobetikege appeared
[fisizupezur:  06.12.2021, 12:47:47] --> mofobetikege appeared
[fisizupezur:  06.12.2021, 12:48:11] --> mofobetikege appeared
[fisizupezur:  06.12.2021, 12:48:47] --> mofobetikege appeared
[fisizupezur:  06.12.2021, 12:53:53] --> mofobetikege appeared
[fisizupezur:  06.12.2021, 12:54:20] --> mofobetikege appeared
[fisizupezur:  06.12.2021, 12:54:29] --> mofobetikege appeared
[fisizupezur:  06.12.2021, 12:54:54] --> mofobetikege appeared
[fisizupezur:  06.12.2021, 12:55:30] --> mofobetikege appeared
[fisizupezur:  06.12.2021, 12:56:04] --> mofobetikege appeared
[fisizupezur:  06.12.2021, 12:56:29] --> mofobetikege appeared
[fisizupezur:  06.12.2021, 12:59:20] --> mofobetikege appeared
[fisizupezur:  06.12.2021, 12:59:50] --> mofobetikege appeared
[fisizupezur:  06.12.2021, 13:00:25] --> mofobetikege appeared
[fisizupezur:  06.12.2021, 13:01:01] --> mofobetikege appeared
[fisizupezur:  06.12.2021, 13:01:28] --> mofobetikege appeared
[fisizupezur:  06.12.2021, 13:01:34] --> mofobetikege appeared
[fisizupezur:  06.12.2021, 13:02:01] --> mofobetikege appeared
[fisizupezur:  06.12.2021, 13:02:12] --> mofobetikege appeared
[fisizupezur:  06.12.2021, 13:02:37] --> mofobetikege appeared
[fisizupezur:  06.12.2021, 13:02:44] --> mofobetikege appeared
[fisizupezur:  06.12.2021, 13:03:12] --> mofobetikege appeared
[fisizupezur:  06.12.2021, 13:03:47] --> mofobetikege appeared
[fisizupezur:  06.12.2021, 13:04:22] --> mofobetikege appeared
[fisizupezur:  06.12.2021, 13:09:09] --> gopiviwiku appeared
[fisizupezur:  06.12.2021, 13:09:34] --> mofobetikege appeared
[fisizupezur:  06.12.2021, 13:10:09] --> mofobetikege appeared
[fisizupezur:  06.12.2021, 13:10:33] --> mofobetikege appeared
[fisizupezur:  06.12.2021, 13:11:09] --> mofobetikege appeared
[fisizupezur:  06.12.2021, 13:11:15] --> Character died
[fisizupezur:  06.12.2021, 13:11:30] --> Character died
[fisizupezur:  06.12.2021, 13:11:30] --> mofobetikege appeared
[fisizupezur:  06.12.2021, 13:11:43] --> mofobetikege appeared
[fisizupezur:  06.12.2021, 13:12:05] --> mofobetikege appeared
[fisizupezur:  06.12.2021, 13:12:40] --> mofobetikege appeared
[fisizupezur:  06.12.2021, 13:13:16] --> mofobetikege appeared
[fisizupezur:  06.12.2021, 13:16:57] --> mofobetikege appeared
[fisizupezur:  06.12.2021, 13:17:24] --> mofobetikege appeared
[fisizupezur:  06.12.2021, 13:18:01] --> mofobetikege appeared
[fisizupezur:  06.12.2021, 13:18:25] --> mofobetikege appeared
[fisizupezur:  06.12.2021, 13:18:34] --> mofobetikege appeared
[fisizupezur:  06.12.2021, 13:19:01] --> mofobetikege appeared
[fisizupezur:  06.12.2021, 13:24:52] --> mofobetikege appeared
[fisizupezur:  06.12.2021, 13:25:20] --> mofobetikege appeared
[fisizupezur:  06.12.2021, 13:25:56] --> mofobetikege appeared
[fisizupezur:  06.12.2021, 13:26:31] --> mofobetikege appeared
[fisizupezur:  06.12.2021, 13:26:56] --> mofobetikege appeared
[fisizupezur:  06.12.2021, 13:27:03] --> mofobetikege appeared
[fisizupezur:  06.12.2021, 13:27:30] --> mofobetikege appeared
[fisizupezur:  06.12.2021, 13:28:07] --> mofobetikege appeared
[fisizupezur:  06.12.2021, 13:28:30] --> mofobetikege appeared
[fisizupezur:  06.12.2021, 13:28:40] --> mofobetikege appeared
[fisizupezur:  06.12.2021, 13:31:30] --> mofobetikege appeared
[fisizupezur:  06.12.2021, 13:32:02] --> mofobetikege appeared
[fisizupezur:  06.12.2021, 13:32:26] --> mofobetikege appeared
[fisizupezur:  06.12.2021, 13:33:02] --> mofobetikege appeared
[fisizupezur:  06.12.2021, 13:33:38] --> mofobetikege appeared
[fisizupezur:  06.12.2021, 13:34:02] --> mofobetikege appeared
[fisizupezur:  06.12.2021, 13:34:12] --> mofobetikege appeared
[fisizupezur:  06.12.2021, 13:34:38] --> mofobetikege appeared
[fisizupezur:  06.12.2021, 13:35:14] --> mofobetikege appeared
[fisizupezur:  06.12.2021, 13:35:38] --> mofobetikege appeared
[fisizupezur:  06.12.2021, 13:35:47] --> mofobetikege appeared
[fisizupezur:  06.12.2021, 13:36:14] --> mofobetikege appeared
[fisizupezur:  06.12.2021, 13:36:49] --> mofobetikege appeared
[fisizupezur:  06.12.2021, 13:37:13] --> mofobetikege appeared
[fisizupezur:  06.12.2021, 13:39:49] --> mofobetikege appeared
[fisizupezur:  06.12.2021, 13:40:24] --> mofobetikege appeared
[fisizupezur:  06.12.2021, 13:40:49] --> mofobetikege appeared
[fisizupezur:  06.12.2021, 13:41:24] --> mofobetikege appeared
[fisizupezur:  06.12.2021, 13:41:59] --> mofobetikege appeared
[fisizupezur:  06.12.2021, 13:42:34] --> mofobetikege appeared
[fisizupezur:  06.12.2021, 13:42:59] --> mofobetikege appeared
[fisizupezur:  06.12.2021, 13:43:11] --> mofobetikege appeared
[fisizupezur:  06.12.2021, 13:43:36] --> mofobetikege appeared
[fisizupezur:  06.12.2021, 13:44:10] --> mofobetikege appeared
[fisizupezur:  06.12.2021, 13:49:47] --> mofobetikege appeared
[fisizupezur:  06.12.2021, 13:50:19] --> mofobetikege appeared
[fisizupezur:  06.12.2021, 13:53:08] --> micietta92 appeared
[fisizupezur:  06.12.2021, 13:53:20] --> micietta92 appeared
[fisizupezur:  06.12.2021, 13:53:32] --> micietta92 appeared
[fisizupezur:  06.12.2021, 13:53:44] --> micietta92 appeared
[fisizupezur:  06.12.2021, 13:53:58] --> micietta92 appeared
[fisizupezur:  06.12.2021, 13:54:09] --> micietta92 appeared
[fisizupezur:  06.12.2021, 13:54:57] --> micietta92 appeared
[fisizupezur:  06.12.2021, 13:55:09] --> micietta92 appeared
[fisizupezur:  06.12.2021, 13:55:19] --> micietta92 appeared
[fisizupezur:  06.12.2021, 13:55:31] --> micietta92 appeared
[fisizupezur:  06.12.2021, 13:55:43] --> micietta92 appeared
[fisizupezur:  06.12.2021, 13:56:00] --> mofobetikege appeared
[fisizupezur:  06.12.2021, 13:56:28] --> mofobetikege appeared
[fisizupezur:  06.12.2021, 13:57:02] --> mofobetikege appeared
[fisizupezur:  06.12.2021, 13:57:27] --> mofobetikege appeared
[fisizupezur:  06.12.2021, 13:57:36] --> mofobetikege appeared
[fisizupezur:  06.12.2021, 13:58:01] --> mofobetikege appeared
[fisizupezur:  06.12.2021, 13:58:29] --> micietta92 appeared
[fisizupezur:  06.12.2021, 13:59:03] --> micietta92 appeared
[fisizupezur:  06.12.2021, 13:59:16] --> micietta92 appeared
[fisizupezur:  06.12.2021, 13:59:27] --> micietta92 appeared
[fisizupezur:  06.12.2021, 13:59:40] --> micietta92 appeared
[fisizupezur:  06.12.2021, 13:59:52] --> micietta92 appeared
[fisizupezur:  06.12.2021, 14:00:15] --> micietta92 appeared
[fisizupezur:  06.12.2021, 14:00:27] --> micietta92 appeared
[fisizupezur:  06.12.2021, 14:00:38] --> micietta92 appeared
[fisizupezur:  06.12.2021, 14:00:49] --> mofobetikege appeared
[fisizupezur:  06.12.2021, 14:03:17] --> Astreia appeared
[fisizupezur:  06.12.2021, 14:03:53] --> mofobetikege appeared
[fisizupezur:  06.12.2021, 14:04:21] --> mofobetikege appeared
[fisizupezur:  06.12.2021, 14:04:29] --> mofobetikege appeared
[fisizupezur:  06.12.2021, 14:04:56] --> mofobetikege appeared
[fisizupezur:  06.12.2021, 14:05:32] --> mofobetikege appeared
[fisizupezur:  06.12.2021, 14:06:07] --> mofobetikege appeared
[fisizupezur:  06.12.2021, 14:06:31] --> mofobetikege appeared
[fisizupezur:  06.12.2021, 14:06:41] --> mofobetikege appeared
[fisizupezur:  06.12.2021, 14:07:06] --> mofobetikege appeared
[fisizupezur:  06.12.2021, 14:07:42] --> mofobetikege appeared
[fisizupezur:  06.12.2021, 14:43:42] --> mofobetikege appeared
[fisizupezur:  06.12.2021, 14:45:36] --> kepavavokip appeared
[fisizupezur:  06.12.2021, 14:55:59] --> mofobetikege appeared
[fisizupezur:  06.12.2021, 14:56:08] --> mofobetikege appeared
[fisizupezur:  06.12.2021, 14:56:35] --> mofobetikege appeared
[fisizupezur:  06.12.2021, 14:57:11] --> mofobetikege appeared
[fisizupezur:  06.12.2021, 14:57:35] --> mofobetikege appeared
[fisizupezur:  06.12.2021, 14:57:46] --> mofobetikege appeared
[fisizupezur:  06.12.2021, 14:58:09] --> mofobetikege appeared
[fisizupezur:  06.12.2021, 14:58:21] --> mofobetikege appeared
[fisizupezur:  06.12.2021, 14:58:46] --> mofobetikege appeared
[fisizupezur:  06.12.2021, 14:59:22] --> mofobetikege appeared
[fisizupezur:  06.12.2021, 14:59:56] --> mofobetikege appeared
[fisizupezur:  06.12.2021, 15:00:57] --> mofobetikege appeared
[fisizupezur:  06.12.2021, 15:01:32] --> mofobetikege appeared
[fisizupezur:  06.12.2021, 15:01:57] --> mofobetikege appeared
[fisizupezur:  06.12.2021, 15:04:33] --> mofobetikege appeared
[fisizupezur:  06.12.2021, 15:04:54] --> mofobetikege appeared
[fisizupezur:  06.12.2021, 15:05:30] --> mofobetikege appeared
[fisizupezur:  06.12.2021, 15:06:05] --> mofobetikege appeared
[fisizupezur:  06.12.2021, 15:06:28] --> mofobetikege appeared
[fisizupezur:  06.12.2021, 15:07:06] --> mofobetikege appeared
[fisizupezur:  06.12.2021, 15:07:41] --> mofobetikege appeared
[fisizupezur:  06.12.2021, 15:08:41] --> mofobetikege appeared
[fisizupezur:  06.12.2021, 15:09:15] --> mofobetikege appeared
[fisizupezur:  06.12.2021, 15:09:41] --> mofobetikege appeared
[fisizupezur:  06.12.2021, 15:10:17] --> mofobetikege appeared
[fisizupezur:  06.12.2021, 15:10:41] --> mofobetikege appeared
[fisizupezur:  06.12.2021, 15:10:49] --> mofobetikege appeared
[fisizupezur:  06.12.2021, 15:11:17] --> mofobetikege appeared
[fisizupezur:  06.12.2021, 15:11:51] --> mofobetikege appeared
[fisizupezur:  06.12.2021, 15:19:07] --> mofobetikege appeared
[fisizupezur:  06.12.2021, 15:19:36] --> mofobetikege appeared
[fisizupezur:  06.12.2021, 15:20:01] --> mofobetikege appeared
[fisizupezur:  06.12.2021, 15:20:35] --> mofobetikege appeared
[fisizupezur:  06.12.2021, 15:21:09] --> mofobetikege appeared
[fisizupezur:  06.12.2021, 15:21:34] --> mofobetikege appeared
[fisizupezur:  06.12.2021, 15:22:11] --> mofobetikege appeared
[fisizupezur:  06.12.2021, 15:22:34] --> mofobetikege appeared
[fisizupezur:  06.12.2021, 15:22:41] --> mofobetikege appeared
[fisizupezur:  06.12.2021, 15:25:50] --> mofobetikege appeared
[fisizupezur:  06.12.2021, 15:26:20] --> mofobetikege appeared
[fisizupezur:  06.12.2021, 15:26:54] --> mofobetikege appeared
[fisizupezur:  06.12.2021, 15:27:18] --> mofobetikege appeared
[fisizupezur:  06.12.2021, 15:27:52] --> mofobetikege appeared
[fisizupezur:  06.12.2021, 15:28:30] --> mofobetikege appeared
[fisizupezur:  06.12.2021, 15:28:53] --> mofobetikege appeared
[fisizupezur:  06.12.2021, 15:29:29] --> mofobetikege appeared
[fisizupezur:  06.12.2021, 15:30:04] --> mofobetikege appeared
[fisizupezur:  06.12.2021, 15:58:41] --> VVomen appeared
[fisizupezur:  06.12.2021, 15:58:54] --> VVomen appeared
[fisizupezur:  06.12.2021, 16:05:24] --> annilator appeared
[fisizupezur:  06.12.2021, 16:15:50] --> Bughys appeared
[fisizupezur:  06.12.2021, 16:50:26] --> Sabaody appeared
[fisizupezur:  06.12.2021, 16:51:09] --> Unschlagbar appeared
[fisizupezur:  06.12.2021, 17:04:57] --> Bot successfully started
[fisizupezur:  06.12.2021, 17:09:53] --> PEPPEDSI appeared
[fisizupezur:  06.12.2021, 17:10:17] --> Character was kicked from the bot, reason: Character was walking
[fisizupezur:  06.12.2021, 17:10:22] --> zazihabeguc appeared
[fisizupezur:  06.12.2021, 17:16:51] --> Bot successfully started
[fisizupezur:  06.12.2021, 17:17:18] --> vecomedika appeared
[fisizupezur:  06.12.2021, 17:52:04] --> zibuzepape appeared
[fisizupezur:  06.12.2021, 17:53:13] --> Changing into CH2
[fisizupezur:  06.12.2021, 17:53:19] --> zapebiberiko appeared
[fisizupezur:  07.12.2021, 10:53:54] --> Bot successfully started
[fisizupezur:  07.12.2021, 10:54:03] --> kosuvikuzos appeared
[fisizupezur:  07.12.2021, 10:55:35] --> Character was kicked from the bot, reason: Character was walking
[fisizupezur:  07.12.2021, 10:55:39] --> kufozotinu appeared
[fisizupezur:  07.12.2021, 10:55:54] --> Character was kicked from the bot, reason: Character was walking
[fisizupezur:  07.12.2021, 10:55:58] --> tikuramafi appeared
[fisizupezur:  07.12.2021, 10:58:00] --> zerekesanov appeared
[fisizupezur:  07.12.2021, 10:58:39] --> zerekesanov appeared
[fisizupezur:  07.12.2021, 11:00:02] --> Bot successfully started
[fisizupezur:  07.12.2021, 11:00:02] --> Setting 'okey 1' loaded because of active level settings
[fisizupezur:  07.12.2021, 11:00:03] --> kevutilolipa appeared
[fisizupezur:  07.12.2021, 11:00:31] --> Character was kicked from the bot, reason: Character was walking
[fisizupezur:  07.12.2021, 11:00:35] --> tYdQkNjnl appeared
[fisizupezur:  07.12.2021, 11:01:07] --> Character was kicked from the bot, reason: MapLoading Freeze
[fisizupezur:  07.12.2021, 11:01:18] --> Character was kicked from the bot, reason: Character was walking
[fisizupezur:  07.12.2021, 11:04:02] --> zibuzepape appeared
[fisizupezur:  07.12.2021, 11:04:04] --> zibuzepape appeared
[fisizupezur:  07.12.2021, 12:43:26] --> Character got kick
[fisizupezur:  07.12.2021, 16:56:15] --> Character got kick
[fisizupezur:  07.12.2021, 16:59:38] --> Bot successfully started
[fisizupezur:  07.12.2021, 16:59:38] --> Setting 'okey 1' loaded because of active level settings
[fisizupezur:  07.12.2021, 16:59:38] --> zibuzepape appeared
[fisizupezur:  07.12.2021, 18:50:36] --> Character got kick
[fisizupezur:  07.12.2021, 18:53:29] --> Bot successfully started
[fisizupezur:  07.12.2021, 18:53:29] --> Setting 'okey 1' loaded because of active level settings
[fisizupezur:  07.12.2021, 18:53:29] --> honacabaparo appeared
[fisizupezur:  07.12.2021, 20:41:35] --> Character got kick
[fisizupezur:  07.12.2021, 20:45:01] --> Bot successfully started
[fisizupezur:  07.12.2021, 20:45:01] --> Setting 'okey 1' loaded because of active level settings
[fisizupezur:  07.12.2021, 20:45:01] --> puzobowemu appeared
[fisizupezur:  07.12.2021, 21:06:09] --> Character died
[fisizupezur:  07.12.2021, 21:06:28] --> Character died
[fisizupezur:  07.12.2021, 22:19:30] --> Character died
[fisizupezur:  07.12.2021, 23:31:19] --> Character died
[fisizupezur:  07.12.2021, 23:35:02] --> Bot successfully started
[fisizupezur:  07.12.2021, 23:35:02] --> Setting 'okey 1' loaded because of active level settings
[fisizupezur:  07.12.2021, 23:35:02] --> zibuzepape appeared
[fisizupezur:  08.12.2021, 00:20:07] --> Character went to saleswoman
[fisizupezur:  08.12.2021, 00:20:10] --> Character was kicked from the bot, reason: Character was walking
[fisizupezur:  08.12.2021, 00:20:39] --> Character got kick
[fisizupezur:  08.12.2021, 00:20:48] --> Sstorto appeared
[fisizupezur:  08.12.2021, 00:21:02] --> Character was kicked from the bot, reason: Character was walking
[fisizupezur:  08.12.2021, 00:21:09] --> MINEG3 appeared
[fisizupezur:  08.12.2021, 00:21:27] --> PM recieved from V3NY : Add P2W#9999 on Discord for info @ 24/7 Online @ 5 Minute Delivery @
[fisizupezur:  08.12.2021, 00:21:34] --> Character was kicked from the bot, reason: Character was walking
[fisizupezur:  08.12.2021, 00:22:04] --> Frioni4k appeared
[fisizupezur:  08.12.2021, 00:22:13] --> Character was kicked from the bot, reason: Character was walking
[fisizupezur:  08.12.2021, 00:22:17] --> zibuzepape appeared
[fisizupezur:  08.12.2021, 00:33:53] --> Character died
[fisizupezur:  08.12.2021, 00:34:13] --> zibuzepape appeared
[fisizupezur:  08.12.2021, 00:34:13] --> Character died
[fisizupezur:  08.12.2021, 01:05:22] --> Character died
[fisizupezur:  08.12.2021, 01:05:34] --> honacabaparo appeared
[fisizupezur:  08.12.2021, 01:42:16] --> Character died
[fisizupezur:  08.12.2021, 01:45:23] --> Bot successfully started
[fisizupezur:  08.12.2021, 01:45:24] --> Setting 'okey 1' loaded because of active level settings
[fisizupezur:  08.12.2021, 01:45:24] --> puzobowemu appeared
[fisizupezur:  08.12.2021, 02:29:30] --> Character died
[fisizupezur:  08.12.2021, 02:29:46] --> Character died
[fisizupezur:  08.12.2021, 02:34:27] --> Character died
[fisizupezur:  08.12.2021, 03:08:32] --> Character went to saleswoman
[fisizupezur:  08.12.2021, 03:08:35] --> Character was kicked from the bot, reason: Character was walking
[fisizupezur:  08.12.2021, 03:08:58] --> Character was kicked from the bot, reason: Character was walking
[fisizupezur:  08.12.2021, 03:09:04] --> WonStorey appeared
[fisizupezur:  08.12.2021, 03:09:11] --> PM recieved from V3NY : Add P2W#9999 on Discord for info @ 24/7 Online @ 5 Minute Delivery @
[fisizupezur:  08.12.2021, 03:09:29] --> Character was kicked from the bot, reason: Character was walking
[fisizupezur:  08.12.2021, 03:09:59] --> tafenirikeki appeared
[fisizupezur:  08.12.2021, 08:19:14] --> Bot successfully started
[fisizupezur:  08.12.2021, 08:22:14] --> hezehudelero appeared
[fisizupezur:  08.12.2021, 08:23:07] --> Bot successfully started
[fisizupezur:  08.12.2021, 08:23:07] --> zerokigobafu appeared
[fisizupezur:  08.12.2021, 08:23:15] --> lugiviboti appeared
[fisizupezur:  08.12.2021, 08:23:33] --> nowimebekoku appeared
[fisizupezur:  08.12.2021, 08:23:55] --> lugiviboti appeared
[fisizupezur:  08.12.2021, 08:24:08] --> nelurupora appeared
[fisizupezur:  08.12.2021, 08:24:18] --> nowimebekoku appeared
[fisizupezur:  08.12.2021, 08:24:31] --> zuzawuviri appeared
[fisizupezur:  08.12.2021, 08:24:57] --> zerokigobafu appeared
[fisizupezur:  08.12.2021, 08:25:15] --> lugiviboti appeared
[fisizupezur:  08.12.2021, 08:25:57] --> lugiviboti appeared
[fisizupezur:  08.12.2021, 08:26:11] --> zerokigobafu appeared
[fisizupezur:  08.12.2021, 08:26:36] --> lugiviboti appeared
[fisizupezur:  08.12.2021, 08:26:50] --> zerokigobafu appeared
[fisizupezur:  08.12.2021, 08:27:25] --> Character was kicked from the bot, reason: Character was walking
[fisizupezur:  08.12.2021, 08:27:28] --> kaliseporeva appeared
[fisizupezur:  08.12.2021, 08:49:27] --> Changing into CH2
[fisizupezur:  08.12.2021, 08:55:34] --> Character was kicked from the bot, reason: Character was walking
[fisizupezur:  08.12.2021, 08:56:00] --> boleto54 appeared
