[vezabezatili: 26.11.2021, 19:24:27] --> Bot successfully started
[vezabezatili: 26.11.2021, 19:24:27] --> cl0ud010 appeared
[vezabezatili: 26.11.2021, 19:31:59] --> Changing into CH9
[vezabezatili: 26.11.2021, 19:34:43] --> Character was kicked from the bot, reason: Changing character
[fovatalezo:   26.11.2021, 19:38:34] --> Character was kicked from the bot, reason: Changing character
[vezabezatili: 26.11.2021, 19:42:27] --> Character was kicked from the bot, reason: Changing character
[kilipovikuto: 26.11.2021, 19:46:39] --> Character was kicked from the bot, reason: Changing character
[hofukaraki:   26.11.2021, 19:50:24] --> Character was kicked from the bot, reason: Changing character
[fovatalezo:   26.11.2021, 20:04:47] --> Bot successfully started
[fovatalezo:   26.11.2021, 20:04:47] --> Setting '1' loaded because of active level settings
[fovatalezo:   26.11.2021, 20:04:47] --> DamaNerAX appeared
[fovatalezo:   26.11.2021, 20:04:51] --> PM recieved from ZteS : Add P2W#9999 on Discord for info @ 24/7 Online @ 5 Minute Delivery @
[fovatalezo:   26.11.2021, 20:04:54] --> Character went to saleswoman
[fovatalezo:   26.11.2021, 20:04:57] --> Character was kicked from the bot, reason: Character was walking
[fovatalezo:   26.11.2021, 20:05:22] --> PM recieved from ZteS : 88 Won - 50 ÊUR
[fovatalezo:   26.11.2021, 20:05:23] --> PM recieved from ZteS : 40 Won - 25 ÊUR
[fovatalezo:   26.11.2021, 20:05:24] --> PM recieved from ZteS : Add P2W#9999 on Discord for info @ 24/7 Online @ 5 Minute Delivery @
[fovatalezo:   26.11.2021, 20:05:31] --> Character was kicked from the bot, reason: Character was walking
[fovatalezo:   26.11.2021, 20:05:44] --> Character leveled up to level 4
[fovatalezo:   26.11.2021, 20:05:45] --> Character leveled up to level 7
[fovatalezo:   26.11.2021, 20:05:46] --> Character leveled up to level 8
[fovatalezo:   26.11.2021, 20:05:48] --> Character leveled up to level 9
[fovatalezo:   26.11.2021, 20:05:50] --> Character leveled up to level 10
[fovatalezo:   26.11.2021, 20:05:52] --> Character leveled up to level 11
[fovatalezo:   26.11.2021, 20:05:58] --> Character leveled up to level 12
[fovatalezo:   26.11.2021, 20:06:03] --> Character leveled up to level 13
[fovatalezo:   26.11.2021, 20:06:19] --> Character leveled up to level 14
[fovatalezo:   26.11.2021, 20:06:48] --> Character leveled up to level 15
[fovatalezo:   26.11.2021, 20:06:48] --> Setting '2' loaded because of active level settings
[fovatalezo:   26.11.2021, 20:07:01] --> Character was kicked from the bot, reason: Character was walking
[fovatalezo:   26.11.2021, 20:07:05] --> DonnaIlaria appeared
[fovatalezo:   26.11.2021, 20:07:25] --> Character was kicked from the bot, reason: Character was walking
[fovatalezo:   26.11.2021, 20:07:29] --> wefofazupu appeared
[fovatalezo:   26.11.2021, 20:09:36] --> Character leveled up to level 16
[fovatalezo:   26.11.2021, 20:10:23] --> Character leveled up to level 17
[fovatalezo:   26.11.2021, 20:10:35] --> micumivozuni appeared
[fovatalezo:   26.11.2021, 20:12:44] --> micumivozuni appeared
[fovatalezo:   26.11.2021, 20:12:44] --> Character leveled up to level 18
[fovatalezo:   26.11.2021, 20:13:50] --> micumivozuni appeared
[fovatalezo:   26.11.2021, 20:14:26] --> Character leveled up to level 19
[fovatalezo:   26.11.2021, 20:16:31] --> micumivozuni appeared
[fovatalezo:   26.11.2021, 20:16:32] --> Character leveled up to level 20
[fovatalezo:   26.11.2021, 20:18:18] --> Character leveled up to level 21
[fovatalezo:   26.11.2021, 20:18:40] --> micumivozuni appeared
[fovatalezo:   26.11.2021, 20:19:44] --> runesizifa appeared
[fovatalezo:   26.11.2021, 20:20:11] --> Character leveled up to level 22
[fovatalezo:   26.11.2021, 20:20:49] --> micumivozuni appeared
[fovatalezo:   26.11.2021, 20:22:50] --> Character leveled up to level 23
[fovatalezo:   26.11.2021, 20:22:59] --> zigagitafofi appeared
[fovatalezo:   26.11.2021, 20:23:32] --> todozipegi appeared
[fovatalezo:   26.11.2021, 20:24:07] --> zefewevanit appeared
[fovatalezo:   26.11.2021, 20:24:38] --> runesizifa appeared
[fovatalezo:   26.11.2021, 20:25:07] --> Character leveled up to level 24
[fovatalezo:   26.11.2021, 20:25:08] --> fuzicilovug appeared
[fovatalezo:   26.11.2021, 20:25:38] --> zovekeramol appeared
[fovatalezo:   26.11.2021, 20:25:39] --> zovekeramol appeared
[fovatalezo:   26.11.2021, 20:26:11] --> vuzikopaba appeared
[fovatalezo:   26.11.2021, 20:27:20] --> zefewevanit appeared
[fovatalezo:   26.11.2021, 20:27:24] --> Character leveled up to level 25
[fovatalezo:   26.11.2021, 20:27:45] --> zigagitafofi appeared
[fovatalezo:   26.11.2021, 20:27:49] --> zigagitafofi appeared
[fovatalezo:   26.11.2021, 20:28:27] --> Character died
[fovatalezo:   26.11.2021, 20:28:41] --> zovekeramol appeared
[fovatalezo:   26.11.2021, 20:30:13] --> Character leveled up to level 26
[fovatalezo:   26.11.2021, 20:30:22] --> vezuvecopik appeared
[fovatalezo:   26.11.2021, 20:30:54] --> rilitifeluv appeared
[fovatalezo:   26.11.2021, 20:31:27] --> zigagitafofi appeared
[fovatalezo:   26.11.2021, 20:32:53] --> Character leveled up to level 27
[fovatalezo:   26.11.2021, 20:35:15] --> rilitifeluv appeared
[fovatalezo:   26.11.2021, 20:36:52] --> rilitifeluv appeared
[fovatalezo:   26.11.2021, 20:36:59] --> Character leveled up to level 28
[fovatalezo:   26.11.2021, 20:38:30] --> rilitifeluv appeared
[fovatalezo:   26.11.2021, 20:40:54] --> Character leveled up to level 29
[fovatalezo:   26.11.2021, 20:41:12] --> rilitifeluv appeared
[fovatalezo:   26.11.2021, 20:42:17] --> rilitifeluv appeared
[fovatalezo:   26.11.2021, 20:44:52] --> Character leveled up to level 30
[fovatalezo:   26.11.2021, 20:46:05] --> rilitifeluv appeared
[fovatalezo:   26.11.2021, 20:47:08] --> rilitifeluv appeared
[fovatalezo:   26.11.2021, 20:48:16] --> rilitifeluv appeared
[fovatalezo:   26.11.2021, 20:48:24] --> Character leveled up to level 31
[fovatalezo:   26.11.2021, 20:48:25] --> Bot terminated: Character reached level 31
[vezabezatili: 26.11.2021, 20:49:35] --> Bot successfully started
[vezabezatili: 26.11.2021, 20:49:35] --> pazar252 appeared
[vezabezatili: 26.11.2021, 20:49:35] --> Setting '1' loaded because of active level settings
[vezabezatili: 26.11.2021, 20:49:39] --> PM recieved from ZteS : Add P2W#9999 on Discord for info @ 24/7 Online @ 5 Minute Delivery @
[vezabezatili: 26.11.2021, 20:49:42] --> Character went to saleswoman
[vezabezatili: 26.11.2021, 20:49:46] --> Character was kicked from the bot, reason: Character was walking
[vezabezatili: 26.11.2021, 20:50:04] --> PM recieved from ZteS : 40 Won - 25 ÊUR
[vezabezatili: 26.11.2021, 20:50:05] --> PM recieved from ZteS : Add P2W#9999 on Discord for info @ 24/7 Online @ 5 Minute Delivery @
[vezabezatili: 26.11.2021, 20:50:18] --> Character was kicked from the bot, reason: Character was walking
[vezabezatili: 26.11.2021, 20:50:31] --> Character leveled up to level 2
[vezabezatili: 26.11.2021, 20:50:32] --> Character leveled up to level 6
[vezabezatili: 26.11.2021, 20:50:33] --> Character leveled up to level 7
[vezabezatili: 26.11.2021, 20:50:34] --> Character leveled up to level 9
[vezabezatili: 26.11.2021, 20:50:37] --> Character leveled up to level 10
[vezabezatili: 26.11.2021, 20:50:39] --> Character leveled up to level 11
[vezabezatili: 26.11.2021, 20:50:41] --> Character leveled up to level 12
[vezabezatili: 26.11.2021, 20:50:46] --> Character leveled up to level 13
[vezabezatili: 26.11.2021, 20:50:56] --> Character leveled up to level 14
[vezabezatili: 26.11.2021, 20:51:06] --> Character leveled up to level 15
[vezabezatili: 26.11.2021, 20:51:06] --> Setting '2' loaded because of active level settings
[vezabezatili: 26.11.2021, 20:51:12] --> AndurielBad appeared
[vezabezatili: 26.11.2021, 20:51:19] --> Character was kicked from the bot, reason: Character was walking
[vezabezatili: 26.11.2021, 20:51:29] --> numodaborabi appeared
[vezabezatili: 26.11.2021, 20:51:43] --> PoliBrav appeared
[vezabezatili: 26.11.2021, 20:51:45] --> Character was kicked from the bot, reason: Character was walking
[vezabezatili: 26.11.2021, 20:52:15] --> potoruzekupe appeared
[vezabezatili: 26.11.2021, 20:53:18] --> rilitifeluv appeared
[vezabezatili: 26.11.2021, 20:53:54] --> Character leveled up to level 16
[vezabezatili: 26.11.2021, 20:54:23] --> rilitifeluv appeared
[vezabezatili: 26.11.2021, 20:55:08] --> Character leveled up to level 17
[vezabezatili: 26.11.2021, 20:55:28] --> rilitifeluv appeared
[vezabezatili: 26.11.2021, 20:56:38] --> Character leveled up to level 18
[vezabezatili: 26.11.2021, 20:58:08] --> rilitifeluv appeared
[vezabezatili: 26.11.2021, 20:58:15] --> Character leveled up to level 19
[vezabezatili: 26.11.2021, 20:59:51] --> Character leveled up to level 20
[vezabezatili: 26.11.2021, 21:00:18] --> rilitifeluv appeared
[vezabezatili: 26.11.2021, 21:01:23] --> rilitifeluv appeared
[vezabezatili: 26.11.2021, 21:01:42] --> Character leveled up to level 21
[vezabezatili: 26.11.2021, 21:03:32] --> rilitifeluv appeared
[vezabezatili: 26.11.2021, 21:04:08] --> Character leveled up to level 22
[vezabezatili: 26.11.2021, 21:05:40] --> rilitifeluv appeared
[vezabezatili: 26.11.2021, 21:06:12] --> rilitifeluv appeared
[vezabezatili: 26.11.2021, 21:06:52] --> Character leveled up to level 23
[vezabezatili: 26.11.2021, 21:09:27] --> rilitifeluv appeared
[vezabezatili: 26.11.2021, 21:09:30] --> Character leveled up to level 24
[vezabezatili: 26.11.2021, 21:12:19] --> Character leveled up to level 25
[vezabezatili: 26.11.2021, 21:14:59] --> Character leveled up to level 26
[vezabezatili: 26.11.2021, 21:17:31] --> rilitifeluv appeared
[vezabezatili: 26.11.2021, 21:18:09] --> Character leveled up to level 27
[vezabezatili: 26.11.2021, 21:18:36] --> vuzikopaba appeared
[vezabezatili: 26.11.2021, 21:18:40] --> Character died
[vezabezatili: 26.11.2021, 21:18:53] --> Character died
[vezabezatili: 26.11.2021, 21:19:33] --> wefofazupu appeared
[vezabezatili: 26.11.2021, 21:20:03] --> fuzicilovug appeared
[vezabezatili: 26.11.2021, 21:21:48] --> Character leveled up to level 28
[vezabezatili: 26.11.2021, 21:22:09] --> vuzikopaba appeared
[vezabezatili: 26.11.2021, 21:23:33] --> fuzicilovug appeared
[vezabezatili: 26.11.2021, 21:24:19] --> runesizifa appeared
[vezabezatili: 26.11.2021, 21:24:53] --> rilitifeluv appeared
[vezabezatili: 26.11.2021, 21:25:38] --> Character leveled up to level 29
[vezabezatili: 26.11.2021, 21:25:57] --> zigagitafofi appeared
[vezabezatili: 26.11.2021, 21:27:03] --> rilitifeluv appeared
[vezabezatili: 26.11.2021, 21:28:08] --> wefofazupu appeared
[vezabezatili: 26.11.2021, 21:30:26] --> Character leveled up to level 30
[vezabezatili: 26.11.2021, 21:30:51] --> rilitifeluv appeared
[vezabezatili: 26.11.2021, 21:31:56] --> zovekeramol appeared
[vezabezatili: 26.11.2021, 21:34:07] --> potoruzekupe appeared
[vezabezatili: 26.11.2021, 21:35:11] --> fuzicilovug appeared
[vezabezatili: 26.11.2021, 21:35:22] --> Character leveled up to level 31
[vezabezatili: 26.11.2021, 21:35:24] --> Bot terminated: Character reached level 31
[kilipovikuto: 26.11.2021, 21:36:28] --> Bot successfully started
[kilipovikuto: 26.11.2021, 21:36:28] --> pazar252 appeared
[kilipovikuto: 26.11.2021, 21:36:28] --> Setting '1' loaded because of active level settings
[kilipovikuto: 26.11.2021, 21:36:32] --> PM recieved from ZteS : Add P2W#9999 on Discord for info @ 24/7 Online @ 5 Minute Delivery @
[kilipovikuto: 26.11.2021, 21:36:35] --> Character went to saleswoman
[kilipovikuto: 26.11.2021, 21:36:38] --> Character was kicked from the bot, reason: Character was walking
[kilipovikuto: 26.11.2021, 21:37:08] --> PM recieved from ZteS : 40 Won - 25 ÊUR
[kilipovikuto: 26.11.2021, 21:37:10] --> Character was kicked from the bot, reason: Character was walking
[kilipovikuto: 26.11.2021, 21:37:20] --> PM recieved from ZteS : Add P2W#9999 on Discord for info @ 24/7 Online @ 5 Minute Delivery @
[kilipovikuto: 26.11.2021, 21:37:22] --> Character leveled up to level 2
[kilipovikuto: 26.11.2021, 21:37:23] --> Character leveled up to level 5
[kilipovikuto: 26.11.2021, 21:37:24] --> Character leveled up to level 7
[kilipovikuto: 26.11.2021, 21:37:25] --> Character leveled up to level 8
[kilipovikuto: 26.11.2021, 21:37:26] --> Character leveled up to level 9
[kilipovikuto: 26.11.2021, 21:37:28] --> Character leveled up to level 10
[kilipovikuto: 26.11.2021, 21:37:30] --> Character leveled up to level 11
[kilipovikuto: 26.11.2021, 21:37:33] --> Character leveled up to level 12
[kilipovikuto: 26.11.2021, 21:37:36] --> Character leveled up to level 13
[kilipovikuto: 26.11.2021, 21:37:51] --> Character leveled up to level 14
[kilipovikuto: 26.11.2021, 21:37:59] --> Character leveled up to level 15
[kilipovikuto: 26.11.2021, 21:37:59] --> Setting '2' loaded because of active level settings
[kilipovikuto: 26.11.2021, 21:38:12] --> Character was kicked from the bot, reason: Character was walking
[kilipovikuto: 26.11.2021, 21:38:16] --> AndurielBad appeared
[kilipovikuto: 26.11.2021, 21:38:37] --> Character was kicked from the bot, reason: Character was walking
[kilipovikuto: 26.11.2021, 21:38:40] --> todozipegi appeared
[kilipovikuto: 26.11.2021, 21:39:03] --> potoruzekupe appeared
[kilipovikuto: 26.11.2021, 21:39:36] --> potoruzekupe appeared
[kilipovikuto: 26.11.2021, 21:40:10] --> fuzicilovug appeared
[kilipovikuto: 26.11.2021, 21:40:11] --> Character leveled up to level 16
[kilipovikuto: 26.11.2021, 21:40:42] --> fuzicilovug appeared
[kilipovikuto: 26.11.2021, 21:41:18] --> potoruzekupe appeared
[kilipovikuto: 26.11.2021, 21:41:18] --> Character leveled up to level 17
[kilipovikuto: 26.11.2021, 21:41:42] --> Character got kick
[kilipovikuto: 26.11.2021, 21:42:02] --> Character leveled up to level 18
[kilipovikuto: 26.11.2021, 21:42:03] --> fuzicilovug appeared
[kilipovikuto: 26.11.2021, 21:43:10] --> Character leveled up to level 19
[kilipovikuto: 26.11.2021, 21:44:45] --> Character leveled up to level 20
[kilipovikuto: 26.11.2021, 21:45:49] --> todozipegi appeared
[kilipovikuto: 26.11.2021, 21:46:53] --> Character leveled up to level 21
[kilipovikuto: 26.11.2021, 21:46:55] --> vezuvecopik appeared
[kilipovikuto: 26.11.2021, 21:48:46] --> Character leveled up to level 22
[kilipovikuto: 26.11.2021, 21:50:39] --> Character leveled up to level 23
[kilipovikuto: 26.11.2021, 21:52:16] --> kuzukepupi appeared
[kilipovikuto: 26.11.2021, 21:52:45] --> Character leveled up to level 24
[kilipovikuto: 26.11.2021, 21:54:26] --> kuzukepupi appeared
[kilipovikuto: 26.11.2021, 21:55:30] --> Character leveled up to level 25
[kilipovikuto: 26.11.2021, 21:56:34] --> fuzicilovug appeared
[kilipovikuto: 26.11.2021, 21:57:40] --> kuzukepupi appeared
[kilipovikuto: 26.11.2021, 21:58:38] --> Character leveled up to level 26
[kilipovikuto: 26.11.2021, 21:59:50] --> kuzukepupi appeared
[kilipovikuto: 26.11.2021, 22:01:29] --> kuzukepupi appeared
[kilipovikuto: 26.11.2021, 22:02:09] --> Character leveled up to level 27
[kilipovikuto: 26.11.2021, 22:06:28] --> Character leveled up to level 28
[kilipovikuto: 26.11.2021, 22:07:57] --> fuzicilovug appeared
[kilipovikuto: 26.11.2021, 22:09:03] --> vezuvecopik appeared
[kilipovikuto: 26.11.2021, 22:10:08] --> zovekeramol appeared
[kilipovikuto: 26.11.2021, 22:10:51] --> Character leveled up to level 29
[kilipovikuto: 26.11.2021, 22:13:57] --> kuzukepupi appeared
[kilipovikuto: 26.11.2021, 22:15:04] --> zovekeramol appeared
[kilipovikuto: 26.11.2021, 22:16:32] --> Character leveled up to level 30
[kilipovikuto: 26.11.2021, 22:17:48] --> kuzukepupi appeared
[kilipovikuto: 26.11.2021, 22:19:57] --> vuzikopaba appeared
[kilipovikuto: 26.11.2021, 22:21:19] --> Character leveled up to level 31
[kilipovikuto: 26.11.2021, 22:21:21] --> Bot terminated: Character reached level 31
[hofukaraki:   26.11.2021, 22:24:04] --> Bot successfully started
[hofukaraki:   26.11.2021, 22:24:05] --> pazar252 appeared
[hofukaraki:   26.11.2021, 22:24:05] --> Setting '1' loaded because of active level settings
[hofukaraki:   26.11.2021, 22:24:08] --> PM recieved from ZteS : Add P2W#9999 on Discord for info @ 24/7 Online @ 5 Minute Delivery @
[hofukaraki:   26.11.2021, 22:24:11] --> Character went to saleswoman
[hofukaraki:   26.11.2021, 22:24:15] --> Character was kicked from the bot, reason: Character was walking
[hofukaraki:   26.11.2021, 22:24:37] --> PM recieved from ZteS : 40 Won - 25 ÊUR
[hofukaraki:   26.11.2021, 22:24:39] --> PM recieved from ZteS : Add P2W#9999 on Discord for info @ 24/7 Online @ 5 Minute Delivery @
[hofukaraki:   26.11.2021, 22:24:47] --> Character was kicked from the bot, reason: Character was walking
[hofukaraki:   26.11.2021, 22:24:59] --> Character leveled up to level 3
[hofukaraki:   26.11.2021, 22:25:00] --> Character leveled up to level 7
[hofukaraki:   26.11.2021, 22:25:01] --> Character leveled up to level 8
[hofukaraki:   26.11.2021, 22:25:02] --> Character leveled up to level 9
[hofukaraki:   26.11.2021, 22:25:05] --> Character leveled up to level 10
[hofukaraki:   26.11.2021, 22:25:06] --> Character leveled up to level 11
[hofukaraki:   26.11.2021, 22:25:09] --> Character leveled up to level 12
[hofukaraki:   26.11.2021, 22:25:11] --> Character leveled up to level 13
[hofukaraki:   26.11.2021, 22:25:24] --> Character leveled up to level 14
[hofukaraki:   26.11.2021, 22:25:50] --> Character leveled up to level 15
[hofukaraki:   26.11.2021, 22:25:50] --> Setting '2' loaded because of active level settings
[hofukaraki:   26.11.2021, 22:26:02] --> Character was kicked from the bot, reason: Character was walking
[hofukaraki:   26.11.2021, 22:26:07] --> pomabikemuta appeared
[hofukaraki:   26.11.2021, 22:26:28] --> Character was kicked from the bot, reason: Character was walking
[hofukaraki:   26.11.2021, 22:26:31] --> zovekeramol appeared
[hofukaraki:   26.11.2021, 22:26:37] --> zigagitafofi appeared
[hofukaraki:   26.11.2021, 22:27:39] --> Character leveled up to level 16
[hofukaraki:   26.11.2021, 22:28:38] --> Character leveled up to level 17
[hofukaraki:   26.11.2021, 22:29:07] --> Character leveled up to level 18
[hofukaraki:   26.11.2021, 22:30:09] --> kuzukepupi appeared
[hofukaraki:   26.11.2021, 22:30:13] --> Character leveled up to level 19
[hofukaraki:   26.11.2021, 22:31:13] --> kuzukepupi appeared
[hofukaraki:   26.11.2021, 22:31:25] --> Character leveled up to level 20
[hofukaraki:   26.11.2021, 22:32:19] --> kuzukepupi appeared
[hofukaraki:   26.11.2021, 22:33:05] --> Character leveled up to level 21
[hofukaraki:   26.11.2021, 22:33:22] --> fuzicilovug appeared
[hofukaraki:   26.11.2021, 22:34:27] --> zigagitafofi appeared
[hofukaraki:   26.11.2021, 22:35:45] --> Character leveled up to level 22
[hofukaraki:   26.11.2021, 22:36:36] --> kuzukepupi appeared
[hofukaraki:   26.11.2021, 22:37:34] --> Character leveled up to level 23
[hofukaraki:   26.11.2021, 22:37:42] --> runesizifa appeared
[hofukaraki:   26.11.2021, 22:39:49] --> Character leveled up to level 24
[hofukaraki:   26.11.2021, 22:41:28] --> todozipegi appeared
[hofukaraki:   26.11.2021, 22:41:56] --> Character leveled up to level 25
[hofukaraki:   26.11.2021, 22:42:32] --> kuzukepupi appeared
[hofukaraki:   26.11.2021, 22:43:54] --> Character leveled up to level 26
[hofukaraki:   26.11.2021, 22:46:21] --> Character leveled up to level 27
[hofukaraki:   26.11.2021, 22:47:55] --> kuzukepupi appeared
[hofukaraki:   26.11.2021, 22:48:59] --> kuzukepupi appeared
[hofukaraki:   26.11.2021, 22:49:01] --> Character leveled up to level 28
[hofukaraki:   26.11.2021, 22:51:09] --> vuzikopaba appeared
[hofukaraki:   26.11.2021, 22:51:41] --> vuzikopaba appeared
[hofukaraki:   26.11.2021, 22:52:08] --> Character leveled up to level 29
[hofukaraki:   26.11.2021, 22:53:52] --> zovekeramol appeared
[hofukaraki:   26.11.2021, 22:54:24] --> zovekeramol appeared
[hofukaraki:   26.11.2021, 22:54:55] --> zigagitafofi appeared
[hofukaraki:   26.11.2021, 22:56:00] --> vezuvecopik appeared
[hofukaraki:   26.11.2021, 22:56:04] --> Character leveled up to level 30
[hofukaraki:   26.11.2021, 22:56:37] --> Character died
[hofukaraki:   26.11.2021, 22:59:11] --> zigagitafofi appeared
[hofukaraki:   26.11.2021, 22:59:40] --> vezuvecopik appeared
[hofukaraki:   26.11.2021, 23:00:45] --> fuzicilovug appeared
[hofukaraki:   26.11.2021, 23:01:00] --> Character leveled up to level 31
[hofukaraki:   26.11.2021, 23:01:00] --> Bot terminated: Character reached level 31
[zofuveborumo: 26.11.2021, 23:02:00] --> Bot successfully started
[zofuveborumo: 26.11.2021, 23:02:00] --> DamaNerAX appeared
[zofuveborumo: 26.11.2021, 23:02:00] --> Setting '1' loaded because of active level settings
[zofuveborumo: 26.11.2021, 23:02:07] --> Character went to saleswoman
[zofuveborumo: 26.11.2021, 23:02:10] --> Character was kicked from the bot, reason: Character was walking
[zofuveborumo: 26.11.2021, 23:02:43] --> Character was kicked from the bot, reason: Character was walking
[zofuveborumo: 26.11.2021, 23:02:56] --> Character leveled up to level 4
[zofuveborumo: 26.11.2021, 23:02:57] --> Character leveled up to level 7
[zofuveborumo: 26.11.2021, 23:02:59] --> Character leveled up to level 9
[zofuveborumo: 26.11.2021, 23:03:02] --> Character leveled up to level 10
[zofuveborumo: 26.11.2021, 23:03:05] --> Character leveled up to level 11
[zofuveborumo: 26.11.2021, 23:03:07] --> Character leveled up to level 12
[zofuveborumo: 26.11.2021, 23:03:12] --> Character leveled up to level 13
[zofuveborumo: 26.11.2021, 23:03:27] --> Character leveled up to level 14
[zofuveborumo: 26.11.2021, 23:03:55] --> Character leveled up to level 15
[zofuveborumo: 26.11.2021, 23:03:55] --> Setting '2' loaded because of active level settings
[zofuveborumo: 26.11.2021, 23:04:07] --> Character was kicked from the bot, reason: Character was walking
[zofuveborumo: 26.11.2021, 23:04:32] --> Character was kicked from the bot, reason: Character was walking
[zofuveborumo: 26.11.2021, 23:04:36] --> fuzicilovug appeared
[zofuveborumo: 26.11.2021, 23:05:06] --> zovekeramol appeared
[zofuveborumo: 26.11.2021, 23:05:20] --> Character leveled up to level 16
[zofuveborumo: 26.11.2021, 23:05:34] --> potoruzekupe appeared
[zofuveborumo: 26.11.2021, 23:05:36] --> Character died
[zofuveborumo: 26.11.2021, 23:06:50] --> Character leveled up to level 17
[zofuveborumo: 26.11.2021, 23:07:02] --> zovekeramol appeared
[zofuveborumo: 26.11.2021, 23:07:24] --> Character leveled up to level 18
[zofuveborumo: 26.11.2021, 23:08:22] --> Character leveled up to level 19
[zofuveborumo: 26.11.2021, 23:08:45] --> wefofazupu appeared
[zofuveborumo: 26.11.2021, 23:08:57] --> Character leveled up to level 20
[zofuveborumo: 26.11.2021, 23:09:13] --> potoruzekupe appeared
[zofuveborumo: 26.11.2021, 23:09:47] --> potoruzekupe appeared
[zofuveborumo: 26.11.2021, 23:10:18] --> zovekeramol appeared
[zofuveborumo: 26.11.2021, 23:10:30] --> Character leveled up to level 21
[zofuveborumo: 26.11.2021, 23:10:51] --> runesizifa appeared
[zofuveborumo: 26.11.2021, 23:11:30] --> Character leveled up to level 22
[zofuveborumo: 26.11.2021, 23:11:55] --> zigagitafofi appeared
[zofuveborumo: 26.11.2021, 23:12:29] --> zovekeramol appeared
[zofuveborumo: 26.11.2021, 23:12:32] --> Character leveled up to level 23
[zofuveborumo: 26.11.2021, 23:12:59] --> fuzicilovug appeared
[zofuveborumo: 26.11.2021, 23:14:17] --> Character leveled up to level 24
[zofuveborumo: 26.11.2021, 23:14:38] --> potoruzekupe appeared
[zofuveborumo: 26.11.2021, 23:15:09] --> potoruzekupe appeared
[zofuveborumo: 26.11.2021, 23:15:40] --> zovekeramol appeared
[zofuveborumo: 26.11.2021, 23:16:03] --> Character leveled up to level 25
[zofuveborumo: 26.11.2021, 23:16:46] --> todozipegi appeared
[zofuveborumo: 26.11.2021, 23:17:53] --> zovekeramol appeared
[zofuveborumo: 26.11.2021, 23:18:00] --> Character leveled up to level 26
[zofuveborumo: 26.11.2021, 23:19:29] --> runesizifa appeared
[zofuveborumo: 26.11.2021, 23:20:01] --> runesizifa appeared
[zofuveborumo: 26.11.2021, 23:20:34] --> vezuvecopik appeared
[zofuveborumo: 26.11.2021, 23:20:34] --> Character leveled up to level 27
[zofuveborumo: 26.11.2021, 23:22:41] --> momezicole appeared
[zofuveborumo: 26.11.2021, 23:23:14] --> runesizifa appeared
[zofuveborumo: 26.11.2021, 23:23:46] --> runesizifa appeared
[zofuveborumo: 26.11.2021, 23:23:55] --> Character leveled up to level 28
[zofuveborumo: 26.11.2021, 23:24:17] --> fuzicilovug appeared
[zofuveborumo: 26.11.2021, 23:24:51] --> vezuvecopik appeared
[zofuveborumo: 26.11.2021, 23:25:29] --> fuzicilovug appeared
[zofuveborumo: 26.11.2021, 23:26:27] --> zovekeramol appeared
[zofuveborumo: 26.11.2021, 23:28:07] --> Character leveled up to level 29
[zofuveborumo: 26.11.2021, 23:29:09] --> momezicole appeared
[zofuveborumo: 26.11.2021, 23:29:43] --> fuzicilovug appeared
[zofuveborumo: 26.11.2021, 23:30:15] --> momezicole appeared
[zofuveborumo: 26.11.2021, 23:30:20] --> momezicole appeared
[zofuveborumo: 26.11.2021, 23:30:47] --> momezicole appeared
[zofuveborumo: 26.11.2021, 23:31:53] --> zigagitafofi appeared
[zofuveborumo: 26.11.2021, 23:32:33] --> Character leveled up to level 30
[zofuveborumo: 26.11.2021, 23:32:59] --> potoruzekupe appeared
[zofuveborumo: 26.11.2021, 23:34:05] --> zovekeramol appeared
[zofuveborumo: 26.11.2021, 23:35:10] --> fuzicilovug appeared
[zofuveborumo: 26.11.2021, 23:35:45] --> momezicole appeared
[zofuveborumo: 26.11.2021, 23:36:18] --> momezicole appeared
[zofuveborumo: 26.11.2021, 23:36:50] --> momezicole appeared
[zofuveborumo: 26.11.2021, 23:36:52] --> Character leveled up to level 31
[zofuveborumo: 26.11.2021, 23:36:53] --> Bot terminated: Character reached level 31
[fovatalezo:   27.11.2021, 06:08:03] --> Bot successfully started
[fovatalezo:   27.11.2021, 06:08:04] --> runesizifa appeared
[fovatalezo:   27.11.2021, 06:08:09] --> Time passed, now going to talk to alchemist: fovatalezo
[fovatalezo:   27.11.2021, 06:08:09] --> Character went to Alchemist: fovatalezo
[fovatalezo:   27.11.2021, 06:08:13] --> Character was kicked from the bot, reason: Character was walking
[fovatalezo:   27.11.2021, 06:08:34] --> Character was kicked from the bot, reason: Character was walking
[fovatalezo:   27.11.2021, 06:08:57] --> Character was kicked from the bot, reason: Character was walking
[fovatalezo:   27.11.2021, 06:09:33] --> sukoluzipom appeared
[fovatalezo:   27.11.2021, 06:09:37] --> sukoluzipom appeared
[fovatalezo:   27.11.2021, 06:10:05] --> rogokakaneke appeared
[fovatalezo:   27.11.2021, 06:11:48] --> rogokakaneke appeared
[fovatalezo:   27.11.2021, 06:12:26] --> rogokakaneke appeared
[fovatalezo:   27.11.2021, 06:12:43] --> rogokakaneke appeared
[fovatalezo:   27.11.2021, 06:13:14] --> rogokakaneke appeared
[fovatalezo:   27.11.2021, 06:13:27] --> sukoluzipom appeared
[fovatalezo:   27.11.2021, 06:14:11] --> 10 shards collected, now going to talk to alchemist: fovatalezo
[fovatalezo:   27.11.2021, 06:14:11] --> Character went to Alchemist: fovatalezo
[fovatalezo:   27.11.2021, 06:14:35] --> Character was kicked from the bot, reason: Character was walking
[fovatalezo:   27.11.2021, 06:14:40] --> rogokakaneke appeared
[fovatalezo:   27.11.2021, 06:14:58] --> Character was kicked from the bot, reason: Character was walking
[fovatalezo:   27.11.2021, 06:15:07] --> rogokakaneke appeared
[fovatalezo:   27.11.2021, 06:15:38] --> sukoluzipom appeared
[fovatalezo:   27.11.2021, 06:16:15] --> Character leveled up to level 32
[fovatalezo:   27.11.2021, 06:16:16] --> rogokakaneke appeared
[fovatalezo:   27.11.2021, 06:16:49] --> rogokakaneke appeared
[fovatalezo:   27.11.2021, 06:17:06] --> sukoluzipom appeared
[fovatalezo:   27.11.2021, 06:17:27] --> rogokakaneke appeared
[fovatalezo:   27.11.2021, 06:17:46] --> rogokakaneke appeared
[fovatalezo:   27.11.2021, 06:18:04] --> rogokakaneke appeared
[fovatalezo:   27.11.2021, 06:18:30] --> rogokakaneke appeared
[fovatalezo:   27.11.2021, 06:18:43] --> rogokakaneke appeared
[fovatalezo:   27.11.2021, 06:19:17] --> rogokakaneke appeared
[fovatalezo:   27.11.2021, 06:20:16] --> rogokakaneke appeared
[fovatalezo:   27.11.2021, 06:20:28] --> rogokakaneke appeared
[fovatalezo:   27.11.2021, 06:21:29] --> rogokakaneke appeared
[fovatalezo:   27.11.2021, 06:21:36] --> rogokakaneke appeared
[fovatalezo:   27.11.2021, 06:21:41] --> rogokakaneke appeared
[fovatalezo:   27.11.2021, 06:22:03] --> rogokakaneke appeared
[fovatalezo:   27.11.2021, 06:22:25] --> rogokakaneke appeared
[fovatalezo:   27.11.2021, 06:22:45] --> rogokakaneke appeared
[fovatalezo:   27.11.2021, 06:23:23] --> rogokakaneke appeared
[fovatalezo:   27.11.2021, 06:23:47] --> rogokakaneke appeared
[fovatalezo:   27.11.2021, 06:24:28] --> Character leveled up to level 33
[fovatalezo:   27.11.2021, 06:24:39] --> rogokakaneke appeared
[fovatalezo:   27.11.2021, 06:25:38] --> rogokakaneke appeared
[fovatalezo:   27.11.2021, 06:27:11] --> rogokakaneke appeared
[fovatalezo:   27.11.2021, 06:27:57] --> rogokakaneke appeared
[fovatalezo:   27.11.2021, 06:28:14] --> rogokakaneke appeared
[fovatalezo:   27.11.2021, 06:28:47] --> rogokakaneke appeared
[fovatalezo:   27.11.2021, 06:28:54] --> rogokakaneke appeared
[fovatalezo:   27.11.2021, 06:29:20] --> rogokakaneke appeared
[fovatalezo:   27.11.2021, 06:29:26] --> rogokakaneke appeared
[fovatalezo:   27.11.2021, 06:29:42] --> rogokakaneke appeared
[fovatalezo:   27.11.2021, 06:29:55] --> rogokakaneke appeared
[fovatalezo:   27.11.2021, 06:30:03] --> rogokakaneke appeared
[fovatalezo:   27.11.2021, 06:30:32] --> rogokakaneke appeared
[fovatalezo:   27.11.2021, 06:31:51] --> rogokakaneke appeared
[fovatalezo:   27.11.2021, 06:32:13] --> rogokakaneke appeared
[fovatalezo:   27.11.2021, 06:32:53] --> rogokakaneke appeared
[fovatalezo:   27.11.2021, 06:33:14] --> rogokakaneke appeared
[fovatalezo:   27.11.2021, 06:33:23] --> Character leveled up to level 34
[fovatalezo:   27.11.2021, 06:33:41] --> rogokakaneke appeared
[fovatalezo:   27.11.2021, 06:34:03] --> rogokakaneke appeared
[fovatalezo:   27.11.2021, 06:34:29] --> rogokakaneke appeared
[fovatalezo:   27.11.2021, 06:35:05] --> rogokakaneke appeared
[fovatalezo:   27.11.2021, 06:35:29] --> rogokakaneke appeared
[fovatalezo:   27.11.2021, 06:35:58] --> rogokakaneke appeared
[fovatalezo:   27.11.2021, 06:36:20] --> rogokakaneke appeared
[fovatalezo:   27.11.2021, 06:36:38] --> rogokakaneke appeared
[fovatalezo:   27.11.2021, 06:36:57] --> rogokakaneke appeared
[fovatalezo:   27.11.2021, 06:37:17] --> rogokakaneke appeared
[fovatalezo:   27.11.2021, 06:37:42] --> rogokakaneke appeared
[fovatalezo:   27.11.2021, 06:37:57] --> rogokakaneke appeared
[fovatalezo:   27.11.2021, 06:38:31] --> rogokakaneke appeared
[fovatalezo:   27.11.2021, 06:39:02] --> rogokakaneke appeared
[fovatalezo:   27.11.2021, 06:41:41] --> Character leveled up to level 35
[fovatalezo:   27.11.2021, 06:41:55] --> rogokakaneke appeared
[fovatalezo:   27.11.2021, 06:42:00] --> Char changed: 5 dragon cors collected, total cor count: 5
[fovatalezo:   27.11.2021, 06:42:00] --> Character was kicked from the bot, reason: Changing character
[vezabezatili: 27.11.2021, 06:42:37] --> Time passed, now going to talk to alchemist: vezabezatili
[vezabezatili: 27.11.2021, 06:42:37] --> Character went to Alchemist: vezabezatili
[vezabezatili: 27.11.2021, 06:42:40] --> Character was kicked from the bot, reason: Character was walking
[vezabezatili: 27.11.2021, 06:43:02] --> Character was kicked from the bot, reason: Character was walking
[vezabezatili: 27.11.2021, 06:43:26] --> Character was kicked from the bot, reason: Character was walking
[vezabezatili: 27.11.2021, 06:43:53] --> kusobusuki appeared
[vezabezatili: 27.11.2021, 06:44:05] --> zacikuhavu appeared
[vezabezatili: 27.11.2021, 06:44:42] --> kusobusuki appeared
[vezabezatili: 27.11.2021, 06:45:03] --> kusobusuki appeared
[vezabezatili: 27.11.2021, 06:45:33] --> kusobusuki appeared
[vezabezatili: 27.11.2021, 06:45:53] --> kusobusuki appeared
[vezabezatili: 27.11.2021, 06:46:13] --> kusobusuki appeared
[vezabezatili: 27.11.2021, 06:46:31] --> kusobusuki appeared
[vezabezatili: 27.11.2021, 06:46:51] --> kusobusuki appeared
[vezabezatili: 27.11.2021, 06:47:22] --> kusobusuki appeared
[vezabezatili: 27.11.2021, 06:47:50] --> zacikuhavu appeared
[vezabezatili: 27.11.2021, 06:48:35] --> kusobusuki appeared
[vezabezatili: 27.11.2021, 06:49:23] --> kusobusuki appeared
[vezabezatili: 27.11.2021, 06:49:38] --> kusobusuki appeared
[vezabezatili: 27.11.2021, 06:50:11] --> kusobusuki appeared
[vezabezatili: 27.11.2021, 06:51:31] --> zacikuhavu appeared
[vezabezatili: 27.11.2021, 06:51:40] --> Character leveled up to level 32
[vezabezatili: 27.11.2021, 06:51:47] --> 10 shards collected, now going to talk to alchemist: vezabezatili
[vezabezatili: 27.11.2021, 06:51:47] --> Character went to Alchemist: vezabezatili
[vezabezatili: 27.11.2021, 06:51:47] --> kusobusuki appeared
[vezabezatili: 27.11.2021, 06:51:52] --> kusobusuki appeared
[vezabezatili: 27.11.2021, 06:52:07] --> Character got kick
[vezabezatili: 27.11.2021, 06:52:56] --> Character was kicked from the bot, reason: Character was walking
[vezabezatili: 27.11.2021, 06:53:18] --> Character was kicked from the bot, reason: Character was walking
[vezabezatili: 27.11.2021, 06:54:07] --> kusobusuki appeared
[vezabezatili: 27.11.2021, 06:54:34] --> kusobusuki appeared
[vezabezatili: 27.11.2021, 06:54:42] --> kusobusuki appeared
[vezabezatili: 27.11.2021, 06:56:18] --> kusobusuki appeared
[vezabezatili: 27.11.2021, 06:57:20] --> kusobusuki appeared
[vezabezatili: 27.11.2021, 06:58:30] --> kusobusuki appeared
[vezabezatili: 27.11.2021, 06:58:37] --> kusobusuki appeared
[vezabezatili: 27.11.2021, 07:00:03] --> Bot successfully started
[vezabezatili: 27.11.2021, 07:00:03] --> kusobusuki appeared
[vezabezatili: 27.11.2021, 07:00:48] --> kusobusuki appeared
[vezabezatili: 27.11.2021, 07:00:53] --> kusobusuki appeared
[vezabezatili: 27.11.2021, 07:01:12] --> kusobusuki appeared
[vezabezatili: 27.11.2021, 07:01:21] --> kusobusuki appeared
[vezabezatili: 27.11.2021, 07:01:24] --> Character leveled up to level 33
[vezabezatili: 27.11.2021, 07:01:50] --> kusobusuki appeared
[vezabezatili: 27.11.2021, 07:03:03] --> kusobusuki appeared
[vezabezatili: 27.11.2021, 07:03:08] --> kusobusuki appeared
[vezabezatili: 27.11.2021, 07:03:32] --> kusobusuki appeared
[vezabezatili: 27.11.2021, 07:04:02] --> kusobusuki appeared
[vezabezatili: 27.11.2021, 07:04:11] --> kusobusuki appeared
[vezabezatili: 27.11.2021, 07:04:29] --> kusobusuki appeared
[vezabezatili: 27.11.2021, 07:04:34] --> kusobusuki appeared
[vezabezatili: 27.11.2021, 07:04:58] --> kusobusuki appeared
[vezabezatili: 27.11.2021, 07:05:22] --> kusobusuki appeared
[vezabezatili: 27.11.2021, 07:05:45] --> kusobusuki appeared
[vezabezatili: 27.11.2021, 07:06:10] --> kusobusuki appeared
[vezabezatili: 27.11.2021, 07:06:30] --> kusobusuki appeared
[vezabezatili: 27.11.2021, 07:06:55] --> kusobusuki appeared
[vezabezatili: 27.11.2021, 07:07:08] --> kusobusuki appeared
[vezabezatili: 27.11.2021, 07:07:44] --> kusobusuki appeared
[vezabezatili: 27.11.2021, 07:07:53] --> kusobusuki appeared
[vezabezatili: 27.11.2021, 07:08:41] --> kusobusuki appeared
[vezabezatili: 27.11.2021, 07:09:52] --> Character leveled up to level 34
[vezabezatili: 27.11.2021, 07:10:16] --> kusobusuki appeared
[vezabezatili: 27.11.2021, 07:11:19] --> kusobusuki appeared
[vezabezatili: 27.11.2021, 07:11:42] --> kusobusuki appeared
[vezabezatili: 27.11.2021, 07:11:51] --> kusobusuki appeared
[vezabezatili: 27.11.2021, 07:11:57] --> kusobusuki appeared
[vezabezatili: 27.11.2021, 07:12:12] --> vabalokibo appeared
[vezabezatili: 27.11.2021, 07:14:16] --> vabalokibo appeared
[vezabezatili: 27.11.2021, 07:14:35] --> vabalokibo appeared
[vezabezatili: 27.11.2021, 07:14:55] --> vabalokibo appeared
[vezabezatili: 27.11.2021, 07:15:19] --> vabalokibo appeared
[vezabezatili: 27.11.2021, 07:15:43] --> borekezewoz appeared
[vezabezatili: 27.11.2021, 07:15:57] --> borekezewoz appeared
[vezabezatili: 27.11.2021, 07:16:07] --> vabalokibo appeared
[vezabezatili: 27.11.2021, 07:17:05] --> vabalokibo appeared
[vezabezatili: 27.11.2021, 07:17:18] --> vabalokibo appeared
[vezabezatili: 27.11.2021, 07:17:28] --> vabalokibo appeared
[vezabezatili: 27.11.2021, 07:17:47] --> vabalokibo appeared
[vezabezatili: 27.11.2021, 07:18:21] --> vabalokibo appeared
[vezabezatili: 27.11.2021, 07:18:31] --> vabalokibo appeared
[vezabezatili: 27.11.2021, 07:19:10] --> vabalokibo appeared
[vezabezatili: 27.11.2021, 07:19:34] --> Character leveled up to level 35
[vezabezatili: 27.11.2021, 07:19:50] --> vabalokibo appeared
[vezabezatili: 27.11.2021, 07:20:56] --> Char changed: 5 dragon cors collected, total cor count: 5
[vezabezatili: 27.11.2021, 07:20:57] --> Character was kicked from the bot, reason: Changing character
[vezabezatili: 27.11.2021, 07:21:28] --> Character died
[kilipovikuto: 27.11.2021, 07:21:28] --> momezicole appeared
[kilipovikuto: 27.11.2021, 07:21:33] --> Time passed, now going to talk to alchemist: kilipovikuto
[kilipovikuto: 27.11.2021, 07:21:33] --> Character went to Alchemist: kilipovikuto
[kilipovikuto: 27.11.2021, 07:21:37] --> Character was kicked from the bot, reason: Character was walking
[kilipovikuto: 27.11.2021, 07:21:43] --> mabibibopec appeared
[kilipovikuto: 27.11.2021, 07:21:54] --> mabibibopec appeared
[kilipovikuto: 27.11.2021, 07:21:58] --> Character was kicked from the bot, reason: Character was walking
[kilipovikuto: 27.11.2021, 07:22:05] --> mabibibopec appeared
[kilipovikuto: 27.11.2021, 07:22:21] --> Character was kicked from the bot, reason: Character was walking
[kilipovikuto: 27.11.2021, 07:23:20] --> vabalokibo appeared
[kilipovikuto: 27.11.2021, 07:23:26] --> vabalokibo appeared
[kilipovikuto: 27.11.2021, 07:23:45] --> vabalokibo appeared
[kilipovikuto: 27.11.2021, 07:23:51] --> borekezewoz appeared
[kilipovikuto: 27.11.2021, 07:24:22] --> vabalokibo appeared
[kilipovikuto: 27.11.2021, 07:25:19] --> vabalokibo appeared
[kilipovikuto: 27.11.2021, 07:25:44] --> vabalokibo appeared
[kilipovikuto: 27.11.2021, 07:25:55] --> borekezewoz appeared
[kilipovikuto: 27.11.2021, 07:27:27] --> borekezewoz appeared
[kilipovikuto: 27.11.2021, 07:27:34] --> 10 shards collected, now going to talk to alchemist: kilipovikuto
[kilipovikuto: 27.11.2021, 07:27:34] --> Character went to Alchemist: kilipovikuto
[kilipovikuto: 27.11.2021, 07:28:18] --> Character was kicked from the bot, reason: Character was walking
[kilipovikuto: 27.11.2021, 07:28:40] --> Character was kicked from the bot, reason: Character was walking
[kilipovikuto: 27.11.2021, 07:29:40] --> borekezewoz appeared
[kilipovikuto: 27.11.2021, 07:29:41] --> Character leveled up to level 32
[kilipovikuto: 27.11.2021, 07:29:46] --> borekezewoz appeared
[kilipovikuto: 27.11.2021, 07:30:25] --> vabalokibo appeared
[kilipovikuto: 27.11.2021, 07:31:10] --> borekezewoz appeared
[kilipovikuto: 27.11.2021, 07:31:25] --> vabalokibo appeared
[kilipovikuto: 27.11.2021, 07:32:04] --> vabalokibo appeared
[kilipovikuto: 27.11.2021, 07:32:29] --> vabalokibo appeared
[kilipovikuto: 27.11.2021, 07:32:46] --> vabalokibo appeared
[kilipovikuto: 27.11.2021, 07:33:18] --> borekezewoz appeared
[kilipovikuto: 27.11.2021, 07:33:50] --> vabalokibo appeared
[kilipovikuto: 27.11.2021, 07:34:28] --> vabalokibo appeared
[kilipovikuto: 27.11.2021, 07:34:47] --> borekezewoz appeared
[kilipovikuto: 27.11.2021, 07:35:00] --> vabalokibo appeared
[kilipovikuto: 27.11.2021, 07:36:10] --> vabalokibo appeared
[kilipovikuto: 27.11.2021, 07:36:17] --> vabalokibo appeared
[kilipovikuto: 27.11.2021, 07:36:35] --> Character leveled up to level 33
[kilipovikuto: 27.11.2021, 07:36:40] --> vabalokibo appeared
[kilipovikuto: 27.11.2021, 07:37:10] --> vabalokibo appeared
[kilipovikuto: 27.11.2021, 07:37:19] --> vabalokibo appeared
[kilipovikuto: 27.11.2021, 07:39:42] --> rafisurukep appeared
[kilipovikuto: 27.11.2021, 07:40:12] --> rafisurukep appeared
[kilipovikuto: 27.11.2021, 07:40:36] --> rafisurukep appeared
[kilipovikuto: 27.11.2021, 07:41:00] --> rafisurukep appeared
[kilipovikuto: 27.11.2021, 07:41:40] --> rafisurukep appeared
[kilipovikuto: 27.11.2021, 07:42:00] --> rafisurukep appeared
[kilipovikuto: 27.11.2021, 07:42:52] --> rafisurukep appeared
[kilipovikuto: 27.11.2021, 07:42:54] --> Character leveled up to level 34
[kilipovikuto: 27.11.2021, 07:43:12] --> rafisurukep appeared
[kilipovikuto: 27.11.2021, 07:43:32] --> rafisurukep appeared
[kilipovikuto: 27.11.2021, 07:46:16] --> rafisurukep appeared
[kilipovikuto: 27.11.2021, 07:47:01] --> rafisurukep appeared
[kilipovikuto: 27.11.2021, 07:47:23] --> rafisurukep appeared
[kilipovikuto: 27.11.2021, 07:48:11] --> rafisurukep appeared
[kilipovikuto: 27.11.2021, 07:48:25] --> rafisurukep appeared
[kilipovikuto: 27.11.2021, 07:48:37] --> Char changed: 5 dragon cors collected, total cor count: 5
[kilipovikuto: 27.11.2021, 07:48:37] --> Character was kicked from the bot, reason: Changing character
[kilipovikuto: 27.11.2021, 07:49:08] --> Character died
[hofukaraki:   27.11.2021, 07:49:13] --> Time passed, now going to talk to alchemist: hofukaraki
[hofukaraki:   27.11.2021, 07:49:13] --> Character went to Alchemist: hofukaraki
[hofukaraki:   27.11.2021, 07:49:16] --> Character was kicked from the bot, reason: Character was walking
[hofukaraki:   27.11.2021, 07:49:23] --> shortbread2 appeared
[hofukaraki:   27.11.2021, 07:49:37] --> Character was kicked from the bot, reason: Character was walking
[hofukaraki:   27.11.2021, 07:49:44] --> loritakuti appeared
[hofukaraki:   27.11.2021, 07:50:01] --> Character was kicked from the bot, reason: Character was walking
[hofukaraki:   27.11.2021, 07:50:08] --> loritakuti appeared
[hofukaraki:   27.11.2021, 07:50:21] --> loritakuti appeared
[hofukaraki:   27.11.2021, 07:51:00] --> rafisurukep appeared
[hofukaraki:   27.11.2021, 07:51:19] --> rafisurukep appeared
[hofukaraki:   27.11.2021, 07:51:43] --> rafisurukep appeared
[hofukaraki:   27.11.2021, 07:51:57] --> rafisurukep appeared
[hofukaraki:   27.11.2021, 07:52:11] --> rafisurukep appeared
[hofukaraki:   27.11.2021, 07:52:36] --> rafisurukep appeared
[hofukaraki:   27.11.2021, 07:52:58] --> rafisurukep appeared
[hofukaraki:   27.11.2021, 07:53:23] --> rafisurukep appeared
[hofukaraki:   27.11.2021, 07:53:57] --> rafisurukep appeared
[hofukaraki:   27.11.2021, 07:54:42] --> rafisurukep appeared
[hofukaraki:   27.11.2021, 07:55:06] --> rafisurukep appeared
[hofukaraki:   27.11.2021, 07:55:12] --> rafisurukep appeared
[hofukaraki:   27.11.2021, 07:56:13] --> rafisurukep appeared
[hofukaraki:   27.11.2021, 07:57:13] --> Character leveled up to level 32
[hofukaraki:   27.11.2021, 07:57:25] --> rafisurukep appeared
[hofukaraki:   27.11.2021, 07:57:32] --> rafisurukep appeared
[hofukaraki:   27.11.2021, 07:57:57] --> rafisurukep appeared
[hofukaraki:   27.11.2021, 07:58:27] --> rafisurukep appeared
[hofukaraki:   27.11.2021, 07:58:33] --> rafisurukep appeared
[hofukaraki:   27.11.2021, 07:58:35] --> rafisurukep appeared
[hofukaraki:   27.11.2021, 07:58:49] --> rafisurukep appeared
[hofukaraki:   27.11.2021, 07:59:07] --> 10 shards collected, now going to talk to alchemist: hofukaraki
[hofukaraki:   27.11.2021, 07:59:07] --> Character went to Alchemist: hofukaraki
[hofukaraki:   27.11.2021, 07:59:10] --> Character was kicked from the bot, reason: Character was walking
[hofukaraki:   27.11.2021, 07:59:57] --> Character was kicked from the bot, reason: Character was walking
[hofukaraki:   27.11.2021, 08:00:03] --> fahekavuwi appeared
[hofukaraki:   27.11.2021, 08:00:20] --> Character was kicked from the bot, reason: Character was walking
[hofukaraki:   27.11.2021, 08:00:37] --> fahekavuwi appeared
[hofukaraki:   27.11.2021, 08:01:14] --> rafisurukep appeared
[hofukaraki:   27.11.2021, 08:01:49] --> rafisurukep appeared
[hofukaraki:   27.11.2021, 08:02:46] --> rafisurukep appeared
[hofukaraki:   27.11.2021, 08:05:02] --> Character leveled up to level 33
[hofukaraki:   27.11.2021, 08:07:13] --> biduzezuzuse appeared
[hofukaraki:   27.11.2021, 08:07:41] --> biduzezuzuse appeared
[hofukaraki:   27.11.2021, 08:07:53] --> biduzezuzuse appeared
[hofukaraki:   27.11.2021, 08:08:07] --> biduzezuzuse appeared
[hofukaraki:   27.11.2021, 08:08:14] --> biduzezuzuse appeared
[hofukaraki:   27.11.2021, 08:09:08] --> biduzezuzuse appeared
[hofukaraki:   27.11.2021, 08:09:30] --> biduzezuzuse appeared
[hofukaraki:   27.11.2021, 08:09:48] --> biduzezuzuse appeared
[hofukaraki:   27.11.2021, 08:10:06] --> biduzezuzuse appeared
[hofukaraki:   27.11.2021, 08:10:30] --> biduzezuzuse appeared
[hofukaraki:   27.11.2021, 08:11:20] --> biduzezuzuse appeared
[hofukaraki:   27.11.2021, 08:11:29] --> Character leveled up to level 34
[hofukaraki:   27.11.2021, 08:12:16] --> biduzezuzuse appeared
[hofukaraki:   27.11.2021, 08:12:26] --> biduzezuzuse appeared
[hofukaraki:   27.11.2021, 08:13:27] --> biduzezuzuse appeared
[hofukaraki:   27.11.2021, 08:13:43] --> biduzezuzuse appeared
[hofukaraki:   27.11.2021, 08:13:50] --> biduzezuzuse appeared
[hofukaraki:   27.11.2021, 08:14:16] --> biduzezuzuse appeared
[hofukaraki:   27.11.2021, 08:14:50] --> biduzezuzuse appeared
[hofukaraki:   27.11.2021, 08:15:33] --> biduzezuzuse appeared
[hofukaraki:   27.11.2021, 08:16:04] --> biduzezuzuse appeared
[hofukaraki:   27.11.2021, 08:17:07] --> biduzezuzuse appeared
[hofukaraki:   27.11.2021, 08:19:20] --> Bot successfully started
[hofukaraki:   27.11.2021, 08:19:20] --> biduzezuzuse appeared
[hofukaraki:   27.11.2021, 08:19:47] --> biduzezuzuse appeared
[hofukaraki:   27.11.2021, 08:20:14] --> biduzezuzuse appeared
[hofukaraki:   27.11.2021, 08:20:34] --> biduzezuzuse appeared
[hofukaraki:   27.11.2021, 08:20:43] --> biduzezuzuse appeared
[hofukaraki:   27.11.2021, 08:20:54] --> biduzezuzuse appeared
[hofukaraki:   27.11.2021, 08:21:11] --> biduzezuzuse appeared
[hofukaraki:   27.11.2021, 08:21:32] --> biduzezuzuse appeared
[hofukaraki:   27.11.2021, 08:21:56] --> biduzezuzuse appeared
[hofukaraki:   27.11.2021, 08:22:10] --> biduzezuzuse appeared
[hofukaraki:   27.11.2021, 08:22:44] --> biduzezuzuse appeared
[hofukaraki:   27.11.2021, 08:23:18] --> biduzezuzuse appeared
[hofukaraki:   27.11.2021, 08:23:31] --> Character leveled up to level 35
[hofukaraki:   27.11.2021, 08:24:17] --> biduzezuzuse appeared
[hofukaraki:   27.11.2021, 08:24:40] --> biduzezuzuse appeared
[hofukaraki:   27.11.2021, 08:24:56] --> biduzezuzuse appeared
[hofukaraki:   27.11.2021, 08:25:20] --> Char changed: 5 dragon cors collected, total cor count: 5
[hofukaraki:   27.11.2021, 08:25:20] --> Character was kicked from the bot, reason: Changing character
[hofukaraki:   27.11.2021, 08:25:52] --> kokovomikus appeared
[zofuveborumo: 27.11.2021, 08:25:57] --> Time passed, now going to talk to alchemist: zofuveborumo
[zofuveborumo: 27.11.2021, 08:25:57] --> Character went to Alchemist: zofuveborumo
[zofuveborumo: 27.11.2021, 08:26:23] --> Character was kicked from the bot, reason: Character was walking
[zofuveborumo: 27.11.2021, 08:26:47] --> Character was kicked from the bot, reason: Character was walking
[zofuveborumo: 27.11.2021, 08:26:52] --> sakaponunu appeared
[zofuveborumo: 27.11.2021, 08:27:05] --> sakaponunu appeared
[zofuveborumo: 27.11.2021, 08:27:35] --> biduzezuzuse appeared
[zofuveborumo: 27.11.2021, 08:27:54] --> biduzezuzuse appeared
[zofuveborumo: 27.11.2021, 08:28:00] --> biduzezuzuse appeared
[zofuveborumo: 27.11.2021, 08:28:22] --> biduzezuzuse appeared
[zofuveborumo: 27.11.2021, 08:29:03] --> biduzezuzuse appeared
[zofuveborumo: 27.11.2021, 08:29:23] --> biduzezuzuse appeared
[zofuveborumo: 27.11.2021, 08:30:12] --> biduzezuzuse appeared
[zofuveborumo: 27.11.2021, 08:30:36] --> biduzezuzuse appeared
[zofuveborumo: 27.11.2021, 08:31:13] --> biduzezuzuse appeared
[zofuveborumo: 27.11.2021, 08:31:39] --> biduzezuzuse appeared
[zofuveborumo: 27.11.2021, 08:32:06] --> biduzezuzuse appeared
[zofuveborumo: 27.11.2021, 08:32:28] --> biduzezuzuse appeared
[zofuveborumo: 27.11.2021, 08:32:44] --> biduzezuzuse appeared
[zofuveborumo: 27.11.2021, 08:33:28] --> biduzezuzuse appeared
[zofuveborumo: 27.11.2021, 08:33:36] --> biduzezuzuse appeared
[zofuveborumo: 27.11.2021, 08:34:27] --> Character leveled up to level 32
[zofuveborumo: 27.11.2021, 08:35:53] --> 10 shards collected, now going to talk to alchemist: zofuveborumo
[zofuveborumo: 27.11.2021, 08:35:53] --> Character went to Alchemist: zofuveborumo
[zofuveborumo: 27.11.2021, 08:35:57] --> Character got kick
[zofuveborumo: 27.11.2021, 08:37:03] --> bokivohabav appeared
[zofuveborumo: 27.11.2021, 08:37:08] --> Character was kicked from the bot, reason: Character was walking
[zofuveborumo: 27.11.2021, 08:37:31] --> Character was kicked from the bot, reason: Character was walking
[zofuveborumo: 27.11.2021, 08:37:36] --> xEpik appeared
[zofuveborumo: 27.11.2021, 08:38:50] --> bokivohabav appeared
[zofuveborumo: 27.11.2021, 08:39:14] --> bokivohabav appeared
[zofuveborumo: 27.11.2021, 08:39:51] --> bokivohabav appeared
[zofuveborumo: 27.11.2021, 08:40:14] --> bokivohabav appeared
[zofuveborumo: 27.11.2021, 08:40:45] --> bokivohabav appeared
[zofuveborumo: 27.11.2021, 08:41:04] --> bokivohabav appeared
[zofuveborumo: 27.11.2021, 08:41:21] --> bokivohabav appeared
[zofuveborumo: 27.11.2021, 08:41:39] --> bokivohabav appeared
[zofuveborumo: 27.11.2021, 08:42:01] --> bokivohabav appeared
[zofuveborumo: 27.11.2021, 08:42:14] --> bokivohabav appeared
[zofuveborumo: 27.11.2021, 08:42:22] --> bokivohabav appeared
[zofuveborumo: 27.11.2021, 08:43:10] --> Character leveled up to level 33
[zofuveborumo: 27.11.2021, 08:43:12] --> bokivohabav appeared
[zofuveborumo: 27.11.2021, 08:43:14] --> bokivohabav appeared
[zofuveborumo: 27.11.2021, 08:43:18] --> bokivohabav appeared
[zofuveborumo: 27.11.2021, 08:43:27] --> bokivohabav appeared
[zofuveborumo: 27.11.2021, 08:43:45] --> bokivohabav appeared
[zofuveborumo: 27.11.2021, 08:44:06] --> bokivohabav appeared
[zofuveborumo: 27.11.2021, 08:44:12] --> bokivohabav appeared
[zofuveborumo: 27.11.2021, 08:45:46] --> bokivohabav appeared
[zofuveborumo: 27.11.2021, 08:46:33] --> bokivohabav appeared
[zofuveborumo: 27.11.2021, 08:46:50] --> bokivohabav appeared
[zofuveborumo: 27.11.2021, 08:47:22] --> bokivohabav appeared
[zofuveborumo: 27.11.2021, 08:47:27] --> bokivohabav appeared
[zofuveborumo: 27.11.2021, 08:47:55] --> bokivohabav appeared
[zofuveborumo: 27.11.2021, 08:48:23] --> bokivohabav appeared
[zofuveborumo: 27.11.2021, 08:48:34] --> bokivohabav appeared
[zofuveborumo: 27.11.2021, 08:49:02] --> bokivohabav appeared
[zofuveborumo: 27.11.2021, 08:50:12] --> bokivohabav appeared
[zofuveborumo: 27.11.2021, 08:50:19] --> bokivohabav appeared
[zofuveborumo: 27.11.2021, 08:50:42] --> bokivohabav appeared
[zofuveborumo: 27.11.2021, 08:51:10] --> bokivohabav appeared
[zofuveborumo: 27.11.2021, 08:51:19] --> Character leveled up to level 34
[zofuveborumo: 27.11.2021, 08:51:21] --> bokivohabav appeared
[zofuveborumo: 27.11.2021, 08:51:38] --> bokivohabav appeared
[zofuveborumo: 27.11.2021, 08:51:43] --> bokivohabav appeared
[zofuveborumo: 27.11.2021, 08:52:05] --> bokivohabav appeared
[zofuveborumo: 27.11.2021, 08:52:30] --> bokivohabav appeared
[zofuveborumo: 27.11.2021, 08:52:53] --> bokivohabav appeared
[zofuveborumo: 27.11.2021, 08:53:30] --> bokivohabav appeared
[zofuveborumo: 27.11.2021, 08:56:32] --> bokivohabav appeared
[zofuveborumo: 27.11.2021, 08:57:35] --> bokivohabav appeared
[zofuveborumo: 27.11.2021, 08:57:41] --> bokivohabav appeared
[zofuveborumo: 27.11.2021, 08:57:43] --> bokivohabav appeared
[zofuveborumo: 27.11.2021, 08:57:58] --> bokivohabav appeared
[zofuveborumo: 27.11.2021, 08:58:02] --> bokivohabav appeared
[zofuveborumo: 27.11.2021, 08:58:07] --> bokivohabav appeared
[zofuveborumo: 27.11.2021, 08:58:20] --> Bot terminated: 5 dragon cors collected, total cor count: 5
[fovatalezo:   28.11.2021, 05:38:38] --> Bot successfully started
[fovatalezo:   28.11.2021, 05:38:38] --> wugepemogiri appeared
[fovatalezo:   28.11.2021, 05:38:44] --> Time passed, now going to talk to alchemist: fovatalezo
[fovatalezo:   28.11.2021, 05:38:44] --> Character went to Alchemist: fovatalezo
[fovatalezo:   28.11.2021, 05:39:00] --> vizazofulod appeared
[fovatalezo:   28.11.2021, 05:39:07] --> Character was kicked from the bot, reason: Character was walking
[fovatalezo:   28.11.2021, 05:39:13] --> Lekkino appeared
[fovatalezo:   28.11.2021, 05:39:30] --> Character was kicked from the bot, reason: Character was walking
[fovatalezo:   28.11.2021, 05:39:38] --> relupiwizufu appeared
[fovatalezo:   28.11.2021, 05:40:05] --> Character was kicked from the bot, reason: Character was walking
[fovatalezo:   28.11.2021, 05:40:09] --> vuvakikuraza appeared
[fovatalezo:   28.11.2021, 05:42:24] --> rogokakaneke appeared
[fovatalezo:   28.11.2021, 05:42:30] --> rogokakaneke appeared
[fovatalezo:   28.11.2021, 05:46:50] --> Character leveled up to level 36
[fovatalezo:   28.11.2021, 05:50:02] --> rogokakaneke appeared
[fovatalezo:   28.11.2021, 05:50:21] --> rogokakaneke appeared
[fovatalezo:   28.11.2021, 05:52:32] --> rogokakaneke appeared
[fovatalezo:   28.11.2021, 05:54:16] --> Character leveled up to level 37
[fovatalezo:   28.11.2021, 06:02:10] --> Character leveled up to level 38
[fovatalezo:   28.11.2021, 06:04:20] --> kusobusuki appeared
[fovatalezo:   28.11.2021, 06:09:04] --> kusobusuki appeared
[fovatalezo:   28.11.2021, 06:09:09] --> kusobusuki appeared
[fovatalezo:   28.11.2021, 06:09:16] --> kusobusuki appeared
[fovatalezo:   28.11.2021, 06:10:39] --> Character leveled up to level 39
[fovatalezo:   28.11.2021, 06:10:55] --> Char changed: 5 dragon cors collected, total cor count: 10
[fovatalezo:   28.11.2021, 06:10:56] --> Character was kicked from the bot, reason: Changing character
[vezabezatili: 28.11.2021, 06:11:25] --> wugepemogiri appeared
[vezabezatili: 28.11.2021, 06:11:30] --> Time passed, now going to talk to alchemist: vezabezatili
[vezabezatili: 28.11.2021, 06:11:30] --> Character went to Alchemist: vezabezatili
[vezabezatili: 28.11.2021, 06:11:37] --> Tozavn appeared
[vezabezatili: 28.11.2021, 06:11:52] --> Character was kicked from the bot, reason: Character was walking
[vezabezatili: 28.11.2021, 06:11:59] --> PsykoShine appeared
[vezabezatili: 28.11.2021, 06:12:15] --> Character was kicked from the bot, reason: Character was walking
[vezabezatili: 28.11.2021, 06:14:16] --> marepekele appeared
[vezabezatili: 28.11.2021, 06:14:55] --> Character was kicked from the bot, reason: Character was walking
[vezabezatili: 28.11.2021, 06:17:15] --> kusobusuki appeared
[vezabezatili: 28.11.2021, 06:17:29] --> kusobusuki appeared
[vezabezatili: 28.11.2021, 06:19:44] --> kusobusuki appeared
[vezabezatili: 28.11.2021, 06:19:48] --> kusobusuki appeared
[vezabezatili: 28.11.2021, 06:20:34] --> Character leveled up to level 36
[vezabezatili: 28.11.2021, 06:22:22] --> wugepemogiri appeared
[vezabezatili: 28.11.2021, 06:24:49] --> kusobusuki appeared
[vezabezatili: 28.11.2021, 06:25:05] --> puzumupufi appeared
[vezabezatili: 28.11.2021, 06:26:08] --> wugepemogiri appeared
[vezabezatili: 28.11.2021, 06:27:22] --> vabalokibo appeared
[vezabezatili: 28.11.2021, 06:27:29] --> vabalokibo appeared
[vezabezatili: 28.11.2021, 06:28:02] --> Character leveled up to level 37
[vezabezatili: 28.11.2021, 06:29:54] --> vabalokibo appeared
[vezabezatili: 28.11.2021, 06:35:42] --> Character leveled up to level 38
[vezabezatili: 28.11.2021, 06:36:38] --> wugepemogiri appeared
[vezabezatili: 28.11.2021, 06:37:33] --> wugepemogiri appeared
[vezabezatili: 28.11.2021, 06:40:27] --> vabalokibo appeared
[vezabezatili: 28.11.2021, 06:42:56] --> vabalokibo appeared
[vezabezatili: 28.11.2021, 06:43:35] --> Char changed: 5 dragon cors collected, total cor count: 10
[vezabezatili: 28.11.2021, 06:43:35] --> Character was kicked from the bot, reason: Changing character
[kilipovikuto: 28.11.2021, 06:44:11] --> Time passed, now going to talk to alchemist: kilipovikuto
[kilipovikuto: 28.11.2021, 06:44:11] --> Character went to Alchemist: kilipovikuto
[kilipovikuto: 28.11.2021, 06:44:42] --> Character got kick
[kilipovikuto: 28.11.2021, 06:44:56] --> Character was kicked from the bot, reason: Character was walking
[kilipovikuto: 28.11.2021, 06:45:02] --> Scalesina1 appeared
[kilipovikuto: 28.11.2021, 06:45:19] --> Character was kicked from the bot, reason: Character was walking
[kilipovikuto: 28.11.2021, 06:45:53] --> Character was kicked from the bot, reason: Character was walking
[kilipovikuto: 28.11.2021, 06:45:59] --> wugepemogiri appeared
[kilipovikuto: 28.11.2021, 06:47:35] --> Character leveled up to level 35
[kilipovikuto: 28.11.2021, 06:52:42] --> rafisurukep appeared
[kilipovikuto: 28.11.2021, 06:53:32] --> wugepemogiri appeared
[kilipovikuto: 28.11.2021, 06:53:53] --> Character leveled up to level 36
[kilipovikuto: 28.11.2021, 06:55:00] --> rafisurukep appeared
[kilipovikuto: 28.11.2021, 06:55:06] --> rafisurukep appeared
[kilipovikuto: 28.11.2021, 06:55:10] --> rafisurukep appeared
[kilipovikuto: 28.11.2021, 06:57:17] --> rafisurukep appeared
[kilipovikuto: 28.11.2021, 06:57:25] --> rafisurukep appeared
[kilipovikuto: 28.11.2021, 07:01:18] --> Character leveled up to level 37
[kilipovikuto: 28.11.2021, 07:02:19] --> rafisurukep appeared
[kilipovikuto: 28.11.2021, 07:09:04] --> rafisurukep appeared
[kilipovikuto: 28.11.2021, 07:09:35] --> Character leveled up to level 38
[kilipovikuto: 28.11.2021, 07:10:18] --> wugepemogiri appeared
[kilipovikuto: 28.11.2021, 07:11:14] --> wugepemogiri appeared
[kilipovikuto: 28.11.2021, 07:12:18] --> Char changed: 5 dragon cors collected, total cor count: 10
[kilipovikuto: 28.11.2021, 07:12:19] --> Character was kicked from the bot, reason: Changing character
[hofukaraki:   28.11.2021, 07:12:54] --> Time passed, now going to talk to alchemist: hofukaraki
[hofukaraki:   28.11.2021, 07:12:54] --> Character went to Alchemist: hofukaraki
[hofukaraki:   28.11.2021, 07:12:58] --> biduzezuzuse appeared
[hofukaraki:   28.11.2021, 07:13:27] --> Yijobx appeared
[hofukaraki:   28.11.2021, 07:13:33] --> Character was kicked from the bot, reason: Character was walking
[hofukaraki:   28.11.2021, 07:13:56] --> Character was kicked from the bot, reason: Character was walking
[hofukaraki:   28.11.2021, 07:14:00] --> relupiwizufu appeared
[hofukaraki:   28.11.2021, 07:14:30] --> Character was kicked from the bot, reason: Character was walking
[hofukaraki:   28.11.2021, 07:18:54] --> wugepemogiri appeared
[hofukaraki:   28.11.2021, 07:20:15] --> Character leveled up to level 36
[hofukaraki:   28.11.2021, 07:20:38] --> Character died
[hofukaraki:   28.11.2021, 07:20:55] --> Character died
[hofukaraki:   28.11.2021, 07:21:01] --> zekerawepa appeared
[hofukaraki:   28.11.2021, 07:21:02] --> Character died
[hofukaraki:   28.11.2021, 07:22:36] --> zekerawepa appeared
[hofukaraki:   28.11.2021, 07:26:04] --> biduzezuzuse appeared
[hofukaraki:   28.11.2021, 07:26:35] --> zekerawepa appeared
[hofukaraki:   28.11.2021, 07:27:43] --> zekerawepa appeared
[hofukaraki:   28.11.2021, 07:28:36] --> biduzezuzuse appeared
[hofukaraki:   28.11.2021, 07:29:08] --> Character leveled up to level 37
[hofukaraki:   28.11.2021, 07:31:09] --> biduzezuzuse appeared
[hofukaraki:   28.11.2021, 07:31:11] --> biduzezuzuse appeared
[hofukaraki:   28.11.2021, 07:31:33] --> zekerawepa appeared
[hofukaraki:   28.11.2021, 07:31:38] --> zekerawepa appeared
[hofukaraki:   28.11.2021, 07:31:46] --> zekerawepa appeared
[hofukaraki:   28.11.2021, 07:32:53] --> zekerawepa appeared
[hofukaraki:   28.11.2021, 07:33:19] --> biduzezuzuse appeared
[hofukaraki:   28.11.2021, 07:33:26] --> biduzezuzuse appeared
[hofukaraki:   28.11.2021, 07:33:42] --> wugepemogiri appeared
[hofukaraki:   28.11.2021, 07:34:07] --> zekerawepa appeared
[hofukaraki:   28.11.2021, 07:36:36] --> dizifocefib appeared
[hofukaraki:   28.11.2021, 07:37:24] --> Character leveled up to level 38
[hofukaraki:   28.11.2021, 07:38:24] --> wugepemogiri appeared
[hofukaraki:   28.11.2021, 07:40:31] --> dizifocefib appeared
[hofukaraki:   28.11.2021, 07:41:16] --> wugepemogiri appeared
[hofukaraki:   28.11.2021, 07:41:39] --> dizifocefib appeared
[hofukaraki:   28.11.2021, 07:42:50] --> dizifocefib appeared
[hofukaraki:   28.11.2021, 07:42:54] --> dizifocefib appeared
[hofukaraki:   28.11.2021, 07:43:03] --> dizifocefib appeared
[hofukaraki:   28.11.2021, 07:43:06] --> Char changed: 5 dragon cors collected, total cor count: 10
[hofukaraki:   28.11.2021, 07:43:07] --> Character was kicked from the bot, reason: Changing character
[zofuveborumo: 28.11.2021, 07:43:41] --> Time passed, now going to talk to alchemist: zofuveborumo
[zofuveborumo: 28.11.2021, 07:43:41] --> Character went to Alchemist: zofuveborumo
[zofuveborumo: 28.11.2021, 07:43:58] --> fepecilafuc appeared
[zofuveborumo: 28.11.2021, 07:44:04] --> Character was kicked from the bot, reason: Character was walking
[zofuveborumo: 28.11.2021, 07:44:26] --> Character was kicked from the bot, reason: Character was walking
[zofuveborumo: 28.11.2021, 07:45:00] --> Character was kicked from the bot, reason: Character was walking
[zofuveborumo: 28.11.2021, 07:45:04] --> bokivohabav appeared
[zofuveborumo: 28.11.2021, 07:45:28] --> Character leveled up to level 35
[zofuveborumo: 28.11.2021, 07:47:14] --> dizifocefib appeared
[zofuveborumo: 28.11.2021, 07:47:44] --> wugepemogiri appeared
[zofuveborumo: 28.11.2021, 07:48:33] --> dizifocefib appeared
[zofuveborumo: 28.11.2021, 07:50:59] --> zovahizizi appeared
[zofuveborumo: 28.11.2021, 07:51:06] --> zovahizizi appeared
[zofuveborumo: 28.11.2021, 07:51:10] --> zovahizizi appeared
[zofuveborumo: 28.11.2021, 07:52:16] --> zovahizizi appeared
[zofuveborumo: 28.11.2021, 07:52:32] --> Character leveled up to level 36
[zofuveborumo: 28.11.2021, 07:53:30] --> zovahizizi appeared
[zofuveborumo: 28.11.2021, 07:54:22] --> bokivohabav appeared
[zofuveborumo: 28.11.2021, 07:54:26] --> bokivohabav appeared
[zofuveborumo: 28.11.2021, 07:56:10] --> zovahizizi appeared
[zofuveborumo: 28.11.2021, 07:57:21] --> zovahizizi appeared
[zofuveborumo: 28.11.2021, 07:57:54] --> wugepemogiri appeared
[zofuveborumo: 28.11.2021, 07:58:38] --> zovahizizi appeared
[zofuveborumo: 28.11.2021, 07:59:29] --> bokivohabav appeared
[zofuveborumo: 28.11.2021, 07:59:55] --> zovahizizi appeared
[zofuveborumo: 28.11.2021, 08:00:20] --> Character leveled up to level 37
[zofuveborumo: 28.11.2021, 08:01:09] --> zovahizizi appeared
[zofuveborumo: 28.11.2021, 08:01:44] --> bokivohabav appeared
[zofuveborumo: 28.11.2021, 08:02:31] --> zovahizizi appeared
[zofuveborumo: 28.11.2021, 08:03:43] --> zovahizizi appeared
[zofuveborumo: 28.11.2021, 08:04:36] --> wugepemogiri appeared
[zofuveborumo: 28.11.2021, 08:05:52] --> lazowogavavu appeared
[zofuveborumo: 28.11.2021, 08:06:17] --> falitifuwado appeared
[zofuveborumo: 28.11.2021, 08:07:30] --> falitifuwado appeared
[zofuveborumo: 28.11.2021, 08:08:33] --> Character leveled up to level 38
[zofuveborumo: 28.11.2021, 08:08:48] --> falitifuwado appeared
[zofuveborumo: 28.11.2021, 08:09:17] --> wugepemogiri appeared
[zofuveborumo: 28.11.2021, 08:09:59] --> falitifuwado appeared
[zofuveborumo: 28.11.2021, 08:11:19] --> falitifuwado appeared
[zofuveborumo: 28.11.2021, 08:13:37] --> Bot successfully started
[zofuveborumo: 28.11.2021, 08:13:43] --> Character died
[zofuveborumo: 28.11.2021, 08:14:04] --> Character died
[zofuveborumo: 28.11.2021, 08:14:23] --> kuhibibozece appeared
[zofuveborumo: 28.11.2021, 08:14:30] --> Character died
[zofuveborumo: 28.11.2021, 08:14:37] --> lazowogavavu appeared
[zofuveborumo: 28.11.2021, 08:14:54] --> Character died
[zofuveborumo: 28.11.2021, 08:15:15] --> Character died
[zofuveborumo: 28.11.2021, 08:15:18] --> kuhibibozece appeared
[zofuveborumo: 28.11.2021, 08:15:31] --> kuhibibozece appeared
[zofuveborumo: 28.11.2021, 08:17:57] --> Bot terminated: 5 dragon cors collected, total cor count: 10
[fovatalezo:   29.11.2021, 05:41:07] --> Bot successfully started
[fovatalezo:   29.11.2021, 05:41:13] --> Time passed, now going to talk to alchemist: fovatalezo
[fovatalezo:   29.11.2021, 05:41:13] --> Character went to Alchemist: fovatalezo
[fovatalezo:   29.11.2021, 05:41:15] --> Character died
[fovatalezo:   29.11.2021, 05:41:17] --> Character was kicked from the bot, reason: Character was walking
[fovatalezo:   29.11.2021, 05:41:20] --> Character died
[fovatalezo:   29.11.2021, 05:42:57] --> kusobusuki appeared
[fovatalezo:   29.11.2021, 05:43:37] --> ZamumlZ8 appeared
[fovatalezo:   29.11.2021, 05:43:48] --> Character was kicked from the bot, reason: Character was walking
[fovatalezo:   29.11.2021, 05:44:12] --> Character was kicked from the bot, reason: Character was walking
[fovatalezo:   29.11.2021, 05:44:17] --> zuvegugeni appeared
[fovatalezo:   29.11.2021, 05:44:46] --> Character was kicked from the bot, reason: Character was walking
[fovatalezo:   29.11.2021, 05:46:41] --> vabalokibo appeared
[fovatalezo:   29.11.2021, 05:53:47] --> Character leveled up to level 40
[fovatalezo:   29.11.2021, 06:00:32] --> vabalokibo appeared
[fovatalezo:   29.11.2021, 06:03:05] --> vabalokibo appeared
[fovatalezo:   29.11.2021, 06:03:55] --> Character leveled up to level 41
[fovatalezo:   29.11.2021, 06:09:21] --> Char changed: 5 dragon cors collected, total cor count: 15
[fovatalezo:   29.11.2021, 06:09:22] --> Character was kicked from the bot, reason: Changing character
[vezabezatili: 29.11.2021, 06:09:57] --> Time passed, now going to talk to alchemist: vezabezatili
[vezabezatili: 29.11.2021, 06:09:57] --> Character went to Alchemist: vezabezatili
[vezabezatili: 29.11.2021, 06:10:15] --> zuvegugeni appeared
[vezabezatili: 29.11.2021, 06:10:21] --> Character was kicked from the bot, reason: Character was walking
[vezabezatili: 29.11.2021, 06:10:44] --> Character was kicked from the bot, reason: Character was walking
[vezabezatili: 29.11.2021, 06:11:11] --> PM recieved from Sasxy : Add P2W#9999 on Discord for info @ 24/7 Online @ 5 Minute Delivery @
[vezabezatili: 29.11.2021, 06:11:12] --> Character was kicked from the bot, reason: Character was walking
[vezabezatili: 29.11.2021, 06:11:51] --> Character was kicked from the bot, reason: Character was walking
[vezabezatili: 29.11.2021, 06:13:12] --> Character leveled up to level 39
[vezabezatili: 29.11.2021, 06:14:31] --> rafisurukep appeared
[vezabezatili: 29.11.2021, 06:14:34] --> rafisurukep appeared
[vezabezatili: 29.11.2021, 06:14:39] --> rafisurukep appeared
[vezabezatili: 29.11.2021, 06:16:43] --> rafisurukep appeared
[vezabezatili: 29.11.2021, 06:16:48] --> rafisurukep appeared
[vezabezatili: 29.11.2021, 06:19:13] --> rafisurukep appeared
[vezabezatili: 29.11.2021, 06:22:05] --> Character leveled up to level 40
[vezabezatili: 29.11.2021, 06:28:30] --> rafisurukep appeared
[vezabezatili: 29.11.2021, 06:28:34] --> rafisurukep appeared
[vezabezatili: 29.11.2021, 06:30:18] --> Char changed: 5 dragon cors collected, total cor count: 15
[vezabezatili: 29.11.2021, 06:30:18] --> Character was kicked from the bot, reason: Changing character
[kilipovikuto: 29.11.2021, 06:30:53] --> Time passed, now going to talk to alchemist: kilipovikuto
[kilipovikuto: 29.11.2021, 06:30:53] --> Character went to Alchemist: kilipovikuto
[kilipovikuto: 29.11.2021, 06:31:03] --> Iiwuopx2 appeared
[kilipovikuto: 29.11.2021, 06:31:16] --> Character was kicked from the bot, reason: Character was walking
[kilipovikuto: 29.11.2021, 06:31:39] --> Character was kicked from the bot, reason: Character was walking
[kilipovikuto: 29.11.2021, 06:31:42] --> gevihizetu appeared
[kilipovikuto: 29.11.2021, 06:32:13] --> Character was kicked from the bot, reason: Character was walking
[kilipovikuto: 29.11.2021, 06:37:25] --> biduzezuzuse appeared
[kilipovikuto: 29.11.2021, 06:37:29] --> biduzezuzuse appeared
[kilipovikuto: 29.11.2021, 06:38:13] --> Character leveled up to level 39
[kilipovikuto: 29.11.2021, 06:39:53] --> biduzezuzuse appeared
[kilipovikuto: 29.11.2021, 06:39:56] --> biduzezuzuse appeared
[kilipovikuto: 29.11.2021, 06:42:28] --> biduzezuzuse appeared
[kilipovikuto: 29.11.2021, 06:46:40] --> biduzezuzuse appeared
[kilipovikuto: 29.11.2021, 06:46:47] --> biduzezuzuse appeared
[kilipovikuto: 29.11.2021, 06:47:10] --> Character leveled up to level 40
[kilipovikuto: 29.11.2021, 06:49:01] --> biduzezuzuse appeared
[kilipovikuto: 29.11.2021, 06:49:07] --> biduzezuzuse appeared
[kilipovikuto: 29.11.2021, 06:49:11] --> biduzezuzuse appeared
[kilipovikuto: 29.11.2021, 06:51:16] --> Char changed: 5 dragon cors collected, total cor count: 15
[kilipovikuto: 29.11.2021, 06:51:17] --> Character was kicked from the bot, reason: Changing character
[hofukaraki:   29.11.2021, 06:51:26] --> Time passed, now going to talk to alchemist: hofukaraki
[hofukaraki:   29.11.2021, 06:51:26] --> Character went to Alchemist: hofukaraki
[hofukaraki:   29.11.2021, 06:51:42] --> gevihizetu appeared
[hofukaraki:   29.11.2021, 06:51:49] --> Character was kicked from the bot, reason: Character was walking
[hofukaraki:   29.11.2021, 06:52:12] --> Character was kicked from the bot, reason: Character was walking
[hofukaraki:   29.11.2021, 06:52:16] --> gevihizetu appeared
[hofukaraki:   29.11.2021, 06:52:47] --> Character was kicked from the bot, reason: Character was walking
[hofukaraki:   29.11.2021, 06:54:36] --> biduzezuzuse appeared
[hofukaraki:   29.11.2021, 06:54:41] --> biduzezuzuse appeared
[hofukaraki:   29.11.2021, 06:55:53] --> Character leveled up to level 39
[hofukaraki:   29.11.2021, 07:02:14] --> bokivohabav appeared
[hofukaraki:   29.11.2021, 07:04:50] --> Character leveled up to level 40
[hofukaraki:   29.11.2021, 07:07:00] --> bokivohabav appeared
[hofukaraki:   29.11.2021, 07:07:05] --> bokivohabav appeared
[hofukaraki:   29.11.2021, 07:07:13] --> bokivohabav appeared
[hofukaraki:   29.11.2021, 07:09:33] --> bokivohabav appeared
[hofukaraki:   29.11.2021, 07:14:27] --> Character leveled up to level 41
[hofukaraki:   29.11.2021, 07:16:15] --> bokivohabav appeared
[hofukaraki:   29.11.2021, 07:18:39] --> bokivohabav appeared
[hofukaraki:   29.11.2021, 07:18:42] --> bokivohabav appeared
[hofukaraki:   29.11.2021, 07:20:51] --> bokivohabav appeared
[hofukaraki:   29.11.2021, 07:20:57] --> bokivohabav appeared
[hofukaraki:   29.11.2021, 07:22:55] --> Char changed: 5 dragon cors collected, total cor count: 15
[hofukaraki:   29.11.2021, 07:22:56] --> Character was kicked from the bot, reason: Changing character
[zofuveborumo: 29.11.2021, 07:23:05] --> Time passed, now going to talk to alchemist: zofuveborumo
[zofuveborumo: 29.11.2021, 07:23:05] --> Character went to Alchemist: zofuveborumo
[zofuveborumo: 29.11.2021, 07:23:21] --> gevihizetu appeared
[zofuveborumo: 29.11.2021, 07:23:28] --> Character was kicked from the bot, reason: Character was walking
[zofuveborumo: 29.11.2021, 07:23:50] --> Character was kicked from the bot, reason: Character was walking
[zofuveborumo: 29.11.2021, 07:23:55] --> gevihizetu appeared
[zofuveborumo: 29.11.2021, 07:24:25] --> Character was kicked from the bot, reason: Character was walking
[zofuveborumo: 29.11.2021, 07:25:48] --> lazowogavavu appeared
[zofuveborumo: 29.11.2021, 07:25:52] --> lazowogavavu appeared
[zofuveborumo: 29.11.2021, 07:28:02] --> lazowogavavu appeared
[zofuveborumo: 29.11.2021, 07:28:07] --> lazowogavavu appeared
[zofuveborumo: 29.11.2021, 07:29:35] --> Character leveled up to level 39
[zofuveborumo: 29.11.2021, 07:30:30] --> lazowogavavu appeared
[zofuveborumo: 29.11.2021, 07:38:26] --> Character leveled up to level 40
[zofuveborumo: 29.11.2021, 07:41:01] --> lazowogavavu appeared
[zofuveborumo: 29.11.2021, 07:43:11] --> lazowogavavu appeared
[zofuveborumo: 29.11.2021, 07:47:56] --> Character leveled up to level 41
[zofuveborumo: 29.11.2021, 07:53:37] --> vililibizud appeared
[zofuveborumo: 29.11.2021, 07:53:45] --> Bot terminated: 5 dragon cors collected, total cor count: 15
[fovatalezo:   30.11.2021, 16:27:37] --> Bot successfully started
[fovatalezo:   30.11.2021, 16:27:43] --> Time passed, now going to talk to alchemist: fovatalezo
[fovatalezo:   30.11.2021, 16:27:43] --> Character went to Alchemist: fovatalezo
[fovatalezo:   30.11.2021, 16:27:44] --> Character died
[fovatalezo:   30.11.2021, 16:27:47] --> Character was kicked from the bot, reason: Character was walking
[fovatalezo:   30.11.2021, 16:27:51] --> Character died
[fovatalezo:   30.11.2021, 16:30:06] --> Afelio95 appeared
[fovatalezo:   30.11.2021, 16:30:25] --> Afelio95 appeared
[fovatalezo:   30.11.2021, 16:30:41] --> Character was kicked from the bot, reason: Character was walking
[fovatalezo:   30.11.2021, 16:30:47] --> Wallapop appeared
[fovatalezo:   30.11.2021, 16:31:05] --> Character was kicked from the bot, reason: Character was walking
[fovatalezo:   30.11.2021, 16:31:40] --> Character was kicked from the bot, reason: Character was walking
[fovatalezo:   30.11.2021, 16:32:31] --> DinoBag appeared
[fovatalezo:   30.11.2021, 16:33:25] --> DinoBag appeared
[fovatalezo:   30.11.2021, 16:34:43] --> DinoBag appeared
[fovatalezo:   30.11.2021, 16:35:59] --> DinoBag appeared
[fovatalezo:   30.11.2021, 16:36:49] --> Character leveled up to level 42
[fovatalezo:   30.11.2021, 16:43:13] --> rabizekihufo appeared
[fovatalezo:   30.11.2021, 16:48:07] --> Character leveled up to level 43
[fovatalezo:   30.11.2021, 16:49:11] --> tyranoo appeared
[fovatalezo:   30.11.2021, 16:49:35] --> tyranoo appeared
[fovatalezo:   30.11.2021, 16:50:27] --> tyranoo appeared
[fovatalezo:   30.11.2021, 16:50:49] --> tyranoo appeared
[fovatalezo:   30.11.2021, 16:51:43] --> tyranoo appeared
[fovatalezo:   30.11.2021, 16:52:48] --> Char changed: 5 dragon cors collected, total cor count: 20
[fovatalezo:   30.11.2021, 16:52:48] --> Character was kicked from the bot, reason: Changing character
[vezabezatili: 30.11.2021, 16:53:24] --> Time passed, now going to talk to alchemist: vezabezatili
[vezabezatili: 30.11.2021, 16:53:24] --> Character went to Alchemist: vezabezatili
[vezabezatili: 30.11.2021, 16:53:47] --> Character was kicked from the bot, reason: Character was walking
[vezabezatili: 30.11.2021, 16:53:53] --> lol2002 appeared
[vezabezatili: 30.11.2021, 16:54:11] --> Character was kicked from the bot, reason: Character was walking
[vezabezatili: 30.11.2021, 16:54:45] --> Character was kicked from the bot, reason: Character was walking
[vezabezatili: 30.11.2021, 16:54:49] --> tyranoo appeared
[vezabezatili: 30.11.2021, 16:56:24] --> Character got kick
[vezabezatili: 30.11.2021, 16:56:48] --> Character leveled up to level 41
[vezabezatili: 30.11.2021, 17:06:30] --> oOSURANEROo2 appeared
[vezabezatili: 30.11.2021, 17:06:48] --> oOSURANEROo2 appeared
[vezabezatili: 30.11.2021, 17:06:51] --> oOSURANEROo2 appeared
[vezabezatili: 30.11.2021, 17:06:56] --> oOSURANEROo2 appeared
[vezabezatili: 30.11.2021, 17:07:24] --> oOSURANEROo2 appeared
[vezabezatili: 30.11.2021, 17:07:27] --> Character leveled up to level 42
[vezabezatili: 30.11.2021, 17:18:30] --> Char changed: 5 dragon cors collected, total cor count: 20
[vezabezatili: 30.11.2021, 17:18:30] --> Character was kicked from the bot, reason: Changing character
[kilipovikuto: 30.11.2021, 17:18:40] --> Time passed, now going to talk to alchemist: kilipovikuto
[kilipovikuto: 30.11.2021, 17:18:40] --> Character went to Alchemist: kilipovikuto
[kilipovikuto: 30.11.2021, 17:19:03] --> Character was kicked from the bot, reason: Character was walking
[kilipovikuto: 30.11.2021, 17:19:09] --> xIMATHOT appeared
[kilipovikuto: 30.11.2021, 17:19:27] --> Character was kicked from the bot, reason: Character was walking
[kilipovikuto: 30.11.2021, 17:19:54] --> Z0LLETTA appeared
[kilipovikuto: 30.11.2021, 17:20:02] --> Character was kicked from the bot, reason: Character was walking
[kilipovikuto: 30.11.2021, 17:26:41] --> Character leveled up to level 41
[kilipovikuto: 30.11.2021, 17:38:01] --> Character leveled up to level 42
[kilipovikuto: 30.11.2021, 17:44:10] --> Char changed: 5 dragon cors collected, total cor count: 20
[kilipovikuto: 30.11.2021, 17:44:11] --> Character was kicked from the bot, reason: Changing character
[hofukaraki:   30.11.2021, 17:44:45] --> Time passed, now going to talk to alchemist: hofukaraki
[hofukaraki:   30.11.2021, 17:44:45] --> Character went to Alchemist: hofukaraki
[hofukaraki:   30.11.2021, 17:45:09] --> Character was kicked from the bot, reason: Character was walking
[hofukaraki:   30.11.2021, 17:45:14] --> Wallapop appeared
[hofukaraki:   30.11.2021, 17:45:32] --> Character was kicked from the bot, reason: Character was walking
[hofukaraki:   30.11.2021, 17:46:05] --> Character was kicked from the bot, reason: Character was walking
[hofukaraki:   30.11.2021, 17:48:13] --> Character leveled up to level 42
[hofukaraki:   30.11.2021, 17:52:07] --> Bot successfully started
[hofukaraki:   30.11.2021, 17:52:14] --> Character died
[hofukaraki:   30.11.2021, 17:52:33] --> Character died
[hofukaraki:   30.11.2021, 17:52:58] --> Character died
[hofukaraki:   30.11.2021, 17:53:17] --> Character died
[hofukaraki:   30.11.2021, 17:53:38] --> Character died
[hofukaraki:   30.11.2021, 17:54:00] --> Character died
[hofukaraki:   30.11.2021, 17:54:18] --> Character died
[hofukaraki:   30.11.2021, 17:54:41] --> Character died
[hofukaraki:   30.11.2021, 17:54:59] --> Character died
[hofukaraki:   30.11.2021, 17:55:21] --> Character died
[hofukaraki:   30.11.2021, 17:55:44] --> Character died
[hofukaraki:   30.11.2021, 18:02:42] --> Character went to saleswoman
[hofukaraki:   30.11.2021, 18:03:06] --> Character was kicked from the bot, reason: Character was walking
[hofukaraki:   30.11.2021, 18:03:11] --> Wallapop appeared
[hofukaraki:   30.11.2021, 18:03:17] --> PM recieved from Ch3s : Add P2W#9999 on Discord for info @ 24/7 Online @ 5 Minute Delivery @
[hofukaraki:   30.11.2021, 18:03:24] --> PM recieved from Ch3s : 40 Won - 25 ÊUR
[hofukaraki:   30.11.2021, 18:03:25] --> PM recieved from Ch3s : Add P2W#9999 on Discord for info @ 24/7 Online @ 5 Minute Delivery @
[hofukaraki:   30.11.2021, 18:03:27] --> PM recieved from Ch3s : 40 Won - 25 ÊUR
[hofukaraki:   30.11.2021, 18:03:28] --> PM recieved from Ch3s : Add P2W#9999 on Discord for info @ 24/7 Online @ 5 Minute Delivery @
[hofukaraki:   30.11.2021, 18:03:38] --> Character was kicked from the bot, reason: Character was walking
[hofukaraki:   30.11.2021, 18:04:13] --> Character was kicked from the bot, reason: Character was walking
[hofukaraki:   30.11.2021, 18:09:23] --> Character leveled up to level 43
[hofukaraki:   30.11.2021, 18:11:58] --> PepoGigi appeared
[hofukaraki:   30.11.2021, 18:20:02] --> Char changed: 5 dragon cors collected, total cor count: 20
[hofukaraki:   30.11.2021, 18:20:03] --> Character was kicked from the bot, reason: Changing character
[zofuveborumo: 30.11.2021, 18:20:12] --> Time passed, now going to talk to alchemist: zofuveborumo
[zofuveborumo: 30.11.2021, 18:20:12] --> Character went to Alchemist: zofuveborumo
[zofuveborumo: 30.11.2021, 18:20:19] --> sedafezatez appeared
[zofuveborumo: 30.11.2021, 18:20:36] --> Character was kicked from the bot, reason: Character was walking
[zofuveborumo: 30.11.2021, 18:20:42] --> Wallapop appeared
[zofuveborumo: 30.11.2021, 18:20:59] --> Character was kicked from the bot, reason: Character was walking
[zofuveborumo: 30.11.2021, 18:21:33] --> Character was kicked from the bot, reason: Character was walking
[zofuveborumo: 30.11.2021, 18:26:24] --> wokoluwerazi appeared
[zofuveborumo: 30.11.2021, 18:27:19] --> Character leveled up to level 42
[zofuveborumo: 30.11.2021, 18:36:07] --> Character died
[zofuveborumo: 30.11.2021, 18:36:33] --> Character died
[zofuveborumo: 30.11.2021, 18:36:52] --> Character died
[zofuveborumo: 30.11.2021, 18:36:57] --> Character died
[zofuveborumo: 30.11.2021, 18:37:11] --> Character died
[zofuveborumo: 30.11.2021, 18:37:18] --> Character died
[zofuveborumo: 30.11.2021, 18:40:15] --> Character leveled up to level 43
[zofuveborumo: 30.11.2021, 18:41:08] --> Character went to saleswoman
[zofuveborumo: 30.11.2021, 18:41:58] --> Character was kicked from the bot, reason: Character was walking
[zofuveborumo: 30.11.2021, 18:42:04] --> Wallapop appeared
[zofuveborumo: 30.11.2021, 18:42:11] --> PM recieved from Ch3s : 88 Won - 50 ÊUR
[zofuveborumo: 30.11.2021, 18:42:12] --> PM recieved from Ch3s : Add P2W#9999 on Discord for info @ 24/7 Online @ 5 Minute Delivery @
[zofuveborumo: 30.11.2021, 18:42:18] --> PM recieved from Ch3s : 88 Won - 50 ÊUR
[zofuveborumo: 30.11.2021, 18:42:19] --> PM recieved from Ch3s : Add P2W#9999 on Discord for info @ 24/7 Online @ 5 Minute Delivery @
[zofuveborumo: 30.11.2021, 18:42:20] --> PM recieved from Ch3s : 40 Won - 25 ÊUR
[zofuveborumo: 30.11.2021, 18:42:21] --> PM recieved from Ch3s : Add P2W#9999 on Discord for info @ 24/7 Online @ 5 Minute Delivery @
[zofuveborumo: 30.11.2021, 18:42:30] --> Character was kicked from the bot, reason: Character was walking
[zofuveborumo: 30.11.2021, 18:43:04] --> Character was kicked from the bot, reason: Character was walking
[zofuveborumo: 30.11.2021, 18:45:34] --> kuhibibozece appeared
[zofuveborumo: 30.11.2021, 18:47:02] --> kuhibibozece appeared
[zofuveborumo: 30.11.2021, 18:47:05] --> kuhibibozece appeared
[zofuveborumo: 30.11.2021, 18:47:14] --> kuhibibozece appeared
[zofuveborumo: 30.11.2021, 18:47:19] --> kuhibibozece appeared
[zofuveborumo: 30.11.2021, 18:47:26] --> kuhibibozece appeared
[zofuveborumo: 30.11.2021, 18:47:32] --> kuhibibozece appeared
[zofuveborumo: 30.11.2021, 18:47:39] --> kuhibibozece appeared
[zofuveborumo: 30.11.2021, 18:47:44] --> kuhibibozece appeared
[zofuveborumo: 30.11.2021, 18:47:49] --> kuhibibozece appeared
[zofuveborumo: 30.11.2021, 18:47:55] --> kuhibibozece appeared
[zofuveborumo: 30.11.2021, 18:48:27] --> kuhibibozece appeared
[zofuveborumo: 30.11.2021, 18:48:33] --> kuhibibozece appeared
[zofuveborumo: 30.11.2021, 18:48:40] --> kuhibibozece appeared
[zofuveborumo: 30.11.2021, 18:48:44] --> kuhibibozece appeared
[zofuveborumo: 30.11.2021, 18:48:52] --> kuhibibozece appeared
[zofuveborumo: 30.11.2021, 18:48:57] --> kuhibibozece appeared
[zofuveborumo: 30.11.2021, 18:49:04] --> kuhibibozece appeared
[zofuveborumo: 30.11.2021, 18:49:10] --> kuhibibozece appeared
[zofuveborumo: 30.11.2021, 18:49:40] --> kuhibibozece appeared
[zofuveborumo: 30.11.2021, 18:49:51] --> kuhibibozece appeared
[zofuveborumo: 30.11.2021, 18:50:25] --> Bot terminated: 5 dragon cors collected, total cor count: 20
[zofuveborumo: 30.11.2021, 22:30:58] --> Bot successfully started
[zofuveborumo: 30.11.2021, 22:31:09] --> Character died
[zofuveborumo: 30.11.2021, 22:32:04] --> Character was kicked from the bot, reason: Character was walking
[zofuveborumo: 30.11.2021, 22:35:18] --> Bot successfully started
[zofuveborumo: 30.11.2021, 22:37:25] --> Bot successfully started
[zofuveborumo: 30.11.2021, 22:40:32] --> Bot successfully started
[zofuveborumo: 30.11.2021, 22:42:38] --> pesekudazu appeared
[zofuveborumo: 30.11.2021, 22:45:46] --> badocihatoli appeared
[zofuveborumo: 30.11.2021, 22:48:09] --> pavefabike appeared
[zofuveborumo: 30.11.2021, 22:50:07] --> zebepacowep appeared
[zofuveborumo: 30.11.2021, 22:51:51] --> Character was kicked from the bot, reason: Changing character
[kilipovikuto: 30.11.2021, 22:52:10] --> Character died
[kilipovikuto: 30.11.2021, 22:53:29] --> Character was kicked from the bot, reason: Character was walking
[kilipovikuto: 30.11.2021, 22:53:34] --> zeruzedebuki appeared
[kilipovikuto: 30.11.2021, 22:54:19] --> Character was kicked from the bot, reason: Changing character
[kilipovikuto: 30.11.2021, 22:54:23] --> Character leveled up to level 43
[hofukaraki:   30.11.2021, 22:54:32] --> Character died
[hofukaraki:   30.11.2021, 22:55:09] --> Character got kick
[hofukaraki:   30.11.2021, 22:55:39] --> Character was kicked from the bot, reason: Character was walking
[hofukaraki:   30.11.2021, 22:55:44] --> TheJoker96 appeared
[hofukaraki:   30.11.2021, 22:56:29] --> Character was kicked from the bot, reason: Changing character
[zofuveborumo: 30.11.2021, 22:56:39] --> Character was kicked from the bot, reason: Changing character
[zofuveborumo: 30.11.2021, 22:56:47] --> Character was kicked from the bot, reason: Changing character
[hofukaraki:   30.11.2021, 22:57:09] --> Character was kicked from the bot, reason: Changing character
[zofuveborumo: 30.11.2021, 22:57:39] --> Character was kicked from the bot, reason: Changing character
[hofukaraki:   30.11.2021, 22:57:46] --> Character was kicked from the bot, reason: Changing character
[kilipovikuto: 30.11.2021, 22:57:53] --> Character was kicked from the bot, reason: Changing character
[vezabezatili: 30.11.2021, 22:58:12] --> wokoluwerazi appeared
[vezabezatili: 30.11.2021, 22:58:14] --> Character got kick
[vezabezatili: 30.11.2021, 22:58:44] --> Character was kicked from the bot, reason: Character was walking
[vezabezatili: 30.11.2021, 22:58:49] --> TheJoker96 appeared
[vezabezatili: 30.11.2021, 22:59:30] --> Character was kicked from the bot, reason: Changing character
[vezabezatili: 30.11.2021, 22:59:33] --> Character leveled up to level 43
[fovatalezo:   30.11.2021, 22:59:42] --> wokoluwerazi appeared
[fovatalezo:   30.11.2021, 22:59:58] --> Character was kicked from the bot, reason: Character was walking
[fovatalezo:   30.11.2021, 23:00:04] --> Namber1o1 appeared
[fovatalezo:   30.11.2021, 23:03:15] --> Bot successfully started
[fovatalezo:   30.11.2021, 23:03:15] --> PaperBag appeared
[fovatalezo:   30.11.2021, 23:07:12] --> PM recieved from Ch3s : Add P2W#9999 on Discord for info @ 24/7 Online @ 5 Minute Delivery @
[fovatalezo:   30.11.2021, 23:07:29] --> PM recieved from Ch3s : 40 Won - 25 ÊUR
[fovatalezo:   30.11.2021, 23:07:30] --> PM recieved from Ch3s : Add P2W#9999 on Discord for info @ 24/7 Online @ 5 Minute Delivery @
[fovatalezo:   30.11.2021, 23:11:32] --> Changing into CH8
