[medusakill:   24.12.2021, 11:41:01] --> Bot successfully started
[medusakill:   24.12.2021, 11:42:05] --> Bot successfully started
[medusakill:   24.12.2021, 11:42:28] --> Character was kicked from the bot, reason: Changing character
[ERWaseASd3:   24.12.2021, 11:53:48] --> ZaaAWEdfEra appeared
[ERWaseASd3:   24.12.2021, 12:03:54] --> Bot successfully started
[ERWaseASd3:   24.12.2021, 12:03:54] --> Setting '1.1' loaded because of active level settings
[ERWaseASd3:   24.12.2021, 12:04:01] --> Character went to saleswoman
[ERWaseASd3:   24.12.2021, 12:04:04] --> Character was kicked from the bot, reason: Character was walking
[ERWaseASd3:   24.12.2021, 12:04:36] --> Character was kicked from the bot, reason: Character was walking
[ERWaseASd3:   24.12.2021, 12:05:14] --> Character was kicked from the bot, reason: Character was walking
[ERWaseASd3:   24.12.2021, 12:05:19] --> Madron appeared
[ERWaseASd3:   24.12.2021, 12:05:27] --> Character leveled up to level 2
[ERWaseASd3:   24.12.2021, 12:05:28] --> Character leveled up to level 4
[ERWaseASd3:   24.12.2021, 12:05:29] --> Character leveled up to level 5
[ERWaseASd3:   24.12.2021, 12:05:30] --> Character leveled up to level 6
[ERWaseASd3:   24.12.2021, 12:05:31] --> Character leveled up to level 7
[ERWaseASd3:   24.12.2021, 12:05:34] --> Character leveled up to level 8
[ERWaseASd3:   24.12.2021, 12:05:35] --> Character leveled up to level 9
[ERWaseASd3:   24.12.2021, 12:05:37] --> Character leveled up to level 10
[ERWaseASd3:   24.12.2021, 12:05:38] --> Character leveled up to level 11
[ERWaseASd3:   24.12.2021, 12:05:40] --> Character leveled up to level 12
[ERWaseASd3:   24.12.2021, 12:05:45] --> Character leveled up to level 13
[ERWaseASd3:   24.12.2021, 12:05:56] --> Madron appeared
[ERWaseASd3:   24.12.2021, 12:05:59] --> Character leveled up to level 14
[ERWaseASd3:   24.12.2021, 12:06:24] --> Madron appeared
[ERWaseASd3:   24.12.2021, 12:06:32] --> Character leveled up to level 15
[ERWaseASd3:   24.12.2021, 12:06:32] --> Setting '2.2' loaded because of active level settings
[ERWaseASd3:   24.12.2021, 12:06:45] --> Character was kicked from the bot, reason: Character was walking
[ERWaseASd3:   24.12.2021, 12:07:10] --> Character was kicked from the bot, reason: Character was walking
[ERWaseASd3:   24.12.2021, 12:07:13] --> LKHasd32Qred appeared
[ERWaseASd3:   24.12.2021, 12:07:26] --> LKHasd32Qred appeared
[ERWaseASd3:   24.12.2021, 12:07:40] --> Character leveled up to level 16
[ERWaseASd3:   24.12.2021, 12:07:42] --> LKHasd32Qred appeared
[ERWaseASd3:   24.12.2021, 12:07:59] --> LKHasd32Qred appeared
[ERWaseASd3:   24.12.2021, 12:08:15] --> LKHasd32Qred appeared
[ERWaseASd3:   24.12.2021, 12:08:20] --> Character leveled up to level 17
[ERWaseASd3:   24.12.2021, 12:08:33] --> LKHasd32Qred appeared
[ERWaseASd3:   24.12.2021, 12:08:48] --> LKHasd32Qred appeared
[ERWaseASd3:   24.12.2021, 12:08:58] --> Character leveled up to level 18
[ERWaseASd3:   24.12.2021, 12:09:03] --> LKHasd32Qred appeared
[ERWaseASd3:   24.12.2021, 12:09:05] --> LKHasd32Qred appeared
[ERWaseASd3:   24.12.2021, 12:09:21] --> LKHasd32Qred appeared
[ERWaseASd3:   24.12.2021, 12:09:26] --> Character leveled up to level 19
[ERWaseASd3:   24.12.2021, 12:09:36] --> LKHasd32Qred appeared
[ERWaseASd3:   24.12.2021, 12:09:38] --> LKHasd32Qred appeared
[ERWaseASd3:   24.12.2021, 12:09:54] --> LKHasd32Qred appeared
[ERWaseASd3:   24.12.2021, 12:10:01] --> Character leveled up to level 20
[ERWaseASd3:   24.12.2021, 12:10:07] --> LKHasd32Qred appeared
[ERWaseASd3:   24.12.2021, 12:10:10] --> LKHasd32Qred appeared
[ERWaseASd3:   24.12.2021, 12:10:20] --> LKHasd32Qred appeared
[ERWaseASd3:   24.12.2021, 12:10:26] --> LKHasd32Qred appeared
[ERWaseASd3:   24.12.2021, 12:10:35] --> Character leveled up to level 21
[ERWaseASd3:   24.12.2021, 12:10:40] --> LKHasd32Qred appeared
[ERWaseASd3:   24.12.2021, 12:10:44] --> LKHasd32Qred appeared
[ERWaseASd3:   24.12.2021, 12:10:52] --> LKHasd32Qred appeared
[ERWaseASd3:   24.12.2021, 12:10:57] --> LKHasd32Qred appeared
[ERWaseASd3:   24.12.2021, 12:11:13] --> LKHasd32Qred appeared
[ERWaseASd3:   24.12.2021, 12:11:16] --> LKHasd32Qred appeared
[ERWaseASd3:   24.12.2021, 12:11:25] --> Character leveled up to level 22
[ERWaseASd3:   24.12.2021, 12:11:26] --> LKHasd32Qred appeared
[ERWaseASd3:   24.12.2021, 12:11:27] --> LKHasd32Qred appeared
[ERWaseASd3:   24.12.2021, 12:11:33] --> LKHasd32Qred appeared
[ERWaseASd3:   24.12.2021, 12:11:49] --> LKHasd32Qred appeared
[ERWaseASd3:   24.12.2021, 12:12:06] --> LKHasd32Qred appeared
[ERWaseASd3:   24.12.2021, 12:12:12] --> Character leveled up to level 23
[ERWaseASd3:   24.12.2021, 12:12:22] --> LKHasd32Qred appeared
[ERWaseASd3:   24.12.2021, 12:12:39] --> LKHasd32Qred appeared
[ERWaseASd3:   24.12.2021, 12:12:55] --> LKHasd32Qred appeared
[ERWaseASd3:   24.12.2021, 12:13:12] --> Character leveled up to level 24
[ERWaseASd3:   24.12.2021, 12:13:12] --> LKHasd32Qred appeared
[ERWaseASd3:   24.12.2021, 12:13:28] --> LKHasd32Qred appeared
[ERWaseASd3:   24.12.2021, 12:13:44] --> LKHasd32Qred appeared
[ERWaseASd3:   24.12.2021, 12:14:01] --> LKHasd32Qred appeared
[ERWaseASd3:   24.12.2021, 12:14:16] --> Character leveled up to level 25
[ERWaseASd3:   24.12.2021, 12:14:17] --> LKHasd32Qred appeared
[ERWaseASd3:   24.12.2021, 12:14:33] --> LKHasd32Qred appeared
[ERWaseASd3:   24.12.2021, 12:14:50] --> LKHasd32Qred appeared
[ERWaseASd3:   24.12.2021, 12:15:06] --> LKHasd32Qred appeared
[ERWaseASd3:   24.12.2021, 12:15:23] --> LKHasd32Qred appeared
[ERWaseASd3:   24.12.2021, 12:15:28] --> Character leveled up to level 26
[ERWaseASd3:   24.12.2021, 12:15:39] --> LKHasd32Qred appeared
[ERWaseASd3:   24.12.2021, 12:15:57] --> LKHasd32Qred appeared
[ERWaseASd3:   24.12.2021, 12:16:12] --> LKHasd32Qred appeared
[ERWaseASd3:   24.12.2021, 12:16:28] --> LKHasd32Qred appeared
[ERWaseASd3:   24.12.2021, 12:16:45] --> LKHasd32Qred appeared
[ERWaseASd3:   24.12.2021, 12:16:58] --> Character leveled up to level 27
[ERWaseASd3:   24.12.2021, 12:17:02] --> LKHasd32Qred appeared
[ERWaseASd3:   24.12.2021, 12:17:18] --> LKHasd32Qred appeared
[ERWaseASd3:   24.12.2021, 12:17:36] --> LKHasd32Qred appeared
[ERWaseASd3:   24.12.2021, 12:17:52] --> LKHasd32Qred appeared
[ERWaseASd3:   24.12.2021, 12:18:09] --> LKHasd32Qred appeared
[ERWaseASd3:   24.12.2021, 12:18:24] --> LKHasd32Qred appeared
[ERWaseASd3:   24.12.2021, 12:18:41] --> LKHasd32Qred appeared
[ERWaseASd3:   24.12.2021, 12:18:57] --> LKHasd32Qred appeared
[ERWaseASd3:   24.12.2021, 12:18:58] --> Character leveled up to level 28
[ERWaseASd3:   24.12.2021, 12:19:13] --> LKHasd32Qred appeared
[ERWaseASd3:   24.12.2021, 12:19:29] --> LKHasd32Qred appeared
[ERWaseASd3:   24.12.2021, 12:19:46] --> LKHasd32Qred appeared
[ERWaseASd3:   24.12.2021, 12:20:03] --> LKHasd32Qred appeared
[ERWaseASd3:   24.12.2021, 12:20:19] --> LKHasd32Qred appeared
[ERWaseASd3:   24.12.2021, 12:20:36] --> LKHasd32Qred appeared
[ERWaseASd3:   24.12.2021, 12:20:52] --> LKHasd32Qred appeared
[ERWaseASd3:   24.12.2021, 12:21:08] --> LKHasd32Qred appeared
[ERWaseASd3:   24.12.2021, 12:21:26] --> LKHasd32Qred appeared
[ERWaseASd3:   24.12.2021, 12:21:29] --> Character leveled up to level 29
[ERWaseASd3:   24.12.2021, 12:21:41] --> LKHasd32Qred appeared
[ERWaseASd3:   24.12.2021, 12:21:59] --> LKHasd32Qred appeared
[ERWaseASd3:   24.12.2021, 12:22:14] --> LKHasd32Qred appeared
[ERWaseASd3:   24.12.2021, 12:22:32] --> LKHasd32Qred appeared
[ERWaseASd3:   24.12.2021, 12:22:47] --> LKHasd32Qred appeared
[ERWaseASd3:   24.12.2021, 12:23:05] --> LKHasd32Qred appeared
[ERWaseASd3:   24.12.2021, 12:23:22] --> LKHasd32Qred appeared
[ERWaseASd3:   24.12.2021, 12:23:37] --> Character leveled up to level 30
[ERWaseASd3:   24.12.2021, 12:23:38] --> LKHasd32Qred appeared
[ERWaseASd3:   24.12.2021, 12:23:53] --> LKHasd32Qred appeared
[ERWaseASd3:   24.12.2021, 12:24:11] --> LKHasd32Qred appeared
[ERWaseASd3:   24.12.2021, 12:24:26] --> LKHasd32Qred appeared
[ERWaseASd3:   24.12.2021, 12:24:45] --> LKHasd32Qred appeared
[ERWaseASd3:   24.12.2021, 12:25:00] --> LKHasd32Qred appeared
[ERWaseASd3:   24.12.2021, 12:25:17] --> LKHasd32Qred appeared
[ERWaseASd3:   24.12.2021, 12:25:33] --> LKHasd32Qred appeared
[ERWaseASd3:   24.12.2021, 12:25:37] --> Character leveled up to level 31
[ERWaseASd3:   24.12.2021, 12:25:51] --> LKHasd32Qred appeared
[ERWaseASd3:   24.12.2021, 12:26:05] --> LKHasd32Qred appeared
[ERWaseASd3:   24.12.2021, 12:26:22] --> LKHasd32Qred appeared
[ERWaseASd3:   24.12.2021, 12:26:38] --> LKHasd32Qred appeared
[ERWaseASd3:   24.12.2021, 12:26:56] --> LKHasd32Qred appeared
[ERWaseASd3:   24.12.2021, 12:27:11] --> LKHasd32Qred appeared
[ERWaseASd3:   24.12.2021, 12:27:28] --> LKHasd32Qred appeared
[ERWaseASd3:   24.12.2021, 12:27:45] --> LKHasd32Qred appeared
[ERWaseASd3:   24.12.2021, 12:27:47] --> Character leveled up to level 32
[ERWaseASd3:   24.12.2021, 12:28:01] --> LKHasd32Qred appeared
[ERWaseASd3:   24.12.2021, 12:28:17] --> LKHasd32Qred appeared
[ERWaseASd3:   24.12.2021, 12:28:35] --> LKHasd32Qred appeared
[ERWaseASd3:   24.12.2021, 12:28:50] --> LKHasd32Qred appeared
[ERWaseASd3:   24.12.2021, 12:29:06] --> LKHasd32Qred appeared
[ERWaseASd3:   24.12.2021, 12:29:23] --> LKHasd32Qred appeared
[ERWaseASd3:   24.12.2021, 12:29:39] --> LKHasd32Qred appeared
[ERWaseASd3:   24.12.2021, 12:29:56] --> LKHasd32Qred appeared
[ERWaseASd3:   24.12.2021, 12:30:11] --> LKHasd32Qred appeared
[ERWaseASd3:   24.12.2021, 12:30:28] --> LKHasd32Qred appeared
[ERWaseASd3:   24.12.2021, 12:30:45] --> LKHasd32Qred appeared
[ERWaseASd3:   24.12.2021, 12:30:49] --> Character leveled up to level 33
[ERWaseASd3:   24.12.2021, 12:31:02] --> LKHasd32Qred appeared
[ERWaseASd3:   24.12.2021, 12:31:19] --> LKHasd32Qred appeared
[ERWaseASd3:   24.12.2021, 12:31:35] --> LKHasd32Qred appeared
[ERWaseASd3:   24.12.2021, 12:31:51] --> LKHasd32Qred appeared
[ERWaseASd3:   24.12.2021, 12:32:08] --> LKHasd32Qred appeared
[ERWaseASd3:   24.12.2021, 12:32:24] --> LKHasd32Qred appeared
[ERWaseASd3:   24.12.2021, 12:32:39] --> LKHasd32Qred appeared
[ERWaseASd3:   24.12.2021, 12:32:56] --> LKHasd32Qred appeared
[ERWaseASd3:   24.12.2021, 12:33:13] --> LKHasd32Qred appeared
[ERWaseASd3:   24.12.2021, 12:33:30] --> LKHasd32Qred appeared
[ERWaseASd3:   24.12.2021, 12:33:45] --> LKHasd32Qred appeared
[ERWaseASd3:   24.12.2021, 12:34:03] --> LKHasd32Qred appeared
[ERWaseASd3:   24.12.2021, 12:34:13] --> Character leveled up to level 34
[ERWaseASd3:   24.12.2021, 12:34:19] --> LKHasd32Qred appeared
[ERWaseASd3:   24.12.2021, 12:34:34] --> LKHasd32Qred appeared
[ERWaseASd3:   24.12.2021, 12:34:52] --> LKHasd32Qred appeared
[ERWaseASd3:   24.12.2021, 12:35:09] --> LKHasd32Qred appeared
[ERWaseASd3:   24.12.2021, 12:35:24] --> LKHasd32Qred appeared
[ERWaseASd3:   24.12.2021, 12:35:40] --> LKHasd32Qred appeared
[ERWaseASd3:   24.12.2021, 12:35:57] --> LKHasd32Qred appeared
[ERWaseASd3:   24.12.2021, 12:36:13] --> LKHasd32Qred appeared
[ERWaseASd3:   24.12.2021, 12:36:30] --> LKHasd32Qred appeared
[ERWaseASd3:   24.12.2021, 12:36:46] --> LKHasd32Qred appeared
[ERWaseASd3:   24.12.2021, 12:37:03] --> LKHasd32Qred appeared
[ERWaseASd3:   24.12.2021, 12:37:19] --> LKHasd32Qred appeared
[ERWaseASd3:   24.12.2021, 12:37:35] --> LKHasd32Qred appeared
[ERWaseASd3:   24.12.2021, 12:37:51] --> LKHasd32Qred appeared
[ERWaseASd3:   24.12.2021, 12:37:56] --> Character leveled up to level 35
[ERWaseASd3:   24.12.2021, 12:38:08] --> LKHasd32Qred appeared
[ERWaseASd3:   24.12.2021, 12:38:24] --> LKHasd32Qred appeared
[ERWaseASd3:   24.12.2021, 12:38:41] --> LKHasd32Qred appeared
[ERWaseASd3:   24.12.2021, 12:38:57] --> LKHasd32Qred appeared
[ERWaseASd3:   24.12.2021, 12:39:14] --> LKHasd32Qred appeared
[ERWaseASd3:   24.12.2021, 12:39:30] --> LKHasd32Qred appeared
[ERWaseASd3:   24.12.2021, 12:39:46] --> LKHasd32Qred appeared
[ERWaseASd3:   24.12.2021, 12:40:03] --> LKHasd32Qred appeared
[ERWaseASd3:   24.12.2021, 12:40:19] --> LKHasd32Qred appeared
[ERWaseASd3:   24.12.2021, 12:40:36] --> LKHasd32Qred appeared
[ERWaseASd3:   24.12.2021, 12:40:52] --> LKHasd32Qred appeared
[ERWaseASd3:   24.12.2021, 12:41:09] --> LKHasd32Qred appeared
[ERWaseASd3:   24.12.2021, 12:41:25] --> LKHasd32Qred appeared
[ERWaseASd3:   24.12.2021, 12:41:29] --> Character leveled up to level 36
[ERWaseASd3:   24.12.2021, 12:41:42] --> LKHasd32Qred appeared
[ERWaseASd3:   24.12.2021, 12:41:57] --> LKHasd32Qred appeared
[ERWaseASd3:   24.12.2021, 12:42:15] --> LKHasd32Qred appeared
[ERWaseASd3:   24.12.2021, 12:42:30] --> LKHasd32Qred appeared
[ERWaseASd3:   24.12.2021, 12:42:48] --> LKHasd32Qred appeared
[ERWaseASd3:   24.12.2021, 12:43:03] --> LKHasd32Qred appeared
[ERWaseASd3:   24.12.2021, 12:43:21] --> LKHasd32Qred appeared
[ERWaseASd3:   24.12.2021, 12:43:38] --> LKHasd32Qred appeared
[ERWaseASd3:   24.12.2021, 12:43:54] --> LKHasd32Qred appeared
[ERWaseASd3:   24.12.2021, 12:44:10] --> LKHasd32Qred appeared
[ERWaseASd3:   24.12.2021, 12:44:27] --> LKHasd32Qred appeared
[ERWaseASd3:   24.12.2021, 12:44:44] --> LKHasd32Qred appeared
[ERWaseASd3:   24.12.2021, 12:45:00] --> LKHasd32Qred appeared
[ERWaseASd3:   24.12.2021, 12:45:17] --> LKHasd32Qred appeared
[ERWaseASd3:   24.12.2021, 12:45:33] --> LKHasd32Qred appeared
[ERWaseASd3:   24.12.2021, 12:45:51] --> LKHasd32Qred appeared
[ERWaseASd3:   24.12.2021, 12:46:06] --> LKHasd32Qred appeared
[ERWaseASd3:   24.12.2021, 12:46:22] --> LKHasd32Qred appeared
[ERWaseASd3:   24.12.2021, 12:46:35] --> Character leveled up to level 37
[ERWaseASd3:   24.12.2021, 12:46:39] --> LKHasd32Qred appeared
[ERWaseASd3:   24.12.2021, 12:46:54] --> LKHasd32Qred appeared
[ERWaseASd3:   24.12.2021, 12:47:11] --> LKHasd32Qred appeared
[ERWaseASd3:   24.12.2021, 12:47:28] --> LKHasd32Qred appeared
[ERWaseASd3:   24.12.2021, 12:47:45] --> LKHasd32Qred appeared
[ERWaseASd3:   24.12.2021, 12:48:02] --> LKHasd32Qred appeared
[ERWaseASd3:   24.12.2021, 12:48:19] --> LKHasd32Qred appeared
[ERWaseASd3:   24.12.2021, 12:48:34] --> LKHasd32Qred appeared
[ERWaseASd3:   24.12.2021, 12:48:51] --> LKHasd32Qred appeared
[ERWaseASd3:   24.12.2021, 12:49:07] --> LKHasd32Qred appeared
[ERWaseASd3:   24.12.2021, 12:49:26] --> LKHasd32Qred appeared
[ERWaseASd3:   24.12.2021, 12:49:40] --> LKHasd32Qred appeared
[ERWaseASd3:   24.12.2021, 12:49:57] --> LKHasd32Qred appeared
[ERWaseASd3:   24.12.2021, 12:50:13] --> LKHasd32Qred appeared
[ERWaseASd3:   24.12.2021, 12:50:31] --> LKHasd32Qred appeared
[ERWaseASd3:   24.12.2021, 12:50:47] --> LKHasd32Qred appeared
[ERWaseASd3:   24.12.2021, 12:51:04] --> LKHasd32Qred appeared
[ERWaseASd3:   24.12.2021, 12:51:20] --> LKHasd32Qred appeared
[ERWaseASd3:   24.12.2021, 12:51:36] --> LKHasd32Qred appeared
[ERWaseASd3:   24.12.2021, 12:51:46] --> Character leveled up to level 38
[ERWaseASd3:   24.12.2021, 12:51:53] --> LKHasd32Qred appeared
[ERWaseASd3:   24.12.2021, 12:52:09] --> LKHasd32Qred appeared
[ERWaseASd3:   24.12.2021, 12:52:25] --> LKHasd32Qred appeared
[ERWaseASd3:   24.12.2021, 12:52:42] --> LKHasd32Qred appeared
[ERWaseASd3:   24.12.2021, 12:53:00] --> LKHasd32Qred appeared
[ERWaseASd3:   24.12.2021, 12:53:16] --> LKHasd32Qred appeared
[ERWaseASd3:   24.12.2021, 12:53:32] --> LKHasd32Qred appeared
[ERWaseASd3:   24.12.2021, 12:53:49] --> LKHasd32Qred appeared
[ERWaseASd3:   24.12.2021, 12:54:06] --> LKHasd32Qred appeared
[ERWaseASd3:   24.12.2021, 12:54:23] --> LKHasd32Qred appeared
[ERWaseASd3:   24.12.2021, 12:54:39] --> LKHasd32Qred appeared
[ERWaseASd3:   24.12.2021, 12:54:57] --> LKHasd32Qred appeared
[ERWaseASd3:   24.12.2021, 12:55:13] --> LKHasd32Qred appeared
[ERWaseASd3:   24.12.2021, 12:55:30] --> LKHasd32Qred appeared
[ERWaseASd3:   24.12.2021, 12:55:45] --> LKHasd32Qred appeared
[ERWaseASd3:   24.12.2021, 12:56:04] --> LKHasd32Qred appeared
[ERWaseASd3:   24.12.2021, 12:56:20] --> LKHasd32Qred appeared
[ERWaseASd3:   24.12.2021, 12:56:38] --> LKHasd32Qred appeared
[ERWaseASd3:   24.12.2021, 12:56:55] --> LKHasd32Qred appeared
[ERWaseASd3:   24.12.2021, 12:57:09] --> Character leveled up to level 39
[ERWaseASd3:   24.12.2021, 12:57:11] --> LKHasd32Qred appeared
[ERWaseASd3:   24.12.2021, 12:57:27] --> LKHasd32Qred appeared
[ERWaseASd3:   24.12.2021, 12:57:45] --> LKHasd32Qred appeared
[ERWaseASd3:   24.12.2021, 12:58:01] --> LKHasd32Qred appeared
[ERWaseASd3:   24.12.2021, 12:58:19] --> LKHasd32Qred appeared
[ERWaseASd3:   24.12.2021, 12:58:35] --> LKHasd32Qred appeared
[ERWaseASd3:   24.12.2021, 12:58:53] --> LKHasd32Qred appeared
[ERWaseASd3:   24.12.2021, 12:59:09] --> LKHasd32Qred appeared
[ERWaseASd3:   24.12.2021, 12:59:27] --> LKHasd32Qred appeared
[ERWaseASd3:   24.12.2021, 12:59:45] --> LKHasd32Qred appeared
[ERWaseASd3:   24.12.2021, 13:00:01] --> LKHasd32Qred appeared
[ERWaseASd3:   24.12.2021, 13:00:19] --> LKHasd32Qred appeared
[ERWaseASd3:   24.12.2021, 13:00:36] --> LKHasd32Qred appeared
[ERWaseASd3:   24.12.2021, 13:00:53] --> LKHasd32Qred appeared
[ERWaseASd3:   24.12.2021, 13:01:11] --> LKHasd32Qred appeared
[ERWaseASd3:   24.12.2021, 13:01:29] --> LKHasd32Qred appeared
[ERWaseASd3:   24.12.2021, 13:01:46] --> LKHasd32Qred appeared
[ERWaseASd3:   24.12.2021, 13:02:04] --> LKHasd32Qred appeared
[ERWaseASd3:   24.12.2021, 13:02:22] --> LKHasd32Qred appeared
[ERWaseASd3:   24.12.2021, 13:02:40] --> LKHasd32Qred appeared
[ERWaseASd3:   24.12.2021, 13:02:59] --> LKHasd32Qred appeared
[ERWaseASd3:   24.12.2021, 13:03:15] --> LKHasd32Qred appeared
[ERWaseASd3:   24.12.2021, 13:03:27] --> Character leveled up to level 40
[ERWaseASd3:   24.12.2021, 13:03:35] --> LKHasd32Qred appeared
[ERWaseASd3:   24.12.2021, 13:03:55] --> LKHasd32Qred appeared
[ERWaseASd3:   24.12.2021, 13:04:14] --> LKHasd32Qred appeared
[ERWaseASd3:   24.12.2021, 13:04:40] --> Character got kick
[ERWaseASd3:   24.12.2021, 13:05:02] --> LKHasd32Qred appeared
[ERWaseASd3:   24.12.2021, 13:05:10] --> LKHasd32Qred appeared
[ERWaseASd3:   24.12.2021, 13:05:15] --> LKHasd32Qred appeared
[ERWaseASd3:   24.12.2021, 13:05:32] --> LKHasd32Qred appeared
[ERWaseASd3:   24.12.2021, 13:05:37] --> LKHasd32Qred appeared
[ERWaseASd3:   24.12.2021, 13:05:43] --> LKHasd32Qred appeared
[ERWaseASd3:   24.12.2021, 13:05:49] --> LKHasd32Qred appeared
[ERWaseASd3:   24.12.2021, 13:07:34] --> LKHasd32Qred appeared
[ERWaseASd3:   24.12.2021, 13:07:50] --> LKHasd32Qred appeared
[ERWaseASd3:   24.12.2021, 13:07:57] --> LKHasd32Qred appeared
[ERWaseASd3:   24.12.2021, 13:08:04] --> LKHasd32Qred appeared
[ERWaseASd3:   24.12.2021, 13:08:40] --> LKHasd32Qred appeared
[ERWaseASd3:   24.12.2021, 13:08:45] --> LKHasd32Qred appeared
[ERWaseASd3:   24.12.2021, 13:09:03] --> LKHasd32Qred appeared
[ERWaseASd3:   24.12.2021, 13:09:17] --> LKHasd32Qred appeared
[ERWaseASd3:   24.12.2021, 13:09:22] --> LKHasd32Qred appeared
[ERWaseASd3:   24.12.2021, 13:09:45] --> LKHasd32Qred appeared
[ERWaseASd3:   24.12.2021, 13:09:59] --> LKHasd32Qred appeared
[ERWaseASd3:   24.12.2021, 13:14:45] --> LKHasd32Qred appeared
[ERWaseASd3:   24.12.2021, 13:14:50] --> LKHasd32Qred appeared
[ERWaseASd3:   24.12.2021, 13:15:44] --> LKHasd32Qred appeared
[ERWaseASd3:   24.12.2021, 13:15:50] --> LKHasd32Qred appeared
[ERWaseASd3:   24.12.2021, 13:15:57] --> LKHasd32Qred appeared
[ERWaseASd3:   24.12.2021, 13:16:03] --> LKHasd32Qred appeared
[ERWaseASd3:   24.12.2021, 13:16:19] --> LKHasd32Qred appeared
[ERWaseASd3:   24.12.2021, 13:16:23] --> LKHasd32Qred appeared
[ERWaseASd3:   24.12.2021, 13:16:32] --> LKHasd32Qred appeared
[ERWaseASd3:   24.12.2021, 13:16:38] --> LKHasd32Qred appeared
[ERWaseASd3:   24.12.2021, 13:16:43] --> Character leveled up to level 41
[ERWaseASd3:   24.12.2021, 13:16:54] --> LKHasd32Qred appeared
[ERWaseASd3:   24.12.2021, 13:17:06] --> LKHasd32Qred appeared
[ERWaseASd3:   24.12.2021, 13:17:11] --> LKHasd32Qred appeared
[ERWaseASd3:   24.12.2021, 13:17:27] --> LKHasd32Qred appeared
[ERWaseASd3:   24.12.2021, 13:17:31] --> LKHasd32Qred appeared
[ERWaseASd3:   24.12.2021, 13:17:40] --> LKHasd32Qred appeared
[ERWaseASd3:   24.12.2021, 13:17:45] --> LKHasd32Qred appeared
[ERWaseASd3:   24.12.2021, 13:18:03] --> LKHasd32Qred appeared
[ERWaseASd3:   24.12.2021, 13:18:19] --> LKHasd32Qred appeared
[ERWaseASd3:   24.12.2021, 13:18:34] --> LKHasd32Qred appeared
[ERWaseASd3:   24.12.2021, 13:18:37] --> LKHasd32Qred appeared
[ERWaseASd3:   24.12.2021, 13:18:46] --> LKHasd32Qred appeared
[ERWaseASd3:   24.12.2021, 13:18:51] --> LKHasd32Qred appeared
[ERWaseASd3:   24.12.2021, 13:19:06] --> LKHasd32Qred appeared
[ERWaseASd3:   24.12.2021, 13:19:11] --> LKHasd32Qred appeared
[ERWaseASd3:   24.12.2021, 13:19:24] --> LKHasd32Qred appeared
[ERWaseASd3:   24.12.2021, 13:19:26] --> LKHasd32Qred appeared
[ERWaseASd3:   24.12.2021, 13:19:42] --> LKHasd32Qred appeared
[ERWaseASd3:   24.12.2021, 13:19:59] --> LKHasd32Qred appeared
[ERWaseASd3:   24.12.2021, 13:20:17] --> LKHasd32Qred appeared
[ERWaseASd3:   24.12.2021, 13:20:33] --> LKHasd32Qred appeared
[ERWaseASd3:   24.12.2021, 13:20:50] --> LKHasd32Qred appeared
[ERWaseASd3:   24.12.2021, 13:21:07] --> LKHasd32Qred appeared
[ERWaseASd3:   24.12.2021, 13:21:23] --> LKHasd32Qred appeared
[ERWaseASd3:   24.12.2021, 13:21:40] --> LKHasd32Qred appeared
[ERWaseASd3:   24.12.2021, 13:21:57] --> LKHasd32Qred appeared
[ERWaseASd3:   24.12.2021, 13:22:14] --> LKHasd32Qred appeared
[ERWaseASd3:   24.12.2021, 13:22:32] --> LKHasd32Qred appeared
[ERWaseASd3:   24.12.2021, 13:22:50] --> LKHasd32Qred appeared
[ERWaseASd3:   24.12.2021, 13:23:06] --> LKHasd32Qred appeared
[ERWaseASd3:   24.12.2021, 13:23:26] --> LKHasd32Qred appeared
[ERWaseASd3:   24.12.2021, 13:23:40] --> LKHasd32Qred appeared
[ERWaseASd3:   24.12.2021, 13:24:41] --> Character got kick
[ERWaseASd3:   24.12.2021, 13:24:49] --> LKHasd32Qred appeared
[ERWaseASd3:   24.12.2021, 13:25:06] --> LKHasd32Qred appeared
[ERWaseASd3:   24.12.2021, 13:25:22] --> LKHasd32Qred appeared
[ERWaseASd3:   24.12.2021, 13:25:38] --> LKHasd32Qred appeared
[ERWaseASd3:   24.12.2021, 13:25:41] --> Character leveled up to level 42
[ERWaseASd3:   24.12.2021, 13:25:57] --> LKHasd32Qred appeared
[ERWaseASd3:   24.12.2021, 13:26:10] --> LKHasd32Qred appeared
[ERWaseASd3:   24.12.2021, 13:26:28] --> LKHasd32Qred appeared
[ERWaseASd3:   24.12.2021, 13:26:43] --> LKHasd32Qred appeared
[ERWaseASd3:   24.12.2021, 13:27:01] --> LKHasd32Qred appeared
[ERWaseASd3:   24.12.2021, 13:27:18] --> LKHasd32Qred appeared
[ERWaseASd3:   24.12.2021, 13:27:33] --> LKHasd32Qred appeared
[ERWaseASd3:   24.12.2021, 13:27:50] --> LKHasd32Qred appeared
[ERWaseASd3:   24.12.2021, 13:28:09] --> LKHasd32Qred appeared
[ERWaseASd3:   24.12.2021, 13:28:23] --> LKHasd32Qred appeared
[ERWaseASd3:   24.12.2021, 13:28:42] --> LKHasd32Qred appeared
[ERWaseASd3:   24.12.2021, 13:28:56] --> LKHasd32Qred appeared
[ERWaseASd3:   24.12.2021, 13:29:13] --> LKHasd32Qred appeared
[ERWaseASd3:   24.12.2021, 13:29:29] --> LKHasd32Qred appeared
[ERWaseASd3:   24.12.2021, 13:29:48] --> LKHasd32Qred appeared
[ERWaseASd3:   24.12.2021, 13:29:58] --> Character got kick
[ERWaseASd3:   24.12.2021, 13:32:08] --> Character leveled up to level 43
[ERWaseASd3:   24.12.2021, 13:32:41] --> LKHasd32Qred appeared
[ERWaseASd3:   24.12.2021, 13:33:03] --> LKHasd32Qred appeared
[ERWaseASd3:   24.12.2021, 13:33:19] --> LKHasd32Qred appeared
[ERWaseASd3:   24.12.2021, 13:33:32] --> LKHasd32Qred appeared
[ERWaseASd3:   24.12.2021, 13:33:37] --> LKHasd32Qred appeared
[ERWaseASd3:   24.12.2021, 13:33:44] --> LKHasd32Qred appeared
[ERWaseASd3:   24.12.2021, 13:33:50] --> LKHasd32Qred appeared
[ERWaseASd3:   24.12.2021, 13:34:05] --> LKHasd32Qred appeared
[ERWaseASd3:   24.12.2021, 13:34:09] --> LKHasd32Qred appeared
[ERWaseASd3:   24.12.2021, 13:34:17] --> LKHasd32Qred appeared
[ERWaseASd3:   24.12.2021, 13:34:22] --> LKHasd32Qred appeared
[ERWaseASd3:   24.12.2021, 13:34:37] --> LKHasd32Qred appeared
[ERWaseASd3:   24.12.2021, 13:34:42] --> LKHasd32Qred appeared
[ERWaseASd3:   24.12.2021, 13:34:57] --> LKHasd32Qred appeared
[ERWaseASd3:   24.12.2021, 13:35:11] --> LKHasd32Qred appeared
[ERWaseASd3:   24.12.2021, 13:35:16] --> LKHasd32Qred appeared
[ERWaseASd3:   24.12.2021, 13:35:23] --> LKHasd32Qred appeared
[ERWaseASd3:   24.12.2021, 13:35:28] --> LKHasd32Qred appeared
[ERWaseASd3:   24.12.2021, 13:35:43] --> LKHasd32Qred appeared
[ERWaseASd3:   24.12.2021, 13:36:01] --> LKHasd32Qred appeared
[ERWaseASd3:   24.12.2021, 13:36:17] --> LKHasd32Qred appeared
[ERWaseASd3:   24.12.2021, 13:36:22] --> LKHasd32Qred appeared
[ERWaseASd3:   24.12.2021, 13:36:29] --> LKHasd32Qred appeared
[ERWaseASd3:   24.12.2021, 13:36:34] --> LKHasd32Qred appeared
[ERWaseASd3:   24.12.2021, 13:36:49] --> LKHasd32Qred appeared
[ERWaseASd3:   24.12.2021, 13:36:56] --> LKHasd32Qred appeared
[ERWaseASd3:   24.12.2021, 13:37:02] --> LKHasd32Qred appeared
[ERWaseASd3:   24.12.2021, 13:37:22] --> LKHasd32Qred appeared
[ERWaseASd3:   24.12.2021, 13:37:34] --> LKHasd32Qred appeared
[ERWaseASd3:   24.12.2021, 13:37:40] --> LKHasd32Qred appeared
[ERWaseASd3:   24.12.2021, 13:37:55] --> LKHasd32Qred appeared
[ERWaseASd3:   24.12.2021, 13:38:00] --> LKHasd32Qred appeared
[ERWaseASd3:   24.12.2021, 13:38:07] --> LKHasd32Qred appeared
[ERWaseASd3:   24.12.2021, 13:38:13] --> LKHasd32Qred appeared
[ERWaseASd3:   24.12.2021, 13:38:27] --> Character leveled up to level 44
[ERWaseASd3:   24.12.2021, 13:38:29] --> LKHasd32Qred appeared
[ERWaseASd3:   24.12.2021, 13:38:42] --> LKHasd32Qred appeared
[ERWaseASd3:   24.12.2021, 13:38:46] --> LKHasd32Qred appeared
[ERWaseASd3:   24.12.2021, 13:39:01] --> LKHasd32Qred appeared
[ERWaseASd3:   24.12.2021, 13:39:06] --> LKHasd32Qred appeared
[ERWaseASd3:   24.12.2021, 13:39:13] --> LKHasd32Qred appeared
[ERWaseASd3:   24.12.2021, 13:39:19] --> LKHasd32Qred appeared
[ERWaseASd3:   24.12.2021, 13:39:33] --> LKHasd32Qred appeared
[ERWaseASd3:   24.12.2021, 13:39:38] --> LKHasd32Qred appeared
[ERWaseASd3:   24.12.2021, 13:39:54] --> LKHasd32Qred appeared
[ERWaseASd3:   24.12.2021, 13:40:11] --> LKHasd32Qred appeared
[ERWaseASd3:   24.12.2021, 13:40:20] --> LKHasd32Qred appeared
[ERWaseASd3:   24.12.2021, 13:40:27] --> LKHasd32Qred appeared
[ERWaseASd3:   24.12.2021, 13:40:41] --> LKHasd32Qred appeared
[ERWaseASd3:   24.12.2021, 13:41:01] --> LKHasd32Qred appeared
[ERWaseASd3:   24.12.2021, 13:41:17] --> LKHasd32Qred appeared
[ERWaseASd3:   24.12.2021, 13:41:32] --> LKHasd32Qred appeared
[ERWaseASd3:   24.12.2021, 13:41:49] --> LKHasd32Qred appeared
[ERWaseASd3:   24.12.2021, 13:42:05] --> LKHasd32Qred appeared
[ERWaseASd3:   24.12.2021, 13:42:19] --> LKHasd32Qred appeared
[ERWaseASd3:   24.12.2021, 13:42:23] --> LKHasd32Qred appeared
[ERWaseASd3:   24.12.2021, 13:42:38] --> LKHasd32Qred appeared
[ERWaseASd3:   24.12.2021, 13:42:55] --> LKHasd32Qred appeared
[ERWaseASd3:   24.12.2021, 13:43:12] --> LKHasd32Qred appeared
[ERWaseASd3:   24.12.2021, 13:43:26] --> LKHasd32Qred appeared
[ERWaseASd3:   24.12.2021, 13:43:29] --> LKHasd32Qred appeared
[ERWaseASd3:   24.12.2021, 13:43:45] --> LKHasd32Qred appeared
[ERWaseASd3:   24.12.2021, 13:44:01] --> LKHasd32Qred appeared
[ERWaseASd3:   24.12.2021, 13:44:17] --> LKHasd32Qred appeared
[ERWaseASd3:   24.12.2021, 13:44:36] --> LKHasd32Qred appeared
[ERWaseASd3:   24.12.2021, 13:44:50] --> LKHasd32Qred appeared
[ERWaseASd3:   24.12.2021, 13:45:07] --> LKHasd32Qred appeared
[ERWaseASd3:   24.12.2021, 13:45:22] --> LKHasd32Qred appeared
[ERWaseASd3:   24.12.2021, 13:45:39] --> LKHasd32Qred appeared
[ERWaseASd3:   24.12.2021, 13:45:56] --> LKHasd32Qred appeared
[ERWaseASd3:   24.12.2021, 13:46:12] --> LKHasd32Qred appeared
[ERWaseASd3:   24.12.2021, 13:46:29] --> LKHasd32Qred appeared
[ERWaseASd3:   24.12.2021, 13:46:35] --> Character leveled up to level 45
[ERWaseASd3:   24.12.2021, 13:46:45] --> LKHasd32Qred appeared
[ERWaseASd3:   24.12.2021, 13:47:03] --> LKHasd32Qred appeared
[ERWaseASd3:   24.12.2021, 13:47:19] --> LKHasd32Qred appeared
[ERWaseASd3:   24.12.2021, 13:47:35] --> LKHasd32Qred appeared
[ERWaseASd3:   24.12.2021, 13:47:52] --> LKHasd32Qred appeared
[ERWaseASd3:   24.12.2021, 13:48:09] --> LKHasd32Qred appeared
[ERWaseASd3:   24.12.2021, 13:48:25] --> LKHasd32Qred appeared
[ERWaseASd3:   24.12.2021, 13:48:42] --> LKHasd32Qred appeared
[ERWaseASd3:   24.12.2021, 13:49:02] --> LKHasd32Qred appeared
[ERWaseASd3:   24.12.2021, 13:49:18] --> LKHasd32Qred appeared
[ERWaseASd3:   24.12.2021, 13:49:35] --> LKHasd32Qred appeared
[ERWaseASd3:   24.12.2021, 13:49:52] --> LKHasd32Qred appeared
[ERWaseASd3:   24.12.2021, 13:50:10] --> LKHasd32Qred appeared
[ERWaseASd3:   24.12.2021, 13:50:27] --> LKHasd32Qred appeared
[ERWaseASd3:   24.12.2021, 13:50:45] --> LKHasd32Qred appeared
[ERWaseASd3:   24.12.2021, 13:51:03] --> LKHasd32Qred appeared
[ERWaseASd3:   24.12.2021, 13:51:22] --> LKHasd32Qred appeared
[ERWaseASd3:   24.12.2021, 13:51:40] --> LKHasd32Qred appeared
[ERWaseASd3:   24.12.2021, 13:51:59] --> LKHasd32Qred appeared
[ERWaseASd3:   24.12.2021, 13:52:16] --> LKHasd32Qred appeared
[ERWaseASd3:   24.12.2021, 13:52:34] --> LKHasd32Qred appeared
[ERWaseASd3:   24.12.2021, 13:52:54] --> LKHasd32Qred appeared
[ERWaseASd3:   24.12.2021, 13:53:09] --> LKHasd32Qred appeared
[ERWaseASd3:   24.12.2021, 13:53:26] --> LKHasd32Qred appeared
[ERWaseASd3:   24.12.2021, 13:53:42] --> LKHasd32Qred appeared
[ERWaseASd3:   24.12.2021, 13:54:00] --> LKHasd32Qred appeared
[ERWaseASd3:   24.12.2021, 13:54:16] --> LKHasd32Qred appeared
[ERWaseASd3:   24.12.2021, 13:54:32] --> LKHasd32Qred appeared
[ERWaseASd3:   24.12.2021, 13:54:49] --> LKHasd32Qred appeared
[ERWaseASd3:   24.12.2021, 13:55:05] --> LKHasd32Qred appeared
[ERWaseASd3:   24.12.2021, 13:55:21] --> LKHasd32Qred appeared
[ERWaseASd3:   24.12.2021, 13:55:39] --> LKHasd32Qred appeared
[ERWaseASd3:   24.12.2021, 13:55:57] --> LKHasd32Qred appeared
[ERWaseASd3:   24.12.2021, 13:56:12] --> LKHasd32Qred appeared
[ERWaseASd3:   24.12.2021, 13:56:26] --> Character leveled up to level 46
[ERWaseASd3:   24.12.2021, 13:56:28] --> LKHasd32Qred appeared
[ERWaseASd3:   24.12.2021, 13:56:45] --> LKHasd32Qred appeared
[ERWaseASd3:   24.12.2021, 13:57:02] --> LKHasd32Qred appeared
[ERWaseASd3:   24.12.2021, 13:57:17] --> LKHasd32Qred appeared
[ERWaseASd3:   24.12.2021, 13:57:35] --> LKHasd32Qred appeared
[ERWaseASd3:   24.12.2021, 13:57:51] --> LKHasd32Qred appeared
[ERWaseASd3:   24.12.2021, 13:58:08] --> LKHasd32Qred appeared
[ERWaseASd3:   24.12.2021, 13:58:24] --> LKHasd32Qred appeared
[ERWaseASd3:   24.12.2021, 13:58:41] --> LKHasd32Qred appeared
[ERWaseASd3:   24.12.2021, 13:58:57] --> LKHasd32Qred appeared
[ERWaseASd3:   24.12.2021, 13:59:13] --> LKHasd32Qred appeared
[ERWaseASd3:   24.12.2021, 13:59:30] --> LKHasd32Qred appeared
[ERWaseASd3:   24.12.2021, 13:59:47] --> LKHasd32Qred appeared
[ERWaseASd3:   24.12.2021, 14:00:03] --> LKHasd32Qred appeared
[ERWaseASd3:   24.12.2021, 14:00:21] --> LKHasd32Qred appeared
[ERWaseASd3:   24.12.2021, 14:00:37] --> LKHasd32Qred appeared
[ERWaseASd3:   24.12.2021, 14:00:54] --> LKHasd32Qred appeared
[ERWaseASd3:   24.12.2021, 14:01:10] --> LKHasd32Qred appeared
[ERWaseASd3:   24.12.2021, 14:01:26] --> LKHasd32Qred appeared
[ERWaseASd3:   24.12.2021, 14:01:43] --> LKHasd32Qred appeared
[ERWaseASd3:   24.12.2021, 14:01:59] --> LKHasd32Qred appeared
[ERWaseASd3:   24.12.2021, 14:02:16] --> LKHasd32Qred appeared
[ERWaseASd3:   24.12.2021, 14:02:33] --> LKHasd32Qred appeared
[ERWaseASd3:   24.12.2021, 14:02:49] --> LKHasd32Qred appeared
[ERWaseASd3:   24.12.2021, 14:03:05] --> LKHasd32Qred appeared
[ERWaseASd3:   24.12.2021, 14:03:22] --> LKHasd32Qred appeared
[ERWaseASd3:   24.12.2021, 14:03:38] --> LKHasd32Qred appeared
[ERWaseASd3:   24.12.2021, 14:03:55] --> LKHasd32Qred appeared
[ERWaseASd3:   24.12.2021, 14:04:12] --> LKHasd32Qred appeared
[ERWaseASd3:   24.12.2021, 14:04:29] --> LKHasd32Qred appeared
[ERWaseASd3:   24.12.2021, 14:04:46] --> LKHasd32Qred appeared
[ERWaseASd3:   24.12.2021, 14:05:04] --> LKHasd32Qred appeared
[ERWaseASd3:   24.12.2021, 14:05:20] --> LKHasd32Qred appeared
[ERWaseASd3:   24.12.2021, 14:05:38] --> LKHasd32Qred appeared
[ERWaseASd3:   24.12.2021, 14:05:53] --> LKHasd32Qred appeared
[ERWaseASd3:   24.12.2021, 14:06:14] --> Character leveled up to level 47
[ERWaseASd3:   24.12.2021, 14:15:08] --> Character leveled up to level 48
[ERWaseASd3:   24.12.2021, 14:24:17] --> Character leveled up to level 49
[ERWaseASd3:   24.12.2021, 14:34:04] --> Character leveled up to level 50
[ERWaseASd3:   24.12.2021, 14:34:33] --> Character was kicked from the bot, reason: Character was walking
[ERWaseASd3:   24.12.2021, 14:36:11] --> Character was kicked from the bot, reason: Character was walking
[ERWaseASd3:   24.12.2021, 14:36:41] --> Character was kicked from the bot, reason: Character was walking
[ERWaseASd3:   24.12.2021, 15:55:42] --> Bot successfully started
[ERWaseASd3:   24.12.2021, 15:55:42] --> VLCPoeR315 appeared
[ERWaseASd3:   24.12.2021, 15:56:43] --> Character was kicked from the bot, reason: Character was walking
[ERWaseASd3:   24.12.2021, 16:08:56] --> Character leveled up to level 51
[ERWaseASd3:   24.12.2021, 16:11:47] --> KasakKing appeared
[ERWaseASd3:   24.12.2021, 16:15:04] --> Character got kick
[ERWaseASd3:   24.12.2021, 16:18:05] --> Character got kick
[ERWaseASd3:   24.12.2021, 16:18:31] --> Character got kick
[ERWaseASd3:   24.12.2021, 16:36:03] --> Bot successfully started
[ERWaseASd3:   24.12.2021, 16:41:21] --> Character leveled up to level 52
[ERWaseASd3:   24.12.2021, 16:57:29] --> Character leveled up to level 53
[ERWaseASd3:   24.12.2021, 18:06:34] --> Bot successfully started
[ERWaseASd3:   24.12.2021, 18:06:34] --> Kaedwen appeared
[ERWaseASd3:   24.12.2021, 18:07:36] --> Kaedwen appeared
[ERWaseASd3:   24.12.2021, 18:09:44] --> Kaedwen appeared
[ERWaseASd3:   24.12.2021, 18:13:29] --> Kaedwen appeared
[ERWaseASd3:   24.12.2021, 18:14:41] --> Kaedwen appeared
[ERWaseASd3:   24.12.2021, 18:18:05] --> Kaedwen appeared
[ERWaseASd3:   24.12.2021, 18:18:27] --> Kaedwen appeared
[ERWaseASd3:   24.12.2021, 18:19:21] --> Kaedwen appeared
[ERWaseASd3:   24.12.2021, 18:21:49] --> Kaedwen appeared
[ERWaseASd3:   24.12.2021, 18:22:41] --> Kaedwen appeared
[ERWaseASd3:   24.12.2021, 18:23:56] --> Kaedwen appeared
[ERWaseASd3:   24.12.2021, 18:24:31] --> Character leveled up to level 54
[ERWaseASd3:   24.12.2021, 18:24:49] --> Kaedwen appeared
[ERWaseASd3:   24.12.2021, 18:25:11] --> Kaedwen appeared
[ERWaseASd3:   24.12.2021, 18:27:19] --> Kaedwen appeared
[ERWaseASd3:   24.12.2021, 18:28:35] --> Kaedwen appeared
[ERWaseASd3:   24.12.2021, 18:29:48] --> Kaedwen appeared
[ERWaseASd3:   24.12.2021, 18:31:57] --> Kaedwen appeared
[ERWaseASd3:   24.12.2021, 18:32:17] --> Kaedwen appeared
[ERWaseASd3:   24.12.2021, 18:33:10] --> Kaedwen appeared
[ERWaseASd3:   24.12.2021, 18:33:32] --> Kaedwen appeared
[ERWaseASd3:   24.12.2021, 18:34:25] --> Kaedwen appeared
[ERWaseASd3:   24.12.2021, 18:35:29] --> Character died
[ERWaseASd3:   24.12.2021, 18:37:20] --> Kaedwen appeared
[ERWaseASd3:   24.12.2021, 18:38:38] --> Kaedwen appeared
[ERWaseASd3:   24.12.2021, 18:40:32] --> Kaedwen appeared
[ERWaseASd3:   24.12.2021, 18:41:47] --> Kaedwen appeared
[ERWaseASd3:   24.12.2021, 18:42:41] --> Kaedwen appeared
[ERWaseASd3:   24.12.2021, 18:43:01] --> Kaedwen appeared
[ERWaseASd3:   24.12.2021, 18:43:54] --> Kaedwen appeared
[ERWaseASd3:   24.12.2021, 18:45:10] --> Kaedwen appeared
[ERWaseASd3:   24.12.2021, 18:49:48] --> Kaedwen appeared
[ERWaseASd3:   24.12.2021, 18:50:51] --> Kaedwen appeared
[ERWaseASd3:   24.12.2021, 18:52:28] --> Character died
[ERWaseASd3:   24.12.2021, 18:53:03] --> Character was kicked from the bot, reason: Character was walking
[ERWaseASd3:   24.12.2021, 18:53:32] --> LKHasd32Qred appeared
[ERWaseASd3:   24.12.2021, 18:57:36] --> LKHasd32Qred appeared
