[Kurdenchaos:  24.12.2021, 11:42:38] --> Bot successfully started
[Kurdenchaos:  24.12.2021, 11:42:56] --> Character was kicked from the bot, reason: Changing character
[ASderweqDE:   24.12.2021, 11:44:34] --> Anarchiefarm appeared
[ASderweqDE:   24.12.2021, 11:53:10] --> WhatAFernY appeared
[ASderweqDE:   24.12.2021, 12:04:22] --> Bot successfully started
[ASderweqDE:   24.12.2021, 12:04:22] --> Setting '1.1' loaded because of active level settings
[ASderweqDE:   24.12.2021, 12:04:29] --> Character went to saleswoman
[ASderweqDE:   24.12.2021, 12:04:32] --> Character was kicked from the bot, reason: Character was walking
[ASderweqDE:   24.12.2021, 12:05:04] --> Character was kicked from the bot, reason: Character was walking
[ASderweqDE:   24.12.2021, 12:05:37] --> Character was kicked from the bot, reason: Character was walking
[ASderweqDE:   24.12.2021, 12:05:50] --> Character leveled up to level 2
[ASderweqDE:   24.12.2021, 12:05:51] --> Character leveled up to level 6
[ASderweqDE:   24.12.2021, 12:05:52] --> Character leveled up to level 8
[ASderweqDE:   24.12.2021, 12:05:55] --> Character leveled up to level 9
[ASderweqDE:   24.12.2021, 12:05:57] --> Character leveled up to level 10
[ASderweqDE:   24.12.2021, 12:05:59] --> Character leveled up to level 11
[ASderweqDE:   24.12.2021, 12:06:01] --> Character leveled up to level 12
[ASderweqDE:   24.12.2021, 12:06:03] --> Character leveled up to level 13
[ASderweqDE:   24.12.2021, 12:06:16] --> Character leveled up to level 14
[ASderweqDE:   24.12.2021, 12:06:36] --> Character leveled up to level 15
[ASderweqDE:   24.12.2021, 12:06:36] --> Setting '2.2' loaded because of active level settings
[ASderweqDE:   24.12.2021, 12:06:48] --> Character was kicked from the bot, reason: Character was walking
[ASderweqDE:   24.12.2021, 12:07:12] --> Character was kicked from the bot, reason: Character was walking
[ASderweqDE:   24.12.2021, 12:07:47] --> Character leveled up to level 16
[ASderweqDE:   24.12.2021, 12:07:57] --> Character leveled up to level 17
[ASderweqDE:   24.12.2021, 12:08:03] --> Character leveled up to level 18
[ASderweqDE:   24.12.2021, 12:08:32] --> Character leveled up to level 19
[ASderweqDE:   24.12.2021, 12:08:57] --> Character leveled up to level 20
[ASderweqDE:   24.12.2021, 12:09:57] --> Character leveled up to level 21
[ASderweqDE:   24.12.2021, 12:10:29] --> DERSAl23weA appeared
[ASderweqDE:   24.12.2021, 12:10:43] --> Character leveled up to level 22
[ASderweqDE:   24.12.2021, 12:10:45] --> DERSAl23weA appeared
[ASderweqDE:   24.12.2021, 12:11:14] --> DERSAl23weA appeared
[ASderweqDE:   24.12.2021, 12:11:24] --> Character leveled up to level 23
[ASderweqDE:   24.12.2021, 12:11:30] --> DERSAl23weA appeared
[ASderweqDE:   24.12.2021, 12:11:46] --> DERSAl23weA appeared
[ASderweqDE:   24.12.2021, 12:11:59] --> Character leveled up to level 24
[ASderweqDE:   24.12.2021, 12:12:03] --> DERSAl23weA appeared
[ASderweqDE:   24.12.2021, 12:12:19] --> DERSAl23weA appeared
[ASderweqDE:   24.12.2021, 12:12:37] --> DERSAl23weA appeared
[ASderweqDE:   24.12.2021, 12:12:46] --> Character leveled up to level 25
[ASderweqDE:   24.12.2021, 12:12:52] --> DERSAl23weA appeared
[ASderweqDE:   24.12.2021, 12:13:02] --> Character died
[ASderweqDE:   24.12.2021, 12:13:08] --> DERSAl23weA appeared
[ASderweqDE:   24.12.2021, 12:13:39] --> DERSAl23weA appeared
[ASderweqDE:   24.12.2021, 12:13:56] --> DERSAl23weA appeared
[ASderweqDE:   24.12.2021, 12:14:12] --> DERSAl23weA appeared
[ASderweqDE:   24.12.2021, 12:14:17] --> Character leveled up to level 26
[ASderweqDE:   24.12.2021, 12:14:29] --> DERSAl23weA appeared
[ASderweqDE:   24.12.2021, 12:14:45] --> DERSAl23weA appeared
[ASderweqDE:   24.12.2021, 12:15:02] --> DERSAl23weA appeared
[ASderweqDE:   24.12.2021, 12:15:17] --> DERSAl23weA appeared
[ASderweqDE:   24.12.2021, 12:15:28] --> Character leveled up to level 27
[ASderweqDE:   24.12.2021, 12:15:34] --> DERSAl23weA appeared
[ASderweqDE:   24.12.2021, 12:15:50] --> DERSAl23weA appeared
[ASderweqDE:   24.12.2021, 12:16:07] --> DERSAl23weA appeared
[ASderweqDE:   24.12.2021, 12:16:23] --> DERSAl23weA appeared
[ASderweqDE:   24.12.2021, 12:16:41] --> DERSAl23weA appeared
[ASderweqDE:   24.12.2021, 12:16:56] --> Character leveled up to level 28
[ASderweqDE:   24.12.2021, 12:16:57] --> DERSAl23weA appeared
[ASderweqDE:   24.12.2021, 12:17:14] --> DERSAl23weA appeared
[ASderweqDE:   24.12.2021, 12:17:30] --> DERSAl23weA appeared
[ASderweqDE:   24.12.2021, 12:17:46] --> DERSAl23weA appeared
[ASderweqDE:   24.12.2021, 12:18:02] --> DERSAl23weA appeared
[ASderweqDE:   24.12.2021, 12:18:19] --> DERSAl23weA appeared
[ASderweqDE:   24.12.2021, 12:18:31] --> Character leveled up to level 29
[ASderweqDE:   24.12.2021, 12:18:35] --> DERSAl23weA appeared
[ASderweqDE:   24.12.2021, 12:18:52] --> DERSAl23weA appeared
[ASderweqDE:   24.12.2021, 12:19:08] --> DERSAl23weA appeared
[ASderweqDE:   24.12.2021, 12:19:24] --> DERSAl23weA appeared
[ASderweqDE:   24.12.2021, 12:19:40] --> DERSAl23weA appeared
[ASderweqDE:   24.12.2021, 12:19:58] --> DERSAl23weA appeared
[ASderweqDE:   24.12.2021, 12:20:14] --> DERSAl23weA appeared
[ASderweqDE:   24.12.2021, 12:20:32] --> DERSAl23weA appeared
[ASderweqDE:   24.12.2021, 12:20:34] --> Character leveled up to level 30
[ASderweqDE:   24.12.2021, 12:20:47] --> DERSAl23weA appeared
[ASderweqDE:   24.12.2021, 12:21:03] --> DERSAl23weA appeared
[ASderweqDE:   24.12.2021, 12:21:21] --> DERSAl23weA appeared
[ASderweqDE:   24.12.2021, 12:21:36] --> DERSAl23weA appeared
[ASderweqDE:   24.12.2021, 12:21:53] --> DERSAl23weA appeared
[ASderweqDE:   24.12.2021, 12:22:10] --> DERSAl23weA appeared
[ASderweqDE:   24.12.2021, 12:22:27] --> DERSAl23weA appeared
[ASderweqDE:   24.12.2021, 12:22:43] --> DERSAl23weA appeared
[ASderweqDE:   24.12.2021, 12:22:54] --> Character leveled up to level 31
[ASderweqDE:   24.12.2021, 12:22:59] --> DERSAl23weA appeared
[ASderweqDE:   24.12.2021, 12:23:14] --> DERSAl23weA appeared
[ASderweqDE:   24.12.2021, 12:23:32] --> DERSAl23weA appeared
[ASderweqDE:   24.12.2021, 12:23:48] --> DERSAl23weA appeared
[ASderweqDE:   24.12.2021, 12:24:04] --> DERSAl23weA appeared
[ASderweqDE:   24.12.2021, 12:24:20] --> DERSAl23weA appeared
[ASderweqDE:   24.12.2021, 12:24:38] --> DERSAl23weA appeared
[ASderweqDE:   24.12.2021, 12:24:52] --> DERSAl23weA appeared
[ASderweqDE:   24.12.2021, 12:25:08] --> Character leveled up to level 32
[ASderweqDE:   24.12.2021, 12:25:09] --> DERSAl23weA appeared
[ASderweqDE:   24.12.2021, 12:25:24] --> DERSAl23weA appeared
[ASderweqDE:   24.12.2021, 12:25:42] --> DERSAl23weA appeared
[ASderweqDE:   24.12.2021, 12:25:57] --> DERSAl23weA appeared
[ASderweqDE:   24.12.2021, 12:26:15] --> DERSAl23weA appeared
[ASderweqDE:   24.12.2021, 12:26:30] --> DERSAl23weA appeared
[ASderweqDE:   24.12.2021, 12:26:47] --> DERSAl23weA appeared
[ASderweqDE:   24.12.2021, 12:27:04] --> DERSAl23weA appeared
[ASderweqDE:   24.12.2021, 12:27:20] --> DERSAl23weA appeared
[ASderweqDE:   24.12.2021, 12:27:36] --> DERSAl23weA appeared
[ASderweqDE:   24.12.2021, 12:27:37] --> Character leveled up to level 33
[ASderweqDE:   24.12.2021, 12:27:52] --> DERSAl23weA appeared
[ASderweqDE:   24.12.2021, 12:28:09] --> DERSAl23weA appeared
[ASderweqDE:   24.12.2021, 12:28:25] --> DERSAl23weA appeared
[ASderweqDE:   24.12.2021, 12:28:42] --> DERSAl23weA appeared
[ASderweqDE:   24.12.2021, 12:28:58] --> DERSAl23weA appeared
[ASderweqDE:   24.12.2021, 12:29:15] --> DERSAl23weA appeared
[ASderweqDE:   24.12.2021, 12:29:31] --> DERSAl23weA appeared
[ASderweqDE:   24.12.2021, 12:29:47] --> DERSAl23weA appeared
[ASderweqDE:   24.12.2021, 12:30:04] --> DERSAl23weA appeared
[ASderweqDE:   24.12.2021, 12:30:19] --> DERSAl23weA appeared
[ASderweqDE:   24.12.2021, 12:30:37] --> DERSAl23weA appeared
[ASderweqDE:   24.12.2021, 12:30:41] --> Character leveled up to level 34
[ASderweqDE:   24.12.2021, 12:30:53] --> DERSAl23weA appeared
[ASderweqDE:   24.12.2021, 12:31:10] --> DERSAl23weA appeared
[ASderweqDE:   24.12.2021, 12:31:26] --> DERSAl23weA appeared
[ASderweqDE:   24.12.2021, 12:31:41] --> DERSAl23weA appeared
[ASderweqDE:   24.12.2021, 12:31:57] --> DERSAl23weA appeared
[ASderweqDE:   24.12.2021, 12:32:15] --> DERSAl23weA appeared
[ASderweqDE:   24.12.2021, 12:32:32] --> DERSAl23weA appeared
[ASderweqDE:   24.12.2021, 12:32:47] --> DERSAl23weA appeared
[ASderweqDE:   24.12.2021, 12:33:05] --> DERSAl23weA appeared
[ASderweqDE:   24.12.2021, 12:33:20] --> DERSAl23weA appeared
[ASderweqDE:   24.12.2021, 12:33:37] --> DERSAl23weA appeared
[ASderweqDE:   24.12.2021, 12:33:53] --> DERSAl23weA appeared
[ASderweqDE:   24.12.2021, 12:33:58] --> Character leveled up to level 35
[ASderweqDE:   24.12.2021, 12:34:10] --> DERSAl23weA appeared
[ASderweqDE:   24.12.2021, 12:34:26] --> DERSAl23weA appeared
[ASderweqDE:   24.12.2021, 12:34:42] --> DERSAl23weA appeared
[ASderweqDE:   24.12.2021, 12:34:59] --> DERSAl23weA appeared
[ASderweqDE:   24.12.2021, 12:35:17] --> DERSAl23weA appeared
[ASderweqDE:   24.12.2021, 12:35:32] --> DERSAl23weA appeared
[ASderweqDE:   24.12.2021, 12:35:49] --> DERSAl23weA appeared
[ASderweqDE:   24.12.2021, 12:36:05] --> DERSAl23weA appeared
[ASderweqDE:   24.12.2021, 12:36:22] --> DERSAl23weA appeared
[ASderweqDE:   24.12.2021, 12:36:38] --> DERSAl23weA appeared
[ASderweqDE:   24.12.2021, 12:36:55] --> DERSAl23weA appeared
[ASderweqDE:   24.12.2021, 12:37:11] --> DERSAl23weA appeared
[ASderweqDE:   24.12.2021, 12:37:27] --> DERSAl23weA appeared
[ASderweqDE:   24.12.2021, 12:37:45] --> DERSAl23weA appeared
[ASderweqDE:   24.12.2021, 12:38:00] --> DERSAl23weA appeared
[ASderweqDE:   24.12.2021, 12:38:18] --> DERSAl23weA appeared
[ASderweqDE:   24.12.2021, 12:38:32] --> DERSAl23weA appeared
[ASderweqDE:   24.12.2021, 12:38:50] --> DERSAl23weA appeared
[ASderweqDE:   24.12.2021, 12:39:05] --> DERSAl23weA appeared
[ASderweqDE:   24.12.2021, 12:39:10] --> Character leveled up to level 36
[ASderweqDE:   24.12.2021, 12:39:23] --> DERSAl23weA appeared
[ASderweqDE:   24.12.2021, 12:39:39] --> DERSAl23weA appeared
[ASderweqDE:   24.12.2021, 12:39:57] --> DERSAl23weA appeared
[ASderweqDE:   24.12.2021, 12:40:12] --> DERSAl23weA appeared
[ASderweqDE:   24.12.2021, 12:40:29] --> DERSAl23weA appeared
[ASderweqDE:   24.12.2021, 12:40:46] --> DERSAl23weA appeared
[ASderweqDE:   24.12.2021, 12:41:02] --> DERSAl23weA appeared
[ASderweqDE:   24.12.2021, 12:41:18] --> DERSAl23weA appeared
[ASderweqDE:   24.12.2021, 12:41:33] --> DERSAl23weA appeared
[ASderweqDE:   24.12.2021, 12:41:51] --> DERSAl23weA appeared
[ASderweqDE:   24.12.2021, 12:42:06] --> DERSAl23weA appeared
[ASderweqDE:   24.12.2021, 12:42:24] --> DERSAl23weA appeared
[ASderweqDE:   24.12.2021, 12:42:40] --> DERSAl23weA appeared
[ASderweqDE:   24.12.2021, 12:42:56] --> DERSAl23weA appeared
[ASderweqDE:   24.12.2021, 12:43:12] --> DERSAl23weA appeared
[ASderweqDE:   24.12.2021, 12:43:29] --> DERSAl23weA appeared
[ASderweqDE:   24.12.2021, 12:43:43] --> Character leveled up to level 37
[ASderweqDE:   24.12.2021, 12:43:45] --> DERSAl23weA appeared
[ASderweqDE:   24.12.2021, 12:44:02] --> DERSAl23weA appeared
[ASderweqDE:   24.12.2021, 12:44:17] --> DERSAl23weA appeared
[ASderweqDE:   24.12.2021, 12:44:34] --> DERSAl23weA appeared
[ASderweqDE:   24.12.2021, 12:44:52] --> DERSAl23weA appeared
[ASderweqDE:   24.12.2021, 12:45:08] --> DERSAl23weA appeared
[ASderweqDE:   24.12.2021, 12:45:24] --> DERSAl23weA appeared
[ASderweqDE:   24.12.2021, 12:45:40] --> DERSAl23weA appeared
[ASderweqDE:   24.12.2021, 12:45:59] --> DERSAl23weA appeared
[ASderweqDE:   24.12.2021, 12:46:14] --> DERSAl23weA appeared
[ASderweqDE:   24.12.2021, 12:46:31] --> DERSAl23weA appeared
[ASderweqDE:   24.12.2021, 12:46:47] --> DERSAl23weA appeared
[ASderweqDE:   24.12.2021, 12:47:04] --> DERSAl23weA appeared
[ASderweqDE:   24.12.2021, 12:47:21] --> DERSAl23weA appeared
[ASderweqDE:   24.12.2021, 12:47:37] --> DERSAl23weA appeared
[ASderweqDE:   24.12.2021, 12:47:53] --> DERSAl23weA appeared
[ASderweqDE:   24.12.2021, 12:48:10] --> DERSAl23weA appeared
[ASderweqDE:   24.12.2021, 12:48:26] --> DERSAl23weA appeared
[ASderweqDE:   24.12.2021, 12:48:44] --> DERSAl23weA appeared
[ASderweqDE:   24.12.2021, 12:48:59] --> DERSAl23weA appeared
[ASderweqDE:   24.12.2021, 12:49:04] --> Character leveled up to level 38
[ASderweqDE:   24.12.2021, 12:49:17] --> DERSAl23weA appeared
[ASderweqDE:   24.12.2021, 12:49:32] --> DERSAl23weA appeared
[ASderweqDE:   24.12.2021, 12:49:49] --> DERSAl23weA appeared
[ASderweqDE:   24.12.2021, 12:50:04] --> DERSAl23weA appeared
[ASderweqDE:   24.12.2021, 12:50:23] --> DERSAl23weA appeared
[ASderweqDE:   24.12.2021, 12:50:39] --> DERSAl23weA appeared
[ASderweqDE:   24.12.2021, 12:50:55] --> DERSAl23weA appeared
[ASderweqDE:   24.12.2021, 12:51:12] --> DERSAl23weA appeared
[ASderweqDE:   24.12.2021, 12:51:29] --> DERSAl23weA appeared
[ASderweqDE:   24.12.2021, 12:51:45] --> DERSAl23weA appeared
[ASderweqDE:   24.12.2021, 12:52:01] --> DERSAl23weA appeared
[ASderweqDE:   24.12.2021, 12:52:19] --> DERSAl23weA appeared
[ASderweqDE:   24.12.2021, 12:52:35] --> DERSAl23weA appeared
[ASderweqDE:   24.12.2021, 12:52:51] --> DERSAl23weA appeared
[ASderweqDE:   24.12.2021, 12:53:08] --> DERSAl23weA appeared
[ASderweqDE:   24.12.2021, 12:53:24] --> DERSAl23weA appeared
[ASderweqDE:   24.12.2021, 12:53:42] --> DERSAl23weA appeared
[ASderweqDE:   24.12.2021, 12:53:57] --> DERSAl23weA appeared
[ASderweqDE:   24.12.2021, 12:54:16] --> DERSAl23weA appeared
[ASderweqDE:   24.12.2021, 12:54:32] --> DERSAl23weA appeared
[ASderweqDE:   24.12.2021, 12:54:48] --> DERSAl23weA appeared
[ASderweqDE:   24.12.2021, 12:54:51] --> Character leveled up to level 39
[ASderweqDE:   24.12.2021, 12:55:05] --> DERSAl23weA appeared
[ASderweqDE:   24.12.2021, 12:55:22] --> DERSAl23weA appeared
[ASderweqDE:   24.12.2021, 12:55:38] --> DERSAl23weA appeared
[ASderweqDE:   24.12.2021, 12:55:55] --> DERSAl23weA appeared
[ASderweqDE:   24.12.2021, 12:56:14] --> DERSAl23weA appeared
[ASderweqDE:   24.12.2021, 12:56:28] --> DERSAl23weA appeared
[ASderweqDE:   24.12.2021, 12:56:45] --> DERSAl23weA appeared
[ASderweqDE:   24.12.2021, 12:57:03] --> DERSAl23weA appeared
[ASderweqDE:   24.12.2021, 12:57:20] --> DERSAl23weA appeared
[ASderweqDE:   24.12.2021, 12:57:36] --> DERSAl23weA appeared
[ASderweqDE:   24.12.2021, 12:57:54] --> DERSAl23weA appeared
[ASderweqDE:   24.12.2021, 12:58:09] --> DERSAl23weA appeared
[ASderweqDE:   24.12.2021, 12:58:28] --> DERSAl23weA appeared
[ASderweqDE:   24.12.2021, 12:58:44] --> DERSAl23weA appeared
[ASderweqDE:   24.12.2021, 12:59:02] --> DERSAl23weA appeared
[ASderweqDE:   24.12.2021, 12:59:19] --> DERSAl23weA appeared
[ASderweqDE:   24.12.2021, 12:59:38] --> DERSAl23weA appeared
[ASderweqDE:   24.12.2021, 12:59:52] --> DERSAl23weA appeared
[ASderweqDE:   24.12.2021, 13:00:10] --> DERSAl23weA appeared
[ASderweqDE:   24.12.2021, 13:00:14] --> Character leveled up to level 40
[ASderweqDE:   24.12.2021, 13:00:27] --> DERSAl23weA appeared
[ASderweqDE:   24.12.2021, 13:00:46] --> DERSAl23weA appeared
[ASderweqDE:   24.12.2021, 13:01:05] --> DERSAl23weA appeared
[ASderweqDE:   24.12.2021, 13:01:23] --> DERSAl23weA appeared
[ASderweqDE:   24.12.2021, 13:01:40] --> DERSAl23weA appeared
[ASderweqDE:   24.12.2021, 13:01:58] --> DERSAl23weA appeared
[ASderweqDE:   24.12.2021, 13:02:15] --> DERSAl23weA appeared
[ASderweqDE:   24.12.2021, 13:02:35] --> DERSAl23weA appeared
[ASderweqDE:   24.12.2021, 13:02:53] --> DERSAl23weA appeared
[ASderweqDE:   24.12.2021, 13:03:10] --> DERSAl23weA appeared
[ASderweqDE:   24.12.2021, 13:03:29] --> DERSAl23weA appeared
[ASderweqDE:   24.12.2021, 13:03:49] --> DERSAl23weA appeared
[ASderweqDE:   24.12.2021, 13:04:08] --> DERSAl23weA appeared
[ASderweqDE:   24.12.2021, 13:04:27] --> DERSAl23weA appeared
[ASderweqDE:   24.12.2021, 13:04:45] --> DERSAl23weA appeared
[ASderweqDE:   24.12.2021, 13:05:02] --> DERSAl23weA appeared
[ASderweqDE:   24.12.2021, 13:05:20] --> DERSAl23weA appeared
[ASderweqDE:   24.12.2021, 13:05:40] --> DERSAl23weA appeared
[ASderweqDE:   24.12.2021, 13:05:56] --> DERSAl23weA appeared
[ASderweqDE:   24.12.2021, 13:06:14] --> DERSAl23weA appeared
[ASderweqDE:   24.12.2021, 13:06:21] --> Character leveled up to level 41
[ASderweqDE:   24.12.2021, 13:06:30] --> DERSAl23weA appeared
[ASderweqDE:   24.12.2021, 13:06:48] --> DERSAl23weA appeared
[ASderweqDE:   24.12.2021, 13:07:04] --> DERSAl23weA appeared
[ASderweqDE:   24.12.2021, 13:07:24] --> DERSAl23weA appeared
[ASderweqDE:   24.12.2021, 13:07:42] --> DERSAl23weA appeared
[ASderweqDE:   24.12.2021, 13:08:00] --> DERSAl23weA appeared
[ASderweqDE:   24.12.2021, 13:08:16] --> DERSAl23weA appeared
[ASderweqDE:   24.12.2021, 13:08:35] --> DERSAl23weA appeared
[ASderweqDE:   24.12.2021, 13:08:52] --> DERSAl23weA appeared
[ASderweqDE:   24.12.2021, 13:09:12] --> DERSAl23weA appeared
[ASderweqDE:   24.12.2021, 13:09:30] --> DERSAl23weA appeared
[ASderweqDE:   24.12.2021, 13:09:49] --> DERSAl23weA appeared
[ASderweqDE:   24.12.2021, 13:10:06] --> DERSAl23weA appeared
[ASderweqDE:   24.12.2021, 13:10:25] --> DERSAl23weA appeared
[ASderweqDE:   24.12.2021, 13:10:45] --> DERSAl23weA appeared
[ASderweqDE:   24.12.2021, 13:11:03] --> DERSAl23weA appeared
[ASderweqDE:   24.12.2021, 13:11:21] --> DERSAl23weA appeared
[ASderweqDE:   24.12.2021, 13:11:41] --> DERSAl23weA appeared
[ASderweqDE:   24.12.2021, 13:11:59] --> DERSAl23weA appeared
[ASderweqDE:   24.12.2021, 13:12:18] --> DERSAl23weA appeared
[ASderweqDE:   24.12.2021, 13:12:35] --> DERSAl23weA appeared
[ASderweqDE:   24.12.2021, 13:12:53] --> DERSAl23weA appeared
[ASderweqDE:   24.12.2021, 13:13:10] --> DERSAl23weA appeared
[ASderweqDE:   24.12.2021, 13:13:27] --> Character leveled up to level 42
[ASderweqDE:   24.12.2021, 13:13:27] --> DERSAl23weA appeared
[ASderweqDE:   24.12.2021, 13:13:45] --> DERSAl23weA appeared
[ASderweqDE:   24.12.2021, 13:14:02] --> DERSAl23weA appeared
[ASderweqDE:   24.12.2021, 13:14:20] --> DERSAl23weA appeared
[ASderweqDE:   24.12.2021, 13:14:39] --> DERSAl23weA appeared
[ASderweqDE:   24.12.2021, 13:14:55] --> DERSAl23weA appeared
[ASderweqDE:   24.12.2021, 13:15:13] --> DERSAl23weA appeared
[ASderweqDE:   24.12.2021, 13:15:32] --> DERSAl23weA appeared
[ASderweqDE:   24.12.2021, 13:15:49] --> DERSAl23weA appeared
[ASderweqDE:   24.12.2021, 13:16:06] --> DERSAl23weA appeared
[ASderweqDE:   24.12.2021, 13:16:24] --> DERSAl23weA appeared
[ASderweqDE:   24.12.2021, 13:16:44] --> DERSAl23weA appeared
[ASderweqDE:   24.12.2021, 13:16:59] --> DERSAl23weA appeared
[ASderweqDE:   24.12.2021, 13:17:17] --> DERSAl23weA appeared
[ASderweqDE:   24.12.2021, 13:17:32] --> DERSAl23weA appeared
[ASderweqDE:   24.12.2021, 13:17:48] --> DERSAl23weA appeared
[ASderweqDE:   24.12.2021, 13:18:06] --> DERSAl23weA appeared
[ASderweqDE:   24.12.2021, 13:18:23] --> DERSAl23weA appeared
[ASderweqDE:   24.12.2021, 13:18:39] --> DERSAl23weA appeared
[ASderweqDE:   24.12.2021, 13:18:55] --> DERSAl23weA appeared
[ASderweqDE:   24.12.2021, 13:19:13] --> DERSAl23weA appeared
[ASderweqDE:   24.12.2021, 13:19:29] --> DERSAl23weA appeared
[ASderweqDE:   24.12.2021, 13:19:47] --> DERSAl23weA appeared
[ASderweqDE:   24.12.2021, 13:20:03] --> DERSAl23weA appeared
[ASderweqDE:   24.12.2021, 13:20:20] --> DERSAl23weA appeared
[ASderweqDE:   24.12.2021, 13:20:35] --> DERSAl23weA appeared
[ASderweqDE:   24.12.2021, 13:20:48] --> Character leveled up to level 43
[ASderweqDE:   24.12.2021, 13:20:53] --> DERSAl23weA appeared
[ASderweqDE:   24.12.2021, 13:21:10] --> DERSAl23weA appeared
[ASderweqDE:   24.12.2021, 13:21:26] --> DERSAl23weA appeared
[ASderweqDE:   24.12.2021, 13:21:44] --> DERSAl23weA appeared
[ASderweqDE:   24.12.2021, 13:22:01] --> DERSAl23weA appeared
[ASderweqDE:   24.12.2021, 13:22:16] --> DERSAl23weA appeared
[ASderweqDE:   24.12.2021, 13:22:35] --> DERSAl23weA appeared
[ASderweqDE:   24.12.2021, 13:22:52] --> DERSAl23weA appeared
[ASderweqDE:   24.12.2021, 13:23:09] --> DERSAl23weA appeared
[ASderweqDE:   24.12.2021, 13:23:25] --> DERSAl23weA appeared
[ASderweqDE:   24.12.2021, 13:23:44] --> DERSAl23weA appeared
[ASderweqDE:   24.12.2021, 13:23:58] --> DERSAl23weA appeared
[ASderweqDE:   24.12.2021, 13:24:15] --> DERSAl23weA appeared
[ASderweqDE:   24.12.2021, 13:24:32] --> DERSAl23weA appeared
[ASderweqDE:   24.12.2021, 13:24:48] --> DERSAl23weA appeared
[ASderweqDE:   24.12.2021, 13:25:04] --> DERSAl23weA appeared
[ASderweqDE:   24.12.2021, 13:25:21] --> DERSAl23weA appeared
[ASderweqDE:   24.12.2021, 13:25:37] --> DERSAl23weA appeared
[ASderweqDE:   24.12.2021, 13:25:54] --> DERSAl23weA appeared
[ASderweqDE:   24.12.2021, 13:26:09] --> DERSAl23weA appeared
[ASderweqDE:   24.12.2021, 13:26:27] --> DERSAl23weA appeared
[ASderweqDE:   24.12.2021, 13:26:43] --> DERSAl23weA appeared
[ASderweqDE:   24.12.2021, 13:27:00] --> DERSAl23weA appeared
[ASderweqDE:   24.12.2021, 13:27:15] --> DERSAl23weA appeared
[ASderweqDE:   24.12.2021, 13:27:32] --> DERSAl23weA appeared
[ASderweqDE:   24.12.2021, 13:27:48] --> DERSAl23weA appeared
[ASderweqDE:   24.12.2021, 13:28:06] --> DERSAl23weA appeared
[ASderweqDE:   24.12.2021, 13:28:23] --> DERSAl23weA appeared
[ASderweqDE:   24.12.2021, 13:28:38] --> DERSAl23weA appeared
[ASderweqDE:   24.12.2021, 13:28:46] --> Character leveled up to level 44
[ASderweqDE:   24.12.2021, 13:28:53] --> DERSAl23weA appeared
[ASderweqDE:   24.12.2021, 13:29:13] --> DERSAl23weA appeared
[ASderweqDE:   24.12.2021, 13:29:28] --> DERSAl23weA appeared
[ASderweqDE:   24.12.2021, 13:29:44] --> DERSAl23weA appeared
[ASderweqDE:   24.12.2021, 13:32:56] --> DERSAl23weA appeared
[ASderweqDE:   24.12.2021, 13:35:53] --> Character leveled up to level 45
[ASderweqDE:   24.12.2021, 13:44:06] --> Character leveled up to level 46
[ASderweqDE:   24.12.2021, 13:53:51] --> Character leveled up to level 47
[ASderweqDE:   24.12.2021, 14:06:34] --> Character leveled up to level 48
[ASderweqDE:   24.12.2021, 14:16:43] --> Character leveled up to level 49
[ASderweqDE:   24.12.2021, 14:26:46] --> Character leveled up to level 50
[ASderweqDE:   24.12.2021, 14:27:50] --> Character was kicked from the bot, reason: Character was walking
[ASderweqDE:   24.12.2021, 14:28:51] --> Character was kicked from the bot, reason: Character was walking
[ASderweqDE:   24.12.2021, 14:29:20] --> Character was kicked from the bot, reason: Character was walking
[ASderweqDE:   24.12.2021, 15:56:15] --> Bot successfully started
[ASderweqDE:   24.12.2021, 15:56:24] --> Character was kicked from the bot, reason: Character was walking
[ASderweqDE:   24.12.2021, 15:56:28] --> DERSAl23weA appeared
[ASderweqDE:   24.12.2021, 15:56:51] --> Character was kicked from the bot, reason: Character was walking
[ASderweqDE:   24.12.2021, 16:02:18] --> Bauerhaut appeared
[ASderweqDE:   24.12.2021, 16:07:39] --> Character leveled up to level 51
[ASderweqDE:   24.12.2021, 16:14:11] --> Character got kick
[ASderweqDE:   24.12.2021, 16:15:04] --> Character got kick
[ASderweqDE:   24.12.2021, 16:15:23] --> Character got kick
[ASderweqDE:   24.12.2021, 16:17:43] --> Character got kick
[ASderweqDE:   24.12.2021, 16:18:31] --> Character got kick
[ASderweqDE:   24.12.2021, 16:20:35] --> Character got kick
[ASderweqDE:   24.12.2021, 16:21:11] --> Character got kick
[ASderweqDE:   24.12.2021, 16:36:36] --> Bot successfully started
[ASderweqDE:   24.12.2021, 16:39:10] --> Character leveled up to level 52
[ASderweqDE:   24.12.2021, 16:54:39] --> Character leveled up to level 53
[ASderweqDE:   24.12.2021, 18:07:04] --> Bot successfully started
[ASderweqDE:   24.12.2021, 18:07:05] --> WhatAFernY appeared
[ASderweqDE:   24.12.2021, 18:09:41] --> Character died
[ASderweqDE:   24.12.2021, 18:09:56] --> Character died
[ASderweqDE:   24.12.2021, 18:11:29] --> WhatAFernY appeared
[ASderweqDE:   24.12.2021, 18:11:51] --> WhatAFernY appeared
[ASderweqDE:   24.12.2021, 18:12:44] --> WhatAFernY appeared
[ASderweqDE:   24.12.2021, 18:13:58] --> WhatAFernY appeared
[ASderweqDE:   24.12.2021, 18:14:52] --> WhatAFernY appeared
[ASderweqDE:   24.12.2021, 18:15:14] --> WhatAFernY appeared
[ASderweqDE:   24.12.2021, 18:18:14] --> WhatAFernY appeared
[ASderweqDE:   24.12.2021, 18:19:30] --> WhatAFernY appeared
[ASderweqDE:   24.12.2021, 18:19:39] --> Character leveled up to level 54
[ASderweqDE:   24.12.2021, 18:21:36] --> WhatAFernY appeared
[ASderweqDE:   24.12.2021, 18:22:31] --> WhatAFernY appeared
[ASderweqDE:   24.12.2021, 18:23:23] --> WhatAFernY appeared
[ASderweqDE:   24.12.2021, 18:24:38] --> WhatAFernY appeared
[ASderweqDE:   24.12.2021, 18:25:30] --> WhatAFernY appeared
[ASderweqDE:   24.12.2021, 18:25:53] --> WhatAFernY appeared
[ASderweqDE:   24.12.2021, 18:26:47] --> WhatAFernY appeared
[ASderweqDE:   24.12.2021, 18:28:01] --> WhatAFernY appeared
[ASderweqDE:   24.12.2021, 18:28:55] --> WhatAFernY appeared
[ASderweqDE:   24.12.2021, 18:31:01] --> WhatAFernY appeared
[ASderweqDE:   24.12.2021, 18:31:24] --> WhatAFernY appeared
[ASderweqDE:   24.12.2021, 18:32:17] --> WhatAFernY appeared
[ASderweqDE:   24.12.2021, 18:34:23] --> WhatAFernY appeared
[ASderweqDE:   24.12.2021, 18:34:45] --> WhatAFernY appeared
[ASderweqDE:   24.12.2021, 18:36:10] --> WhatAFernY appeared
[ASderweqDE:   24.12.2021, 18:37:25] --> WhatAFernY appeared
[ASderweqDE:   24.12.2021, 18:38:39] --> WhatAFernY appeared
[ASderweqDE:   24.12.2021, 18:39:31] --> WhatAFernY appeared
[ASderweqDE:   24.12.2021, 18:41:41] --> WhatAFernY appeared
[ASderweqDE:   24.12.2021, 18:42:03] --> WhatAFernY appeared
[ASderweqDE:   24.12.2021, 18:42:56] --> WhatAFernY appeared
[ASderweqDE:   24.12.2021, 18:44:12] --> WhatAFernY appeared
[ASderweqDE:   24.12.2021, 18:46:19] --> WhatAFernY appeared
[ASderweqDE:   24.12.2021, 18:46:40] --> WhatAFernY appeared
[ASderweqDE:   24.12.2021, 18:48:49] --> WhatAFernY appeared
[ASderweqDE:   24.12.2021, 18:49:41] --> WhatAFernY appeared
[ASderweqDE:   24.12.2021, 18:51:49] --> WhatAFernY appeared
[ASderweqDE:   24.12.2021, 18:53:02] --> WhatAFernY appeared
[ASderweqDE:   24.12.2021, 18:53:17] --> Character was kicked from the bot, reason: Character was walking
[ASderweqDE:   24.12.2021, 18:53:46] --> DERSAl23weA appeared
