[xdannyx2007b: 24.12.2021, 11:40:30] --> Bot successfully started
[xdannyx2007b: 24.12.2021, 11:40:31] --> Spyyd appeared
[xdannyx2007b: 24.12.2021, 11:43:10] --> Bot successfully started
[xdannyx2007b: 24.12.2021, 11:43:10] --> Spyyd appeared
[xdannyx2007b: 24.12.2021, 11:43:22] --> Character was kicked from the bot, reason: Changing character
[LKrerdASer2:  24.12.2021, 12:04:54] --> Bot successfully started
[LKrerdASer2:  24.12.2021, 12:04:54] --> Setting '1.1' loaded because of active level settings
[LKrerdASer2:  24.12.2021, 12:04:54] --> Minotaurus appeared
[LKrerdASer2:  24.12.2021, 12:05:00] --> Character went to saleswoman
[LKrerdASer2:  24.12.2021, 12:05:31] --> Character was kicked from the bot, reason: Character was walking
[LKrerdASer2:  24.12.2021, 12:06:05] --> Character was kicked from the bot, reason: Character was walking
[LKrerdASer2:  24.12.2021, 12:06:22] --> Character leveled up to level 4
[LKrerdASer2:  24.12.2021, 12:06:23] --> Character leveled up to level 6
[LKrerdASer2:  24.12.2021, 12:06:24] --> Character leveled up to level 8
[LKrerdASer2:  24.12.2021, 12:06:26] --> Character leveled up to level 10
[LKrerdASer2:  24.12.2021, 12:06:29] --> Character leveled up to level 11
[LKrerdASer2:  24.12.2021, 12:06:31] --> Character leveled up to level 12
[LKrerdASer2:  24.12.2021, 12:06:35] --> Character leveled up to level 13
[LKrerdASer2:  24.12.2021, 12:06:46] --> Character leveled up to level 14
[LKrerdASer2:  24.12.2021, 12:06:56] --> Character leveled up to level 15
[LKrerdASer2:  24.12.2021, 12:06:56] --> Setting '2.2' loaded because of active level settings
[LKrerdASer2:  24.12.2021, 12:07:08] --> Character was kicked from the bot, reason: Character was walking
[LKrerdASer2:  24.12.2021, 12:07:32] --> Character was kicked from the bot, reason: Character was walking
[LKrerdASer2:  24.12.2021, 12:07:45] --> RESaliAresdA appeared
[LKrerdASer2:  24.12.2021, 12:08:00] --> RESaliAresdA appeared
[LKrerdASer2:  24.12.2021, 12:08:18] --> RESaliAresdA appeared
[LKrerdASer2:  24.12.2021, 12:08:23] --> Character leveled up to level 16
[LKrerdASer2:  24.12.2021, 12:08:34] --> RESaliAresdA appeared
[LKrerdASer2:  24.12.2021, 12:08:52] --> RESaliAresdA appeared
[LKrerdASer2:  24.12.2021, 12:08:58] --> Character leveled up to level 17
[LKrerdASer2:  24.12.2021, 12:09:07] --> RESaliAresdA appeared
[LKrerdASer2:  24.12.2021, 12:09:24] --> RESaliAresdA appeared
[LKrerdASer2:  24.12.2021, 12:09:30] --> Character leveled up to level 18
[LKrerdASer2:  24.12.2021, 12:09:40] --> RESaliAresdA appeared
[LKrerdASer2:  24.12.2021, 12:09:57] --> RESaliAresdA appeared
[LKrerdASer2:  24.12.2021, 12:10:03] --> Character leveled up to level 19
[LKrerdASer2:  24.12.2021, 12:10:12] --> RESaliAresdA appeared
[LKrerdASer2:  24.12.2021, 12:10:30] --> RESaliAresdA appeared
[LKrerdASer2:  24.12.2021, 12:10:34] --> Character leveled up to level 20
[LKrerdASer2:  24.12.2021, 12:10:46] --> RESaliAresdA appeared
[LKrerdASer2:  24.12.2021, 12:11:04] --> RESaliAresdA appeared
[LKrerdASer2:  24.12.2021, 12:11:18] --> RESaliAresdA appeared
[LKrerdASer2:  24.12.2021, 12:11:22] --> Character leveled up to level 21
[LKrerdASer2:  24.12.2021, 12:11:36] --> RESaliAresdA appeared
[LKrerdASer2:  24.12.2021, 12:11:53] --> RESaliAresdA appeared
[LKrerdASer2:  24.12.2021, 12:12:09] --> RESaliAresdA appeared
[LKrerdASer2:  24.12.2021, 12:12:11] --> Character leveled up to level 22
[LKrerdASer2:  24.12.2021, 12:12:24] --> RESaliAresdA appeared
[LKrerdASer2:  24.12.2021, 12:12:41] --> RESaliAresdA appeared
[LKrerdASer2:  24.12.2021, 12:12:50] --> Character leveled up to level 23
[LKrerdASer2:  24.12.2021, 12:12:59] --> RESaliAresdA appeared
[LKrerdASer2:  24.12.2021, 12:13:14] --> RESaliAresdA appeared
[LKrerdASer2:  24.12.2021, 12:13:31] --> RESaliAresdA appeared
[LKrerdASer2:  24.12.2021, 12:13:37] --> Character leveled up to level 24
[LKrerdASer2:  24.12.2021, 12:13:46] --> RESaliAresdA appeared
[LKrerdASer2:  24.12.2021, 12:14:03] --> RESaliAresdA appeared
[LKrerdASer2:  24.12.2021, 12:14:19] --> RESaliAresdA appeared
[LKrerdASer2:  24.12.2021, 12:14:22] --> Character leveled up to level 25
[LKrerdASer2:  24.12.2021, 12:14:36] --> RESaliAresdA appeared
[LKrerdASer2:  24.12.2021, 12:14:52] --> RESaliAresdA appeared
[LKrerdASer2:  24.12.2021, 12:15:09] --> RESaliAresdA appeared
[LKrerdASer2:  24.12.2021, 12:15:25] --> RESaliAresdA appeared
[LKrerdASer2:  24.12.2021, 12:15:26] --> Character leveled up to level 26
[LKrerdASer2:  24.12.2021, 12:15:42] --> RESaliAresdA appeared
[LKrerdASer2:  24.12.2021, 12:15:57] --> RESaliAresdA appeared
[LKrerdASer2:  24.12.2021, 12:16:13] --> RESaliAresdA appeared
[LKrerdASer2:  24.12.2021, 12:16:31] --> Character leveled up to level 27
[LKrerdASer2:  24.12.2021, 12:16:31] --> RESaliAresdA appeared
[LKrerdASer2:  24.12.2021, 12:16:47] --> RESaliAresdA appeared
[LKrerdASer2:  24.12.2021, 12:17:04] --> RESaliAresdA appeared
[LKrerdASer2:  24.12.2021, 12:17:20] --> RESaliAresdA appeared
[LKrerdASer2:  24.12.2021, 12:17:36] --> RESaliAresdA appeared
[LKrerdASer2:  24.12.2021, 12:17:47] --> Character leveled up to level 28
[LKrerdASer2:  24.12.2021, 12:17:52] --> RESaliAresdA appeared
[LKrerdASer2:  24.12.2021, 12:18:09] --> RESaliAresdA appeared
[LKrerdASer2:  24.12.2021, 12:18:25] --> RESaliAresdA appeared
[LKrerdASer2:  24.12.2021, 12:18:43] --> RESaliAresdA appeared
[LKrerdASer2:  24.12.2021, 12:18:59] --> RESaliAresdA appeared
[LKrerdASer2:  24.12.2021, 12:19:13] --> Character leveled up to level 29
[LKrerdASer2:  24.12.2021, 12:19:16] --> RESaliAresdA appeared
[LKrerdASer2:  24.12.2021, 12:19:31] --> RESaliAresdA appeared
[LKrerdASer2:  24.12.2021, 12:19:47] --> RESaliAresdA appeared
[LKrerdASer2:  24.12.2021, 12:20:04] --> RESaliAresdA appeared
[LKrerdASer2:  24.12.2021, 12:20:20] --> RESaliAresdA appeared
[LKrerdASer2:  24.12.2021, 12:20:36] --> RESaliAresdA appeared
[LKrerdASer2:  24.12.2021, 12:20:42] --> Character leveled up to level 30
[LKrerdASer2:  24.12.2021, 12:20:54] --> RESaliAresdA appeared
[LKrerdASer2:  24.12.2021, 12:21:09] --> RESaliAresdA appeared
[LKrerdASer2:  24.12.2021, 12:21:27] --> RESaliAresdA appeared
[LKrerdASer2:  24.12.2021, 12:21:42] --> RESaliAresdA appeared
[LKrerdASer2:  24.12.2021, 12:21:59] --> RESaliAresdA appeared
[LKrerdASer2:  24.12.2021, 12:22:15] --> RESaliAresdA appeared
[LKrerdASer2:  24.12.2021, 12:22:27] --> Character leveled up to level 31
[LKrerdASer2:  24.12.2021, 12:22:32] --> RESaliAresdA appeared
[LKrerdASer2:  24.12.2021, 12:22:46] --> RESaliAresdA appeared
[LKrerdASer2:  24.12.2021, 12:23:05] --> RESaliAresdA appeared
[LKrerdASer2:  24.12.2021, 12:23:22] --> RESaliAresdA appeared
[LKrerdASer2:  24.12.2021, 12:23:37] --> RESaliAresdA appeared
[LKrerdASer2:  24.12.2021, 12:23:54] --> RESaliAresdA appeared
[LKrerdASer2:  24.12.2021, 12:24:10] --> RESaliAresdA appeared
[LKrerdASer2:  24.12.2021, 12:24:27] --> RESaliAresdA appeared
[LKrerdASer2:  24.12.2021, 12:24:35] --> Character leveled up to level 32
[LKrerdASer2:  24.12.2021, 12:24:43] --> RESaliAresdA appeared
[LKrerdASer2:  24.12.2021, 12:24:58] --> RESaliAresdA appeared
[LKrerdASer2:  24.12.2021, 12:25:16] --> RESaliAresdA appeared
[LKrerdASer2:  24.12.2021, 12:25:32] --> RESaliAresdA appeared
[LKrerdASer2:  24.12.2021, 12:25:48] --> RESaliAresdA appeared
[LKrerdASer2:  24.12.2021, 12:26:04] --> RESaliAresdA appeared
[LKrerdASer2:  24.12.2021, 12:26:21] --> RESaliAresdA appeared
[LKrerdASer2:  24.12.2021, 12:26:38] --> RESaliAresdA appeared
[LKrerdASer2:  24.12.2021, 12:26:41] --> Character leveled up to level 33
[LKrerdASer2:  24.12.2021, 12:26:53] --> RESaliAresdA appeared
[LKrerdASer2:  24.12.2021, 12:27:11] --> RESaliAresdA appeared
[LKrerdASer2:  24.12.2021, 12:27:27] --> RESaliAresdA appeared
[LKrerdASer2:  24.12.2021, 12:27:43] --> RESaliAresdA appeared
[LKrerdASer2:  24.12.2021, 12:27:59] --> RESaliAresdA appeared
[LKrerdASer2:  24.12.2021, 12:28:16] --> RESaliAresdA appeared
[LKrerdASer2:  24.12.2021, 12:28:32] --> RESaliAresdA appeared
[LKrerdASer2:  24.12.2021, 12:28:49] --> RESaliAresdA appeared
[LKrerdASer2:  24.12.2021, 12:29:06] --> RESaliAresdA appeared
[LKrerdASer2:  24.12.2021, 12:29:06] --> Character leveled up to level 34
[LKrerdASer2:  24.12.2021, 12:29:22] --> RESaliAresdA appeared
[LKrerdASer2:  24.12.2021, 12:29:38] --> RESaliAresdA appeared
[LKrerdASer2:  24.12.2021, 12:29:55] --> RESaliAresdA appeared
[LKrerdASer2:  24.12.2021, 12:30:12] --> RESaliAresdA appeared
[LKrerdASer2:  24.12.2021, 12:30:27] --> RESaliAresdA appeared
[LKrerdASer2:  24.12.2021, 12:30:30] --> RESaliAresdA appeared
[LKrerdASer2:  24.12.2021, 12:30:39] --> RESaliAresdA appeared
[LKrerdASer2:  24.12.2021, 12:30:45] --> RESaliAresdA appeared
[LKrerdASer2:  24.12.2021, 12:31:00] --> RESaliAresdA appeared
[LKrerdASer2:  24.12.2021, 12:31:03] --> RESaliAresdA appeared
[LKrerdASer2:  24.12.2021, 12:31:18] --> RESaliAresdA appeared
[LKrerdASer2:  24.12.2021, 12:31:32] --> RESaliAresdA appeared
[LKrerdASer2:  24.12.2021, 12:31:36] --> RESaliAresdA appeared
[LKrerdASer2:  24.12.2021, 12:31:51] --> RESaliAresdA appeared
[LKrerdASer2:  24.12.2021, 12:32:00] --> Character leveled up to level 35
[LKrerdASer2:  24.12.2021, 12:32:05] --> RESaliAresdA appeared
[LKrerdASer2:  24.12.2021, 12:32:18] --> RESaliAresdA appeared
[LKrerdASer2:  24.12.2021, 12:32:24] --> RESaliAresdA appeared
[LKrerdASer2:  24.12.2021, 12:32:38] --> RESaliAresdA appeared
[LKrerdASer2:  24.12.2021, 12:32:41] --> RESaliAresdA appeared
[LKrerdASer2:  24.12.2021, 12:32:51] --> RESaliAresdA appeared
[LKrerdASer2:  24.12.2021, 12:32:56] --> RESaliAresdA appeared
[LKrerdASer2:  24.12.2021, 12:33:14] --> RESaliAresdA appeared
[LKrerdASer2:  24.12.2021, 12:33:30] --> RESaliAresdA appeared
[LKrerdASer2:  24.12.2021, 12:33:47] --> RESaliAresdA appeared
[LKrerdASer2:  24.12.2021, 12:34:03] --> RESaliAresdA appeared
[LKrerdASer2:  24.12.2021, 12:34:20] --> RESaliAresdA appeared
[LKrerdASer2:  24.12.2021, 12:34:36] --> RESaliAresdA appeared
[LKrerdASer2:  24.12.2021, 12:34:54] --> RESaliAresdA appeared
[LKrerdASer2:  24.12.2021, 12:35:08] --> RESaliAresdA appeared
[LKrerdASer2:  24.12.2021, 12:35:16] --> Character leveled up to level 36
[LKrerdASer2:  24.12.2021, 12:35:26] --> RESaliAresdA appeared
[LKrerdASer2:  24.12.2021, 12:35:42] --> RESaliAresdA appeared
[LKrerdASer2:  24.12.2021, 12:35:59] --> RESaliAresdA appeared
[LKrerdASer2:  24.12.2021, 12:36:15] --> RESaliAresdA appeared
[LKrerdASer2:  24.12.2021, 12:36:32] --> RESaliAresdA appeared
[LKrerdASer2:  24.12.2021, 12:36:47] --> RESaliAresdA appeared
[LKrerdASer2:  24.12.2021, 12:37:04] --> RESaliAresdA appeared
[LKrerdASer2:  24.12.2021, 12:37:20] --> RESaliAresdA appeared
[LKrerdASer2:  24.12.2021, 12:37:39] --> RESaliAresdA appeared
[LKrerdASer2:  24.12.2021, 12:37:53] --> RESaliAresdA appeared
[LKrerdASer2:  24.12.2021, 12:38:09] --> RESaliAresdA appeared
[LKrerdASer2:  24.12.2021, 12:38:26] --> RESaliAresdA appeared
[LKrerdASer2:  24.12.2021, 12:38:44] --> RESaliAresdA appeared
[LKrerdASer2:  24.12.2021, 12:38:55] --> Character leveled up to level 37
[LKrerdASer2:  24.12.2021, 12:38:59] --> RESaliAresdA appeared
[LKrerdASer2:  24.12.2021, 12:39:15] --> RESaliAresdA appeared
[LKrerdASer2:  24.12.2021, 12:39:33] --> RESaliAresdA appeared
[LKrerdASer2:  24.12.2021, 12:39:48] --> RESaliAresdA appeared
[LKrerdASer2:  24.12.2021, 12:40:06] --> RESaliAresdA appeared
[LKrerdASer2:  24.12.2021, 12:40:23] --> RESaliAresdA appeared
[LKrerdASer2:  24.12.2021, 12:40:38] --> RESaliAresdA appeared
[LKrerdASer2:  24.12.2021, 12:40:54] --> RESaliAresdA appeared
[LKrerdASer2:  24.12.2021, 12:41:11] --> RESaliAresdA appeared
[LKrerdASer2:  24.12.2021, 12:41:29] --> RESaliAresdA appeared
[LKrerdASer2:  24.12.2021, 12:41:44] --> RESaliAresdA appeared
[LKrerdASer2:  24.12.2021, 12:42:02] --> RESaliAresdA appeared
[LKrerdASer2:  24.12.2021, 12:42:17] --> RESaliAresdA appeared
[LKrerdASer2:  24.12.2021, 12:42:34] --> RESaliAresdA appeared
[LKrerdASer2:  24.12.2021, 12:42:51] --> RESaliAresdA appeared
[LKrerdASer2:  24.12.2021, 12:43:09] --> RESaliAresdA appeared
[LKrerdASer2:  24.12.2021, 12:43:18] --> Character leveled up to level 38
[LKrerdASer2:  24.12.2021, 12:43:24] --> RESaliAresdA appeared
[LKrerdASer2:  24.12.2021, 12:43:41] --> RESaliAresdA appeared
[LKrerdASer2:  24.12.2021, 12:43:56] --> RESaliAresdA appeared
[LKrerdASer2:  24.12.2021, 12:44:13] --> RESaliAresdA appeared
[LKrerdASer2:  24.12.2021, 12:44:31] --> RESaliAresdA appeared
[LKrerdASer2:  24.12.2021, 12:44:46] --> RESaliAresdA appeared
[LKrerdASer2:  24.12.2021, 12:45:03] --> RESaliAresdA appeared
[LKrerdASer2:  24.12.2021, 12:45:19] --> RESaliAresdA appeared
[LKrerdASer2:  24.12.2021, 12:45:35] --> RESaliAresdA appeared
[LKrerdASer2:  24.12.2021, 12:45:52] --> RESaliAresdA appeared
[LKrerdASer2:  24.12.2021, 12:46:09] --> RESaliAresdA appeared
[LKrerdASer2:  24.12.2021, 12:46:27] --> RESaliAresdA appeared
[LKrerdASer2:  24.12.2021, 12:46:42] --> RESaliAresdA appeared
[LKrerdASer2:  24.12.2021, 12:47:00] --> RESaliAresdA appeared
[LKrerdASer2:  24.12.2021, 12:47:15] --> RESaliAresdA appeared
[LKrerdASer2:  24.12.2021, 12:47:23] --> Character leveled up to level 39
[LKrerdASer2:  24.12.2021, 12:47:32] --> RESaliAresdA appeared
[LKrerdASer2:  24.12.2021, 12:47:48] --> RESaliAresdA appeared
[LKrerdASer2:  24.12.2021, 12:48:04] --> RESaliAresdA appeared
[LKrerdASer2:  24.12.2021, 12:48:21] --> RESaliAresdA appeared
[LKrerdASer2:  24.12.2021, 12:48:38] --> RESaliAresdA appeared
[LKrerdASer2:  24.12.2021, 12:48:55] --> RESaliAresdA appeared
[LKrerdASer2:  24.12.2021, 12:49:11] --> RESaliAresdA appeared
[LKrerdASer2:  24.12.2021, 12:49:28] --> RESaliAresdA appeared
[LKrerdASer2:  24.12.2021, 12:49:44] --> RESaliAresdA appeared
[LKrerdASer2:  24.12.2021, 12:50:01] --> RESaliAresdA appeared
[LKrerdASer2:  24.12.2021, 12:50:18] --> RESaliAresdA appeared
[LKrerdASer2:  24.12.2021, 12:50:35] --> RESaliAresdA appeared
[LKrerdASer2:  24.12.2021, 12:50:51] --> RESaliAresdA appeared
[LKrerdASer2:  24.12.2021, 12:51:07] --> RESaliAresdA appeared
[LKrerdASer2:  24.12.2021, 12:51:24] --> RESaliAresdA appeared
[LKrerdASer2:  24.12.2021, 12:51:41] --> RESaliAresdA appeared
[LKrerdASer2:  24.12.2021, 12:51:57] --> RESaliAresdA appeared
[LKrerdASer2:  24.12.2021, 12:52:13] --> RESaliAresdA appeared
[LKrerdASer2:  24.12.2021, 12:52:31] --> RESaliAresdA appeared
[LKrerdASer2:  24.12.2021, 12:52:37] --> Character leveled up to level 40
[LKrerdASer2:  24.12.2021, 12:52:48] --> RESaliAresdA appeared
[LKrerdASer2:  24.12.2021, 12:53:02] --> RESaliAresdA appeared
[LKrerdASer2:  24.12.2021, 12:53:21] --> RESaliAresdA appeared
[LKrerdASer2:  24.12.2021, 12:53:35] --> RESaliAresdA appeared
[LKrerdASer2:  24.12.2021, 12:53:53] --> RESaliAresdA appeared
[LKrerdASer2:  24.12.2021, 12:54:11] --> RESaliAresdA appeared
[LKrerdASer2:  24.12.2021, 12:54:27] --> RESaliAresdA appeared
[LKrerdASer2:  24.12.2021, 12:54:43] --> RESaliAresdA appeared
[LKrerdASer2:  24.12.2021, 12:54:59] --> RESaliAresdA appeared
[LKrerdASer2:  24.12.2021, 12:55:16] --> RESaliAresdA appeared
[LKrerdASer2:  24.12.2021, 12:55:34] --> RESaliAresdA appeared
[LKrerdASer2:  24.12.2021, 12:55:51] --> RESaliAresdA appeared
[LKrerdASer2:  24.12.2021, 12:56:08] --> RESaliAresdA appeared
[LKrerdASer2:  24.12.2021, 12:56:26] --> RESaliAresdA appeared
[LKrerdASer2:  24.12.2021, 12:56:42] --> RESaliAresdA appeared
[LKrerdASer2:  24.12.2021, 12:56:59] --> RESaliAresdA appeared
[LKrerdASer2:  24.12.2021, 12:57:16] --> RESaliAresdA appeared
[LKrerdASer2:  24.12.2021, 12:57:33] --> RESaliAresdA appeared
[LKrerdASer2:  24.12.2021, 12:57:49] --> RESaliAresdA appeared
[LKrerdASer2:  24.12.2021, 12:58:06] --> RESaliAresdA appeared
[LKrerdASer2:  24.12.2021, 12:58:24] --> RESaliAresdA appeared
[LKrerdASer2:  24.12.2021, 12:58:28] --> Character leveled up to level 41
[LKrerdASer2:  24.12.2021, 12:58:40] --> RESaliAresdA appeared
[LKrerdASer2:  24.12.2021, 12:58:58] --> RESaliAresdA appeared
[LKrerdASer2:  24.12.2021, 12:59:15] --> RESaliAresdA appeared
[LKrerdASer2:  24.12.2021, 12:59:32] --> RESaliAresdA appeared
[LKrerdASer2:  24.12.2021, 12:59:49] --> RESaliAresdA appeared
[LKrerdASer2:  24.12.2021, 13:00:07] --> RESaliAresdA appeared
[LKrerdASer2:  24.12.2021, 13:00:26] --> RESaliAresdA appeared
[LKrerdASer2:  24.12.2021, 13:00:42] --> RESaliAresdA appeared
[LKrerdASer2:  24.12.2021, 13:00:58] --> RESaliAresdA appeared
[LKrerdASer2:  24.12.2021, 13:01:17] --> RESaliAresdA appeared
[LKrerdASer2:  24.12.2021, 13:01:36] --> RESaliAresdA appeared
[LKrerdASer2:  24.12.2021, 13:01:53] --> RESaliAresdA appeared
[LKrerdASer2:  24.12.2021, 13:02:09] --> RESaliAresdA appeared
[LKrerdASer2:  24.12.2021, 13:02:28] --> RESaliAresdA appeared
[LKrerdASer2:  24.12.2021, 13:02:45] --> RESaliAresdA appeared
[LKrerdASer2:  24.12.2021, 13:03:05] --> RESaliAresdA appeared
[LKrerdASer2:  24.12.2021, 13:03:21] --> RESaliAresdA appeared
[LKrerdASer2:  24.12.2021, 13:03:40] --> RESaliAresdA appeared
[LKrerdASer2:  24.12.2021, 13:03:59] --> RESaliAresdA appeared
[LKrerdASer2:  24.12.2021, 13:04:20] --> RESaliAresdA appeared
[LKrerdASer2:  24.12.2021, 13:04:37] --> RESaliAresdA appeared
[LKrerdASer2:  24.12.2021, 13:04:56] --> RESaliAresdA appeared
[LKrerdASer2:  24.12.2021, 13:04:57] --> Character leveled up to level 42
[LKrerdASer2:  24.12.2021, 13:05:13] --> RESaliAresdA appeared
[LKrerdASer2:  24.12.2021, 13:05:30] --> RESaliAresdA appeared
[LKrerdASer2:  24.12.2021, 13:05:46] --> RESaliAresdA appeared
[LKrerdASer2:  24.12.2021, 13:06:04] --> RESaliAresdA appeared
[LKrerdASer2:  24.12.2021, 13:06:21] --> RESaliAresdA appeared
[LKrerdASer2:  24.12.2021, 13:06:39] --> RESaliAresdA appeared
[LKrerdASer2:  24.12.2021, 13:06:56] --> RESaliAresdA appeared
[LKrerdASer2:  24.12.2021, 13:07:15] --> RESaliAresdA appeared
[LKrerdASer2:  24.12.2021, 13:07:31] --> RESaliAresdA appeared
[LKrerdASer2:  24.12.2021, 13:07:48] --> RESaliAresdA appeared
[LKrerdASer2:  24.12.2021, 13:08:05] --> RESaliAresdA appeared
[LKrerdASer2:  24.12.2021, 13:08:24] --> RESaliAresdA appeared
[LKrerdASer2:  24.12.2021, 13:08:42] --> RESaliAresdA appeared
[LKrerdASer2:  24.12.2021, 13:08:59] --> RESaliAresdA appeared
[LKrerdASer2:  24.12.2021, 13:09:18] --> RESaliAresdA appeared
[LKrerdASer2:  24.12.2021, 13:09:36] --> RESaliAresdA appeared
[LKrerdASer2:  24.12.2021, 13:09:55] --> RESaliAresdA appeared
[LKrerdASer2:  24.12.2021, 13:10:13] --> RESaliAresdA appeared
[LKrerdASer2:  24.12.2021, 13:10:33] --> RESaliAresdA appeared
[LKrerdASer2:  24.12.2021, 13:10:53] --> RESaliAresdA appeared
[LKrerdASer2:  24.12.2021, 13:11:11] --> RESaliAresdA appeared
[LKrerdASer2:  24.12.2021, 13:11:31] --> RESaliAresdA appeared
[LKrerdASer2:  24.12.2021, 13:12:12] --> RESaliAresdA appeared
[LKrerdASer2:  24.12.2021, 13:12:26] --> RESaliAresdA appeared
[LKrerdASer2:  24.12.2021, 13:12:38] --> Character leveled up to level 43
[LKrerdASer2:  24.12.2021, 13:12:44] --> RESaliAresdA appeared
[LKrerdASer2:  24.12.2021, 13:13:00] --> RESaliAresdA appeared
[LKrerdASer2:  24.12.2021, 13:13:18] --> RESaliAresdA appeared
[LKrerdASer2:  24.12.2021, 13:13:35] --> RESaliAresdA appeared
[LKrerdASer2:  24.12.2021, 13:13:53] --> RESaliAresdA appeared
[LKrerdASer2:  24.12.2021, 13:14:10] --> RESaliAresdA appeared
[LKrerdASer2:  24.12.2021, 13:14:28] --> RESaliAresdA appeared
[LKrerdASer2:  24.12.2021, 13:14:46] --> RESaliAresdA appeared
[LKrerdASer2:  24.12.2021, 13:15:04] --> RESaliAresdA appeared
[LKrerdASer2:  24.12.2021, 13:15:22] --> RESaliAresdA appeared
[LKrerdASer2:  24.12.2021, 13:15:41] --> RESaliAresdA appeared
[LKrerdASer2:  24.12.2021, 13:15:58] --> RESaliAresdA appeared
[LKrerdASer2:  24.12.2021, 13:16:14] --> RESaliAresdA appeared
[LKrerdASer2:  24.12.2021, 13:16:32] --> RESaliAresdA appeared
[LKrerdASer2:  24.12.2021, 13:16:48] --> RESaliAresdA appeared
[LKrerdASer2:  24.12.2021, 13:17:06] --> RESaliAresdA appeared
[LKrerdASer2:  24.12.2021, 13:17:22] --> RESaliAresdA appeared
[LKrerdASer2:  24.12.2021, 13:17:38] --> RESaliAresdA appeared
[LKrerdASer2:  24.12.2021, 13:17:54] --> RESaliAresdA appeared
[LKrerdASer2:  24.12.2021, 13:18:11] --> RESaliAresdA appeared
[LKrerdASer2:  24.12.2021, 13:18:27] --> RESaliAresdA appeared
[LKrerdASer2:  24.12.2021, 13:18:44] --> RESaliAresdA appeared
[LKrerdASer2:  24.12.2021, 13:19:01] --> RESaliAresdA appeared
[LKrerdASer2:  24.12.2021, 13:19:17] --> RESaliAresdA appeared
[LKrerdASer2:  24.12.2021, 13:19:34] --> RESaliAresdA appeared
[LKrerdASer2:  24.12.2021, 13:19:50] --> RESaliAresdA appeared
[LKrerdASer2:  24.12.2021, 13:20:08] --> RESaliAresdA appeared
[LKrerdASer2:  24.12.2021, 13:20:25] --> RESaliAresdA appeared
[LKrerdASer2:  24.12.2021, 13:20:41] --> RESaliAresdA appeared
[LKrerdASer2:  24.12.2021, 13:20:58] --> RESaliAresdA appeared
[LKrerdASer2:  24.12.2021, 13:21:00] --> Character leveled up to level 44
[LKrerdASer2:  24.12.2021, 13:21:16] --> RESaliAresdA appeared
[LKrerdASer2:  24.12.2021, 13:21:25] --> RESaliAresdA appeared
[LKrerdASer2:  24.12.2021, 13:21:31] --> RESaliAresdA appeared
[LKrerdASer2:  24.12.2021, 13:21:47] --> RESaliAresdA appeared
[LKrerdASer2:  24.12.2021, 13:21:49] --> RESaliAresdA appeared
[LKrerdASer2:  24.12.2021, 13:21:58] --> RESaliAresdA appeared
[LKrerdASer2:  24.12.2021, 13:22:03] --> RESaliAresdA appeared
[LKrerdASer2:  24.12.2021, 13:22:21] --> RESaliAresdA appeared
[LKrerdASer2:  24.12.2021, 13:22:34] --> RESaliAresdA appeared
[LKrerdASer2:  24.12.2021, 13:22:38] --> RESaliAresdA appeared
[LKrerdASer2:  24.12.2021, 13:22:54] --> RESaliAresdA appeared
[LKrerdASer2:  24.12.2021, 13:22:58] --> RESaliAresdA appeared
[LKrerdASer2:  24.12.2021, 13:23:06] --> RESaliAresdA appeared
[LKrerdASer2:  24.12.2021, 13:23:12] --> RESaliAresdA appeared
[LKrerdASer2:  24.12.2021, 13:23:33] --> RESaliAresdA appeared
[LKrerdASer2:  24.12.2021, 13:23:52] --> RESaliAresdA appeared
[LKrerdASer2:  24.12.2021, 13:24:08] --> RESaliAresdA appeared
[LKrerdASer2:  24.12.2021, 13:24:14] --> RESaliAresdA appeared
[LKrerdASer2:  24.12.2021, 13:24:21] --> RESaliAresdA appeared
[LKrerdASer2:  24.12.2021, 13:24:27] --> RESaliAresdA appeared
[LKrerdASer2:  24.12.2021, 13:24:41] --> RESaliAresdA appeared
[LKrerdASer2:  24.12.2021, 13:24:45] --> RESaliAresdA appeared
[LKrerdASer2:  24.12.2021, 13:24:53] --> RESaliAresdA appeared
[LKrerdASer2:  24.12.2021, 13:25:01] --> RESaliAresdA appeared
[LKrerdASer2:  24.12.2021, 13:25:15] --> RESaliAresdA appeared
[LKrerdASer2:  24.12.2021, 13:25:36] --> RESaliAresdA appeared
[LKrerdASer2:  24.12.2021, 13:25:53] --> RESaliAresdA appeared
[LKrerdASer2:  24.12.2021, 13:26:07] --> RESaliAresdA appeared
[LKrerdASer2:  24.12.2021, 13:26:20] --> RESaliAresdA appeared
[LKrerdASer2:  24.12.2021, 13:26:25] --> RESaliAresdA appeared
[LKrerdASer2:  24.12.2021, 13:26:32] --> RESaliAresdA appeared
[LKrerdASer2:  24.12.2021, 13:26:39] --> RESaliAresdA appeared
[LKrerdASer2:  24.12.2021, 13:26:57] --> RESaliAresdA appeared
[LKrerdASer2:  24.12.2021, 13:27:13] --> RESaliAresdA appeared
[LKrerdASer2:  24.12.2021, 13:27:28] --> RESaliAresdA appeared
[LKrerdASer2:  24.12.2021, 13:27:45] --> RESaliAresdA appeared
[LKrerdASer2:  24.12.2021, 13:28:00] --> RESaliAresdA appeared
[LKrerdASer2:  24.12.2021, 13:28:13] --> RESaliAresdA appeared
[LKrerdASer2:  24.12.2021, 13:28:19] --> RESaliAresdA appeared
[LKrerdASer2:  24.12.2021, 13:28:33] --> RESaliAresdA appeared
[LKrerdASer2:  24.12.2021, 13:28:37] --> RESaliAresdA appeared
[LKrerdASer2:  24.12.2021, 13:28:45] --> RESaliAresdA appeared
[LKrerdASer2:  24.12.2021, 13:28:50] --> RESaliAresdA appeared
[LKrerdASer2:  24.12.2021, 13:29:08] --> RESaliAresdA appeared
[LKrerdASer2:  24.12.2021, 13:29:11] --> RESaliAresdA appeared
[LKrerdASer2:  24.12.2021, 13:29:18] --> RESaliAresdA appeared
[LKrerdASer2:  24.12.2021, 13:29:25] --> RESaliAresdA appeared
[LKrerdASer2:  24.12.2021, 13:29:39] --> RESaliAresdA appeared
[LKrerdASer2:  24.12.2021, 13:29:52] --> RESaliAresdA appeared
[LKrerdASer2:  24.12.2021, 13:30:04] --> Character leveled up to level 45
[LKrerdASer2:  24.12.2021, 13:30:09] --> RESaliAresdA appeared
[LKrerdASer2:  24.12.2021, 13:30:20] --> RESaliAresdA appeared
[LKrerdASer2:  24.12.2021, 13:49:20] --> Character leveled up to level 46
[LKrerdASer2:  24.12.2021, 13:49:21] --> RESaliAresdA appeared
[LKrerdASer2:  24.12.2021, 13:49:26] --> RESaliAresdA appeared
[LKrerdASer2:  24.12.2021, 13:49:35] --> RESaliAresdA appeared
[LKrerdASer2:  24.12.2021, 13:49:40] --> RESaliAresdA appeared
[LKrerdASer2:  24.12.2021, 13:49:56] --> RESaliAresdA appeared
[LKrerdASer2:  24.12.2021, 13:50:18] --> RESaliAresdA appeared
[LKrerdASer2:  24.12.2021, 13:50:36] --> RESaliAresdA appeared
[LKrerdASer2:  24.12.2021, 13:50:55] --> RESaliAresdA appeared
[LKrerdASer2:  24.12.2021, 13:51:13] --> RESaliAresdA appeared
[LKrerdASer2:  24.12.2021, 13:51:31] --> RESaliAresdA appeared
[LKrerdASer2:  24.12.2021, 13:51:49] --> RESaliAresdA appeared
[LKrerdASer2:  24.12.2021, 13:52:09] --> RESaliAresdA appeared
[LKrerdASer2:  24.12.2021, 13:52:26] --> RESaliAresdA appeared
[LKrerdASer2:  24.12.2021, 13:52:46] --> RESaliAresdA appeared
[LKrerdASer2:  24.12.2021, 13:53:03] --> RESaliAresdA appeared
[LKrerdASer2:  24.12.2021, 13:53:20] --> RESaliAresdA appeared
[LKrerdASer2:  24.12.2021, 13:53:36] --> RESaliAresdA appeared
[LKrerdASer2:  24.12.2021, 13:53:53] --> RESaliAresdA appeared
[LKrerdASer2:  24.12.2021, 13:54:09] --> RESaliAresdA appeared
[LKrerdASer2:  24.12.2021, 13:54:27] --> RESaliAresdA appeared
[LKrerdASer2:  24.12.2021, 13:54:42] --> RESaliAresdA appeared
[LKrerdASer2:  24.12.2021, 13:54:59] --> RESaliAresdA appeared
[LKrerdASer2:  24.12.2021, 13:55:16] --> RESaliAresdA appeared
[LKrerdASer2:  24.12.2021, 13:55:33] --> RESaliAresdA appeared
[LKrerdASer2:  24.12.2021, 13:55:49] --> RESaliAresdA appeared
[LKrerdASer2:  24.12.2021, 13:56:06] --> RESaliAresdA appeared
[LKrerdASer2:  24.12.2021, 13:56:22] --> RESaliAresdA appeared
[LKrerdASer2:  24.12.2021, 13:56:40] --> RESaliAresdA appeared
[LKrerdASer2:  24.12.2021, 13:56:56] --> RESaliAresdA appeared
[LKrerdASer2:  24.12.2021, 13:57:12] --> RESaliAresdA appeared
[LKrerdASer2:  24.12.2021, 13:57:28] --> RESaliAresdA appeared
[LKrerdASer2:  24.12.2021, 13:57:45] --> RESaliAresdA appeared
[LKrerdASer2:  24.12.2021, 13:58:02] --> RESaliAresdA appeared
[LKrerdASer2:  24.12.2021, 13:58:18] --> RESaliAresdA appeared
[LKrerdASer2:  24.12.2021, 13:58:36] --> RESaliAresdA appeared
[LKrerdASer2:  24.12.2021, 13:58:51] --> RESaliAresdA appeared
[LKrerdASer2:  24.12.2021, 13:59:06] --> RESaliAresdA appeared
[LKrerdASer2:  24.12.2021, 13:59:24] --> RESaliAresdA appeared
[LKrerdASer2:  24.12.2021, 13:59:40] --> RESaliAresdA appeared
[LKrerdASer2:  24.12.2021, 13:59:57] --> RESaliAresdA appeared
[LKrerdASer2:  24.12.2021, 14:00:14] --> RESaliAresdA appeared
[LKrerdASer2:  24.12.2021, 14:00:30] --> RESaliAresdA appeared
[LKrerdASer2:  24.12.2021, 14:00:47] --> RESaliAresdA appeared
[LKrerdASer2:  24.12.2021, 14:00:51] --> Character leveled up to level 47
[LKrerdASer2:  24.12.2021, 14:01:03] --> RESaliAresdA appeared
[LKrerdASer2:  24.12.2021, 14:01:20] --> RESaliAresdA appeared
[LKrerdASer2:  24.12.2021, 14:01:36] --> RESaliAresdA appeared
[LKrerdASer2:  24.12.2021, 14:01:52] --> RESaliAresdA appeared
[LKrerdASer2:  24.12.2021, 14:02:09] --> RESaliAresdA appeared
[LKrerdASer2:  24.12.2021, 14:02:26] --> RESaliAresdA appeared
[LKrerdASer2:  24.12.2021, 14:02:42] --> RESaliAresdA appeared
[LKrerdASer2:  24.12.2021, 14:03:00] --> RESaliAresdA appeared
[LKrerdASer2:  24.12.2021, 14:03:15] --> RESaliAresdA appeared
[LKrerdASer2:  24.12.2021, 14:03:32] --> RESaliAresdA appeared
[LKrerdASer2:  24.12.2021, 14:03:48] --> RESaliAresdA appeared
[LKrerdASer2:  24.12.2021, 14:04:06] --> RESaliAresdA appeared
[LKrerdASer2:  24.12.2021, 14:04:21] --> RESaliAresdA appeared
[LKrerdASer2:  24.12.2021, 14:04:38] --> RESaliAresdA appeared
[LKrerdASer2:  24.12.2021, 14:04:55] --> RESaliAresdA appeared
[LKrerdASer2:  24.12.2021, 14:05:11] --> RESaliAresdA appeared
[LKrerdASer2:  24.12.2021, 14:05:29] --> RESaliAresdA appeared
[LKrerdASer2:  24.12.2021, 14:05:44] --> RESaliAresdA appeared
[LKrerdASer2:  24.12.2021, 14:10:18] --> Character leveled up to level 48
[LKrerdASer2:  24.12.2021, 14:19:38] --> Character leveled up to level 49
[LKrerdASer2:  24.12.2021, 14:28:35] --> hdmGSK appeared
[LKrerdASer2:  24.12.2021, 14:28:47] --> hdmGSK appeared
[LKrerdASer2:  24.12.2021, 14:29:07] --> hdmGSK appeared
[LKrerdASer2:  24.12.2021, 14:29:22] --> hdmGSK appeared
[LKrerdASer2:  24.12.2021, 14:29:38] --> hdmGSK appeared
[LKrerdASer2:  24.12.2021, 14:29:47] --> Character leveled up to level 50
[LKrerdASer2:  24.12.2021, 14:30:12] --> Character got kick
[LKrerdASer2:  24.12.2021, 14:30:48] --> Character was kicked from the bot, reason: Character was walking
[LKrerdASer2:  24.12.2021, 14:32:13] --> Character was kicked from the bot, reason: Character was walking
[LKrerdASer2:  24.12.2021, 14:32:26] --> Regezar appeared
[LKrerdASer2:  24.12.2021, 14:32:42] --> Character was kicked from the bot, reason: Character was walking
[LKrerdASer2:  24.12.2021, 15:56:48] --> Bot successfully started
[LKrerdASer2:  24.12.2021, 15:56:48] --> XXCAS appeared
[LKrerdASer2:  24.12.2021, 15:57:04] --> Character was kicked from the bot, reason: Character was walking
[LKrerdASer2:  24.12.2021, 16:07:27] --> Character died
[LKrerdASer2:  24.12.2021, 16:07:28] --> Character leveled up to level 51
[LKrerdASer2:  24.12.2021, 16:16:33] --> Character got kick
[LKrerdASer2:  24.12.2021, 16:17:43] --> Character got kick
[LKrerdASer2:  24.12.2021, 16:18:24] --> Character got kick
[LKrerdASer2:  24.12.2021, 16:37:07] --> Bot successfully started
[LKrerdASer2:  24.12.2021, 16:39:15] --> Character leveled up to level 52
[LKrerdASer2:  24.12.2021, 16:54:44] --> Character leveled up to level 53
[LKrerdASer2:  24.12.2021, 18:07:34] --> Bot successfully started
[LKrerdASer2:  24.12.2021, 18:07:35] --> NilfGaard appeared
[LKrerdASer2:  24.12.2021, 18:08:36] --> NilfGaard appeared
[LKrerdASer2:  24.12.2021, 18:09:30] --> NilfGaard appeared
[LKrerdASer2:  24.12.2021, 18:12:00] --> NilfGaard appeared
[LKrerdASer2:  24.12.2021, 18:13:14] --> NilfGaard appeared
[LKrerdASer2:  24.12.2021, 18:14:28] --> NilfGaard appeared
[LKrerdASer2:  24.12.2021, 18:15:54] --> Character died
[LKrerdASer2:  24.12.2021, 18:16:31] --> NilfGaard appeared
[LKrerdASer2:  24.12.2021, 18:18:38] --> NilfGaard appeared
[LKrerdASer2:  24.12.2021, 18:19:10] --> Character leveled up to level 54
[LKrerdASer2:  24.12.2021, 18:21:09] --> NilfGaard appeared
[LKrerdASer2:  24.12.2021, 18:22:01] --> NilfGaard appeared
[LKrerdASer2:  24.12.2021, 18:22:25] --> NilfGaard appeared
[LKrerdASer2:  24.12.2021, 18:23:38] --> NilfGaard appeared
[LKrerdASer2:  24.12.2021, 18:24:32] --> NilfGaard appeared
[LKrerdASer2:  24.12.2021, 18:25:24] --> NilfGaard appeared
[LKrerdASer2:  24.12.2021, 18:27:34] --> NilfGaard appeared
[LKrerdASer2:  24.12.2021, 18:30:03] --> NilfGaard appeared
[LKrerdASer2:  24.12.2021, 18:30:56] --> NilfGaard appeared
[LKrerdASer2:  24.12.2021, 18:33:13] --> Character died
[LKrerdASer2:  24.12.2021, 18:33:28] --> NilfGaard appeared
[LKrerdASer2:  24.12.2021, 18:33:31] --> Character died
[LKrerdASer2:  24.12.2021, 18:34:45] --> NilfGaard appeared
[LKrerdASer2:  24.12.2021, 18:35:06] --> NilfGaard appeared
[LKrerdASer2:  24.12.2021, 18:36:20] --> NilfGaard appeared
[LKrerdASer2:  24.12.2021, 18:37:14] --> NilfGaard appeared
[LKrerdASer2:  24.12.2021, 18:37:36] --> NilfGaard appeared
[LKrerdASer2:  24.12.2021, 18:38:28] --> NilfGaard appeared
[LKrerdASer2:  24.12.2021, 18:39:41] --> NilfGaard appeared
[LKrerdASer2:  24.12.2021, 18:40:57] --> NilfGaard appeared
[LKrerdASer2:  24.12.2021, 18:43:04] --> NilfGaard appeared
[LKrerdASer2:  24.12.2021, 18:44:19] --> NilfGaard appeared
[LKrerdASer2:  24.12.2021, 18:44:41] --> NilfGaard appeared
[LKrerdASer2:  24.12.2021, 18:45:34] --> NilfGaard appeared
[LKrerdASer2:  24.12.2021, 18:46:49] --> NilfGaard appeared
[LKrerdASer2:  24.12.2021, 18:51:13] --> Character died
[LKrerdASer2:  24.12.2021, 18:51:26] --> Character died
[LKrerdASer2:  24.12.2021, 18:53:26] --> Character was kicked from the bot, reason: Character was walking
