[iserdelireda: 24.10.2021, 20:29:51] --> Bot successfully started
[iserdelireda: 24.10.2021, 20:30:03] --> Changing into CH2
[iserdelireda: 24.10.2021, 20:30:10] --> nufukuhiruku appeared
[iserdelireda: 24.10.2021, 20:35:59] --> Bot successfully started
[iserdelireda: 24.10.2021, 20:36:03] --> Setting 'umut' loaded because of active level settings
[iserdelireda: 24.10.2021, 20:36:06] --> Character went to saleswoman
[iserdelireda: 24.10.2021, 20:36:14] --> Character was kicked from the bot, reason: Character was walking
[iserdelireda: 24.10.2021, 20:36:19] --> yerimbas4 appeared
[iserdelireda: 24.10.2021, 20:36:48] --> Character was kicked from the bot, reason: Character was walking
[iserdelireda: 24.10.2021, 20:36:58] --> aserdersaxs appeared
[iserdelireda: 24.10.2021, 20:37:00] --> Character leveled up to level 4
[iserdelireda: 24.10.2021, 20:37:01] --> Character leveled up to level 7
[iserdelireda: 24.10.2021, 20:37:02] --> Character leveled up to level 8
[iserdelireda: 24.10.2021, 20:37:04] --> Character leveled up to level 9
[iserdelireda: 24.10.2021, 20:37:16] --> Character leveled up to level 10
[iserdelireda: 24.10.2021, 20:37:16] --> aserdersaxs appeared
[iserdelireda: 24.10.2021, 20:37:21] --> Character leveled up to level 11
[iserdelireda: 24.10.2021, 20:37:38] --> aserdersaxs appeared
[iserdelireda: 24.10.2021, 20:37:53] --> Character leveled up to level 12
[iserdelireda: 24.10.2021, 20:37:56] --> Character leveled up to level 13
[iserdelireda: 24.10.2021, 20:37:59] --> Character leveled up to level 14
[iserdelireda: 24.10.2021, 20:38:04] --> aserdersaxs appeared
[iserdelireda: 24.10.2021, 20:38:17] --> aserdersaxs appeared
[iserdelireda: 24.10.2021, 20:38:22] --> aserdersaxs appeared
[iserdelireda: 24.10.2021, 20:38:38] --> aserdersaxs appeared
[iserdelireda: 24.10.2021, 20:38:49] --> Character leveled up to level 15
[iserdelireda: 24.10.2021, 20:50:54] --> Bot successfully started
[iserdelireda: 24.10.2021, 20:50:54] --> aserdersaxs appeared
[iserdelireda: 24.10.2021, 20:50:55] --> Setting 'umut' loaded because of active level settings
[iserdelireda: 24.10.2021, 20:51:00] --> aserdersaxs appeared
[iserdelireda: 24.10.2021, 20:51:23] --> aserdersaxs appeared
[iserdelireda: 24.10.2021, 20:51:36] --> gbhegdg appeared
[iserdelireda: 24.10.2021, 20:51:40] --> gbhegdg appeared
[iserdelireda: 24.10.2021, 20:51:49] --> Character leveled up to level 16
[iserdelireda: 24.10.2021, 20:53:50] --> Character leveled up to level 17
[iserdelireda: 24.10.2021, 21:01:23] --> Bot successfully started
[iserdelireda: 24.10.2021, 21:01:23] --> Setting 'umut' loaded because of active level settings
[iserdelireda: 24.10.2021, 21:02:34] --> Bot successfully started
[iserdelireda: 24.10.2021, 21:02:34] --> Setting 'umut' loaded because of active level settings
[iserdelireda: 24.10.2021, 21:02:41] --> Character leveled up to level 18
[iserdelireda: 24.10.2021, 21:02:47] --> Character leveled up to level 19
[iserdelireda: 24.10.2021, 21:03:58] --> Character leveled up to level 20
[iserdelireda: 24.10.2021, 21:04:50] --> Character leveled up to level 21
[iserdelireda: 24.10.2021, 21:06:11] --> Character leveled up to level 22
[iserdelireda: 24.10.2021, 21:08:06] --> Character leveled up to level 23
[iserdelireda: 24.10.2021, 21:08:06] --> Setting 'umut2' loaded because of active level settings
[iserdelireda: 24.10.2021, 21:08:26] --> Character was kicked from the bot, reason: Character was walking
[iserdelireda: 24.10.2021, 21:08:30] --> pezidekeri appeared
[iserdelireda: 24.10.2021, 21:08:51] --> Character was kicked from the bot, reason: Character was walking
[iserdelireda: 24.10.2021, 21:08:55] --> aserdersaxs appeared
[iserdelireda: 24.10.2021, 21:11:38] --> Character leveled up to level 24
[iserdelireda: 24.10.2021, 21:13:58] --> Character leveled up to level 25
[iserdelireda: 24.10.2021, 21:16:15] --> Character leveled up to level 26
[iserdelireda: 24.10.2021, 21:18:22] --> Character leveled up to level 27
[iserdelireda: 24.10.2021, 21:19:26] --> lolezusope appeared
[iserdelireda: 24.10.2021, 21:19:39] --> Character leveled up to level 28
[iserdelireda: 24.10.2021, 21:20:58] --> cirolemaguci appeared
[iserdelireda: 24.10.2021, 21:21:40] --> Character leveled up to level 29
[iserdelireda: 24.10.2021, 21:23:00] --> cirolemaguci appeared
[iserdelireda: 24.10.2021, 21:23:25] --> Character leveled up to level 30
[iserdelireda: 24.10.2021, 21:23:28] --> Bot stopped: Character reached level 30
[iserdelireda: 24.10.2021, 21:23:32] --> Character died
[iserdelireda: 24.10.2021, 21:31:48] --> Bot successfully started
[iserdelireda: 24.10.2021, 21:32:03] --> pezidekeri appeared
[iserdelireda: 24.10.2021, 21:32:20] --> Character was kicked from the bot, reason: Character was walking
[iserdelireda: 24.10.2021, 21:32:49] --> CapCaval50 appeared
[iserdelireda: 24.10.2021, 21:32:57] --> Character got kick
[iserdelireda: 24.10.2021, 21:33:03] --> 3miserable96 appeared
[iserdelireda: 24.10.2021, 21:33:08] --> Character was kicked from the bot, reason: Character was walking
[iserdelireda: 24.10.2021, 21:34:16] --> Character died
[iserdelireda: 24.10.2021, 21:35:20] --> Character leveled up to level 31
[iserdelireda: 24.10.2021, 21:37:50] --> Character leveled up to level 32
[iserdelireda: 24.10.2021, 21:40:17] --> Character leveled up to level 33
[iserdelireda: 24.10.2021, 21:41:24] --> Character died
[iserdelireda: 24.10.2021, 21:43:35] --> Character leveled up to level 34
[iserdelireda: 24.10.2021, 21:46:31] --> Character leveled up to level 35
[iserdelireda: 24.10.2021, 21:49:52] --> Character leveled up to level 36
[iserdelireda: 24.10.2021, 21:53:44] --> Character leveled up to level 37
[iserdelireda: 24.10.2021, 21:58:14] --> Character leveled up to level 38
[iserdelireda: 24.10.2021, 22:03:10] --> Character leveled up to level 39
[iserdelireda: 24.10.2021, 22:08:32] --> Character leveled up to level 40
[iserdelireda: 24.10.2021, 22:11:33] --> Bot successfully started
[iserdelireda: 24.10.2021, 22:16:20] --> Character leveled up to level 41
[iserdelireda: 24.10.2021, 22:22:27] --> Character leveled up to level 42
[iserdelireda: 24.10.2021, 22:29:35] --> Character leveled up to level 43
[iserdelireda: 24.10.2021, 22:33:46] --> Character died
[iserdelireda: 24.10.2021, 22:34:02] --> Character died
[iserdelireda: 24.10.2021, 22:38:07] --> Character leveled up to level 44
[iserdelireda: 24.10.2021, 22:40:14] --> Bot successfully started
[iserdelireda: 24.10.2021, 22:40:35] --> Character died
[iserdelireda: 24.10.2021, 22:40:48] --> Character died
[iserdelireda: 24.10.2021, 22:46:41] --> Bot successfully started
[iserdelireda: 24.10.2021, 22:46:56] --> Character died
[iserdelireda: 24.10.2021, 22:47:09] --> Character died
[iserdelireda: 24.10.2021, 22:51:25] --> Character leveled up to level 45
[iserdelireda: 24.10.2021, 22:52:54] --> Character died
[iserdelireda: 24.10.2021, 22:53:08] --> Character died
[iserdelireda: 24.10.2021, 22:56:31] --> Character died
[iserdelireda: 24.10.2021, 22:56:48] --> Character died
[iserdelireda: 24.10.2021, 22:58:44] --> Character died
[iserdelireda: 24.10.2021, 23:00:54] --> Bot successfully started
[iserdelireda: 24.10.2021, 23:06:25] --> Bot successfully started
[iserdelireda: 24.10.2021, 23:08:56] --> Character leveled up to level 46
[iserdelireda: 24.10.2021, 23:11:50] --> Character died
[iserdelireda: 24.10.2021, 23:15:30] --> Bot successfully started
[iserdelireda: 24.10.2021, 23:21:16] --> Character leveled up to level 47
[iserdelireda: 24.10.2021, 23:25:53] --> Character died
[iserdelireda: 24.10.2021, 23:32:22] --> Character leveled up to level 48
[iserdelireda: 24.10.2021, 23:40:10] --> Bot successfully started
[iserdelireda: 24.10.2021, 23:40:18] --> Character died
[iserdelireda: 24.10.2021, 23:40:38] --> Character died
[iserdelireda: 24.10.2021, 23:46:25] --> Character leveled up to level 49
[iserdelireda: 24.10.2021, 23:49:09] --> Character died
[iserdelireda: 24.10.2021, 23:49:18] --> Character died
[iserdelireda: 24.10.2021, 23:49:29] --> Character died
[iserdelireda: 24.10.2021, 23:49:40] --> Character died
[iserdelireda: 24.10.2021, 23:51:44] --> Character died
[iserdelireda: 25.10.2021, 00:00:48] --> Character leveled up to level 50
[iserdelireda: 25.10.2021, 00:06:45] --> Character died
[iserdelireda: 25.10.2021, 00:36:46] --> Character died
[iserdelireda: 25.10.2021, 00:37:01] --> Character died
[iserdelireda: 25.10.2021, 00:38:15] --> Character died
[iserdelireda: 25.10.2021, 00:38:31] --> Character died
[iserdelireda: 25.10.2021, 00:46:47] --> Bot successfully started
[iserdelireda: 25.10.2021, 00:46:54] --> Character died
[iserdelireda: 25.10.2021, 00:58:45] --> Character died
[iserdelireda: 25.10.2021, 00:59:01] --> Character died
[iserdelireda: 25.10.2021, 01:04:09] --> Character went to saleswoman
[iserdelireda: 25.10.2021, 01:04:42] --> Character got kick
[iserdelireda: 25.10.2021, 01:04:48] --> wikomatece appeared
[iserdelireda: 25.10.2021, 01:05:05] --> Character was kicked from the bot, reason: Character was walking
[iserdelireda: 25.10.2021, 01:05:37] --> Character was kicked from the bot, reason: Character was walking
[iserdelireda: 25.10.2021, 01:06:32] --> Character was kicked from the bot, reason: Character was walking
[iserdelireda: 25.10.2021, 01:20:56] --> Character died
[iserdelireda: 25.10.2021, 01:21:10] --> Character died
[iserdelireda: 25.10.2021, 01:21:34] --> Character died
[iserdelireda: 25.10.2021, 01:27:01] --> Character died
[iserdelireda: 25.10.2021, 01:30:54] --> Character went to saleswoman
[iserdelireda: 25.10.2021, 01:31:03] --> Character got kick
[iserdelireda: 25.10.2021, 01:31:25] --> Character was kicked from the bot, reason: Character was walking
[iserdelireda: 25.10.2021, 01:31:32] --> AnySnk appeared
[iserdelireda: 25.10.2021, 01:31:59] --> Character was kicked from the bot, reason: Character was walking
[iserdelireda: 25.10.2021, 01:32:35] --> Character was kicked from the bot, reason: Character was walking
[iserdelireda: 25.10.2021, 01:47:32] --> Bot successfully started
[iserdelireda: 25.10.2021, 01:50:33] --> Bot successfully started
[iserdelireda: 25.10.2021, 01:57:20] --> Bot successfully started
[iserdelireda: 25.10.2021, 01:58:45] --> Bot successfully started
[iserdelireda: 25.10.2021, 02:04:32] --> Bot successfully started
[iserdelireda: 25.10.2021, 02:11:58] --> Character died
[iserdelireda: 25.10.2021, 02:12:18] --> Character died
[iserdelireda: 25.10.2021, 02:14:20] --> Character went to saleswoman
[iserdelireda: 25.10.2021, 02:14:32] --> wikomatece appeared
[iserdelireda: 25.10.2021, 02:14:50] --> Character was kicked from the bot, reason: Character was walking
[iserdelireda: 25.10.2021, 02:15:24] --> Character was kicked from the bot, reason: Character was walking
[iserdelireda: 25.10.2021, 02:15:37] --> nisafarado appeared
[iserdelireda: 25.10.2021, 02:16:04] --> Character was kicked from the bot, reason: Character was walking
[iserdelireda: 25.10.2021, 02:18:40] --> Bot successfully started
[iserdelireda: 25.10.2021, 02:20:51] --> Bot successfully started
[iserdelireda: 25.10.2021, 02:49:51] --> Character went to saleswoman
[iserdelireda: 25.10.2021, 02:50:19] --> Character was kicked from the bot, reason: Character was walking
[iserdelireda: 25.10.2021, 02:50:27] --> yerimbas4 appeared
[iserdelireda: 25.10.2021, 02:50:52] --> Character was kicked from the bot, reason: Character was walking
[iserdelireda: 25.10.2021, 02:51:34] --> Character was kicked from the bot, reason: Character was walking
[iserdelireda: 25.10.2021, 03:02:22] --> Bot successfully started
[iserdelireda: 25.10.2021, 03:08:34] --> Bot successfully started
[iserdelireda: 25.10.2021, 03:29:09] --> Character went to saleswoman
[iserdelireda: 25.10.2021, 03:29:17] --> Character got kick
[iserdelireda: 25.10.2021, 03:29:22] --> vazeriwirizo appeared
[iserdelireda: 25.10.2021, 03:29:37] --> Character was kicked from the bot, reason: Character was walking
[iserdelireda: 25.10.2021, 03:30:09] --> Character was kicked from the bot, reason: Character was walking
[iserdelireda: 25.10.2021, 03:30:38] --> EgeGeziZzkk appeared
[iserdelireda: 25.10.2021, 03:30:46] --> Character was kicked from the bot, reason: Character was walking
[iserdelireda: 25.10.2021, 03:31:16] --> Character died
[iserdelireda: 25.10.2021, 03:31:33] --> Character died
[iserdelireda: 25.10.2021, 03:43:29] --> Bot successfully started
[iserdelireda: 25.10.2021, 03:51:55] --> Bot successfully started
[iserdelireda: 25.10.2021, 03:58:36] --> Character died
[iserdelireda: 25.10.2021, 03:58:51] --> Character died
[iserdelireda: 25.10.2021, 04:06:52] --> Character died
[iserdelireda: 25.10.2021, 04:07:33] --> Character died
[iserdelireda: 25.10.2021, 04:07:48] --> Character died
[iserdelireda: 25.10.2021, 04:12:41] --> Character went to saleswoman
[iserdelireda: 25.10.2021, 04:12:49] --> Character got kick
[iserdelireda: 25.10.2021, 04:13:12] --> Character was kicked from the bot, reason: Character was walking
[iserdelireda: 25.10.2021, 04:13:45] --> Character was kicked from the bot, reason: Character was walking
[iserdelireda: 25.10.2021, 04:14:23] --> Character was kicked from the bot, reason: Character was walking
[iserdelireda: 25.10.2021, 04:17:09] --> Bot successfully started
[iserdelireda: 25.10.2021, 04:29:20] --> Character died
[iserdelireda: 25.10.2021, 04:34:57] --> Bot successfully started
[iserdelireda: 25.10.2021, 04:36:41] --> Bot successfully started
[iserdelireda: 25.10.2021, 04:38:14] --> Character died
[iserdelireda: 25.10.2021, 04:44:51] --> Bot successfully started
[iserdelireda: 25.10.2021, 04:46:31] --> Bot successfully started
[iserdelireda: 25.10.2021, 04:57:19] --> Character died
[iserdelireda: 25.10.2021, 04:58:34] --> Character went to saleswoman
[iserdelireda: 25.10.2021, 04:58:44] --> pizefusivasa appeared
[iserdelireda: 25.10.2021, 04:58:54] --> wikomatece appeared
[iserdelireda: 25.10.2021, 04:59:10] --> Character was kicked from the bot, reason: Character was walking
[iserdelireda: 25.10.2021, 04:59:42] --> Character was kicked from the bot, reason: Character was walking
[iserdelireda: 25.10.2021, 05:00:20] --> Character was kicked from the bot, reason: Character was walking
[iserdelireda: 25.10.2021, 05:00:24] --> SidkZatigoub appeared
[iserdelireda: 25.10.2021, 05:08:06] --> Bot successfully started
[iserdelireda: 25.10.2021, 05:08:12] --> Character died
[iserdelireda: 25.10.2021, 05:08:28] --> Character died
[iserdelireda: 25.10.2021, 05:13:32] --> Bot successfully started
[iserdelireda: 25.10.2021, 05:15:08] --> Bot successfully started
[iserdelireda: 25.10.2021, 05:17:19] --> SidkZatigoub appeared
[iserdelireda: 25.10.2021, 05:20:27] --> ViyaUgurwuyo appeared
[iserdelireda: 25.10.2021, 05:27:50] --> ViyaUgurwuyo appeared
[iserdelireda: 25.10.2021, 05:31:13] --> ViyaUgurwuyo appeared
[iserdelireda: 25.10.2021, 05:34:39] --> Bot successfully started
[iserdelireda: 25.10.2021, 05:34:39] --> ViyaUgurwuyo appeared
[iserdelireda: 25.10.2021, 05:36:30] --> ViyaUgurwuyo appeared
[iserdelireda: 25.10.2021, 05:38:33] --> Bot successfully started
[iserdelireda: 25.10.2021, 05:38:33] --> ViyaUgurwuyo appeared
[iserdelireda: 25.10.2021, 05:46:48] --> ViyaUgurwuyo appeared
[iserdelireda: 25.10.2021, 05:55:50] --> Bot successfully started
[iserdelireda: 25.10.2021, 05:55:51] --> ViyaUgurwuyo appeared
[iserdelireda: 25.10.2021, 05:59:10] --> Character went to saleswoman
[iserdelireda: 25.10.2021, 05:59:37] --> Character was kicked from the bot, reason: Character was walking
[iserdelireda: 25.10.2021, 06:00:08] --> Character was kicked from the bot, reason: Character was walking
[iserdelireda: 25.10.2021, 06:00:48] --> Character was kicked from the bot, reason: Character was walking
[iserdelireda: 25.10.2021, 06:02:12] --> Bot successfully started
[iserdelireda: 25.10.2021, 06:03:13] --> Character died
[iserdelireda: 25.10.2021, 06:03:29] --> Character died
[iserdelireda: 25.10.2021, 06:09:55] --> Character died
[iserdelireda: 25.10.2021, 06:10:12] --> Character died
[iserdelireda: 25.10.2021, 06:13:45] --> Character died
[iserdelireda: 25.10.2021, 06:14:01] --> Character died
[iserdelireda: 25.10.2021, 06:16:05] --> FenKilegnim appeared
[iserdelireda: 25.10.2021, 06:19:07] --> FenKilegnim appeared
[iserdelireda: 25.10.2021, 06:19:16] --> Character died
[iserdelireda: 25.10.2021, 06:19:32] --> FenKilegnim appeared
[iserdelireda: 25.10.2021, 06:20:11] --> FenKilegnim appeared
[iserdelireda: 25.10.2021, 06:25:27] --> FenKilegnim appeared
[iserdelireda: 25.10.2021, 06:37:35] --> FenKilegnim appeared
[iserdelireda: 25.10.2021, 06:40:20] --> Character went to saleswoman
[iserdelireda: 25.10.2021, 06:40:47] --> Character was kicked from the bot, reason: Character was walking
[iserdelireda: 25.10.2021, 06:41:19] --> Character was kicked from the bot, reason: Character was walking
[iserdelireda: 25.10.2021, 06:41:27] --> aserdersaxs appeared
[iserdelireda: 25.10.2021, 06:41:56] --> Character was kicked from the bot, reason: Character was walking
[iserdelireda: 25.10.2021, 06:42:00] --> FenKilegnim appeared
[iserdelireda: 25.10.2021, 06:43:33] --> Bot successfully started
[iserdelireda: 25.10.2021, 06:43:34] --> FenKilegnim appeared
[iserdelireda: 25.10.2021, 06:48:12] --> Bot successfully started
[iserdelireda: 25.10.2021, 06:48:12] --> FenKilegnim appeared
[iserdelireda: 25.10.2021, 06:51:58] --> FenKilegnim appeared
[iserdelireda: 25.10.2021, 06:58:51] --> Bot successfully started
[iserdelireda: 25.10.2021, 06:58:51] --> FenKilegnim appeared
[iserdelireda: 25.10.2021, 07:01:42] --> Bot successfully started
[iserdelireda: 25.10.2021, 07:01:43] --> FenKilegnim appeared
[iserdelireda: 25.10.2021, 07:05:16] --> Bot successfully started
[iserdelireda: 25.10.2021, 07:05:45] --> FenKilegnim appeared
[iserdelireda: 25.10.2021, 07:09:54] --> FenKilegnim appeared
[iserdelireda: 25.10.2021, 07:11:58] --> FenKilegnim appeared
[iserdelireda: 25.10.2021, 07:13:16] --> Character died
[iserdelireda: 25.10.2021, 07:13:34] --> Character died
[iserdelireda: 25.10.2021, 07:18:59] --> Bot successfully started
[iserdelireda: 25.10.2021, 07:19:07] --> Character died
[iserdelireda: 25.10.2021, 07:19:14] --> FenKilegnim appeared
[iserdelireda: 25.10.2021, 07:19:19] --> FenKilegnim appeared
[iserdelireda: 25.10.2021, 07:20:44] --> Bot successfully started
[iserdelireda: 25.10.2021, 07:20:44] --> FenKilegnim appeared
[iserdelireda: 25.10.2021, 07:22:51] --> Bot successfully started
[iserdelireda: 25.10.2021, 07:22:51] --> FenKilegnim appeared
[iserdelireda: 25.10.2021, 07:27:49] --> Bot successfully started
[iserdelireda: 25.10.2021, 07:27:49] --> FenKilegnim appeared
[iserdelireda: 25.10.2021, 07:34:16] --> Character died
[iserdelireda: 25.10.2021, 07:40:53] --> Character went to saleswoman
[iserdelireda: 25.10.2021, 07:41:26] --> Character got kick
[iserdelireda: 25.10.2021, 07:41:42] --> yerimbas4 appeared
[iserdelireda: 25.10.2021, 07:41:48] --> Character was kicked from the bot, reason: Character was walking
[iserdelireda: 25.10.2021, 07:42:20] --> Character was kicked from the bot, reason: Character was walking
[iserdelireda: 25.10.2021, 07:42:30] --> yerimbas4 appeared
[iserdelireda: 25.10.2021, 07:43:00] --> Character was kicked from the bot, reason: Character was walking
[iserdelireda: 25.10.2021, 07:50:45] --> Bot successfully started
[iserdelireda: 25.10.2021, 07:54:04] --> Bot successfully started
[iserdelireda: 25.10.2021, 07:59:56] --> Bot successfully started
[iserdelireda: 25.10.2021, 08:01:16] --> Bot successfully started
[iserdelireda: 25.10.2021, 08:02:50] --> Bot successfully started
[iserdelireda: 25.10.2021, 08:03:02] --> Character died
[iserdelireda: 25.10.2021, 08:03:17] --> Character died
[iserdelireda: 25.10.2021, 08:08:10] --> Bot successfully started
[iserdelireda: 25.10.2021, 08:10:51] --> Bot successfully started
[iserdelireda: 25.10.2021, 08:21:59] --> Bot successfully started
[iserdelireda: 25.10.2021, 08:30:26] --> Bot successfully started
[iserdelireda: 25.10.2021, 08:30:37] --> Character died
[iserdelireda: 25.10.2021, 08:31:19] --> Character went to saleswoman
[iserdelireda: 25.10.2021, 08:31:50] --> Character was kicked from the bot, reason: Character was walking
[iserdelireda: 25.10.2021, 08:32:29] --> Character was kicked from the bot, reason: Character was walking
[iserdelireda: 25.10.2021, 08:33:11] --> Character was kicked from the bot, reason: Character was walking
[iserdelireda: 25.10.2021, 08:35:55] --> Bot successfully started
[iserdelireda: 25.10.2021, 08:46:27] --> Character died
[iserdelireda: 25.10.2021, 08:46:42] --> Character died
[iserdelireda: 25.10.2021, 08:48:28] --> Bot successfully started
[iserdelireda: 25.10.2021, 08:55:31] --> Bot successfully started
[iserdelireda: 25.10.2021, 08:59:22] --> Character died
[iserdelireda: 25.10.2021, 08:59:36] --> Character died
[iserdelireda: 25.10.2021, 09:04:17] --> Character went to saleswoman
[iserdelireda: 25.10.2021, 09:04:45] --> Character was kicked from the bot, reason: Character was walking
[iserdelireda: 25.10.2021, 09:05:17] --> Character was kicked from the bot, reason: Character was walking
[iserdelireda: 25.10.2021, 09:05:49] --> IsalBocuzikg appeared
[iserdelireda: 25.10.2021, 09:05:56] --> Character was kicked from the bot, reason: Character was walking
[iserdelireda: 25.10.2021, 09:07:35] --> Bot successfully started
[iserdelireda: 25.10.2021, 09:09:41] --> rambyIII appeared
[iserdelireda: 25.10.2021, 12:09:29] --> Bot successfully started
[iserdelireda: 25.10.2021, 12:09:30] --> rurafazoguko appeared
[iserdelireda: 25.10.2021, 12:11:58] --> zikuvategob appeared
[iserdelireda: 25.10.2021, 12:12:23] --> Character was kicked from the bot, reason: Character was walking
[iserdelireda: 25.10.2021, 12:12:28] --> aserdersaxs appeared
[iserdelireda: 25.10.2021, 12:30:41] --> aserdersaxs appeared
[iserdelireda: 25.10.2021, 12:39:35] --> Changing into CH2
[iserdelireda: 25.10.2021, 12:39:42] --> ziredertiret appeared
[iserdelireda: 25.10.2021, 12:45:12] --> Bot successfully started
[iserdelireda: 25.10.2021, 12:45:12] --> aserdersaxs appeared
[iserdelireda: 25.10.2021, 12:48:29] --> Changing into CH2
[iserdelireda: 25.10.2021, 12:48:36] --> kitenopebis appeared
[iserdelireda: 25.10.2021, 13:18:51] --> Bot successfully started
[iserdelireda: 25.10.2021, 13:19:03] --> godapobikawu appeared
[iserdelireda: 25.10.2021, 13:30:56] --> Bot successfully started
[iserdelireda: 25.10.2021, 13:30:57] --> hobabubukev appeared
[iserdelireda: 25.10.2021, 13:31:18] --> Character was kicked from the bot, reason: Character was walking
[iserdelireda: 25.10.2021, 13:31:23] --> polelunawog appeared
[iserdelireda: 25.10.2021, 13:31:37] --> polelunawog appeared
[iserdelireda: 25.10.2021, 13:31:47] --> CapCaval50 appeared
[iserdelireda: 25.10.2021, 13:31:56] --> Character was kicked from the bot, reason: Character was walking
[iserdelireda: 25.10.2021, 13:32:02] --> rurafazoguko appeared
[iserdelireda: 25.10.2021, 13:33:42] --> Character died
[iserdelireda: 25.10.2021, 13:33:56] --> rurafazoguko appeared
[iserdelireda: 25.10.2021, 13:49:23] --> Bot successfully started
[iserdelireda: 25.10.2021, 13:49:23] --> rurafazoguko appeared
[iserdelireda: 25.10.2021, 14:09:15] --> Bot successfully started
[iserdelireda: 25.10.2021, 14:09:15] --> rurafazoguko appeared
[iserdelireda: 25.10.2021, 14:15:10] --> Bot successfully started
[iserdelireda: 25.10.2021, 14:15:10] --> rurafazoguko appeared
[iserdelireda: 25.10.2021, 14:20:32] --> rurafazoguko appeared
[iserdelireda: 25.10.2021, 14:20:36] --> rurafazoguko appeared
[iserdelireda: 25.10.2021, 14:20:43] --> Character died
[iserdelireda: 25.10.2021, 14:21:01] --> Character died
[iserdelireda: 25.10.2021, 14:21:01] --> rurafazoguko appeared
[iserdelireda: 25.10.2021, 15:14:33] --> rurafazoguko appeared
[iserdelireda: 25.10.2021, 15:21:05] --> Character got kick
[iserdelireda: 25.10.2021, 15:22:35] --> Bot successfully started
[iserdelireda: 25.10.2021, 15:22:36] --> rurafazoguko appeared
[iserdelireda: 25.10.2021, 15:35:22] --> Bot successfully started
[iserdelireda: 25.10.2021, 15:35:22] --> rurafazoguko appeared
[iserdelireda: 25.10.2021, 15:42:18] --> Bot successfully started
[iserdelireda: 25.10.2021, 15:42:18] --> rurafazoguko appeared
[iserdelireda: 25.10.2021, 16:36:05] --> Character got kick
[iserdelireda: 25.10.2021, 16:38:24] --> Bot successfully started
[iserdelireda: 25.10.2021, 16:38:24] --> rurafazoguko appeared
[iserdelireda: 25.10.2021, 16:39:51] --> Bot successfully started
[iserdelireda: 25.10.2021, 16:39:51] --> rurafazoguko appeared
[iserdelireda: 25.10.2021, 16:44:28] --> Bot successfully started
[iserdelireda: 25.10.2021, 16:44:28] --> rurafazoguko appeared
[iserdelireda: 25.10.2021, 16:56:58] --> Bot successfully started
[iserdelireda: 25.10.2021, 16:56:58] --> rurafazoguko appeared
[iserdelireda: 25.10.2021, 18:05:48] --> Character got kick
[iserdelireda: 25.10.2021, 18:05:54] --> Character got kick
[iserdelireda: 25.10.2021, 18:05:58] --> rurafazoguko appeared
[iserdelireda: 25.10.2021, 18:08:18] --> Bot successfully started
[iserdelireda: 25.10.2021, 18:08:18] --> rurafazoguko appeared
[iserdelireda: 25.10.2021, 18:12:30] --> Bot successfully started
[iserdelireda: 25.10.2021, 18:12:30] --> rurafazoguko appeared
[iserdelireda: 25.10.2021, 18:29:16] --> rurafazoguko appeared
[iserdelireda: 25.10.2021, 18:33:39] --> Bot successfully started
[iserdelireda: 25.10.2021, 18:33:39] --> rurafazoguko appeared
[iserdelireda: 25.10.2021, 18:39:02] --> Bot successfully started
[iserdelireda: 25.10.2021, 18:39:02] --> rurafazoguko appeared
[iserdelireda: 25.10.2021, 18:41:46] --> Bot successfully started
[iserdelireda: 25.10.2021, 18:41:46] --> rurafazoguko appeared
[iserdelireda: 25.10.2021, 18:57:47] --> Bot successfully started
[iserdelireda: 25.10.2021, 18:57:48] --> rurafazoguko appeared
[iserdelireda: 25.10.2021, 19:02:45] --> rurafazoguko appeared
[iserdelireda: 25.10.2021, 19:02:49] --> rurafazoguko appeared
[iserdelireda: 25.10.2021, 19:38:00] --> Bot successfully started
[iserdelireda: 25.10.2021, 19:38:00] --> rurafazoguko appeared
[iserdelireda: 25.10.2021, 19:41:06] --> Bot successfully started
[iserdelireda: 25.10.2021, 19:41:06] --> rurafazoguko appeared
[iserdelireda: 25.10.2021, 19:44:49] --> Bot successfully started
[iserdelireda: 25.10.2021, 19:44:49] --> rurafazoguko appeared
[iserdelireda: 25.10.2021, 20:00:25] --> Bot successfully started
[iserdelireda: 25.10.2021, 20:00:25] --> rurafazoguko appeared
[iserdelireda: 25.10.2021, 20:10:54] --> Bot successfully started
[iserdelireda: 25.10.2021, 20:10:54] --> rurafazoguko appeared
[iserdelireda: 25.10.2021, 20:16:14] --> Bot successfully started
[iserdelireda: 25.10.2021, 20:16:14] --> rurafazoguko appeared
[iserdelireda: 25.10.2021, 20:36:38] --> Character went to saleswoman
[iserdelireda: 25.10.2021, 20:36:43] --> Character got kick
[iserdelireda: 25.10.2021, 20:37:12] --> Character got kick
[iserdelireda: 25.10.2021, 20:37:35] --> Character was kicked from the bot, reason: Character was walking
[iserdelireda: 25.10.2021, 20:38:09] --> Character was kicked from the bot, reason: Character was walking
[iserdelireda: 25.10.2021, 20:38:39] --> Cruella83 appeared
[iserdelireda: 25.10.2021, 20:38:47] --> Character was kicked from the bot, reason: Character was walking
[iserdelireda: 25.10.2021, 20:57:57] --> rurafazoguko appeared
[iserdelireda: 25.10.2021, 20:58:01] --> rurafazoguko appeared
[iserdelireda: 25.10.2021, 21:06:42] --> Bot successfully started
[iserdelireda: 25.10.2021, 21:06:42] --> rurafazoguko appeared
[iserdelireda: 25.10.2021, 21:08:23] --> Bot successfully started
[iserdelireda: 25.10.2021, 21:08:23] --> rurafazoguko appeared
[iserdelireda: 25.10.2021, 22:37:15] --> Bot successfully started
[iserdelireda: 25.10.2021, 22:37:16] --> rurafazoguko appeared
[iserdelireda: 25.10.2021, 22:41:09] --> Character was kicked from the bot, reason: Character was walking
[iserdelireda: 25.10.2021, 22:41:13] --> kikokopepuv appeared
[iserdelireda: 25.10.2021, 23:17:19] --> Changing into CH2
[iserdelireda: 25.10.2021, 23:17:21] --> Character got kick
[iserdelireda: 25.10.2021, 23:20:39] --> Changing into CH2
[iserdelireda: 25.10.2021, 23:36:06] --> Bot successfully started
[iserdelireda: 25.10.2021, 23:36:26] --> Character was kicked from the bot, reason: Character was walking
[iserdelireda: 25.10.2021, 23:36:37] --> satabikime appeared
[iserdelireda: 25.10.2021, 23:37:01] --> Character was kicked from the bot, reason: Character was walking
[iserdelireda: 25.10.2021, 23:37:14] --> rurafazoguko appeared
[iserdelireda: 25.10.2021, 23:50:33] --> Bot successfully started
[iserdelireda: 25.10.2021, 23:50:33] --> rurafazoguko appeared
[iserdelireda: 25.10.2021, 23:53:43] --> Bot successfully started
[iserdelireda: 25.10.2021, 23:53:43] --> rurafazoguko appeared
[iserdelireda: 26.10.2021, 00:03:17] --> Bot successfully started
[iserdelireda: 26.10.2021, 00:03:17] --> rurafazoguko appeared
[iserdelireda: 26.10.2021, 00:48:52] --> rurafazoguko appeared
[iserdelireda: 26.10.2021, 01:12:34] --> rurafazoguko appeared
[iserdelireda: 26.10.2021, 01:12:37] --> rurafazoguko appeared
[iserdelireda: 26.10.2021, 02:18:35] --> Character died
[iserdelireda: 26.10.2021, 02:27:50] --> rurafazoguko appeared
[iserdelireda: 26.10.2021, 02:31:33] --> rurafazoguko appeared
[iserdelireda: 26.10.2021, 03:41:04] --> rurafazoguko appeared
[iserdelireda: 26.10.2021, 03:41:09] --> rurafazoguko appeared
[iserdelireda: 26.10.2021, 03:50:02] --> Bot successfully started
[iserdelireda: 26.10.2021, 03:50:02] --> rurafazoguko appeared
[iserdelireda: 26.10.2021, 03:55:18] --> rurafazoguko appeared
[iserdelireda: 26.10.2021, 04:01:22] --> Bot successfully started
[iserdelireda: 26.10.2021, 04:01:22] --> rurafazoguko appeared
[iserdelireda: 26.10.2021, 04:07:31] --> Bot successfully started
[iserdelireda: 26.10.2021, 04:07:31] --> rurafazoguko appeared
[iserdelireda: 26.10.2021, 04:10:09] --> Bot successfully started
[iserdelireda: 26.10.2021, 04:10:09] --> rurafazoguko appeared
[iserdelireda: 26.10.2021, 04:19:39] --> Bot successfully started
[iserdelireda: 26.10.2021, 04:19:39] --> rurafazoguko appeared
[iserdelireda: 26.10.2021, 04:22:24] --> Bot successfully started
[iserdelireda: 26.10.2021, 04:22:24] --> rurafazoguko appeared
[iserdelireda: 26.10.2021, 04:23:58] --> Bot successfully started
[iserdelireda: 26.10.2021, 04:23:59] --> rurafazoguko appeared
[iserdelireda: 26.10.2021, 04:26:28] --> Bot successfully started
[iserdelireda: 26.10.2021, 04:26:28] --> rurafazoguko appeared
[iserdelireda: 26.10.2021, 04:59:48] --> Bot successfully started
[iserdelireda: 26.10.2021, 04:59:48] --> rurafazoguko appeared
[iserdelireda: 26.10.2021, 05:23:38] --> Character got kick
[iserdelireda: 26.10.2021, 05:40:44] --> rurafazoguko appeared
[iserdelireda: 26.10.2021, 05:40:48] --> rurafazoguko appeared
[iserdelireda: 26.10.2021, 05:58:47] --> rurafazoguko appeared
[iserdelireda: 26.10.2021, 06:08:26] --> Bot successfully started
[iserdelireda: 26.10.2021, 06:08:26] --> rurafazoguko appeared
[iserdelireda: 26.10.2021, 06:33:12] --> Bot successfully started
[iserdelireda: 26.10.2021, 06:33:12] --> rurafazoguko appeared
[iserdelireda: 26.10.2021, 07:06:59] --> SayekaoyTepi appeared
[iserdelireda: 26.10.2021, 07:10:40] --> Bot successfully started
[iserdelireda: 26.10.2021, 07:10:41] --> SayekaoyTepi appeared
[iserdelireda: 26.10.2021, 07:15:00] --> KefeIsallaji appeared
[iserdelireda: 26.10.2021, 07:16:13] --> KefeIsallaji appeared
[iserdelireda: 26.10.2021, 07:18:12] --> KefeIsallaji appeared
[iserdelireda: 26.10.2021, 07:27:00] --> KefeIsallaji appeared
[iserdelireda: 26.10.2021, 07:31:21] --> KefeIsallaji appeared
[iserdelireda: 26.10.2021, 07:37:09] --> KefeIsallaji appeared
[iserdelireda: 26.10.2021, 07:38:14] --> KefeIsallaji appeared
[iserdelireda: 26.10.2021, 07:42:11] --> KefeIsallaji appeared
[iserdelireda: 26.10.2021, 07:43:12] --> KefeIsallaji appeared
[iserdelireda: 26.10.2021, 07:45:43] --> KefeIsallaji appeared
[iserdelireda: 26.10.2021, 07:46:06] --> KefeIsallaji appeared
[iserdelireda: 26.10.2021, 07:54:23] --> Bot successfully started
[iserdelireda: 26.10.2021, 07:55:44] --> Bot successfully started
[iserdelireda: 26.10.2021, 08:19:02] --> Character died
[iserdelireda: 26.10.2021, 08:21:52] --> SokKitahdty appeared
[iserdelireda: 26.10.2021, 08:24:10] --> SokKitahdty appeared
[iserdelireda: 26.10.2021, 08:25:09] --> SokKitahdty appeared
[iserdelireda: 26.10.2021, 08:27:32] --> rurafazoguko appeared
[iserdelireda: 26.10.2021, 08:45:08] --> Bot successfully started
[iserdelireda: 26.10.2021, 08:45:08] --> rurafazoguko appeared
[iserdelireda: 26.10.2021, 08:52:33] --> Bot successfully started
[iserdelireda: 26.10.2021, 08:52:33] --> rurafazoguko appeared
[iserdelireda: 26.10.2021, 10:36:41] --> Bot successfully started
[iserdelireda: 26.10.2021, 10:41:47] --> wikomatece appeared
[iserdelireda: 26.10.2021, 10:42:11] --> Character was kicked from the bot, reason: Character was walking
[iserdelireda: 26.10.2021, 10:42:15] --> vakebupopa appeared
[iserdelireda: 26.10.2021, 11:53:00] --> Changing into CH2
[iserdelireda: 26.10.2021, 11:53:10] --> kitenopebis appeared
[iserdelireda: 26.10.2021, 12:45:12] --> Bot successfully started
[iserdelireda: 26.10.2021, 12:45:12] --> lopagebucuvo appeared
[iserdelireda: 26.10.2021, 12:45:31] --> Character was kicked from the bot, reason: Character was walking
[iserdelireda: 26.10.2021, 12:45:59] --> CapCaval50 appeared
[iserdelireda: 26.10.2021, 12:46:07] --> Character was kicked from the bot, reason: Character was walking
[iserdelireda: 26.10.2021, 12:46:12] --> rurafazoguko appeared
[iserdelireda: 26.10.2021, 12:47:52] --> Bot successfully started
[iserdelireda: 26.10.2021, 12:47:53] --> rurafazoguko appeared
[iserdelireda: 26.10.2021, 12:53:40] --> Bot successfully started
[iserdelireda: 26.10.2021, 12:53:40] --> rurafazoguko appeared
[iserdelireda: 26.10.2021, 13:02:29] --> Bot successfully started
[iserdelireda: 26.10.2021, 13:02:30] --> rurafazoguko appeared
[iserdelireda: 26.10.2021, 14:05:42] --> Character got kick
[iserdelireda: 26.10.2021, 14:30:27] --> rurafazoguko appeared
[iserdelireda: 26.10.2021, 14:30:30] --> rurafazoguko appeared
[iserdelireda: 26.10.2021, 14:40:33] --> Bot successfully started
[iserdelireda: 26.10.2021, 14:40:34] --> rurafazoguko appeared
[iserdelireda: 26.10.2021, 14:47:02] --> rurafazoguko appeared
[iserdelireda: 26.10.2021, 14:47:06] --> rurafazoguko appeared
[iserdelireda: 26.10.2021, 15:22:24] --> Character got kick
[iserdelireda: 26.10.2021, 15:32:45] --> Bot successfully started
[iserdelireda: 26.10.2021, 15:32:45] --> rurafazoguko appeared
[iserdelireda: 26.10.2021, 15:40:24] --> Bot successfully started
[iserdelireda: 26.10.2021, 15:40:24] --> rurafazoguko appeared
[iserdelireda: 26.10.2021, 16:19:11] --> Character got kick
[iserdelireda: 26.10.2021, 16:19:16] --> Character got kick
[iserdelireda: 26.10.2021, 16:24:44] --> rurafazoguko appeared
[iserdelireda: 26.10.2021, 16:24:48] --> rurafazoguko appeared
[iserdelireda: 26.10.2021, 17:02:42] --> Bot successfully started
[iserdelireda: 26.10.2021, 17:02:43] --> ZotlujiUyma appeared
[iserdelireda: 26.10.2021, 17:11:04] --> ZotlujiUyma appeared
[iserdelireda: 26.10.2021, 17:15:10] --> ZotlujiUyma appeared
[iserdelireda: 26.10.2021, 17:16:27] --> ZotlujiUyma appeared
[iserdelireda: 26.10.2021, 17:22:07] --> ZotlujiUyma appeared
[iserdelireda: 26.10.2021, 17:32:04] --> ZotlujiUyma appeared
[iserdelireda: 26.10.2021, 17:32:31] --> MenizuaiIrin appeared
[iserdelireda: 26.10.2021, 17:37:42] --> Bot successfully started
[iserdelireda: 26.10.2021, 18:03:27] --> ZotlujiUyma appeared
[iserdelireda: 26.10.2021, 18:04:48] --> ZotlujiUyma appeared
[iserdelireda: 26.10.2021, 18:07:03] --> ZotlujiUyma appeared
[iserdelireda: 26.10.2021, 18:08:23] --> ZotlujiUyma appeared
[iserdelireda: 26.10.2021, 18:12:06] --> ZotlujiUyma appeared
[iserdelireda: 26.10.2021, 18:14:04] --> ZotlujiUyma appeared
[iserdelireda: 26.10.2021, 18:26:22] --> Bot successfully started
[iserdelireda: 26.10.2021, 18:27:35] --> ZotlujiUyma appeared
[iserdelireda: 26.10.2021, 19:09:55] --> Bot successfully started
[iserdelireda: 26.10.2021, 19:30:48] --> Bot successfully started
[iserdelireda: 26.10.2021, 21:20:26] --> Bot successfully started
[iserdelireda: 26.10.2021, 21:20:26] --> rurafazoguko appeared
[iserdelireda: 26.10.2021, 21:23:22] --> Bot successfully started
[iserdelireda: 26.10.2021, 21:23:22] --> rurafazoguko appeared
[iserdelireda: 26.10.2021, 21:36:32] --> sboubi12 appeared
[iserdelireda: 26.10.2021, 21:36:56] --> Character was kicked from the bot, reason: Character was walking
[iserdelireda: 26.10.2021, 21:37:00] --> kizefenaba appeared
[iserdelireda: 26.10.2021, 22:38:51] --> Bot successfully started
[iserdelireda: 26.10.2021, 22:38:51] --> kizefenaba appeared
[iserdelireda: 26.10.2021, 22:39:16] --> Changing into CH2
[iserdelireda: 26.10.2021, 22:59:42] --> Bot successfully started
[iserdelireda: 26.10.2021, 23:00:03] --> Character was kicked from the bot, reason: Character was walking
[iserdelireda: 26.10.2021, 23:00:39] --> Character was kicked from the bot, reason: Character was walking
[iserdelireda: 26.10.2021, 23:00:45] --> rurafazoguko appeared
[iserdelireda: 26.10.2021, 23:51:25] --> Bot successfully started
[iserdelireda: 26.10.2021, 23:51:26] --> rurafazoguko appeared
[iserdelireda: 27.10.2021, 00:36:17] --> Character got kick
[iserdelireda: 27.10.2021, 00:56:55] --> Bot successfully started
[iserdelireda: 27.10.2021, 00:56:55] --> rurafazoguko appeared
[iserdelireda: 27.10.2021, 01:16:27] --> Bot successfully started
[iserdelireda: 27.10.2021, 01:16:27] --> rurafazoguko appeared
[iserdelireda: 27.10.2021, 01:18:50] --> Bot successfully started
[iserdelireda: 27.10.2021, 01:18:50] --> rurafazoguko appeared
[iserdelireda: 27.10.2021, 01:21:50] --> rurafazoguko appeared
[iserdelireda: 27.10.2021, 03:09:38] --> Character got kick
[iserdelireda: 27.10.2021, 03:37:37] --> Bot successfully started
[iserdelireda: 27.10.2021, 03:37:37] --> rurafazoguko appeared
[iserdelireda: 27.10.2021, 03:48:56] --> rurafazoguko appeared
[iserdelireda: 27.10.2021, 03:49:00] --> rurafazoguko appeared
[iserdelireda: 27.10.2021, 04:00:06] --> Bot successfully started
[iserdelireda: 27.10.2021, 04:00:06] --> rurafazoguko appeared
[iserdelireda: 27.10.2021, 05:29:55] --> Character got kick
[iserdelireda: 27.10.2021, 05:35:48] --> Bot successfully started
[iserdelireda: 27.10.2021, 05:35:48] --> rurafazoguko appeared
[iserdelireda: 27.10.2021, 05:41:49] --> rurafazoguko appeared
[iserdelireda: 27.10.2021, 05:41:53] --> rurafazoguko appeared
