[zarepireli:   01.10.2021, 20:44:39] --> Bot successfully started
[zarepireli:   02.10.2021, 15:03:53] --> Bot successfully started
[zarepireli:   02.10.2021, 15:05:15] --> Bot successfully started
[zarepireli:   02.10.2021, 15:16:55] --> Bot successfully started
[zarepireli:   02.10.2021, 15:32:54] --> Character was kicked from the bot, reason: Character was walking
[zarepireli:   02.10.2021, 15:32:59] --> dopliment appeared
[zarepireli:   02.10.2021, 15:56:01] --> DeleFrag4 appeared
[zarepireli:   02.10.2021, 15:56:51] --> Ardecha appeared
[zarepireli:   02.10.2021, 15:57:36] --> Ardecha appeared
[zarepireli:   02.10.2021, 15:58:22] --> DeleFrag1 appeared
[zarepireli:   02.10.2021, 15:59:06] --> DeleFrag1 appeared
[zarepireli:   02.10.2021, 15:59:36] --> dopliment appeared
[zarepireli:   02.10.2021, 16:00:29] --> dopliment appeared
[zarepireli:   02.10.2021, 16:00:42] --> Ardecha appeared
[zarepireli:   02.10.2021, 16:00:48] --> FromZero appeared
[zarepireli:   02.10.2021, 16:00:54] --> Ardecha appeared
[zarepireli:   02.10.2021, 16:01:14] --> Uryuu appeared
[zarepireli:   02.10.2021, 16:01:18] --> dopliment appeared
[zarepireli:   02.10.2021, 16:01:40] --> Ardecha appeared
[zarepireli:   02.10.2021, 16:01:50] --> Uryuu appeared
[zarepireli:   02.10.2021, 16:02:09] --> dopliment appeared
[zarepireli:   02.10.2021, 16:02:26] --> Ardecha appeared
[zarepireli:   02.10.2021, 16:02:55] --> DeleFrag4 appeared
[zarepireli:   02.10.2021, 16:03:46] --> Ardecha appeared
[zarepireli:   02.10.2021, 16:03:54] --> FromZero appeared
[zarepireli:   02.10.2021, 16:03:58] --> Ardecha appeared
[zarepireli:   02.10.2021, 16:04:30] --> barbeubleu appeared
[zarepireli:   02.10.2021, 16:04:42] --> barbeubleu appeared
[zarepireli:   02.10.2021, 16:04:56] --> dopliment appeared
[zarepireli:   02.10.2021, 16:05:21] --> Lantex appeared
[zarepireli:   02.10.2021, 16:05:55] --> Restarting because of Render bugs
[zarepireli:   02.10.2021, 16:07:10] --> Bot successfully started
[zarepireli:   02.10.2021, 16:07:18] --> Lantex appeared
[zarepireli:   02.10.2021, 16:07:42] --> FromZero appeared
[zarepireli:   02.10.2021, 16:07:46] --> Ardecha appeared
[zarepireli:   02.10.2021, 16:07:55] --> Character died
[zarepireli:   02.10.2021, 16:08:11] --> Character died
[zarepireli:   02.10.2021, 16:08:12] --> dopliment appeared
[zarepireli:   02.10.2021, 16:08:47] --> Character died
[zarepireli:   02.10.2021, 16:09:00] --> Restarting because of Render bugs
[zarepireli:   02.10.2021, 16:10:14] --> Bot successfully started
[zarepireli:   02.10.2021, 16:10:14] --> Lantex appeared
[zarepireli:   02.10.2021, 16:10:44] --> Lantex appeared
[zarepireli:   02.10.2021, 16:11:15] --> Uryuu appeared
[zarepireli:   02.10.2021, 16:11:28] --> Lantex appeared
[zarepireli:   02.10.2021, 16:12:20] --> Ardecha appeared
[zarepireli:   02.10.2021, 16:12:29] --> Ardecha appeared
[zarepireli:   02.10.2021, 16:12:42] --> Amelisia appeared
[zarepireli:   02.10.2021, 16:13:07] --> Amelisia appeared
[zarepireli:   02.10.2021, 16:13:30] --> Character died
[zarepireli:   02.10.2021, 16:31:02] --> Bot successfully started
[zarepireli:   02.10.2021, 16:31:02] --> MassilxHabra appeared
[zarepireli:   02.10.2021, 16:33:14] --> Ardecha appeared
[zarepireli:   02.10.2021, 16:33:39] --> MassilxHabra appeared
[zarepireli:   02.10.2021, 16:34:44] --> Skaipeur appeared
[zarepireli:   02.10.2021, 16:35:07] --> Character died
[zarepireli:   02.10.2021, 16:36:10] --> Character died
[zarepireli:   02.10.2021, 16:36:24] --> Character died
[zarepireli:   02.10.2021, 16:37:24] --> Ardecha appeared
[zarepireli:   02.10.2021, 16:37:35] --> Character died
[zarepireli:   02.10.2021, 16:38:46] --> Character died
[zarepireli:   02.10.2021, 16:39:17] --> Skaipeur appeared
[zarepireli:   02.10.2021, 16:39:32] --> Character died
[zarepireli:   02.10.2021, 16:40:26] --> Ardecha appeared
[zarepireli:   02.10.2021, 16:40:48] --> MassilxHabra appeared
[zarepireli:   02.10.2021, 16:41:13] --> Ardecha appeared
[zarepireli:   02.10.2021, 16:41:35] --> dopliment appeared
[zarepireli:   02.10.2021, 16:43:43] --> Bot successfully started
[zarepireli:   02.10.2021, 16:43:43] --> Ardecha appeared
[zarepireli:   02.10.2021, 16:43:47] --> Changing into CH3
[zarepireli:   02.10.2021, 16:45:32] --> Bot successfully started
[zarepireli:   02.10.2021, 16:45:33] --> Ardecha appeared
[zarepireli:   02.10.2021, 16:46:39] --> Ardecha appeared
[zarepireli:   02.10.2021, 16:47:23] --> Ardecha appeared
[zarepireli:   02.10.2021, 16:48:11] --> Ardecha appeared
[zarepireli:   02.10.2021, 16:48:17] --> aszerliporet appeared
[zarepireli:   02.10.2021, 16:49:11] --> aszerliporet appeared
[zarepireli:   02.10.2021, 16:49:31] --> Ardecha appeared
[zarepireli:   02.10.2021, 16:50:44] --> Uryuu appeared
[zarepireli:   02.10.2021, 16:50:52] --> Character died
[zarepireli:   02.10.2021, 16:51:27] --> Ardecha appeared
[zarepireli:   02.10.2021, 16:51:55] --> aszerliporet appeared
[zarepireli:   02.10.2021, 16:52:04] --> dopliment appeared
[zarepireli:   02.10.2021, 16:52:23] --> Ardecha appeared
[zarepireli:   02.10.2021, 16:52:48] --> dopliment appeared
[zarepireli:   02.10.2021, 16:52:59] --> Restarting because of Render bugs
[zarepireli:   02.10.2021, 16:54:40] --> Bot successfully started
[zarepireli:   02.10.2021, 16:54:40] --> aserderliore appeared
[zarepireli:   02.10.2021, 16:55:18] --> dopliment appeared
[zarepireli:   02.10.2021, 16:55:43] --> Changing into CH2
[zarepireli:   02.10.2021, 16:55:43] --> aserderliore appeared
[zarepireli:   02.10.2021, 16:56:46] --> Bot successfully started
[zarepireli:   02.10.2021, 16:56:46] --> Ussete appeared
[zarepireli:   02.10.2021, 16:58:17] --> Bot successfully started
[zarepireli:   02.10.2021, 16:58:18] --> ada40mule3 appeared
[zarepireli:   02.10.2021, 16:58:35] --> Character died
[zarepireli:   02.10.2021, 17:28:29] --> Bot successfully started
[zarepireli:   02.10.2021, 17:28:30] --> DetraFrag appeared
[zarepireli:   02.10.2021, 17:28:55] --> Character was kicked from the bot, reason: Character was walking
[zarepireli:   02.10.2021, 17:29:08] --> chacalg appeared
[zarepireli:   02.10.2021, 17:29:40] --> Character was kicked from the bot, reason: Character was walking
[zarepireli:   02.10.2021, 17:30:00] --> Character was kicked from the bot, reason: Character was walking
[zarepireli:   02.10.2021, 17:30:03] --> MrAurocyol appeared
[zarepireli:   02.10.2021, 17:30:25] --> MrAurocyol appeared
[zarepireli:   02.10.2021, 17:31:18] --> Gryphem appeared
[zarepireli:   02.10.2021, 17:32:54] --> Gryphem appeared
[zarepireli:   02.10.2021, 17:33:31] --> korazumopif appeared
[zarepireli:   02.10.2021, 17:34:11] --> Gryphem appeared
[zarepireli:   02.10.2021, 17:35:30] --> Gryphem appeared
[zarepireli:   02.10.2021, 17:36:49] --> Gryphem appeared
[zarepireli:   02.10.2021, 17:38:07] --> Gryphem appeared
[zarepireli:   02.10.2021, 17:38:43] --> korazumopif appeared
[zarepireli:   02.10.2021, 17:39:24] --> Gryphem appeared
[zarepireli:   02.10.2021, 17:40:45] --> Gryphem appeared
[zarepireli:   02.10.2021, 17:42:03] --> Gryphem appeared
[zarepireli:   02.10.2021, 17:42:38] --> korazumopif appeared
[zarepireli:   02.10.2021, 17:44:57] --> Bot successfully started
[zarepireli:   02.10.2021, 17:45:04] --> korazumopif appeared
[zarepireli:   02.10.2021, 17:45:42] --> Gryphem appeared
[zarepireli:   02.10.2021, 17:47:00] --> Gryphem appeared
[zarepireli:   02.10.2021, 17:47:41] --> korazumopif appeared
[zarepireli:   02.10.2021, 17:48:19] --> Gryphem appeared
[zarepireli:   02.10.2021, 17:49:34] --> Gryphem appeared
[zarepireli:   02.10.2021, 17:49:36] --> Gryphem appeared
[zarepireli:   02.10.2021, 17:50:17] --> korazumopif appeared
[zarepireli:   02.10.2021, 17:50:56] --> Gryphem appeared
[zarepireli:   02.10.2021, 17:52:15] --> Gryphem appeared
[zarepireli:   02.10.2021, 17:52:50] --> korazumopif appeared
[zarepireli:   02.10.2021, 17:53:00] --> korazumopif appeared
[zarepireli:   02.10.2021, 17:53:33] --> Gryphem appeared
[zarepireli:   02.10.2021, 17:53:57] --> Restarting because of Render bugs
[zarepireli:   02.10.2021, 17:55:12] --> Bot successfully started
[zarepireli:   02.10.2021, 17:56:17] --> Gryphem appeared
[zarepireli:   02.10.2021, 17:56:57] --> nuzacopeboz appeared
[zarepireli:   02.10.2021, 17:57:41] --> Gryphem appeared
[zarepireli:   02.10.2021, 17:58:04] --> Restarting because of Render bugs
[zarepireli:   02.10.2021, 17:58:59] --> Bot successfully started
[zarepireli:   02.10.2021, 17:59:26] --> nuzacopeboz appeared
[zarepireli:   02.10.2021, 17:59:59] --> Gryphem appeared
[zarepireli:   02.10.2021, 18:01:20] --> Gryphem appeared
[zarepireli:   02.10.2021, 18:02:39] --> Gryphem appeared
[zarepireli:   02.10.2021, 18:03:55] --> Gryphem appeared
[zarepireli:   02.10.2021, 18:05:15] --> Gryphem appeared
[zarepireli:   02.10.2021, 18:06:33] --> Gryphem appeared
[zarepireli:   02.10.2021, 18:09:10] --> Gryphem appeared
[zarepireli:   02.10.2021, 18:09:46] --> nuzacopeboz appeared
[zarepireli:   02.10.2021, 18:10:29] --> Gryphem appeared
[zarepireli:   02.10.2021, 18:11:46] --> Gryphem appeared
[zarepireli:   02.10.2021, 18:12:27] --> nuzacopeboz appeared
[zarepireli:   02.10.2021, 18:13:07] --> Gryphem appeared
[zarepireli:   02.10.2021, 18:14:29] --> Gryphem appeared
[zarepireli:   02.10.2021, 18:14:49] --> Restarting because of Render bugs
[zarepireli:   02.10.2021, 18:16:05] --> Bot successfully started
[zarepireli:   02.10.2021, 18:16:34] --> nuzacopeboz appeared
[zarepireli:   02.10.2021, 18:17:07] --> Gryphem appeared
[zarepireli:   02.10.2021, 18:18:28] --> Gryphem appeared
[zarepireli:   02.10.2021, 18:19:05] --> nuzacopeboz appeared
[zarepireli:   02.10.2021, 18:19:46] --> Gryphem appeared
[zarepireli:   02.10.2021, 18:21:04] --> Gryphem appeared
[zarepireli:   02.10.2021, 18:22:22] --> Gryphem appeared
[zarepireli:   02.10.2021, 18:23:40] --> Gryphem appeared
[zarepireli:   02.10.2021, 18:24:16] --> nuzacopeboz appeared
[zarepireli:   02.10.2021, 18:24:58] --> Gryphem appeared
[zarepireli:   02.10.2021, 18:26:16] --> Gryphem appeared
[zarepireli:   02.10.2021, 18:26:55] --> nuzacopeboz appeared
[zarepireli:   02.10.2021, 18:27:34] --> Gryphem appeared
[zarepireli:   02.10.2021, 18:29:04] --> Gryphem appeared
[zarepireli:   02.10.2021, 18:29:18] --> Restarting because of Render bugs
[zarepireli:   02.10.2021, 18:30:07] --> Bot successfully started
[zarepireli:   02.10.2021, 18:31:01] --> nuzacopeboz appeared
[zarepireli:   02.10.2021, 18:32:28] --> nuzacopeboz appeared
[zarepireli:   02.10.2021, 18:33:20] --> Restarting because of Render bugs
[zarepireli:   02.10.2021, 18:34:11] --> Bot successfully started
[zarepireli:   02.10.2021, 18:35:54] --> nuzacopeboz appeared
[zarepireli:   02.10.2021, 18:37:57] --> Gryphem appeared
[zarepireli:   02.10.2021, 18:38:31] --> nuzacopeboz appeared
[zarepireli:   02.10.2021, 18:41:16] --> nuzacopeboz appeared
[zarepireli:   02.10.2021, 18:42:26] --> nuzacopeboz appeared
[zarepireli:   02.10.2021, 18:45:10] --> nuzacopeboz appeared
[zarepireli:   02.10.2021, 18:47:39] --> nuzacopeboz appeared
[zarepireli:   02.10.2021, 18:50:16] --> nuzacopeboz appeared
[zarepireli:   02.10.2021, 18:52:56] --> nuzacopeboz appeared
[zarepireli:   02.10.2021, 18:54:19] --> nuzacopeboz appeared
[zarepireli:   02.10.2021, 18:56:53] --> nuzacopeboz appeared
[zarepireli:   02.10.2021, 18:58:47] --> Gryphem appeared
[zarepireli:   02.10.2021, 19:02:36] --> Bot successfully started
[zarepireli:   02.10.2021, 19:02:37] --> lafomifabe appeared
[zarepireli:   02.10.2021, 19:04:43] --> lafomifabe appeared
[zarepireli:   02.10.2021, 19:04:54] --> Changing into CH1
[zarepireli:   02.10.2021, 19:05:00] --> lafomifabe appeared
[zarepireli:   02.10.2021, 19:05:07] --> lafomifabe appeared
[zarepireli:   02.10.2021, 19:06:09] --> Character was kicked from the bot, reason: Character was walking
[zarepireli:   02.10.2021, 19:06:14] --> komesaxire appeared
[zarepireli:   04.10.2021, 13:00:27] --> Bot successfully started
[zarepireli:   04.10.2021, 14:56:16] --> Bot successfully started
[zarepireli:   04.10.2021, 15:07:12] --> Character was kicked from the bot, reason: Character was walking
[zarepireli:   04.10.2021, 15:15:26] --> Restarting because of Render bugs
[zarepireli:   04.10.2021, 15:16:47] --> Bot successfully started
[zarepireli:   04.10.2021, 15:18:17] --> Restarting because of Render bugs
[zarepireli:   04.10.2021, 15:19:30] --> Bot successfully started
[zarepireli:   04.10.2021, 15:30:31] --> Restarting because of Render bugs
[zarepireli:   04.10.2021, 15:31:28] --> Bot successfully started
[zarepireli:   04.10.2021, 15:39:31] --> Restarting because of Render bugs
[zarepireli:   04.10.2021, 15:40:26] --> Bot successfully started
[zarepireli:   04.10.2021, 15:55:24] --> Restarting because of Render bugs
[zarepireli:   04.10.2021, 15:56:42] --> Bot successfully started
[zarepireli:   04.10.2021, 16:37:42] --> Restarting because of Render bugs
[zarepireli:   04.10.2021, 16:39:00] --> Bot successfully started
[zarepireli:   04.10.2021, 16:41:49] --> Restarting because of Render bugs
[zarepireli:   04.10.2021, 16:43:17] --> Bot successfully started
[zarepireli:   04.10.2021, 17:05:40] --> Restarting because of Render bugs
[zarepireli:   04.10.2021, 17:07:09] --> Bot successfully started
[zarepireli:   04.10.2021, 17:27:06] --> Restarting because of Render bugs
[zarepireli:   04.10.2021, 17:28:43] --> Bot successfully started
[zarepireli:   04.10.2021, 17:42:29] --> Restarting because of Render bugs
[zarepireli:   04.10.2021, 17:43:30] --> Bot successfully started
[zarepireli:   04.10.2021, 17:47:30] --> Restarting because of Render bugs
[zarepireli:   04.10.2021, 17:48:25] --> Bot successfully started
[zarepireli:   04.10.2021, 17:54:16] --> Restarting because of Render bugs
[zarepireli:   04.10.2021, 17:55:58] --> Bot successfully started
[zarepireli:   04.10.2021, 18:00:05] --> Restarting because of Render bugs
[zarepireli:   04.10.2021, 18:01:01] --> Bot successfully started
[zarepireli:   04.10.2021, 18:15:59] --> Restarting because of Render bugs
[zarepireli:   04.10.2021, 18:16:52] --> Bot successfully started
[zarepireli:   04.10.2021, 18:20:24] --> zesapetosuzo appeared
[zarepireli:   04.10.2021, 18:22:54] --> zesapetosuzo appeared
[zarepireli:   04.10.2021, 18:37:01] --> Restarting because of Render bugs
[zarepireli:   04.10.2021, 18:37:57] --> Bot successfully started
[zarepireli:   04.10.2021, 18:42:15] --> zesapetosuzo appeared
[zarepireli:   04.10.2021, 18:44:50] --> zesapetosuzo appeared
[zarepireli:   04.10.2021, 18:47:26] --> zesapetosuzo appeared
[zarepireli:   04.10.2021, 18:50:05] --> zesapetosuzo appeared
[zarepireli:   04.10.2021, 18:52:40] --> zesapetosuzo appeared
[zarepireli:   04.10.2021, 18:55:05] --> Restarting because of Render bugs
[zarepireli:   04.10.2021, 18:56:32] --> Bot successfully started
[zarepireli:   04.10.2021, 18:57:32] --> Bot successfully started
[zarepireli:   04.10.2021, 19:01:00] --> zesapetosuzo appeared
[zarepireli:   04.10.2021, 19:03:36] --> zesapetosuzo appeared
[zarepireli:   04.10.2021, 19:06:11] --> zesapetosuzo appeared
[zarepireli:   04.10.2021, 19:10:09] --> puvavepuwase appeared
[zarepireli:   04.10.2021, 19:12:44] --> puvavepuwase appeared
[zarepireli:   04.10.2021, 19:15:19] --> puvavepuwase appeared
[zarepireli:   04.10.2021, 19:17:54] --> puvavepuwase appeared
[zarepireli:   04.10.2021, 19:23:22] --> Bot successfully started
[zarepireli:   04.10.2021, 19:23:31] --> puvavepuwase appeared
[zarepireli:   04.10.2021, 19:26:06] --> puvavepuwase appeared
[zarepireli:   04.10.2021, 19:28:28] --> Restarting because of Render bugs
[zarepireli:   04.10.2021, 19:29:43] --> Bot successfully started
[zarepireli:   04.10.2021, 19:30:38] --> puvavepuwase appeared
[zarepireli:   04.10.2021, 19:31:41] --> Restarting because of Render bugs
[zarepireli:   04.10.2021, 19:33:03] --> Bot successfully started
[zarepireli:   04.10.2021, 19:34:36] --> Bot successfully started
[zarepireli:   04.10.2021, 19:38:43] --> puvavepuwase appeared
[zarepireli:   04.10.2021, 19:41:20] --> puvavepuwase appeared
[zarepireli:   04.10.2021, 19:43:55] --> puvavepuwase appeared
[zarepireli:   04.10.2021, 19:46:34] --> puvavepuwase appeared
[zarepireli:   04.10.2021, 19:49:11] --> puvavepuwase appeared
[zarepireli:   04.10.2021, 19:51:46] --> puvavepuwase appeared
[zarepireli:   04.10.2021, 19:53:02] --> puvavepuwase appeared
[zarepireli:   04.10.2021, 19:54:35] --> puvavepuwase appeared
[zarepireli:   04.10.2021, 19:55:30] --> Restarting because of Render bugs
[zarepireli:   04.10.2021, 19:56:52] --> Bot successfully started
[zarepireli:   04.10.2021, 19:58:36] --> puvavepuwase appeared
[zarepireli:   04.10.2021, 20:03:47] --> puvavepuwase appeared
[zarepireli:   04.10.2021, 20:06:36] --> Bot successfully started
[zarepireli:   04.10.2021, 20:07:26] --> puvavepuwase appeared
[zarepireli:   04.10.2021, 20:08:33] --> Restarting because of Render bugs
[zarepireli:   04.10.2021, 20:09:47] --> Bot successfully started
[zarepireli:   04.10.2021, 20:11:58] --> puvavepuwase appeared
[zarepireli:   04.10.2021, 20:14:31] --> puvavepuwase appeared
[zarepireli:   04.10.2021, 20:18:33] --> puvavepuwase appeared
[zarepireli:   04.10.2021, 20:21:04] --> puvavepuwase appeared
[zarepireli:   04.10.2021, 20:24:44] --> Restarting because of Render bugs
[zarepireli:   04.10.2021, 20:26:05] --> Bot successfully started
[zarepireli:   04.10.2021, 20:26:58] --> puvavepuwase appeared
[zarepireli:   04.10.2021, 20:31:55] --> Restarting because of Render bugs
[zarepireli:   04.10.2021, 20:32:55] --> Bot successfully started
[zarepireli:   04.10.2021, 20:33:18] --> puvavepuwase appeared
[zarepireli:   04.10.2021, 20:35:52] --> puvavepuwase appeared
[zarepireli:   04.10.2021, 20:38:27] --> puvavepuwase appeared
[zarepireli:   04.10.2021, 20:44:56] --> gasodiduvum appeared
[zarepireli:   04.10.2021, 20:47:30] --> gasodiduvum appeared
[zarepireli:   04.10.2021, 20:50:16] --> gasodiduvum appeared
[zarepireli:   04.10.2021, 20:51:33] --> gasodiduvum appeared
[zarepireli:   04.10.2021, 20:51:38] --> gasodiduvum appeared
[zarepireli:   04.10.2021, 20:54:09] --> gasodiduvum appeared
[zarepireli:   04.10.2021, 20:54:11] --> gasodiduvum appeared
[zarepireli:   04.10.2021, 20:55:09] --> Restarting because of Render bugs
[zarepireli:   04.10.2021, 20:59:29] --> Bot successfully started
[zarepireli:   04.10.2021, 21:00:03] --> Character was kicked from the bot, reason: Character was walking
[zarepireli:   04.10.2021, 21:00:06] --> komesaxire appeared
[zarepireli:   04.10.2021, 21:00:15] --> komesaxire appeared
[zarepireli:   04.10.2021, 21:00:25] --> Changing into CH1
[zarepireli:   04.10.2021, 22:25:19] --> Bot successfully started
[zarepireli:   04.10.2021, 22:28:24] --> relarolofep appeared
[zarepireli:   04.10.2021, 22:28:57] --> asperfixxzer appeared
[zarepireli:   05.10.2021, 11:40:24] --> Bot successfully started
[zarepireli:   05.10.2021, 11:43:36] --> Changing into CH2
[zarepireli:   05.10.2021, 11:43:37] --> Character got kick
[zarepireli:   05.10.2021, 11:43:55] --> Character got kick
[zarepireli:   05.10.2021, 11:44:19] --> vetuvinivode appeared
[bibocakiva:   05.10.2021, 11:46:34] --> Character was kicked from the bot, reason: Changing character
[bibocakiva:   05.10.2021, 11:46:39] --> pefuvibuso appeared
[wulipozeris:  05.10.2021, 11:49:08] --> Character was kicked from the bot, reason: Changing character
[kikevuhuvik:  05.10.2021, 11:51:19] --> Character was kicked from the bot, reason: Changing character
[zarepireli:   05.10.2021, 12:00:19] --> Bot successfully started
[zarepireli:   05.10.2021, 12:02:43] --> Character was kicked from the bot, reason: Changing character
[zarepireli:   05.10.2021, 12:03:15] --> Villasarah appeared
[bibocakiva:   05.10.2021, 12:03:28] --> Setting 'umut' loaded because of active level settings
[bibocakiva:   05.10.2021, 12:03:30] --> Character went to shop
[bibocakiva:   05.10.2021, 12:03:37] --> Character was kicked from the bot, reason: Character was walking
[bibocakiva:   05.10.2021, 12:04:44] --> Character was kicked from the bot, reason: Character was walking
[bibocakiva:   05.10.2021, 12:04:57] --> Character was kicked from the bot, reason: Character was walking
[bibocakiva:   05.10.2021, 12:05:08] --> ketokerawec appeared
[bibocakiva:   05.10.2021, 12:05:20] --> Character leveled up to level 2
[bibocakiva:   05.10.2021, 12:05:22] --> Character leveled up to level 3
[bibocakiva:   05.10.2021, 12:05:23] --> Character leveled up to level 4
[bibocakiva:   05.10.2021, 12:05:24] --> Character leveled up to level 6
[bibocakiva:   05.10.2021, 12:05:25] --> Character leveled up to level 7
[bibocakiva:   05.10.2021, 12:05:26] --> Character leveled up to level 8
[bibocakiva:   05.10.2021, 12:05:28] --> Character leveled up to level 9
[bibocakiva:   05.10.2021, 12:05:30] --> ketokerawec appeared
[bibocakiva:   05.10.2021, 12:05:31] --> Character leveled up to level 10
[bibocakiva:   05.10.2021, 12:05:33] --> Character leveled up to level 11
[bibocakiva:   05.10.2021, 12:05:35] --> Character leveled up to level 12
[bibocakiva:   05.10.2021, 12:05:53] --> ketokerawec appeared
[bibocakiva:   05.10.2021, 12:06:15] --> ketokerawec appeared
[bibocakiva:   05.10.2021, 12:06:19] --> Character leveled up to level 13
[bibocakiva:   05.10.2021, 12:06:31] --> Character leveled up to level 14
[bibocakiva:   05.10.2021, 12:06:39] --> ketokerawec appeared
[bibocakiva:   05.10.2021, 12:07:00] --> ketokerawec appeared
[bibocakiva:   05.10.2021, 12:07:22] --> ketokerawec appeared
[bibocakiva:   05.10.2021, 12:07:26] --> Character leveled up to level 15
[bibocakiva:   05.10.2021, 12:07:44] --> Character leveled up to level 16
[bibocakiva:   05.10.2021, 12:07:45] --> ketokerawec appeared
[bibocakiva:   05.10.2021, 12:08:04] --> ketokerawec appeared
[bibocakiva:   05.10.2021, 12:08:21] --> ketokerawec appeared
[bibocakiva:   05.10.2021, 12:08:24] --> ketokerawec appeared
[bibocakiva:   05.10.2021, 12:08:28] --> Character leveled up to level 17
[bibocakiva:   05.10.2021, 12:08:45] --> ketokerawec appeared
[bibocakiva:   05.10.2021, 12:09:02] --> ketokerawec appeared
[bibocakiva:   05.10.2021, 12:10:22] --> Bot successfully started
[bibocakiva:   05.10.2021, 12:10:22] --> Setting 'umut' loaded because of active level settings
[bibocakiva:   05.10.2021, 12:10:22] --> ketokerawec appeared
[bibocakiva:   05.10.2021, 12:10:35] --> ketokerawec appeared
[bibocakiva:   05.10.2021, 12:10:38] --> ketokerawec appeared
[bibocakiva:   05.10.2021, 12:10:57] --> ketokerawec appeared
[bibocakiva:   05.10.2021, 12:11:14] --> ketokerawec appeared
[bibocakiva:   05.10.2021, 12:11:39] --> ketokerawec appeared
[bibocakiva:   05.10.2021, 12:11:56] --> ketokerawec appeared
[bibocakiva:   05.10.2021, 12:12:20] --> ketokerawec appeared
[bibocakiva:   05.10.2021, 12:12:23] --> Character leveled up to level 19
[bibocakiva:   05.10.2021, 12:12:41] --> ketokerawec appeared
[bibocakiva:   05.10.2021, 12:13:01] --> ketokerawec appeared
[bibocakiva:   05.10.2021, 12:13:20] --> ketokerawec appeared
[bibocakiva:   05.10.2021, 12:13:42] --> ketokerawec appeared
[bibocakiva:   05.10.2021, 12:14:01] --> ketokerawec appeared
[bibocakiva:   05.10.2021, 12:14:23] --> ketokerawec appeared
[bibocakiva:   05.10.2021, 12:14:29] --> Character leveled up to level 20
[bibocakiva:   05.10.2021, 12:14:44] --> ketokerawec appeared
[bibocakiva:   05.10.2021, 12:15:04] --> ketokerawec appeared
[bibocakiva:   05.10.2021, 12:15:24] --> ketokerawec appeared
[bibocakiva:   05.10.2021, 12:15:46] --> ketokerawec appeared
[bibocakiva:   05.10.2021, 12:16:05] --> ketokerawec appeared
[bibocakiva:   05.10.2021, 12:16:30] --> ketokerawec appeared
[bibocakiva:   05.10.2021, 12:16:48] --> ketokerawec appeared
[bibocakiva:   05.10.2021, 12:17:08] --> ketokerawec appeared
[bibocakiva:   05.10.2021, 12:17:28] --> Character leveled up to level 21
[bibocakiva:   05.10.2021, 12:17:30] --> ketokerawec appeared
[bibocakiva:   05.10.2021, 12:17:51] --> ketokerawec appeared
[bibocakiva:   05.10.2021, 12:18:09] --> ketokerawec appeared
[bibocakiva:   05.10.2021, 12:18:32] --> ketokerawec appeared
[bibocakiva:   05.10.2021, 12:18:52] --> ketokerawec appeared
[bibocakiva:   05.10.2021, 12:19:11] --> ketokerawec appeared
[bibocakiva:   05.10.2021, 12:19:34] --> ketokerawec appeared
[bibocakiva:   05.10.2021, 12:19:53] --> ketokerawec appeared
[bibocakiva:   05.10.2021, 12:20:12] --> ketokerawec appeared
[bibocakiva:   05.10.2021, 12:20:24] --> Character leveled up to level 22
[bibocakiva:   05.10.2021, 12:20:31] --> ketokerawec appeared
[bibocakiva:   05.10.2021, 12:20:32] --> ketokerawec appeared
[bibocakiva:   05.10.2021, 12:20:34] --> ketokerawec appeared
[bibocakiva:   05.10.2021, 12:20:48] --> ketokerawec appeared
[bibocakiva:   05.10.2021, 12:20:53] --> ketokerawec appeared
[bibocakiva:   05.10.2021, 12:21:09] --> ketokerawec appeared
[bibocakiva:   05.10.2021, 12:23:23] --> Character leveled up to level 23
[bibocakiva:   05.10.2021, 12:23:23] --> Setting 'umut2' loaded because of active level settings
[bibocakiva:   05.10.2021, 12:23:38] --> ramorebufowu appeared
[bibocakiva:   05.10.2021, 12:23:41] --> Character was kicked from the bot, reason: Character was walking
[bibocakiva:   05.10.2021, 12:24:06] --> Character was kicked from the bot, reason: Character was walking
[bibocakiva:   05.10.2021, 12:24:20] --> ketokerawec appeared
[bibocakiva:   05.10.2021, 12:24:42] --> ketokerawec appeared
[bibocakiva:   05.10.2021, 12:25:07] --> ketokerawec appeared
[bibocakiva:   05.10.2021, 12:25:09] --> Character leveled up to level 24
[bibocakiva:   05.10.2021, 12:25:20] --> kifobaduma appeared
[bibocakiva:   05.10.2021, 12:25:48] --> kifobaduma appeared
[bibocakiva:   05.10.2021, 12:26:10] --> Character leveled up to level 25
[bibocakiva:   05.10.2021, 12:26:56] --> ketokerawec appeared
[bibocakiva:   05.10.2021, 12:27:26] --> Character leveled up to level 26
[bibocakiva:   05.10.2021, 12:27:41] --> ketokerawec appeared
[bibocakiva:   05.10.2021, 12:28:06] --> ketokerawec appeared
[bibocakiva:   05.10.2021, 12:28:23] --> Character died
[bibocakiva:   05.10.2021, 12:28:25] --> kifobaduma appeared
[bibocakiva:   05.10.2021, 12:28:38] --> Character died
[bibocakiva:   05.10.2021, 12:29:02] --> ketokerawec appeared
[bibocakiva:   05.10.2021, 12:29:21] --> Character leveled up to level 27
[bibocakiva:   05.10.2021, 12:29:23] --> ketokerawec appeared
[bibocakiva:   05.10.2021, 12:29:43] --> kifobaduma appeared
[bibocakiva:   05.10.2021, 12:30:06] --> ketokerawec appeared
[bibocakiva:   05.10.2021, 12:31:02] --> Character leveled up to level 28
[bibocakiva:   05.10.2021, 12:31:09] --> ketokerawec appeared
[bibocakiva:   05.10.2021, 12:32:36] --> kifobaduma appeared
[bibocakiva:   05.10.2021, 12:33:19] --> Character leveled up to level 29
[bibocakiva:   05.10.2021, 12:34:23] --> ketokerawec appeared
[bibocakiva:   05.10.2021, 12:35:44] --> Bot successfully started
[bibocakiva:   05.10.2021, 12:35:44] --> Setting 'umut2' loaded because of active level settings
[bibocakiva:   05.10.2021, 12:35:58] --> Character leveled up to level 30
[bibocakiva:   05.10.2021, 12:35:59] --> Bot stopped: Character reached level 30
[bibocakiva:   05.10.2021, 12:36:07] --> kifobaduma appeared
[bibocakiva:   05.10.2021, 12:36:11] --> Character died
[bibocakiva:   05.10.2021, 12:36:25] --> kifobaduma appeared
[bibocakiva:   05.10.2021, 12:36:44] --> kifobaduma appeared
[bibocakiva:   05.10.2021, 12:37:04] --> kifobaduma appeared
[bibocakiva:   05.10.2021, 12:37:22] --> kifobaduma appeared
[bibocakiva:   05.10.2021, 12:37:43] --> kifobaduma appeared
[bibocakiva:   05.10.2021, 12:38:04] --> kifobaduma appeared
[bibocakiva:   05.10.2021, 12:38:22] --> kifobaduma appeared
[bibocakiva:   05.10.2021, 12:38:41] --> kifobaduma appeared
[bibocakiva:   05.10.2021, 12:39:02] --> kifobaduma appeared
[bibocakiva:   05.10.2021, 12:39:45] --> ketokerawec appeared
[bibocakiva:   05.10.2021, 12:54:14] --> Character was kicked from the bot, reason: Changing character
[wulipozeris:  05.10.2021, 12:54:22] --> LadyAshoka appeared
[wulipozeris:  05.10.2021, 12:56:51] --> Setting 'umut' loaded because of active level settings
[wulipozeris:  05.10.2021, 12:56:54] --> Character was kicked from the bot, reason: Character was walking
[wulipozeris:  05.10.2021, 12:57:33] --> doruzamici appeared
[wulipozeris:  05.10.2021, 12:57:49] --> doruzamici appeared
[wulipozeris:  05.10.2021, 12:59:33] --> doruzamici appeared
[wulipozeris:  05.10.2021, 12:59:57] --> doruzamici appeared
[wulipozeris:  05.10.2021, 13:00:17] --> doruzamici appeared
[wulipozeris:  05.10.2021, 13:00:37] --> doruzamici appeared
[wulipozeris:  05.10.2021, 13:00:59] --> doruzamici appeared
[wulipozeris:  05.10.2021, 13:01:18] --> doruzamici appeared
[wulipozeris:  05.10.2021, 13:01:38] --> doruzamici appeared
[wulipozeris:  05.10.2021, 13:01:57] --> doruzamici appeared
[wulipozeris:  05.10.2021, 13:02:17] --> doruzamici appeared
[wulipozeris:  05.10.2021, 13:02:35] --> doruzamici appeared
[wulipozeris:  05.10.2021, 13:02:53] --> doruzamici appeared
[wulipozeris:  05.10.2021, 13:03:13] --> doruzamici appeared
[wulipozeris:  05.10.2021, 13:03:31] --> doruzamici appeared
[wulipozeris:  05.10.2021, 13:05:52] --> doruzamici appeared
[wulipozeris:  05.10.2021, 13:06:10] --> doruzamici appeared
[wulipozeris:  05.10.2021, 13:06:32] --> doruzamici appeared
[wulipozeris:  05.10.2021, 13:06:54] --> doruzamici appeared
[wulipozeris:  05.10.2021, 13:07:06] --> doruzamici appeared
[wulipozeris:  05.10.2021, 13:07:13] --> doruzamici appeared
[wulipozeris:  05.10.2021, 13:07:36] --> doruzamici appeared
[wulipozeris:  05.10.2021, 13:07:57] --> doruzamici appeared
[wulipozeris:  05.10.2021, 13:08:15] --> doruzamici appeared
[wulipozeris:  05.10.2021, 13:08:34] --> doruzamici appeared
[wulipozeris:  05.10.2021, 13:12:24] --> Character got kick
[wulipozeris:  05.10.2021, 13:15:50] --> Character died
[wulipozeris:  05.10.2021, 13:16:13] --> Character died
[wulipozeris:  05.10.2021, 13:16:39] --> Character died
[wulipozeris:  05.10.2021, 13:17:01] --> Character died
[wulipozeris:  05.10.2021, 13:17:24] --> Character died
[wulipozeris:  05.10.2021, 13:17:46] --> Character died
[wulipozeris:  05.10.2021, 13:18:08] --> Character died
[wulipozeris:  05.10.2021, 13:18:30] --> Character died
[wulipozeris:  05.10.2021, 13:18:52] --> Character died
[wulipozeris:  05.10.2021, 13:19:55] --> Character went to shop
[wulipozeris:  05.10.2021, 13:20:01] --> Character died
[wulipozeris:  05.10.2021, 13:20:03] --> Character was kicked from the bot, reason: Character was walking
[wulipozeris:  05.10.2021, 13:20:08] --> Character died
[wulipozeris:  05.10.2021, 13:20:15] --> Character died
[wulipozeris:  05.10.2021, 13:20:53] --> Character died
[wulipozeris:  05.10.2021, 13:21:28] --> Character was kicked from the bot, reason: Character was walking
[wulipozeris:  05.10.2021, 13:21:34] --> FitzFarseer appeared
[wulipozeris:  05.10.2021, 13:22:39] --> Character was kicked from the bot, reason: Character was walking
[wulipozeris:  05.10.2021, 13:24:24] --> Character was kicked from the bot, reason: Character was walking
[wulipozeris:  05.10.2021, 13:24:31] --> Tayou appeared
[wulipozeris:  05.10.2021, 13:26:01] --> Character went to shop
[wulipozeris:  05.10.2021, 13:26:38] --> Character was kicked from the bot, reason: Character was walking
[wulipozeris:  05.10.2021, 13:26:51] --> Character leveled up to level 5
[wulipozeris:  05.10.2021, 13:26:52] --> Character leveled up to level 7
[wulipozeris:  05.10.2021, 13:26:53] --> Character leveled up to level 8
[wulipozeris:  05.10.2021, 13:26:55] --> Character leveled up to level 9
[wulipozeris:  05.10.2021, 13:26:59] --> Character leveled up to level 10
[wulipozeris:  05.10.2021, 13:27:05] --> Character leveled up to level 11
[wulipozeris:  05.10.2021, 13:27:07] --> Character leveled up to level 12
[wulipozeris:  05.10.2021, 13:27:13] --> Character leveled up to level 13
[wulipozeris:  05.10.2021, 13:27:30] --> Character leveled up to level 14
[wulipozeris:  05.10.2021, 13:27:55] --> Character leveled up to level 15
[wulipozeris:  05.10.2021, 13:28:32] --> Character leveled up to level 16
[wulipozeris:  05.10.2021, 13:28:47] --> Character leveled up to level 17
[wulipozeris:  05.10.2021, 13:29:29] --> Character leveled up to level 18
[wulipozeris:  05.10.2021, 13:30:26] --> Character leveled up to level 19
[wulipozeris:  05.10.2021, 13:31:35] --> Character leveled up to level 20
[wulipozeris:  05.10.2021, 13:34:18] --> Character leveled up to level 21
[wulipozeris:  05.10.2021, 13:36:24] --> Character leveled up to level 22
[wulipozeris:  05.10.2021, 13:38:29] --> Character leveled up to level 23
[wulipozeris:  05.10.2021, 13:38:29] --> Setting 'umut2' loaded because of active level settings
[wulipozeris:  05.10.2021, 13:38:38] --> Character got kick
[wulipozeris:  05.10.2021, 13:39:13] --> Character was kicked from the bot, reason: Character was walking
[wulipozeris:  05.10.2021, 13:39:39] --> Character was kicked from the bot, reason: Character was walking
[wulipozeris:  05.10.2021, 13:39:52] --> Character died
[wulipozeris:  05.10.2021, 13:40:08] --> Character died
[wulipozeris:  05.10.2021, 13:40:38] --> kacabarekafe appeared
[wulipozeris:  05.10.2021, 13:40:43] --> zarikuzikuh appeared
[wulipozeris:  05.10.2021, 13:40:48] --> kacabarekafe appeared
[wulipozeris:  05.10.2021, 13:41:04] --> kacabarekafe appeared
[wulipozeris:  05.10.2021, 13:41:32] --> Character leveled up to level 24
[wulipozeris:  05.10.2021, 13:41:47] --> zarikuzikuh appeared
[wulipozeris:  05.10.2021, 13:42:30] --> Character leveled up to level 25
[wulipozeris:  05.10.2021, 13:42:37] --> zarikuzikuh appeared
[wulipozeris:  05.10.2021, 13:42:55] --> fugizeriviv appeared
[wulipozeris:  05.10.2021, 13:43:06] --> fugizeriviv appeared
[wulipozeris:  05.10.2021, 13:43:47] --> fugizeriviv appeared
[wulipozeris:  05.10.2021, 13:43:57] --> Character leveled up to level 26
[wulipozeris:  05.10.2021, 13:44:02] --> zarikuzikuh appeared
[wulipozeris:  05.10.2021, 13:44:28] --> fugizeriviv appeared
[wulipozeris:  05.10.2021, 13:44:45] --> fugizeriviv appeared
[wulipozeris:  05.10.2021, 13:45:20] --> fugizeriviv appeared
[wulipozeris:  05.10.2021, 13:45:28] --> Character leveled up to level 27
[wulipozeris:  05.10.2021, 13:46:04] --> fugizeriviv appeared
[wulipozeris:  05.10.2021, 13:47:01] --> zoratibokah appeared
[wulipozeris:  05.10.2021, 13:47:05] --> zarikuzikuh appeared
[wulipozeris:  05.10.2021, 13:47:23] --> Character leveled up to level 28
[wulipozeris:  05.10.2021, 13:47:47] --> zarikuzikuh appeared
[wulipozeris:  05.10.2021, 13:48:15] --> fugizeriviv appeared
[wulipozeris:  05.10.2021, 13:48:58] --> fugizeriviv appeared
[wulipozeris:  05.10.2021, 13:49:08] --> Character leveled up to level 29
[wulipozeris:  05.10.2021, 13:49:17] --> fugizeriviv appeared
[wulipozeris:  05.10.2021, 13:49:38] --> zarikuzikuh appeared
[wulipozeris:  05.10.2021, 13:50:11] --> zoratibokah appeared
[wulipozeris:  05.10.2021, 13:50:19] --> zoratibokah appeared
[wulipozeris:  05.10.2021, 13:50:35] --> fugizeriviv appeared
[wulipozeris:  05.10.2021, 13:51:05] --> fugizeriviv appeared
[wulipozeris:  05.10.2021, 13:51:16] --> fugizeriviv appeared
[wulipozeris:  05.10.2021, 13:51:19] --> Character leveled up to level 30
[wulipozeris:  05.10.2021, 13:51:21] --> Bot stopped: Character reached level 30
[wulipozeris:  05.10.2021, 13:53:50] --> Character died
[wulipozeris:  05.10.2021, 13:55:05] --> zarikuzikuh appeared
[wulipozeris:  05.10.2021, 13:56:29] --> fugizeriviv appeared
[wulipozeris:  05.10.2021, 13:56:55] --> Character was kicked from the bot, reason: Changing character
[wulipozeris:  05.10.2021, 13:57:02] --> xJanee appeared
[kikevuhuvik:  05.10.2021, 13:58:15] --> Setting 'umut' loaded because of active level settings
[kikevuhuvik:  05.10.2021, 13:58:19] --> Character went to shop
[kikevuhuvik:  05.10.2021, 13:58:26] --> Character was kicked from the bot, reason: Character was walking
[kikevuhuvik:  05.10.2021, 13:59:35] --> Character was kicked from the bot, reason: Character was walking
[kikevuhuvik:  05.10.2021, 13:59:47] --> Character was kicked from the bot, reason: Character was walking
[kikevuhuvik:  05.10.2021, 13:59:59] --> Character leveled up to level 2
[kikevuhuvik:  05.10.2021, 14:00:00] --> Character leveled up to level 7
[kikevuhuvik:  05.10.2021, 14:00:01] --> Character leveled up to level 8
[kikevuhuvik:  05.10.2021, 14:00:02] --> Character leveled up to level 9
[kikevuhuvik:  05.10.2021, 14:00:05] --> Character leveled up to level 10
[kikevuhuvik:  05.10.2021, 14:00:10] --> Character leveled up to level 11
[kikevuhuvik:  05.10.2021, 14:00:15] --> Character leveled up to level 12
[kikevuhuvik:  05.10.2021, 14:00:18] --> Character leveled up to level 13
[kikevuhuvik:  05.10.2021, 14:00:27] --> Character leveled up to level 14
[kikevuhuvik:  05.10.2021, 14:01:12] --> Character leveled up to level 15
[kikevuhuvik:  05.10.2021, 14:01:44] --> Character leveled up to level 16
[kikevuhuvik:  05.10.2021, 14:02:34] --> Character leveled up to level 17
[kikevuhuvik:  05.10.2021, 14:03:34] --> Character leveled up to level 18
[kikevuhuvik:  05.10.2021, 14:05:25] --> Character leveled up to level 19
[kikevuhuvik:  05.10.2021, 14:07:22] --> Character leveled up to level 20
[kikevuhuvik:  05.10.2021, 14:10:20] --> Character leveled up to level 21
[kikevuhuvik:  05.10.2021, 14:12:32] --> Character leveled up to level 22
[kikevuhuvik:  05.10.2021, 14:15:46] --> Character leveled up to level 23
[kikevuhuvik:  05.10.2021, 14:15:47] --> Setting 'umut2' loaded because of active level settings
[kikevuhuvik:  05.10.2021, 14:16:03] --> Character was kicked from the bot, reason: Character was walking
[kikevuhuvik:  05.10.2021, 14:16:28] --> Character was kicked from the bot, reason: Character was walking
[kikevuhuvik:  05.10.2021, 14:16:32] --> zarikuzikuh appeared
[kikevuhuvik:  05.10.2021, 14:17:29] --> fugizeriviv appeared
[kikevuhuvik:  05.10.2021, 14:17:40] --> Character leveled up to level 24
[kikevuhuvik:  05.10.2021, 14:17:40] --> fugizeriviv appeared
[kikevuhuvik:  05.10.2021, 14:17:59] --> kakigibeful appeared
[kikevuhuvik:  05.10.2021, 14:18:11] --> fugizeriviv appeared
[kikevuhuvik:  05.10.2021, 14:18:16] --> fugizeriviv appeared
[kikevuhuvik:  05.10.2021, 14:18:32] --> Character died
[kikevuhuvik:  05.10.2021, 14:19:17] --> Character leveled up to level 25
[kikevuhuvik:  05.10.2021, 14:19:53] --> Character leveled up to level 26
[kikevuhuvik:  05.10.2021, 14:20:06] --> fugizeriviv appeared
[kikevuhuvik:  05.10.2021, 14:20:24] --> fugizeriviv appeared
[kikevuhuvik:  05.10.2021, 14:20:36] --> fugizeriviv appeared
[kikevuhuvik:  05.10.2021, 14:21:01] --> Character leveled up to level 27
[kikevuhuvik:  05.10.2021, 14:21:07] --> fugizeriviv appeared
[kikevuhuvik:  05.10.2021, 14:21:19] --> fugizeriviv appeared
[kikevuhuvik:  05.10.2021, 14:21:47] --> fugizeriviv appeared
[kikevuhuvik:  05.10.2021, 14:21:59] --> fugizeriviv appeared
[kikevuhuvik:  05.10.2021, 14:22:19] --> fugizeriviv appeared
[kikevuhuvik:  05.10.2021, 14:22:27] --> fugizeriviv appeared
[kikevuhuvik:  05.10.2021, 14:22:49] --> Character leveled up to level 28
[kikevuhuvik:  05.10.2021, 14:23:48] --> zifahowekow appeared
[kikevuhuvik:  05.10.2021, 14:24:21] --> Character leveled up to level 29
[kikevuhuvik:  05.10.2021, 14:25:53] --> Character leveled up to level 30
[kikevuhuvik:  05.10.2021, 14:25:55] --> Bot stopped: Character reached level 30
[kikevuhuvik:  05.10.2021, 14:28:08] --> Character died
[kikevuhuvik:  05.10.2021, 14:34:18] --> Character died
[kikevuhuvik:  05.10.2021, 14:37:32] --> bobavakera appeared
[kikevuhuvik:  05.10.2021, 14:38:01] --> zuhokizuzed appeared
[kikevuhuvik:  05.10.2021, 14:38:37] --> bobavakera appeared
[kikevuhuvik:  05.10.2021, 14:39:06] --> bavahokiben appeared
[kikevuhuvik:  05.10.2021, 14:40:36] --> bavahokiben appeared
[kikevuhuvik:  05.10.2021, 14:41:44] --> bavahokiben appeared
[kikevuhuvik:  05.10.2021, 14:43:21] --> pobuvetuvok appeared
[kikevuhuvik:  05.10.2021, 14:43:46] --> bevazevepe appeared
[kikevuhuvik:  05.10.2021, 14:47:43] --> Daeddrik appeared
[kikevuhuvik:  05.10.2021, 14:50:24] --> wekazifufi appeared
[kikevuhuvik:  05.10.2021, 14:52:05] --> zuhokizuzed appeared
[zalimozamoz:  05.10.2021, 20:36:49] --> Bot successfully started
[zalimozamoz:  05.10.2021, 20:36:49] --> banane40 appeared
[zalimozamoz:  05.10.2021, 20:37:48] --> Setting 'umut' loaded because of active level settings
[zalimozamoz:  05.10.2021, 20:37:51] --> Character went to shop
[zalimozamoz:  05.10.2021, 20:37:59] --> Character was kicked from the bot, reason: Character was walking
[zalimozamoz:  05.10.2021, 20:39:07] --> Character was kicked from the bot, reason: Character was walking
[zalimozamoz:  05.10.2021, 20:39:12] --> Smoke710 appeared
[zalimozamoz:  05.10.2021, 20:39:19] --> Character was kicked from the bot, reason: Character was walking
[zalimozamoz:  05.10.2021, 20:39:31] --> Character leveled up to level 2
[zalimozamoz:  05.10.2021, 20:39:32] --> Character leveled up to level 3
[zalimozamoz:  05.10.2021, 20:39:40] --> Character leveled up to level 4
[zalimozamoz:  05.10.2021, 20:39:45] --> Character leveled up to level 5
[zalimozamoz:  05.10.2021, 20:39:47] --> Character leveled up to level 6
[zalimozamoz:  05.10.2021, 20:39:50] --> Character leveled up to level 7
[zalimozamoz:  05.10.2021, 20:40:10] --> Character leveled up to level 8
[zalimozamoz:  05.10.2021, 20:40:20] --> Character leveled up to level 9
[zalimozamoz:  05.10.2021, 20:40:27] --> Character leveled up to level 10
[zalimozamoz:  05.10.2021, 20:40:29] --> Character leveled up to level 11
[zalimozamoz:  05.10.2021, 20:40:32] --> Character leveled up to level 12
[zalimozamoz:  05.10.2021, 20:40:35] --> Character leveled up to level 13
[zalimozamoz:  05.10.2021, 20:41:20] --> Character leveled up to level 14
[zalimozamoz:  05.10.2021, 20:41:33] --> Character leveled up to level 15
[zalimozamoz:  05.10.2021, 20:41:37] --> kolobakomet appeared
[zalimozamoz:  05.10.2021, 20:41:56] --> kolobakomet appeared
[zalimozamoz:  05.10.2021, 20:42:20] --> kolobakomet appeared
[zalimozamoz:  05.10.2021, 20:42:25] --> Character leveled up to level 16
[zalimozamoz:  05.10.2021, 20:42:41] --> kolobakomet appeared
[zalimozamoz:  05.10.2021, 20:43:01] --> kolobakomet appeared
[zalimozamoz:  05.10.2021, 20:43:19] --> kolobakomet appeared
[zalimozamoz:  05.10.2021, 20:43:23] --> Character leveled up to level 17
[zalimozamoz:  05.10.2021, 20:44:30] --> Character leveled up to level 18
[zalimozamoz:  05.10.2021, 20:44:53] --> kolobakomet appeared
[zalimozamoz:  05.10.2021, 20:45:10] --> kolobakomet appeared
[zalimozamoz:  05.10.2021, 20:45:24] --> Character leveled up to level 19
[zalimozamoz:  05.10.2021, 20:45:31] --> kolobakomet appeared
[zalimozamoz:  05.10.2021, 20:45:53] --> kolobakomet appeared
[zalimozamoz:  05.10.2021, 20:46:51] --> Bot successfully started
[zalimozamoz:  05.10.2021, 20:46:51] --> Setting 'umut' loaded because of active level settings
[zalimozamoz:  05.10.2021, 20:46:55] --> kolobakomet appeared
[zalimozamoz:  05.10.2021, 20:48:19] --> Character leveled up to level 20
[zalimozamoz:  05.10.2021, 20:48:41] --> kolobakomet appeared
[zalimozamoz:  05.10.2021, 20:49:23] --> kolobakomet appeared
[zalimozamoz:  05.10.2021, 20:49:42] --> kolobakomet appeared
[zalimozamoz:  05.10.2021, 20:50:24] --> kolobakomet appeared
[zalimozamoz:  05.10.2021, 20:50:32] --> Character leveled up to level 21
[zalimozamoz:  05.10.2021, 20:50:45] --> kolobakomet appeared
[zalimozamoz:  05.10.2021, 20:51:03] --> kolobakomet appeared
[zalimozamoz:  05.10.2021, 20:54:29] --> Character leveled up to level 22
[zalimozamoz:  05.10.2021, 20:59:17] --> Character leveled up to level 23
[zalimozamoz:  05.10.2021, 20:59:17] --> Setting 'umut2' loaded because of active level settings
[zalimozamoz:  05.10.2021, 20:59:35] --> Character was kicked from the bot, reason: Character was walking
[zalimozamoz:  05.10.2021, 20:59:59] --> Character was kicked from the bot, reason: Character was walking
[zalimozamoz:  05.10.2021, 21:00:40] --> Character leveled up to level 24
[zalimozamoz:  05.10.2021, 21:01:27] --> Character leveled up to level 25
[zalimozamoz:  05.10.2021, 21:02:15] --> kolobakomet appeared
[zalimozamoz:  05.10.2021, 21:02:18] --> Character leveled up to level 26
[zalimozamoz:  05.10.2021, 21:02:32] --> kolobakomet appeared
[zalimozamoz:  05.10.2021, 21:02:58] --> kolobakomet appeared
[zalimozamoz:  05.10.2021, 21:03:44] --> kolobakomet appeared
[zalimozamoz:  05.10.2021, 21:04:51] --> Character leveled up to level 27
[zalimozamoz:  05.10.2021, 21:07:53] --> Character leveled up to level 28
[zalimozamoz:  05.10.2021, 21:10:12] --> Character leveled up to level 29
[zalimozamoz:  05.10.2021, 21:12:46] --> Character leveled up to level 30
[zalimozamoz:  05.10.2021, 21:12:47] --> Bot stopped: Character reached level 30
[zalimozamoz:  05.10.2021, 21:12:56] --> Character died
[zalimozamoz:  05.10.2021, 21:18:56] --> dozidaluhez appeared
[zalimozamoz:  05.10.2021, 21:24:22] --> tedademerez appeared
[zalimozamoz:  05.10.2021, 21:28:26] --> panozesovos appeared
[zalimozamoz:  05.10.2021, 21:34:01] --> vinicunocape appeared
[zalimozamoz:  09.10.2021, 19:07:58] --> Bot successfully started
[zalimozamoz:  09.10.2021, 19:09:33] --> kozabizariga appeared
[zalimozamoz:  09.10.2021, 19:10:08] --> Character was kicked from the bot, reason: Changing character
[zalimozamoz:  09.10.2021, 19:10:12] --> Character leveled up to level 70
[zarepireli:   09.10.2021, 19:11:17] --> Character went to shop
[zarepireli:   09.10.2021, 19:11:30] --> Onirius appeared
[zarepireli:   09.10.2021, 19:11:31] --> Character was kicked from the bot, reason: Character was walking
[zarepireli:   09.10.2021, 19:12:43] --> Character was kicked from the bot, reason: Character was walking
[zarepireli:   09.10.2021, 19:13:06] --> Character was kicked from the bot, reason: Character was walking
[zarepireli:   09.10.2021, 19:13:14] --> Time passed, now going to talk to alchemist: zarepireli
[zarepireli:   09.10.2021, 19:13:14] --> Character went to Alchemist
[zarepireli:   09.10.2021, 19:13:15] --> Character went to shop
[zarepireli:   09.10.2021, 19:13:28] --> Character was kicked from the bot, reason: Character was walking
[zarepireli:   09.10.2021, 19:13:33] --> fg04 appeared
[zarepireli:   09.10.2021, 19:14:28] --> Character was kicked from the bot, reason: Character was walking
[zarepireli:   09.10.2021, 19:14:52] --> Character was kicked from the bot, reason: Character was walking
[zarepireli:   09.10.2021, 19:15:03] --> Character was kicked from the bot, reason: Character was walking
[zarepireli:   09.10.2021, 19:15:18] --> komesaxire appeared
[zarepireli:   09.10.2021, 19:16:11] --> komesaxire appeared
[zarepireli:   09.10.2021, 19:19:41] --> Bot successfully started
[zarepireli:   09.10.2021, 19:20:20] --> komesaxire appeared
