[serliporetfe: 01.10.2021, 20:46:30] --> Bot successfully started
[serliporetfe: 01.10.2021, 20:47:31] --> Bot successfully started
[serliporetfe: 02.10.2021, 15:06:10] --> Bot successfully started
[serliporetfe: 02.10.2021, 15:06:10] --> MersinLi33 appeared
[serliporetfe: 02.10.2021, 15:19:42] --> Bot successfully started
[serliporetfe: 02.10.2021, 15:19:42] --> BuffRadha appeared
[serliporetfe: 02.10.2021, 15:33:34] --> Character died
[serliporetfe: 02.10.2021, 15:34:16] --> Perudoc appeared
[serliporetfe: 02.10.2021, 15:36:44] --> Character died
[serliporetfe: 02.10.2021, 15:53:35] --> Character was kicked from the bot, reason: Character was walking
[serliporetfe: 02.10.2021, 15:53:40] --> Algeriien appeared
[serliporetfe: 02.10.2021, 15:55:15] --> Character died
[serliporetfe: 02.10.2021, 15:55:25] --> Perudoc appeared
[serliporetfe: 02.10.2021, 15:56:38] --> Character died
[serliporetfe: 02.10.2021, 15:58:06] --> Character died
[serliporetfe: 02.10.2021, 15:58:21] --> Flareoin appeared
[serliporetfe: 02.10.2021, 15:58:39] --> Character died
[serliporetfe: 02.10.2021, 15:58:55] --> Character died
[serliporetfe: 02.10.2021, 15:59:06] --> Character died
[serliporetfe: 02.10.2021, 15:59:48] --> Character died
[serliporetfe: 02.10.2021, 15:59:59] --> Character died
[serliporetfe: 02.10.2021, 16:00:31] --> Character died
[serliporetfe: 02.10.2021, 16:00:49] --> Character died
[serliporetfe: 02.10.2021, 16:01:08] --> Character died
[serliporetfe: 02.10.2021, 16:01:30] --> Character died
[serliporetfe: 02.10.2021, 16:01:48] --> Character died
[serliporetfe: 02.10.2021, 16:01:57] --> Character died
[serliporetfe: 02.10.2021, 16:02:01] --> Character died
[serliporetfe: 02.10.2021, 16:02:15] --> atchoumf appeared
[serliporetfe: 02.10.2021, 16:02:20] --> Character died
[serliporetfe: 02.10.2021, 16:02:33] --> Character died
[serliporetfe: 02.10.2021, 16:03:51] --> Character died
[serliporetfe: 02.10.2021, 16:04:40] --> Character died
[serliporetfe: 02.10.2021, 16:05:17] --> Character died
[serliporetfe: 02.10.2021, 16:05:58] --> Character died
[serliporetfe: 02.10.2021, 16:06:16] --> Character died
[serliporetfe: 02.10.2021, 16:07:12] --> Character died
[serliporetfe: 02.10.2021, 16:08:52] --> Character died
[serliporetfe: 02.10.2021, 16:09:23] --> Character died
[serliporetfe: 02.10.2021, 16:09:52] --> Character died
[serliporetfe: 02.10.2021, 16:10:07] --> Character died
[serliporetfe: 02.10.2021, 16:10:55] --> Character died
[serliporetfe: 02.10.2021, 16:36:43] --> Bot successfully started
[serliporetfe: 02.10.2021, 16:36:43] --> atchoumf appeared
[serliporetfe: 02.10.2021, 16:37:21] --> Character died
[serliporetfe: 02.10.2021, 16:37:38] --> Character died
[serliporetfe: 02.10.2021, 16:38:43] --> Character died
[serliporetfe: 02.10.2021, 16:39:19] --> Character died
[serliporetfe: 02.10.2021, 16:39:48] --> Character died
[serliporetfe: 02.10.2021, 16:40:26] --> Character died
[serliporetfe: 02.10.2021, 16:40:36] --> Character died
[serliporetfe: 02.10.2021, 16:40:51] --> Character died
[serliporetfe: 02.10.2021, 16:41:10] --> Character died
[serliporetfe: 02.10.2021, 16:41:18] --> Changing into CH3
[serliporetfe: 02.10.2021, 16:41:24] --> Character died
[serliporetfe: 02.10.2021, 16:42:54] --> Ardecha appeared
[serliporetfe: 02.10.2021, 16:43:55] --> Ardecha appeared
[serliporetfe: 02.10.2021, 16:44:43] --> FromZero appeared
[serliporetfe: 02.10.2021, 16:44:52] --> Ardecha appeared
[serliporetfe: 02.10.2021, 16:45:03] --> Character died
[serliporetfe: 02.10.2021, 16:45:50] --> Uryuu appeared
[serliporetfe: 02.10.2021, 16:46:34] --> aserderliore appeared
[serliporetfe: 02.10.2021, 16:46:39] --> Character died
[serliporetfe: 02.10.2021, 16:46:54] --> dopliment appeared
[serliporetfe: 02.10.2021, 16:48:01] --> Bot successfully started
[serliporetfe: 02.10.2021, 16:48:01] --> Algeriien appeared
[serliporetfe: 02.10.2021, 16:49:49] --> Character died
[serliporetfe: 02.10.2021, 16:50:10] --> Changing into CH2
[serliporetfe: 02.10.2021, 16:50:16] --> Character died
[serliporetfe: 02.10.2021, 16:50:44] --> Character died
[serliporetfe: 02.10.2021, 16:52:18] --> Character died
[serliporetfe: 02.10.2021, 16:55:44] --> Bot successfully started
[serliporetfe: 02.10.2021, 16:55:44] --> HyDroXiR appeared
[serliporetfe: 02.10.2021, 16:55:53] --> Changing into CH2
[serliporetfe: 02.10.2021, 16:56:57] --> Character died
[serliporetfe: 02.10.2021, 16:57:20] --> Character died
[serliporetfe: 02.10.2021, 16:57:34] --> Character died
[serliporetfe: 02.10.2021, 16:57:55] --> Character died
[serliporetfe: 02.10.2021, 17:33:41] --> Bot successfully started
[serliporetfe: 02.10.2021, 17:33:41] --> Moraws appeared
[serliporetfe: 02.10.2021, 17:34:51] --> Character was kicked from the bot, reason: Character was walking
[serliporetfe: 02.10.2021, 17:35:38] --> Character was kicked from the bot, reason: Character was walking
[serliporetfe: 02.10.2021, 17:35:42] --> mahalopaba appeared
[serliporetfe: 02.10.2021, 17:35:57] --> Character was kicked from the bot, reason: Character was walking
[serliporetfe: 02.10.2021, 17:36:25] --> poziveravin appeared
[serliporetfe: 02.10.2021, 17:40:28] --> poziveravin appeared
[serliporetfe: 02.10.2021, 17:45:24] --> Restarting because of Render bugs
[serliporetfe: 02.10.2021, 17:46:19] --> Bot successfully started
[serliporetfe: 02.10.2021, 17:48:01] --> poziveravin appeared
[serliporetfe: 02.10.2021, 17:50:39] --> poziveravin appeared
[serliporetfe: 02.10.2021, 17:53:18] --> poziveravin appeared
[serliporetfe: 02.10.2021, 17:55:42] --> Restarting because of Render bugs
[serliporetfe: 02.10.2021, 17:56:58] --> Bot successfully started
[serliporetfe: 02.10.2021, 17:58:40] --> poziveravin appeared
[serliporetfe: 02.10.2021, 18:01:18] --> poziveravin appeared
[serliporetfe: 02.10.2021, 18:03:56] --> poziveravin appeared
[serliporetfe: 02.10.2021, 18:06:35] --> poziveravin appeared
[serliporetfe: 02.10.2021, 18:10:32] --> poziveravin appeared
[serliporetfe: 02.10.2021, 18:12:57] --> Restarting because of Render bugs
[serliporetfe: 02.10.2021, 18:15:20] --> Bot successfully started
[serliporetfe: 02.10.2021, 18:16:12] --> poziveravin appeared
[serliporetfe: 02.10.2021, 18:22:31] --> Restarting because of Render bugs
[serliporetfe: 02.10.2021, 18:23:20] --> Bot successfully started
[serliporetfe: 02.10.2021, 18:24:10] --> poziveravin appeared
[serliporetfe: 02.10.2021, 18:26:49] --> poziveravin appeared
[serliporetfe: 02.10.2021, 18:29:29] --> poziveravin appeared
[serliporetfe: 02.10.2021, 18:33:24] --> poziveravin appeared
[serliporetfe: 02.10.2021, 18:36:09] --> poziveravin appeared
[serliporetfe: 02.10.2021, 18:42:39] --> riruzupebop appeared
[serliporetfe: 02.10.2021, 18:45:17] --> riruzupebop appeared
[serliporetfe: 02.10.2021, 18:47:57] --> riruzupebop appeared
[serliporetfe: 02.10.2021, 18:50:33] --> riruzupebop appeared
[serliporetfe: 02.10.2021, 18:51:42] --> Restarting because of Render bugs
[serliporetfe: 02.10.2021, 18:52:33] --> Bot successfully started
[serliporetfe: 02.10.2021, 18:53:00] --> riruzupebop appeared
[serliporetfe: 02.10.2021, 18:55:48] --> Bot successfully started
[serliporetfe: 02.10.2021, 18:56:35] --> riruzupebop appeared
[serliporetfe: 02.10.2021, 18:59:14] --> riruzupebop appeared
[serliporetfe: 02.10.2021, 19:06:47] --> Bot successfully started
[serliporetfe: 02.10.2021, 19:07:42] --> riruzupebop appeared
[serliporetfe: 02.10.2021, 19:08:27] --> riruzupebop appeared
[serliporetfe: 02.10.2021, 19:10:07] --> Character was kicked from the bot, reason: Character was walking
[serliporetfe: 02.10.2021, 19:10:32] --> Changing into CH1
[serliporetfe: 02.10.2021, 19:10:38] --> iloresweas appeared
[serliporetfe: 04.10.2021, 14:57:46] --> Bot successfully started
[serliporetfe: 04.10.2021, 14:57:46] --> liperdorexx appeared
[serliporetfe: 04.10.2021, 15:07:22] --> Character was kicked from the bot, reason: Character was walking
[serliporetfe: 04.10.2021, 15:07:57] --> Character was kicked from the bot, reason: Character was walking
[serliporetfe: 04.10.2021, 15:18:57] --> Restarting because of Render bugs
[serliporetfe: 04.10.2021, 15:20:45] --> Bot successfully started
[serliporetfe: 04.10.2021, 15:28:47] --> Restarting because of Render bugs
[serliporetfe: 04.10.2021, 15:29:36] --> Bot successfully started
[serliporetfe: 04.10.2021, 15:35:28] --> Restarting because of Render bugs
[serliporetfe: 04.10.2021, 15:36:20] --> Bot successfully started
[serliporetfe: 04.10.2021, 15:58:00] --> Restarting because of Render bugs
[serliporetfe: 04.10.2021, 15:59:24] --> Bot successfully started
[serliporetfe: 04.10.2021, 16:22:17] --> Character died
[serliporetfe: 04.10.2021, 16:23:14] --> Restarting because of Render bugs
[serliporetfe: 04.10.2021, 16:24:17] --> Bot successfully started
[serliporetfe: 04.10.2021, 16:38:02] --> Restarting because of Render bugs
[serliporetfe: 04.10.2021, 16:39:39] --> Bot successfully started
[serliporetfe: 04.10.2021, 16:45:02] --> Restarting because of Render bugs
[serliporetfe: 04.10.2021, 16:45:59] --> Bot successfully started
[serliporetfe: 04.10.2021, 17:35:13] --> Restarting because of Render bugs
[serliporetfe: 04.10.2021, 17:36:11] --> Bot successfully started
[serliporetfe: 04.10.2021, 17:39:48] --> Bot successfully started
[serliporetfe: 04.10.2021, 17:42:01] --> Restarting because of Render bugs
[serliporetfe: 04.10.2021, 17:42:59] --> Bot successfully started
[serliporetfe: 04.10.2021, 17:51:04] --> Restarting because of Render bugs
[serliporetfe: 04.10.2021, 17:52:00] --> Bot successfully started
[serliporetfe: 04.10.2021, 17:53:59] --> Restarting because of Render bugs
[serliporetfe: 04.10.2021, 17:54:57] --> Bot successfully started
[serliporetfe: 04.10.2021, 18:00:50] --> Restarting because of Render bugs
[serliporetfe: 04.10.2021, 18:01:46] --> Bot successfully started
[serliporetfe: 04.10.2021, 18:23:38] --> weropakeguko appeared
[serliporetfe: 04.10.2021, 18:26:14] --> weropakeguko appeared
[serliporetfe: 04.10.2021, 18:30:17] --> weropakeguko appeared
[serliporetfe: 04.10.2021, 18:30:21] --> weropakeguko appeared
[serliporetfe: 04.10.2021, 18:32:56] --> weropakeguko appeared
[serliporetfe: 04.10.2021, 18:32:59] --> weropakeguko appeared
[serliporetfe: 04.10.2021, 18:35:33] --> weropakeguko appeared
[serliporetfe: 04.10.2021, 18:38:07] --> weropakeguko appeared
[serliporetfe: 04.10.2021, 18:40:45] --> weropakeguko appeared
[serliporetfe: 04.10.2021, 18:43:28] --> weropakeguko appeared
[serliporetfe: 04.10.2021, 18:46:01] --> weropakeguko appeared
[serliporetfe: 04.10.2021, 18:48:40] --> weropakeguko appeared
[serliporetfe: 04.10.2021, 18:48:44] --> weropakeguko appeared
[serliporetfe: 04.10.2021, 18:49:40] --> Restarting because of Render bugs
[serliporetfe: 04.10.2021, 18:51:07] --> Bot successfully started
[serliporetfe: 04.10.2021, 18:52:48] --> weropakeguko appeared
[serliporetfe: 04.10.2021, 18:55:26] --> weropakeguko appeared
[serliporetfe: 04.10.2021, 18:58:02] --> weropakeguko appeared
[serliporetfe: 04.10.2021, 19:00:40] --> weropakeguko appeared
[serliporetfe: 04.10.2021, 19:02:07] --> weropakeguko appeared
[serliporetfe: 04.10.2021, 19:04:24] --> Restarting because of Render bugs
[serliporetfe: 04.10.2021, 19:05:17] --> Bot successfully started
[serliporetfe: 04.10.2021, 19:07:09] --> weropakeguko appeared
[serliporetfe: 04.10.2021, 19:08:27] --> weropakeguko appeared
[serliporetfe: 04.10.2021, 19:09:46] --> weropakeguko appeared
[serliporetfe: 04.10.2021, 19:21:33] --> weropakeguko appeared
[serliporetfe: 04.10.2021, 19:24:08] --> weropakeguko appeared
[serliporetfe: 04.10.2021, 19:24:14] --> weropakeguko appeared
[serliporetfe: 04.10.2021, 19:25:11] --> Restarting because of Render bugs
[serliporetfe: 04.10.2021, 19:26:28] --> Bot successfully started
[serliporetfe: 04.10.2021, 19:28:40] --> weropakeguko appeared
[serliporetfe: 04.10.2021, 19:32:25] --> Restarting because of Render bugs
[serliporetfe: 04.10.2021, 19:33:34] --> Bot successfully started
[serliporetfe: 04.10.2021, 19:33:57] --> kuhizevelef appeared
[serliporetfe: 04.10.2021, 19:36:32] --> kuhizevelef appeared
[serliporetfe: 04.10.2021, 19:39:12] --> kuhizevelef appeared
[serliporetfe: 04.10.2021, 19:41:52] --> kuhizevelef appeared
[serliporetfe: 04.10.2021, 19:48:19] --> kuhizevelef appeared
[serliporetfe: 04.10.2021, 19:49:28] --> Restarting because of Render bugs
[serliporetfe: 04.10.2021, 19:50:25] --> Bot successfully started
[serliporetfe: 04.10.2021, 19:50:47] --> kuhizevelef appeared
[serliporetfe: 04.10.2021, 19:53:24] --> kuhizevelef appeared
[serliporetfe: 04.10.2021, 19:57:23] --> kuhizevelef appeared
[serliporetfe: 04.10.2021, 19:59:46] --> Restarting because of Render bugs
[serliporetfe: 04.10.2021, 20:00:42] --> Bot successfully started
[serliporetfe: 04.10.2021, 20:02:23] --> kuhizevelef appeared
[serliporetfe: 04.10.2021, 20:11:19] --> Restarting because of Render bugs
[serliporetfe: 04.10.2021, 20:12:46] --> Bot successfully started
[serliporetfe: 04.10.2021, 20:13:41] --> kuhizevelef appeared
[serliporetfe: 04.10.2021, 20:13:46] --> kuhizevelef appeared
[serliporetfe: 04.10.2021, 20:14:52] --> kuhizevelef appeared
[serliporetfe: 04.10.2021, 20:15:57] --> Restarting because of Render bugs
[serliporetfe: 04.10.2021, 20:17:01] --> Bot successfully started
[serliporetfe: 04.10.2021, 20:18:55] --> kuhizevelef appeared
[serliporetfe: 04.10.2021, 20:20:05] --> kuhizevelef appeared
[serliporetfe: 04.10.2021, 20:20:09] --> kuhizevelef appeared
[serliporetfe: 04.10.2021, 20:26:20] --> Restarting because of Render bugs
[serliporetfe: 04.10.2021, 20:27:14] --> Bot successfully started
[serliporetfe: 04.10.2021, 20:27:41] --> kuhizevelef appeared
[serliporetfe: 04.10.2021, 20:31:33] --> kuhizevelef appeared
[serliporetfe: 04.10.2021, 20:34:11] --> kuhizevelef appeared
[serliporetfe: 04.10.2021, 20:35:40] --> kuhizevelef appeared
[serliporetfe: 04.10.2021, 20:38:16] --> kuhizevelef appeared
[serliporetfe: 04.10.2021, 20:40:56] --> kuhizevelef appeared
[serliporetfe: 04.10.2021, 20:43:32] --> kuhizevelef appeared
[serliporetfe: 04.10.2021, 20:46:07] --> kuhizevelef appeared
[serliporetfe: 04.10.2021, 20:46:14] --> kuhizevelef appeared
[serliporetfe: 04.10.2021, 20:47:12] --> Restarting because of Render bugs
[serliporetfe: 04.10.2021, 20:48:10] --> Bot successfully started
[serliporetfe: 04.10.2021, 21:03:18] --> Bot successfully started
[serliporetfe: 04.10.2021, 21:05:41] --> Character was kicked from the bot, reason: Character was walking
[serliporetfe: 04.10.2021, 21:06:40] --> Changing into CH1
[serliporetfe: 04.10.2021, 21:06:46] --> iloresweas appeared
[serliporetfe: 04.10.2021, 22:27:58] --> Bot successfully started
[serliporetfe: 04.10.2021, 22:27:59] --> liperdorexx appeared
[serliporetfe: 05.10.2021, 11:14:45] --> Bot successfully started
[serliporetfe: 05.10.2021, 11:15:21] --> LaJeyvardl23 appeared
[serliporetfe: 05.10.2021, 11:16:45] --> LaJeyvardl23 appeared
[serliporetfe: 05.10.2021, 11:18:12] --> LaJeyvardl23 appeared
[serliporetfe: 05.10.2021, 11:19:36] --> LaJeyvardl23 appeared
[serliporetfe: 05.10.2021, 11:20:30] --> Character was kicked from the bot, reason: Changing character
[serliporetfe: 05.10.2021, 11:21:01] --> LaJeyvardl23 appeared
[serliporetfe: 05.10.2021, 11:21:23] --> Character was kicked from the bot, reason: Changing character
[vufuravoso:   05.10.2021, 11:21:40] --> Changing into CH2
[vufuravoso:   05.10.2021, 11:21:47] --> evenscary2 appeared
[vufuravoso:   05.10.2021, 11:29:11] --> Character was kicked from the bot, reason: Changing character
[sufipozoba:   05.10.2021, 11:31:33] --> Character was kicked from the bot, reason: Changing character
[sufipozoba:   05.10.2021, 11:31:38] --> zarupebifi appeared
[dudisemamize: 05.10.2021, 11:31:41] --> Character was kicked from the bot, reason: Changing character
[dudisemamize: 05.10.2021, 11:34:40] --> Character was kicked from the bot, reason: Changing character
[serliporetfe: 05.10.2021, 12:06:07] --> Bot successfully started
[serliporetfe: 05.10.2021, 12:06:30] --> LaJeyvardl23 appeared
[serliporetfe: 05.10.2021, 12:08:05] --> LaJeyvardl23 appeared
[serliporetfe: 05.10.2021, 12:09:07] --> Character was kicked from the bot, reason: Changing character
[vufuravoso:   05.10.2021, 12:10:12] --> Setting 'umut' loaded because of active level settings
[vufuravoso:   05.10.2021, 12:10:15] --> Character went to shop
[vufuravoso:   05.10.2021, 12:10:23] --> Character was kicked from the bot, reason: Character was walking
[vufuravoso:   05.10.2021, 12:11:30] --> Character was kicked from the bot, reason: Character was walking
[vufuravoso:   05.10.2021, 12:11:42] --> Character was kicked from the bot, reason: Character was walking
[vufuravoso:   05.10.2021, 12:11:47] --> vetuvinivode appeared
[vufuravoso:   05.10.2021, 12:11:59] --> Character leveled up to level 2
[vufuravoso:   05.10.2021, 12:12:00] --> Character leveled up to level 3
[vufuravoso:   05.10.2021, 12:12:02] --> Character leveled up to level 4
[vufuravoso:   05.10.2021, 12:12:04] --> Character leveled up to level 5
[vufuravoso:   05.10.2021, 12:12:06] --> Character leveled up to level 6
[vufuravoso:   05.10.2021, 12:12:08] --> Character leveled up to level 7
[vufuravoso:   05.10.2021, 12:12:09] --> Character leveled up to level 8
[vufuravoso:   05.10.2021, 12:12:11] --> Character leveled up to level 9
[vufuravoso:   05.10.2021, 12:12:57] --> Character leveled up to level 10
[vufuravoso:   05.10.2021, 12:13:14] --> Character leveled up to level 11
[vufuravoso:   05.10.2021, 12:14:03] --> Character leveled up to level 12
[vufuravoso:   05.10.2021, 12:14:11] --> Character leveled up to level 13
[vufuravoso:   05.10.2021, 12:14:57] --> Character leveled up to level 14
[vufuravoso:   05.10.2021, 12:15:11] --> Character leveled up to level 15
[vufuravoso:   05.10.2021, 12:16:20] --> Bot successfully started
[vufuravoso:   05.10.2021, 12:16:20] --> Setting 'umut' loaded because of active level settings
[vufuravoso:   05.10.2021, 12:16:30] --> vetuvinivode appeared
[vufuravoso:   05.10.2021, 12:16:49] --> vetuvinivode appeared
[vufuravoso:   05.10.2021, 12:17:05] --> Character leveled up to level 16
[vufuravoso:   05.10.2021, 12:17:09] --> niruzobire appeared
[vufuravoso:   05.10.2021, 12:17:30] --> vetuvinivode appeared
[vufuravoso:   05.10.2021, 12:17:49] --> vetuvinivode appeared
[vufuravoso:   05.10.2021, 12:18:05] --> Character leveled up to level 17
[vufuravoso:   05.10.2021, 12:18:11] --> niruzobire appeared
[vufuravoso:   05.10.2021, 12:18:14] --> vetuvinivode appeared
[vufuravoso:   05.10.2021, 12:18:33] --> vetuvinivode appeared
[vufuravoso:   05.10.2021, 12:18:52] --> vetuvinivode appeared
[vufuravoso:   05.10.2021, 12:19:05] --> Character leveled up to level 18
[vufuravoso:   05.10.2021, 12:19:12] --> niruzobire appeared
[vufuravoso:   05.10.2021, 12:19:16] --> vetuvinivode appeared
[vufuravoso:   05.10.2021, 12:19:35] --> vetuvinivode appeared
[vufuravoso:   05.10.2021, 12:19:54] --> vetuvinivode appeared
[vufuravoso:   05.10.2021, 12:20:13] --> niruzobire appeared
[vufuravoso:   05.10.2021, 12:20:17] --> vetuvinivode appeared
[vufuravoso:   05.10.2021, 12:20:36] --> vetuvinivode appeared
[vufuravoso:   05.10.2021, 12:20:50] --> vetuvinivode appeared
[vufuravoso:   05.10.2021, 12:20:56] --> vetuvinivode appeared
[vufuravoso:   05.10.2021, 12:20:57] --> Character leveled up to level 19
[vufuravoso:   05.10.2021, 12:21:14] --> niruzobire appeared
[vufuravoso:   05.10.2021, 12:21:18] --> vetuvinivode appeared
[vufuravoso:   05.10.2021, 12:21:36] --> vetuvinivode appeared
[vufuravoso:   05.10.2021, 12:21:56] --> vetuvinivode appeared
[vufuravoso:   05.10.2021, 12:22:46] --> niruzobire appeared
[vufuravoso:   05.10.2021, 12:23:15] --> niruzobire appeared
[vufuravoso:   05.10.2021, 12:23:15] --> Character leveled up to level 20
[vufuravoso:   05.10.2021, 12:23:46] --> niruzobire appeared
[vufuravoso:   05.10.2021, 12:24:17] --> niruzobire appeared
[vufuravoso:   05.10.2021, 12:24:47] --> niruzobire appeared
[vufuravoso:   05.10.2021, 12:25:19] --> niruzobire appeared
[vufuravoso:   05.10.2021, 12:25:38] --> Character leveled up to level 21
[vufuravoso:   05.10.2021, 12:25:49] --> niruzobire appeared
[vufuravoso:   05.10.2021, 12:27:11] --> niruzobire appeared
[vufuravoso:   05.10.2021, 12:27:46] --> niruzobire appeared
[vufuravoso:   05.10.2021, 12:28:12] --> Character leveled up to level 22
[vufuravoso:   05.10.2021, 12:28:18] --> niruzobire appeared
[vufuravoso:   05.10.2021, 12:28:48] --> niruzobire appeared
[vufuravoso:   05.10.2021, 12:29:19] --> niruzobire appeared
[vufuravoso:   05.10.2021, 12:31:33] --> Character leveled up to level 23
[vufuravoso:   05.10.2021, 12:31:33] --> Setting 'umut2' loaded because of active level settings
[vufuravoso:   05.10.2021, 12:31:52] --> Character was kicked from the bot, reason: Character was walking
[vufuravoso:   05.10.2021, 12:31:57] --> ShacoMdr appeared
[vufuravoso:   05.10.2021, 12:32:17] --> Character was kicked from the bot, reason: Character was walking
[vufuravoso:   05.10.2021, 12:32:21] --> bifakakikafa appeared
[vufuravoso:   05.10.2021, 12:32:49] --> vetuvinivode appeared
[vufuravoso:   05.10.2021, 12:33:03] --> Character leveled up to level 24
[vufuravoso:   05.10.2021, 12:33:33] --> gebomuzikufi appeared
[vufuravoso:   05.10.2021, 12:34:17] --> gebomuzikufi appeared
[vufuravoso:   05.10.2021, 12:34:17] --> Character leveled up to level 25
[vufuravoso:   05.10.2021, 12:35:50] --> Character leveled up to level 26
[vufuravoso:   05.10.2021, 12:37:01] --> Character leveled up to level 27
[vufuravoso:   05.10.2021, 12:38:22] --> Character leveled up to level 28
[vufuravoso:   05.10.2021, 12:39:38] --> Character leveled up to level 29
[vufuravoso:   05.10.2021, 12:41:54] --> gebomuzikufi appeared
[vufuravoso:   05.10.2021, 12:42:02] --> Character leveled up to level 30
[vufuravoso:   05.10.2021, 12:42:04] --> Bot stopped: Character reached level 30
[vufuravoso:   05.10.2021, 12:42:34] --> gebomuzikufi appeared
[vufuravoso:   05.10.2021, 12:42:50] --> cehifanowidu appeared
[vufuravoso:   05.10.2021, 12:43:13] --> gebomuzikufi appeared
[vufuravoso:   05.10.2021, 12:43:34] --> gebomuzikufi appeared
[vufuravoso:   05.10.2021, 12:43:53] --> gebomuzikufi appeared
[vufuravoso:   05.10.2021, 12:44:12] --> gebomuzikufi appeared
[vufuravoso:   05.10.2021, 12:44:51] --> gebomuzikufi appeared
[vufuravoso:   05.10.2021, 12:45:07] --> cehifanowidu appeared
[vufuravoso:   05.10.2021, 12:45:29] --> gebomuzikufi appeared
[vufuravoso:   05.10.2021, 12:45:46] --> cehifanowidu appeared
[vufuravoso:   05.10.2021, 12:46:09] --> gebomuzikufi appeared
[vufuravoso:   05.10.2021, 12:46:28] --> gebomuzikufi appeared
[vufuravoso:   05.10.2021, 12:47:09] --> cehifanowidu appeared
[vufuravoso:   05.10.2021, 12:47:52] --> cehifanowidu appeared
[vufuravoso:   05.10.2021, 12:48:15] --> bifakakikafa appeared
[vufuravoso:   05.10.2021, 12:48:32] --> bifakakikafa appeared
[vufuravoso:   05.10.2021, 12:48:50] --> bifakakikafa appeared
[vufuravoso:   05.10.2021, 12:49:04] --> pavirucehapu appeared
[vufuravoso:   05.10.2021, 12:49:08] --> bifakakikafa appeared
[vufuravoso:   05.10.2021, 12:49:19] --> cehifanowidu appeared
[vufuravoso:   05.10.2021, 12:49:48] --> bifakakikafa appeared
[vufuravoso:   05.10.2021, 12:50:04] --> cehifanowidu appeared
[vufuravoso:   05.10.2021, 12:50:24] --> bifakakikafa appeared
[vufuravoso:   05.10.2021, 12:50:44] --> bifakakikafa appeared
[vufuravoso:   05.10.2021, 12:51:01] --> bifakakikafa appeared
[vufuravoso:   05.10.2021, 12:51:22] --> bifakakikafa appeared
[vufuravoso:   05.10.2021, 12:51:51] --> gebomuzikufi appeared
[vufuravoso:   05.10.2021, 12:52:36] --> pavirucehapu appeared
[vufuravoso:   05.10.2021, 12:52:56] --> bifakakikafa appeared
[vufuravoso:   05.10.2021, 12:53:15] --> bifakakikafa appeared
[vufuravoso:   05.10.2021, 12:53:37] --> bifakakikafa appeared
[vufuravoso:   05.10.2021, 12:53:56] --> bifakakikafa appeared
[vufuravoso:   05.10.2021, 12:54:00] --> Character was kicked from the bot, reason: Changing character
[sufipozoba:   05.10.2021, 12:56:29] --> Setting 'umut' loaded because of active level settings
[sufipozoba:   05.10.2021, 12:56:32] --> Character went to shop
[sufipozoba:   05.10.2021, 12:56:38] --> pefuvibuso appeared
[sufipozoba:   05.10.2021, 12:56:39] --> Character was kicked from the bot, reason: Character was walking
[sufipozoba:   05.10.2021, 12:57:49] --> Character was kicked from the bot, reason: Character was walking
[sufipozoba:   05.10.2021, 12:58:02] --> Character was kicked from the bot, reason: Character was walking
[sufipozoba:   05.10.2021, 12:58:15] --> pefuvibuso appeared
[sufipozoba:   05.10.2021, 12:58:17] --> Character leveled up to level 2
[sufipozoba:   05.10.2021, 12:58:18] --> Character leveled up to level 4
[sufipozoba:   05.10.2021, 12:58:19] --> Character leveled up to level 7
[sufipozoba:   05.10.2021, 12:58:21] --> Character leveled up to level 8
[sufipozoba:   05.10.2021, 12:58:37] --> pefuvibuso appeared
[sufipozoba:   05.10.2021, 12:58:58] --> pefuvibuso appeared
[sufipozoba:   05.10.2021, 12:59:00] --> Character leveled up to level 9
[sufipozoba:   05.10.2021, 12:59:08] --> Character leveled up to level 10
[sufipozoba:   05.10.2021, 12:59:10] --> Character leveled up to level 11
[sufipozoba:   05.10.2021, 12:59:17] --> Character leveled up to level 12
[sufipozoba:   05.10.2021, 12:59:22] --> pefuvibuso appeared
[sufipozoba:   05.10.2021, 12:59:42] --> pefuvibuso appeared
[sufipozoba:   05.10.2021, 12:59:59] --> Character leveled up to level 13
[sufipozoba:   05.10.2021, 13:00:05] --> pefuvibuso appeared
[sufipozoba:   05.10.2021, 13:00:05] --> Character leveled up to level 14
[sufipozoba:   05.10.2021, 13:00:24] --> Character leveled up to level 15
[sufipozoba:   05.10.2021, 13:00:27] --> pefuvibuso appeared
[sufipozoba:   05.10.2021, 13:00:44] --> niruzobire appeared
[sufipozoba:   05.10.2021, 13:00:47] --> pefuvibuso appeared
[sufipozoba:   05.10.2021, 13:01:11] --> pefuvibuso appeared
[sufipozoba:   05.10.2021, 13:01:26] --> Character leveled up to level 16
[sufipozoba:   05.10.2021, 13:01:31] --> pefuvibuso appeared
[sufipozoba:   05.10.2021, 13:01:50] --> pefuvibuso appeared
[sufipozoba:   05.10.2021, 13:02:06] --> Character leveled up to level 17
[sufipozoba:   05.10.2021, 13:02:10] --> pefuvibuso appeared
[sufipozoba:   05.10.2021, 13:02:30] --> pefuvibuso appeared
[sufipozoba:   05.10.2021, 13:02:50] --> pefuvibuso appeared
[sufipozoba:   05.10.2021, 13:03:10] --> Character leveled up to level 18
[sufipozoba:   05.10.2021, 13:03:14] --> pefuvibuso appeared
[sufipozoba:   05.10.2021, 13:03:33] --> pefuvibuso appeared
[sufipozoba:   05.10.2021, 13:03:53] --> pefuvibuso appeared
[sufipozoba:   05.10.2021, 13:04:14] --> Character leveled up to level 19
[sufipozoba:   05.10.2021, 13:04:15] --> pefuvibuso appeared
[sufipozoba:   05.10.2021, 13:04:34] --> pefuvibuso appeared
[sufipozoba:   05.10.2021, 13:04:51] --> pefuvibuso appeared
[sufipozoba:   05.10.2021, 13:04:53] --> pefuvibuso appeared
[sufipozoba:   05.10.2021, 13:05:15] --> pefuvibuso appeared
[sufipozoba:   05.10.2021, 13:05:32] --> pefuvibuso appeared
[sufipozoba:   05.10.2021, 13:05:53] --> pefuvibuso appeared
[sufipozoba:   05.10.2021, 13:06:14] --> Character leveled up to level 20
[sufipozoba:   05.10.2021, 13:06:15] --> pefuvibuso appeared
[sufipozoba:   05.10.2021, 13:06:36] --> pefuvibuso appeared
[sufipozoba:   05.10.2021, 13:06:54] --> pefuvibuso appeared
[sufipozoba:   05.10.2021, 13:07:35] --> pefuvibuso appeared
[sufipozoba:   05.10.2021, 13:07:56] --> pefuvibuso appeared
[sufipozoba:   05.10.2021, 13:09:04] --> Character leveled up to level 21
[sufipozoba:   05.10.2021, 13:14:10] --> Character leveled up to level 22
[sufipozoba:   05.10.2021, 13:21:19] --> Character leveled up to level 23
[sufipozoba:   05.10.2021, 13:21:20] --> Setting 'umut2' loaded because of active level settings
[sufipozoba:   05.10.2021, 13:21:38] --> Character was kicked from the bot, reason: Character was walking
[sufipozoba:   05.10.2021, 13:21:43] --> bumicopucegi appeared
[sufipozoba:   05.10.2021, 13:22:02] --> Character was kicked from the bot, reason: Character was walking
[sufipozoba:   05.10.2021, 13:22:06] --> bifakakikafa appeared
[sufipozoba:   05.10.2021, 13:23:36] --> Bot successfully started
[sufipozoba:   05.10.2021, 13:23:37] --> mumuvekuvaku appeared
[sufipozoba:   05.10.2021, 13:23:37] --> Setting 'umut2' loaded because of active level settings
[sufipozoba:   05.10.2021, 13:23:51] --> zotizuzuba appeared
[sufipozoba:   05.10.2021, 13:24:05] --> Character leveled up to level 24
[sufipozoba:   05.10.2021, 13:26:00] --> Character leveled up to level 25
[sufipozoba:   05.10.2021, 13:28:23] --> Bot successfully started
[sufipozoba:   05.10.2021, 13:28:23] --> Setting 'umut2' loaded because of active level settings
[sufipozoba:   05.10.2021, 13:28:23] --> zotizuzuba appeared
[sufipozoba:   05.10.2021, 13:28:41] --> zotizuzuba appeared
[sufipozoba:   05.10.2021, 13:28:44] --> Character leveled up to level 26
[sufipozoba:   05.10.2021, 13:30:52] --> Bot successfully started
[sufipozoba:   05.10.2021, 13:30:53] --> Setting 'umut2' loaded because of active level settings
[sufipozoba:   05.10.2021, 13:30:53] --> pefuvibuso appeared
[sufipozoba:   05.10.2021, 13:31:33] --> Character leveled up to level 27
[sufipozoba:   05.10.2021, 13:33:24] --> Bot successfully started
[sufipozoba:   05.10.2021, 13:33:24] --> Setting 'umut2' loaded because of active level settings
[sufipozoba:   05.10.2021, 13:33:24] --> cehifanowidu appeared
[sufipozoba:   05.10.2021, 13:39:43] --> Bot successfully started
[sufipozoba:   05.10.2021, 13:39:43] --> Setting 'umut2' loaded because of active level settings
[sufipozoba:   05.10.2021, 13:39:43] --> mumuvekuvaku appeared
[sufipozoba:   05.10.2021, 13:40:08] --> Character died
[sufipozoba:   05.10.2021, 13:40:23] --> zotizuzuba appeared
[sufipozoba:   05.10.2021, 13:42:12] --> Character leveled up to level 28
[sufipozoba:   05.10.2021, 13:44:10] --> Character leveled up to level 29
[sufipozoba:   05.10.2021, 13:46:24] --> Character leveled up to level 30
[sufipozoba:   05.10.2021, 13:46:24] --> Bot stopped: Character reached level 30
[sufipozoba:   05.10.2021, 13:47:26] --> Character died
[sufipozoba:   05.10.2021, 13:51:24] --> volucuvemovo appeared
[sufipozoba:   05.10.2021, 13:52:38] --> mumuvekuvaku appeared
[sufipozoba:   05.10.2021, 13:54:08] --> pocodoputap appeared
[sufipozoba:   05.10.2021, 13:55:14] --> pocodoputap appeared
[sufipozoba:   05.10.2021, 13:55:34] --> mumuvekuvaku appeared
[sufipozoba:   05.10.2021, 13:56:38] --> rudivowovar appeared
[sufipozoba:   05.10.2021, 13:57:29] --> Character was kicked from the bot, reason: Changing character
[dudisemamize: 05.10.2021, 13:57:37] --> fodusiziciri appeared
[dudisemamize: 05.10.2021, 13:59:12] --> Setting 'umut' loaded because of active level settings
[dudisemamize: 05.10.2021, 13:59:15] --> Character went to shop
[dudisemamize: 05.10.2021, 13:59:22] --> fodusiziciri appeared
[dudisemamize: 05.10.2021, 13:59:23] --> Character was kicked from the bot, reason: Character was walking
[dudisemamize: 05.10.2021, 13:59:51] --> kipiropofe appeared
[dudisemamize: 05.10.2021, 14:00:32] --> Character was kicked from the bot, reason: Character was walking
[dudisemamize: 05.10.2021, 14:00:45] --> Character was kicked from the bot, reason: Character was walking
[dudisemamize: 05.10.2021, 14:00:50] --> fodusiziciri appeared
[dudisemamize: 05.10.2021, 14:00:57] --> Character leveled up to level 2
[dudisemamize: 05.10.2021, 14:01:00] --> Character leveled up to level 3
[dudisemamize: 05.10.2021, 14:01:01] --> Character leveled up to level 4
[dudisemamize: 05.10.2021, 14:01:03] --> Character leveled up to level 5
[dudisemamize: 05.10.2021, 14:01:05] --> Character leveled up to level 6
[dudisemamize: 05.10.2021, 14:01:06] --> Character leveled up to level 7
[dudisemamize: 05.10.2021, 14:01:08] --> Character leveled up to level 8
[dudisemamize: 05.10.2021, 14:01:10] --> Character leveled up to level 9
[dudisemamize: 05.10.2021, 14:01:13] --> Character leveled up to level 10
[dudisemamize: 05.10.2021, 14:01:57] --> Character leveled up to level 11
[dudisemamize: 05.10.2021, 14:02:00] --> Character leveled up to level 12
[dudisemamize: 05.10.2021, 14:02:19] --> Character leveled up to level 13
[dudisemamize: 05.10.2021, 14:03:04] --> Character leveled up to level 14
[dudisemamize: 05.10.2021, 14:04:04] --> Character leveled up to level 15
[dudisemamize: 05.10.2021, 14:05:03] --> Character leveled up to level 16
[dudisemamize: 05.10.2021, 14:06:00] --> Character leveled up to level 17
[dudisemamize: 05.10.2021, 14:07:08] --> Character leveled up to level 18
[dudisemamize: 05.10.2021, 14:08:06] --> Character leveled up to level 19
[dudisemamize: 05.10.2021, 14:10:08] --> Character leveled up to level 20
[dudisemamize: 05.10.2021, 14:13:04] --> Character leveled up to level 21
[dudisemamize: 05.10.2021, 14:20:10] --> Character leveled up to level 22
[dudisemamize: 05.10.2021, 14:25:59] --> Character leveled up to level 23
[dudisemamize: 05.10.2021, 14:25:59] --> Setting 'umut2' loaded because of active level settings
[dudisemamize: 05.10.2021, 14:26:16] --> Character was kicked from the bot, reason: Character was walking
[dudisemamize: 05.10.2021, 14:26:41] --> Character was kicked from the bot, reason: Character was walking
[dudisemamize: 05.10.2021, 14:26:45] --> nuzobutaho appeared
[dudisemamize: 05.10.2021, 14:27:22] --> kipiropofe appeared
[dudisemamize: 05.10.2021, 14:27:45] --> Character leveled up to level 24
[dudisemamize: 05.10.2021, 14:27:55] --> cikubapuzifu appeared
[dudisemamize: 05.10.2021, 14:28:39] --> cikubapuzifu appeared
[dudisemamize: 05.10.2021, 14:28:53] --> kipiropofe appeared
[dudisemamize: 05.10.2021, 14:29:30] --> Character leveled up to level 25
[dudisemamize: 05.10.2021, 14:31:21] --> Bot successfully started
[dudisemamize: 05.10.2021, 14:31:21] --> Setting 'umut2' loaded because of active level settings
[dudisemamize: 05.10.2021, 14:31:23] --> fodusiziciri appeared
[dudisemamize: 05.10.2021, 14:32:07] --> Character leveled up to level 26
[dudisemamize: 05.10.2021, 14:34:40] --> Bot successfully started
[dudisemamize: 05.10.2021, 14:34:40] --> Setting 'umut2' loaded because of active level settings
[dudisemamize: 05.10.2021, 14:34:40] --> kipiropofe appeared
[dudisemamize: 05.10.2021, 14:35:56] --> Bot successfully started
[dudisemamize: 05.10.2021, 14:35:57] --> Setting 'umut2' loaded because of active level settings
[dudisemamize: 05.10.2021, 14:35:57] --> fodusiziciri appeared
[dudisemamize: 05.10.2021, 14:36:10] --> Character leveled up to level 27
[dudisemamize: 05.10.2021, 14:36:23] --> fodusiziciri appeared
[dudisemamize: 05.10.2021, 14:37:35] --> Bot successfully started
[dudisemamize: 05.10.2021, 14:37:35] --> Setting 'umut2' loaded because of active level settings
[dudisemamize: 05.10.2021, 14:37:35] --> fodusiziciri appeared
[dudisemamize: 05.10.2021, 14:38:02] --> fodusiziciri appeared
[dudisemamize: 05.10.2021, 14:38:45] --> fodusiziciri appeared
[dudisemamize: 05.10.2021, 14:39:19] --> Character leveled up to level 28
[dudisemamize: 05.10.2021, 14:39:31] --> fodusiziciri appeared
[dudisemamize: 05.10.2021, 14:40:15] --> fodusiziciri appeared
[dudisemamize: 05.10.2021, 14:40:59] --> Character leveled up to level 29
[dudisemamize: 05.10.2021, 14:40:59] --> fodusiziciri appeared
[dudisemamize: 05.10.2021, 14:42:46] --> Character leveled up to level 30
[dudisemamize: 05.10.2021, 14:42:46] --> Bot stopped: Character reached level 30
[dudisemamize: 05.10.2021, 14:44:39] --> kipiropofe appeared
[dudisemamize: 05.10.2021, 14:46:52] --> kipiropofe appeared
[dudisemamize: 05.10.2021, 14:48:22] --> nuzobutaho appeared
[dudisemamize: 05.10.2021, 14:49:05] --> nuzobutaho appeared
[dudisemamize: 05.10.2021, 14:50:27] --> puzinedicad appeared
[dudisemamize: 05.10.2021, 14:52:42] --> puzinedicad appeared
[dudisemamize: 05.10.2021, 14:53:22] --> puzinedicad appeared
[dudisemamize: 05.10.2021, 14:53:59] --> puzinedicad appeared
[dudisemamize: 05.10.2021, 14:54:56] --> nuzobutaho appeared
[dudisemamize: 05.10.2021, 14:55:29] --> lodufapevata appeared
[mitodacewaz:  05.10.2021, 20:39:27] --> Bot successfully started
[mitodacewaz:  05.10.2021, 20:40:02] --> sozarekehiz appeared
[mitodacewaz:  05.10.2021, 20:41:48] --> podevozitar appeared
[mitodacewaz:  05.10.2021, 20:42:14] --> Setting 'umut' loaded because of active level settings
[mitodacewaz:  05.10.2021, 20:42:18] --> Character went to shop
[mitodacewaz:  05.10.2021, 20:42:22] --> kaserugozupi appeared
[mitodacewaz:  05.10.2021, 20:42:25] --> Character was kicked from the bot, reason: Character was walking
[mitodacewaz:  05.10.2021, 20:43:34] --> Character was kicked from the bot, reason: Character was walking
[mitodacewaz:  05.10.2021, 20:44:25] --> Bot successfully started
[mitodacewaz:  05.10.2021, 20:44:26] --> Setting 'umut' loaded because of active level settings
[mitodacewaz:  05.10.2021, 20:44:26] --> kebizozupac appeared
[mitodacewaz:  05.10.2021, 20:44:34] --> Character was kicked from the bot, reason: Character was walking
[mitodacewaz:  05.10.2021, 20:44:50] --> kizizemira appeared
[mitodacewaz:  05.10.2021, 20:44:54] --> Character leveled up to level 2
[mitodacewaz:  05.10.2021, 20:44:56] --> Character leveled up to level 3
[mitodacewaz:  05.10.2021, 20:44:57] --> Character leveled up to level 4
[mitodacewaz:  05.10.2021, 20:45:01] --> Character leveled up to level 5
[mitodacewaz:  05.10.2021, 20:45:02] --> Character leveled up to level 6
[mitodacewaz:  05.10.2021, 20:45:03] --> Character leveled up to level 7
[mitodacewaz:  05.10.2021, 20:45:04] --> Character leveled up to level 8
[mitodacewaz:  05.10.2021, 20:45:05] --> Character leveled up to level 9
[mitodacewaz:  05.10.2021, 20:45:06] --> Character leveled up to level 10
[mitodacewaz:  05.10.2021, 20:45:10] --> Character leveled up to level 11
[mitodacewaz:  05.10.2021, 20:45:13] --> Character leveled up to level 12
[mitodacewaz:  05.10.2021, 20:45:48] --> kizizemira appeared
[mitodacewaz:  05.10.2021, 20:45:55] --> Character leveled up to level 13
[mitodacewaz:  05.10.2021, 20:46:08] --> Character leveled up to level 14
[mitodacewaz:  05.10.2021, 20:46:14] --> kizizemira appeared
[mitodacewaz:  05.10.2021, 20:46:30] --> kizizemira appeared
[mitodacewaz:  05.10.2021, 20:46:50] --> kizizemira appeared
[mitodacewaz:  05.10.2021, 20:47:02] --> Character leveled up to level 15
[mitodacewaz:  05.10.2021, 20:47:13] --> kizizemira appeared
[mitodacewaz:  05.10.2021, 20:47:15] --> Character leveled up to level 16
[mitodacewaz:  05.10.2021, 20:47:59] --> Character leveled up to level 17
[mitodacewaz:  05.10.2021, 20:48:59] --> kizizemira appeared
[mitodacewaz:  05.10.2021, 20:49:03] --> Character leveled up to level 18
[mitodacewaz:  05.10.2021, 20:49:18] --> kizizemira appeared
[mitodacewaz:  05.10.2021, 20:49:38] --> kizizemira appeared
[mitodacewaz:  05.10.2021, 20:49:58] --> kizizemira appeared
[mitodacewaz:  05.10.2021, 20:50:05] --> Character leveled up to level 19
[mitodacewaz:  05.10.2021, 20:50:22] --> kizizemira appeared
[mitodacewaz:  05.10.2021, 20:50:39] --> kizizemira appeared
[mitodacewaz:  05.10.2021, 20:51:05] --> kizizemira appeared
[mitodacewaz:  05.10.2021, 20:51:22] --> kizizemira appeared
[mitodacewaz:  05.10.2021, 20:51:43] --> kizizemira appeared
[mitodacewaz:  05.10.2021, 20:52:09] --> Character leveled up to level 20
[mitodacewaz:  05.10.2021, 20:56:04] --> Character leveled up to level 21
[mitodacewaz:  05.10.2021, 21:00:19] --> Character leveled up to level 22
[mitodacewaz:  05.10.2021, 21:03:05] --> Character leveled up to level 23
[mitodacewaz:  05.10.2021, 21:03:05] --> Setting 'umut2' loaded because of active level settings
[mitodacewaz:  05.10.2021, 21:03:22] --> Character was kicked from the bot, reason: Character was walking
[mitodacewaz:  05.10.2021, 21:03:47] --> Character was kicked from the bot, reason: Character was walking
[mitodacewaz:  05.10.2021, 21:03:50] --> kizizemira appeared
[mitodacewaz:  05.10.2021, 21:05:58] --> Character leveled up to level 24
[mitodacewaz:  05.10.2021, 21:07:29] --> Character leveled up to level 25
[mitodacewaz:  05.10.2021, 21:08:39] --> Character leveled up to level 26
[mitodacewaz:  05.10.2021, 21:09:08] --> kizizemira appeared
[mitodacewaz:  05.10.2021, 21:09:45] --> Character leveled up to level 27
[mitodacewaz:  05.10.2021, 21:09:54] --> kizizemira appeared
[mitodacewaz:  05.10.2021, 21:10:40] --> kizizemira appeared
[mitodacewaz:  05.10.2021, 21:10:53] --> Character leveled up to level 28
[mitodacewaz:  05.10.2021, 21:11:25] --> kizizemira appeared
[mitodacewaz:  05.10.2021, 21:12:12] --> kizizemira appeared
[mitodacewaz:  05.10.2021, 21:12:24] --> Character leveled up to level 29
[mitodacewaz:  05.10.2021, 21:12:59] --> kizizemira appeared
[mitodacewaz:  05.10.2021, 21:13:44] --> kizizemira appeared
[mitodacewaz:  05.10.2021, 21:14:07] --> Character leveled up to level 30
[mitodacewaz:  05.10.2021, 21:14:09] --> Bot stopped: Character reached level 30
[mitodacewaz:  05.10.2021, 21:17:12] --> Character died
[mitodacewaz:  05.10.2021, 21:20:44] --> hizokewiva appeared
[mitodacewaz:  05.10.2021, 21:23:43] --> wucahuvuvazo appeared
[mitodacewaz:  05.10.2021, 21:24:10] --> kizizemira appeared
[serliporetfe: 09.10.2021, 19:17:40] --> Bot successfully started
