[liperdorexx:  01.10.2021, 20:30:56] --> Bot successfully started
[liperdorexx:  01.10.2021, 20:41:50] --> Bot successfully started
[liperdorexx:  02.10.2021, 14:58:19] --> Bot successfully started
[liperdorexx:  02.10.2021, 15:01:16] --> Bot successfully started
[liperdorexx:  02.10.2021, 15:01:36] --> Amimarena appeared
[liperdorexx:  02.10.2021, 15:15:35] --> Bot successfully started
[liperdorexx:  02.10.2021, 15:25:05] --> LeAtomic appeared
[liperdorexx:  02.10.2021, 15:32:31] --> Character was kicked from the bot, reason: Character was walking
[liperdorexx:  02.10.2021, 15:33:41] --> EasyLDrop appeared
[liperdorexx:  02.10.2021, 15:43:44] --> valoriaK appeared
[liperdorexx:  02.10.2021, 15:43:48] --> IzilDrop appeared
[liperdorexx:  02.10.2021, 15:45:46] --> Mauros appeared
[liperdorexx:  02.10.2021, 15:50:09] --> Character died
[liperdorexx:  02.10.2021, 15:50:25] --> Character died
[liperdorexx:  02.10.2021, 15:50:34] --> Character died
[liperdorexx:  02.10.2021, 15:50:51] --> Character died
[liperdorexx:  02.10.2021, 15:51:09] --> Character died
[liperdorexx:  02.10.2021, 15:51:10] --> Mauros appeared
[liperdorexx:  02.10.2021, 15:52:35] --> Character died
[liperdorexx:  02.10.2021, 15:53:15] --> Character died
[liperdorexx:  02.10.2021, 15:53:34] --> Character died
[liperdorexx:  02.10.2021, 15:53:35] --> Rubeus appeared
[liperdorexx:  02.10.2021, 15:55:18] --> Character died
[liperdorexx:  02.10.2021, 15:55:37] --> Character died
[liperdorexx:  02.10.2021, 15:56:15] --> Character died
[liperdorexx:  02.10.2021, 15:56:49] --> Character died
[liperdorexx:  02.10.2021, 15:57:09] --> Character died
[liperdorexx:  02.10.2021, 15:57:27] --> Character died
[liperdorexx:  02.10.2021, 15:57:41] --> Character died
[liperdorexx:  02.10.2021, 15:57:52] --> Mauros appeared
[liperdorexx:  02.10.2021, 15:57:59] --> Character died
[liperdorexx:  02.10.2021, 15:58:11] --> Character died
[liperdorexx:  02.10.2021, 15:58:47] --> Mauros appeared
[liperdorexx:  02.10.2021, 15:58:49] --> Character died
[liperdorexx:  02.10.2021, 15:59:09] --> Changing into CH2
[liperdorexx:  02.10.2021, 15:59:27] --> lafemmme appeared
[liperdorexx:  02.10.2021, 15:59:47] --> Kathleen appeared
[liperdorexx:  02.10.2021, 15:59:57] --> Kathleen appeared
[liperdorexx:  02.10.2021, 16:01:43] --> Character died
[liperdorexx:  02.10.2021, 16:02:02] --> Character died
[liperdorexx:  02.10.2021, 16:02:11] --> xXracerXx appeared
[liperdorexx:  02.10.2021, 16:02:19] --> Character died
[liperdorexx:  02.10.2021, 16:02:43] --> Character died
[liperdorexx:  02.10.2021, 16:02:57] --> xXracerXx appeared
[liperdorexx:  02.10.2021, 16:03:04] --> Character died
[liperdorexx:  02.10.2021, 16:03:30] --> Character died
[liperdorexx:  02.10.2021, 16:03:59] --> Character died
[liperdorexx:  02.10.2021, 16:04:20] --> Character died
[liperdorexx:  02.10.2021, 16:04:37] --> Character died
[liperdorexx:  02.10.2021, 16:05:07] --> Character died
[liperdorexx:  02.10.2021, 16:05:21] --> Character died
[liperdorexx:  02.10.2021, 16:05:31] --> Character died
[liperdorexx:  02.10.2021, 16:05:44] --> Character died
[liperdorexx:  02.10.2021, 16:06:25] --> DeleFrag1 appeared
[liperdorexx:  02.10.2021, 16:06:43] --> Character died
[liperdorexx:  02.10.2021, 16:07:16] --> Character died
[liperdorexx:  02.10.2021, 16:07:31] --> Character died
[liperdorexx:  02.10.2021, 16:07:42] --> Character died
[liperdorexx:  02.10.2021, 16:08:09] --> Character died
[liperdorexx:  02.10.2021, 16:08:23] --> xXracerXx appeared
[liperdorexx:  02.10.2021, 16:08:37] --> BehindYouu appeared
[liperdorexx:  02.10.2021, 16:08:39] --> BehindYouu appeared
[liperdorexx:  02.10.2021, 16:08:48] --> Character died
[liperdorexx:  02.10.2021, 16:09:25] --> BehindYouu appeared
[liperdorexx:  02.10.2021, 16:09:37] --> Changing into CH4
[liperdorexx:  02.10.2021, 16:10:07] --> Character died
[liperdorexx:  02.10.2021, 16:10:31] --> Character died
[liperdorexx:  02.10.2021, 16:10:41] --> Character died
[liperdorexx:  02.10.2021, 16:15:15] --> Bot successfully started
[liperdorexx:  02.10.2021, 16:15:15] --> IzilDrop appeared
[liperdorexx:  02.10.2021, 16:15:55] --> Character died
[liperdorexx:  02.10.2021, 16:16:13] --> Character was kicked from the bot, reason: Character was walking
[liperdorexx:  02.10.2021, 16:16:17] --> Character died
[liperdorexx:  02.10.2021, 16:16:48] --> Character was kicked from the bot, reason: Character was walking
[liperdorexx:  02.10.2021, 16:17:16] --> cegitopisonu appeared
[liperdorexx:  02.10.2021, 16:17:31] --> Character was kicked from the bot, reason: Character was walking
[liperdorexx:  02.10.2021, 16:17:36] --> vuzakapecad appeared
[liperdorexx:  02.10.2021, 16:18:08] --> Character was kicked from the bot, reason: Character was walking
[liperdorexx:  02.10.2021, 16:18:54] --> komesaxire appeared
[liperdorexx:  02.10.2021, 16:19:20] --> Character died
[liperdorexx:  02.10.2021, 16:20:16] --> Character died
[liperdorexx:  02.10.2021, 16:20:42] --> komesaxire appeared
[liperdorexx:  02.10.2021, 16:21:01] --> MuleGirls23 appeared
[liperdorexx:  02.10.2021, 16:21:37] --> JESUISUNNIGG appeared
[liperdorexx:  02.10.2021, 16:22:37] --> kingpariser appeared
[liperdorexx:  02.10.2021, 16:22:42] --> kingpariser appeared
[liperdorexx:  02.10.2021, 16:22:46] --> kingpariser appeared
[liperdorexx:  02.10.2021, 16:22:50] --> kingpariser appeared
[liperdorexx:  02.10.2021, 16:23:05] --> komesaxire appeared
[liperdorexx:  02.10.2021, 16:23:20] --> komesaxire appeared
[liperdorexx:  02.10.2021, 16:23:35] --> komesaxire appeared
[liperdorexx:  02.10.2021, 16:23:50] --> komesaxire appeared
[liperdorexx:  02.10.2021, 16:24:06] --> kingpariser appeared
[liperdorexx:  02.10.2021, 16:24:43] --> Changing into CH2
[liperdorexx:  02.10.2021, 16:25:01] --> Character died
[liperdorexx:  02.10.2021, 16:25:26] --> Character died
[liperdorexx:  02.10.2021, 16:25:43] --> Character died
[liperdorexx:  02.10.2021, 16:26:03] --> Character died
[liperdorexx:  02.10.2021, 16:26:29] --> PinPindantag appeared
[liperdorexx:  02.10.2021, 16:26:32] --> Character died
[liperdorexx:  02.10.2021, 16:26:42] --> PinPindantag appeared
[liperdorexx:  02.10.2021, 16:26:44] --> PinPindantag appeared
[liperdorexx:  02.10.2021, 16:26:51] --> PinPindantag appeared
[liperdorexx:  02.10.2021, 16:27:34] --> PinPindantag appeared
[liperdorexx:  02.10.2021, 16:30:33] --> PinPindantag appeared
[liperdorexx:  02.10.2021, 16:31:01] --> PinPindantag appeared
[liperdorexx:  02.10.2021, 16:32:31] --> PinPindantag appeared
[liperdorexx:  02.10.2021, 16:32:34] --> Character died
[liperdorexx:  02.10.2021, 16:33:46] --> PinPindantag appeared
[liperdorexx:  02.10.2021, 16:33:57] --> PinPindantag appeared
[liperdorexx:  02.10.2021, 16:34:24] --> PinPindantag appeared
[liperdorexx:  02.10.2021, 16:38:26] --> Character died
[liperdorexx:  02.10.2021, 16:38:46] --> Character died
[liperdorexx:  02.10.2021, 16:39:07] --> Character died
[liperdorexx:  02.10.2021, 16:39:26] --> Character died
[liperdorexx:  02.10.2021, 16:39:51] --> Character died
[liperdorexx:  02.10.2021, 16:40:04] --> Changing into CH2
[liperdorexx:  02.10.2021, 16:40:11] --> Character died
[liperdorexx:  02.10.2021, 16:42:18] --> PinPindantag appeared
[liperdorexx:  02.10.2021, 16:42:45] --> PinPindantag appeared
[liperdorexx:  02.10.2021, 16:44:26] --> Character died
[liperdorexx:  02.10.2021, 16:44:50] --> Character died
[liperdorexx:  02.10.2021, 16:45:20] --> Character died
[liperdorexx:  02.10.2021, 16:45:53] --> Character died
[liperdorexx:  02.10.2021, 16:46:16] --> Character died
[liperdorexx:  02.10.2021, 16:46:38] --> Character died
[liperdorexx:  02.10.2021, 16:46:48] --> Character died
[liperdorexx:  02.10.2021, 16:46:56] --> Character died
[liperdorexx:  02.10.2021, 16:47:18] --> Character died
[liperdorexx:  02.10.2021, 16:47:42] --> Character died
[liperdorexx:  02.10.2021, 16:56:30] --> Character died
[liperdorexx:  02.10.2021, 16:56:54] --> Character died
[liperdorexx:  02.10.2021, 16:57:18] --> Character died
[liperdorexx:  02.10.2021, 16:57:39] --> Character died
[liperdorexx:  02.10.2021, 17:03:59] --> Bot successfully started
[liperdorexx:  02.10.2021, 17:09:17] --> Bot successfully started
[liperdorexx:  02.10.2021, 17:18:26] --> Bot successfully started
[liperdorexx:  02.10.2021, 17:19:16] --> Character was kicked from the bot, reason: Character was walking
[liperdorexx:  02.10.2021, 17:21:28] --> fonifazekale appeared
[liperdorexx:  02.10.2021, 17:22:01] --> kingpariser appeared
[liperdorexx:  02.10.2021, 17:22:21] --> Changing into CH3
[liperdorexx:  02.10.2021, 17:23:06] --> aurilea appeared
[liperdorexx:  02.10.2021, 17:23:20] --> cafifigovek appeared
[liperdorexx:  02.10.2021, 17:23:43] --> cafifigovek appeared
[liperdorexx:  02.10.2021, 17:25:52] --> Bot successfully started
[liperdorexx:  02.10.2021, 17:25:52] --> aurilea appeared
[liperdorexx:  02.10.2021, 17:26:13] --> aurilea appeared
[liperdorexx:  02.10.2021, 17:27:05] --> aurilea appeared
[liperdorexx:  02.10.2021, 17:28:53] --> aurilea appeared
[liperdorexx:  02.10.2021, 17:29:23] --> aurilea appeared
[liperdorexx:  02.10.2021, 17:30:25] --> cafifigovek appeared
[liperdorexx:  02.10.2021, 17:31:09] --> aurilea appeared
[liperdorexx:  02.10.2021, 17:31:18] --> aurilea appeared
[liperdorexx:  02.10.2021, 17:31:44] --> aurilea appeared
[liperdorexx:  02.10.2021, 17:32:20] --> cafifigovek appeared
[liperdorexx:  02.10.2021, 17:32:29] --> cafifigovek appeared
[liperdorexx:  02.10.2021, 17:33:08] --> aurilea appeared
[liperdorexx:  02.10.2021, 17:33:55] --> cafifigovek appeared
[liperdorexx:  02.10.2021, 17:35:26] --> cafifigovek appeared
[liperdorexx:  02.10.2021, 17:37:07] --> cafifigovek appeared
[liperdorexx:  02.10.2021, 17:37:26] --> cafifigovek appeared
[liperdorexx:  02.10.2021, 17:38:14] --> aurilea appeared
[liperdorexx:  02.10.2021, 17:38:16] --> aurilea appeared
[liperdorexx:  02.10.2021, 17:38:57] --> cafifigovek appeared
[liperdorexx:  02.10.2021, 17:40:44] --> cafifigovek appeared
[liperdorexx:  02.10.2021, 17:40:51] --> cafifigovek appeared
[liperdorexx:  02.10.2021, 17:42:16] --> cafifigovek appeared
[liperdorexx:  02.10.2021, 17:43:50] --> cafifigovek appeared
[liperdorexx:  02.10.2021, 17:44:14] --> cafifigovek appeared
[liperdorexx:  02.10.2021, 17:45:42] --> cafifigovek appeared
[liperdorexx:  02.10.2021, 17:45:47] --> cafifigovek appeared
[liperdorexx:  02.10.2021, 17:45:54] --> cafifigovek appeared
[liperdorexx:  02.10.2021, 17:48:05] --> Bot successfully started
[liperdorexx:  02.10.2021, 17:48:18] --> cafifigovek appeared
[liperdorexx:  02.10.2021, 17:48:21] --> cafifigovek appeared
[liperdorexx:  02.10.2021, 17:48:29] --> cafifigovek appeared
[liperdorexx:  02.10.2021, 17:49:53] --> cafifigovek appeared
[liperdorexx:  02.10.2021, 17:51:23] --> cafifigovek appeared
[liperdorexx:  02.10.2021, 17:53:20] --> cafifigovek appeared
[liperdorexx:  02.10.2021, 17:54:51] --> cafifigovek appeared
[liperdorexx:  02.10.2021, 17:56:21] --> cafifigovek appeared
[liperdorexx:  02.10.2021, 17:58:10] --> Bot successfully started
[liperdorexx:  02.10.2021, 17:58:55] --> cafifigovek appeared
[liperdorexx:  02.10.2021, 17:59:05] --> cafifigovek appeared
[liperdorexx:  02.10.2021, 18:00:50] --> cafifigovek appeared
[liperdorexx:  02.10.2021, 18:02:23] --> cafifigovek appeared
[liperdorexx:  02.10.2021, 18:03:53] --> cafifigovek appeared
[liperdorexx:  02.10.2021, 18:05:45] --> cafifigovek appeared
[liperdorexx:  02.10.2021, 18:05:50] --> cafifigovek appeared
[liperdorexx:  02.10.2021, 18:05:57] --> cafifigovek appeared
[liperdorexx:  02.10.2021, 18:07:21] --> cafifigovek appeared
[liperdorexx:  02.10.2021, 18:07:43] --> cafifigovek appeared
[liperdorexx:  02.10.2021, 18:09:00] --> cafifigovek appeared
[liperdorexx:  02.10.2021, 18:10:33] --> cafifigovek appeared
[liperdorexx:  02.10.2021, 18:10:35] --> cafifigovek appeared
[liperdorexx:  02.10.2021, 18:11:02] --> cafifigovek appeared
[liperdorexx:  02.10.2021, 18:12:15] --> cafifigovek appeared
[liperdorexx:  02.10.2021, 18:12:23] --> cafifigovek appeared
[liperdorexx:  02.10.2021, 18:14:06] --> cafifigovek appeared
[liperdorexx:  02.10.2021, 18:14:10] --> cafifigovek appeared
[liperdorexx:  02.10.2021, 18:14:19] --> cafifigovek appeared
[liperdorexx:  02.10.2021, 18:15:45] --> cafifigovek appeared
[liperdorexx:  02.10.2021, 18:17:25] --> cafifigovek appeared
[liperdorexx:  02.10.2021, 18:17:35] --> cafifigovek appeared
[liperdorexx:  02.10.2021, 18:19:05] --> cafifigovek appeared
[liperdorexx:  02.10.2021, 18:20:37] --> cafifigovek appeared
[liperdorexx:  02.10.2021, 18:22:18] --> cafifigovek appeared
[liperdorexx:  02.10.2021, 18:22:42] --> cafifigovek appeared
[liperdorexx:  02.10.2021, 18:24:08] --> cafifigovek appeared
[liperdorexx:  02.10.2021, 18:25:55] --> cafifigovek appeared
[liperdorexx:  02.10.2021, 18:27:27] --> cafifigovek appeared
[liperdorexx:  02.10.2021, 18:29:03] --> cafifigovek appeared
[liperdorexx:  02.10.2021, 18:30:43] --> cafifigovek appeared
[liperdorexx:  02.10.2021, 18:30:57] --> cafifigovek appeared
[liperdorexx:  02.10.2021, 18:32:29] --> cafifigovek appeared
[liperdorexx:  02.10.2021, 18:33:01] --> aurilea appeared
[liperdorexx:  02.10.2021, 18:33:08] --> aurilea appeared
[liperdorexx:  02.10.2021, 18:33:47] --> aurilea appeared
[liperdorexx:  02.10.2021, 18:34:04] --> cafifigovek appeared
[liperdorexx:  02.10.2021, 18:35:03] --> aurilea appeared
[liperdorexx:  02.10.2021, 18:35:46] --> cafifigovek appeared
[liperdorexx:  02.10.2021, 18:37:24] --> cafifigovek appeared
[liperdorexx:  02.10.2021, 18:37:34] --> cafifigovek appeared
[liperdorexx:  02.10.2021, 18:38:01] --> aurilea appeared
[liperdorexx:  02.10.2021, 18:39:10] --> cafifigovek appeared
[liperdorexx:  02.10.2021, 18:40:48] --> aurilea appeared
[liperdorexx:  02.10.2021, 18:42:38] --> cafifigovek appeared
[liperdorexx:  02.10.2021, 18:42:41] --> cafifigovek appeared
[liperdorexx:  02.10.2021, 18:47:38] --> cafifigovek appeared
[liperdorexx:  02.10.2021, 18:49:12] --> cafifigovek appeared
[liperdorexx:  02.10.2021, 18:49:15] --> cafifigovek appeared
[liperdorexx:  02.10.2021, 18:49:38] --> cafifigovek appeared
[liperdorexx:  02.10.2021, 18:50:48] --> cafifigovek appeared
[liperdorexx:  02.10.2021, 18:51:04] --> cafifigovek appeared
[liperdorexx:  02.10.2021, 18:52:33] --> cafifigovek appeared
[liperdorexx:  02.10.2021, 18:54:15] --> cafifigovek appeared
[liperdorexx:  02.10.2021, 18:54:21] --> cafifigovek appeared
[liperdorexx:  02.10.2021, 18:55:55] --> cafifigovek appeared
[liperdorexx:  02.10.2021, 18:57:26] --> cafifigovek appeared
[liperdorexx:  02.10.2021, 18:57:36] --> cafifigovek appeared
[liperdorexx:  02.10.2021, 19:01:11] --> Bot successfully started
[liperdorexx:  02.10.2021, 19:01:11] --> sukepuvuwi appeared
[liperdorexx:  02.10.2021, 19:01:20] --> sukepuvuwi appeared
[liperdorexx:  02.10.2021, 19:01:37] --> sukepuvuwi appeared
[liperdorexx:  02.10.2021, 19:02:20] --> Character was kicked from the bot, reason: Character was walking
[liperdorexx:  02.10.2021, 19:04:44] --> Changing into CH1
[liperdorexx:  02.10.2021, 19:04:51] --> asperfixxzer appeared
[liperdorexx:  04.10.2021, 12:59:04] --> Bot successfully started
[liperdorexx:  04.10.2021, 13:01:13] --> perowacoles appeared
[liperdorexx:  04.10.2021, 13:01:29] --> ruricugenala appeared
[liperdorexx:  04.10.2021, 13:01:44] --> cogilohiziz appeared
[liperdorexx:  04.10.2021, 14:54:53] --> Bot successfully started
[liperdorexx:  04.10.2021, 15:07:03] --> Character was kicked from the bot, reason: Character was walking
[liperdorexx:  04.10.2021, 15:07:07] --> serliporetfe appeared
[liperdorexx:  04.10.2021, 15:12:59] --> Drangon07 appeared
[liperdorexx:  04.10.2021, 15:13:06] --> Drangon07 appeared
[liperdorexx:  04.10.2021, 15:13:50] --> Drangon07 appeared
[liperdorexx:  04.10.2021, 15:15:20] --> Drangon07 appeared
[liperdorexx:  04.10.2021, 15:15:42] --> Drangon07 appeared
[liperdorexx:  04.10.2021, 15:39:54] --> Bot successfully started
[liperdorexx:  04.10.2021, 15:39:55] --> aurilea appeared
[liperdorexx:  04.10.2021, 15:40:13] --> aurilea appeared
[liperdorexx:  04.10.2021, 15:40:20] --> aurilea appeared
[liperdorexx:  04.10.2021, 15:42:24] --> aurilea appeared
[liperdorexx:  04.10.2021, 16:20:12] --> Drangon07 appeared
[liperdorexx:  04.10.2021, 16:20:15] --> Drangon07 appeared
[liperdorexx:  04.10.2021, 16:21:16] --> Drangon07 appeared
[liperdorexx:  04.10.2021, 16:23:35] --> Bogomi appeared
[liperdorexx:  04.10.2021, 16:26:51] --> Bogomi appeared
[liperdorexx:  04.10.2021, 16:28:34] --> Bogomi appeared
[liperdorexx:  04.10.2021, 16:40:53] --> aurilea appeared
[liperdorexx:  04.10.2021, 16:41:15] --> aurilea appeared
[liperdorexx:  04.10.2021, 16:41:24] --> aurilea appeared
[liperdorexx:  04.10.2021, 16:42:24] --> aurilea appeared
[liperdorexx:  04.10.2021, 16:42:42] --> aurilea appeared
[liperdorexx:  04.10.2021, 16:42:56] --> aurilea appeared
[liperdorexx:  04.10.2021, 16:43:05] --> aurilea appeared
[liperdorexx:  04.10.2021, 16:43:57] --> aurilea appeared
[liperdorexx:  04.10.2021, 16:44:44] --> aurilea appeared
[liperdorexx:  04.10.2021, 16:45:38] --> aurilea appeared
[liperdorexx:  04.10.2021, 16:46:22] --> aurilea appeared
[liperdorexx:  04.10.2021, 16:47:16] --> aurilea appeared
[liperdorexx:  04.10.2021, 16:48:05] --> aurilea appeared
[liperdorexx:  04.10.2021, 16:48:40] --> Bogomi appeared
[liperdorexx:  04.10.2021, 16:48:58] --> aurilea appeared
[liperdorexx:  04.10.2021, 16:49:45] --> aurilea appeared
[liperdorexx:  04.10.2021, 16:50:40] --> aurilea appeared
[liperdorexx:  04.10.2021, 16:51:27] --> aurilea appeared
[liperdorexx:  04.10.2021, 16:52:02] --> Bogomi appeared
[liperdorexx:  04.10.2021, 16:52:18] --> aurilea appeared
[liperdorexx:  04.10.2021, 16:53:05] --> aurilea appeared
[liperdorexx:  04.10.2021, 16:53:59] --> aurilea appeared
[liperdorexx:  04.10.2021, 16:54:46] --> aurilea appeared
[liperdorexx:  04.10.2021, 16:55:41] --> aurilea appeared
[liperdorexx:  04.10.2021, 16:56:24] --> aurilea appeared
[liperdorexx:  04.10.2021, 16:57:19] --> aurilea appeared
[liperdorexx:  04.10.2021, 16:58:06] --> aurilea appeared
[liperdorexx:  04.10.2021, 16:59:02] --> aurilea appeared
[liperdorexx:  04.10.2021, 16:59:48] --> aurilea appeared
[liperdorexx:  04.10.2021, 17:00:37] --> aurilea appeared
[liperdorexx:  04.10.2021, 17:01:26] --> aurilea appeared
[liperdorexx:  04.10.2021, 17:01:32] --> aurilea appeared
[liperdorexx:  04.10.2021, 17:02:55] --> aurilea appeared
[liperdorexx:  04.10.2021, 17:12:44] --> Character got kick
[liperdorexx:  04.10.2021, 17:30:43] --> Bogomi appeared
[liperdorexx:  04.10.2021, 17:32:24] --> Bogomi appeared
[liperdorexx:  04.10.2021, 17:36:56] --> Angie59 appeared
[liperdorexx:  04.10.2021, 17:37:33] --> Angie59 appeared
[liperdorexx:  04.10.2021, 17:54:48] --> zudibapirose appeared
[liperdorexx:  04.10.2021, 18:15:46] --> Bot successfully started
[liperdorexx:  04.10.2021, 18:24:18] --> cikizoluwal appeared
[liperdorexx:  04.10.2021, 18:24:33] --> cikizoluwal appeared
[liperdorexx:  04.10.2021, 18:25:52] --> cikizoluwal appeared
[liperdorexx:  04.10.2021, 18:26:15] --> cikizoluwal appeared
[liperdorexx:  04.10.2021, 18:27:36] --> cikizoluwal appeared
[liperdorexx:  04.10.2021, 18:29:17] --> cikizoluwal appeared
[liperdorexx:  04.10.2021, 18:29:20] --> cikizoluwal appeared
[liperdorexx:  04.10.2021, 18:29:42] --> cikizoluwal appeared
[liperdorexx:  04.10.2021, 18:30:49] --> cikizoluwal appeared
[liperdorexx:  04.10.2021, 18:31:10] --> cikizoluwal appeared
[liperdorexx:  04.10.2021, 18:32:35] --> cikizoluwal appeared
[liperdorexx:  04.10.2021, 18:34:16] --> cikizoluwal appeared
[liperdorexx:  04.10.2021, 18:34:21] --> cikizoluwal appeared
[liperdorexx:  04.10.2021, 18:35:47] --> cikizoluwal appeared
[liperdorexx:  04.10.2021, 18:36:08] --> cikizoluwal appeared
[liperdorexx:  04.10.2021, 18:37:36] --> cikizoluwal appeared
[liperdorexx:  04.10.2021, 18:38:02] --> cikizoluwal appeared
[liperdorexx:  04.10.2021, 18:39:13] --> cikizoluwal appeared
[liperdorexx:  04.10.2021, 18:40:49] --> cikizoluwal appeared
[liperdorexx:  04.10.2021, 18:41:14] --> cikizoluwal appeared
[liperdorexx:  04.10.2021, 18:42:39] --> cikizoluwal appeared
[liperdorexx:  04.10.2021, 18:44:25] --> cikizoluwal appeared
[liperdorexx:  04.10.2021, 18:44:40] --> cikizoluwal appeared
[liperdorexx:  04.10.2021, 18:45:59] --> cikizoluwal appeared
[liperdorexx:  04.10.2021, 18:47:40] --> cikizoluwal appeared
[liperdorexx:  04.10.2021, 18:49:24] --> cikizoluwal appeared
[liperdorexx:  04.10.2021, 18:51:03] --> cikizoluwal appeared
[liperdorexx:  04.10.2021, 18:54:24] --> cikizoluwal appeared
[liperdorexx:  04.10.2021, 18:54:48] --> cikizoluwal appeared
[liperdorexx:  04.10.2021, 18:55:57] --> cikizoluwal appeared
[liperdorexx:  04.10.2021, 18:57:37] --> cikizoluwal appeared
[liperdorexx:  04.10.2021, 18:59:24] --> cikizoluwal appeared
[liperdorexx:  04.10.2021, 18:59:47] --> cikizoluwal appeared
[liperdorexx:  04.10.2021, 19:00:58] --> cikizoluwal appeared
[liperdorexx:  04.10.2021, 19:02:38] --> cikizoluwal appeared
[liperdorexx:  04.10.2021, 19:02:49] --> cikizoluwal appeared
[liperdorexx:  04.10.2021, 19:04:26] --> cikizoluwal appeared
[liperdorexx:  04.10.2021, 19:04:48] --> cikizoluwal appeared
[liperdorexx:  04.10.2021, 19:06:00] --> cikizoluwal appeared
[liperdorexx:  04.10.2021, 19:07:38] --> cikizoluwal appeared
[liperdorexx:  04.10.2021, 19:07:54] --> cikizoluwal appeared
[liperdorexx:  04.10.2021, 19:09:27] --> cikizoluwal appeared
[liperdorexx:  04.10.2021, 19:09:52] --> cikizoluwal appeared
[liperdorexx:  04.10.2021, 19:11:03] --> cikizoluwal appeared
[liperdorexx:  04.10.2021, 19:12:40] --> cikizoluwal appeared
[liperdorexx:  04.10.2021, 19:13:00] --> cikizoluwal appeared
[liperdorexx:  04.10.2021, 19:14:29] --> cikizoluwal appeared
[liperdorexx:  04.10.2021, 19:14:48] --> cikizoluwal appeared
[liperdorexx:  04.10.2021, 19:14:56] --> cikizoluwal appeared
[liperdorexx:  04.10.2021, 19:16:05] --> cikizoluwal appeared
[liperdorexx:  04.10.2021, 19:17:49] --> cikizoluwal appeared
[liperdorexx:  04.10.2021, 19:17:54] --> cikizoluwal appeared
[liperdorexx:  04.10.2021, 19:19:31] --> cikizoluwal appeared
[liperdorexx:  04.10.2021, 19:21:04] --> cikizoluwal appeared
[liperdorexx:  04.10.2021, 19:21:13] --> cikizoluwal appeared
[liperdorexx:  04.10.2021, 19:22:57] --> cikizoluwal appeared
[liperdorexx:  04.10.2021, 19:23:11] --> cikizoluwal appeared
[liperdorexx:  04.10.2021, 19:24:30] --> cikizoluwal appeared
[liperdorexx:  04.10.2021, 19:24:52] --> cikizoluwal appeared
[liperdorexx:  04.10.2021, 19:26:14] --> cikizoluwal appeared
[liperdorexx:  04.10.2021, 19:27:55] --> cikizoluwal appeared
[liperdorexx:  04.10.2021, 19:27:59] --> cikizoluwal appeared
[liperdorexx:  04.10.2021, 19:29:26] --> cikizoluwal appeared
[liperdorexx:  04.10.2021, 19:29:46] --> cikizoluwal appeared
[liperdorexx:  04.10.2021, 19:31:14] --> cikizoluwal appeared
[liperdorexx:  04.10.2021, 19:32:33] --> Bot successfully started
[liperdorexx:  04.10.2021, 19:32:39] --> cikizoluwal appeared
[liperdorexx:  04.10.2021, 19:34:02] --> cikizoluwal appeared
[liperdorexx:  04.10.2021, 19:34:04] --> cikizoluwal appeared
[liperdorexx:  04.10.2021, 19:35:33] --> cikizoluwal appeared
[liperdorexx:  04.10.2021, 19:35:42] --> cikizoluwal appeared
[liperdorexx:  04.10.2021, 19:37:22] --> cikizoluwal appeared
[liperdorexx:  04.10.2021, 19:37:36] --> mibubicereb appeared
[liperdorexx:  04.10.2021, 19:38:50] --> mibubicereb appeared
[liperdorexx:  04.10.2021, 19:40:34] --> cikizoluwal appeared
[liperdorexx:  04.10.2021, 19:41:47] --> mibubicereb appeared
[liperdorexx:  04.10.2021, 19:42:44] --> mibubicereb appeared
[liperdorexx:  04.10.2021, 19:43:48] --> mibubicereb appeared
[liperdorexx:  04.10.2021, 19:44:00] --> cikizoluwal appeared
[liperdorexx:  04.10.2021, 19:44:29] --> mibubicereb appeared
[liperdorexx:  04.10.2021, 19:45:31] --> cikizoluwal appeared
[liperdorexx:  04.10.2021, 19:46:02] --> mibubicereb appeared
[liperdorexx:  04.10.2021, 19:46:44] --> mibubicereb appeared
[liperdorexx:  04.10.2021, 19:48:44] --> mibubicereb appeared
[liperdorexx:  04.10.2021, 19:50:01] --> nabesunavuk appeared
[liperdorexx:  04.10.2021, 19:50:19] --> nabesunavuk appeared
[liperdorexx:  04.10.2021, 19:50:28] --> cikizoluwal appeared
[liperdorexx:  04.10.2021, 19:51:42] --> mibubicereb appeared
[liperdorexx:  04.10.2021, 19:52:45] --> nabesunavuk appeared
[liperdorexx:  04.10.2021, 19:53:41] --> mibubicereb appeared
[liperdorexx:  04.10.2021, 19:54:09] --> cikizoluwal appeared
[liperdorexx:  04.10.2021, 19:55:04] --> nabesunavuk appeared
[liperdorexx:  04.10.2021, 19:55:21] --> nabesunavuk appeared
[liperdorexx:  04.10.2021, 19:55:28] --> nabesunavuk appeared
[liperdorexx:  04.10.2021, 19:55:33] --> mibubicereb appeared
[liperdorexx:  04.10.2021, 19:56:13] --> mibubicereb appeared
[liperdorexx:  04.10.2021, 19:56:21] --> mibubicereb appeared
[liperdorexx:  04.10.2021, 19:56:28] --> mibubicereb appeared
[liperdorexx:  04.10.2021, 19:56:38] --> mibubicereb appeared
[liperdorexx:  04.10.2021, 19:56:40] --> mibubicereb appeared
[liperdorexx:  04.10.2021, 19:56:48] --> mibubicereb appeared
[liperdorexx:  04.10.2021, 19:57:00] --> mibubicereb appeared
[liperdorexx:  04.10.2021, 19:57:03] --> mibubicereb appeared
[liperdorexx:  04.10.2021, 19:57:04] --> mibubicereb appeared
[liperdorexx:  04.10.2021, 19:57:42] --> nabesunavuk appeared
[liperdorexx:  04.10.2021, 19:57:44] --> nabesunavuk appeared
[liperdorexx:  04.10.2021, 19:57:53] --> nabesunavuk appeared
[liperdorexx:  04.10.2021, 19:58:20] --> nabesunavuk appeared
[liperdorexx:  04.10.2021, 19:58:22] --> nabesunavuk appeared
[liperdorexx:  04.10.2021, 19:58:30] --> nabesunavuk appeared
[liperdorexx:  04.10.2021, 19:59:13] --> mibubicereb appeared
[liperdorexx:  04.10.2021, 20:00:19] --> nabesunavuk appeared
[liperdorexx:  04.10.2021, 20:01:08] --> nabesunavuk appeared
[liperdorexx:  04.10.2021, 20:02:05] --> mibubicereb appeared
[liperdorexx:  04.10.2021, 20:02:34] --> mibubicereb appeared
[liperdorexx:  04.10.2021, 20:02:42] --> mibubicereb appeared
[liperdorexx:  04.10.2021, 20:02:50] --> mibubicereb appeared
[liperdorexx:  04.10.2021, 20:03:25] --> nabesunavuk appeared
[liperdorexx:  04.10.2021, 20:03:45] --> cikizoluwal appeared
[liperdorexx:  04.10.2021, 20:04:16] --> nabesunavuk appeared
[liperdorexx:  04.10.2021, 20:05:15] --> nabesunavuk appeared
[liperdorexx:  04.10.2021, 20:05:35] --> cikizoluwal appeared
[liperdorexx:  04.10.2021, 20:07:02] --> mibubicereb appeared
[liperdorexx:  04.10.2021, 20:08:30] --> nabesunavuk appeared
[liperdorexx:  04.10.2021, 20:09:10] --> cikizoluwal appeared
[liperdorexx:  04.10.2021, 20:09:25] --> nabesunavuk appeared
[liperdorexx:  04.10.2021, 20:09:26] --> nabesunavuk appeared
[liperdorexx:  04.10.2021, 20:09:28] --> nabesunavuk appeared
[liperdorexx:  04.10.2021, 20:10:33] --> mibubicereb appeared
[liperdorexx:  04.10.2021, 20:11:42] --> nabesunavuk appeared
[liperdorexx:  04.10.2021, 20:13:32] --> mibubicereb appeared
[liperdorexx:  04.10.2021, 20:14:11] --> cikizoluwal appeared
[liperdorexx:  04.10.2021, 20:15:36] --> cikizoluwal appeared
[liperdorexx:  04.10.2021, 20:15:59] --> nabesunavuk appeared
[liperdorexx:  04.10.2021, 20:17:06] --> cikizoluwal appeared
[liperdorexx:  04.10.2021, 20:17:18] --> cikizoluwal appeared
[liperdorexx:  04.10.2021, 20:18:27] --> mibubicereb appeared
[liperdorexx:  04.10.2021, 20:18:42] --> nabesunavuk appeared
[liperdorexx:  04.10.2021, 20:19:07] --> mibubicereb appeared
[liperdorexx:  04.10.2021, 20:19:32] --> nabesunavuk appeared
[liperdorexx:  04.10.2021, 20:20:26] --> nabesunavuk appeared
[liperdorexx:  04.10.2021, 20:20:31] --> mibubicereb appeared
[liperdorexx:  04.10.2021, 20:20:34] --> mibubicereb appeared
[liperdorexx:  04.10.2021, 20:20:46] --> mibubicereb appeared
[liperdorexx:  04.10.2021, 20:20:49] --> mibubicereb appeared
[liperdorexx:  04.10.2021, 20:22:02] --> mibubicereb appeared
[liperdorexx:  04.10.2021, 20:22:15] --> nabesunavuk appeared
[liperdorexx:  04.10.2021, 20:22:54] --> nabesunavuk appeared
[liperdorexx:  04.10.2021, 20:23:33] --> mibubicereb appeared
[liperdorexx:  04.10.2021, 20:23:58] --> nabesunavuk appeared
[liperdorexx:  04.10.2021, 20:24:07] --> nabesunavuk appeared
[liperdorexx:  04.10.2021, 20:24:21] --> mibubicereb appeared
[liperdorexx:  04.10.2021, 20:25:16] --> nabesunavuk appeared
[liperdorexx:  04.10.2021, 20:25:41] --> mibubicereb appeared
[liperdorexx:  04.10.2021, 20:25:51] --> mibubicereb appeared
[liperdorexx:  04.10.2021, 20:27:05] --> mibubicereb appeared
[liperdorexx:  04.10.2021, 20:28:03] --> nabesunavuk appeared
[liperdorexx:  04.10.2021, 20:28:51] --> nabesunavuk appeared
[liperdorexx:  04.10.2021, 20:29:21] --> mibubicereb appeared
[liperdorexx:  04.10.2021, 20:30:37] --> nabesunavuk appeared
[liperdorexx:  04.10.2021, 20:31:46] --> nabesunavuk appeared
[liperdorexx:  04.10.2021, 20:33:36] --> mibubicereb appeared
[liperdorexx:  04.10.2021, 20:34:17] --> mibubicereb appeared
[liperdorexx:  04.10.2021, 20:35:32] --> mibubicereb appeared
[liperdorexx:  04.10.2021, 20:36:19] --> nabesunavuk appeared
[liperdorexx:  04.10.2021, 20:37:23] --> nabesunavuk appeared
[liperdorexx:  04.10.2021, 20:37:25] --> nabesunavuk appeared
[liperdorexx:  04.10.2021, 20:37:42] --> nabesunavuk appeared
[liperdorexx:  04.10.2021, 20:37:47] --> nabesunavuk appeared
[liperdorexx:  04.10.2021, 20:37:50] --> nabesunavuk appeared
[liperdorexx:  04.10.2021, 20:38:00] --> mibubicereb appeared
[liperdorexx:  04.10.2021, 20:38:55] --> nabesunavuk appeared
[liperdorexx:  04.10.2021, 20:39:17] --> mibubicereb appeared
[liperdorexx:  04.10.2021, 20:39:23] --> mibubicereb appeared
[liperdorexx:  04.10.2021, 20:39:30] --> mibubicereb appeared
[liperdorexx:  04.10.2021, 20:40:26] --> nabesunavuk appeared
[liperdorexx:  04.10.2021, 20:42:01] --> mibubicereb appeared
[liperdorexx:  04.10.2021, 20:42:42] --> mibubicereb appeared
[liperdorexx:  04.10.2021, 20:44:02] --> mibubicereb appeared
[liperdorexx:  04.10.2021, 20:45:30] --> mibubicereb appeared
[liperdorexx:  04.10.2021, 20:45:45] --> mibubicereb appeared
[liperdorexx:  04.10.2021, 20:46:15] --> nabesunavuk appeared
[liperdorexx:  04.10.2021, 20:46:58] --> mibubicereb appeared
[liperdorexx:  04.10.2021, 20:47:25] --> nabesunavuk appeared
[liperdorexx:  04.10.2021, 20:48:30] --> nabesunavuk appeared
[liperdorexx:  04.10.2021, 20:49:18] --> nabesunavuk appeared
[liperdorexx:  04.10.2021, 20:49:28] --> mibubicereb appeared
[liperdorexx:  04.10.2021, 20:49:33] --> mibubicereb appeared
[liperdorexx:  04.10.2021, 20:49:35] --> mibubicereb appeared
[liperdorexx:  04.10.2021, 20:49:41] --> mibubicereb appeared
[liperdorexx:  04.10.2021, 20:52:05] --> mibubicereb appeared
[liperdorexx:  04.10.2021, 20:52:45] --> mibubicereb appeared
[liperdorexx:  04.10.2021, 20:52:57] --> mibubicereb appeared
[liperdorexx:  04.10.2021, 20:53:38] --> nabesunavuk appeared
[liperdorexx:  04.10.2021, 20:54:00] --> mibubicereb appeared
[liperdorexx:  04.10.2021, 20:54:09] --> mibubicereb appeared
[liperdorexx:  04.10.2021, 20:54:43] --> mibubicereb appeared
[liperdorexx:  04.10.2021, 20:54:52] --> mibubicereb appeared
[liperdorexx:  04.10.2021, 20:55:25] --> mibubicereb appeared
[liperdorexx:  04.10.2021, 20:55:34] --> nabesunavuk appeared
[liperdorexx:  04.10.2021, 20:58:06] --> Bot successfully started
[liperdorexx:  04.10.2021, 20:58:06] --> mibubicereb appeared
[liperdorexx:  04.10.2021, 20:59:41] --> Character was kicked from the bot, reason: Character was walking
[liperdorexx:  04.10.2021, 21:00:15] --> Changing into CH1
[liperdorexx:  04.10.2021, 21:00:21] --> komesaxire appeared
[liperdorexx:  04.10.2021, 22:24:02] --> Bot successfully started
[liperdorexx:  04.10.2021, 22:26:16] --> kaciwimuvob appeared
[liperdorexx:  04.10.2021, 22:27:56] --> serliporetfe appeared
[liperdorexx:  05.10.2021, 11:39:00] --> Bot successfully started
[liperdorexx:  05.10.2021, 11:39:12] --> voverapigo appeared
[liperdorexx:  05.10.2021, 11:39:43] --> LaJeyvardl23 appeared
[liperdorexx:  05.10.2021, 11:41:17] --> LaJeyvardl23 appeared
[liperdorexx:  05.10.2021, 11:43:07] --> LaJeyvardl23 appeared
[liperdorexx:  05.10.2021, 11:43:25] --> Changing into CH2
[liperdorexx:  05.10.2021, 11:43:48] --> azercerepise appeared
[liperdorexx:  05.10.2021, 11:43:50] --> Character was kicked from the bot, reason: Changing character
[vetuvinivode: 05.10.2021, 11:46:26] --> Character was kicked from the bot, reason: Changing character
[pefuvibuso:   05.10.2021, 11:48:55] --> Character was kicked from the bot, reason: Changing character
[fodusiziciri: 05.10.2021, 11:51:08] --> Character was kicked from the bot, reason: Changing character
[liperdorexx:  05.10.2021, 11:58:56] --> Bot successfully started
[liperdorexx:  05.10.2021, 11:59:13] --> LaJeyvardl23 appeared
[liperdorexx:  05.10.2021, 12:00:38] --> LaJeyvardl23 appeared
[liperdorexx:  05.10.2021, 12:02:10] --> LaJeyvardl23 appeared
[liperdorexx:  05.10.2021, 12:02:28] --> Character was kicked from the bot, reason: Changing character
[vetuvinivode: 05.10.2021, 12:03:11] --> Setting 'umut' loaded because of active level settings
[vetuvinivode: 05.10.2021, 12:03:13] --> Character went to shop
[vetuvinivode: 05.10.2021, 12:03:20] --> Character was kicked from the bot, reason: Character was walking
[vetuvinivode: 05.10.2021, 12:04:29] --> Character was kicked from the bot, reason: Character was walking
[vetuvinivode: 05.10.2021, 12:04:41] --> Character was kicked from the bot, reason: Character was walking
[vetuvinivode: 05.10.2021, 12:04:52] --> niruzobire appeared
[vetuvinivode: 05.10.2021, 12:04:55] --> Character leveled up to level 2
[vetuvinivode: 05.10.2021, 12:04:57] --> Character leveled up to level 6
[vetuvinivode: 05.10.2021, 12:04:58] --> Character leveled up to level 7
[vetuvinivode: 05.10.2021, 12:04:58] --> Character leveled up to level 8
[vetuvinivode: 05.10.2021, 12:05:00] --> Character leveled up to level 9
[vetuvinivode: 05.10.2021, 12:05:07] --> Character leveled up to level 10
[vetuvinivode: 05.10.2021, 12:05:11] --> Character leveled up to level 11
[vetuvinivode: 05.10.2021, 12:05:13] --> Character leveled up to level 12
[vetuvinivode: 05.10.2021, 12:05:22] --> niruzobire appeared
[vetuvinivode: 05.10.2021, 12:05:34] --> Character leveled up to level 13
[vetuvinivode: 05.10.2021, 12:05:52] --> niruzobire appeared
[vetuvinivode: 05.10.2021, 12:06:05] --> Character leveled up to level 14
[vetuvinivode: 05.10.2021, 12:06:19] --> Character leveled up to level 15
[vetuvinivode: 05.10.2021, 12:06:23] --> niruzobire appeared
[vetuvinivode: 05.10.2021, 12:06:54] --> niruzobire appeared
[vetuvinivode: 05.10.2021, 12:07:12] --> Character leveled up to level 16
[vetuvinivode: 05.10.2021, 12:07:24] --> niruzobire appeared
[vetuvinivode: 05.10.2021, 12:08:10] --> Character leveled up to level 17
[vetuvinivode: 05.10.2021, 12:09:16] --> Character leveled up to level 18
[vetuvinivode: 05.10.2021, 12:10:08] --> niruzobire appeared
[vetuvinivode: 05.10.2021, 12:10:33] --> Character leveled up to level 19
[vetuvinivode: 05.10.2021, 12:10:40] --> niruzobire appeared
[vetuvinivode: 05.10.2021, 12:11:45] --> vufuravoso appeared
[vetuvinivode: 05.10.2021, 12:12:09] --> Character leveled up to level 20
[vetuvinivode: 05.10.2021, 12:15:57] --> Character leveled up to level 21
[vetuvinivode: 05.10.2021, 12:16:17] --> vufuravoso appeared
[vetuvinivode: 05.10.2021, 12:16:30] --> vufuravoso appeared
[vetuvinivode: 05.10.2021, 12:16:49] --> vufuravoso appeared
[vetuvinivode: 05.10.2021, 12:17:09] --> niruzobire appeared
[vetuvinivode: 05.10.2021, 12:17:30] --> vufuravoso appeared
[vetuvinivode: 05.10.2021, 12:17:49] --> vufuravoso appeared
[vetuvinivode: 05.10.2021, 12:18:10] --> niruzobire appeared
[vetuvinivode: 05.10.2021, 12:18:14] --> vufuravoso appeared
[vetuvinivode: 05.10.2021, 12:18:33] --> vufuravoso appeared
[vetuvinivode: 05.10.2021, 12:18:52] --> vufuravoso appeared
[vetuvinivode: 05.10.2021, 12:19:07] --> Character leveled up to level 22
[vetuvinivode: 05.10.2021, 12:19:12] --> niruzobire appeared
[vetuvinivode: 05.10.2021, 12:19:16] --> vufuravoso appeared
[vetuvinivode: 05.10.2021, 12:19:35] --> vufuravoso appeared
[vetuvinivode: 05.10.2021, 12:19:54] --> vufuravoso appeared
[vetuvinivode: 05.10.2021, 12:20:13] --> niruzobire appeared
[vetuvinivode: 05.10.2021, 12:20:17] --> vufuravoso appeared
[vetuvinivode: 05.10.2021, 12:20:36] --> vufuravoso appeared
[vetuvinivode: 05.10.2021, 12:20:50] --> vufuravoso appeared
[vetuvinivode: 05.10.2021, 12:20:56] --> vufuravoso appeared
[vetuvinivode: 05.10.2021, 12:21:14] --> niruzobire appeared
[vetuvinivode: 05.10.2021, 12:21:18] --> vufuravoso appeared
[vetuvinivode: 05.10.2021, 12:21:36] --> vufuravoso appeared
[vetuvinivode: 05.10.2021, 12:21:56] --> vufuravoso appeared
[vetuvinivode: 05.10.2021, 12:22:09] --> Character leveled up to level 23
[vetuvinivode: 05.10.2021, 12:22:09] --> Setting 'umut2' loaded because of active level settings
[vetuvinivode: 05.10.2021, 12:22:18] --> Character got kick
[vetuvinivode: 05.10.2021, 12:22:53] --> Character was kicked from the bot, reason: Character was walking
[vetuvinivode: 05.10.2021, 12:23:04] --> pavirucehapu appeared
[vetuvinivode: 05.10.2021, 12:23:16] --> Character was kicked from the bot, reason: Character was walking
[vetuvinivode: 05.10.2021, 12:23:20] --> cehifanowidu appeared
[vetuvinivode: 05.10.2021, 12:23:44] --> gebomuzikufi appeared
[vetuvinivode: 05.10.2021, 12:24:28] --> gebomuzikufi appeared
[vetuvinivode: 05.10.2021, 12:24:29] --> Character leveled up to level 24
[vetuvinivode: 05.10.2021, 12:25:06] --> gebomuzikufi appeared
[vetuvinivode: 05.10.2021, 12:25:24] --> gebomuzikufi appeared
[vetuvinivode: 05.10.2021, 12:25:30] --> Character leveled up to level 25
[vetuvinivode: 05.10.2021, 12:25:59] --> Character died
[vetuvinivode: 05.10.2021, 12:26:15] --> Character died
[vetuvinivode: 05.10.2021, 12:26:15] --> gebomuzikufi appeared
[vetuvinivode: 05.10.2021, 12:26:35] --> bifakakikafa appeared
[vetuvinivode: 05.10.2021, 12:27:20] --> gebomuzikufi appeared
[vetuvinivode: 05.10.2021, 12:27:21] --> Character leveled up to level 26
[vetuvinivode: 05.10.2021, 12:28:02] --> gebomuzikufi appeared
[vetuvinivode: 05.10.2021, 12:28:36] --> Character leveled up to level 27
[vetuvinivode: 05.10.2021, 12:28:37] --> gebomuzikufi appeared
[vetuvinivode: 05.10.2021, 12:29:21] --> gebomuzikufi appeared
[vetuvinivode: 05.10.2021, 12:29:34] --> bifakakikafa appeared
[vetuvinivode: 05.10.2021, 12:30:16] --> gebomuzikufi appeared
[vetuvinivode: 05.10.2021, 12:30:34] --> Character leveled up to level 28
[vetuvinivode: 05.10.2021, 12:30:52] --> gebomuzikufi appeared
[vetuvinivode: 05.10.2021, 12:31:36] --> gebomuzikufi appeared
[vetuvinivode: 05.10.2021, 12:31:48] --> bifakakikafa appeared
[vetuvinivode: 05.10.2021, 12:32:31] --> vufuravoso appeared
[vetuvinivode: 05.10.2021, 12:32:45] --> Character leveled up to level 29
[vetuvinivode: 05.10.2021, 12:33:13] --> vufuravoso appeared
[vetuvinivode: 05.10.2021, 12:33:58] --> gebomuzikufi appeared
[vetuvinivode: 05.10.2021, 12:35:22] --> Character leveled up to level 30
[vetuvinivode: 05.10.2021, 12:35:24] --> Bot stopped: Character reached level 30
[vetuvinivode: 05.10.2021, 12:36:13] --> gebomuzikufi appeared
[vetuvinivode: 05.10.2021, 12:37:05] --> vufuravoso appeared
[vetuvinivode: 05.10.2021, 12:37:46] --> gebomuzikufi appeared
[vetuvinivode: 05.10.2021, 12:38:39] --> vufuravoso appeared
[vetuvinivode: 05.10.2021, 12:38:40] --> Character died
[vetuvinivode: 05.10.2021, 12:39:25] --> vufuravoso appeared
[vetuvinivode: 05.10.2021, 12:39:59] --> gebomuzikufi appeared
[vetuvinivode: 05.10.2021, 12:40:55] --> vufuravoso appeared
[vetuvinivode: 05.10.2021, 12:41:35] --> gebomuzikufi appeared
[vetuvinivode: 05.10.2021, 12:42:58] --> vilehopefet appeared
[vetuvinivode: 05.10.2021, 12:43:14] --> pavirucehapu appeared
[vetuvinivode: 05.10.2021, 12:43:49] --> fevokezififa appeared
[vetuvinivode: 05.10.2021, 12:44:01] --> wilewizuveh appeared
[vetuvinivode: 05.10.2021, 12:46:38] --> vazekacofi appeared
[vetuvinivode: 05.10.2021, 12:48:05] --> vazekacofi appeared
[vetuvinivode: 05.10.2021, 12:50:11] --> vukiwekavofu appeared
[vetuvinivode: 05.10.2021, 12:53:27] --> batazocapu appeared
[vetuvinivode: 05.10.2021, 12:53:35] --> Character was kicked from the bot, reason: Changing character
[pefuvibuso:   05.10.2021, 12:54:30] --> sufipozoba appeared
[pefuvibuso:   05.10.2021, 12:55:57] --> Setting 'umut' loaded because of active level settings
[pefuvibuso:   05.10.2021, 12:56:00] --> Character went to shop
[pefuvibuso:   05.10.2021, 12:56:07] --> Character was kicked from the bot, reason: Character was walking
[pefuvibuso:   05.10.2021, 12:56:38] --> sufipozoba appeared
[pefuvibuso:   05.10.2021, 12:56:42] --> sufipozoba appeared
[pefuvibuso:   05.10.2021, 12:57:16] --> Character was kicked from the bot, reason: Character was walking
[pefuvibuso:   05.10.2021, 12:57:30] --> Character was kicked from the bot, reason: Character was walking
[pefuvibuso:   05.10.2021, 12:57:42] --> Character leveled up to level 5
[pefuvibuso:   05.10.2021, 12:57:43] --> Character leveled up to level 7
[pefuvibuso:   05.10.2021, 12:57:44] --> Character leveled up to level 8
[pefuvibuso:   05.10.2021, 12:57:47] --> Character leveled up to level 9
[pefuvibuso:   05.10.2021, 12:57:52] --> Character leveled up to level 10
[pefuvibuso:   05.10.2021, 12:57:54] --> Character leveled up to level 11
[pefuvibuso:   05.10.2021, 12:58:00] --> Character leveled up to level 12
[pefuvibuso:   05.10.2021, 12:58:04] --> Character leveled up to level 13
[pefuvibuso:   05.10.2021, 12:58:15] --> sufipozoba appeared
[pefuvibuso:   05.10.2021, 12:58:28] --> Character leveled up to level 14
[pefuvibuso:   05.10.2021, 12:58:37] --> sufipozoba appeared
[pefuvibuso:   05.10.2021, 12:58:58] --> sufipozoba appeared
[pefuvibuso:   05.10.2021, 12:59:08] --> Character leveled up to level 15
[pefuvibuso:   05.10.2021, 12:59:22] --> sufipozoba appeared
[pefuvibuso:   05.10.2021, 12:59:42] --> niruzobire appeared
[pefuvibuso:   05.10.2021, 13:00:05] --> sufipozoba appeared
[pefuvibuso:   05.10.2021, 13:00:12] --> Character leveled up to level 16
[pefuvibuso:   05.10.2021, 13:00:27] --> sufipozoba appeared
[pefuvibuso:   05.10.2021, 13:00:45] --> niruzobire appeared
[pefuvibuso:   05.10.2021, 13:00:47] --> sufipozoba appeared
[pefuvibuso:   05.10.2021, 13:01:05] --> Character leveled up to level 17
[pefuvibuso:   05.10.2021, 13:01:10] --> sufipozoba appeared
[pefuvibuso:   05.10.2021, 13:01:31] --> sufipozoba appeared
[pefuvibuso:   05.10.2021, 13:01:50] --> sufipozoba appeared
[pefuvibuso:   05.10.2021, 13:02:10] --> sufipozoba appeared
[pefuvibuso:   05.10.2021, 13:02:30] --> sufipozoba appeared
[pefuvibuso:   05.10.2021, 13:02:50] --> sufipozoba appeared
[pefuvibuso:   05.10.2021, 13:03:00] --> Character leveled up to level 18
[pefuvibuso:   05.10.2021, 13:03:13] --> sufipozoba appeared
[pefuvibuso:   05.10.2021, 13:03:33] --> sufipozoba appeared
[pefuvibuso:   05.10.2021, 13:03:53] --> sufipozoba appeared
[pefuvibuso:   05.10.2021, 13:04:08] --> Character leveled up to level 19
[pefuvibuso:   05.10.2021, 13:04:15] --> sufipozoba appeared
[pefuvibuso:   05.10.2021, 13:04:34] --> sufipozoba appeared
[pefuvibuso:   05.10.2021, 13:04:51] --> sufipozoba appeared
[pefuvibuso:   05.10.2021, 13:04:53] --> sufipozoba appeared
[pefuvibuso:   05.10.2021, 13:05:15] --> sufipozoba appeared
[pefuvibuso:   05.10.2021, 13:05:32] --> sufipozoba appeared
[pefuvibuso:   05.10.2021, 13:05:53] --> sufipozoba appeared
[pefuvibuso:   05.10.2021, 13:06:15] --> sufipozoba appeared
[pefuvibuso:   05.10.2021, 13:06:36] --> sufipozoba appeared
[pefuvibuso:   05.10.2021, 13:06:54] --> sufipozoba appeared
[pefuvibuso:   05.10.2021, 13:07:02] --> Character leveled up to level 20
[pefuvibuso:   05.10.2021, 13:07:35] --> sufipozoba appeared
[pefuvibuso:   05.10.2021, 13:07:56] --> sufipozoba appeared
[pefuvibuso:   05.10.2021, 13:11:06] --> Character leveled up to level 21
[pefuvibuso:   05.10.2021, 13:17:57] --> Character leveled up to level 22
[pefuvibuso:   05.10.2021, 13:22:09] --> Character leveled up to level 23
[pefuvibuso:   05.10.2021, 13:22:10] --> Setting 'umut2' loaded because of active level settings
[pefuvibuso:   05.10.2021, 13:22:18] --> Character got kick
[pefuvibuso:   05.10.2021, 13:22:52] --> Character was kicked from the bot, reason: Character was walking
[pefuvibuso:   05.10.2021, 13:23:05] --> vibirozukaz appeared
[pefuvibuso:   05.10.2021, 13:23:17] --> Character was kicked from the bot, reason: Character was walking
[pefuvibuso:   05.10.2021, 13:24:12] --> Bot successfully started
[pefuvibuso:   05.10.2021, 13:24:12] --> Setting 'umut2' loaded because of active level settings
[pefuvibuso:   05.10.2021, 13:24:12] --> bifakakikafa appeared
[pefuvibuso:   05.10.2021, 13:26:33] --> Character leveled up to level 24
[pefuvibuso:   05.10.2021, 13:27:43] --> zotizuzuba appeared
[pefuvibuso:   05.10.2021, 13:28:02] --> Character leveled up to level 25
[pefuvibuso:   05.10.2021, 13:28:57] --> zotizuzuba appeared
[pefuvibuso:   05.10.2021, 13:29:39] --> zotizuzuba appeared
[pefuvibuso:   05.10.2021, 13:29:42] --> Character leveled up to level 26
[pefuvibuso:   05.10.2021, 13:29:59] --> bifakakikafa appeared
[pefuvibuso:   05.10.2021, 13:30:39] --> bifakakikafa appeared
[pefuvibuso:   05.10.2021, 13:32:01] --> Character leveled up to level 27
[pefuvibuso:   05.10.2021, 13:32:33] --> zotizuzuba appeared
[pefuvibuso:   05.10.2021, 13:33:35] --> cehifanowidu appeared
[pefuvibuso:   05.10.2021, 13:34:01] --> Character leveled up to level 28
[pefuvibuso:   05.10.2021, 13:34:19] --> cehifanowidu appeared
[pefuvibuso:   05.10.2021, 13:35:01] --> mumuvekuvaku appeared
[pefuvibuso:   05.10.2021, 13:35:31] --> zotizuzuba appeared
[pefuvibuso:   05.10.2021, 13:35:44] --> Character leveled up to level 29
[pefuvibuso:   05.10.2021, 13:35:45] --> bifakakikafa appeared
[pefuvibuso:   05.10.2021, 13:36:25] --> zotizuzuba appeared
[pefuvibuso:   05.10.2021, 13:37:01] --> zotizuzuba appeared
[pefuvibuso:   05.10.2021, 13:37:43] --> zotizuzuba appeared
[pefuvibuso:   05.10.2021, 13:37:58] --> bifakakikafa appeared
[pefuvibuso:   05.10.2021, 13:38:06] --> Character leveled up to level 30
[pefuvibuso:   05.10.2021, 13:38:06] --> Bot stopped: Character reached level 30
[pefuvibuso:   05.10.2021, 13:52:24] --> cehifanowidu appeared
[pefuvibuso:   05.10.2021, 13:53:08] --> cehifanowidu appeared
[pefuvibuso:   05.10.2021, 13:53:52] --> cehifanowidu appeared
[pefuvibuso:   05.10.2021, 13:54:35] --> cehifanowidu appeared
[pefuvibuso:   05.10.2021, 13:55:22] --> cehifanowidu appeared
[pefuvibuso:   05.10.2021, 13:55:31] --> bifakakikafa appeared
[pefuvibuso:   05.10.2021, 13:55:48] --> bifakakikafa appeared
[pefuvibuso:   05.10.2021, 13:56:05] --> cikubapuzifu appeared
[pefuvibuso:   05.10.2021, 13:57:08] --> Character was kicked from the bot, reason: Changing character
[fodusiziciri: 05.10.2021, 13:58:31] --> Setting 'umut' loaded because of active level settings
[fodusiziciri: 05.10.2021, 13:58:34] --> Character went to shop
[fodusiziciri: 05.10.2021, 13:58:42] --> Character was kicked from the bot, reason: Character was walking
[fodusiziciri: 05.10.2021, 13:58:59] --> humoni appeared
[fodusiziciri: 05.10.2021, 13:59:19] --> watuzefana appeared
[fodusiziciri: 05.10.2021, 13:59:26] --> dudisemamize appeared
[fodusiziciri: 05.10.2021, 13:59:50] --> Character was kicked from the bot, reason: Character was walking
[fodusiziciri: 05.10.2021, 14:00:03] --> Character was kicked from the bot, reason: Character was walking
[fodusiziciri: 05.10.2021, 14:00:16] --> Character leveled up to level 6
[fodusiziciri: 05.10.2021, 14:00:17] --> Character leveled up to level 8
[fodusiziciri: 05.10.2021, 14:00:19] --> Character leveled up to level 9
[fodusiziciri: 05.10.2021, 14:00:22] --> Character leveled up to level 10
[fodusiziciri: 05.10.2021, 14:00:28] --> Character leveled up to level 11
[fodusiziciri: 05.10.2021, 14:00:33] --> Character leveled up to level 12
[fodusiziciri: 05.10.2021, 14:00:48] --> dudisemamize appeared
[fodusiziciri: 05.10.2021, 14:00:55] --> Character leveled up to level 13
[fodusiziciri: 05.10.2021, 14:01:14] --> Character leveled up to level 14
[fodusiziciri: 05.10.2021, 14:02:03] --> Character leveled up to level 15
[fodusiziciri: 05.10.2021, 14:03:06] --> Character leveled up to level 16
[fodusiziciri: 05.10.2021, 14:04:07] --> Character leveled up to level 17
[fodusiziciri: 05.10.2021, 14:06:05] --> Character leveled up to level 18
[fodusiziciri: 05.10.2021, 14:08:05] --> Character leveled up to level 19
[fodusiziciri: 05.10.2021, 14:10:55] --> Character leveled up to level 20
[fodusiziciri: 05.10.2021, 14:14:58] --> Character leveled up to level 21
[fodusiziciri: 05.10.2021, 14:21:03] --> Character leveled up to level 22
[fodusiziciri: 05.10.2021, 14:26:56] --> Character leveled up to level 23
[fodusiziciri: 05.10.2021, 14:26:56] --> Setting 'umut2' loaded because of active level settings
[fodusiziciri: 05.10.2021, 14:28:21] --> Bot successfully started
[fodusiziciri: 05.10.2021, 14:28:22] --> Setting 'umut2' loaded because of active level settings
[fodusiziciri: 05.10.2021, 14:28:30] --> Character was kicked from the bot, reason: Character was walking
[fodusiziciri: 05.10.2021, 14:28:40] --> konapifapi appeared
[fodusiziciri: 05.10.2021, 14:28:55] --> Character was kicked from the bot, reason: Character was walking
[fodusiziciri: 05.10.2021, 14:28:58] --> nuzobutaho appeared
[fodusiziciri: 05.10.2021, 14:30:43] --> Character leveled up to level 24
[fodusiziciri: 05.10.2021, 14:31:04] --> cahikezufowe appeared
[fodusiziciri: 05.10.2021, 14:31:31] --> Character leveled up to level 25
[fodusiziciri: 05.10.2021, 14:33:38] --> Character leveled up to level 26
[fodusiziciri: 05.10.2021, 14:33:56] --> cikubapuzifu appeared
[fodusiziciri: 05.10.2021, 14:34:31] --> cikubapuzifu appeared
[fodusiziciri: 05.10.2021, 14:35:15] --> cikubapuzifu appeared
[fodusiziciri: 05.10.2021, 14:35:27] --> Character leveled up to level 27
[fodusiziciri: 05.10.2021, 14:35:54] --> cikubapuzifu appeared
[fodusiziciri: 05.10.2021, 14:36:43] --> dudisemamize appeared
[fodusiziciri: 05.10.2021, 14:36:58] --> nuzobutaho appeared
[fodusiziciri: 05.10.2021, 14:37:24] --> Character leveled up to level 28
[fodusiziciri: 05.10.2021, 14:37:33] --> dudisemamize appeared
[fodusiziciri: 05.10.2021, 14:38:25] --> dudisemamize appeared
[fodusiziciri: 05.10.2021, 14:39:09] --> nuzobutaho appeared
[fodusiziciri: 05.10.2021, 14:39:30] --> Character leveled up to level 29
[fodusiziciri: 05.10.2021, 14:39:55] --> dudisemamize appeared
[fodusiziciri: 05.10.2021, 14:40:39] --> nuzobutaho appeared
[fodusiziciri: 05.10.2021, 14:41:00] --> dudisemamize appeared
[fodusiziciri: 05.10.2021, 14:41:23] --> Character leveled up to level 30
[fodusiziciri: 05.10.2021, 14:41:24] --> nuzobutaho appeared
[fodusiziciri: 05.10.2021, 14:41:25] --> Bot stopped: Character reached level 30
[fodusiziciri: 05.10.2021, 14:41:32] --> Character died
[fodusiziciri: 05.10.2021, 14:45:24] --> giwopekawob appeared
[fodusiziciri: 05.10.2021, 14:46:21] --> gemocisovova appeared
[fodusiziciri: 05.10.2021, 14:46:31] --> giwopekawob appeared
[fodusiziciri: 05.10.2021, 14:49:10] --> puzinedicad appeared
[fodusiziciri: 05.10.2021, 14:51:26] --> mebabuhuru appeared
[fodusiziciri: 05.10.2021, 14:52:05] --> cedevizocubi appeared
[fodusiziciri: 05.10.2021, 14:52:52] --> lodufapevata appeared
[fodusiziciri: 05.10.2021, 14:53:14] --> cozizisovemi appeared
[fodusiziciri: 05.10.2021, 14:53:33] --> pikuzotafaz appeared
[fodusiziciri: 05.10.2021, 14:53:56] --> lodufapevata appeared
[fodusiziciri: 05.10.2021, 14:55:15] --> tilevahazeg appeared
[kizizemira:   05.10.2021, 20:35:23] --> Bot successfully started
[kizizemira:   05.10.2021, 20:37:21] --> Setting 'umut' loaded because of active level settings
[kizizemira:   05.10.2021, 20:37:25] --> Character went to shop
[kizizemira:   05.10.2021, 20:37:32] --> Character was kicked from the bot, reason: Character was walking
[kizizemira:   05.10.2021, 20:37:36] --> niruzobire appeared
[kizizemira:   05.10.2021, 20:38:24] --> fazefebase appeared
[kizizemira:   05.10.2021, 20:38:29] --> sozarekehiz appeared
[kizizemira:   05.10.2021, 20:38:42] --> Character was kicked from the bot, reason: Character was walking
[kizizemira:   05.10.2021, 20:38:55] --> Character was kicked from the bot, reason: Character was walking
[kizizemira:   05.10.2021, 20:39:07] --> Character leveled up to level 2
[kizizemira:   05.10.2021, 20:39:08] --> Character leveled up to level 7
[kizizemira:   05.10.2021, 20:39:09] --> Character leveled up to level 8
[kizizemira:   05.10.2021, 20:39:12] --> Character leveled up to level 9
[kizizemira:   05.10.2021, 20:39:13] --> Character leveled up to level 10
[kizizemira:   05.10.2021, 20:39:19] --> Character leveled up to level 11
[kizizemira:   05.10.2021, 20:39:23] --> Character leveled up to level 12
[kizizemira:   05.10.2021, 20:39:46] --> Character leveled up to level 13
[kizizemira:   05.10.2021, 20:40:03] --> Character leveled up to level 14
[kizizemira:   05.10.2021, 20:40:09] --> Character leveled up to level 15
[kizizemira:   05.10.2021, 20:40:31] --> Character leveled up to level 16
[kizizemira:   05.10.2021, 20:41:02] --> Character leveled up to level 17
[kizizemira:   05.10.2021, 20:42:07] --> Character leveled up to level 18
[kizizemira:   05.10.2021, 20:43:03] --> Character leveled up to level 19
[kizizemira:   05.10.2021, 20:45:51] --> Bot successfully started
[kizizemira:   05.10.2021, 20:45:51] --> Setting 'umut' loaded because of active level settings
[kizizemira:   05.10.2021, 20:45:52] --> mitodacewaz appeared
[kizizemira:   05.10.2021, 20:46:00] --> Character leveled up to level 20
[kizizemira:   05.10.2021, 20:46:14] --> mitodacewaz appeared
[kizizemira:   05.10.2021, 20:46:30] --> mitodacewaz appeared
[kizizemira:   05.10.2021, 20:46:51] --> mitodacewaz appeared
[kizizemira:   05.10.2021, 20:47:13] --> mitodacewaz appeared
[kizizemira:   05.10.2021, 20:48:55] --> Character leveled up to level 21
[kizizemira:   05.10.2021, 20:48:59] --> mitodacewaz appeared
[kizizemira:   05.10.2021, 20:49:18] --> mitodacewaz appeared
[kizizemira:   05.10.2021, 20:49:38] --> mitodacewaz appeared
[kizizemira:   05.10.2021, 20:49:58] --> mitodacewaz appeared
[kizizemira:   05.10.2021, 20:50:21] --> mitodacewaz appeared
[kizizemira:   05.10.2021, 20:50:39] --> mitodacewaz appeared
[kizizemira:   05.10.2021, 20:51:05] --> mitodacewaz appeared
[kizizemira:   05.10.2021, 20:51:22] --> mitodacewaz appeared
[kizizemira:   05.10.2021, 20:51:42] --> mitodacewaz appeared
[kizizemira:   05.10.2021, 20:52:58] --> Character leveled up to level 22
[kizizemira:   05.10.2021, 20:59:06] --> Character leveled up to level 23
[kizizemira:   05.10.2021, 20:59:06] --> Setting 'umut2' loaded because of active level settings
[kizizemira:   05.10.2021, 20:59:24] --> Character was kicked from the bot, reason: Character was walking
[kizizemira:   05.10.2021, 20:59:49] --> Character was kicked from the bot, reason: Character was walking
[kizizemira:   05.10.2021, 21:00:43] --> Character leveled up to level 24
[kizizemira:   05.10.2021, 21:01:37] --> Character leveled up to level 25
[kizizemira:   05.10.2021, 21:02:28] --> Character leveled up to level 26
[kizizemira:   05.10.2021, 21:03:35] --> Character leveled up to level 27
[kizizemira:   05.10.2021, 21:03:49] --> mitodacewaz appeared
[kizizemira:   05.10.2021, 21:04:42] --> Character leveled up to level 28
[kizizemira:   05.10.2021, 21:06:16] --> Character leveled up to level 29
[kizizemira:   05.10.2021, 21:07:46] --> mitodacewaz appeared
[kizizemira:   05.10.2021, 21:08:46] --> Character leveled up to level 30
[kizizemira:   05.10.2021, 21:08:46] --> Bot stopped: Character reached level 30
[kizizemira:   05.10.2021, 21:09:07] --> mitodacewaz appeared
[kizizemira:   05.10.2021, 21:09:54] --> mitodacewaz appeared
[kizizemira:   05.10.2021, 21:10:39] --> mitodacewaz appeared
[kizizemira:   05.10.2021, 21:11:25] --> mitodacewaz appeared
[kizizemira:   05.10.2021, 21:12:12] --> mitodacewaz appeared
[kizizemira:   05.10.2021, 21:12:59] --> mitodacewaz appeared
[kizizemira:   05.10.2021, 21:13:44] --> mitodacewaz appeared
[kizizemira:   05.10.2021, 21:21:06] --> Character died
[kizizemira:   05.10.2021, 21:24:11] --> mitodacewaz appeared
[kizizemira:   09.10.2021, 19:06:33] --> Bot successfully started
[kizizemira:   09.10.2021, 19:08:01] --> fobazifokis appeared
[kizizemira:   09.10.2021, 19:09:47] --> Character was kicked from the bot, reason: Changing character
[kizizemira:   09.10.2021, 19:09:53] --> Character leveled up to level 72
[liperdorexx:  09.10.2021, 19:10:47] --> Character went to shop
[liperdorexx:  09.10.2021, 19:11:05] --> Character was kicked from the bot, reason: Character was walking
[liperdorexx:  09.10.2021, 19:11:11] --> FitzFarseer appeared
[liperdorexx:  09.10.2021, 19:12:16] --> Character was kicked from the bot, reason: Character was walking
[liperdorexx:  09.10.2021, 19:12:38] --> Character was kicked from the bot, reason: Character was walking
[liperdorexx:  09.10.2021, 19:12:47] --> Time passed, now going to talk to alchemist: liperdorexx
[liperdorexx:  09.10.2021, 19:12:47] --> Character went to Alchemist
[liperdorexx:  09.10.2021, 19:12:47] --> Character went to shop
[liperdorexx:  09.10.2021, 19:13:06] --> Character was kicked from the bot, reason: Character was walking
[liperdorexx:  09.10.2021, 19:13:37] --> Papouk54 appeared
[liperdorexx:  09.10.2021, 19:14:06] --> Character was kicked from the bot, reason: Character was walking
[liperdorexx:  09.10.2021, 19:14:29] --> Character was kicked from the bot, reason: Character was walking
[liperdorexx:  09.10.2021, 19:14:42] --> Character was kicked from the bot, reason: Character was walking
