[dopliment:    01.10.2021, 20:48:27] --> Bot successfully started
[dopliment:    02.10.2021, 15:09:07] --> Bot successfully started
[dopliment:    02.10.2021, 15:18:29] --> Bot successfully started
[dopliment:    02.10.2021, 15:18:29] --> Lantex appeared
[dopliment:    02.10.2021, 15:33:09] --> Character was kicked from the bot, reason: Character was walking
[dopliment:    02.10.2021, 15:54:34] --> Character died
[dopliment:    02.10.2021, 15:54:49] --> Chikashi appeared
[dopliment:    02.10.2021, 15:55:34] --> zarepireli appeared
[dopliment:    02.10.2021, 15:56:19] --> Lantex appeared
[dopliment:    02.10.2021, 15:57:53] --> zarepireli appeared
[dopliment:    02.10.2021, 15:58:12] --> Uryuu appeared
[dopliment:    02.10.2021, 15:59:42] --> zarepireli appeared
[dopliment:    02.10.2021, 16:00:02] --> Chikashi appeared
[dopliment:    02.10.2021, 16:00:29] --> zarepireli appeared
[dopliment:    02.10.2021, 16:00:46] --> Uryuu appeared
[dopliment:    02.10.2021, 16:01:35] --> Uryuu appeared
[dopliment:    02.10.2021, 16:01:46] --> Chikashi appeared
[dopliment:    02.10.2021, 16:02:08] --> zarepireli appeared
[dopliment:    02.10.2021, 16:02:34] --> ChingLing appeared
[dopliment:    02.10.2021, 16:03:16] --> zarepireli appeared
[dopliment:    02.10.2021, 16:03:50] --> Uryuu appeared
[dopliment:    02.10.2021, 16:03:55] --> barbeubleu appeared
[dopliment:    02.10.2021, 16:04:21] --> Chikashi appeared
[dopliment:    02.10.2021, 16:04:40] --> ChingLing appeared
[dopliment:    02.10.2021, 16:04:48] --> zarepireli appeared
[dopliment:    02.10.2021, 16:04:55] --> zarepireli appeared
[dopliment:    02.10.2021, 16:05:11] --> Chikashi appeared
[dopliment:    02.10.2021, 16:05:44] --> zarepireli appeared
[dopliment:    02.10.2021, 16:05:58] --> Uryuu appeared
[dopliment:    02.10.2021, 16:06:04] --> Chikashi appeared
[dopliment:    02.10.2021, 16:06:48] --> Uryuu appeared
[dopliment:    02.10.2021, 16:07:19] --> Lantex appeared
[dopliment:    02.10.2021, 16:07:36] --> Uryuu appeared
[dopliment:    02.10.2021, 16:08:13] --> zarepireli appeared
[dopliment:    02.10.2021, 16:08:33] --> barbeubleu appeared
[dopliment:    02.10.2021, 16:09:24] --> barbeubleu appeared
[dopliment:    02.10.2021, 16:10:12] --> zarepireli appeared
[dopliment:    02.10.2021, 16:10:15] --> barbeubleu appeared
[dopliment:    02.10.2021, 16:40:03] --> Bot successfully started
[dopliment:    02.10.2021, 16:40:04] --> JusQuoBoulet appeared
[dopliment:    02.10.2021, 16:41:47] --> Character died
[dopliment:    02.10.2021, 16:45:19] --> puiskesuisla appeared
[dopliment:    02.10.2021, 16:48:51] --> ChingLing appeared
[dopliment:    02.10.2021, 16:53:36] --> aszerliporet appeared
[dopliment:    02.10.2021, 16:56:31] --> aszerliporet appeared
[dopliment:    02.10.2021, 16:56:34] --> Chikashi appeared
[dopliment:    02.10.2021, 16:57:00] --> aszerliporet appeared
[dopliment:    02.10.2021, 16:57:05] --> aszerliporet appeared
[dopliment:    02.10.2021, 16:57:22] --> aszerliporet appeared
[dopliment:    02.10.2021, 16:57:47] --> Uryuu appeared
[dopliment:    02.10.2021, 17:34:44] --> Bot successfully started
[dopliment:    02.10.2021, 17:34:45] --> SinFire appeared
[dopliment:    02.10.2021, 17:35:02] --> Character was kicked from the bot, reason: Character was walking
[dopliment:    02.10.2021, 17:35:32] --> koguzuseta appeared
[dopliment:    02.10.2021, 17:35:48] --> Character was kicked from the bot, reason: Character was walking
[dopliment:    02.10.2021, 17:36:07] --> Character was kicked from the bot, reason: Character was walking
[dopliment:    02.10.2021, 18:10:56] --> Restarting because of Render bugs
[dopliment:    02.10.2021, 18:11:55] --> Bot successfully started
[dopliment:    02.10.2021, 18:18:03] --> JESUISUNNIGG appeared
[dopliment:    02.10.2021, 18:18:40] --> JESUISUNNIGG appeared
[dopliment:    02.10.2021, 18:32:12] --> JESUISUNNIGG appeared
[dopliment:    02.10.2021, 18:33:18] --> JESUISUNNIGG appeared
[dopliment:    02.10.2021, 18:33:40] --> JESUISUNNIGG appeared
[dopliment:    02.10.2021, 19:07:43] --> Bot successfully started
[dopliment:    02.10.2021, 19:10:19] --> Character was kicked from the bot, reason: Character was walking
[dopliment:    02.10.2021, 19:10:40] --> Changing into CH1
[dopliment:    02.10.2021, 19:10:47] --> serliporetfe appeared
[dopliment:    04.10.2021, 14:56:45] --> Bot successfully started
[dopliment:    04.10.2021, 14:56:45] --> azercerepise appeared
[dopliment:    04.10.2021, 15:07:14] --> Character got kick
[dopliment:    04.10.2021, 15:07:26] --> Character was kicked from the bot, reason: Character was walking
[dopliment:    04.10.2021, 15:09:13] --> Restarting because of Render bugs
[dopliment:    04.10.2021, 15:10:03] --> Bot successfully started
[dopliment:    04.10.2021, 15:11:59] --> Restarting because of Render bugs
[dopliment:    04.10.2021, 15:12:47] --> Bot successfully started
[dopliment:    04.10.2021, 15:25:16] --> Restarting because of Render bugs
[dopliment:    04.10.2021, 15:26:31] --> Bot successfully started
[dopliment:    04.10.2021, 15:42:55] --> Restarting because of Render bugs
[dopliment:    04.10.2021, 15:43:47] --> Bot successfully started
[dopliment:    04.10.2021, 15:45:12] --> Drangon07 appeared
[dopliment:    04.10.2021, 15:45:55] --> Drangon07 appeared
[dopliment:    04.10.2021, 15:46:23] --> Drangon07 appeared
[dopliment:    04.10.2021, 15:47:07] --> Drangon07 appeared
[dopliment:    04.10.2021, 15:48:01] --> Drangon07 appeared
[dopliment:    04.10.2021, 15:49:17] --> Drangon07 appeared
[dopliment:    04.10.2021, 16:01:02] --> Restarting because of Render bugs
[dopliment:    04.10.2021, 16:01:54] --> Bot successfully started
[dopliment:    04.10.2021, 16:16:23] --> Restarting because of Render bugs
[dopliment:    04.10.2021, 16:17:21] --> Bot successfully started
[dopliment:    04.10.2021, 16:28:32] --> Restarting because of Render bugs
[dopliment:    04.10.2021, 16:29:37] --> Bot successfully started
[dopliment:    04.10.2021, 16:38:54] --> Restarting because of Render bugs
[dopliment:    04.10.2021, 16:40:15] --> Bot successfully started
[dopliment:    04.10.2021, 16:42:09] --> Bot successfully started
[dopliment:    04.10.2021, 16:44:30] --> Bot successfully started
[dopliment:    04.10.2021, 17:00:56] --> Restarting because of Render bugs
[dopliment:    04.10.2021, 17:01:54] --> Bot successfully started
[dopliment:    04.10.2021, 17:47:26] --> gasodiduvum appeared
[dopliment:    04.10.2021, 17:48:27] --> Restarting because of Render bugs
[dopliment:    04.10.2021, 17:49:24] --> Bot successfully started
[dopliment:    04.10.2021, 18:16:14] --> Restarting because of Render bugs
[dopliment:    04.10.2021, 18:22:50] --> Bot successfully started
[dopliment:    04.10.2021, 18:38:46] --> Restarting because of Render bugs
[dopliment:    04.10.2021, 18:40:05] --> Bot successfully started
[dopliment:    04.10.2021, 18:43:25] --> Restarting because of Render bugs
[dopliment:    04.10.2021, 18:44:19] --> Bot successfully started
[dopliment:    04.10.2021, 18:49:39] --> Restarting because of Render bugs
[dopliment:    04.10.2021, 18:50:33] --> Bot successfully started
[dopliment:    04.10.2021, 18:53:23] --> Restarting because of Render bugs
[dopliment:    04.10.2021, 18:54:17] --> Bot successfully started
[dopliment:    04.10.2021, 18:57:07] --> Restarting because of Render bugs
[dopliment:    04.10.2021, 18:58:31] --> Bot successfully started
[dopliment:    04.10.2021, 19:07:01] --> Character died
[dopliment:    04.10.2021, 19:07:55] --> Restarting because of Render bugs
[dopliment:    04.10.2021, 19:09:01] --> Bot successfully started
[dopliment:    04.10.2021, 19:13:38] --> Restarting because of Render bugs
[dopliment:    04.10.2021, 19:14:30] --> Bot successfully started
[dopliment:    04.10.2021, 19:33:29] --> Restarting because of Render bugs
[dopliment:    04.10.2021, 19:35:08] --> Bot successfully started
[dopliment:    04.10.2021, 20:00:43] --> Restarting because of Render bugs
[dopliment:    04.10.2021, 20:01:40] --> Bot successfully started
[dopliment:    04.10.2021, 20:07:35] --> Restarting because of Render bugs
[dopliment:    04.10.2021, 20:09:01] --> Bot successfully started
[dopliment:    04.10.2021, 20:12:12] --> Restarting because of Render bugs
[dopliment:    04.10.2021, 20:13:15] --> Bot successfully started
[dopliment:    04.10.2021, 20:26:40] --> Restarting because of Render bugs
[dopliment:    04.10.2021, 20:27:46] --> Bot successfully started
[dopliment:    04.10.2021, 20:29:46] --> Restarting because of Render bugs
[dopliment:    04.10.2021, 20:30:40] --> Bot successfully started
[dopliment:    04.10.2021, 20:35:16] --> Restarting because of Render bugs
[dopliment:    04.10.2021, 20:36:12] --> Bot successfully started
[dopliment:    04.10.2021, 21:04:12] --> Bot successfully started
[dopliment:    04.10.2021, 21:05:54] --> Character was kicked from the bot, reason: Character was walking
[dopliment:    04.10.2021, 21:06:47] --> Changing into CH1
[dopliment:    04.10.2021, 21:06:53] --> iloresweas appeared
[dopliment:    04.10.2021, 22:26:51] --> Bot successfully started
[dopliment:    04.10.2021, 22:26:51] --> aserderliore appeared
[dopliment:    05.10.2021, 11:15:41] --> Bot successfully started
[dopliment:    05.10.2021, 11:16:34] --> aserderliore appeared
[dopliment:    05.10.2021, 11:20:36] --> Character was kicked from the bot, reason: Changing character
[dopliment:    05.10.2021, 11:20:41] --> aserderliore appeared
[dopliment:    05.10.2021, 11:21:13] --> aserderliore appeared
[dopliment:    05.10.2021, 11:21:27] --> Character was kicked from the bot, reason: Changing character
[dopliment:    05.10.2021, 11:21:33] --> oyepapi appeared
[miwuhifuzore: 05.10.2021, 11:21:45] --> Changing into CH2
[miwuhifuzore: 05.10.2021, 11:23:38] --> Changing into CH2
[miwuhifuzore: 05.10.2021, 11:23:55] --> Changing into CH2
[miwuhifuzore: 05.10.2021, 11:24:56] --> Bot successfully started
[miwuhifuzore: 05.10.2021, 11:24:57] --> oyepapi appeared
[miwuhifuzore: 05.10.2021, 11:27:33] --> Bot successfully started
[miwuhifuzore: 05.10.2021, 11:27:33] --> oyepapi appeared
[miwuhifuzore: 05.10.2021, 11:27:44] --> Changing into CH2
[miwuhifuzore: 05.10.2021, 11:27:52] --> Character was kicked from the bot, reason: Changing character
[miwuhifuzore: 05.10.2021, 11:29:23] --> Character was kicked from the bot, reason: Changing character
[mokarutomek:  05.10.2021, 11:31:53] --> Character was kicked from the bot, reason: Changing character
[mokarutomek:  05.10.2021, 11:31:59] --> needTHAWALK appeared
[wozicopopan:  05.10.2021, 11:34:54] --> Character was kicked from the bot, reason: Changing character
[dopliment:    05.10.2021, 12:07:06] --> Bot successfully started
[dopliment:    05.10.2021, 12:08:07] --> aserderliore appeared
[dopliment:    05.10.2021, 12:09:30] --> Character was kicked from the bot, reason: Changing character
[miwuhifuzore: 05.10.2021, 12:10:25] --> Setting 'umut' loaded because of active level settings
[miwuhifuzore: 05.10.2021, 12:10:28] --> Character went to shop
[miwuhifuzore: 05.10.2021, 12:10:35] --> Character was kicked from the bot, reason: Character was walking
[miwuhifuzore: 05.10.2021, 12:10:49] --> dovikobotuv appeared
[miwuhifuzore: 05.10.2021, 12:11:44] --> Character was kicked from the bot, reason: Character was walking
[miwuhifuzore: 05.10.2021, 12:11:56] --> Character was kicked from the bot, reason: Character was walking
[miwuhifuzore: 05.10.2021, 12:12:20] --> Character leveled up to level 2
[miwuhifuzore: 05.10.2021, 12:12:22] --> Character leveled up to level 3
[miwuhifuzore: 05.10.2021, 12:12:23] --> Character leveled up to level 4
[miwuhifuzore: 05.10.2021, 12:12:25] --> Character leveled up to level 6
[miwuhifuzore: 05.10.2021, 12:12:27] --> Character leveled up to level 7
[miwuhifuzore: 05.10.2021, 12:12:32] --> Character leveled up to level 8
[miwuhifuzore: 05.10.2021, 12:12:47] --> Character leveled up to level 9
[miwuhifuzore: 05.10.2021, 12:13:32] --> Character leveled up to level 10
[miwuhifuzore: 05.10.2021, 12:14:27] --> Character leveled up to level 11
[miwuhifuzore: 05.10.2021, 12:15:28] --> Character leveled up to level 12
[miwuhifuzore: 05.10.2021, 12:16:26] --> Character leveled up to level 13
[miwuhifuzore: 05.10.2021, 12:17:21] --> Character leveled up to level 14
[miwuhifuzore: 05.10.2021, 12:17:43] --> Character leveled up to level 15
[miwuhifuzore: 05.10.2021, 12:18:27] --> Character leveled up to level 16
[miwuhifuzore: 05.10.2021, 12:20:31] --> Character leveled up to level 17
[miwuhifuzore: 05.10.2021, 12:22:33] --> Character leveled up to level 18
[miwuhifuzore: 05.10.2021, 12:25:22] --> Bot successfully started
[miwuhifuzore: 05.10.2021, 12:25:23] --> Setting 'umut' loaded because of active level settings
[miwuhifuzore: 05.10.2021, 12:25:23] --> dovikobotuv appeared
[miwuhifuzore: 05.10.2021, 12:25:34] --> niruzobire appeared
[miwuhifuzore: 05.10.2021, 12:25:34] --> Character leveled up to level 19
[miwuhifuzore: 05.10.2021, 12:25:41] --> dovikobotuv appeared
[miwuhifuzore: 05.10.2021, 12:25:59] --> dovikobotuv appeared
[miwuhifuzore: 05.10.2021, 12:26:19] --> dovikobotuv appeared
[miwuhifuzore: 05.10.2021, 12:26:40] --> dovikobotuv appeared
[miwuhifuzore: 05.10.2021, 12:26:55] --> niruzobire appeared
[miwuhifuzore: 05.10.2021, 12:27:00] --> dovikobotuv appeared
[miwuhifuzore: 05.10.2021, 12:27:18] --> dovikobotuv appeared
[miwuhifuzore: 05.10.2021, 12:27:36] --> Character leveled up to level 20
[miwuhifuzore: 05.10.2021, 12:27:41] --> dovikobotuv appeared
[miwuhifuzore: 05.10.2021, 12:28:00] --> dovikobotuv appeared
[miwuhifuzore: 05.10.2021, 12:28:20] --> dovikobotuv appeared
[miwuhifuzore: 05.10.2021, 12:28:39] --> dovikobotuv appeared
[miwuhifuzore: 05.10.2021, 12:28:59] --> dovikobotuv appeared
[miwuhifuzore: 05.10.2021, 12:29:17] --> dovikobotuv appeared
[miwuhifuzore: 05.10.2021, 12:29:40] --> dovikobotuv appeared
[miwuhifuzore: 05.10.2021, 12:29:58] --> dovikobotuv appeared
[miwuhifuzore: 05.10.2021, 12:30:19] --> dovikobotuv appeared
[miwuhifuzore: 05.10.2021, 12:31:25] --> Character leveled up to level 21
[miwuhifuzore: 05.10.2021, 12:36:20] --> Character leveled up to level 22
[miwuhifuzore: 05.10.2021, 12:38:49] --> Character leveled up to level 23
[miwuhifuzore: 05.10.2021, 12:38:49] --> Setting 'umut2' loaded because of active level settings
[miwuhifuzore: 05.10.2021, 12:39:06] --> Character was kicked from the bot, reason: Character was walking
[miwuhifuzore: 05.10.2021, 12:39:31] --> Character was kicked from the bot, reason: Character was walking
[miwuhifuzore: 05.10.2021, 12:39:35] --> kovinizowano appeared
[miwuhifuzore: 05.10.2021, 12:40:50] --> Character leveled up to level 24
[miwuhifuzore: 05.10.2021, 12:42:06] --> Character leveled up to level 25
[miwuhifuzore: 05.10.2021, 12:44:13] --> Character leveled up to level 26
[miwuhifuzore: 05.10.2021, 12:46:55] --> Character leveled up to level 27
[miwuhifuzore: 05.10.2021, 12:49:25] --> Character leveled up to level 28
[miwuhifuzore: 05.10.2021, 12:51:17] --> Bot successfully started
[miwuhifuzore: 05.10.2021, 12:51:17] --> Setting 'umut2' loaded because of active level settings
[miwuhifuzore: 05.10.2021, 12:51:17] --> zazovubenefa appeared
[miwuhifuzore: 05.10.2021, 12:53:05] --> Character leveled up to level 29
[miwuhifuzore: 05.10.2021, 12:54:40] --> memewecitasa appeared
[miwuhifuzore: 05.10.2021, 12:54:56] --> Character leveled up to level 30
[miwuhifuzore: 05.10.2021, 12:54:57] --> Bot stopped: Character reached level 30
[miwuhifuzore: 05.10.2021, 12:55:12] --> Character was kicked from the bot, reason: Changing character
[mokarutomek:  05.10.2021, 12:57:06] --> Setting 'umut' loaded because of active level settings
[mokarutomek:  05.10.2021, 12:57:09] --> Character went to shop
[mokarutomek:  05.10.2021, 12:57:17] --> Character was kicked from the bot, reason: Character was walking
[mokarutomek:  05.10.2021, 12:58:27] --> Character was kicked from the bot, reason: Character was walking
[mokarutomek:  05.10.2021, 12:58:39] --> Character was kicked from the bot, reason: Character was walking
[mokarutomek:  05.10.2021, 12:58:56] --> niruzobire appeared
[mokarutomek:  05.10.2021, 12:59:16] --> zobukekuvi appeared
[mokarutomek:  05.10.2021, 12:59:20] --> Character leveled up to level 2
[mokarutomek:  05.10.2021, 12:59:21] --> Character leveled up to level 3
[mokarutomek:  05.10.2021, 12:59:23] --> Character leveled up to level 4
[mokarutomek:  05.10.2021, 12:59:29] --> Character leveled up to level 5
[mokarutomek:  05.10.2021, 12:59:31] --> Character leveled up to level 6
[mokarutomek:  05.10.2021, 12:59:34] --> Character leveled up to level 7
[mokarutomek:  05.10.2021, 12:59:36] --> hubazoviruk appeared
[mokarutomek:  05.10.2021, 12:59:58] --> zobukekuvi appeared
[mokarutomek:  05.10.2021, 13:00:15] --> Character leveled up to level 8
[mokarutomek:  05.10.2021, 13:00:18] --> zobukekuvi appeared
[mokarutomek:  05.10.2021, 13:00:24] --> Character leveled up to level 9
[mokarutomek:  05.10.2021, 13:00:30] --> Character leveled up to level 10
[mokarutomek:  05.10.2021, 13:00:35] --> Character leveled up to level 11
[mokarutomek:  05.10.2021, 13:00:41] --> zobukekuvi appeared
[mokarutomek:  05.10.2021, 13:01:00] --> zobukekuvi appeared
[mokarutomek:  05.10.2021, 13:01:21] --> zobukekuvi appeared
[mokarutomek:  05.10.2021, 13:01:24] --> Character leveled up to level 12
[mokarutomek:  05.10.2021, 13:01:36] --> Character leveled up to level 13
[mokarutomek:  05.10.2021, 13:01:42] --> zobukekuvi appeared
[mokarutomek:  05.10.2021, 13:02:03] --> zobukekuvi appeared
[mokarutomek:  05.10.2021, 13:02:22] --> zobukekuvi appeared
[mokarutomek:  05.10.2021, 13:02:36] --> Character leveled up to level 14
[mokarutomek:  05.10.2021, 13:02:45] --> zobukekuvi appeared
[mokarutomek:  05.10.2021, 13:03:03] --> zobukekuvi appeared
[mokarutomek:  05.10.2021, 13:03:24] --> zobukekuvi appeared
[mokarutomek:  05.10.2021, 13:03:28] --> Character leveled up to level 15
[mokarutomek:  05.10.2021, 13:03:45] --> zobukekuvi appeared
[mokarutomek:  05.10.2021, 13:04:06] --> zobukekuvi appeared
[mokarutomek:  05.10.2021, 13:04:24] --> zobukekuvi appeared
[mokarutomek:  05.10.2021, 13:04:36] --> Character leveled up to level 16
[mokarutomek:  05.10.2021, 13:04:47] --> zobukekuvi appeared
[mokarutomek:  05.10.2021, 13:05:05] --> zobukekuvi appeared
[mokarutomek:  05.10.2021, 13:05:27] --> zobukekuvi appeared
[mokarutomek:  05.10.2021, 13:05:48] --> zobukekuvi appeared
[mokarutomek:  05.10.2021, 13:06:08] --> zobukekuvi appeared
[mokarutomek:  05.10.2021, 13:06:28] --> Character leveled up to level 17
[mokarutomek:  05.10.2021, 13:09:23] --> Character leveled up to level 18
[mokarutomek:  05.10.2021, 13:13:21] --> Character leveled up to level 19
[mokarutomek:  05.10.2021, 13:15:34] --> Character leveled up to level 20
[mokarutomek:  05.10.2021, 13:20:36] --> Character leveled up to level 21
[mokarutomek:  05.10.2021, 13:27:34] --> Character leveled up to level 22
[mokarutomek:  05.10.2021, 13:33:28] --> Character leveled up to level 23
[mokarutomek:  05.10.2021, 13:33:29] --> Setting 'umut2' loaded because of active level settings
[mokarutomek:  05.10.2021, 13:33:37] --> Character got kick
[mokarutomek:  05.10.2021, 13:34:11] --> Character was kicked from the bot, reason: Character was walking
[mokarutomek:  05.10.2021, 13:35:31] --> Bot successfully started
[mokarutomek:  05.10.2021, 13:35:31] --> Setting 'umut2' loaded because of active level settings
[mokarutomek:  05.10.2021, 13:35:40] --> Character was kicked from the bot, reason: Character was walking
[mokarutomek:  05.10.2021, 13:35:43] --> hubazoviruk appeared
[mokarutomek:  05.10.2021, 13:40:11] --> Bot successfully started
[mokarutomek:  05.10.2021, 13:40:12] --> Setting 'umut2' loaded because of active level settings
[mokarutomek:  05.10.2021, 13:40:12] --> zenakumiriko appeared
[mokarutomek:  05.10.2021, 13:40:22] --> Character leveled up to level 24
[mokarutomek:  05.10.2021, 13:41:45] --> Character leveled up to level 25
[mokarutomek:  05.10.2021, 13:43:10] --> Character leveled up to level 26
[mokarutomek:  05.10.2021, 13:44:19] --> Character leveled up to level 27
[mokarutomek:  05.10.2021, 13:47:27] --> Character leveled up to level 28
[mokarutomek:  05.10.2021, 13:51:13] --> Character leveled up to level 29
[mokarutomek:  05.10.2021, 13:51:57] --> hubazoviruk appeared
[mokarutomek:  05.10.2021, 13:53:43] --> Character leveled up to level 30
[mokarutomek:  05.10.2021, 13:53:43] --> Bot stopped: Character reached level 30
[mokarutomek:  05.10.2021, 13:53:54] --> Character died
[mokarutomek:  05.10.2021, 13:57:33] --> Character was kicked from the bot, reason: Changing character
[mokarutomek:  05.10.2021, 13:57:39] --> oyepapi appeared
[wozicopopan:  05.10.2021, 13:59:20] --> Setting 'umut' loaded because of active level settings
[wozicopopan:  05.10.2021, 13:59:23] --> Character went to shop
[wozicopopan:  05.10.2021, 13:59:30] --> Character was kicked from the bot, reason: Character was walking
[wozicopopan:  05.10.2021, 14:00:22] --> namomuruso appeared
[wozicopopan:  05.10.2021, 14:00:40] --> Character was kicked from the bot, reason: Character was walking
[wozicopopan:  05.10.2021, 14:00:46] --> oyepapi appeared
[wozicopopan:  05.10.2021, 14:00:54] --> Character was kicked from the bot, reason: Character was walking
[wozicopopan:  05.10.2021, 14:01:07] --> namomuruso appeared
[wozicopopan:  05.10.2021, 14:01:20] --> Character leveled up to level 2
[wozicopopan:  05.10.2021, 14:01:22] --> Character leveled up to level 3
[wozicopopan:  05.10.2021, 14:01:24] --> Character leveled up to level 5
[wozicopopan:  05.10.2021, 14:01:25] --> Character leveled up to level 6
[wozicopopan:  05.10.2021, 14:01:26] --> Character leveled up to level 7
[wozicopopan:  05.10.2021, 14:01:27] --> Character leveled up to level 9
[wozicopopan:  05.10.2021, 14:01:28] --> namomuruso appeared
[wozicopopan:  05.10.2021, 14:01:30] --> Character leveled up to level 10
[wozicopopan:  05.10.2021, 14:01:32] --> Character leveled up to level 11
[wozicopopan:  05.10.2021, 14:01:51] --> namomuruso appeared
[wozicopopan:  05.10.2021, 14:02:12] --> namomuruso appeared
[wozicopopan:  05.10.2021, 14:02:21] --> Character leveled up to level 12
[wozicopopan:  05.10.2021, 14:02:32] --> Character leveled up to level 13
[wozicopopan:  05.10.2021, 14:02:35] --> namomuruso appeared
[wozicopopan:  05.10.2021, 14:02:54] --> namomuruso appeared
[wozicopopan:  05.10.2021, 14:03:13] --> namomuruso appeared
[wozicopopan:  05.10.2021, 14:03:26] --> Character leveled up to level 14
[wozicopopan:  05.10.2021, 14:03:31] --> Character leveled up to level 15
[wozicopopan:  05.10.2021, 14:03:32] --> namomuruso appeared
[wozicopopan:  05.10.2021, 14:03:54] --> namomuruso appeared
[wozicopopan:  05.10.2021, 14:04:24] --> Character leveled up to level 16
[wozicopopan:  05.10.2021, 14:05:29] --> Character leveled up to level 17
[wozicopopan:  05.10.2021, 14:06:24] --> Character leveled up to level 18
[wozicopopan:  05.10.2021, 14:07:38] --> Character leveled up to level 19
[wozicopopan:  05.10.2021, 14:10:26] --> Character leveled up to level 20
[wozicopopan:  05.10.2021, 14:15:28] --> Character leveled up to level 21
[wozicopopan:  05.10.2021, 14:18:49] --> wopifazevihu appeared
[wozicopopan:  05.10.2021, 14:21:33] --> Character leveled up to level 22
[wozicopopan:  05.10.2021, 14:29:22] --> Character leveled up to level 23
[wozicopopan:  05.10.2021, 14:29:22] --> Setting 'umut2' loaded because of active level settings
[wozicopopan:  05.10.2021, 14:29:40] --> Character was kicked from the bot, reason: Character was walking
[wozicopopan:  05.10.2021, 14:29:45] --> zabetafitez appeared
[wozicopopan:  05.10.2021, 14:29:58] --> calamafiri appeared
[wozicopopan:  05.10.2021, 14:30:05] --> Character was kicked from the bot, reason: Character was walking
[wozicopopan:  05.10.2021, 14:30:45] --> sozaropiti appeared
[wozicopopan:  05.10.2021, 14:31:25] --> perodozezu appeared
[wozicopopan:  05.10.2021, 14:31:45] --> Character leveled up to level 24
[wozicopopan:  05.10.2021, 14:33:13] --> Character leveled up to level 25
[wozicopopan:  05.10.2021, 14:35:01] --> namomuruso appeared
[wozicopopan:  05.10.2021, 14:35:14] --> Character leveled up to level 26
[wozicopopan:  05.10.2021, 14:35:46] --> namomuruso appeared
[wozicopopan:  05.10.2021, 14:37:13] --> Character leveled up to level 27
[wozicopopan:  05.10.2021, 14:40:51] --> Bot successfully started
[wozicopopan:  05.10.2021, 14:40:51] --> Setting 'umut2' loaded because of active level settings
[wozicopopan:  05.10.2021, 14:40:51] --> gezaferahod appeared
[wozicopopan:  05.10.2021, 14:41:09] --> Character leveled up to level 28
[wozicopopan:  05.10.2021, 14:41:17] --> wopifazevihu appeared
[wozicopopan:  05.10.2021, 14:42:02] --> namomuruso appeared
[wozicopopan:  05.10.2021, 14:42:39] --> Character leveled up to level 29
[wozicopopan:  05.10.2021, 14:42:47] --> namomuruso appeared
[wozicopopan:  05.10.2021, 14:43:31] --> namomuruso appeared
[wozicopopan:  05.10.2021, 14:44:15] --> namomuruso appeared
[wozicopopan:  05.10.2021, 14:44:26] --> Character leveled up to level 30
[wozicopopan:  05.10.2021, 14:44:27] --> Bot stopped: Character reached level 30
[wozicopopan:  05.10.2021, 14:49:07] --> namomuruso appeared
[wozicopopan:  05.10.2021, 14:53:38] --> gezaferahod appeared
[wozicopopan:  05.10.2021, 14:54:53] --> sozaropiti appeared
[wozicopopan:  05.10.2021, 14:55:46] --> gezaferahod appeared
[nepikerapapo: 05.10.2021, 20:40:25] --> Bot successfully started
[nepikerapapo: 05.10.2021, 20:40:26] --> oyepapi appeared
[nepikerapapo: 05.10.2021, 20:42:22] --> Setting 'umut' loaded because of active level settings
[nepikerapapo: 05.10.2021, 20:42:25] --> Character went to shop
[nepikerapapo: 05.10.2021, 20:42:33] --> Character was kicked from the bot, reason: Character was walking
[nepikerapapo: 05.10.2021, 20:43:42] --> Character was kicked from the bot, reason: Character was walking
[nepikerapapo: 05.10.2021, 20:43:56] --> Character was kicked from the bot, reason: Character was walking
[nepikerapapo: 05.10.2021, 20:44:11] --> ruvoregufaba appeared
[nepikerapapo: 05.10.2021, 20:44:18] --> Character leveled up to level 2
[nepikerapapo: 05.10.2021, 20:44:20] --> Character leveled up to level 3
[nepikerapapo: 05.10.2021, 20:44:21] --> Character leveled up to level 4
[nepikerapapo: 05.10.2021, 20:44:22] --> Character leveled up to level 6
[nepikerapapo: 05.10.2021, 20:44:23] --> Character leveled up to level 7
[nepikerapapo: 05.10.2021, 20:44:24] --> Character leveled up to level 8
[nepikerapapo: 05.10.2021, 20:44:26] --> Character leveled up to level 9
[nepikerapapo: 05.10.2021, 20:44:30] --> Character leveled up to level 10
[nepikerapapo: 05.10.2021, 20:44:31] --> Character leveled up to level 11
[nepikerapapo: 05.10.2021, 20:44:33] --> ruvoregufaba appeared
[nepikerapapo: 05.10.2021, 20:44:35] --> Character leveled up to level 12
[nepikerapapo: 05.10.2021, 20:44:53] --> ruvoregufaba appeared
[nepikerapapo: 05.10.2021, 20:45:14] --> ruvoregufaba appeared
[nepikerapapo: 05.10.2021, 20:45:19] --> Character leveled up to level 13
[nepikerapapo: 05.10.2021, 20:45:34] --> Character leveled up to level 14
[nepikerapapo: 05.10.2021, 20:45:36] --> ruvoregufaba appeared
[nepikerapapo: 05.10.2021, 20:45:56] --> vosuhacenuz appeared
[nepikerapapo: 05.10.2021, 20:46:16] --> ruvoregufaba appeared
[nepikerapapo: 05.10.2021, 20:46:36] --> Character leveled up to level 15
[nepikerapapo: 05.10.2021, 20:46:39] --> ruvoregufaba appeared
[nepikerapapo: 05.10.2021, 20:46:57] --> ruvoregufaba appeared
[nepikerapapo: 05.10.2021, 20:46:58] --> ruvoregufaba appeared
[nepikerapapo: 05.10.2021, 20:47:14] --> ruvoregufaba appeared
[nepikerapapo: 05.10.2021, 20:47:15] --> ruvoregufaba appeared
[nepikerapapo: 05.10.2021, 20:47:33] --> Character leveled up to level 16
[nepikerapapo: 05.10.2021, 20:47:38] --> vosuhacenuz appeared
[nepikerapapo: 05.10.2021, 20:47:54] --> vosuhacenuz appeared
[nepikerapapo: 05.10.2021, 20:47:56] --> vosuhacenuz appeared
[nepikerapapo: 05.10.2021, 20:48:15] --> vosuhacenuz appeared
[nepikerapapo: 05.10.2021, 20:48:34] --> vosuhacenuz appeared
[nepikerapapo: 05.10.2021, 20:48:35] --> Character leveled up to level 17
[nepikerapapo: 05.10.2021, 20:48:55] --> vosuhacenuz appeared
[nepikerapapo: 05.10.2021, 20:49:12] --> vosuhacenuz appeared
[nepikerapapo: 05.10.2021, 20:50:26] --> Bot successfully started
[nepikerapapo: 05.10.2021, 20:50:26] --> Setting 'umut' loaded because of active level settings
[nepikerapapo: 05.10.2021, 20:50:26] --> vosuhacenuz appeared
[nepikerapapo: 05.10.2021, 20:50:44] --> Character leveled up to level 18
[nepikerapapo: 05.10.2021, 20:53:21] --> Character leveled up to level 19
[nepikerapapo: 05.10.2021, 20:56:23] --> Character leveled up to level 20
[nepikerapapo: 05.10.2021, 20:56:38] --> ruvoregufaba appeared
[nepikerapapo: 05.10.2021, 20:57:19] --> vosuhacenuz appeared
[nepikerapapo: 05.10.2021, 20:57:45] --> vosuhacenuz appeared
[nepikerapapo: 05.10.2021, 20:58:04] --> vosuhacenuz appeared
[nepikerapapo: 05.10.2021, 20:58:28] --> vosuhacenuz appeared
[nepikerapapo: 05.10.2021, 20:58:46] --> vosuhacenuz appeared
[nepikerapapo: 05.10.2021, 20:59:06] --> vosuhacenuz appeared
[nepikerapapo: 05.10.2021, 20:59:22] --> Character leveled up to level 21
[nepikerapapo: 05.10.2021, 20:59:29] --> vosuhacenuz appeared
[nepikerapapo: 05.10.2021, 20:59:50] --> vosuhacenuz appeared
[nepikerapapo: 05.10.2021, 21:00:08] --> vosuhacenuz appeared
[nepikerapapo: 05.10.2021, 21:00:32] --> vosuhacenuz appeared
[nepikerapapo: 05.10.2021, 21:00:50] --> vosuhacenuz appeared
[nepikerapapo: 05.10.2021, 21:01:11] --> vosuhacenuz appeared
[nepikerapapo: 05.10.2021, 21:01:31] --> vosuhacenuz appeared
[nepikerapapo: 05.10.2021, 21:01:54] --> vosuhacenuz appeared
[nepikerapapo: 05.10.2021, 21:02:11] --> vosuhacenuz appeared
[nepikerapapo: 05.10.2021, 21:02:31] --> Character leveled up to level 22
[nepikerapapo: 05.10.2021, 21:02:35] --> vosuhacenuz appeared
[nepikerapapo: 05.10.2021, 21:02:54] --> vosuhacenuz appeared
[nepikerapapo: 05.10.2021, 21:03:14] --> vosuhacenuz appeared
[nepikerapapo: 05.10.2021, 21:03:35] --> vosuhacenuz appeared
[nepikerapapo: 05.10.2021, 21:03:56] --> vosuhacenuz appeared
[nepikerapapo: 05.10.2021, 21:04:14] --> vosuhacenuz appeared
[nepikerapapo: 05.10.2021, 21:04:38] --> vosuhacenuz appeared
[nepikerapapo: 05.10.2021, 21:04:57] --> vosuhacenuz appeared
[nepikerapapo: 05.10.2021, 21:05:17] --> vosuhacenuz appeared
[nepikerapapo: 05.10.2021, 21:05:39] --> vosuhacenuz appeared
[nepikerapapo: 05.10.2021, 21:06:00] --> vosuhacenuz appeared
[nepikerapapo: 05.10.2021, 21:06:17] --> vosuhacenuz appeared
[nepikerapapo: 05.10.2021, 21:06:32] --> Character leveled up to level 23
[nepikerapapo: 05.10.2021, 21:06:33] --> Setting 'umut2' loaded because of active level settings
[nepikerapapo: 05.10.2021, 21:06:51] --> Character was kicked from the bot, reason: Character was walking
[nepikerapapo: 05.10.2021, 21:07:15] --> Character was kicked from the bot, reason: Character was walking
[nepikerapapo: 05.10.2021, 21:07:19] --> kuvokizurep appeared
[nepikerapapo: 05.10.2021, 21:07:27] --> kuvokizurep appeared
[nepikerapapo: 05.10.2021, 21:08:05] --> Character leveled up to level 24
[nepikerapapo: 05.10.2021, 21:08:17] --> ruvoregufaba appeared
[nepikerapapo: 05.10.2021, 21:08:50] --> Character leveled up to level 25
[nepikerapapo: 05.10.2021, 21:09:03] --> ruvoregufaba appeared
[nepikerapapo: 05.10.2021, 21:09:53] --> Character leveled up to level 26
[nepikerapapo: 05.10.2021, 21:10:52] --> Character leveled up to level 27
[nepikerapapo: 05.10.2021, 21:12:38] --> Character leveled up to level 28
[nepikerapapo: 05.10.2021, 21:16:09] --> Character leveled up to level 29
[nepikerapapo: 05.10.2021, 21:20:09] --> Character leveled up to level 30
[nepikerapapo: 05.10.2021, 21:20:09] --> Bot stopped: Character reached level 30
[nepikerapapo: 05.10.2021, 21:25:06] --> kuvokizurep appeared
[nepikerapapo: 05.10.2021, 21:26:14] --> kuvokizurep appeared
[nepikerapapo: 05.10.2021, 21:27:28] --> kuvokizurep appeared
[nepikerapapo: 05.10.2021, 21:28:36] --> kuvokizurep appeared
[nepikerapapo: 05.10.2021, 21:29:45] --> kuvokizurep appeared
[nepikerapapo: 05.10.2021, 21:30:55] --> kuvokizurep appeared
[nepikerapapo: 05.10.2021, 21:32:06] --> kuvokizurep appeared
[nepikerapapo: 05.10.2021, 21:33:15] --> kuvokizurep appeared
[nepikerapapo: 05.10.2021, 21:34:28] --> kuvokizurep appeared
[dopliment:    09.10.2021, 19:18:38] --> Bot successfully started
[dopliment:    09.10.2021, 19:19:34] --> aserderliore appeared
