[azercerepise: 01.10.2021, 20:43:45] --> Bot successfully started
[azercerepise: 01.10.2021, 20:47:19] --> kaddenifeder appeared
[azercerepise: 02.10.2021, 15:03:26] --> Bot successfully started
[azercerepise: 02.10.2021, 15:03:26] --> Miraak appeared
[azercerepise: 02.10.2021, 15:16:26] --> Bot successfully started
[azercerepise: 02.10.2021, 15:16:26] --> Miraak appeared
[azercerepise: 02.10.2021, 15:33:28] --> Character died
[azercerepise: 02.10.2021, 15:34:33] --> Character died
[azercerepise: 02.10.2021, 15:42:03] --> kaddenifeder appeared
[azercerepise: 02.10.2021, 15:52:12] --> Character was kicked from the bot, reason: Character was walking
[azercerepise: 02.10.2021, 15:53:07] --> Character died
[azercerepise: 02.10.2021, 15:53:44] --> Character died
[azercerepise: 02.10.2021, 15:54:03] --> Character died
[azercerepise: 02.10.2021, 15:54:19] --> Character died
[azercerepise: 02.10.2021, 15:54:33] --> Character died
[azercerepise: 02.10.2021, 15:54:34] --> Zrox appeared
[azercerepise: 02.10.2021, 15:54:43] --> Miraak appeared
[azercerepise: 02.10.2021, 15:54:55] --> Character died
[azercerepise: 02.10.2021, 15:55:32] --> Character died
[azercerepise: 02.10.2021, 15:56:35] --> Character died
[azercerepise: 02.10.2021, 15:57:40] --> komesaxire appeared
[azercerepise: 02.10.2021, 15:57:57] --> Restarting because of Render bugs
[azercerepise: 02.10.2021, 15:58:50] --> Bot successfully started
[azercerepise: 02.10.2021, 15:58:50] --> Eraphelys appeared
[azercerepise: 02.10.2021, 15:59:17] --> Kathleen appeared
[azercerepise: 02.10.2021, 15:59:46] --> Character died
[azercerepise: 02.10.2021, 16:00:21] --> Character died
[azercerepise: 02.10.2021, 16:01:17] --> Bot successfully started
[azercerepise: 02.10.2021, 16:01:18] --> kaddenifeder appeared
[azercerepise: 02.10.2021, 16:01:27] --> Character died
[azercerepise: 02.10.2021, 16:01:46] --> Character died
[azercerepise: 02.10.2021, 16:01:47] --> Changing into CH5
[azercerepise: 02.10.2021, 16:01:53] --> Character died
[azercerepise: 02.10.2021, 16:05:36] --> Bot successfully started
[azercerepise: 02.10.2021, 16:05:36] --> aserderliore appeared
[azercerepise: 02.10.2021, 16:06:38] --> Bot successfully started
[azercerepise: 02.10.2021, 16:06:39] --> atchoumf appeared
[azercerepise: 02.10.2021, 16:08:52] --> Restarting because of Render bugs
[azercerepise: 02.10.2021, 16:09:45] --> Bot successfully started
[azercerepise: 02.10.2021, 16:09:45] --> atchoumf appeared
[azercerepise: 02.10.2021, 16:10:14] --> Character died
[azercerepise: 02.10.2021, 16:10:34] --> Character died
[azercerepise: 02.10.2021, 16:25:38] --> Bot successfully started
[azercerepise: 02.10.2021, 16:25:38] --> Eraphelys appeared
[azercerepise: 02.10.2021, 16:25:53] --> Character died
[azercerepise: 02.10.2021, 16:26:50] --> Character died
[azercerepise: 02.10.2021, 16:27:10] --> Character died
[azercerepise: 02.10.2021, 16:27:45] --> Character died
[azercerepise: 02.10.2021, 16:28:02] --> Character died
[azercerepise: 02.10.2021, 16:28:17] --> Character was kicked from the bot, reason: Character was walking
[azercerepise: 02.10.2021, 16:28:20] --> Character died
[azercerepise: 02.10.2021, 16:28:32] --> Changing into CH4
[azercerepise: 02.10.2021, 16:28:39] --> Character died
[azercerepise: 02.10.2021, 16:28:44] --> Character was kicked from the bot, reason: Character was walking
[azercerepise: 02.10.2021, 16:28:53] --> Character was kicked from the bot, reason: Character was walking
[azercerepise: 02.10.2021, 16:29:41] --> Character was kicked from the bot, reason: Character was walking
[azercerepise: 02.10.2021, 16:29:45] --> vuzakapecad appeared
[azercerepise: 02.10.2021, 16:30:21] --> Character got kick
[azercerepise: 02.10.2021, 16:30:33] --> Character was kicked from the bot, reason: Character was walking
[azercerepise: 02.10.2021, 16:30:49] --> asperfixxzer appeared
[azercerepise: 02.10.2021, 16:31:03] --> Character died
[azercerepise: 02.10.2021, 16:32:33] --> asperfixxzer appeared
[azercerepise: 02.10.2021, 16:32:52] --> asperfixxzer appeared
[azercerepise: 02.10.2021, 16:33:13] --> asperfixxzer appeared
[azercerepise: 02.10.2021, 16:33:35] --> asperfixxzer appeared
[azercerepise: 02.10.2021, 16:33:54] --> asperfixxzer appeared
[azercerepise: 02.10.2021, 16:34:17] --> asperfixxzer appeared
[azercerepise: 02.10.2021, 16:34:54] --> asperfixxzer appeared
[azercerepise: 02.10.2021, 16:35:09] --> Kinchannai appeared
[azercerepise: 02.10.2021, 16:35:15] --> asperfixxzer appeared
[azercerepise: 02.10.2021, 16:35:34] --> asperfixxzer appeared
[azercerepise: 02.10.2021, 16:35:55] --> asperfixxzer appeared
[azercerepise: 02.10.2021, 16:36:18] --> asperfixxzer appeared
[azercerepise: 02.10.2021, 16:36:36] --> asperfixxzer appeared
[azercerepise: 02.10.2021, 16:36:59] --> asperfixxzer appeared
[azercerepise: 02.10.2021, 16:37:10] --> Kinchannai appeared
[azercerepise: 02.10.2021, 16:37:42] --> asperfixxzer appeared
[azercerepise: 02.10.2021, 16:38:01] --> asperfixxzer appeared
[azercerepise: 02.10.2021, 16:38:23] --> asperfixxzer appeared
[azercerepise: 02.10.2021, 16:38:43] --> asperfixxzer appeared
[azercerepise: 02.10.2021, 16:39:03] --> asperfixxzer appeared
[azercerepise: 02.10.2021, 16:39:25] --> asperfixxzer appeared
[azercerepise: 02.10.2021, 16:39:47] --> asperfixxzer appeared
[azercerepise: 02.10.2021, 16:40:07] --> asperfixxzer appeared
[azercerepise: 02.10.2021, 16:40:15] --> Changing into CH5
[azercerepise: 02.10.2021, 16:41:19] --> Grimjoh appeared
[azercerepise: 02.10.2021, 16:42:03] --> Grimjoh appeared
[azercerepise: 02.10.2021, 16:42:53] --> Grimjoh appeared
[azercerepise: 02.10.2021, 16:45:38] --> Grimjoh appeared
[azercerepise: 02.10.2021, 16:46:01] --> Character died
[azercerepise: 02.10.2021, 16:46:29] --> Character died
[azercerepise: 02.10.2021, 16:46:55] --> Character died
[azercerepise: 02.10.2021, 16:47:43] --> Character died
[azercerepise: 02.10.2021, 16:48:10] --> Character died
[azercerepise: 02.10.2021, 16:48:33] --> Character died
[azercerepise: 02.10.2021, 16:48:53] --> Character died
[azercerepise: 02.10.2021, 16:49:15] --> Character died
[azercerepise: 02.10.2021, 16:49:33] --> Character died
[azercerepise: 02.10.2021, 16:50:00] --> Character died
[azercerepise: 02.10.2021, 16:50:05] --> Grimjoh appeared
[azercerepise: 02.10.2021, 16:50:12] --> Grimjoh appeared
[azercerepise: 02.10.2021, 16:50:18] --> Grimjoh appeared
[azercerepise: 02.10.2021, 16:50:23] --> Character died
[azercerepise: 02.10.2021, 16:50:47] --> Character died
[azercerepise: 02.10.2021, 16:51:09] --> Grimjoh appeared
[azercerepise: 02.10.2021, 16:51:14] --> Character died
[azercerepise: 02.10.2021, 16:51:36] --> Character died
[azercerepise: 02.10.2021, 16:51:51] --> Character died
[azercerepise: 02.10.2021, 16:51:59] --> Character died
[azercerepise: 02.10.2021, 16:52:20] --> Character died
[azercerepise: 02.10.2021, 16:52:41] --> Character died
[azercerepise: 02.10.2021, 16:52:55] --> Character died
[azercerepise: 02.10.2021, 16:53:00] --> Grimjoh appeared
[azercerepise: 02.10.2021, 16:53:02] --> Character died
[azercerepise: 02.10.2021, 16:53:16] --> Character died
[azercerepise: 02.10.2021, 16:53:22] --> Character died
[azercerepise: 02.10.2021, 16:53:45] --> Character died
[azercerepise: 02.10.2021, 16:54:07] --> Character died
[azercerepise: 02.10.2021, 16:54:32] --> Character died
[azercerepise: 02.10.2021, 16:54:50] --> Character died
[azercerepise: 02.10.2021, 16:55:26] --> Character died
[azercerepise: 02.10.2021, 16:55:27] --> Grimjoh appeared
[azercerepise: 02.10.2021, 16:55:46] --> Character died
[azercerepise: 02.10.2021, 16:55:52] --> Character died
[azercerepise: 02.10.2021, 16:56:13] --> Character died
[azercerepise: 02.10.2021, 16:56:27] --> Character died
[azercerepise: 02.10.2021, 16:56:33] --> Character died
[azercerepise: 02.10.2021, 16:56:53] --> Character died
[azercerepise: 02.10.2021, 16:57:40] --> PinPindantag appeared
[azercerepise: 02.10.2021, 16:58:29] --> Grimjoh appeared
[azercerepise: 02.10.2021, 17:10:11] --> Bot successfully started
[azercerepise: 02.10.2021, 17:10:13] --> Erchamouta appeared
[azercerepise: 02.10.2021, 17:10:18] --> Character died
[azercerepise: 02.10.2021, 17:11:29] --> Erchamouta appeared
[azercerepise: 02.10.2021, 17:11:35] --> Character died
[azercerepise: 02.10.2021, 17:11:57] --> Character died
[azercerepise: 02.10.2021, 17:11:59] --> Erchamouta appeared
[azercerepise: 02.10.2021, 17:12:21] --> Character died
[azercerepise: 02.10.2021, 17:12:41] --> Erchamouta appeared
[azercerepise: 02.10.2021, 17:12:47] --> Character died
[azercerepise: 02.10.2021, 17:13:09] --> Character died
[azercerepise: 02.10.2021, 17:19:23] --> Bot successfully started
[azercerepise: 02.10.2021, 17:19:23] --> Erchamouta appeared
[azercerepise: 02.10.2021, 17:19:29] --> Character died
[azercerepise: 02.10.2021, 17:20:17] --> Character was kicked from the bot, reason: Character was walking
[azercerepise: 02.10.2021, 17:20:20] --> Character died
[azercerepise: 02.10.2021, 17:20:27] --> Erchamouta appeared
[azercerepise: 02.10.2021, 17:20:57] --> Character died
[azercerepise: 02.10.2021, 17:21:15] --> Character was kicked from the bot, reason: Character was walking
[azercerepise: 02.10.2021, 17:21:19] --> Character died
[azercerepise: 02.10.2021, 17:21:59] --> Character was kicked from the bot, reason: Character was walking
[azercerepise: 02.10.2021, 17:22:24] --> asperfixxzer appeared
[azercerepise: 02.10.2021, 17:23:10] --> Changing into CH4
[azercerepise: 02.10.2021, 17:26:50] --> Bot successfully started
[azercerepise: 02.10.2021, 19:02:08] --> Bot successfully started
[azercerepise: 02.10.2021, 19:02:31] --> Character was kicked from the bot, reason: Character was walking
[azercerepise: 02.10.2021, 19:04:50] --> Changing into CH1
[azercerepise: 02.10.2021, 19:04:57] --> liperdorexx appeared
[azercerepise: 04.10.2021, 12:59:59] --> Bot successfully started
[azercerepise: 04.10.2021, 14:55:46] --> Bot successfully started
[azercerepise: 04.10.2021, 14:56:43] --> dopliment appeared
[azercerepise: 04.10.2021, 15:04:25] --> Bellamya appeared
[azercerepise: 04.10.2021, 15:07:09] --> Character was kicked from the bot, reason: Character was walking
[azercerepise: 04.10.2021, 15:31:08] --> Drangon07 appeared
[azercerepise: 04.10.2021, 15:31:28] --> Drangon07 appeared
[azercerepise: 04.10.2021, 15:31:50] --> Drangon07 appeared
[azercerepise: 04.10.2021, 15:32:47] --> Drangon07 appeared
[azercerepise: 04.10.2021, 15:33:45] --> Drangon07 appeared
[azercerepise: 04.10.2021, 15:34:38] --> Drangon07 appeared
[azercerepise: 04.10.2021, 15:35:03] --> Drangon07 appeared
[azercerepise: 04.10.2021, 15:35:36] --> Drangon07 appeared
[azercerepise: 04.10.2021, 15:35:51] --> Drangon07 appeared
[azercerepise: 04.10.2021, 15:37:15] --> Drangon07 appeared
[azercerepise: 04.10.2021, 15:37:36] --> Drangon07 appeared
[azercerepise: 04.10.2021, 16:00:34] --> Drangon07 appeared
[azercerepise: 04.10.2021, 16:01:36] --> Drangon07 appeared
[azercerepise: 04.10.2021, 16:02:36] --> Drangon07 appeared
[azercerepise: 04.10.2021, 16:31:15] --> Character got kick
[azercerepise: 04.10.2021, 16:50:05] --> Bot successfully started
[azercerepise: 04.10.2021, 17:34:07] --> Angie59 appeared
[azercerepise: 04.10.2021, 17:34:39] --> Bogomi appeared
[azercerepise: 04.10.2021, 17:35:47] --> Bogomi appeared
[azercerepise: 04.10.2021, 17:36:20] --> Bogomi appeared
[azercerepise: 04.10.2021, 17:37:18] --> Bogomi appeared
[azercerepise: 04.10.2021, 18:54:52] --> rezuzohehova appeared
[azercerepise: 04.10.2021, 18:55:04] --> rezuzohehova appeared
[azercerepise: 04.10.2021, 18:56:41] --> rezuzohehova appeared
[azercerepise: 04.10.2021, 18:57:19] --> rezuzohehova appeared
[azercerepise: 04.10.2021, 18:58:02] --> rezuzohehova appeared
[azercerepise: 04.10.2021, 19:00:13] --> rezuzohehova appeared
[azercerepise: 04.10.2021, 19:00:55] --> rezuzohehova appeared
[azercerepise: 04.10.2021, 19:02:24] --> rezuzohehova appeared
[azercerepise: 04.10.2021, 19:03:10] --> rezuzohehova appeared
[azercerepise: 04.10.2021, 19:04:33] --> rezuzohehova appeared
[azercerepise: 04.10.2021, 19:04:44] --> rezuzohehova appeared
[azercerepise: 04.10.2021, 19:05:12] --> Character got kick
[azercerepise: 04.10.2021, 19:05:36] --> rezuzohehova appeared
[azercerepise: 04.10.2021, 19:06:45] --> rezuzohehova appeared
[azercerepise: 04.10.2021, 19:07:08] --> rezuzohehova appeared
[azercerepise: 04.10.2021, 19:07:46] --> rezuzohehova appeared
[azercerepise: 04.10.2021, 19:07:52] --> rezuzohehova appeared
[azercerepise: 04.10.2021, 19:08:35] --> rezuzohehova appeared
[azercerepise: 04.10.2021, 19:09:52] --> rezuzohehova appeared
[azercerepise: 04.10.2021, 19:10:31] --> rezuzohehova appeared
[azercerepise: 04.10.2021, 19:11:44] --> rezuzohehova appeared
[azercerepise: 04.10.2021, 19:12:09] --> rezuzohehova appeared
[azercerepise: 04.10.2021, 19:12:48] --> rezuzohehova appeared
[azercerepise: 04.10.2021, 19:13:36] --> rezuzohehova appeared
[azercerepise: 04.10.2021, 19:14:50] --> rezuzohehova appeared
[azercerepise: 04.10.2021, 19:15:33] --> rezuzohehova appeared
[azercerepise: 04.10.2021, 19:16:44] --> rezuzohehova appeared
[azercerepise: 04.10.2021, 19:16:46] --> rezuzohehova appeared
[azercerepise: 04.10.2021, 19:17:01] --> rezuzohehova appeared
[azercerepise: 04.10.2021, 19:17:23] --> rezuzohehova appeared
[azercerepise: 04.10.2021, 19:17:31] --> rezuzohehova appeared
[azercerepise: 04.10.2021, 19:17:40] --> rezuzohehova appeared
[azercerepise: 04.10.2021, 19:17:49] --> rezuzohehova appeared
[azercerepise: 04.10.2021, 19:18:05] --> rezuzohehova appeared
[azercerepise: 04.10.2021, 19:18:11] --> rezuzohehova appeared
[azercerepise: 04.10.2021, 19:18:17] --> rezuzohehova appeared
[azercerepise: 04.10.2021, 19:19:48] --> rezuzohehova appeared
[azercerepise: 04.10.2021, 19:20:28] --> rezuzohehova appeared
[azercerepise: 04.10.2021, 19:21:48] --> rezuzohehova appeared
[azercerepise: 04.10.2021, 19:22:02] --> rezuzohehova appeared
[azercerepise: 04.10.2021, 19:23:18] --> rezuzohehova appeared
[azercerepise: 04.10.2021, 19:24:46] --> rezuzohehova appeared
[azercerepise: 04.10.2021, 19:25:38] --> rezuzohehova appeared
[azercerepise: 04.10.2021, 19:29:55] --> bubelizipi appeared
[azercerepise: 04.10.2021, 19:30:46] --> bubelizipi appeared
[azercerepise: 04.10.2021, 19:31:49] --> bubelizipi appeared
[azercerepise: 04.10.2021, 19:32:14] --> PetitxBlason appeared
[azercerepise: 04.10.2021, 19:32:59] --> bubelizipi appeared
[azercerepise: 04.10.2021, 19:33:17] --> bubelizipi appeared
[azercerepise: 04.10.2021, 19:33:33] --> bubelizipi appeared
[azercerepise: 04.10.2021, 19:33:42] --> bubelizipi appeared
[azercerepise: 04.10.2021, 19:34:55] --> bubelizipi appeared
[azercerepise: 04.10.2021, 19:35:03] --> bubelizipi appeared
[azercerepise: 04.10.2021, 19:35:41] --> bubelizipi appeared
[azercerepise: 04.10.2021, 19:36:52] --> bubelizipi appeared
[azercerepise: 04.10.2021, 19:37:16] --> bubelizipi appeared
[azercerepise: 04.10.2021, 19:37:55] --> bubelizipi appeared
[azercerepise: 04.10.2021, 19:38:43] --> bubelizipi appeared
[azercerepise: 04.10.2021, 19:39:58] --> bubelizipi appeared
[azercerepise: 04.10.2021, 19:40:40] --> bubelizipi appeared
[azercerepise: 04.10.2021, 19:41:52] --> bubelizipi appeared
[azercerepise: 04.10.2021, 19:42:13] --> bubelizipi appeared
[azercerepise: 04.10.2021, 19:42:59] --> bubelizipi appeared
[azercerepise: 04.10.2021, 19:43:44] --> bubelizipi appeared
[azercerepise: 04.10.2021, 19:44:57] --> bubelizipi appeared
[azercerepise: 04.10.2021, 19:45:40] --> bubelizipi appeared
[azercerepise: 04.10.2021, 19:46:53] --> bubelizipi appeared
[azercerepise: 04.10.2021, 19:47:23] --> bubelizipi appeared
[azercerepise: 04.10.2021, 19:47:26] --> bubelizipi appeared
[azercerepise: 04.10.2021, 19:47:31] --> bubelizipi appeared
[azercerepise: 04.10.2021, 19:47:39] --> bubelizipi appeared
[azercerepise: 04.10.2021, 19:47:58] --> bubelizipi appeared
[azercerepise: 04.10.2021, 19:48:41] --> bubelizipi appeared
[azercerepise: 04.10.2021, 19:49:57] --> bubelizipi appeared
[azercerepise: 04.10.2021, 19:50:36] --> bubelizipi appeared
[azercerepise: 04.10.2021, 19:51:53] --> bubelizipi appeared
[azercerepise: 04.10.2021, 19:53:02] --> bubelizipi appeared
[azercerepise: 04.10.2021, 19:53:08] --> bubelizipi appeared
[azercerepise: 04.10.2021, 19:53:47] --> bubelizipi appeared
[azercerepise: 04.10.2021, 19:55:00] --> bubelizipi appeared
[azercerepise: 04.10.2021, 19:55:42] --> bubelizipi appeared
[azercerepise: 04.10.2021, 19:56:54] --> bubelizipi appeared
[azercerepise: 04.10.2021, 19:57:21] --> bubelizipi appeared
[azercerepise: 04.10.2021, 19:57:30] --> bubelizipi appeared
[azercerepise: 04.10.2021, 19:57:59] --> bubelizipi appeared
[azercerepise: 04.10.2021, 19:58:02] --> bubelizipi appeared
[azercerepise: 04.10.2021, 20:00:14] --> bubelizipi appeared
[azercerepise: 04.10.2021, 20:01:53] --> bubelizipi appeared
[azercerepise: 04.10.2021, 20:02:08] --> bubelizipi appeared
[azercerepise: 04.10.2021, 20:02:34] --> bubelizipi appeared
[azercerepise: 04.10.2021, 20:03:15] --> bubelizipi appeared
[azercerepise: 04.10.2021, 20:03:49] --> bubelizipi appeared
[azercerepise: 04.10.2021, 20:05:02] --> bubelizipi appeared
[azercerepise: 04.10.2021, 20:05:41] --> bubelizipi appeared
[azercerepise: 04.10.2021, 20:07:02] --> bubelizipi appeared
[azercerepise: 04.10.2021, 20:07:22] --> bubelizipi appeared
[azercerepise: 04.10.2021, 20:08:07] --> bubelizipi appeared
[azercerepise: 04.10.2021, 20:08:51] --> bubelizipi appeared
[azercerepise: 04.10.2021, 20:10:05] --> bubelizipi appeared
[azercerepise: 04.10.2021, 20:10:45] --> bubelizipi appeared
[azercerepise: 04.10.2021, 20:13:42] --> mokadofikila appeared
[azercerepise: 04.10.2021, 20:14:50] --> mokadofikila appeared
[azercerepise: 04.10.2021, 20:15:15] --> mokadofikila appeared
[azercerepise: 04.10.2021, 20:15:24] --> mokadofikila appeared
[azercerepise: 04.10.2021, 20:15:31] --> mokadofikila appeared
[azercerepise: 04.10.2021, 20:15:48] --> mokadofikila appeared
[azercerepise: 04.10.2021, 20:16:51] --> mokadofikila appeared
[azercerepise: 04.10.2021, 20:17:30] --> mokadofikila appeared
[azercerepise: 04.10.2021, 20:18:40] --> mokadofikila appeared
[azercerepise: 04.10.2021, 20:19:05] --> mokadofikila appeared
[azercerepise: 04.10.2021, 20:19:45] --> mokadofikila appeared
[azercerepise: 04.10.2021, 20:21:21] --> Bot successfully started
[azercerepise: 04.10.2021, 20:21:21] --> mokadofikila appeared
[azercerepise: 04.10.2021, 20:21:36] --> mokadofikila appeared
[azercerepise: 04.10.2021, 20:22:29] --> mokadofikila appeared
[azercerepise: 04.10.2021, 20:22:36] --> mokadofikila appeared
[azercerepise: 04.10.2021, 20:22:39] --> mokadofikila appeared
[azercerepise: 04.10.2021, 20:22:54] --> mokadofikila appeared
[azercerepise: 04.10.2021, 20:24:25] --> mokadofikila appeared
[azercerepise: 04.10.2021, 20:25:03] --> mokadofikila appeared
[azercerepise: 04.10.2021, 20:26:19] --> mokadofikila appeared
[azercerepise: 04.10.2021, 20:26:34] --> mokadofikila appeared
[azercerepise: 04.10.2021, 20:27:50] --> mokadofikila appeared
[azercerepise: 04.10.2021, 20:29:23] --> mokadofikila appeared
[azercerepise: 04.10.2021, 20:30:04] --> mokadofikila appeared
[azercerepise: 04.10.2021, 20:31:21] --> mokadofikila appeared
[azercerepise: 04.10.2021, 20:31:49] --> mokadofikila appeared
[azercerepise: 04.10.2021, 20:32:29] --> mokadofikila appeared
[azercerepise: 04.10.2021, 20:33:13] --> mokadofikila appeared
[azercerepise: 04.10.2021, 20:33:16] --> mokadofikila appeared
[azercerepise: 04.10.2021, 20:34:56] --> mokadofikila appeared
[azercerepise: 04.10.2021, 20:35:51] --> mokadofikila appeared
[azercerepise: 04.10.2021, 20:36:33] --> mokadofikila appeared
[azercerepise: 04.10.2021, 20:37:50] --> mokadofikila appeared
[azercerepise: 04.10.2021, 20:37:57] --> mokadofikila appeared
[azercerepise: 04.10.2021, 20:38:35] --> mokadofikila appeared
[azercerepise: 04.10.2021, 20:39:49] --> mokadofikila appeared
[azercerepise: 04.10.2021, 20:40:09] --> mokadofikila appeared
[azercerepise: 04.10.2021, 20:40:12] --> mokadofikila appeared
[azercerepise: 04.10.2021, 20:40:50] --> mokadofikila appeared
[azercerepise: 04.10.2021, 20:41:38] --> mokadofikila appeared
[azercerepise: 04.10.2021, 20:41:50] --> mokadofikila appeared
[azercerepise: 04.10.2021, 20:42:54] --> mokadofikila appeared
[azercerepise: 04.10.2021, 20:43:34] --> mokadofikila appeared
[azercerepise: 04.10.2021, 20:44:46] --> mokadofikila appeared
[azercerepise: 04.10.2021, 20:45:07] --> mokadofikila appeared
[azercerepise: 04.10.2021, 20:45:53] --> mokadofikila appeared
[azercerepise: 04.10.2021, 20:46:36] --> mokadofikila appeared
[azercerepise: 04.10.2021, 20:47:52] --> mokadofikila appeared
[azercerepise: 04.10.2021, 20:48:32] --> mokadofikila appeared
[azercerepise: 04.10.2021, 20:49:48] --> mokadofikila appeared
[azercerepise: 04.10.2021, 20:50:05] --> mokadofikila appeared
[azercerepise: 04.10.2021, 20:50:53] --> mokadofikila appeared
[azercerepise: 04.10.2021, 20:51:37] --> mokadofikila appeared
[azercerepise: 04.10.2021, 20:52:52] --> mokadofikila appeared
[azercerepise: 04.10.2021, 20:53:32] --> mokadofikila appeared
[azercerepise: 04.10.2021, 20:54:50] --> mokadofikila appeared
[azercerepise: 04.10.2021, 20:54:57] --> mokadofikila appeared
[azercerepise: 04.10.2021, 20:55:11] --> mokadofikila appeared
[azercerepise: 04.10.2021, 20:55:57] --> mokadofikila appeared
[azercerepise: 04.10.2021, 20:59:01] --> Bot successfully started
[azercerepise: 04.10.2021, 20:59:56] --> Character was kicked from the bot, reason: Character was walking
[azercerepise: 04.10.2021, 21:00:21] --> Changing into CH1
[azercerepise: 04.10.2021, 21:00:27] --> liperdorexx appeared
[azercerepise: 04.10.2021, 22:24:54] --> Bot successfully started
[azercerepise: 04.10.2021, 22:25:53] --> aserderliore appeared
[azercerepise: 05.10.2021, 11:39:55] --> Bot successfully started
[azercerepise: 05.10.2021, 11:43:32] --> Changing into CH2
[azercerepise: 05.10.2021, 11:43:50] --> liperdorexx appeared
[azercerepise: 05.10.2021, 11:43:58] --> Character was kicked from the bot, reason: Changing character
[azercerepise: 05.10.2021, 11:44:04] --> needTHAWALK appeared
[kovinizowano: 05.10.2021, 11:46:30] --> Character was kicked from the bot, reason: Changing character
[zobukekuvi:   05.10.2021, 11:49:02] --> Character was kicked from the bot, reason: Changing character
[wopifazevihu: 05.10.2021, 11:51:14] --> Character was kicked from the bot, reason: Changing character
[azercerepise: 05.10.2021, 11:59:53] --> Bot successfully started
[azercerepise: 05.10.2021, 12:02:39] --> Character was kicked from the bot, reason: Changing character
[azercerepise: 05.10.2021, 12:03:11] --> oyepapi appeared
[kovinizowano: 05.10.2021, 12:03:21] --> Setting 'umut' loaded because of active level settings
[kovinizowano: 05.10.2021, 12:03:24] --> Character went to shop
[kovinizowano: 05.10.2021, 12:03:32] --> Character was kicked from the bot, reason: Character was walking
[kovinizowano: 05.10.2021, 12:03:37] --> cumimufogu appeared
[kovinizowano: 05.10.2021, 12:04:21] --> oyepapi appeared
[kovinizowano: 05.10.2021, 12:04:40] --> Character was kicked from the bot, reason: Character was walking
[kovinizowano: 05.10.2021, 12:04:52] --> Character was kicked from the bot, reason: Character was walking
[kovinizowano: 05.10.2021, 12:05:04] --> Character leveled up to level 2
[kovinizowano: 05.10.2021, 12:05:05] --> Character leveled up to level 4
[kovinizowano: 05.10.2021, 12:05:06] --> Character leveled up to level 5
[kovinizowano: 05.10.2021, 12:05:07] --> niruzobire appeared
[kovinizowano: 05.10.2021, 12:05:08] --> Character leveled up to level 7
[kovinizowano: 05.10.2021, 12:05:09] --> Character leveled up to level 8
[kovinizowano: 05.10.2021, 12:05:10] --> Character leveled up to level 9
[kovinizowano: 05.10.2021, 12:05:12] --> Character leveled up to level 10
[kovinizowano: 05.10.2021, 12:05:21] --> Character leveled up to level 11
[kovinizowano: 05.10.2021, 12:05:25] --> Character leveled up to level 12
[kovinizowano: 05.10.2021, 12:05:28] --> Character leveled up to level 13
[kovinizowano: 05.10.2021, 12:05:38] --> niruzobire appeared
[kovinizowano: 05.10.2021, 12:05:41] --> Character leveled up to level 14
[kovinizowano: 05.10.2021, 12:06:08] --> niruzobire appeared
[kovinizowano: 05.10.2021, 12:06:32] --> Character leveled up to level 15
[kovinizowano: 05.10.2021, 12:06:38] --> niruzobire appeared
[kovinizowano: 05.10.2021, 12:06:56] --> Character leveled up to level 16
[kovinizowano: 05.10.2021, 12:07:09] --> niruzobire appeared
[kovinizowano: 05.10.2021, 12:07:36] --> Character leveled up to level 17
[kovinizowano: 05.10.2021, 12:07:39] --> niruzobire appeared
[kovinizowano: 05.10.2021, 12:08:29] --> Character leveled up to level 18
[kovinizowano: 05.10.2021, 12:09:37] --> Character leveled up to level 19
[kovinizowano: 05.10.2021, 12:10:24] --> niruzobire appeared
[kovinizowano: 05.10.2021, 12:10:45] --> Character leveled up to level 20
[kovinizowano: 05.10.2021, 12:10:55] --> niruzobire appeared
[kovinizowano: 05.10.2021, 12:11:56] --> miwuhifuzore appeared
[kovinizowano: 05.10.2021, 12:11:59] --> miwuhifuzore appeared
[kovinizowano: 05.10.2021, 12:12:31] --> Character leveled up to level 21
[kovinizowano: 05.10.2021, 12:17:26] --> Character leveled up to level 22
[kovinizowano: 05.10.2021, 12:23:46] --> miwuhifuzore appeared
[kovinizowano: 05.10.2021, 12:24:24] --> Character leveled up to level 23
[kovinizowano: 05.10.2021, 12:24:24] --> Setting 'umut2' loaded because of active level settings
[kovinizowano: 05.10.2021, 12:24:32] --> Character got kick
[kovinizowano: 05.10.2021, 12:25:07] --> Character was kicked from the bot, reason: Character was walking
[kovinizowano: 05.10.2021, 12:25:32] --> Character was kicked from the bot, reason: Character was walking
[kovinizowano: 05.10.2021, 12:25:35] --> dibalekaka appeared
[kovinizowano: 05.10.2021, 12:25:59] --> memewecitasa appeared
[kovinizowano: 05.10.2021, 12:26:44] --> memewecitasa appeared
[kovinizowano: 05.10.2021, 12:26:54] --> Character leveled up to level 24
[kovinizowano: 05.10.2021, 12:26:57] --> dibalekaka appeared
[kovinizowano: 05.10.2021, 12:27:42] --> zazovubenefa appeared
[kovinizowano: 05.10.2021, 12:28:05] --> Character leveled up to level 25
[kovinizowano: 05.10.2021, 12:28:26] --> zazovubenefa appeared
[kovinizowano: 05.10.2021, 12:29:22] --> dibalekaka appeared
[kovinizowano: 05.10.2021, 12:29:22] --> Character leveled up to level 26
[kovinizowano: 05.10.2021, 12:29:25] --> vofalebevem appeared
[kovinizowano: 05.10.2021, 12:29:34] --> vofalebevem appeared
[kovinizowano: 05.10.2021, 12:29:59] --> rovukucuri appeared
[kovinizowano: 05.10.2021, 12:30:19] --> zugafekocafo appeared
[kovinizowano: 05.10.2021, 12:30:31] --> Character leveled up to level 27
[kovinizowano: 05.10.2021, 12:30:38] --> memewecitasa appeared
[kovinizowano: 05.10.2021, 12:31:16] --> memewecitasa appeared
[kovinizowano: 05.10.2021, 12:32:11] --> zazovubenefa appeared
[kovinizowano: 05.10.2021, 12:32:14] --> Character leveled up to level 28
[kovinizowano: 05.10.2021, 12:32:53] --> Character died
[kovinizowano: 05.10.2021, 12:32:54] --> memewecitasa appeared
[kovinizowano: 05.10.2021, 12:33:12] --> memewecitasa appeared
[kovinizowano: 05.10.2021, 12:34:10] --> vofalebevem appeared
[kovinizowano: 05.10.2021, 12:34:38] --> Character leveled up to level 29
[kovinizowano: 05.10.2021, 12:34:48] --> memewecitasa appeared
[kovinizowano: 05.10.2021, 12:36:08] --> dovikobotuv appeared
[kovinizowano: 05.10.2021, 12:36:32] --> Character leveled up to level 30
[kovinizowano: 05.10.2021, 12:36:33] --> Bot stopped: Character reached level 30
[kovinizowano: 05.10.2021, 12:36:56] --> Character died
[kovinizowano: 05.10.2021, 12:42:54] --> benozovezo appeared
[kovinizowano: 05.10.2021, 12:44:31] --> benozovezo appeared
[kovinizowano: 05.10.2021, 12:44:50] --> oplyst appeared
[kovinizowano: 05.10.2021, 12:45:02] --> wuhibukinetu appeared
[kovinizowano: 05.10.2021, 12:47:45] --> kokazazoru appeared
[kovinizowano: 05.10.2021, 12:48:09] --> cobolopeko appeared
[kovinizowano: 05.10.2021, 12:48:39] --> fipucocabudi appeared
[kovinizowano: 05.10.2021, 12:49:38] --> cobolopeko appeared
[kovinizowano: 05.10.2021, 12:50:24] --> cofatebofo appeared
[kovinizowano: 05.10.2021, 12:50:47] --> cobolopeko appeared
[kovinizowano: 05.10.2021, 12:51:48] --> cofatebofo appeared
[kovinizowano: 05.10.2021, 12:53:04] --> makirawenar appeared
[kovinizowano: 05.10.2021, 12:53:40] --> Character was kicked from the bot, reason: Changing character
[kovinizowano: 05.10.2021, 12:53:47] --> oyepapi appeared
[zobukekuvi:   05.10.2021, 12:56:04] --> Setting 'umut' loaded because of active level settings
[zobukekuvi:   05.10.2021, 12:56:07] --> Character went to shop
[zobukekuvi:   05.10.2021, 12:56:15] --> Character was kicked from the bot, reason: Character was walking
[zobukekuvi:   05.10.2021, 12:56:20] --> kohovocacum appeared
[zobukekuvi:   05.10.2021, 12:57:23] --> Character was kicked from the bot, reason: Character was walking
[zobukekuvi:   05.10.2021, 12:57:36] --> Character was kicked from the bot, reason: Character was walking
[zobukekuvi:   05.10.2021, 12:57:51] --> Character leveled up to level 2
[zobukekuvi:   05.10.2021, 12:57:52] --> Character leveled up to level 7
[zobukekuvi:   05.10.2021, 12:57:53] --> Character leveled up to level 8
[zobukekuvi:   05.10.2021, 12:57:54] --> Character leveled up to level 9
[zobukekuvi:   05.10.2021, 12:57:55] --> niruzobire appeared
[zobukekuvi:   05.10.2021, 12:57:57] --> Character leveled up to level 10
[zobukekuvi:   05.10.2021, 12:58:06] --> Character leveled up to level 11
[zobukekuvi:   05.10.2021, 12:58:32] --> Character leveled up to level 12
[zobukekuvi:   05.10.2021, 12:58:34] --> hubazoviruk appeared
[zobukekuvi:   05.10.2021, 12:58:44] --> Character leveled up to level 13
[zobukekuvi:   05.10.2021, 12:58:50] --> Character leveled up to level 14
[zobukekuvi:   05.10.2021, 12:59:29] --> Character leveled up to level 15
[zobukekuvi:   05.10.2021, 12:59:36] --> Character leveled up to level 16
[zobukekuvi:   05.10.2021, 13:00:23] --> Character leveled up to level 17
[zobukekuvi:   05.10.2021, 13:01:43] --> Character leveled up to level 18
[zobukekuvi:   05.10.2021, 13:04:24] --> Character leveled up to level 19
[zobukekuvi:   05.10.2021, 13:07:24] --> Character leveled up to level 20
[zobukekuvi:   05.10.2021, 13:11:24] --> Character leveled up to level 21
[zobukekuvi:   05.10.2021, 13:18:30] --> Character leveled up to level 22
[zobukekuvi:   05.10.2021, 13:30:33] --> Character leveled up to level 23
[zobukekuvi:   05.10.2021, 13:30:33] --> Setting 'umut2' loaded because of active level settings
[zobukekuvi:   05.10.2021, 13:30:51] --> Character was kicked from the bot, reason: Character was walking
[zobukekuvi:   05.10.2021, 13:31:16] --> Character was kicked from the bot, reason: Character was walking
[zobukekuvi:   05.10.2021, 13:31:22] --> bucekivohac appeared
[zobukekuvi:   05.10.2021, 13:31:46] --> zenakumiriko appeared
[zobukekuvi:   05.10.2021, 13:32:27] --> zenakumiriko appeared
[zobukekuvi:   05.10.2021, 13:32:43] --> kepaluwesipa appeared
[zobukekuvi:   05.10.2021, 13:33:21] --> Character leveled up to level 24
[zobukekuvi:   05.10.2021, 13:33:28] --> zazovubenefa appeared
[zobukekuvi:   05.10.2021, 13:35:11] --> Character leveled up to level 25
[zobukekuvi:   05.10.2021, 13:39:09] --> Character leveled up to level 26
[zobukekuvi:   05.10.2021, 13:42:25] --> Character leveled up to level 27
[zobukekuvi:   05.10.2021, 13:44:26] --> hubazoviruk appeared
[zobukekuvi:   05.10.2021, 13:45:08] --> Character leveled up to level 28
[zobukekuvi:   05.10.2021, 13:47:19] --> perodozezu appeared
[zobukekuvi:   05.10.2021, 13:48:32] --> Character leveled up to level 29
[zobukekuvi:   05.10.2021, 13:48:53] --> hubazoviruk appeared
[zobukekuvi:   05.10.2021, 13:48:55] --> hubazoviruk appeared
[zobukekuvi:   05.10.2021, 13:49:40] --> hubazoviruk appeared
[zobukekuvi:   05.10.2021, 13:50:24] --> hubazoviruk appeared
[zobukekuvi:   05.10.2021, 13:50:39] --> ninekobove appeared
[zobukekuvi:   05.10.2021, 13:51:04] --> Character leveled up to level 30
[zobukekuvi:   05.10.2021, 13:51:06] --> Bot stopped: Character reached level 30
[zobukekuvi:   05.10.2021, 13:51:12] --> hubazoviruk appeared
[zobukekuvi:   05.10.2021, 13:55:39] --> Character died
[zobukekuvi:   05.10.2021, 13:56:52] --> Character was kicked from the bot, reason: Changing character
[wopifazevihu: 05.10.2021, 13:58:08] --> Setting 'umut' loaded because of active level settings
[wopifazevihu: 05.10.2021, 13:58:11] --> Character went to shop
[wopifazevihu: 05.10.2021, 13:58:18] --> Character was kicked from the bot, reason: Character was walking
[wopifazevihu: 05.10.2021, 13:58:51] --> fobezakefuf appeared
[wopifazevihu: 05.10.2021, 13:59:05] --> vazicosupad appeared
[wopifazevihu: 05.10.2021, 13:59:27] --> Character was kicked from the bot, reason: Character was walking
[wopifazevihu: 05.10.2021, 13:59:39] --> Character was kicked from the bot, reason: Character was walking
[wopifazevihu: 05.10.2021, 13:59:52] --> Character leveled up to level 5
[wopifazevihu: 05.10.2021, 13:59:53] --> Character leveled up to level 7
[wopifazevihu: 05.10.2021, 13:59:54] --> Character leveled up to level 8
[wopifazevihu: 05.10.2021, 13:59:57] --> Character leveled up to level 9
[wopifazevihu: 05.10.2021, 13:59:59] --> Character leveled up to level 10
[wopifazevihu: 05.10.2021, 14:00:03] --> Character leveled up to level 11
[wopifazevihu: 05.10.2021, 14:00:05] --> Character leveled up to level 12
[wopifazevihu: 05.10.2021, 14:00:12] --> Character leveled up to level 13
[wopifazevihu: 05.10.2021, 14:00:25] --> Character leveled up to level 14
[wopifazevihu: 05.10.2021, 14:00:29] --> namomuruso appeared
[wopifazevihu: 05.10.2021, 14:00:35] --> Character leveled up to level 15
[wopifazevihu: 05.10.2021, 14:01:28] --> Character leveled up to level 16
[wopifazevihu: 05.10.2021, 14:02:29] --> Character leveled up to level 17
[wopifazevihu: 05.10.2021, 14:04:25] --> Character leveled up to level 18
[wopifazevihu: 05.10.2021, 14:06:01] --> namomuruso appeared
[wopifazevihu: 05.10.2021, 14:06:30] --> Character leveled up to level 19
[wopifazevihu: 05.10.2021, 14:06:42] --> namomuruso appeared
[wopifazevihu: 05.10.2021, 14:07:00] --> namomuruso appeared
[wopifazevihu: 05.10.2021, 14:09:34] --> Character leveled up to level 20
[wopifazevihu: 05.10.2021, 14:16:25] --> Character leveled up to level 21
[wopifazevihu: 05.10.2021, 14:22:30] --> Character leveled up to level 22
[wopifazevihu: 05.10.2021, 14:28:38] --> Character leveled up to level 23
[wopifazevihu: 05.10.2021, 14:28:38] --> Setting 'umut2' loaded because of active level settings
[wopifazevihu: 05.10.2021, 14:28:46] --> Character got kick
[wopifazevihu: 05.10.2021, 14:29:21] --> Character was kicked from the bot, reason: Character was walking
[wopifazevihu: 05.10.2021, 14:29:45] --> Character was kicked from the bot, reason: Character was walking
[wopifazevihu: 05.10.2021, 14:29:49] --> gezaferahod appeared
[wopifazevihu: 05.10.2021, 14:31:06] --> perodozezu appeared
[wopifazevihu: 05.10.2021, 14:31:08] --> Character leveled up to level 24
[wopifazevihu: 05.10.2021, 14:31:41] --> perodozezu appeared
[wopifazevihu: 05.10.2021, 14:32:26] --> perodozezu appeared
[wopifazevihu: 05.10.2021, 14:32:28] --> Character leveled up to level 25
[wopifazevihu: 05.10.2021, 14:34:15] --> Character leveled up to level 26
[wopifazevihu: 05.10.2021, 14:35:45] --> Character leveled up to level 27
[wopifazevihu: 05.10.2021, 14:37:57] --> Character leveled up to level 28
[wopifazevihu: 05.10.2021, 14:39:51] --> Bot successfully started
[wopifazevihu: 05.10.2021, 14:39:51] --> Setting 'umut2' loaded because of active level settings
[wopifazevihu: 05.10.2021, 14:39:51] --> wozicopopan appeared
[wopifazevihu: 05.10.2021, 14:41:06] --> Character leveled up to level 29
[wopifazevihu: 05.10.2021, 14:44:33] --> Character leveled up to level 30
[wopifazevihu: 05.10.2021, 14:44:33] --> Bot stopped: Character reached level 30
[wopifazevihu: 05.10.2021, 14:44:42] --> Character died
[wopifazevihu: 05.10.2021, 14:48:16] --> fazopahage appeared
[wopifazevihu: 05.10.2021, 14:48:47] --> ramidopanur appeared
[wopifazevihu: 05.10.2021, 14:48:57] --> zewilopabeza appeared
[wopifazevihu: 05.10.2021, 14:49:28] --> zewilopabeza appeared
[wopifazevihu: 05.10.2021, 14:50:04] --> zewilopabeza appeared
[wopifazevihu: 05.10.2021, 14:50:23] --> zewilopabeza appeared
[wopifazevihu: 05.10.2021, 14:51:01] --> zewilopabeza appeared
[wopifazevihu: 05.10.2021, 14:51:33] --> dikokumabac appeared
[wopifazevihu: 05.10.2021, 14:51:43] --> zewilopabeza appeared
[wopifazevihu: 05.10.2021, 14:52:28] --> zewilopabeza appeared
[ruvoregufaba: 05.10.2021, 20:36:21] --> Bot successfully started
[ruvoregufaba: 05.10.2021, 20:36:22] --> oyepapi appeared
[ruvoregufaba: 05.10.2021, 20:37:40] --> Setting 'umut' loaded because of active level settings
[ruvoregufaba: 05.10.2021, 20:37:43] --> Character went to shop
[ruvoregufaba: 05.10.2021, 20:37:51] --> Character was kicked from the bot, reason: Character was walking
[ruvoregufaba: 05.10.2021, 20:38:39] --> Kira09 appeared
[ruvoregufaba: 05.10.2021, 20:38:59] --> Character was kicked from the bot, reason: Character was walking
[ruvoregufaba: 05.10.2021, 20:39:11] --> Character was kicked from the bot, reason: Character was walking
[ruvoregufaba: 05.10.2021, 20:39:25] --> Character leveled up to level 5
[ruvoregufaba: 05.10.2021, 20:39:26] --> Character leveled up to level 7
[ruvoregufaba: 05.10.2021, 20:39:27] --> Character leveled up to level 8
[ruvoregufaba: 05.10.2021, 20:39:28] --> Character leveled up to level 9
[ruvoregufaba: 05.10.2021, 20:39:31] --> Character leveled up to level 10
[ruvoregufaba: 05.10.2021, 20:39:35] --> Character leveled up to level 11
[ruvoregufaba: 05.10.2021, 20:39:38] --> Character leveled up to level 12
[ruvoregufaba: 05.10.2021, 20:39:44] --> Character leveled up to level 13
[ruvoregufaba: 05.10.2021, 20:40:21] --> Character leveled up to level 14
[ruvoregufaba: 05.10.2021, 20:40:27] --> Character leveled up to level 15
[ruvoregufaba: 05.10.2021, 20:41:21] --> Character leveled up to level 16
[ruvoregufaba: 05.10.2021, 20:41:39] --> Character leveled up to level 17
[ruvoregufaba: 05.10.2021, 20:42:34] --> Character leveled up to level 18
[ruvoregufaba: 05.10.2021, 20:43:29] --> Character leveled up to level 19
[ruvoregufaba: 05.10.2021, 20:43:55] --> nepikerapapo appeared
[ruvoregufaba: 05.10.2021, 20:43:58] --> nepikerapapo appeared
[ruvoregufaba: 05.10.2021, 20:44:11] --> nepikerapapo appeared
[ruvoregufaba: 05.10.2021, 20:45:29] --> Character leveled up to level 20
[ruvoregufaba: 05.10.2021, 20:49:32] --> Character leveled up to level 21
[ruvoregufaba: 05.10.2021, 20:50:22] --> vosuhacenuz appeared
[ruvoregufaba: 05.10.2021, 20:50:43] --> vosuhacenuz appeared
[ruvoregufaba: 05.10.2021, 20:51:03] --> nepikerapapo appeared
[ruvoregufaba: 05.10.2021, 20:51:25] --> vosuhacenuz appeared
[ruvoregufaba: 05.10.2021, 20:51:47] --> vosuhacenuz appeared
[ruvoregufaba: 05.10.2021, 20:52:05] --> vosuhacenuz appeared
[ruvoregufaba: 05.10.2021, 20:52:30] --> nepikerapapo appeared
[ruvoregufaba: 05.10.2021, 20:52:49] --> vosuhacenuz appeared
[ruvoregufaba: 05.10.2021, 20:53:08] --> vosuhacenuz appeared
[ruvoregufaba: 05.10.2021, 20:53:30] --> vosuhacenuz appeared
[ruvoregufaba: 05.10.2021, 20:53:30] --> Character leveled up to level 22
[ruvoregufaba: 05.10.2021, 20:53:50] --> nepikerapapo appeared
[ruvoregufaba: 05.10.2021, 20:54:08] --> vosuhacenuz appeared
[ruvoregufaba: 05.10.2021, 20:54:33] --> vosuhacenuz appeared
[ruvoregufaba: 05.10.2021, 20:54:52] --> vosuhacenuz appeared
[ruvoregufaba: 05.10.2021, 20:55:10] --> vosuhacenuz appeared
[ruvoregufaba: 05.10.2021, 20:55:33] --> vosuhacenuz appeared
[ruvoregufaba: 05.10.2021, 20:55:51] --> vosuhacenuz appeared
[ruvoregufaba: 05.10.2021, 20:56:11] --> vosuhacenuz appeared
[ruvoregufaba: 05.10.2021, 20:56:32] --> vosuhacenuz appeared
[ruvoregufaba: 05.10.2021, 20:56:52] --> vosuhacenuz appeared
[ruvoregufaba: 05.10.2021, 20:57:10] --> vosuhacenuz appeared
[ruvoregufaba: 05.10.2021, 20:57:25] --> Character leveled up to level 23
[ruvoregufaba: 05.10.2021, 20:57:25] --> Setting 'umut2' loaded because of active level settings
[ruvoregufaba: 05.10.2021, 20:57:33] --> Character got kick
[ruvoregufaba: 05.10.2021, 20:58:08] --> Character was kicked from the bot, reason: Character was walking
[ruvoregufaba: 05.10.2021, 20:58:13] --> muvuwepidi appeared
[ruvoregufaba: 05.10.2021, 20:58:33] --> Character was kicked from the bot, reason: Character was walking
[ruvoregufaba: 05.10.2021, 20:59:29] --> Character leveled up to level 24
[ruvoregufaba: 05.10.2021, 21:00:08] --> Character leveled up to level 25
[ruvoregufaba: 05.10.2021, 21:01:45] --> Bot successfully started
[ruvoregufaba: 05.10.2021, 21:01:45] --> Setting 'umut2' loaded because of active level settings
[ruvoregufaba: 05.10.2021, 21:01:48] --> kuvokizurep appeared
[ruvoregufaba: 05.10.2021, 21:02:05] --> Character leveled up to level 26
[ruvoregufaba: 05.10.2021, 21:02:34] --> bikofozakif appeared
[ruvoregufaba: 05.10.2021, 21:03:06] --> Character leveled up to level 27
[ruvoregufaba: 05.10.2021, 21:03:06] --> kuvokizurep appeared
[ruvoregufaba: 05.10.2021, 21:03:08] --> kuvokizurep appeared
[ruvoregufaba: 05.10.2021, 21:04:00] --> kuvokizurep appeared
[ruvoregufaba: 05.10.2021, 21:04:19] --> Character leveled up to level 28
[ruvoregufaba: 05.10.2021, 21:05:49] --> Character leveled up to level 29
[ruvoregufaba: 05.10.2021, 21:06:13] --> kuvokizurep appeared
[ruvoregufaba: 05.10.2021, 21:06:23] --> kuvokizurep appeared
[ruvoregufaba: 05.10.2021, 21:07:14] --> nepikerapapo appeared
[ruvoregufaba: 05.10.2021, 21:07:30] --> nepikerapapo appeared
[ruvoregufaba: 05.10.2021, 21:07:30] --> Character leveled up to level 30
[ruvoregufaba: 05.10.2021, 21:07:32] --> Bot stopped: Character reached level 30
[ruvoregufaba: 05.10.2021, 21:08:18] --> nepikerapapo appeared
[ruvoregufaba: 05.10.2021, 21:08:48] --> Character died
[ruvoregufaba: 05.10.2021, 21:09:03] --> nepikerapapo appeared
[ruvoregufaba: 05.10.2021, 21:09:50] --> nepikerapapo appeared
[ruvoregufaba: 05.10.2021, 21:10:37] --> nepikerapapo appeared
[ruvoregufaba: 05.10.2021, 21:11:24] --> nepikerapapo appeared
[ruvoregufaba: 05.10.2021, 21:11:49] --> Character got kick
[ruvoregufaba: 05.10.2021, 21:12:56] --> boberibizosi appeared
[ruvoregufaba: 05.10.2021, 21:13:10] --> tafurarozalo appeared
[ruvoregufaba: 05.10.2021, 21:13:31] --> tavemumusit appeared
[ruvoregufaba: 05.10.2021, 21:16:59] --> fericezodev appeared
[ruvoregufaba: 05.10.2021, 21:17:19] --> suwasupehi appeared
[ruvoregufaba: 05.10.2021, 21:18:21] --> fericezodev appeared
[ruvoregufaba: 05.10.2021, 21:20:06] --> kuvokizurep appeared
[ruvoregufaba: 05.10.2021, 21:24:04] --> vosuhacenuz appeared
[ruvoregufaba: 09.10.2021, 19:07:29] --> Bot successfully started
[ruvoregufaba: 09.10.2021, 19:09:40] --> nagikumevepe appeared
[ruvoregufaba: 09.10.2021, 19:10:02] --> Character was kicked from the bot, reason: Changing character
[ruvoregufaba: 09.10.2021, 19:10:06] --> Character leveled up to level 70
[azercerepise: 09.10.2021, 19:11:07] --> Character went to shop
[azercerepise: 09.10.2021, 19:11:21] --> Character was kicked from the bot, reason: Character was walking
[azercerepise: 09.10.2021, 19:12:33] --> Character was kicked from the bot, reason: Character was walking
[azercerepise: 09.10.2021, 19:16:13] --> huwivericu appeared
[azercerepise: 09.10.2021, 19:16:32] --> Character was kicked from the bot, reason: Character was walking
[azercerepise: 09.10.2021, 19:16:40] --> Time passed, now going to talk to alchemist: azercerepise
[azercerepise: 09.10.2021, 19:16:40] --> Character went to Alchemist
[azercerepise: 09.10.2021, 19:16:41] --> Character went to shop
[azercerepise: 09.10.2021, 19:16:54] --> Character was kicked from the bot, reason: Character was walking
[azercerepise: 09.10.2021, 19:16:59] --> proprio appeared
[azercerepise: 09.10.2021, 19:17:54] --> Character was kicked from the bot, reason: Character was walking
[azercerepise: 09.10.2021, 19:18:16] --> Character was kicked from the bot, reason: Character was walking
