[kaddenifeder: 01.10.2021, 20:47:21] --> Bot successfully started
[kaddenifeder: 01.10.2021, 20:47:21] --> azercerepise appeared
[kaddenifeder: 02.10.2021, 15:07:27] --> Bot successfully started
[kaddenifeder: 02.10.2021, 15:07:27] --> Miraak appeared
[kaddenifeder: 02.10.2021, 15:19:05] --> Bot successfully started
[kaddenifeder: 02.10.2021, 15:19:05] --> Miraak appeared
[kaddenifeder: 02.10.2021, 15:19:47] --> Character died
[kaddenifeder: 02.10.2021, 15:29:53] --> Eraphelys appeared
[kaddenifeder: 02.10.2021, 15:33:13] --> Character was kicked from the bot, reason: Character was walking
[kaddenifeder: 02.10.2021, 15:33:23] --> azercerepise appeared
[kaddenifeder: 02.10.2021, 15:38:13] --> Ussete appeared
[kaddenifeder: 02.10.2021, 15:38:19] --> Ussete appeared
[kaddenifeder: 02.10.2021, 15:38:56] --> Character died
[kaddenifeder: 02.10.2021, 15:53:53] --> Sharkii01 appeared
[kaddenifeder: 02.10.2021, 15:55:40] --> Sharkii01 appeared
[kaddenifeder: 02.10.2021, 15:57:15] --> BehindYouu appeared
[kaddenifeder: 02.10.2021, 15:57:28] --> Character died
[kaddenifeder: 02.10.2021, 15:59:02] --> Character died
[kaddenifeder: 02.10.2021, 15:59:19] --> adaptator appeared
[kaddenifeder: 02.10.2021, 15:59:27] --> Character died
[kaddenifeder: 02.10.2021, 15:59:50] --> Character died
[kaddenifeder: 02.10.2021, 16:00:04] --> adaptator appeared
[kaddenifeder: 02.10.2021, 16:00:04] --> Character died
[kaddenifeder: 02.10.2021, 16:00:17] --> Character died
[kaddenifeder: 02.10.2021, 16:00:28] --> Character died
[kaddenifeder: 02.10.2021, 16:00:43] --> Character died
[kaddenifeder: 02.10.2021, 16:01:04] --> Character died
[kaddenifeder: 02.10.2021, 16:01:24] --> Character died
[kaddenifeder: 02.10.2021, 16:01:42] --> Character died
[kaddenifeder: 02.10.2021, 16:01:51] --> Miraak appeared
[kaddenifeder: 02.10.2021, 16:01:58] --> Character died
[kaddenifeder: 02.10.2021, 16:02:19] --> Character died
[kaddenifeder: 02.10.2021, 16:02:33] --> Character died
[kaddenifeder: 02.10.2021, 16:02:35] --> Character died
[kaddenifeder: 02.10.2021, 16:02:58] --> Character died
[kaddenifeder: 02.10.2021, 16:03:12] --> Character died
[kaddenifeder: 02.10.2021, 16:03:24] --> Character died
[kaddenifeder: 02.10.2021, 16:03:42] --> Character died
[kaddenifeder: 02.10.2021, 16:04:03] --> Character died
[kaddenifeder: 02.10.2021, 16:04:22] --> Character died
[kaddenifeder: 02.10.2021, 16:04:34] --> Character died
[kaddenifeder: 02.10.2021, 16:04:44] --> Character died
[kaddenifeder: 02.10.2021, 16:04:54] --> Character died
[kaddenifeder: 02.10.2021, 16:05:05] --> Character died
[kaddenifeder: 02.10.2021, 16:05:17] --> Character died
[kaddenifeder: 02.10.2021, 16:05:27] --> Character died
[kaddenifeder: 02.10.2021, 16:05:38] --> Character died
[kaddenifeder: 02.10.2021, 16:05:48] --> Character died
[kaddenifeder: 02.10.2021, 16:05:59] --> Character died
[kaddenifeder: 02.10.2021, 16:05:59] --> Miraak appeared
[kaddenifeder: 02.10.2021, 16:06:10] --> Character died
[kaddenifeder: 02.10.2021, 16:06:10] --> Miraak appeared
[kaddenifeder: 02.10.2021, 16:06:54] --> Miraak appeared
[kaddenifeder: 02.10.2021, 16:06:54] --> Character died
[kaddenifeder: 02.10.2021, 16:07:06] --> Character died
[kaddenifeder: 02.10.2021, 16:07:24] --> Character died
[kaddenifeder: 02.10.2021, 16:08:27] --> yazghare appeared
[kaddenifeder: 02.10.2021, 16:08:36] --> adaptator appeared
[kaddenifeder: 02.10.2021, 16:08:55] --> Character died
[kaddenifeder: 02.10.2021, 16:08:56] --> Character was kicked from the bot, reason: Relogging
[kaddenifeder: 02.10.2021, 16:08:59] --> Bot terminated: [GM]Pamli appeared.
[kaddenifeder: 02.10.2021, 16:10:47] --> Bot successfully started
[kaddenifeder: 02.10.2021, 16:10:48] --> Eraphelys appeared
[kaddenifeder: 02.10.2021, 16:10:51] --> Eraphelys appeared
[kaddenifeder: 02.10.2021, 16:13:20] --> Bot successfully started
[kaddenifeder: 02.10.2021, 16:13:21] --> adaptator appeared
[kaddenifeder: 02.10.2021, 16:13:24] --> adaptator appeared
[kaddenifeder: 02.10.2021, 16:13:32] --> Character died
[kaddenifeder: 02.10.2021, 16:39:01] --> Bot successfully started
[kaddenifeder: 02.10.2021, 16:39:01] --> adaptator appeared
[kaddenifeder: 02.10.2021, 16:39:04] --> adaptator appeared
[kaddenifeder: 02.10.2021, 16:56:14] --> Bot successfully started
[kaddenifeder: 02.10.2021, 16:56:15] --> adaptator appeared
[kaddenifeder: 02.10.2021, 16:56:18] --> adaptator appeared
[kaddenifeder: 02.10.2021, 16:56:22] --> Changing into CH2
[kaddenifeder: 02.10.2021, 17:34:12] --> Bot successfully started
[kaddenifeder: 02.10.2021, 17:34:12] --> MassilxHabra appeared
[kaddenifeder: 02.10.2021, 17:35:19] --> Character died
[kaddenifeder: 02.10.2021, 17:36:50] --> Character died
[kaddenifeder: 02.10.2021, 17:37:15] --> Character was kicked from the bot, reason: Character was walking
[kaddenifeder: 02.10.2021, 17:38:00] --> Character was kicked from the bot, reason: Character was walking
[kaddenifeder: 02.10.2021, 17:38:04] --> vuzakapecad appeared
[kaddenifeder: 02.10.2021, 17:38:20] --> Character was kicked from the bot, reason: Character was walking
[kaddenifeder: 02.10.2021, 17:38:40] --> pogedogosovu appeared
[kaddenifeder: 02.10.2021, 17:38:43] --> pogedogosovu appeared
[kaddenifeder: 02.10.2021, 17:39:49] --> pogedogosovu appeared
[kaddenifeder: 02.10.2021, 17:46:38] --> Character died
[kaddenifeder: 02.10.2021, 17:47:35] --> Restarting because of Render bugs
[kaddenifeder: 02.10.2021, 17:48:39] --> Bot successfully started
[kaddenifeder: 02.10.2021, 17:50:43] --> pogedogosovu appeared
[kaddenifeder: 02.10.2021, 18:04:04] --> fekazivadi appeared
[kaddenifeder: 02.10.2021, 18:04:54] --> Restarting because of Render bugs
[kaddenifeder: 02.10.2021, 18:05:44] --> Bot successfully started
[kaddenifeder: 02.10.2021, 18:06:10] --> fekazivadi appeared
[kaddenifeder: 02.10.2021, 18:08:54] --> fekazivadi appeared
[kaddenifeder: 02.10.2021, 18:08:57] --> fekazivadi appeared
[kaddenifeder: 02.10.2021, 18:10:04] --> fekazivadi appeared
[kaddenifeder: 02.10.2021, 18:10:14] --> fekazivadi appeared
[kaddenifeder: 02.10.2021, 18:11:11] --> Restarting because of Render bugs
[kaddenifeder: 02.10.2021, 18:12:25] --> Bot successfully started
[kaddenifeder: 02.10.2021, 18:12:25] --> yvanne appeared
[kaddenifeder: 02.10.2021, 18:12:46] --> yvanne appeared
[kaddenifeder: 02.10.2021, 18:13:00] --> yvanne appeared
[kaddenifeder: 02.10.2021, 18:14:37] --> fekazivadi appeared
[kaddenifeder: 02.10.2021, 18:17:19] --> fekazivadi appeared
[kaddenifeder: 02.10.2021, 18:17:24] --> fekazivadi appeared
[kaddenifeder: 02.10.2021, 18:18:29] --> fekazivadi appeared
[kaddenifeder: 02.10.2021, 18:18:37] --> fekazivadi appeared
[kaddenifeder: 02.10.2021, 18:21:12] --> fekazivadi appeared
[kaddenifeder: 02.10.2021, 18:26:21] --> fekazivadi appeared
[kaddenifeder: 02.10.2021, 18:28:59] --> fekazivadi appeared
[kaddenifeder: 02.10.2021, 18:31:44] --> fekazivadi appeared
[kaddenifeder: 02.10.2021, 18:32:55] --> fekazivadi appeared
[kaddenifeder: 02.10.2021, 18:38:09] --> fekazivadi appeared
[kaddenifeder: 02.10.2021, 18:40:50] --> fekazivadi appeared
[kaddenifeder: 02.10.2021, 18:42:06] --> fekazivadi appeared
[kaddenifeder: 02.10.2021, 18:42:15] --> fekazivadi appeared
[kaddenifeder: 02.10.2021, 18:43:39] --> fekazivadi appeared
[kaddenifeder: 02.10.2021, 18:43:44] --> fekazivadi appeared
[kaddenifeder: 02.10.2021, 18:44:50] --> fekazivadi appeared
[kaddenifeder: 02.10.2021, 18:47:13] --> Restarting because of Render bugs
[kaddenifeder: 02.10.2021, 18:48:29] --> Bot successfully started
[kaddenifeder: 02.10.2021, 18:50:23] --> fekazivadi appeared
[kaddenifeder: 02.10.2021, 18:55:33] --> fekazivadi appeared
[kaddenifeder: 02.10.2021, 18:59:21] --> fekazivadi appeared
[kaddenifeder: 02.10.2021, 19:07:15] --> Bot successfully started
[kaddenifeder: 02.10.2021, 19:07:15] --> fekazivadi appeared
[kaddenifeder: 02.10.2021, 19:08:04] --> Gryphem appeared
[kaddenifeder: 02.10.2021, 19:10:04] --> fekazivadi appeared
[kaddenifeder: 02.10.2021, 19:10:13] --> Character was kicked from the bot, reason: Character was walking
[kaddenifeder: 02.10.2021, 19:10:36] --> Changing into CH1
[kaddenifeder: 02.10.2021, 19:10:41] --> iloresweas appeared
[kaddenifeder: 04.10.2021, 14:57:16] --> Bot successfully started
[kaddenifeder: 04.10.2021, 14:57:16] --> kingpariser appeared
[kaddenifeder: 04.10.2021, 15:07:18] --> Character was kicked from the bot, reason: Character was walking
[kaddenifeder: 04.10.2021, 15:07:54] --> Character was kicked from the bot, reason: Character was walking
[kaddenifeder: 04.10.2021, 15:23:57] --> Restarting because of Render bugs
[kaddenifeder: 04.10.2021, 15:24:46] --> Bot successfully started
[kaddenifeder: 04.10.2021, 15:28:53] --> Restarting because of Render bugs
[kaddenifeder: 04.10.2021, 15:30:06] --> Bot successfully started
[kaddenifeder: 04.10.2021, 15:34:39] --> Restarting because of Render bugs
[kaddenifeder: 04.10.2021, 15:35:58] --> Bot successfully started
[kaddenifeder: 04.10.2021, 15:56:18] --> Restarting because of Render bugs
[kaddenifeder: 04.10.2021, 15:57:38] --> Bot successfully started
[kaddenifeder: 04.10.2021, 16:13:31] --> Restarting because of Render bugs
[kaddenifeder: 04.10.2021, 16:14:28] --> Bot successfully started
[kaddenifeder: 04.10.2021, 16:29:05] --> Restarting because of Render bugs
[kaddenifeder: 04.10.2021, 16:30:12] --> Bot successfully started
[kaddenifeder: 04.10.2021, 16:37:25] --> Restarting because of Render bugs
[kaddenifeder: 04.10.2021, 16:38:51] --> Bot successfully started
[kaddenifeder: 04.10.2021, 16:41:43] --> Restarting because of Render bugs
[kaddenifeder: 04.10.2021, 16:43:04] --> Bot successfully started
[kaddenifeder: 04.10.2021, 16:52:23] --> Restarting because of Render bugs
[kaddenifeder: 04.10.2021, 16:53:21] --> Bot successfully started
[kaddenifeder: 04.10.2021, 17:01:20] --> Restarting because of Render bugs
[kaddenifeder: 04.10.2021, 17:10:57] --> Bot successfully started
[kaddenifeder: 04.10.2021, 17:11:06] --> Character was kicked from the bot, reason: Character was walking
[kaddenifeder: 04.10.2021, 17:16:11] --> Restarting because of Render bugs
[kaddenifeder: 04.10.2021, 17:17:09] --> Bot successfully started
[kaddenifeder: 04.10.2021, 17:23:58] --> Restarting because of Render bugs
[kaddenifeder: 04.10.2021, 17:25:23] --> Bot successfully started
[kaddenifeder: 04.10.2021, 17:26:48] --> Restarting because of Render bugs
[kaddenifeder: 04.10.2021, 17:27:43] --> Bot successfully started
[kaddenifeder: 04.10.2021, 17:32:18] --> Restarting because of Render bugs
[kaddenifeder: 04.10.2021, 17:33:38] --> Bot successfully started
[kaddenifeder: 04.10.2021, 17:38:15] --> Restarting because of Render bugs
[kaddenifeder: 04.10.2021, 17:39:14] --> Bot successfully started
[kaddenifeder: 04.10.2021, 18:09:59] --> Restarting because of Render bugs
[kaddenifeder: 04.10.2021, 18:11:21] --> Bot successfully started
[kaddenifeder: 04.10.2021, 18:19:36] --> zumemefofadu appeared
[kaddenifeder: 04.10.2021, 18:22:14] --> zumemefofadu appeared
[kaddenifeder: 04.10.2021, 18:23:17] --> Restarting because of Render bugs
[kaddenifeder: 04.10.2021, 18:24:10] --> Bot successfully started
[kaddenifeder: 04.10.2021, 18:25:00] --> zumemefofadu appeared
[kaddenifeder: 04.10.2021, 18:26:28] --> zumemefofadu appeared
[kaddenifeder: 04.10.2021, 18:26:33] --> zumemefofadu appeared
[kaddenifeder: 04.10.2021, 18:29:05] --> zumemefofadu appeared
[kaddenifeder: 04.10.2021, 18:31:43] --> zumemefofadu appeared
[kaddenifeder: 04.10.2021, 18:31:49] --> zumemefofadu appeared
[kaddenifeder: 04.10.2021, 18:36:52] --> zumemefofadu appeared
[kaddenifeder: 04.10.2021, 18:38:18] --> zumemefofadu appeared
[kaddenifeder: 04.10.2021, 18:38:20] --> zumemefofadu appeared
[kaddenifeder: 04.10.2021, 18:39:17] --> Restarting because of Render bugs
[kaddenifeder: 04.10.2021, 18:40:22] --> Bot successfully started
[kaddenifeder: 04.10.2021, 18:42:01] --> Bot successfully started
[kaddenifeder: 04.10.2021, 18:42:18] --> zumemefofadu appeared
[kaddenifeder: 04.10.2021, 18:43:34] --> zumemefofadu appeared
[kaddenifeder: 04.10.2021, 18:43:41] --> zumemefofadu appeared
[kaddenifeder: 04.10.2021, 18:46:12] --> zumemefofadu appeared
[kaddenifeder: 04.10.2021, 18:46:16] --> zumemefofadu appeared
[kaddenifeder: 04.10.2021, 18:48:49] --> zumemefofadu appeared
[kaddenifeder: 04.10.2021, 18:48:53] --> zumemefofadu appeared
[kaddenifeder: 04.10.2021, 18:50:00] --> zumemefofadu appeared
[kaddenifeder: 04.10.2021, 18:52:35] --> zumemefofadu appeared
[kaddenifeder: 04.10.2021, 18:52:44] --> zumemefofadu appeared
[kaddenifeder: 04.10.2021, 18:55:14] --> zumemefofadu appeared
[kaddenifeder: 04.10.2021, 18:55:21] --> zumemefofadu appeared
[kaddenifeder: 04.10.2021, 18:56:38] --> zumemefofadu appeared
[kaddenifeder: 04.10.2021, 18:56:41] --> zumemefofadu appeared
[kaddenifeder: 04.10.2021, 18:57:39] --> Restarting because of Render bugs
[kaddenifeder: 04.10.2021, 18:58:39] --> Bot successfully started
[kaddenifeder: 04.10.2021, 18:59:31] --> zumemefofadu appeared
[kaddenifeder: 04.10.2021, 19:02:10] --> zumemefofadu appeared
[kaddenifeder: 04.10.2021, 19:04:46] --> zumemefofadu appeared
[kaddenifeder: 04.10.2021, 19:06:03] --> zumemefofadu appeared
[kaddenifeder: 04.10.2021, 19:06:14] --> zumemefofadu appeared
[kaddenifeder: 04.10.2021, 19:07:09] --> Restarting because of Render bugs
[kaddenifeder: 04.10.2021, 19:08:26] --> Bot successfully started
[kaddenifeder: 04.10.2021, 19:10:35] --> zumemefofadu appeared
[kaddenifeder: 04.10.2021, 19:13:13] --> zumemefofadu appeared
[kaddenifeder: 04.10.2021, 19:15:52] --> zumemefofadu appeared
[kaddenifeder: 04.10.2021, 19:18:13] --> Restarting because of Render bugs
[kaddenifeder: 04.10.2021, 19:19:28] --> Bot successfully started
[kaddenifeder: 04.10.2021, 19:21:15] --> zumemefofadu appeared
[kaddenifeder: 04.10.2021, 19:25:11] --> dekagukusak appeared
[kaddenifeder: 04.10.2021, 19:27:47] --> dekagukusak appeared
[kaddenifeder: 04.10.2021, 19:30:25] --> dekagukusak appeared
[kaddenifeder: 04.10.2021, 19:30:31] --> dekagukusak appeared
[kaddenifeder: 04.10.2021, 19:31:27] --> Restarting because of Render bugs
[kaddenifeder: 04.10.2021, 19:34:05] --> Bot successfully started
[kaddenifeder: 04.10.2021, 19:34:54] --> dekagukusak appeared
[kaddenifeder: 04.10.2021, 19:37:30] --> dekagukusak appeared
[kaddenifeder: 04.10.2021, 19:37:41] --> dekagukusak appeared
[kaddenifeder: 04.10.2021, 19:38:36] --> Restarting because of Render bugs
[kaddenifeder: 04.10.2021, 19:39:27] --> Bot successfully started
[kaddenifeder: 04.10.2021, 19:40:18] --> dekagukusak appeared
[kaddenifeder: 04.10.2021, 19:42:59] --> dekagukusak appeared
[kaddenifeder: 04.10.2021, 19:45:33] --> dekagukusak appeared
[kaddenifeder: 04.10.2021, 19:48:00] --> Restarting because of Render bugs
[kaddenifeder: 04.10.2021, 19:49:54] --> Bot successfully started
[kaddenifeder: 04.10.2021, 19:50:52] --> dekagukusak appeared
[kaddenifeder: 04.10.2021, 19:57:24] --> dekagukusak appeared
[kaddenifeder: 04.10.2021, 19:58:36] --> dekagukusak appeared
[kaddenifeder: 04.10.2021, 19:58:43] --> dekagukusak appeared
[kaddenifeder: 04.10.2021, 20:00:03] --> dekagukusak appeared
[kaddenifeder: 04.10.2021, 20:04:54] --> Restarting because of Render bugs
[kaddenifeder: 04.10.2021, 20:05:54] --> Bot successfully started
[kaddenifeder: 04.10.2021, 20:07:51] --> Restarting because of Render bugs
[kaddenifeder: 04.10.2021, 20:09:10] --> Bot successfully started
[kaddenifeder: 04.10.2021, 20:10:03] --> dekagukusak appeared
[kaddenifeder: 04.10.2021, 20:12:39] --> dekagukusak appeared
[kaddenifeder: 04.10.2021, 20:16:10] --> Character died
[kaddenifeder: 04.10.2021, 20:19:47] --> dekagukusak appeared
[kaddenifeder: 04.10.2021, 20:22:19] --> dekagukusak appeared
[kaddenifeder: 04.10.2021, 20:25:04] --> dekagukusak appeared
[kaddenifeder: 04.10.2021, 20:27:40] --> dekagukusak appeared
[kaddenifeder: 04.10.2021, 20:30:19] --> dekagukusak appeared
[kaddenifeder: 04.10.2021, 20:32:51] --> dekagukusak appeared
[kaddenifeder: 04.10.2021, 20:36:50] --> mifikihutab appeared
[kaddenifeder: 04.10.2021, 20:36:55] --> mifikihutab appeared
[kaddenifeder: 04.10.2021, 20:39:26] --> mifikihutab appeared
[kaddenifeder: 04.10.2021, 20:42:03] --> mifikihutab appeared
[kaddenifeder: 04.10.2021, 20:42:06] --> mifikihutab appeared
[kaddenifeder: 04.10.2021, 20:44:37] --> mifikihutab appeared
[kaddenifeder: 04.10.2021, 20:45:41] --> Restarting because of Render bugs
[kaddenifeder: 04.10.2021, 20:47:07] --> Bot successfully started
[kaddenifeder: 04.10.2021, 20:49:12] --> Bot successfully started
[kaddenifeder: 04.10.2021, 20:50:34] --> mifikihutab appeared
[kaddenifeder: 04.10.2021, 20:50:44] --> mifikihutab appeared
[kaddenifeder: 04.10.2021, 20:51:41] --> Restarting because of Render bugs
[kaddenifeder: 04.10.2021, 20:52:36] --> Bot successfully started
[kaddenifeder: 04.10.2021, 20:53:03] --> mifikihutab appeared
[kaddenifeder: 04.10.2021, 20:54:06] --> Restarting because of Render bugs
[kaddenifeder: 04.10.2021, 20:55:04] --> Bot successfully started
[kaddenifeder: 04.10.2021, 20:55:14] --> Character died
[kaddenifeder: 04.10.2021, 20:55:41] --> Character died
[kaddenifeder: 04.10.2021, 21:03:46] --> Bot successfully started
[kaddenifeder: 04.10.2021, 21:04:00] --> Character died
[kaddenifeder: 04.10.2021, 21:05:47] --> Character was kicked from the bot, reason: Character was walking
[kaddenifeder: 04.10.2021, 21:06:43] --> Changing into CH1
[kaddenifeder: 04.10.2021, 21:06:50] --> iloresweas appeared
[kaddenifeder: 04.10.2021, 22:27:23] --> Bot successfully started
[kaddenifeder: 04.10.2021, 22:27:23] --> aszerliporet appeared
[kaddenifeder: 05.10.2021, 11:15:13] --> Bot successfully started
[kaddenifeder: 05.10.2021, 11:16:05] --> aszerliporet appeared
[kaddenifeder: 05.10.2021, 11:20:33] --> Character was kicked from the bot, reason: Changing character
[kaddenifeder: 05.10.2021, 11:21:09] --> aszerliporet appeared
[kaddenifeder: 05.10.2021, 11:21:24] --> Character was kicked from the bot, reason: Changing character
[pesovafakuf:  05.10.2021, 11:21:42] --> Changing into CH2
[pesovafakuf:  05.10.2021, 11:29:15] --> Character was kicked from the bot, reason: Changing character
[zarupebifi:   05.10.2021, 11:31:45] --> Character was kicked from the bot, reason: Changing character
[webobesafu:   05.10.2021, 11:34:43] --> Character was kicked from the bot, reason: Changing character
[kaddenifeder: 05.10.2021, 12:06:36] --> Bot successfully started
[kaddenifeder: 05.10.2021, 12:07:36] --> aszerliporet appeared
[kaddenifeder: 05.10.2021, 12:09:25] --> Character was kicked from the bot, reason: Changing character
[pesovafakuf:  05.10.2021, 12:09:44] --> nelahufimep appeared
[pesovafakuf:  05.10.2021, 12:10:18] --> Setting 'umut' loaded because of active level settings
[pesovafakuf:  05.10.2021, 12:10:22] --> Character went to shop
[pesovafakuf:  05.10.2021, 12:10:29] --> Character was kicked from the bot, reason: Character was walking
[pesovafakuf:  05.10.2021, 12:10:45] --> nelahufimep appeared
[pesovafakuf:  05.10.2021, 12:11:31] --> nelahufimep appeared
[pesovafakuf:  05.10.2021, 12:11:37] --> Character was kicked from the bot, reason: Character was walking
[pesovafakuf:  05.10.2021, 12:11:49] --> Character was kicked from the bot, reason: Character was walking
[pesovafakuf:  05.10.2021, 12:11:54] --> cirerahezi appeared
[pesovafakuf:  05.10.2021, 12:12:01] --> Character leveled up to level 3
[pesovafakuf:  05.10.2021, 12:12:02] --> Character leveled up to level 5
[pesovafakuf:  05.10.2021, 12:12:03] --> Character leveled up to level 6
[pesovafakuf:  05.10.2021, 12:12:04] --> Character leveled up to level 7
[pesovafakuf:  05.10.2021, 12:12:41] --> Character leveled up to level 8
[pesovafakuf:  05.10.2021, 12:12:50] --> Character leveled up to level 9
[pesovafakuf:  05.10.2021, 12:12:55] --> Character leveled up to level 10
[pesovafakuf:  05.10.2021, 12:12:57] --> Character leveled up to level 11
[pesovafakuf:  05.10.2021, 12:13:04] --> Character leveled up to level 12
[pesovafakuf:  05.10.2021, 12:13:54] --> Character leveled up to level 13
[pesovafakuf:  05.10.2021, 12:15:00] --> Character leveled up to level 14
[pesovafakuf:  05.10.2021, 12:15:45] --> Character leveled up to level 15
[pesovafakuf:  05.10.2021, 12:16:46] --> Character leveled up to level 16
[pesovafakuf:  05.10.2021, 12:17:28] --> nelahufimep appeared
[pesovafakuf:  05.10.2021, 12:17:43] --> Character leveled up to level 17
[pesovafakuf:  05.10.2021, 12:17:48] --> niruzobire appeared
[pesovafakuf:  05.10.2021, 12:18:10] --> nelahufimep appeared
[pesovafakuf:  05.10.2021, 12:18:29] --> nelahufimep appeared
[pesovafakuf:  05.10.2021, 12:18:45] --> Character leveled up to level 18
[pesovafakuf:  05.10.2021, 12:18:48] --> niruzobire appeared
[pesovafakuf:  05.10.2021, 12:19:10] --> nelahufimep appeared
[pesovafakuf:  05.10.2021, 12:19:30] --> nelahufimep appeared
[pesovafakuf:  05.10.2021, 12:19:50] --> niruzobire appeared
[pesovafakuf:  05.10.2021, 12:19:54] --> Character leveled up to level 19
[pesovafakuf:  05.10.2021, 12:20:10] --> nelahufimep appeared
[pesovafakuf:  05.10.2021, 12:20:28] --> nelahufimep appeared
[pesovafakuf:  05.10.2021, 12:20:51] --> nelahufimep appeared
[pesovafakuf:  05.10.2021, 12:21:11] --> nelahufimep appeared
[pesovafakuf:  05.10.2021, 12:21:31] --> nelahufimep appeared
[pesovafakuf:  05.10.2021, 12:21:49] --> nelahufimep appeared
[pesovafakuf:  05.10.2021, 12:21:57] --> Character leveled up to level 20
[pesovafakuf:  05.10.2021, 12:22:11] --> nelahufimep appeared
[pesovafakuf:  05.10.2021, 12:22:51] --> nelahufimep appeared
[pesovafakuf:  05.10.2021, 12:23:10] --> nelahufimep appeared
[pesovafakuf:  05.10.2021, 12:23:31] --> nelahufimep appeared
[pesovafakuf:  05.10.2021, 12:23:50] --> nelahufimep appeared
[pesovafakuf:  05.10.2021, 12:24:11] --> nelahufimep appeared
[pesovafakuf:  05.10.2021, 12:24:29] --> nelahufimep appeared
[pesovafakuf:  05.10.2021, 12:25:42] --> Character leveled up to level 21
[pesovafakuf:  05.10.2021, 12:30:54] --> Character leveled up to level 22
[pesovafakuf:  05.10.2021, 12:37:42] --> Character leveled up to level 23
[pesovafakuf:  05.10.2021, 12:37:42] --> Setting 'umut2' loaded because of active level settings
[pesovafakuf:  05.10.2021, 12:37:50] --> Character got kick
[pesovafakuf:  05.10.2021, 12:38:24] --> Character was kicked from the bot, reason: Character was walking
[pesovafakuf:  05.10.2021, 12:38:34] --> yopasrtraz appeared
[pesovafakuf:  05.10.2021, 12:38:47] --> lupavokabek appeared
[pesovafakuf:  05.10.2021, 12:38:48] --> Character was kicked from the bot, reason: Character was walking
[pesovafakuf:  05.10.2021, 12:38:52] --> kusuragafo appeared
[pesovafakuf:  05.10.2021, 12:39:56] --> Character leveled up to level 24
[pesovafakuf:  05.10.2021, 12:40:43] --> Character leveled up to level 25
[pesovafakuf:  05.10.2021, 12:42:17] --> Character leveled up to level 26
[pesovafakuf:  05.10.2021, 12:44:01] --> Character leveled up to level 27
[pesovafakuf:  05.10.2021, 12:45:38] --> Character leveled up to level 28
[pesovafakuf:  05.10.2021, 12:47:07] --> Character leveled up to level 29
[pesovafakuf:  05.10.2021, 12:49:56] --> Character leveled up to level 30
[pesovafakuf:  05.10.2021, 12:49:56] --> Bot stopped: Character reached level 30
[pesovafakuf:  05.10.2021, 12:52:07] --> Character died
[pesovafakuf:  05.10.2021, 12:53:45] --> Character was kicked from the bot, reason: Changing character
[zarupebifi:   05.10.2021, 12:56:14] --> Setting 'umut' loaded because of active level settings
[zarupebifi:   05.10.2021, 12:56:17] --> Character went to shop
[zarupebifi:   05.10.2021, 12:56:25] --> Character was kicked from the bot, reason: Character was walking
[zarupebifi:   05.10.2021, 12:56:49] --> likohiveroh appeared
[zarupebifi:   05.10.2021, 12:57:33] --> Character was kicked from the bot, reason: Character was walking
[zarupebifi:   05.10.2021, 12:57:39] --> likohiveroh appeared
[zarupebifi:   05.10.2021, 12:57:47] --> Character was kicked from the bot, reason: Character was walking
[zarupebifi:   05.10.2021, 12:57:52] --> nefokerulize appeared
[zarupebifi:   05.10.2021, 12:57:59] --> Character leveled up to level 7
[zarupebifi:   05.10.2021, 12:58:00] --> Character leveled up to level 8
[zarupebifi:   05.10.2021, 12:58:01] --> Character leveled up to level 9
[zarupebifi:   05.10.2021, 12:58:07] --> Character leveled up to level 10
[zarupebifi:   05.10.2021, 12:58:12] --> Character leveled up to level 11
[zarupebifi:   05.10.2021, 12:58:16] --> Character leveled up to level 12
[zarupebifi:   05.10.2021, 12:58:22] --> Character leveled up to level 13
[zarupebifi:   05.10.2021, 12:58:46] --> likohiveroh appeared
[zarupebifi:   05.10.2021, 12:58:49] --> Character leveled up to level 14
[zarupebifi:   05.10.2021, 12:59:08] --> likohiveroh appeared
[zarupebifi:   05.10.2021, 12:59:27] --> likohiveroh appeared
[zarupebifi:   05.10.2021, 12:59:41] --> Character leveled up to level 15
[zarupebifi:   05.10.2021, 12:59:50] --> niruzobire appeared
[zarupebifi:   05.10.2021, 12:59:52] --> Character leveled up to level 16
[zarupebifi:   05.10.2021, 13:00:13] --> nefokerulize appeared
[zarupebifi:   05.10.2021, 13:00:31] --> nefokerulize appeared
[zarupebifi:   05.10.2021, 13:00:54] --> nefokerulize appeared
[zarupebifi:   05.10.2021, 13:01:11] --> nefokerulize appeared
[zarupebifi:   05.10.2021, 13:01:32] --> nefokerulize appeared
[zarupebifi:   05.10.2021, 13:01:42] --> Character leveled up to level 17
[zarupebifi:   05.10.2021, 13:01:58] --> Character leveled up to level 18
[zarupebifi:   05.10.2021, 13:02:00] --> likohiveroh appeared
[zarupebifi:   05.10.2021, 13:04:00] --> Character leveled up to level 19
[zarupebifi:   05.10.2021, 13:06:41] --> Character leveled up to level 20
[zarupebifi:   05.10.2021, 13:10:45] --> Character leveled up to level 21
[zarupebifi:   05.10.2021, 13:12:30] --> Bot successfully started
[zarupebifi:   05.10.2021, 13:12:30] --> Setting 'umut' loaded because of active level settings
[zarupebifi:   05.10.2021, 13:12:30] --> nefokerulize appeared
[zarupebifi:   05.10.2021, 13:16:54] --> Character leveled up to level 22
[zarupebifi:   05.10.2021, 13:22:40] --> Character leveled up to level 23
[zarupebifi:   05.10.2021, 13:22:41] --> Setting 'umut2' loaded because of active level settings
[zarupebifi:   05.10.2021, 13:22:58] --> Character was kicked from the bot, reason: Character was walking
[zarupebifi:   05.10.2021, 13:23:22] --> Character was kicked from the bot, reason: Character was walking
[zarupebifi:   05.10.2021, 13:23:26] --> cigedipuciro appeared
[zarupebifi:   05.10.2021, 13:24:05] --> kefofumegu appeared
[zarupebifi:   05.10.2021, 13:24:34] --> Character leveled up to level 24
[zarupebifi:   05.10.2021, 13:24:40] --> likohiveroh appeared
[zarupebifi:   05.10.2021, 13:25:22] --> zitezotagoza appeared
[zarupebifi:   05.10.2021, 13:25:24] --> Character leveled up to level 25
[zarupebifi:   05.10.2021, 13:26:36] --> Bot successfully started
[zarupebifi:   05.10.2021, 13:26:37] --> likohiveroh appeared
[zarupebifi:   05.10.2021, 13:26:37] --> Setting 'umut2' loaded because of active level settings
[zarupebifi:   05.10.2021, 13:26:54] --> zitezotagoza appeared
[zarupebifi:   05.10.2021, 13:27:13] --> Character died
[zarupebifi:   05.10.2021, 13:27:29] --> likohiveroh appeared
[zarupebifi:   05.10.2021, 13:28:22] --> likohiveroh appeared
[zarupebifi:   05.10.2021, 13:28:24] --> Character leveled up to level 26
[zarupebifi:   05.10.2021, 13:29:06] --> bukugofupur appeared
[zarupebifi:   05.10.2021, 13:29:44] --> Character died
[zarupebifi:   05.10.2021, 13:29:58] --> likohiveroh appeared
[zarupebifi:   05.10.2021, 13:30:18] --> likohiveroh appeared
[zarupebifi:   05.10.2021, 13:30:34] --> Character leveled up to level 27
[zarupebifi:   05.10.2021, 13:30:49] --> Character died
[zarupebifi:   05.10.2021, 13:31:13] --> likohiveroh appeared
[zarupebifi:   05.10.2021, 13:32:17] --> Character leveled up to level 28
[zarupebifi:   05.10.2021, 13:33:56] --> Character leveled up to level 29
[zarupebifi:   05.10.2021, 13:36:30] --> Character leveled up to level 30
[zarupebifi:   05.10.2021, 13:36:31] --> Bot stopped: Character reached level 30
[zarupebifi:   05.10.2021, 13:36:54] --> zitezotagoza appeared
[zarupebifi:   05.10.2021, 13:37:07] --> zitezotagoza appeared
[zarupebifi:   05.10.2021, 13:37:25] --> zitezotagoza appeared
[zarupebifi:   05.10.2021, 13:43:13] --> Character died
[zarupebifi:   05.10.2021, 13:57:09] --> gapokizumoc appeared
[zarupebifi:   05.10.2021, 13:57:13] --> Character was kicked from the bot, reason: Changing character
[zarupebifi:   05.10.2021, 13:57:19] --> zuhokizuzed appeared
[webobesafu:   05.10.2021, 13:58:39] --> Setting 'umut' loaded because of active level settings
[webobesafu:   05.10.2021, 13:58:42] --> Character went to shop
[webobesafu:   05.10.2021, 13:58:49] --> Character was kicked from the bot, reason: Character was walking
[webobesafu:   05.10.2021, 13:59:19] --> zikidezozif appeared
[webobesafu:   05.10.2021, 14:00:00] --> Character was kicked from the bot, reason: Character was walking
[webobesafu:   05.10.2021, 14:00:09] --> zikidezozif appeared
[webobesafu:   05.10.2021, 14:00:12] --> Character was kicked from the bot, reason: Character was walking
[webobesafu:   05.10.2021, 14:00:16] --> zuhokizuzed appeared
[webobesafu:   05.10.2021, 14:00:25] --> Character leveled up to level 2
[webobesafu:   05.10.2021, 14:00:41] --> Character leveled up to level 3
[webobesafu:   05.10.2021, 14:00:42] --> Character leveled up to level 4
[webobesafu:   05.10.2021, 14:00:44] --> Character leveled up to level 5
[webobesafu:   05.10.2021, 14:00:45] --> Character leveled up to level 6
[webobesafu:   05.10.2021, 14:00:51] --> Character leveled up to level 7
[webobesafu:   05.10.2021, 14:00:52] --> Character leveled up to level 8
[webobesafu:   05.10.2021, 14:00:58] --> Character leveled up to level 9
[webobesafu:   05.10.2021, 14:01:40] --> Character leveled up to level 10
[webobesafu:   05.10.2021, 14:01:48] --> Character leveled up to level 11
[webobesafu:   05.10.2021, 14:02:44] --> Character leveled up to level 12
[webobesafu:   05.10.2021, 14:02:50] --> Character leveled up to level 13
[webobesafu:   05.10.2021, 14:03:53] --> Character leveled up to level 14
[webobesafu:   05.10.2021, 14:04:53] --> Character leveled up to level 15
[webobesafu:   05.10.2021, 14:06:49] --> Character leveled up to level 16
[webobesafu:   05.10.2021, 14:08:50] --> Character leveled up to level 17
[webobesafu:   05.10.2021, 14:08:55] --> zuhokizuzed appeared
[webobesafu:   05.10.2021, 14:09:15] --> zuhokizuzed appeared
[webobesafu:   05.10.2021, 14:09:34] --> zuhokizuzed appeared
[webobesafu:   05.10.2021, 14:09:54] --> zuhokizuzed appeared
[webobesafu:   05.10.2021, 14:10:15] --> zuhokizuzed appeared
[webobesafu:   05.10.2021, 14:10:33] --> zuhokizuzed appeared
[webobesafu:   05.10.2021, 14:10:43] --> Character leveled up to level 18
[webobesafu:   05.10.2021, 14:10:56] --> zuhokizuzed appeared
[webobesafu:   05.10.2021, 14:11:14] --> zuhokizuzed appeared
[webobesafu:   05.10.2021, 14:11:29] --> zikidezozif appeared
[webobesafu:   05.10.2021, 14:11:34] --> zuhokizuzed appeared
[webobesafu:   05.10.2021, 14:11:56] --> webifelukede appeared
[webobesafu:   05.10.2021, 14:12:17] --> zuhokizuzed appeared
[webobesafu:   05.10.2021, 14:12:35] --> webifelukede appeared
[webobesafu:   05.10.2021, 14:12:49] --> Character leveled up to level 19
[webobesafu:   05.10.2021, 14:12:58] --> webifelukede appeared
[webobesafu:   05.10.2021, 14:13:16] --> zuhokizuzed appeared
[webobesafu:   05.10.2021, 14:13:37] --> zuhokizuzed appeared
[webobesafu:   05.10.2021, 14:13:57] --> webifelukede appeared
[webobesafu:   05.10.2021, 14:14:17] --> zuhokizuzed appeared
[webobesafu:   05.10.2021, 14:14:33] --> webifelukede appeared
[webobesafu:   05.10.2021, 14:14:48] --> Character leveled up to level 20
[webobesafu:   05.10.2021, 14:14:57] --> zikidezozif appeared
[webobesafu:   05.10.2021, 14:15:15] --> webifelukede appeared
[webobesafu:   05.10.2021, 14:15:35] --> webifelukede appeared
[webobesafu:   05.10.2021, 14:15:55] --> zikidezozif appeared
[webobesafu:   05.10.2021, 14:16:15] --> zikidezozif appeared
[webobesafu:   05.10.2021, 14:16:32] --> zuhokizuzed appeared
[webobesafu:   05.10.2021, 14:16:57] --> zikidezozif appeared
[webobesafu:   05.10.2021, 14:17:15] --> zikidezozif appeared
[webobesafu:   05.10.2021, 14:17:35] --> zikidezozif appeared
[webobesafu:   05.10.2021, 14:17:53] --> Character leveled up to level 21
[webobesafu:   05.10.2021, 14:17:54] --> webifelukede appeared
[webobesafu:   05.10.2021, 14:18:14] --> webifelukede appeared
[webobesafu:   05.10.2021, 14:18:33] --> zikidezozif appeared
[webobesafu:   05.10.2021, 14:18:55] --> webifelukede appeared
[webobesafu:   05.10.2021, 14:19:13] --> zikidezozif appeared
[webobesafu:   05.10.2021, 14:19:33] --> zikidezozif appeared
[webobesafu:   05.10.2021, 14:19:53] --> zikidezozif appeared
[webobesafu:   05.10.2021, 14:20:13] --> webifelukede appeared
[webobesafu:   05.10.2021, 14:20:31] --> webifelukede appeared
[webobesafu:   05.10.2021, 14:20:52] --> zikidezozif appeared
[webobesafu:   05.10.2021, 14:21:12] --> zikidezozif appeared
[webobesafu:   05.10.2021, 14:21:31] --> zikidezozif appeared
[webobesafu:   05.10.2021, 14:21:47] --> Character leveled up to level 22
[webobesafu:   05.10.2021, 14:21:53] --> zikidezozif appeared
[webobesafu:   05.10.2021, 14:22:12] --> webifelukede appeared
[webobesafu:   05.10.2021, 14:22:31] --> webifelukede appeared
[webobesafu:   05.10.2021, 14:22:45] --> webifelukede appeared
[webobesafu:   05.10.2021, 14:22:52] --> zikidezozif appeared
[webobesafu:   05.10.2021, 14:23:12] --> webifelukede appeared
[webobesafu:   05.10.2021, 14:23:25] --> webifelukede appeared
[webobesafu:   05.10.2021, 14:23:31] --> webifelukede appeared
[webobesafu:   05.10.2021, 14:23:52] --> zikidezozif appeared
[webobesafu:   05.10.2021, 14:24:32] --> webifelukede appeared
[webobesafu:   05.10.2021, 14:24:55] --> webifelukede appeared
[webobesafu:   05.10.2021, 14:25:12] --> zikidezozif appeared
[webobesafu:   05.10.2021, 14:25:33] --> webifelukede appeared
[webobesafu:   05.10.2021, 14:25:46] --> Character leveled up to level 23
[webobesafu:   05.10.2021, 14:25:46] --> Setting 'umut2' loaded because of active level settings
[webobesafu:   05.10.2021, 14:26:04] --> Character was kicked from the bot, reason: Character was walking
[webobesafu:   05.10.2021, 14:26:28] --> Character was kicked from the bot, reason: Character was walking
[webobesafu:   05.10.2021, 14:26:32] --> kizevavuhe appeared
[webobesafu:   05.10.2021, 14:26:51] --> sipubikovewu appeared
[webobesafu:   05.10.2021, 14:27:08] --> kizevavuhe appeared
[webobesafu:   05.10.2021, 14:27:38] --> Character leveled up to level 24
[webobesafu:   05.10.2021, 14:27:49] --> sipubikovewu appeared
[webobesafu:   05.10.2021, 14:28:24] --> sipubikovewu appeared
[webobesafu:   05.10.2021, 14:28:58] --> Character leveled up to level 25
[webobesafu:   05.10.2021, 14:29:08] --> sipubikovewu appeared
[webobesafu:   05.10.2021, 14:29:23] --> kizevavuhe appeared
[webobesafu:   05.10.2021, 14:29:49] --> sipubikovewu appeared
[webobesafu:   05.10.2021, 14:30:05] --> kocepivepeb appeared
[webobesafu:   05.10.2021, 14:30:35] --> Character leveled up to level 26
[webobesafu:   05.10.2021, 14:30:44] --> Character died
[webobesafu:   05.10.2021, 14:31:18] --> kizevavuhe appeared
[webobesafu:   05.10.2021, 14:32:04] --> kizevavuhe appeared
[webobesafu:   05.10.2021, 14:32:16] --> Character leveled up to level 27
[webobesafu:   05.10.2021, 14:32:46] --> sipubikovewu appeared
[webobesafu:   05.10.2021, 14:33:08] --> Character died
[webobesafu:   05.10.2021, 14:33:10] --> sipubikovewu appeared
[webobesafu:   05.10.2021, 14:33:46] --> sipubikovewu appeared
[webobesafu:   05.10.2021, 14:34:04] --> sipubikovewu appeared
[webobesafu:   05.10.2021, 14:34:08] --> Character leveled up to level 28
[webobesafu:   05.10.2021, 14:35:24] --> sipubikovewu appeared
[webobesafu:   05.10.2021, 14:35:37] --> kocepivepeb appeared
[webobesafu:   05.10.2021, 14:35:59] --> Character leveled up to level 29
[webobesafu:   05.10.2021, 14:36:03] --> sipubikovewu appeared
[webobesafu:   05.10.2021, 14:36:20] --> sipubikovewu appeared
[webobesafu:   05.10.2021, 14:39:13] --> Character leveled up to level 30
[webobesafu:   05.10.2021, 14:39:15] --> Bot stopped: Character reached level 30
[webobesafu:   05.10.2021, 14:39:32] --> zikidezozif appeared
[webobesafu:   05.10.2021, 14:40:12] --> sipubikovewu appeared
[webobesafu:   05.10.2021, 14:40:51] --> sipubikovewu appeared
[webobesafu:   05.10.2021, 14:43:07] --> webifelukede appeared
[webobesafu:   05.10.2021, 14:43:49] --> sipubikovewu appeared
[webobesafu:   05.10.2021, 14:45:21] --> webifelukede appeared
[webobesafu:   05.10.2021, 14:46:05] --> webifelukede appeared
[webobesafu:   05.10.2021, 14:51:24] --> zikidezozif appeared
[webobesafu:   05.10.2021, 14:54:43] --> Character died
[viwevazuviz:  05.10.2021, 20:43:35] --> Bot successfully started
[viwevazuviz:  05.10.2021, 20:43:36] --> tazozanopaka appeared
[viwevazuviz:  05.10.2021, 20:43:46] --> Setting 'umut' loaded because of active level settings
[viwevazuviz:  05.10.2021, 20:43:49] --> Character went to shop
[viwevazuviz:  05.10.2021, 20:43:57] --> Character was kicked from the bot, reason: Character was walking
[viwevazuviz:  05.10.2021, 20:44:01] --> lavirerisin appeared
[viwevazuviz:  05.10.2021, 20:44:48] --> zuvofozeka appeared
[viwevazuviz:  05.10.2021, 20:44:53] --> zuvofozeka appeared
[viwevazuviz:  05.10.2021, 20:45:04] --> Character was kicked from the bot, reason: Character was walking
[viwevazuviz:  05.10.2021, 20:45:09] --> zuvofozeka appeared
[viwevazuviz:  05.10.2021, 20:45:17] --> Character was kicked from the bot, reason: Character was walking
[viwevazuviz:  05.10.2021, 20:45:25] --> dazikugalovu appeared
[viwevazuviz:  05.10.2021, 20:45:29] --> Character leveled up to level 2
[viwevazuviz:  05.10.2021, 20:45:33] --> Character leveled up to level 3
[viwevazuviz:  05.10.2021, 20:45:35] --> Character leveled up to level 4
[viwevazuviz:  05.10.2021, 20:45:36] --> Character leveled up to level 5
[viwevazuviz:  05.10.2021, 20:45:37] --> Character leveled up to level 6
[viwevazuviz:  05.10.2021, 20:45:39] --> Character leveled up to level 7
[viwevazuviz:  05.10.2021, 20:45:40] --> Character leveled up to level 8
[viwevazuviz:  05.10.2021, 20:45:43] --> Character leveled up to level 9
[viwevazuviz:  05.10.2021, 20:45:43] --> dazikugalovu appeared
[viwevazuviz:  05.10.2021, 20:45:44] --> Character leveled up to level 10
[viwevazuviz:  05.10.2021, 20:45:45] --> Character leveled up to level 11
[viwevazuviz:  05.10.2021, 20:45:48] --> Character leveled up to level 12
[viwevazuviz:  05.10.2021, 20:46:40] --> Character leveled up to level 13
[viwevazuviz:  05.10.2021, 20:47:35] --> Character leveled up to level 14
[viwevazuviz:  05.10.2021, 20:47:51] --> Character leveled up to level 15
[viwevazuviz:  05.10.2021, 20:48:48] --> Character leveled up to level 16
[viwevazuviz:  05.10.2021, 20:50:35] --> Character leveled up to level 17
[viwevazuviz:  05.10.2021, 20:51:47] --> Character leveled up to level 18
[viwevazuviz:  05.10.2021, 20:54:41] --> Character leveled up to level 19
[viwevazuviz:  05.10.2021, 20:59:34] --> Character leveled up to level 20
[viwevazuviz:  05.10.2021, 21:05:49] --> Character leveled up to level 21
[viwevazuviz:  05.10.2021, 21:12:36] --> Character leveled up to level 22
[viwevazuviz:  05.10.2021, 21:18:34] --> Character leveled up to level 23
[viwevazuviz:  05.10.2021, 21:18:35] --> Setting 'umut2' loaded because of active level settings
[viwevazuviz:  05.10.2021, 21:18:53] --> Character was kicked from the bot, reason: Character was walking
[viwevazuviz:  05.10.2021, 21:19:17] --> Character was kicked from the bot, reason: Character was walking
[viwevazuviz:  05.10.2021, 21:19:19] --> dazikugalovu appeared
[viwevazuviz:  05.10.2021, 21:21:22] --> Character leveled up to level 24
[viwevazuviz:  05.10.2021, 21:22:31] --> Character leveled up to level 25
[viwevazuviz:  05.10.2021, 21:24:41] --> Character leveled up to level 26
[viwevazuviz:  05.10.2021, 21:26:19] --> Character leveled up to level 27
[viwevazuviz:  05.10.2021, 21:28:07] --> Character leveled up to level 28
[viwevazuviz:  05.10.2021, 21:28:23] --> Character died
[viwevazuviz:  05.10.2021, 21:29:08] --> tazozanopaka appeared
[viwevazuviz:  05.10.2021, 21:29:52] --> tazozanopaka appeared
[viwevazuviz:  05.10.2021, 21:30:13] --> Character leveled up to level 29
[viwevazuviz:  05.10.2021, 21:30:38] --> tazozanopaka appeared
[viwevazuviz:  05.10.2021, 21:31:37] --> Character leveled up to level 30
[viwevazuviz:  05.10.2021, 21:31:39] --> Bot stopped: Character reached level 30
[viwevazuviz:  05.10.2021, 21:31:42] --> Character died
[kaddenifeder: 09.10.2021, 19:18:09] --> Bot successfully started
[kaddenifeder: 09.10.2021, 19:19:09] --> aszerliporet appeared
