[asperfixxzer: 01.10.2021, 20:29:55] --> Bot successfully started
[asperfixxzer: 01.10.2021, 20:41:25] --> Bot successfully started
[asperfixxzer: 02.10.2021, 14:57:51] --> Bot successfully started
[asperfixxzer: 02.10.2021, 14:57:51] --> FromZero appeared
[asperfixxzer: 02.10.2021, 15:15:06] --> Bot successfully started
[asperfixxzer: 02.10.2021, 15:15:06] --> Tlauf appeared
[asperfixxzer: 02.10.2021, 15:19:00] --> Character died
[asperfixxzer: 02.10.2021, 15:22:21] --> ChingLing appeared
[asperfixxzer: 02.10.2021, 15:31:37] --> ChingLing appeared
[asperfixxzer: 02.10.2021, 15:31:39] --> ChingLing appeared
[asperfixxzer: 02.10.2021, 15:32:14] --> Character was kicked from the bot, reason: Character was walking
[asperfixxzer: 02.10.2021, 15:32:20] --> FromZero appeared
[asperfixxzer: 02.10.2021, 15:48:56] --> NeoBufy appeared
[asperfixxzer: 02.10.2021, 15:49:46] --> SheLoveme appeared
[asperfixxzer: 02.10.2021, 15:49:53] --> dopliment appeared
[asperfixxzer: 02.10.2021, 15:50:37] --> SheLoveme appeared
[asperfixxzer: 02.10.2021, 15:51:27] --> SheLoveme appeared
[asperfixxzer: 02.10.2021, 15:52:11] --> NeoBufy appeared
[asperfixxzer: 02.10.2021, 15:53:17] --> FromZero appeared
[asperfixxzer: 02.10.2021, 15:53:52] --> NeoBufy appeared
[asperfixxzer: 02.10.2021, 15:54:43] --> SheLoveme appeared
[asperfixxzer: 02.10.2021, 15:55:00] --> FromZero appeared
[asperfixxzer: 02.10.2021, 15:55:43] --> NeoBufy appeared
[asperfixxzer: 02.10.2021, 15:55:52] --> FromZero appeared
[asperfixxzer: 02.10.2021, 15:56:26] --> NeoBufy appeared
[asperfixxzer: 02.10.2021, 15:56:43] --> FromZero appeared
[asperfixxzer: 02.10.2021, 15:57:15] --> SheLoveme appeared
[asperfixxzer: 02.10.2021, 15:57:23] --> SheLoveme appeared
[asperfixxzer: 02.10.2021, 15:57:32] --> FromZero appeared
[asperfixxzer: 02.10.2021, 15:58:45] --> NeoBufy appeared
[asperfixxzer: 02.10.2021, 15:59:01] --> FromZero appeared
[asperfixxzer: 02.10.2021, 15:59:39] --> SheLoveme appeared
[asperfixxzer: 02.10.2021, 16:00:24] --> Character died
[asperfixxzer: 02.10.2021, 16:00:45] --> Character died
[asperfixxzer: 02.10.2021, 16:00:45] --> NeoBufy appeared
[asperfixxzer: 02.10.2021, 16:01:08] --> FromZero appeared
[asperfixxzer: 02.10.2021, 16:02:21] --> SheLoveme appeared
[asperfixxzer: 02.10.2021, 16:03:06] --> FromZero appeared
[asperfixxzer: 02.10.2021, 16:04:02] --> NeoBufy appeared
[asperfixxzer: 02.10.2021, 16:04:10] --> FromZero appeared
[asperfixxzer: 02.10.2021, 16:04:37] --> kingpariser appeared
[asperfixxzer: 02.10.2021, 16:06:08] --> barbeubleu appeared
[asperfixxzer: 02.10.2021, 16:06:19] --> NeoBufy appeared
[asperfixxzer: 02.10.2021, 16:08:24] --> FromZero appeared
[asperfixxzer: 02.10.2021, 16:08:32] --> SheLoveme appeared
[asperfixxzer: 02.10.2021, 16:09:14] --> Lantex appeared
[asperfixxzer: 02.10.2021, 16:10:07] --> SheLoveme appeared
[asperfixxzer: 02.10.2021, 16:10:16] --> FromZero appeared
[asperfixxzer: 02.10.2021, 16:17:32] --> Bot successfully started
[asperfixxzer: 02.10.2021, 16:17:32] --> Ardecha appeared
[asperfixxzer: 02.10.2021, 16:17:59] --> Character was kicked from the bot, reason: Character was walking
[asperfixxzer: 02.10.2021, 16:18:44] --> Character was kicked from the bot, reason: Character was walking
[asperfixxzer: 02.10.2021, 16:22:02] --> Bot successfully started
[asperfixxzer: 02.10.2021, 16:22:03] --> zevoboturib appeared
[asperfixxzer: 02.10.2021, 16:22:56] --> emancha12 appeared
[asperfixxzer: 02.10.2021, 16:23:10] --> Character was kicked from the bot, reason: Character was walking
[asperfixxzer: 02.10.2021, 16:23:32] --> Character died
[asperfixxzer: 02.10.2021, 16:24:18] --> Character died
[asperfixxzer: 02.10.2021, 16:24:50] --> Changing into CH4
[asperfixxzer: 02.10.2021, 16:26:18] --> MuleGirls23 appeared
[asperfixxzer: 02.10.2021, 16:26:59] --> Kinchannai appeared
[asperfixxzer: 02.10.2021, 16:29:07] --> Kinchannai appeared
[asperfixxzer: 02.10.2021, 16:29:10] --> Kinchannai appeared
[asperfixxzer: 02.10.2021, 16:30:00] --> Kinchannai appeared
[asperfixxzer: 02.10.2021, 16:30:14] --> Character died
[asperfixxzer: 02.10.2021, 16:30:38] --> Character died
[asperfixxzer: 02.10.2021, 16:30:49] --> azercerepise appeared
[asperfixxzer: 02.10.2021, 16:31:22] --> Character died
[asperfixxzer: 02.10.2021, 16:31:49] --> Character died
[asperfixxzer: 02.10.2021, 16:32:06] --> azercerepise appeared
[asperfixxzer: 02.10.2021, 16:32:32] --> azercerepise appeared
[asperfixxzer: 02.10.2021, 16:32:49] --> Kinchannai appeared
[asperfixxzer: 02.10.2021, 16:33:13] --> azercerepise appeared
[asperfixxzer: 02.10.2021, 16:33:34] --> azercerepise appeared
[asperfixxzer: 02.10.2021, 16:33:54] --> azercerepise appeared
[asperfixxzer: 02.10.2021, 16:34:13] --> Kinchannai appeared
[asperfixxzer: 02.10.2021, 16:34:18] --> Character died
[asperfixxzer: 02.10.2021, 16:34:54] --> azercerepise appeared
[asperfixxzer: 02.10.2021, 16:35:15] --> azercerepise appeared
[asperfixxzer: 02.10.2021, 16:35:34] --> azercerepise appeared
[asperfixxzer: 02.10.2021, 16:35:55] --> azercerepise appeared
[asperfixxzer: 02.10.2021, 16:36:17] --> azercerepise appeared
[asperfixxzer: 02.10.2021, 16:36:36] --> azercerepise appeared
[asperfixxzer: 02.10.2021, 16:36:50] --> Kinchannai appeared
[asperfixxzer: 02.10.2021, 16:36:59] --> azercerepise appeared
[asperfixxzer: 02.10.2021, 16:37:18] --> azercerepise appeared
[asperfixxzer: 02.10.2021, 16:37:42] --> azercerepise appeared
[asperfixxzer: 02.10.2021, 16:38:01] --> azercerepise appeared
[asperfixxzer: 02.10.2021, 16:38:23] --> azercerepise appeared
[asperfixxzer: 02.10.2021, 16:38:43] --> azercerepise appeared
[asperfixxzer: 02.10.2021, 16:39:02] --> Kinchannai appeared
[asperfixxzer: 02.10.2021, 16:39:25] --> azercerepise appeared
[asperfixxzer: 02.10.2021, 16:39:47] --> azercerepise appeared
[asperfixxzer: 02.10.2021, 16:40:07] --> azercerepise appeared
[asperfixxzer: 02.10.2021, 16:40:11] --> Changing into CH4
[asperfixxzer: 02.10.2021, 16:40:33] --> Kinchannai appeared
[asperfixxzer: 02.10.2021, 16:40:39] --> Character died
[asperfixxzer: 02.10.2021, 16:42:11] --> Character died
[asperfixxzer: 02.10.2021, 16:42:34] --> Character died
[asperfixxzer: 02.10.2021, 16:42:56] --> Character died
[asperfixxzer: 02.10.2021, 16:43:16] --> Character died
[asperfixxzer: 02.10.2021, 16:43:37] --> Character died
[asperfixxzer: 02.10.2021, 16:45:40] --> Kinchannai appeared
[asperfixxzer: 02.10.2021, 16:47:05] --> Kinchannai appeared
[asperfixxzer: 02.10.2021, 16:48:20] --> Erchamouta appeared
[asperfixxzer: 02.10.2021, 16:49:08] --> Erchamouta appeared
[asperfixxzer: 02.10.2021, 16:50:34] --> Kinchannai appeared
[asperfixxzer: 02.10.2021, 16:52:40] --> Kinchannai appeared
[asperfixxzer: 02.10.2021, 16:53:20] --> Kinchannai appeared
[asperfixxzer: 02.10.2021, 16:54:08] --> Character died
[asperfixxzer: 02.10.2021, 16:54:33] --> Character died
[asperfixxzer: 02.10.2021, 16:54:38] --> Kinchannai appeared
[asperfixxzer: 02.10.2021, 16:54:51] --> Character died
[asperfixxzer: 02.10.2021, 16:54:57] --> Character died
[asperfixxzer: 02.10.2021, 16:55:17] --> Character died
[asperfixxzer: 02.10.2021, 16:55:42] --> Character died
[asperfixxzer: 02.10.2021, 16:55:57] --> PinPindantag appeared
[asperfixxzer: 02.10.2021, 16:56:02] --> Character died
[asperfixxzer: 02.10.2021, 16:56:28] --> Character died
[asperfixxzer: 02.10.2021, 16:56:54] --> Character died
[asperfixxzer: 02.10.2021, 16:57:16] --> Character died
[asperfixxzer: 02.10.2021, 16:57:37] --> Character died
[asperfixxzer: 02.10.2021, 16:57:52] --> Papouk54 appeared
[asperfixxzer: 02.10.2021, 16:57:55] --> Papouk54 appeared
[asperfixxzer: 02.10.2021, 16:58:03] --> Character died
[asperfixxzer: 02.10.2021, 16:58:32] --> Character died
[asperfixxzer: 02.10.2021, 16:58:46] --> Papouk54 appeared
[asperfixxzer: 02.10.2021, 16:58:54] --> Character died
[asperfixxzer: 02.10.2021, 16:59:04] --> Papouk54 appeared
[asperfixxzer: 02.10.2021, 16:59:13] --> Papouk54 appeared
[asperfixxzer: 02.10.2021, 17:03:05] --> Bot successfully started
[asperfixxzer: 02.10.2021, 17:03:14] --> Character died
[asperfixxzer: 02.10.2021, 17:03:20] --> Haley3 appeared
[asperfixxzer: 02.10.2021, 17:03:42] --> Haley3 appeared
[asperfixxzer: 02.10.2021, 17:03:49] --> Character died
[asperfixxzer: 02.10.2021, 17:04:05] --> Haley3 appeared
[asperfixxzer: 02.10.2021, 17:04:13] --> Character died
[asperfixxzer: 02.10.2021, 17:10:39] --> Bot successfully started
[asperfixxzer: 02.10.2021, 17:10:44] --> Character died
[asperfixxzer: 02.10.2021, 17:10:57] --> Haley3 appeared
[asperfixxzer: 02.10.2021, 17:11:43] --> Character died
[asperfixxzer: 02.10.2021, 17:12:13] --> Character died
[asperfixxzer: 02.10.2021, 17:12:20] --> Haley3 appeared
[asperfixxzer: 02.10.2021, 17:12:36] --> Character died
[asperfixxzer: 02.10.2021, 17:13:03] --> Character died
[asperfixxzer: 02.10.2021, 17:17:59] --> Bot successfully started
[asperfixxzer: 02.10.2021, 17:18:04] --> Haley3 appeared
[asperfixxzer: 02.10.2021, 17:18:04] --> Character died
[asperfixxzer: 02.10.2021, 17:18:11] --> Character was kicked from the bot, reason: Character was walking
[asperfixxzer: 02.10.2021, 17:18:14] --> Character died
[asperfixxzer: 02.10.2021, 17:18:25] --> Haley3 appeared
[asperfixxzer: 02.10.2021, 17:18:58] --> Character got kick
[asperfixxzer: 02.10.2021, 17:19:21] --> cafifigovek appeared
[asperfixxzer: 02.10.2021, 17:19:26] --> Character was kicked from the bot, reason: Character was walking
[asperfixxzer: 02.10.2021, 17:19:32] --> komesaxire appeared
[asperfixxzer: 02.10.2021, 17:19:59] --> komesaxire appeared
[asperfixxzer: 02.10.2021, 17:21:06] --> komesaxire appeared
[asperfixxzer: 02.10.2021, 17:21:28] --> cafifigovek appeared
[asperfixxzer: 02.10.2021, 17:21:49] --> aurilea appeared
[asperfixxzer: 02.10.2021, 17:22:19] --> Changing into CH2
[asperfixxzer: 02.10.2021, 17:22:25] --> azercerepise appeared
[asperfixxzer: 02.10.2021, 17:25:25] --> Bot successfully started
[asperfixxzer: 02.10.2021, 17:26:38] --> rapinikoped appeared
[asperfixxzer: 02.10.2021, 17:28:11] --> rapinikoped appeared
[asperfixxzer: 02.10.2021, 17:28:21] --> rapinikoped appeared
[asperfixxzer: 02.10.2021, 17:30:03] --> rapinikoped appeared
[asperfixxzer: 02.10.2021, 17:31:43] --> rapinikoped appeared
[asperfixxzer: 02.10.2021, 17:33:23] --> rapinikoped appeared
[asperfixxzer: 02.10.2021, 17:35:05] --> rapinikoped appeared
[asperfixxzer: 02.10.2021, 17:35:41] --> iloresweas appeared
[asperfixxzer: 02.10.2021, 17:36:37] --> rapinikoped appeared
[asperfixxzer: 02.10.2021, 17:36:47] --> rapinikoped appeared
[asperfixxzer: 02.10.2021, 17:38:19] --> rapinikoped appeared
[asperfixxzer: 02.10.2021, 17:38:38] --> rapinikoped appeared
[asperfixxzer: 02.10.2021, 17:40:00] --> rapinikoped appeared
[asperfixxzer: 02.10.2021, 17:40:07] --> Girefire78 appeared
[asperfixxzer: 02.10.2021, 17:41:32] --> Girefire78 appeared
[asperfixxzer: 02.10.2021, 17:41:48] --> Girefire78 appeared
[asperfixxzer: 02.10.2021, 17:41:51] --> rapinikoped appeared
[asperfixxzer: 02.10.2021, 17:42:04] --> rapinikoped appeared
[asperfixxzer: 02.10.2021, 17:42:27] --> Girefire78 appeared
[asperfixxzer: 02.10.2021, 17:42:58] --> Girefire78 appeared
[asperfixxzer: 02.10.2021, 17:43:07] --> Girefire78 appeared
[asperfixxzer: 02.10.2021, 17:43:23] --> Girefire78 appeared
[asperfixxzer: 02.10.2021, 17:44:38] --> Girefire78 appeared
[asperfixxzer: 02.10.2021, 17:45:13] --> rapinikoped appeared
[asperfixxzer: 02.10.2021, 17:46:47] --> Girefire78 appeared
[asperfixxzer: 02.10.2021, 17:48:15] --> maxou022 appeared
[asperfixxzer: 02.10.2021, 17:48:53] --> rapinikoped appeared
[asperfixxzer: 02.10.2021, 17:49:24] --> maxou022 appeared
[asperfixxzer: 02.10.2021, 17:49:39] --> maxou022 appeared
[asperfixxzer: 02.10.2021, 17:50:01] --> maxou022 appeared
[asperfixxzer: 02.10.2021, 17:50:18] --> rapinikoped appeared
[asperfixxzer: 02.10.2021, 17:50:59] --> Character died
[asperfixxzer: 02.10.2021, 17:51:28] --> Character died
[asperfixxzer: 02.10.2021, 17:52:00] --> Character died
[asperfixxzer: 02.10.2021, 17:52:26] --> Character died
[asperfixxzer: 02.10.2021, 17:52:53] --> Character died
[asperfixxzer: 02.10.2021, 17:53:24] --> Character died
[asperfixxzer: 02.10.2021, 17:54:48] --> rapinikoped appeared
[asperfixxzer: 02.10.2021, 17:54:58] --> rapinikoped appeared
[asperfixxzer: 02.10.2021, 17:56:42] --> rapinikoped appeared
[asperfixxzer: 02.10.2021, 17:56:54] --> rapinikoped appeared
[asperfixxzer: 02.10.2021, 17:58:12] --> rapinikoped appeared
[asperfixxzer: 02.10.2021, 17:58:39] --> rapinikoped appeared
[asperfixxzer: 02.10.2021, 18:00:01] --> rapinikoped appeared
[asperfixxzer: 02.10.2021, 18:01:41] --> rapinikoped appeared
[asperfixxzer: 02.10.2021, 18:01:43] --> rapinikoped appeared
[asperfixxzer: 02.10.2021, 18:03:17] --> rapinikoped appeared
[asperfixxzer: 02.10.2021, 18:03:29] --> rapinikoped appeared
[asperfixxzer: 02.10.2021, 18:05:05] --> rapinikoped appeared
[asperfixxzer: 02.10.2021, 18:05:30] --> rapinikoped appeared
[asperfixxzer: 02.10.2021, 18:06:42] --> rapinikoped appeared
[asperfixxzer: 02.10.2021, 18:08:22] --> rapinikoped appeared
[asperfixxzer: 02.10.2021, 18:08:39] --> rapinikoped appeared
[asperfixxzer: 02.10.2021, 18:10:12] --> rapinikoped appeared
[asperfixxzer: 02.10.2021, 18:11:56] --> rapinikoped appeared
[asperfixxzer: 02.10.2021, 18:13:34] --> rapinikoped appeared
[asperfixxzer: 02.10.2021, 18:13:54] --> rapinikoped appeared
[asperfixxzer: 02.10.2021, 18:15:07] --> rapinikoped appeared
[asperfixxzer: 02.10.2021, 18:15:36] --> rapinikoped appeared
[asperfixxzer: 02.10.2021, 18:16:52] --> rapinikoped appeared
[asperfixxzer: 02.10.2021, 18:16:56] --> rapinikoped appeared
[asperfixxzer: 02.10.2021, 18:18:37] --> rapinikoped appeared
[asperfixxzer: 02.10.2021, 18:19:03] --> rapinikoped appeared
[asperfixxzer: 02.10.2021, 18:20:13] --> rapinikoped appeared
[asperfixxzer: 02.10.2021, 18:21:52] --> rapinikoped appeared
[asperfixxzer: 02.10.2021, 18:22:12] --> rapinikoped appeared
[asperfixxzer: 02.10.2021, 18:23:41] --> rapinikoped appeared
[asperfixxzer: 02.10.2021, 18:25:24] --> rapinikoped appeared
[asperfixxzer: 02.10.2021, 18:25:34] --> rapinikoped appeared
[asperfixxzer: 02.10.2021, 18:28:46] --> likazizuvepi appeared
[asperfixxzer: 02.10.2021, 18:30:27] --> likazizuvepi appeared
[asperfixxzer: 02.10.2021, 18:30:30] --> likazizuvepi appeared
[asperfixxzer: 02.10.2021, 18:31:59] --> likazizuvepi appeared
[asperfixxzer: 02.10.2021, 18:32:27] --> likazizuvepi appeared
[asperfixxzer: 02.10.2021, 18:33:41] --> likazizuvepi appeared
[asperfixxzer: 02.10.2021, 18:33:51] --> likazizuvepi appeared
[asperfixxzer: 02.10.2021, 18:35:33] --> likazizuvepi appeared
[asperfixxzer: 02.10.2021, 18:35:41] --> likazizuvepi appeared
[asperfixxzer: 02.10.2021, 18:37:12] --> likazizuvepi appeared
[asperfixxzer: 02.10.2021, 18:38:46] --> likazizuvepi appeared
[asperfixxzer: 02.10.2021, 18:40:36] --> likazizuvepi appeared
[asperfixxzer: 02.10.2021, 18:42:17] --> likazizuvepi appeared
[asperfixxzer: 02.10.2021, 18:42:37] --> likazizuvepi appeared
[asperfixxzer: 02.10.2021, 18:42:45] --> likazizuvepi appeared
[asperfixxzer: 02.10.2021, 18:43:55] --> likazizuvepi appeared
[asperfixxzer: 02.10.2021, 18:44:23] --> likazizuvepi appeared
[asperfixxzer: 02.10.2021, 18:45:33] --> likazizuvepi appeared
[asperfixxzer: 02.10.2021, 18:45:57] --> likazizuvepi appeared
[asperfixxzer: 02.10.2021, 18:47:20] --> likazizuvepi appeared
[asperfixxzer: 02.10.2021, 18:49:06] --> likazizuvepi appeared
[asperfixxzer: 02.10.2021, 18:49:18] --> likazizuvepi appeared
[asperfixxzer: 02.10.2021, 18:50:39] --> likazizuvepi appeared
[asperfixxzer: 02.10.2021, 18:51:03] --> likazizuvepi appeared
[asperfixxzer: 02.10.2021, 18:52:23] --> likazizuvepi appeared
[asperfixxzer: 02.10.2021, 18:53:53] --> Bot successfully started
[asperfixxzer: 02.10.2021, 18:53:53] --> likazizuvepi appeared
[asperfixxzer: 02.10.2021, 18:55:30] --> likazizuvepi appeared
[asperfixxzer: 02.10.2021, 18:57:08] --> likazizuvepi appeared
[asperfixxzer: 02.10.2021, 18:57:11] --> likazizuvepi appeared
[asperfixxzer: 02.10.2021, 18:57:37] --> likazizuvepi appeared
[asperfixxzer: 02.10.2021, 18:58:43] --> likazizuvepi appeared
[asperfixxzer: 02.10.2021, 18:58:45] --> likazizuvepi appeared
[asperfixxzer: 02.10.2021, 18:59:08] --> likazizuvepi appeared
[asperfixxzer: 02.10.2021, 19:00:44] --> Bot successfully started
[asperfixxzer: 02.10.2021, 19:02:14] --> Character was kicked from the bot, reason: Character was walking
[asperfixxzer: 02.10.2021, 19:04:41] --> Changing into CH1
[asperfixxzer: 02.10.2021, 19:04:47] --> komesaxire appeared
[asperfixxzer: 04.10.2021, 12:58:39] --> Bot successfully started
[asperfixxzer: 04.10.2021, 12:59:08] --> kerukukufero appeared
[asperfixxzer: 04.10.2021, 12:59:46] --> resutokarav appeared
[asperfixxzer: 04.10.2021, 13:02:05] --> kerukukufero appeared
[asperfixxzer: 04.10.2021, 14:54:22] --> Bot successfully started
[asperfixxzer: 04.10.2021, 15:07:01] --> Character was kicked from the bot, reason: Character was walking
[asperfixxzer: 04.10.2021, 15:07:04] --> iloresweas appeared
[asperfixxzer: 04.10.2021, 15:11:08] --> Drangon07 appeared
[asperfixxzer: 04.10.2021, 15:11:40] --> Drangon07 appeared
[asperfixxzer: 04.10.2021, 15:19:46] --> Bot successfully started
[asperfixxzer: 04.10.2021, 15:20:41] --> aurilea appeared
[asperfixxzer: 04.10.2021, 15:21:58] --> aurilea appeared
[asperfixxzer: 04.10.2021, 15:22:39] --> aurilea appeared
[asperfixxzer: 04.10.2021, 15:23:13] --> aurilea appeared
[asperfixxzer: 04.10.2021, 15:23:17] --> aurilea appeared
[asperfixxzer: 04.10.2021, 15:58:53] --> Bot successfully started
[asperfixxzer: 04.10.2021, 16:09:05] --> Drangon07 appeared
[asperfixxzer: 04.10.2021, 16:09:47] --> Drangon07 appeared
[asperfixxzer: 04.10.2021, 16:11:00] --> Drangon07 appeared
[asperfixxzer: 04.10.2021, 16:11:17] --> Drangon07 appeared
[asperfixxzer: 04.10.2021, 16:11:24] --> Drangon07 appeared
[asperfixxzer: 04.10.2021, 17:32:35] --> Bogomi appeared
[asperfixxzer: 04.10.2021, 17:37:49] --> Angie59 appeared
[asperfixxzer: 04.10.2021, 17:38:06] --> Angie59 appeared
[asperfixxzer: 04.10.2021, 17:38:52] --> Angie59 appeared
[asperfixxzer: 04.10.2021, 17:40:46] --> Character got kick
[asperfixxzer: 04.10.2021, 17:55:52] --> kuwovobiki appeared
[asperfixxzer: 04.10.2021, 17:57:13] --> kuzakipoweke appeared
[asperfixxzer: 04.10.2021, 18:03:07] --> Bot successfully started
[asperfixxzer: 04.10.2021, 18:11:55] --> aurilea appeared
[asperfixxzer: 04.10.2021, 18:13:29] --> aurilea appeared
[asperfixxzer: 04.10.2021, 18:15:08] --> aurilea appeared
[asperfixxzer: 04.10.2021, 18:16:49] --> aurilea appeared
[asperfixxzer: 04.10.2021, 18:18:31] --> aurilea appeared
[asperfixxzer: 04.10.2021, 18:20:04] --> fegutuluro appeared
[asperfixxzer: 04.10.2021, 18:21:53] --> fegutuluro appeared
[asperfixxzer: 04.10.2021, 18:22:32] --> fegutuluro appeared
[asperfixxzer: 04.10.2021, 18:23:48] --> fegutuluro appeared
[asperfixxzer: 04.10.2021, 18:24:15] --> aurilea appeared
[asperfixxzer: 04.10.2021, 18:24:22] --> aurilea appeared
[asperfixxzer: 04.10.2021, 18:25:19] --> aurilea appeared
[asperfixxzer: 04.10.2021, 18:25:44] --> fegutuluro appeared
[asperfixxzer: 04.10.2021, 18:27:20] --> fegutuluro appeared
[asperfixxzer: 04.10.2021, 18:28:50] --> fegutuluro appeared
[asperfixxzer: 04.10.2021, 18:29:03] --> fegutuluro appeared
[asperfixxzer: 04.10.2021, 18:32:33] --> fegutuluro appeared
[asperfixxzer: 04.10.2021, 18:34:04] --> fegutuluro appeared
[asperfixxzer: 04.10.2021, 18:35:38] --> fegutuluro appeared
[asperfixxzer: 04.10.2021, 18:35:47] --> fegutuluro appeared
[asperfixxzer: 04.10.2021, 18:37:34] --> fegutuluro appeared
[asperfixxzer: 04.10.2021, 18:37:51] --> fegutuluro appeared
[asperfixxzer: 04.10.2021, 18:39:09] --> fegutuluro appeared
[asperfixxzer: 04.10.2021, 18:40:43] --> fegutuluro appeared
[asperfixxzer: 04.10.2021, 18:40:51] --> fegutuluro appeared
[asperfixxzer: 04.10.2021, 18:42:38] --> fegutuluro appeared
[asperfixxzer: 04.10.2021, 18:44:16] --> fegutuluro appeared
[asperfixxzer: 04.10.2021, 18:45:55] --> fegutuluro appeared
[asperfixxzer: 04.10.2021, 18:47:39] --> fegutuluro appeared
[asperfixxzer: 04.10.2021, 18:47:50] --> fegutuluro appeared
[asperfixxzer: 04.10.2021, 18:49:20] --> fegutuluro appeared
[asperfixxzer: 04.10.2021, 18:50:50] --> fegutuluro appeared
[asperfixxzer: 04.10.2021, 18:51:02] --> fegutuluro appeared
[asperfixxzer: 04.10.2021, 18:52:42] --> fegutuluro appeared
[asperfixxzer: 04.10.2021, 18:52:59] --> fegutuluro appeared
[asperfixxzer: 04.10.2021, 18:54:20] --> fegutuluro appeared
[asperfixxzer: 04.10.2021, 18:55:41] --> sefuzigakula appeared
[asperfixxzer: 04.10.2021, 18:55:48] --> sefuzigakula appeared
[asperfixxzer: 04.10.2021, 18:55:58] --> lukehepitu appeared
[asperfixxzer: 04.10.2021, 18:56:39] --> lukehepitu appeared
[asperfixxzer: 04.10.2021, 18:57:31] --> sefuzigakula appeared
[asperfixxzer: 04.10.2021, 18:58:20] --> sefuzigakula appeared
[asperfixxzer: 04.10.2021, 18:58:51] --> lukehepitu appeared
[asperfixxzer: 04.10.2021, 19:00:52] --> lukehepitu appeared
[asperfixxzer: 04.10.2021, 19:01:31] --> sefuzigakula appeared
[asperfixxzer: 04.10.2021, 19:02:48] --> sefuzigakula appeared
[asperfixxzer: 04.10.2021, 19:03:46] --> Bot successfully started
[asperfixxzer: 04.10.2021, 19:03:46] --> fegutuluro appeared
[asperfixxzer: 04.10.2021, 19:05:28] --> sefuzigakula appeared
[asperfixxzer: 04.10.2021, 19:06:43] --> sefuzigakula appeared
[asperfixxzer: 04.10.2021, 19:07:02] --> lukehepitu appeared
[asperfixxzer: 04.10.2021, 19:07:08] --> fegutuluro appeared
[asperfixxzer: 04.10.2021, 19:08:20] --> lukehepitu appeared
[asperfixxzer: 04.10.2021, 19:08:40] --> sefuzigakula appeared
[asperfixxzer: 04.10.2021, 19:09:25] --> sefuzigakula appeared
[asperfixxzer: 04.10.2021, 19:10:22] --> sefuzigakula appeared
[asperfixxzer: 04.10.2021, 19:10:33] --> fegutuluro appeared
[asperfixxzer: 04.10.2021, 19:11:45] --> lukehepitu appeared
[asperfixxzer: 04.10.2021, 19:12:24] --> lukehepitu appeared
[asperfixxzer: 04.10.2021, 19:13:39] --> lukehepitu appeared
[asperfixxzer: 04.10.2021, 19:14:23] --> lukehepitu appeared
[asperfixxzer: 04.10.2021, 19:14:58] --> sefuzigakula appeared
[asperfixxzer: 04.10.2021, 19:15:01] --> sefuzigakula appeared
[asperfixxzer: 04.10.2021, 19:16:39] --> lukehepitu appeared
[asperfixxzer: 04.10.2021, 19:18:44] --> sefuzigakula appeared
[asperfixxzer: 04.10.2021, 19:18:56] --> fegutuluro appeared
[asperfixxzer: 04.10.2021, 19:19:19] --> fegutuluro appeared
[asperfixxzer: 04.10.2021, 19:21:17] --> Bot successfully started
[asperfixxzer: 04.10.2021, 19:21:38] --> lukehepitu appeared
[asperfixxzer: 04.10.2021, 19:21:44] --> lukehepitu appeared
[asperfixxzer: 04.10.2021, 19:21:52] --> lukehepitu appeared
[asperfixxzer: 04.10.2021, 19:23:19] --> sefuzigakula appeared
[asperfixxzer: 04.10.2021, 19:25:14] --> sefuzigakula appeared
[asperfixxzer: 04.10.2021, 19:25:52] --> fegutuluro appeared
[asperfixxzer: 04.10.2021, 19:26:05] --> lukehepitu appeared
[asperfixxzer: 04.10.2021, 19:26:21] --> sefuzigakula appeared
[asperfixxzer: 04.10.2021, 19:27:09] --> lukehepitu appeared
[asperfixxzer: 04.10.2021, 19:27:37] --> sefuzigakula appeared
[asperfixxzer: 04.10.2021, 19:27:43] --> sefuzigakula appeared
[asperfixxzer: 04.10.2021, 19:28:17] --> lukehepitu appeared
[asperfixxzer: 04.10.2021, 19:29:09] --> sefuzigakula appeared
[asperfixxzer: 04.10.2021, 19:30:16] --> lukehepitu appeared
[asperfixxzer: 04.10.2021, 19:30:29] --> sefuzigakula appeared
[asperfixxzer: 04.10.2021, 19:31:58] --> sefuzigakula appeared
[asperfixxzer: 04.10.2021, 19:32:10] --> fegutuluro appeared
[asperfixxzer: 04.10.2021, 19:33:32] --> sefuzigakula appeared
[asperfixxzer: 04.10.2021, 19:33:51] --> fegutuluro appeared
[asperfixxzer: 04.10.2021, 19:34:18] --> sefuzigakula appeared
[asperfixxzer: 04.10.2021, 19:35:07] --> lukehepitu appeared
[asperfixxzer: 04.10.2021, 19:35:32] --> sefuzigakula appeared
[asperfixxzer: 04.10.2021, 19:36:38] --> sefuzigakula appeared
[asperfixxzer: 04.10.2021, 19:37:49] --> lukehepitu appeared
[asperfixxzer: 04.10.2021, 19:38:49] --> sefuzigakula appeared
[asperfixxzer: 04.10.2021, 19:39:31] --> sefuzigakula appeared
[asperfixxzer: 04.10.2021, 19:40:04] --> lukehepitu appeared
[asperfixxzer: 04.10.2021, 19:41:09] --> sefuzigakula appeared
[asperfixxzer: 04.10.2021, 19:41:12] --> sefuzigakula appeared
[asperfixxzer: 04.10.2021, 19:42:02] --> lukehepitu appeared
[asperfixxzer: 04.10.2021, 19:42:22] --> sefuzigakula appeared
[asperfixxzer: 04.10.2021, 19:42:41] --> lukehepitu appeared
[asperfixxzer: 04.10.2021, 19:43:25] --> sefuzigakula appeared
[asperfixxzer: 04.10.2021, 19:45:25] --> sefuzigakula appeared
[asperfixxzer: 04.10.2021, 19:46:08] --> sefuzigakula appeared
[asperfixxzer: 04.10.2021, 19:46:54] --> lukehepitu appeared
[asperfixxzer: 04.10.2021, 19:47:12] --> lukehepitu appeared
[asperfixxzer: 04.10.2021, 19:47:19] --> lukehepitu appeared
[asperfixxzer: 04.10.2021, 19:47:21] --> lukehepitu appeared
[asperfixxzer: 04.10.2021, 19:48:10] --> sefuzigakula appeared
[asperfixxzer: 04.10.2021, 19:48:33] --> sefuzigakula appeared
[asperfixxzer: 04.10.2021, 19:48:40] --> sefuzigakula appeared
[asperfixxzer: 04.10.2021, 19:48:48] --> sefuzigakula appeared
[asperfixxzer: 04.10.2021, 19:50:24] --> lukehepitu appeared
[asperfixxzer: 04.10.2021, 19:51:42] --> Bot successfully started
[asperfixxzer: 04.10.2021, 19:51:42] --> fegutuluro appeared
[asperfixxzer: 04.10.2021, 19:53:09] --> lukehepitu appeared
[asperfixxzer: 04.10.2021, 19:54:09] --> sefuzigakula appeared
[asperfixxzer: 04.10.2021, 19:54:29] --> sefuzigakula appeared
[asperfixxzer: 04.10.2021, 19:54:32] --> sefuzigakula appeared
[asperfixxzer: 04.10.2021, 19:54:39] --> sefuzigakula appeared
[asperfixxzer: 04.10.2021, 19:56:12] --> lukehepitu appeared
[asperfixxzer: 04.10.2021, 19:57:07] --> lukehepitu appeared
[asperfixxzer: 04.10.2021, 19:57:20] --> sefuzigakula appeared
[asperfixxzer: 04.10.2021, 19:58:12] --> lukehepitu appeared
[asperfixxzer: 04.10.2021, 19:58:42] --> fegutuluro appeared
[asperfixxzer: 04.10.2021, 19:58:51] --> lukehepitu appeared
[asperfixxzer: 04.10.2021, 20:00:05] --> fegutuluro appeared
[asperfixxzer: 04.10.2021, 20:01:37] --> fegutuluro appeared
[asperfixxzer: 04.10.2021, 20:02:11] --> lukehepitu appeared
[asperfixxzer: 04.10.2021, 20:02:16] --> lukehepitu appeared
[asperfixxzer: 04.10.2021, 20:02:24] --> lukehepitu appeared
[asperfixxzer: 04.10.2021, 20:03:28] --> lukehepitu appeared
[asperfixxzer: 04.10.2021, 20:04:40] --> wacuzomozud appeared
[asperfixxzer: 04.10.2021, 20:05:03] --> wacuzomozud appeared
[asperfixxzer: 04.10.2021, 20:06:37] --> wacuzomozud appeared
[asperfixxzer: 04.10.2021, 20:06:43] --> lukehepitu appeared
[asperfixxzer: 04.10.2021, 20:07:21] --> lukehepitu appeared
[asperfixxzer: 04.10.2021, 20:08:25] --> fegutuluro appeared
[asperfixxzer: 04.10.2021, 20:09:47] --> lukehepitu appeared
[asperfixxzer: 04.10.2021, 20:10:01] --> wacuzomozud appeared
[asperfixxzer: 04.10.2021, 20:10:51] --> wacuzomozud appeared
[asperfixxzer: 04.10.2021, 20:11:45] --> lukehepitu appeared
[asperfixxzer: 04.10.2021, 20:12:24] --> lukehepitu appeared
[asperfixxzer: 04.10.2021, 20:13:29] --> fegutuluro appeared
[asperfixxzer: 04.10.2021, 20:14:15] --> lukehepitu appeared
[asperfixxzer: 04.10.2021, 20:14:32] --> lukehepitu appeared
[asperfixxzer: 04.10.2021, 20:14:42] --> wacuzomozud appeared
[asperfixxzer: 04.10.2021, 20:14:45] --> wacuzomozud appeared
[asperfixxzer: 04.10.2021, 20:15:09] --> lukehepitu appeared
[asperfixxzer: 04.10.2021, 20:16:36] --> lukehepitu appeared
[asperfixxzer: 04.10.2021, 20:17:04] --> fegutuluro appeared
[asperfixxzer: 04.10.2021, 20:17:34] --> lukehepitu appeared
[asperfixxzer: 04.10.2021, 20:18:37] --> lukehepitu appeared
[asperfixxzer: 04.10.2021, 20:18:41] --> wacuzomozud appeared
[asperfixxzer: 04.10.2021, 20:18:54] --> wacuzomozud appeared
[asperfixxzer: 04.10.2021, 20:20:06] --> lukehepitu appeared
[asperfixxzer: 04.10.2021, 20:20:16] --> wacuzomozud appeared
[asperfixxzer: 04.10.2021, 20:21:37] --> lukehepitu appeared
[asperfixxzer: 04.10.2021, 20:21:51] --> wacuzomozud appeared
[asperfixxzer: 04.10.2021, 20:22:19] --> lukehepitu appeared
[asperfixxzer: 04.10.2021, 20:23:32] --> lukehepitu appeared
[asperfixxzer: 04.10.2021, 20:24:01] --> wacuzomozud appeared
[asperfixxzer: 04.10.2021, 20:24:25] --> wacuzomozud appeared
[asperfixxzer: 04.10.2021, 20:24:33] --> wacuzomozud appeared
[asperfixxzer: 04.10.2021, 20:24:56] --> wacuzomozud appeared
[asperfixxzer: 04.10.2021, 20:25:05] --> wacuzomozud appeared
[asperfixxzer: 04.10.2021, 20:25:11] --> wacuzomozud appeared
[asperfixxzer: 04.10.2021, 20:25:31] --> wacuzomozud appeared
[asperfixxzer: 04.10.2021, 20:25:52] --> lukehepitu appeared
[asperfixxzer: 04.10.2021, 20:26:56] --> wacuzomozud appeared
[asperfixxzer: 04.10.2021, 20:27:23] --> lukehepitu appeared
[asperfixxzer: 04.10.2021, 20:27:38] --> lukehepitu appeared
[asperfixxzer: 04.10.2021, 20:28:38] --> wacuzomozud appeared
[asperfixxzer: 04.10.2021, 20:30:09] --> wacuzomozud appeared
[asperfixxzer: 04.10.2021, 20:30:49] --> lukehepitu appeared
[asperfixxzer: 04.10.2021, 20:32:03] --> lukehepitu appeared
[asperfixxzer: 04.10.2021, 20:32:43] --> wacuzomozud appeared
[asperfixxzer: 04.10.2021, 20:33:34] --> lukehepitu appeared
[asperfixxzer: 04.10.2021, 20:33:55] --> wacuzomozud appeared
[asperfixxzer: 04.10.2021, 20:34:28] --> wacuzomozud appeared
[asperfixxzer: 04.10.2021, 20:34:35] --> wacuzomozud appeared
[asperfixxzer: 04.10.2021, 20:35:01] --> wacuzomozud appeared
[asperfixxzer: 04.10.2021, 20:35:46] --> wacuzomozud appeared
[asperfixxzer: 04.10.2021, 20:37:01] --> wacuzomozud appeared
[asperfixxzer: 04.10.2021, 20:37:40] --> wacuzomozud appeared
[asperfixxzer: 04.10.2021, 20:39:00] --> wacuzomozud appeared
[asperfixxzer: 04.10.2021, 20:40:08] --> wacuzomozud appeared
[asperfixxzer: 04.10.2021, 20:40:52] --> wacuzomozud appeared
[asperfixxzer: 04.10.2021, 20:42:12] --> wacuzomozud appeared
[asperfixxzer: 04.10.2021, 20:42:19] --> wacuzomozud appeared
[asperfixxzer: 04.10.2021, 20:43:46] --> lukehepitu appeared
[asperfixxzer: 04.10.2021, 20:44:26] --> lukehepitu appeared
[asperfixxzer: 04.10.2021, 20:45:22] --> wacuzomozud appeared
[asperfixxzer: 04.10.2021, 20:45:47] --> lukehepitu appeared
[asperfixxzer: 04.10.2021, 20:45:59] --> lukehepitu appeared
[asperfixxzer: 04.10.2021, 20:46:35] --> lukehepitu appeared
[asperfixxzer: 04.10.2021, 20:46:51] --> lukehepitu appeared
[asperfixxzer: 04.10.2021, 20:46:54] --> lukehepitu appeared
[asperfixxzer: 04.10.2021, 20:47:02] --> lukehepitu appeared
[asperfixxzer: 04.10.2021, 20:48:03] --> wacuzomozud appeared
[asperfixxzer: 04.10.2021, 20:48:14] --> wacuzomozud appeared
[asperfixxzer: 04.10.2021, 20:48:16] --> wacuzomozud appeared
[asperfixxzer: 04.10.2021, 20:48:21] --> wacuzomozud appeared
[asperfixxzer: 04.10.2021, 20:48:36] --> wacuzomozud appeared
[asperfixxzer: 04.10.2021, 20:48:46] --> lukehepitu appeared
[asperfixxzer: 04.10.2021, 20:49:28] --> lukehepitu appeared
[asperfixxzer: 04.10.2021, 20:49:39] --> wacuzomozud appeared
[asperfixxzer: 04.10.2021, 20:50:34] --> wacuzomozud appeared
[asperfixxzer: 04.10.2021, 20:50:52] --> lukehepitu appeared
[asperfixxzer: 04.10.2021, 20:51:09] --> wacuzomozud appeared
[asperfixxzer: 04.10.2021, 20:52:30] --> wacuzomozud appeared
[asperfixxzer: 04.10.2021, 20:53:09] --> wacuzomozud appeared
[asperfixxzer: 04.10.2021, 20:53:18] --> wacuzomozud appeared
[asperfixxzer: 04.10.2021, 20:53:49] --> rukecunacuv appeared
[asperfixxzer: 04.10.2021, 20:54:11] --> wacuzomozud appeared
[asperfixxzer: 04.10.2021, 20:54:25] --> wacuzomozud appeared
[asperfixxzer: 04.10.2021, 20:55:38] --> rukecunacuv appeared
[asperfixxzer: 04.10.2021, 20:58:04] --> Bot successfully started
[asperfixxzer: 04.10.2021, 20:58:05] --> wacuzomozud appeared
[asperfixxzer: 04.10.2021, 20:58:20] --> wacuzomozud appeared
[asperfixxzer: 04.10.2021, 20:58:38] --> wacuzomozud appeared
[asperfixxzer: 04.10.2021, 20:59:33] --> Character was kicked from the bot, reason: Character was walking
[asperfixxzer: 04.10.2021, 21:00:11] --> Changing into CH1
[asperfixxzer: 04.10.2021, 21:00:18] --> komesaxire appeared
[asperfixxzer: 04.10.2021, 22:28:59] --> Bot successfully started
[asperfixxzer: 04.10.2021, 22:28:59] --> zarepireli appeared
[asperfixxzer: 05.10.2021, 11:38:32] --> Bot successfully started
[asperfixxzer: 05.10.2021, 11:38:44] --> goridomevoc appeared
[asperfixxzer: 05.10.2021, 11:43:22] --> Changing into CH2
[asperfixxzer: 05.10.2021, 11:43:23] --> Character got kick
[asperfixxzer: 05.10.2021, 11:43:41] --> Character got kick
[asperfixxzer: 05.10.2021, 11:44:04] --> needTHAWALK appeared
[rerarosopika: 05.10.2021, 11:46:23] --> Character was kicked from the bot, reason: Changing character
[zalowusake:   05.10.2021, 11:48:51] --> Character was kicked from the bot, reason: Changing character
[bodakerore:   05.10.2021, 11:48:57] --> zobukekuvi appeared
[bodakerore:   05.10.2021, 11:51:05] --> Character was kicked from the bot, reason: Changing character
[asperfixxzer: 05.10.2021, 11:58:29] --> Bot successfully started
[asperfixxzer: 05.10.2021, 12:02:24] --> Character was kicked from the bot, reason: Changing character
[asperfixxzer: 05.10.2021, 12:02:56] --> needTHAWALK appeared
[rerarosopika: 05.10.2021, 12:03:02] --> Setting 'umut' loaded because of active level settings
[rerarosopika: 05.10.2021, 12:03:05] --> Character went to shop
[rerarosopika: 05.10.2021, 12:03:13] --> Character was kicked from the bot, reason: Character was walking
[rerarosopika: 05.10.2021, 12:04:22] --> Character was kicked from the bot, reason: Character was walking
[rerarosopika: 05.10.2021, 12:04:35] --> Character was kicked from the bot, reason: Character was walking
[rerarosopika: 05.10.2021, 12:04:48] --> Character leveled up to level 6
[rerarosopika: 05.10.2021, 12:04:50] --> Character leveled up to level 8
[rerarosopika: 05.10.2021, 12:04:50] --> Character leveled up to level 9
[rerarosopika: 05.10.2021, 12:04:53] --> Character leveled up to level 10
[rerarosopika: 05.10.2021, 12:05:00] --> Character leveled up to level 11
[rerarosopika: 05.10.2021, 12:05:03] --> Character leveled up to level 12
[rerarosopika: 05.10.2021, 12:05:07] --> Character leveled up to level 13
[rerarosopika: 05.10.2021, 12:05:14] --> niruzobire appeared
[rerarosopika: 05.10.2021, 12:05:37] --> Character leveled up to level 14
[rerarosopika: 05.10.2021, 12:05:45] --> niruzobire appeared
[rerarosopika: 05.10.2021, 12:05:58] --> Character leveled up to level 15
[rerarosopika: 05.10.2021, 12:06:16] --> niruzobire appeared
[rerarosopika: 05.10.2021, 12:06:37] --> Character leveled up to level 16
[rerarosopika: 05.10.2021, 12:06:47] --> niruzobire appeared
[rerarosopika: 05.10.2021, 12:07:17] --> niruzobire appeared
[rerarosopika: 05.10.2021, 12:07:28] --> Character leveled up to level 17
[rerarosopika: 05.10.2021, 12:08:41] --> Bot successfully started
[rerarosopika: 05.10.2021, 12:08:41] --> Setting 'umut' loaded because of active level settings
[rerarosopika: 05.10.2021, 12:08:59] --> Character leveled up to level 18
[rerarosopika: 05.10.2021, 12:09:43] --> niruzobire appeared
[rerarosopika: 05.10.2021, 12:09:46] --> niruzobire appeared
[rerarosopika: 05.10.2021, 12:10:33] --> niruzobire appeared
[rerarosopika: 05.10.2021, 12:10:36] --> Character leveled up to level 19
[rerarosopika: 05.10.2021, 12:11:02] --> niruzobire appeared
[rerarosopika: 05.10.2021, 12:11:40] --> fufalifafore appeared
[rerarosopika: 05.10.2021, 12:11:54] --> fufalifafore appeared
[rerarosopika: 05.10.2021, 12:12:14] --> fufalifafore appeared
[rerarosopika: 05.10.2021, 12:12:31] --> Character died
[rerarosopika: 05.10.2021, 12:12:41] --> fufalifafore appeared
[rerarosopika: 05.10.2021, 12:13:26] --> Character leveled up to level 20
[rerarosopika: 05.10.2021, 12:15:42] --> Character leveled up to level 21
[rerarosopika: 05.10.2021, 12:15:43] --> fufalifafore appeared
[rerarosopika: 05.10.2021, 12:16:06] --> fufalifafore appeared
[rerarosopika: 05.10.2021, 12:16:24] --> fufalifafore appeared
[rerarosopika: 05.10.2021, 12:16:47] --> fufalifafore appeared
[rerarosopika: 05.10.2021, 12:17:02] --> niruzobire appeared
[rerarosopika: 05.10.2021, 12:17:06] --> fufalifafore appeared
[rerarosopika: 05.10.2021, 12:17:25] --> fufalifafore appeared
[rerarosopika: 05.10.2021, 12:17:48] --> fufalifafore appeared
[rerarosopika: 05.10.2021, 12:18:03] --> niruzobire appeared
[rerarosopika: 05.10.2021, 12:18:08] --> fufalifafore appeared
[rerarosopika: 05.10.2021, 12:18:26] --> fufalifafore appeared
[rerarosopika: 05.10.2021, 12:18:50] --> fufalifafore appeared
[rerarosopika: 05.10.2021, 12:19:03] --> niruzobire appeared
[rerarosopika: 05.10.2021, 12:19:07] --> fufalifafore appeared
[rerarosopika: 05.10.2021, 12:19:27] --> Character leveled up to level 22
[rerarosopika: 05.10.2021, 12:19:28] --> fufalifafore appeared
[rerarosopika: 05.10.2021, 12:19:49] --> fufalifafore appeared
[rerarosopika: 05.10.2021, 12:20:06] --> niruzobire appeared
[rerarosopika: 05.10.2021, 12:20:29] --> fufalifafore appeared
[rerarosopika: 05.10.2021, 12:20:49] --> fufalifafore appeared
[rerarosopika: 05.10.2021, 12:21:06] --> fufalifafore appeared
[rerarosopika: 05.10.2021, 12:21:31] --> fufalifafore appeared
[rerarosopika: 05.10.2021, 12:21:49] --> fufalifafore appeared
[rerarosopika: 05.10.2021, 12:22:07] --> niruzobire appeared
[rerarosopika: 05.10.2021, 12:22:27] --> fufalifafore appeared
[rerarosopika: 05.10.2021, 12:22:39] --> Character leveled up to level 23
[rerarosopika: 05.10.2021, 12:22:39] --> Setting 'umut2' loaded because of active level settings
[rerarosopika: 05.10.2021, 12:22:57] --> Character was kicked from the bot, reason: Character was walking
[rerarosopika: 05.10.2021, 12:23:21] --> Character was kicked from the bot, reason: Character was walking
[rerarosopika: 05.10.2021, 12:23:25] --> rofiborefuno appeared
[rerarosopika: 05.10.2021, 12:23:50] --> fihadifatab appeared
[rerarosopika: 05.10.2021, 12:24:29] --> Character leveled up to level 24
[rerarosopika: 05.10.2021, 12:24:30] --> fihadifatab appeared
[rerarosopika: 05.10.2021, 12:24:45] --> nenekozozu appeared
[rerarosopika: 05.10.2021, 12:25:10] --> fihadifatab appeared
[rerarosopika: 05.10.2021, 12:25:20] --> Character died
[rerarosopika: 05.10.2021, 12:26:00] --> zokorahita appeared
[rerarosopika: 05.10.2021, 12:26:34] --> Character leveled up to level 25
[rerarosopika: 05.10.2021, 12:26:34] --> mucipobebipa appeared
[rerarosopika: 05.10.2021, 12:26:49] --> zokorahita appeared
[rerarosopika: 05.10.2021, 12:27:29] --> fihadifatab appeared
[rerarosopika: 05.10.2021, 12:27:53] --> Character leveled up to level 26
[rerarosopika: 05.10.2021, 12:28:05] --> fihadifatab appeared
[rerarosopika: 05.10.2021, 12:28:46] --> fihadifatab appeared
[rerarosopika: 05.10.2021, 12:29:02] --> behogedubiwi appeared
[rerarosopika: 05.10.2021, 12:29:30] --> Character leveled up to level 27
[rerarosopika: 05.10.2021, 12:29:44] --> fihadifatab appeared
[rerarosopika: 05.10.2021, 12:30:19] --> fihadifatab appeared
[rerarosopika: 05.10.2021, 12:31:01] --> fihadifatab appeared
[rerarosopika: 05.10.2021, 12:31:13] --> Character leveled up to level 28
[rerarosopika: 05.10.2021, 12:31:15] --> behogedubiwi appeared
[rerarosopika: 05.10.2021, 12:34:25] --> Bot successfully started
[rerarosopika: 05.10.2021, 12:34:25] --> Setting 'umut2' loaded because of active level settings
[rerarosopika: 05.10.2021, 12:34:25] --> fufalifafore appeared
[rerarosopika: 05.10.2021, 12:35:10] --> Character leveled up to level 29
[rerarosopika: 05.10.2021, 12:38:39] --> Character leveled up to level 30
[rerarosopika: 05.10.2021, 12:38:41] --> Bot stopped: Character reached level 30
[rerarosopika: 05.10.2021, 12:44:17] --> Character died
[rerarosopika: 05.10.2021, 12:47:18] --> Character got kick
[rerarosopika: 05.10.2021, 12:47:59] --> fufalifafore appeared
[rerarosopika: 05.10.2021, 12:54:09] --> Character was kicked from the bot, reason: Changing character
[zalowusake:   05.10.2021, 12:54:29] --> Fetirpintys appeared
[zalowusake:   05.10.2021, 12:55:09] --> hukulasuve appeared
[zalowusake:   05.10.2021, 12:56:43] --> Setting 'umut' loaded because of active level settings
[zalowusake:   05.10.2021, 12:56:46] --> Character went to shop
[zalowusake:   05.10.2021, 12:56:54] --> Character was kicked from the bot, reason: Character was walking
[zalowusake:   05.10.2021, 12:58:03] --> Character was kicked from the bot, reason: Character was walking
[zalowusake:   05.10.2021, 12:58:16] --> Character was kicked from the bot, reason: Character was walking
[zalowusake:   05.10.2021, 12:58:29] --> Character leveled up to level 6
[zalowusake:   05.10.2021, 12:58:30] --> Character leveled up to level 7
[zalowusake:   05.10.2021, 12:58:31] --> Character leveled up to level 8
[zalowusake:   05.10.2021, 12:58:33] --> Character leveled up to level 9
[zalowusake:   05.10.2021, 12:58:35] --> niruzobire appeared
[zalowusake:   05.10.2021, 12:58:36] --> Character leveled up to level 10
[zalowusake:   05.10.2021, 12:58:41] --> Character leveled up to level 11
[zalowusake:   05.10.2021, 12:58:45] --> Character leveled up to level 12
[zalowusake:   05.10.2021, 12:58:55] --> Character leveled up to level 13
[zalowusake:   05.10.2021, 12:58:59] --> hukulasuve appeared
[zalowusake:   05.10.2021, 12:59:19] --> hukulasuve appeared
[zalowusake:   05.10.2021, 12:59:33] --> Character leveled up to level 14
[zalowusake:   05.10.2021, 12:59:34] --> niruzobire appeared
[zalowusake:   05.10.2021, 12:59:43] --> hukulasuve appeared
[zalowusake:   05.10.2021, 12:59:44] --> Character leveled up to level 15
[zalowusake:   05.10.2021, 13:00:05] --> hukulasuve appeared
[zalowusake:   05.10.2021, 13:00:26] --> hukulasuve appeared
[zalowusake:   05.10.2021, 13:00:50] --> hukulasuve appeared
[zalowusake:   05.10.2021, 13:01:05] --> niruzobire appeared
[zalowusake:   05.10.2021, 13:01:10] --> hukulasuve appeared
[zalowusake:   05.10.2021, 13:01:21] --> Character leveled up to level 16
[zalowusake:   05.10.2021, 13:01:30] --> hukulasuve appeared
[zalowusake:   05.10.2021, 13:01:53] --> hukulasuve appeared
[zalowusake:   05.10.2021, 13:02:11] --> hukulasuve appeared
[zalowusake:   05.10.2021, 13:02:27] --> Character leveled up to level 17
[zalowusake:   05.10.2021, 13:02:32] --> hukulasuve appeared
[zalowusake:   05.10.2021, 13:02:38] --> Character leveled up to level 18
[zalowusake:   05.10.2021, 13:02:54] --> hukulasuve appeared
[zalowusake:   05.10.2021, 13:03:13] --> hukulasuve appeared
[zalowusake:   05.10.2021, 13:03:36] --> hukulasuve appeared
[zalowusake:   05.10.2021, 13:03:55] --> hukulasuve appeared
[zalowusake:   05.10.2021, 13:04:15] --> hukulasuve appeared
[zalowusake:   05.10.2021, 13:04:33] --> hukulasuve appeared
[zalowusake:   05.10.2021, 13:04:34] --> Character leveled up to level 19
[zalowusake:   05.10.2021, 13:04:55] --> hukulasuve appeared
[zalowusake:   05.10.2021, 13:05:13] --> hukulasuve appeared
[zalowusake:   05.10.2021, 13:05:37] --> hukulasuve appeared
[zalowusake:   05.10.2021, 13:05:58] --> hukulasuve appeared
[zalowusake:   05.10.2021, 13:06:16] --> hukulasuve appeared
[zalowusake:   05.10.2021, 13:06:36] --> Character leveled up to level 20
[zalowusake:   05.10.2021, 13:06:39] --> hukulasuve appeared
[zalowusake:   05.10.2021, 13:07:00] --> hukulasuve appeared
[zalowusake:   05.10.2021, 13:07:18] --> hukulasuve appeared
[zalowusake:   05.10.2021, 13:07:41] --> hukulasuve appeared
[zalowusake:   05.10.2021, 13:08:01] --> hukulasuve appeared
[zalowusake:   05.10.2021, 13:08:20] --> hukulasuve appeared
[zalowusake:   05.10.2021, 13:08:43] --> hukulasuve appeared
[zalowusake:   05.10.2021, 13:09:02] --> hukulasuve appeared
[zalowusake:   05.10.2021, 13:09:23] --> hukulasuve appeared
[zalowusake:   05.10.2021, 13:09:28] --> Character leveled up to level 21
[zalowusake:   05.10.2021, 13:10:38] --> Bot successfully started
[zalowusake:   05.10.2021, 13:10:38] --> Setting 'umut' loaded because of active level settings
[zalowusake:   05.10.2021, 13:10:38] --> hukulasuve appeared
[zalowusake:   05.10.2021, 13:13:38] --> Character leveled up to level 22
[zalowusake:   05.10.2021, 13:18:46] --> Character leveled up to level 23
[zalowusake:   05.10.2021, 13:18:47] --> Setting 'umut2' loaded because of active level settings
[zalowusake:   05.10.2021, 13:19:04] --> Character was kicked from the bot, reason: Character was walking
[zalowusake:   05.10.2021, 13:19:29] --> Character was kicked from the bot, reason: Character was walking
[zalowusake:   05.10.2021, 13:19:32] --> purerifatika appeared
[zalowusake:   05.10.2021, 13:20:07] --> kaniliwufol appeared
[zalowusake:   05.10.2021, 13:20:41] --> Character leveled up to level 24
[zalowusake:   05.10.2021, 13:20:43] --> kaniliwufol appeared
[zalowusake:   05.10.2021, 13:21:25] --> kaniliwufol appeared
[zalowusake:   05.10.2021, 13:22:21] --> zokorahita appeared
[zalowusake:   05.10.2021, 13:22:29] --> Character leveled up to level 25
[zalowusake:   05.10.2021, 13:22:50] --> Character died
[zalowusake:   05.10.2021, 13:23:02] --> kaniliwufol appeared
[zalowusake:   05.10.2021, 13:23:06] --> kaniliwufol appeared
[zalowusake:   05.10.2021, 13:24:26] --> Character leveled up to level 26
[zalowusake:   05.10.2021, 13:30:46] --> Bot successfully started
[zalowusake:   05.10.2021, 13:30:46] --> purerifatika appeared
[zalowusake:   05.10.2021, 13:30:46] --> Setting 'umut2' loaded because of active level settings
[zalowusake:   05.10.2021, 13:31:14] --> hukulasuve appeared
[zalowusake:   05.10.2021, 13:31:54] --> Character leveled up to level 28
[zalowusake:   05.10.2021, 13:31:59] --> hukulasuve appeared
[zalowusake:   05.10.2021, 13:32:41] --> kaniliwufol appeared
[zalowusake:   05.10.2021, 13:33:41] --> Character leveled up to level 29
[zalowusake:   05.10.2021, 13:34:56] --> hukulasuve appeared
[zalowusake:   05.10.2021, 13:35:29] --> Character leveled up to level 30
[zalowusake:   05.10.2021, 13:35:31] --> Bot stopped: Character reached level 30
[zalowusake:   05.10.2021, 13:35:44] --> Character died
[zalowusake:   05.10.2021, 13:38:44] --> Character got kick
[zalowusake:   05.10.2021, 13:39:35] --> zozozulagaba appeared
[zalowusake:   05.10.2021, 13:41:59] --> kosezunezaso appeared
[zalowusake:   05.10.2021, 13:42:50] --> rukezeratari appeared
[zalowusake:   05.10.2021, 13:43:47] --> zapulewukake appeared
[zalowusake:   05.10.2021, 13:43:57] --> cawawesevu appeared
[zalowusake:   05.10.2021, 13:46:07] --> zupuvaliso appeared
[zalowusake:   05.10.2021, 13:46:43] --> vowofokake appeared
[zalowusake:   05.10.2021, 13:47:58] --> hukulasuve appeared
[zalowusake:   05.10.2021, 13:57:17] --> Character was kicked from the bot, reason: Changing character
[zalowusake:   05.10.2021, 13:57:23] --> rebopenaru appeared
[bodakerore:   05.10.2021, 13:58:45] --> Setting 'umut' loaded because of active level settings
[bodakerore:   05.10.2021, 13:58:48] --> Character went to shop
[bodakerore:   05.10.2021, 13:58:56] --> Character was kicked from the bot, reason: Character was walking
[bodakerore:   05.10.2021, 13:59:00] --> rebopenaru appeared
[bodakerore:   05.10.2021, 14:00:03] --> Character was kicked from the bot, reason: Character was walking
[bodakerore:   05.10.2021, 14:00:16] --> Character was kicked from the bot, reason: Character was walking
[bodakerore:   05.10.2021, 14:00:29] --> Character leveled up to level 3
[bodakerore:   05.10.2021, 14:00:32] --> Character leveled up to level 4
[bodakerore:   05.10.2021, 14:00:33] --> Character leveled up to level 5
[bodakerore:   05.10.2021, 14:00:34] --> Character leveled up to level 7
[bodakerore:   05.10.2021, 14:00:39] --> Character leveled up to level 8
[bodakerore:   05.10.2021, 14:00:42] --> Character leveled up to level 9
[bodakerore:   05.10.2021, 14:01:13] --> Character leveled up to level 10
[bodakerore:   05.10.2021, 14:01:29] --> Character leveled up to level 11
[bodakerore:   05.10.2021, 14:01:39] --> Character leveled up to level 12
[bodakerore:   05.10.2021, 14:01:44] --> Character leveled up to level 13
[bodakerore:   05.10.2021, 14:02:37] --> Character leveled up to level 14
[bodakerore:   05.10.2021, 14:03:48] --> Character leveled up to level 15
[bodakerore:   05.10.2021, 14:05:31] --> Character leveled up to level 16
[bodakerore:   05.10.2021, 14:06:50] --> Character leveled up to level 17
[bodakerore:   05.10.2021, 14:07:49] --> Character leveled up to level 18
[bodakerore:   05.10.2021, 14:09:31] --> Character leveled up to level 19
[bodakerore:   05.10.2021, 14:11:28] --> Character leveled up to level 20
[bodakerore:   05.10.2021, 14:13:35] --> Character leveled up to level 21
[bodakerore:   05.10.2021, 14:14:33] --> rebopenaru appeared
[bodakerore:   05.10.2021, 14:15:12] --> rebopenaru appeared
[bodakerore:   05.10.2021, 14:16:37] --> Character leveled up to level 22
[bodakerore:   05.10.2021, 14:22:29] --> Character leveled up to level 23
[bodakerore:   05.10.2021, 14:22:29] --> Setting 'umut2' loaded because of active level settings
[bodakerore:   05.10.2021, 14:22:38] --> Character got kick
[bodakerore:   05.10.2021, 14:23:12] --> Character was kicked from the bot, reason: Character was walking
[bodakerore:   05.10.2021, 14:23:25] --> vorifepazuze appeared
[bodakerore:   05.10.2021, 14:23:37] --> Character was kicked from the bot, reason: Character was walking
[bodakerore:   05.10.2021, 14:23:41] --> kehuwuhizom appeared
[bodakerore:   05.10.2021, 14:24:19] --> kehuwuhizom appeared
[bodakerore:   05.10.2021, 14:24:46] --> Character leveled up to level 24
[bodakerore:   05.10.2021, 14:25:03] --> cawawesevu appeared
[bodakerore:   05.10.2021, 14:25:38] --> rebopenaru appeared
[bodakerore:   05.10.2021, 14:25:40] --> Character leveled up to level 25
[bodakerore:   05.10.2021, 14:26:23] --> rebopenaru appeared
[bodakerore:   05.10.2021, 14:26:27] --> Character died
[bodakerore:   05.10.2021, 14:27:29] --> Character leveled up to level 26
[bodakerore:   05.10.2021, 14:28:31] --> Character leveled up to level 27
[bodakerore:   05.10.2021, 14:30:18] --> Character leveled up to level 28
[bodakerore:   05.10.2021, 14:34:51] --> Bot successfully started
[bodakerore:   05.10.2021, 14:34:51] --> Setting 'umut2' loaded because of active level settings
[bodakerore:   05.10.2021, 14:34:51] --> behogedubiwi appeared
[bodakerore:   05.10.2021, 14:35:22] --> kehuwuhizom appeared
[bodakerore:   05.10.2021, 14:36:15] --> Character leveled up to level 29
[bodakerore:   05.10.2021, 14:36:37] --> rebopenaru appeared
[bodakerore:   05.10.2021, 14:36:59] --> behogedubiwi appeared
[bodakerore:   05.10.2021, 14:37:24] --> rebopenaru appeared
[bodakerore:   05.10.2021, 14:37:52] --> Character leveled up to level 30
[bodakerore:   05.10.2021, 14:37:55] --> Bot stopped: Character reached level 30
[bodakerore:   05.10.2021, 14:43:34] --> cawawesevu appeared
[bodakerore:   05.10.2021, 14:45:47] --> kehuwuhizom appeared
[bodakerore:   05.10.2021, 14:46:16] --> gomokuvefapi appeared
[bodakerore:   05.10.2021, 14:46:29] --> kehuwuhizom appeared
[bodakerore:   05.10.2021, 14:47:13] --> behogedubiwi appeared
[bodakerore:   05.10.2021, 14:47:56] --> kehuwuhizom appeared
[bodakerore:   05.10.2021, 14:51:34] --> kehuwuhizom appeared
[bodakerore:   05.10.2021, 14:52:19] --> kehuwuhizom appeared
[bodakerore:   05.10.2021, 14:53:41] --> cegugifipof appeared
[bodakerore:   05.10.2021, 14:54:18] --> cegugifipof appeared
[gafifavovi:   05.10.2021, 20:34:55] --> Bot successfully started
[gafifavovi:   05.10.2021, 20:34:55] --> kerazinifezo appeared
[gafifavovi:   05.10.2021, 20:37:03] --> kerazinifezo appeared
[gafifavovi:   05.10.2021, 20:37:13] --> Setting 'umut' loaded because of active level settings
[gafifavovi:   05.10.2021, 20:37:16] --> Character went to shop
[gafifavovi:   05.10.2021, 20:37:24] --> Character was kicked from the bot, reason: Character was walking
[gafifavovi:   05.10.2021, 20:37:28] --> raw1 appeared
[gafifavovi:   05.10.2021, 20:38:33] --> Character was kicked from the bot, reason: Character was walking
[gafifavovi:   05.10.2021, 20:38:46] --> Character was kicked from the bot, reason: Character was walking
[gafifavovi:   05.10.2021, 20:38:59] --> Character leveled up to level 7
[gafifavovi:   05.10.2021, 20:39:00] --> Character leveled up to level 8
[gafifavovi:   05.10.2021, 20:39:01] --> Character leveled up to level 9
[gafifavovi:   05.10.2021, 20:39:04] --> Character leveled up to level 10
[gafifavovi:   05.10.2021, 20:39:10] --> Character leveled up to level 11
[gafifavovi:   05.10.2021, 20:39:14] --> Character leveled up to level 12
[gafifavovi:   05.10.2021, 20:39:20] --> Character leveled up to level 13
[gafifavovi:   05.10.2021, 20:39:37] --> Character leveled up to level 14
[gafifavovi:   05.10.2021, 20:39:59] --> Character leveled up to level 15
[gafifavovi:   05.10.2021, 20:40:39] --> Character leveled up to level 16
[gafifavovi:   05.10.2021, 20:41:23] --> Character leveled up to level 17
[gafifavovi:   05.10.2021, 20:42:23] --> Character leveled up to level 18
[gafifavovi:   05.10.2021, 20:43:37] --> Character leveled up to level 19
[gafifavovi:   05.10.2021, 20:43:51] --> vuvelunecu appeared
[gafifavovi:   05.10.2021, 20:44:07] --> vuvelunecu appeared
[gafifavovi:   05.10.2021, 20:44:28] --> vuvelunecu appeared
[gafifavovi:   05.10.2021, 20:47:31] --> Character leveled up to level 20
[gafifavovi:   05.10.2021, 20:50:40] --> vuvelunecu appeared
[gafifavovi:   05.10.2021, 20:50:58] --> vuvelunecu appeared
[gafifavovi:   05.10.2021, 20:51:18] --> vuvelunecu appeared
[gafifavovi:   05.10.2021, 20:51:30] --> Character leveled up to level 21
[gafifavovi:   05.10.2021, 20:55:41] --> vuvelunecu appeared
[gafifavovi:   05.10.2021, 20:56:32] --> Character leveled up to level 22
[gafifavovi:   05.10.2021, 21:03:22] --> Character leveled up to level 23
[gafifavovi:   05.10.2021, 21:03:22] --> Setting 'umut2' loaded because of active level settings
[gafifavovi:   05.10.2021, 21:03:30] --> Character got kick
[gafifavovi:   05.10.2021, 21:04:05] --> Character was kicked from the bot, reason: Character was walking
[gafifavovi:   05.10.2021, 21:04:29] --> Character was kicked from the bot, reason: Character was walking
[gafifavovi:   05.10.2021, 21:04:33] --> koverilawabe appeared
[gafifavovi:   05.10.2021, 21:04:39] --> Character died
[gafifavovi:   05.10.2021, 21:05:14] --> vuvelunecu appeared
[gafifavovi:   05.10.2021, 21:05:38] --> vuvelunecu appeared
[gafifavovi:   05.10.2021, 21:06:16] --> Character leveled up to level 24
[gafifavovi:   05.10.2021, 21:06:23] --> vuvelunecu appeared
[gafifavovi:   05.10.2021, 21:07:08] --> vuvelunecu appeared
[gafifavovi:   05.10.2021, 21:07:17] --> Character leveled up to level 25
[gafifavovi:   05.10.2021, 21:07:26] --> vuvelunecu appeared
[gafifavovi:   05.10.2021, 21:07:55] --> vuvelunecu appeared
[gafifavovi:   05.10.2021, 21:08:14] --> vuvelunecu appeared
[gafifavovi:   05.10.2021, 21:08:40] --> vuvelunecu appeared
[gafifavovi:   05.10.2021, 21:08:51] --> Character leveled up to level 26
[gafifavovi:   05.10.2021, 21:08:55] --> koverilawabe appeared
[gafifavovi:   05.10.2021, 21:08:59] --> vuvelunecu appeared
[gafifavovi:   05.10.2021, 21:09:16] --> Character died
[gafifavovi:   05.10.2021, 21:09:32] --> vuvelunecu appeared
[gafifavovi:   05.10.2021, 21:10:52] --> Character leveled up to level 27
[gafifavovi:   05.10.2021, 21:12:08] --> vuvelunecu appeared
[gafifavovi:   05.10.2021, 21:12:33] --> Character leveled up to level 28
[gafifavovi:   05.10.2021, 21:12:54] --> vuvelunecu appeared
[gafifavovi:   05.10.2021, 21:13:39] --> vuvelunecu appeared
[gafifavovi:   05.10.2021, 21:13:46] --> Character leveled up to level 29
[gafifavovi:   05.10.2021, 21:14:24] --> vuvelunecu appeared
[gafifavovi:   05.10.2021, 21:15:01] --> cipetuzihe appeared
[gafifavovi:   05.10.2021, 21:15:09] --> vuvelunecu appeared
[gafifavovi:   05.10.2021, 21:15:33] --> Character leveled up to level 30
[gafifavovi:   05.10.2021, 21:15:35] --> Bot stopped: Character reached level 30
[gafifavovi:   05.10.2021, 21:15:41] --> Character died
[gafifavovi:   05.10.2021, 21:23:46] --> cepivokolog appeared
[gafifavovi:   05.10.2021, 21:25:33] --> wozifekogu appeared
[gafifavovi:   05.10.2021, 21:30:05] --> cepivokolog appeared
[gafifavovi:   05.10.2021, 21:30:28] --> linilaresif appeared
[gafifavovi:   05.10.2021, 21:30:55] --> vuvelunecu appeared
[gafifavovi:   09.10.2021, 19:06:20] --> Bot successfully started
[gafifavovi:   09.10.2021, 19:07:24] --> mizafinogofi appeared
[gafifavovi:   09.10.2021, 19:07:41] --> pubizezoluku appeared
[gafifavovi:   09.10.2021, 19:09:40] --> Character was kicked from the bot, reason: Changing character
[gafifavovi:   09.10.2021, 19:09:45] --> Character leveled up to level 73
[asperfixxzer: 09.10.2021, 19:10:00] --> hicakabaze appeared
[asperfixxzer: 09.10.2021, 19:10:37] --> Character went to shop
[asperfixxzer: 09.10.2021, 19:10:50] --> Character was kicked from the bot, reason: Character was walking
[asperfixxzer: 09.10.2021, 19:10:55] --> Kautcho appeared
[asperfixxzer: 09.10.2021, 19:12:01] --> Character was kicked from the bot, reason: Character was walking
[asperfixxzer: 09.10.2021, 19:12:06] --> pupesekohib appeared
[asperfixxzer: 09.10.2021, 19:12:07] --> bozakocuvew appeared
[asperfixxzer: 09.10.2021, 19:12:38] --> Character was kicked from the bot, reason: Character was walking
[asperfixxzer: 09.10.2021, 19:12:47] --> Time passed, now going to talk to alchemist: asperfixxzer
[asperfixxzer: 09.10.2021, 19:12:47] --> Character went to Alchemist
[asperfixxzer: 09.10.2021, 19:12:47] --> Character went to shop
[asperfixxzer: 09.10.2021, 19:13:01] --> Character was kicked from the bot, reason: Character was walking
[asperfixxzer: 09.10.2021, 19:13:32] --> raw4 appeared
[asperfixxzer: 09.10.2021, 19:14:02] --> Character was kicked from the bot, reason: Character was walking
[asperfixxzer: 09.10.2021, 19:14:12] --> pupesekohib appeared
[asperfixxzer: 09.10.2021, 19:14:25] --> Character was kicked from the bot, reason: Character was walking
[asperfixxzer: 09.10.2021, 19:14:37] --> Character was kicked from the bot, reason: Character was walking
