[iloresweas:   01.10.2021, 20:45:30] --> Bot successfully started
[iloresweas:   01.10.2021, 20:50:04] --> aszerliporet appeared
[iloresweas:   01.10.2021, 20:50:40] --> eldiablo9143 appeared
[iloresweas:   02.10.2021, 15:05:41] --> Bot successfully started
[iloresweas:   02.10.2021, 15:20:22] --> Bot successfully started
[iloresweas:   02.10.2021, 15:20:22] --> aszerliporet appeared
[iloresweas:   02.10.2021, 15:33:25] --> Character was kicked from the bot, reason: Character was walking
[iloresweas:   02.10.2021, 15:34:38] --> Character died
[iloresweas:   02.10.2021, 15:35:24] --> Character died
[iloresweas:   02.10.2021, 15:40:05] --> Mauros appeared
[iloresweas:   02.10.2021, 15:43:35] --> aszerliporet appeared
[iloresweas:   02.10.2021, 15:53:38] --> Character was kicked from the bot, reason: Character was walking
[iloresweas:   02.10.2021, 15:54:50] --> Bot successfully started
[iloresweas:   02.10.2021, 15:54:53] --> aszerliporet appeared
[iloresweas:   02.10.2021, 15:55:47] --> aszerliporet appeared
[iloresweas:   02.10.2021, 15:56:01] --> Restarting because of Render bugs
[iloresweas:   02.10.2021, 15:57:03] --> Bot successfully started
[iloresweas:   02.10.2021, 15:57:04] --> Amimarena appeared
[iloresweas:   02.10.2021, 15:57:48] --> Amimarena appeared
[iloresweas:   02.10.2021, 15:58:32] --> Amimarena appeared
[iloresweas:   02.10.2021, 15:59:19] --> Amimarena appeared
[iloresweas:   02.10.2021, 16:00:42] --> aszerliporet appeared
[iloresweas:   02.10.2021, 16:01:21] --> Lantex appeared
[iloresweas:   02.10.2021, 16:02:12] --> Character died
[iloresweas:   02.10.2021, 16:02:26] --> aszerliporet appeared
[iloresweas:   02.10.2021, 16:02:30] --> Character died
[iloresweas:   02.10.2021, 16:02:46] --> DurexFrag appeared
[iloresweas:   02.10.2021, 16:04:03] --> Bot successfully started
[iloresweas:   02.10.2021, 16:04:06] --> DurexFrag appeared
[iloresweas:   02.10.2021, 16:05:10] --> Amimarena appeared
[iloresweas:   02.10.2021, 16:05:39] --> aszerliporet appeared
[iloresweas:   02.10.2021, 16:05:44] --> aszerliporet appeared
[iloresweas:   02.10.2021, 16:06:27] --> DurexFrag appeared
[iloresweas:   02.10.2021, 16:06:38] --> aszerliporet appeared
[iloresweas:   02.10.2021, 16:07:26] --> Cleophis appeared
[iloresweas:   02.10.2021, 16:08:12] --> Cleophis appeared
[iloresweas:   02.10.2021, 16:08:46] --> DurexFrag appeared
[iloresweas:   02.10.2021, 16:08:59] --> Cleophis appeared
[iloresweas:   02.10.2021, 16:09:45] --> Amimarena appeared
[iloresweas:   02.10.2021, 16:33:27] --> Bot successfully started
[iloresweas:   02.10.2021, 16:33:27] --> TamaryArron appeared
[iloresweas:   02.10.2021, 16:38:00] --> TamaryArron appeared
[iloresweas:   02.10.2021, 16:38:47] --> TamaryArron appeared
[iloresweas:   02.10.2021, 16:40:00] --> Character died
[iloresweas:   02.10.2021, 16:40:26] --> Character died
[iloresweas:   02.10.2021, 16:40:46] --> Character died
[iloresweas:   02.10.2021, 16:40:47] --> Amimarena appeared
[iloresweas:   02.10.2021, 16:40:57] --> Changing into CH2
[iloresweas:   02.10.2021, 16:41:31] --> Character died
[iloresweas:   02.10.2021, 16:44:15] --> Bot successfully started
[iloresweas:   02.10.2021, 16:44:15] --> Miraak appeared
[iloresweas:   02.10.2021, 16:44:36] --> Ussete appeared
[iloresweas:   02.10.2021, 16:44:38] --> Character died
[iloresweas:   02.10.2021, 16:45:40] --> Restarting because of Render bugs
[iloresweas:   02.10.2021, 16:46:49] --> Bot successfully started
[iloresweas:   02.10.2021, 16:46:49] --> Miraak appeared
[iloresweas:   02.10.2021, 16:47:06] --> Character died
[iloresweas:   02.10.2021, 16:47:24] --> Character died
[iloresweas:   02.10.2021, 16:47:28] --> Character died
[iloresweas:   02.10.2021, 16:47:41] --> Kathleen appeared
[iloresweas:   02.10.2021, 16:48:24] --> Character died
[iloresweas:   02.10.2021, 16:48:42] --> Zrox appeared
[iloresweas:   02.10.2021, 16:48:48] --> Character died
[iloresweas:   02.10.2021, 16:49:33] --> Character died
[iloresweas:   02.10.2021, 16:49:47] --> Character died
[iloresweas:   02.10.2021, 16:49:57] --> Zrox appeared
[iloresweas:   02.10.2021, 16:50:15] --> Character died
[iloresweas:   02.10.2021, 16:50:37] --> Character died
[iloresweas:   02.10.2021, 16:51:06] --> Zrox appeared
[iloresweas:   02.10.2021, 16:51:23] --> Character was kicked from the bot, reason: Relogging
[iloresweas:   02.10.2021, 16:51:26] --> Bot terminated: [GM]Pamli appeared.
[iloresweas:   02.10.2021, 16:55:10] --> Bot successfully started
[iloresweas:   02.10.2021, 16:55:10] --> JusQuoBoulet appeared
[iloresweas:   02.10.2021, 16:55:49] --> Changing into CH2
[iloresweas:   02.10.2021, 16:57:17] --> Bot successfully started
[iloresweas:   02.10.2021, 16:57:17] --> Ussete appeared
[iloresweas:   02.10.2021, 16:57:20] --> Ussete appeared
[iloresweas:   02.10.2021, 17:33:22] --> Bot successfully started
[iloresweas:   02.10.2021, 17:33:23] --> adaptator appeared
[iloresweas:   02.10.2021, 17:33:26] --> adaptator appeared
[iloresweas:   02.10.2021, 17:34:16] --> Character was kicked from the bot, reason: Character was walking
[iloresweas:   02.10.2021, 17:34:19] --> Assasinaa appeared
[iloresweas:   02.10.2021, 17:35:01] --> Character was kicked from the bot, reason: Character was walking
[iloresweas:   02.10.2021, 17:35:06] --> rezozubamob appeared
[iloresweas:   02.10.2021, 17:35:21] --> Character was kicked from the bot, reason: Character was walking
[iloresweas:   02.10.2021, 17:35:41] --> asperfixxzer appeared
[iloresweas:   02.10.2021, 17:36:01] --> Character was kicked from the bot, reason: Character was walking
[iloresweas:   02.10.2021, 17:57:31] --> fazifucive appeared
[iloresweas:   02.10.2021, 18:00:05] --> fazifucive appeared
[iloresweas:   02.10.2021, 18:02:43] --> fazifucive appeared
[iloresweas:   02.10.2021, 18:05:25] --> fazifucive appeared
[iloresweas:   02.10.2021, 18:10:31] --> fazifucive appeared
[iloresweas:   02.10.2021, 18:11:26] --> Bot successfully started
[iloresweas:   02.10.2021, 18:11:26] --> fazifucive appeared
[iloresweas:   02.10.2021, 18:14:09] --> fazifucive appeared
[iloresweas:   02.10.2021, 18:17:46] --> Bot successfully started
[iloresweas:   02.10.2021, 18:20:08] --> fazifucive appeared
[iloresweas:   02.10.2021, 18:25:26] --> fazifucive appeared
[iloresweas:   02.10.2021, 18:26:29] --> Restarting because of Render bugs
[iloresweas:   02.10.2021, 18:27:19] --> Bot successfully started
[iloresweas:   02.10.2021, 18:28:07] --> fazifucive appeared
[iloresweas:   02.10.2021, 18:30:51] --> fazifucive appeared
[iloresweas:   02.10.2021, 18:32:00] --> fazifucive appeared
[iloresweas:   02.10.2021, 18:37:08] --> Restarting because of Render bugs
[iloresweas:   02.10.2021, 18:37:56] --> Bot successfully started
[iloresweas:   02.10.2021, 18:38:21] --> fazifucive appeared
[iloresweas:   02.10.2021, 18:40:44] --> Restarting because of Render bugs
[iloresweas:   02.10.2021, 18:41:32] --> Bot successfully started
[iloresweas:   02.10.2021, 18:42:01] --> fazifucive appeared
[iloresweas:   02.10.2021, 18:47:14] --> fazifucive appeared
[iloresweas:   02.10.2021, 18:49:41] --> Restarting because of Render bugs
[iloresweas:   02.10.2021, 18:50:31] --> Bot successfully started
[iloresweas:   02.10.2021, 18:52:32] --> Restarting because of Render bugs
[iloresweas:   02.10.2021, 18:53:48] --> Bot successfully started
[iloresweas:   02.10.2021, 18:56:04] --> fazifucive appeared
[iloresweas:   02.10.2021, 18:58:49] --> fazifucive appeared
[iloresweas:   02.10.2021, 19:06:20] --> Bot successfully started
[iloresweas:   02.10.2021, 19:10:01] --> Character was kicked from the bot, reason: Character was walking
[iloresweas:   02.10.2021, 19:10:28] --> Changing into CH1
[iloresweas:   02.10.2021, 19:10:34] --> komesaxire appeared
[iloresweas:   04.10.2021, 14:58:15] --> Bot successfully started
[iloresweas:   04.10.2021, 14:58:16] --> asperfixxzer appeared
[iloresweas:   04.10.2021, 15:02:04] --> zozehawezev appeared
[iloresweas:   04.10.2021, 15:04:39] --> zozehawezev appeared
[iloresweas:   04.10.2021, 15:07:24] --> Character was kicked from the bot, reason: Character was walking
[iloresweas:   04.10.2021, 15:08:00] --> Character was kicked from the bot, reason: Character was walking
[iloresweas:   04.10.2021, 15:19:01] --> Restarting because of Render bugs
[iloresweas:   04.10.2021, 15:20:40] --> Bot successfully started
[iloresweas:   04.10.2021, 15:22:11] --> Restarting because of Render bugs
[iloresweas:   04.10.2021, 15:23:01] --> Bot successfully started
[iloresweas:   04.10.2021, 15:30:08] --> Restarting because of Render bugs
[iloresweas:   04.10.2021, 15:31:24] --> Bot successfully started
[iloresweas:   04.10.2021, 15:46:32] --> Restarting because of Render bugs
[iloresweas:   04.10.2021, 15:47:48] --> Bot successfully started
[iloresweas:   04.10.2021, 16:42:27] --> Restarting because of Render bugs
[iloresweas:   04.10.2021, 16:43:53] --> Bot successfully started
[iloresweas:   04.10.2021, 16:51:06] --> Restarting because of Render bugs
[iloresweas:   04.10.2021, 16:52:05] --> Bot successfully started
[iloresweas:   04.10.2021, 17:00:05] --> Restarting because of Render bugs
[iloresweas:   04.10.2021, 17:01:01] --> Bot successfully started
[iloresweas:   04.10.2021, 17:21:20] --> Restarting because of Render bugs
[iloresweas:   04.10.2021, 17:22:46] --> Bot successfully started
[iloresweas:   04.10.2021, 17:36:05] --> Restarting because of Render bugs
[iloresweas:   04.10.2021, 17:37:02] --> Bot successfully started
[iloresweas:   04.10.2021, 17:41:01] --> Restarting because of Render bugs
[iloresweas:   04.10.2021, 17:41:56] --> Bot successfully started
[iloresweas:   04.10.2021, 17:46:26] --> Character died
[iloresweas:   04.10.2021, 17:46:56] --> Character died
[iloresweas:   04.10.2021, 17:47:23] --> Character died
[iloresweas:   04.10.2021, 17:47:48] --> Character died
[iloresweas:   04.10.2021, 17:48:15] --> Character died
[iloresweas:   04.10.2021, 17:48:45] --> Character died
[iloresweas:   04.10.2021, 17:49:16] --> Character died
[iloresweas:   04.10.2021, 17:49:49] --> Character died
[iloresweas:   04.10.2021, 17:51:53] --> Restarting because of Render bugs
[iloresweas:   04.10.2021, 17:53:17] --> Bot successfully started
[iloresweas:   04.10.2021, 18:05:48] --> Restarting because of Render bugs
[iloresweas:   04.10.2021, 18:07:11] --> Bot successfully started
[iloresweas:   04.10.2021, 18:07:17] --> Character died
[iloresweas:   04.10.2021, 18:07:49] --> Character died
[iloresweas:   04.10.2021, 18:08:11] --> Character died
[iloresweas:   04.10.2021, 18:08:38] --> Character died
[iloresweas:   04.10.2021, 18:13:45] --> Restarting because of Render bugs
[iloresweas:   04.10.2021, 18:15:36] --> Bot successfully started
[iloresweas:   04.10.2021, 18:17:53] --> rokelufage appeared
[iloresweas:   04.10.2021, 18:20:34] --> rokelufage appeared
[iloresweas:   04.10.2021, 18:26:41] --> Restarting because of Render bugs
[iloresweas:   04.10.2021, 18:27:36] --> Bot successfully started
[iloresweas:   04.10.2021, 18:36:16] --> rokelufage appeared
[iloresweas:   04.10.2021, 18:44:09] --> rokelufage appeared
[iloresweas:   04.10.2021, 18:48:05] --> rokelufage appeared
[iloresweas:   04.10.2021, 18:50:48] --> rokelufage appeared
[iloresweas:   04.10.2021, 18:53:26] --> rokelufage appeared
[iloresweas:   04.10.2021, 18:56:03] --> rokelufage appeared
[iloresweas:   04.10.2021, 18:58:45] --> rokelufage appeared
[iloresweas:   04.10.2021, 19:06:30] --> rokelufage appeared
[iloresweas:   04.10.2021, 19:07:33] --> Restarting because of Render bugs
[iloresweas:   04.10.2021, 19:08:32] --> Bot successfully started
[iloresweas:   04.10.2021, 19:09:19] --> rokelufage appeared
[iloresweas:   04.10.2021, 19:10:57] --> Character died
[iloresweas:   04.10.2021, 19:11:24] --> Character died
[iloresweas:   04.10.2021, 19:11:59] --> Character died
[iloresweas:   04.10.2021, 19:12:24] --> Character died
[iloresweas:   04.10.2021, 19:12:56] --> Character died
[iloresweas:   04.10.2021, 19:13:25] --> Character died
[iloresweas:   04.10.2021, 19:13:52] --> Character died
[iloresweas:   04.10.2021, 19:18:12] --> bihurolubus appeared
[iloresweas:   04.10.2021, 19:20:48] --> bihurolubus appeared
[iloresweas:   04.10.2021, 19:23:25] --> bihurolubus appeared
[iloresweas:   04.10.2021, 19:26:01] --> bihurolubus appeared
[iloresweas:   04.10.2021, 19:28:39] --> bihurolubus appeared
[iloresweas:   04.10.2021, 19:31:11] --> Restarting because of Render bugs
[iloresweas:   04.10.2021, 19:32:04] --> Bot successfully started
[iloresweas:   04.10.2021, 19:32:28] --> bihurolubus appeared
[iloresweas:   04.10.2021, 19:35:05] --> bihurolubus appeared
[iloresweas:   04.10.2021, 19:37:43] --> bihurolubus appeared
[iloresweas:   04.10.2021, 19:40:24] --> bihurolubus appeared
[iloresweas:   04.10.2021, 19:43:03] --> bihurolubus appeared
[iloresweas:   04.10.2021, 19:45:46] --> bihurolubus appeared
[iloresweas:   04.10.2021, 19:48:24] --> bihurolubus appeared
[iloresweas:   04.10.2021, 19:56:19] --> bihurolubus appeared
[iloresweas:   04.10.2021, 19:56:27] --> bihurolubus appeared
[iloresweas:   04.10.2021, 19:57:14] --> Restarting because of Render bugs
[iloresweas:   04.10.2021, 19:58:11] --> Bot successfully started
[iloresweas:   04.10.2021, 20:02:37] --> bihurolubus appeared
[iloresweas:   04.10.2021, 20:05:24] --> bihurolubus appeared
[iloresweas:   04.10.2021, 20:05:31] --> bihurolubus appeared
[iloresweas:   04.10.2021, 20:06:40] --> bihurolubus appeared
[iloresweas:   04.10.2021, 20:08:05] --> bihurolubus appeared
[iloresweas:   04.10.2021, 20:10:32] --> bihurolubus appeared
[iloresweas:   04.10.2021, 20:13:14] --> bihurolubus appeared
[iloresweas:   04.10.2021, 20:17:15] --> bihurolubus appeared
[iloresweas:   04.10.2021, 20:20:59] --> Restarting because of Render bugs
[iloresweas:   04.10.2021, 20:21:59] --> Bot successfully started
[iloresweas:   04.10.2021, 20:25:00] --> bihurolubus appeared
[iloresweas:   04.10.2021, 20:27:44] --> bihurolubus appeared
[iloresweas:   04.10.2021, 20:30:21] --> bihurolubus appeared
[iloresweas:   04.10.2021, 20:31:27] --> Restarting because of Render bugs
[iloresweas:   04.10.2021, 20:32:48] --> Bot successfully started
[iloresweas:   04.10.2021, 20:39:03] --> bihurolubus appeared
[iloresweas:   04.10.2021, 20:40:30] --> Character died
[iloresweas:   04.10.2021, 20:41:00] --> bihurolubus appeared
[iloresweas:   04.10.2021, 20:41:33] --> Restarting because of Render bugs
[iloresweas:   04.10.2021, 20:42:56] --> Bot successfully started
[iloresweas:   04.10.2021, 20:43:46] --> bihurolubus appeared
[iloresweas:   04.10.2021, 20:46:21] --> bihurolubus appeared
[iloresweas:   04.10.2021, 20:48:57] --> bihurolubus appeared
[iloresweas:   04.10.2021, 20:51:38] --> bihurolubus appeared
[iloresweas:   04.10.2021, 21:02:52] --> Bot successfully started
[iloresweas:   04.10.2021, 21:05:36] --> Character was kicked from the bot, reason: Character was walking
[iloresweas:   04.10.2021, 21:05:52] --> vibavukovepu appeared
[iloresweas:   04.10.2021, 21:06:36] --> Changing into CH1
[iloresweas:   04.10.2021, 21:06:41] --> komesaxire appeared
[iloresweas:   04.10.2021, 22:28:25] --> Bot successfully started
[iloresweas:   04.10.2021, 22:30:28] --> zosusekove appeared
[iloresweas:   05.10.2021, 11:14:18] --> Bot successfully started
[iloresweas:   05.10.2021, 11:20:26] --> Character was kicked from the bot, reason: Changing character
[iloresweas:   05.10.2021, 11:21:20] --> Character was kicked from the bot, reason: Changing character
[fufalifafore: 05.10.2021, 11:21:25] --> evenscary2 appeared
[fufalifafore: 05.10.2021, 11:21:37] --> Changing into CH2
[fufalifafore: 05.10.2021, 11:29:06] --> Character was kicked from the bot, reason: Changing character
[hukulasuve:   05.10.2021, 11:31:29] --> Character was kicked from the bot, reason: Changing character
[rebopenaru:   05.10.2021, 11:34:35] --> Character was kicked from the bot, reason: Changing character
[vuvelunecu:   05.10.2021, 11:40:54] --> Bot successfully started
[vuvelunecu:   05.10.2021, 11:40:55] --> needTHAWALK appeared
[vuvelunecu:   05.10.2021, 11:41:41] --> Character was kicked from the bot, reason: Changing character
[vuvelunecu:   05.10.2021, 11:41:44] --> Character leveled up to level 71
[iloresweas:   05.10.2021, 11:42:05] --> Character got kick
[iloresweas:   05.10.2021, 11:42:25] --> Character was kicked from the bot, reason: Character was walking
[iloresweas:   05.10.2021, 11:42:31] --> gucci13 appeared
[iloresweas:   05.10.2021, 12:05:40] --> Bot successfully started
[iloresweas:   05.10.2021, 12:05:40] --> needTHAWALK appeared
[iloresweas:   05.10.2021, 12:08:53] --> Character was kicked from the bot, reason: Changing character
[fufalifafore: 05.10.2021, 12:09:00] --> Character was kicked from the bot, reason: Changing character
[fufalifafore: 05.10.2021, 12:10:06] --> Setting 'umut' loaded because of active level settings
[fufalifafore: 05.10.2021, 12:10:09] --> Character went to shop
[fufalifafore: 05.10.2021, 12:10:17] --> Character was kicked from the bot, reason: Character was walking
[fufalifafore: 05.10.2021, 12:11:25] --> Character was kicked from the bot, reason: Character was walking
[fufalifafore: 05.10.2021, 12:11:37] --> Character was kicked from the bot, reason: Character was walking
[fufalifafore: 05.10.2021, 12:11:53] --> Character leveled up to level 3
[fufalifafore: 05.10.2021, 12:11:54] --> Character leveled up to level 4
[fufalifafore: 05.10.2021, 12:11:54] --> rerarosopika appeared
[fufalifafore: 05.10.2021, 12:12:14] --> rerarosopika appeared
[fufalifafore: 05.10.2021, 12:12:26] --> Character leveled up to level 5
[fufalifafore: 05.10.2021, 12:12:27] --> Character leveled up to level 6
[fufalifafore: 05.10.2021, 12:12:28] --> Character leveled up to level 7
[fufalifafore: 05.10.2021, 12:12:29] --> Character leveled up to level 8
[fufalifafore: 05.10.2021, 12:12:36] --> Character leveled up to level 9
[fufalifafore: 05.10.2021, 12:12:38] --> Character leveled up to level 10
[fufalifafore: 05.10.2021, 12:12:41] --> rerarosopika appeared
[fufalifafore: 05.10.2021, 12:12:45] --> Character leveled up to level 11
[fufalifafore: 05.10.2021, 12:12:49] --> Character leveled up to level 12
[fufalifafore: 05.10.2021, 12:13:13] --> Character leveled up to level 13
[fufalifafore: 05.10.2021, 12:14:27] --> Character leveled up to level 14
[fufalifafore: 05.10.2021, 12:15:47] --> Bot successfully started
[fufalifafore: 05.10.2021, 12:15:47] --> rerarosopika appeared
[fufalifafore: 05.10.2021, 12:15:47] --> Setting 'umut' loaded because of active level settings
[fufalifafore: 05.10.2021, 12:16:06] --> rerarosopika appeared
[fufalifafore: 05.10.2021, 12:16:24] --> rerarosopika appeared
[fufalifafore: 05.10.2021, 12:16:34] --> Character leveled up to level 15
[fufalifafore: 05.10.2021, 12:16:47] --> rerarosopika appeared
[fufalifafore: 05.10.2021, 12:17:02] --> niruzobire appeared
[fufalifafore: 05.10.2021, 12:17:06] --> rerarosopika appeared
[fufalifafore: 05.10.2021, 12:17:25] --> rerarosopika appeared
[fufalifafore: 05.10.2021, 12:17:29] --> Character leveled up to level 16
[fufalifafore: 05.10.2021, 12:17:48] --> rerarosopika appeared
[fufalifafore: 05.10.2021, 12:18:03] --> niruzobire appeared
[fufalifafore: 05.10.2021, 12:18:08] --> rerarosopika appeared
[fufalifafore: 05.10.2021, 12:18:26] --> rerarosopika appeared
[fufalifafore: 05.10.2021, 12:18:40] --> Character leveled up to level 17
[fufalifafore: 05.10.2021, 12:18:49] --> rerarosopika appeared
[fufalifafore: 05.10.2021, 12:19:03] --> niruzobire appeared
[fufalifafore: 05.10.2021, 12:19:07] --> rerarosopika appeared
[fufalifafore: 05.10.2021, 12:19:28] --> rerarosopika appeared
[fufalifafore: 05.10.2021, 12:19:49] --> rerarosopika appeared
[fufalifafore: 05.10.2021, 12:20:05] --> niruzobire appeared
[fufalifafore: 05.10.2021, 12:20:28] --> rerarosopika appeared
[fufalifafore: 05.10.2021, 12:20:34] --> Character leveled up to level 18
[fufalifafore: 05.10.2021, 12:20:49] --> rerarosopika appeared
[fufalifafore: 05.10.2021, 12:21:06] --> rerarosopika appeared
[fufalifafore: 05.10.2021, 12:21:31] --> rerarosopika appeared
[fufalifafore: 05.10.2021, 12:21:49] --> rerarosopika appeared
[fufalifafore: 05.10.2021, 12:22:07] --> niruzobire appeared
[fufalifafore: 05.10.2021, 12:22:28] --> rerarosopika appeared
[fufalifafore: 05.10.2021, 12:22:37] --> Character leveled up to level 19
[fufalifafore: 05.10.2021, 12:23:08] --> niruzobire appeared
[fufalifafore: 05.10.2021, 12:23:39] --> niruzobire appeared
[fufalifafore: 05.10.2021, 12:23:45] --> Character leveled up to level 20
[fufalifafore: 05.10.2021, 12:24:09] --> niruzobire appeared
[fufalifafore: 05.10.2021, 12:24:40] --> niruzobire appeared
[fufalifafore: 05.10.2021, 12:25:11] --> niruzobire appeared
[fufalifafore: 05.10.2021, 12:25:36] --> Character leveled up to level 21
[fufalifafore: 05.10.2021, 12:25:41] --> niruzobire appeared
[fufalifafore: 05.10.2021, 12:27:03] --> niruzobire appeared
[fufalifafore: 05.10.2021, 12:27:39] --> niruzobire appeared
[fufalifafore: 05.10.2021, 12:27:40] --> Character leveled up to level 22
[fufalifafore: 05.10.2021, 12:28:09] --> niruzobire appeared
[fufalifafore: 05.10.2021, 12:28:40] --> niruzobire appeared
[fufalifafore: 05.10.2021, 12:29:11] --> niruzobire appeared
[fufalifafore: 05.10.2021, 12:30:37] --> Character leveled up to level 23
[fufalifafore: 05.10.2021, 12:30:37] --> Setting 'umut2' loaded because of active level settings
[fufalifafore: 05.10.2021, 12:30:55] --> Character was kicked from the bot, reason: Character was walking
[fufalifafore: 05.10.2021, 12:31:19] --> Character was kicked from the bot, reason: Character was walking
[fufalifafore: 05.10.2021, 12:31:23] --> purerifatika appeared
[fufalifafore: 05.10.2021, 12:33:08] --> Character leveled up to level 24
[fufalifafore: 05.10.2021, 12:33:58] --> Character leveled up to level 25
[fufalifafore: 05.10.2021, 12:34:11] --> purerifatika appeared
[fufalifafore: 05.10.2021, 12:34:20] --> purerifatika appeared
[fufalifafore: 05.10.2021, 12:35:31] --> Character leveled up to level 26
[fufalifafore: 05.10.2021, 12:37:37] --> Character leveled up to level 27
[fufalifafore: 05.10.2021, 12:39:06] --> Character leveled up to level 28
[fufalifafore: 05.10.2021, 12:41:21] --> Character leveled up to level 29
[fufalifafore: 05.10.2021, 12:42:58] --> Character died
[fufalifafore: 05.10.2021, 12:43:34] --> Character died
[fufalifafore: 05.10.2021, 12:44:40] --> Character leveled up to level 30
[fufalifafore: 05.10.2021, 12:44:42] --> Bot stopped: Character reached level 30
[fufalifafore: 05.10.2021, 12:44:55] --> Character died
[fufalifafore: 05.10.2021, 12:54:42] --> Bot successfully started
[fufalifafore: 05.10.2021, 12:54:59] --> numapezepod appeared
[fufalifafore: 05.10.2021, 12:55:06] --> Character was kicked from the bot, reason: Changing character
[hukulasuve:   05.10.2021, 12:57:15] --> Setting 'umut' loaded because of active level settings
[hukulasuve:   05.10.2021, 12:57:18] --> Character went to shop
[hukulasuve:   05.10.2021, 12:57:25] --> zalowusake appeared
[hukulasuve:   05.10.2021, 12:57:25] --> Character was kicked from the bot, reason: Character was walking
[hukulasuve:   05.10.2021, 12:58:34] --> Character was kicked from the bot, reason: Character was walking
[hukulasuve:   05.10.2021, 12:58:46] --> Character was kicked from the bot, reason: Character was walking
[hukulasuve:   05.10.2021, 12:58:59] --> zalowusake appeared
[hukulasuve:   05.10.2021, 12:59:19] --> zalowusake appeared
[hukulasuve:   05.10.2021, 12:59:26] --> Character leveled up to level 2
[hukulasuve:   05.10.2021, 12:59:27] --> Character leveled up to level 3
[hukulasuve:   05.10.2021, 12:59:28] --> Character leveled up to level 4
[hukulasuve:   05.10.2021, 12:59:29] --> Character leveled up to level 5
[hukulasuve:   05.10.2021, 12:59:30] --> Character leveled up to level 6
[hukulasuve:   05.10.2021, 12:59:36] --> Character leveled up to level 7
[hukulasuve:   05.10.2021, 12:59:37] --> Character leveled up to level 8
[hukulasuve:   05.10.2021, 12:59:40] --> Character leveled up to level 9
[hukulasuve:   05.10.2021, 12:59:44] --> zalowusake appeared
[hukulasuve:   05.10.2021, 13:00:05] --> zalowusake appeared
[hukulasuve:   05.10.2021, 13:00:26] --> zalowusake appeared
[hukulasuve:   05.10.2021, 13:00:28] --> Character leveled up to level 10
[hukulasuve:   05.10.2021, 13:00:37] --> Character leveled up to level 11
[hukulasuve:   05.10.2021, 13:00:41] --> Character leveled up to level 12
[hukulasuve:   05.10.2021, 13:00:49] --> zalowusake appeared
[hukulasuve:   05.10.2021, 13:01:06] --> Character leveled up to level 13
[hukulasuve:   05.10.2021, 13:01:10] --> zalowusake appeared
[hukulasuve:   05.10.2021, 13:01:30] --> zalowusake appeared
[hukulasuve:   05.10.2021, 13:01:32] --> Character leveled up to level 14
[hukulasuve:   05.10.2021, 13:01:53] --> zalowusake appeared
[hukulasuve:   05.10.2021, 13:02:11] --> zalowusake appeared
[hukulasuve:   05.10.2021, 13:02:25] --> Character leveled up to level 15
[hukulasuve:   05.10.2021, 13:02:33] --> zalowusake appeared
[hukulasuve:   05.10.2021, 13:02:54] --> zalowusake appeared
[hukulasuve:   05.10.2021, 13:03:13] --> zalowusake appeared
[hukulasuve:   05.10.2021, 13:03:25] --> Character leveled up to level 16
[hukulasuve:   05.10.2021, 13:03:36] --> zalowusake appeared
[hukulasuve:   05.10.2021, 13:03:55] --> zalowusake appeared
[hukulasuve:   05.10.2021, 13:04:15] --> zalowusake appeared
[hukulasuve:   05.10.2021, 13:04:25] --> Character leveled up to level 17
[hukulasuve:   05.10.2021, 13:04:32] --> zalowusake appeared
[hukulasuve:   05.10.2021, 13:04:55] --> zalowusake appeared
[hukulasuve:   05.10.2021, 13:05:13] --> zalowusake appeared
[hukulasuve:   05.10.2021, 13:05:34] --> Character leveled up to level 18
[hukulasuve:   05.10.2021, 13:05:37] --> zalowusake appeared
[hukulasuve:   05.10.2021, 13:05:58] --> zalowusake appeared
[hukulasuve:   05.10.2021, 13:06:16] --> zalowusake appeared
[hukulasuve:   05.10.2021, 13:06:36] --> Character leveled up to level 19
[hukulasuve:   05.10.2021, 13:06:40] --> zalowusake appeared
[hukulasuve:   05.10.2021, 13:07:00] --> zalowusake appeared
[hukulasuve:   05.10.2021, 13:07:18] --> zalowusake appeared
[hukulasuve:   05.10.2021, 13:07:42] --> zalowusake appeared
[hukulasuve:   05.10.2021, 13:08:01] --> zalowusake appeared
[hukulasuve:   05.10.2021, 13:08:20] --> zalowusake appeared
[hukulasuve:   05.10.2021, 13:08:34] --> Character leveled up to level 20
[hukulasuve:   05.10.2021, 13:08:43] --> zalowusake appeared
[hukulasuve:   05.10.2021, 13:09:02] --> zalowusake appeared
[hukulasuve:   05.10.2021, 13:09:22] --> zalowusake appeared
[hukulasuve:   05.10.2021, 13:10:34] --> zalowusake appeared
[hukulasuve:   05.10.2021, 13:11:27] --> Character leveled up to level 21
[hukulasuve:   05.10.2021, 13:16:27] --> Character leveled up to level 22
[hukulasuve:   05.10.2021, 13:20:34] --> Character leveled up to level 23
[hukulasuve:   05.10.2021, 13:20:34] --> Setting 'umut2' loaded because of active level settings
[hukulasuve:   05.10.2021, 13:20:51] --> Character was kicked from the bot, reason: Character was walking
[hukulasuve:   05.10.2021, 13:22:52] --> Bot successfully started
[hukulasuve:   05.10.2021, 13:22:52] --> Setting 'umut2' loaded because of active level settings
[hukulasuve:   05.10.2021, 13:23:00] --> Character was kicked from the bot, reason: Character was walking
[hukulasuve:   05.10.2021, 13:23:04] --> purerifatika appeared
[hukulasuve:   05.10.2021, 13:23:46] --> Character died
[hukulasuve:   05.10.2021, 13:24:04] --> kaniliwufol appeared
[hukulasuve:   05.10.2021, 13:24:41] --> Character leveled up to level 24
[hukulasuve:   05.10.2021, 13:25:29] --> Character leveled up to level 25
[hukulasuve:   05.10.2021, 13:27:06] --> Character leveled up to level 26
[hukulasuve:   05.10.2021, 13:28:40] --> Character leveled up to level 27
[hukulasuve:   05.10.2021, 13:30:14] --> zokorahita appeared
[hukulasuve:   05.10.2021, 13:30:43] --> zalowusake appeared
[hukulasuve:   05.10.2021, 13:30:44] --> Character leveled up to level 28
[hukulasuve:   05.10.2021, 13:31:33] --> zalowusake appeared
[hukulasuve:   05.10.2021, 13:32:28] --> Character leveled up to level 29
[hukulasuve:   05.10.2021, 13:33:01] --> kaniliwufol appeared
[hukulasuve:   05.10.2021, 13:33:42] --> kaniliwufol appeared
[hukulasuve:   05.10.2021, 13:35:06] --> Character leveled up to level 30
[hukulasuve:   05.10.2021, 13:35:09] --> Bot stopped: Character reached level 30
[hukulasuve:   05.10.2021, 13:35:16] --> zalowusake appeared
[hukulasuve:   05.10.2021, 13:38:48] --> kaniliwufol appeared
[hukulasuve:   05.10.2021, 13:39:08] --> kaniliwufol appeared
[hukulasuve:   05.10.2021, 13:39:27] --> kaniliwufol appeared
[hukulasuve:   05.10.2021, 13:39:46] --> kaniliwufol appeared
[hukulasuve:   05.10.2021, 13:40:05] --> kaniliwufol appeared
[hukulasuve:   05.10.2021, 13:40:28] --> kaniliwufol appeared
[hukulasuve:   05.10.2021, 13:40:47] --> kaniliwufol appeared
[hukulasuve:   05.10.2021, 13:41:06] --> kaniliwufol appeared
[hukulasuve:   05.10.2021, 13:41:26] --> kaniliwufol appeared
[hukulasuve:   05.10.2021, 13:41:53] --> kaniliwufol appeared
[hukulasuve:   05.10.2021, 13:42:10] --> kaniliwufol appeared
[hukulasuve:   05.10.2021, 13:42:28] --> kaniliwufol appeared
[hukulasuve:   05.10.2021, 13:42:45] --> kaniliwufol appeared
[hukulasuve:   05.10.2021, 13:43:09] --> kaniliwufol appeared
[hukulasuve:   05.10.2021, 13:43:27] --> kaniliwufol appeared
[hukulasuve:   05.10.2021, 13:43:48] --> kaniliwufol appeared
[hukulasuve:   05.10.2021, 13:44:06] --> kaniliwufol appeared
[hukulasuve:   05.10.2021, 13:44:28] --> kaniliwufol appeared
[hukulasuve:   05.10.2021, 13:44:48] --> kaniliwufol appeared
[hukulasuve:   05.10.2021, 13:44:55] --> Character died
[hukulasuve:   05.10.2021, 13:45:06] --> kaniliwufol appeared
[hukulasuve:   05.10.2021, 13:45:31] --> kaniliwufol appeared
[hukulasuve:   05.10.2021, 13:45:49] --> kaniliwufol appeared
[hukulasuve:   05.10.2021, 13:46:08] --> kaniliwufol appeared
[hukulasuve:   05.10.2021, 13:46:30] --> kaniliwufol appeared
[hukulasuve:   05.10.2021, 13:46:50] --> kaniliwufol appeared
[hukulasuve:   05.10.2021, 13:47:10] --> kaniliwufol appeared
[hukulasuve:   05.10.2021, 13:47:59] --> zalowusake appeared
[hukulasuve:   05.10.2021, 13:57:02] --> Character was kicked from the bot, reason: Changing character
[rebopenaru:   05.10.2021, 13:58:22] --> Setting 'umut' loaded because of active level settings
[rebopenaru:   05.10.2021, 13:58:25] --> Character went to shop
[rebopenaru:   05.10.2021, 13:58:33] --> Character was kicked from the bot, reason: Character was walking
[rebopenaru:   05.10.2021, 13:59:45] --> Character was kicked from the bot, reason: Character was walking
[rebopenaru:   05.10.2021, 13:59:58] --> Character was kicked from the bot, reason: Character was walking
[rebopenaru:   05.10.2021, 14:00:12] --> Character got kick
[rebopenaru:   05.10.2021, 14:00:18] --> bodakerore appeared
[rebopenaru:   05.10.2021, 14:00:25] --> Character leveled up to level 4
[rebopenaru:   05.10.2021, 14:00:26] --> Character leveled up to level 6
[rebopenaru:   05.10.2021, 14:00:27] --> Character leveled up to level 8
[rebopenaru:   05.10.2021, 14:00:32] --> Character leveled up to level 9
[rebopenaru:   05.10.2021, 14:00:34] --> Character leveled up to level 10
[rebopenaru:   05.10.2021, 14:00:41] --> Character leveled up to level 11
[rebopenaru:   05.10.2021, 14:01:26] --> Character leveled up to level 12
[rebopenaru:   05.10.2021, 14:01:38] --> Character leveled up to level 13
[rebopenaru:   05.10.2021, 14:01:47] --> Character leveled up to level 14
[rebopenaru:   05.10.2021, 14:02:41] --> Character leveled up to level 15
[rebopenaru:   05.10.2021, 14:03:31] --> Character leveled up to level 16
[rebopenaru:   05.10.2021, 14:04:32] --> Character leveled up to level 17
[rebopenaru:   05.10.2021, 14:05:40] --> Character leveled up to level 18
[rebopenaru:   05.10.2021, 14:08:28] --> Character leveled up to level 19
[rebopenaru:   05.10.2021, 14:11:36] --> Character leveled up to level 20
[rebopenaru:   05.10.2021, 14:14:33] --> bodakerore appeared
[rebopenaru:   05.10.2021, 14:15:12] --> bodakerore appeared
[rebopenaru:   05.10.2021, 14:15:25] --> Character leveled up to level 21
[rebopenaru:   05.10.2021, 14:20:27] --> Character leveled up to level 22
[rebopenaru:   05.10.2021, 14:24:38] --> Character leveled up to level 23
[rebopenaru:   05.10.2021, 14:24:38] --> Setting 'umut2' loaded because of active level settings
[rebopenaru:   05.10.2021, 14:24:55] --> ruzitafeha appeared
[rebopenaru:   05.10.2021, 14:24:57] --> Character was kicked from the bot, reason: Character was walking
[rebopenaru:   05.10.2021, 14:25:03] --> ruzitafeha appeared
[rebopenaru:   05.10.2021, 14:25:22] --> Character was kicked from the bot, reason: Character was walking
[rebopenaru:   05.10.2021, 14:25:26] --> kehuwuhizom appeared
[rebopenaru:   05.10.2021, 14:26:03] --> cawawesevu appeared
[rebopenaru:   05.10.2021, 14:26:35] --> Character leveled up to level 24
[rebopenaru:   05.10.2021, 14:26:40] --> Character died
[rebopenaru:   05.10.2021, 14:26:45] --> bodakerore appeared
[rebopenaru:   05.10.2021, 14:27:18] --> bodakerore appeared
[rebopenaru:   05.10.2021, 14:28:51] --> Character leveled up to level 25
[rebopenaru:   05.10.2021, 14:31:20] --> cawawesevu appeared
[rebopenaru:   05.10.2021, 14:31:26] --> Character leveled up to level 26
[rebopenaru:   05.10.2021, 14:31:42] --> kehuwuhizom appeared
[rebopenaru:   05.10.2021, 14:32:18] --> Character leveled up to level 27
[rebopenaru:   05.10.2021, 14:32:19] --> bodakerore appeared
[rebopenaru:   05.10.2021, 14:32:30] --> behogedubiwi appeared
[rebopenaru:   05.10.2021, 14:33:18] --> kehuwuhizom appeared
[rebopenaru:   05.10.2021, 14:33:23] --> kehuwuhizom appeared
[rebopenaru:   05.10.2021, 14:33:41] --> Character leveled up to level 28
[rebopenaru:   05.10.2021, 14:34:12] --> kehuwuhizom appeared
[rebopenaru:   05.10.2021, 14:35:24] --> Bot successfully started
[rebopenaru:   05.10.2021, 14:35:24] --> bodakerore appeared
[rebopenaru:   05.10.2021, 14:35:24] --> Setting 'umut2' loaded because of active level settings
[rebopenaru:   05.10.2021, 14:35:40] --> Character died
[rebopenaru:   05.10.2021, 14:35:42] --> bodakerore appeared
[rebopenaru:   05.10.2021, 14:36:17] --> bodakerore appeared
[rebopenaru:   05.10.2021, 14:36:21] --> Character leveled up to level 29
[rebopenaru:   05.10.2021, 14:37:04] --> bodakerore appeared
[rebopenaru:   05.10.2021, 14:37:49] --> bodakerore appeared
[rebopenaru:   05.10.2021, 14:38:23] --> Character leveled up to level 30
[rebopenaru:   05.10.2021, 14:38:24] --> Bot stopped: Character reached level 30
[rebopenaru:   05.10.2021, 14:38:39] --> Character died
[rebopenaru:   05.10.2021, 14:42:17] --> zazedazofer appeared
[rebopenaru:   05.10.2021, 14:42:29] --> gomokuvefapi appeared
[rebopenaru:   05.10.2021, 14:43:34] --> dekufokakas appeared
[rebopenaru:   05.10.2021, 14:45:44] --> rabetuvupi appeared
[rebopenaru:   05.10.2021, 14:47:24] --> vorifepazuze appeared
[rebopenaru:   05.10.2021, 14:48:38] --> kupebavifuc appeared
[rebopenaru:   05.10.2021, 14:50:01] --> kupebavifuc appeared
[rebopenaru:   05.10.2021, 14:52:31] --> cegugifipof appeared
[rebopenaru:   05.10.2021, 14:52:43] --> kifurunorek appeared
[rebopenaru:   05.10.2021, 14:53:56] --> derevewivime appeared
[rebopenaru:   05.10.2021, 14:54:34] --> napocukokoto appeared
[vuvelunecu:   05.10.2021, 20:38:58] --> Bot successfully started
[vuvelunecu:   05.10.2021, 20:39:29] --> lerewikurer appeared
[vuvelunecu:   05.10.2021, 20:41:08] --> zepokotokaw appeared
[vuvelunecu:   05.10.2021, 20:42:06] --> Setting 'umut' loaded because of active level settings
[vuvelunecu:   05.10.2021, 20:42:09] --> Character went to shop
[vuvelunecu:   05.10.2021, 20:42:17] --> Character was kicked from the bot, reason: Character was walking
[vuvelunecu:   05.10.2021, 20:42:23] --> Liondefeu appeared
[vuvelunecu:   05.10.2021, 20:43:26] --> Character was kicked from the bot, reason: Character was walking
[vuvelunecu:   05.10.2021, 20:43:39] --> Character was kicked from the bot, reason: Character was walking
[vuvelunecu:   05.10.2021, 20:43:51] --> gafifavovi appeared
[vuvelunecu:   05.10.2021, 20:43:52] --> Character leveled up to level 3
[vuvelunecu:   05.10.2021, 20:43:53] --> Character leveled up to level 5
[vuvelunecu:   05.10.2021, 20:43:54] --> Character leveled up to level 6
[vuvelunecu:   05.10.2021, 20:43:55] --> Character leveled up to level 7
[vuvelunecu:   05.10.2021, 20:44:07] --> gafifavovi appeared
[vuvelunecu:   05.10.2021, 20:44:22] --> Character leveled up to level 8
[vuvelunecu:   05.10.2021, 20:44:28] --> Character leveled up to level 9
[vuvelunecu:   05.10.2021, 20:44:28] --> gafifavovi appeared
[vuvelunecu:   05.10.2021, 20:44:31] --> Character leveled up to level 10
[vuvelunecu:   05.10.2021, 20:44:35] --> Character leveled up to level 11
[vuvelunecu:   05.10.2021, 20:44:57] --> Character leveled up to level 12
[vuvelunecu:   05.10.2021, 20:45:32] --> Character leveled up to level 13
[vuvelunecu:   05.10.2021, 20:45:35] --> Character leveled up to level 14
[vuvelunecu:   05.10.2021, 20:46:23] --> Character leveled up to level 15
[vuvelunecu:   05.10.2021, 20:46:57] --> Character leveled up to level 16
[vuvelunecu:   05.10.2021, 20:47:38] --> Character leveled up to level 17
[vuvelunecu:   05.10.2021, 20:48:44] --> Character leveled up to level 18
[vuvelunecu:   05.10.2021, 20:50:25] --> Character leveled up to level 19
[vuvelunecu:   05.10.2021, 20:50:39] --> gafifavovi appeared
[vuvelunecu:   05.10.2021, 20:50:57] --> gafifavovi appeared
[vuvelunecu:   05.10.2021, 20:51:18] --> gafifavovi appeared
[vuvelunecu:   05.10.2021, 20:52:33] --> Character leveled up to level 20
[vuvelunecu:   05.10.2021, 20:55:24] --> Character leveled up to level 21
[vuvelunecu:   05.10.2021, 20:55:41] --> gafifavovi appeared
[vuvelunecu:   05.10.2021, 20:58:23] --> Character leveled up to level 22
[vuvelunecu:   05.10.2021, 21:02:25] --> Character leveled up to level 23
[vuvelunecu:   05.10.2021, 21:02:25] --> Setting 'umut2' loaded because of active level settings
[vuvelunecu:   05.10.2021, 21:02:43] --> Character was kicked from the bot, reason: Character was walking
[vuvelunecu:   05.10.2021, 21:03:07] --> Character was kicked from the bot, reason: Character was walking
[vuvelunecu:   05.10.2021, 21:03:12] --> koverilawabe appeared
[vuvelunecu:   05.10.2021, 21:03:46] --> Character leveled up to level 24
[vuvelunecu:   05.10.2021, 21:04:00] --> koverilawabe appeared
[vuvelunecu:   05.10.2021, 21:04:06] --> koverilawabe appeared
[vuvelunecu:   05.10.2021, 21:04:23] --> Character leveled up to level 25
[vuvelunecu:   05.10.2021, 21:04:39] --> gafifavovi appeared
[vuvelunecu:   05.10.2021, 21:05:14] --> gafifavovi appeared
[vuvelunecu:   05.10.2021, 21:05:18] --> Character leveled up to level 26
[vuvelunecu:   05.10.2021, 21:05:39] --> gafifavovi appeared
[vuvelunecu:   05.10.2021, 21:05:59] --> gafifavovi appeared
[vuvelunecu:   05.10.2021, 21:06:39] --> Character leveled up to level 27
[vuvelunecu:   05.10.2021, 21:06:43] --> gafifavovi appeared
[vuvelunecu:   05.10.2021, 21:07:08] --> gafifavovi appeared
[vuvelunecu:   05.10.2021, 21:07:27] --> gafifavovi appeared
[vuvelunecu:   05.10.2021, 21:07:51] --> Character leveled up to level 28
[vuvelunecu:   05.10.2021, 21:07:55] --> gafifavovi appeared
[vuvelunecu:   05.10.2021, 21:08:14] --> gafifavovi appeared
[vuvelunecu:   05.10.2021, 21:08:58] --> Character leveled up to level 29
[vuvelunecu:   05.10.2021, 21:08:58] --> gafifavovi appeared
[vuvelunecu:   05.10.2021, 21:09:23] --> koverilawabe appeared
[vuvelunecu:   05.10.2021, 21:09:27] --> koverilawabe appeared
[vuvelunecu:   05.10.2021, 21:09:32] --> gafifavovi appeared
[vuvelunecu:   05.10.2021, 21:11:32] --> Character leveled up to level 30
[vuvelunecu:   05.10.2021, 21:11:33] --> Bot stopped: Character reached level 30
[vuvelunecu:   05.10.2021, 21:12:02] --> koverilawabe appeared
[vuvelunecu:   05.10.2021, 21:13:39] --> gafifavovi appeared
[vuvelunecu:   05.10.2021, 21:14:24] --> gafifavovi appeared
[vuvelunecu:   05.10.2021, 21:15:09] --> gafifavovi appeared
[vuvelunecu:   05.10.2021, 21:21:57] --> koverilawabe appeared
[vuvelunecu:   05.10.2021, 21:27:52] --> Character died
[iloresweas:   09.10.2021, 19:17:13] --> Bot successfully started
