[kingpariser:  01.10.2021, 20:43:01] --> Bot successfully started
[kingpariser:  02.10.2021, 14:58:45] --> Bot successfully started
[kingpariser:  02.10.2021, 15:01:41] --> Bot successfully started
[kingpariser:  02.10.2021, 15:01:55] --> ThugOfLifeX appeared
[kingpariser:  02.10.2021, 15:02:18] --> ThugOfLifeX appeared
[kingpariser:  02.10.2021, 15:15:58] --> Bot successfully started
[kingpariser:  02.10.2021, 15:15:59] --> Jaunathan appeared
[kingpariser:  02.10.2021, 15:32:43] --> Character was kicked from the bot, reason: Character was walking
[kingpariser:  02.10.2021, 15:32:49] --> Flareoin appeared
[kingpariser:  02.10.2021, 15:35:56] --> Character died
[kingpariser:  02.10.2021, 15:39:16] --> WarField02 appeared
[kingpariser:  02.10.2021, 15:39:50] --> serliporetfe appeared
[kingpariser:  02.10.2021, 15:50:07] --> Character was kicked from the bot, reason: Character was walking
[kingpariser:  02.10.2021, 15:51:47] --> Flareoin appeared
[kingpariser:  02.10.2021, 15:52:06] --> Character died
[kingpariser:  02.10.2021, 15:52:36] --> Character died
[kingpariser:  02.10.2021, 15:52:50] --> Character died
[kingpariser:  02.10.2021, 15:53:00] --> Character died
[kingpariser:  02.10.2021, 15:53:11] --> Character died
[kingpariser:  02.10.2021, 15:53:33] --> Character died
[kingpariser:  02.10.2021, 15:53:42] --> HyDroXiR appeared
[kingpariser:  02.10.2021, 15:53:55] --> Character died
[kingpariser:  02.10.2021, 15:54:17] --> Character died
[kingpariser:  02.10.2021, 15:54:28] --> Character died
[kingpariser:  02.10.2021, 15:54:39] --> Character died
[kingpariser:  02.10.2021, 15:56:05] --> Character died
[kingpariser:  02.10.2021, 15:56:30] --> Character died
[kingpariser:  02.10.2021, 15:57:11] --> Character died
[kingpariser:  02.10.2021, 15:57:26] --> Flareoin appeared
[kingpariser:  02.10.2021, 15:57:45] --> Character died
[kingpariser:  02.10.2021, 15:58:11] --> Character died
[kingpariser:  02.10.2021, 15:58:43] --> Character died
[kingpariser:  02.10.2021, 15:59:05] --> Character died
[kingpariser:  02.10.2021, 15:59:23] --> Character died
[kingpariser:  02.10.2021, 15:59:35] --> Changing into CH3
[kingpariser:  02.10.2021, 15:59:36] --> Character got kick
[kingpariser:  02.10.2021, 16:01:29] --> FromZero appeared
[kingpariser:  02.10.2021, 16:02:28] --> asperfixxzer appeared
[kingpariser:  02.10.2021, 16:03:29] --> Bot successfully started
[kingpariser:  02.10.2021, 16:03:40] --> NeoBufy appeared
[kingpariser:  02.10.2021, 16:04:29] --> NeoBufy appeared
[kingpariser:  02.10.2021, 16:06:45] --> SheLoveme appeared
[kingpariser:  02.10.2021, 16:07:12] --> Lantex appeared
[kingpariser:  02.10.2021, 16:07:33] --> asperfixxzer appeared
[kingpariser:  02.10.2021, 16:08:50] --> NeoBufy appeared
[kingpariser:  02.10.2021, 16:09:00] --> FromZero appeared
[kingpariser:  02.10.2021, 16:14:48] --> Bot successfully started
[kingpariser:  02.10.2021, 16:14:49] --> Mauros appeared
[kingpariser:  02.10.2021, 16:15:31] --> Character died
[kingpariser:  02.10.2021, 16:16:13] --> Character was kicked from the bot, reason: Character was walking
[kingpariser:  02.10.2021, 16:16:57] --> Character was kicked from the bot, reason: Character was walking
[kingpariser:  02.10.2021, 16:17:02] --> vuzakapecad appeared
[kingpariser:  02.10.2021, 16:17:34] --> Character was kicked from the bot, reason: Character was walking
[kingpariser:  02.10.2021, 16:17:55] --> Character died
[kingpariser:  02.10.2021, 16:18:54] --> komesaxire appeared
[kingpariser:  02.10.2021, 16:20:41] --> komesaxire appeared
[kingpariser:  02.10.2021, 16:21:23] --> komesaxire appeared
[kingpariser:  02.10.2021, 16:21:43] --> MuleGirls23 appeared
[kingpariser:  02.10.2021, 16:21:49] --> MuleGirls23 appeared
[kingpariser:  02.10.2021, 16:22:23] --> MuleGirls23 appeared
[kingpariser:  02.10.2021, 16:22:38] --> liperdorexx appeared
[kingpariser:  02.10.2021, 16:22:43] --> liperdorexx appeared
[kingpariser:  02.10.2021, 16:22:46] --> liperdorexx appeared
[kingpariser:  02.10.2021, 16:22:50] --> liperdorexx appeared
[kingpariser:  02.10.2021, 16:23:58] --> komesaxire appeared
[kingpariser:  02.10.2021, 16:24:38] --> Changing into CH1
[kingpariser:  02.10.2021, 16:25:07] --> Character died
[kingpariser:  02.10.2021, 16:25:10] --> selim appeared
[kingpariser:  02.10.2021, 16:25:27] --> Character died
[kingpariser:  02.10.2021, 16:25:47] --> selim appeared
[kingpariser:  02.10.2021, 16:25:48] --> Character died
[kingpariser:  02.10.2021, 16:26:05] --> Character died
[kingpariser:  02.10.2021, 16:26:29] --> Character died
[kingpariser:  02.10.2021, 16:27:15] --> Character died
[kingpariser:  02.10.2021, 16:27:41] --> Character died
[kingpariser:  02.10.2021, 16:28:04] --> Character died
[kingpariser:  02.10.2021, 16:28:32] --> Character died
[kingpariser:  02.10.2021, 16:28:59] --> Character died
[kingpariser:  02.10.2021, 16:29:21] --> Character died
[kingpariser:  02.10.2021, 16:29:41] --> Character died
[kingpariser:  02.10.2021, 16:30:01] --> Character died
[kingpariser:  02.10.2021, 16:30:25] --> Character died
[kingpariser:  02.10.2021, 16:30:52] --> Character died
[kingpariser:  02.10.2021, 16:31:18] --> Character died
[kingpariser:  02.10.2021, 16:31:39] --> Character died
[kingpariser:  02.10.2021, 16:32:06] --> Character died
[kingpariser:  02.10.2021, 16:32:27] --> Character died
[kingpariser:  02.10.2021, 16:32:41] --> Character died
[kingpariser:  02.10.2021, 16:33:07] --> Character died
[kingpariser:  02.10.2021, 16:33:30] --> Character died
[kingpariser:  02.10.2021, 16:33:54] --> Character died
[kingpariser:  02.10.2021, 16:34:21] --> Character died
[kingpariser:  02.10.2021, 16:34:47] --> Character died
[kingpariser:  02.10.2021, 16:35:09] --> Character died
[kingpariser:  02.10.2021, 16:35:49] --> LaMutante appeared
[kingpariser:  02.10.2021, 16:36:20] --> LaMutante appeared
[kingpariser:  02.10.2021, 16:36:44] --> Character died
[kingpariser:  02.10.2021, 16:37:02] --> Character died
[kingpariser:  02.10.2021, 16:37:08] --> Character died
[kingpariser:  02.10.2021, 16:37:24] --> Character died
[kingpariser:  02.10.2021, 16:37:31] --> Character died
[kingpariser:  02.10.2021, 16:37:44] --> LaMutante appeared
[kingpariser:  02.10.2021, 16:37:47] --> Character died
[kingpariser:  02.10.2021, 16:37:55] --> Character died
[kingpariser:  02.10.2021, 16:38:19] --> Character died
[kingpariser:  02.10.2021, 16:38:28] --> LaMutante appeared
[kingpariser:  02.10.2021, 16:38:41] --> Character died
[kingpariser:  02.10.2021, 16:38:50] --> Character died
[kingpariser:  02.10.2021, 16:38:58] --> Character died
[kingpariser:  02.10.2021, 16:39:05] --> LaMutante appeared
[kingpariser:  02.10.2021, 16:39:20] --> Character died
[kingpariser:  02.10.2021, 16:39:46] --> Character died
[kingpariser:  02.10.2021, 16:39:52] --> LaMutante appeared
[kingpariser:  02.10.2021, 16:40:00] --> Changing into CH1
[kingpariser:  02.10.2021, 16:40:14] --> Character died
[kingpariser:  02.10.2021, 16:40:36] --> Character died
[kingpariser:  02.10.2021, 16:40:49] --> Character died
[kingpariser:  02.10.2021, 16:40:57] --> Character died
[kingpariser:  02.10.2021, 16:41:19] --> Character died
[kingpariser:  02.10.2021, 16:41:41] --> Character died
[kingpariser:  02.10.2021, 16:42:04] --> Character died
[kingpariser:  02.10.2021, 16:42:25] --> Character died
[kingpariser:  02.10.2021, 16:42:48] --> Character died
[kingpariser:  02.10.2021, 16:43:07] --> Character died
[kingpariser:  02.10.2021, 16:43:14] --> Character died
[kingpariser:  02.10.2021, 16:43:34] --> Character died
[kingpariser:  02.10.2021, 16:44:01] --> Character died
[kingpariser:  02.10.2021, 16:44:50] --> Character died
[kingpariser:  02.10.2021, 16:44:56] --> LaMutante appeared
[kingpariser:  02.10.2021, 16:45:10] --> Character died
[kingpariser:  02.10.2021, 16:45:35] --> Character died
[kingpariser:  02.10.2021, 16:46:01] --> Character died
[kingpariser:  02.10.2021, 16:46:22] --> Character died
[kingpariser:  02.10.2021, 16:46:40] --> selim appeared
[kingpariser:  02.10.2021, 16:46:47] --> Character died
[kingpariser:  02.10.2021, 16:47:01] --> selim appeared
[kingpariser:  02.10.2021, 16:47:05] --> selim appeared
[kingpariser:  02.10.2021, 16:47:12] --> Character died
[kingpariser:  02.10.2021, 16:47:26] --> Character died
[kingpariser:  02.10.2021, 16:47:27] --> selim appeared
[kingpariser:  02.10.2021, 16:47:33] --> Character died
[kingpariser:  02.10.2021, 16:47:59] --> Character died
[kingpariser:  02.10.2021, 16:48:24] --> Character died
[kingpariser:  02.10.2021, 16:48:48] --> Character died
[kingpariser:  02.10.2021, 16:49:06] --> Character died
[kingpariser:  02.10.2021, 16:49:27] --> Character died
[kingpariser:  02.10.2021, 16:49:42] --> Erchamouta appeared
[kingpariser:  02.10.2021, 16:49:48] --> Character died
[kingpariser:  02.10.2021, 16:50:11] --> Character died
[kingpariser:  02.10.2021, 16:50:27] --> Erchamouta appeared
[kingpariser:  02.10.2021, 16:50:33] --> Character died
[kingpariser:  02.10.2021, 16:50:57] --> Character died
[kingpariser:  02.10.2021, 16:51:23] --> Character died
[kingpariser:  02.10.2021, 16:51:49] --> Character died
[kingpariser:  02.10.2021, 16:53:21] --> selim appeared
[kingpariser:  02.10.2021, 16:54:42] --> selim appeared
[kingpariser:  02.10.2021, 16:54:44] --> selim appeared
[kingpariser:  02.10.2021, 16:54:49] --> Character died
[kingpariser:  02.10.2021, 16:55:04] --> Character died
[kingpariser:  02.10.2021, 16:55:05] --> selim appeared
[kingpariser:  02.10.2021, 16:55:27] --> Character died
[kingpariser:  02.10.2021, 16:55:46] --> Character died
[kingpariser:  02.10.2021, 16:56:04] --> Character died
[kingpariser:  02.10.2021, 16:56:24] --> Character died
[kingpariser:  02.10.2021, 16:56:46] --> Character died
[kingpariser:  02.10.2021, 16:57:06] --> selim appeared
[kingpariser:  02.10.2021, 16:57:13] --> Character died
[kingpariser:  02.10.2021, 16:57:34] --> Character died
[kingpariser:  02.10.2021, 16:57:52] --> Character died
[kingpariser:  02.10.2021, 16:58:11] --> Character died
[kingpariser:  02.10.2021, 16:58:32] --> Character died
[kingpariser:  02.10.2021, 16:58:40] --> selim appeared
[kingpariser:  02.10.2021, 16:58:52] --> Character died
[kingpariser:  02.10.2021, 16:59:06] --> selim appeared
[kingpariser:  02.10.2021, 16:59:12] --> Character died
[kingpariser:  02.10.2021, 17:04:00] --> Bot successfully started
[kingpariser:  02.10.2021, 17:04:07] --> Character died
[kingpariser:  02.10.2021, 17:09:44] --> Bot successfully started
[kingpariser:  02.10.2021, 17:09:51] --> Character died
[kingpariser:  02.10.2021, 17:10:42] --> Character died
[kingpariser:  02.10.2021, 17:11:01] --> Character died
[kingpariser:  02.10.2021, 17:11:10] --> Character died
[kingpariser:  02.10.2021, 17:11:33] --> Character died
[kingpariser:  02.10.2021, 17:11:58] --> Character died
[kingpariser:  02.10.2021, 17:12:22] --> Character died
[kingpariser:  02.10.2021, 17:12:48] --> Character died
[kingpariser:  02.10.2021, 17:13:07] --> Character died
[kingpariser:  02.10.2021, 17:18:54] --> Bot successfully started
[kingpariser:  02.10.2021, 17:19:00] --> Character died
[kingpariser:  02.10.2021, 17:19:21] --> Character was kicked from the bot, reason: Character was walking
[kingpariser:  02.10.2021, 17:19:24] --> Character died
[kingpariser:  02.10.2021, 17:19:27] --> Kinchannai appeared
[kingpariser:  02.10.2021, 17:19:30] --> Character died
[kingpariser:  02.10.2021, 17:20:04] --> Character was kicked from the bot, reason: Character was walking
[kingpariser:  02.10.2021, 17:20:07] --> Character died
[kingpariser:  02.10.2021, 17:20:18] --> Kinchannai appeared
[kingpariser:  02.10.2021, 17:20:47] --> Character died
[kingpariser:  02.10.2021, 17:21:05] --> Character was kicked from the bot, reason: Character was walking
[kingpariser:  02.10.2021, 17:21:08] --> Character died
[kingpariser:  02.10.2021, 17:21:15] --> Papouk54 appeared
[kingpariser:  02.10.2021, 17:21:49] --> Character was kicked from the bot, reason: Character was walking
[kingpariser:  02.10.2021, 17:22:01] --> liperdorexx appeared
[kingpariser:  02.10.2021, 17:22:23] --> Changing into CH4
[kingpariser:  02.10.2021, 17:22:26] --> Changing into CH5
[kingpariser:  02.10.2021, 17:22:29] --> Character got kick
[kingpariser:  02.10.2021, 17:26:22] --> Bot successfully started
[kingpariser:  02.10.2021, 17:27:33] --> fonifazekale appeared
[kingpariser:  02.10.2021, 17:27:56] --> fonifazekale appeared
[kingpariser:  02.10.2021, 17:29:09] --> fonifazekale appeared
[kingpariser:  02.10.2021, 17:30:50] --> fonifazekale appeared
[kingpariser:  02.10.2021, 17:32:23] --> fonifazekale appeared
[kingpariser:  02.10.2021, 17:32:35] --> fonifazekale appeared
[kingpariser:  02.10.2021, 17:34:09] --> fonifazekale appeared
[kingpariser:  02.10.2021, 17:35:48] --> fonifazekale appeared
[kingpariser:  02.10.2021, 17:35:57] --> fonifazekale appeared
[kingpariser:  02.10.2021, 17:37:27] --> fonifazekale appeared
[kingpariser:  02.10.2021, 17:38:59] --> fonifazekale appeared
[kingpariser:  02.10.2021, 17:40:36] --> fonifazekale appeared
[kingpariser:  02.10.2021, 17:42:18] --> fonifazekale appeared
[kingpariser:  02.10.2021, 17:42:41] --> fonifazekale appeared
[kingpariser:  02.10.2021, 17:44:05] --> fonifazekale appeared
[kingpariser:  02.10.2021, 17:44:11] --> fonifazekale appeared
[kingpariser:  02.10.2021, 17:44:15] --> fonifazekale appeared
[kingpariser:  02.10.2021, 17:45:38] --> fonifazekale appeared
[kingpariser:  02.10.2021, 17:45:39] --> fonifazekale appeared
[kingpariser:  02.10.2021, 17:48:58] --> fonifazekale appeared
[kingpariser:  02.10.2021, 17:50:38] --> fonifazekale appeared
[kingpariser:  02.10.2021, 17:50:49] --> fonifazekale appeared
[kingpariser:  02.10.2021, 17:52:08] --> fonifazekale appeared
[kingpariser:  02.10.2021, 17:52:31] --> fonifazekale appeared
[kingpariser:  02.10.2021, 17:53:55] --> fonifazekale appeared
[kingpariser:  02.10.2021, 17:54:53] --> Bogomi appeared
[kingpariser:  02.10.2021, 17:55:32] --> fonifazekale appeared
[kingpariser:  02.10.2021, 17:55:36] --> fonifazekale appeared
[kingpariser:  02.10.2021, 17:57:05] --> fonifazekale appeared
[kingpariser:  02.10.2021, 17:57:22] --> fonifazekale appeared
[kingpariser:  02.10.2021, 17:58:52] --> fonifazekale appeared
[kingpariser:  02.10.2021, 17:59:11] --> fonifazekale appeared
[kingpariser:  02.10.2021, 17:59:50] --> Bogomi appeared
[kingpariser:  02.10.2021, 18:00:25] --> fonifazekale appeared
[kingpariser:  02.10.2021, 18:02:02] --> fonifazekale appeared
[kingpariser:  02.10.2021, 18:02:12] --> fonifazekale appeared
[kingpariser:  02.10.2021, 18:03:48] --> fonifazekale appeared
[kingpariser:  02.10.2021, 18:04:13] --> fonifazekale appeared
[kingpariser:  02.10.2021, 18:05:22] --> fonifazekale appeared
[kingpariser:  02.10.2021, 18:06:41] --> aurilea appeared
[kingpariser:  02.10.2021, 18:07:14] --> fonifazekale appeared
[kingpariser:  02.10.2021, 18:08:42] --> fonifazekale appeared
[kingpariser:  02.10.2021, 18:10:26] --> fonifazekale appeared
[kingpariser:  02.10.2021, 18:10:39] --> fonifazekale appeared
[kingpariser:  02.10.2021, 18:11:20] --> Bogomi appeared
[kingpariser:  02.10.2021, 18:11:58] --> fonifazekale appeared
[kingpariser:  02.10.2021, 18:12:02] --> fonifazekale appeared
[kingpariser:  02.10.2021, 18:12:58] --> Bogomi appeared
[kingpariser:  02.10.2021, 18:13:32] --> fonifazekale appeared
[kingpariser:  02.10.2021, 18:14:00] --> fonifazekale appeared
[kingpariser:  02.10.2021, 18:14:43] --> aurilea appeared
[kingpariser:  02.10.2021, 18:15:11] --> fonifazekale appeared
[kingpariser:  02.10.2021, 18:15:22] --> fonifazekale appeared
[kingpariser:  02.10.2021, 18:16:57] --> fonifazekale appeared
[kingpariser:  02.10.2021, 18:18:39] --> fonifazekale appeared
[kingpariser:  02.10.2021, 18:18:53] --> fonifazekale appeared
[kingpariser:  02.10.2021, 18:19:52] --> aurilea appeared
[kingpariser:  02.10.2021, 18:20:15] --> fonifazekale appeared
[kingpariser:  02.10.2021, 18:21:27] --> aurilea appeared
[kingpariser:  02.10.2021, 18:22:13] --> fonifazekale appeared
[kingpariser:  02.10.2021, 18:23:08] --> aurilea appeared
[kingpariser:  02.10.2021, 18:23:31] --> fonifazekale appeared
[kingpariser:  02.10.2021, 18:23:53] --> aurilea appeared
[kingpariser:  02.10.2021, 18:24:47] --> aurilea appeared
[kingpariser:  02.10.2021, 18:25:11] --> fonifazekale appeared
[kingpariser:  02.10.2021, 18:25:30] --> aurilea appeared
[kingpariser:  02.10.2021, 18:26:25] --> aurilea appeared
[kingpariser:  02.10.2021, 18:26:51] --> fonifazekale appeared
[kingpariser:  02.10.2021, 18:26:55] --> fonifazekale appeared
[kingpariser:  02.10.2021, 18:28:05] --> aurilea appeared
[kingpariser:  02.10.2021, 18:28:46] --> fonifazekale appeared
[kingpariser:  02.10.2021, 18:28:49] --> aurilea appeared
[kingpariser:  02.10.2021, 18:29:44] --> aurilea appeared
[kingpariser:  02.10.2021, 18:30:27] --> aurilea appeared
[kingpariser:  02.10.2021, 18:31:22] --> aurilea appeared
[kingpariser:  02.10.2021, 18:31:52] --> fonifazekale appeared
[kingpariser:  02.10.2021, 18:35:04] --> midopokizi appeared
[kingpariser:  02.10.2021, 18:36:44] --> midopokizi appeared
[kingpariser:  02.10.2021, 18:38:20] --> midopokizi appeared
[kingpariser:  02.10.2021, 18:38:42] --> midopokizi appeared
[kingpariser:  02.10.2021, 18:39:54] --> midopokizi appeared
[kingpariser:  02.10.2021, 18:41:30] --> midopokizi appeared
[kingpariser:  02.10.2021, 18:41:51] --> midopokizi appeared
[kingpariser:  02.10.2021, 18:43:17] --> midopokizi appeared
[kingpariser:  02.10.2021, 18:44:59] --> midopokizi appeared
[kingpariser:  02.10.2021, 18:45:11] --> midopokizi appeared
[kingpariser:  02.10.2021, 18:46:35] --> midopokizi appeared
[kingpariser:  02.10.2021, 18:48:07] --> midopokizi appeared
[kingpariser:  02.10.2021, 18:48:16] --> midopokizi appeared
[kingpariser:  02.10.2021, 18:50:01] --> midopokizi appeared
[kingpariser:  02.10.2021, 18:51:32] --> midopokizi appeared
[kingpariser:  02.10.2021, 18:53:05] --> midopokizi appeared
[kingpariser:  02.10.2021, 18:54:41] --> midopokizi appeared
[kingpariser:  02.10.2021, 18:54:58] --> midopokizi appeared
[kingpariser:  02.10.2021, 18:56:20] --> midopokizi appeared
[kingpariser:  02.10.2021, 18:56:29] --> midopokizi appeared
[kingpariser:  02.10.2021, 18:58:15] --> midopokizi appeared
[kingpariser:  02.10.2021, 19:01:39] --> Bot successfully started
[kingpariser:  02.10.2021, 19:02:26] --> Character was kicked from the bot, reason: Character was walking
[kingpariser:  02.10.2021, 19:04:47] --> Changing into CH1
[kingpariser:  02.10.2021, 19:04:54] --> liperdorexx appeared
[kingpariser:  04.10.2021, 12:59:31] --> Bot successfully started
[kingpariser:  04.10.2021, 13:00:05] --> vudaherumuri appeared
[kingpariser:  04.10.2021, 13:01:24] --> vukuzawurero appeared
[kingpariser:  04.10.2021, 13:02:20] --> vudaherumuri appeared
[kingpariser:  04.10.2021, 13:02:37] --> vukuzawurero appeared
[kingpariser:  04.10.2021, 14:55:18] --> Bot successfully started
[kingpariser:  04.10.2021, 14:55:18] --> kovekesirulu appeared
[kingpariser:  04.10.2021, 14:57:14] --> kaddenifeder appeared
[kingpariser:  04.10.2021, 15:07:06] --> Character was kicked from the bot, reason: Character was walking
[kingpariser:  04.10.2021, 15:17:28] --> Drangon07 appeared
[kingpariser:  04.10.2021, 15:18:36] --> Drangon07 appeared
[kingpariser:  04.10.2021, 15:18:58] --> Drangon07 appeared
[kingpariser:  04.10.2021, 15:20:14] --> Drangon07 appeared
[kingpariser:  04.10.2021, 15:20:38] --> Drangon07 appeared
[kingpariser:  04.10.2021, 15:21:52] --> Drangon07 appeared
[kingpariser:  04.10.2021, 15:22:18] --> Drangon07 appeared
[kingpariser:  04.10.2021, 15:23:32] --> Drangon07 appeared
[kingpariser:  04.10.2021, 15:23:42] --> Drangon07 appeared
[kingpariser:  04.10.2021, 15:24:12] --> Drangon07 appeared
[kingpariser:  04.10.2021, 15:25:22] --> Bot successfully started
[kingpariser:  04.10.2021, 15:25:41] --> Drangon07 appeared
[kingpariser:  04.10.2021, 15:26:42] --> Drangon07 appeared
[kingpariser:  04.10.2021, 15:27:41] --> Drangon07 appeared
[kingpariser:  04.10.2021, 15:28:34] --> Drangon07 appeared
[kingpariser:  04.10.2021, 15:29:34] --> Drangon07 appeared
[kingpariser:  04.10.2021, 15:29:48] --> Drangon07 appeared
[kingpariser:  04.10.2021, 15:30:03] --> Drangon07 appeared
[kingpariser:  04.10.2021, 15:30:38] --> Drangon07 appeared
[kingpariser:  04.10.2021, 15:44:25] --> aurilea appeared
[kingpariser:  04.10.2021, 15:45:58] --> aurilea appeared
[kingpariser:  04.10.2021, 15:47:14] --> aurilea appeared
[kingpariser:  04.10.2021, 15:47:19] --> aurilea appeared
[kingpariser:  04.10.2021, 15:47:26] --> aurilea appeared
[kingpariser:  04.10.2021, 15:48:12] --> aurilea appeared
[kingpariser:  04.10.2021, 15:49:50] --> aurilea appeared
[kingpariser:  04.10.2021, 15:51:29] --> aurilea appeared
[kingpariser:  04.10.2021, 15:53:09] --> aurilea appeared
[kingpariser:  04.10.2021, 16:58:17] --> Character got kick
[kingpariser:  04.10.2021, 17:03:45] --> aurilea appeared
[kingpariser:  04.10.2021, 17:04:55] --> aurilea appeared
[kingpariser:  04.10.2021, 17:05:49] --> aurilea appeared
[kingpariser:  04.10.2021, 17:06:23] --> aurilea appeared
[kingpariser:  04.10.2021, 17:07:27] --> aurilea appeared
[kingpariser:  04.10.2021, 17:07:58] --> aurilea appeared
[kingpariser:  04.10.2021, 18:10:57] --> Sephiroth58 appeared
[kingpariser:  04.10.2021, 18:12:01] --> Sephiroth58 appeared
[kingpariser:  04.10.2021, 18:12:08] --> Sephiroth58 appeared
[kingpariser:  04.10.2021, 18:14:40] --> Bot successfully started
[kingpariser:  04.10.2021, 18:21:51] --> fobibubicili appeared
[kingpariser:  04.10.2021, 18:22:04] --> fobibubicili appeared
[kingpariser:  04.10.2021, 18:23:38] --> fobibubicili appeared
[kingpariser:  04.10.2021, 18:23:57] --> fobibubicili appeared
[kingpariser:  04.10.2021, 18:25:12] --> fobibubicili appeared
[kingpariser:  04.10.2021, 18:26:47] --> fobibubicili appeared
[kingpariser:  04.10.2021, 18:27:00] --> fobibubicili appeared
[kingpariser:  04.10.2021, 18:28:33] --> fobibubicili appeared
[kingpariser:  04.10.2021, 18:30:14] --> fobibubicili appeared
[kingpariser:  04.10.2021, 18:30:25] --> fobibubicili appeared
[kingpariser:  04.10.2021, 18:31:50] --> fobibubicili appeared
[kingpariser:  04.10.2021, 18:33:20] --> fobibubicili appeared
[kingpariser:  04.10.2021, 18:33:29] --> fobibubicili appeared
[kingpariser:  04.10.2021, 18:35:10] --> fobibubicili appeared
[kingpariser:  04.10.2021, 18:35:25] --> fobibubicili appeared
[kingpariser:  04.10.2021, 18:36:49] --> fobibubicili appeared
[kingpariser:  04.10.2021, 18:38:18] --> fobibubicili appeared
[kingpariser:  04.10.2021, 18:38:26] --> fobibubicili appeared
[kingpariser:  04.10.2021, 18:40:12] --> fobibubicili appeared
[kingpariser:  04.10.2021, 18:43:27] --> fobibubicili appeared
[kingpariser:  04.10.2021, 18:43:42] --> fobibubicili appeared
[kingpariser:  04.10.2021, 18:45:02] --> fobibubicili appeared
[kingpariser:  04.10.2021, 18:46:31] --> fobibubicili appeared
[kingpariser:  04.10.2021, 18:46:40] --> fobibubicili appeared
[kingpariser:  04.10.2021, 18:48:23] --> fobibubicili appeared
[kingpariser:  04.10.2021, 18:48:38] --> fobibubicili appeared
[kingpariser:  04.10.2021, 18:49:56] --> fobibubicili appeared
[kingpariser:  04.10.2021, 18:49:58] --> fobibubicili appeared
[kingpariser:  04.10.2021, 18:51:28] --> fobibubicili appeared
[kingpariser:  04.10.2021, 18:51:38] --> fobibubicili appeared
[kingpariser:  04.10.2021, 18:53:17] --> fobibubicili appeared
[kingpariser:  04.10.2021, 18:53:23] --> fobibubicili appeared
[kingpariser:  04.10.2021, 18:53:29] --> fobibubicili appeared
[kingpariser:  04.10.2021, 18:54:45] --> zitazazuvogi appeared
[kingpariser:  04.10.2021, 18:55:22] --> zitazazuvogi appeared
[kingpariser:  04.10.2021, 18:55:29] --> zitazazuvogi appeared
[kingpariser:  04.10.2021, 18:56:25] --> cofopuzufup appeared
[kingpariser:  04.10.2021, 18:57:09] --> cofopuzufup appeared
[kingpariser:  04.10.2021, 18:58:12] --> cofopuzufup appeared
[kingpariser:  04.10.2021, 18:59:19] --> cofopuzufup appeared
[kingpariser:  04.10.2021, 18:59:36] --> cofopuzufup appeared
[kingpariser:  04.10.2021, 19:00:06] --> cofopuzufup appeared
[kingpariser:  04.10.2021, 19:00:11] --> cofopuzufup appeared
[kingpariser:  04.10.2021, 19:01:30] --> fobibubicili appeared
[kingpariser:  04.10.2021, 19:02:44] --> Bot successfully started
[kingpariser:  04.10.2021, 19:02:44] --> fobibubicili appeared
[kingpariser:  04.10.2021, 19:02:52] --> fobibubicili appeared
[kingpariser:  04.10.2021, 19:02:57] --> fobibubicili appeared
[kingpariser:  04.10.2021, 19:04:27] --> fobibubicili appeared
[kingpariser:  04.10.2021, 19:05:50] --> zitazazuvogi appeared
[kingpariser:  04.10.2021, 19:06:24] --> cofopuzufup appeared
[kingpariser:  04.10.2021, 19:06:41] --> cofopuzufup appeared
[kingpariser:  04.10.2021, 19:07:44] --> cofopuzufup appeared
[kingpariser:  04.10.2021, 19:08:53] --> cofopuzufup appeared
[kingpariser:  04.10.2021, 19:09:07] --> zitazazuvogi appeared
[kingpariser:  04.10.2021, 19:09:20] --> fobibubicili appeared
[kingpariser:  04.10.2021, 19:10:36] --> zitazazuvogi appeared
[kingpariser:  04.10.2021, 19:10:50] --> cofopuzufup appeared
[kingpariser:  04.10.2021, 19:12:23] --> cofopuzufup appeared
[kingpariser:  04.10.2021, 19:12:25] --> cofopuzufup appeared
[kingpariser:  04.10.2021, 19:12:30] --> zitazazuvogi appeared
[kingpariser:  04.10.2021, 19:13:00] --> zitazazuvogi appeared
[kingpariser:  04.10.2021, 19:13:05] --> zitazazuvogi appeared
[kingpariser:  04.10.2021, 19:13:14] --> zitazazuvogi appeared
[kingpariser:  04.10.2021, 19:13:48] --> cofopuzufup appeared
[kingpariser:  04.10.2021, 19:14:05] --> cofopuzufup appeared
[kingpariser:  04.10.2021, 19:14:11] --> zitazazuvogi appeared
[kingpariser:  04.10.2021, 19:14:15] --> cofopuzufup appeared
[kingpariser:  04.10.2021, 19:14:46] --> zitazazuvogi appeared
[kingpariser:  04.10.2021, 19:15:23] --> zitazazuvogi appeared
[kingpariser:  04.10.2021, 19:15:49] --> fobibubicili appeared
[kingpariser:  04.10.2021, 19:17:03] --> zitazazuvogi appeared
[kingpariser:  04.10.2021, 19:18:59] --> cofopuzufup appeared
[kingpariser:  04.10.2021, 19:19:42] --> zitazazuvogi appeared
[kingpariser:  04.10.2021, 19:19:55] --> cofopuzufup appeared
[kingpariser:  04.10.2021, 19:20:46] --> fobibubicili appeared
[kingpariser:  04.10.2021, 19:21:21] --> zitazazuvogi appeared
[kingpariser:  04.10.2021, 19:21:29] --> zitazazuvogi appeared
[kingpariser:  04.10.2021, 19:21:38] --> zitazazuvogi appeared
[kingpariser:  04.10.2021, 19:22:00] --> zitazazuvogi appeared
[kingpariser:  04.10.2021, 19:23:51] --> zitazazuvogi appeared
[kingpariser:  04.10.2021, 19:24:46] --> cofopuzufup appeared
[kingpariser:  04.10.2021, 19:25:41] --> fobibubicili appeared
[kingpariser:  04.10.2021, 19:26:59] --> cofopuzufup appeared
[kingpariser:  04.10.2021, 19:27:17] --> cofopuzufup appeared
[kingpariser:  04.10.2021, 19:27:19] --> zitazazuvogi appeared
[kingpariser:  04.10.2021, 19:27:22] --> zitazazuvogi appeared
[kingpariser:  04.10.2021, 19:27:55] --> zitazazuvogi appeared
[kingpariser:  04.10.2021, 19:28:03] --> zitazazuvogi appeared
[kingpariser:  04.10.2021, 19:28:55] --> cofopuzufup appeared
[kingpariser:  04.10.2021, 19:30:15] --> zitazazuvogi appeared
[kingpariser:  04.10.2021, 19:30:32] --> zitazazuvogi appeared
[kingpariser:  04.10.2021, 19:30:38] --> fobibubicili appeared
[kingpariser:  04.10.2021, 19:32:10] --> zitazazuvogi appeared
[kingpariser:  04.10.2021, 19:32:52] --> cofopuzufup appeared
[kingpariser:  04.10.2021, 19:34:02] --> cofopuzufup appeared
[kingpariser:  04.10.2021, 19:34:24] --> fobibubicili appeared
[kingpariser:  04.10.2021, 19:35:14] --> cofopuzufup appeared
[kingpariser:  04.10.2021, 19:37:07] --> cofopuzufup appeared
[kingpariser:  04.10.2021, 19:37:31] --> fobibubicili appeared
[kingpariser:  04.10.2021, 19:38:43] --> cofopuzufup appeared
[kingpariser:  04.10.2021, 19:39:00] --> fobibubicili appeared
[kingpariser:  04.10.2021, 19:40:09] --> cofopuzufup appeared
[kingpariser:  04.10.2021, 19:40:25] --> cofopuzufup appeared
[kingpariser:  04.10.2021, 19:40:32] --> cofopuzufup appeared
[kingpariser:  04.10.2021, 19:40:49] --> zitazazuvogi appeared
[kingpariser:  04.10.2021, 19:41:13] --> zitazazuvogi appeared
[kingpariser:  04.10.2021, 19:41:22] --> zitazazuvogi appeared
[kingpariser:  04.10.2021, 19:41:29] --> zitazazuvogi appeared
[kingpariser:  04.10.2021, 19:41:44] --> zitazazuvogi appeared
[kingpariser:  04.10.2021, 19:42:06] --> zitazazuvogi appeared
[kingpariser:  04.10.2021, 19:43:31] --> cofopuzufup appeared
[kingpariser:  04.10.2021, 19:43:34] --> zitazazuvogi appeared
[kingpariser:  04.10.2021, 19:43:58] --> fobibubicili appeared
[kingpariser:  04.10.2021, 19:44:10] --> fobibubicili appeared
[kingpariser:  04.10.2021, 19:44:16] --> zitazazuvogi appeared
[kingpariser:  04.10.2021, 19:44:32] --> cofopuzufup appeared
[kingpariser:  04.10.2021, 19:44:42] --> cofopuzufup appeared
[kingpariser:  04.10.2021, 19:44:50] --> cofopuzufup appeared
[kingpariser:  04.10.2021, 19:45:04] --> cofopuzufup appeared
[kingpariser:  04.10.2021, 19:45:12] --> cofopuzufup appeared
[kingpariser:  04.10.2021, 19:45:19] --> cofopuzufup appeared
[kingpariser:  04.10.2021, 19:46:17] --> zitazazuvogi appeared
[kingpariser:  04.10.2021, 19:46:38] --> zitazazuvogi appeared
[kingpariser:  04.10.2021, 19:47:45] --> cofopuzufup appeared
[kingpariser:  04.10.2021, 19:48:36] --> zitazazuvogi appeared
[kingpariser:  04.10.2021, 19:48:55] --> fobibubicili appeared
[kingpariser:  04.10.2021, 19:49:18] --> cofopuzufup appeared
[kingpariser:  04.10.2021, 19:49:58] --> cofopuzufup appeared
[kingpariser:  04.10.2021, 19:51:57] --> cofopuzufup appeared
[kingpariser:  04.10.2021, 19:52:03] --> fobibubicili appeared
[kingpariser:  04.10.2021, 19:52:27] --> fobibubicili appeared
[kingpariser:  04.10.2021, 19:52:43] --> zitazazuvogi appeared
[kingpariser:  04.10.2021, 19:53:26] --> zitazazuvogi appeared
[kingpariser:  04.10.2021, 19:53:38] --> cofopuzufup appeared
[kingpariser:  04.10.2021, 19:53:50] --> fobibubicili appeared
[kingpariser:  04.10.2021, 19:55:15] --> zitazazuvogi appeared
[kingpariser:  04.10.2021, 19:55:58] --> cofopuzufup appeared
[kingpariser:  04.10.2021, 19:56:00] --> cofopuzufup appeared
[kingpariser:  04.10.2021, 19:56:03] --> zitazazuvogi appeared
[kingpariser:  04.10.2021, 19:56:33] --> cofopuzufup appeared
[kingpariser:  04.10.2021, 19:57:30] --> fobibubicili appeared
[kingpariser:  04.10.2021, 19:57:35] --> zitazazuvogi appeared
[kingpariser:  04.10.2021, 19:58:22] --> zitazazuvogi appeared
[kingpariser:  04.10.2021, 19:58:49] --> fobibubicili appeared
[kingpariser:  04.10.2021, 20:00:13] --> zitazazuvogi appeared
[kingpariser:  04.10.2021, 20:00:59] --> zitazazuvogi appeared
[kingpariser:  04.10.2021, 20:01:27] --> cofopuzufup appeared
[kingpariser:  04.10.2021, 20:01:55] --> fobibubicili appeared
[kingpariser:  04.10.2021, 20:02:04] --> fobibubicili appeared
[kingpariser:  04.10.2021, 20:03:20] --> zitazazuvogi appeared
[kingpariser:  04.10.2021, 20:03:45] --> fobibubicili appeared
[kingpariser:  04.10.2021, 20:03:51] --> fobibubicili appeared
[kingpariser:  04.10.2021, 20:03:58] --> fobibubicili appeared
[kingpariser:  04.10.2021, 20:04:01] --> zitazazuvogi appeared
[kingpariser:  04.10.2021, 20:04:13] --> zitazazuvogi appeared
[kingpariser:  04.10.2021, 20:05:12] --> zitazazuvogi appeared
[kingpariser:  04.10.2021, 20:06:59] --> fobibubicili appeared
[kingpariser:  04.10.2021, 20:08:08] --> zitazazuvogi appeared
[kingpariser:  04.10.2021, 20:08:24] --> zitazazuvogi appeared
[kingpariser:  04.10.2021, 20:08:51] --> zitazazuvogi appeared
[kingpariser:  04.10.2021, 20:10:03] --> cofopuzufup appeared
[kingpariser:  04.10.2021, 20:10:11] --> cofopuzufup appeared
[kingpariser:  04.10.2021, 20:10:48] --> cofopuzufup appeared
[kingpariser:  04.10.2021, 20:11:41] --> zitazazuvogi appeared
[kingpariser:  04.10.2021, 20:11:52] --> cofopuzufup appeared
[kingpariser:  04.10.2021, 20:13:07] --> cofopuzufup appeared
[kingpariser:  04.10.2021, 20:13:34] --> fobibubicili appeared
[kingpariser:  04.10.2021, 20:14:41] --> cofopuzufup appeared
[kingpariser:  04.10.2021, 20:16:29] --> zitazazuvogi appeared
[kingpariser:  04.10.2021, 20:16:54] --> fobibubicili appeared
[kingpariser:  04.10.2021, 20:18:01] --> cofopuzufup appeared
[kingpariser:  04.10.2021, 20:19:51] --> zitazazuvogi appeared
[kingpariser:  04.10.2021, 20:20:31] --> zitazazuvogi appeared
[kingpariser:  04.10.2021, 20:20:49] --> cofopuzufup appeared
[kingpariser:  04.10.2021, 20:20:58] --> cofopuzufup appeared
[kingpariser:  04.10.2021, 20:21:05] --> cofopuzufup appeared
[kingpariser:  04.10.2021, 20:21:19] --> cofopuzufup appeared
[kingpariser:  04.10.2021, 20:21:27] --> cofopuzufup appeared
[kingpariser:  04.10.2021, 20:21:38] --> cofopuzufup appeared
[kingpariser:  04.10.2021, 20:22:04] --> cofopuzufup appeared
[kingpariser:  04.10.2021, 20:23:08] --> zitazazuvogi appeared
[kingpariser:  04.10.2021, 20:23:51] --> zitazazuvogi appeared
[kingpariser:  04.10.2021, 20:25:00] --> zitazazuvogi appeared
[kingpariser:  04.10.2021, 20:25:03] --> zitazazuvogi appeared
[kingpariser:  04.10.2021, 20:25:18] --> zitazazuvogi appeared
[kingpariser:  04.10.2021, 20:26:37] --> cofopuzufup appeared
[kingpariser:  04.10.2021, 20:27:57] --> zitazazuvogi appeared
[kingpariser:  04.10.2021, 20:28:39] --> zitazazuvogi appeared
[kingpariser:  04.10.2021, 20:29:51] --> zitazazuvogi appeared
[kingpariser:  04.10.2021, 20:30:24] --> cofopuzufup appeared
[kingpariser:  04.10.2021, 20:30:33] --> cofopuzufup appeared
[kingpariser:  04.10.2021, 20:31:44] --> zitazazuvogi appeared
[kingpariser:  04.10.2021, 20:32:05] --> zitazazuvogi appeared
[kingpariser:  04.10.2021, 20:32:52] --> zitazazuvogi appeared
[kingpariser:  04.10.2021, 20:33:35] --> zitazazuvogi appeared
[kingpariser:  04.10.2021, 20:34:49] --> zitazazuvogi appeared
[kingpariser:  04.10.2021, 20:35:31] --> zitazazuvogi appeared
[kingpariser:  04.10.2021, 20:36:46] --> cofopuzufup appeared
[kingpariser:  04.10.2021, 20:37:06] --> cofopuzufup appeared
[kingpariser:  04.10.2021, 20:37:47] --> cofopuzufup appeared
[kingpariser:  04.10.2021, 20:38:32] --> cofopuzufup appeared
[kingpariser:  04.10.2021, 20:39:40] --> zitazazuvogi appeared
[kingpariser:  04.10.2021, 20:40:18] --> zitazazuvogi appeared
[kingpariser:  04.10.2021, 20:41:34] --> zitazazuvogi appeared
[kingpariser:  04.10.2021, 20:43:09] --> cofopuzufup appeared
[kingpariser:  04.10.2021, 20:43:50] --> zitazazuvogi appeared
[kingpariser:  04.10.2021, 20:43:54] --> zitazazuvogi appeared
[kingpariser:  04.10.2021, 20:44:34] --> zitazazuvogi appeared
[kingpariser:  04.10.2021, 20:45:16] --> zitazazuvogi appeared
[kingpariser:  04.10.2021, 20:46:37] --> zitazazuvogi appeared
[kingpariser:  04.10.2021, 20:47:17] --> zitazazuvogi appeared
[kingpariser:  04.10.2021, 20:48:45] --> cofopuzufup appeared
[kingpariser:  04.10.2021, 20:48:58] --> cofopuzufup appeared
[kingpariser:  04.10.2021, 20:50:19] --> cofopuzufup appeared
[kingpariser:  04.10.2021, 20:51:48] --> cofopuzufup appeared
[kingpariser:  04.10.2021, 20:52:42] --> cofopuzufup appeared
[kingpariser:  04.10.2021, 20:53:33] --> zitazazuvogi appeared
[kingpariser:  04.10.2021, 20:54:07] --> cofopuzufup appeared
[kingpariser:  04.10.2021, 20:54:15] --> zitazazuvogi appeared
[kingpariser:  04.10.2021, 20:55:20] --> cofopuzufup appeared
[kingpariser:  04.10.2021, 20:58:33] --> Bot successfully started
[kingpariser:  04.10.2021, 20:58:37] --> cofopuzufup appeared
[kingpariser:  04.10.2021, 20:59:13] --> cofopuzufup appeared
[kingpariser:  04.10.2021, 20:59:33] --> lukipokazako appeared
[kingpariser:  04.10.2021, 20:59:48] --> Character was kicked from the bot, reason: Character was walking
[kingpariser:  04.10.2021, 21:00:19] --> Changing into CH1
[kingpariser:  04.10.2021, 21:00:24] --> liperdorexx appeared
[kingpariser:  04.10.2021, 22:24:26] --> Bot successfully started
[kingpariser:  04.10.2021, 22:26:19] --> aszerliporet appeared
[kingpariser:  05.10.2021, 11:39:27] --> Bot successfully started
[kingpariser:  05.10.2021, 11:43:29] --> Changing into CH2
[kingpariser:  05.10.2021, 11:43:30] --> Character got kick
[kingpariser:  05.10.2021, 11:43:48] --> Character got kick
[kingpariser:  05.10.2021, 11:44:11] --> needTHAWALK appeared
[cirerahezi:   05.10.2021, 11:46:28] --> Character was kicked from the bot, reason: Changing character
[likohiveroh:  05.10.2021, 11:48:57] --> Character was kicked from the bot, reason: Changing character
[zikidezozif:  05.10.2021, 11:51:10] --> Character was kicked from the bot, reason: Changing character
[kingpariser:  05.10.2021, 11:59:24] --> Bot successfully started
[kingpariser:  05.10.2021, 12:02:33] --> Character was kicked from the bot, reason: Changing character
[cirerahezi:   05.10.2021, 12:03:15] --> Setting 'umut' loaded because of active level settings
[cirerahezi:   05.10.2021, 12:03:18] --> Character went to shop
[cirerahezi:   05.10.2021, 12:03:25] --> Character was kicked from the bot, reason: Character was walking
[cirerahezi:   05.10.2021, 12:03:36] --> moharabuzi appeared
[cirerahezi:   05.10.2021, 12:04:03] --> kusuragafo appeared
[cirerahezi:   05.10.2021, 12:04:35] --> Character was kicked from the bot, reason: Character was walking
[cirerahezi:   05.10.2021, 12:04:47] --> Character was kicked from the bot, reason: Character was walking
[cirerahezi:   05.10.2021, 12:04:59] --> niruzobire appeared
[cirerahezi:   05.10.2021, 12:05:03] --> Character leveled up to level 3
[cirerahezi:   05.10.2021, 12:05:04] --> Character leveled up to level 6
[cirerahezi:   05.10.2021, 12:05:05] --> Character leveled up to level 7
[cirerahezi:   05.10.2021, 12:05:05] --> Character leveled up to level 8
[cirerahezi:   05.10.2021, 12:05:07] --> Character leveled up to level 9
[cirerahezi:   05.10.2021, 12:05:12] --> Character leveled up to level 10
[cirerahezi:   05.10.2021, 12:05:15] --> Character leveled up to level 11
[cirerahezi:   05.10.2021, 12:05:22] --> Character leveled up to level 12
[cirerahezi:   05.10.2021, 12:05:30] --> niruzobire appeared
[cirerahezi:   05.10.2021, 12:05:53] --> Character leveled up to level 13
[cirerahezi:   05.10.2021, 12:06:00] --> niruzobire appeared
[cirerahezi:   05.10.2021, 12:06:02] --> Character leveled up to level 14
[cirerahezi:   05.10.2021, 12:06:31] --> niruzobire appeared
[cirerahezi:   05.10.2021, 12:06:48] --> Character leveled up to level 15
[cirerahezi:   05.10.2021, 12:07:00] --> Character leveled up to level 16
[cirerahezi:   05.10.2021, 12:07:01] --> niruzobire appeared
[cirerahezi:   05.10.2021, 12:07:32] --> niruzobire appeared
[cirerahezi:   05.10.2021, 12:08:06] --> Character leveled up to level 17
[cirerahezi:   05.10.2021, 12:08:49] --> Character leveled up to level 18
[cirerahezi:   05.10.2021, 12:09:15] --> Character leveled up to level 19
[cirerahezi:   05.10.2021, 12:10:16] --> niruzobire appeared
[cirerahezi:   05.10.2021, 12:10:47] --> niruzobire appeared
[cirerahezi:   05.10.2021, 12:10:58] --> Character leveled up to level 20
[cirerahezi:   05.10.2021, 12:11:54] --> pesovafakuf appeared
[cirerahezi:   05.10.2021, 12:12:49] --> Character leveled up to level 21
[cirerahezi:   05.10.2021, 12:17:57] --> Bot successfully started
[cirerahezi:   05.10.2021, 12:17:57] --> Setting 'umut' loaded because of active level settings
[cirerahezi:   05.10.2021, 12:17:57] --> nelahufimep appeared
[cirerahezi:   05.10.2021, 12:18:16] --> pesovafakuf appeared
[cirerahezi:   05.10.2021, 12:18:35] --> pesovafakuf appeared
[cirerahezi:   05.10.2021, 12:18:46] --> Character leveled up to level 22
[cirerahezi:   05.10.2021, 12:19:59] --> pesovafakuf appeared
[cirerahezi:   05.10.2021, 12:20:18] --> pesovafakuf appeared
[cirerahezi:   05.10.2021, 12:20:38] --> pesovafakuf appeared
[cirerahezi:   05.10.2021, 12:21:18] --> pesovafakuf appeared
[cirerahezi:   05.10.2021, 12:22:19] --> pesovafakuf appeared
[cirerahezi:   05.10.2021, 12:22:38] --> nelahufimep appeared
[cirerahezi:   05.10.2021, 12:23:00] --> pesovafakuf appeared
[cirerahezi:   05.10.2021, 12:23:18] --> nelahufimep appeared
[cirerahezi:   05.10.2021, 12:23:39] --> nelahufimep appeared
[cirerahezi:   05.10.2021, 12:23:58] --> nelahufimep appeared
[cirerahezi:   05.10.2021, 12:24:21] --> nelahufimep appeared
[cirerahezi:   05.10.2021, 12:24:38] --> pesovafakuf appeared
[cirerahezi:   05.10.2021, 12:24:48] --> Character leveled up to level 23
[cirerahezi:   05.10.2021, 12:24:48] --> Setting 'umut2' loaded because of active level settings
[cirerahezi:   05.10.2021, 12:25:06] --> Character was kicked from the bot, reason: Character was walking
[cirerahezi:   05.10.2021, 12:25:30] --> Character was kicked from the bot, reason: Character was walking
[cirerahezi:   05.10.2021, 12:25:34] --> kusuragafo appeared
[cirerahezi:   05.10.2021, 12:25:57] --> howapabogiz appeared
[cirerahezi:   05.10.2021, 12:26:11] --> kusuragafo appeared
[cirerahezi:   05.10.2021, 12:26:24] --> kusuragafo appeared
[cirerahezi:   05.10.2021, 12:26:37] --> howapabogiz appeared
[cirerahezi:   05.10.2021, 12:26:48] --> Character leveled up to level 24
[cirerahezi:   05.10.2021, 12:26:54] --> kusuragafo appeared
[cirerahezi:   05.10.2021, 12:28:06] --> Character leveled up to level 25
[cirerahezi:   05.10.2021, 12:28:11] --> howapabogiz appeared
[cirerahezi:   05.10.2021, 12:28:32] --> kusuragafo appeared
[cirerahezi:   05.10.2021, 12:28:55] --> howapabogiz appeared
[cirerahezi:   05.10.2021, 12:29:10] --> kusuragafo appeared
[cirerahezi:   05.10.2021, 12:29:33] --> Character leveled up to level 26
[cirerahezi:   05.10.2021, 12:29:52] --> howapabogiz appeared
[cirerahezi:   05.10.2021, 12:30:32] --> howapabogiz appeared
[cirerahezi:   05.10.2021, 12:30:52] --> Character leveled up to level 27
[cirerahezi:   05.10.2021, 12:31:08] --> howapabogiz appeared
[cirerahezi:   05.10.2021, 12:31:52] --> howapabogiz appeared
[cirerahezi:   05.10.2021, 12:32:06] --> kusuragafo appeared
[cirerahezi:   05.10.2021, 12:32:40] --> Character leveled up to level 28
[cirerahezi:   05.10.2021, 12:32:51] --> kusuragafo appeared
[cirerahezi:   05.10.2021, 12:33:37] --> bukugofupur appeared
[cirerahezi:   05.10.2021, 12:34:00] --> howapabogiz appeared
[cirerahezi:   05.10.2021, 12:34:09] --> Character leveled up to level 29
[cirerahezi:   05.10.2021, 12:34:47] --> howapabogiz appeared
[cirerahezi:   05.10.2021, 12:35:05] --> howapabogiz appeared
[cirerahezi:   05.10.2021, 12:35:37] --> howapabogiz appeared
[cirerahezi:   05.10.2021, 12:36:21] --> howapabogiz appeared
[cirerahezi:   05.10.2021, 12:36:52] --> Character leveled up to level 30
[cirerahezi:   05.10.2021, 12:36:53] --> Bot stopped: Character reached level 30
[cirerahezi:   05.10.2021, 12:37:02] --> howapabogiz appeared
[cirerahezi:   05.10.2021, 12:54:06] --> Character was kicked from the bot, reason: Changing character
[likohiveroh:  05.10.2021, 12:54:14] --> zarupebifi appeared
[likohiveroh:  05.10.2021, 12:56:36] --> Setting 'umut' loaded because of active level settings
[likohiveroh:  05.10.2021, 12:56:39] --> Character went to shop
[likohiveroh:  05.10.2021, 12:56:46] --> Character was kicked from the bot, reason: Character was walking
[likohiveroh:  05.10.2021, 12:56:51] --> zarupebifi appeared
[likohiveroh:  05.10.2021, 12:57:37] --> zarupebifi appeared
[likohiveroh:  05.10.2021, 12:57:54] --> Character was kicked from the bot, reason: Character was walking
[likohiveroh:  05.10.2021, 12:58:07] --> Character was kicked from the bot, reason: Character was walking
[likohiveroh:  05.10.2021, 12:58:13] --> zarupebifi appeared
[likohiveroh:  05.10.2021, 12:58:19] --> nefokerulize appeared
[likohiveroh:  05.10.2021, 12:58:38] --> nefokerulize appeared
[likohiveroh:  05.10.2021, 12:58:42] --> Character leveled up to level 2
[likohiveroh:  05.10.2021, 12:58:44] --> Character leveled up to level 3
[likohiveroh:  05.10.2021, 12:58:45] --> Character leveled up to level 5
[likohiveroh:  05.10.2021, 12:58:46] --> Character leveled up to level 6
[likohiveroh:  05.10.2021, 12:58:49] --> Character leveled up to level 7
[likohiveroh:  05.10.2021, 12:59:40] --> Character leveled up to level 8
[likohiveroh:  05.10.2021, 12:59:43] --> Character leveled up to level 9
[likohiveroh:  05.10.2021, 12:59:48] --> Character leveled up to level 10
[likohiveroh:  05.10.2021, 13:00:42] --> Character leveled up to level 11
[likohiveroh:  05.10.2021, 13:00:46] --> Character leveled up to level 12
[likohiveroh:  05.10.2021, 13:00:51] --> Character leveled up to level 13
[likohiveroh:  05.10.2021, 13:00:55] --> Character leveled up to level 14
[likohiveroh:  05.10.2021, 13:01:49] --> Character leveled up to level 15
[likohiveroh:  05.10.2021, 13:02:19] --> nefokerulize appeared
[likohiveroh:  05.10.2021, 13:02:36] --> nefokerulize appeared
[likohiveroh:  05.10.2021, 13:02:52] --> Character leveled up to level 16
[likohiveroh:  05.10.2021, 13:03:17] --> nefokerulize appeared
[likohiveroh:  05.10.2021, 13:04:51] --> Character leveled up to level 17
[likohiveroh:  05.10.2021, 13:06:42] --> Character leveled up to level 18
[likohiveroh:  05.10.2021, 13:07:58] --> Character leveled up to level 19
[likohiveroh:  05.10.2021, 13:09:46] --> Character leveled up to level 20
[likohiveroh:  05.10.2021, 13:12:44] --> Character leveled up to level 21
[likohiveroh:  05.10.2021, 13:17:29] --> Character leveled up to level 22
[likohiveroh:  05.10.2021, 13:23:01] --> nefokerulize appeared
[likohiveroh:  05.10.2021, 13:23:19] --> nefokerulize appeared
[likohiveroh:  05.10.2021, 13:23:40] --> nefokerulize appeared
[likohiveroh:  05.10.2021, 13:23:42] --> Character leveled up to level 23
[likohiveroh:  05.10.2021, 13:23:42] --> Setting 'umut2' loaded because of active level settings
[likohiveroh:  05.10.2021, 13:24:01] --> Character was kicked from the bot, reason: Character was walking
[likohiveroh:  05.10.2021, 13:24:10] --> ShacoMdr appeared
[likohiveroh:  05.10.2021, 13:24:25] --> Character was kicked from the bot, reason: Character was walking
[likohiveroh:  05.10.2021, 13:24:28] --> kefofumegu appeared
[likohiveroh:  05.10.2021, 13:25:05] --> zarupebifi appeared
[likohiveroh:  05.10.2021, 13:25:36] --> Character leveled up to level 24
[likohiveroh:  05.10.2021, 13:25:50] --> kefofumegu appeared
[likohiveroh:  05.10.2021, 13:26:16] --> zitezotagoza appeared
[likohiveroh:  05.10.2021, 13:26:32] --> zitezotagoza appeared
[likohiveroh:  05.10.2021, 13:26:59] --> Character leveled up to level 25
[likohiveroh:  05.10.2021, 13:27:51] --> zitezotagoza appeared
[likohiveroh:  05.10.2021, 13:28:15] --> Character leveled up to level 26
[likohiveroh:  05.10.2021, 13:28:42] --> zarupebifi appeared
[likohiveroh:  05.10.2021, 13:29:25] --> zarupebifi appeared
[likohiveroh:  05.10.2021, 13:29:27] --> Character leveled up to level 27
[likohiveroh:  05.10.2021, 13:29:29] --> Character died
[likohiveroh:  05.10.2021, 13:30:37] --> zarupebifi appeared
[likohiveroh:  05.10.2021, 13:31:02] --> nahelavoa appeared
[likohiveroh:  05.10.2021, 13:31:08] --> Character leveled up to level 28
[likohiveroh:  05.10.2021, 13:34:10] --> Character leveled up to level 29
[likohiveroh:  05.10.2021, 13:37:34] --> Bot successfully started
[likohiveroh:  05.10.2021, 13:37:34] --> Setting 'umut2' loaded because of active level settings
[likohiveroh:  05.10.2021, 13:37:34] --> zitezotagoza appeared
[likohiveroh:  05.10.2021, 13:37:55] --> Character leveled up to level 30
[likohiveroh:  05.10.2021, 13:37:57] --> Bot stopped: Character reached level 30
[likohiveroh:  05.10.2021, 13:56:16] --> kefofumegu appeared
[likohiveroh:  05.10.2021, 13:56:34] --> kefofumegu appeared
[likohiveroh:  05.10.2021, 13:56:54] --> kefofumegu appeared
[likohiveroh:  05.10.2021, 13:57:16] --> kefofumegu appeared
[likohiveroh:  05.10.2021, 13:57:25] --> Character was kicked from the bot, reason: Changing character
[zikidezozif:  05.10.2021, 13:59:05] --> Setting 'umut' loaded because of active level settings
[zikidezozif:  05.10.2021, 13:59:08] --> Character went to shop
[zikidezozif:  05.10.2021, 13:59:16] --> Character was kicked from the bot, reason: Character was walking
[zikidezozif:  05.10.2021, 14:00:24] --> Character was kicked from the bot, reason: Character was walking
[zikidezozif:  05.10.2021, 14:00:28] --> webifelukede appeared
[zikidezozif:  05.10.2021, 14:00:36] --> Character was kicked from the bot, reason: Character was walking
[zikidezozif:  05.10.2021, 14:00:49] --> Character leveled up to level 2
[zikidezozif:  05.10.2021, 14:00:50] --> webobesafu appeared
[zikidezozif:  05.10.2021, 14:00:51] --> Character leveled up to level 3
[zikidezozif:  05.10.2021, 14:00:52] --> Character leveled up to level 4
[zikidezozif:  05.10.2021, 14:00:53] --> Character leveled up to level 6
[zikidezozif:  05.10.2021, 14:00:54] --> Character leveled up to level 8
[zikidezozif:  05.10.2021, 14:00:56] --> Character leveled up to level 9
[zikidezozif:  05.10.2021, 14:00:58] --> Character leveled up to level 10
[zikidezozif:  05.10.2021, 14:01:00] --> Character leveled up to level 11
[zikidezozif:  05.10.2021, 14:01:10] --> webobesafu appeared
[zikidezozif:  05.10.2021, 14:01:32] --> webobesafu appeared
[zikidezozif:  05.10.2021, 14:01:51] --> Character leveled up to level 12
[zikidezozif:  05.10.2021, 14:01:54] --> Character leveled up to level 13
[zikidezozif:  05.10.2021, 14:01:56] --> webobesafu appeared
[zikidezozif:  05.10.2021, 14:02:16] --> webobesafu appeared
[zikidezozif:  05.10.2021, 14:02:33] --> webobesafu appeared
[zikidezozif:  05.10.2021, 14:02:46] --> Character leveled up to level 14
[zikidezozif:  05.10.2021, 14:02:56] --> webifelukede appeared
[zikidezozif:  05.10.2021, 14:03:15] --> webobesafu appeared
[zikidezozif:  05.10.2021, 14:03:35] --> webobesafu appeared
[zikidezozif:  05.10.2021, 14:03:51] --> Character leveled up to level 15
[zikidezozif:  05.10.2021, 14:04:45] --> Character leveled up to level 16
[zikidezozif:  05.10.2021, 14:05:59] --> Character leveled up to level 17
[zikidezozif:  05.10.2021, 14:08:40] --> Character leveled up to level 18
[zikidezozif:  05.10.2021, 14:11:53] --> Character leveled up to level 19
[zikidezozif:  05.10.2021, 14:16:47] --> Character leveled up to level 20
[zikidezozif:  05.10.2021, 14:20:42] --> Character leveled up to level 21
[zikidezozif:  05.10.2021, 14:25:05] --> Bot successfully started
[zikidezozif:  05.10.2021, 14:25:06] --> Setting 'umut' loaded because of active level settings
[zikidezozif:  05.10.2021, 14:25:06] --> webifelukede appeared
[zikidezozif:  05.10.2021, 14:26:20] --> Bot successfully started
[zikidezozif:  05.10.2021, 14:26:20] --> Setting 'umut' loaded because of active level settings
[zikidezozif:  05.10.2021, 14:26:21] --> webifelukede appeared
[zikidezozif:  05.10.2021, 14:28:50] --> Character leveled up to level 22
[zikidezozif:  05.10.2021, 14:35:40] --> Character leveled up to level 23
[zikidezozif:  05.10.2021, 14:35:40] --> Setting 'umut2' loaded because of active level settings
[zikidezozif:  05.10.2021, 14:35:58] --> Character was kicked from the bot, reason: Character was walking
[zikidezozif:  05.10.2021, 14:36:14] --> fugurepuwoka appeared
[zikidezozif:  05.10.2021, 14:36:22] --> Character was kicked from the bot, reason: Character was walking
[zikidezozif:  05.10.2021, 14:36:26] --> kocepivepeb appeared
[zikidezozif:  05.10.2021, 14:38:01] --> Character leveled up to level 24
[zikidezozif:  05.10.2021, 14:39:31] --> Character leveled up to level 25
[zikidezozif:  05.10.2021, 14:42:07] --> Character leveled up to level 26
[zikidezozif:  05.10.2021, 14:44:32] --> Character leveled up to level 27
[zikidezozif:  05.10.2021, 14:47:44] --> Character leveled up to level 28
[zikidezozif:  05.10.2021, 14:50:04] --> Character leveled up to level 29
[zikidezozif:  05.10.2021, 14:51:46] --> Character leveled up to level 30
[zikidezozif:  05.10.2021, 14:51:46] --> Bot stopped: Character reached level 30
[zikidezozif:  05.10.2021, 14:53:44] --> Character died
[dazikugalovu: 05.10.2021, 20:35:53] --> Bot successfully started
[dazikugalovu: 05.10.2021, 20:37:29] --> Setting 'umut' loaded because of active level settings
[dazikugalovu: 05.10.2021, 20:37:32] --> Character went to shop
[dazikugalovu: 05.10.2021, 20:37:40] --> Character was kicked from the bot, reason: Character was walking
[dazikugalovu: 05.10.2021, 20:38:49] --> Character was kicked from the bot, reason: Character was walking
[dazikugalovu: 05.10.2021, 20:38:54] --> zakivihifak appeared
[dazikugalovu: 05.10.2021, 20:39:02] --> Character was kicked from the bot, reason: Character was walking
[dazikugalovu: 05.10.2021, 20:39:17] --> Character leveled up to level 4
[dazikugalovu: 05.10.2021, 20:39:18] --> Character leveled up to level 8
[dazikugalovu: 05.10.2021, 20:39:19] --> Character leveled up to level 9
[dazikugalovu: 05.10.2021, 20:39:22] --> Character leveled up to level 10
[dazikugalovu: 05.10.2021, 20:39:24] --> Character leveled up to level 11
[dazikugalovu: 05.10.2021, 20:39:30] --> Character leveled up to level 12
[dazikugalovu: 05.10.2021, 20:39:42] --> Character leveled up to level 13
[dazikugalovu: 05.10.2021, 20:39:56] --> Character leveled up to level 14
[dazikugalovu: 05.10.2021, 20:40:41] --> Character leveled up to level 15
[dazikugalovu: 05.10.2021, 20:41:01] --> Character leveled up to level 16
[dazikugalovu: 05.10.2021, 20:41:47] --> Character leveled up to level 17
[dazikugalovu: 05.10.2021, 20:42:44] --> Character leveled up to level 18
[dazikugalovu: 05.10.2021, 20:43:47] --> Character leveled up to level 19
[dazikugalovu: 05.10.2021, 20:44:05] --> tazozanopaka appeared
[dazikugalovu: 05.10.2021, 20:44:08] --> tazozanopaka appeared
[dazikugalovu: 05.10.2021, 20:45:37] --> Character leveled up to level 20
[dazikugalovu: 05.10.2021, 20:49:35] --> Character leveled up to level 21
[dazikugalovu: 05.10.2021, 20:56:35] --> Character leveled up to level 22
[dazikugalovu: 05.10.2021, 21:04:32] --> Character leveled up to level 23
[dazikugalovu: 05.10.2021, 21:04:33] --> Setting 'umut2' loaded because of active level settings
[dazikugalovu: 05.10.2021, 21:04:41] --> Character got kick
[dazikugalovu: 05.10.2021, 21:05:16] --> Character was kicked from the bot, reason: Character was walking
[dazikugalovu: 05.10.2021, 21:05:39] --> Character was kicked from the bot, reason: Character was walking
[dazikugalovu: 05.10.2021, 21:06:37] --> Character died
[dazikugalovu: 05.10.2021, 21:07:17] --> Character leveled up to level 24
[dazikugalovu: 05.10.2021, 21:07:50] --> Character leveled up to level 25
[dazikugalovu: 05.10.2021, 21:07:54] --> pokepupezeba appeared
[dazikugalovu: 05.10.2021, 21:08:31] --> Character leveled up to level 26
[dazikugalovu: 05.10.2021, 21:08:39] --> pokepupezeba appeared
[dazikugalovu: 05.10.2021, 21:09:39] --> Character leveled up to level 27
[dazikugalovu: 05.10.2021, 21:10:34] --> Character leveled up to level 28
[dazikugalovu: 05.10.2021, 21:10:57] --> pokepupezeba appeared
[dazikugalovu: 05.10.2021, 21:11:42] --> Character leveled up to level 29
[dazikugalovu: 05.10.2021, 21:12:29] --> pokepupezeba appeared
[dazikugalovu: 05.10.2021, 21:13:11] --> Character leveled up to level 30
[dazikugalovu: 05.10.2021, 21:13:12] --> Bot stopped: Character reached level 30
[dazikugalovu: 05.10.2021, 21:18:24] --> tazozanopaka appeared
[dazikugalovu: 05.10.2021, 21:19:06] --> tazozanopaka appeared
[dazikugalovu: 05.10.2021, 21:19:54] --> tazozanopaka appeared
[dazikugalovu: 05.10.2021, 21:20:38] --> viwevazuviz appeared
[dazikugalovu: 05.10.2021, 21:21:15] --> pokepupezeba appeared
[dazikugalovu: 05.10.2021, 21:22:07] --> tazozanopaka appeared
[dazikugalovu: 05.10.2021, 21:22:51] --> tazozanopaka appeared
[dazikugalovu: 05.10.2021, 21:23:35] --> tazozanopaka appeared
[dazikugalovu: 05.10.2021, 21:24:19] --> viwevazuviz appeared
[dazikugalovu: 05.10.2021, 21:25:04] --> viwevazuviz appeared
[dazikugalovu: 05.10.2021, 21:25:46] --> tazozanopaka appeared
[dazikugalovu: 05.10.2021, 21:26:30] --> viwevazuviz appeared
[dazikugalovu: 05.10.2021, 21:27:15] --> viwevazuviz appeared
[dazikugalovu: 05.10.2021, 21:28:00] --> tazozanopaka appeared
[dazikugalovu: 09.10.2021, 19:07:03] --> Bot successfully started
[dazikugalovu: 09.10.2021, 19:07:03] --> wizabufekil appeared
[dazikugalovu: 09.10.2021, 19:09:56] --> Character was kicked from the bot, reason: Changing character
[dazikugalovu: 09.10.2021, 19:10:01] --> Character leveled up to level 70
[kingpariser:  09.10.2021, 19:10:58] --> Character went to shop
[kingpariser:  09.10.2021, 19:11:11] --> Character was kicked from the bot, reason: Character was walking
[kingpariser:  09.10.2021, 19:11:17] --> SkoLest appeared
[kingpariser:  09.10.2021, 19:12:21] --> Character was kicked from the bot, reason: Character was walking
[kingpariser:  09.10.2021, 19:12:44] --> Character was kicked from the bot, reason: Character was walking
[kingpariser:  09.10.2021, 19:12:53] --> Time passed, now going to talk to alchemist: kingpariser
[kingpariser:  09.10.2021, 19:12:53] --> Character went to Alchemist
[kingpariser:  09.10.2021, 19:12:53] --> Character went to shop
[kingpariser:  09.10.2021, 19:13:05] --> Character was kicked from the bot, reason: Character was walking
[kingpariser:  09.10.2021, 19:13:36] --> SkoLest appeared
[kingpariser:  09.10.2021, 19:14:07] --> Character was kicked from the bot, reason: Character was walking
[kingpariser:  09.10.2021, 19:14:29] --> Character was kicked from the bot, reason: Character was walking
[kingpariser:  09.10.2021, 19:14:41] --> Character was kicked from the bot, reason: Character was walking
