[aszerliporet: 02.10.2021, 15:10:31] --> Bot successfully started
[aszerliporet: 02.10.2021, 15:10:31] --> Cleophis appeared
[aszerliporet: 02.10.2021, 15:10:47] --> Amimarena appeared
[aszerliporet: 02.10.2021, 15:17:58] --> Bot successfully started
[aszerliporet: 02.10.2021, 15:17:59] --> Cleophis appeared
[aszerliporet: 02.10.2021, 15:34:14] --> Cleophis appeared
[aszerliporet: 02.10.2021, 15:36:27] --> Cleophis appeared
[aszerliporet: 02.10.2021, 15:38:47] --> Cleophis appeared
[aszerliporet: 02.10.2021, 15:40:23] --> Amimarena appeared
[aszerliporet: 02.10.2021, 15:40:29] --> Character died
[aszerliporet: 02.10.2021, 15:43:36] --> iloresweas appeared
[aszerliporet: 02.10.2021, 15:54:22] --> DurexFrag appeared
[aszerliporet: 02.10.2021, 15:54:53] --> iloresweas appeared
[aszerliporet: 02.10.2021, 15:55:14] --> DurexFrag appeared
[aszerliporet: 02.10.2021, 15:56:08] --> BuffScotch74 appeared
[aszerliporet: 02.10.2021, 15:56:19] --> Character died
[aszerliporet: 02.10.2021, 15:57:19] --> Cleophis appeared
[aszerliporet: 02.10.2021, 15:57:59] --> DurexFrag appeared
[aszerliporet: 02.10.2021, 15:58:07] --> iloresweas appeared
[aszerliporet: 02.10.2021, 15:58:22] --> DurexFrag appeared
[aszerliporet: 02.10.2021, 15:58:54] --> iloresweas appeared
[aszerliporet: 02.10.2021, 15:59:46] --> iloresweas appeared
[aszerliporet: 02.10.2021, 16:00:13] --> LeAtomic appeared
[aszerliporet: 02.10.2021, 16:00:43] --> iloresweas appeared
[aszerliporet: 02.10.2021, 16:01:04] --> Lantex appeared
[aszerliporet: 02.10.2021, 16:01:06] --> Lantex appeared
[aszerliporet: 02.10.2021, 16:01:08] --> LeAtomic appeared
[aszerliporet: 02.10.2021, 16:01:32] --> iloresweas appeared
[aszerliporet: 02.10.2021, 16:01:59] --> DurexFrag appeared
[aszerliporet: 02.10.2021, 16:02:51] --> BuffScotch74 appeared
[aszerliporet: 02.10.2021, 16:02:56] --> LeAtomic appeared
[aszerliporet: 02.10.2021, 16:03:06] --> BuffScotch74 appeared
[aszerliporet: 02.10.2021, 16:03:13] --> Cleophis appeared
[aszerliporet: 02.10.2021, 16:03:31] --> Cleophis appeared
[aszerliporet: 02.10.2021, 16:03:46] --> LeAtomic appeared
[aszerliporet: 02.10.2021, 16:04:14] --> Character died
[aszerliporet: 02.10.2021, 16:04:35] --> Character died
[aszerliporet: 02.10.2021, 16:04:44] --> iloresweas appeared
[aszerliporet: 02.10.2021, 16:05:13] --> LeAtomic appeared
[aszerliporet: 02.10.2021, 16:05:39] --> iloresweas appeared
[aszerliporet: 02.10.2021, 16:05:43] --> Cleophis appeared
[aszerliporet: 02.10.2021, 16:06:13] --> BuffScotch74 appeared
[aszerliporet: 02.10.2021, 16:06:19] --> LeAtomic appeared
[aszerliporet: 02.10.2021, 16:06:37] --> iloresweas appeared
[aszerliporet: 02.10.2021, 16:07:01] --> BuffScotch74 appeared
[aszerliporet: 02.10.2021, 16:07:46] --> iloresweas appeared
[aszerliporet: 02.10.2021, 16:08:33] --> iloresweas appeared
[aszerliporet: 02.10.2021, 16:08:46] --> BuffScotch74 appeared
[aszerliporet: 02.10.2021, 16:09:18] --> iloresweas appeared
[aszerliporet: 02.10.2021, 16:09:40] --> DurexFrag appeared
[aszerliporet: 02.10.2021, 16:09:55] --> DurexFrag appeared
[aszerliporet: 02.10.2021, 16:10:09] --> iloresweas appeared
[aszerliporet: 02.10.2021, 16:10:36] --> BuffScotch74 appeared
[aszerliporet: 02.10.2021, 16:10:46] --> LeAtomic appeared
[aszerliporet: 02.10.2021, 16:10:53] --> BuffScotch74 appeared
[aszerliporet: 02.10.2021, 16:10:56] --> DurexFrag appeared
[aszerliporet: 02.10.2021, 16:42:42] --> Bot successfully started
[aszerliporet: 02.10.2021, 16:42:42] --> BuffTama appeared
[aszerliporet: 02.10.2021, 16:43:37] --> Changing into CH3
[aszerliporet: 02.10.2021, 16:44:51] --> Character died
[aszerliporet: 02.10.2021, 16:46:19] --> Bot successfully started
[aszerliporet: 02.10.2021, 16:46:20] --> dopliment appeared
[aszerliporet: 02.10.2021, 16:46:35] --> Character died
[aszerliporet: 02.10.2021, 16:47:20] --> dopliment appeared
[aszerliporet: 02.10.2021, 16:47:26] --> dopliment appeared
[aszerliporet: 02.10.2021, 16:47:46] --> barbeubleu appeared
[aszerliporet: 02.10.2021, 16:48:17] --> zarepireli appeared
[aszerliporet: 02.10.2021, 16:56:28] --> dopliment appeared
[aszerliporet: 02.10.2021, 16:56:32] --> Uryuu appeared
[aszerliporet: 02.10.2021, 16:56:39] --> dopliment appeared
[aszerliporet: 02.10.2021, 16:57:05] --> dopliment appeared
[aszerliporet: 02.10.2021, 16:57:21] --> dopliment appeared
[aszerliporet: 02.10.2021, 16:57:27] --> dopliment appeared
[aszerliporet: 02.10.2021, 16:57:32] --> Uryuu appeared
[aszerliporet: 02.10.2021, 16:57:34] --> dopliment appeared
[aszerliporet: 02.10.2021, 16:57:56] --> Uryuu appeared
[aszerliporet: 02.10.2021, 17:39:24] --> Bot successfully started
[aszerliporet: 02.10.2021, 17:39:24] --> MassilxHabra appeared
[aszerliporet: 02.10.2021, 17:40:06] --> Character was kicked from the bot, reason: Character was walking
[aszerliporet: 02.10.2021, 17:40:30] --> Character was kicked from the bot, reason: Character was walking
[aszerliporet: 02.10.2021, 17:40:42] --> Character was kicked from the bot, reason: Character was walking
[aszerliporet: 02.10.2021, 17:40:45] --> valoriaK appeared
[aszerliporet: 02.10.2021, 17:40:53] --> Character was kicked from the bot, reason: Character was walking
[aszerliporet: 02.10.2021, 17:41:14] --> Character was kicked from the bot, reason: Character was walking
[aszerliporet: 02.10.2021, 17:41:17] --> xV4ky appeared
[aszerliporet: 02.10.2021, 17:42:16] --> XxLyamxX appeared
[aszerliporet: 02.10.2021, 17:43:49] --> XxLyamxX appeared
[aszerliporet: 02.10.2021, 17:44:48] --> Character was kicked from the bot, reason: Character was walking
[aszerliporet: 02.10.2021, 17:46:00] --> XxLyamxX appeared
[aszerliporet: 02.10.2021, 17:46:31] --> Bretaton appeared
[aszerliporet: 02.10.2021, 17:46:39] --> Bretaton appeared
[aszerliporet: 02.10.2021, 17:49:56] --> XxLyamxX appeared
[aszerliporet: 02.10.2021, 17:50:29] --> XxLyamxX appeared
[aszerliporet: 02.10.2021, 17:51:34] --> XxLyamxX appeared
[aszerliporet: 02.10.2021, 17:52:41] --> XxLyamxX appeared
[aszerliporet: 02.10.2021, 17:54:22] --> XxLyamxX appeared
[aszerliporet: 02.10.2021, 17:54:25] --> XxLyamxX appeared
[aszerliporet: 02.10.2021, 17:54:57] --> XxLyamxX appeared
[aszerliporet: 02.10.2021, 17:56:05] --> XxLyamxX appeared
[aszerliporet: 02.10.2021, 17:57:13] --> XxLyamxX appeared
[aszerliporet: 02.10.2021, 17:58:17] --> XxLyamxX appeared
[aszerliporet: 02.10.2021, 17:59:24] --> XxLyamxX appeared
[aszerliporet: 02.10.2021, 18:00:01] --> XxLyamxX appeared
[aszerliporet: 02.10.2021, 18:00:31] --> XxLyamxX appeared
[aszerliporet: 02.10.2021, 18:01:08] --> XxLyamxX appeared
[aszerliporet: 02.10.2021, 18:01:38] --> XxLyamxX appeared
[aszerliporet: 02.10.2021, 18:03:56] --> XxLyamxX appeared
[aszerliporet: 02.10.2021, 18:10:03] --> Bot successfully started
[aszerliporet: 02.10.2021, 18:20:01] --> Assasinaa appeared
[aszerliporet: 02.10.2021, 18:33:11] --> ZeiiKK appeared
[aszerliporet: 02.10.2021, 18:57:19] --> mulemag4 appeared
[aszerliporet: 02.10.2021, 19:12:35] --> Bot successfully started
[aszerliporet: 02.10.2021, 19:12:48] --> MonkeyM00n appeared
[aszerliporet: 02.10.2021, 19:12:55] --> Character died
[aszerliporet: 02.10.2021, 19:13:04] --> Character was kicked from the bot, reason: Character was walking
[aszerliporet: 02.10.2021, 19:13:07] --> Character died
[aszerliporet: 02.10.2021, 19:13:34] --> MonkeyM00n appeared
[aszerliporet: 02.10.2021, 19:14:45] --> Character was kicked from the bot, reason: Character was walking
[aszerliporet: 02.10.2021, 19:14:48] --> XxLyamxX appeared
[aszerliporet: 02.10.2021, 19:15:29] --> Character was kicked from the bot, reason: Character was walking
[aszerliporet: 02.10.2021, 19:15:34] --> vuzakapecad appeared
[aszerliporet: 02.10.2021, 19:16:00] --> Changing into CH1
[aszerliporet: 02.10.2021, 19:16:05] --> komesaxire appeared
[aszerliporet: 04.10.2021, 14:44:52] --> Bot successfully started
[aszerliporet: 04.10.2021, 14:46:51] --> Character was kicked from the bot, reason: Character was walking
[aszerliporet: 04.10.2021, 14:47:45] --> Character was kicked from the bot, reason: Character was walking
[aszerliporet: 04.10.2021, 14:47:50] --> QuicklyDie96 appeared
[aszerliporet: 04.10.2021, 14:48:13] --> Character was kicked from the bot, reason: Character was walking
[aszerliporet: 04.10.2021, 14:48:39] --> Character was kicked from the bot, reason: Character was walking
[aszerliporet: 04.10.2021, 14:48:42] --> Yazzy appeared
[aszerliporet: 04.10.2021, 14:48:55] --> Changing into CH2
[aszerliporet: 04.10.2021, 14:49:03] --> Changing into CH3
[aszerliporet: 04.10.2021, 14:49:56] --> Character was kicked from the bot, reason: Character was walking
[aszerliporet: 04.10.2021, 14:51:00] --> WayTooMuch appeared
[aszerliporet: 04.10.2021, 14:51:41] --> WayTooMuch appeared
[aszerliporet: 04.10.2021, 15:08:53] --> WayTooMuch appeared
[aszerliporet: 04.10.2021, 15:09:23] --> WayTooMuch appeared
[aszerliporet: 04.10.2021, 15:09:27] --> WayTooMuch appeared
[aszerliporet: 04.10.2021, 15:09:55] --> WayTooMuch appeared
[aszerliporet: 04.10.2021, 15:10:27] --> WayTooMuch appeared
[aszerliporet: 04.10.2021, 15:11:02] --> WayTooMuch appeared
[aszerliporet: 04.10.2021, 15:11:34] --> WayTooMuch appeared
[aszerliporet: 04.10.2021, 15:12:41] --> WayTooMuch appeared
[aszerliporet: 04.10.2021, 15:14:18] --> WayTooMuch appeared
[aszerliporet: 04.10.2021, 15:14:59] --> Moraws appeared
[aszerliporet: 04.10.2021, 15:15:02] --> Moraws appeared
[aszerliporet: 04.10.2021, 15:22:11] --> Bot successfully started
[aszerliporet: 04.10.2021, 15:40:51] --> kileusebuff appeared
[aszerliporet: 04.10.2021, 15:40:59] --> kileusebuff appeared
[aszerliporet: 04.10.2021, 15:41:04] --> kileusebuff appeared
[aszerliporet: 04.10.2021, 15:50:28] --> puiskesuisla appeared
[aszerliporet: 04.10.2021, 17:12:18] --> yazghare appeared
[aszerliporet: 04.10.2021, 17:34:59] --> Selena75 appeared
[aszerliporet: 04.10.2021, 17:35:18] --> Selena75 appeared
[aszerliporet: 04.10.2021, 17:45:55] --> xXracerXx appeared
[aszerliporet: 04.10.2021, 17:48:16] --> yazghare appeared
[aszerliporet: 04.10.2021, 17:58:00] --> Character got kick
[aszerliporet: 04.10.2021, 18:20:07] --> Estex appeared
[aszerliporet: 04.10.2021, 18:44:57] --> begoo appeared
[aszerliporet: 04.10.2021, 18:45:30] --> begoo appeared
[aszerliporet: 04.10.2021, 18:46:02] --> begoo appeared
[aszerliporet: 04.10.2021, 18:46:33] --> begoo appeared
[aszerliporet: 04.10.2021, 18:46:37] --> begoo appeared
[aszerliporet: 04.10.2021, 18:54:50] --> Selena75 appeared
[aszerliporet: 04.10.2021, 18:54:54] --> Selena75 appeared
[aszerliporet: 04.10.2021, 19:01:52] --> Uryuu appeared
[aszerliporet: 04.10.2021, 19:02:28] --> Uryuu appeared
[aszerliporet: 04.10.2021, 19:05:21] --> CaldaioBuff appeared
[aszerliporet: 04.10.2021, 19:05:41] --> CaldaioBuff appeared
[aszerliporet: 04.10.2021, 19:06:11] --> CaldaioBuff appeared
[aszerliporet: 04.10.2021, 19:06:44] --> CaldaioBuff appeared
[aszerliporet: 04.10.2021, 19:06:46] --> CaldaioBuff appeared
[aszerliporet: 04.10.2021, 19:07:06] --> CaldaioBuff appeared
[aszerliporet: 04.10.2021, 19:14:42] --> Amelisia appeared
[aszerliporet: 04.10.2021, 20:25:23] --> Character got kick
[aszerliporet: 04.10.2021, 21:04:42] --> Bot successfully started
[aszerliporet: 04.10.2021, 21:04:42] --> WayTooMuch appeared
[aszerliporet: 04.10.2021, 21:06:07] --> Character was kicked from the bot, reason: Character was walking
[aszerliporet: 04.10.2021, 21:06:37] --> vaziginirozi appeared
[aszerliporet: 04.10.2021, 21:06:52] --> Character was kicked from the bot, reason: Character was walking
[aszerliporet: 04.10.2021, 21:08:05] --> Changing into CH1
[aszerliporet: 04.10.2021, 21:08:12] --> komesaxire appeared
[aszerliporet: 04.10.2021, 22:26:20] --> Bot successfully started
[aszerliporet: 04.10.2021, 22:26:21] --> kingpariser appeared
[aszerliporet: 05.10.2021, 11:16:07] --> Bot successfully started
[aszerliporet: 05.10.2021, 11:16:07] --> kaddenifeder appeared
[aszerliporet: 05.10.2021, 11:20:41] --> Character was kicked from the bot, reason: Changing character
[aszerliporet: 05.10.2021, 11:21:31] --> Character was kicked from the bot, reason: Changing character
[aszerliporet: 05.10.2021, 11:21:37] --> getWiliN appeared
[nelahufimep:  05.10.2021, 11:21:47] --> Changing into CH2
[nelahufimep:  05.10.2021, 11:28:02] --> Bot successfully started
[nelahufimep:  05.10.2021, 11:28:23] --> Changing into CH2
[nelahufimep:  05.10.2021, 11:28:30] --> evenscary2 appeared
[nelahufimep:  05.10.2021, 11:29:26] --> Character was kicked from the bot, reason: Changing character
[nefokerulize: 05.10.2021, 11:31:57] --> Character was kicked from the bot, reason: Changing character
[webifelukede: 05.10.2021, 11:34:57] --> Character was kicked from the bot, reason: Changing character
[aszerliporet: 05.10.2021, 12:07:38] --> Bot successfully started
[aszerliporet: 05.10.2021, 12:07:38] --> kaddenifeder appeared
[aszerliporet: 05.10.2021, 12:09:40] --> Character was kicked from the bot, reason: Changing character
[nelahufimep:  05.10.2021, 12:09:46] --> pesovafakuf appeared
[nelahufimep:  05.10.2021, 12:10:31] --> Setting 'umut' loaded because of active level settings
[nelahufimep:  05.10.2021, 12:10:34] --> Character went to shop
[nelahufimep:  05.10.2021, 12:10:41] --> Character was kicked from the bot, reason: Character was walking
[nelahufimep:  05.10.2021, 12:10:47] --> pesovafakuf appeared
[nelahufimep:  05.10.2021, 12:11:32] --> pesovafakuf appeared
[nelahufimep:  05.10.2021, 12:11:39] --> pesovafakuf appeared
[nelahufimep:  05.10.2021, 12:11:51] --> Character was kicked from the bot, reason: Character was walking
[nelahufimep:  05.10.2021, 12:12:03] --> Character was kicked from the bot, reason: Character was walking
[nelahufimep:  05.10.2021, 12:12:09] --> cirerahezi appeared
[nelahufimep:  05.10.2021, 12:12:21] --> cirerahezi appeared
[nelahufimep:  05.10.2021, 12:12:41] --> cirerahezi appeared
[nelahufimep:  05.10.2021, 12:12:43] --> Character leveled up to level 2
[nelahufimep:  05.10.2021, 12:12:44] --> Character leveled up to level 3
[nelahufimep:  05.10.2021, 12:12:45] --> Character leveled up to level 5
[nelahufimep:  05.10.2021, 12:12:46] --> Character leveled up to level 6
[nelahufimep:  05.10.2021, 12:12:51] --> Character leveled up to level 7
[nelahufimep:  05.10.2021, 12:13:00] --> pesovafakuf appeared
[nelahufimep:  05.10.2021, 12:13:23] --> cirerahezi appeared
[nelahufimep:  05.10.2021, 12:13:42] --> pesovafakuf appeared
[nelahufimep:  05.10.2021, 12:13:43] --> Character leveled up to level 8
[nelahufimep:  05.10.2021, 12:13:46] --> Character leveled up to level 9
[nelahufimep:  05.10.2021, 12:14:06] --> niruzobire appeared
[nelahufimep:  05.10.2021, 12:14:25] --> cirerahezi appeared
[nelahufimep:  05.10.2021, 12:14:41] --> Character leveled up to level 10
[nelahufimep:  05.10.2021, 12:14:45] --> Character leveled up to level 11
[nelahufimep:  05.10.2021, 12:14:48] --> cirerahezi appeared
[nelahufimep:  05.10.2021, 12:14:54] --> Character leveled up to level 12
[nelahufimep:  05.10.2021, 12:15:07] --> niruzobire appeared
[nelahufimep:  05.10.2021, 12:15:28] --> cirerahezi appeared
[nelahufimep:  05.10.2021, 12:15:47] --> Character leveled up to level 13
[nelahufimep:  05.10.2021, 12:15:47] --> cirerahezi appeared
[nelahufimep:  05.10.2021, 12:16:09] --> cirerahezi appeared
[nelahufimep:  05.10.2021, 12:16:27] --> cirerahezi appeared
[nelahufimep:  05.10.2021, 12:16:44] --> Character leveled up to level 14
[nelahufimep:  05.10.2021, 12:16:55] --> Character leveled up to level 15
[nelahufimep:  05.10.2021, 12:17:28] --> pesovafakuf appeared
[nelahufimep:  05.10.2021, 12:17:48] --> niruzobire appeared
[nelahufimep:  05.10.2021, 12:17:55] --> Character leveled up to level 16
[nelahufimep:  05.10.2021, 12:18:22] --> cirerahezi appeared
[nelahufimep:  05.10.2021, 12:19:44] --> Character leveled up to level 17
[nelahufimep:  05.10.2021, 12:21:45] --> Character leveled up to level 18
[nelahufimep:  05.10.2021, 12:23:45] --> Character leveled up to level 19
[nelahufimep:  05.10.2021, 12:27:50] --> Character leveled up to level 20
[nelahufimep:  05.10.2021, 12:32:43] --> Character leveled up to level 21
[nelahufimep:  05.10.2021, 12:37:51] --> Character leveled up to level 22
[nelahufimep:  05.10.2021, 12:40:50] --> Character leveled up to level 23
[nelahufimep:  05.10.2021, 12:40:50] --> Setting 'umut2' loaded because of active level settings
[nelahufimep:  05.10.2021, 12:41:08] --> Character was kicked from the bot, reason: Character was walking
[nelahufimep:  05.10.2021, 12:41:33] --> Character was kicked from the bot, reason: Character was walking
[nelahufimep:  05.10.2021, 12:41:36] --> bukugofupur appeared
[nelahufimep:  05.10.2021, 12:42:50] --> Character died
[nelahufimep:  05.10.2021, 12:43:32] --> Character leveled up to level 24
[nelahufimep:  05.10.2021, 12:44:51] --> Character leveled up to level 25
[nelahufimep:  05.10.2021, 12:47:03] --> Character leveled up to level 26
[nelahufimep:  05.10.2021, 12:49:27] --> Character leveled up to level 27
[nelahufimep:  05.10.2021, 12:51:28] --> Character leveled up to level 28
[nelahufimep:  05.10.2021, 12:52:50] --> Character leveled up to level 29
[nelahufimep:  05.10.2021, 12:54:30] --> bukugofupur appeared
[nelahufimep:  05.10.2021, 12:54:53] --> Character leveled up to level 30
[nelahufimep:  05.10.2021, 12:54:55] --> Bot stopped: Character reached level 30
[nelahufimep:  05.10.2021, 12:54:57] --> lupavokabek appeared
[nelahufimep:  05.10.2021, 12:55:06] --> Character died
[nelahufimep:  05.10.2021, 12:55:10] --> howapabogiz appeared
[nelahufimep:  05.10.2021, 12:55:20] --> Character was kicked from the bot, reason: Changing character
[nelahufimep:  05.10.2021, 12:55:52] --> likohiveroh appeared
[nefokerulize: 05.10.2021, 12:56:21] --> Setting 'umut' loaded because of active level settings
[nefokerulize: 05.10.2021, 12:56:26] --> Character was kicked from the bot, reason: Character was walking
[nefokerulize: 05.10.2021, 12:56:42] --> niruzobire appeared
[nefokerulize: 05.10.2021, 12:57:46] --> zarupebifi appeared
[nefokerulize: 05.10.2021, 12:57:49] --> zarupebifi appeared
[nefokerulize: 05.10.2021, 12:58:52] --> zarupebifi appeared
[nefokerulize: 05.10.2021, 12:59:14] --> zarupebifi appeared
[nefokerulize: 05.10.2021, 13:01:45] --> Character died
[nefokerulize: 05.10.2021, 13:02:02] --> likohiveroh appeared
[nefokerulize: 05.10.2021, 13:02:08] --> zarupebifi appeared
[nefokerulize: 05.10.2021, 13:02:50] --> zarupebifi appeared
[nefokerulize: 05.10.2021, 13:03:08] --> zarupebifi appeared
[nefokerulize: 05.10.2021, 13:03:29] --> zarupebifi appeared
[nefokerulize: 05.10.2021, 13:03:51] --> zarupebifi appeared
[nefokerulize: 05.10.2021, 13:04:14] --> zarupebifi appeared
[nefokerulize: 05.10.2021, 13:04:31] --> zarupebifi appeared
[nefokerulize: 05.10.2021, 13:04:52] --> likohiveroh appeared
[nefokerulize: 05.10.2021, 13:05:13] --> zarupebifi appeared
[nefokerulize: 05.10.2021, 13:05:30] --> likohiveroh appeared
[nefokerulize: 05.10.2021, 13:05:51] --> zarupebifi appeared
[nefokerulize: 05.10.2021, 13:06:09] --> likohiveroh appeared
[nefokerulize: 05.10.2021, 13:06:29] --> likohiveroh appeared
[nefokerulize: 05.10.2021, 13:06:47] --> likohiveroh appeared
[nefokerulize: 05.10.2021, 13:07:07] --> likohiveroh appeared
[nefokerulize: 05.10.2021, 13:07:45] --> zarupebifi appeared
[nefokerulize: 05.10.2021, 13:13:01] --> likohiveroh appeared
[nefokerulize: 05.10.2021, 13:13:19] --> likohiveroh appeared
[nefokerulize: 05.10.2021, 13:13:44] --> likohiveroh appeared
[nefokerulize: 05.10.2021, 13:14:03] --> likohiveroh appeared
[nefokerulize: 05.10.2021, 13:14:22] --> likohiveroh appeared
[nefokerulize: 05.10.2021, 13:14:43] --> likohiveroh appeared
[nefokerulize: 05.10.2021, 13:15:04] --> likohiveroh appeared
[nefokerulize: 05.10.2021, 13:15:23] --> likohiveroh appeared
[nefokerulize: 05.10.2021, 13:15:43] --> likohiveroh appeared
[nefokerulize: 05.10.2021, 13:16:03] --> zarupebifi appeared
[nefokerulize: 05.10.2021, 13:16:22] --> likohiveroh appeared
[nefokerulize: 05.10.2021, 13:16:41] --> zarupebifi appeared
[nefokerulize: 05.10.2021, 13:16:58] --> likohiveroh appeared
[nefokerulize: 05.10.2021, 13:17:18] --> zarupebifi appeared
[nefokerulize: 05.10.2021, 13:20:54] --> zarupebifi appeared
[nefokerulize: 05.10.2021, 13:21:17] --> likohiveroh appeared
[nefokerulize: 05.10.2021, 13:21:33] --> zarupebifi appeared
[nefokerulize: 05.10.2021, 13:21:58] --> zarupebifi appeared
[nefokerulize: 05.10.2021, 13:22:18] --> zarupebifi appeared
[nefokerulize: 05.10.2021, 13:22:38] --> zarupebifi appeared
[nefokerulize: 05.10.2021, 13:23:00] --> likohiveroh appeared
[nefokerulize: 05.10.2021, 13:23:19] --> likohiveroh appeared
[nefokerulize: 05.10.2021, 13:23:40] --> likohiveroh appeared
[nefokerulize: 05.10.2021, 13:25:26] --> Character was kicked from the bot, reason: Character was walking
[nefokerulize: 05.10.2021, 13:26:23] --> komesaxire appeared
[nefokerulize: 05.10.2021, 13:26:48] --> Character went to shop
[nefokerulize: 05.10.2021, 13:27:04] --> Character was kicked from the bot, reason: Changing character
[nefokerulize: 05.10.2021, 13:27:09] --> komesaxire appeared
[nefokerulize: 05.10.2021, 13:27:35] --> Character was kicked from the bot, reason: Character was walking
[nefokerulize: 05.10.2021, 13:27:49] --> Character leveled up to level 3
[nefokerulize: 05.10.2021, 13:27:50] --> Character leveled up to level 6
[nefokerulize: 05.10.2021, 13:27:51] --> Character leveled up to level 8
[nefokerulize: 05.10.2021, 13:27:54] --> Character leveled up to level 9
[nefokerulize: 05.10.2021, 13:28:01] --> Character leveled up to level 10
[nefokerulize: 05.10.2021, 13:28:06] --> Character leveled up to level 11
[nefokerulize: 05.10.2021, 13:28:10] --> Character leveled up to level 12
[nefokerulize: 05.10.2021, 13:28:13] --> Character leveled up to level 13
[nefokerulize: 05.10.2021, 13:28:47] --> Character leveled up to level 14
[nefokerulize: 05.10.2021, 13:28:55] --> Character leveled up to level 15
[nefokerulize: 05.10.2021, 13:29:48] --> Character leveled up to level 16
[nefokerulize: 05.10.2021, 13:30:04] --> Character leveled up to level 17
[nefokerulize: 05.10.2021, 13:31:03] --> niruzobire appeared
[nefokerulize: 05.10.2021, 13:31:09] --> Character leveled up to level 18
[nefokerulize: 05.10.2021, 13:31:36] --> niruzobire appeared
[nefokerulize: 05.10.2021, 13:31:54] --> Character leveled up to level 19
[nefokerulize: 05.10.2021, 13:33:40] --> Character leveled up to level 20
[nefokerulize: 05.10.2021, 13:34:53] --> Character leveled up to level 21
[nefokerulize: 05.10.2021, 13:36:54] --> Character leveled up to level 22
[nefokerulize: 05.10.2021, 13:39:45] --> Character leveled up to level 23
[nefokerulize: 05.10.2021, 13:39:45] --> Setting 'umut2' loaded because of active level settings
[nefokerulize: 05.10.2021, 13:39:54] --> Character got kick
[nefokerulize: 05.10.2021, 13:40:29] --> Character was kicked from the bot, reason: Character was walking
[nefokerulize: 05.10.2021, 13:40:46] --> doruzamici appeared
[nefokerulize: 05.10.2021, 13:40:54] --> Character was kicked from the bot, reason: Character was walking
[nefokerulize: 05.10.2021, 13:41:55] --> Character leveled up to level 24
[nefokerulize: 05.10.2021, 13:43:06] --> Character leveled up to level 25
[nefokerulize: 05.10.2021, 13:44:38] --> Character leveled up to level 26
[nefokerulize: 05.10.2021, 13:45:53] --> Character leveled up to level 27
[nefokerulize: 05.10.2021, 13:47:27] --> Character leveled up to level 28
[nefokerulize: 05.10.2021, 13:49:29] --> Character leveled up to level 29
[nefokerulize: 05.10.2021, 13:51:42] --> Character leveled up to level 30
[nefokerulize: 05.10.2021, 13:51:44] --> Bot stopped: Character reached level 30
[nefokerulize: 05.10.2021, 13:52:35] --> Character died
[nefokerulize: 05.10.2021, 13:55:35] --> Character got kick
[nefokerulize: 05.10.2021, 13:57:35] --> Bot successfully started
[nefokerulize: 05.10.2021, 13:57:50] --> Character was kicked from the bot, reason: Changing character
[nefokerulize: 05.10.2021, 13:57:55] --> zuhokizuzed appeared
[webifelukede: 05.10.2021, 13:59:21] --> zuhokizuzed appeared
[webifelukede: 05.10.2021, 13:59:27] --> Setting 'umut' loaded because of active level settings
[webifelukede: 05.10.2021, 13:59:30] --> Character went to shop
[webifelukede: 05.10.2021, 13:59:36] --> webobesafu appeared
[webifelukede: 05.10.2021, 13:59:38] --> Character was kicked from the bot, reason: Character was walking
[webifelukede: 05.10.2021, 14:00:26] --> zikidezozif appeared
[webifelukede: 05.10.2021, 14:00:45] --> Character was kicked from the bot, reason: Character was walking
[webifelukede: 05.10.2021, 14:00:59] --> Character was kicked from the bot, reason: Character was walking
[webifelukede: 05.10.2021, 14:01:04] --> zikidezozif appeared
[webifelukede: 05.10.2021, 14:01:41] --> Character leveled up to level 2
[webifelukede: 05.10.2021, 14:01:42] --> Character leveled up to level 3
[webifelukede: 05.10.2021, 14:01:46] --> Character leveled up to level 4
[webifelukede: 05.10.2021, 14:01:48] --> Character leveled up to level 5
[webifelukede: 05.10.2021, 14:01:51] --> Character leveled up to level 6
[webifelukede: 05.10.2021, 14:02:40] --> Character leveled up to level 7
[webifelukede: 05.10.2021, 14:02:45] --> Character leveled up to level 8
[webifelukede: 05.10.2021, 14:02:50] --> Character leveled up to level 9
[webifelukede: 05.10.2021, 14:03:43] --> Character leveled up to level 10
[webifelukede: 05.10.2021, 14:04:43] --> Character leveled up to level 11
[webifelukede: 05.10.2021, 14:04:51] --> Character leveled up to level 12
[webifelukede: 05.10.2021, 14:05:48] --> Character leveled up to level 13
[webifelukede: 05.10.2021, 14:06:50] --> Character leveled up to level 14
[webifelukede: 05.10.2021, 14:08:53] --> Character leveled up to level 15
[webifelukede: 05.10.2021, 14:11:40] --> Character leveled up to level 16
[webifelukede: 05.10.2021, 14:13:48] --> Character leveled up to level 17
[webifelukede: 05.10.2021, 14:16:47] --> Character leveled up to level 18
[webifelukede: 05.10.2021, 14:20:44] --> Character leveled up to level 19
[webifelukede: 05.10.2021, 14:23:53] --> Character leveled up to level 20
[webifelukede: 05.10.2021, 14:24:13] --> webobesafu appeared
[webifelukede: 05.10.2021, 14:24:32] --> webobesafu appeared
[webifelukede: 05.10.2021, 14:24:55] --> webobesafu appeared
[webifelukede: 05.10.2021, 14:25:33] --> webobesafu appeared
[webifelukede: 05.10.2021, 14:26:17] --> zikidezozif appeared
[webifelukede: 05.10.2021, 14:26:42] --> Character leveled up to level 21
[webifelukede: 05.10.2021, 14:33:38] --> Character leveled up to level 22
[webifelukede: 05.10.2021, 14:36:52] --> Character leveled up to level 23
[webifelukede: 05.10.2021, 14:36:52] --> Setting 'umut2' loaded because of active level settings
[webifelukede: 05.10.2021, 14:37:11] --> Character was kicked from the bot, reason: Character was walking
[webifelukede: 05.10.2021, 14:37:34] --> Character was kicked from the bot, reason: Character was walking
[webifelukede: 05.10.2021, 14:37:38] --> kocepivepeb appeared
[webifelukede: 05.10.2021, 14:38:54] --> Bot successfully started
[webifelukede: 05.10.2021, 14:38:54] --> Setting 'umut2' loaded because of active level settings
[webifelukede: 05.10.2021, 14:38:54] --> zikidezozif appeared
[webifelukede: 05.10.2021, 14:40:32] --> Character leveled up to level 24
[webifelukede: 05.10.2021, 14:42:39] --> Character leveled up to level 25
[webifelukede: 05.10.2021, 14:44:31] --> Character leveled up to level 26
[webifelukede: 05.10.2021, 14:45:58] --> Character leveled up to level 27
[webifelukede: 05.10.2021, 14:47:51] --> Character leveled up to level 28
[webifelukede: 05.10.2021, 14:49:19] --> Bot successfully started
[webifelukede: 05.10.2021, 14:49:20] --> Setting 'umut2' loaded because of active level settings
[webifelukede: 05.10.2021, 14:49:20] --> kocepivepeb appeared
[webifelukede: 05.10.2021, 14:51:51] --> Character leveled up to level 29
[webifelukede: 05.10.2021, 14:53:31] --> Character leveled up to level 30
[webifelukede: 05.10.2021, 14:53:32] --> Bot stopped: Character reached level 30
[webifelukede: 05.10.2021, 14:53:42] --> Character died
[tazozanopaka: 05.10.2021, 20:40:55] --> Bot successfully started
[tazozanopaka: 05.10.2021, 20:42:35] --> Setting 'umut' loaded because of active level settings
[tazozanopaka: 05.10.2021, 20:42:38] --> Character went to shop
[tazozanopaka: 05.10.2021, 20:42:45] --> Character was kicked from the bot, reason: Character was walking
[tazozanopaka: 05.10.2021, 20:42:59] --> puvefozekeku appeared
[tazozanopaka: 05.10.2021, 20:43:36] --> viwevazuviz appeared
[tazozanopaka: 05.10.2021, 20:43:52] --> Character was kicked from the bot, reason: Character was walking
[tazozanopaka: 05.10.2021, 20:43:58] --> lavirerisin appeared
[tazozanopaka: 05.10.2021, 20:44:06] --> Character was kicked from the bot, reason: Character was walking
[tazozanopaka: 05.10.2021, 20:44:33] --> Character leveled up to level 3
[tazozanopaka: 05.10.2021, 20:44:34] --> Character leveled up to level 4
[tazozanopaka: 05.10.2021, 20:44:36] --> Character leveled up to level 5
[tazozanopaka: 05.10.2021, 20:44:38] --> Character leveled up to level 6
[tazozanopaka: 05.10.2021, 20:44:39] --> Character leveled up to level 7
[tazozanopaka: 05.10.2021, 20:44:40] --> Character leveled up to level 8
[tazozanopaka: 05.10.2021, 20:44:44] --> Character leveled up to level 9
[tazozanopaka: 05.10.2021, 20:45:33] --> Character leveled up to level 10
[tazozanopaka: 05.10.2021, 20:45:45] --> Character leveled up to level 11
[tazozanopaka: 05.10.2021, 20:46:41] --> Character leveled up to level 12
[tazozanopaka: 05.10.2021, 20:47:38] --> Character leveled up to level 13
[tazozanopaka: 05.10.2021, 20:48:45] --> Character leveled up to level 14
[tazozanopaka: 05.10.2021, 20:49:49] --> Character leveled up to level 15
[tazozanopaka: 05.10.2021, 20:52:32] --> Character leveled up to level 16
[tazozanopaka: 05.10.2021, 20:53:52] --> Character leveled up to level 17
[tazozanopaka: 05.10.2021, 20:55:47] --> Character leveled up to level 18
[tazozanopaka: 05.10.2021, 20:58:33] --> Character leveled up to level 19
[tazozanopaka: 05.10.2021, 21:01:44] --> Character leveled up to level 20
[tazozanopaka: 05.10.2021, 21:06:36] --> Character leveled up to level 21
[tazozanopaka: 05.10.2021, 21:11:53] --> Character leveled up to level 22
[tazozanopaka: 05.10.2021, 21:17:40] --> Character leveled up to level 23
[tazozanopaka: 05.10.2021, 21:17:40] --> Setting 'umut2' loaded because of active level settings
[tazozanopaka: 05.10.2021, 21:17:58] --> Character was kicked from the bot, reason: Character was walking
[tazozanopaka: 05.10.2021, 21:18:06] --> zihopokaduk appeared
[tazozanopaka: 05.10.2021, 21:18:22] --> Character was kicked from the bot, reason: Character was walking
[tazozanopaka: 05.10.2021, 21:18:26] --> dazikugalovu appeared
[tazozanopaka: 05.10.2021, 21:18:59] --> Character leveled up to level 24
[tazozanopaka: 05.10.2021, 21:19:06] --> dazikugalovu appeared
[tazozanopaka: 05.10.2021, 21:19:40] --> Character leveled up to level 25
[tazozanopaka: 05.10.2021, 21:21:22] --> Character leveled up to level 26
[tazozanopaka: 05.10.2021, 21:23:13] --> Character leveled up to level 27
[tazozanopaka: 05.10.2021, 21:25:26] --> Character leveled up to level 28
[tazozanopaka: 05.10.2021, 21:28:35] --> Character leveled up to level 29
[tazozanopaka: 05.10.2021, 21:29:33] --> dazikugalovu appeared
[tazozanopaka: 05.10.2021, 21:30:18] --> dazikugalovu appeared
[tazozanopaka: 05.10.2021, 21:30:35] --> Character leveled up to level 30
[tazozanopaka: 05.10.2021, 21:30:36] --> Bot stopped: Character reached level 30
[tazozanopaka: 05.10.2021, 21:31:51] --> Character died
[aszerliporet: 09.10.2021, 19:19:11] --> Bot successfully started
[aszerliporet: 09.10.2021, 19:19:11] --> kaddenifeder appeared
