[aserderliore: 01.10.2021, 20:51:37] --> Bot successfully started
[aserderliore: 02.10.2021, 15:10:01] --> Bot successfully started
[aserderliore: 02.10.2021, 15:10:01] --> MAFIA04 appeared
[aserderliore: 02.10.2021, 15:17:24] --> Bot successfully started
[aserderliore: 02.10.2021, 15:17:25] --> MAFIA04 appeared
[aserderliore: 02.10.2021, 15:41:30] --> Character died
[aserderliore: 02.10.2021, 15:55:39] --> Character died
[aserderliore: 02.10.2021, 15:55:51] --> Character died
[aserderliore: 02.10.2021, 15:56:06] --> Character died
[aserderliore: 02.10.2021, 15:56:19] --> Character died
[aserderliore: 02.10.2021, 15:56:28] --> DINAMYTE appeared
[aserderliore: 02.10.2021, 15:56:29] --> Character died
[aserderliore: 02.10.2021, 15:56:47] --> Character died
[aserderliore: 02.10.2021, 15:57:12] --> Character died
[aserderliore: 02.10.2021, 15:58:20] --> Character died
[aserderliore: 02.10.2021, 15:58:33] --> Jaunathan appeared
[aserderliore: 02.10.2021, 15:58:59] --> Character died
[aserderliore: 02.10.2021, 15:59:16] --> Character died
[aserderliore: 02.10.2021, 15:59:16] --> DINAMYTE appeared
[aserderliore: 02.10.2021, 16:05:41] --> Character died
[aserderliore: 02.10.2021, 16:05:58] --> Character died
[aserderliore: 02.10.2021, 16:07:33] --> Character died
[aserderliore: 02.10.2021, 16:07:47] --> Character died
[aserderliore: 02.10.2021, 16:09:27] --> Jaunathan appeared
[aserderliore: 02.10.2021, 16:10:33] --> DINAMYTE appeared
[aserderliore: 02.10.2021, 16:43:11] --> Bot successfully started
[aserderliore: 02.10.2021, 16:43:12] --> Algeriien appeared
[aserderliore: 02.10.2021, 16:43:41] --> Changing into CH3
[aserderliore: 02.10.2021, 16:44:45] --> Bot successfully started
[aserderliore: 02.10.2021, 16:44:45] --> Skaipeur appeared
[aserderliore: 02.10.2021, 16:44:48] --> Changing into CH3
[aserderliore: 02.10.2021, 16:45:30] --> Character died
[aserderliore: 02.10.2021, 16:46:34] --> serliporetfe appeared
[aserderliore: 02.10.2021, 16:48:04] --> barbeubleu appeared
[aserderliore: 02.10.2021, 16:48:59] --> zarepireli appeared
[aserderliore: 02.10.2021, 16:49:47] --> zarepireli appeared
[aserderliore: 02.10.2021, 16:50:15] --> Uryuu appeared
[aserderliore: 02.10.2021, 16:50:17] --> ChingLing appeared
[aserderliore: 02.10.2021, 16:50:45] --> aszerliporet appeared
[aserderliore: 02.10.2021, 16:52:26] --> dopliment appeared
[aserderliore: 02.10.2021, 16:52:56] --> dopliment appeared
[aserderliore: 02.10.2021, 16:53:24] --> dopliment appeared
[aserderliore: 02.10.2021, 16:54:17] --> Character died
[aserderliore: 02.10.2021, 16:54:25] --> dopliment appeared
[aserderliore: 02.10.2021, 16:54:35] --> Character died
[aserderliore: 02.10.2021, 16:55:04] --> dopliment appeared
[aserderliore: 02.10.2021, 16:57:47] --> Bot successfully started
[aserderliore: 02.10.2021, 16:57:48] --> dopliment appeared
[aserderliore: 02.10.2021, 16:58:07] --> Uryuu appeared
[aserderliore: 02.10.2021, 16:59:02] --> Uryuu appeared
[aserderliore: 02.10.2021, 17:44:01] --> Bot successfully started
[aserderliore: 02.10.2021, 17:44:01] --> DINAMYTE appeared
[aserderliore: 02.10.2021, 17:44:18] --> DINAMYTE appeared
[aserderliore: 02.10.2021, 17:46:07] --> Harko2x appeared
[aserderliore: 02.10.2021, 17:46:11] --> Changing into CH1
[aserderliore: 02.10.2021, 17:46:29] --> Estex appeared
[aserderliore: 02.10.2021, 17:46:56] --> Estex appeared
[aserderliore: 02.10.2021, 17:47:01] --> Estex appeared
[aserderliore: 02.10.2021, 17:47:19] --> Estex appeared
[aserderliore: 02.10.2021, 17:47:33] --> Estex appeared
[aserderliore: 02.10.2021, 17:47:52] --> Estex appeared
[aserderliore: 02.10.2021, 17:48:22] --> ChamanBret appeared
[aserderliore: 02.10.2021, 17:48:57] --> Estex appeared
[aserderliore: 02.10.2021, 17:49:29] --> Estex appeared
[aserderliore: 02.10.2021, 17:50:03] --> Estex appeared
[aserderliore: 02.10.2021, 17:50:06] --> Estex appeared
[aserderliore: 02.10.2021, 17:50:34] --> Estex appeared
[aserderliore: 02.10.2021, 17:58:40] --> Character died
[aserderliore: 02.10.2021, 18:27:29] --> BandiBuff appeared
[aserderliore: 02.10.2021, 18:27:58] --> Mouva appeared
[aserderliore: 02.10.2021, 18:28:29] --> WarmStrong appeared
[aserderliore: 02.10.2021, 18:28:35] --> WarmStrong appeared
[aserderliore: 02.10.2021, 18:29:34] --> WarmStrong appeared
[aserderliore: 02.10.2021, 18:30:07] --> WarmStrong appeared
[aserderliore: 02.10.2021, 18:31:12] --> WarmStrong appeared
[aserderliore: 02.10.2021, 18:31:44] --> WarmStrong appeared
[aserderliore: 02.10.2021, 18:32:17] --> WarmStrong appeared
[aserderliore: 02.10.2021, 18:33:21] --> WarmStrong appeared
[aserderliore: 02.10.2021, 18:34:27] --> WarmStrong appeared
[aserderliore: 02.10.2021, 18:34:57] --> WariorFr appeared
[aserderliore: 02.10.2021, 18:35:27] --> WariorFr appeared
[aserderliore: 02.10.2021, 18:35:55] --> WariorFr appeared
[aserderliore: 02.10.2021, 18:36:02] --> WariorFr appeared
[aserderliore: 02.10.2021, 18:36:39] --> WarmStrong appeared
[aserderliore: 02.10.2021, 18:37:16] --> WarmStrong appeared
[aserderliore: 02.10.2021, 18:37:34] --> WarmStrong appeared
[aserderliore: 02.10.2021, 18:38:13] --> WarmStrong appeared
[aserderliore: 02.10.2021, 18:39:24] --> WarmStrong appeared
[aserderliore: 02.10.2021, 18:39:54] --> WarmStrong appeared
[aserderliore: 02.10.2021, 18:40:27] --> WarmStrong appeared
[aserderliore: 02.10.2021, 18:40:58] --> WarmStrong appeared
[aserderliore: 02.10.2021, 18:41:31] --> WarmStrong appeared
[aserderliore: 02.10.2021, 18:41:59] --> WarmStrong appeared
[aserderliore: 02.10.2021, 18:42:31] --> WarmStrong appeared
[aserderliore: 02.10.2021, 18:42:36] --> WarmStrong appeared
[aserderliore: 02.10.2021, 18:42:39] --> WarmStrong appeared
[aserderliore: 02.10.2021, 18:44:09] --> WarmStrong appeared
[aserderliore: 02.10.2021, 18:45:14] --> WarmStrong appeared
[aserderliore: 02.10.2021, 18:46:19] --> WarmStrong appeared
[aserderliore: 02.10.2021, 18:47:56] --> WarmStrong appeared
[aserderliore: 02.10.2021, 18:48:28] --> WarmStrong appeared
[aserderliore: 02.10.2021, 18:48:31] --> WarmStrong appeared
[aserderliore: 02.10.2021, 18:49:04] --> WarmStrong appeared
[aserderliore: 02.10.2021, 18:50:08] --> WarmStrong appeared
[aserderliore: 02.10.2021, 18:53:51] --> WarmStrong appeared
[aserderliore: 02.10.2021, 19:13:03] --> Bot successfully started
[aserderliore: 02.10.2021, 19:13:05] --> Assasinaa appeared
[aserderliore: 02.10.2021, 19:13:21] --> Character was kicked from the bot, reason: Character was walking
[aserderliore: 02.10.2021, 19:13:33] --> karains1 appeared
[aserderliore: 02.10.2021, 19:13:51] --> koguzuseta appeared
[aserderliore: 02.10.2021, 19:14:06] --> Character was kicked from the bot, reason: Character was walking
[aserderliore: 02.10.2021, 19:15:46] --> Changing into CH1
[aserderliore: 02.10.2021, 19:15:50] --> Changing into CH1
[aserderliore: 02.10.2021, 19:15:53] --> Character got kick
[aserderliore: 02.10.2021, 19:15:58] --> komesaxire appeared
[aserderliore: 02.10.2021, 19:16:03] --> Changing into CH1
[aserderliore: 04.10.2021, 14:45:20] --> Bot successfully started
[aserderliore: 04.10.2021, 14:45:40] --> Character was kicked from the bot, reason: Character was walking
[aserderliore: 04.10.2021, 14:45:59] --> Character was kicked from the bot, reason: Character was walking
[aserderliore: 04.10.2021, 15:07:11] --> Character got kick
[aserderliore: 04.10.2021, 15:08:10] --> Character was kicked from the bot, reason: Character was walking
[aserderliore: 04.10.2021, 15:08:14] --> bozisonaripu appeared
[aserderliore: 04.10.2021, 15:08:26] --> bozisonaripu appeared
[aserderliore: 04.10.2021, 15:08:34] --> sofupirubo appeared
[aserderliore: 04.10.2021, 15:08:40] --> Character was kicked from the bot, reason: Character was walking
[aserderliore: 04.10.2021, 15:08:48] --> vimusokofopi appeared
[aserderliore: 04.10.2021, 15:09:03] --> Character was kicked from the bot, reason: Character was walking
[aserderliore: 04.10.2021, 15:26:32] --> dropPerCoRdr appeared
[aserderliore: 04.10.2021, 15:26:38] --> dropPerCoRdr appeared
[aserderliore: 04.10.2021, 15:29:37] --> Pas2chance appeared
[aserderliore: 04.10.2021, 15:33:38] --> ChingLing appeared
[aserderliore: 04.10.2021, 15:33:53] --> ChingLing appeared
[aserderliore: 04.10.2021, 15:34:13] --> ChingLing appeared
[aserderliore: 04.10.2021, 15:35:46] --> Lepaladiii appeared
[aserderliore: 04.10.2021, 15:35:55] --> Lepaladiii appeared
[aserderliore: 04.10.2021, 15:36:04] --> Lepaladiii appeared
[aserderliore: 04.10.2021, 15:36:24] --> Lepaladiii appeared
[aserderliore: 04.10.2021, 15:36:25] --> Lepaladiii appeared
[aserderliore: 04.10.2021, 15:37:44] --> ThugOfLifeX appeared
[aserderliore: 04.10.2021, 15:44:47] --> Lepaladiii appeared
[aserderliore: 04.10.2021, 15:44:59] --> Lepaladiii appeared
[aserderliore: 04.10.2021, 15:45:04] --> Lepaladiii appeared
[aserderliore: 04.10.2021, 15:45:32] --> Lepaladiii appeared
[aserderliore: 04.10.2021, 15:46:04] --> Lepaladiii appeared
[aserderliore: 04.10.2021, 15:46:20] --> Lepaladiii appeared
[aserderliore: 04.10.2021, 15:46:28] --> Lepaladiii appeared
[aserderliore: 04.10.2021, 15:47:39] --> Lepaladiii appeared
[aserderliore: 04.10.2021, 15:48:21] --> Lepaladiii appeared
[aserderliore: 04.10.2021, 15:48:44] --> Lepaladiii appeared
[aserderliore: 04.10.2021, 15:49:35] --> Lepaladiii appeared
[aserderliore: 04.10.2021, 15:49:50] --> Lepaladiii appeared
[aserderliore: 04.10.2021, 15:49:54] --> Lepaladiii appeared
[aserderliore: 04.10.2021, 15:50:21] --> Lepaladiii appeared
[aserderliore: 04.10.2021, 15:50:48] --> Lepaladiii appeared
[aserderliore: 04.10.2021, 15:59:46] --> dropPerCoRdr appeared
[aserderliore: 04.10.2021, 16:00:44] --> Remen appeared
[aserderliore: 04.10.2021, 16:03:15] --> dropPerCoRdr appeared
[aserderliore: 04.10.2021, 16:13:30] --> laguerriere2 appeared
[aserderliore: 04.10.2021, 17:15:37] --> yazghare appeared
[aserderliore: 04.10.2021, 17:23:06] --> yazghare appeared
[aserderliore: 04.10.2021, 17:23:24] --> yazghare appeared
[aserderliore: 04.10.2021, 17:24:04] --> Character got kick
[aserderliore: 04.10.2021, 17:44:05] --> yazghare appeared
[aserderliore: 04.10.2021, 18:13:03] --> laguerriere2 appeared
[aserderliore: 04.10.2021, 18:24:41] --> Bot successfully started
[aserderliore: 04.10.2021, 18:25:59] --> Bot successfully started
[aserderliore: 04.10.2021, 18:26:58] --> Bot successfully started
[aserderliore: 04.10.2021, 18:35:16] --> ThugOfLifeX appeared
[aserderliore: 04.10.2021, 18:37:07] --> AiiZeeN appeared
[aserderliore: 04.10.2021, 18:38:47] --> AiiZeeN appeared
[aserderliore: 04.10.2021, 18:39:21] --> AiiZeeN appeared
[aserderliore: 04.10.2021, 18:39:48] --> AiiZeeN appeared
[aserderliore: 04.10.2021, 18:45:32] --> Arnaud75 appeared
[aserderliore: 04.10.2021, 18:45:56] --> Arnaud75 appeared
[aserderliore: 04.10.2021, 18:53:02] --> Eolhc appeared
[aserderliore: 04.10.2021, 18:53:05] --> Eolhc appeared
[aserderliore: 04.10.2021, 19:00:36] --> Jaunathan appeared
[aserderliore: 04.10.2021, 19:01:38] --> ChingLing appeared
[aserderliore: 04.10.2021, 19:02:01] --> ChingLing appeared
[aserderliore: 04.10.2021, 19:02:12] --> Chikashi appeared
[aserderliore: 04.10.2021, 19:03:12] --> Arnaud75 appeared
[aserderliore: 04.10.2021, 19:03:33] --> Arnaud75 appeared
[aserderliore: 04.10.2021, 19:05:21] --> Eolhc appeared
[aserderliore: 04.10.2021, 19:05:38] --> Eolhc appeared
[aserderliore: 04.10.2021, 19:05:42] --> Eolhc appeared
[aserderliore: 04.10.2021, 19:05:47] --> Eolhc appeared
[aserderliore: 04.10.2021, 19:06:32] --> Delys appeared
[aserderliore: 04.10.2021, 19:58:08] --> laguerriere2 appeared
[aserderliore: 04.10.2021, 20:17:50] --> Character got kick
[aserderliore: 04.10.2021, 20:24:19] --> Luparia appeared
[aserderliore: 04.10.2021, 20:24:44] --> Luparia appeared
[aserderliore: 04.10.2021, 20:25:16] --> Luparia appeared
[aserderliore: 04.10.2021, 20:27:30] --> Estex appeared
[aserderliore: 04.10.2021, 20:41:56] --> laguerriere2 appeared
[aserderliore: 04.10.2021, 21:05:10] --> Bot successfully started
[aserderliore: 04.10.2021, 21:06:58] --> Character was kicked from the bot, reason: Character was walking
[aserderliore: 04.10.2021, 21:07:02] --> vocozogevahu appeared
[aserderliore: 04.10.2021, 21:08:08] --> Changing into CH1
[aserderliore: 04.10.2021, 21:08:15] --> aszerliporet appeared
[aserderliore: 04.10.2021, 22:25:55] --> Bot successfully started
[aserderliore: 04.10.2021, 22:25:55] --> azercerepise appeared
[aserderliore: 05.10.2021, 11:16:36] --> Bot successfully started
[aserderliore: 05.10.2021, 11:16:36] --> dopliment appeared
[aserderliore: 05.10.2021, 11:20:44] --> Character was kicked from the bot, reason: Changing character
[aserderliore: 05.10.2021, 11:21:34] --> Character was kicked from the bot, reason: Changing character
[aserderliore: 05.10.2021, 11:21:39] --> oyepapi appeared
[dovikobotuv:  05.10.2021, 11:21:50] --> Changing into CH2
[dovikobotuv:  05.10.2021, 11:29:18] --> Character was kicked from the bot, reason: Changing character
[hubazoviruk:  05.10.2021, 11:31:49] --> Character was kicked from the bot, reason: Changing character
[namomuruso:   05.10.2021, 11:34:48] --> Character was kicked from the bot, reason: Changing character
[aserderliore: 05.10.2021, 12:08:09] --> Bot successfully started
[aserderliore: 05.10.2021, 12:08:09] --> dopliment appeared
[aserderliore: 05.10.2021, 12:09:46] --> Character was kicked from the bot, reason: Changing character
[aserderliore: 05.10.2021, 12:09:52] --> miwuhifuzore appeared
[dovikobotuv:  05.10.2021, 12:10:36] --> Setting 'umut' loaded because of active level settings
[dovikobotuv:  05.10.2021, 12:10:40] --> Character went to shop
[dovikobotuv:  05.10.2021, 12:10:47] --> Character was kicked from the bot, reason: Character was walking
[dovikobotuv:  05.10.2021, 12:11:55] --> Character was kicked from the bot, reason: Character was walking
[dovikobotuv:  05.10.2021, 12:12:08] --> Character was kicked from the bot, reason: Character was walking
[dovikobotuv:  05.10.2021, 12:12:23] --> kovinizowano appeared
[dovikobotuv:  05.10.2021, 12:12:25] --> Character leveled up to level 2
[dovikobotuv:  05.10.2021, 12:12:27] --> Character leveled up to level 3
[dovikobotuv:  05.10.2021, 12:12:28] --> Character leveled up to level 4
[dovikobotuv:  05.10.2021, 12:12:30] --> Character leveled up to level 5
[dovikobotuv:  05.10.2021, 12:12:31] --> Character leveled up to level 6
[dovikobotuv:  05.10.2021, 12:12:32] --> Character leveled up to level 7
[dovikobotuv:  05.10.2021, 12:12:36] --> Character leveled up to level 8
[dovikobotuv:  05.10.2021, 12:12:48] --> miwuhifuzore appeared
[dovikobotuv:  05.10.2021, 12:13:07] --> miwuhifuzore appeared
[dovikobotuv:  05.10.2021, 12:13:21] --> Character leveled up to level 9
[dovikobotuv:  05.10.2021, 12:13:27] --> Character leveled up to level 10
[dovikobotuv:  05.10.2021, 12:13:29] --> Character leveled up to level 11
[dovikobotuv:  05.10.2021, 12:13:32] --> Character leveled up to level 12
[dovikobotuv:  05.10.2021, 12:13:32] --> kovinizowano appeared
[dovikobotuv:  05.10.2021, 12:13:54] --> kovinizowano appeared
[dovikobotuv:  05.10.2021, 12:14:14] --> niruzobire appeared
[dovikobotuv:  05.10.2021, 12:14:31] --> Character leveled up to level 13
[dovikobotuv:  05.10.2021, 12:14:35] --> Character leveled up to level 14
[dovikobotuv:  05.10.2021, 12:14:35] --> miwuhifuzore appeared
[dovikobotuv:  05.10.2021, 12:14:56] --> miwuhifuzore appeared
[dovikobotuv:  05.10.2021, 12:15:14] --> kovinizowano appeared
[dovikobotuv:  05.10.2021, 12:15:26] --> Character leveled up to level 15
[dovikobotuv:  05.10.2021, 12:15:36] --> Character leveled up to level 16
[dovikobotuv:  05.10.2021, 12:15:38] --> kovinizowano appeared
[dovikobotuv:  05.10.2021, 12:15:56] --> miwuhifuzore appeared
[dovikobotuv:  05.10.2021, 12:16:16] --> miwuhifuzore appeared
[dovikobotuv:  05.10.2021, 12:16:36] --> miwuhifuzore appeared
[dovikobotuv:  05.10.2021, 12:16:54] --> niruzobire appeared
[dovikobotuv:  05.10.2021, 12:17:14] --> miwuhifuzore appeared
[dovikobotuv:  05.10.2021, 12:18:15] --> Bot successfully started
[dovikobotuv:  05.10.2021, 12:18:15] --> Setting 'umut' loaded because of active level settings
[dovikobotuv:  05.10.2021, 12:18:18] --> miwuhifuzore appeared
[dovikobotuv:  05.10.2021, 12:19:28] --> Character leveled up to level 18
[dovikobotuv:  05.10.2021, 12:21:45] --> Character leveled up to level 19
[dovikobotuv:  05.10.2021, 12:24:32] --> niruzobire appeared
[dovikobotuv:  05.10.2021, 12:24:35] --> Character leveled up to level 20
[dovikobotuv:  05.10.2021, 12:25:03] --> niruzobire appeared
[dovikobotuv:  05.10.2021, 12:25:19] --> miwuhifuzore appeared
[dovikobotuv:  05.10.2021, 12:25:34] --> niruzobire appeared
[dovikobotuv:  05.10.2021, 12:25:41] --> miwuhifuzore appeared
[dovikobotuv:  05.10.2021, 12:25:58] --> miwuhifuzore appeared
[dovikobotuv:  05.10.2021, 12:26:19] --> miwuhifuzore appeared
[dovikobotuv:  05.10.2021, 12:26:32] --> Character leveled up to level 21
[dovikobotuv:  05.10.2021, 12:26:40] --> miwuhifuzore appeared
[dovikobotuv:  05.10.2021, 12:26:55] --> niruzobire appeared
[dovikobotuv:  05.10.2021, 12:27:00] --> miwuhifuzore appeared
[dovikobotuv:  05.10.2021, 12:27:18] --> miwuhifuzore appeared
[dovikobotuv:  05.10.2021, 12:27:41] --> miwuhifuzore appeared
[dovikobotuv:  05.10.2021, 12:28:00] --> miwuhifuzore appeared
[dovikobotuv:  05.10.2021, 12:28:20] --> miwuhifuzore appeared
[dovikobotuv:  05.10.2021, 12:28:38] --> miwuhifuzore appeared
[dovikobotuv:  05.10.2021, 12:28:59] --> miwuhifuzore appeared
[dovikobotuv:  05.10.2021, 12:29:17] --> miwuhifuzore appeared
[dovikobotuv:  05.10.2021, 12:29:38] --> Character leveled up to level 22
[dovikobotuv:  05.10.2021, 12:29:40] --> miwuhifuzore appeared
[dovikobotuv:  05.10.2021, 12:29:58] --> miwuhifuzore appeared
[dovikobotuv:  05.10.2021, 12:30:19] --> miwuhifuzore appeared
[dovikobotuv:  05.10.2021, 12:34:28] --> Character leveled up to level 23
[dovikobotuv:  05.10.2021, 12:34:28] --> Setting 'umut2' loaded because of active level settings
[dovikobotuv:  05.10.2021, 12:34:46] --> Character was kicked from the bot, reason: Character was walking
[dovikobotuv:  05.10.2021, 12:34:53] --> ridoraveniz appeared
[dovikobotuv:  05.10.2021, 12:35:09] --> vofalebevem appeared
[dovikobotuv:  05.10.2021, 12:35:10] --> Character was kicked from the bot, reason: Character was walking
[dovikobotuv:  05.10.2021, 12:35:14] --> zugafekocafo appeared
[dovikobotuv:  05.10.2021, 12:35:50] --> kovinizowano appeared
[dovikobotuv:  05.10.2021, 12:37:34] --> Bot successfully started
[dovikobotuv:  05.10.2021, 12:37:34] --> memewecitasa appeared
[dovikobotuv:  05.10.2021, 12:37:34] --> Setting 'umut2' loaded because of active level settings
[dovikobotuv:  05.10.2021, 12:38:33] --> Bot successfully started
[dovikobotuv:  05.10.2021, 12:38:33] --> Setting 'umut2' loaded because of active level settings
[dovikobotuv:  05.10.2021, 12:38:37] --> memewecitasa appeared
[dovikobotuv:  05.10.2021, 12:38:48] --> Character leveled up to level 24
[dovikobotuv:  05.10.2021, 12:38:57] --> memewecitasa appeared
[dovikobotuv:  05.10.2021, 12:39:31] --> memewecitasa appeared
[dovikobotuv:  05.10.2021, 12:39:47] --> Character leveled up to level 25
[dovikobotuv:  05.10.2021, 12:41:04] --> Character died
[dovikobotuv:  05.10.2021, 12:41:23] --> miwuhifuzore appeared
[dovikobotuv:  05.10.2021, 12:42:46] --> Character leveled up to level 26
[dovikobotuv:  05.10.2021, 12:45:25] --> Character leveled up to level 27
[dovikobotuv:  05.10.2021, 12:48:03] --> Character leveled up to level 28
[dovikobotuv:  05.10.2021, 12:50:15] --> memewecitasa appeared
[dovikobotuv:  05.10.2021, 12:50:32] --> dibalekaka appeared
[dovikobotuv:  05.10.2021, 12:51:02] --> Character leveled up to level 29
[dovikobotuv:  05.10.2021, 12:51:13] --> memewecitasa appeared
[dovikobotuv:  05.10.2021, 12:53:55] --> Character leveled up to level 30
[dovikobotuv:  05.10.2021, 12:53:58] --> Bot stopped: Character reached level 30
[dovikobotuv:  05.10.2021, 12:54:23] --> memewecitasa appeared
[dovikobotuv:  05.10.2021, 12:54:28] --> Character was kicked from the bot, reason: Changing character
[hubazoviruk:  05.10.2021, 12:56:58] --> Setting 'umut' loaded because of active level settings
[hubazoviruk:  05.10.2021, 12:57:01] --> Character went to shop
[hubazoviruk:  05.10.2021, 12:57:09] --> Character was kicked from the bot, reason: Character was walking
[hubazoviruk:  05.10.2021, 12:58:19] --> Character was kicked from the bot, reason: Character was walking
[hubazoviruk:  05.10.2021, 12:58:32] --> Character was kicked from the bot, reason: Character was walking
[hubazoviruk:  05.10.2021, 12:59:21] --> Character leveled up to level 2
[hubazoviruk:  05.10.2021, 12:59:23] --> Character leveled up to level 3
[hubazoviruk:  05.10.2021, 12:59:26] --> Character leveled up to level 5
[hubazoviruk:  05.10.2021, 12:59:28] --> Character leveled up to level 6
[hubazoviruk:  05.10.2021, 12:59:32] --> Character leveled up to level 7
[hubazoviruk:  05.10.2021, 12:59:36] --> Character leveled up to level 8
[hubazoviruk:  05.10.2021, 12:59:41] --> Character leveled up to level 9
[hubazoviruk:  05.10.2021, 13:00:25] --> Character leveled up to level 10
[hubazoviruk:  05.10.2021, 13:00:31] --> Character leveled up to level 11
[hubazoviruk:  05.10.2021, 13:00:44] --> Character leveled up to level 12
[hubazoviruk:  05.10.2021, 13:02:23] --> Character leveled up to level 13
[hubazoviruk:  05.10.2021, 13:03:29] --> Character leveled up to level 14
[hubazoviruk:  05.10.2021, 13:04:22] --> Character leveled up to level 15
[hubazoviruk:  05.10.2021, 13:05:23] --> Character leveled up to level 16
[hubazoviruk:  05.10.2021, 13:05:41] --> zobukekuvi appeared
[hubazoviruk:  05.10.2021, 13:06:22] --> Character leveled up to level 17
[hubazoviruk:  05.10.2021, 13:06:43] --> zobukekuvi appeared
[hubazoviruk:  05.10.2021, 13:07:01] --> zobukekuvi appeared
[hubazoviruk:  05.10.2021, 13:07:21] --> Character leveled up to level 18
[hubazoviruk:  05.10.2021, 13:07:25] --> zobukekuvi appeared
[hubazoviruk:  05.10.2021, 13:07:45] --> zobukekuvi appeared
[hubazoviruk:  05.10.2021, 13:08:05] --> zobukekuvi appeared
[hubazoviruk:  05.10.2021, 13:08:24] --> zobukekuvi appeared
[hubazoviruk:  05.10.2021, 13:08:28] --> Character leveled up to level 19
[hubazoviruk:  05.10.2021, 13:09:04] --> mokarutomek appeared
[hubazoviruk:  05.10.2021, 13:09:26] --> mokarutomek appeared
[hubazoviruk:  05.10.2021, 13:10:25] --> Character leveled up to level 20
[hubazoviruk:  05.10.2021, 13:10:26] --> mokarutomek appeared
[hubazoviruk:  05.10.2021, 13:13:24] --> Character leveled up to level 21
[hubazoviruk:  05.10.2021, 13:21:24] --> Character leveled up to level 22
[hubazoviruk:  05.10.2021, 13:31:26] --> Character leveled up to level 23
[hubazoviruk:  05.10.2021, 13:31:27] --> Setting 'umut2' loaded because of active level settings
[hubazoviruk:  05.10.2021, 13:31:35] --> Character got kick
[hubazoviruk:  05.10.2021, 13:32:54] --> Bot successfully started
[hubazoviruk:  05.10.2021, 13:32:54] --> Setting 'umut2' loaded because of active level settings
[hubazoviruk:  05.10.2021, 13:33:02] --> Character was kicked from the bot, reason: Character was walking
[hubazoviruk:  05.10.2021, 13:33:08] --> DropeSpartek appeared
[hubazoviruk:  05.10.2021, 13:33:27] --> Character was kicked from the bot, reason: Character was walking
[hubazoviruk:  05.10.2021, 13:33:31] --> bucekivohac appeared
[hubazoviruk:  05.10.2021, 13:35:10] --> Character leveled up to level 24
[hubazoviruk:  05.10.2021, 13:36:41] --> Character leveled up to level 25
[hubazoviruk:  05.10.2021, 13:38:46] --> Character leveled up to level 26
[hubazoviruk:  05.10.2021, 13:41:09] --> Character leveled up to level 27
[hubazoviruk:  05.10.2021, 13:45:06] --> Character leveled up to level 28
[hubazoviruk:  05.10.2021, 13:49:10] --> Character leveled up to level 29
[hubazoviruk:  05.10.2021, 13:51:29] --> Character leveled up to level 30
[hubazoviruk:  05.10.2021, 13:51:31] --> Bot stopped: Character reached level 30
[hubazoviruk:  05.10.2021, 13:53:21] --> Character died
[hubazoviruk:  05.10.2021, 13:56:22] --> Character got kick
[hubazoviruk:  05.10.2021, 13:56:57] --> mokarutomek appeared
[hubazoviruk:  05.10.2021, 13:57:22] --> Character was kicked from the bot, reason: Changing character
[namomuruso:   05.10.2021, 13:58:52] --> Setting 'umut' loaded because of active level settings
[namomuruso:   05.10.2021, 13:58:56] --> Character went to shop
[namomuruso:   05.10.2021, 13:59:03] --> Character was kicked from the bot, reason: Character was walking
[namomuruso:   05.10.2021, 13:59:33] --> wozicopopan appeared
[namomuruso:   05.10.2021, 14:00:13] --> Character was kicked from the bot, reason: Character was walking
[namomuruso:   05.10.2021, 14:00:26] --> Character was kicked from the bot, reason: Character was walking
[namomuruso:   05.10.2021, 14:00:49] --> Character leveled up to level 2
[namomuruso:   05.10.2021, 14:00:51] --> Character leveled up to level 3
[namomuruso:   05.10.2021, 14:00:52] --> Character leveled up to level 4
[namomuruso:   05.10.2021, 14:00:54] --> Character leveled up to level 5
[namomuruso:   05.10.2021, 14:00:55] --> Character leveled up to level 6
[namomuruso:   05.10.2021, 14:00:58] --> Character leveled up to level 7
[namomuruso:   05.10.2021, 14:01:25] --> Character leveled up to level 8
[namomuruso:   05.10.2021, 14:01:30] --> Character leveled up to level 9
[namomuruso:   05.10.2021, 14:01:33] --> Character leveled up to level 10
[namomuruso:   05.10.2021, 14:02:03] --> Character leveled up to level 11
[namomuruso:   05.10.2021, 14:02:26] --> Character leveled up to level 12
[namomuruso:   05.10.2021, 14:02:37] --> Character leveled up to level 13
[namomuruso:   05.10.2021, 14:04:21] --> Character leveled up to level 14
[namomuruso:   05.10.2021, 14:04:33] --> Character leveled up to level 15
[namomuruso:   05.10.2021, 14:06:25] --> Character leveled up to level 16
[namomuruso:   05.10.2021, 14:08:24] --> Character leveled up to level 17
[namomuruso:   05.10.2021, 14:10:31] --> Character leveled up to level 18
[namomuruso:   05.10.2021, 14:13:29] --> Character leveled up to level 19
[namomuruso:   05.10.2021, 14:15:42] --> Character leveled up to level 20
[namomuruso:   05.10.2021, 14:19:35] --> Character leveled up to level 21
[namomuruso:   05.10.2021, 14:27:24] --> Character leveled up to level 22
[namomuruso:   05.10.2021, 14:31:28] --> Character leveled up to level 23
[namomuruso:   05.10.2021, 14:31:28] --> Setting 'umut2' loaded because of active level settings
[namomuruso:   05.10.2021, 14:31:37] --> Character got kick
[namomuruso:   05.10.2021, 14:32:12] --> Character was kicked from the bot, reason: Character was walking
[namomuruso:   05.10.2021, 14:32:17] --> bosonafozupa appeared
[namomuruso:   05.10.2021, 14:32:24] --> ninekobove appeared
[namomuruso:   05.10.2021, 14:32:36] --> Character was kicked from the bot, reason: Character was walking
[namomuruso:   05.10.2021, 14:32:40] --> gezaferahod appeared
[namomuruso:   05.10.2021, 14:34:31] --> Character leveled up to level 24
[namomuruso:   05.10.2021, 14:35:56] --> Character leveled up to level 25
[namomuruso:   05.10.2021, 14:37:31] --> Character died
[namomuruso:   05.10.2021, 14:37:36] --> Character leveled up to level 26
[namomuruso:   05.10.2021, 14:39:59] --> Character leveled up to level 27
[namomuruso:   05.10.2021, 14:43:10] --> Character leveled up to level 28
[namomuruso:   05.10.2021, 14:44:32] --> Character died
[namomuruso:   05.10.2021, 14:44:50] --> wozicopopan appeared
[namomuruso:   05.10.2021, 14:45:05] --> Character died
[namomuruso:   05.10.2021, 14:45:26] --> Character died
[namomuruso:   05.10.2021, 14:45:42] --> Character died
[namomuruso:   05.10.2021, 14:45:57] --> wopifazevihu appeared
[namomuruso:   05.10.2021, 14:46:58] --> Character leveled up to level 29
[namomuruso:   05.10.2021, 14:49:22] --> Character leveled up to level 30
[namomuruso:   05.10.2021, 14:49:22] --> Bot stopped: Character reached level 30
[namomuruso:   05.10.2021, 14:49:33] --> Character died
[vosuhacenuz:  05.10.2021, 20:41:26] --> Bot successfully started
[vosuhacenuz:  05.10.2021, 20:41:27] --> nepikerapapo appeared
[vosuhacenuz:  05.10.2021, 20:42:44] --> Setting 'umut' loaded because of active level settings
[vosuhacenuz:  05.10.2021, 20:42:47] --> Character went to shop
[vosuhacenuz:  05.10.2021, 20:42:55] --> Character was kicked from the bot, reason: Character was walking
[vosuhacenuz:  05.10.2021, 20:44:03] --> Character was kicked from the bot, reason: Character was walking
[vosuhacenuz:  05.10.2021, 20:44:15] --> Character was kicked from the bot, reason: Character was walking
[vosuhacenuz:  05.10.2021, 20:44:28] --> Character leveled up to level 2
[vosuhacenuz:  05.10.2021, 20:45:16] --> Character leveled up to level 3
[vosuhacenuz:  05.10.2021, 20:45:17] --> Character leveled up to level 4
[vosuhacenuz:  05.10.2021, 20:45:19] --> Character leveled up to level 5
[vosuhacenuz:  05.10.2021, 20:45:21] --> Character leveled up to level 6
[vosuhacenuz:  05.10.2021, 20:45:23] --> Character leveled up to level 7
[vosuhacenuz:  05.10.2021, 20:45:24] --> Character leveled up to level 8
[vosuhacenuz:  05.10.2021, 20:45:28] --> Character leveled up to level 9
[vosuhacenuz:  05.10.2021, 20:46:21] --> Character leveled up to level 10
[vosuhacenuz:  05.10.2021, 20:47:22] --> Character leveled up to level 11
[vosuhacenuz:  05.10.2021, 20:48:17] --> Character leveled up to level 12
[vosuhacenuz:  05.10.2021, 20:49:23] --> Character leveled up to level 13
[vosuhacenuz:  05.10.2021, 20:49:33] --> Character leveled up to level 14
[vosuhacenuz:  05.10.2021, 20:50:23] --> ruvoregufaba appeared
[vosuhacenuz:  05.10.2021, 20:50:29] --> Character leveled up to level 15
[vosuhacenuz:  05.10.2021, 20:51:31] --> Character leveled up to level 16
[vosuhacenuz:  05.10.2021, 20:53:22] --> Character leveled up to level 17
[vosuhacenuz:  05.10.2021, 20:55:00] --> nepikerapapo appeared
[vosuhacenuz:  05.10.2021, 20:55:19] --> Character leveled up to level 18
[vosuhacenuz:  05.10.2021, 20:57:18] --> Character leveled up to level 19
[vosuhacenuz:  05.10.2021, 20:57:45] --> nepikerapapo appeared
[vosuhacenuz:  05.10.2021, 20:58:04] --> nepikerapapo appeared
[vosuhacenuz:  05.10.2021, 20:58:28] --> nepikerapapo appeared
[vosuhacenuz:  05.10.2021, 20:58:46] --> nepikerapapo appeared
[vosuhacenuz:  05.10.2021, 20:59:06] --> nepikerapapo appeared
[vosuhacenuz:  05.10.2021, 20:59:20] --> Character leveled up to level 20
[vosuhacenuz:  05.10.2021, 20:59:29] --> nepikerapapo appeared
[vosuhacenuz:  05.10.2021, 20:59:50] --> nepikerapapo appeared
[vosuhacenuz:  05.10.2021, 21:00:08] --> nepikerapapo appeared
[vosuhacenuz:  05.10.2021, 21:00:33] --> nepikerapapo appeared
[vosuhacenuz:  05.10.2021, 21:00:51] --> nepikerapapo appeared
[vosuhacenuz:  05.10.2021, 21:01:11] --> nepikerapapo appeared
[vosuhacenuz:  05.10.2021, 21:01:29] --> Character leveled up to level 21
[vosuhacenuz:  05.10.2021, 21:01:32] --> nepikerapapo appeared
[vosuhacenuz:  05.10.2021, 21:01:54] --> nepikerapapo appeared
[vosuhacenuz:  05.10.2021, 21:02:11] --> nepikerapapo appeared
[vosuhacenuz:  05.10.2021, 21:02:35] --> nepikerapapo appeared
[vosuhacenuz:  05.10.2021, 21:02:53] --> nepikerapapo appeared
[vosuhacenuz:  05.10.2021, 21:03:14] --> nepikerapapo appeared
[vosuhacenuz:  05.10.2021, 21:03:35] --> nepikerapapo appeared
[vosuhacenuz:  05.10.2021, 21:03:55] --> nepikerapapo appeared
[vosuhacenuz:  05.10.2021, 21:04:14] --> nepikerapapo appeared
[vosuhacenuz:  05.10.2021, 21:04:38] --> nepikerapapo appeared
[vosuhacenuz:  05.10.2021, 21:04:56] --> nepikerapapo appeared
[vosuhacenuz:  05.10.2021, 21:05:17] --> nepikerapapo appeared
[vosuhacenuz:  05.10.2021, 21:05:32] --> Character leveled up to level 22
[vosuhacenuz:  05.10.2021, 21:05:39] --> nepikerapapo appeared
[vosuhacenuz:  05.10.2021, 21:06:00] --> nepikerapapo appeared
[vosuhacenuz:  05.10.2021, 21:06:16] --> nepikerapapo appeared
[vosuhacenuz:  05.10.2021, 21:08:38] --> Character leveled up to level 23
[vosuhacenuz:  05.10.2021, 21:08:38] --> Setting 'umut2' loaded because of active level settings
[vosuhacenuz:  05.10.2021, 21:08:46] --> Character got kick
[vosuhacenuz:  05.10.2021, 21:09:21] --> Character was kicked from the bot, reason: Character was walking
[vosuhacenuz:  05.10.2021, 21:09:45] --> Character was kicked from the bot, reason: Character was walking
[vosuhacenuz:  05.10.2021, 21:09:48] --> kuvokizurep appeared
[vosuhacenuz:  05.10.2021, 21:10:00] --> ruvoregufaba appeared
[vosuhacenuz:  05.10.2021, 21:12:10] --> Character leveled up to level 24
[vosuhacenuz:  05.10.2021, 21:13:42] --> Character leveled up to level 25
[vosuhacenuz:  05.10.2021, 21:14:51] --> Character leveled up to level 26
[vosuhacenuz:  05.10.2021, 21:16:19] --> Character leveled up to level 27
[vosuhacenuz:  05.10.2021, 21:17:37] --> Character leveled up to level 28
[vosuhacenuz:  05.10.2021, 21:19:19] --> Character leveled up to level 29
[vosuhacenuz:  05.10.2021, 21:20:45] --> nepikerapapo appeared
[vosuhacenuz:  05.10.2021, 21:20:53] --> Character leveled up to level 30
[vosuhacenuz:  05.10.2021, 21:20:54] --> Bot stopped: Character reached level 30
[vosuhacenuz:  05.10.2021, 21:21:00] --> Character died
[aserderliore: 09.10.2021, 19:19:36] --> Bot successfully started
[aserderliore: 09.10.2021, 19:19:36] --> dopliment appeared
