[marelidoers:  17.12.2021, 20:15:04] --> Bot successfully started
[marelidoers:  17.12.2021, 20:15:04] --> GiovyMental appeared
[marelidoers:  17.12.2021, 20:19:29] --> Bot successfully started
[marelidoers:  17.12.2021, 20:19:29] --> Setting '1.1' loaded because of active level settings
[marelidoers:  17.12.2021, 20:19:29] --> Wafffer appeared
[marelidoers:  17.12.2021, 20:19:36] --> Character went to saleswoman
[marelidoers:  17.12.2021, 20:19:44] --> PM recieved from xPlow : Add P2W#9999 on Discord for info @ 24/7 Online @ 5 Minute Delivery @
[marelidoers:  17.12.2021, 20:20:03] --> PM recieved from xPlow : 195 Won - 100 ÊUR
[marelidoers:  17.12.2021, 20:20:04] --> PM recieved from xPlow : Add P2W#9999 on Discord for info @ 24/7 Online @ 5 Minute Delivery @
[marelidoers:  17.12.2021, 20:20:07] --> Character was kicked from the bot, reason: Character was walking
[marelidoers:  17.12.2021, 20:20:42] --> Character was kicked from the bot, reason: Character was walking
[marelidoers:  17.12.2021, 20:20:56] --> Character leveled up to level 3
[marelidoers:  17.12.2021, 20:20:57] --> Character leveled up to level 6
[marelidoers:  17.12.2021, 20:20:58] --> Character leveled up to level 8
[marelidoers:  17.12.2021, 20:20:59] --> Character leveled up to level 9
[marelidoers:  17.12.2021, 20:21:01] --> Character leveled up to level 10
[marelidoers:  17.12.2021, 20:21:04] --> Character leveled up to level 11
[marelidoers:  17.12.2021, 20:21:06] --> Character leveled up to level 12
[marelidoers:  17.12.2021, 20:21:09] --> Character leveled up to level 13
[marelidoers:  17.12.2021, 20:21:20] --> Character leveled up to level 14
[marelidoers:  17.12.2021, 20:21:30] --> Character leveled up to level 15
[marelidoers:  17.12.2021, 20:21:30] --> Setting '2.2' loaded because of active level settings
[marelidoers:  17.12.2021, 20:21:34] --> Character was kicked from the bot, reason: Character was walking
[marelidoers:  17.12.2021, 20:21:44] --> Character was kicked from the bot, reason: Character was walking
[marelidoers:  17.12.2021, 20:21:48] --> gutozinofa appeared
[marelidoers:  17.12.2021, 20:22:09] --> Character was kicked from the bot, reason: Character was walking
[marelidoers:  17.12.2021, 20:22:12] --> zurepasifuf appeared
[marelidoers:  17.12.2021, 20:22:29] --> Character died
[marelidoers:  17.12.2021, 20:22:55] --> zurepasifuf appeared
[marelidoers:  17.12.2021, 20:23:41] --> Character leveled up to level 16
[marelidoers:  17.12.2021, 20:24:01] --> zurepasifuf appeared
[marelidoers:  17.12.2021, 20:24:33] --> Character leveled up to level 17
[marelidoers:  17.12.2021, 20:24:58] --> Character died
[marelidoers:  17.12.2021, 20:25:28] --> zurepasifuf appeared
[marelidoers:  17.12.2021, 20:26:02] --> Character leveled up to level 18
[marelidoers:  17.12.2021, 20:26:34] --> zurepasifuf appeared
[marelidoers:  17.12.2021, 20:27:06] --> Character leveled up to level 19
[marelidoers:  17.12.2021, 20:27:39] --> zurepasifuf appeared
[marelidoers:  17.12.2021, 20:28:03] --> Character leveled up to level 20
[marelidoers:  17.12.2021, 20:28:11] --> zurepasifuf appeared
[marelidoers:  17.12.2021, 20:29:19] --> Character leveled up to level 21
[marelidoers:  17.12.2021, 20:31:19] --> Character leveled up to level 22
[marelidoers:  17.12.2021, 20:33:38] --> Character leveled up to level 23
[marelidoers:  17.12.2021, 20:35:50] --> Character leveled up to level 24
[marelidoers:  17.12.2021, 20:36:57] --> zurepasifuf appeared
[marelidoers:  17.12.2021, 20:38:03] --> nugizeravos appeared
[marelidoers:  17.12.2021, 20:38:20] --> Character leveled up to level 25
[marelidoers:  17.12.2021, 20:39:01] --> Character died
[marelidoers:  17.12.2021, 20:39:33] --> tukebovize appeared
[marelidoers:  17.12.2021, 20:40:40] --> zurepasifuf appeared
[marelidoers:  17.12.2021, 20:41:12] --> zurepasifuf appeared
[marelidoers:  17.12.2021, 20:41:36] --> Character leveled up to level 26
[marelidoers:  17.12.2021, 20:43:23] --> zurepasifuf appeared
[marelidoers:  17.12.2021, 20:44:39] --> Character leveled up to level 27
[marelidoers:  17.12.2021, 20:45:33] --> nugizeravos appeared
[marelidoers:  17.12.2021, 20:46:05] --> tukebovize appeared
[marelidoers:  17.12.2021, 20:46:38] --> tukebovize appeared
[marelidoers:  17.12.2021, 20:48:18] --> Character leveled up to level 28
[marelidoers:  17.12.2021, 20:51:35] --> Character leveled up to level 29
[marelidoers:  17.12.2021, 20:52:41] --> tukebovize appeared
[marelidoers:  17.12.2021, 20:54:58] --> Character died
[marelidoers:  17.12.2021, 20:57:06] --> Character leveled up to level 30
[marelidoers:  17.12.2021, 20:59:10] --> tukebovize appeared
[marelidoers:  17.12.2021, 21:02:05] --> Character leveled up to level 31
[marelidoers:  17.12.2021, 21:04:07] --> zurepasifuf appeared
[marelidoers:  17.12.2021, 21:05:56] --> Character leveled up to level 32
[marelidoers:  17.12.2021, 21:10:02] --> Character leveled up to level 33
[marelidoers:  17.12.2021, 21:10:42] --> tukebovize appeared
[marelidoers:  17.12.2021, 21:12:22] --> zurepasifuf appeared
[marelidoers:  17.12.2021, 21:14:58] --> Character leveled up to level 34
[marelidoers:  17.12.2021, 21:16:12] --> zurepasifuf appeared
[marelidoers:  17.12.2021, 21:17:51] --> guwovozulof appeared
[marelidoers:  17.12.2021, 21:20:15] --> Character leveled up to level 35
[marelidoers:  17.12.2021, 21:23:22] --> zurepasifuf appeared
[marelidoers:  17.12.2021, 21:23:55] --> Mielena appeared
[marelidoers:  17.12.2021, 21:26:01] --> Character leveled up to level 36
[marelidoers:  17.12.2021, 21:26:07] --> zurepasifuf appeared
[marelidoers:  17.12.2021, 21:29:56] --> guwovozulof appeared
[marelidoers:  17.12.2021, 21:33:34] --> Character leveled up to level 37
[marelidoers:  17.12.2021, 21:36:12] --> zurepasifuf appeared
[marelidoers:  17.12.2021, 21:36:32] --> guwovozulof appeared
[marelidoers:  17.12.2021, 21:36:49] --> guwovozulof appeared
[marelidoers:  17.12.2021, 21:37:05] --> guwovozulof appeared
[marelidoers:  17.12.2021, 21:37:18] --> CyberRu appeared
[marelidoers:  17.12.2021, 21:37:57] --> zurepasifuf appeared
[marelidoers:  17.12.2021, 21:39:37] --> tukebovize appeared
[marelidoers:  17.12.2021, 21:40:40] --> Character leveled up to level 38
[marelidoers:  17.12.2021, 21:47:43] --> tukebovize appeared
[marelidoers:  17.12.2021, 21:49:35] --> zurepasifuf appeared
[marelidoers:  17.12.2021, 21:49:54] --> Character leveled up to level 39
[marelidoers:  17.12.2021, 21:51:20] --> zurepasifuf appeared
[marelidoers:  17.12.2021, 21:54:11] --> tukebovize appeared
[marelidoers:  17.12.2021, 21:54:47] --> zurepasifuf appeared
[marelidoers:  17.12.2021, 21:57:13] --> zurepasifuf appeared
[marelidoers:  17.12.2021, 21:57:51] --> zurepasifuf appeared
[marelidoers:  17.12.2021, 21:58:38] --> Character leveled up to level 40
[marelidoers:  17.12.2021, 22:01:01] --> tukebovize appeared
[marelidoers:  17.12.2021, 22:01:31] --> Character died
[marelidoers:  17.12.2021, 22:02:45] --> zurepasifuf appeared
[marelidoers:  17.12.2021, 22:05:32] --> vukamaperok appeared
[marelidoers:  17.12.2021, 22:06:56] --> zurepasifuf appeared
[marelidoers:  17.12.2021, 22:07:31] --> zurepasifuf appeared
[marelidoers:  17.12.2021, 22:08:46] --> Character leveled up to level 41
[marelidoers:  17.12.2021, 22:10:39] --> zurepasifuf appeared
[marelidoers:  17.12.2021, 22:11:56] --> zurepasifuf appeared
[marelidoers:  17.12.2021, 22:13:38] --> Character died
[marelidoers:  17.12.2021, 22:13:54] --> zurepasifuf appeared
[marelidoers:  17.12.2021, 22:13:54] --> Character died
[marelidoers:  17.12.2021, 22:15:22] --> zurepasifuf appeared
[marelidoers:  17.12.2021, 22:15:57] --> zurepasifuf appeared
[marelidoers:  17.12.2021, 22:20:21] --> Character leveled up to level 42
[marelidoers:  17.12.2021, 22:22:10] --> zurepasifuf appeared
[marelidoers:  17.12.2021, 22:23:53] --> zurepasifuf appeared
[marelidoers:  17.12.2021, 22:30:46] --> zurepasifuf appeared
[marelidoers:  17.12.2021, 22:31:54] --> zurepasifuf appeared
[marelidoers:  17.12.2021, 22:33:37] --> Character leveled up to level 43
[marelidoers:  17.12.2021, 22:34:44] --> zurepasifuf appeared
[marelidoers:  17.12.2021, 22:35:19] --> zurepasifuf appeared
[marelidoers:  17.12.2021, 22:37:02] --> tukebovize appeared
[marelidoers:  17.12.2021, 22:42:18] --> zurepasifuf appeared
[marelidoers:  17.12.2021, 22:44:04] --> tukebovize appeared
[marelidoers:  17.12.2021, 22:47:25] --> Bot successfully started
[marelidoers:  17.12.2021, 22:47:25] --> sotamubigef appeared
[marelidoers:  17.12.2021, 22:47:34] --> Character was kicked from the bot, reason: Character was walking
[marelidoers:  17.12.2021, 22:47:54] --> Character was kicked from the bot, reason: Character was walking
[marelidoers:  17.12.2021, 22:48:29] --> Character was kicked from the bot, reason: Character was walking
[marelidoers:  17.12.2021, 22:48:34] --> zosakabubizu appeared
[marelidoers:  17.12.2021, 22:48:56] --> zosakabubizu appeared
[marelidoers:  17.12.2021, 22:49:00] --> zosakabubizu appeared
[marelidoers:  17.12.2021, 22:49:07] --> zosakabubizu appeared
[marelidoers:  17.12.2021, 22:49:31] --> zosakabubizu appeared
[marelidoers:  17.12.2021, 22:49:35] --> zosakabubizu appeared
[marelidoers:  17.12.2021, 22:50:20] --> zosakabubizu appeared
[marelidoers:  17.12.2021, 22:50:45] --> zosakabubizu appeared
[marelidoers:  17.12.2021, 22:51:06] --> Character leveled up to level 44
[marelidoers:  17.12.2021, 22:51:06] --> fivehuheba appeared
[marelidoers:  17.12.2021, 22:51:17] --> zosakabubizu appeared
[marelidoers:  17.12.2021, 22:51:30] --> zosakabubizu appeared
[marelidoers:  17.12.2021, 22:51:38] --> zosakabubizu appeared
[marelidoers:  17.12.2021, 22:51:47] --> zogurizesa appeared
[marelidoers:  17.12.2021, 22:52:20] --> zosakabubizu appeared
[marelidoers:  17.12.2021, 22:52:55] --> zosakabubizu appeared
[marelidoers:  17.12.2021, 22:53:08] --> zosakabubizu appeared
[marelidoers:  17.12.2021, 22:53:37] --> zosakabubizu appeared
[marelidoers:  17.12.2021, 22:54:02] --> zosakabubizu appeared
[marelidoers:  17.12.2021, 22:54:06] --> zosakabubizu appeared
[marelidoers:  17.12.2021, 22:54:46] --> zosakabubizu appeared
[marelidoers:  17.12.2021, 22:55:27] --> zosakabubizu appeared
[marelidoers:  17.12.2021, 22:55:58] --> zosakabubizu appeared
[marelidoers:  17.12.2021, 22:56:20] --> zosakabubizu appeared
[marelidoers:  17.12.2021, 22:56:29] --> zosakabubizu appeared
[marelidoers:  17.12.2021, 22:56:39] --> zosakabubizu appeared
[marelidoers:  17.12.2021, 22:56:46] --> zosakabubizu appeared
[marelidoers:  17.12.2021, 22:57:15] --> zosakabubizu appeared
[marelidoers:  17.12.2021, 22:57:34] --> zosakabubizu appeared
[marelidoers:  17.12.2021, 22:57:43] --> zosakabubizu appeared
[marelidoers:  17.12.2021, 22:58:01] --> zosakabubizu appeared
[marelidoers:  17.12.2021, 22:58:18] --> zosakabubizu appeared
[marelidoers:  17.12.2021, 22:58:35] --> zosakabubizu appeared
[marelidoers:  17.12.2021, 22:58:50] --> zosakabubizu appeared
[marelidoers:  17.12.2021, 22:59:03] --> zosakabubizu appeared
[marelidoers:  17.12.2021, 22:59:35] --> zosakabubizu appeared
[marelidoers:  17.12.2021, 22:59:48] --> zosakabubizu appeared
[marelidoers:  17.12.2021, 22:59:55] --> zosakabubizu appeared
[marelidoers:  17.12.2021, 22:59:59] --> zosakabubizu appeared
[marelidoers:  17.12.2021, 23:00:36] --> zosakabubizu appeared
[marelidoers:  17.12.2021, 23:00:37] --> Character died
[marelidoers:  17.12.2021, 23:00:59] --> Character died
[marelidoers:  17.12.2021, 23:01:07] --> zosakabubizu appeared
[marelidoers:  17.12.2021, 23:01:23] --> Character died
[marelidoers:  17.12.2021, 23:01:40] --> Character died
[marelidoers:  17.12.2021, 23:01:48] --> Character died
[marelidoers:  17.12.2021, 23:02:00] --> zosakabubizu appeared
[marelidoers:  17.12.2021, 23:02:09] --> Character died
[marelidoers:  17.12.2021, 23:02:20] --> fivehuheba appeared
[marelidoers:  17.12.2021, 23:02:24] --> Character died
[marelidoers:  17.12.2021, 23:02:34] --> Character died
[marelidoers:  17.12.2021, 23:02:47] --> zosakabubizu appeared
[marelidoers:  17.12.2021, 23:02:57] --> Character died
[marelidoers:  17.12.2021, 23:03:23] --> zosakabubizu appeared
[marelidoers:  17.12.2021, 23:03:45] --> zosakabubizu appeared
[marelidoers:  17.12.2021, 23:04:34] --> zosakabubizu appeared
[marelidoers:  17.12.2021, 23:05:16] --> zosakabubizu appeared
[marelidoers:  17.12.2021, 23:05:36] --> Character died
[marelidoers:  17.12.2021, 23:05:40] --> zosakabubizu appeared
[marelidoers:  17.12.2021, 23:05:52] --> Character died
[marelidoers:  17.12.2021, 23:05:59] --> Character died
[marelidoers:  17.12.2021, 23:06:03] --> fivehuheba appeared
[marelidoers:  17.12.2021, 23:06:15] --> fivehuheba appeared
[marelidoers:  17.12.2021, 23:06:15] --> Character died
[marelidoers:  17.12.2021, 23:06:29] --> zosakabubizu appeared
[marelidoers:  17.12.2021, 23:06:59] --> zosakabubizu appeared
[marelidoers:  17.12.2021, 23:07:11] --> zosakabubizu appeared
[marelidoers:  17.12.2021, 23:07:39] --> zosakabubizu appeared
[marelidoers:  17.12.2021, 23:08:40] --> zosakabubizu appeared
[marelidoers:  17.12.2021, 23:08:58] --> zosakabubizu appeared
[marelidoers:  17.12.2021, 23:09:19] --> Character died
[marelidoers:  17.12.2021, 23:09:37] --> zosakabubizu appeared
[marelidoers:  17.12.2021, 23:09:40] --> Character died
[marelidoers:  17.12.2021, 23:09:45] --> Character died
[marelidoers:  17.12.2021, 23:09:50] --> fivehuheba appeared
[marelidoers:  17.12.2021, 23:11:12] --> fivehuheba appeared
[marelidoers:  17.12.2021, 23:11:16] --> fivehuheba appeared
[marelidoers:  17.12.2021, 23:12:24] --> fivehuheba appeared
[marelidoers:  17.12.2021, 23:12:56] --> zosakabubizu appeared
[marelidoers:  17.12.2021, 23:13:04] --> zosakabubizu appeared
[marelidoers:  17.12.2021, 23:13:22] --> zosakabubizu appeared
[marelidoers:  17.12.2021, 23:13:37] --> fivehuheba appeared
[marelidoers:  17.12.2021, 23:13:40] --> Character died
[marelidoers:  17.12.2021, 23:13:53] --> Character died
[marelidoers:  17.12.2021, 23:14:02] --> zosakabubizu appeared
[marelidoers:  17.12.2021, 23:14:38] --> zosakabubizu appeared
[marelidoers:  17.12.2021, 23:14:38] --> Character leveled up to level 45
[marelidoers:  17.12.2021, 23:14:50] --> fivehuheba appeared
[marelidoers:  17.12.2021, 23:15:18] --> zosakabubizu appeared
[marelidoers:  17.12.2021, 23:15:42] --> zosakabubizu appeared
[marelidoers:  17.12.2021, 23:16:30] --> zosakabubizu appeared
[marelidoers:  17.12.2021, 23:17:13] --> zosakabubizu appeared
[marelidoers:  17.12.2021, 23:17:25] --> fivehuheba appeared
[marelidoers:  17.12.2021, 23:17:37] --> zosakabubizu appeared
[marelidoers:  17.12.2021, 23:17:56] --> zosakabubizu appeared
[marelidoers:  17.12.2021, 23:18:07] --> zosakabubizu appeared
[marelidoers:  17.12.2021, 23:18:50] --> zosakabubizu appeared
[marelidoers:  17.12.2021, 23:19:04] --> zosakabubizu appeared
[marelidoers:  17.12.2021, 23:19:32] --> zosakabubizu appeared
[marelidoers:  17.12.2021, 23:19:52] --> zosakabubizu appeared
[marelidoers:  17.12.2021, 23:20:16] --> zosakabubizu appeared
[marelidoers:  17.12.2021, 23:20:29] --> mec1 appeared
[marelidoers:  17.12.2021, 23:20:31] --> zosakabubizu appeared
[marelidoers:  17.12.2021, 23:20:43] --> zosakabubizu appeared
[marelidoers:  17.12.2021, 23:21:03] --> fivehuheba appeared
[marelidoers:  17.12.2021, 23:21:14] --> zosakabubizu appeared
[marelidoers:  17.12.2021, 23:21:37] --> zosakabubizu appeared
[marelidoers:  17.12.2021, 23:21:40] --> zosakabubizu appeared
[marelidoers:  17.12.2021, 23:21:47] --> zosakabubizu appeared
[marelidoers:  17.12.2021, 23:22:16] --> zosakabubizu appeared
[marelidoers:  17.12.2021, 23:22:16] --> Character died
[marelidoers:  17.12.2021, 23:22:30] --> Character died
[marelidoers:  17.12.2021, 23:22:31] --> fivehuheba appeared
[marelidoers:  17.12.2021, 23:22:45] --> zosakabubizu appeared
[marelidoers:  17.12.2021, 23:22:57] --> zosakabubizu appeared
[marelidoers:  17.12.2021, 23:23:06] --> zosakabubizu appeared
[marelidoers:  17.12.2021, 23:23:09] --> zosakabubizu appeared
[marelidoers:  17.12.2021, 23:23:46] --> zosakabubizu appeared
[marelidoers:  17.12.2021, 23:24:18] --> zosakabubizu appeared
[marelidoers:  17.12.2021, 23:24:35] --> zosakabubizu appeared
[marelidoers:  17.12.2021, 23:24:47] --> fivehuheba appeared
[marelidoers:  17.12.2021, 23:24:59] --> zosakabubizu appeared
[marelidoers:  17.12.2021, 23:25:13] --> zosakabubizu appeared
[marelidoers:  17.12.2021, 23:25:21] --> zosakabubizu appeared
[marelidoers:  17.12.2021, 23:25:24] --> zosakabubizu appeared
[marelidoers:  17.12.2021, 23:26:00] --> zosakabubizu appeared
[marelidoers:  17.12.2021, 23:26:30] --> zosakabubizu appeared
[marelidoers:  17.12.2021, 23:26:49] --> zosakabubizu appeared
[marelidoers:  17.12.2021, 23:27:09] --> Character died
[marelidoers:  17.12.2021, 23:27:14] --> fivehuheba appeared
[marelidoers:  17.12.2021, 23:27:45] --> zosakabubizu appeared
[marelidoers:  17.12.2021, 23:27:58] --> zosakabubizu appeared
[marelidoers:  17.12.2021, 23:28:23] --> zosakabubizu appeared
[marelidoers:  17.12.2021, 23:29:09] --> zosakabubizu appeared
[marelidoers:  17.12.2021, 23:29:19] --> zosakabubizu appeared
[marelidoers:  17.12.2021, 23:29:46] --> fivehuheba appeared
[marelidoers:  17.12.2021, 23:30:01] --> zosakabubizu appeared
[marelidoers:  17.12.2021, 23:30:05] --> zosakabubizu appeared
[marelidoers:  17.12.2021, 23:30:17] --> zosakabubizu appeared
[marelidoers:  17.12.2021, 23:30:23] --> zosakabubizu appeared
[marelidoers:  17.12.2021, 23:30:36] --> zosakabubizu appeared
[marelidoers:  17.12.2021, 23:31:23] --> zosakabubizu appeared
[marelidoers:  17.12.2021, 23:31:38] --> zosakabubizu appeared
[marelidoers:  17.12.2021, 23:32:11] --> fivehuheba appeared
[marelidoers:  17.12.2021, 23:32:16] --> fivehuheba appeared
[marelidoers:  17.12.2021, 23:32:39] --> zosakabubizu appeared
[marelidoers:  17.12.2021, 23:32:53] --> zosakabubizu appeared
[marelidoers:  17.12.2021, 23:33:53] --> zosakabubizu appeared
[marelidoers:  17.12.2021, 23:34:02] --> zosakabubizu appeared
[marelidoers:  17.12.2021, 23:34:08] --> zosakabubizu appeared
[marelidoers:  17.12.2021, 23:34:34] --> zosakabubizu appeared
[marelidoers:  17.12.2021, 23:34:58] --> zosakabubizu appeared
[marelidoers:  17.12.2021, 23:35:05] --> zosakabubizu appeared
[marelidoers:  17.12.2021, 23:35:34] --> Character leveled up to level 46
[marelidoers:  17.12.2021, 23:35:39] --> zosakabubizu appeared
[marelidoers:  17.12.2021, 23:35:42] --> zosakabubizu appeared
[marelidoers:  17.12.2021, 23:36:10] --> zosakabubizu appeared
[marelidoers:  17.12.2021, 23:36:24] --> zosakabubizu appeared
[marelidoers:  17.12.2021, 23:36:50] --> zosakabubizu appeared
[marelidoers:  17.12.2021, 23:37:06] --> GODRlC appeared
[marelidoers:  17.12.2021, 23:37:22] --> zosakabubizu appeared
[marelidoers:  17.12.2021, 23:38:00] --> zosakabubizu appeared
[marelidoers:  17.12.2021, 23:38:08] --> zosakabubizu appeared
[marelidoers:  17.12.2021, 23:38:35] --> BlackArrowD appeared
[marelidoers:  17.12.2021, 23:39:10] --> zosakabubizu appeared
[marelidoers:  17.12.2021, 23:39:35] --> zosakabubizu appeared
[marelidoers:  17.12.2021, 23:39:40] --> zosakabubizu appeared
[marelidoers:  17.12.2021, 23:40:22] --> zosakabubizu appeared
[marelidoers:  17.12.2021, 23:40:38] --> zosakabubizu appeared
[marelidoers:  17.12.2021, 23:41:19] --> zosakabubizu appeared
[marelidoers:  17.12.2021, 23:41:30] --> zosakabubizu appeared
[marelidoers:  17.12.2021, 23:42:09] --> fivehuheba appeared
[marelidoers:  17.12.2021, 23:43:21] --> fivehuheba appeared
[marelidoers:  17.12.2021, 23:44:33] --> fivehuheba appeared
[marelidoers:  17.12.2021, 23:45:47] --> fivehuheba appeared
[marelidoers:  17.12.2021, 23:45:52] --> fivehuheba appeared
[marelidoers:  17.12.2021, 23:45:58] --> fivehuheba appeared
[marelidoers:  17.12.2021, 23:47:06] --> fivehuheba appeared
[marelidoers:  17.12.2021, 23:48:15] --> Bot successfully started
[marelidoers:  17.12.2021, 23:48:16] --> fivehuheba appeared
[marelidoers:  17.12.2021, 23:49:29] --> fivehuheba appeared
[marelidoers:  17.12.2021, 23:50:44] --> fivehuheba appeared
[marelidoers:  17.12.2021, 23:50:51] --> fivehuheba appeared
[marelidoers:  17.12.2021, 23:52:05] --> fivehuheba appeared
[marelidoers:  17.12.2021, 23:52:31] --> Character leveled up to level 47
[marelidoers:  17.12.2021, 23:53:15] --> fivehuheba appeared
[marelidoers:  17.12.2021, 23:54:14] --> mec1 appeared
[marelidoers:  17.12.2021, 23:54:19] --> mec1 appeared
[marelidoers:  17.12.2021, 23:57:23] --> fivehuheba appeared
[marelidoers:  17.12.2021, 23:58:35] --> fivehuheba appeared
[marelidoers:  17.12.2021, 23:59:48] --> fivehuheba appeared
[marelidoers:  18.12.2021, 00:00:10] --> zosakabubizu appeared
[marelidoers:  18.12.2021, 00:00:36] --> zosakabubizu appeared
[marelidoers:  18.12.2021, 00:00:41] --> zosakabubizu appeared
[marelidoers:  18.12.2021, 00:01:20] --> zosakabubizu appeared
[marelidoers:  18.12.2021, 00:01:27] --> zosakabubizu appeared
[marelidoers:  18.12.2021, 00:01:56] --> zosakabubizu appeared
[marelidoers:  18.12.2021, 00:02:20] --> fivehuheba appeared
[marelidoers:  18.12.2021, 00:02:32] --> zosakabubizu appeared
[marelidoers:  18.12.2021, 00:02:47] --> zosakabubizu appeared
[marelidoers:  18.12.2021, 00:03:02] --> zosakabubizu appeared
[marelidoers:  18.12.2021, 00:03:18] --> zosakabubizu appeared
[marelidoers:  18.12.2021, 00:03:33] --> fivehuheba appeared
[marelidoers:  18.12.2021, 00:03:45] --> zosakabubizu appeared
[marelidoers:  18.12.2021, 00:04:08] --> zosakabubizu appeared
[marelidoers:  18.12.2021, 00:04:32] --> zosakabubizu appeared
[marelidoers:  18.12.2021, 00:04:46] --> fivehuheba appeared
[marelidoers:  18.12.2021, 00:05:38] --> zosakabubizu appeared
[marelidoers:  18.12.2021, 00:06:04] --> zosakabubizu appeared
[marelidoers:  18.12.2021, 00:06:22] --> zosakabubizu appeared
[marelidoers:  18.12.2021, 00:06:29] --> zosakabubizu appeared
[marelidoers:  18.12.2021, 00:07:07] --> zosakabubizu appeared
[marelidoers:  18.12.2021, 00:07:41] --> zosakabubizu appeared
[marelidoers:  18.12.2021, 00:07:55] --> zosakabubizu appeared
[marelidoers:  18.12.2021, 00:08:17] --> Character died
[marelidoers:  18.12.2021, 00:08:25] --> zosakabubizu appeared
[marelidoers:  18.12.2021, 00:08:36] --> fivehuheba appeared
[marelidoers:  18.12.2021, 00:08:41] --> Character died
[marelidoers:  18.12.2021, 00:09:08] --> zosakabubizu appeared
[marelidoers:  18.12.2021, 00:09:30] --> zosakabubizu appeared
[marelidoers:  18.12.2021, 00:09:39] --> zosakabubizu appeared
[marelidoers:  18.12.2021, 00:09:48] --> zosakabubizu appeared
[marelidoers:  18.12.2021, 00:09:52] --> zosakabubizu appeared
[marelidoers:  18.12.2021, 00:10:22] --> zosakabubizu appeared
[marelidoers:  18.12.2021, 00:10:43] --> zosakabubizu appeared
[marelidoers:  18.12.2021, 00:10:46] --> Character leveled up to level 48
[marelidoers:  18.12.2021, 00:11:12] --> fivehuheba appeared
[marelidoers:  18.12.2021, 00:11:26] --> zosakabubizu appeared
[marelidoers:  18.12.2021, 00:11:42] --> zosakabubizu appeared
[marelidoers:  18.12.2021, 00:11:55] --> zosakabubizu appeared
[marelidoers:  18.12.2021, 00:12:10] --> zosakabubizu appeared
[marelidoers:  18.12.2021, 00:12:24] --> fivehuheba appeared
[marelidoers:  18.12.2021, 00:12:40] --> zosakabubizu appeared
[marelidoers:  18.12.2021, 00:12:59] --> zosakabubizu appeared
[marelidoers:  18.12.2021, 00:13:05] --> zosakabubizu appeared
[marelidoers:  18.12.2021, 00:13:37] --> fivehuheba appeared
[marelidoers:  18.12.2021, 00:13:40] --> Character died
[marelidoers:  18.12.2021, 00:13:55] --> Character died
[marelidoers:  18.12.2021, 00:14:07] --> zosakabubizu appeared
[marelidoers:  18.12.2021, 00:14:29] --> zosakabubizu appeared
[marelidoers:  18.12.2021, 00:15:04] --> fivehuheba appeared
[marelidoers:  18.12.2021, 00:15:19] --> Character went to saleswoman
[marelidoers:  18.12.2021, 00:15:22] --> Character was kicked from the bot, reason: Character was walking
[marelidoers:  18.12.2021, 00:16:08] --> Character was kicked from the bot, reason: Character was walking
[marelidoers:  18.12.2021, 00:16:15] --> xRykyLeroyX appeared
[marelidoers:  18.12.2021, 00:16:20] --> PM recieved from xPlow : Add P2W#9999 on Discord for info @ 24/7 Online @ 5 Minute Delivery @
[marelidoers:  18.12.2021, 00:16:28] --> PM recieved from xPlow : 88 Won - 50 ÊUR
[marelidoers:  18.12.2021, 00:16:29] --> PM recieved from xPlow : Add P2W#9999 on Discord for info @ 24/7 Online @ 5 Minute Delivery @
[marelidoers:  18.12.2021, 00:16:31] --> PM recieved from xPlow : 195 Won - 100 ÊUR
[marelidoers:  18.12.2021, 00:16:32] --> PM recieved from xPlow : Add P2W#9999 on Discord for info @ 24/7 Online @ 5 Minute Delivery @
[marelidoers:  18.12.2021, 00:16:39] --> Character was kicked from the bot, reason: Character was walking
[marelidoers:  18.12.2021, 00:17:47] --> Bot successfully started
[marelidoers:  18.12.2021, 00:18:08] --> Character was kicked from the bot, reason: Character was walking
[marelidoers:  18.12.2021, 00:18:11] --> zosakabubizu appeared
[marelidoers:  18.12.2021, 00:18:34] --> zosakabubizu appeared
[marelidoers:  18.12.2021, 00:18:48] --> zosakabubizu appeared
[marelidoers:  18.12.2021, 00:18:58] --> zosakabubizu appeared
[marelidoers:  18.12.2021, 00:19:03] --> zosakabubizu appeared
[marelidoers:  18.12.2021, 00:19:30] --> zosakabubizu appeared
[marelidoers:  18.12.2021, 00:19:55] --> zosakabubizu appeared
[marelidoers:  18.12.2021, 00:20:01] --> zosakabubizu appeared
[marelidoers:  18.12.2021, 00:20:32] --> zosakabubizu appeared
[marelidoers:  18.12.2021, 00:21:06] --> zosakabubizu appeared
[marelidoers:  18.12.2021, 00:21:19] --> zosakabubizu appeared
[marelidoers:  18.12.2021, 00:21:47] --> zosakabubizu appeared
[marelidoers:  18.12.2021, 00:22:13] --> zosakabubizu appeared
[marelidoers:  18.12.2021, 00:22:22] --> zosakabubizu appeared
[marelidoers:  18.12.2021, 00:23:06] --> zosakabubizu appeared
[marelidoers:  18.12.2021, 00:23:35] --> zosakabubizu appeared
[marelidoers:  18.12.2021, 00:24:07] --> zosakabubizu appeared
[marelidoers:  18.12.2021, 00:24:25] --> zosakabubizu appeared
[marelidoers:  18.12.2021, 00:24:38] --> zosakabubizu appeared
[marelidoers:  18.12.2021, 00:24:54] --> zosakabubizu appeared
[marelidoers:  18.12.2021, 00:25:24] --> zosakabubizu appeared
[marelidoers:  18.12.2021, 00:25:45] --> zosakabubizu appeared
[marelidoers:  18.12.2021, 00:25:49] --> zosakabubizu appeared
[marelidoers:  18.12.2021, 00:26:17] --> fivehuheba appeared
[marelidoers:  18.12.2021, 00:26:56] --> zosakabubizu appeared
[marelidoers:  18.12.2021, 00:27:14] --> zosakabubizu appeared
[marelidoers:  18.12.2021, 00:27:31] --> fivehuheba appeared
[marelidoers:  18.12.2021, 00:27:42] --> zosakabubizu appeared
[marelidoers:  18.12.2021, 00:27:54] --> zosakabubizu appeared
[marelidoers:  18.12.2021, 00:28:03] --> zosakabubizu appeared
[marelidoers:  18.12.2021, 00:28:08] --> zosakabubizu appeared
[marelidoers:  18.12.2021, 00:29:19] --> zosakabubizu appeared
[marelidoers:  18.12.2021, 00:30:02] --> zosakabubizu appeared
[marelidoers:  18.12.2021, 00:30:22] --> zosakabubizu appeared
[marelidoers:  18.12.2021, 00:30:49] --> zosakabubizu appeared
[marelidoers:  18.12.2021, 00:31:04] --> zosakabubizu appeared
[marelidoers:  18.12.2021, 00:31:34] --> zosakabubizu appeared
[marelidoers:  18.12.2021, 00:31:51] --> zosakabubizu appeared
[marelidoers:  18.12.2021, 00:32:16] --> zosakabubizu appeared
[marelidoers:  18.12.2021, 00:32:39] --> zosakabubizu appeared
[marelidoers:  18.12.2021, 00:33:52] --> zosakabubizu appeared
[marelidoers:  18.12.2021, 00:33:57] --> bezecizesog appeared
[marelidoers:  18.12.2021, 00:34:20] --> bezecizesog appeared
[marelidoers:  18.12.2021, 00:34:39] --> zosakabubizu appeared
[marelidoers:  18.12.2021, 00:35:00] --> zosakabubizu appeared
[marelidoers:  18.12.2021, 00:35:34] --> fivehuheba appeared
[marelidoers:  18.12.2021, 00:36:18] --> pagihidapaza appeared
[marelidoers:  18.12.2021, 00:36:23] --> Character leveled up to level 49
[marelidoers:  18.12.2021, 00:37:27] --> zosakabubizu appeared
[marelidoers:  18.12.2021, 00:38:24] --> zosakabubizu appeared
[marelidoers:  18.12.2021, 00:39:38] --> zosakabubizu appeared
[marelidoers:  18.12.2021, 00:40:21] --> bezecizesog appeared
[marelidoers:  18.12.2021, 00:40:46] --> bezecizesog appeared
[marelidoers:  18.12.2021, 00:41:34] --> bezecizesog appeared
[marelidoers:  18.12.2021, 00:41:39] --> bezecizesog appeared
[marelidoers:  18.12.2021, 00:41:48] --> bezecizesog appeared
[marelidoers:  18.12.2021, 00:41:53] --> bezecizesog appeared
[marelidoers:  18.12.2021, 00:42:58] --> pagihidapaza appeared
[marelidoers:  18.12.2021, 00:43:07] --> pagihidapaza appeared
[marelidoers:  18.12.2021, 00:43:23] --> pagihidapaza appeared
[marelidoers:  18.12.2021, 00:43:41] --> pagihidapaza appeared
[marelidoers:  18.12.2021, 00:44:19] --> bezecizesog appeared
[marelidoers:  18.12.2021, 00:44:41] --> pagihidapaza appeared
[marelidoers:  18.12.2021, 00:44:51] --> bezecizesog appeared
[marelidoers:  18.12.2021, 00:45:30] --> bezecizesog appeared
[marelidoers:  18.12.2021, 00:46:03] --> pagihidapaza appeared
[marelidoers:  18.12.2021, 00:46:43] --> pagihidapaza appeared
[marelidoers:  18.12.2021, 00:46:56] --> fivehuheba appeared
[marelidoers:  18.12.2021, 00:47:16] --> pagihidapaza appeared
[marelidoers:  18.12.2021, 00:47:58] --> bezecizesog appeared
[marelidoers:  18.12.2021, 00:48:01] --> bezecizesog appeared
[marelidoers:  18.12.2021, 00:48:26] --> bezecizesog appeared
[marelidoers:  18.12.2021, 00:49:03] --> bezecizesog appeared
[marelidoers:  18.12.2021, 00:49:06] --> bezecizesog appeared
[marelidoers:  18.12.2021, 00:49:54] --> pagihidapaza appeared
[marelidoers:  18.12.2021, 00:51:07] --> pagihidapaza appeared
[marelidoers:  18.12.2021, 00:51:33] --> bezecizesog appeared
[marelidoers:  18.12.2021, 00:51:47] --> bezecizesog appeared
[marelidoers:  18.12.2021, 00:52:03] --> bezecizesog appeared
[marelidoers:  18.12.2021, 00:52:15] --> bezecizesog appeared
[marelidoers:  18.12.2021, 00:53:02] --> bezecizesog appeared
[marelidoers:  18.12.2021, 00:53:20] --> bezecizesog appeared
[marelidoers:  18.12.2021, 00:53:53] --> bezecizesog appeared
[marelidoers:  18.12.2021, 00:54:07] --> bezecizesog appeared
[marelidoers:  18.12.2021, 00:54:40] --> fivehuheba appeared
[marelidoers:  18.12.2021, 00:54:51] --> pagihidapaza appeared
[marelidoers:  18.12.2021, 00:55:44] --> pagihidapaza appeared
[marelidoers:  18.12.2021, 00:56:06] --> pagihidapaza appeared
[marelidoers:  18.12.2021, 00:56:18] --> bezecizesog appeared
[marelidoers:  18.12.2021, 00:57:00] --> bezecizesog appeared
[marelidoers:  18.12.2021, 00:57:15] --> fivehuheba appeared
[marelidoers:  18.12.2021, 00:57:31] --> bezecizesog appeared
[marelidoers:  18.12.2021, 00:58:07] --> pagihidapaza appeared
[marelidoers:  18.12.2021, 00:58:23] --> fivehuheba appeared
[marelidoers:  18.12.2021, 00:58:39] --> pagihidapaza appeared
[marelidoers:  18.12.2021, 00:59:21] --> pagihidapaza appeared
[marelidoers:  18.12.2021, 00:59:35] --> fivehuheba appeared
[marelidoers:  18.12.2021, 01:00:02] --> Character leveled up to level 50
[marelidoers:  18.12.2021, 01:00:14] --> bezecizesog appeared
[marelidoers:  18.12.2021, 01:01:04] --> pagihidapaza appeared
[marelidoers:  18.12.2021, 01:01:51] --> pagihidapaza appeared
[marelidoers:  18.12.2021, 01:02:32] --> pagihidapaza appeared
[marelidoers:  18.12.2021, 01:03:40] --> pagihidapaza appeared
[marelidoers:  18.12.2021, 01:03:44] --> pagihidapaza appeared
[marelidoers:  18.12.2021, 01:04:20] --> bezecizesog appeared
[marelidoers:  18.12.2021, 01:05:18] --> bezecizesog appeared
[marelidoers:  18.12.2021, 01:05:30] --> bezecizesog appeared
[marelidoers:  18.12.2021, 01:05:57] --> pagihidapaza appeared
[marelidoers:  18.12.2021, 01:05:59] --> pagihidapaza appeared
[marelidoers:  18.12.2021, 01:06:59] --> pagihidapaza appeared
[marelidoers:  18.12.2021, 01:07:11] --> pagihidapaza appeared
[marelidoers:  18.12.2021, 01:07:34] --> bezecizesog appeared
[marelidoers:  18.12.2021, 01:07:44] --> pagihidapaza appeared
[marelidoers:  18.12.2021, 01:08:42] --> bezecizesog appeared
[marelidoers:  18.12.2021, 01:09:16] --> bezecizesog appeared
[marelidoers:  18.12.2021, 01:09:21] --> bezecizesog appeared
[marelidoers:  18.12.2021, 01:09:59] --> Character got kick
[marelidoers:  18.12.2021, 01:10:56] --> Character was kicked from the bot, reason: Character was walking
[marelidoers:  18.12.2021, 01:12:11] --> Character was kicked from the bot, reason: Character was walking
[marelidoers:  18.12.2021, 01:12:25] --> Character was kicked from the bot, reason: Character was walking
[marelidoers:  18.12.2021, 01:13:00] --> Character was kicked from the bot, reason: Character was walking
[marelidoers:  18.12.2021, 01:13:04] --> pagihidapaza appeared
[marelidoers:  18.12.2021, 01:13:25] --> bezecizesog appeared
[marelidoers:  18.12.2021, 01:14:04] --> fivehuheba appeared
[marelidoers:  18.12.2021, 01:14:37] --> bezecizesog appeared
[marelidoers:  18.12.2021, 01:14:38] --> bezecizesog appeared
[marelidoers:  18.12.2021, 01:15:16] --> fivehuheba appeared
[marelidoers:  18.12.2021, 01:15:30] --> pagihidapaza appeared
[marelidoers:  18.12.2021, 01:15:44] --> pagihidapaza appeared
[marelidoers:  18.12.2021, 01:15:51] --> pagihidapaza appeared
[marelidoers:  18.12.2021, 01:16:14] --> pagihidapaza appeared
[marelidoers:  18.12.2021, 01:16:28] --> pagihidapaza appeared
[marelidoers:  18.12.2021, 01:17:32] --> bezecizesog appeared
[marelidoers:  18.12.2021, 01:18:36] --> bezecizesog appeared
[marelidoers:  18.12.2021, 01:18:58] --> bezecizesog appeared
[marelidoers:  18.12.2021, 01:19:16] --> pagihidapaza appeared
[marelidoers:  18.12.2021, 01:19:29] --> pagihidapaza appeared
[marelidoers:  18.12.2021, 01:19:42] --> pagihidapaza appeared
[marelidoers:  18.12.2021, 01:20:42] --> pagihidapaza appeared
[marelidoers:  18.12.2021, 01:20:46] --> pagihidapaza appeared
[marelidoers:  18.12.2021, 01:21:18] --> pagihidapaza appeared
[marelidoers:  18.12.2021, 01:21:50] --> bezecizesog appeared
[marelidoers:  18.12.2021, 01:22:01] --> bezecizesog appeared
[marelidoers:  18.12.2021, 01:22:33] --> bezecizesog appeared
[marelidoers:  18.12.2021, 01:23:11] --> pagihidapaza appeared
[marelidoers:  18.12.2021, 01:23:34] --> bezecizesog appeared
[marelidoers:  18.12.2021, 01:23:45] --> pagihidapaza appeared
[marelidoers:  18.12.2021, 01:24:26] --> pagihidapaza appeared
[marelidoers:  18.12.2021, 01:24:54] --> pagihidapaza appeared
[marelidoers:  18.12.2021, 01:26:10] --> pagihidapaza appeared
[marelidoers:  18.12.2021, 01:26:38] --> fivehuheba appeared
[marelidoers:  18.12.2021, 01:27:35] --> pagihidapaza appeared
[marelidoers:  18.12.2021, 01:27:48] --> pagihidapaza appeared
[marelidoers:  18.12.2021, 01:28:45] --> pagihidapaza appeared
[marelidoers:  18.12.2021, 01:29:52] --> bezecizesog appeared
[marelidoers:  18.12.2021, 01:30:01] --> bezecizesog appeared
[marelidoers:  18.12.2021, 01:31:00] --> bezecizesog appeared
[marelidoers:  18.12.2021, 01:31:04] --> pagihidapaza appeared
[marelidoers:  18.12.2021, 01:31:40] --> pagihidapaza appeared
[marelidoers:  18.12.2021, 01:32:09] --> pagihidapaza appeared
[marelidoers:  18.12.2021, 01:32:18] --> pagihidapaza appeared
[marelidoers:  18.12.2021, 01:32:49] --> pagihidapaza appeared
[marelidoers:  18.12.2021, 01:33:19] --> bezecizesog appeared
[marelidoers:  18.12.2021, 01:33:51] --> pagihidapaza appeared
[marelidoers:  18.12.2021, 01:34:39] --> bezecizesog appeared
[marelidoers:  18.12.2021, 01:35:08] --> bezecizesog appeared
[marelidoers:  18.12.2021, 01:35:29] --> pagihidapaza appeared
[marelidoers:  18.12.2021, 01:35:31] --> pagihidapaza appeared
[marelidoers:  18.12.2021, 01:35:44] --> fivehuheba appeared
[marelidoers:  18.12.2021, 01:36:58] --> fivehuheba appeared
[marelidoers:  18.12.2021, 01:37:59] --> bezecizesog appeared
[marelidoers:  18.12.2021, 01:38:16] --> fivehuheba appeared
[marelidoers:  18.12.2021, 01:38:28] --> bezecizesog appeared
[marelidoers:  18.12.2021, 01:39:13] --> bezecizesog appeared
[marelidoers:  18.12.2021, 01:40:09] --> pagihidapaza appeared
[marelidoers:  18.12.2021, 01:40:32] --> pagihidapaza appeared
[marelidoers:  18.12.2021, 01:40:49] --> fivehuheba appeared
[marelidoers:  18.12.2021, 01:40:56] --> bezecizesog appeared
[marelidoers:  18.12.2021, 01:41:43] --> bezecizesog appeared
[marelidoers:  18.12.2021, 01:42:22] --> bezecizesog appeared
[marelidoers:  18.12.2021, 01:43:31] --> bezecizesog appeared
[marelidoers:  18.12.2021, 01:43:33] --> pagihidapaza appeared
[marelidoers:  18.12.2021, 01:45:07] --> pagihidapaza appeared
[marelidoers:  18.12.2021, 01:45:48] --> bezecizesog appeared
[marelidoers:  18.12.2021, 01:45:52] --> bezecizesog appeared
[marelidoers:  18.12.2021, 01:46:19] --> bezecizesog appeared
[marelidoers:  18.12.2021, 01:46:52] --> bezecizesog appeared
[marelidoers:  18.12.2021, 01:46:55] --> bezecizesog appeared
[marelidoers:  18.12.2021, 01:47:03] --> bezecizesog appeared
[marelidoers:  18.12.2021, 01:47:38] --> bezecizesog appeared
[marelidoers:  18.12.2021, 01:48:22] --> fivehuheba appeared
[marelidoers:  18.12.2021, 01:49:00] --> pagihidapaza appeared
[marelidoers:  18.12.2021, 01:49:06] --> difemezovok appeared
[marelidoers:  18.12.2021, 01:49:43] --> fivehuheba appeared
[marelidoers:  18.12.2021, 01:49:47] --> pagihidapaza appeared
[marelidoers:  18.12.2021, 01:50:02] --> pagihidapaza appeared
[marelidoers:  18.12.2021, 01:50:07] --> pagihidapaza appeared
[marelidoers:  18.12.2021, 01:50:41] --> pagihidapaza appeared
[marelidoers:  18.12.2021, 01:50:47] --> pagihidapaza appeared
[marelidoers:  18.12.2021, 01:51:43] --> pagihidapaza appeared
[marelidoers:  18.12.2021, 01:52:07] --> pagihidapaza appeared
[marelidoers:  18.12.2021, 01:53:10] --> bezecizesog appeared
[marelidoers:  18.12.2021, 01:53:14] --> bezecizesog appeared
[marelidoers:  18.12.2021, 01:53:39] --> pagihidapaza appeared
[marelidoers:  18.12.2021, 01:54:02] --> bezecizesog appeared
[marelidoers:  18.12.2021, 01:54:06] --> pagihidapaza appeared
[marelidoers:  18.12.2021, 01:55:05] --> pagihidapaza appeared
[marelidoers:  18.12.2021, 01:55:09] --> pagihidapaza appeared
[marelidoers:  18.12.2021, 01:55:40] --> bezecizesog appeared
[marelidoers:  18.12.2021, 01:55:54] --> pagihidapaza appeared
[marelidoers:  18.12.2021, 01:56:47] --> pagihidapaza appeared
[marelidoers:  18.12.2021, 01:57:05] --> bezecizesog appeared
[marelidoers:  18.12.2021, 01:57:11] --> bezecizesog appeared
[marelidoers:  18.12.2021, 01:57:19] --> bezecizesog appeared
[marelidoers:  18.12.2021, 01:57:32] --> bezecizesog appeared
[marelidoers:  18.12.2021, 01:58:31] --> bezecizesog appeared
[marelidoers:  18.12.2021, 01:58:37] --> bezecizesog appeared
[marelidoers:  18.12.2021, 01:59:11] --> bezecizesog appeared
[marelidoers:  18.12.2021, 02:00:19] --> pagihidapaza appeared
[marelidoers:  18.12.2021, 02:01:04] --> bezecizesog appeared
[marelidoers:  18.12.2021, 02:01:37] --> bezecizesog appeared
[marelidoers:  18.12.2021, 02:02:17] --> fivehuheba appeared
[marelidoers:  18.12.2021, 02:02:49] --> pagihidapaza appeared
[marelidoers:  18.12.2021, 02:02:52] --> bezecizesog appeared
[marelidoers:  18.12.2021, 02:03:31] --> fivehuheba appeared
[marelidoers:  18.12.2021, 02:04:06] --> bezecizesog appeared
[marelidoers:  18.12.2021, 02:04:51] --> fivehuheba appeared
[marelidoers:  18.12.2021, 02:05:11] --> pagihidapaza appeared
[marelidoers:  18.12.2021, 02:05:34] --> pagihidapaza appeared
[marelidoers:  18.12.2021, 02:05:44] --> pagihidapaza appeared
[marelidoers:  18.12.2021, 02:05:47] --> bezecizesog appeared
[marelidoers:  18.12.2021, 02:06:45] --> bezecizesog appeared
[marelidoers:  18.12.2021, 02:07:09] --> bezecizesog appeared
[marelidoers:  18.12.2021, 02:07:23] --> fivehuheba appeared
[marelidoers:  18.12.2021, 02:07:26] --> fivehuheba appeared
[marelidoers:  18.12.2021, 02:08:20] --> pagihidapaza appeared
[marelidoers:  18.12.2021, 02:08:37] --> fivehuheba appeared
[marelidoers:  18.12.2021, 02:09:01] --> pagihidapaza appeared
[marelidoers:  18.12.2021, 02:09:26] --> pagihidapaza appeared
[marelidoers:  18.12.2021, 02:10:03] --> pagihidapaza appeared
[marelidoers:  18.12.2021, 02:10:08] --> pagihidapaza appeared
[marelidoers:  18.12.2021, 02:10:42] --> pagihidapaza appeared
[marelidoers:  18.12.2021, 02:11:32] --> bezecizesog appeared
[marelidoers:  18.12.2021, 02:11:56] --> bezecizesog appeared
[marelidoers:  18.12.2021, 02:12:19] --> bezecizesog appeared
[marelidoers:  18.12.2021, 02:12:34] --> fivehuheba appeared
[marelidoers:  18.12.2021, 02:12:56] --> bezecizesog appeared
[marelidoers:  18.12.2021, 02:13:09] --> pagihidapaza appeared
[marelidoers:  18.12.2021, 02:13:29] --> pagihidapaza appeared
[marelidoers:  18.12.2021, 02:13:48] --> pagihidapaza appeared
[marelidoers:  18.12.2021, 02:14:14] --> pagihidapaza appeared
[marelidoers:  18.12.2021, 02:14:41] --> bezecizesog appeared
[marelidoers:  18.12.2021, 02:15:35] --> bezecizesog appeared
[marelidoers:  18.12.2021, 02:15:42] --> bezecizesog appeared
[marelidoers:  18.12.2021, 02:16:53] --> pagihidapaza appeared
[marelidoers:  18.12.2021, 02:16:59] --> pagihidapaza appeared
[marelidoers:  18.12.2021, 02:17:58] --> pagihidapaza appeared
[marelidoers:  18.12.2021, 02:18:06] --> pagihidapaza appeared
[marelidoers:  18.12.2021, 02:19:29] --> pagihidapaza appeared
[marelidoers:  18.12.2021, 02:20:00] --> bezecizesog appeared
[marelidoers:  18.12.2021, 02:20:29] --> pagihidapaza appeared
[marelidoers:  18.12.2021, 02:20:59] --> fivehuheba appeared
[marelidoers:  18.12.2021, 02:21:03] --> pagihidapaza appeared
[marelidoers:  18.12.2021, 02:21:41] --> pagihidapaza appeared
[marelidoers:  18.12.2021, 02:21:58] --> bezecizesog appeared
[marelidoers:  18.12.2021, 02:22:41] --> bezecizesog appeared
[marelidoers:  18.12.2021, 02:22:49] --> bezecizesog appeared
[marelidoers:  18.12.2021, 02:23:56] --> bezecizesog appeared
[marelidoers:  18.12.2021, 02:24:35] --> pagihidapaza appeared
[marelidoers:  18.12.2021, 02:24:58] --> pagihidapaza appeared
[marelidoers:  18.12.2021, 02:25:15] --> pagihidapaza appeared
[marelidoers:  18.12.2021, 02:25:18] --> pagihidapaza appeared
[marelidoers:  18.12.2021, 02:26:08] --> pagihidapaza appeared
[marelidoers:  18.12.2021, 02:26:14] --> pagihidapaza appeared
[marelidoers:  18.12.2021, 02:27:16] --> bezecizesog appeared
[marelidoers:  18.12.2021, 02:27:24] --> bezecizesog appeared
[marelidoers:  18.12.2021, 02:27:34] --> bezecizesog appeared
[marelidoers:  18.12.2021, 02:27:42] --> bezecizesog appeared
[marelidoers:  18.12.2021, 02:28:00] --> pagihidapaza appeared
[marelidoers:  18.12.2021, 02:28:05] --> pagihidapaza appeared
[marelidoers:  18.12.2021, 02:28:16] --> pagihidapaza appeared
[marelidoers:  18.12.2021, 02:28:27] --> pagihidapaza appeared
[marelidoers:  18.12.2021, 02:29:28] --> pagihidapaza appeared
[marelidoers:  18.12.2021, 02:29:31] --> bezecizesog appeared
[marelidoers:  18.12.2021, 02:30:27] --> bezecizesog appeared
[marelidoers:  18.12.2021, 02:30:41] --> bezecizesog appeared
[marelidoers:  18.12.2021, 02:31:04] --> bezecizesog appeared
[marelidoers:  18.12.2021, 02:31:11] --> bezecizesog appeared
[marelidoers:  18.12.2021, 02:32:02] --> fivehuheba appeared
[marelidoers:  18.12.2021, 02:32:32] --> pagihidapaza appeared
[marelidoers:  18.12.2021, 02:33:10] --> bezecizesog appeared
[marelidoers:  18.12.2021, 02:33:36] --> fivehuheba appeared
[marelidoers:  18.12.2021, 02:33:42] --> bezecizesog appeared
[marelidoers:  18.12.2021, 02:34:26] --> bezecizesog appeared
[marelidoers:  18.12.2021, 02:34:56] --> bezecizesog appeared
[marelidoers:  18.12.2021, 02:35:31] --> fivehuheba appeared
[marelidoers:  18.12.2021, 02:35:47] --> pagihidapaza appeared
[marelidoers:  18.12.2021, 02:36:02] --> pagihidapaza appeared
[marelidoers:  18.12.2021, 02:36:08] --> pagihidapaza appeared
[marelidoers:  18.12.2021, 02:36:38] --> pagihidapaza appeared
[marelidoers:  18.12.2021, 02:36:43] --> pagihidapaza appeared
[marelidoers:  18.12.2021, 02:37:43] --> pagihidapaza appeared
[marelidoers:  18.12.2021, 02:38:08] --> pagihidapaza appeared
[marelidoers:  18.12.2021, 02:38:19] --> bezecizesog appeared
[marelidoers:  18.12.2021, 02:39:01] --> bezecizesog appeared
[marelidoers:  18.12.2021, 02:39:15] --> fivehuheba appeared
[marelidoers:  18.12.2021, 02:41:15] --> fivehuheba appeared
[marelidoers:  18.12.2021, 02:41:53] --> kadorocule appeared
[marelidoers:  18.12.2021, 02:42:53] --> fivehuheba appeared
[marelidoers:  18.12.2021, 02:43:01] --> fivehuheba appeared
[marelidoers:  18.12.2021, 02:44:50] --> fivehuheba appeared
[marelidoers:  18.12.2021, 02:46:38] --> fivehuheba appeared
[marelidoers:  18.12.2021, 02:48:35] --> fivehuheba appeared
[marelidoers:  18.12.2021, 02:50:36] --> fivehuheba appeared
[marelidoers:  18.12.2021, 02:52:28] --> fivehuheba appeared
[marelidoers:  18.12.2021, 02:54:27] --> fivehuheba appeared
[marelidoers:  18.12.2021, 02:56:47] --> fivehuheba appeared
[marelidoers:  18.12.2021, 02:58:53] --> fivehuheba appeared
[marelidoers:  18.12.2021, 02:59:52] --> Character got kick
[marelidoers:  18.12.2021, 03:00:19] --> fivehuheba appeared
[marelidoers:  18.12.2021, 03:00:35] --> fivehuheba appeared
[marelidoers:  18.12.2021, 03:01:59] --> fivehuheba appeared
[marelidoers:  18.12.2021, 03:04:55] --> fivehuheba appeared
[marelidoers:  18.12.2021, 03:06:23] --> fivehuheba appeared
[marelidoers:  18.12.2021, 03:09:50] --> fivehuheba appeared
[marelidoers:  18.12.2021, 03:11:11] --> fivehuheba appeared
[marelidoers:  18.12.2021, 03:12:41] --> fivehuheba appeared
[marelidoers:  18.12.2021, 03:14:08] --> xAlinax appeared
[marelidoers:  18.12.2021, 03:15:17] --> xAlinax appeared
[marelidoers:  18.12.2021, 03:15:30] --> fivehuheba appeared
[marelidoers:  18.12.2021, 03:16:25] --> xAlinax appeared
[marelidoers:  18.12.2021, 03:17:33] --> xAlinax appeared
[marelidoers:  18.12.2021, 03:18:41] --> xAlinax appeared
[marelidoers:  18.12.2021, 03:22:09] --> xAlinax appeared
[marelidoers:  18.12.2021, 03:23:17] --> xAlinax appeared
[marelidoers:  18.12.2021, 03:24:15] --> xAlinax appeared
[marelidoers:  18.12.2021, 03:24:25] --> xAlinax appeared
[marelidoers:  18.12.2021, 03:24:48] --> xAlinax appeared
[marelidoers:  18.12.2021, 03:26:03] --> xAlinax appeared
[marelidoers:  18.12.2021, 03:27:13] --> xAlinax appeared
[marelidoers:  18.12.2021, 03:28:20] --> xAlinax appeared
[marelidoers:  18.12.2021, 03:29:29] --> xAlinax appeared
[marelidoers:  18.12.2021, 03:30:43] --> xAlinax appeared
[marelidoers:  18.12.2021, 03:31:54] --> xAlinax appeared
[marelidoers:  18.12.2021, 03:33:06] --> xAlinax appeared
[marelidoers:  18.12.2021, 03:34:15] --> xAlinax appeared
[marelidoers:  18.12.2021, 03:35:28] --> xAlinax appeared
[marelidoers:  18.12.2021, 03:36:38] --> xAlinax appeared
[marelidoers:  18.12.2021, 03:36:54] --> xAlinax appeared
[marelidoers:  18.12.2021, 03:37:00] --> xAlinax appeared
[marelidoers:  18.12.2021, 03:37:06] --> xAlinax appeared
[marelidoers:  18.12.2021, 03:37:17] --> xAlinax appeared
[marelidoers:  18.12.2021, 03:37:39] --> xAlinax appeared
[marelidoers:  18.12.2021, 04:26:53] --> CristalKilua appeared
[marelidoers:  18.12.2021, 04:56:59] --> Character got kick
[marelidoers:  18.12.2021, 05:33:16] --> GODRlC appeared
[marelidoers:  18.12.2021, 05:34:26] --> GODRlC appeared
[marelidoers:  18.12.2021, 05:34:56] --> GODRlC appeared
[marelidoers:  18.12.2021, 05:35:00] --> GODRlC appeared
[marelidoers:  18.12.2021, 05:35:53] --> GODRlC appeared
[marelidoers:  18.12.2021, 06:30:46] --> Character got kick
[marelidoers:  18.12.2021, 07:05:22] --> Character got kick
[marelidoers:  18.12.2021, 07:05:28] --> Character got kick
[marelidoers:  18.12.2021, 09:03:54] --> Character got kick
[marelidoers:  18.12.2021, 09:17:35] --> Character got kick
[marelidoers:  18.12.2021, 09:18:06] --> Character was kicked from the bot, reason: Character was walking
[marelidoers:  18.12.2021, 09:22:10] --> SurbiDrop appeared
[marelidoers:  18.12.2021, 09:27:14] --> Bot successfully started
[marelidoers:  18.12.2021, 09:49:02] --> Changing into CH2
[marelidoers:  18.12.2021, 09:49:21] --> lewisweawerd appeared
[marelidoers:  18.12.2021, 09:50:55] --> Changing into CH3
[marelidoers:  18.12.2021, 09:51:01] --> Canada94 appeared
[marelidoers:  18.12.2021, 09:51:56] --> Bot successfully started
[marelidoers:  18.12.2021, 09:51:56] --> limerewerser appeared
[marelidoers:  18.12.2021, 09:52:52] --> Changing into CH4
[marelidoers:  18.12.2021, 09:53:22] --> Changing into CH6
[marelidoers:  18.12.2021, 09:53:28] --> imerlweswawe appeared
[marelidoers:  18.12.2021, 09:53:48] --> Changing into CH7
[marelidoers:  18.12.2021, 09:54:38] --> Changing into CH8
[marelidoers:  18.12.2021, 09:54:45] --> isedaserwert appeared
[marelidoers:  18.12.2021, 09:55:33] --> Changing into CH9
[marelidoers:  18.12.2021, 09:58:32] --> Character was kicked from the bot, reason: Character was walking
[marelidoers:  18.12.2021, 09:58:37] --> saltinlupo appeared
[marelidoers:  18.12.2021, 10:03:02] --> ZENORESTER appeared
[marelidoers:  18.12.2021, 10:04:29] --> Bot successfully started
[marelidoers:  18.12.2021, 10:04:29] --> ViziosaDiNas appeared
[marelidoers:  18.12.2021, 10:04:52] --> Character was kicked from the bot, reason: Character was walking
[marelidoers:  18.12.2021, 10:05:24] --> Character was kicked from the bot, reason: Character was walking
[marelidoers:  18.12.2021, 10:37:22] --> Oriannaa appeared
[marelidoers:  18.12.2021, 10:37:36] --> Oriannaa appeared
[marelidoers:  18.12.2021, 11:23:29] --> Character got kick
[marelidoers:  18.12.2021, 11:23:36] --> Character got kick
[marelidoers:  18.12.2021, 11:53:26] --> SuraOscr appeared
[marelidoers:  18.12.2021, 11:53:49] --> SuraOscr appeared
[marelidoers:  18.12.2021, 12:33:05] --> petaloblu71 appeared
[marelidoers:  18.12.2021, 12:33:23] --> petaloblu71 appeared
[marelidoers:  18.12.2021, 12:33:29] --> petaloblu71 appeared
[marelidoers:  18.12.2021, 12:33:44] --> petaloblu71 appeared
[marelidoers:  18.12.2021, 12:34:10] --> petaloblu71 appeared
[marelidoers:  18.12.2021, 12:34:52] --> petaloblu71 appeared
[marelidoers:  18.12.2021, 13:37:31] --> Character died
[marelidoers:  18.12.2021, 13:38:37] --> Character died
[marelidoers:  18.12.2021, 14:12:49] --> CyberRu appeared
[marelidoers:  18.12.2021, 14:13:08] --> CyberRu appeared
[marelidoers:  18.12.2021, 15:16:37] --> Primipalus appeared
[marelidoers:  18.12.2021, 15:16:41] --> Character got kick
[marelidoers:  18.12.2021, 15:16:46] --> Character got kick
[marelidoers:  18.12.2021, 15:17:10] --> Character was kicked from the bot, reason: Character was walking
[marelidoers:  18.12.2021, 15:17:15] --> NePtuNoS appeared
[marelidoers:  18.12.2021, 15:30:04] --> Alegiadu01 appeared
[marelidoers:  18.12.2021, 15:32:32] --> GabryMaga22 appeared
[marelidoers:  18.12.2021, 15:34:58] --> Changing into CH2
[marelidoers:  18.12.2021, 15:35:05] --> Solotof appeared
[marelidoers:  18.12.2021, 15:35:30] --> Changing into CH3
[marelidoers:  18.12.2021, 15:36:04] --> Changing into CH4
[marelidoers:  18.12.2021, 15:36:34] --> Changing into CH5
[marelidoers:  18.12.2021, 15:36:40] --> YazadeggOKEY appeared
[marelidoers:  18.12.2021, 15:37:08] --> Changing into CH6
[marelidoers:  18.12.2021, 15:37:14] --> imerlweswawe appeared
[marelidoers:  18.12.2021, 15:37:51] --> Changing into CH7
[marelidoers:  18.12.2021, 15:38:54] --> Changing into CH8
[marelidoers:  18.12.2021, 15:40:05] --> Changing into CH9
[marelidoers:  18.12.2021, 15:44:51] --> Character was kicked from the bot, reason: Character was walking
[marelidoers:  18.12.2021, 15:44:56] --> saltinlupo appeared
[marelidoers:  18.12.2021, 15:46:33] --> Bot successfully started
[marelidoers:  18.12.2021, 15:46:33] --> ViziosaDiNas appeared
[marelidoers:  18.12.2021, 15:46:56] --> Character was kicked from the bot, reason: Character was walking
[marelidoers:  18.12.2021, 15:47:00] --> GirlSam appeared
[marelidoers:  18.12.2021, 15:47:28] --> Character was kicked from the bot, reason: Character was walking
[marelidoers:  18.12.2021, 16:46:19] --> mec1 appeared
[marelidoers:  18.12.2021, 16:49:02] --> Lightwhite7 appeared
[marelidoers:  18.12.2021, 16:49:51] --> Lightwhite7 appeared
[marelidoers:  18.12.2021, 16:50:36] --> Lightwhite7 appeared
[marelidoers:  18.12.2021, 16:51:04] --> Lightwhite7 appeared
[marelidoers:  18.12.2021, 16:51:46] --> Lightwhite7 appeared
[marelidoers:  18.12.2021, 16:52:13] --> Lightwhite7 appeared
[marelidoers:  18.12.2021, 16:52:50] --> Lightwhite7 appeared
[marelidoers:  18.12.2021, 18:20:57] --> Lightwhite7 appeared
[marelidoers:  18.12.2021, 18:21:12] --> Lightwhite7 appeared
[marelidoers:  18.12.2021, 18:21:25] --> Lightwhite7 appeared
[marelidoers:  18.12.2021, 18:22:02] --> Lightwhite7 appeared
[marelidoers:  18.12.2021, 19:06:05] --> Bot successfully started
[marelidoers:  18.12.2021, 20:02:14] --> Lightwhite7 appeared
[marelidoers:  18.12.2021, 20:02:27] --> Lightwhite7 appeared
[marelidoers:  18.12.2021, 20:03:32] --> Lightwhite7 appeared
[marelidoers:  18.12.2021, 20:03:45] --> Lightwhite7 appeared
[marelidoers:  18.12.2021, 20:04:48] --> Lightwhite7 appeared
[marelidoers:  18.12.2021, 20:05:01] --> Lightwhite7 appeared
[marelidoers:  18.12.2021, 20:06:01] --> Lightwhite7 appeared
[marelidoers:  18.12.2021, 20:06:23] --> Lightwhite7 appeared
[marelidoers:  18.12.2021, 20:06:38] --> Lightwhite7 appeared
[marelidoers:  18.12.2021, 20:07:08] --> Lightwhite7 appeared
[marelidoers:  18.12.2021, 20:07:33] --> Lightwhite7 appeared
[marelidoers:  18.12.2021, 20:07:49] --> Lightwhite7 appeared
[marelidoers:  18.12.2021, 20:08:19] --> Lightwhite7 appeared
[marelidoers:  18.12.2021, 20:08:46] --> Lightwhite7 appeared
[marelidoers:  18.12.2021, 20:09:03] --> Lightwhite7 appeared
[marelidoers:  18.12.2021, 20:09:33] --> Lightwhite7 appeared
[marelidoers:  18.12.2021, 20:10:00] --> Lightwhite7 appeared
[marelidoers:  18.12.2021, 20:10:22] --> Lightwhite7 appeared
[marelidoers:  18.12.2021, 20:10:51] --> Lightwhite7 appeared
[marelidoers:  18.12.2021, 20:11:08] --> Lightwhite7 appeared
[marelidoers:  18.12.2021, 20:11:52] --> Lightwhite7 appeared
[marelidoers:  18.12.2021, 20:12:02] --> Lightwhite7 appeared
[marelidoers:  18.12.2021, 20:12:08] --> Lightwhite7 appeared
[marelidoers:  18.12.2021, 20:12:31] --> Lightwhite7 appeared
[marelidoers:  18.12.2021, 20:12:53] --> VaalDIbls appeared
[marelidoers:  18.12.2021, 20:16:03] --> Lightwhite7 appeared
[marelidoers:  18.12.2021, 20:16:35] --> Lightwhite7 appeared
[marelidoers:  18.12.2021, 20:16:37] --> Lightwhite7 appeared
[marelidoers:  18.12.2021, 20:17:06] --> Lightwhite7 appeared
[marelidoers:  18.12.2021, 20:17:17] --> Lightwhite7 appeared
[marelidoers:  18.12.2021, 20:17:21] --> Lightwhite7 appeared
[marelidoers:  18.12.2021, 20:18:30] --> Lightwhite7 appeared
[marelidoers:  18.12.2021, 20:39:01] --> GL4DR3TuRn appeared
[marelidoers:  18.12.2021, 20:39:54] --> GL4DR3TuRn appeared
[marelidoers:  18.12.2021, 20:43:54] --> GL4DR3TuRn appeared
[marelidoers:  18.12.2021, 20:54:03] --> Character died
[marelidoers:  18.12.2021, 21:23:02] --> fokurobezoz appeared
[marelidoers:  18.12.2021, 21:24:12] --> fokurobezoz appeared
[marelidoers:  18.12.2021, 21:25:22] --> fokurobezoz appeared
[marelidoers:  18.12.2021, 21:25:27] --> fokurobezoz appeared
[marelidoers:  18.12.2021, 21:25:35] --> fokurobezoz appeared
[marelidoers:  18.12.2021, 21:26:41] --> fokurobezoz appeared
[marelidoers:  18.12.2021, 21:27:53] --> fokurobezoz appeared
[marelidoers:  18.12.2021, 21:29:04] --> fokurobezoz appeared
[marelidoers:  18.12.2021, 21:29:11] --> fokurobezoz appeared
[marelidoers:  18.12.2021, 21:30:22] --> fokurobezoz appeared
[marelidoers:  18.12.2021, 21:34:17] --> fokurobezoz appeared
[marelidoers:  18.12.2021, 21:35:26] --> fokurobezoz appeared
[marelidoers:  18.12.2021, 21:36:37] --> fokurobezoz appeared
[marelidoers:  18.12.2021, 21:36:50] --> fokurobezoz appeared
[marelidoers:  18.12.2021, 21:37:58] --> fokurobezoz appeared
[marelidoers:  18.12.2021, 21:39:09] --> fokurobezoz appeared
[marelidoers:  18.12.2021, 21:40:26] --> fokurobezoz appeared
[marelidoers:  18.12.2021, 21:40:31] --> fokurobezoz appeared
[marelidoers:  18.12.2021, 21:41:45] --> fokurobezoz appeared
[marelidoers:  18.12.2021, 21:42:57] --> fokurobezoz appeared
[marelidoers:  18.12.2021, 21:48:08] --> fokurobezoz appeared
[marelidoers:  18.12.2021, 21:50:38] --> fokurobezoz appeared
[marelidoers:  18.12.2021, 21:51:50] --> fokurobezoz appeared
[marelidoers:  18.12.2021, 21:53:04] --> fokurobezoz appeared
[marelidoers:  18.12.2021, 21:54:15] --> fokurobezoz appeared
[marelidoers:  18.12.2021, 21:55:26] --> fokurobezoz appeared
[marelidoers:  18.12.2021, 21:56:47] --> fokurobezoz appeared
[marelidoers:  18.12.2021, 21:57:57] --> fokurobezoz appeared
[marelidoers:  18.12.2021, 21:59:10] --> fokurobezoz appeared
[marelidoers:  18.12.2021, 22:00:28] --> fokurobezoz appeared
[marelidoers:  18.12.2021, 22:01:41] --> fokurobezoz appeared
[marelidoers:  18.12.2021, 22:02:11] --> GODRlC appeared
[marelidoers:  18.12.2021, 22:02:53] --> fokurobezoz appeared
[marelidoers:  18.12.2021, 22:09:13] --> fokurobezoz appeared
[marelidoers:  18.12.2021, 22:10:23] --> fokurobezoz appeared
[marelidoers:  18.12.2021, 22:11:48] --> fokurobezoz appeared
[marelidoers:  18.12.2021, 22:13:19] --> fokurobezoz appeared
[marelidoers:  18.12.2021, 22:13:48] --> mec1 appeared
[marelidoers:  18.12.2021, 22:14:24] --> mec1 appeared
[marelidoers:  18.12.2021, 22:14:45] --> mec1 appeared
[marelidoers:  18.12.2021, 22:15:03] --> Character died
[marelidoers:  18.12.2021, 22:15:55] --> Primipalus appeared
[marelidoers:  18.12.2021, 22:16:18] --> Character was kicked from the bot, reason: Character was walking
[marelidoers:  18.12.2021, 22:16:22] --> NePtuNoS appeared
[marelidoers:  18.12.2021, 22:28:00] --> mona89e appeared
[marelidoers:  18.12.2021, 22:32:40] --> BaseXAltezza appeared
[marelidoers:  18.12.2021, 22:33:19] --> magazasd appeared
[marelidoers:  18.12.2021, 22:33:32] --> Changing into CH2
[marelidoers:  18.12.2021, 22:33:33] --> Character got kick
[marelidoers:  18.12.2021, 22:33:51] --> Character got kick
[marelidoers:  18.12.2021, 22:33:59] --> Changing into CH2
[marelidoers:  18.12.2021, 22:35:16] --> Bot successfully started
[marelidoers:  18.12.2021, 22:35:24] --> Changing into CH2
[marelidoers:  18.12.2021, 22:35:29] --> lewisweawerd appeared
[marelidoers:  18.12.2021, 22:35:55] --> Changing into CH3
[marelidoers:  18.12.2021, 22:36:01] --> limerewerser appeared
[marelidoers:  18.12.2021, 22:36:24] --> Changing into CH4
[marelidoers:  18.12.2021, 22:36:30] --> ilerdswerfer appeared
[marelidoers:  18.12.2021, 22:36:51] --> Changing into CH5
[marelidoers:  18.12.2021, 22:36:56] --> iedeserwerxw appeared
[marelidoers:  18.12.2021, 22:37:20] --> Changing into CH6
[marelidoers:  18.12.2021, 22:37:26] --> imerlweswawe appeared
[marelidoers:  18.12.2021, 22:37:51] --> Changing into CH7
[marelidoers:  18.12.2021, 22:37:56] --> asiredserasd appeared
[marelidoers:  18.12.2021, 22:38:39] --> Changing into CH8
[marelidoers:  18.12.2021, 22:40:02] --> Changing into CH9
[marelidoers:  18.12.2021, 22:40:07] --> ziredwesxwer appeared
[marelidoers:  18.12.2021, 22:41:46] --> Bot successfully started
[marelidoers:  18.12.2021, 22:41:55] --> Character was kicked from the bot, reason: Character was walking
[marelidoers:  18.12.2021, 22:42:00] --> kayfena appeared
[marelidoers:  18.12.2021, 22:42:20] --> fiorellinoio appeared
[marelidoers:  18.12.2021, 22:47:11] --> Changing into CH9
[:             18.12.2021, 22:48:16] --> Character got kick
[marelidoers:  18.12.2021, 22:49:22] --> Bot successfully started
[marelidoers:  18.12.2021, 22:49:23] --> ViziosaDiNas appeared
[marelidoers:  18.12.2021, 22:49:25] --> Changing into CH9
[marelidoers:  18.12.2021, 22:49:39] --> Changing into CH9
[marelidoers:  18.12.2021, 22:49:42] --> Character got kick
[marelidoers:  18.12.2021, 22:51:12] --> Bot successfully started
[marelidoers:  18.12.2021, 22:51:12] --> ViziosaDiNas appeared
[marelidoers:  18.12.2021, 22:51:34] --> Character was kicked from the bot, reason: Character was walking
[marelidoers:  18.12.2021, 22:52:06] --> Character was kicked from the bot, reason: Character was walking
[marelidoers:  18.12.2021, 22:52:26] --> fokurobezoz appeared
[marelidoers:  18.12.2021, 22:55:09] --> fokurobezoz appeared
[marelidoers:  18.12.2021, 22:56:23] --> fokurobezoz appeared
[marelidoers:  18.12.2021, 22:57:43] --> fokurobezoz appeared
[marelidoers:  18.12.2021, 22:59:10] --> fokurobezoz appeared
[marelidoers:  18.12.2021, 23:01:57] --> fokurobezoz appeared
[marelidoers:  18.12.2021, 23:03:11] --> fokurobezoz appeared
[marelidoers:  18.12.2021, 23:04:13] --> lanfry2 appeared
[marelidoers:  18.12.2021, 23:05:23] --> fokurobezoz appeared
[marelidoers:  18.12.2021, 23:06:35] --> fokurobezoz appeared
[marelidoers:  18.12.2021, 23:07:57] --> fokurobezoz appeared
[marelidoers:  18.12.2021, 23:09:11] --> fokurobezoz appeared
[marelidoers:  18.12.2021, 23:10:36] --> fokurobezoz appeared
[marelidoers:  18.12.2021, 23:13:27] --> fokurobezoz appeared
[marelidoers:  18.12.2021, 23:13:44] --> fokurobezoz appeared
[marelidoers:  18.12.2021, 23:14:02] --> fokurobezoz appeared
[marelidoers:  18.12.2021, 23:14:42] --> fokurobezoz appeared
[marelidoers:  18.12.2021, 23:14:57] --> fokurobezoz appeared
[marelidoers:  18.12.2021, 23:16:13] --> fokurobezoz appeared
[marelidoers:  18.12.2021, 23:16:19] --> fokurobezoz appeared
[marelidoers:  18.12.2021, 23:16:22] --> fokurobezoz appeared
[marelidoers:  18.12.2021, 23:17:32] --> fokurobezoz appeared
[marelidoers:  18.12.2021, 23:22:40] --> fokurobezoz appeared
[marelidoers:  18.12.2021, 23:23:53] --> fokurobezoz appeared
[marelidoers:  18.12.2021, 23:25:12] --> fokurobezoz appeared
[marelidoers:  18.12.2021, 23:26:25] --> fokurobezoz appeared
[marelidoers:  18.12.2021, 23:27:22] --> Taddeo94 appeared
[marelidoers:  18.12.2021, 23:27:37] --> Taddeo94 appeared
[marelidoers:  18.12.2021, 23:28:27] --> Taddeo94 appeared
[marelidoers:  18.12.2021, 23:28:41] --> Taddeo94 appeared
[marelidoers:  18.12.2021, 23:28:55] --> fokurobezoz appeared
[marelidoers:  18.12.2021, 23:29:29] --> Taddeo94 appeared
[marelidoers:  18.12.2021, 23:29:50] --> Taddeo94 appeared
[marelidoers:  18.12.2021, 23:30:17] --> Taddeo94 appeared
[marelidoers:  18.12.2021, 23:30:41] --> Taddeo94 appeared
[marelidoers:  18.12.2021, 23:32:49] --> fokurobezoz appeared
[marelidoers:  18.12.2021, 23:34:08] --> fokurobezoz appeared
[marelidoers:  18.12.2021, 23:34:14] --> fokurobezoz appeared
[marelidoers:  18.12.2021, 23:35:25] --> fokurobezoz appeared
[marelidoers:  18.12.2021, 23:36:39] --> fokurobezoz appeared
[marelidoers:  18.12.2021, 23:36:46] --> fokurobezoz appeared
[marelidoers:  18.12.2021, 23:36:50] --> fokurobezoz appeared
[marelidoers:  18.12.2021, 23:38:01] --> fokurobezoz appeared
[marelidoers:  18.12.2021, 23:40:53] --> fokurobezoz appeared
[marelidoers:  18.12.2021, 23:42:18] --> fokurobezoz appeared
[marelidoers:  18.12.2021, 23:46:42] --> fokurobezoz appeared
[marelidoers:  18.12.2021, 23:46:46] --> fokurobezoz appeared
[marelidoers:  18.12.2021, 23:46:51] --> fokurobezoz appeared
[marelidoers:  18.12.2021, 23:48:05] --> fokurobezoz appeared
[marelidoers:  18.12.2021, 23:48:12] --> fokurobezoz appeared
[marelidoers:  18.12.2021, 23:48:15] --> fokurobezoz appeared
[marelidoers:  18.12.2021, 23:49:59] --> fokurobezoz appeared
[marelidoers:  18.12.2021, 23:51:11] --> fokurobezoz appeared
[marelidoers:  18.12.2021, 23:52:33] --> fokurobezoz appeared
[marelidoers:  18.12.2021, 23:53:50] --> fokurobezoz appeared
[marelidoers:  18.12.2021, 23:53:56] --> fokurobezoz appeared
[marelidoers:  18.12.2021, 23:54:00] --> fokurobezoz appeared
[marelidoers:  18.12.2021, 23:55:10] --> fokurobezoz appeared
[marelidoers:  18.12.2021, 23:57:17] --> GODRlC appeared
[marelidoers:  18.12.2021, 23:57:27] --> GODRlC appeared
[marelidoers:  18.12.2021, 23:57:41] --> GODRlC appeared
[marelidoers:  19.12.2021, 00:00:37] --> fokurobezoz appeared
[marelidoers:  19.12.2021, 00:01:53] --> fokurobezoz appeared
[marelidoers:  19.12.2021, 00:03:17] --> fokurobezoz appeared
[marelidoers:  19.12.2021, 00:04:33] --> fokurobezoz appeared
[marelidoers:  19.12.2021, 00:05:54] --> fokurobezoz appeared
[marelidoers:  19.12.2021, 00:05:59] --> fokurobezoz appeared
[marelidoers:  19.12.2021, 00:07:18] --> fokurobezoz appeared
[marelidoers:  19.12.2021, 00:10:06] --> fokurobezoz appeared
[marelidoers:  19.12.2021, 00:11:21] --> fokurobezoz appeared
[marelidoers:  19.12.2021, 00:12:48] --> fokurobezoz appeared
[marelidoers:  19.12.2021, 00:13:25] --> Character got kick
[marelidoers:  19.12.2021, 00:15:29] --> fokurobezoz appeared
[marelidoers:  19.12.2021, 00:16:41] --> fokurobezoz appeared
[marelidoers:  19.12.2021, 00:18:03] --> fokurobezoz appeared
[marelidoers:  19.12.2021, 00:19:08] --> CyberRu appeared
[marelidoers:  19.12.2021, 00:20:02] --> CyberRu appeared
[marelidoers:  19.12.2021, 00:20:17] --> CyberRu appeared
[marelidoers:  19.12.2021, 00:20:27] --> fokurobezoz appeared
[marelidoers:  19.12.2021, 00:20:34] --> fokurobezoz appeared
[marelidoers:  19.12.2021, 00:21:31] --> CyberRu appeared
[marelidoers:  19.12.2021, 00:21:50] --> fokurobezoz appeared
[marelidoers:  19.12.2021, 00:22:37] --> CyberRu appeared
[marelidoers:  19.12.2021, 00:23:49] --> CyberRu appeared
[marelidoers:  19.12.2021, 00:24:15] --> fokurobezoz appeared
[marelidoers:  19.12.2021, 00:25:30] --> fokurobezoz appeared
[marelidoers:  19.12.2021, 00:29:29] --> fokurobezoz appeared
[marelidoers:  19.12.2021, 00:30:40] --> fokurobezoz appeared
[marelidoers:  19.12.2021, 00:32:01] --> fokurobezoz appeared
[marelidoers:  19.12.2021, 00:32:07] --> fokurobezoz appeared
[marelidoers:  19.12.2021, 00:33:15] --> fokurobezoz appeared
[marelidoers:  19.12.2021, 00:37:45] --> fokurobezoz appeared
[marelidoers:  19.12.2021, 00:39:00] --> fokurobezoz appeared
[marelidoers:  19.12.2021, 00:40:22] --> fokurobezoz appeared
[marelidoers:  19.12.2021, 00:41:49] --> fokurobezoz appeared
[marelidoers:  19.12.2021, 00:44:44] --> fokurobezoz appeared
[marelidoers:  19.12.2021, 00:46:12] --> fokurobezoz appeared
[marelidoers:  19.12.2021, 00:47:37] --> fokurobezoz appeared
[marelidoers:  19.12.2021, 00:50:43] --> fokurobezoz appeared
[marelidoers:  19.12.2021, 00:52:07] --> fokurobezoz appeared
[marelidoers:  19.12.2021, 00:53:08] --> ePerfectDROP appeared
[marelidoers:  19.12.2021, 00:56:09] --> fokurobezoz appeared
[marelidoers:  19.12.2021, 00:57:25] --> fokurobezoz appeared
[marelidoers:  19.12.2021, 00:58:47] --> fokurobezoz appeared
[marelidoers:  19.12.2021, 01:00:01] --> fokurobezoz appeared
[marelidoers:  19.12.2021, 01:01:16] --> fokurobezoz appeared
[marelidoers:  19.12.2021, 01:02:39] --> fokurobezoz appeared
[marelidoers:  19.12.2021, 01:03:56] --> fokurobezoz appeared
[marelidoers:  19.12.2021, 01:08:04] --> fokurobezoz appeared
[marelidoers:  19.12.2021, 01:08:11] --> fokurobezoz appeared
[marelidoers:  19.12.2021, 01:08:16] --> fokurobezoz appeared
[marelidoers:  19.12.2021, 01:09:33] --> fokurobezoz appeared
[marelidoers:  19.12.2021, 01:09:38] --> fokurobezoz appeared
[marelidoers:  19.12.2021, 01:12:03] --> fokurobezoz appeared
[marelidoers:  19.12.2021, 01:16:06] --> fokurobezoz appeared
[marelidoers:  19.12.2021, 01:17:20] --> fokurobezoz appeared
[marelidoers:  19.12.2021, 01:18:39] --> fokurobezoz appeared
[marelidoers:  19.12.2021, 01:18:44] --> fokurobezoz appeared
[marelidoers:  19.12.2021, 01:18:49] --> fokurobezoz appeared
[marelidoers:  19.12.2021, 01:25:08] --> Character got kick
[:             19.12.2021, 03:02:36] --> xirox1 has been banned!
[:             19.12.2021, 03:04:51] --> xirox1 has been banned!
