[iedeserwerxw: 17.12.2021, 20:17:14] --> Bot successfully started
[iedeserwerxw: 17.12.2021, 20:17:14] --> DropXm4s14 appeared
[iedeserwerxw: 17.12.2021, 20:18:17] --> Bot successfully started
[iedeserwerxw: 17.12.2021, 20:18:17] --> DropXm4s14 appeared
[iedeserwerxw: 17.12.2021, 20:21:40] --> Bot successfully started
[iedeserwerxw: 17.12.2021, 20:21:40] --> Setting '1.1' loaded because of active level settings
[iedeserwerxw: 17.12.2021, 20:21:40] --> DropXm4s14 appeared
[iedeserwerxw: 17.12.2021, 20:21:47] --> Character went to saleswoman
[iedeserwerxw: 17.12.2021, 20:22:16] --> Character was kicked from the bot, reason: Character was walking
[iedeserwerxw: 17.12.2021, 20:22:50] --> Character was kicked from the bot, reason: Character was walking
[iedeserwerxw: 17.12.2021, 20:22:56] --> webinidora appeared
[iedeserwerxw: 17.12.2021, 20:23:07] --> Character leveled up to level 5
[iedeserwerxw: 17.12.2021, 20:23:08] --> Character leveled up to level 6
[iedeserwerxw: 17.12.2021, 20:23:09] --> Character leveled up to level 7
[iedeserwerxw: 17.12.2021, 20:23:10] --> Character leveled up to level 8
[iedeserwerxw: 17.12.2021, 20:23:11] --> Character leveled up to level 9
[iedeserwerxw: 17.12.2021, 20:23:13] --> Character leveled up to level 10
[iedeserwerxw: 17.12.2021, 20:23:15] --> Character leveled up to level 11
[iedeserwerxw: 17.12.2021, 20:23:17] --> Character leveled up to level 12
[iedeserwerxw: 17.12.2021, 20:23:23] --> Character leveled up to level 13
[iedeserwerxw: 17.12.2021, 20:23:35] --> vxdfgc65 appeared
[iedeserwerxw: 17.12.2021, 20:23:44] --> Character leveled up to level 14
[iedeserwerxw: 17.12.2021, 20:24:00] --> webinidora appeared
[iedeserwerxw: 17.12.2021, 20:24:00] --> Character leveled up to level 15
[iedeserwerxw: 17.12.2021, 20:24:00] --> Setting '2.2' loaded because of active level settings
[iedeserwerxw: 17.12.2021, 20:24:14] --> Character was kicked from the bot, reason: Character was walking
[iedeserwerxw: 17.12.2021, 20:24:42] --> Character was kicked from the bot, reason: Character was walking
[iedeserwerxw: 17.12.2021, 20:24:46] --> fabesoluso appeared
[iedeserwerxw: 17.12.2021, 20:25:38] --> Character died
[iedeserwerxw: 17.12.2021, 20:26:30] --> nogekapifoze appeared
[iedeserwerxw: 17.12.2021, 20:26:32] --> Character leveled up to level 16
[iedeserwerxw: 17.12.2021, 20:26:43] --> SaBBE2S appeared
[iedeserwerxw: 17.12.2021, 20:27:02] --> Character leveled up to level 17
[iedeserwerxw: 17.12.2021, 20:27:14] --> nogekapifoze appeared
[iedeserwerxw: 17.12.2021, 20:27:22] --> Character leveled up to level 18
[iedeserwerxw: 17.12.2021, 20:28:00] --> Character leveled up to level 19
[iedeserwerxw: 17.12.2021, 20:29:16] --> Character leveled up to level 20
[iedeserwerxw: 17.12.2021, 20:29:26] --> pedidedowa appeared
[iedeserwerxw: 17.12.2021, 20:30:27] --> Character leveled up to level 21
[iedeserwerxw: 17.12.2021, 20:31:04] --> pedidedowa appeared
[iedeserwerxw: 17.12.2021, 20:31:35] --> nogekapifoze appeared
[iedeserwerxw: 17.12.2021, 20:31:42] --> Character leveled up to level 22
[iedeserwerxw: 17.12.2021, 20:32:13] --> nogekapifoze appeared
[iedeserwerxw: 17.12.2021, 20:32:34] --> Character leveled up to level 23
[iedeserwerxw: 17.12.2021, 20:34:07] --> Character leveled up to level 24
[iedeserwerxw: 17.12.2021, 20:34:19] --> kebofofunoh appeared
[iedeserwerxw: 17.12.2021, 20:36:31] --> morugopedece appeared
[iedeserwerxw: 17.12.2021, 20:36:36] --> Character leveled up to level 25
[iedeserwerxw: 17.12.2021, 20:37:03] --> morugopedece appeared
[iedeserwerxw: 17.12.2021, 20:39:44] --> Character leveled up to level 26
[iedeserwerxw: 17.12.2021, 20:43:06] --> SaBBE2S appeared
[iedeserwerxw: 17.12.2021, 20:43:09] --> Character leveled up to level 27
[iedeserwerxw: 17.12.2021, 20:44:50] --> Character died
[iedeserwerxw: 17.12.2021, 20:48:20] --> Character leveled up to level 28
[iedeserwerxw: 17.12.2021, 20:51:11] --> zezogivica appeared
[iedeserwerxw: 17.12.2021, 20:54:20] --> Character leveled up to level 29
[iedeserwerxw: 17.12.2021, 21:00:18] --> Character leveled up to level 30
[iedeserwerxw: 17.12.2021, 21:03:18] --> kebofofunoh appeared
[iedeserwerxw: 17.12.2021, 21:05:52] --> Character leveled up to level 31
[iedeserwerxw: 17.12.2021, 21:09:22] --> zezogivica appeared
[iedeserwerxw: 17.12.2021, 21:10:54] --> Character leveled up to level 32
[iedeserwerxw: 17.12.2021, 21:11:36] --> SaBBE2S appeared
[iedeserwerxw: 17.12.2021, 21:13:23] --> Character leveled up to level 33
[iedeserwerxw: 17.12.2021, 21:19:12] --> Character leveled up to level 34
[iedeserwerxw: 17.12.2021, 21:20:57] --> morugopedece appeared
[iedeserwerxw: 17.12.2021, 21:22:36] --> morugopedece appeared
[iedeserwerxw: 17.12.2021, 21:27:43] --> Character leveled up to level 35
[iedeserwerxw: 17.12.2021, 21:36:05] --> Character leveled up to level 36
[iedeserwerxw: 17.12.2021, 21:43:59] --> zezogivica appeared
[iedeserwerxw: 17.12.2021, 21:50:19] --> Character leveled up to level 37
[iedeserwerxw: 17.12.2021, 21:52:50] --> bagebakezu appeared
[iedeserwerxw: 17.12.2021, 21:55:19] --> SaBBE2S appeared
[iedeserwerxw: 17.12.2021, 21:57:53] --> morugopedece appeared
[iedeserwerxw: 17.12.2021, 22:02:33] --> Character leveled up to level 38
[iedeserwerxw: 17.12.2021, 22:04:40] --> zezogivica appeared
[iedeserwerxw: 17.12.2021, 22:08:54] --> morugopedece appeared
[iedeserwerxw: 17.12.2021, 22:12:25] --> morugopedece appeared
[iedeserwerxw: 17.12.2021, 22:16:29] --> Character leveled up to level 39
[iedeserwerxw: 17.12.2021, 22:17:29] --> bagebakezu appeared
[iedeserwerxw: 17.12.2021, 22:20:53] --> pedidedowa appeared
[iedeserwerxw: 17.12.2021, 22:29:18] --> morugopedece appeared
[iedeserwerxw: 17.12.2021, 22:30:35] --> Character leveled up to level 40
[iedeserwerxw: 17.12.2021, 22:37:55] --> morugopedece appeared
[iedeserwerxw: 17.12.2021, 22:38:51] --> fabesoluso appeared
[iedeserwerxw: 17.12.2021, 22:42:00] --> Character leveled up to level 41
[iedeserwerxw: 17.12.2021, 22:42:31] --> morugopedece appeared
[iedeserwerxw: 17.12.2021, 22:44:26] --> bagebakezu appeared
[iedeserwerxw: 17.12.2021, 22:45:05] --> morugopedece appeared
[iedeserwerxw: 17.12.2021, 22:49:11] --> Bot successfully started
[iedeserwerxw: 17.12.2021, 22:49:11] --> pedidedowa appeared
[iedeserwerxw: 17.12.2021, 22:49:20] --> Character was kicked from the bot, reason: Character was walking
[iedeserwerxw: 17.12.2021, 22:49:47] --> Character got kick
[iedeserwerxw: 17.12.2021, 22:50:01] --> Character was kicked from the bot, reason: Character was walking
[iedeserwerxw: 17.12.2021, 22:50:08] --> ledubabimu appeared
[iedeserwerxw: 17.12.2021, 22:50:37] --> Character was kicked from the bot, reason: Character was walking
[iedeserwerxw: 17.12.2021, 22:50:50] --> sehubuzovas appeared
[iedeserwerxw: 17.12.2021, 22:51:43] --> pudobinipa appeared
[iedeserwerxw: 17.12.2021, 22:52:32] --> zasewizociz appeared
[iedeserwerxw: 17.12.2021, 22:52:46] --> zasewizociz appeared
[iedeserwerxw: 17.12.2021, 22:52:54] --> zasewizociz appeared
[iedeserwerxw: 17.12.2021, 22:52:56] --> zasewizociz appeared
[iedeserwerxw: 17.12.2021, 22:53:19] --> sehubuzovas appeared
[iedeserwerxw: 17.12.2021, 22:53:44] --> zasewizociz appeared
[iedeserwerxw: 17.12.2021, 22:53:48] --> zasewizociz appeared
[iedeserwerxw: 17.12.2021, 22:54:09] --> zasewizociz appeared
[iedeserwerxw: 17.12.2021, 22:55:08] --> zasewizociz appeared
[iedeserwerxw: 17.12.2021, 22:55:27] --> sehubuzovas appeared
[iedeserwerxw: 17.12.2021, 22:56:17] --> zasewizociz appeared
[iedeserwerxw: 17.12.2021, 22:56:33] --> zasewizociz appeared
[iedeserwerxw: 17.12.2021, 22:56:47] --> pudobinipa appeared
[iedeserwerxw: 17.12.2021, 22:56:57] --> sehubuzovas appeared
[iedeserwerxw: 17.12.2021, 22:57:21] --> zasewizociz appeared
[iedeserwerxw: 17.12.2021, 22:57:29] --> zasewizociz appeared
[iedeserwerxw: 17.12.2021, 22:57:57] --> zasewizociz appeared
[iedeserwerxw: 17.12.2021, 22:58:03] --> zasewizociz appeared
[iedeserwerxw: 17.12.2021, 22:58:31] --> Character leveled up to level 42
[iedeserwerxw: 17.12.2021, 22:58:35] --> zasewizociz appeared
[iedeserwerxw: 17.12.2021, 22:58:51] --> zasewizociz appeared
[iedeserwerxw: 17.12.2021, 22:59:14] --> sehubuzovas appeared
[iedeserwerxw: 17.12.2021, 22:59:46] --> sehubuzovas appeared
[iedeserwerxw: 17.12.2021, 23:00:02] --> zasewizociz appeared
[iedeserwerxw: 17.12.2021, 23:00:47] --> sehubuzovas appeared
[iedeserwerxw: 17.12.2021, 23:01:11] --> zasewizociz appeared
[iedeserwerxw: 17.12.2021, 23:01:53] --> zasewizociz appeared
[iedeserwerxw: 17.12.2021, 23:02:04] --> sehubuzovas appeared
[iedeserwerxw: 17.12.2021, 23:02:19] --> zasewizociz appeared
[iedeserwerxw: 17.12.2021, 23:02:44] --> Character died
[iedeserwerxw: 17.12.2021, 23:02:59] --> Character died
[iedeserwerxw: 17.12.2021, 23:03:04] --> zasewizociz appeared
[iedeserwerxw: 17.12.2021, 23:03:29] --> zasewizociz appeared
[iedeserwerxw: 17.12.2021, 23:03:54] --> zasewizociz appeared
[iedeserwerxw: 17.12.2021, 23:04:40] --> zasewizociz appeared
[iedeserwerxw: 17.12.2021, 23:04:48] --> Character died
[iedeserwerxw: 17.12.2021, 23:05:05] --> Character died
[iedeserwerxw: 17.12.2021, 23:05:14] --> zasewizociz appeared
[iedeserwerxw: 17.12.2021, 23:05:32] --> zasewizociz appeared
[iedeserwerxw: 17.12.2021, 23:05:50] --> ZodiaCBom229 appeared
[iedeserwerxw: 17.12.2021, 23:05:55] --> sehubuzovas appeared
[iedeserwerxw: 17.12.2021, 23:06:18] --> zasewizociz appeared
[iedeserwerxw: 17.12.2021, 23:06:23] --> zasewizociz appeared
[iedeserwerxw: 17.12.2021, 23:07:47] --> zasewizociz appeared
[iedeserwerxw: 17.12.2021, 23:08:31] --> zasewizociz appeared
[iedeserwerxw: 17.12.2021, 23:08:48] --> zasewizociz appeared
[iedeserwerxw: 17.12.2021, 23:09:49] --> zasewizociz appeared
[iedeserwerxw: 17.12.2021, 23:10:11] --> zasewizociz appeared
[iedeserwerxw: 17.12.2021, 23:10:34] --> sehubuzovas appeared
[iedeserwerxw: 17.12.2021, 23:10:57] --> zasewizociz appeared
[iedeserwerxw: 17.12.2021, 23:11:07] --> zasewizociz appeared
[iedeserwerxw: 17.12.2021, 23:11:18] --> zasewizociz appeared
[iedeserwerxw: 17.12.2021, 23:12:29] --> zasewizociz appeared
[iedeserwerxw: 17.12.2021, 23:16:56] --> Bot successfully started
[iedeserwerxw: 17.12.2021, 23:17:57] --> Bot successfully started
[iedeserwerxw: 18.12.2021, 09:28:50] --> Bot successfully started
[iedeserwerxw: 18.12.2021, 09:30:30] --> Character was kicked from the bot, reason: Character was walking
[iedeserwerxw: 18.12.2021, 09:31:24] --> YemeMaigoub appeared
[iedeserwerxw: 18.12.2021, 09:37:26] --> FuluSuluknxf appeared
[iedeserwerxw: 18.12.2021, 10:06:14] --> Bot successfully started
[iedeserwerxw: 18.12.2021, 10:06:33] --> Character was kicked from the bot, reason: Character was walking
[iedeserwerxw: 18.12.2021, 10:06:37] --> hahesig463 appeared
[iedeserwerxw: 18.12.2021, 10:07:03] --> zuzikafuroka appeared
[iedeserwerxw: 18.12.2021, 10:07:05] --> Character was kicked from the bot, reason: Character was walking
[iedeserwerxw: 18.12.2021, 10:07:25] --> bukitepucewu appeared
[iedeserwerxw: 18.12.2021, 10:08:25] --> bukitepucewu appeared
[iedeserwerxw: 18.12.2021, 10:09:31] --> bukitepucewu appeared
[iedeserwerxw: 18.12.2021, 10:09:34] --> Character leveled up to level 43
[iedeserwerxw: 18.12.2021, 10:10:36] --> bukitepucewu appeared
[iedeserwerxw: 18.12.2021, 10:11:57] --> bukitepucewu appeared
[iedeserwerxw: 18.12.2021, 10:12:25] --> bukitepucewu appeared
[iedeserwerxw: 18.12.2021, 10:12:41] --> bukitepucewu appeared
[iedeserwerxw: 18.12.2021, 10:14:03] --> bukitepucewu appeared
[iedeserwerxw: 18.12.2021, 10:14:26] --> bukitepucewu appeared
[iedeserwerxw: 18.12.2021, 10:15:26] --> bukitepucewu appeared
[iedeserwerxw: 18.12.2021, 10:15:55] --> bukitepucewu appeared
[iedeserwerxw: 18.12.2021, 10:16:03] --> bukitepucewu appeared
[iedeserwerxw: 18.12.2021, 10:16:41] --> bukitepucewu appeared
[iedeserwerxw: 18.12.2021, 10:17:36] --> bukitepucewu appeared
[iedeserwerxw: 18.12.2021, 10:17:51] --> bukitepucewu appeared
[iedeserwerxw: 18.12.2021, 10:19:28] --> zuzikafuroka appeared
[iedeserwerxw: 18.12.2021, 10:19:44] --> bukitepucewu appeared
[iedeserwerxw: 18.12.2021, 10:20:06] --> bukitepucewu appeared
[iedeserwerxw: 18.12.2021, 10:21:03] --> bukitepucewu appeared
[iedeserwerxw: 18.12.2021, 10:21:22] --> bukitepucewu appeared
[iedeserwerxw: 18.12.2021, 10:23:08] --> bukitepucewu appeared
[iedeserwerxw: 18.12.2021, 10:23:22] --> bukitepucewu appeared
[iedeserwerxw: 18.12.2021, 10:23:40] --> bukitepucewu appeared
[iedeserwerxw: 18.12.2021, 10:24:38] --> bukitepucewu appeared
[iedeserwerxw: 18.12.2021, 10:24:59] --> bukitepucewu appeared
[iedeserwerxw: 18.12.2021, 10:25:18] --> bukitepucewu appeared
[iedeserwerxw: 18.12.2021, 10:25:26] --> bukitepucewu appeared
[iedeserwerxw: 18.12.2021, 10:26:45] --> bukitepucewu appeared
[iedeserwerxw: 18.12.2021, 10:26:45] --> Character leveled up to level 44
[iedeserwerxw: 18.12.2021, 10:27:10] --> bukitepucewu appeared
[iedeserwerxw: 18.12.2021, 10:27:20] --> bukitepucewu appeared
[iedeserwerxw: 18.12.2021, 10:28:35] --> bukitepucewu appeared
[iedeserwerxw: 18.12.2021, 10:28:49] --> bukitepucewu appeared
[iedeserwerxw: 18.12.2021, 10:28:58] --> bukitepucewu appeared
[iedeserwerxw: 18.12.2021, 10:29:04] --> bukitepucewu appeared
[iedeserwerxw: 18.12.2021, 10:30:23] --> bukitepucewu appeared
[iedeserwerxw: 18.12.2021, 10:30:52] --> bukitepucewu appeared
[iedeserwerxw: 18.12.2021, 10:31:07] --> bukitepucewu appeared
[iedeserwerxw: 18.12.2021, 10:31:17] --> bukitepucewu appeared
[iedeserwerxw: 18.12.2021, 10:32:35] --> bukitepucewu appeared
[iedeserwerxw: 18.12.2021, 10:32:49] --> bukitepucewu appeared
[iedeserwerxw: 18.12.2021, 10:33:25] --> bukitepucewu appeared
[iedeserwerxw: 18.12.2021, 10:34:48] --> bukitepucewu appeared
[iedeserwerxw: 18.12.2021, 10:35:13] --> bukitepucewu appeared
[iedeserwerxw: 18.12.2021, 10:36:08] --> bukitepucewu appeared
[iedeserwerxw: 18.12.2021, 10:36:34] --> bukitepucewu appeared
[iedeserwerxw: 18.12.2021, 10:36:53] --> bukitepucewu appeared
[iedeserwerxw: 18.12.2021, 10:37:15] --> bukitepucewu appeared
[iedeserwerxw: 18.12.2021, 10:38:11] --> bukitepucewu appeared
[iedeserwerxw: 18.12.2021, 10:38:34] --> bukitepucewu appeared
[iedeserwerxw: 18.12.2021, 10:40:09] --> bukitepucewu appeared
[iedeserwerxw: 18.12.2021, 10:40:33] --> bukitepucewu appeared
[iedeserwerxw: 18.12.2021, 10:40:51] --> bukitepucewu appeared
[iedeserwerxw: 18.12.2021, 10:41:52] --> bukitepucewu appeared
[iedeserwerxw: 18.12.2021, 10:42:17] --> bukitepucewu appeared
[iedeserwerxw: 18.12.2021, 10:42:31] --> bukitepucewu appeared
[iedeserwerxw: 18.12.2021, 10:42:51] --> bukitepucewu appeared
[iedeserwerxw: 18.12.2021, 10:43:57] --> Character leveled up to level 45
[iedeserwerxw: 18.12.2021, 10:44:02] --> bukitepucewu appeared
[iedeserwerxw: 18.12.2021, 10:44:20] --> bukitepucewu appeared
[iedeserwerxw: 18.12.2021, 10:44:45] --> bukitepucewu appeared
[iedeserwerxw: 18.12.2021, 10:45:54] --> bukitepucewu appeared
[iedeserwerxw: 18.12.2021, 10:46:37] --> bukitepucewu appeared
[iedeserwerxw: 18.12.2021, 10:47:33] --> bukitepucewu appeared
[iedeserwerxw: 18.12.2021, 10:47:44] --> bukitepucewu appeared
[iedeserwerxw: 18.12.2021, 10:47:50] --> bukitepucewu appeared
[iedeserwerxw: 18.12.2021, 10:49:30] --> bukitepucewu appeared
[iedeserwerxw: 18.12.2021, 10:49:53] --> bukitepucewu appeared
[iedeserwerxw: 18.12.2021, 10:50:03] --> bukitepucewu appeared
[iedeserwerxw: 18.12.2021, 10:51:05] --> bukitepucewu appeared
[iedeserwerxw: 18.12.2021, 10:51:34] --> bukitepucewu appeared
[iedeserwerxw: 18.12.2021, 10:51:48] --> bukitepucewu appeared
[iedeserwerxw: 18.12.2021, 10:52:04] --> bukitepucewu appeared
[iedeserwerxw: 18.12.2021, 10:53:07] --> bukitepucewu appeared
[iedeserwerxw: 18.12.2021, 10:53:33] --> bukitepucewu appeared
[iedeserwerxw: 18.12.2021, 10:54:32] --> bukitepucewu appeared
[iedeserwerxw: 18.12.2021, 10:55:01] --> bukitepucewu appeared
[iedeserwerxw: 18.12.2021, 10:55:07] --> bukitepucewu appeared
[iedeserwerxw: 18.12.2021, 10:56:52] --> ZodiaCBom28 appeared
[iedeserwerxw: 18.12.2021, 10:57:28] --> bukitepucewu appeared
[iedeserwerxw: 18.12.2021, 10:57:34] --> bukitepucewu appeared
[iedeserwerxw: 18.12.2021, 10:57:47] --> bukitepucewu appeared
[iedeserwerxw: 18.12.2021, 10:58:13] --> bukitepucewu appeared
[iedeserwerxw: 18.12.2021, 10:59:08] --> bukitepucewu appeared
[iedeserwerxw: 18.12.2021, 10:59:15] --> bukitepucewu appeared
[iedeserwerxw: 18.12.2021, 10:59:18] --> bukitepucewu appeared
[iedeserwerxw: 18.12.2021, 10:59:51] --> bukitepucewu appeared
[iedeserwerxw: 18.12.2021, 11:00:11] --> bukitepucewu appeared
[iedeserwerxw: 18.12.2021, 11:00:18] --> bukitepucewu appeared
[iedeserwerxw: 18.12.2021, 11:01:15] --> bukitepucewu appeared
[iedeserwerxw: 18.12.2021, 11:02:25] --> Character leveled up to level 46
[iedeserwerxw: 18.12.2021, 11:03:51] --> bukitepucewu appeared
[iedeserwerxw: 18.12.2021, 11:04:04] --> bukitepucewu appeared
[iedeserwerxw: 18.12.2021, 11:04:19] --> bukitepucewu appeared
[iedeserwerxw: 18.12.2021, 11:04:27] --> bukitepucewu appeared
[iedeserwerxw: 18.12.2021, 11:04:46] --> bukitepucewu appeared
[iedeserwerxw: 18.12.2021, 11:05:52] --> bukitepucewu appeared
[iedeserwerxw: 18.12.2021, 11:06:20] --> bukitepucewu appeared
[iedeserwerxw: 18.12.2021, 11:07:16] --> bukitepucewu appeared
[iedeserwerxw: 18.12.2021, 11:08:27] --> bukitepucewu appeared
[iedeserwerxw: 18.12.2021, 11:09:30] --> bukitepucewu appeared
[iedeserwerxw: 18.12.2021, 11:09:58] --> bukitepucewu appeared
[iedeserwerxw: 18.12.2021, 11:11:36] --> kecosekofic appeared
[iedeserwerxw: 18.12.2021, 11:12:08] --> bukitepucewu appeared
[iedeserwerxw: 18.12.2021, 11:13:02] --> Character got kick
[iedeserwerxw: 18.12.2021, 11:13:21] --> bukitepucewu appeared
[iedeserwerxw: 18.12.2021, 11:13:42] --> bukitepucewu appeared
[iedeserwerxw: 18.12.2021, 11:14:47] --> bukitepucewu appeared
[iedeserwerxw: 18.12.2021, 11:15:17] --> bukitepucewu appeared
[iedeserwerxw: 18.12.2021, 11:15:30] --> bukitepucewu appeared
[iedeserwerxw: 18.12.2021, 11:15:49] --> bukitepucewu appeared
[iedeserwerxw: 18.12.2021, 11:16:00] --> bukitepucewu appeared
[iedeserwerxw: 18.12.2021, 11:16:50] --> bukitepucewu appeared
[iedeserwerxw: 18.12.2021, 11:16:57] --> bukitepucewu appeared
[iedeserwerxw: 18.12.2021, 11:17:33] --> bukitepucewu appeared
[iedeserwerxw: 18.12.2021, 11:18:31] --> bukitepucewu appeared
[iedeserwerxw: 18.12.2021, 11:19:09] --> bukitepucewu appeared
[iedeserwerxw: 18.12.2021, 11:20:32] --> bukitepucewu appeared
[iedeserwerxw: 18.12.2021, 11:21:38] --> Character leveled up to level 47
[iedeserwerxw: 18.12.2021, 11:22:13] --> bukitepucewu appeared
[iedeserwerxw: 18.12.2021, 11:22:39] --> bukitepucewu appeared
[iedeserwerxw: 18.12.2021, 11:23:41] --> bukitepucewu appeared
[iedeserwerxw: 18.12.2021, 11:23:57] --> bukitepucewu appeared
[iedeserwerxw: 18.12.2021, 11:24:13] --> bukitepucewu appeared
[iedeserwerxw: 18.12.2021, 11:24:26] --> bukitepucewu appeared
[iedeserwerxw: 18.12.2021, 11:24:47] --> bukitepucewu appeared
[iedeserwerxw: 18.12.2021, 11:24:55] --> bukitepucewu appeared
[iedeserwerxw: 18.12.2021, 11:25:59] --> bukitepucewu appeared
[iedeserwerxw: 18.12.2021, 11:26:22] --> bukitepucewu appeared
[iedeserwerxw: 18.12.2021, 11:27:28] --> bukitepucewu appeared
[iedeserwerxw: 18.12.2021, 11:27:40] --> bukitepucewu appeared
[iedeserwerxw: 18.12.2021, 11:28:11] --> bukitepucewu appeared
[iedeserwerxw: 18.12.2021, 11:29:27] --> bukitepucewu appeared
[iedeserwerxw: 18.12.2021, 11:29:39] --> bukitepucewu appeared
[iedeserwerxw: 18.12.2021, 11:30:16] --> bukitepucewu appeared
[iedeserwerxw: 18.12.2021, 11:31:12] --> bukitepucewu appeared
[iedeserwerxw: 18.12.2021, 11:31:31] --> bukitepucewu appeared
[iedeserwerxw: 18.12.2021, 11:31:57] --> bukitepucewu appeared
[iedeserwerxw: 18.12.2021, 11:33:12] --> bukitepucewu appeared
[iedeserwerxw: 18.12.2021, 11:33:39] --> bukitepucewu appeared
[iedeserwerxw: 18.12.2021, 11:34:05] --> bukitepucewu appeared
[iedeserwerxw: 18.12.2021, 11:34:14] --> bukitepucewu appeared
[iedeserwerxw: 18.12.2021, 11:34:51] --> bukitepucewu appeared
[iedeserwerxw: 18.12.2021, 11:35:59] --> bukitepucewu appeared
[iedeserwerxw: 18.12.2021, 11:36:22] --> bukitepucewu appeared
[iedeserwerxw: 18.12.2021, 11:37:21] --> bukitepucewu appeared
[iedeserwerxw: 18.12.2021, 11:37:34] --> bukitepucewu appeared
[iedeserwerxw: 18.12.2021, 11:37:43] --> bukitepucewu appeared
[iedeserwerxw: 18.12.2021, 11:37:53] --> bukitepucewu appeared
[iedeserwerxw: 18.12.2021, 11:38:09] --> bukitepucewu appeared
[iedeserwerxw: 18.12.2021, 11:39:18] --> bukitepucewu appeared
[iedeserwerxw: 18.12.2021, 11:39:46] --> bukitepucewu appeared
[iedeserwerxw: 18.12.2021, 11:40:04] --> bukitepucewu appeared
[iedeserwerxw: 18.12.2021, 11:40:59] --> bukitepucewu appeared
[iedeserwerxw: 18.12.2021, 11:41:23] --> bukitepucewu appeared
[iedeserwerxw: 18.12.2021, 11:41:25] --> bukitepucewu appeared
[iedeserwerxw: 18.12.2021, 11:41:45] --> bukitepucewu appeared
[iedeserwerxw: 18.12.2021, 11:42:19] --> bukitepucewu appeared
[iedeserwerxw: 18.12.2021, 11:43:10] --> bukitepucewu appeared
[iedeserwerxw: 18.12.2021, 11:43:46] --> bukitepucewu appeared
[iedeserwerxw: 18.12.2021, 11:44:02] --> Character leveled up to level 48
[iedeserwerxw: 18.12.2021, 11:44:14] --> bukitepucewu appeared
[iedeserwerxw: 18.12.2021, 11:44:57] --> bukitepucewu appeared
[iedeserwerxw: 18.12.2021, 11:45:56] --> bukitepucewu appeared
[iedeserwerxw: 18.12.2021, 11:46:17] --> bukitepucewu appeared
[iedeserwerxw: 18.12.2021, 11:46:24] --> bukitepucewu appeared
[iedeserwerxw: 18.12.2021, 11:47:23] --> bukitepucewu appeared
[iedeserwerxw: 18.12.2021, 11:47:51] --> bukitepucewu appeared
[iedeserwerxw: 18.12.2021, 11:48:09] --> bukitepucewu appeared
[iedeserwerxw: 18.12.2021, 11:48:25] --> bukitepucewu appeared
[iedeserwerxw: 18.12.2021, 11:49:32] --> bukitepucewu appeared
[iedeserwerxw: 18.12.2021, 11:50:02] --> bukitepucewu appeared
[iedeserwerxw: 18.12.2021, 11:51:02] --> bukitepucewu appeared
[iedeserwerxw: 18.12.2021, 11:51:20] --> bukitepucewu appeared
[iedeserwerxw: 18.12.2021, 11:51:27] --> bukitepucewu appeared
[iedeserwerxw: 18.12.2021, 11:51:36] --> bukitepucewu appeared
[iedeserwerxw: 18.12.2021, 11:51:49] --> bukitepucewu appeared
[iedeserwerxw: 18.12.2021, 11:52:11] --> bukitepucewu appeared
[iedeserwerxw: 18.12.2021, 11:52:36] --> bukitepucewu appeared
[iedeserwerxw: 18.12.2021, 11:52:55] --> bukitepucewu appeared
[iedeserwerxw: 18.12.2021, 11:54:24] --> bukitepucewu appeared
[iedeserwerxw: 18.12.2021, 11:54:53] --> bukitepucewu appeared
[iedeserwerxw: 18.12.2021, 11:55:48] --> bukitepucewu appeared
[iedeserwerxw: 18.12.2021, 11:56:09] --> bukitepucewu appeared
[iedeserwerxw: 18.12.2021, 11:57:51] --> bukitepucewu appeared
[iedeserwerxw: 18.12.2021, 11:58:25] --> bukitepucewu appeared
[iedeserwerxw: 18.12.2021, 11:59:02] --> bukitepucewu appeared
[iedeserwerxw: 18.12.2021, 12:00:13] --> bukitepucewu appeared
[iedeserwerxw: 18.12.2021, 12:00:43] --> bukitepucewu appeared
[iedeserwerxw: 18.12.2021, 12:00:46] --> bukitepucewu appeared
[iedeserwerxw: 18.12.2021, 12:04:10] --> bukitepucewu appeared
[iedeserwerxw: 18.12.2021, 12:04:33] --> bukitepucewu appeared
[iedeserwerxw: 18.12.2021, 12:04:59] --> Character leveled up to level 49
[iedeserwerxw: 18.12.2021, 12:05:15] --> bukitepucewu appeared
[iedeserwerxw: 18.12.2021, 12:05:39] --> bukitepucewu appeared
[iedeserwerxw: 18.12.2021, 12:06:31] --> bukitepucewu appeared
[iedeserwerxw: 18.12.2021, 12:06:46] --> Character died
[iedeserwerxw: 18.12.2021, 12:07:05] --> bukitepucewu appeared
[iedeserwerxw: 18.12.2021, 12:07:07] --> Character died
[iedeserwerxw: 18.12.2021, 12:08:39] --> bukitepucewu appeared
[iedeserwerxw: 18.12.2021, 12:09:00] --> bukitepucewu appeared
[iedeserwerxw: 18.12.2021, 12:09:06] --> bukitepucewu appeared
[iedeserwerxw: 18.12.2021, 12:09:24] --> bukitepucewu appeared
[iedeserwerxw: 18.12.2021, 12:09:50] --> bukitepucewu appeared
[iedeserwerxw: 18.12.2021, 12:10:44] --> bukitepucewu appeared
[iedeserwerxw: 18.12.2021, 12:11:10] --> bukitepucewu appeared
[iedeserwerxw: 18.12.2021, 12:13:14] --> bukitepucewu appeared
[iedeserwerxw: 18.12.2021, 12:13:36] --> bukitepucewu appeared
[iedeserwerxw: 18.12.2021, 12:13:44] --> bukitepucewu appeared
[iedeserwerxw: 18.12.2021, 12:14:00] --> bukitepucewu appeared
[iedeserwerxw: 18.12.2021, 12:16:42] --> bukitepucewu appeared
[iedeserwerxw: 18.12.2021, 12:17:10] --> bukitepucewu appeared
[iedeserwerxw: 18.12.2021, 12:17:27] --> bukitepucewu appeared
[iedeserwerxw: 18.12.2021, 12:17:40] --> bukitepucewu appeared
[iedeserwerxw: 18.12.2021, 12:18:04] --> bukitepucewu appeared
[iedeserwerxw: 18.12.2021, 12:19:01] --> bukitepucewu appeared
[iedeserwerxw: 18.12.2021, 12:19:22] --> bukitepucewu appeared
[iedeserwerxw: 18.12.2021, 12:19:27] --> bukitepucewu appeared
[iedeserwerxw: 18.12.2021, 12:19:43] --> bukitepucewu appeared
[iedeserwerxw: 18.12.2021, 12:19:53] --> bukitepucewu appeared
[iedeserwerxw: 18.12.2021, 12:21:03] --> bukitepucewu appeared
[iedeserwerxw: 18.12.2021, 12:21:28] --> bukitepucewu appeared
[iedeserwerxw: 18.12.2021, 12:22:31] --> bukitepucewu appeared
[iedeserwerxw: 18.12.2021, 12:22:41] --> bukitepucewu appeared
[iedeserwerxw: 18.12.2021, 12:22:58] --> bukitepucewu appeared
[iedeserwerxw: 18.12.2021, 12:23:09] --> bukitepucewu appeared
[iedeserwerxw: 18.12.2021, 12:23:19] --> bukitepucewu appeared
[iedeserwerxw: 18.12.2021, 12:24:40] --> bukitepucewu appeared
[iedeserwerxw: 18.12.2021, 12:25:08] --> bukitepucewu appeared
[iedeserwerxw: 18.12.2021, 12:26:34] --> bukitepucewu appeared
[iedeserwerxw: 18.12.2021, 12:27:17] --> bukitepucewu appeared
[iedeserwerxw: 18.12.2021, 12:27:57] --> Character leveled up to level 50
[iedeserwerxw: 18.12.2021, 12:28:42] --> bukitepucewu appeared
[iedeserwerxw: 18.12.2021, 12:29:03] --> bukitepucewu appeared
[iedeserwerxw: 18.12.2021, 12:29:07] --> bukitepucewu appeared
[iedeserwerxw: 18.12.2021, 12:30:19] --> bukitepucewu appeared
[iedeserwerxw: 18.12.2021, 12:30:45] --> bukitepucewu appeared
[iedeserwerxw: 18.12.2021, 12:31:07] --> bukitepucewu appeared
[iedeserwerxw: 18.12.2021, 12:31:11] --> bukitepucewu appeared
[iedeserwerxw: 18.12.2021, 12:32:17] --> bukitepucewu appeared
[iedeserwerxw: 18.12.2021, 12:32:48] --> bukitepucewu appeared
[iedeserwerxw: 18.12.2021, 12:33:47] --> bukitepucewu appeared
[iedeserwerxw: 18.12.2021, 12:34:11] --> bukitepucewu appeared
[iedeserwerxw: 18.12.2021, 12:35:08] --> bukitepucewu appeared
[iedeserwerxw: 18.12.2021, 12:35:22] --> bukitepucewu appeared
[iedeserwerxw: 18.12.2021, 12:35:57] --> bukitepucewu appeared
[iedeserwerxw: 18.12.2021, 12:36:41] --> petaloblu71 appeared
[iedeserwerxw: 18.12.2021, 12:38:00] --> bukitepucewu appeared
[iedeserwerxw: 18.12.2021, 12:38:21] --> bukitepucewu appeared
[iedeserwerxw: 18.12.2021, 12:40:49] --> bukitepucewu appeared
[iedeserwerxw: 18.12.2021, 12:41:16] --> bukitepucewu appeared
[iedeserwerxw: 18.12.2021, 12:42:13] --> bukitepucewu appeared
[iedeserwerxw: 18.12.2021, 12:42:28] --> bukitepucewu appeared
[iedeserwerxw: 18.12.2021, 12:44:27] --> bukitepucewu appeared
[iedeserwerxw: 18.12.2021, 12:44:55] --> bukitepucewu appeared
[iedeserwerxw: 18.12.2021, 12:45:53] --> bukitepucewu appeared
[iedeserwerxw: 18.12.2021, 12:46:03] --> bukitepucewu appeared
[iedeserwerxw: 18.12.2021, 12:46:17] --> bukitepucewu appeared
[iedeserwerxw: 18.12.2021, 12:46:26] --> bukitepucewu appeared
[iedeserwerxw: 18.12.2021, 12:46:36] --> bukitepucewu appeared
[iedeserwerxw: 18.12.2021, 12:47:52] --> pegirukigo appeared
[iedeserwerxw: 18.12.2021, 12:48:13] --> bukitepucewu appeared
[iedeserwerxw: 18.12.2021, 12:48:36] --> bukitepucewu appeared
[iedeserwerxw: 18.12.2021, 12:49:36] --> bukitepucewu appeared
[iedeserwerxw: 18.12.2021, 12:49:49] --> bukitepucewu appeared
[iedeserwerxw: 18.12.2021, 12:50:10] --> bukitepucewu appeared
[iedeserwerxw: 18.12.2021, 12:50:29] --> bukitepucewu appeared
[iedeserwerxw: 18.12.2021, 12:50:47] --> bukitepucewu appeared
[iedeserwerxw: 18.12.2021, 12:51:50] --> bukitepucewu appeared
[iedeserwerxw: 18.12.2021, 12:51:53] --> bukitepucewu appeared
[iedeserwerxw: 18.12.2021, 12:52:07] --> bukitepucewu appeared
[iedeserwerxw: 18.12.2021, 12:52:22] --> bukitepucewu appeared
[iedeserwerxw: 18.12.2021, 12:53:23] --> bukitepucewu appeared
[iedeserwerxw: 18.12.2021, 12:53:49] --> bukitepucewu appeared
[iedeserwerxw: 18.12.2021, 12:54:29] --> bukitepucewu appeared
[iedeserwerxw: 18.12.2021, 12:54:59] --> bukitepucewu appeared
[iedeserwerxw: 18.12.2021, 12:55:12] --> bukitepucewu appeared
[iedeserwerxw: 18.12.2021, 12:55:29] --> bukitepucewu appeared
[iedeserwerxw: 18.12.2021, 12:57:16] --> bukitepucewu appeared
[iedeserwerxw: 18.12.2021, 12:57:40] --> bukitepucewu appeared
[iedeserwerxw: 18.12.2021, 12:58:37] --> bukitepucewu appeared
[iedeserwerxw: 18.12.2021, 12:58:59] --> bukitepucewu appeared
[iedeserwerxw: 18.12.2021, 12:59:46] --> bukitepucewu appeared
[iedeserwerxw: 18.12.2021, 13:00:56] --> bukitepucewu appeared
[iedeserwerxw: 18.12.2021, 13:01:21] --> bukitepucewu appeared
[iedeserwerxw: 18.12.2021, 13:02:21] --> bukitepucewu appeared
[iedeserwerxw: 18.12.2021, 13:03:18] --> bukitepucewu appeared
[iedeserwerxw: 18.12.2021, 13:03:42] --> bukitepucewu appeared
[iedeserwerxw: 18.12.2021, 13:04:04] --> bukitepucewu appeared
[iedeserwerxw: 18.12.2021, 13:05:16] --> bukitepucewu appeared
[iedeserwerxw: 18.12.2021, 13:06:00] --> bukitepucewu appeared
[iedeserwerxw: 18.12.2021, 13:06:53] --> bukitepucewu appeared
[iedeserwerxw: 18.12.2021, 13:07:12] --> bukitepucewu appeared
[iedeserwerxw: 18.12.2021, 13:07:16] --> bukitepucewu appeared
[iedeserwerxw: 18.12.2021, 13:08:01] --> bukitepucewu appeared
[iedeserwerxw: 18.12.2021, 13:09:10] --> bukitepucewu appeared
[iedeserwerxw: 18.12.2021, 13:09:21] --> bukitepucewu appeared
[iedeserwerxw: 18.12.2021, 13:09:40] --> bukitepucewu appeared
[iedeserwerxw: 18.12.2021, 13:10:38] --> bukitepucewu appeared
[iedeserwerxw: 18.12.2021, 13:10:56] --> bukitepucewu appeared
[iedeserwerxw: 18.12.2021, 13:12:33] --> bukitepucewu appeared
[iedeserwerxw: 18.12.2021, 13:12:39] --> bukitepucewu appeared
[iedeserwerxw: 18.12.2021, 13:13:08] --> bukitepucewu appeared
[iedeserwerxw: 18.12.2021, 13:14:05] --> bukitepucewu appeared
[iedeserwerxw: 18.12.2021, 13:14:24] --> bukitepucewu appeared
[iedeserwerxw: 18.12.2021, 13:14:55] --> bukitepucewu appeared
[iedeserwerxw: 18.12.2021, 13:14:59] --> bukitepucewu appeared
[iedeserwerxw: 18.12.2021, 13:15:13] --> bukitepucewu appeared
[iedeserwerxw: 18.12.2021, 13:15:24] --> bukitepucewu appeared
[iedeserwerxw: 18.12.2021, 13:16:03] --> Character went to saleswoman
[iedeserwerxw: 18.12.2021, 13:16:55] --> Character was kicked from the bot, reason: Character was walking
[iedeserwerxw: 18.12.2021, 13:17:26] --> Character was kicked from the bot, reason: Character was walking
[iedeserwerxw: 18.12.2021, 13:17:38] --> NabekyU4 appeared
[iedeserwerxw: 18.12.2021, 13:17:55] --> Echecavolo1 appeared
[iedeserwerxw: 18.12.2021, 13:18:03] --> Character was kicked from the bot, reason: Character was walking
[iedeserwerxw: 18.12.2021, 13:18:30] --> bukitepucewu appeared
[iedeserwerxw: 18.12.2021, 13:18:47] --> bukitepucewu appeared
[iedeserwerxw: 18.12.2021, 13:19:05] --> bukitepucewu appeared
[iedeserwerxw: 18.12.2021, 13:20:08] --> bukitepucewu appeared
[iedeserwerxw: 18.12.2021, 13:20:38] --> bukitepucewu appeared
[iedeserwerxw: 18.12.2021, 13:21:41] --> bukitepucewu appeared
[iedeserwerxw: 18.12.2021, 13:22:37] --> bukitepucewu appeared
[iedeserwerxw: 18.12.2021, 13:22:51] --> bukitepucewu appeared
[iedeserwerxw: 18.12.2021, 13:23:20] --> bukitepucewu appeared
[iedeserwerxw: 18.12.2021, 13:24:40] --> bukitepucewu appeared
[iedeserwerxw: 18.12.2021, 13:25:08] --> zuzikafuroka appeared
[iedeserwerxw: 18.12.2021, 13:27:33] --> bukitepucewu appeared
[iedeserwerxw: 18.12.2021, 13:28:22] --> bukitepucewu appeared
[iedeserwerxw: 18.12.2021, 13:29:22] --> bukitepucewu appeared
[iedeserwerxw: 18.12.2021, 13:29:25] --> bukitepucewu appeared
[iedeserwerxw: 18.12.2021, 13:30:32] --> bukitepucewu appeared
[iedeserwerxw: 18.12.2021, 13:30:53] --> bukitepucewu appeared
[iedeserwerxw: 18.12.2021, 13:32:37] --> bukitepucewu appeared
[iedeserwerxw: 18.12.2021, 13:33:09] --> bukitepucewu appeared
[iedeserwerxw: 18.12.2021, 13:34:06] --> bukitepucewu appeared
[iedeserwerxw: 18.12.2021, 13:34:33] --> bukitepucewu appeared
[iedeserwerxw: 18.12.2021, 13:34:41] --> bukitepucewu appeared
[iedeserwerxw: 18.12.2021, 13:34:49] --> bukitepucewu appeared
[iedeserwerxw: 18.12.2021, 13:34:58] --> bukitepucewu appeared
[iedeserwerxw: 18.12.2021, 13:35:09] --> bukitepucewu appeared
[iedeserwerxw: 18.12.2021, 13:35:16] --> bukitepucewu appeared
[iedeserwerxw: 18.12.2021, 13:36:15] --> bukitepucewu appeared
[iedeserwerxw: 18.12.2021, 13:36:42] --> bukitepucewu appeared
[iedeserwerxw: 18.12.2021, 13:37:34] --> Character died
[iedeserwerxw: 18.12.2021, 13:37:57] --> Character died
[iedeserwerxw: 18.12.2021, 13:37:57] --> bukitepucewu appeared
[iedeserwerxw: 18.12.2021, 13:38:53] --> bns012 appeared
[iedeserwerxw: 18.12.2021, 13:38:59] --> Character was kicked from the bot, reason: Character was walking
[iedeserwerxw: 18.12.2021, 13:40:21] --> Character was kicked from the bot, reason: Character was walking
[iedeserwerxw: 18.12.2021, 13:40:34] --> Character was kicked from the bot, reason: Character was walking
[iedeserwerxw: 18.12.2021, 13:40:43] --> NabekyU4 appeared
[iedeserwerxw: 18.12.2021, 13:41:01] --> Echecavolo1 appeared
[iedeserwerxw: 18.12.2021, 13:41:09] --> Character was kicked from the bot, reason: Character was walking
[iedeserwerxw: 18.12.2021, 13:42:15] --> bukitepucewu appeared
[iedeserwerxw: 18.12.2021, 13:42:39] --> bukitepucewu appeared
[iedeserwerxw: 18.12.2021, 13:43:35] --> bukitepucewu appeared
[iedeserwerxw: 18.12.2021, 13:43:47] --> bukitepucewu appeared
[iedeserwerxw: 18.12.2021, 13:44:20] --> bukitepucewu appeared
[iedeserwerxw: 18.12.2021, 13:44:30] --> bukitepucewu appeared
[iedeserwerxw: 18.12.2021, 13:44:52] --> bukitepucewu appeared
[iedeserwerxw: 18.12.2021, 13:45:45] --> bukitepucewu appeared
[iedeserwerxw: 18.12.2021, 13:46:10] --> bukitepucewu appeared
[iedeserwerxw: 18.12.2021, 13:47:40] --> bukitepucewu appeared
[iedeserwerxw: 18.12.2021, 13:49:12] --> bukitepucewu appeared
[iedeserwerxw: 18.12.2021, 13:49:32] --> bukitepucewu appeared
[iedeserwerxw: 18.12.2021, 13:49:40] --> bukitepucewu appeared
[iedeserwerxw: 18.12.2021, 13:50:46] --> zuzikafuroka appeared
[iedeserwerxw: 18.12.2021, 13:52:31] --> bukitepucewu appeared
[iedeserwerxw: 18.12.2021, 13:53:54] --> bukitepucewu appeared
[iedeserwerxw: 18.12.2021, 13:54:14] --> bukitepucewu appeared
[iedeserwerxw: 18.12.2021, 13:54:18] --> bukitepucewu appeared
[iedeserwerxw: 18.12.2021, 13:54:45] --> bukitepucewu appeared
[iedeserwerxw: 18.12.2021, 13:54:51] --> bukitepucewu appeared
[iedeserwerxw: 18.12.2021, 13:55:19] --> bukitepucewu appeared
[iedeserwerxw: 18.12.2021, 14:43:59] --> bukitepucewu appeared
[iedeserwerxw: 18.12.2021, 14:44:22] --> bukitepucewu appeared
[iedeserwerxw: 18.12.2021, 14:45:17] --> bukitepucewu appeared
[iedeserwerxw: 18.12.2021, 14:45:39] --> bukitepucewu appeared
[iedeserwerxw: 18.12.2021, 14:45:47] --> bukitepucewu appeared
[iedeserwerxw: 18.12.2021, 14:45:57] --> bukitepucewu appeared
[iedeserwerxw: 18.12.2021, 14:46:21] --> bukitepucewu appeared
[iedeserwerxw: 18.12.2021, 14:46:43] --> bukitepucewu appeared
[iedeserwerxw: 18.12.2021, 14:47:02] --> bukitepucewu appeared
[iedeserwerxw: 18.12.2021, 14:52:25] --> Character died
[iedeserwerxw: 18.12.2021, 14:52:46] --> Character died
[iedeserwerxw: 18.12.2021, 14:52:52] --> Character died
[iedeserwerxw: 18.12.2021, 14:53:07] --> Character died
[iedeserwerxw: 18.12.2021, 15:04:39] --> Bot successfully started
[iedeserwerxw: 18.12.2021, 15:18:28] --> Character got kick
[iedeserwerxw: 18.12.2021, 15:19:03] --> VaivDold23e appeared
[iedeserwerxw: 18.12.2021, 15:19:21] --> bns012 appeared
[iedeserwerxw: 18.12.2021, 15:19:27] --> Character was kicked from the bot, reason: Character was walking
[iedeserwerxw: 18.12.2021, 15:27:56] --> DemUmutgnim appeared
[iedeserwerxw: 18.12.2021, 15:30:36] --> onnabugeisha appeared
[iedeserwerxw: 18.12.2021, 15:31:45] --> tuzonigukesa appeared
[iedeserwerxw: 18.12.2021, 15:35:55] --> YazadeggOKEY appeared
[iedeserwerxw: 18.12.2021, 15:48:17] --> Bot successfully started
[iedeserwerxw: 18.12.2021, 15:48:17] --> 0N35H0T appeared
[iedeserwerxw: 18.12.2021, 15:48:36] --> Character was kicked from the bot, reason: Character was walking
[iedeserwerxw: 18.12.2021, 15:52:05] --> Bot successfully started
[iedeserwerxw: 18.12.2021, 15:52:16] --> NabekyU4 appeared
[iedeserwerxw: 18.12.2021, 15:52:38] --> Character was kicked from the bot, reason: Character was walking
[iedeserwerxw: 18.12.2021, 15:58:33] --> Afelio95 appeared
[iedeserwerxw: 18.12.2021, 16:58:14] --> Lightwhite7 appeared
[iedeserwerxw: 18.12.2021, 16:58:35] --> Lightwhite7 appeared
[iedeserwerxw: 18.12.2021, 16:58:52] --> Lightwhite7 appeared
[iedeserwerxw: 18.12.2021, 16:59:00] --> Lightwhite7 appeared
[iedeserwerxw: 18.12.2021, 16:59:05] --> Lightwhite7 appeared
[iedeserwerxw: 18.12.2021, 16:59:12] --> Lightwhite7 appeared
[iedeserwerxw: 18.12.2021, 16:59:20] --> Lightwhite7 appeared
[iedeserwerxw: 18.12.2021, 17:04:57] --> Character got kick
[iedeserwerxw: 18.12.2021, 17:05:38] --> Lightwhite7 appeared
[iedeserwerxw: 18.12.2021, 17:06:45] --> Lightwhite7 appeared
[iedeserwerxw: 18.12.2021, 17:12:40] --> Lightwhite7 appeared
[iedeserwerxw: 18.12.2021, 17:14:40] --> Lightwhite7 appeared
[iedeserwerxw: 18.12.2021, 17:15:50] --> Lightwhite7 appeared
[iedeserwerxw: 18.12.2021, 17:19:23] --> Lightwhite7 appeared
[iedeserwerxw: 18.12.2021, 17:19:32] --> Lightwhite7 appeared
[iedeserwerxw: 18.12.2021, 17:19:40] --> Lightwhite7 appeared
[iedeserwerxw: 18.12.2021, 17:27:41] --> Lightwhite7 appeared
[iedeserwerxw: 18.12.2021, 17:45:56] --> recuzuwimi appeared
[iedeserwerxw: 18.12.2021, 17:46:29] --> recuzuwimi appeared
[iedeserwerxw: 18.12.2021, 17:47:14] --> recuzuwimi appeared
[iedeserwerxw: 18.12.2021, 17:48:12] --> recuzuwimi appeared
[iedeserwerxw: 18.12.2021, 17:48:40] --> recuzuwimi appeared
[iedeserwerxw: 18.12.2021, 17:48:58] --> recuzuwimi appeared
[iedeserwerxw: 18.12.2021, 17:50:17] --> recuzuwimi appeared
[iedeserwerxw: 18.12.2021, 17:50:42] --> recuzuwimi appeared
[iedeserwerxw: 18.12.2021, 17:51:48] --> recuzuwimi appeared
[iedeserwerxw: 18.12.2021, 17:51:54] --> recuzuwimi appeared
[iedeserwerxw: 18.12.2021, 17:52:14] --> recuzuwimi appeared
[iedeserwerxw: 18.12.2021, 17:54:29] --> recuzuwimi appeared
[iedeserwerxw: 18.12.2021, 17:54:36] --> recuzuwimi appeared
[iedeserwerxw: 18.12.2021, 17:54:42] --> recuzuwimi appeared
[iedeserwerxw: 18.12.2021, 17:54:49] --> recuzuwimi appeared
[iedeserwerxw: 18.12.2021, 17:55:20] --> recuzuwimi appeared
[iedeserwerxw: 18.12.2021, 17:56:20] --> recuzuwimi appeared
[iedeserwerxw: 18.12.2021, 17:56:30] --> recuzuwimi appeared
[iedeserwerxw: 18.12.2021, 17:56:48] --> recuzuwimi appeared
[iedeserwerxw: 18.12.2021, 17:57:03] --> recuzuwimi appeared
[iedeserwerxw: 18.12.2021, 17:58:27] --> recuzuwimi appeared
[iedeserwerxw: 18.12.2021, 17:58:49] --> recuzuwimi appeared
[iedeserwerxw: 18.12.2021, 18:00:46] --> recuzuwimi appeared
[iedeserwerxw: 18.12.2021, 18:01:06] --> recuzuwimi appeared
[iedeserwerxw: 18.12.2021, 18:02:40] --> recuzuwimi appeared
[iedeserwerxw: 18.12.2021, 18:02:44] --> recuzuwimi appeared
[iedeserwerxw: 18.12.2021, 18:02:53] --> recuzuwimi appeared
[iedeserwerxw: 18.12.2021, 18:03:22] --> recuzuwimi appeared
[iedeserwerxw: 18.12.2021, 18:05:10] --> Bot successfully started
[iedeserwerxw: 18.12.2021, 18:05:21] --> recuzuwimi appeared
[iedeserwerxw: 18.12.2021, 18:06:25] --> recuzuwimi appeared
[iedeserwerxw: 18.12.2021, 18:06:36] --> recuzuwimi appeared
[iedeserwerxw: 18.12.2021, 18:07:54] --> xxnortxx appeared
[iedeserwerxw: 18.12.2021, 18:08:03] --> xxnortxx appeared
[iedeserwerxw: 18.12.2021, 18:08:14] --> recuzuwimi appeared
[iedeserwerxw: 18.12.2021, 18:08:19] --> recuzuwimi appeared
[iedeserwerxw: 18.12.2021, 18:08:27] --> recuzuwimi appeared
[iedeserwerxw: 18.12.2021, 18:08:53] --> recuzuwimi appeared
[iedeserwerxw: 18.12.2021, 18:10:23] --> recuzuwimi appeared
[iedeserwerxw: 18.12.2021, 18:12:03] --> recuzuwimi appeared
[iedeserwerxw: 18.12.2021, 18:12:15] --> recuzuwimi appeared
[iedeserwerxw: 18.12.2021, 18:13:12] --> recuzuwimi appeared
[iedeserwerxw: 18.12.2021, 18:13:22] --> recuzuwimi appeared
[iedeserwerxw: 18.12.2021, 18:13:52] --> recuzuwimi appeared
[iedeserwerxw: 18.12.2021, 18:14:20] --> recuzuwimi appeared
[iedeserwerxw: 18.12.2021, 18:15:11] --> recuzuwimi appeared
[iedeserwerxw: 18.12.2021, 18:15:42] --> recuzuwimi appeared
[iedeserwerxw: 18.12.2021, 18:16:39] --> recuzuwimi appeared
[iedeserwerxw: 18.12.2021, 18:17:02] --> recuzuwimi appeared
[iedeserwerxw: 18.12.2021, 18:17:08] --> recuzuwimi appeared
[iedeserwerxw: 18.12.2021, 18:17:20] --> recuzuwimi appeared
[iedeserwerxw: 18.12.2021, 18:17:30] --> recuzuwimi appeared
[iedeserwerxw: 18.12.2021, 18:17:38] --> recuzuwimi appeared
[iedeserwerxw: 18.12.2021, 18:17:48] --> recuzuwimi appeared
[iedeserwerxw: 18.12.2021, 18:18:01] --> recuzuwimi appeared
[iedeserwerxw: 18.12.2021, 18:19:36] --> recuzuwimi appeared
[iedeserwerxw: 18.12.2021, 18:19:56] --> recuzuwimi appeared
[iedeserwerxw: 18.12.2021, 18:20:22] --> recuzuwimi appeared
[iedeserwerxw: 18.12.2021, 18:21:19] --> recuzuwimi appeared
[iedeserwerxw: 18.12.2021, 18:21:43] --> recuzuwimi appeared
[iedeserwerxw: 18.12.2021, 18:22:00] --> recuzuwimi appeared
[iedeserwerxw: 18.12.2021, 18:22:19] --> recuzuwimi appeared
[iedeserwerxw: 18.12.2021, 18:22:31] --> recuzuwimi appeared
[iedeserwerxw: 18.12.2021, 18:23:28] --> recuzuwimi appeared
[iedeserwerxw: 18.12.2021, 18:23:52] --> recuzuwimi appeared
[iedeserwerxw: 18.12.2021, 19:07:49] --> Bot successfully started
[iedeserwerxw: 18.12.2021, 19:08:05] --> recuzuwimi appeared
[iedeserwerxw: 18.12.2021, 19:09:01] --> recuzuwimi appeared
[iedeserwerxw: 18.12.2021, 19:09:15] --> recuzuwimi appeared
[iedeserwerxw: 18.12.2021, 19:09:43] --> recuzuwimi appeared
[iedeserwerxw: 18.12.2021, 19:10:11] --> recuzuwimi appeared
[iedeserwerxw: 18.12.2021, 19:10:28] --> rorecukevuci appeared
[iedeserwerxw: 18.12.2021, 19:10:50] --> recuzuwimi appeared
[iedeserwerxw: 18.12.2021, 19:11:26] --> recuzuwimi appeared
[iedeserwerxw: 18.12.2021, 19:12:20] --> recuzuwimi appeared
[iedeserwerxw: 18.12.2021, 19:12:38] --> recuzuwimi appeared
[iedeserwerxw: 18.12.2021, 19:14:23] --> recuzuwimi appeared
[iedeserwerxw: 18.12.2021, 19:14:37] --> recuzuwimi appeared
[iedeserwerxw: 18.12.2021, 19:14:51] --> recuzuwimi appeared
[iedeserwerxw: 18.12.2021, 19:16:25] --> recuzuwimi appeared
[iedeserwerxw: 18.12.2021, 19:17:05] --> recuzuwimi appeared
[iedeserwerxw: 18.12.2021, 19:17:58] --> recuzuwimi appeared
[iedeserwerxw: 18.12.2021, 19:18:17] --> recuzuwimi appeared
[iedeserwerxw: 18.12.2021, 19:18:45] --> recuzuwimi appeared
[iedeserwerxw: 18.12.2021, 19:19:50] --> recuzuwimi appeared
[iedeserwerxw: 18.12.2021, 19:20:23] --> recuzuwimi appeared
[iedeserwerxw: 18.12.2021, 19:21:23] --> recuzuwimi appeared
[iedeserwerxw: 18.12.2021, 19:21:43] --> recuzuwimi appeared
[iedeserwerxw: 18.12.2021, 19:23:16] --> recuzuwimi appeared
[iedeserwerxw: 18.12.2021, 19:23:58] --> recuzuwimi appeared
[iedeserwerxw: 18.12.2021, 19:24:53] --> recuzuwimi appeared
[iedeserwerxw: 18.12.2021, 19:25:39] --> recuzuwimi appeared
[iedeserwerxw: 18.12.2021, 19:25:56] --> recuzuwimi appeared
[iedeserwerxw: 18.12.2021, 19:27:06] --> recuzuwimi appeared
[iedeserwerxw: 18.12.2021, 19:27:34] --> recuzuwimi appeared
[iedeserwerxw: 18.12.2021, 19:27:51] --> recuzuwimi appeared
[iedeserwerxw: 18.12.2021, 19:29:02] --> recuzuwimi appeared
[iedeserwerxw: 18.12.2021, 19:29:27] --> recuzuwimi appeared
[iedeserwerxw: 18.12.2021, 19:29:43] --> recuzuwimi appeared
[iedeserwerxw: 18.12.2021, 19:30:36] --> recuzuwimi appeared
[iedeserwerxw: 18.12.2021, 19:30:44] --> recuzuwimi appeared
[iedeserwerxw: 18.12.2021, 19:31:09] --> recuzuwimi appeared
[iedeserwerxw: 18.12.2021, 19:31:23] --> recuzuwimi appeared
[iedeserwerxw: 18.12.2021, 19:31:41] --> recuzuwimi appeared
[iedeserwerxw: 18.12.2021, 19:32:55] --> recuzuwimi appeared
[iedeserwerxw: 18.12.2021, 19:33:57] --> recuzuwimi appeared
[iedeserwerxw: 18.12.2021, 19:34:16] --> recuzuwimi appeared
[iedeserwerxw: 18.12.2021, 19:35:53] --> recuzuwimi appeared
[iedeserwerxw: 18.12.2021, 19:36:36] --> recuzuwimi appeared
[iedeserwerxw: 18.12.2021, 19:37:32] --> recuzuwimi appeared
[iedeserwerxw: 18.12.2021, 19:37:39] --> recuzuwimi appeared
[iedeserwerxw: 18.12.2021, 19:37:54] --> recuzuwimi appeared
[iedeserwerxw: 18.12.2021, 19:38:01] --> recuzuwimi appeared
[iedeserwerxw: 18.12.2021, 19:38:14] --> recuzuwimi appeared
[iedeserwerxw: 18.12.2021, 19:38:31] --> recuzuwimi appeared
[iedeserwerxw: 18.12.2021, 19:38:39] --> recuzuwimi appeared
[iedeserwerxw: 18.12.2021, 19:39:37] --> recuzuwimi appeared
[iedeserwerxw: 18.12.2021, 19:40:01] --> recuzuwimi appeared
[iedeserwerxw: 18.12.2021, 19:40:57] --> recuzuwimi appeared
[iedeserwerxw: 18.12.2021, 19:41:33] --> recuzuwimi appeared
[iedeserwerxw: 18.12.2021, 19:41:37] --> recuzuwimi appeared
[iedeserwerxw: 18.12.2021, 19:41:57] --> recuzuwimi appeared
[iedeserwerxw: 18.12.2021, 19:43:04] --> recuzuwimi appeared
[iedeserwerxw: 18.12.2021, 19:43:25] --> recuzuwimi appeared
[iedeserwerxw: 18.12.2021, 19:43:31] --> recuzuwimi appeared
[iedeserwerxw: 18.12.2021, 19:43:40] --> recuzuwimi appeared
[iedeserwerxw: 18.12.2021, 19:43:58] --> recuzuwimi appeared
[iedeserwerxw: 18.12.2021, 19:45:20] --> recuzuwimi appeared
[iedeserwerxw: 18.12.2021, 19:45:46] --> recuzuwimi appeared
[iedeserwerxw: 18.12.2021, 19:46:45] --> recuzuwimi appeared
[iedeserwerxw: 18.12.2021, 19:47:56] --> recuzuwimi appeared
[iedeserwerxw: 18.12.2021, 19:48:23] --> recuzuwimi appeared
[iedeserwerxw: 18.12.2021, 19:48:39] --> recuzuwimi appeared
[iedeserwerxw: 18.12.2021, 19:48:50] --> recuzuwimi appeared
[iedeserwerxw: 18.12.2021, 19:48:58] --> recuzuwimi appeared
[iedeserwerxw: 18.12.2021, 19:50:00] --> recuzuwimi appeared
[iedeserwerxw: 18.12.2021, 19:50:25] --> recuzuwimi appeared
[iedeserwerxw: 18.12.2021, 19:52:08] --> recuzuwimi appeared
[iedeserwerxw: 18.12.2021, 19:52:21] --> recuzuwimi appeared
[iedeserwerxw: 18.12.2021, 19:52:40] --> recuzuwimi appeared
[iedeserwerxw: 18.12.2021, 19:53:36] --> recuzuwimi appeared
[iedeserwerxw: 18.12.2021, 19:53:49] --> recuzuwimi appeared
[iedeserwerxw: 18.12.2021, 19:53:59] --> recuzuwimi appeared
[iedeserwerxw: 18.12.2021, 19:54:09] --> recuzuwimi appeared
[iedeserwerxw: 18.12.2021, 19:55:00] --> recuzuwimi appeared
[iedeserwerxw: 18.12.2021, 19:55:25] --> recuzuwimi appeared
[iedeserwerxw: 18.12.2021, 19:56:34] --> recuzuwimi appeared
[iedeserwerxw: 18.12.2021, 19:57:21] --> recuzuwimi appeared
[iedeserwerxw: 18.12.2021, 19:58:15] --> recuzuwimi appeared
[iedeserwerxw: 18.12.2021, 19:58:38] --> recuzuwimi appeared
[iedeserwerxw: 18.12.2021, 19:58:43] --> recuzuwimi appeared
[iedeserwerxw: 18.12.2021, 19:58:59] --> recuzuwimi appeared
[iedeserwerxw: 18.12.2021, 19:59:13] --> recuzuwimi appeared
[iedeserwerxw: 18.12.2021, 19:59:40] --> recuzuwimi appeared
[iedeserwerxw: 18.12.2021, 20:00:45] --> recuzuwimi appeared
[iedeserwerxw: 18.12.2021, 20:00:55] --> recuzuwimi appeared
[iedeserwerxw: 18.12.2021, 20:01:13] --> recuzuwimi appeared
[iedeserwerxw: 18.12.2021, 20:01:28] --> recuzuwimi appeared
[iedeserwerxw: 18.12.2021, 20:03:09] --> recuzuwimi appeared
[iedeserwerxw: 18.12.2021, 20:03:23] --> recuzuwimi appeared
[iedeserwerxw: 18.12.2021, 20:03:41] --> recuzuwimi appeared
[iedeserwerxw: 18.12.2021, 20:03:57] --> recuzuwimi appeared
[iedeserwerxw: 18.12.2021, 20:04:24] --> recuzuwimi appeared
[iedeserwerxw: 18.12.2021, 20:05:22] --> recuzuwimi appeared
[iedeserwerxw: 18.12.2021, 20:05:50] --> recuzuwimi appeared
[iedeserwerxw: 18.12.2021, 20:06:50] --> recuzuwimi appeared
[iedeserwerxw: 18.12.2021, 20:07:31] --> recuzuwimi appeared
[iedeserwerxw: 18.12.2021, 20:08:36] --> rorecukevuci appeared
[iedeserwerxw: 18.12.2021, 20:08:41] --> rorecukevuci appeared
[iedeserwerxw: 18.12.2021, 20:09:11] --> recuzuwimi appeared
[iedeserwerxw: 18.12.2021, 20:09:34] --> recuzuwimi appeared
[iedeserwerxw: 18.12.2021, 20:11:12] --> recuzuwimi appeared
[iedeserwerxw: 18.12.2021, 20:11:25] --> recuzuwimi appeared
[iedeserwerxw: 18.12.2021, 20:11:44] --> recuzuwimi appeared
[iedeserwerxw: 18.12.2021, 20:13:58] --> recuzuwimi appeared
[iedeserwerxw: 18.12.2021, 20:15:35] --> recuzuwimi appeared
[iedeserwerxw: 18.12.2021, 20:16:06] --> recuzuwimi appeared
[iedeserwerxw: 18.12.2021, 20:16:23] --> recuzuwimi appeared
[iedeserwerxw: 18.12.2021, 20:16:28] --> Character got kick
[iedeserwerxw: 18.12.2021, 20:16:52] --> recuzuwimi appeared
[iedeserwerxw: 18.12.2021, 20:16:58] --> recuzuwimi appeared
[iedeserwerxw: 18.12.2021, 20:18:14] --> recuzuwimi appeared
[iedeserwerxw: 18.12.2021, 20:18:38] --> recuzuwimi appeared
[iedeserwerxw: 18.12.2021, 20:20:12] --> recuzuwimi appeared
[iedeserwerxw: 18.12.2021, 20:20:52] --> recuzuwimi appeared
[iedeserwerxw: 18.12.2021, 20:21:24] --> rorecukevuci appeared
[iedeserwerxw: 18.12.2021, 20:21:54] --> recuzuwimi appeared
[iedeserwerxw: 18.12.2021, 20:23:16] --> recuzuwimi appeared
[iedeserwerxw: 18.12.2021, 20:23:44] --> recuzuwimi appeared
[iedeserwerxw: 18.12.2021, 20:24:00] --> recuzuwimi appeared
[iedeserwerxw: 18.12.2021, 20:24:20] --> recuzuwimi appeared
[iedeserwerxw: 18.12.2021, 20:25:49] --> recuzuwimi appeared
[iedeserwerxw: 18.12.2021, 20:27:56] --> recuzuwimi appeared
[iedeserwerxw: 18.12.2021, 20:28:14] --> recuzuwimi appeared
[iedeserwerxw: 18.12.2021, 20:28:41] --> recuzuwimi appeared
[iedeserwerxw: 18.12.2021, 20:29:37] --> recuzuwimi appeared
[iedeserwerxw: 18.12.2021, 20:29:58] --> recuzuwimi appeared
[iedeserwerxw: 18.12.2021, 20:31:58] --> recuzuwimi appeared
[iedeserwerxw: 18.12.2021, 20:32:23] --> recuzuwimi appeared
[iedeserwerxw: 18.12.2021, 20:33:25] --> recuzuwimi appeared
[iedeserwerxw: 18.12.2021, 20:33:53] --> recuzuwimi appeared
[iedeserwerxw: 18.12.2021, 20:34:03] --> recuzuwimi appeared
[iedeserwerxw: 18.12.2021, 20:35:32] --> recuzuwimi appeared
[iedeserwerxw: 18.12.2021, 20:35:36] --> recuzuwimi appeared
[iedeserwerxw: 18.12.2021, 20:36:52] --> recuzuwimi appeared
[iedeserwerxw: 18.12.2021, 20:37:13] --> recuzuwimi appeared
[iedeserwerxw: 18.12.2021, 20:39:12] --> recuzuwimi appeared
[iedeserwerxw: 18.12.2021, 20:39:37] --> recuzuwimi appeared
[iedeserwerxw: 18.12.2021, 20:40:36] --> recuzuwimi appeared
[iedeserwerxw: 18.12.2021, 20:40:49] --> recuzuwimi appeared
[iedeserwerxw: 18.12.2021, 20:41:19] --> recuzuwimi appeared
[iedeserwerxw: 18.12.2021, 20:41:40] --> recuzuwimi appeared
[iedeserwerxw: 18.12.2021, 20:41:48] --> recuzuwimi appeared
[iedeserwerxw: 18.12.2021, 20:42:40] --> recuzuwimi appeared
[iedeserwerxw: 18.12.2021, 20:42:54] --> recuzuwimi appeared
[iedeserwerxw: 18.12.2021, 20:43:13] --> recuzuwimi appeared
[iedeserwerxw: 18.12.2021, 20:44:13] --> recuzuwimi appeared
[iedeserwerxw: 18.12.2021, 20:44:41] --> recuzuwimi appeared
[iedeserwerxw: 18.12.2021, 20:44:56] --> recuzuwimi appeared
[iedeserwerxw: 18.12.2021, 20:45:08] --> recuzuwimi appeared
[iedeserwerxw: 18.12.2021, 20:46:17] --> recuzuwimi appeared
[iedeserwerxw: 18.12.2021, 20:46:45] --> recuzuwimi appeared
[iedeserwerxw: 18.12.2021, 20:47:07] --> recuzuwimi appeared
[iedeserwerxw: 18.12.2021, 20:47:21] --> recuzuwimi appeared
[iedeserwerxw: 18.12.2021, 20:47:52] --> recuzuwimi appeared
[iedeserwerxw: 18.12.2021, 20:48:47] --> recuzuwimi appeared
[iedeserwerxw: 18.12.2021, 20:49:03] --> recuzuwimi appeared
[iedeserwerxw: 18.12.2021, 20:50:43] --> recuzuwimi appeared
[iedeserwerxw: 18.12.2021, 20:51:28] --> recuzuwimi appeared
[iedeserwerxw: 18.12.2021, 20:52:21] --> recuzuwimi appeared
[iedeserwerxw: 18.12.2021, 20:52:35] --> recuzuwimi appeared
[iedeserwerxw: 18.12.2021, 20:54:22] --> recuzuwimi appeared
[iedeserwerxw: 18.12.2021, 20:54:55] --> recuzuwimi appeared
[iedeserwerxw: 18.12.2021, 20:55:00] --> recuzuwimi appeared
[iedeserwerxw: 18.12.2021, 20:55:24] --> recuzuwimi appeared
[iedeserwerxw: 18.12.2021, 20:55:34] --> recuzuwimi appeared
[iedeserwerxw: 18.12.2021, 20:57:09] --> recuzuwimi appeared
[iedeserwerxw: 18.12.2021, 20:57:39] --> recuzuwimi appeared
[iedeserwerxw: 18.12.2021, 20:57:53] --> recuzuwimi appeared
[iedeserwerxw: 18.12.2021, 20:58:04] --> recuzuwimi appeared
[iedeserwerxw: 18.12.2021, 20:59:13] --> recuzuwimi appeared
[iedeserwerxw: 18.12.2021, 20:59:37] --> recuzuwimi appeared
[iedeserwerxw: 18.12.2021, 21:00:36] --> recuzuwimi appeared
[iedeserwerxw: 18.12.2021, 21:01:03] --> recuzuwimi appeared
[iedeserwerxw: 18.12.2021, 21:01:15] --> recuzuwimi appeared
[iedeserwerxw: 18.12.2021, 21:01:25] --> recuzuwimi appeared
[iedeserwerxw: 18.12.2021, 21:01:49] --> recuzuwimi appeared
[iedeserwerxw: 18.12.2021, 21:01:56] --> recuzuwimi appeared
[iedeserwerxw: 18.12.2021, 21:02:20] --> recuzuwimi appeared
[iedeserwerxw: 18.12.2021, 21:02:23] --> recuzuwimi appeared
[iedeserwerxw: 18.12.2021, 21:02:48] --> recuzuwimi appeared
[iedeserwerxw: 18.12.2021, 21:02:58] --> recuzuwimi appeared
[iedeserwerxw: 18.12.2021, 21:04:44] --> recuzuwimi appeared
[iedeserwerxw: 18.12.2021, 21:04:49] --> recuzuwimi appeared
[iedeserwerxw: 18.12.2021, 21:05:18] --> recuzuwimi appeared
[iedeserwerxw: 18.12.2021, 21:05:50] --> rorecukevuci appeared
[iedeserwerxw: 18.12.2021, 21:06:35] --> recuzuwimi appeared
[iedeserwerxw: 18.12.2021, 21:08:54] --> Bot successfully started
[iedeserwerxw: 18.12.2021, 21:09:06] --> recuzuwimi appeared
[iedeserwerxw: 18.12.2021, 21:10:10] --> recuzuwimi appeared
[iedeserwerxw: 18.12.2021, 21:10:33] --> recuzuwimi appeared
[iedeserwerxw: 18.12.2021, 21:11:33] --> recuzuwimi appeared
[iedeserwerxw: 18.12.2021, 21:11:45] --> recuzuwimi appeared
[iedeserwerxw: 18.12.2021, 21:12:05] --> recuzuwimi appeared
[iedeserwerxw: 18.12.2021, 21:12:15] --> recuzuwimi appeared
[iedeserwerxw: 18.12.2021, 21:12:52] --> recuzuwimi appeared
[iedeserwerxw: 18.12.2021, 21:13:48] --> recuzuwimi appeared
[iedeserwerxw: 18.12.2021, 21:14:50] --> recuzuwimi appeared
[iedeserwerxw: 18.12.2021, 21:15:14] --> recuzuwimi appeared
[iedeserwerxw: 18.12.2021, 21:16:07] --> recuzuwimi appeared
[iedeserwerxw: 18.12.2021, 21:16:52] --> recuzuwimi appeared
[iedeserwerxw: 18.12.2021, 21:17:10] --> recuzuwimi appeared
[iedeserwerxw: 18.12.2021, 21:18:19] --> recuzuwimi appeared
[iedeserwerxw: 18.12.2021, 21:18:46] --> recuzuwimi appeared
[iedeserwerxw: 18.12.2021, 21:18:55] --> recuzuwimi appeared
[iedeserwerxw: 18.12.2021, 21:20:14] --> recuzuwimi appeared
[iedeserwerxw: 18.12.2021, 21:20:18] --> recuzuwimi appeared
[iedeserwerxw: 18.12.2021, 21:20:35] --> recuzuwimi appeared
[iedeserwerxw: 18.12.2021, 21:20:50] --> recuzuwimi appeared
[iedeserwerxw: 18.12.2021, 21:22:28] --> recuzuwimi appeared
[iedeserwerxw: 18.12.2021, 21:22:43] --> recuzuwimi appeared
[iedeserwerxw: 18.12.2021, 21:23:05] --> recuzuwimi appeared
[iedeserwerxw: 18.12.2021, 21:24:01] --> recuzuwimi appeared
[iedeserwerxw: 18.12.2021, 21:24:19] --> recuzuwimi appeared
[iedeserwerxw: 18.12.2021, 21:24:57] --> pegikumabam appeared
[iedeserwerxw: 18.12.2021, 21:26:09] --> recuzuwimi appeared
[iedeserwerxw: 18.12.2021, 21:26:24] --> pegikumabam appeared
[iedeserwerxw: 18.12.2021, 21:27:30] --> recuzuwimi appeared
[iedeserwerxw: 18.12.2021, 21:28:32] --> recuzuwimi appeared
[iedeserwerxw: 18.12.2021, 21:28:34] --> recuzuwimi appeared
[iedeserwerxw: 18.12.2021, 21:28:52] --> micikabipora appeared
[iedeserwerxw: 18.12.2021, 21:29:39] --> recuzuwimi appeared
[iedeserwerxw: 18.12.2021, 21:30:16] --> mewerafibi appeared
[iedeserwerxw: 18.12.2021, 21:30:21] --> mewerafibi appeared
[iedeserwerxw: 18.12.2021, 21:30:29] --> mewerafibi appeared
[iedeserwerxw: 18.12.2021, 21:30:36] --> mewerafibi appeared
[iedeserwerxw: 18.12.2021, 21:30:47] --> mewerafibi appeared
[iedeserwerxw: 18.12.2021, 21:30:50] --> mewerafibi appeared
[iedeserwerxw: 18.12.2021, 21:36:08] --> mewerafibi appeared
[iedeserwerxw: 18.12.2021, 21:37:04] --> mewerafibi appeared
[iedeserwerxw: 18.12.2021, 21:37:09] --> mewerafibi appeared
[iedeserwerxw: 18.12.2021, 21:37:24] --> mewerafibi appeared
[iedeserwerxw: 18.12.2021, 21:37:37] --> pegikumabam appeared
[iedeserwerxw: 18.12.2021, 21:37:55] --> mewerafibi appeared
[iedeserwerxw: 18.12.2021, 21:38:19] --> mewerafibi appeared
[iedeserwerxw: 18.12.2021, 21:38:34] --> mewerafibi appeared
[iedeserwerxw: 18.12.2021, 21:38:50] --> mewerafibi appeared
[iedeserwerxw: 18.12.2021, 21:39:09] --> mewerafibi appeared
[iedeserwerxw: 18.12.2021, 21:39:29] --> pegikumabam appeared
[iedeserwerxw: 18.12.2021, 21:39:41] --> mewerafibi appeared
[iedeserwerxw: 18.12.2021, 21:39:50] --> mewerafibi appeared
[iedeserwerxw: 18.12.2021, 21:40:05] --> mewerafibi appeared
[iedeserwerxw: 18.12.2021, 21:40:09] --> micikabipora appeared
[iedeserwerxw: 18.12.2021, 21:40:19] --> micikabipora appeared
[iedeserwerxw: 18.12.2021, 21:40:24] --> mewerafibi appeared
[iedeserwerxw: 18.12.2021, 21:40:53] --> mewerafibi appeared
[iedeserwerxw: 18.12.2021, 21:41:00] --> mewerafibi appeared
[iedeserwerxw: 18.12.2021, 21:41:15] --> mewerafibi appeared
[iedeserwerxw: 18.12.2021, 21:41:23] --> micikabipora appeared
[iedeserwerxw: 18.12.2021, 21:42:02] --> mewerafibi appeared
[iedeserwerxw: 18.12.2021, 21:42:45] --> mewerafibi appeared
[iedeserwerxw: 18.12.2021, 21:43:19] --> mewerafibi appeared
[iedeserwerxw: 18.12.2021, 21:43:35] --> pegikumabam appeared
[iedeserwerxw: 18.12.2021, 21:44:07] --> recuzuwimi appeared
[iedeserwerxw: 18.12.2021, 21:44:21] --> recuzuwimi appeared
[iedeserwerxw: 18.12.2021, 21:44:34] --> mewerafibi appeared
[iedeserwerxw: 18.12.2021, 21:44:48] --> recuzuwimi appeared
[iedeserwerxw: 18.12.2021, 21:45:10] --> mewerafibi appeared
[iedeserwerxw: 18.12.2021, 21:45:48] --> mewerafibi appeared
[iedeserwerxw: 18.12.2021, 21:46:08] --> micikabipora appeared
[iedeserwerxw: 18.12.2021, 21:46:12] --> recuzuwimi appeared
[iedeserwerxw: 18.12.2021, 21:46:40] --> rorecukevuci appeared
[iedeserwerxw: 18.12.2021, 21:46:43] --> rorecukevuci appeared
[iedeserwerxw: 18.12.2021, 21:46:57] --> mewerafibi appeared
[iedeserwerxw: 18.12.2021, 21:47:11] --> micikabipora appeared
[iedeserwerxw: 18.12.2021, 21:47:20] --> recuzuwimi appeared
[iedeserwerxw: 18.12.2021, 21:48:01] --> recuzuwimi appeared
[iedeserwerxw: 18.12.2021, 21:48:08] --> mewerafibi appeared
[iedeserwerxw: 18.12.2021, 21:48:36] --> micikabipora appeared
[iedeserwerxw: 18.12.2021, 21:48:41] --> micikabipora appeared
[iedeserwerxw: 18.12.2021, 21:48:46] --> mewerafibi appeared
[iedeserwerxw: 18.12.2021, 21:49:25] --> mewerafibi appeared
[iedeserwerxw: 18.12.2021, 21:49:42] --> pegikumabam appeared
[iedeserwerxw: 18.12.2021, 21:49:54] --> recuzuwimi appeared
[iedeserwerxw: 18.12.2021, 21:50:37] --> mewerafibi appeared
[iedeserwerxw: 18.12.2021, 21:51:12] --> mewerafibi appeared
[iedeserwerxw: 18.12.2021, 21:51:47] --> mewerafibi appeared
[iedeserwerxw: 18.12.2021, 21:51:59] --> micikabipora appeared
[iedeserwerxw: 18.12.2021, 21:52:10] --> recuzuwimi appeared
[iedeserwerxw: 18.12.2021, 21:52:40] --> mewerafibi appeared
[iedeserwerxw: 18.12.2021, 21:52:54] --> pegikumabam appeared
[iedeserwerxw: 18.12.2021, 21:53:23] --> recuzuwimi appeared
[iedeserwerxw: 18.12.2021, 21:54:03] --> pegikumabam appeared
[iedeserwerxw: 18.12.2021, 21:54:27] --> micikabipora appeared
[iedeserwerxw: 18.12.2021, 21:54:39] --> mewerafibi appeared
[iedeserwerxw: 18.12.2021, 21:55:02] --> mewerafibi appeared
[iedeserwerxw: 18.12.2021, 21:55:08] --> recuzuwimi appeared
[iedeserwerxw: 18.12.2021, 21:55:35] --> micikabipora appeared
[iedeserwerxw: 18.12.2021, 21:55:50] --> mewerafibi appeared
[iedeserwerxw: 18.12.2021, 21:55:57] --> mewerafibi appeared
[iedeserwerxw: 18.12.2021, 21:56:12] --> mewerafibi appeared
[iedeserwerxw: 18.12.2021, 21:56:20] --> mewerafibi appeared
[iedeserwerxw: 18.12.2021, 21:56:25] --> mewerafibi appeared
[iedeserwerxw: 18.12.2021, 21:56:27] --> pegikumabam appeared
[iedeserwerxw: 18.12.2021, 21:56:49] --> mewerafibi appeared
[iedeserwerxw: 18.12.2021, 21:56:56] --> mewerafibi appeared
[iedeserwerxw: 18.12.2021, 21:57:33] --> mewerafibi appeared
[iedeserwerxw: 18.12.2021, 21:59:41] --> mewerafibi appeared
[iedeserwerxw: 18.12.2021, 21:59:45] --> mewerafibi appeared
[iedeserwerxw: 18.12.2021, 22:00:31] --> mewerafibi appeared
[iedeserwerxw: 18.12.2021, 22:00:41] --> mewerafibi appeared
[iedeserwerxw: 18.12.2021, 22:00:45] --> mewerafibi appeared
[iedeserwerxw: 18.12.2021, 22:00:53] --> mewerafibi appeared
[iedeserwerxw: 18.12.2021, 22:00:58] --> mewerafibi appeared
[iedeserwerxw: 18.12.2021, 22:01:08] --> mewerafibi appeared
[iedeserwerxw: 18.12.2021, 22:01:14] --> mewerafibi appeared
[iedeserwerxw: 18.12.2021, 22:01:34] --> mewerafibi appeared
[iedeserwerxw: 18.12.2021, 22:01:41] --> mewerafibi appeared
[iedeserwerxw: 18.12.2021, 22:01:43] --> mewerafibi appeared
[iedeserwerxw: 18.12.2021, 22:01:55] --> mewerafibi appeared
[iedeserwerxw: 18.12.2021, 22:02:27] --> mewerafibi appeared
[iedeserwerxw: 18.12.2021, 22:02:54] --> mewerafibi appeared
[iedeserwerxw: 18.12.2021, 22:03:02] --> mewerafibi appeared
[iedeserwerxw: 18.12.2021, 22:03:18] --> mewerafibi appeared
[iedeserwerxw: 18.12.2021, 22:03:23] --> recuzuwimi appeared
[iedeserwerxw: 18.12.2021, 22:03:28] --> micikabipora appeared
[iedeserwerxw: 18.12.2021, 22:03:38] --> mewerafibi appeared
[iedeserwerxw: 18.12.2021, 22:04:06] --> mewerafibi appeared
[iedeserwerxw: 18.12.2021, 22:04:15] --> mewerafibi appeared
[iedeserwerxw: 18.12.2021, 22:04:30] --> mewerafibi appeared
[iedeserwerxw: 18.12.2021, 22:04:49] --> mewerafibi appeared
[iedeserwerxw: 18.12.2021, 22:05:03] --> pegikumabam appeared
[iedeserwerxw: 18.12.2021, 22:05:19] --> mewerafibi appeared
[iedeserwerxw: 18.12.2021, 22:05:25] --> mewerafibi appeared
[iedeserwerxw: 18.12.2021, 22:05:28] --> mewerafibi appeared
[iedeserwerxw: 18.12.2021, 22:05:42] --> mewerafibi appeared
[iedeserwerxw: 18.12.2021, 22:05:49] --> recuzuwimi appeared
[iedeserwerxw: 18.12.2021, 22:06:03] --> recuzuwimi appeared
[iedeserwerxw: 18.12.2021, 22:06:56] --> mewerafibi appeared
[iedeserwerxw: 18.12.2021, 22:07:09] --> micikabipora appeared
[iedeserwerxw: 18.12.2021, 22:07:12] --> micikabipora appeared
[iedeserwerxw: 18.12.2021, 22:07:49] --> recuzuwimi appeared
[iedeserwerxw: 18.12.2021, 22:08:21] --> micikabipora appeared
[iedeserwerxw: 18.12.2021, 22:08:24] --> recuzuwimi appeared
[iedeserwerxw: 18.12.2021, 22:09:02] --> mewerafibi appeared
[iedeserwerxw: 18.12.2021, 22:09:21] --> recuzuwimi appeared
[iedeserwerxw: 18.12.2021, 22:09:38] --> mewerafibi appeared
[iedeserwerxw: 18.12.2021, 22:09:40] --> mewerafibi appeared
[iedeserwerxw: 18.12.2021, 22:10:14] --> mewerafibi appeared
[iedeserwerxw: 18.12.2021, 22:10:17] --> mewerafibi appeared
[iedeserwerxw: 18.12.2021, 22:10:46] --> recuzuwimi appeared
[iedeserwerxw: 18.12.2021, 22:10:50] --> mewerafibi appeared
[iedeserwerxw: 18.12.2021, 22:10:51] --> mewerafibi appeared
[iedeserwerxw: 18.12.2021, 22:11:27] --> mewerafibi appeared
[iedeserwerxw: 18.12.2021, 22:12:02] --> mewerafibi appeared
[iedeserwerxw: 18.12.2021, 22:12:19] --> recuzuwimi appeared
[iedeserwerxw: 18.12.2021, 22:12:59] --> pegikumabam appeared
[iedeserwerxw: 18.12.2021, 22:13:12] --> pegikumabam appeared
[iedeserwerxw: 18.12.2021, 22:13:51] --> mewerafibi appeared
[iedeserwerxw: 18.12.2021, 22:14:13] --> micikabipora appeared
[iedeserwerxw: 18.12.2021, 22:14:17] --> micikabipora appeared
[iedeserwerxw: 18.12.2021, 22:14:26] --> mewerafibi appeared
[iedeserwerxw: 18.12.2021, 22:14:43] --> mewerafibi appeared
[iedeserwerxw: 18.12.2021, 22:14:51] --> recuzuwimi appeared
[iedeserwerxw: 18.12.2021, 22:15:16] --> micikabipora appeared
[iedeserwerxw: 18.12.2021, 22:15:20] --> recuzuwimi appeared
[iedeserwerxw: 18.12.2021, 22:15:37] --> mewerafibi appeared
[iedeserwerxw: 18.12.2021, 22:16:14] --> mewerafibi appeared
[iedeserwerxw: 18.12.2021, 22:16:30] --> micikabipora appeared
[iedeserwerxw: 18.12.2021, 22:16:38] --> recuzuwimi appeared
[iedeserwerxw: 18.12.2021, 22:17:02] --> Character was kicked from the bot, reason: Character was walking
[iedeserwerxw: 18.12.2021, 22:17:56] --> Bot successfully started
[iedeserwerxw: 18.12.2021, 22:18:29] --> VaivDold23e appeared
[iedeserwerxw: 18.12.2021, 22:19:27] --> NabekyU4 appeared
[iedeserwerxw: 18.12.2021, 22:19:30] --> NabekyU4 appeared
[iedeserwerxw: 18.12.2021, 22:19:36] --> OonaDahl appeared
[iedeserwerxw: 18.12.2021, 22:19:41] --> Character was kicked from the bot, reason: Character was walking
[iedeserwerxw: 18.12.2021, 22:20:03] --> UgraOhhdty appeared
[iedeserwerxw: 18.12.2021, 22:33:46] --> CartBinixnmb appeared
[iedeserwerxw: 18.12.2021, 22:36:55] --> marelidoers appeared
[iedeserwerxw: 18.12.2021, 22:52:55] --> Bot successfully started
[iedeserwerxw: 18.12.2021, 22:53:03] --> EidSister appeared
[iedeserwerxw: 18.12.2021, 22:53:14] --> Character was kicked from the bot, reason: Character was walking
[iedeserwerxw: 18.12.2021, 22:53:47] --> Character was kicked from the bot, reason: Character was walking
[iedeserwerxw: 18.12.2021, 22:54:04] --> mewerafibi appeared
[iedeserwerxw: 18.12.2021, 22:54:42] --> mewerafibi appeared
[iedeserwerxw: 18.12.2021, 22:54:54] --> pegikumabam appeared
[iedeserwerxw: 18.12.2021, 22:55:14] --> mewerafibi appeared
[iedeserwerxw: 18.12.2021, 22:55:22] --> mewerafibi appeared
[iedeserwerxw: 18.12.2021, 22:55:38] --> mewerafibi appeared
[iedeserwerxw: 18.12.2021, 22:55:51] --> mewerafibi appeared
[iedeserwerxw: 18.12.2021, 22:56:42] --> mewerafibi appeared
[iedeserwerxw: 18.12.2021, 22:56:50] --> mewerafibi appeared
[iedeserwerxw: 18.12.2021, 22:56:57] --> mewerafibi appeared
[iedeserwerxw: 18.12.2021, 22:57:06] --> mewerafibi appeared
[iedeserwerxw: 18.12.2021, 22:57:14] --> recuzuwimi appeared
[iedeserwerxw: 18.12.2021, 22:57:41] --> recuzuwimi appeared
[iedeserwerxw: 18.12.2021, 22:57:54] --> mewerafibi appeared
[iedeserwerxw: 18.12.2021, 22:58:24] --> recuzuwimi appeared
[iedeserwerxw: 18.12.2021, 22:58:38] --> mewerafibi appeared
[iedeserwerxw: 18.12.2021, 22:59:14] --> pegikumabam appeared
[iedeserwerxw: 18.12.2021, 22:59:41] --> recuzuwimi appeared
[iedeserwerxw: 18.12.2021, 22:59:58] --> mewerafibi appeared
[iedeserwerxw: 18.12.2021, 23:00:10] --> mewerafibi appeared
[iedeserwerxw: 18.12.2021, 23:00:15] --> mewerafibi appeared
[iedeserwerxw: 18.12.2021, 23:00:57] --> mewerafibi appeared
[iedeserwerxw: 18.12.2021, 23:01:04] --> mewerafibi appeared
[iedeserwerxw: 18.12.2021, 23:01:09] --> mewerafibi appeared
[iedeserwerxw: 18.12.2021, 23:01:21] --> recuzuwimi appeared
[iedeserwerxw: 18.12.2021, 23:01:49] --> recuzuwimi appeared
[iedeserwerxw: 18.12.2021, 23:02:21] --> recuzuwimi appeared
[iedeserwerxw: 18.12.2021, 23:03:18] --> kamelias appeared
[iedeserwerxw: 18.12.2021, 23:04:59] --> micikabipora appeared
[iedeserwerxw: 18.12.2021, 23:05:23] --> mewerafibi appeared
[iedeserwerxw: 18.12.2021, 23:05:45] --> recuzuwimi appeared
[iedeserwerxw: 18.12.2021, 23:06:18] --> micikabipora appeared
[iedeserwerxw: 18.12.2021, 23:06:22] --> micikabipora appeared
[iedeserwerxw: 18.12.2021, 23:06:25] --> recuzuwimi appeared
[iedeserwerxw: 18.12.2021, 23:06:33] --> mewerafibi appeared
[iedeserwerxw: 18.12.2021, 23:06:42] --> mewerafibi appeared
[iedeserwerxw: 18.12.2021, 23:06:56] --> mewerafibi appeared
[iedeserwerxw: 18.12.2021, 23:07:16] --> micikabipora appeared
[iedeserwerxw: 18.12.2021, 23:07:36] --> recuzuwimi appeared
[iedeserwerxw: 18.12.2021, 23:08:10] --> mewerafibi appeared
[iedeserwerxw: 18.12.2021, 23:10:07] --> mewerafibi appeared
[iedeserwerxw: 18.12.2021, 23:10:20] --> mewerafibi appeared
[iedeserwerxw: 18.12.2021, 23:10:34] --> mewerafibi appeared
[iedeserwerxw: 18.12.2021, 23:10:48] --> micikabipora appeared
[iedeserwerxw: 18.12.2021, 23:10:54] --> mewerafibi appeared
[iedeserwerxw: 18.12.2021, 23:11:24] --> mewerafibi appeared
[iedeserwerxw: 18.12.2021, 23:11:30] --> mewerafibi appeared
[iedeserwerxw: 18.12.2021, 23:11:33] --> mewerafibi appeared
[iedeserwerxw: 18.12.2021, 23:11:42] --> mewerafibi appeared
[iedeserwerxw: 18.12.2021, 23:11:47] --> mewerafibi appeared
[iedeserwerxw: 18.12.2021, 23:11:56] --> recuzuwimi appeared
[iedeserwerxw: 18.12.2021, 23:12:04] --> recuzuwimi appeared
[iedeserwerxw: 18.12.2021, 23:12:39] --> mewerafibi appeared
[iedeserwerxw: 18.12.2021, 23:12:44] --> mewerafibi appeared
[iedeserwerxw: 18.12.2021, 23:13:05] --> recuzuwimi appeared
[iedeserwerxw: 18.12.2021, 23:13:23] --> mewerafibi appeared
[iedeserwerxw: 18.12.2021, 23:13:35] --> mewerafibi appeared
[iedeserwerxw: 18.12.2021, 23:13:46] --> recuzuwimi appeared
[iedeserwerxw: 18.12.2021, 23:14:19] --> recuzuwimi appeared
[iedeserwerxw: 18.12.2021, 23:14:52] --> mewerafibi appeared
[iedeserwerxw: 18.12.2021, 23:14:57] --> mewerafibi appeared
[iedeserwerxw: 18.12.2021, 23:15:16] --> mewerafibi appeared
[iedeserwerxw: 18.12.2021, 23:15:35] --> recuzuwimi appeared
[iedeserwerxw: 18.12.2021, 23:17:34] --> mewerafibi appeared
[iedeserwerxw: 18.12.2021, 23:17:40] --> mewerafibi appeared
[iedeserwerxw: 18.12.2021, 23:18:10] --> mewerafibi appeared
[iedeserwerxw: 18.12.2021, 23:18:12] --> mewerafibi appeared
[iedeserwerxw: 18.12.2021, 23:18:24] --> mewerafibi appeared
[iedeserwerxw: 18.12.2021, 23:18:39] --> mewerafibi appeared
[iedeserwerxw: 18.12.2021, 23:18:49] --> micikabipora appeared
[iedeserwerxw: 18.12.2021, 23:19:13] --> pegikumabam appeared
[iedeserwerxw: 18.12.2021, 23:19:23] --> recuzuwimi appeared
[iedeserwerxw: 18.12.2021, 23:19:34] --> mewerafibi appeared
[iedeserwerxw: 18.12.2021, 23:20:22] --> mewerafibi appeared
[iedeserwerxw: 18.12.2021, 23:20:58] --> mewerafibi appeared
[iedeserwerxw: 18.12.2021, 23:21:25] --> recuzuwimi appeared
[iedeserwerxw: 18.12.2021, 23:21:48] --> mewerafibi appeared
[iedeserwerxw: 18.12.2021, 23:22:10] --> mewerafibi appeared
[iedeserwerxw: 18.12.2021, 23:22:23] --> recuzuwimi appeared
[iedeserwerxw: 18.12.2021, 23:22:48] --> recuzuwimi appeared
[iedeserwerxw: 18.12.2021, 23:23:03] --> recuzuwimi appeared
[iedeserwerxw: 18.12.2021, 23:23:21] --> mewerafibi appeared
[iedeserwerxw: 18.12.2021, 23:26:22] --> mewerafibi appeared
[iedeserwerxw: 18.12.2021, 23:26:26] --> mewerafibi appeared
[iedeserwerxw: 18.12.2021, 23:26:32] --> mewerafibi appeared
[iedeserwerxw: 18.12.2021, 23:26:38] --> mewerafibi appeared
[iedeserwerxw: 18.12.2021, 23:26:54] --> pegikumabam appeared
[iedeserwerxw: 18.12.2021, 23:27:51] --> mewerafibi appeared
[iedeserwerxw: 18.12.2021, 23:28:09] --> mewerafibi appeared
[iedeserwerxw: 18.12.2021, 23:28:36] --> mewerafibi appeared
[iedeserwerxw: 18.12.2021, 23:28:43] --> recuzuwimi appeared
[iedeserwerxw: 18.12.2021, 23:29:16] --> micikabipora appeared
[iedeserwerxw: 18.12.2021, 23:29:20] --> micikabipora appeared
[iedeserwerxw: 18.12.2021, 23:29:34] --> pegikumabam appeared
[iedeserwerxw: 18.12.2021, 23:29:48] --> mewerafibi appeared
[iedeserwerxw: 18.12.2021, 23:29:50] --> mewerafibi appeared
[iedeserwerxw: 18.12.2021, 23:29:56] --> mewerafibi appeared
[iedeserwerxw: 18.12.2021, 23:30:28] --> micikabipora appeared
[iedeserwerxw: 18.12.2021, 23:30:33] --> mewerafibi appeared
[iedeserwerxw: 18.12.2021, 23:30:52] --> recuzuwimi appeared
[iedeserwerxw: 18.12.2021, 23:31:45] --> mewerafibi appeared
[iedeserwerxw: 18.12.2021, 23:32:18] --> pegikumabam appeared
[iedeserwerxw: 18.12.2021, 23:32:32] --> micikabipora appeared
[iedeserwerxw: 18.12.2021, 23:32:52] --> mewerafibi appeared
[iedeserwerxw: 18.12.2021, 23:33:21] --> recuzuwimi appeared
[iedeserwerxw: 18.12.2021, 23:33:29] --> recuzuwimi appeared
[iedeserwerxw: 18.12.2021, 23:33:44] --> pegikumabam appeared
[iedeserwerxw: 18.12.2021, 23:34:05] --> mewerafibi appeared
[iedeserwerxw: 18.12.2021, 23:34:21] --> mewerafibi appeared
[iedeserwerxw: 18.12.2021, 23:34:44] --> mewerafibi appeared
[iedeserwerxw: 18.12.2021, 23:35:12] --> mewerafibi appeared
[iedeserwerxw: 18.12.2021, 23:35:32] --> mewerafibi appeared
[iedeserwerxw: 18.12.2021, 23:35:53] --> mewerafibi appeared
[iedeserwerxw: 18.12.2021, 23:36:20] --> recuzuwimi appeared
[iedeserwerxw: 18.12.2021, 23:37:05] --> mewerafibi appeared
[iedeserwerxw: 18.12.2021, 23:37:19] --> recuzuwimi appeared
[iedeserwerxw: 18.12.2021, 23:37:44] --> mewerafibi appeared
[iedeserwerxw: 18.12.2021, 23:38:01] --> recuzuwimi appeared
[iedeserwerxw: 18.12.2021, 23:38:44] --> mewerafibi appeared
[iedeserwerxw: 18.12.2021, 23:38:52] --> mewerafibi appeared
[iedeserwerxw: 18.12.2021, 23:39:07] --> mewerafibi appeared
[iedeserwerxw: 18.12.2021, 23:39:22] --> recuzuwimi appeared
[iedeserwerxw: 18.12.2021, 23:39:53] --> pegikumabam appeared
[iedeserwerxw: 18.12.2021, 23:40:17] --> mewerafibi appeared
[iedeserwerxw: 18.12.2021, 23:40:24] --> mewerafibi appeared
[iedeserwerxw: 18.12.2021, 23:40:33] --> mewerafibi appeared
[iedeserwerxw: 18.12.2021, 23:41:03] --> mewerafibi appeared
[iedeserwerxw: 18.12.2021, 23:41:13] --> mewerafibi appeared
[iedeserwerxw: 18.12.2021, 23:44:37] --> mewerafibi appeared
[iedeserwerxw: 18.12.2021, 23:44:40] --> mewerafibi appeared
[iedeserwerxw: 18.12.2021, 23:44:51] --> mewerafibi appeared
[iedeserwerxw: 18.12.2021, 23:45:04] --> mewerafibi appeared
[iedeserwerxw: 18.12.2021, 23:45:21] --> micikabipora appeared
[iedeserwerxw: 18.12.2021, 23:45:23] --> mewerafibi appeared
[iedeserwerxw: 18.12.2021, 23:45:52] --> mewerafibi appeared
[iedeserwerxw: 18.12.2021, 23:46:02] --> mewerafibi appeared
[iedeserwerxw: 18.12.2021, 23:46:16] --> mewerafibi appeared
[iedeserwerxw: 18.12.2021, 23:46:38] --> mewerafibi appeared
[iedeserwerxw: 18.12.2021, 23:47:06] --> recuzuwimi appeared
[iedeserwerxw: 18.12.2021, 23:47:13] --> recuzuwimi appeared
[iedeserwerxw: 18.12.2021, 23:47:48] --> recuzuwimi appeared
[iedeserwerxw: 18.12.2021, 23:48:16] --> mewerafibi appeared
[iedeserwerxw: 18.12.2021, 23:48:21] --> mewerafibi appeared
[iedeserwerxw: 18.12.2021, 23:49:01] --> mewerafibi appeared
[iedeserwerxw: 18.12.2021, 23:49:27] --> recuzuwimi appeared
[iedeserwerxw: 18.12.2021, 23:49:38] --> mewerafibi appeared
[iedeserwerxw: 18.12.2021, 23:49:55] --> pegikumabam appeared
[iedeserwerxw: 18.12.2021, 23:50:07] --> micikabipora appeared
[iedeserwerxw: 18.12.2021, 23:50:51] --> mewerafibi appeared
[iedeserwerxw: 18.12.2021, 23:51:08] --> micikabipora appeared
[iedeserwerxw: 18.12.2021, 23:51:14] --> pegikumabam appeared
[iedeserwerxw: 18.12.2021, 23:51:59] --> recuzuwimi appeared
[iedeserwerxw: 18.12.2021, 23:52:39] --> mewerafibi appeared
[iedeserwerxw: 18.12.2021, 23:52:50] --> mewerafibi appeared
[iedeserwerxw: 18.12.2021, 23:52:53] --> mewerafibi appeared
[iedeserwerxw: 18.12.2021, 23:53:02] --> mewerafibi appeared
[iedeserwerxw: 18.12.2021, 23:53:06] --> mewerafibi appeared
[iedeserwerxw: 18.12.2021, 23:53:16] --> mewerafibi appeared
[iedeserwerxw: 18.12.2021, 23:53:22] --> mewerafibi appeared
[iedeserwerxw: 18.12.2021, 23:53:44] --> mewerafibi appeared
[iedeserwerxw: 18.12.2021, 23:53:49] --> mewerafibi appeared
[iedeserwerxw: 18.12.2021, 23:56:12] --> mewerafibi appeared
[iedeserwerxw: 18.12.2021, 23:56:23] --> mewerafibi appeared
[iedeserwerxw: 18.12.2021, 23:56:29] --> mewerafibi appeared
[iedeserwerxw: 18.12.2021, 23:56:43] --> mewerafibi appeared
[iedeserwerxw: 18.12.2021, 23:56:54] --> mewerafibi appeared
[iedeserwerxw: 18.12.2021, 23:57:36] --> recuzuwimi appeared
[iedeserwerxw: 18.12.2021, 23:57:52] --> mewerafibi appeared
[iedeserwerxw: 18.12.2021, 23:58:06] --> mewerafibi appeared
[iedeserwerxw: 18.12.2021, 23:58:09] --> petaloblu71 appeared
[iedeserwerxw: 18.12.2021, 23:58:39] --> mewerafibi appeared
[iedeserwerxw: 18.12.2021, 23:58:49] --> mewerafibi appeared
[iedeserwerxw: 19.12.2021, 00:00:24] --> mewerafibi appeared
[iedeserwerxw: 19.12.2021, 00:01:04] --> mewerafibi appeared
[iedeserwerxw: 19.12.2021, 00:01:09] --> mewerafibi appeared
[iedeserwerxw: 19.12.2021, 00:01:24] --> mewerafibi appeared
[iedeserwerxw: 19.12.2021, 00:01:35] --> pegikumabam appeared
[iedeserwerxw: 19.12.2021, 00:01:45] --> micikabipora appeared
[iedeserwerxw: 19.12.2021, 00:02:28] --> recuzuwimi appeared
[iedeserwerxw: 19.12.2021, 00:04:07] --> micikabipora appeared
[iedeserwerxw: 19.12.2021, 00:04:56] --> mewerafibi appeared
[iedeserwerxw: 19.12.2021, 00:05:10] --> mewerafibi appeared
[iedeserwerxw: 19.12.2021, 00:05:16] --> micikabipora appeared
[iedeserwerxw: 19.12.2021, 00:05:27] --> micikabipora appeared
[iedeserwerxw: 19.12.2021, 00:05:56] --> mewerafibi appeared
[iedeserwerxw: 19.12.2021, 00:06:08] --> mewerafibi appeared
[iedeserwerxw: 19.12.2021, 00:07:08] --> mewerafibi appeared
[iedeserwerxw: 19.12.2021, 00:07:18] --> mewerafibi appeared
[iedeserwerxw: 19.12.2021, 00:07:33] --> mewerafibi appeared
[iedeserwerxw: 19.12.2021, 00:07:41] --> micikabipora appeared
[iedeserwerxw: 19.12.2021, 00:08:20] --> mewerafibi appeared
[iedeserwerxw: 19.12.2021, 00:08:30] --> mewerafibi appeared
[iedeserwerxw: 19.12.2021, 00:09:01] --> micikabipora appeared
[iedeserwerxw: 19.12.2021, 00:09:32] --> mewerafibi appeared
[iedeserwerxw: 19.12.2021, 00:09:40] --> mewerafibi appeared
[iedeserwerxw: 19.12.2021, 00:09:44] --> mewerafibi appeared
[iedeserwerxw: 19.12.2021, 00:09:52] --> mewerafibi appeared
[iedeserwerxw: 19.12.2021, 00:09:59] --> mewerafibi appeared
[iedeserwerxw: 19.12.2021, 00:10:06] --> recuzuwimi appeared
[iedeserwerxw: 19.12.2021, 00:10:36] --> recuzuwimi appeared
[iedeserwerxw: 19.12.2021, 00:10:46] --> mewerafibi appeared
[iedeserwerxw: 19.12.2021, 00:11:16] --> recuzuwimi appeared
[iedeserwerxw: 19.12.2021, 00:11:31] --> mewerafibi appeared
[iedeserwerxw: 19.12.2021, 00:11:57] --> mewerafibi appeared
[iedeserwerxw: 19.12.2021, 00:12:04] --> mewerafibi appeared
[iedeserwerxw: 19.12.2021, 00:12:08] --> mewerafibi appeared
[iedeserwerxw: 19.12.2021, 00:12:42] --> mewerafibi appeared
[iedeserwerxw: 19.12.2021, 00:13:10] --> mewerafibi appeared
[iedeserwerxw: 19.12.2021, 00:13:22] --> mewerafibi appeared
[iedeserwerxw: 19.12.2021, 00:13:49] --> recuzuwimi appeared
[iedeserwerxw: 19.12.2021, 00:14:27] --> mewerafibi appeared
[iedeserwerxw: 19.12.2021, 00:14:45] --> mewerafibi appeared
[iedeserwerxw: 19.12.2021, 00:15:06] --> mewerafibi appeared
[iedeserwerxw: 19.12.2021, 00:15:40] --> mewerafibi appeared
[iedeserwerxw: 19.12.2021, 00:16:07] --> micikabipora appeared
[iedeserwerxw: 19.12.2021, 00:16:50] --> mewerafibi appeared
[iedeserwerxw: 19.12.2021, 00:17:06] --> micikabipora appeared
[iedeserwerxw: 19.12.2021, 00:17:11] --> recuzuwimi appeared
[iedeserwerxw: 19.12.2021, 00:17:37] --> recuzuwimi appeared
[iedeserwerxw: 19.12.2021, 00:17:53] --> recuzuwimi appeared
[iedeserwerxw: 19.12.2021, 00:18:20] --> pegikumabam appeared
[iedeserwerxw: 19.12.2021, 00:18:33] --> recuzuwimi appeared
[iedeserwerxw: 19.12.2021, 00:19:16] --> recuzuwimi appeared
[iedeserwerxw: 19.12.2021, 00:19:41] --> recuzuwimi appeared
[iedeserwerxw: 19.12.2021, 00:20:41] --> recuzuwimi appeared
[iedeserwerxw: 19.12.2021, 00:20:52] --> recuzuwimi appeared
[iedeserwerxw: 19.12.2021, 00:21:10] --> recuzuwimi appeared
[iedeserwerxw: 19.12.2021, 00:21:25] --> recuzuwimi appeared
[iedeserwerxw: 19.12.2021, 00:21:36] --> recuzuwimi appeared
[iedeserwerxw: 19.12.2021, 00:22:01] --> micikabipora appeared
[iedeserwerxw: 19.12.2021, 00:22:54] --> recuzuwimi appeared
[iedeserwerxw: 19.12.2021, 00:23:15] --> recuzuwimi appeared
[iedeserwerxw: 19.12.2021, 00:23:21] --> recuzuwimi appeared
[iedeserwerxw: 19.12.2021, 00:23:57] --> pegikumabam appeared
[iedeserwerxw: 19.12.2021, 00:24:50] --> recuzuwimi appeared
[iedeserwerxw: 19.12.2021, 00:25:03] --> recuzuwimi appeared
[iedeserwerxw: 19.12.2021, 00:25:11] --> recuzuwimi appeared
[iedeserwerxw: 19.12.2021, 00:25:18] --> pegikumabam appeared
[iedeserwerxw: 19.12.2021, 00:26:35] --> Character got kick
[iedeserwerxw: 19.12.2021, 00:26:47] --> recuzuwimi appeared
[iedeserwerxw: 19.12.2021, 00:27:15] --> recuzuwimi appeared
[iedeserwerxw: 19.12.2021, 00:27:47] --> rorecukevuci appeared
[iedeserwerxw: 19.12.2021, 00:28:03] --> pegikumabam appeared
[iedeserwerxw: 19.12.2021, 00:28:15] --> recuzuwimi appeared
[iedeserwerxw: 19.12.2021, 00:28:25] --> micikabipora appeared
[iedeserwerxw: 19.12.2021, 00:28:32] --> recuzuwimi appeared
[iedeserwerxw: 19.12.2021, 00:29:30] --> pegikumabam appeared
[iedeserwerxw: 19.12.2021, 00:30:27] --> recuzuwimi appeared
[iedeserwerxw: 19.12.2021, 00:30:55] --> recuzuwimi appeared
[iedeserwerxw: 19.12.2021, 00:31:50] --> recuzuwimi appeared
[iedeserwerxw: 19.12.2021, 00:32:20] --> recuzuwimi appeared
[iedeserwerxw: 19.12.2021, 00:32:35] --> recuzuwimi appeared
[iedeserwerxw: 19.12.2021, 00:32:44] --> recuzuwimi appeared
[iedeserwerxw: 19.12.2021, 00:32:53] --> recuzuwimi appeared
[iedeserwerxw: 19.12.2021, 00:32:58] --> micikabipora appeared
[iedeserwerxw: 19.12.2021, 00:33:23] --> recuzuwimi appeared
[iedeserwerxw: 19.12.2021, 00:33:55] --> pegikumabam appeared
[iedeserwerxw: 19.12.2021, 00:34:06] --> micikabipora appeared
[iedeserwerxw: 19.12.2021, 00:34:11] --> micikabipora appeared
[iedeserwerxw: 19.12.2021, 00:34:54] --> recuzuwimi appeared
[iedeserwerxw: 19.12.2021, 00:35:02] --> recuzuwimi appeared
[iedeserwerxw: 19.12.2021, 00:35:04] --> recuzuwimi appeared
[iedeserwerxw: 19.12.2021, 00:36:27] --> recuzuwimi appeared
[iedeserwerxw: 19.12.2021, 00:36:45] --> micikabipora appeared
[iedeserwerxw: 19.12.2021, 00:36:50] --> recuzuwimi appeared
[iedeserwerxw: 19.12.2021, 00:37:01] --> pegikumabam appeared
[iedeserwerxw: 19.12.2021, 00:37:42] --> recuzuwimi appeared
[iedeserwerxw: 19.12.2021, 00:37:57] --> micikabipora appeared
[iedeserwerxw: 19.12.2021, 00:38:07] --> recuzuwimi appeared
[iedeserwerxw: 19.12.2021, 00:38:26] --> recuzuwimi appeared
[iedeserwerxw: 19.12.2021, 00:38:42] --> pegikumabam appeared
[iedeserwerxw: 19.12.2021, 00:39:00] --> micikabipora appeared
[iedeserwerxw: 19.12.2021, 00:40:15] --> recuzuwimi appeared
[iedeserwerxw: 19.12.2021, 00:40:43] --> recuzuwimi appeared
[iedeserwerxw: 19.12.2021, 00:40:54] --> recuzuwimi appeared
[iedeserwerxw: 19.12.2021, 00:42:08] --> mewerafibi appeared
[iedeserwerxw: 19.12.2021, 00:42:16] --> pegikumabam appeared
[iedeserwerxw: 19.12.2021, 00:42:41] --> mewerafibi appeared
[iedeserwerxw: 19.12.2021, 00:43:07] --> mewerafibi appeared
[iedeserwerxw: 19.12.2021, 00:43:12] --> mewerafibi appeared
[iedeserwerxw: 19.12.2021, 00:43:18] --> mewerafibi appeared
[iedeserwerxw: 19.12.2021, 00:43:52] --> micikabipora appeared
[iedeserwerxw: 19.12.2021, 00:44:20] --> mewerafibi appeared
[iedeserwerxw: 19.12.2021, 00:44:24] --> mewerafibi appeared
[iedeserwerxw: 19.12.2021, 00:44:50] --> recuzuwimi appeared
[iedeserwerxw: 19.12.2021, 00:45:29] --> recuzuwimi appeared
[iedeserwerxw: 19.12.2021, 00:45:34] --> mewerafibi appeared
[iedeserwerxw: 19.12.2021, 00:45:41] --> mewerafibi appeared
[iedeserwerxw: 19.12.2021, 00:45:57] --> micikabipora appeared
[iedeserwerxw: 19.12.2021, 00:46:07] --> micikabipora appeared
[iedeserwerxw: 19.12.2021, 00:46:20] --> mewerafibi appeared
[iedeserwerxw: 19.12.2021, 00:46:31] --> mewerafibi appeared
[iedeserwerxw: 19.12.2021, 00:46:56] --> mewerafibi appeared
[iedeserwerxw: 19.12.2021, 00:47:15] --> pegikumabam appeared
[iedeserwerxw: 19.12.2021, 00:47:50] --> mewerafibi appeared
[iedeserwerxw: 19.12.2021, 00:48:09] --> mewerafibi appeared
[iedeserwerxw: 19.12.2021, 00:48:36] --> mewerafibi appeared
[iedeserwerxw: 19.12.2021, 00:48:47] --> mewerafibi appeared
[iedeserwerxw: 19.12.2021, 00:49:02] --> mewerafibi appeared
[iedeserwerxw: 19.12.2021, 00:49:15] --> pegikumabam appeared
[iedeserwerxw: 19.12.2021, 00:49:22] --> mewerafibi appeared
[iedeserwerxw: 19.12.2021, 00:49:50] --> mewerafibi appeared
[iedeserwerxw: 19.12.2021, 00:49:58] --> mewerafibi appeared
[iedeserwerxw: 19.12.2021, 00:51:07] --> mewerafibi appeared
[iedeserwerxw: 19.12.2021, 00:51:11] --> mewerafibi appeared
[iedeserwerxw: 19.12.2021, 00:51:19] --> mewerafibi appeared
[iedeserwerxw: 19.12.2021, 00:51:25] --> mewerafibi appeared
[iedeserwerxw: 19.12.2021, 00:51:35] --> mewerafibi appeared
[iedeserwerxw: 19.12.2021, 00:52:16] --> mewerafibi appeared
[iedeserwerxw: 19.12.2021, 00:52:21] --> mewerafibi appeared
[iedeserwerxw: 19.12.2021, 00:55:45] --> mewerafibi appeared
[iedeserwerxw: 19.12.2021, 00:55:50] --> mewerafibi appeared
[iedeserwerxw: 19.12.2021, 00:55:57] --> mewerafibi appeared
[iedeserwerxw: 19.12.2021, 00:56:03] --> mewerafibi appeared
[iedeserwerxw: 19.12.2021, 00:56:42] --> mewerafibi appeared
[iedeserwerxw: 19.12.2021, 00:56:47] --> recuzuwimi appeared
[iedeserwerxw: 19.12.2021, 00:57:00] --> mewerafibi appeared
[iedeserwerxw: 19.12.2021, 00:57:51] --> pegikumabam appeared
[iedeserwerxw: 19.12.2021, 00:58:01] --> mewerafibi appeared
[iedeserwerxw: 19.12.2021, 00:58:10] --> mewerafibi appeared
[iedeserwerxw: 19.12.2021, 00:58:25] --> mewerafibi appeared
[iedeserwerxw: 19.12.2021, 00:58:42] --> mewerafibi appeared
[iedeserwerxw: 19.12.2021, 00:58:43] --> mewerafibi appeared
[iedeserwerxw: 19.12.2021, 00:59:10] --> mewerafibi appeared
[iedeserwerxw: 19.12.2021, 00:59:13] --> mewerafibi appeared
[iedeserwerxw: 19.12.2021, 00:59:22] --> mewerafibi appeared
[iedeserwerxw: 19.12.2021, 00:59:37] --> mewerafibi appeared
[iedeserwerxw: 19.12.2021, 00:59:47] --> pegikumabam appeared
[iedeserwerxw: 19.12.2021, 01:00:20] --> mewerafibi appeared
[iedeserwerxw: 19.12.2021, 01:00:25] --> mewerafibi appeared
[iedeserwerxw: 19.12.2021, 01:00:31] --> rorecukevuci appeared
[iedeserwerxw: 19.12.2021, 01:00:47] --> recuzuwimi appeared
[iedeserwerxw: 19.12.2021, 01:01:07] --> mewerafibi appeared
[iedeserwerxw: 19.12.2021, 01:01:27] --> pegikumabam appeared
[iedeserwerxw: 19.12.2021, 01:01:33] --> mewerafibi appeared
[iedeserwerxw: 19.12.2021, 01:01:35] --> mewerafibi appeared
[iedeserwerxw: 19.12.2021, 01:01:47] --> mewerafibi appeared
[iedeserwerxw: 19.12.2021, 01:01:59] --> mewerafibi appeared
[iedeserwerxw: 19.12.2021, 01:02:18] --> mewerafibi appeared
[iedeserwerxw: 19.12.2021, 01:03:13] --> mewerafibi appeared
[iedeserwerxw: 19.12.2021, 01:03:28] --> pegikumabam appeared
[iedeserwerxw: 19.12.2021, 01:03:58] --> mewerafibi appeared
[iedeserwerxw: 19.12.2021, 01:04:09] --> mewerafibi appeared
[iedeserwerxw: 19.12.2021, 01:04:15] --> mewerafibi appeared
[iedeserwerxw: 19.12.2021, 01:05:37] --> mewerafibi appeared
[iedeserwerxw: 19.12.2021, 01:05:48] --> mewerafibi appeared
[iedeserwerxw: 19.12.2021, 01:06:16] --> mewerafibi appeared
[iedeserwerxw: 19.12.2021, 01:06:22] --> mewerafibi appeared
[iedeserwerxw: 19.12.2021, 01:06:34] --> mewerafibi appeared
[iedeserwerxw: 19.12.2021, 01:06:47] --> mewerafibi appeared
[iedeserwerxw: 19.12.2021, 01:06:55] --> recuzuwimi appeared
[iedeserwerxw: 19.12.2021, 01:07:27] --> mewerafibi appeared
[iedeserwerxw: 19.12.2021, 01:07:32] --> mewerafibi appeared
[iedeserwerxw: 19.12.2021, 01:07:35] --> mewerafibi appeared
[iedeserwerxw: 19.12.2021, 01:07:46] --> mewerafibi appeared
[iedeserwerxw: 19.12.2021, 01:07:58] --> recuzuwimi appeared
[iedeserwerxw: 19.12.2021, 01:08:19] --> mewerafibi appeared
[iedeserwerxw: 19.12.2021, 01:08:46] --> mewerafibi appeared
[iedeserwerxw: 19.12.2021, 01:08:56] --> mewerafibi appeared
[iedeserwerxw: 19.12.2021, 01:09:19] --> recuzuwimi appeared
[iedeserwerxw: 19.12.2021, 01:09:30] --> mewerafibi appeared
[iedeserwerxw: 19.12.2021, 01:09:58] --> mewerafibi appeared
[iedeserwerxw: 19.12.2021, 01:10:01] --> mewerafibi appeared
[iedeserwerxw: 19.12.2021, 01:10:05] --> mewerafibi appeared
[iedeserwerxw: 19.12.2021, 01:10:36] --> recuzuwimi appeared
[iedeserwerxw: 19.12.2021, 01:11:09] --> mewerafibi appeared
[iedeserwerxw: 19.12.2021, 01:11:15] --> mewerafibi appeared
[iedeserwerxw: 19.12.2021, 01:11:45] --> micikabipora appeared
[iedeserwerxw: 19.12.2021, 01:12:26] --> mewerafibi appeared
[iedeserwerxw: 19.12.2021, 01:12:48] --> pegikumabam appeared
[iedeserwerxw: 19.12.2021, 01:13:20] --> recuzuwimi appeared
[iedeserwerxw: 19.12.2021, 01:14:06] --> recuzuwimi appeared
[iedeserwerxw: 19.12.2021, 01:14:25] --> mewerafibi appeared
[iedeserwerxw: 19.12.2021, 01:14:49] --> pegikumabam appeared
[iedeserwerxw: 19.12.2021, 01:15:20] --> recuzuwimi appeared
[iedeserwerxw: 19.12.2021, 01:15:23] --> mewerafibi appeared
[iedeserwerxw: 19.12.2021, 01:15:43] --> recuzuwimi appeared
[iedeserwerxw: 19.12.2021, 01:16:03] --> mewerafibi appeared
[iedeserwerxw: 19.12.2021, 01:16:38] --> mewerafibi appeared
[iedeserwerxw: 19.12.2021, 01:16:57] --> recuzuwimi appeared
[iedeserwerxw: 19.12.2021, 01:17:46] --> recuzuwimi appeared
[iedeserwerxw: 19.12.2021, 01:18:14] --> recuzuwimi appeared
[iedeserwerxw: 19.12.2021, 01:18:28] --> mewerafibi appeared
[iedeserwerxw: 19.12.2021, 01:18:57] --> mewerafibi appeared
[iedeserwerxw: 19.12.2021, 01:19:00] --> pegikumabam appeared
[iedeserwerxw: 19.12.2021, 01:19:22] --> mewerafibi appeared
[iedeserwerxw: 19.12.2021, 01:19:35] --> recuzuwimi appeared
[iedeserwerxw: 19.12.2021, 01:19:40] --> recuzuwimi appeared
[iedeserwerxw: 19.12.2021, 01:20:08] --> recuzuwimi appeared
[iedeserwerxw: 19.12.2021, 01:20:35] --> mewerafibi appeared
[iedeserwerxw: 19.12.2021, 01:20:55] --> mewerafibi appeared
[iedeserwerxw: 19.12.2021, 01:21:14] --> recuzuwimi appeared
[iedeserwerxw: 19.12.2021, 01:21:24] --> recuzuwimi appeared
[iedeserwerxw: 19.12.2021, 01:21:58] --> recuzuwimi appeared
[iedeserwerxw: 19.12.2021, 01:22:41] --> mewerafibi appeared
[iedeserwerxw: 19.12.2021, 01:23:21] --> mewerafibi appeared
[iedeserwerxw: 19.12.2021, 01:24:46] --> Character got kick
