[pokopevekep:  28.11.2021, 14:13:15] --> Bot successfully started
[pokopevekep:  28.11.2021, 14:13:15] --> ThrowinStars appeared
[pokopevekep:  28.11.2021, 14:42:49] --> Changing into CH9
[pokopevekep:  28.11.2021, 14:43:22] --> Character was kicked from the bot, reason: Changing character
[pokopevekep:  28.11.2021, 14:45:51] --> Character was kicked from the bot, reason: Changing character
[pokopevekep:  28.11.2021, 14:45:58] --> cusaguzazah appeared
[homozirakalu: 28.11.2021, 14:47:58] --> Character was kicked from the bot, reason: Changing character
[kezonasufe:   28.11.2021, 14:50:46] --> Character was kicked from the bot, reason: Changing character
[pipufebihira: 28.11.2021, 14:55:08] --> Character was kicked from the bot, reason: Changing character
[pokopevekep:  28.11.2021, 15:15:00] --> Bot successfully started
[pokopevekep:  28.11.2021, 15:15:01] --> ThrowinStars appeared
[pokopevekep:  28.11.2021, 15:15:01] --> Setting '1' loaded because of active level settings
[pokopevekep:  28.11.2021, 15:15:07] --> Character went to saleswoman
[pokopevekep:  28.11.2021, 15:15:10] --> Character was kicked from the bot, reason: Character was walking
[pokopevekep:  28.11.2021, 15:15:43] --> Character was kicked from the bot, reason: Character was walking
[pokopevekep:  28.11.2021, 15:15:55] --> Character leveled up to level 2
[pokopevekep:  28.11.2021, 15:15:56] --> fuzizurasir appeared
[pokopevekep:  28.11.2021, 15:15:56] --> Character leveled up to level 6
[pokopevekep:  28.11.2021, 15:15:57] --> Character leveled up to level 7
[pokopevekep:  28.11.2021, 15:15:58] --> Character leveled up to level 8
[pokopevekep:  28.11.2021, 15:16:00] --> Character leveled up to level 9
[pokopevekep:  28.11.2021, 15:16:04] --> Character leveled up to level 10
[pokopevekep:  28.11.2021, 15:16:07] --> Character leveled up to level 11
[pokopevekep:  28.11.2021, 15:16:08] --> Character leveled up to level 12
[pokopevekep:  28.11.2021, 15:16:14] --> Character leveled up to level 13
[pokopevekep:  28.11.2021, 15:16:15] --> fuzizurasir appeared
[pokopevekep:  28.11.2021, 15:16:36] --> fuzizurasir appeared
[pokopevekep:  28.11.2021, 15:16:50] --> Character leveled up to level 14
[pokopevekep:  28.11.2021, 15:16:52] --> fuzizurasir appeared
[pokopevekep:  28.11.2021, 15:17:06] --> Character leveled up to level 15
[pokopevekep:  28.11.2021, 15:17:06] --> Setting '2' loaded because of active level settings
[pokopevekep:  28.11.2021, 15:17:15] --> hunukitikof appeared
[pokopevekep:  28.11.2021, 15:17:20] --> Character was kicked from the bot, reason: Character was walking
[pokopevekep:  28.11.2021, 15:17:45] --> Character was kicked from the bot, reason: Character was walking
[pokopevekep:  28.11.2021, 15:17:50] --> terurocurumo appeared
[pokopevekep:  28.11.2021, 15:18:29] --> Character leveled up to level 16
[pokopevekep:  28.11.2021, 15:19:25] --> Character leveled up to level 17
[pokopevekep:  28.11.2021, 15:20:33] --> Character leveled up to level 18
[pokopevekep:  28.11.2021, 15:21:03] --> Character leveled up to level 19
[pokopevekep:  28.11.2021, 15:22:10] --> Character leveled up to level 20
[pokopevekep:  28.11.2021, 15:23:37] --> Character leveled up to level 21
[pokopevekep:  28.11.2021, 15:25:03] --> Character leveled up to level 22
[pokopevekep:  28.11.2021, 15:26:12] --> Character leveled up to level 23
[pokopevekep:  28.11.2021, 15:27:28] --> Character leveled up to level 24
[pokopevekep:  28.11.2021, 15:29:03] --> Character leveled up to level 25
[pokopevekep:  28.11.2021, 15:31:00] --> Character leveled up to level 26
[pokopevekep:  28.11.2021, 15:32:51] --> Character leveled up to level 27
[pokopevekep:  28.11.2021, 15:34:50] --> Character leveled up to level 28
[pokopevekep:  28.11.2021, 15:37:27] --> Character leveled up to level 29
[pokopevekep:  28.11.2021, 15:39:10] --> zubinuhimiza appeared
[pokopevekep:  28.11.2021, 15:39:14] --> kimesilocur appeared
[pokopevekep:  28.11.2021, 15:39:22] --> kazezucivezo appeared
[pokopevekep:  28.11.2021, 15:39:24] --> Character leveled up to level 30
[pokopevekep:  28.11.2021, 15:40:06] --> zubinuhimiza appeared
[pokopevekep:  28.11.2021, 15:40:19] --> kazezucivezo appeared
[pokopevekep:  28.11.2021, 15:40:24] --> tutidenuzoki appeared
[pokopevekep:  28.11.2021, 15:40:35] --> zirevoteba appeared
[pokopevekep:  28.11.2021, 15:40:45] --> zomuburupobu appeared
[pokopevekep:  28.11.2021, 15:40:52] --> kazezucivezo appeared
[pokopevekep:  28.11.2021, 15:40:58] --> takelagogob appeared
[pokopevekep:  28.11.2021, 15:41:07] --> kimesilocur appeared
[pokopevekep:  28.11.2021, 15:41:16] --> Character leveled up to level 31
[pokopevekep:  28.11.2021, 15:41:17] --> Bot terminated: Character reached level 31
[homozirakalu: 28.11.2021, 15:42:33] --> Bot successfully started
[homozirakalu: 28.11.2021, 15:42:34] --> ThrowinStars appeared
[homozirakalu: 28.11.2021, 15:42:34] --> Setting '1' loaded because of active level settings
[homozirakalu: 28.11.2021, 15:42:40] --> Character went to saleswoman
[homozirakalu: 28.11.2021, 15:42:43] --> Character was kicked from the bot, reason: Character was walking
[homozirakalu: 28.11.2021, 15:43:14] --> Character was kicked from the bot, reason: Character was walking
[homozirakalu: 28.11.2021, 15:43:26] --> rurifepizura appeared
[homozirakalu: 28.11.2021, 15:43:27] --> Character leveled up to level 4
[homozirakalu: 28.11.2021, 15:43:28] --> Character leveled up to level 7
[homozirakalu: 28.11.2021, 15:43:29] --> Character leveled up to level 8
[homozirakalu: 28.11.2021, 15:43:30] --> Character leveled up to level 9
[homozirakalu: 28.11.2021, 15:43:37] --> Character leveled up to level 10
[homozirakalu: 28.11.2021, 15:43:54] --> Character leveled up to level 11
[homozirakalu: 28.11.2021, 15:43:58] --> rurifepizura appeared
[homozirakalu: 28.11.2021, 15:44:01] --> Character leveled up to level 12
[homozirakalu: 28.11.2021, 15:44:08] --> Character leveled up to level 13
[homozirakalu: 28.11.2021, 15:44:24] --> rurifepizura appeared
[homozirakalu: 28.11.2021, 15:44:26] --> Character leveled up to level 14
[homozirakalu: 28.11.2021, 15:44:51] --> rurifepizura appeared
[homozirakalu: 28.11.2021, 15:45:02] --> Character leveled up to level 15
[homozirakalu: 28.11.2021, 15:45:02] --> Setting '2' loaded because of active level settings
[homozirakalu: 28.11.2021, 15:45:15] --> Character was kicked from the bot, reason: Character was walking
[homozirakalu: 28.11.2021, 15:45:21] --> zebelizituk appeared
[homozirakalu: 28.11.2021, 15:45:41] --> Character was kicked from the bot, reason: Character was walking
[homozirakalu: 28.11.2021, 15:45:46] --> fovuvaruzibi appeared
[homozirakalu: 28.11.2021, 15:46:13] --> Character leveled up to level 16
[homozirakalu: 28.11.2021, 15:47:09] --> Character leveled up to level 17
[homozirakalu: 28.11.2021, 15:47:41] --> Character leveled up to level 18
[homozirakalu: 28.11.2021, 15:48:22] --> Character leveled up to level 19
[homozirakalu: 28.11.2021, 15:49:24] --> Character leveled up to level 20
[homozirakalu: 28.11.2021, 15:50:46] --> Character leveled up to level 21
[homozirakalu: 28.11.2021, 15:52:25] --> Character leveled up to level 22
[homozirakalu: 28.11.2021, 15:53:46] --> Character leveled up to level 23
[homozirakalu: 28.11.2021, 15:55:41] --> Character leveled up to level 24
[homozirakalu: 28.11.2021, 15:57:06] --> Character leveled up to level 25
[homozirakalu: 28.11.2021, 15:59:40] --> Character leveled up to level 26
[homozirakalu: 28.11.2021, 16:02:04] --> Character leveled up to level 27
[homozirakalu: 28.11.2021, 16:05:07] --> zipehekupep appeared
[homozirakalu: 28.11.2021, 16:05:14] --> Character leveled up to level 28
[homozirakalu: 28.11.2021, 16:05:31] --> zipehekupep appeared
[homozirakalu: 28.11.2021, 16:05:54] --> zafozorafu appeared
[homozirakalu: 28.11.2021, 16:06:40] --> kodeforerobi appeared
[homozirakalu: 28.11.2021, 16:06:51] --> kafezonubozu appeared
[homozirakalu: 28.11.2021, 16:07:06] --> fokevimuluc appeared
[homozirakalu: 28.11.2021, 16:07:24] --> Character leveled up to level 29
[homozirakalu: 28.11.2021, 16:07:32] --> tuzazoguzi appeared
[homozirakalu: 28.11.2021, 16:07:36] --> kodeforerobi appeared
[homozirakalu: 28.11.2021, 16:07:42] --> zipehekupep appeared
[homozirakalu: 28.11.2021, 16:07:48] --> kecokasizu appeared
[homozirakalu: 28.11.2021, 16:08:34] --> kodeforerobi appeared
[homozirakalu: 28.11.2021, 16:08:39] --> zipehekupep appeared
[homozirakalu: 28.11.2021, 16:08:44] --> zipehekupep appeared
[homozirakalu: 28.11.2021, 16:08:53] --> fokevimuluc appeared
[homozirakalu: 28.11.2021, 16:09:24] --> Character leveled up to level 30
[homozirakalu: 28.11.2021, 16:12:01] --> Character leveled up to level 31
[homozirakalu: 28.11.2021, 16:12:03] --> Bot terminated: Character reached level 31
[homozirakalu: 28.11.2021, 16:13:07] --> Bot successfully started
[homozirakalu: 28.11.2021, 16:13:07] --> zipehekupep appeared
[homozirakalu: 28.11.2021, 16:13:17] --> Setting '2' loaded because of active level settings
[homozirakalu: 28.11.2021, 16:13:20] --> Bot terminated: Character reached level 31
[kezonasufe:   28.11.2021, 16:14:23] --> Bot successfully started
[kezonasufe:   28.11.2021, 16:14:23] --> ThrowinStars appeared
[kezonasufe:   28.11.2021, 16:14:23] --> Setting '1' loaded because of active level settings
[kezonasufe:   28.11.2021, 16:14:30] --> Character went to saleswoman
[kezonasufe:   28.11.2021, 16:14:33] --> Character was kicked from the bot, reason: Character was walking
[kezonasufe:   28.11.2021, 16:15:04] --> Character was kicked from the bot, reason: Character was walking
[kezonasufe:   28.11.2021, 16:15:16] --> Character leveled up to level 2
[kezonasufe:   28.11.2021, 16:15:17] --> Character leveled up to level 5
[kezonasufe:   28.11.2021, 16:15:18] --> Character leveled up to level 7
[kezonasufe:   28.11.2021, 16:15:19] --> Character leveled up to level 8
[kezonasufe:   28.11.2021, 16:15:19] --> rurifepizura appeared
[kezonasufe:   28.11.2021, 16:15:20] --> Character leveled up to level 9
[kezonasufe:   28.11.2021, 16:15:42] --> Character leveled up to level 10
[kezonasufe:   28.11.2021, 16:15:45] --> kepizasezig appeared
[kezonasufe:   28.11.2021, 16:15:52] --> Character leveled up to level 11
[kezonasufe:   28.11.2021, 16:15:59] --> Character leveled up to level 12
[kezonasufe:   28.11.2021, 16:16:07] --> Character leveled up to level 13
[kezonasufe:   28.11.2021, 16:16:12] --> rurifepizura appeared
[kezonasufe:   28.11.2021, 16:16:30] --> Character leveled up to level 14
[kezonasufe:   28.11.2021, 16:16:40] --> kepizasezig appeared
[kezonasufe:   28.11.2021, 16:17:01] --> Character leveled up to level 15
[kezonasufe:   28.11.2021, 16:17:01] --> Setting '2' loaded because of active level settings
[kezonasufe:   28.11.2021, 16:17:14] --> dobuzahiga appeared
[kezonasufe:   28.11.2021, 16:17:17] --> Character was kicked from the bot, reason: Character was walking
[kezonasufe:   28.11.2021, 16:17:41] --> Character was kicked from the bot, reason: Character was walking
[kezonasufe:   28.11.2021, 16:17:46] --> kiberobofe appeared
[kezonasufe:   28.11.2021, 16:18:28] --> Character leveled up to level 16
[kezonasufe:   28.11.2021, 16:19:21] --> Character leveled up to level 17
[kezonasufe:   28.11.2021, 16:19:47] --> Character leveled up to level 18
[kezonasufe:   28.11.2021, 16:20:13] --> Character leveled up to level 19
[kezonasufe:   28.11.2021, 16:20:49] --> Character leveled up to level 20
[kezonasufe:   28.11.2021, 16:21:42] --> Character leveled up to level 21
[kezonasufe:   28.11.2021, 16:23:12] --> Character leveled up to level 22
[kezonasufe:   28.11.2021, 16:24:48] --> Character leveled up to level 23
[kezonasufe:   28.11.2021, 16:26:22] --> Character leveled up to level 24
[kezonasufe:   28.11.2021, 16:27:47] --> Character leveled up to level 25
[kezonasufe:   28.11.2021, 16:29:35] --> Character leveled up to level 26
[kezonasufe:   28.11.2021, 16:30:19] --> sovazokowate appeared
[kezonasufe:   28.11.2021, 16:30:51] --> verubamore appeared
[kezonasufe:   28.11.2021, 16:30:56] --> verubamore appeared
[kezonasufe:   28.11.2021, 16:31:02] --> nininivubi appeared
[kezonasufe:   28.11.2021, 16:31:09] --> fawovuzubiro appeared
[kezonasufe:   28.11.2021, 16:31:19] --> Character leveled up to level 27
[kezonasufe:   28.11.2021, 16:31:22] --> kecokasizu appeared
[kezonasufe:   28.11.2021, 16:31:31] --> sovazokowate appeared
[kezonasufe:   28.11.2021, 16:32:45] --> verubamore appeared
[kezonasufe:   28.11.2021, 16:32:50] --> verubamore appeared
[kezonasufe:   28.11.2021, 16:32:54] --> kecokasizu appeared
[kezonasufe:   28.11.2021, 16:33:01] --> nininivubi appeared
[kezonasufe:   28.11.2021, 16:33:11] --> verubamore appeared
[kezonasufe:   28.11.2021, 16:33:17] --> verubamore appeared
[kezonasufe:   28.11.2021, 16:33:21] --> Character leveled up to level 28
[kezonasufe:   28.11.2021, 16:33:26] --> zirevoteba appeared
[kezonasufe:   28.11.2021, 16:33:35] --> nininivubi appeared
[kezonasufe:   28.11.2021, 16:33:42] --> verubamore appeared
[kezonasufe:   28.11.2021, 16:33:45] --> verubamore appeared
[kezonasufe:   28.11.2021, 16:34:07] --> nininivubi appeared
[kezonasufe:   28.11.2021, 16:34:26] --> nininivubi appeared
[kezonasufe:   28.11.2021, 16:34:41] --> verubamore appeared
[kezonasufe:   28.11.2021, 16:34:46] --> leturafifin appeared
[kezonasufe:   28.11.2021, 16:34:56] --> sovazokowate appeared
[kezonasufe:   28.11.2021, 16:35:07] --> Character leveled up to level 29
[kezonasufe:   28.11.2021, 16:35:08] --> verubamore appeared
[kezonasufe:   28.11.2021, 16:35:14] --> verubamore appeared
[kezonasufe:   28.11.2021, 16:35:29] --> nininivubi appeared
[kezonasufe:   28.11.2021, 16:36:02] --> nininivubi appeared
[kezonasufe:   28.11.2021, 16:37:27] --> Character leveled up to level 30
[kezonasufe:   28.11.2021, 16:39:19] --> Character leveled up to level 31
[kezonasufe:   28.11.2021, 16:39:21] --> Bot terminated: Character reached level 31
[pipufebihira: 28.11.2021, 16:40:34] --> Bot successfully started
[pipufebihira: 28.11.2021, 16:40:34] --> lARCANGELl appeared
[pipufebihira: 28.11.2021, 16:40:35] --> Setting '1' loaded because of active level settings
[pipufebihira: 28.11.2021, 16:40:41] --> Character went to saleswoman
[pipufebihira: 28.11.2021, 16:40:44] --> Character was kicked from the bot, reason: Character was walking
[pipufebihira: 28.11.2021, 16:41:17] --> Character was kicked from the bot, reason: Character was walking
[pipufebihira: 28.11.2021, 16:41:27] --> fuzizurasir appeared
[pipufebihira: 28.11.2021, 16:41:30] --> Character leveled up to level 4
[pipufebihira: 28.11.2021, 16:41:31] --> Character leveled up to level 7
[pipufebihira: 28.11.2021, 16:41:32] --> Character leveled up to level 8
[pipufebihira: 28.11.2021, 16:41:34] --> Character leveled up to level 9
[pipufebihira: 28.11.2021, 16:41:49] --> Character leveled up to level 10
[pipufebihira: 28.11.2021, 16:41:57] --> Character leveled up to level 11
[pipufebihira: 28.11.2021, 16:42:02] --> Character leveled up to level 12
[pipufebihira: 28.11.2021, 16:42:07] --> Character leveled up to level 13
[pipufebihira: 28.11.2021, 16:42:16] --> Character leveled up to level 14
[pipufebihira: 28.11.2021, 16:42:26] --> fuzizurasir appeared
[pipufebihira: 28.11.2021, 16:42:52] --> fimikutedak appeared
[pipufebihira: 28.11.2021, 16:42:52] --> Character leveled up to level 15
[pipufebihira: 28.11.2021, 16:42:52] --> Setting '2' loaded because of active level settings
[pipufebihira: 28.11.2021, 16:42:56] --> Character got kick
[pipufebihira: 28.11.2021, 16:43:08] --> Character was kicked from the bot, reason: Character was walking
[pipufebihira: 28.11.2021, 16:43:13] --> hafagomaboko appeared
[pipufebihira: 28.11.2021, 16:43:35] --> Character was kicked from the bot, reason: Character was walking
[pipufebihira: 28.11.2021, 16:43:39] --> kapezugikipa appeared
[pipufebihira: 28.11.2021, 16:44:46] --> Character leveled up to level 16
[pipufebihira: 28.11.2021, 16:45:38] --> Character leveled up to level 17
[pipufebihira: 28.11.2021, 16:46:30] --> Character leveled up to level 18
[pipufebihira: 28.11.2021, 16:47:42] --> Character leveled up to level 19
[pipufebihira: 28.11.2021, 16:48:49] --> Character leveled up to level 20
[pipufebihira: 28.11.2021, 16:50:18] --> Character leveled up to level 21
[pipufebihira: 28.11.2021, 16:51:28] --> Character leveled up to level 22
[pipufebihira: 28.11.2021, 16:52:58] --> Character leveled up to level 23
[pipufebihira: 28.11.2021, 16:54:42] --> Character leveled up to level 24
[pipufebihira: 28.11.2021, 16:56:41] --> Character leveled up to level 25
[pipufebihira: 28.11.2021, 16:57:24] --> fawovuzubiro appeared
[pipufebihira: 28.11.2021, 16:57:41] --> vivawerulog appeared
[pipufebihira: 28.11.2021, 16:57:51] --> sovazokowate appeared
[pipufebihira: 28.11.2021, 16:57:55] --> Character leveled up to level 26
[pipufebihira: 28.11.2021, 16:58:05] --> pefowofivi appeared
[pipufebihira: 28.11.2021, 16:58:17] --> fawovuzubiro appeared
[pipufebihira: 28.11.2021, 16:58:29] --> nininivubi appeared
[pipufebihira: 28.11.2021, 16:59:06] --> nininivubi appeared
[pipufebihira: 28.11.2021, 16:59:32] --> fawovuzubiro appeared
[pipufebihira: 28.11.2021, 16:59:34] --> Character leveled up to level 27
[pipufebihira: 28.11.2021, 16:59:39] --> nininivubi appeared
[pipufebihira: 28.11.2021, 16:59:41] --> cehezagiwiv appeared
[pipufebihira: 28.11.2021, 16:59:47] --> cehezagiwiv appeared
[pipufebihira: 28.11.2021, 16:59:59] --> nininivubi appeared
[pipufebihira: 28.11.2021, 17:00:07] --> zafozorafu appeared
[pipufebihira: 28.11.2021, 17:01:45] --> Character leveled up to level 28
[pipufebihira: 28.11.2021, 17:03:49] --> Character leveled up to level 29
[pipufebihira: 28.11.2021, 17:06:18] --> Character leveled up to level 30
[pipufebihira: 28.11.2021, 17:08:01] --> Character got kick
[pipufebihira: 28.11.2021, 17:08:11] --> dupuroboco appeared
[pipufebihira: 28.11.2021, 17:08:53] --> Character leveled up to level 31
[pipufebihira: 28.11.2021, 17:08:53] --> Bot terminated: Character reached level 31
[kugikifuzeba: 28.11.2021, 17:10:24] --> Bot successfully started
[kugikifuzeba: 28.11.2021, 17:10:24] --> Lojinhagorda appeared
[kugikifuzeba: 28.11.2021, 17:10:24] --> Setting '1' loaded because of active level settings
[kugikifuzeba: 28.11.2021, 17:10:31] --> Character went to saleswoman
[kugikifuzeba: 28.11.2021, 17:10:34] --> Character was kicked from the bot, reason: Character was walking
[kugikifuzeba: 28.11.2021, 17:11:07] --> Character was kicked from the bot, reason: Character was walking
[kugikifuzeba: 28.11.2021, 17:11:16] --> fuzizurasir appeared
[kugikifuzeba: 28.11.2021, 17:11:20] --> Character leveled up to level 2
[kugikifuzeba: 28.11.2021, 17:11:21] --> Character leveled up to level 5
[kugikifuzeba: 28.11.2021, 17:11:22] --> Character leveled up to level 7
[kugikifuzeba: 28.11.2021, 17:11:24] --> Character leveled up to level 8
[kugikifuzeba: 28.11.2021, 17:11:24] --> Character leveled up to level 9
[kugikifuzeba: 28.11.2021, 17:11:47] --> Character leveled up to level 10
[kugikifuzeba: 28.11.2021, 17:11:51] --> fimikutedak appeared
[kugikifuzeba: 28.11.2021, 17:11:52] --> Character leveled up to level 11
[kugikifuzeba: 28.11.2021, 17:11:55] --> Character leveled up to level 12
[kugikifuzeba: 28.11.2021, 17:11:59] --> Character leveled up to level 13
[kugikifuzeba: 28.11.2021, 17:12:07] --> Character leveled up to level 14
[kugikifuzeba: 28.11.2021, 17:12:15] --> fimikutedak appeared
[kugikifuzeba: 28.11.2021, 17:12:46] --> fimikutedak appeared
[kugikifuzeba: 28.11.2021, 17:12:52] --> Character leveled up to level 15
[kugikifuzeba: 28.11.2021, 17:12:52] --> Setting '2' loaded because of active level settings
[kugikifuzeba: 28.11.2021, 17:13:05] --> Character was kicked from the bot, reason: Character was walking
[kugikifuzeba: 28.11.2021, 17:13:11] --> PJRT appeared
[kugikifuzeba: 28.11.2021, 17:13:32] --> Character was kicked from the bot, reason: Character was walking
[kugikifuzeba: 28.11.2021, 17:14:06] --> Character leveled up to level 16
[kugikifuzeba: 28.11.2021, 17:15:00] --> Character leveled up to level 17
[kugikifuzeba: 28.11.2021, 17:15:33] --> Character leveled up to level 18
[kugikifuzeba: 28.11.2021, 17:16:15] --> Character leveled up to level 19
[kugikifuzeba: 28.11.2021, 17:17:11] --> Character leveled up to level 20
[kugikifuzeba: 28.11.2021, 17:18:11] --> Character leveled up to level 21
[kugikifuzeba: 28.11.2021, 17:18:56] --> Character leveled up to level 22
[kugikifuzeba: 28.11.2021, 17:19:41] --> Character leveled up to level 23
[kugikifuzeba: 28.11.2021, 17:21:30] --> Character leveled up to level 24
[kugikifuzeba: 28.11.2021, 17:22:49] --> Character leveled up to level 25
[kugikifuzeba: 28.11.2021, 17:23:40] --> starwhite appeared
[kugikifuzeba: 28.11.2021, 17:23:43] --> starwhite appeared
[kugikifuzeba: 28.11.2021, 17:23:45] --> starwhite appeared
[kugikifuzeba: 28.11.2021, 17:24:16] --> Character leveled up to level 26
[kugikifuzeba: 28.11.2021, 17:25:41] --> ninofekiliz appeared
[kugikifuzeba: 28.11.2021, 17:25:47] --> ninofekiliz appeared
[kugikifuzeba: 28.11.2021, 17:25:55] --> kezonoparuf appeared
[kugikifuzeba: 28.11.2021, 17:26:05] --> Character leveled up to level 27
[kugikifuzeba: 28.11.2021, 17:26:10] --> kezonoparuf appeared
[kugikifuzeba: 28.11.2021, 17:26:12] --> ninofekiliz appeared
[kugikifuzeba: 28.11.2021, 17:26:36] --> kezonoparuf appeared
[kugikifuzeba: 28.11.2021, 17:27:15] --> ninofekiliz appeared
[kugikifuzeba: 28.11.2021, 17:27:37] --> Character leveled up to level 28
[kugikifuzeba: 28.11.2021, 17:27:37] --> ninofekiliz appeared
[kugikifuzeba: 28.11.2021, 17:27:43] --> ninofekiliz appeared
[kugikifuzeba: 28.11.2021, 17:27:52] --> kezonoparuf appeared
[kugikifuzeba: 28.11.2021, 17:28:05] --> kubikarucora appeared
[kugikifuzeba: 28.11.2021, 17:28:28] --> kezonoparuf appeared
[kugikifuzeba: 28.11.2021, 17:29:16] --> ninofekiliz appeared
[kugikifuzeba: 28.11.2021, 17:29:27] --> Character leveled up to level 29
[kugikifuzeba: 28.11.2021, 17:29:33] --> kezonoparuf appeared
[kugikifuzeba: 28.11.2021, 17:29:45] --> kezonoparuf appeared
[kugikifuzeba: 28.11.2021, 17:29:50] --> ninofekiliz appeared
[kugikifuzeba: 28.11.2021, 17:29:55] --> ninofekiliz appeared
[kugikifuzeba: 28.11.2021, 17:30:19] --> sezegorahozu appeared
[kugikifuzeba: 28.11.2021, 17:31:18] --> ninofekiliz appeared
[kugikifuzeba: 28.11.2021, 17:31:22] --> Character leveled up to level 30
[kugikifuzeba: 28.11.2021, 17:31:28] --> kubikarucora appeared
[kugikifuzeba: 28.11.2021, 17:32:16] --> ninofekiliz appeared
[kugikifuzeba: 28.11.2021, 17:32:21] --> zafozorafu appeared
[kugikifuzeba: 28.11.2021, 17:33:12] --> lifipikirow appeared
[kugikifuzeba: 28.11.2021, 17:33:28] --> vicazagozi appeared
[kugikifuzeba: 28.11.2021, 17:33:41] --> ninofekiliz appeared
[kugikifuzeba: 28.11.2021, 17:33:47] --> ninofekiliz appeared
[kugikifuzeba: 28.11.2021, 17:33:53] --> Character leveled up to level 31
[kugikifuzeba: 28.11.2021, 17:33:53] --> Bot terminated: Character reached level 31
[kugikifuzeba: 28.11.2021, 17:35:11] --> Bot successfully started
[kugikifuzeba: 28.11.2021, 17:35:11] --> vicazagozi appeared
[kugikifuzeba: 28.11.2021, 17:35:21] --> Setting '2' loaded because of active level settings
[kugikifuzeba: 28.11.2021, 17:35:24] --> Bot terminated: Character reached level 31
[pokopevekep:  29.11.2021, 12:50:05] --> Bot successfully started
[pokopevekep:  29.11.2021, 12:50:05] --> teruzidegozi appeared
[pokopevekep:  29.11.2021, 12:50:11] --> Time passed, now going to talk to alchemist: pokopevekep
[pokopevekep:  29.11.2021, 12:50:11] --> Character went to Alchemist: pokopevekep
[pokopevekep:  29.11.2021, 12:50:12] --> nininivubi appeared
[pokopevekep:  29.11.2021, 12:50:24] --> Character was kicked from the bot, reason: Character was walking
[pokopevekep:  29.11.2021, 12:50:35] --> Character was kicked from the bot, reason: Character was walking
[pokopevekep:  29.11.2021, 12:50:41] --> zegozetewi appeared
[pokopevekep:  29.11.2021, 12:50:58] --> Character was kicked from the bot, reason: Character was walking
[pokopevekep:  29.11.2021, 12:51:06] --> lutatefekuni appeared
[pokopevekep:  29.11.2021, 12:51:31] --> nuwozufuket appeared
[pokopevekep:  29.11.2021, 12:51:32] --> Character was kicked from the bot, reason: Character was walking
[pokopevekep:  29.11.2021, 12:52:26] --> BaeVisoR67 appeared
[pokopevekep:  29.11.2021, 12:52:51] --> BaeVisoR67 appeared
[pokopevekep:  29.11.2021, 12:53:10] --> wiremasezop appeared
[pokopevekep:  29.11.2021, 12:53:22] --> pezevifibiro appeared
[pokopevekep:  29.11.2021, 12:53:36] --> wiremasezop appeared
[pokopevekep:  29.11.2021, 12:53:56] --> kozozirebok appeared
[pokopevekep:  29.11.2021, 12:54:05] --> ketalubamara appeared
[pokopevekep:  29.11.2021, 12:54:22] --> wiremasezop appeared
[pokopevekep:  29.11.2021, 12:55:18] --> BaeVisoR67 appeared
[pokopevekep:  29.11.2021, 12:55:38] --> wiremasezop appeared
[pokopevekep:  29.11.2021, 12:55:51] --> pezevifibiro appeared
[pokopevekep:  29.11.2021, 12:56:00] --> wiremasezop appeared
[pokopevekep:  29.11.2021, 12:56:11] --> pitekekisog appeared
[pokopevekep:  29.11.2021, 12:57:10] --> 10 shards collected, now going to talk to alchemist: pokopevekep
[pokopevekep:  29.11.2021, 12:57:10] --> Character went to Alchemist: pokopevekep
[pokopevekep:  29.11.2021, 12:57:14] --> Character got kick
[pokopevekep:  29.11.2021, 12:57:45] --> tidilapikiv appeared
[pokopevekep:  29.11.2021, 12:58:01] --> Character was kicked from the bot, reason: Character was walking
[pokopevekep:  29.11.2021, 12:58:07] --> kizawuzuvu appeared
[pokopevekep:  29.11.2021, 12:58:25] --> Character was kicked from the bot, reason: Character was walking
[pokopevekep:  29.11.2021, 12:58:57] --> pitekekisog appeared
[pokopevekep:  29.11.2021, 12:58:58] --> Character was kicked from the bot, reason: Character was walking
[pokopevekep:  29.11.2021, 12:59:24] --> BaeVisoR67 appeared
[pokopevekep:  29.11.2021, 12:59:55] --> Character leveled up to level 32
[pokopevekep:  29.11.2021, 12:59:58] --> wiremasezop appeared
[pokopevekep:  29.11.2021, 13:00:14] --> BaeVisoR67 appeared
[pokopevekep:  29.11.2021, 13:00:38] --> BaeVisoR67 appeared
[pokopevekep:  29.11.2021, 13:01:11] --> pikofezoza appeared
[pokopevekep:  29.11.2021, 13:01:21] --> wiremasezop appeared
[pokopevekep:  29.11.2021, 13:01:53] --> BaeVisoR67 appeared
[pokopevekep:  29.11.2021, 13:02:17] --> wiremasezop appeared
[pokopevekep:  29.11.2021, 13:02:26] --> wiremasezop appeared
[pokopevekep:  29.11.2021, 13:02:30] --> wiremasezop appeared
[pokopevekep:  29.11.2021, 13:02:37] --> wiremasezop appeared
[pokopevekep:  29.11.2021, 13:02:42] --> wiremasezop appeared
[pokopevekep:  29.11.2021, 13:03:08] --> BaeVisoR67 appeared
[pokopevekep:  29.11.2021, 13:03:32] --> pezevifibiro appeared
[pokopevekep:  29.11.2021, 13:03:56] --> wiremasezop appeared
[pokopevekep:  29.11.2021, 13:04:19] --> wiremasezop appeared
[pokopevekep:  29.11.2021, 13:04:40] --> wiremasezop appeared
[pokopevekep:  29.11.2021, 13:04:44] --> wiremasezop appeared
[pokopevekep:  29.11.2021, 13:05:05] --> wiremasezop appeared
[pokopevekep:  29.11.2021, 13:05:32] --> BaeVisoR67 appeared
[pokopevekep:  29.11.2021, 13:05:52] --> wiremasezop appeared
[pokopevekep:  29.11.2021, 13:05:56] --> wiremasezop appeared
[pokopevekep:  29.11.2021, 13:06:04] --> wiremasezop appeared
[pokopevekep:  29.11.2021, 13:06:20] --> wiremasezop appeared
[pokopevekep:  29.11.2021, 13:06:47] --> nuwozufuket appeared
[pokopevekep:  29.11.2021, 13:06:49] --> Character leveled up to level 33
[pokopevekep:  29.11.2021, 13:07:18] --> pikofezoza appeared
[pokopevekep:  29.11.2021, 13:07:31] --> wiremasezop appeared
[pokopevekep:  29.11.2021, 13:08:03] --> BaeVisoR67 appeared
[pokopevekep:  29.11.2021, 13:11:57] --> terurocurumo appeared
[pokopevekep:  29.11.2021, 13:12:01] --> terurocurumo appeared
[pokopevekep:  29.11.2021, 13:12:07] --> terurocurumo appeared
[pokopevekep:  29.11.2021, 13:12:23] --> terurocurumo appeared
[pokopevekep:  29.11.2021, 13:12:28] --> terurocurumo appeared
[pokopevekep:  29.11.2021, 13:14:08] --> Character leveled up to level 34
[pokopevekep:  29.11.2021, 13:15:30] --> Char changed: 5 dragon cors collected, total cor count: 5
[pokopevekep:  29.11.2021, 13:15:31] --> Character was kicked from the bot, reason: Changing character
[homozirakalu: 29.11.2021, 13:15:41] --> Time passed, now going to talk to alchemist: homozirakalu
[homozirakalu: 29.11.2021, 13:15:41] --> Character went to Alchemist: homozirakalu
[homozirakalu: 29.11.2021, 13:16:05] --> Character was kicked from the bot, reason: Character was walking
[homozirakalu: 29.11.2021, 13:16:11] --> kozozirebok appeared
[homozirakalu: 29.11.2021, 13:16:28] --> Character was kicked from the bot, reason: Character was walking
[homozirakalu: 29.11.2021, 13:16:37] --> wacivulopu appeared
[homozirakalu: 29.11.2021, 13:17:03] --> Character was kicked from the bot, reason: Character was walking
[homozirakalu: 29.11.2021, 13:17:06] --> BaeVisoR67 appeared
[homozirakalu: 29.11.2021, 13:17:29] --> wiremasezop appeared
[homozirakalu: 29.11.2021, 13:17:33] --> wiremasezop appeared
[homozirakalu: 29.11.2021, 13:18:14] --> wiremasezop appeared
[homozirakalu: 29.11.2021, 13:18:43] --> wiremasezop appeared
[homozirakalu: 29.11.2021, 13:18:50] --> rewupizegen appeared
[homozirakalu: 29.11.2021, 13:19:13] --> BaeVisoR67 appeared
[homozirakalu: 29.11.2021, 13:20:26] --> nuwozufuket appeared
[homozirakalu: 29.11.2021, 13:21:20] --> pezevifibiro appeared
[homozirakalu: 29.11.2021, 13:21:40] --> BaeVisoR67 appeared
[homozirakalu: 29.11.2021, 13:22:22] --> wiremasezop appeared
[homozirakalu: 29.11.2021, 13:22:34] --> rewupizegen appeared
[homozirakalu: 29.11.2021, 13:22:47] --> terurocurumo appeared
[homozirakalu: 29.11.2021, 13:22:49] --> wiremasezop appeared
[homozirakalu: 29.11.2021, 13:23:10] --> Character leveled up to level 32
[homozirakalu: 29.11.2021, 13:23:36] --> wiremasezop appeared
[homozirakalu: 29.11.2021, 13:24:02] --> 10 shards collected, now going to talk to alchemist: homozirakalu
[homozirakalu: 29.11.2021, 13:24:02] --> Character went to Alchemist: homozirakalu
[homozirakalu: 29.11.2021, 13:24:06] --> Character got kick
[homozirakalu: 29.11.2021, 13:24:47] --> zegozetewi appeared
[homozirakalu: 29.11.2021, 13:24:53] --> Character was kicked from the bot, reason: Character was walking
[homozirakalu: 29.11.2021, 13:25:16] --> Character was kicked from the bot, reason: Character was walking
[homozirakalu: 29.11.2021, 13:25:50] --> Character was kicked from the bot, reason: Character was walking
[homozirakalu: 29.11.2021, 13:25:53] --> wiremasezop appeared
[homozirakalu: 29.11.2021, 13:26:15] --> BaeVisoR67 appeared
[homozirakalu: 29.11.2021, 13:26:44] --> rewupizegen appeared
[homozirakalu: 29.11.2021, 13:27:00] --> wiremasezop appeared
[homozirakalu: 29.11.2021, 13:27:25] --> wiremasezop appeared
[homozirakalu: 29.11.2021, 13:27:26] --> wiremasezop appeared
[homozirakalu: 29.11.2021, 13:27:44] --> terurocurumo appeared
[homozirakalu: 29.11.2021, 13:28:41] --> BaeVisoR67 appeared
[homozirakalu: 29.11.2021, 13:29:27] --> wiremasezop appeared
[homozirakalu: 29.11.2021, 13:29:56] --> BaeVisoR67 appeared
[homozirakalu: 29.11.2021, 13:30:48] --> terurocurumo appeared
[homozirakalu: 29.11.2021, 13:31:12] --> BaeVisoR67 appeared
[homozirakalu: 29.11.2021, 13:31:28] --> terurocurumo appeared
[homozirakalu: 29.11.2021, 13:32:04] --> BaeVisoR67 appeared
[homozirakalu: 29.11.2021, 13:32:29] --> BaeVisoR67 appeared
[homozirakalu: 29.11.2021, 13:32:57] --> Character leveled up to level 33
[homozirakalu: 29.11.2021, 13:32:57] --> rewupizegen appeared
[homozirakalu: 29.11.2021, 13:33:14] --> wiremasezop appeared
[homozirakalu: 29.11.2021, 13:33:18] --> wiremasezop appeared
[homozirakalu: 29.11.2021, 13:33:39] --> falilunekabo appeared
[homozirakalu: 29.11.2021, 13:33:42] --> wiremasezop appeared
[homozirakalu: 29.11.2021, 13:34:10] --> wiremasezop appeared
[homozirakalu: 29.11.2021, 13:34:24] --> nuwozufuket appeared
[homozirakalu: 29.11.2021, 13:34:30] --> wiremasezop appeared
[homozirakalu: 29.11.2021, 13:34:50] --> kozozirebok appeared
[homozirakalu: 29.11.2021, 13:34:58] --> BaeVisoR67 appeared
[homozirakalu: 29.11.2021, 13:35:22] --> wiremasezop appeared
[homozirakalu: 29.11.2021, 13:35:27] --> wiremasezop appeared
[homozirakalu: 29.11.2021, 13:35:31] --> nuwozufuket appeared
[homozirakalu: 29.11.2021, 13:35:44] --> wiremasezop appeared
[homozirakalu: 29.11.2021, 13:36:13] --> BaeVisoR67 appeared
[homozirakalu: 29.11.2021, 13:36:43] --> falilunekabo appeared
[homozirakalu: 29.11.2021, 13:36:57] --> wiremasezop appeared
[homozirakalu: 29.11.2021, 13:37:27] --> BaeVisoR67 appeared
[homozirakalu: 29.11.2021, 13:38:07] --> wiremasezop appeared
[homozirakalu: 29.11.2021, 13:38:13] --> wiremasezop appeared
[homozirakalu: 29.11.2021, 13:38:42] --> Character got kick
[homozirakalu: 29.11.2021, 13:38:50] --> BaeVisoR67 appeared
[homozirakalu: 29.11.2021, 13:39:11] --> wiremasezop appeared
[homozirakalu: 29.11.2021, 13:40:07] --> BaeVisoR67 appeared
[homozirakalu: 29.11.2021, 13:40:38] --> pezevifibiro appeared
[homozirakalu: 29.11.2021, 13:40:48] --> wiremasezop appeared
[homozirakalu: 29.11.2021, 13:40:57] --> Character got kick
[homozirakalu: 29.11.2021, 13:41:55] --> wiremasezop appeared
[homozirakalu: 29.11.2021, 13:42:18] --> wiremasezop appeared
[homozirakalu: 29.11.2021, 13:42:32] --> BaeVisoR67 appeared
[homozirakalu: 29.11.2021, 13:42:47] --> wiremasezop appeared
[homozirakalu: 29.11.2021, 13:42:56] --> Character got kick
[homozirakalu: 29.11.2021, 13:43:07] --> nuwozufuket appeared
[homozirakalu: 29.11.2021, 13:43:28] --> wiremasezop appeared
[homozirakalu: 29.11.2021, 13:43:50] --> wiremasezop appeared
[homozirakalu: 29.11.2021, 13:43:54] --> terurocurumo appeared
[homozirakalu: 29.11.2021, 13:44:04] --> Character leveled up to level 34
[homozirakalu: 29.11.2021, 13:44:05] --> BaeVisoR67 appeared
[homozirakalu: 29.11.2021, 13:44:17] --> wiremasezop appeared
[homozirakalu: 29.11.2021, 13:44:27] --> BaeVisoR67 appeared
[homozirakalu: 29.11.2021, 13:45:15] --> wiremasezop appeared
[homozirakalu: 29.11.2021, 13:45:38] --> BaeVisoR67 appeared
[homozirakalu: 29.11.2021, 13:46:11] --> pezevifibiro appeared
[homozirakalu: 29.11.2021, 13:46:30] --> BaeVisoR67 appeared
[homozirakalu: 29.11.2021, 13:46:58] --> BaeVisoR67 appeared
[homozirakalu: 29.11.2021, 13:47:40] --> wiremasezop appeared
[homozirakalu: 29.11.2021, 13:48:34] --> fovuvaruzibi appeared
[homozirakalu: 29.11.2021, 13:48:44] --> wiremasezop appeared
[homozirakalu: 29.11.2021, 13:48:48] --> wiremasezop appeared
[homozirakalu: 29.11.2021, 13:48:55] --> wiremasezop appeared
[homozirakalu: 29.11.2021, 13:49:00] --> fovuvaruzibi appeared
[homozirakalu: 29.11.2021, 13:50:13] --> wiremasezop appeared
[homozirakalu: 29.11.2021, 13:50:14] --> wiremasezop appeared
[homozirakalu: 29.11.2021, 13:50:23] --> Character died
[homozirakalu: 29.11.2021, 13:50:40] --> fovuvaruzibi appeared
[homozirakalu: 29.11.2021, 13:50:57] --> Character died
[homozirakalu: 29.11.2021, 13:53:35] --> Character died
[homozirakalu: 29.11.2021, 13:53:35] --> wiremasezop appeared
[homozirakalu: 29.11.2021, 13:53:38] --> wiremasezop appeared
[homozirakalu: 29.11.2021, 13:54:20] --> Character got kick
[homozirakalu: 29.11.2021, 13:54:28] --> fovuvaruzibi appeared
[homozirakalu: 29.11.2021, 13:54:48] --> Character got kick
[homozirakalu: 29.11.2021, 13:55:23] --> Character got kick
[homozirakalu: 29.11.2021, 13:55:31] --> BaeVisoR67 appeared
[homozirakalu: 29.11.2021, 13:55:59] --> fovuvaruzibi appeared
[homozirakalu: 29.11.2021, 13:56:25] --> kezikotoku appeared
[homozirakalu: 29.11.2021, 13:56:53] --> BaeVisoR67 appeared
[homozirakalu: 29.11.2021, 13:57:15] --> Char changed: 5 dragon cors collected, total cor count: 5
[homozirakalu: 29.11.2021, 13:57:15] --> Character was kicked from the bot, reason: Changing character
[kezonasufe:   29.11.2021, 13:57:26] --> Time passed, now going to talk to alchemist: kezonasufe
[kezonasufe:   29.11.2021, 13:57:26] --> Character went to Alchemist: kezonasufe
[kezonasufe:   29.11.2021, 13:57:39] --> Character was kicked from the bot, reason: Character was walking
[kezonasufe:   29.11.2021, 13:57:50] --> Character was kicked from the bot, reason: Character was walking
[kezonasufe:   29.11.2021, 13:57:55] --> kozozirebok appeared
[kezonasufe:   29.11.2021, 13:58:13] --> Character was kicked from the bot, reason: Character was walking
[kezonasufe:   29.11.2021, 13:58:47] --> Character was kicked from the bot, reason: Character was walking
[kezonasufe:   29.11.2021, 13:58:51] --> BaeVisoR67 appeared
[kezonasufe:   29.11.2021, 13:59:29] --> wiremasezop appeared
[kezonasufe:   29.11.2021, 13:59:42] --> BaeVisoR67 appeared
[kezonasufe:   29.11.2021, 14:00:07] --> BaeVisoR67 appeared
[kezonasufe:   29.11.2021, 14:00:48] --> fovuvaruzibi appeared
[kezonasufe:   29.11.2021, 14:01:21] --> BaeVisoR67 appeared
[kezonasufe:   29.11.2021, 14:01:44] --> wiremasezop appeared
[kezonasufe:   29.11.2021, 14:02:28] --> wiremasezop appeared
[kezonasufe:   29.11.2021, 14:02:36] --> BaeVisoR67 appeared
[kezonasufe:   29.11.2021, 14:02:58] --> wiremasezop appeared
[kezonasufe:   29.11.2021, 14:03:07] --> pezevifibiro appeared
[kezonasufe:   29.11.2021, 14:03:15] --> fovuvaruzibi appeared
[kezonasufe:   29.11.2021, 14:03:27] --> BaeVisoR67 appeared
[kezonasufe:   29.11.2021, 14:03:47] --> wiremasezop appeared
[kezonasufe:   29.11.2021, 14:05:01] --> nuwozufuket appeared
[kezonasufe:   29.11.2021, 14:05:32] --> desibevesanu appeared
[kezonasufe:   29.11.2021, 14:05:43] --> 10 shards collected, now going to talk to alchemist: kezonasufe
[kezonasufe:   29.11.2021, 14:05:43] --> Character went to Alchemist: kezonasufe
[kezonasufe:   29.11.2021, 14:05:44] --> wiremasezop appeared
[kezonasufe:   29.11.2021, 14:05:47] --> Character got kick
[kezonasufe:   29.11.2021, 14:06:28] --> kozozirebok appeared
[kezonasufe:   29.11.2021, 14:06:35] --> Character was kicked from the bot, reason: Character was walking
[kezonasufe:   29.11.2021, 14:06:40] --> kozozirebok appeared
[kezonasufe:   29.11.2021, 14:06:57] --> Character was kicked from the bot, reason: Character was walking
[kezonasufe:   29.11.2021, 14:07:03] --> kovakosuzewa appeared
[kezonasufe:   29.11.2021, 14:07:31] --> Character was kicked from the bot, reason: Character was walking
[kezonasufe:   29.11.2021, 14:07:34] --> desibevesanu appeared
[kezonasufe:   29.11.2021, 14:08:15] --> Character leveled up to level 32
[kezonasufe:   29.11.2021, 14:09:48] --> fovuvaruzibi appeared
[kezonasufe:   29.11.2021, 14:09:59] --> fovuvaruzibi appeared
[kezonasufe:   29.11.2021, 14:10:48] --> fovuvaruzibi appeared
[kezonasufe:   29.11.2021, 14:17:40] --> Character leveled up to level 33
[kezonasufe:   29.11.2021, 14:20:30] --> pezevifibiro appeared
[kezonasufe:   29.11.2021, 14:20:42] --> wiremasezop appeared
[kezonasufe:   29.11.2021, 14:20:54] --> nuwozufuket appeared
[kezonasufe:   29.11.2021, 14:20:55] --> nuwozufuket appeared
[kezonasufe:   29.11.2021, 14:21:21] --> wiremasezop appeared
[kezonasufe:   29.11.2021, 14:22:08] --> wiremasezop appeared
[kezonasufe:   29.11.2021, 14:22:35] --> BaeVisoR67 appeared
[kezonasufe:   29.11.2021, 14:22:52] --> kiberobofe appeared
[kezonasufe:   29.11.2021, 14:23:08] --> wiremasezop appeared
[kezonasufe:   29.11.2021, 14:23:24] --> wiremasezop appeared
[kezonasufe:   29.11.2021, 14:23:51] --> BaeVisoR67 appeared
[kezonasufe:   29.11.2021, 14:24:22] --> pezevifibiro appeared
[kezonasufe:   29.11.2021, 14:24:32] --> wiremasezop appeared
[kezonasufe:   29.11.2021, 14:25:04] --> BaeVisoR67 appeared
[kezonasufe:   29.11.2021, 14:25:39] --> wiremasezop appeared
[kezonasufe:   29.11.2021, 14:25:44] --> kezikotoku appeared
[kezonasufe:   29.11.2021, 14:26:21] --> ficigidikok appeared
[kezonasufe:   29.11.2021, 14:26:50] --> nuwozufuket appeared
[kezonasufe:   29.11.2021, 14:27:01] --> wiremasezop appeared
[kezonasufe:   29.11.2021, 14:27:24] --> Character leveled up to level 34
[kezonasufe:   29.11.2021, 14:27:28] --> wiremasezop appeared
[kezonasufe:   29.11.2021, 14:27:35] --> BaeVisoR67 appeared
[kezonasufe:   29.11.2021, 14:27:58] --> wiremasezop appeared
[kezonasufe:   29.11.2021, 14:28:17] --> wiremasezop appeared
[kezonasufe:   29.11.2021, 14:28:26] --> BaeVisoR67 appeared
[kezonasufe:   29.11.2021, 14:28:51] --> wiremasezop appeared
[kezonasufe:   29.11.2021, 14:30:05] --> BaeVisoR67 appeared
[kezonasufe:   29.11.2021, 14:30:45] --> wiremasezop appeared
[kezonasufe:   29.11.2021, 14:30:55] --> nuwozufuket appeared
[kezonasufe:   29.11.2021, 14:31:19] --> BaeVisoR67 appeared
[kezonasufe:   29.11.2021, 14:31:36] --> kezikotoku appeared
[kezonasufe:   29.11.2021, 14:31:49] --> ficigidikok appeared
[kezonasufe:   29.11.2021, 14:31:58] --> kiberobofe appeared
[kezonasufe:   29.11.2021, 14:32:30] --> recazacovof appeared
[kezonasufe:   29.11.2021, 14:32:50] --> wiremasezop appeared
[kezonasufe:   29.11.2021, 14:33:44] --> BaeVisoR67 appeared
[kezonasufe:   29.11.2021, 14:34:08] --> nuwozufuket appeared
[kezonasufe:   29.11.2021, 14:34:27] --> kiberobofe appeared
[kezonasufe:   29.11.2021, 14:34:57] --> BaeVisoR67 appeared
[kezonasufe:   29.11.2021, 14:35:27] --> pezevifibiro appeared
[kezonasufe:   29.11.2021, 14:35:43] --> kiberobofe appeared
[kezonasufe:   29.11.2021, 14:36:13] --> BaeVisoR67 appeared
[kezonasufe:   29.11.2021, 14:36:34] --> Character leveled up to level 35
[kezonasufe:   29.11.2021, 14:36:40] --> nuwozufuket appeared
[kezonasufe:   29.11.2021, 14:36:49] --> wiremasezop appeared
[kezonasufe:   29.11.2021, 14:37:26] --> BaeVisoR67 appeared
[kezonasufe:   29.11.2021, 14:37:59] --> pezevifibiro appeared
[kezonasufe:   29.11.2021, 14:38:09] --> kiberobofe appeared
[kezonasufe:   29.11.2021, 14:38:39] --> BaeVisoR67 appeared
[kezonasufe:   29.11.2021, 14:39:05] --> wiremasezop appeared
[kezonasufe:   29.11.2021, 14:39:53] --> kufabegoparo appeared
[kezonasufe:   29.11.2021, 14:40:09] --> Char changed: 5 dragon cors collected, total cor count: 5
[kezonasufe:   29.11.2021, 14:40:10] --> Character was kicked from the bot, reason: Changing character
[pipufebihira: 29.11.2021, 14:40:45] --> Time passed, now going to talk to alchemist: pipufebihira
[pipufebihira: 29.11.2021, 14:40:45] --> Character went to Alchemist: pipufebihira
[pipufebihira: 29.11.2021, 14:40:53] --> sipezikuzow appeared
[pipufebihira: 29.11.2021, 14:40:58] --> Character was kicked from the bot, reason: Character was walking
[pipufebihira: 29.11.2021, 14:41:10] --> Character was kicked from the bot, reason: Character was walking
[pipufebihira: 29.11.2021, 14:41:15] --> sorawekaza appeared
[pipufebihira: 29.11.2021, 14:41:32] --> Character was kicked from the bot, reason: Character was walking
[pipufebihira: 29.11.2021, 14:41:50] --> sorawekaza appeared
[pipufebihira: 29.11.2021, 14:42:00] --> sorawekaza appeared
[pipufebihira: 29.11.2021, 14:42:06] --> Character was kicked from the bot, reason: Character was walking
[pipufebihira: 29.11.2021, 14:42:37] --> nuwozufuket appeared
[pipufebihira: 29.11.2021, 14:43:25] --> BaeVisoR67 appeared
[pipufebihira: 29.11.2021, 14:43:46] --> wiremasezop appeared
[pipufebihira: 29.11.2021, 14:44:14] --> kiberobofe appeared
[pipufebihira: 29.11.2021, 14:44:40] --> BaeVisoR67 appeared
[pipufebihira: 29.11.2021, 14:45:00] --> wiremasezop appeared
[pipufebihira: 29.11.2021, 14:45:51] --> wiremasezop appeared
[pipufebihira: 29.11.2021, 14:45:53] --> kufabegoparo appeared
[pipufebihira: 29.11.2021, 14:46:16] --> wiremasezop appeared
[pipufebihira: 29.11.2021, 14:46:36] --> wiremasezop appeared
[pipufebihira: 29.11.2021, 14:46:42] --> kiberobofe appeared
[pipufebihira: 29.11.2021, 14:47:05] --> wiremasezop appeared
[pipufebihira: 29.11.2021, 14:47:42] --> kezikotoku appeared
[pipufebihira: 29.11.2021, 14:47:55] --> kiberobofe appeared
[pipufebihira: 29.11.2021, 14:48:22] --> BaeVisoR67 appeared
[pipufebihira: 29.11.2021, 14:48:44] --> Character leveled up to level 32
[pipufebihira: 29.11.2021, 14:48:51] --> pezevifibiro appeared
[pipufebihira: 29.11.2021, 14:49:06] --> nuwozufuket appeared
[pipufebihira: 29.11.2021, 14:49:35] --> BaeVisoR67 appeared
[pipufebihira: 29.11.2021, 14:50:27] --> kiberobofe appeared
[pipufebihira: 29.11.2021, 14:51:30] --> wiremasezop appeared
[pipufebihira: 29.11.2021, 14:51:40] --> kiberobofe appeared
[pipufebihira: 29.11.2021, 14:51:56] --> wiremasezop appeared
[pipufebihira: 29.11.2021, 14:52:05] --> BaeVisoR67 appeared
[pipufebihira: 29.11.2021, 14:52:19] --> 10 shards collected, now going to talk to alchemist: pipufebihira
[pipufebihira: 29.11.2021, 14:52:19] --> Character went to Alchemist: pipufebihira
[pipufebihira: 29.11.2021, 14:52:22] --> Character was kicked from the bot, reason: Character was walking
[pipufebihira: 29.11.2021, 14:52:52] --> tidilapikiv appeared
[pipufebihira: 29.11.2021, 14:53:09] --> Character was kicked from the bot, reason: Character was walking
[pipufebihira: 29.11.2021, 14:53:20] --> gomazepiko appeared
[pipufebihira: 29.11.2021, 14:53:32] --> Character was kicked from the bot, reason: Character was walking
[pipufebihira: 29.11.2021, 14:53:36] --> zohohusasubo appeared
[pipufebihira: 29.11.2021, 14:54:13] --> Character was kicked from the bot, reason: Character was walking
[pipufebihira: 29.11.2021, 14:54:23] --> fikapubazu appeared
[pipufebihira: 29.11.2021, 14:54:51] --> nuwozufuket appeared
[pipufebihira: 29.11.2021, 14:54:53] --> Character was kicked from the bot, reason: Character was walking
[pipufebihira: 29.11.2021, 14:55:21] --> wiremasezop appeared
[pipufebihira: 29.11.2021, 14:55:26] --> wiremasezop appeared
[pipufebihira: 29.11.2021, 14:55:43] --> wiremasezop appeared
[pipufebihira: 29.11.2021, 14:56:07] --> ketalubamara appeared
[pipufebihira: 29.11.2021, 14:56:14] --> BaeVisoR67 appeared
[pipufebihira: 29.11.2021, 14:56:53] --> wiremasezop appeared
[pipufebihira: 29.11.2021, 14:57:26] --> kozozirebok appeared
[pipufebihira: 29.11.2021, 14:57:46] --> kapezugikipa appeared
[pipufebihira: 29.11.2021, 14:58:18] --> wiremasezop appeared
[pipufebihira: 29.11.2021, 14:58:36] --> Character got kick
[pipufebihira: 29.11.2021, 14:58:55] --> Character got kick
[pipufebihira: 29.11.2021, 14:59:11] --> kapezugikipa appeared
[pipufebihira: 29.11.2021, 14:59:31] --> Character leveled up to level 33
[pipufebihira: 29.11.2021, 14:59:37] --> nuwozufuket appeared
[pipufebihira: 29.11.2021, 14:59:51] --> kapezugikipa appeared
[pipufebihira: 29.11.2021, 15:00:20] --> Character got kick
[pipufebihira: 29.11.2021, 15:00:27] --> kapezugikipa appeared
[pipufebihira: 29.11.2021, 15:00:56] --> wiremasezop appeared
[pipufebihira: 29.11.2021, 15:00:59] --> Character got kick
[pipufebihira: 29.11.2021, 15:01:11] --> wiremasezop appeared
[pipufebihira: 29.11.2021, 15:01:24] --> kapezugikipa appeared
[pipufebihira: 29.11.2021, 15:01:26] --> Character got kick
[pipufebihira: 29.11.2021, 15:02:06] --> wiremasezop appeared
