[tohiriropi:   28.11.2021, 14:08:44] --> Bot successfully started
[tohiriropi:   28.11.2021, 14:08:44] --> darunilite appeared
[tohiriropi:   28.11.2021, 14:24:26] --> Changing into CH9
[tohiriropi:   28.11.2021, 14:25:02] --> Character was kicked from the bot, reason: Changing character
[tohiriropi:   28.11.2021, 14:26:53] --> Character was kicked from the bot, reason: Changing character
[fuzipiduza:   28.11.2021, 14:28:40] --> Character was kicked from the bot, reason: Changing character
[kutevetufoz:  28.11.2021, 14:30:31] --> Character was kicked from the bot, reason: Changing character
[fozurofadik:  28.11.2021, 14:32:18] --> Character was kicked from the bot, reason: Changing character
[fozurofadik:  28.11.2021, 14:32:32] --> Character was kicked from the bot, reason: Changing character
[besevupavawe: 28.11.2021, 14:34:08] --> Character was kicked from the bot, reason: Changing character
[tohiriropi:   28.11.2021, 15:10:42] --> Bot successfully started
[tohiriropi:   28.11.2021, 15:10:42] --> Setting '1' loaded because of active level settings
[tohiriropi:   28.11.2021, 15:10:42] --> darunilite appeared
[tohiriropi:   28.11.2021, 15:10:49] --> Character went to saleswoman
[tohiriropi:   28.11.2021, 15:10:52] --> Character was kicked from the bot, reason: Character was walking
[tohiriropi:   28.11.2021, 15:11:24] --> Character was kicked from the bot, reason: Character was walking
[tohiriropi:   28.11.2021, 15:11:37] --> Character leveled up to level 4
[tohiriropi:   28.11.2021, 15:11:38] --> Character leveled up to level 6
[tohiriropi:   28.11.2021, 15:11:39] --> Character leveled up to level 7
[tohiriropi:   28.11.2021, 15:11:40] --> Character leveled up to level 8
[tohiriropi:   28.11.2021, 15:11:41] --> Character leveled up to level 9
[tohiriropi:   28.11.2021, 15:11:43] --> Character leveled up to level 10
[tohiriropi:   28.11.2021, 15:11:44] --> Character leveled up to level 11
[tohiriropi:   28.11.2021, 15:11:47] --> Character leveled up to level 12
[tohiriropi:   28.11.2021, 15:11:51] --> Character leveled up to level 13
[tohiriropi:   28.11.2021, 15:11:59] --> Character leveled up to level 14
[tohiriropi:   28.11.2021, 15:12:13] --> Character leveled up to level 15
[tohiriropi:   28.11.2021, 15:12:13] --> Setting '2' loaded because of active level settings
[tohiriropi:   28.11.2021, 15:12:25] --> Character was kicked from the bot, reason: Character was walking
[tohiriropi:   28.11.2021, 15:12:32] --> demaligotu appeared
[tohiriropi:   28.11.2021, 15:12:50] --> Character was kicked from the bot, reason: Character was walking
[tohiriropi:   28.11.2021, 15:12:54] --> zokepepawiko appeared
[tohiriropi:   28.11.2021, 15:13:45] --> refuzaruzuh appeared
[tohiriropi:   28.11.2021, 15:13:53] --> Character leveled up to level 16
[tohiriropi:   28.11.2021, 15:14:20] --> Character leveled up to level 17
[tohiriropi:   28.11.2021, 15:15:54] --> Character leveled up to level 18
[tohiriropi:   28.11.2021, 15:17:04] --> Character leveled up to level 19
[tohiriropi:   28.11.2021, 15:18:39] --> Character leveled up to level 20
[tohiriropi:   28.11.2021, 15:19:52] --> Character leveled up to level 21
[tohiriropi:   28.11.2021, 15:21:06] --> Character leveled up to level 22
[tohiriropi:   28.11.2021, 15:23:17] --> Character leveled up to level 23
[tohiriropi:   28.11.2021, 15:25:23] --> Character leveled up to level 24
[tohiriropi:   28.11.2021, 15:27:00] --> Character leveled up to level 25
[tohiriropi:   28.11.2021, 15:29:53] --> Character leveled up to level 26
[tohiriropi:   28.11.2021, 15:33:04] --> Character leveled up to level 27
[tohiriropi:   28.11.2021, 15:36:19] --> Character leveled up to level 28
[tohiriropi:   28.11.2021, 15:42:11] --> Character leveled up to level 29
[tohiriropi:   28.11.2021, 15:46:40] --> Character leveled up to level 30
[tohiriropi:   28.11.2021, 15:51:37] --> Character leveled up to level 31
[tohiriropi:   28.11.2021, 15:51:37] --> Bot terminated: Character reached level 31
[fuzipiduza:   28.11.2021, 15:52:44] --> Bot successfully started
[fuzipiduza:   28.11.2021, 15:52:44] --> Yaxitzu appeared
[fuzipiduza:   28.11.2021, 15:52:44] --> Setting '1' loaded because of active level settings
[fuzipiduza:   28.11.2021, 15:52:51] --> Character went to saleswoman
[fuzipiduza:   28.11.2021, 15:52:54] --> Character was kicked from the bot, reason: Character was walking
[fuzipiduza:   28.11.2021, 15:53:25] --> Character was kicked from the bot, reason: Character was walking
[fuzipiduza:   28.11.2021, 15:53:38] --> Character leveled up to level 4
[fuzipiduza:   28.11.2021, 15:53:39] --> Character leveled up to level 6
[fuzipiduza:   28.11.2021, 15:53:40] --> Character leveled up to level 8
[fuzipiduza:   28.11.2021, 15:53:41] --> Character leveled up to level 9
[fuzipiduza:   28.11.2021, 15:53:43] --> Character leveled up to level 10
[fuzipiduza:   28.11.2021, 15:53:48] --> Character leveled up to level 11
[fuzipiduza:   28.11.2021, 15:53:50] --> Character leveled up to level 12
[fuzipiduza:   28.11.2021, 15:53:54] --> Character leveled up to level 13
[fuzipiduza:   28.11.2021, 15:54:03] --> Character leveled up to level 14
[fuzipiduza:   28.11.2021, 15:54:18] --> Character leveled up to level 15
[fuzipiduza:   28.11.2021, 15:54:18] --> Setting '2' loaded because of active level settings
[fuzipiduza:   28.11.2021, 15:54:31] --> Character was kicked from the bot, reason: Character was walking
[fuzipiduza:   28.11.2021, 15:54:36] --> PJRT appeared
[fuzipiduza:   28.11.2021, 15:54:51] --> zehuvubetice appeared
[fuzipiduza:   28.11.2021, 15:54:56] --> Character was kicked from the bot, reason: Character was walking
[fuzipiduza:   28.11.2021, 15:56:16] --> Character leveled up to level 16
[fuzipiduza:   28.11.2021, 15:56:29] --> Character leveled up to level 17
[fuzipiduza:   28.11.2021, 15:57:45] --> Character leveled up to level 18
[fuzipiduza:   28.11.2021, 15:58:47] --> Character leveled up to level 19
[fuzipiduza:   28.11.2021, 16:00:28] --> Character leveled up to level 20
[fuzipiduza:   28.11.2021, 16:02:12] --> Character leveled up to level 21
[fuzipiduza:   28.11.2021, 16:03:40] --> Character leveled up to level 22
[fuzipiduza:   28.11.2021, 16:05:27] --> Character leveled up to level 23
[fuzipiduza:   28.11.2021, 16:06:50] --> Character leveled up to level 24
[fuzipiduza:   28.11.2021, 16:08:51] --> Character leveled up to level 25
[fuzipiduza:   28.11.2021, 16:12:23] --> Character leveled up to level 26
[fuzipiduza:   28.11.2021, 16:15:34] --> Character leveled up to level 27
[fuzipiduza:   28.11.2021, 16:18:12] --> Character leveled up to level 28
[fuzipiduza:   28.11.2021, 16:21:42] --> Character leveled up to level 29
[fuzipiduza:   28.11.2021, 16:26:00] --> Character leveled up to level 30
[fuzipiduza:   28.11.2021, 16:29:21] --> Character leveled up to level 31
[fuzipiduza:   28.11.2021, 16:29:22] --> Bot terminated: Character reached level 31
[kutevetufoz:  28.11.2021, 16:30:58] --> Bot successfully started
[kutevetufoz:  28.11.2021, 16:30:58] --> darunilite appeared
[kutevetufoz:  28.11.2021, 16:30:58] --> Setting '1' loaded because of active level settings
[kutevetufoz:  28.11.2021, 16:31:04] --> Character went to saleswoman
[kutevetufoz:  28.11.2021, 16:31:07] --> Character was kicked from the bot, reason: Character was walking
[kutevetufoz:  28.11.2021, 16:31:40] --> Character was kicked from the bot, reason: Character was walking
[kutevetufoz:  28.11.2021, 16:31:53] --> Character leveled up to level 2
[kutevetufoz:  28.11.2021, 16:31:54] --> Character leveled up to level 5
[kutevetufoz:  28.11.2021, 16:31:55] --> Character leveled up to level 7
[kutevetufoz:  28.11.2021, 16:31:57] --> Character leveled up to level 8
[kutevetufoz:  28.11.2021, 16:31:58] --> Character leveled up to level 9
[kutevetufoz:  28.11.2021, 16:32:00] --> Character leveled up to level 10
[kutevetufoz:  28.11.2021, 16:32:02] --> Character leveled up to level 11
[kutevetufoz:  28.11.2021, 16:32:04] --> Character leveled up to level 12
[kutevetufoz:  28.11.2021, 16:32:10] --> Character leveled up to level 13
[kutevetufoz:  28.11.2021, 16:32:24] --> Character leveled up to level 14
[kutevetufoz:  28.11.2021, 16:32:44] --> Character leveled up to level 15
[kutevetufoz:  28.11.2021, 16:32:45] --> Setting '2' loaded because of active level settings
[kutevetufoz:  28.11.2021, 16:32:52] --> rehakedemuka appeared
[kutevetufoz:  28.11.2021, 16:32:57] --> Character was kicked from the bot, reason: Character was walking
[kutevetufoz:  28.11.2021, 16:33:21] --> rehakedemuka appeared
[kutevetufoz:  28.11.2021, 16:33:23] --> Character was kicked from the bot, reason: Character was walking
[kutevetufoz:  28.11.2021, 16:34:58] --> Character leveled up to level 16
[kutevetufoz:  28.11.2021, 16:35:45] --> Character leveled up to level 17
[kutevetufoz:  28.11.2021, 16:36:32] --> Character leveled up to level 18
[kutevetufoz:  28.11.2021, 16:37:02] --> Character leveled up to level 19
[kutevetufoz:  28.11.2021, 16:37:09] --> vifazekewo appeared
[kutevetufoz:  28.11.2021, 16:37:23] --> Character leveled up to level 20
[kutevetufoz:  28.11.2021, 16:39:34] --> Character leveled up to level 21
[kutevetufoz:  28.11.2021, 16:41:19] --> Character leveled up to level 22
[kutevetufoz:  28.11.2021, 16:43:17] --> Character leveled up to level 23
[kutevetufoz:  28.11.2021, 16:44:42] --> Character leveled up to level 24
[kutevetufoz:  28.11.2021, 16:45:45] --> Character leveled up to level 25
[kutevetufoz:  28.11.2021, 16:46:58] --> Character leveled up to level 26
[kutevetufoz:  28.11.2021, 16:50:32] --> Character leveled up to level 27
[kutevetufoz:  28.11.2021, 16:53:26] --> Character leveled up to level 28
[kutevetufoz:  28.11.2021, 16:55:18] --> Character leveled up to level 29
[kutevetufoz:  28.11.2021, 16:59:10] --> Character leveled up to level 30
[kutevetufoz:  28.11.2021, 17:02:29] --> Character leveled up to level 31
[kutevetufoz:  28.11.2021, 17:02:30] --> Bot terminated: Character reached level 31
[fozurofadik:  28.11.2021, 17:03:46] --> Bot successfully started
[fozurofadik:  28.11.2021, 17:03:46] --> Setting '1' loaded because of active level settings
[fozurofadik:  28.11.2021, 17:03:46] --> darunilite appeared
[fozurofadik:  28.11.2021, 17:03:52] --> Character went to saleswoman
[fozurofadik:  28.11.2021, 17:03:56] --> Character was kicked from the bot, reason: Character was walking
[fozurofadik:  28.11.2021, 17:04:01] --> rakopefugoz appeared
[fozurofadik:  28.11.2021, 17:04:28] --> Character was kicked from the bot, reason: Character was walking
[fozurofadik:  28.11.2021, 17:04:41] --> Character leveled up to level 4
[fozurofadik:  28.11.2021, 17:04:42] --> Character leveled up to level 6
[fozurofadik:  28.11.2021, 17:04:43] --> Character leveled up to level 8
[fozurofadik:  28.11.2021, 17:04:45] --> Character leveled up to level 9
[fozurofadik:  28.11.2021, 17:04:54] --> Character leveled up to level 10
[fozurofadik:  28.11.2021, 17:04:56] --> Character leveled up to level 11
[fozurofadik:  28.11.2021, 17:04:57] --> Character leveled up to level 12
[fozurofadik:  28.11.2021, 17:05:00] --> pifinohato appeared
[fozurofadik:  28.11.2021, 17:05:14] --> Character leveled up to level 13
[fozurofadik:  28.11.2021, 17:05:22] --> Character leveled up to level 14
[fozurofadik:  28.11.2021, 17:05:47] --> Character leveled up to level 15
[fozurofadik:  28.11.2021, 17:05:47] --> Setting '2' loaded because of active level settings
[fozurofadik:  28.11.2021, 17:05:54] --> robaraduzoko appeared
[fozurofadik:  28.11.2021, 17:06:01] --> Character was kicked from the bot, reason: Character was walking
[fozurofadik:  28.11.2021, 17:06:27] --> Character was kicked from the bot, reason: Character was walking
[fozurofadik:  28.11.2021, 17:06:32] --> lowidobuto appeared
[fozurofadik:  28.11.2021, 17:07:02] --> Character leveled up to level 16
[fozurofadik:  28.11.2021, 17:07:38] --> Character leveled up to level 17
[fozurofadik:  28.11.2021, 17:08:10] --> Character leveled up to level 18
[fozurofadik:  28.11.2021, 17:09:01] --> Character leveled up to level 19
[fozurofadik:  28.11.2021, 17:10:10] --> Character leveled up to level 20
[fozurofadik:  28.11.2021, 17:12:13] --> Character leveled up to level 21
[fozurofadik:  28.11.2021, 17:12:53] --> furufupizih appeared
[fozurofadik:  28.11.2021, 17:13:29] --> Character leveled up to level 22
[fozurofadik:  28.11.2021, 17:13:34] --> robaraduzoko appeared
[fozurofadik:  28.11.2021, 17:13:41] --> tazevisuma appeared
[fozurofadik:  28.11.2021, 17:14:05] --> Character leveled up to level 23
[fozurofadik:  28.11.2021, 17:14:48] --> Character leveled up to level 24
[fozurofadik:  28.11.2021, 17:17:12] --> Character leveled up to level 25
[fozurofadik:  28.11.2021, 17:18:48] --> Character leveled up to level 26
[fozurofadik:  28.11.2021, 17:20:34] --> Character leveled up to level 27
[fozurofadik:  28.11.2021, 17:23:44] --> Character leveled up to level 28
[fozurofadik:  28.11.2021, 17:26:30] --> Character leveled up to level 29
[fozurofadik:  28.11.2021, 17:30:15] --> Character leveled up to level 30
[fozurofadik:  28.11.2021, 17:33:43] --> Character leveled up to level 31
[fozurofadik:  28.11.2021, 17:33:43] --> Bot terminated: Character reached level 31
[besevupavawe: 28.11.2021, 17:34:42] --> Bot successfully started
[besevupavawe: 28.11.2021, 17:34:43] --> darunilite appeared
[besevupavawe: 28.11.2021, 17:34:43] --> Setting '1' loaded because of active level settings
[besevupavawe: 28.11.2021, 17:34:49] --> Character went to saleswoman
[besevupavawe: 28.11.2021, 17:34:52] --> Character was kicked from the bot, reason: Character was walking
[besevupavawe: 28.11.2021, 17:35:25] --> Character was kicked from the bot, reason: Character was walking
[besevupavawe: 28.11.2021, 17:35:38] --> Character leveled up to level 5
[besevupavawe: 28.11.2021, 17:35:39] --> Character leveled up to level 7
[besevupavawe: 28.11.2021, 17:35:40] --> Character leveled up to level 9
[besevupavawe: 28.11.2021, 17:35:42] --> Character leveled up to level 10
[besevupavawe: 28.11.2021, 17:35:45] --> Character leveled up to level 11
[besevupavawe: 28.11.2021, 17:35:47] --> Character leveled up to level 12
[besevupavawe: 28.11.2021, 17:35:56] --> Character leveled up to level 13
[besevupavawe: 28.11.2021, 17:36:08] --> Character leveled up to level 14
[besevupavawe: 28.11.2021, 17:36:09] --> vitebezevov appeared
[besevupavawe: 28.11.2021, 17:36:34] --> vitebezevov appeared
[besevupavawe: 28.11.2021, 17:36:43] --> Character leveled up to level 15
[besevupavawe: 28.11.2021, 17:36:43] --> Setting '2' loaded because of active level settings
[besevupavawe: 28.11.2021, 17:36:49] --> vitebezevov appeared
[besevupavawe: 28.11.2021, 17:36:55] --> Character was kicked from the bot, reason: Character was walking
[besevupavawe: 28.11.2021, 17:37:00] --> xLLUVIAx appeared
[besevupavawe: 28.11.2021, 17:37:18] --> vitebezevov appeared
[besevupavawe: 28.11.2021, 17:37:21] --> Character was kicked from the bot, reason: Character was walking
[besevupavawe: 28.11.2021, 17:37:57] --> Character leveled up to level 16
[besevupavawe: 28.11.2021, 17:38:33] --> Character leveled up to level 17
[besevupavawe: 28.11.2021, 17:40:00] --> Character leveled up to level 18
[besevupavawe: 28.11.2021, 17:41:21] --> Character leveled up to level 19
[besevupavawe: 28.11.2021, 17:43:02] --> Character leveled up to level 20
[besevupavawe: 28.11.2021, 17:44:03] --> Character leveled up to level 21
[besevupavawe: 28.11.2021, 17:44:18] --> ragoroveke appeared
[besevupavawe: 28.11.2021, 17:44:29] --> hukozafeba appeared
[besevupavawe: 28.11.2021, 17:44:39] --> zivihukabov appeared
[besevupavawe: 28.11.2021, 17:44:55] --> Character leveled up to level 22
[besevupavawe: 28.11.2021, 17:47:28] --> Character leveled up to level 23
[besevupavawe: 28.11.2021, 17:49:34] --> Character leveled up to level 24
[besevupavawe: 28.11.2021, 17:51:45] --> Character leveled up to level 25
[besevupavawe: 28.11.2021, 17:52:47] --> Character leveled up to level 26
[besevupavawe: 28.11.2021, 17:54:11] --> Character leveled up to level 27
[besevupavawe: 28.11.2021, 17:55:49] --> Character leveled up to level 28
[besevupavawe: 28.11.2021, 17:58:39] --> Character leveled up to level 29
[besevupavawe: 28.11.2021, 18:00:49] --> Character leveled up to level 30
[besevupavawe: 28.11.2021, 18:05:02] --> Character leveled up to level 31
[besevupavawe: 28.11.2021, 18:05:04] --> Bot terminated: Character reached level 31
[tohiriropi:   29.11.2021, 10:52:32] --> Bot successfully started
[tohiriropi:   29.11.2021, 10:52:32] --> kopofotikin appeared
[tohiriropi:   29.11.2021, 10:52:38] --> Time passed, now going to talk to alchemist: tohiriropi
[tohiriropi:   29.11.2021, 10:52:38] --> Character went to Alchemist: tohiriropi
[tohiriropi:   29.11.2021, 10:52:41] --> Character was kicked from the bot, reason: Character was walking
[tohiriropi:   29.11.2021, 10:52:46] --> cazuropobip appeared
[tohiriropi:   29.11.2021, 10:53:02] --> Character was kicked from the bot, reason: Character was walking
[tohiriropi:   29.11.2021, 10:53:07] --> bupupariguva appeared
[tohiriropi:   29.11.2021, 10:53:25] --> Character was kicked from the bot, reason: Character was walking
[tohiriropi:   29.11.2021, 10:53:51] --> lahupakakof appeared
[tohiriropi:   29.11.2021, 10:53:59] --> Character was kicked from the bot, reason: Character was walking
[tohiriropi:   29.11.2021, 10:54:03] --> damokovafes appeared
[tohiriropi:   29.11.2021, 11:04:07] --> ropepukatip appeared
[tohiriropi:   29.11.2021, 11:04:12] --> ropepukatip appeared
[tohiriropi:   29.11.2021, 11:04:16] --> cezuzoruda appeared
[tohiriropi:   29.11.2021, 11:04:35] --> ropepukatip appeared
[tohiriropi:   29.11.2021, 11:05:09] --> damokovafes appeared
[tohiriropi:   29.11.2021, 11:05:17] --> ropepukatip appeared
[tohiriropi:   29.11.2021, 11:05:32] --> cezuzoruda appeared
[tohiriropi:   29.11.2021, 11:05:47] --> ropepukatip appeared
[tohiriropi:   29.11.2021, 11:06:03] --> damokovafes appeared
[tohiriropi:   29.11.2021, 11:06:07] --> Character leveled up to level 32
[tohiriropi:   29.11.2021, 11:06:19] --> 10 shards collected, now going to talk to alchemist: tohiriropi
[tohiriropi:   29.11.2021, 11:06:19] --> Character went to Alchemist: tohiriropi
[tohiriropi:   29.11.2021, 11:06:23] --> Character got kick
[tohiriropi:   29.11.2021, 11:07:00] --> Character was kicked from the bot, reason: Character was walking
[tohiriropi:   29.11.2021, 11:07:13] --> sabihucugap appeared
[tohiriropi:   29.11.2021, 11:07:16] --> Character was kicked from the bot, reason: Character was walking
[tohiriropi:   29.11.2021, 11:07:21] --> zulibakezazo appeared
[tohiriropi:   29.11.2021, 11:07:39] --> Character was kicked from the bot, reason: Character was walking
[tohiriropi:   29.11.2021, 11:07:47] --> rakopefugoz appeared
[tohiriropi:   29.11.2021, 11:08:13] --> Character was kicked from the bot, reason: Character was walking
[tohiriropi:   29.11.2021, 11:08:16] --> damokovafes appeared
[tohiriropi:   29.11.2021, 11:08:39] --> zafezazikuri appeared
[tohiriropi:   29.11.2021, 11:09:10] --> ropepukatip appeared
[tohiriropi:   29.11.2021, 11:09:56] --> zafezazikuri appeared
[tohiriropi:   29.11.2021, 11:10:10] --> cezuzoruda appeared
[tohiriropi:   29.11.2021, 11:10:28] --> zafezazikuri appeared
[tohiriropi:   29.11.2021, 11:11:13] --> zafezazikuri appeared
[tohiriropi:   29.11.2021, 11:11:24] --> kezoruguped appeared
[tohiriropi:   29.11.2021, 11:11:43] --> bibezubuziv appeared
[tohiriropi:   29.11.2021, 11:12:26] --> ropepukatip appeared
[tohiriropi:   29.11.2021, 11:12:55] --> ropepukatip appeared
[tohiriropi:   29.11.2021, 11:13:20] --> kezoruguped appeared
[tohiriropi:   29.11.2021, 11:13:40] --> zafezazikuri appeared
[tohiriropi:   29.11.2021, 11:14:53] --> zafezazikuri appeared
[tohiriropi:   29.11.2021, 11:15:14] --> ropepukatip appeared
[tohiriropi:   29.11.2021, 11:15:27] --> zafezazikuri appeared
[tohiriropi:   29.11.2021, 11:16:38] --> ropepukatip appeared
[tohiriropi:   29.11.2021, 11:17:23] --> zafezazikuri appeared
[tohiriropi:   29.11.2021, 11:17:34] --> cezuzoruda appeared
[tohiriropi:   29.11.2021, 11:17:41] --> ropepukatip appeared
[tohiriropi:   29.11.2021, 11:17:55] --> zafezazikuri appeared
[tohiriropi:   29.11.2021, 11:18:34] --> zafezazikuri appeared
[tohiriropi:   29.11.2021, 11:19:03] --> ropepukatip appeared
[tohiriropi:   29.11.2021, 11:19:48] --> ropepukatip appeared
[tohiriropi:   29.11.2021, 11:19:49] --> Character leveled up to level 33
[tohiriropi:   29.11.2021, 11:20:55] --> zafezazikuri appeared
[tohiriropi:   29.11.2021, 11:21:01] --> zafezazikuri appeared
[tohiriropi:   29.11.2021, 11:21:16] --> zafezazikuri appeared
[tohiriropi:   29.11.2021, 11:21:22] --> ropepukatip appeared
[tohiriropi:   29.11.2021, 11:21:33] --> lahupakakof appeared
[tohiriropi:   29.11.2021, 11:25:49] --> zafezazikuri appeared
[tohiriropi:   29.11.2021, 11:25:55] --> zafezazikuri appeared
[tohiriropi:   29.11.2021, 11:26:03] --> zafezazikuri appeared
[tohiriropi:   29.11.2021, 11:26:04] --> ceharimote appeared
[tohiriropi:   29.11.2021, 11:26:17] --> zafezazikuri appeared
[tohiriropi:   29.11.2021, 11:26:27] --> damokovafes appeared
[tohiriropi:   29.11.2021, 11:27:05] --> zafezazikuri appeared
[tohiriropi:   29.11.2021, 11:27:19] --> ceharimote appeared
[tohiriropi:   29.11.2021, 11:27:22] --> zafezazikuri appeared
[tohiriropi:   29.11.2021, 11:27:37] --> dadubiheka appeared
[tohiriropi:   29.11.2021, 11:28:26] --> lahupakakof appeared
[tohiriropi:   29.11.2021, 11:28:51] --> guvizamamuva appeared
[tohiriropi:   29.11.2021, 11:29:43] --> ceharimote appeared
[tohiriropi:   29.11.2021, 11:30:53] --> ropepukatip appeared
[tohiriropi:   29.11.2021, 11:31:05] --> zafezazikuri appeared
[tohiriropi:   29.11.2021, 11:31:20] --> damokovafes appeared
[tohiriropi:   29.11.2021, 11:31:59] --> ropepukatip appeared
[tohiriropi:   29.11.2021, 11:33:26] --> cezuzoruda appeared
[tohiriropi:   29.11.2021, 11:33:37] --> ropepukatip appeared
[tohiriropi:   29.11.2021, 11:34:31] --> ropepukatip appeared
[tohiriropi:   29.11.2021, 11:34:54] --> zafezazikuri appeared
[tohiriropi:   29.11.2021, 11:35:34] --> ropepukatip appeared
[tohiriropi:   29.11.2021, 11:35:35] --> Character leveled up to level 34
[tohiriropi:   29.11.2021, 11:35:45] --> lahupakakof appeared
[tohiriropi:   29.11.2021, 11:36:03] --> ropepukatip appeared
[tohiriropi:   29.11.2021, 11:36:08] --> ropepukatip appeared
[tohiriropi:   29.11.2021, 11:36:57] --> ropepukatip appeared
[tohiriropi:   29.11.2021, 11:37:18] --> ropepukatip appeared
[tohiriropi:   29.11.2021, 11:38:10] --> lahupakakof appeared
[tohiriropi:   29.11.2021, 11:39:14] --> ropepukatip appeared
[tohiriropi:   29.11.2021, 11:39:24] --> zafezazikuri appeared
[tohiriropi:   29.11.2021, 11:39:38] --> zafezazikuri appeared
[tohiriropi:   29.11.2021, 11:40:49] --> Char changed: 5 dragon cors collected, total cor count: 5
[tohiriropi:   29.11.2021, 11:40:50] --> Character was kicked from the bot, reason: Changing character
[fuzipiduza:   29.11.2021, 11:41:00] --> Time passed, now going to talk to alchemist: fuzipiduza
[fuzipiduza:   29.11.2021, 11:41:00] --> Character went to Alchemist: fuzipiduza
[fuzipiduza:   29.11.2021, 11:41:23] --> Character was kicked from the bot, reason: Character was walking
[fuzipiduza:   29.11.2021, 11:41:28] --> sabihucugap appeared
[fuzipiduza:   29.11.2021, 11:41:45] --> Character was kicked from the bot, reason: Character was walking
[fuzipiduza:   29.11.2021, 11:41:50] --> narapizusudu appeared
[fuzipiduza:   29.11.2021, 11:42:19] --> Character was kicked from the bot, reason: Character was walking
[fuzipiduza:   29.11.2021, 11:42:23] --> zafezazikuri appeared
[fuzipiduza:   29.11.2021, 11:50:33] --> 10 shards collected, now going to talk to alchemist: fuzipiduza
[fuzipiduza:   29.11.2021, 11:50:33] --> Character went to Alchemist: fuzipiduza
[fuzipiduza:   29.11.2021, 11:50:36] --> Character was kicked from the bot, reason: Character was walking
[fuzipiduza:   29.11.2021, 11:51:08] --> komukacafefu appeared
[fuzipiduza:   29.11.2021, 11:51:22] --> Character was kicked from the bot, reason: Character was walking
[fuzipiduza:   29.11.2021, 11:51:39] --> fogapapapeg appeared
[fuzipiduza:   29.11.2021, 11:51:45] --> Character was kicked from the bot, reason: Character was walking
[fuzipiduza:   29.11.2021, 11:52:06] --> rezusekevuba appeared
[fuzipiduza:   29.11.2021, 11:52:18] --> Character was kicked from the bot, reason: Character was walking
[fuzipiduza:   29.11.2021, 11:52:22] --> lahupakakof appeared
[fuzipiduza:   29.11.2021, 11:52:42] --> ropepukatip appeared
[fuzipiduza:   29.11.2021, 11:52:55] --> zafezazikuri appeared
[fuzipiduza:   29.11.2021, 11:53:08] --> ropepukatip appeared
[fuzipiduza:   29.11.2021, 11:53:53] --> ropepukatip appeared
[fuzipiduza:   29.11.2021, 11:55:15] --> lahupakakof appeared
[fuzipiduza:   29.11.2021, 11:55:30] --> ropepukatip appeared
[fuzipiduza:   29.11.2021, 11:55:44] --> damokovafes appeared
[fuzipiduza:   29.11.2021, 11:56:27] --> Character leveled up to level 32
[fuzipiduza:   29.11.2021, 11:56:45] --> ropepukatip appeared
[fuzipiduza:   29.11.2021, 11:56:54] --> ropepukatip appeared
[fuzipiduza:   29.11.2021, 11:57:45] --> lahupakakof appeared
[fuzipiduza:   29.11.2021, 11:58:28] --> husuwavemod appeared
[fuzipiduza:   29.11.2021, 11:58:50] --> ropepukatip appeared
[fuzipiduza:   29.11.2021, 11:59:19] --> ropepukatip appeared
[fuzipiduza:   29.11.2021, 11:59:29] --> fakotohoki appeared
[fuzipiduza:   29.11.2021, 11:59:53] --> ropepukatip appeared
[fuzipiduza:   29.11.2021, 12:00:14] --> ropepukatip appeared
[fuzipiduza:   29.11.2021, 12:00:35] --> ropepukatip appeared
[fuzipiduza:   29.11.2021, 12:00:40] --> lahupakakof appeared
[fuzipiduza:   29.11.2021, 12:01:16] --> ropepukatip appeared
[fuzipiduza:   29.11.2021, 12:01:35] --> wekibilalok appeared
[fuzipiduza:   29.11.2021, 12:01:53] --> lahupakakof appeared
[fuzipiduza:   29.11.2021, 12:02:31] --> ropepukatip appeared
[fuzipiduza:   29.11.2021, 12:02:38] --> ropepukatip appeared
[fuzipiduza:   29.11.2021, 12:02:41] --> ropepukatip appeared
[fuzipiduza:   29.11.2021, 12:03:02] --> ropepukatip appeared
[fuzipiduza:   29.11.2021, 12:03:11] --> damokovafes appeared
[fuzipiduza:   29.11.2021, 12:04:18] --> ropepukatip appeared
[fuzipiduza:   29.11.2021, 12:04:22] --> ropepukatip appeared
[fuzipiduza:   29.11.2021, 12:05:00] --> ropepukatip appeared
[fuzipiduza:   29.11.2021, 12:05:16] --> fakotohoki appeared
[fuzipiduza:   29.11.2021, 12:05:30] --> ropepukatip appeared
[fuzipiduza:   29.11.2021, 12:06:24] --> ropepukatip appeared
[fuzipiduza:   29.11.2021, 12:06:31] --> lahupakakof appeared
[fuzipiduza:   29.11.2021, 12:06:55] --> damokovafes appeared
[fuzipiduza:   29.11.2021, 12:07:32] --> ropepukatip appeared
[fuzipiduza:   29.11.2021, 12:07:45] --> fakotohoki appeared
[fuzipiduza:   29.11.2021, 12:08:05] --> damokovafes appeared
[fuzipiduza:   29.11.2021, 12:09:21] --> damokovafes appeared
[fuzipiduza:   29.11.2021, 12:10:00] --> Character leveled up to level 33
[fuzipiduza:   29.11.2021, 12:10:12] --> cezuzoruda appeared
[fuzipiduza:   29.11.2021, 12:10:30] --> ropepukatip appeared
[fuzipiduza:   29.11.2021, 12:10:38] --> damokovafes appeared
[fuzipiduza:   29.11.2021, 12:11:26] --> cezuzoruda appeared
[fuzipiduza:   29.11.2021, 12:11:46] --> ropepukatip appeared
[fuzipiduza:   29.11.2021, 12:12:56] --> lahupakakof appeared
[fuzipiduza:   29.11.2021, 12:13:02] --> damokovafes appeared
[fuzipiduza:   29.11.2021, 12:13:07] --> damokovafes appeared
[fuzipiduza:   29.11.2021, 12:14:04] --> ropepukatip appeared
[fuzipiduza:   29.11.2021, 12:14:18] --> lahupakakof appeared
[fuzipiduza:   29.11.2021, 12:14:59] --> ropepukatip appeared
[fuzipiduza:   29.11.2021, 12:15:26] --> ropepukatip appeared
[fuzipiduza:   29.11.2021, 12:17:27] --> ropepukatip appeared
[fuzipiduza:   29.11.2021, 12:17:46] --> ropepukatip appeared
[fuzipiduza:   29.11.2021, 12:18:01] --> damokovafes appeared
[fuzipiduza:   29.11.2021, 12:20:02] --> sudiwirukeno appeared
[fuzipiduza:   29.11.2021, 12:20:05] --> cezuzoruda appeared
[fuzipiduza:   29.11.2021, 12:20:21] --> sudiwirukeno appeared
[fuzipiduza:   29.11.2021, 12:20:28] --> sudiwirukeno appeared
[fuzipiduza:   29.11.2021, 12:22:04] --> Character leveled up to level 34
[fuzipiduza:   29.11.2021, 12:32:40] --> lahupakakof appeared
[fuzipiduza:   29.11.2021, 12:33:23] --> ropepukatip appeared
[fuzipiduza:   29.11.2021, 12:33:32] --> cezuzoruda appeared
[fuzipiduza:   29.11.2021, 12:33:48] --> ropepukatip appeared
[fuzipiduza:   29.11.2021, 12:35:04] --> Char changed: 5 dragon cors collected, total cor count: 5
[fuzipiduza:   29.11.2021, 12:35:04] --> Character was kicked from the bot, reason: Changing character
[kutevetufoz:  29.11.2021, 12:35:40] --> Time passed, now going to talk to alchemist: kutevetufoz
[kutevetufoz:  29.11.2021, 12:35:40] --> Character went to Alchemist: kutevetufoz
[kutevetufoz:  29.11.2021, 12:35:43] --> Character was kicked from the bot, reason: Character was walking
[kutevetufoz:  29.11.2021, 12:36:04] --> Character was kicked from the bot, reason: Character was walking
[kutevetufoz:  29.11.2021, 12:36:09] --> zopokepece appeared
[kutevetufoz:  29.11.2021, 12:36:27] --> Character was kicked from the bot, reason: Character was walking
[kutevetufoz:  29.11.2021, 12:36:32] --> kikofuzagi appeared
[kutevetufoz:  29.11.2021, 12:37:18] --> kefopatuwav appeared
[kutevetufoz:  29.11.2021, 12:37:18] --> Character was kicked from the bot, reason: Character was walking
[kutevetufoz:  29.11.2021, 12:38:35] --> damokovafes appeared
[kutevetufoz:  29.11.2021, 12:39:22] --> ropepukatip appeared
[kutevetufoz:  29.11.2021, 12:39:47] --> damokovafes appeared
[kutevetufoz:  29.11.2021, 12:40:24] --> ropepukatip appeared
[kutevetufoz:  29.11.2021, 12:40:40] --> cezuzoruda appeared
[kutevetufoz:  29.11.2021, 12:41:16] --> sudiwirukeno appeared
[kutevetufoz:  29.11.2021, 12:41:56] --> cezuzoruda appeared
[kutevetufoz:  29.11.2021, 12:42:05] --> sudiwirukeno appeared
[kutevetufoz:  29.11.2021, 12:42:38] --> sudiwirukeno appeared
[kutevetufoz:  29.11.2021, 12:42:58] --> lahupakakof appeared
[kutevetufoz:  29.11.2021, 12:43:05] --> 10 shards collected, now going to talk to alchemist: kutevetufoz
[kutevetufoz:  29.11.2021, 12:43:05] --> Character went to Alchemist: kutevetufoz
[kutevetufoz:  29.11.2021, 12:43:12] --> Character died
[kutevetufoz:  29.11.2021, 12:43:12] --> refipazihove appeared
[kutevetufoz:  29.11.2021, 12:43:15] --> siveharozeko appeared
[kutevetufoz:  29.11.2021, 12:43:29] --> Character was kicked from the bot, reason: Character was walking
[kutevetufoz:  29.11.2021, 12:43:34] --> bupupariguva appeared
[kutevetufoz:  29.11.2021, 12:43:52] --> Character was kicked from the bot, reason: Character was walking
[kutevetufoz:  29.11.2021, 12:43:56] --> siveharozeko appeared
[kutevetufoz:  29.11.2021, 12:44:08] --> siveharozeko appeared
[kutevetufoz:  29.11.2021, 12:45:18] --> Bot successfully started
[kutevetufoz:  29.11.2021, 12:45:18] --> ropepukatip appeared
[kutevetufoz:  29.11.2021, 12:45:26] --> Character was kicked from the bot, reason: Character was walking
[kutevetufoz:  29.11.2021, 12:45:30] --> damokovafes appeared
[kutevetufoz:  29.11.2021, 12:51:17] --> Character leveled up to level 32
[kutevetufoz:  29.11.2021, 13:01:49] --> ropepukatip appeared
[kutevetufoz:  29.11.2021, 13:02:02] --> barozekoruk appeared
[kutevetufoz:  29.11.2021, 13:02:36] --> damokovafes appeared
[kutevetufoz:  29.11.2021, 13:02:42] --> ropepukatip appeared
[kutevetufoz:  29.11.2021, 13:02:59] --> biberirazam appeared
[kutevetufoz:  29.11.2021, 13:03:01] --> sefefalube appeared
[kutevetufoz:  29.11.2021, 13:03:12] --> ropepukatip appeared
[kutevetufoz:  29.11.2021, 13:05:45] --> Character leveled up to level 33
[kutevetufoz:  29.11.2021, 13:18:30] --> ropepukatip appeared
[kutevetufoz:  29.11.2021, 13:19:45] --> Character leveled up to level 34
[kutevetufoz:  29.11.2021, 13:19:45] --> ropepukatip appeared
[kutevetufoz:  29.11.2021, 13:19:57] --> sefefalube appeared
[kutevetufoz:  29.11.2021, 13:20:03] --> ropepukatip appeared
[kutevetufoz:  29.11.2021, 13:20:15] --> borenodevera appeared
[kutevetufoz:  29.11.2021, 13:21:28] --> borenodevera appeared
[kutevetufoz:  29.11.2021, 13:22:26] --> wuviwakonel appeared
[kutevetufoz:  29.11.2021, 13:22:42] --> borenodevera appeared
[kutevetufoz:  29.11.2021, 13:23:23] --> borenodevera appeared
[kutevetufoz:  29.11.2021, 13:23:38] --> cezuzoruda appeared
[kutevetufoz:  29.11.2021, 13:23:53] --> ropepukatip appeared
[kutevetufoz:  29.11.2021, 13:24:38] --> borenodevera appeared
[kutevetufoz:  29.11.2021, 13:24:52] --> kozolusapeb appeared
[kutevetufoz:  29.11.2021, 13:24:57] --> wuviwakonel appeared
[kutevetufoz:  29.11.2021, 13:25:10] --> borenodevera appeared
[kutevetufoz:  29.11.2021, 13:25:50] --> borenodevera appeared
[kutevetufoz:  29.11.2021, 13:26:25] --> borenodevera appeared
[kutevetufoz:  29.11.2021, 13:27:05] --> borenodevera appeared
[kutevetufoz:  29.11.2021, 13:27:20] --> bakabetinahu appeared
[kutevetufoz:  29.11.2021, 13:27:41] --> kozolusapeb appeared
[kutevetufoz:  29.11.2021, 13:28:31] --> ropepukatip appeared
[kutevetufoz:  29.11.2021, 13:29:44] --> Char changed: 5 dragon cors collected, total cor count: 5
[kutevetufoz:  29.11.2021, 13:29:44] --> Character was kicked from the bot, reason: Changing character
[kutevetufoz:  29.11.2021, 13:29:50] --> kopofotikin appeared
[fozurofadik:  29.11.2021, 13:29:55] --> Time passed, now going to talk to alchemist: fozurofadik
[fozurofadik:  29.11.2021, 13:29:55] --> Character went to Alchemist: fozurofadik
[fozurofadik:  29.11.2021, 13:30:18] --> Character was kicked from the bot, reason: Character was walking
[fozurofadik:  29.11.2021, 13:30:24] --> bupupariguva appeared
[fozurofadik:  29.11.2021, 13:30:41] --> Character was kicked from the bot, reason: Character was walking
[fozurofadik:  29.11.2021, 13:31:16] --> Character was kicked from the bot, reason: Character was walking
[fozurofadik:  29.11.2021, 13:31:19] --> ropepukatip appeared
[fozurofadik:  29.11.2021, 13:36:46] --> 10 shards collected, now going to talk to alchemist: fozurofadik
[fozurofadik:  29.11.2021, 13:36:46] --> Character went to Alchemist: fozurofadik
[fozurofadik:  29.11.2021, 13:36:50] --> Character got kick
[fozurofadik:  29.11.2021, 13:37:32] --> vevepubuzak appeared
[fozurofadik:  29.11.2021, 13:37:38] --> Character was kicked from the bot, reason: Character was walking
[fozurofadik:  29.11.2021, 13:37:44] --> okkox2 appeared
[fozurofadik:  29.11.2021, 13:38:01] --> Character was kicked from the bot, reason: Character was walking
[fozurofadik:  29.11.2021, 13:38:20] --> narapizusudu appeared
[fozurofadik:  29.11.2021, 13:38:35] --> Character was kicked from the bot, reason: Character was walking
[fozurofadik:  29.11.2021, 13:40:49] --> Character got kick
[fozurofadik:  29.11.2021, 13:41:14] --> damokovafes appeared
[fozurofadik:  29.11.2021, 13:42:17] --> Bot successfully started
[fozurofadik:  29.11.2021, 13:42:18] --> damokovafes appeared
[fozurofadik:  29.11.2021, 13:42:23] --> damokovafes appeared
[fozurofadik:  29.11.2021, 13:43:08] --> ropepukatip appeared
[fozurofadik:  29.11.2021, 13:44:48] --> damokovafes appeared
[fozurofadik:  29.11.2021, 13:45:53] --> Character leveled up to level 32
[fozurofadik:  29.11.2021, 13:45:58] --> ropepukatip appeared
[fozurofadik:  29.11.2021, 13:46:47] --> borenodevera appeared
[fozurofadik:  29.11.2021, 13:51:04] --> ropepukatip appeared
[fozurofadik:  29.11.2021, 13:53:47] --> Character got kick
[fozurofadik:  29.11.2021, 13:53:57] --> damokovafes appeared
[fozurofadik:  29.11.2021, 13:54:02] --> ropepukatip appeared
[fozurofadik:  29.11.2021, 13:54:20] --> Character got kick
[fozurofadik:  29.11.2021, 13:54:27] --> cezuzoruda appeared
[fozurofadik:  29.11.2021, 13:54:36] --> ropepukatip appeared
[fozurofadik:  29.11.2021, 13:54:47] --> Character got kick
[fozurofadik:  29.11.2021, 13:55:05] --> borenodevera appeared
[fozurofadik:  29.11.2021, 13:56:00] --> cezuzoruda appeared
[fozurofadik:  29.11.2021, 13:56:10] --> ropepukatip appeared
[fozurofadik:  29.11.2021, 13:56:24] --> borenodevera appeared
[fozurofadik:  29.11.2021, 13:57:02] --> borenodevera appeared
[fozurofadik:  29.11.2021, 13:57:15] --> cezuzoruda appeared
[fozurofadik:  29.11.2021, 13:57:33] --> ropepukatip appeared
[fozurofadik:  29.11.2021, 13:57:37] --> Character got kick
[fozurofadik:  29.11.2021, 13:57:59] --> lahupakakof appeared
[fozurofadik:  29.11.2021, 13:58:09] --> ropepukatip appeared
[fozurofadik:  29.11.2021, 13:58:36] --> ropepukatip appeared
[fozurofadik:  29.11.2021, 13:58:51] --> cezuzoruda appeared
[fozurofadik:  29.11.2021, 13:59:04] --> ropepukatip appeared
[fozurofadik:  29.11.2021, 13:59:41] --> ropepukatip appeared
[fozurofadik:  29.11.2021, 13:59:52] --> ropepukatip appeared
[fozurofadik:  29.11.2021, 14:00:10] --> ropepukatip appeared
[fozurofadik:  29.11.2021, 14:00:27] --> ropepukatip appeared
[fozurofadik:  29.11.2021, 14:00:54] --> mubebuduke appeared
[fozurofadik:  29.11.2021, 14:01:02] --> damokovafes appeared
[fozurofadik:  29.11.2021, 14:01:07] --> lowidobuto appeared
[fozurofadik:  29.11.2021, 14:01:42] --> lowidobuto appeared
[fozurofadik:  29.11.2021, 14:02:20] --> lowidobuto appeared
[fozurofadik:  29.11.2021, 14:02:37] --> Character leveled up to level 33
[fozurofadik:  29.11.2021, 14:02:59] --> lowidobuto appeared
[fozurofadik:  29.11.2021, 14:05:40] --> Character got kick
[fozurofadik:  29.11.2021, 14:07:17] --> Bot successfully started
[fozurofadik:  29.11.2021, 14:07:17] --> kuwapapume appeared
[fozurofadik:  29.11.2021, 14:07:37] --> ropepukatip appeared
[fozurofadik:  29.11.2021, 14:08:01] --> lowidobuto appeared
[fozurofadik:  29.11.2021, 14:09:15] --> lowidobuto appeared
[fozurofadik:  29.11.2021, 14:10:28] --> ropepukatip appeared
[fozurofadik:  29.11.2021, 14:10:41] --> damokovafes appeared
[fozurofadik:  29.11.2021, 14:11:24] --> ropepukatip appeared
[fozurofadik:  29.11.2021, 14:11:32] --> cezuzoruda appeared
[fozurofadik:  29.11.2021, 14:11:44] --> lowidobuto appeared
[fozurofadik:  29.11.2021, 14:12:23] --> lowidobuto appeared
[fozurofadik:  29.11.2021, 14:12:45] --> ropepukatip appeared
[fozurofadik:  29.11.2021, 14:12:57] --> ropepukatip appeared
[fozurofadik:  29.11.2021, 14:13:52] --> ropepukatip appeared
[fozurofadik:  29.11.2021, 14:14:10] --> ropepukatip appeared
[fozurofadik:  29.11.2021, 14:15:02] --> ropepukatip appeared
[fozurofadik:  29.11.2021, 14:15:27] --> ropepukatip appeared
[fozurofadik:  29.11.2021, 14:16:26] --> cezuzoruda appeared
[fozurofadik:  29.11.2021, 14:16:37] --> ropepukatip appeared
[fozurofadik:  29.11.2021, 14:16:51] --> damokovafes appeared
[fozurofadik:  29.11.2021, 14:16:55] --> Char changed: 5 dragon cors collected, total cor count: 5
[fozurofadik:  29.11.2021, 14:16:56] --> Character was kicked from the bot, reason: Changing character
[besevupavawe: 29.11.2021, 14:17:32] --> Time passed, now going to talk to alchemist: besevupavawe
[besevupavawe: 29.11.2021, 14:17:32] --> Character went to Alchemist: besevupavawe
[besevupavawe: 29.11.2021, 14:17:56] --> Character was kicked from the bot, reason: Character was walking
[besevupavawe: 29.11.2021, 14:18:01] --> fogapapapeg appeared
[besevupavawe: 29.11.2021, 14:18:19] --> Character was kicked from the bot, reason: Character was walking
[besevupavawe: 29.11.2021, 14:18:24] --> koturenaleh appeared
[besevupavawe: 29.11.2021, 14:18:52] --> nivogekavoke appeared
[besevupavawe: 29.11.2021, 14:18:54] --> Character was kicked from the bot, reason: Character was walking
[besevupavawe: 29.11.2021, 14:20:03] --> ropepukatip appeared
[besevupavawe: 29.11.2021, 14:21:12] --> ropepukatip appeared
[besevupavawe: 29.11.2021, 14:21:25] --> lowidobuto appeared
[besevupavawe: 29.11.2021, 14:22:06] --> ropepukatip appeared
[besevupavawe: 29.11.2021, 14:22:18] --> lahupakakof appeared
[besevupavawe: 29.11.2021, 14:22:36] --> ropepukatip appeared
[besevupavawe: 29.11.2021, 14:23:20] --> lahupakakof appeared
[besevupavawe: 29.11.2021, 14:24:35] --> lowidobuto appeared
[besevupavawe: 29.11.2021, 14:24:47] --> cezuzoruda appeared
[besevupavawe: 29.11.2021, 14:24:56] --> ropepukatip appeared
[besevupavawe: 29.11.2021, 14:25:07] --> lahupakakof appeared
[besevupavawe: 29.11.2021, 14:26:20] --> ropepukatip appeared
[besevupavawe: 29.11.2021, 14:27:02] --> lowidobuto appeared
[besevupavawe: 29.11.2021, 14:27:15] --> cezuzoruda appeared
[besevupavawe: 29.11.2021, 14:27:23] --> ropepukatip appeared
[besevupavawe: 29.11.2021, 14:27:33] --> 10 shards collected, now going to talk to alchemist: besevupavawe
[besevupavawe: 29.11.2021, 14:27:33] --> Character went to Alchemist: besevupavawe
[besevupavawe: 29.11.2021, 14:27:36] --> Character got kick
[besevupavawe: 29.11.2021, 14:28:08] --> komukacafefu appeared
[besevupavawe: 29.11.2021, 14:28:15] --> Character was kicked from the bot, reason: Character was walking
[besevupavawe: 29.11.2021, 14:28:30] --> Character was kicked from the bot, reason: Character was walking
[besevupavawe: 29.11.2021, 14:28:35] --> wonuzabimezo appeared
[besevupavawe: 29.11.2021, 14:28:53] --> Character was kicked from the bot, reason: Character was walking
[besevupavawe: 29.11.2021, 14:29:27] --> Character was kicked from the bot, reason: Character was walking
[besevupavawe: 29.11.2021, 14:29:30] --> damokovafes appeared
[besevupavawe: 29.11.2021, 14:30:25] --> lowidobuto appeared
[besevupavawe: 29.11.2021, 14:30:41] --> damokovafes appeared
[besevupavawe: 29.11.2021, 14:31:23] --> ropepukatip appeared
[besevupavawe: 29.11.2021, 14:31:40] --> lowidobuto appeared
[besevupavawe: 29.11.2021, 14:31:51] --> ropepukatip appeared
[besevupavawe: 29.11.2021, 14:32:46] --> ropepukatip appeared
[besevupavawe: 29.11.2021, 14:33:59] --> lahupakakof appeared
[besevupavawe: 29.11.2021, 14:34:18] --> lowidobuto appeared
[besevupavawe: 29.11.2021, 14:34:21] --> Character leveled up to level 32
[besevupavawe: 29.11.2021, 14:34:25] --> rokafuvupok appeared
[besevupavawe: 29.11.2021, 14:35:21] --> lowidobuto appeared
[besevupavawe: 29.11.2021, 14:35:43] --> damokovafes appeared
[besevupavawe: 29.11.2021, 14:36:20] --> lowidobuto appeared
[besevupavawe: 29.11.2021, 14:36:24] --> ropepukatip appeared
[besevupavawe: 29.11.2021, 14:37:33] --> lowidobuto appeared
[besevupavawe: 29.11.2021, 14:37:36] --> lowidobuto appeared
[besevupavawe: 29.11.2021, 14:39:20] --> ropepukatip appeared
[besevupavawe: 29.11.2021, 14:40:09] --> cezuzoruda appeared
[besevupavawe: 29.11.2021, 14:40:23] --> ropepukatip appeared
[besevupavawe: 29.11.2021, 14:40:35] --> damokovafes appeared
[besevupavawe: 29.11.2021, 14:41:19] --> ropepukatip appeared
[besevupavawe: 29.11.2021, 14:41:45] --> ropepukatip appeared
[besevupavawe: 29.11.2021, 14:43:40] --> tazevisuma appeared
[besevupavawe: 29.11.2021, 14:44:07] --> ropepukatip appeared
[besevupavawe: 29.11.2021, 14:44:18] --> tazevisuma appeared
[besevupavawe: 29.11.2021, 14:45:22] --> ropepukatip appeared
[besevupavawe: 29.11.2021, 14:45:33] --> ropepukatip appeared
[besevupavawe: 29.11.2021, 14:46:27] --> cezuzoruda appeared
[besevupavawe: 29.11.2021, 14:46:33] --> ropepukatip appeared
[besevupavawe: 29.11.2021, 14:46:50] --> tazevisuma appeared
[besevupavawe: 29.11.2021, 14:47:29] --> ropepukatip appeared
[besevupavawe: 29.11.2021, 14:47:42] --> rukazekeki appeared
[besevupavawe: 29.11.2021, 14:47:57] --> ropepukatip appeared
[besevupavawe: 29.11.2021, 14:48:07] --> damokovafes appeared
[besevupavawe: 29.11.2021, 14:49:01] --> Character leveled up to level 33
[besevupavawe: 29.11.2021, 14:49:19] --> tazevisuma appeared
[besevupavawe: 29.11.2021, 14:55:12] --> tazevisuma appeared
[besevupavawe: 29.11.2021, 14:55:16] --> tazevisuma appeared
[besevupavawe: 29.11.2021, 14:55:22] --> tazevisuma appeared
[besevupavawe: 29.11.2021, 14:59:05] --> ropepukatip appeared
[besevupavawe: 29.11.2021, 14:59:20] --> Character got kick
[besevupavawe: 29.11.2021, 14:59:27] --> lahupakakof appeared
[besevupavawe: 29.11.2021, 14:59:39] --> Character got kick
[besevupavawe: 29.11.2021, 15:00:57] --> Character got kick
[besevupavawe: 29.11.2021, 15:01:26] --> Character got kick
