[wuzosurupoho: 28.11.2021, 14:10:36] --> Bot successfully started
[wuzosurupoho: 28.11.2021, 14:10:47] --> fuvenikaro appeared
[wuzosurupoho: 28.11.2021, 14:10:59] --> homazecegav appeared
[wuzosurupoho: 28.11.2021, 14:11:19] --> fuvenikaro appeared
[wuzosurupoho: 28.11.2021, 14:12:29] --> folacupekup appeared
[wuzosurupoho: 28.11.2021, 14:13:06] --> kipivemuciz appeared
[wuzosurupoho: 28.11.2021, 14:14:24] --> kaforecorih appeared
[wuzosurupoho: 28.11.2021, 14:14:49] --> homazecegav appeared
[wuzosurupoho: 28.11.2021, 14:15:05] --> vusekaruzobo appeared
[wuzosurupoho: 28.11.2021, 14:16:05] --> vusekaruzobo appeared
[wuzosurupoho: 28.11.2021, 14:16:46] --> conavukobok appeared
[wuzosurupoho: 28.11.2021, 14:18:20] --> kehikugiluc appeared
[wuzosurupoho: 28.11.2021, 14:18:52] --> kizikecilo appeared
[wuzosurupoho: 28.11.2021, 14:18:58] --> kizikecilo appeared
[wuzosurupoho: 28.11.2021, 14:19:04] --> kizikecilo appeared
[wuzosurupoho: 28.11.2021, 14:19:10] --> kizikecilo appeared
[wuzosurupoho: 28.11.2021, 14:21:08] --> Azine appeared
[wuzosurupoho: 28.11.2021, 14:24:52] --> Changing into CH9
[wuzosurupoho: 28.11.2021, 14:25:17] --> Character was kicked from the bot, reason: Changing character
[wuzosurupoho: 28.11.2021, 14:25:24] --> vusokafepuku appeared
[wuzosurupoho: 28.11.2021, 14:27:08] --> Character was kicked from the bot, reason: Changing character
[vepinepucob:  28.11.2021, 14:28:57] --> Character was kicked from the bot, reason: Changing character
[depelivesiz:  28.11.2021, 14:30:47] --> Character was kicked from the bot, reason: Changing character
[depelivesiz:  28.11.2021, 14:30:53] --> vusokafepuku appeared
[pekezavahide: 28.11.2021, 14:32:47] --> Character was kicked from the bot, reason: Changing character
[cusaguzazah:  28.11.2021, 14:32:55] --> dimenokakob appeared
[cusaguzazah:  28.11.2021, 14:57:10] --> SimayinjoLU appeared
[cusaguzazah:  28.11.2021, 14:57:14] --> Setting '1' loaded because of active level settings
[cusaguzazah:  28.11.2021, 14:57:17] --> Character went to saleswoman
[cusaguzazah:  28.11.2021, 14:57:20] --> Character was kicked from the bot, reason: Character was walking
[cusaguzazah:  28.11.2021, 14:57:26] --> Leneas appeared
[cusaguzazah:  28.11.2021, 14:57:53] --> Character was kicked from the bot, reason: Character was walking
[cusaguzazah:  28.11.2021, 14:58:06] --> Character leveled up to level 5
[cusaguzazah:  28.11.2021, 14:58:07] --> Character leveled up to level 6
[cusaguzazah:  28.11.2021, 14:58:07] --> puribaberafe appeared
[cusaguzazah:  28.11.2021, 14:58:08] --> Character leveled up to level 7
[cusaguzazah:  28.11.2021, 14:58:09] --> Character leveled up to level 8
[cusaguzazah:  28.11.2021, 14:58:26] --> Character was kicked from the bot, reason: Character was walking
[cusaguzazah:  28.11.2021, 14:58:46] --> Character was kicked from the bot, reason: Character was walking
[cusaguzazah:  28.11.2021, 14:58:54] --> kularawuvuki appeared
[cusaguzazah:  28.11.2021, 14:59:12] --> Character was kicked from the bot, reason: Character was walking
[cusaguzazah:  28.11.2021, 14:59:22] --> Character was kicked from the bot, reason: Character was walking
[cusaguzazah:  28.11.2021, 14:59:36] --> foruzuzipuv appeared
[cusaguzazah:  28.11.2021, 14:59:54] --> Character was kicked from the bot, reason: Character was walking
[cusaguzazah:  28.11.2021, 15:00:19] --> Character was kicked from the bot, reason: Character was walking
[cusaguzazah:  28.11.2021, 15:00:32] --> Character was kicked from the bot, reason: Character was walking
[cusaguzazah:  28.11.2021, 15:01:11] --> cabadikanu appeared
[cusaguzazah:  28.11.2021, 15:01:13] --> Character was kicked from the bot, reason: Character was walking
[cusaguzazah:  28.11.2021, 15:01:42] --> Character was kicked from the bot, reason: Character was walking
[cusaguzazah:  28.11.2021, 15:01:46] --> kecibizozaku appeared
[cusaguzazah:  28.11.2021, 15:01:48] --> zegugifebe appeared
[cusaguzazah:  28.11.2021, 15:02:07] --> cabadikanu appeared
[wuzosurupoho: 28.11.2021, 15:12:33] --> Bot successfully started
[wuzosurupoho: 28.11.2021, 15:12:33] --> Setting '1' loaded because of active level settings
[wuzosurupoho: 28.11.2021, 15:12:33] --> mupetizovo appeared
[wuzosurupoho: 28.11.2021, 15:12:40] --> Character went to saleswoman
[wuzosurupoho: 28.11.2021, 15:12:43] --> Character was kicked from the bot, reason: Character was walking
[wuzosurupoho: 28.11.2021, 15:13:14] --> Character was kicked from the bot, reason: Character was walking
[wuzosurupoho: 28.11.2021, 15:13:25] --> novibadinuge appeared
[wuzosurupoho: 28.11.2021, 15:13:26] --> Character leveled up to level 2
[wuzosurupoho: 28.11.2021, 15:13:27] --> Character leveled up to level 4
[wuzosurupoho: 28.11.2021, 15:13:28] --> Character leveled up to level 6
[wuzosurupoho: 28.11.2021, 15:13:29] --> Character leveled up to level 7
[wuzosurupoho: 28.11.2021, 15:13:30] --> Character leveled up to level 8
[wuzosurupoho: 28.11.2021, 15:13:40] --> Character leveled up to level 9
[wuzosurupoho: 28.11.2021, 15:13:49] --> Character leveled up to level 10
[wuzosurupoho: 28.11.2021, 15:13:53] --> Character leveled up to level 11
[wuzosurupoho: 28.11.2021, 15:14:20] --> Character leveled up to level 12
[wuzosurupoho: 28.11.2021, 15:14:20] --> tuhiraredele appeared
[wuzosurupoho: 28.11.2021, 15:14:52] --> Character leveled up to level 13
[wuzosurupoho: 28.11.2021, 15:15:38] --> Character leveled up to level 14
[wuzosurupoho: 28.11.2021, 15:16:04] --> Character leveled up to level 15
[wuzosurupoho: 28.11.2021, 15:16:04] --> Setting '2' loaded because of active level settings
[wuzosurupoho: 28.11.2021, 15:16:18] --> Character was kicked from the bot, reason: Character was walking
[wuzosurupoho: 28.11.2021, 15:16:43] --> Character was kicked from the bot, reason: Character was walking
[wuzosurupoho: 28.11.2021, 15:16:49] --> kepefahiger appeared
[wuzosurupoho: 28.11.2021, 15:17:43] --> Character leveled up to level 16
[wuzosurupoho: 28.11.2021, 15:17:45] --> sewimuhaboce appeared
[wuzosurupoho: 28.11.2021, 15:17:48] --> kepefahiger appeared
[wuzosurupoho: 28.11.2021, 15:17:59] --> Character leveled up to level 17
[wuzosurupoho: 28.11.2021, 15:18:32] --> kepefahiger appeared
[wuzosurupoho: 28.11.2021, 15:18:34] --> Character leveled up to level 18
[wuzosurupoho: 28.11.2021, 15:19:21] --> Character leveled up to level 19
[wuzosurupoho: 28.11.2021, 15:19:23] --> febivazihe appeared
[wuzosurupoho: 28.11.2021, 15:20:24] --> Character leveled up to level 20
[wuzosurupoho: 28.11.2021, 15:21:07] --> nonitazipe appeared
[wuzosurupoho: 28.11.2021, 15:21:15] --> Character leveled up to level 21
[wuzosurupoho: 28.11.2021, 15:22:03] --> pilizukobepi appeared
[wuzosurupoho: 28.11.2021, 15:22:09] --> Character leveled up to level 22
[wuzosurupoho: 28.11.2021, 15:22:45] --> sewimuhaboce appeared
[wuzosurupoho: 28.11.2021, 15:23:09] --> Character leveled up to level 23
[wuzosurupoho: 28.11.2021, 15:24:42] --> sewimuhaboce appeared
[wuzosurupoho: 28.11.2021, 15:24:42] --> Character leveled up to level 24
[wuzosurupoho: 28.11.2021, 15:24:56] --> fafumeferi appeared
[wuzosurupoho: 28.11.2021, 15:25:05] --> fafumeferi appeared
[wuzosurupoho: 28.11.2021, 15:25:49] --> Character leveled up to level 25
[wuzosurupoho: 28.11.2021, 15:26:19] --> febivazihe appeared
[wuzosurupoho: 28.11.2021, 15:26:52] --> fafumeferi appeared
[wuzosurupoho: 28.11.2021, 15:27:02] --> Character leveled up to level 26
[wuzosurupoho: 28.11.2021, 15:28:25] --> nonitazipe appeared
[wuzosurupoho: 28.11.2021, 15:29:15] --> Character leveled up to level 27
[wuzosurupoho: 28.11.2021, 15:29:56] --> kepefahiger appeared
[wuzosurupoho: 28.11.2021, 15:30:08] --> kepefahiger appeared
[wuzosurupoho: 28.11.2021, 15:30:18] --> fafumeferi appeared
[wuzosurupoho: 28.11.2021, 15:31:31] --> kepefahiger appeared
[wuzosurupoho: 28.11.2021, 15:31:34] --> Character leveled up to level 28
[wuzosurupoho: 28.11.2021, 15:31:35] --> sewimuhaboce appeared
[wuzosurupoho: 28.11.2021, 15:31:38] --> tozihavuzeb appeared
[wuzosurupoho: 28.11.2021, 15:32:01] --> fafumeferi appeared
[wuzosurupoho: 28.11.2021, 15:33:25] --> Character leveled up to level 29
[wuzosurupoho: 28.11.2021, 15:34:53] --> tozihavuzeb appeared
[wuzosurupoho: 28.11.2021, 15:34:57] --> befebufakisu appeared
[wuzosurupoho: 28.11.2021, 15:35:19] --> fafumeferi appeared
[wuzosurupoho: 28.11.2021, 15:35:49] --> Character leveled up to level 30
[wuzosurupoho: 28.11.2021, 15:37:17] --> febivazihe appeared
[wuzosurupoho: 28.11.2021, 15:38:36] --> hegamasulo appeared
[wuzosurupoho: 28.11.2021, 15:38:44] --> Character leveled up to level 31
[wuzosurupoho: 28.11.2021, 15:38:47] --> nonitazipe appeared
[wuzosurupoho: 28.11.2021, 15:38:47] --> Bot terminated: Character reached level 31
[wuzosurupoho: 28.11.2021, 15:40:20] --> Bot successfully started
[wuzosurupoho: 28.11.2021, 15:40:20] --> nonitazipe appeared
[wuzosurupoho: 28.11.2021, 15:40:30] --> kekizezapez appeared
[wuzosurupoho: 28.11.2021, 15:40:30] --> Setting '2' loaded because of active level settings
[wuzosurupoho: 28.11.2021, 15:40:33] --> Bot terminated: Character reached level 31
[vepinepucob:  28.11.2021, 15:41:38] --> Bot successfully started
[vepinepucob:  28.11.2021, 15:41:38] --> Proasus appeared
[vepinepucob:  28.11.2021, 15:41:38] --> Setting '1' loaded because of active level settings
[vepinepucob:  28.11.2021, 15:41:44] --> Character went to saleswoman
[vepinepucob:  28.11.2021, 15:41:47] --> Character was kicked from the bot, reason: Character was walking
[vepinepucob:  28.11.2021, 15:42:19] --> Character was kicked from the bot, reason: Character was walking
[vepinepucob:  28.11.2021, 15:42:33] --> Character leveled up to level 3
[vepinepucob:  28.11.2021, 15:42:34] --> Character leveled up to level 6
[vepinepucob:  28.11.2021, 15:42:36] --> Character leveled up to level 8
[vepinepucob:  28.11.2021, 15:42:39] --> Character leveled up to level 9
[vepinepucob:  28.11.2021, 15:42:42] --> Character leveled up to level 10
[vepinepucob:  28.11.2021, 15:42:48] --> Character leveled up to level 11
[vepinepucob:  28.11.2021, 15:43:01] --> petodefiref appeared
[vepinepucob:  28.11.2021, 15:43:12] --> Character leveled up to level 12
[vepinepucob:  28.11.2021, 15:43:28] --> petodefiref appeared
[vepinepucob:  28.11.2021, 15:43:33] --> Character leveled up to level 13
[vepinepucob:  28.11.2021, 15:43:38] --> Character leveled up to level 14
[vepinepucob:  28.11.2021, 15:43:51] --> Character leveled up to level 15
[vepinepucob:  28.11.2021, 15:43:51] --> Setting '2' loaded because of active level settings
[vepinepucob:  28.11.2021, 15:44:04] --> Character was kicked from the bot, reason: Character was walking
[vepinepucob:  28.11.2021, 15:44:09] --> recrecemos10 appeared
[vepinepucob:  28.11.2021, 15:44:16] --> tubifisute appeared
[vepinepucob:  28.11.2021, 15:44:29] --> tubifisute appeared
[vepinepucob:  28.11.2021, 15:44:30] --> Character was kicked from the bot, reason: Character was walking
[vepinepucob:  28.11.2021, 15:44:35] --> nonitazipe appeared
[vepinepucob:  28.11.2021, 15:44:47] --> fafumeferi appeared
[vepinepucob:  28.11.2021, 15:45:26] --> nonitazipe appeared
[vepinepucob:  28.11.2021, 15:45:34] --> Character leveled up to level 16
[vepinepucob:  28.11.2021, 15:45:46] --> Character leveled up to level 17
[vepinepucob:  28.11.2021, 15:45:47] --> dikahodimu appeared
[vepinepucob:  28.11.2021, 15:46:20] --> Character leveled up to level 18
[vepinepucob:  28.11.2021, 15:46:20] --> kekizezapez appeared
[vepinepucob:  28.11.2021, 15:46:53] --> Character leveled up to level 19
[vepinepucob:  28.11.2021, 15:47:20] --> kekizezapez appeared
[vepinepucob:  28.11.2021, 15:47:28] --> Character leveled up to level 20
[vepinepucob:  28.11.2021, 15:47:47] --> nonitazipe appeared
[vepinepucob:  28.11.2021, 15:48:14] --> Character leveled up to level 21
[vepinepucob:  28.11.2021, 15:48:17] --> fafumeferi appeared
[vepinepucob:  28.11.2021, 15:49:07] --> nonitazipe appeared
[vepinepucob:  28.11.2021, 15:49:15] --> Character leveled up to level 22
[vepinepucob:  28.11.2021, 15:49:43] --> nonitazipe appeared
[vepinepucob:  28.11.2021, 15:49:48] --> Character got kick
[vepinepucob:  28.11.2021, 15:50:30] --> sewimuhaboce appeared
[vepinepucob:  28.11.2021, 15:51:30] --> Character leveled up to level 23
[vepinepucob:  28.11.2021, 15:51:32] --> befebufakisu appeared
[vepinepucob:  28.11.2021, 15:52:29] --> febivazihe appeared
[vepinepucob:  28.11.2021, 15:52:44] --> Character leveled up to level 24
[vepinepucob:  28.11.2021, 15:53:28] --> kepefahiger appeared
[vepinepucob:  28.11.2021, 15:53:48] --> dikahodimu appeared
[vepinepucob:  28.11.2021, 15:54:00] --> nonitazipe appeared
[vepinepucob:  28.11.2021, 15:54:07] --> Character leveled up to level 25
[vepinepucob:  28.11.2021, 15:54:23] --> kagugehezaz appeared
[vepinepucob:  28.11.2021, 15:55:07] --> febivazihe appeared
[vepinepucob:  28.11.2021, 15:55:21] --> kagugehezaz appeared
[vepinepucob:  28.11.2021, 15:55:30] --> Character leveled up to level 26
[vepinepucob:  28.11.2021, 15:56:54] --> nonitazipe appeared
[vepinepucob:  28.11.2021, 15:57:28] --> Character leveled up to level 27
[vepinepucob:  28.11.2021, 15:57:42] --> kepefahiger appeared
[vepinepucob:  28.11.2021, 15:57:50] --> kagugehezaz appeared
[vepinepucob:  28.11.2021, 15:58:27] --> febivazihe appeared
[vepinepucob:  28.11.2021, 15:58:33] --> sewimuhaboce appeared
[vepinepucob:  28.11.2021, 15:58:38] --> nonitazipe appeared
[vepinepucob:  28.11.2021, 15:58:48] --> kepefahiger appeared
[vepinepucob:  28.11.2021, 15:59:35] --> dikahodimu appeared
[vepinepucob:  28.11.2021, 15:59:44] --> Character leveled up to level 28
[vepinepucob:  28.11.2021, 15:59:59] --> sewimuhaboce appeared
[vepinepucob:  28.11.2021, 16:00:33] --> sewimuhaboce appeared
[vepinepucob:  28.11.2021, 16:01:17] --> febivazihe appeared
[vepinepucob:  28.11.2021, 16:01:30] --> nefafelefu appeared
[vepinepucob:  28.11.2021, 16:01:30] --> Character leveled up to level 29
[vepinepucob:  28.11.2021, 16:01:56] --> febivazihe appeared
[vepinepucob:  28.11.2021, 16:02:02] --> befebufakisu appeared
[vepinepucob:  28.11.2021, 16:02:22] --> kukerokiko appeared
[vepinepucob:  28.11.2021, 16:03:01] --> sewimuhaboce appeared
[vepinepucob:  28.11.2021, 16:03:15] --> kekizezapez appeared
[vepinepucob:  28.11.2021, 16:03:50] --> Character leveled up to level 30
[vepinepucob:  28.11.2021, 16:03:53] --> hegamasulo appeared
[vepinepucob:  28.11.2021, 16:04:48] --> sewimuhaboce appeared
[vepinepucob:  28.11.2021, 16:05:11] --> kepefahiger appeared
[vepinepucob:  28.11.2021, 16:05:48] --> nonitazipe appeared
[vepinepucob:  28.11.2021, 16:06:20] --> Character leveled up to level 31
[vepinepucob:  28.11.2021, 16:06:20] --> nonitazipe appeared
[vepinepucob:  28.11.2021, 16:06:21] --> Bot terminated: Character reached level 31
[depelivesiz:  28.11.2021, 16:07:24] --> Bot successfully started
[depelivesiz:  28.11.2021, 16:07:24] --> Proasus appeared
[depelivesiz:  28.11.2021, 16:07:24] --> Setting '1' loaded because of active level settings
[depelivesiz:  28.11.2021, 16:07:31] --> Character went to saleswoman
[depelivesiz:  28.11.2021, 16:07:34] --> Character was kicked from the bot, reason: Character was walking
[depelivesiz:  28.11.2021, 16:08:05] --> Character was kicked from the bot, reason: Character was walking
[depelivesiz:  28.11.2021, 16:08:18] --> Character leveled up to level 2
[depelivesiz:  28.11.2021, 16:08:19] --> Character leveled up to level 6
[depelivesiz:  28.11.2021, 16:08:20] --> Character leveled up to level 8
[depelivesiz:  28.11.2021, 16:08:21] --> Character leveled up to level 9
[depelivesiz:  28.11.2021, 16:08:22] --> petodefiref appeared
[depelivesiz:  28.11.2021, 16:08:29] --> Character leveled up to level 10
[depelivesiz:  28.11.2021, 16:08:35] --> Character leveled up to level 11
[depelivesiz:  28.11.2021, 16:08:42] --> Character leveled up to level 12
[depelivesiz:  28.11.2021, 16:08:49] --> petodefiref appeared
[depelivesiz:  28.11.2021, 16:08:56] --> Character leveled up to level 13
[depelivesiz:  28.11.2021, 16:09:15] --> petodefiref appeared
[depelivesiz:  28.11.2021, 16:09:31] --> Character leveled up to level 14
[depelivesiz:  28.11.2021, 16:09:43] --> petodefiref appeared
[depelivesiz:  28.11.2021, 16:09:47] --> Character leveled up to level 15
[depelivesiz:  28.11.2021, 16:09:47] --> Setting '2' loaded because of active level settings
[depelivesiz:  28.11.2021, 16:09:55] --> pipizibizu appeared
[depelivesiz:  28.11.2021, 16:10:00] --> Character was kicked from the bot, reason: Character was walking
[depelivesiz:  28.11.2021, 16:10:06] --> pipizibizu appeared
[depelivesiz:  28.11.2021, 16:10:20] --> pipizibizu appeared
[depelivesiz:  28.11.2021, 16:10:25] --> Character was kicked from the bot, reason: Character was walking
[depelivesiz:  28.11.2021, 16:10:58] --> pesamekeza appeared
[depelivesiz:  28.11.2021, 16:11:12] --> Character leveled up to level 16
[depelivesiz:  28.11.2021, 16:11:20] --> kekizezapez appeared
[depelivesiz:  28.11.2021, 16:11:29] --> pesamekeza appeared
[depelivesiz:  28.11.2021, 16:11:31] --> Character leveled up to level 17
[depelivesiz:  28.11.2021, 16:11:54] --> pesamekeza appeared
[depelivesiz:  28.11.2021, 16:11:55] --> Character leveled up to level 18
[depelivesiz:  28.11.2021, 16:12:04] --> nonitazipe appeared
[depelivesiz:  28.11.2021, 16:12:29] --> Character leveled up to level 19
[depelivesiz:  28.11.2021, 16:12:54] --> nonitazipe appeared
[depelivesiz:  28.11.2021, 16:13:01] --> nonitazipe appeared
[depelivesiz:  28.11.2021, 16:13:11] --> Character leveled up to level 20
[depelivesiz:  28.11.2021, 16:13:16] --> kukerokiko appeared
[depelivesiz:  28.11.2021, 16:13:19] --> dikahodimu appeared
[depelivesiz:  28.11.2021, 16:13:27] --> febivazihe appeared
[depelivesiz:  28.11.2021, 16:13:46] --> Character leveled up to level 21
[depelivesiz:  28.11.2021, 16:13:49] --> kukerokiko appeared
[depelivesiz:  28.11.2021, 16:14:25] --> dikahodimu appeared
[depelivesiz:  28.11.2021, 16:14:47] --> sewimuhaboce appeared
[depelivesiz:  28.11.2021, 16:14:47] --> Character leveled up to level 22
[depelivesiz:  28.11.2021, 16:15:14] --> nonitazipe appeared
[depelivesiz:  28.11.2021, 16:15:18] --> sewimuhaboce appeared
[depelivesiz:  28.11.2021, 16:15:36] --> zabileguva appeared
[depelivesiz:  28.11.2021, 16:15:38] --> febivazihe appeared
[depelivesiz:  28.11.2021, 16:15:44] --> Character leveled up to level 23
[depelivesiz:  28.11.2021, 16:16:43] --> kepefahiger appeared
[depelivesiz:  28.11.2021, 16:16:53] --> febivazihe appeared
[depelivesiz:  28.11.2021, 16:16:55] --> Character leveled up to level 24
[depelivesiz:  28.11.2021, 16:17:04] --> sewimuhaboce appeared
[depelivesiz:  28.11.2021, 16:17:10] --> hegamasulo appeared
[depelivesiz:  28.11.2021, 16:18:09] --> Character leveled up to level 25
[depelivesiz:  28.11.2021, 16:18:29] --> zekihudipoz appeared
[depelivesiz:  28.11.2021, 16:19:03] --> kepefahiger appeared
[depelivesiz:  28.11.2021, 16:19:11] --> Character leveled up to level 26
[depelivesiz:  28.11.2021, 16:20:00] --> kepefahiger appeared
[depelivesiz:  28.11.2021, 16:20:20] --> sewimuhaboce appeared
[depelivesiz:  28.11.2021, 16:20:48] --> febivazihe appeared
[depelivesiz:  28.11.2021, 16:20:56] --> Character leveled up to level 27
[depelivesiz:  28.11.2021, 16:21:32] --> febivazihe appeared
[depelivesiz:  28.11.2021, 16:21:46] --> febivazihe appeared
[depelivesiz:  28.11.2021, 16:21:51] --> kekizezapez appeared
[depelivesiz:  28.11.2021, 16:22:26] --> sewimuhaboce appeared
[depelivesiz:  28.11.2021, 16:22:32] --> febivazihe appeared
[depelivesiz:  28.11.2021, 16:22:41] --> banavuduwek appeared
[depelivesiz:  28.11.2021, 16:23:22] --> Character leveled up to level 28
[depelivesiz:  28.11.2021, 16:23:29] --> febivazihe appeared
[depelivesiz:  28.11.2021, 16:23:46] --> tufihoziro appeared
[depelivesiz:  28.11.2021, 16:24:05] --> zabileguva appeared
[depelivesiz:  28.11.2021, 16:24:17] --> febivazihe appeared
[depelivesiz:  28.11.2021, 16:24:58] --> Character leveled up to level 29
[depelivesiz:  28.11.2021, 16:25:13] --> dikahodimu appeared
[depelivesiz:  28.11.2021, 16:25:17] --> sewimuhaboce appeared
[depelivesiz:  28.11.2021, 16:25:21] --> febivazihe appeared
[depelivesiz:  28.11.2021, 16:25:48] --> febivazihe appeared
[depelivesiz:  28.11.2021, 16:26:00] --> zabileguva appeared
[depelivesiz:  28.11.2021, 16:26:42] --> sewimuhaboce appeared
[depelivesiz:  28.11.2021, 16:26:55] --> zabileguva appeared
[depelivesiz:  28.11.2021, 16:27:00] --> Character leveled up to level 30
[depelivesiz:  28.11.2021, 16:27:03] --> sewimuhaboce appeared
[depelivesiz:  28.11.2021, 16:27:05] --> tufihoziro appeared
[depelivesiz:  28.11.2021, 16:27:14] --> kukerokiko appeared
[depelivesiz:  28.11.2021, 16:27:19] --> zabileguva appeared
[depelivesiz:  28.11.2021, 16:27:33] --> sewimuhaboce appeared
[depelivesiz:  28.11.2021, 16:27:46] --> tufihoziro appeared
[depelivesiz:  28.11.2021, 16:28:44] --> lawemawazeg appeared
[depelivesiz:  28.11.2021, 16:29:16] --> Character leveled up to level 31
[depelivesiz:  28.11.2021, 16:29:19] --> Bot terminated: Character reached level 31
[pekezavahide: 28.11.2021, 16:30:29] --> Bot successfully started
[pekezavahide: 28.11.2021, 16:30:29] --> lolllx5 appeared
[pekezavahide: 28.11.2021, 16:30:29] --> Setting '1' loaded because of active level settings
[pekezavahide: 28.11.2021, 16:30:36] --> Character went to saleswoman
[pekezavahide: 28.11.2021, 16:30:39] --> Character was kicked from the bot, reason: Character was walking
[pekezavahide: 28.11.2021, 16:30:44] --> mupetizovo appeared
[pekezavahide: 28.11.2021, 16:31:12] --> Character was kicked from the bot, reason: Character was walking
[pekezavahide: 28.11.2021, 16:31:25] --> Character leveled up to level 3
[pekezavahide: 28.11.2021, 16:31:26] --> Character leveled up to level 7
[pekezavahide: 28.11.2021, 16:31:27] --> Character leveled up to level 8
[pekezavahide: 28.11.2021, 16:31:27] --> zevizucitak appeared
[pekezavahide: 28.11.2021, 16:31:29] --> Character leveled up to level 9
[pekezavahide: 28.11.2021, 16:31:33] --> Character leveled up to level 10
[pekezavahide: 28.11.2021, 16:31:39] --> Character leveled up to level 11
[pekezavahide: 28.11.2021, 16:31:42] --> Character leveled up to level 12
[pekezavahide: 28.11.2021, 16:31:56] --> Character leveled up to level 13
[pekezavahide: 28.11.2021, 16:31:56] --> zevizucitak appeared
[pekezavahide: 28.11.2021, 16:32:19] --> zevizucitak appeared
[pekezavahide: 28.11.2021, 16:32:31] --> Character leveled up to level 14
[pekezavahide: 28.11.2021, 16:32:37] --> Character leveled up to level 15
[pekezavahide: 28.11.2021, 16:32:37] --> Setting '2' loaded because of active level settings
[pekezavahide: 28.11.2021, 16:32:40] --> Character got kick
[pekezavahide: 28.11.2021, 16:32:50] --> Character was kicked from the bot, reason: Character was walking
[pekezavahide: 28.11.2021, 16:33:02] --> banavuduwek appeared
[pekezavahide: 28.11.2021, 16:33:16] --> Character was kicked from the bot, reason: Character was walking
[pekezavahide: 28.11.2021, 16:33:20] --> zabileguva appeared
[pekezavahide: 28.11.2021, 16:33:49] --> hegamasulo appeared
[pekezavahide: 28.11.2021, 16:33:52] --> zabileguva appeared
[pekezavahide: 28.11.2021, 16:34:01] --> hegamasulo appeared
[pekezavahide: 28.11.2021, 16:34:15] --> Character leveled up to level 16
[pekezavahide: 28.11.2021, 16:34:15] --> zabileguva appeared
[pekezavahide: 28.11.2021, 16:34:19] --> tufihoziro appeared
[pekezavahide: 28.11.2021, 16:34:25] --> tufihoziro appeared
[pekezavahide: 28.11.2021, 16:34:28] --> tufihoziro appeared
[pekezavahide: 28.11.2021, 16:34:32] --> Character leveled up to level 17
[pekezavahide: 28.11.2021, 16:34:36] --> dikahodimu appeared
[pekezavahide: 28.11.2021, 16:34:45] --> kukerokiko appeared
[pekezavahide: 28.11.2021, 16:34:49] --> Character leveled up to level 18
[pekezavahide: 28.11.2021, 16:35:32] --> Character leveled up to level 19
[pekezavahide: 28.11.2021, 16:35:32] --> dezucofuhora appeared
[pekezavahide: 28.11.2021, 16:35:52] --> kukerokiko appeared
[pekezavahide: 28.11.2021, 16:36:00] --> kukerokiko appeared
[pekezavahide: 28.11.2021, 16:36:07] --> zekihudipoz appeared
[pekezavahide: 28.11.2021, 16:36:17] --> Character leveled up to level 20
[pekezavahide: 28.11.2021, 16:36:21] --> dikahodimu appeared
[pekezavahide: 28.11.2021, 16:36:31] --> dikahodimu appeared
[pekezavahide: 28.11.2021, 16:37:24] --> Character leveled up to level 21
[pekezavahide: 28.11.2021, 16:37:30] --> kukerokiko appeared
[pekezavahide: 28.11.2021, 16:37:45] --> dikahodimu appeared
[pekezavahide: 28.11.2021, 16:37:55] --> kukerokiko appeared
[pekezavahide: 28.11.2021, 16:37:57] --> tufihoziro appeared
[pekezavahide: 28.11.2021, 16:38:03] --> Character leveled up to level 22
[pekezavahide: 28.11.2021, 16:38:11] --> banavuduwek appeared
[pekezavahide: 28.11.2021, 16:38:55] --> Character leveled up to level 23
[pekezavahide: 28.11.2021, 16:39:17] --> kukerokiko appeared
[pekezavahide: 28.11.2021, 16:39:37] --> dikahodimu appeared
[pekezavahide: 28.11.2021, 16:39:47] --> Character leveled up to level 24
[pekezavahide: 28.11.2021, 16:39:48] --> dikahodimu appeared
[pekezavahide: 28.11.2021, 16:40:07] --> kukerokiko appeared
[pekezavahide: 28.11.2021, 16:40:51] --> dikahodimu appeared
[pekezavahide: 28.11.2021, 16:40:59] --> hegamasulo appeared
[pekezavahide: 28.11.2021, 16:41:11] --> Character leveled up to level 25
[pekezavahide: 28.11.2021, 16:41:13] --> kukerokiko appeared
[pekezavahide: 28.11.2021, 16:41:30] --> dikahodimu appeared
[pekezavahide: 28.11.2021, 16:41:45] --> hegamasulo appeared
[pekezavahide: 28.11.2021, 16:42:29] --> Character leveled up to level 26
[pekezavahide: 28.11.2021, 16:42:49] --> banavuduwek appeared
[pekezavahide: 28.11.2021, 16:43:07] --> hegamasulo appeared
[pekezavahide: 28.11.2021, 16:43:16] --> dahapusibani appeared
[pekezavahide: 28.11.2021, 16:43:38] --> vopugefuzogo appeared
[pekezavahide: 28.11.2021, 16:43:42] --> Character leveled up to level 27
[pekezavahide: 28.11.2021, 16:43:42] --> vopugefuzogo appeared
[pekezavahide: 28.11.2021, 16:43:52] --> dikahodimu appeared
[pekezavahide: 28.11.2021, 16:43:58] --> sewimuhaboce appeared
[pekezavahide: 28.11.2021, 16:44:16] --> sewimuhaboce appeared
[pekezavahide: 28.11.2021, 16:44:27] --> dikahodimu appeared
[pekezavahide: 28.11.2021, 16:44:37] --> dikahodimu appeared
[pekezavahide: 28.11.2021, 16:44:48] --> sewimuhaboce appeared
[pekezavahide: 28.11.2021, 16:45:04] --> sewimuhaboce appeared
[pekezavahide: 28.11.2021, 16:45:12] --> Character leveled up to level 28
[pekezavahide: 28.11.2021, 16:45:19] --> zekihudipoz appeared
[pekezavahide: 28.11.2021, 16:45:21] --> zekihudipoz appeared
[pekezavahide: 28.11.2021, 16:45:36] --> hegamasulo appeared
[pekezavahide: 28.11.2021, 16:46:14] --> sewimuhaboce appeared
[pekezavahide: 28.11.2021, 16:46:18] --> dahapusibani appeared
[pekezavahide: 28.11.2021, 16:46:33] --> sewimuhaboce appeared
[pekezavahide: 28.11.2021, 16:46:45] --> hegamasulo appeared
[pekezavahide: 28.11.2021, 16:46:50] --> Character leveled up to level 29
[pekezavahide: 28.11.2021, 16:47:07] --> sewimuhaboce appeared
[pekezavahide: 28.11.2021, 16:47:13] --> hegamasulo appeared
[pekezavahide: 28.11.2021, 16:48:00] --> sewimuhaboce appeared
[pekezavahide: 28.11.2021, 16:48:09] --> lilibazukiv appeared
[pekezavahide: 28.11.2021, 16:48:17] --> sewimuhaboce appeared
[pekezavahide: 28.11.2021, 16:48:18] --> hegamasulo appeared
[pekezavahide: 28.11.2021, 16:48:33] --> sewimuhaboce appeared
[pekezavahide: 28.11.2021, 16:48:39] --> Character leveled up to level 30
[pekezavahide: 28.11.2021, 16:48:43] --> zekihudipoz appeared
[pekezavahide: 28.11.2021, 16:48:52] --> sewimuhaboce appeared
[pekezavahide: 28.11.2021, 16:48:57] --> lilibazukiv appeared
[pekezavahide: 28.11.2021, 16:49:41] --> dahapusibani appeared
[pekezavahide: 28.11.2021, 16:49:49] --> dahapusibani appeared
[pekezavahide: 28.11.2021, 16:49:52] --> lawemawazeg appeared
[pekezavahide: 28.11.2021, 16:50:13] --> lilibazukiv appeared
[pekezavahide: 28.11.2021, 16:50:42] --> lilibazukiv appeared
[pekezavahide: 28.11.2021, 16:50:45] --> Character leveled up to level 31
[pekezavahide: 28.11.2021, 16:50:47] --> Bot terminated: Character reached level 31
[cusaguzazah:  28.11.2021, 16:51:49] --> Bot successfully started
[cusaguzazah:  28.11.2021, 16:51:49] --> lilibazukiv appeared
[cusaguzazah:  28.11.2021, 16:51:49] --> Setting '1' loaded because of active level settings
[cusaguzazah:  28.11.2021, 16:52:03] --> zozaregazar appeared
[cusaguzazah:  28.11.2021, 16:52:21] --> Character was kicked from the bot, reason: Character was walking
[cusaguzazah:  28.11.2021, 16:52:35] --> Character leveled up to level 9
[cusaguzazah:  28.11.2021, 16:52:36] --> zevizucitak appeared
[cusaguzazah:  28.11.2021, 16:52:41] --> Character leveled up to level 10
[cusaguzazah:  28.11.2021, 16:52:44] --> Character leveled up to level 11
[cusaguzazah:  28.11.2021, 16:52:47] --> Character leveled up to level 12
[cusaguzazah:  28.11.2021, 16:53:05] --> zevizucitak appeared
[cusaguzazah:  28.11.2021, 16:53:10] --> Character leveled up to level 13
[cusaguzazah:  28.11.2021, 16:53:29] --> zevizucitak appeared
[cusaguzazah:  28.11.2021, 16:53:36] --> Character leveled up to level 14
[cusaguzazah:  28.11.2021, 16:53:59] --> Character leveled up to level 15
[cusaguzazah:  28.11.2021, 16:53:59] --> Setting '2' loaded because of active level settings
[cusaguzazah:  28.11.2021, 16:54:00] --> zevizucitak appeared
[cusaguzazah:  28.11.2021, 16:54:02] --> Character got kick
[cusaguzazah:  28.11.2021, 16:54:19] --> hohox4 appeared
[cusaguzazah:  28.11.2021, 16:54:25] --> Character was kicked from the bot, reason: Character was walking
[cusaguzazah:  28.11.2021, 16:54:51] --> Character was kicked from the bot, reason: Character was walking
[cusaguzazah:  28.11.2021, 16:55:00] --> dikahodimu appeared
[cusaguzazah:  28.11.2021, 16:55:11] --> dikahodimu appeared
[cusaguzazah:  28.11.2021, 16:55:18] --> lilibazukiv appeared
[cusaguzazah:  28.11.2021, 16:55:28] --> lilibazukiv appeared
[cusaguzazah:  28.11.2021, 16:55:31] --> Character leveled up to level 16
[cusaguzazah:  28.11.2021, 16:55:45] --> Character leveled up to level 17
[cusaguzazah:  28.11.2021, 16:55:56] --> dezucofuhora appeared
[cusaguzazah:  28.11.2021, 16:56:14] --> Character leveled up to level 18
[cusaguzazah:  28.11.2021, 16:56:45] --> dikahodimu appeared
[cusaguzazah:  28.11.2021, 16:56:55] --> dikahodimu appeared
[cusaguzazah:  28.11.2021, 16:56:56] --> Character leveled up to level 19
[cusaguzazah:  28.11.2021, 16:57:20] --> sewimuhaboce appeared
[cusaguzazah:  28.11.2021, 16:57:24] --> sewimuhaboce appeared
[cusaguzazah:  28.11.2021, 16:57:31] --> Character leveled up to level 20
[cusaguzazah:  28.11.2021, 16:57:33] --> dikahodimu appeared
[cusaguzazah:  28.11.2021, 16:57:41] --> sewimuhaboce appeared
[cusaguzazah:  28.11.2021, 16:57:52] --> vicepibupara appeared
[cusaguzazah:  28.11.2021, 16:58:14] --> Character leveled up to level 21
[cusaguzazah:  28.11.2021, 16:58:49] --> lilibazukiv appeared
[cusaguzazah:  28.11.2021, 16:58:58] --> dahapusibani appeared
[cusaguzazah:  28.11.2021, 16:59:05] --> Character leveled up to level 22
[cusaguzazah:  28.11.2021, 16:59:18] --> dezucofuhora appeared
[cusaguzazah:  28.11.2021, 16:59:30] --> lilibazukiv appeared
[cusaguzazah:  28.11.2021, 17:00:10] --> lilibazukiv appeared
[cusaguzazah:  28.11.2021, 17:00:20] --> Character leveled up to level 23
[cusaguzazah:  28.11.2021, 17:00:21] --> sewimuhaboce appeared
[cusaguzazah:  28.11.2021, 17:00:23] --> godasazogeg appeared
[cusaguzazah:  28.11.2021, 17:00:28] --> godasazogeg appeared
[cusaguzazah:  28.11.2021, 17:00:46] --> lukinutuvah appeared
[cusaguzazah:  28.11.2021, 17:00:54] --> sewimuhaboce appeared
[cusaguzazah:  28.11.2021, 17:01:10] --> sewimuhaboce appeared
[cusaguzazah:  28.11.2021, 17:01:15] --> Character leveled up to level 24
[cusaguzazah:  28.11.2021, 17:01:21] --> lilibazukiv appeared
[cusaguzazah:  28.11.2021, 17:01:53] --> godasazogeg appeared
[cusaguzazah:  28.11.2021, 17:01:57] --> sewimuhaboce appeared
[cusaguzazah:  28.11.2021, 17:02:09] --> hubupapagofi appeared
[cusaguzazah:  28.11.2021, 17:02:19] --> godasazogeg appeared
[cusaguzazah:  28.11.2021, 17:02:25] --> Character leveled up to level 25
[cusaguzazah:  28.11.2021, 17:03:41] --> vicepibupara appeared
[cusaguzazah:  28.11.2021, 17:03:50] --> sewimuhaboce appeared
[cusaguzazah:  28.11.2021, 17:03:56] --> dezucofuhora appeared
[cusaguzazah:  28.11.2021, 17:04:09] --> Character leveled up to level 26
[cusaguzazah:  28.11.2021, 17:04:16] --> hubupapagofi appeared
[cusaguzazah:  28.11.2021, 17:04:48] --> hubupapagofi appeared
[cusaguzazah:  28.11.2021, 17:05:48] --> sewimuhaboce appeared
[cusaguzazah:  28.11.2021, 17:05:55] --> hubupapagofi appeared
[cusaguzazah:  28.11.2021, 17:06:15] --> Character leveled up to level 27
[cusaguzazah:  28.11.2021, 17:07:04] --> godasazogeg appeared
[cusaguzazah:  28.11.2021, 17:07:07] --> vomutusecib appeared
[cusaguzazah:  28.11.2021, 17:07:15] --> vomutusecib appeared
[cusaguzazah:  28.11.2021, 17:07:24] --> sewimuhaboce appeared
[cusaguzazah:  28.11.2021, 17:07:30] --> godasazogeg appeared
[cusaguzazah:  28.11.2021, 17:07:36] --> lilibazukiv appeared
[cusaguzazah:  28.11.2021, 17:07:39] --> sewimuhaboce appeared
[cusaguzazah:  28.11.2021, 17:07:46] --> lilibazukiv appeared
[cusaguzazah:  28.11.2021, 17:08:32] --> Character leveled up to level 28
[cusaguzazah:  28.11.2021, 17:09:00] --> sewimuhaboce appeared
[cusaguzazah:  28.11.2021, 17:09:05] --> vomutusecib appeared
[cusaguzazah:  28.11.2021, 17:09:14] --> sewimuhaboce appeared
[cusaguzazah:  28.11.2021, 17:09:25] --> hubupapagofi appeared
[cusaguzazah:  28.11.2021, 17:10:59] --> Character leveled up to level 29
[cusaguzazah:  28.11.2021, 17:11:04] --> sewimuhaboce appeared
[cusaguzazah:  28.11.2021, 17:11:10] --> godasazogeg appeared
[cusaguzazah:  28.11.2021, 17:11:14] --> hubupapagofi appeared
[cusaguzazah:  28.11.2021, 17:12:24] --> sewimuhaboce appeared
[cusaguzazah:  28.11.2021, 17:12:28] --> vomutusecib appeared
[cusaguzazah:  28.11.2021, 17:12:55] --> sewimuhaboce appeared
[cusaguzazah:  28.11.2021, 17:13:36] --> lilibazukiv appeared
[cusaguzazah:  28.11.2021, 17:13:41] --> Character leveled up to level 30
[cusaguzazah:  28.11.2021, 17:14:14] --> sewimuhaboce appeared
[cusaguzazah:  28.11.2021, 17:14:33] --> lilibazukiv appeared
[cusaguzazah:  28.11.2021, 17:14:45] --> hurekupekuf appeared
[cusaguzazah:  28.11.2021, 17:15:07] --> vomutusecib appeared
[cusaguzazah:  28.11.2021, 17:15:54] --> sewimuhaboce appeared
[cusaguzazah:  28.11.2021, 17:16:09] --> vomutusecib appeared
[cusaguzazah:  28.11.2021, 17:16:10] --> Character leveled up to level 31
[cusaguzazah:  28.11.2021, 17:16:11] --> Bot terminated: Character reached level 31
[cusaguzazah:  28.11.2021, 17:17:19] --> Bot successfully started
[cusaguzazah:  28.11.2021, 17:17:20] --> lilibazukiv appeared
[cusaguzazah:  28.11.2021, 17:17:30] --> Setting '2' loaded because of active level settings
[cusaguzazah:  28.11.2021, 17:17:30] --> lukinutuvah appeared
[cusaguzazah:  28.11.2021, 17:17:32] --> Bot terminated: Character reached level 31
[wuzosurupoho: 29.11.2021, 13:10:59] --> Bot successfully started
[wuzosurupoho: 29.11.2021, 13:10:59] --> zesubepani appeared
[wuzosurupoho: 29.11.2021, 13:11:05] --> Time passed, now going to talk to alchemist: wuzosurupoho
[wuzosurupoho: 29.11.2021, 13:11:05] --> Character went to Alchemist: wuzosurupoho
[wuzosurupoho: 29.11.2021, 13:11:14] --> FoKKe appeared
[wuzosurupoho: 29.11.2021, 13:11:29] --> Character was kicked from the bot, reason: Character was walking
[wuzosurupoho: 29.11.2021, 13:11:34] --> hevavukukeho appeared
[wuzosurupoho: 29.11.2021, 13:11:51] --> Character was kicked from the bot, reason: Character was walking
[wuzosurupoho: 29.11.2021, 13:11:56] --> hevavukukeho appeared
[wuzosurupoho: 29.11.2021, 13:14:01] --> Bot successfully started
[wuzosurupoho: 29.11.2021, 13:14:11] --> Character was kicked from the bot, reason: Character was walking
[wuzosurupoho: 29.11.2021, 13:14:14] --> dezamofutap appeared
[wuzosurupoho: 29.11.2021, 13:14:31] --> refipovuruk appeared
[wuzosurupoho: 29.11.2021, 13:14:40] --> refipovuruk appeared
[wuzosurupoho: 29.11.2021, 13:14:58] --> refipovuruk appeared
[wuzosurupoho: 29.11.2021, 13:15:55] --> hevavukukeho appeared
[wuzosurupoho: 29.11.2021, 13:16:06] --> refipovuruk appeared
[wuzosurupoho: 29.11.2021, 13:17:04] --> refipovuruk appeared
[wuzosurupoho: 29.11.2021, 13:17:32] --> refipovuruk appeared
[wuzosurupoho: 29.11.2021, 13:18:19] --> refipovuruk appeared
[wuzosurupoho: 29.11.2021, 13:18:24] --> refipovuruk appeared
[wuzosurupoho: 29.11.2021, 13:19:34] --> refipovuruk appeared
[wuzosurupoho: 29.11.2021, 13:19:51] --> refipovuruk appeared
[wuzosurupoho: 29.11.2021, 13:20:02] --> BaeVisoR72 appeared
[wuzosurupoho: 29.11.2021, 13:21:07] --> refipovuruk appeared
[wuzosurupoho: 29.11.2021, 13:22:19] --> refipovuruk appeared
[wuzosurupoho: 29.11.2021, 13:22:30] --> BaeVisoR72 appeared
[wuzosurupoho: 29.11.2021, 13:23:13] --> refipovuruk appeared
[wuzosurupoho: 29.11.2021, 13:23:24] --> boheredirab appeared
[wuzosurupoho: 29.11.2021, 13:23:40] --> refipovuruk appeared
[wuzosurupoho: 29.11.2021, 13:24:21] --> Character leveled up to level 32
[wuzosurupoho: 29.11.2021, 13:24:27] --> refipovuruk appeared
[wuzosurupoho: 29.11.2021, 13:25:07] --> 10 shards collected, now going to talk to alchemist: wuzosurupoho
[wuzosurupoho: 29.11.2021, 13:25:07] --> Character went to Alchemist: wuzosurupoho
[wuzosurupoho: 29.11.2021, 13:25:11] --> Character was kicked from the bot, reason: Character was walking
[wuzosurupoho: 29.11.2021, 13:25:53] --> fivafepufodo appeared
[wuzosurupoho: 29.11.2021, 13:25:57] --> Character was kicked from the bot, reason: Character was walking
[wuzosurupoho: 29.11.2021, 13:26:21] --> Character was kicked from the bot, reason: Character was walking
[wuzosurupoho: 29.11.2021, 13:26:28] --> fivafepufodo appeared
[wuzosurupoho: 29.11.2021, 13:26:41] --> fivafepufodo appeared
[wuzosurupoho: 29.11.2021, 13:26:47] --> cetebukabo appeared
[wuzosurupoho: 29.11.2021, 13:26:50] --> fivafepufodo appeared
[wuzosurupoho: 29.11.2021, 13:26:55] --> Character was kicked from the bot, reason: Character was walking
[wuzosurupoho: 29.11.2021, 13:26:59] --> lazulebabure appeared
[wuzosurupoho: 29.11.2021, 13:27:45] --> dezamofutap appeared
[wuzosurupoho: 29.11.2021, 13:28:13] --> BaeVisoR72 appeared
[wuzosurupoho: 29.11.2021, 13:28:53] --> refipovuruk appeared
[wuzosurupoho: 29.11.2021, 13:29:21] --> refipovuruk appeared
[wuzosurupoho: 29.11.2021, 13:29:28] --> BaeVisoR72 appeared
[wuzosurupoho: 29.11.2021, 13:30:16] --> refipovuruk appeared
[wuzosurupoho: 29.11.2021, 13:31:32] --> boheredirab appeared
[wuzosurupoho: 29.11.2021, 13:31:50] --> refipovuruk appeared
[wuzosurupoho: 29.11.2021, 13:31:54] --> refipovuruk appeared
[wuzosurupoho: 29.11.2021, 13:32:44] --> refipovuruk appeared
[wuzosurupoho: 29.11.2021, 13:33:04] --> refipovuruk appeared
[wuzosurupoho: 29.11.2021, 13:34:25] --> BaeVisoR72 appeared
[wuzosurupoho: 29.11.2021, 13:35:10] --> refipovuruk appeared
[wuzosurupoho: 29.11.2021, 13:35:19] --> demafomere appeared
[wuzosurupoho: 29.11.2021, 13:35:37] --> refipovuruk appeared
[wuzosurupoho: 29.11.2021, 13:36:21] --> refipovuruk appeared
[wuzosurupoho: 29.11.2021, 13:36:30] --> dezamofutap appeared
[wuzosurupoho: 29.11.2021, 13:37:21] --> demafomere appeared
[wuzosurupoho: 29.11.2021, 13:37:47] --> boheredirab appeared
[wuzosurupoho: 29.11.2021, 13:38:06] --> refipovuruk appeared
[wuzosurupoho: 29.11.2021, 13:38:35] --> Character leveled up to level 33
[wuzosurupoho: 29.11.2021, 13:38:56] --> refipovuruk appeared
[wuzosurupoho: 29.11.2021, 13:39:00] --> boheredirab appeared
[wuzosurupoho: 29.11.2021, 13:39:07] --> boheredirab appeared
[wuzosurupoho: 29.11.2021, 13:39:19] --> refipovuruk appeared
[wuzosurupoho: 29.11.2021, 13:40:29] --> refipovuruk appeared
[wuzosurupoho: 29.11.2021, 13:40:39] --> BaeVisoR72 appeared
[wuzosurupoho: 29.11.2021, 13:43:22] --> Character got kick
[wuzosurupoho: 29.11.2021, 13:43:29] --> gelipepoferu appeared
[wuzosurupoho: 29.11.2021, 13:43:53] --> refipovuruk appeared
[wuzosurupoho: 29.11.2021, 13:44:00] --> RovarD63 appeared
[wuzosurupoho: 29.11.2021, 13:44:12] --> refipovuruk appeared
[wuzosurupoho: 29.11.2021, 13:44:58] --> refipovuruk appeared
[wuzosurupoho: 29.11.2021, 13:45:02] --> refipovuruk appeared
[wuzosurupoho: 29.11.2021, 13:45:10] --> refipovuruk appeared
[wuzosurupoho: 29.11.2021, 13:45:15] --> refipovuruk appeared
[wuzosurupoho: 29.11.2021, 13:45:27] --> refipovuruk appeared
[wuzosurupoho: 29.11.2021, 13:46:25] --> boheredirab appeared
[wuzosurupoho: 29.11.2021, 13:46:36] --> refipovuruk appeared
[wuzosurupoho: 29.11.2021, 13:46:47] --> gelipepoferu appeared
[wuzosurupoho: 29.11.2021, 13:47:31] --> refipovuruk appeared
[wuzosurupoho: 29.11.2021, 13:47:39] --> Character got kick
[wuzosurupoho: 29.11.2021, 13:47:56] --> boheredirab appeared
[wuzosurupoho: 29.11.2021, 13:48:07] --> refipovuruk appeared
[wuzosurupoho: 29.11.2021, 13:49:03] --> refipovuruk appeared
[wuzosurupoho: 29.11.2021, 13:49:30] --> refipovuruk appeared
[wuzosurupoho: 29.11.2021, 13:50:23] --> refipovuruk appeared
[wuzosurupoho: 29.11.2021, 13:51:01] --> Character got kick
[wuzosurupoho: 29.11.2021, 13:51:41] --> Character got kick
[wuzosurupoho: 29.11.2021, 13:52:31] --> dezamofutap appeared
[wuzosurupoho: 29.11.2021, 13:53:23] --> refipovuruk appeared
[wuzosurupoho: 29.11.2021, 13:53:28] --> refipovuruk appeared
[wuzosurupoho: 29.11.2021, 13:54:36] --> refipovuruk appeared
[wuzosurupoho: 29.11.2021, 13:54:55] --> refipovuruk appeared
[wuzosurupoho: 29.11.2021, 13:55:05] --> BaeVisoR72 appeared
[wuzosurupoho: 29.11.2021, 13:56:10] --> refipovuruk appeared
[wuzosurupoho: 29.11.2021, 13:56:36] --> Character leveled up to level 34
[wuzosurupoho: 29.11.2021, 13:57:10] --> boheredirab appeared
[wuzosurupoho: 29.11.2021, 13:57:21] --> refipovuruk appeared
[wuzosurupoho: 29.11.2021, 13:57:30] --> BaeVisoR72 appeared
[wuzosurupoho: 29.11.2021, 13:58:16] --> refipovuruk appeared
[wuzosurupoho: 29.11.2021, 13:58:44] --> refipovuruk appeared
[wuzosurupoho: 29.11.2021, 13:59:28] --> refipovuruk appeared
[wuzosurupoho: 29.11.2021, 14:01:06] --> refipovuruk appeared
[wuzosurupoho: 29.11.2021, 14:03:14] --> Character died
[wuzosurupoho: 29.11.2021, 14:03:20] --> cakufibenoz appeared
[wuzosurupoho: 29.11.2021, 14:03:31] --> cakufibenoz appeared
[wuzosurupoho: 29.11.2021, 14:03:41] --> Character died
[wuzosurupoho: 29.11.2021, 14:04:15] --> cakufibenoz appeared
[wuzosurupoho: 29.11.2021, 14:04:39] --> BaeVisoR72 appeared
[wuzosurupoho: 29.11.2021, 14:05:19] --> refipovuruk appeared
[wuzosurupoho: 29.11.2021, 14:05:48] --> refipovuruk appeared
[wuzosurupoho: 29.11.2021, 14:08:09] --> refipovuruk appeared
[wuzosurupoho: 29.11.2021, 14:08:20] --> BaeVisoR72 appeared
[wuzosurupoho: 29.11.2021, 14:09:31] --> refipovuruk appeared
[wuzosurupoho: 29.11.2021, 14:10:28] --> boheredirab appeared
[wuzosurupoho: 29.11.2021, 14:10:34] --> refipovuruk appeared
[wuzosurupoho: 29.11.2021, 14:10:47] --> BaeVisoR72 appeared
[wuzosurupoho: 29.11.2021, 14:11:30] --> refipovuruk appeared
[wuzosurupoho: 29.11.2021, 14:11:56] --> refipovuruk appeared
[wuzosurupoho: 29.11.2021, 14:12:52] --> Character leveled up to level 35
[wuzosurupoho: 29.11.2021, 14:13:56] --> refipovuruk appeared
[wuzosurupoho: 29.11.2021, 14:14:18] --> refipovuruk appeared
[wuzosurupoho: 29.11.2021, 14:14:30] --> BaeVisoR72 appeared
[wuzosurupoho: 29.11.2021, 14:14:49] --> Char changed: 5 dragon cors collected, total cor count: 5
[wuzosurupoho: 29.11.2021, 14:14:50] --> Character was kicked from the bot, reason: Changing character
[vepinepucob:  29.11.2021, 14:15:25] --> Time passed, now going to talk to alchemist: vepinepucob
[vepinepucob:  29.11.2021, 14:15:25] --> Character went to Alchemist: vepinepucob
[vepinepucob:  29.11.2021, 14:15:29] --> Character was kicked from the bot, reason: Character was walking
[vepinepucob:  29.11.2021, 14:15:50] --> Character was kicked from the bot, reason: Character was walking
[vepinepucob:  29.11.2021, 14:15:55] --> pozuzuderab appeared
[vepinepucob:  29.11.2021, 14:16:13] --> Character was kicked from the bot, reason: Character was walking
[vepinepucob:  29.11.2021, 14:16:39] --> WIDOWSMAKER appeared
[vepinepucob:  29.11.2021, 14:16:47] --> Character was kicked from the bot, reason: Character was walking
[vepinepucob:  29.11.2021, 14:17:14] --> sldwax28 appeared
[vepinepucob:  29.11.2021, 14:17:33] --> refipovuruk appeared
[vepinepucob:  29.11.2021, 14:17:36] --> refipovuruk appeared
[vepinepucob:  29.11.2021, 14:18:41] --> boheredirab appeared
[vepinepucob:  29.11.2021, 14:18:50] --> boheredirab appeared
[vepinepucob:  29.11.2021, 14:19:03] --> gelipepoferu appeared
[vepinepucob:  29.11.2021, 14:19:44] --> refipovuruk appeared
[vepinepucob:  29.11.2021, 14:19:51] --> dezamofutap appeared
[vepinepucob:  29.11.2021, 14:21:08] --> refipovuruk appeared
[vepinepucob:  29.11.2021, 14:21:17] --> refipovuruk appeared
[vepinepucob:  29.11.2021, 14:21:21] --> refipovuruk appeared
[vepinepucob:  29.11.2021, 14:21:27] --> refipovuruk appeared
[vepinepucob:  29.11.2021, 14:21:32] --> refipovuruk appeared
[vepinepucob:  29.11.2021, 14:22:10] --> refipovuruk appeared
[vepinepucob:  29.11.2021, 14:22:29] --> refipovuruk appeared
[vepinepucob:  29.11.2021, 14:22:39] --> refipovuruk appeared
[vepinepucob:  29.11.2021, 14:22:44] --> refipovuruk appeared
[vepinepucob:  29.11.2021, 14:22:48] --> gelipepoferu appeared
[vepinepucob:  29.11.2021, 14:23:10] --> 10 shards collected, now going to talk to alchemist: vepinepucob
[vepinepucob:  29.11.2021, 14:23:10] --> Character went to Alchemist: vepinepucob
[vepinepucob:  29.11.2021, 14:23:13] --> Character was kicked from the bot, reason: Character was walking
[vepinepucob:  29.11.2021, 14:24:00] --> Character was kicked from the bot, reason: Character was walking
[vepinepucob:  29.11.2021, 14:24:05] --> nuzuvabaviz appeared
[vepinepucob:  29.11.2021, 14:24:23] --> Character was kicked from the bot, reason: Character was walking
[vepinepucob:  29.11.2021, 14:24:48] --> BaeVisoR72 appeared
[vepinepucob:  29.11.2021, 14:26:51] --> Bot successfully started
[vepinepucob:  29.11.2021, 14:26:52] --> BaeVisoR72 appeared
[vepinepucob:  29.11.2021, 14:27:55] --> Bot successfully started
[vepinepucob:  29.11.2021, 14:27:56] --> BaeVisoR72 appeared
[vepinepucob:  29.11.2021, 14:28:04] --> Character was kicked from the bot, reason: Character was walking
[vepinepucob:  29.11.2021, 14:28:32] --> refipovuruk appeared
[vepinepucob:  29.11.2021, 14:28:36] --> refipovuruk appeared
[vepinepucob:  29.11.2021, 14:29:02] --> vilekecubaku appeared
[vepinepucob:  29.11.2021, 14:29:50] --> refipovuruk appeared
[vepinepucob:  29.11.2021, 14:30:13] --> refipovuruk appeared
[vepinepucob:  29.11.2021, 14:31:31] --> vilekecubaku appeared
[vepinepucob:  29.11.2021, 14:32:28] --> cakohivibose appeared
[vepinepucob:  29.11.2021, 14:32:38] --> Character leveled up to level 32
[vepinepucob:  29.11.2021, 14:32:51] --> gelipepoferu appeared
[vepinepucob:  29.11.2021, 14:33:23] --> gelipepoferu appeared
[vepinepucob:  29.11.2021, 14:33:39] --> boheredirab appeared
[vepinepucob:  29.11.2021, 14:33:46] --> refipovuruk appeared
[vepinepucob:  29.11.2021, 14:34:07] --> sacorucoberi appeared
[vepinepucob:  29.11.2021, 14:34:53] --> refipovuruk appeared
[vepinepucob:  29.11.2021, 14:35:01] --> boheredirab appeared
[vepinepucob:  29.11.2021, 14:35:11] --> refipovuruk appeared
[vepinepucob:  29.11.2021, 14:35:20] --> dezamofutap appeared
[vepinepucob:  29.11.2021, 14:35:59] --> refipovuruk appeared
[vepinepucob:  29.11.2021, 14:36:03] --> refipovuruk appeared
[vepinepucob:  29.11.2021, 14:36:09] --> refipovuruk appeared
[vepinepucob:  29.11.2021, 14:36:26] --> refipovuruk appeared
[vepinepucob:  29.11.2021, 14:37:23] --> cakohivibose appeared
[vepinepucob:  29.11.2021, 14:37:40] --> refipovuruk appeared
[vepinepucob:  29.11.2021, 14:37:56] --> gelipepoferu appeared
[vepinepucob:  29.11.2021, 14:38:35] --> refipovuruk appeared
[vepinepucob:  29.11.2021, 14:38:45] --> dezamofutap appeared
[vepinepucob:  29.11.2021, 14:39:01] --> refipovuruk appeared
[vepinepucob:  29.11.2021, 14:39:36] --> dezamofutap appeared
[vepinepucob:  29.11.2021, 14:39:49] --> refipovuruk appeared
[vepinepucob:  29.11.2021, 14:41:02] --> refipovuruk appeared
[vepinepucob:  29.11.2021, 14:41:23] --> refipovuruk appeared
[vepinepucob:  29.11.2021, 14:41:35] --> dezamofutap appeared
[vepinepucob:  29.11.2021, 14:42:48] --> refipovuruk appeared
[vepinepucob:  29.11.2021, 14:43:41] --> fowiduforaf appeared
[vepinepucob:  29.11.2021, 14:43:49] --> refipovuruk appeared
[vepinepucob:  29.11.2021, 14:44:03] --> gelipepoferu appeared
[vepinepucob:  29.11.2021, 14:44:08] --> gelipepoferu appeared
[vepinepucob:  29.11.2021, 14:44:46] --> refipovuruk appeared
[vepinepucob:  29.11.2021, 14:44:52] --> Character leveled up to level 33
[vepinepucob:  29.11.2021, 14:45:00] --> sldwax78 appeared
[vepinepucob:  29.11.2021, 14:45:13] --> refipovuruk appeared
[vepinepucob:  29.11.2021, 14:46:07] --> refipovuruk appeared
[vepinepucob:  29.11.2021, 14:46:17] --> refipovuruk appeared
[vepinepucob:  29.11.2021, 14:46:29] --> refipovuruk appeared
[vepinepucob:  29.11.2021, 14:47:10] --> refipovuruk appeared
[vepinepucob:  29.11.2021, 14:47:32] --> refipovuruk appeared
[vepinepucob:  29.11.2021, 14:47:43] --> dezamofutap appeared
[vepinepucob:  29.11.2021, 14:48:27] --> refipovuruk appeared
[vepinepucob:  29.11.2021, 14:48:38] --> refipovuruk appeared
[vepinepucob:  29.11.2021, 14:48:57] --> refipovuruk appeared
[vepinepucob:  29.11.2021, 14:49:08] --> gelipepoferu appeared
[vepinepucob:  29.11.2021, 14:50:12] --> refipovuruk appeared
[vepinepucob:  29.11.2021, 14:51:10] --> sldwax2 appeared
[vepinepucob:  29.11.2021, 14:51:21] --> refipovuruk appeared
[vepinepucob:  29.11.2021, 14:51:31] --> dezamofutap appeared
[vepinepucob:  29.11.2021, 14:52:18] --> refipovuruk appeared
[vepinepucob:  29.11.2021, 14:52:28] --> refipovuruk appeared
[vepinepucob:  29.11.2021, 14:52:44] --> refipovuruk appeared
[vepinepucob:  29.11.2021, 14:53:20] --> refipovuruk appeared
[vepinepucob:  29.11.2021, 14:53:32] --> dezamofutap appeared
[vepinepucob:  29.11.2021, 14:53:52] --> dezamofutap appeared
[vepinepucob:  29.11.2021, 14:53:54] --> refipovuruk appeared
[vepinepucob:  29.11.2021, 14:53:56] --> refipovuruk appeared
[vepinepucob:  29.11.2021, 14:54:00] --> gelipepoferu appeared
[vepinepucob:  29.11.2021, 14:54:47] --> refipovuruk appeared
[vepinepucob:  29.11.2021, 14:55:02] --> cakohivibose appeared
[vepinepucob:  29.11.2021, 14:55:13] --> gelipepoferu appeared
[vepinepucob:  29.11.2021, 14:55:58] --> refipovuruk appeared
[vepinepucob:  29.11.2021, 14:56:02] --> refipovuruk appeared
[vepinepucob:  29.11.2021, 14:56:21] --> refipovuruk appeared
[vepinepucob:  29.11.2021, 14:57:05] --> refipovuruk appeared
[vepinepucob:  29.11.2021, 14:57:16] --> Char changed: 5 dragon cors collected, total cor count: 5
[vepinepucob:  29.11.2021, 14:57:17] --> Character was kicked from the bot, reason: Changing character
[depelivesiz:  29.11.2021, 14:58:40] --> Bot successfully started
[depelivesiz:  29.11.2021, 14:58:40] --> fepunalafa appeared
[depelivesiz:  29.11.2021, 14:58:46] --> Time passed, now going to talk to alchemist: depelivesiz
[depelivesiz:  29.11.2021, 14:58:46] --> Character went to Alchemist: depelivesiz
[depelivesiz:  29.11.2021, 14:58:50] --> Character was kicked from the bot, reason: Character was walking
[depelivesiz:  29.11.2021, 14:59:14] --> kidezisupe appeared
[depelivesiz:  29.11.2021, 14:59:16] --> Character was kicked from the bot, reason: Character was walking
[depelivesiz:  29.11.2021, 14:59:21] --> kelllx4 appeared
[depelivesiz:  29.11.2021, 14:59:40] --> Character was kicked from the bot, reason: Character was walking
[depelivesiz:  29.11.2021, 14:59:46] --> bomipefeki appeared
[depelivesiz:  29.11.2021, 15:00:17] --> Character was kicked from the bot, reason: Character was walking
[depelivesiz:  29.11.2021, 15:00:39] --> refipovuruk appeared
[depelivesiz:  29.11.2021, 15:00:57] --> Character got kick
[depelivesiz:  29.11.2021, 15:01:10] --> refipovuruk appeared
[depelivesiz:  29.11.2021, 15:02:16] --> refipovuruk appeared
[depelivesiz:  29.11.2021, 15:02:22] --> boheredirab appeared
