[bozikarazewa: 28.11.2021, 14:12:24] --> Bot successfully started
[bozikarazewa: 28.11.2021, 14:12:24] --> tohazekanib appeared
[bozikarazewa: 28.11.2021, 14:24:39] --> Changing into CH9
[bozikarazewa: 28.11.2021, 14:25:10] --> Character was kicked from the bot, reason: Changing character
[bozikarazewa: 28.11.2021, 14:27:01] --> Character was kicked from the bot, reason: Changing character
[gafofimuluk:  28.11.2021, 14:28:46] --> Character was kicked from the bot, reason: Changing character
[wivarivekupu: 28.11.2021, 14:30:38] --> Character was kicked from the bot, reason: Changing character
[cupikesero:   28.11.2021, 14:32:38] --> Character was kicked from the bot, reason: Changing character
[bozikarazewa: 28.11.2021, 15:11:38] --> Bot successfully started
[bozikarazewa: 28.11.2021, 15:11:38] --> Setting '1' loaded because of active level settings
[bozikarazewa: 28.11.2021, 15:11:38] --> tohazekanib appeared
[bozikarazewa: 28.11.2021, 15:11:45] --> Character went to saleswoman
[bozikarazewa: 28.11.2021, 15:11:48] --> Character was kicked from the bot, reason: Character was walking
[bozikarazewa: 28.11.2021, 15:12:21] --> Character was kicked from the bot, reason: Character was walking
[bozikarazewa: 28.11.2021, 15:12:33] --> Character leveled up to level 4
[bozikarazewa: 28.11.2021, 15:12:34] --> Character leveled up to level 6
[bozikarazewa: 28.11.2021, 15:12:35] --> Character leveled up to level 8
[bozikarazewa: 28.11.2021, 15:12:36] --> vogopimuhez appeared
[bozikarazewa: 28.11.2021, 15:12:37] --> Character leveled up to level 9
[bozikarazewa: 28.11.2021, 15:12:57] --> Character leveled up to level 10
[bozikarazewa: 28.11.2021, 15:13:02] --> vogopimuhez appeared
[bozikarazewa: 28.11.2021, 15:13:04] --> Character leveled up to level 11
[bozikarazewa: 28.11.2021, 15:13:11] --> Character leveled up to level 12
[bozikarazewa: 28.11.2021, 15:13:14] --> Character leveled up to level 13
[bozikarazewa: 28.11.2021, 15:13:30] --> vogopimuhez appeared
[bozikarazewa: 28.11.2021, 15:13:59] --> vogopimuhez appeared
[bozikarazewa: 28.11.2021, 15:14:02] --> Character leveled up to level 14
[bozikarazewa: 28.11.2021, 15:14:15] --> Character leveled up to level 15
[bozikarazewa: 28.11.2021, 15:14:15] --> Setting '2' loaded because of active level settings
[bozikarazewa: 28.11.2021, 15:14:31] --> Character was kicked from the bot, reason: Character was walking
[bozikarazewa: 28.11.2021, 15:14:56] --> Character was kicked from the bot, reason: Character was walking
[bozikarazewa: 28.11.2021, 15:14:59] --> rogonavikira appeared
[bozikarazewa: 28.11.2021, 15:15:52] --> Character leveled up to level 16
[bozikarazewa: 28.11.2021, 15:16:02] --> genufezilof appeared
[bozikarazewa: 28.11.2021, 15:16:24] --> fivonoluna appeared
[bozikarazewa: 28.11.2021, 15:16:28] --> Character leveled up to level 17
[bozikarazewa: 28.11.2021, 15:16:37] --> Character leveled up to level 18
[bozikarazewa: 28.11.2021, 15:16:49] --> pekifizunupa appeared
[bozikarazewa: 28.11.2021, 15:17:16] --> Character leveled up to level 19
[bozikarazewa: 28.11.2021, 15:17:31] --> devinukevezo appeared
[bozikarazewa: 28.11.2021, 15:17:53] --> pekifizunupa appeared
[bozikarazewa: 28.11.2021, 15:18:10] --> Character leveled up to level 20
[bozikarazewa: 28.11.2021, 15:18:20] --> genufezilof appeared
[bozikarazewa: 28.11.2021, 15:19:19] --> Character leveled up to level 21
[bozikarazewa: 28.11.2021, 15:20:21] --> Character leveled up to level 22
[bozikarazewa: 28.11.2021, 15:21:25] --> Character leveled up to level 23
[bozikarazewa: 28.11.2021, 15:22:38] --> Character leveled up to level 24
[bozikarazewa: 28.11.2021, 15:24:05] --> Character leveled up to level 25
[bozikarazewa: 28.11.2021, 15:25:26] --> Character leveled up to level 26
[bozikarazewa: 28.11.2021, 15:27:25] --> Character leveled up to level 27
[bozikarazewa: 28.11.2021, 15:29:42] --> Character leveled up to level 28
[bozikarazewa: 28.11.2021, 15:31:50] --> Character leveled up to level 29
[bozikarazewa: 28.11.2021, 15:34:50] --> Character leveled up to level 30
[bozikarazewa: 28.11.2021, 15:37:44] --> Character leveled up to level 31
[bozikarazewa: 28.11.2021, 15:37:46] --> Bot terminated: Character reached level 31
[gafofimuluk:  28.11.2021, 15:39:16] --> Bot successfully started
[gafofimuluk:  28.11.2021, 15:39:16] --> tohazekanib appeared
[gafofimuluk:  28.11.2021, 15:39:16] --> Setting '1' loaded because of active level settings
[gafofimuluk:  28.11.2021, 15:39:23] --> Character went to saleswoman
[gafofimuluk:  28.11.2021, 15:39:26] --> Character was kicked from the bot, reason: Character was walking
[gafofimuluk:  28.11.2021, 15:39:48] --> zibucetinor appeared
[gafofimuluk:  28.11.2021, 15:39:59] --> Character was kicked from the bot, reason: Character was walking
[gafofimuluk:  28.11.2021, 15:40:13] --> Character leveled up to level 5
[gafofimuluk:  28.11.2021, 15:40:14] --> Character leveled up to level 7
[gafofimuluk:  28.11.2021, 15:40:15] --> Character leveled up to level 8
[gafofimuluk:  28.11.2021, 15:40:15] --> zipazazirow appeared
[gafofimuluk:  28.11.2021, 15:40:17] --> Character leveled up to level 9
[gafofimuluk:  28.11.2021, 15:40:19] --> Character leveled up to level 10
[gafofimuluk:  28.11.2021, 15:40:27] --> Character leveled up to level 11
[gafofimuluk:  28.11.2021, 15:40:42] --> zipazazirow appeared
[gafofimuluk:  28.11.2021, 15:40:50] --> Character leveled up to level 12
[gafofimuluk:  28.11.2021, 15:41:02] --> Character leveled up to level 13
[gafofimuluk:  28.11.2021, 15:41:08] --> zipazazirow appeared
[gafofimuluk:  28.11.2021, 15:41:12] --> Character leveled up to level 14
[gafofimuluk:  28.11.2021, 15:41:39] --> zipazazirow appeared
[gafofimuluk:  28.11.2021, 15:41:54] --> Character leveled up to level 15
[gafofimuluk:  28.11.2021, 15:41:54] --> Setting '2' loaded because of active level settings
[gafofimuluk:  28.11.2021, 15:42:08] --> Character was kicked from the bot, reason: Character was walking
[gafofimuluk:  28.11.2021, 15:42:16] --> zofisisuba appeared
[gafofimuluk:  28.11.2021, 15:42:33] --> Character was kicked from the bot, reason: Character was walking
[gafofimuluk:  28.11.2021, 15:42:37] --> cimihozokidi appeared
[gafofimuluk:  28.11.2021, 15:43:25] --> Character leveled up to level 16
[gafofimuluk:  28.11.2021, 15:44:03] --> Character leveled up to level 17
[gafofimuluk:  28.11.2021, 15:44:36] --> Character leveled up to level 18
[gafofimuluk:  28.11.2021, 15:45:29] --> Character leveled up to level 19
[gafofimuluk:  28.11.2021, 15:46:41] --> Character leveled up to level 20
[gafofimuluk:  28.11.2021, 15:47:05] --> wabobokaziv appeared
[gafofimuluk:  28.11.2021, 15:47:15] --> dedopenesel appeared
[gafofimuluk:  28.11.2021, 15:47:45] --> Character leveled up to level 21
[gafofimuluk:  28.11.2021, 15:48:05] --> ripipimakoku appeared
[gafofimuluk:  28.11.2021, 15:48:31] --> hifirizekun appeared
[gafofimuluk:  28.11.2021, 15:48:51] --> Character leveled up to level 22
[gafofimuluk:  28.11.2021, 15:49:01] --> rigebesobumi appeared
[gafofimuluk:  28.11.2021, 15:49:39] --> hoboporiki appeared
[gafofimuluk:  28.11.2021, 15:49:54] --> Character leveled up to level 23
[gafofimuluk:  28.11.2021, 15:50:01] --> zegirepefi appeared
[gafofimuluk:  28.11.2021, 15:50:08] --> cofibugasazo appeared
[gafofimuluk:  28.11.2021, 15:50:27] --> gevukorazize appeared
[gafofimuluk:  28.11.2021, 15:50:31] --> rigebesobumi appeared
[gafofimuluk:  28.11.2021, 15:50:36] --> hoboporiki appeared
[gafofimuluk:  28.11.2021, 15:51:00] --> Character leveled up to level 24
[gafofimuluk:  28.11.2021, 15:52:10] --> Character leveled up to level 25
[gafofimuluk:  28.11.2021, 15:54:02] --> Character leveled up to level 26
[gafofimuluk:  28.11.2021, 15:55:50] --> Character leveled up to level 27
[gafofimuluk:  28.11.2021, 15:58:22] --> Character leveled up to level 28
[gafofimuluk:  28.11.2021, 16:01:02] --> Character leveled up to level 29
[gafofimuluk:  28.11.2021, 16:04:35] --> Character leveled up to level 30
[gafofimuluk:  28.11.2021, 16:07:46] --> Character leveled up to level 31
[gafofimuluk:  28.11.2021, 16:07:47] --> Bot terminated: Character reached level 31
[wivarivekupu: 28.11.2021, 16:08:49] --> Bot successfully started
[wivarivekupu: 28.11.2021, 16:08:50] --> tohazekanib appeared
[wivarivekupu: 28.11.2021, 16:08:50] --> Setting '1' loaded because of active level settings
[wivarivekupu: 28.11.2021, 16:08:56] --> Character went to saleswoman
[wivarivekupu: 28.11.2021, 16:09:00] --> Character was kicked from the bot, reason: Character was walking
[wivarivekupu: 28.11.2021, 16:09:32] --> Character was kicked from the bot, reason: Character was walking
[wivarivekupu: 28.11.2021, 16:09:45] --> Character leveled up to level 2
[wivarivekupu: 28.11.2021, 16:09:46] --> Character leveled up to level 4
[wivarivekupu: 28.11.2021, 16:09:47] --> Character leveled up to level 6
[wivarivekupu: 28.11.2021, 16:09:48] --> Character leveled up to level 7
[wivarivekupu: 28.11.2021, 16:09:50] --> Character leveled up to level 8
[wivarivekupu: 28.11.2021, 16:09:50] --> zipazazirow appeared
[wivarivekupu: 28.11.2021, 16:09:54] --> Character leveled up to level 9
[wivarivekupu: 28.11.2021, 16:09:59] --> Character leveled up to level 10
[wivarivekupu: 28.11.2021, 16:10:01] --> Character leveled up to level 11
[wivarivekupu: 28.11.2021, 16:10:08] --> Character leveled up to level 12
[wivarivekupu: 28.11.2021, 16:10:24] --> Character leveled up to level 13
[wivarivekupu: 28.11.2021, 16:11:04] --> Character leveled up to level 14
[wivarivekupu: 28.11.2021, 16:11:36] --> piselumitu appeared
[wivarivekupu: 28.11.2021, 16:11:47] --> Character leveled up to level 15
[wivarivekupu: 28.11.2021, 16:11:47] --> Setting '2' loaded because of active level settings
[wivarivekupu: 28.11.2021, 16:11:51] --> Character was kicked from the bot, reason: Character was walking
[wivarivekupu: 28.11.2021, 16:12:01] --> Character was kicked from the bot, reason: Character was walking
[wivarivekupu: 28.11.2021, 16:12:27] --> Character was kicked from the bot, reason: Character was walking
[wivarivekupu: 28.11.2021, 16:12:30] --> luzevacufev appeared
[wivarivekupu: 28.11.2021, 16:13:21] --> Character leveled up to level 16
[wivarivekupu: 28.11.2021, 16:14:16] --> Character leveled up to level 17
[wivarivekupu: 28.11.2021, 16:15:00] --> Character leveled up to level 18
[wivarivekupu: 28.11.2021, 16:15:48] --> Character leveled up to level 19
[wivarivekupu: 28.11.2021, 16:16:46] --> Character leveled up to level 20
[wivarivekupu: 28.11.2021, 16:17:57] --> Character leveled up to level 21
[wivarivekupu: 28.11.2021, 16:19:18] --> Character leveled up to level 22
[wivarivekupu: 28.11.2021, 16:19:22] --> gusopakigike appeared
[wivarivekupu: 28.11.2021, 16:19:25] --> gusopakigike appeared
[wivarivekupu: 28.11.2021, 16:19:32] --> gusopakigike appeared
[wivarivekupu: 28.11.2021, 16:19:35] --> kukubokevire appeared
[wivarivekupu: 28.11.2021, 16:20:16] --> Character leveled up to level 23
[wivarivekupu: 28.11.2021, 16:20:51] --> ruwogatupa appeared
[wivarivekupu: 28.11.2021, 16:21:53] --> Character leveled up to level 24
[wivarivekupu: 28.11.2021, 16:21:55] --> kafegekezocu appeared
[wivarivekupu: 28.11.2021, 16:22:28] --> kukubokevire appeared
[wivarivekupu: 28.11.2021, 16:23:21] --> Character leveled up to level 25
[wivarivekupu: 28.11.2021, 16:23:33] --> bugalisebico appeared
[wivarivekupu: 28.11.2021, 16:25:13] --> Character leveled up to level 26
[wivarivekupu: 28.11.2021, 16:27:24] --> Character leveled up to level 27
[wivarivekupu: 28.11.2021, 16:29:17] --> Character leveled up to level 28
[wivarivekupu: 28.11.2021, 16:32:33] --> Character leveled up to level 29
[wivarivekupu: 28.11.2021, 16:35:44] --> Character leveled up to level 30
[wivarivekupu: 28.11.2021, 16:38:37] --> Character leveled up to level 31
[wivarivekupu: 28.11.2021, 16:38:39] --> Bot terminated: Character reached level 31
[cupikesero:   28.11.2021, 16:39:53] --> Bot successfully started
[cupikesero:   28.11.2021, 16:39:54] --> tohazekanib appeared
[cupikesero:   28.11.2021, 16:39:54] --> Setting '1' loaded because of active level settings
[cupikesero:   28.11.2021, 16:40:00] --> Character went to saleswoman
[cupikesero:   28.11.2021, 16:40:03] --> Character was kicked from the bot, reason: Character was walking
[cupikesero:   28.11.2021, 16:40:38] --> Character was kicked from the bot, reason: Character was walking
[cupikesero:   28.11.2021, 16:40:50] --> kovewoziruha appeared
[cupikesero:   28.11.2021, 16:40:51] --> Character leveled up to level 5
[cupikesero:   28.11.2021, 16:40:52] --> Character leveled up to level 7
[cupikesero:   28.11.2021, 16:40:53] --> Character leveled up to level 8
[cupikesero:   28.11.2021, 16:40:54] --> Character leveled up to level 9
[cupikesero:   28.11.2021, 16:40:57] --> Character leveled up to level 10
[cupikesero:   28.11.2021, 16:41:04] --> Character leveled up to level 11
[cupikesero:   28.11.2021, 16:41:06] --> Character leveled up to level 12
[cupikesero:   28.11.2021, 16:41:22] --> kovewoziruha appeared
[cupikesero:   28.11.2021, 16:41:23] --> Character leveled up to level 13
[cupikesero:   28.11.2021, 16:41:57] --> Character leveled up to level 14
[cupikesero:   28.11.2021, 16:42:01] --> Character leveled up to level 15
[cupikesero:   28.11.2021, 16:42:01] --> Setting '2' loaded because of active level settings
[cupikesero:   28.11.2021, 16:42:16] --> Character was kicked from the bot, reason: Character was walking
[cupikesero:   28.11.2021, 16:42:21] --> lenupokikug appeared
[cupikesero:   28.11.2021, 16:42:34] --> lenupokikug appeared
[cupikesero:   28.11.2021, 16:42:42] --> Character was kicked from the bot, reason: Character was walking
[cupikesero:   28.11.2021, 16:42:47] --> ruwogatupa appeared
[cupikesero:   28.11.2021, 16:43:15] --> Character leveled up to level 16
[cupikesero:   28.11.2021, 16:44:05] --> Character leveled up to level 17
[cupikesero:   28.11.2021, 16:45:02] --> Character leveled up to level 18
[cupikesero:   28.11.2021, 16:46:00] --> Character leveled up to level 19
[cupikesero:   28.11.2021, 16:46:48] --> Character leveled up to level 20
[cupikesero:   28.11.2021, 16:48:05] --> Character leveled up to level 21
[cupikesero:   28.11.2021, 16:48:44] --> Character leveled up to level 22
[cupikesero:   28.11.2021, 16:49:12] --> regotimevoco appeared
[cupikesero:   28.11.2021, 16:49:34] --> Character leveled up to level 23
[cupikesero:   28.11.2021, 16:49:37] --> fosorekeboka appeared
[cupikesero:   28.11.2021, 16:49:47] --> ruwogatupa appeared
[cupikesero:   28.11.2021, 16:50:20] --> ruwogatupa appeared
[cupikesero:   28.11.2021, 16:50:30] --> Character leveled up to level 24
[cupikesero:   28.11.2021, 16:51:16] --> wabobokaziv appeared
[cupikesero:   28.11.2021, 16:51:43] --> firedozunob appeared
[cupikesero:   28.11.2021, 16:51:55] --> bugalisebico appeared
[cupikesero:   28.11.2021, 16:51:58] --> Character leveled up to level 25
[cupikesero:   28.11.2021, 16:52:15] --> ruwogatupa appeared
[cupikesero:   28.11.2021, 16:53:15] --> Character leveled up to level 26
[cupikesero:   28.11.2021, 16:54:47] --> Character leveled up to level 27
[cupikesero:   28.11.2021, 16:57:07] --> Character leveled up to level 28
[cupikesero:   28.11.2021, 16:59:20] --> Character leveled up to level 29
[cupikesero:   28.11.2021, 17:02:31] --> Character leveled up to level 30
[cupikesero:   28.11.2021, 17:04:48] --> Character leveled up to level 31
[cupikesero:   28.11.2021, 17:04:49] --> Bot terminated: Character reached level 31
[zapuzekugefi: 28.11.2021, 17:05:52] --> Bot successfully started
[zapuzekugefi: 28.11.2021, 17:05:53] --> Setting '1' loaded because of active level settings
[zapuzekugefi: 28.11.2021, 17:05:53] --> borotakizizu appeared
[zapuzekugefi: 28.11.2021, 17:05:59] --> Character went to saleswoman
[zapuzekugefi: 28.11.2021, 17:06:02] --> Character was kicked from the bot, reason: Character was walking
[zapuzekugefi: 28.11.2021, 17:06:08] --> luchendox appeared
[zapuzekugefi: 28.11.2021, 17:06:37] --> Character was kicked from the bot, reason: Character was walking
[zapuzekugefi: 28.11.2021, 17:06:50] --> Character leveled up to level 4
[zapuzekugefi: 28.11.2021, 17:06:51] --> Character leveled up to level 6
[zapuzekugefi: 28.11.2021, 17:06:52] --> Character leveled up to level 7
[zapuzekugefi: 28.11.2021, 17:06:53] --> Character leveled up to level 8
[zapuzekugefi: 28.11.2021, 17:06:54] --> Character leveled up to level 9
[zapuzekugefi: 28.11.2021, 17:06:56] --> rugibucawe appeared
[zapuzekugefi: 28.11.2021, 17:06:58] --> Character leveled up to level 10
[zapuzekugefi: 28.11.2021, 17:07:00] --> Character leveled up to level 11
[zapuzekugefi: 28.11.2021, 17:07:13] --> Character leveled up to level 12
[zapuzekugefi: 28.11.2021, 17:07:14] --> rugibucawe appeared
[zapuzekugefi: 28.11.2021, 17:07:16] --> rugibucawe appeared
[zapuzekugefi: 28.11.2021, 17:07:44] --> Character leveled up to level 13
[zapuzekugefi: 28.11.2021, 17:07:49] --> rugibucawe appeared
[zapuzekugefi: 28.11.2021, 17:07:54] --> Character leveled up to level 14
[zapuzekugefi: 28.11.2021, 17:08:01] --> Character leveled up to level 15
[zapuzekugefi: 28.11.2021, 17:08:02] --> Setting '2' loaded because of active level settings
[zapuzekugefi: 28.11.2021, 17:08:14] --> Character was kicked from the bot, reason: Character was walking
[zapuzekugefi: 28.11.2021, 17:08:19] --> dehuladogav appeared
[zapuzekugefi: 28.11.2021, 17:08:41] --> Character was kicked from the bot, reason: Character was walking
[zapuzekugefi: 28.11.2021, 17:08:46] --> besufugebiwo appeared
[zapuzekugefi: 28.11.2021, 17:09:43] --> Character leveled up to level 16
[zapuzekugefi: 28.11.2021, 17:10:27] --> Character leveled up to level 17
[zapuzekugefi: 28.11.2021, 17:11:19] --> Character leveled up to level 18
[zapuzekugefi: 28.11.2021, 17:12:29] --> Character leveled up to level 19
[zapuzekugefi: 28.11.2021, 17:13:50] --> Character leveled up to level 20
[zapuzekugefi: 28.11.2021, 17:15:13] --> Character leveled up to level 21
[zapuzekugefi: 28.11.2021, 17:16:35] --> Character leveled up to level 22
[zapuzekugefi: 28.11.2021, 17:18:00] --> Character leveled up to level 23
[zapuzekugefi: 28.11.2021, 17:19:52] --> Character leveled up to level 24
[zapuzekugefi: 28.11.2021, 17:21:17] --> pemebudobu appeared
[zapuzekugefi: 28.11.2021, 17:21:22] --> cibevepomaho appeared
[zapuzekugefi: 28.11.2021, 17:21:26] --> Character leveled up to level 25
[zapuzekugefi: 28.11.2021, 17:21:39] --> zegirepefi appeared
[zapuzekugefi: 28.11.2021, 17:21:48] --> gokafefafa appeared
[zapuzekugefi: 28.11.2021, 17:22:49] --> Character leveled up to level 26
[zapuzekugefi: 28.11.2021, 17:23:26] --> gokafefafa appeared
[zapuzekugefi: 28.11.2021, 17:23:37] --> gokafefafa appeared
[zapuzekugefi: 28.11.2021, 17:24:05] --> Character leveled up to level 27
[zapuzekugefi: 28.11.2021, 17:24:08] --> pemebudobu appeared
[zapuzekugefi: 28.11.2021, 17:24:11] --> gokafefafa appeared
[zapuzekugefi: 28.11.2021, 17:26:00] --> Character leveled up to level 28
[zapuzekugefi: 28.11.2021, 17:28:41] --> Character leveled up to level 29
[zapuzekugefi: 28.11.2021, 17:31:56] --> Character leveled up to level 30
[zapuzekugefi: 28.11.2021, 17:35:03] --> Character leveled up to level 31
[zapuzekugefi: 28.11.2021, 17:35:04] --> Bot terminated: Character reached level 31
[bozikarazewa: 29.11.2021, 12:55:45] --> Bot successfully started
[bozikarazewa: 29.11.2021, 12:55:46] --> leliwobobe appeared
[bozikarazewa: 29.11.2021, 12:55:49] --> tabopevekut appeared
[bozikarazewa: 29.11.2021, 12:55:51] --> Time passed, now going to talk to alchemist: bozikarazewa
[bozikarazewa: 29.11.2021, 12:55:51] --> Character went to Alchemist: bozikarazewa
[bozikarazewa: 29.11.2021, 12:56:10] --> kimepibipuk appeared
[bozikarazewa: 29.11.2021, 12:56:15] --> Character was kicked from the bot, reason: Character was walking
[bozikarazewa: 29.11.2021, 12:56:20] --> serokifukab appeared
[bozikarazewa: 29.11.2021, 12:56:37] --> Character was kicked from the bot, reason: Character was walking
[bozikarazewa: 29.11.2021, 12:56:42] --> tikaresaku appeared
[bozikarazewa: 29.11.2021, 12:56:56] --> tikaresaku appeared
[bozikarazewa: 29.11.2021, 12:57:26] --> Character was kicked from the bot, reason: Character was walking
[bozikarazewa: 29.11.2021, 12:57:58] --> mivibacupuf appeared
[bozikarazewa: 29.11.2021, 12:58:20] --> BaeVisoR87 appeared
[bozikarazewa: 29.11.2021, 12:59:36] --> BaeVisoR87 appeared
[bozikarazewa: 29.11.2021, 13:00:16] --> zebikogakone appeared
[bozikarazewa: 29.11.2021, 13:00:44] --> zebikogakone appeared
[bozikarazewa: 29.11.2021, 13:01:40] --> zebikogakone appeared
[bozikarazewa: 29.11.2021, 13:03:08] --> Bot successfully started
[bozikarazewa: 29.11.2021, 13:03:08] --> adsimsa94 appeared
[bozikarazewa: 29.11.2021, 13:03:45] --> zebikogakone appeared
[bozikarazewa: 29.11.2021, 13:03:51] --> zebikogakone appeared
[bozikarazewa: 29.11.2021, 13:03:56] --> zebikogakone appeared
[bozikarazewa: 29.11.2021, 13:04:13] --> zebikogakone appeared
[bozikarazewa: 29.11.2021, 13:05:12] --> corobapiweku appeared
[bozikarazewa: 29.11.2021, 13:05:19] --> corobapiweku appeared
[bozikarazewa: 29.11.2021, 13:05:35] --> tudovobozo appeared
[bozikarazewa: 29.11.2021, 13:06:21] --> zebikogakone appeared
[bozikarazewa: 29.11.2021, 13:06:49] --> zebikogakone appeared
[bozikarazewa: 29.11.2021, 13:06:57] --> 10 shards collected, now going to talk to alchemist: bozikarazewa
[bozikarazewa: 29.11.2021, 13:06:57] --> Character went to Alchemist: bozikarazewa
[bozikarazewa: 29.11.2021, 13:07:21] --> Character was kicked from the bot, reason: Character was walking
[bozikarazewa: 29.11.2021, 13:07:26] --> serokifukab appeared
[bozikarazewa: 29.11.2021, 13:07:44] --> Character was kicked from the bot, reason: Character was walking
[bozikarazewa: 29.11.2021, 13:08:17] --> fafabiripoku appeared
[bozikarazewa: 29.11.2021, 13:08:18] --> Character was kicked from the bot, reason: Character was walking
[bozikarazewa: 29.11.2021, 13:09:12] --> zebikogakone appeared
[bozikarazewa: 29.11.2021, 13:10:43] --> Character leveled up to level 32
[bozikarazewa: 29.11.2021, 13:10:44] --> ferodavokifa appeared
[bozikarazewa: 29.11.2021, 13:12:02] --> zebikogakone appeared
[bozikarazewa: 29.11.2021, 13:12:55] --> mivibacupuf appeared
[bozikarazewa: 29.11.2021, 13:13:05] --> zebikogakone appeared
[bozikarazewa: 29.11.2021, 13:13:17] --> BaeVisoR87 appeared
[bozikarazewa: 29.11.2021, 13:14:00] --> zebikogakone appeared
[bozikarazewa: 29.11.2021, 13:14:09] --> mivibacupuf appeared
[bozikarazewa: 29.11.2021, 13:14:27] --> zebikogakone appeared
[bozikarazewa: 29.11.2021, 13:15:12] --> zebikogakone appeared
[bozikarazewa: 29.11.2021, 13:16:28] --> zebikogakone appeared
[bozikarazewa: 29.11.2021, 13:16:46] --> zebikogakone appeared
[bozikarazewa: 29.11.2021, 13:16:59] --> BaeVisoR87 appeared
[bozikarazewa: 29.11.2021, 13:18:11] --> BaeVisoR87 appeared
[bozikarazewa: 29.11.2021, 13:18:28] --> adsimsa93 appeared
[bozikarazewa: 29.11.2021, 13:19:03] --> mivibacupuf appeared
[bozikarazewa: 29.11.2021, 13:19:13] --> zebikogakone appeared
[bozikarazewa: 29.11.2021, 13:19:28] --> BaeVisoR87 appeared
[bozikarazewa: 29.11.2021, 13:20:07] --> ferodavokifa appeared
[bozikarazewa: 29.11.2021, 13:20:10] --> zebikogakone appeared
[bozikarazewa: 29.11.2021, 13:20:17] --> ferodavokifa appeared
[bozikarazewa: 29.11.2021, 13:20:34] --> zebikogakone appeared
[bozikarazewa: 29.11.2021, 13:21:20] --> zebikogakone appeared
[bozikarazewa: 29.11.2021, 13:22:28] --> Character leveled up to level 33
[bozikarazewa: 29.11.2021, 13:22:33] --> zebikogakone appeared
[bozikarazewa: 29.11.2021, 13:22:44] --> mivibacupuf appeared
[bozikarazewa: 29.11.2021, 13:22:56] --> zebikogakone appeared
[bozikarazewa: 29.11.2021, 13:23:10] --> BaeVisoR87 appeared
[bozikarazewa: 29.11.2021, 13:24:22] --> zebikogakone appeared
[bozikarazewa: 29.11.2021, 13:25:15] --> ferodavokifa appeared
[bozikarazewa: 29.11.2021, 13:25:17] --> ferodavokifa appeared
[bozikarazewa: 29.11.2021, 13:25:21] --> zebikogakone appeared
[bozikarazewa: 29.11.2021, 13:25:38] --> BaeVisoR87 appeared
[bozikarazewa: 29.11.2021, 13:26:17] --> zebikogakone appeared
[bozikarazewa: 29.11.2021, 13:26:30] --> cizobebepara appeared
[bozikarazewa: 29.11.2021, 13:26:45] --> zebikogakone appeared
[bozikarazewa: 29.11.2021, 13:28:45] --> zebikogakone appeared
[bozikarazewa: 29.11.2021, 13:28:58] --> mivibacupuf appeared
[bozikarazewa: 29.11.2021, 13:29:07] --> zebikogakone appeared
[bozikarazewa: 29.11.2021, 13:29:15] --> ferodavokifa appeared
[bozikarazewa: 29.11.2021, 13:29:16] --> adsimsa63 appeared
[bozikarazewa: 29.11.2021, 13:30:32] --> BaeVisoR87 appeared
[bozikarazewa: 29.11.2021, 13:31:45] --> BaeVisoR87 appeared
[bozikarazewa: 29.11.2021, 13:32:27] --> zebikogakone appeared
[bozikarazewa: 29.11.2021, 13:32:54] --> zebikogakone appeared
[bozikarazewa: 29.11.2021, 13:33:51] --> ferodavokifa appeared
[bozikarazewa: 29.11.2021, 13:34:08] --> ferodavokifa appeared
[bozikarazewa: 29.11.2021, 13:35:07] --> sezolahubik appeared
[bozikarazewa: 29.11.2021, 13:35:31] --> BaeVisoR87 appeared
[bozikarazewa: 29.11.2021, 13:36:42] --> zebikogakone appeared
[bozikarazewa: 29.11.2021, 13:37:44] --> zebikogakone appeared
[bozikarazewa: 29.11.2021, 13:38:38] --> zebikogakone appeared
[bozikarazewa: 29.11.2021, 13:38:50] --> mivibacupuf appeared
[bozikarazewa: 29.11.2021, 13:39:00] --> cimihozokidi appeared
[bozikarazewa: 29.11.2021, 13:39:50] --> zebikogakone appeared
[bozikarazewa: 29.11.2021, 13:40:08] --> Character leveled up to level 34
[bozikarazewa: 29.11.2021, 13:40:54] --> Character got kick
[bozikarazewa: 29.11.2021, 13:42:05] --> Character got kick
[bozikarazewa: 29.11.2021, 13:42:11] --> zebikogakone appeared
[bozikarazewa: 29.11.2021, 13:43:08] --> zebikogakone appeared
[bozikarazewa: 29.11.2021, 13:44:30] --> zebikogakone appeared
[bozikarazewa: 29.11.2021, 13:44:40] --> cimihozokidi appeared
[bozikarazewa: 29.11.2021, 13:45:51] --> danikigakog appeared
[bozikarazewa: 29.11.2021, 13:47:12] --> wetamopedoba appeared
[bozikarazewa: 29.11.2021, 13:47:52] --> zebikogakone appeared
[bozikarazewa: 29.11.2021, 13:48:19] --> zebikogakone appeared
[bozikarazewa: 29.11.2021, 13:49:30] --> zebikogakone appeared
[bozikarazewa: 29.11.2021, 13:49:41] --> RovarD73 appeared
[bozikarazewa: 29.11.2021, 13:50:19] --> zebikogakone appeared
[bozikarazewa: 29.11.2021, 13:50:39] --> zebikogakone appeared
[bozikarazewa: 29.11.2021, 13:50:52] --> zebikogakone appeared
[bozikarazewa: 29.11.2021, 13:50:56] --> zebikogakone appeared
[bozikarazewa: 29.11.2021, 13:51:19] --> zebikogakone appeared
[bozikarazewa: 29.11.2021, 13:52:30] --> zebikogakone appeared
[bozikarazewa: 29.11.2021, 13:53:42] --> zebikogakone appeared
[bozikarazewa: 29.11.2021, 13:53:51] --> Character got kick
[bozikarazewa: 29.11.2021, 13:54:12] --> zebikogakone appeared
[bozikarazewa: 29.11.2021, 13:55:22] --> Bot successfully started
[bozikarazewa: 29.11.2021, 13:55:26] --> cimihozokidi appeared
[bozikarazewa: 29.11.2021, 13:56:32] --> zebikogakone appeared
[bozikarazewa: 29.11.2021, 13:56:37] --> cimihozokidi appeared
[bozikarazewa: 29.11.2021, 13:56:48] --> cimihozokidi appeared
[bozikarazewa: 29.11.2021, 13:56:53] --> cimihozokidi appeared
[bozikarazewa: 29.11.2021, 13:56:59] --> zebikogakone appeared
[bozikarazewa: 29.11.2021, 13:57:46] --> cimihozokidi appeared
[bozikarazewa: 29.11.2021, 13:57:52] --> cimihozokidi appeared
[bozikarazewa: 29.11.2021, 13:58:13] --> cimihozokidi appeared
[bozikarazewa: 29.11.2021, 13:58:56] --> Character got kick
[bozikarazewa: 29.11.2021, 13:59:12] --> cimihozokidi appeared
[bozikarazewa: 29.11.2021, 13:59:43] --> ferodavokifa appeared
[bozikarazewa: 29.11.2021, 13:59:46] --> cimihozokidi appeared
[bozikarazewa: 29.11.2021, 14:00:27] --> cimihozokidi appeared
[bozikarazewa: 29.11.2021, 14:00:44] --> mivibacupuf appeared
[bozikarazewa: 29.11.2021, 14:00:54] --> gefokubimuhi appeared
[bozikarazewa: 29.11.2021, 14:01:04] --> cimihozokidi appeared
[bozikarazewa: 29.11.2021, 14:01:42] --> cimihozokidi appeared
[bozikarazewa: 29.11.2021, 14:01:53] --> zebikogakone appeared
[bozikarazewa: 29.11.2021, 14:02:09] --> zebikogakone appeared
[bozikarazewa: 29.11.2021, 14:03:17] --> Character got kick
[bozikarazewa: 29.11.2021, 14:03:25] --> zebikogakone appeared
[bozikarazewa: 29.11.2021, 14:05:01] --> zebikogakone appeared
[bozikarazewa: 29.11.2021, 14:05:58] --> Character leveled up to level 35
[bozikarazewa: 29.11.2021, 14:06:00] --> danikigakog appeared
[bozikarazewa: 29.11.2021, 14:06:15] --> BaeVisoR87 appeared
[bozikarazewa: 29.11.2021, 14:06:49] --> Char changed: 5 dragon cors collected, total cor count: 5
[bozikarazewa: 29.11.2021, 14:06:49] --> Character was kicked from the bot, reason: Changing character
[gafofimuluk:  29.11.2021, 14:07:00] --> Time passed, now going to talk to alchemist: gafofimuluk
[gafofimuluk:  29.11.2021, 14:07:00] --> Character went to Alchemist: gafofimuluk
[gafofimuluk:  29.11.2021, 14:07:04] --> Character was kicked from the bot, reason: Character was walking
[gafofimuluk:  29.11.2021, 14:07:24] --> Character was kicked from the bot, reason: Character was walking
[gafofimuluk:  29.11.2021, 14:07:30] --> asdkjlsajdjk appeared
[gafofimuluk:  29.11.2021, 14:07:47] --> Character was kicked from the bot, reason: Character was walking
[gafofimuluk:  29.11.2021, 14:09:00] --> Bot successfully started
[gafofimuluk:  29.11.2021, 14:09:22] --> Character was kicked from the bot, reason: Character was walking
[gafofimuluk:  29.11.2021, 14:09:25] --> kezekezake appeared
[gafofimuluk:  29.11.2021, 14:09:50] --> zebikogakone appeared
[gafofimuluk:  29.11.2021, 14:11:03] --> danikigakog appeared
[gafofimuluk:  29.11.2021, 14:11:25] --> cimihozokidi appeared
[gafofimuluk:  29.11.2021, 14:12:39] --> cimihozokidi appeared
[gafofimuluk:  29.11.2021, 14:13:37] --> mivibacupuf appeared
[gafofimuluk:  29.11.2021, 14:13:41] --> mivibacupuf appeared
[gafofimuluk:  29.11.2021, 14:13:53] --> cimihozokidi appeared
[gafofimuluk:  29.11.2021, 14:17:15] --> mivibacupuf appeared
[gafofimuluk:  29.11.2021, 14:17:25] --> zebikogakone appeared
[gafofimuluk:  29.11.2021, 14:17:34] --> cimihozokidi appeared
[gafofimuluk:  29.11.2021, 14:20:02] --> cimihozokidi appeared
[gafofimuluk:  29.11.2021, 14:20:34] --> BaeVisoR87 appeared
[gafofimuluk:  29.11.2021, 14:20:36] --> Character leveled up to level 32
[gafofimuluk:  29.11.2021, 14:21:01] --> mivibacupuf appeared
[gafofimuluk:  29.11.2021, 14:21:22] --> cimihozokidi appeared
[gafofimuluk:  29.11.2021, 14:21:49] --> 10 shards collected, now going to talk to alchemist: gafofimuluk
[gafofimuluk:  29.11.2021, 14:21:49] --> Character went to Alchemist: gafofimuluk
[gafofimuluk:  29.11.2021, 14:21:52] --> Character was kicked from the bot, reason: Character was walking
[gafofimuluk:  29.11.2021, 14:22:33] --> bituwecaki appeared
[gafofimuluk:  29.11.2021, 14:22:39] --> Character was kicked from the bot, reason: Character was walking
[gafofimuluk:  29.11.2021, 14:23:03] --> Character was kicked from the bot, reason: Character was walking
[gafofimuluk:  29.11.2021, 14:23:21] --> tikaresaku appeared
[gafofimuluk:  29.11.2021, 14:23:37] --> Character was kicked from the bot, reason: Character was walking
[gafofimuluk:  29.11.2021, 14:24:52] --> zebikogakone appeared
[gafofimuluk:  29.11.2021, 14:25:46] --> mivibacupuf appeared
[gafofimuluk:  29.11.2021, 14:25:54] --> zebikogakone appeared
[gafofimuluk:  29.11.2021, 14:26:06] --> kezekezake appeared
[gafofimuluk:  29.11.2021, 14:26:48] --> cimihozokidi appeared
[gafofimuluk:  29.11.2021, 14:27:11] --> adsimsa70 appeared
[gafofimuluk:  29.11.2021, 14:28:11] --> zebikogakone appeared
[gafofimuluk:  29.11.2021, 14:29:29] --> ferodavokifa appeared
[gafofimuluk:  29.11.2021, 14:29:49] --> ferodavokifa appeared
[gafofimuluk:  29.11.2021, 14:29:53] --> cimihozokidi appeared
[gafofimuluk:  29.11.2021, 14:30:44] --> zebikogakone appeared
[gafofimuluk:  29.11.2021, 14:31:03] --> zebikogakone appeared
[gafofimuluk:  29.11.2021, 14:32:05] --> ferodavokifa appeared
[gafofimuluk:  29.11.2021, 14:32:18] --> zebikogakone appeared
[gafofimuluk:  29.11.2021, 14:33:25] --> ferodavokifa appeared
[gafofimuluk:  29.11.2021, 14:34:24] --> zebikogakone appeared
[gafofimuluk:  29.11.2021, 14:35:29] --> zebikogakone appeared
[gafofimuluk:  29.11.2021, 14:35:41] --> mivibacupuf appeared
[gafofimuluk:  29.11.2021, 14:35:51] --> zebikogakone appeared
[gafofimuluk:  29.11.2021, 14:36:03] --> adsisa67 appeared
[gafofimuluk:  29.11.2021, 14:38:09] --> Character leveled up to level 33
[gafofimuluk:  29.11.2021, 14:40:50] --> sldwax18 appeared
[gafofimuluk:  29.11.2021, 14:42:11] --> BaeVisoR87 appeared
[gafofimuluk:  29.11.2021, 14:43:20] --> sldwax18 appeared
[gafofimuluk:  29.11.2021, 14:44:11] --> sldwax18 appeared
[gafofimuluk:  29.11.2021, 14:44:13] --> luzevacufev appeared
[gafofimuluk:  29.11.2021, 14:44:46] --> kezekezake appeared
[gafofimuluk:  29.11.2021, 14:45:58] --> zebikogakone appeared
[gafofimuluk:  29.11.2021, 14:46:28] --> fudukirire appeared
[gafofimuluk:  29.11.2021, 14:47:45] --> sldwax18 appeared
[gafofimuluk:  29.11.2021, 14:47:53] --> zebikogakone appeared
[gafofimuluk:  29.11.2021, 14:48:23] --> zebikogakone appeared
[gafofimuluk:  29.11.2021, 14:49:11] --> luzevacufev appeared
[gafofimuluk:  29.11.2021, 14:49:30] --> fudukirire appeared
[gafofimuluk:  29.11.2021, 14:49:41] --> zebikogakone appeared
[gafofimuluk:  29.11.2021, 14:50:33] --> ferodavokifa appeared
[gafofimuluk:  29.11.2021, 14:50:36] --> ferodavokifa appeared
[gafofimuluk:  29.11.2021, 14:50:39] --> zebikogakone appeared
[gafofimuluk:  29.11.2021, 14:50:55] --> zebikogakone appeared
[gafofimuluk:  29.11.2021, 14:51:28] --> Character leveled up to level 34
[gafofimuluk:  29.11.2021, 14:52:51] --> luzevacufev appeared
[gafofimuluk:  29.11.2021, 14:53:02] --> mivibacupuf appeared
[gafofimuluk:  29.11.2021, 14:53:21] --> zebikogakone appeared
[gafofimuluk:  29.11.2021, 14:54:01] --> zebikogakone appeared
[gafofimuluk:  29.11.2021, 14:54:31] --> zebikogakone appeared
[gafofimuluk:  29.11.2021, 14:54:40] --> luzevacufev appeared
[gafofimuluk:  29.11.2021, 14:55:53] --> zebikogakone appeared
[gafofimuluk:  29.11.2021, 14:56:37] --> luzevacufev appeared
[gafofimuluk:  29.11.2021, 14:56:46] --> zebikogakone appeared
[gafofimuluk:  29.11.2021, 14:57:52] --> Char changed: 5 dragon cors collected, total cor count: 5
[gafofimuluk:  29.11.2021, 14:57:53] --> Character was kicked from the bot, reason: Changing character
[wivarivekupu: 29.11.2021, 14:58:27] --> raviviwesot appeared
[wivarivekupu: 29.11.2021, 14:58:28] --> Time passed, now going to talk to alchemist: wivarivekupu
[wivarivekupu: 29.11.2021, 14:58:28] --> Character went to Alchemist: wivarivekupu
[wivarivekupu: 29.11.2021, 14:59:10] --> Character was kicked from the bot, reason: Character was walking
[wivarivekupu: 29.11.2021, 14:59:15] --> kellx3 appeared
[wivarivekupu: 29.11.2021, 14:59:34] --> Character was kicked from the bot, reason: Character was walking
[wivarivekupu: 29.11.2021, 14:59:40] --> zibububapul appeared
[wivarivekupu: 29.11.2021, 15:00:03] --> BaeVisoR87 appeared
[wivarivekupu: 29.11.2021, 15:00:12] --> Character was kicked from the bot, reason: Character was walking
[wivarivekupu: 29.11.2021, 15:00:34] --> luzevacufev appeared
[wivarivekupu: 29.11.2021, 15:00:41] --> zebikogakone appeared
[wivarivekupu: 29.11.2021, 15:00:56] --> zebikogakone appeared
[wivarivekupu: 29.11.2021, 15:00:57] --> Character got kick
[wivarivekupu: 29.11.2021, 15:01:08] --> kezekezake appeared
[wivarivekupu: 29.11.2021, 15:01:25] --> luzevacufev appeared
[wivarivekupu: 29.11.2021, 15:01:26] --> Character got kick
[wivarivekupu: 29.11.2021, 15:01:57] --> mivibacupuf appeared
[wivarivekupu: 29.11.2021, 15:02:05] --> zebikogakone appeared
