[terurocurumo: 28.11.2021, 14:14:36] --> Bot successfully started
[terurocurumo: 28.11.2021, 14:14:37] --> ThrowinStars appeared
[terurocurumo: 28.11.2021, 14:24:31] --> Changing into CH9
[terurocurumo: 28.11.2021, 14:25:06] --> Character was kicked from the bot, reason: Changing character
[terurocurumo: 28.11.2021, 14:26:57] --> Character was kicked from the bot, reason: Changing character
[fovuvaruzibi: 28.11.2021, 14:28:43] --> Character was kicked from the bot, reason: Changing character
[kiberobofe:   28.11.2021, 14:30:34] --> Character was kicked from the bot, reason: Changing character
[kapezugikipa: 28.11.2021, 14:30:40] --> vusokafepuku appeared
[kapezugikipa: 28.11.2021, 14:32:35] --> Character was kicked from the bot, reason: Changing character
[terurocurumo: 28.11.2021, 15:11:10] --> Bot successfully started
[terurocurumo: 28.11.2021, 15:11:10] --> Setting '1' loaded because of active level settings
[terurocurumo: 28.11.2021, 15:11:10] --> ThrowinStars appeared
[terurocurumo: 28.11.2021, 15:11:17] --> Character went to saleswoman
[terurocurumo: 28.11.2021, 15:11:20] --> Character was kicked from the bot, reason: Character was walking
[terurocurumo: 28.11.2021, 15:11:51] --> Character was kicked from the bot, reason: Character was walking
[terurocurumo: 28.11.2021, 15:12:03] --> Character leveled up to level 2
[terurocurumo: 28.11.2021, 15:12:04] --> Character leveled up to level 5
[terurocurumo: 28.11.2021, 15:12:05] --> Character leveled up to level 7
[terurocurumo: 28.11.2021, 15:12:07] --> Character leveled up to level 8
[terurocurumo: 28.11.2021, 15:12:07] --> fuzizurasir appeared
[terurocurumo: 28.11.2021, 15:12:08] --> Character leveled up to level 9
[terurocurumo: 28.11.2021, 15:12:16] --> Character leveled up to level 10
[terurocurumo: 28.11.2021, 15:12:28] --> Character leveled up to level 11
[terurocurumo: 28.11.2021, 15:12:33] --> fuzizurasir appeared
[terurocurumo: 28.11.2021, 15:12:48] --> fuzizurasir appeared
[terurocurumo: 28.11.2021, 15:13:00] --> Character leveled up to level 12
[terurocurumo: 28.11.2021, 15:13:08] --> Character leveled up to level 13
[terurocurumo: 28.11.2021, 15:13:09] --> Character leveled up to level 14
[terurocurumo: 28.11.2021, 15:13:15] --> fuzizurasir appeared
[terurocurumo: 28.11.2021, 15:13:28] --> fuzizurasir appeared
[terurocurumo: 28.11.2021, 15:13:48] --> Character leveled up to level 15
[terurocurumo: 28.11.2021, 15:13:48] --> Setting '2' loaded because of active level settings
[terurocurumo: 28.11.2021, 15:14:01] --> Character was kicked from the bot, reason: Character was walking
[terurocurumo: 28.11.2021, 15:14:27] --> Character was kicked from the bot, reason: Character was walking
[terurocurumo: 28.11.2021, 15:14:31] --> bekocewikok appeared
[terurocurumo: 28.11.2021, 15:14:58] --> bekocewikok appeared
[terurocurumo: 28.11.2021, 15:15:20] --> Character leveled up to level 16
[terurocurumo: 28.11.2021, 15:15:21] --> fanikizezofa appeared
[terurocurumo: 28.11.2021, 15:15:28] --> zecevivecu appeared
[terurocurumo: 28.11.2021, 15:15:30] --> Character leveled up to level 17
[terurocurumo: 28.11.2021, 15:15:31] --> zecevivecu appeared
[terurocurumo: 28.11.2021, 15:15:32] --> konivevehovu appeared
[terurocurumo: 28.11.2021, 15:16:11] --> bekocewikok appeared
[terurocurumo: 28.11.2021, 15:16:15] --> takelagogob appeared
[terurocurumo: 28.11.2021, 15:16:17] --> Character leveled up to level 18
[terurocurumo: 28.11.2021, 15:16:34] --> rafufikivuza appeared
[terurocurumo: 28.11.2021, 15:16:42] --> Character leveled up to level 19
[terurocurumo: 28.11.2021, 15:16:56] --> zecevivecu appeared
[terurocurumo: 28.11.2021, 15:17:03] --> kazezucivezo appeared
[terurocurumo: 28.11.2021, 15:17:08] --> bekocewikok appeared
[terurocurumo: 28.11.2021, 15:17:15] --> nininivubi appeared
[terurocurumo: 28.11.2021, 15:17:20] --> zecevivecu appeared
[terurocurumo: 28.11.2021, 15:17:23] --> Character leveled up to level 20
[terurocurumo: 28.11.2021, 15:17:24] --> rafufikivuza appeared
[terurocurumo: 28.11.2021, 15:18:23] --> Character leveled up to level 21
[terurocurumo: 28.11.2021, 15:19:26] --> Character leveled up to level 22
[terurocurumo: 28.11.2021, 15:20:39] --> Character leveled up to level 23
[terurocurumo: 28.11.2021, 15:21:57] --> Character leveled up to level 24
[terurocurumo: 28.11.2021, 15:23:37] --> Character leveled up to level 25
[terurocurumo: 28.11.2021, 15:25:40] --> Character leveled up to level 26
[terurocurumo: 28.11.2021, 15:27:21] --> Character leveled up to level 27
[terurocurumo: 28.11.2021, 15:29:45] --> Character leveled up to level 28
[terurocurumo: 28.11.2021, 15:32:30] --> Character leveled up to level 29
[terurocurumo: 28.11.2021, 15:35:35] --> Character leveled up to level 30
[terurocurumo: 28.11.2021, 15:38:15] --> Character leveled up to level 31
[terurocurumo: 28.11.2021, 15:38:17] --> Bot terminated: Character reached level 31
[fovuvaruzibi: 28.11.2021, 15:39:49] --> Bot successfully started
[fovuvaruzibi: 28.11.2021, 15:39:49] --> ThrowinStars appeared
[fovuvaruzibi: 28.11.2021, 15:39:49] --> Setting '1' loaded because of active level settings
[fovuvaruzibi: 28.11.2021, 15:39:56] --> Character went to saleswoman
[fovuvaruzibi: 28.11.2021, 15:39:59] --> Character was kicked from the bot, reason: Character was walking
[fovuvaruzibi: 28.11.2021, 15:40:31] --> Character was kicked from the bot, reason: Character was walking
[fovuvaruzibi: 28.11.2021, 15:40:43] --> Character leveled up to level 4
[fovuvaruzibi: 28.11.2021, 15:40:44] --> Character leveled up to level 7
[fovuvaruzibi: 28.11.2021, 15:40:45] --> Character leveled up to level 8
[fovuvaruzibi: 28.11.2021, 15:40:47] --> Character leveled up to level 9
[fovuvaruzibi: 28.11.2021, 15:40:47] --> rurifepizura appeared
[fovuvaruzibi: 28.11.2021, 15:40:54] --> Character leveled up to level 10
[fovuvaruzibi: 28.11.2021, 15:41:01] --> Character leveled up to level 11
[fovuvaruzibi: 28.11.2021, 15:41:09] --> Character leveled up to level 12
[fovuvaruzibi: 28.11.2021, 15:41:13] --> rurifepizura appeared
[fovuvaruzibi: 28.11.2021, 15:41:18] --> Character leveled up to level 13
[fovuvaruzibi: 28.11.2021, 15:41:40] --> rurifepizura appeared
[fovuvaruzibi: 28.11.2021, 15:41:58] --> Character leveled up to level 14
[fovuvaruzibi: 28.11.2021, 15:42:09] --> rurifepizura appeared
[fovuvaruzibi: 28.11.2021, 15:42:16] --> Character leveled up to level 15
[fovuvaruzibi: 28.11.2021, 15:42:16] --> Setting '2' loaded because of active level settings
[fovuvaruzibi: 28.11.2021, 15:42:29] --> Character was kicked from the bot, reason: Character was walking
[fovuvaruzibi: 28.11.2021, 15:42:55] --> Character was kicked from the bot, reason: Character was walking
[fovuvaruzibi: 28.11.2021, 15:42:58] --> kimesilocur appeared
[fovuvaruzibi: 28.11.2021, 15:43:33] --> kimesilocur appeared
[fovuvaruzibi: 28.11.2021, 15:43:50] --> nininivubi appeared
[fovuvaruzibi: 28.11.2021, 15:43:52] --> tuzazoguzi appeared
[fovuvaruzibi: 28.11.2021, 15:43:58] --> Character leveled up to level 16
[fovuvaruzibi: 28.11.2021, 15:43:58] --> kimesilocur appeared
[fovuvaruzibi: 28.11.2021, 15:44:01] --> tutidenuzoki appeared
[fovuvaruzibi: 28.11.2021, 15:44:11] --> Character leveled up to level 17
[fovuvaruzibi: 28.11.2021, 15:44:12] --> tutidenuzoki appeared
[fovuvaruzibi: 28.11.2021, 15:44:22] --> nininivubi appeared
[fovuvaruzibi: 28.11.2021, 15:44:35] --> bicamavuzo appeared
[fovuvaruzibi: 28.11.2021, 15:44:42] --> Character leveled up to level 18
[fovuvaruzibi: 28.11.2021, 15:44:45] --> tutidenuzoki appeared
[fovuvaruzibi: 28.11.2021, 15:45:04] --> Character leveled up to level 19
[fovuvaruzibi: 28.11.2021, 15:45:24] --> tuzazoguzi appeared
[fovuvaruzibi: 28.11.2021, 15:45:29] --> kafezonubozu appeared
[fovuvaruzibi: 28.11.2021, 15:45:53] --> Character leveled up to level 20
[fovuvaruzibi: 28.11.2021, 15:46:21] --> Character leveled up to level 21
[fovuvaruzibi: 28.11.2021, 15:47:23] --> Character leveled up to level 22
[fovuvaruzibi: 28.11.2021, 15:48:22] --> Character leveled up to level 23
[fovuvaruzibi: 28.11.2021, 15:49:20] --> Character leveled up to level 24
[fovuvaruzibi: 28.11.2021, 15:51:02] --> Character leveled up to level 25
[fovuvaruzibi: 28.11.2021, 15:52:48] --> Character leveled up to level 26
[fovuvaruzibi: 28.11.2021, 15:54:41] --> Character leveled up to level 27
[fovuvaruzibi: 28.11.2021, 15:56:58] --> Character leveled up to level 28
[fovuvaruzibi: 28.11.2021, 15:59:02] --> Character leveled up to level 29
[fovuvaruzibi: 28.11.2021, 16:01:41] --> Character leveled up to level 30
[fovuvaruzibi: 28.11.2021, 16:04:20] --> Character leveled up to level 31
[fovuvaruzibi: 28.11.2021, 16:04:20] --> Bot terminated: Character reached level 31
[kiberobofe:   28.11.2021, 16:05:22] --> Bot successfully started
[kiberobofe:   28.11.2021, 16:05:22] --> ThrowinStars appeared
[kiberobofe:   28.11.2021, 16:05:22] --> Setting '1' loaded because of active level settings
[kiberobofe:   28.11.2021, 16:05:28] --> Character went to saleswoman
[kiberobofe:   28.11.2021, 16:05:32] --> Character was kicked from the bot, reason: Character was walking
[kiberobofe:   28.11.2021, 16:06:06] --> Character was kicked from the bot, reason: Character was walking
[kiberobofe:   28.11.2021, 16:06:18] --> Character leveled up to level 2
[kiberobofe:   28.11.2021, 16:06:19] --> Character leveled up to level 4
[kiberobofe:   28.11.2021, 16:06:20] --> Character leveled up to level 6
[kiberobofe:   28.11.2021, 16:06:21] --> Character leveled up to level 7
[kiberobofe:   28.11.2021, 16:06:21] --> rurifepizura appeared
[kiberobofe:   28.11.2021, 16:06:22] --> Character leveled up to level 8
[kiberobofe:   28.11.2021, 16:06:31] --> Character leveled up to level 9
[kiberobofe:   28.11.2021, 16:06:47] --> rurifepizura appeared
[kiberobofe:   28.11.2021, 16:06:49] --> Character leveled up to level 10
[kiberobofe:   28.11.2021, 16:06:57] --> Character leveled up to level 11
[kiberobofe:   28.11.2021, 16:07:04] --> Character leveled up to level 12
[kiberobofe:   28.11.2021, 16:07:11] --> fuzizurasir appeared
[kiberobofe:   28.11.2021, 16:07:15] --> Character leveled up to level 13
[kiberobofe:   28.11.2021, 16:07:40] --> rurifepizura appeared
[kiberobofe:   28.11.2021, 16:07:57] --> Character leveled up to level 14
[kiberobofe:   28.11.2021, 16:08:12] --> Character leveled up to level 15
[kiberobofe:   28.11.2021, 16:08:12] --> Setting '2' loaded because of active level settings
[kiberobofe:   28.11.2021, 16:08:16] --> Character was kicked from the bot, reason: Character was walking
[kiberobofe:   28.11.2021, 16:08:26] --> Character was kicked from the bot, reason: Character was walking
[kiberobofe:   28.11.2021, 16:08:31] --> vimekapebeb appeared
[kiberobofe:   28.11.2021, 16:08:43] --> vimekapebeb appeared
[kiberobofe:   28.11.2021, 16:08:52] --> Character was kicked from the bot, reason: Character was walking
[kiberobofe:   28.11.2021, 16:08:55] --> fokevimuluc appeared
[kiberobofe:   28.11.2021, 16:09:46] --> Character leveled up to level 16
[kiberobofe:   28.11.2021, 16:10:43] --> Character leveled up to level 17
[kiberobofe:   28.11.2021, 16:11:26] --> Character leveled up to level 18
[kiberobofe:   28.11.2021, 16:12:29] --> Character leveled up to level 19
[kiberobofe:   28.11.2021, 16:12:54] --> lupubitezuv appeared
[kiberobofe:   28.11.2021, 16:13:04] --> Character leveled up to level 20
[kiberobofe:   28.11.2021, 16:13:37] --> fokevimuluc appeared
[kiberobofe:   28.11.2021, 16:13:47] --> nininivubi appeared
[kiberobofe:   28.11.2021, 16:13:50] --> lupubitezuv appeared
[kiberobofe:   28.11.2021, 16:13:59] --> fokevimuluc appeared
[kiberobofe:   28.11.2021, 16:14:02] --> tutidenuzoki appeared
[kiberobofe:   28.11.2021, 16:14:11] --> zomuburupobu appeared
[kiberobofe:   28.11.2021, 16:14:12] --> Character leveled up to level 21
[kiberobofe:   28.11.2021, 16:14:32] --> fokevimuluc appeared
[kiberobofe:   28.11.2021, 16:14:46] --> zipehekupep appeared
[kiberobofe:   28.11.2021, 16:14:52] --> tutidenuzoki appeared
[kiberobofe:   28.11.2021, 16:15:21] --> Character leveled up to level 22
[kiberobofe:   28.11.2021, 16:15:27] --> fokevimuluc appeared
[kiberobofe:   28.11.2021, 16:15:34] --> kecokasizu appeared
[kiberobofe:   28.11.2021, 16:16:02] --> nininivubi appeared
[kiberobofe:   28.11.2021, 16:16:08] --> kecokasizu appeared
[kiberobofe:   28.11.2021, 16:16:25] --> fokevimuluc appeared
[kiberobofe:   28.11.2021, 16:16:26] --> Character leveled up to level 23
[kiberobofe:   28.11.2021, 16:17:09] --> zipehekupep appeared
[kiberobofe:   28.11.2021, 16:17:26] --> nininivubi appeared
[kiberobofe:   28.11.2021, 16:17:32] --> kecokasizu appeared
[kiberobofe:   28.11.2021, 16:17:35] --> zomuburupobu appeared
[kiberobofe:   28.11.2021, 16:17:57] --> Character leveled up to level 24
[kiberobofe:   28.11.2021, 16:19:15] --> Character leveled up to level 25
[kiberobofe:   28.11.2021, 16:20:21] --> Character leveled up to level 26
[kiberobofe:   28.11.2021, 16:21:50] --> Character leveled up to level 27
[kiberobofe:   28.11.2021, 16:23:40] --> Character leveled up to level 28
[kiberobofe:   28.11.2021, 16:26:08] --> Character leveled up to level 29
[kiberobofe:   28.11.2021, 16:28:45] --> Character leveled up to level 30
[kiberobofe:   28.11.2021, 16:31:25] --> Character got kick
[kiberobofe:   28.11.2021, 16:32:37] --> Character leveled up to level 31
[kiberobofe:   28.11.2021, 16:32:38] --> Bot terminated: Character reached level 31
[kapezugikipa: 28.11.2021, 16:33:41] --> Bot successfully started
[kapezugikipa: 28.11.2021, 16:33:41] --> pipivisimir appeared
[kapezugikipa: 28.11.2021, 16:33:41] --> Setting '1' loaded because of active level settings
[kapezugikipa: 28.11.2021, 16:33:47] --> Character went to saleswoman
[kapezugikipa: 28.11.2021, 16:33:51] --> Character was kicked from the bot, reason: Character was walking
[kapezugikipa: 28.11.2021, 16:34:24] --> Character was kicked from the bot, reason: Character was walking
[kapezugikipa: 28.11.2021, 16:34:29] --> fuzizurasir appeared
[kapezugikipa: 28.11.2021, 16:34:37] --> Character leveled up to level 5
[kapezugikipa: 28.11.2021, 16:34:38] --> Character leveled up to level 8
[kapezugikipa: 28.11.2021, 16:34:40] --> Character leveled up to level 9
[kapezugikipa: 28.11.2021, 16:34:50] --> Character leveled up to level 10
[kapezugikipa: 28.11.2021, 16:34:55] --> Character leveled up to level 11
[kapezugikipa: 28.11.2021, 16:34:59] --> Character leveled up to level 12
[kapezugikipa: 28.11.2021, 16:35:05] --> Character leveled up to level 13
[kapezugikipa: 28.11.2021, 16:35:08] --> fuzizurasir appeared
[kapezugikipa: 28.11.2021, 16:35:22] --> Character leveled up to level 14
[kapezugikipa: 28.11.2021, 16:35:30] --> fimikutedak appeared
[kapezugikipa: 28.11.2021, 16:35:57] --> Character leveled up to level 15
[kapezugikipa: 28.11.2021, 16:35:57] --> Setting '2' loaded because of active level settings
[kapezugikipa: 28.11.2021, 16:36:10] --> Character was kicked from the bot, reason: Character was walking
[kapezugikipa: 28.11.2021, 16:36:15] --> leturafifin appeared
[kapezugikipa: 28.11.2021, 16:36:29] --> leturafifin appeared
[kapezugikipa: 28.11.2021, 16:36:37] --> Character was kicked from the bot, reason: Character was walking
[kapezugikipa: 28.11.2021, 16:36:41] --> kezonasufe appeared
[kapezugikipa: 28.11.2021, 16:37:07] --> Character leveled up to level 16
[kapezugikipa: 28.11.2021, 16:37:58] --> Character leveled up to level 17
[kapezugikipa: 28.11.2021, 16:38:45] --> Character leveled up to level 18
[kapezugikipa: 28.11.2021, 16:39:32] --> Character leveled up to level 19
[kapezugikipa: 28.11.2021, 16:40:14] --> Character leveled up to level 20
[kapezugikipa: 28.11.2021, 16:40:26] --> zirevoteba appeared
[kapezugikipa: 28.11.2021, 16:40:45] --> Character leveled up to level 21
[kapezugikipa: 28.11.2021, 16:40:48] --> zirevoteba appeared
[kapezugikipa: 28.11.2021, 16:41:08] --> nininivubi appeared
[kapezugikipa: 28.11.2021, 16:41:12] --> kecokasizu appeared
[kapezugikipa: 28.11.2021, 16:41:22] --> kecokasizu appeared
[kapezugikipa: 28.11.2021, 16:41:31] --> fuvofuwozam appeared
[kapezugikipa: 28.11.2021, 16:41:33] --> Character leveled up to level 22
[kapezugikipa: 28.11.2021, 16:41:46] --> fawovuzubiro appeared
[kapezugikipa: 28.11.2021, 16:41:55] --> fuvofuwozam appeared
[kapezugikipa: 28.11.2021, 16:42:05] --> nininivubi appeared
[kapezugikipa: 28.11.2021, 16:42:13] --> Character leveled up to level 23
[kapezugikipa: 28.11.2021, 16:42:26] --> fuvofuwozam appeared
[kapezugikipa: 28.11.2021, 16:42:32] --> fuvofuwozam appeared
[kapezugikipa: 28.11.2021, 16:42:36] --> nininivubi appeared
[kapezugikipa: 28.11.2021, 16:42:39] --> leturafifin appeared
[kapezugikipa: 28.11.2021, 16:42:52] --> fuvofuwozam appeared
[kapezugikipa: 28.11.2021, 16:42:59] --> fuvofuwozam appeared
[kapezugikipa: 28.11.2021, 16:43:15] --> Character leveled up to level 24
[kapezugikipa: 28.11.2021, 16:43:25] --> nininivubi appeared
[kapezugikipa: 28.11.2021, 16:43:38] --> pipufebihira appeared
[kapezugikipa: 28.11.2021, 16:44:21] --> Character leveled up to level 25
[kapezugikipa: 28.11.2021, 16:45:36] --> Character leveled up to level 26
[kapezugikipa: 28.11.2021, 16:47:11] --> Character leveled up to level 27
[kapezugikipa: 28.11.2021, 16:48:40] --> Character leveled up to level 28
[kapezugikipa: 28.11.2021, 16:50:45] --> Character leveled up to level 29
[kapezugikipa: 28.11.2021, 16:53:06] --> Character leveled up to level 30
[kapezugikipa: 28.11.2021, 16:56:21] --> Character leveled up to level 31
[kapezugikipa: 28.11.2021, 16:56:24] --> Bot terminated: Character reached level 31
[dupuroboco:   28.11.2021, 16:57:38] --> Bot successfully started
[dupuroboco:   28.11.2021, 16:57:38] --> Setting '1' loaded because of active level settings
[dupuroboco:   28.11.2021, 16:57:38] --> pipivisimir appeared
[dupuroboco:   28.11.2021, 16:57:45] --> Character went to saleswoman
[dupuroboco:   28.11.2021, 16:57:48] --> Character was kicked from the bot, reason: Character was walking
[dupuroboco:   28.11.2021, 16:58:22] --> Character was kicked from the bot, reason: Character was walking
[dupuroboco:   28.11.2021, 16:58:35] --> Character leveled up to level 3
[dupuroboco:   28.11.2021, 16:58:36] --> Character leveled up to level 5
[dupuroboco:   28.11.2021, 16:58:37] --> Character leveled up to level 7
[dupuroboco:   28.11.2021, 16:58:38] --> Character leveled up to level 8
[dupuroboco:   28.11.2021, 16:58:38] --> fuzizurasir appeared
[dupuroboco:   28.11.2021, 16:58:48] --> Character leveled up to level 9
[dupuroboco:   28.11.2021, 16:58:53] --> Character leveled up to level 10
[dupuroboco:   28.11.2021, 16:58:57] --> Character leveled up to level 11
[dupuroboco:   28.11.2021, 16:59:03] --> Character leveled up to level 12
[dupuroboco:   28.11.2021, 16:59:10] --> Character leveled up to level 13
[dupuroboco:   28.11.2021, 16:59:56] --> Character leveled up to level 14
[dupuroboco:   28.11.2021, 17:00:10] --> Character leveled up to level 15
[dupuroboco:   28.11.2021, 17:00:10] --> Setting '2' loaded because of active level settings
[dupuroboco:   28.11.2021, 17:00:23] --> Character was kicked from the bot, reason: Character was walking
[dupuroboco:   28.11.2021, 17:00:49] --> pipufebihira appeared
[dupuroboco:   28.11.2021, 17:00:49] --> Character was kicked from the bot, reason: Character was walking
[dupuroboco:   28.11.2021, 17:01:38] --> Character leveled up to level 16
[dupuroboco:   28.11.2021, 17:02:36] --> Character leveled up to level 17
[dupuroboco:   28.11.2021, 17:03:15] --> Character leveled up to level 18
[dupuroboco:   28.11.2021, 17:04:04] --> Character leveled up to level 19
[dupuroboco:   28.11.2021, 17:05:03] --> Character leveled up to level 20
[dupuroboco:   28.11.2021, 17:06:21] --> Character leveled up to level 21
[dupuroboco:   28.11.2021, 17:07:31] --> Character leveled up to level 22
[dupuroboco:   28.11.2021, 17:08:10] --> kubikarucora appeared
[dupuroboco:   28.11.2021, 17:08:50] --> Character leveled up to level 23
[dupuroboco:   28.11.2021, 17:08:58] --> nininivubi appeared
[dupuroboco:   28.11.2021, 17:09:12] --> vivawerulog appeared
[dupuroboco:   28.11.2021, 17:10:01] --> nininivubi appeared
[dupuroboco:   28.11.2021, 17:10:02] --> Character leveled up to level 24
[dupuroboco:   28.11.2021, 17:10:07] --> fogidolibar appeared
[dupuroboco:   28.11.2021, 17:10:16] --> nininivubi appeared
[dupuroboco:   28.11.2021, 17:10:20] --> sezegorahozu appeared
[dupuroboco:   28.11.2021, 17:10:30] --> cehezagiwiv appeared
[dupuroboco:   28.11.2021, 17:10:43] --> fogidolibar appeared
[dupuroboco:   28.11.2021, 17:10:48] --> nininivubi appeared
[dupuroboco:   28.11.2021, 17:10:53] --> kubikarucora appeared
[dupuroboco:   28.11.2021, 17:11:04] --> cehezagiwiv appeared
[dupuroboco:   28.11.2021, 17:11:06] --> Character leveled up to level 25
[dupuroboco:   28.11.2021, 17:11:35] --> cehezagiwiv appeared
[dupuroboco:   28.11.2021, 17:11:37] --> cehezagiwiv appeared
[dupuroboco:   28.11.2021, 17:12:03] --> fogidolibar appeared
[dupuroboco:   28.11.2021, 17:12:24] --> cehezagiwiv appeared
[dupuroboco:   28.11.2021, 17:12:28] --> Character leveled up to level 26
[dupuroboco:   28.11.2021, 17:12:34] --> fogidolibar appeared
[dupuroboco:   28.11.2021, 17:12:38] --> vivawerulog appeared
[dupuroboco:   28.11.2021, 17:12:49] --> sezegorahozu appeared
[dupuroboco:   28.11.2021, 17:13:00] --> fogidolibar appeared
[dupuroboco:   28.11.2021, 17:13:33] --> fogidolibar appeared
[dupuroboco:   28.11.2021, 17:14:07] --> Character leveled up to level 27
[dupuroboco:   28.11.2021, 17:15:55] --> Character leveled up to level 28
[dupuroboco:   28.11.2021, 17:17:47] --> Character died
[dupuroboco:   28.11.2021, 17:18:04] --> Character died
[dupuroboco:   28.11.2021, 17:18:34] --> Character leveled up to level 29
[dupuroboco:   28.11.2021, 17:20:56] --> Character leveled up to level 30
[dupuroboco:   28.11.2021, 17:23:10] --> Character leveled up to level 31
[dupuroboco:   28.11.2021, 17:23:12] --> Bot terminated: Character reached level 31
[terurocurumo: 29.11.2021, 13:06:34] --> Bot successfully started
[terurocurumo: 29.11.2021, 13:06:34] --> bohariwuraz appeared
[terurocurumo: 29.11.2021, 13:06:40] --> Time passed, now going to talk to alchemist: terurocurumo
[terurocurumo: 29.11.2021, 13:06:40] --> Character went to Alchemist: terurocurumo
[terurocurumo: 29.11.2021, 13:06:43] --> Character was kicked from the bot, reason: Character was walking
[terurocurumo: 29.11.2021, 13:06:53] --> Character was kicked from the bot, reason: Character was walking
[terurocurumo: 29.11.2021, 13:07:04] --> Character was kicked from the bot, reason: Character was walking
[terurocurumo: 29.11.2021, 13:07:11] --> lezopezacu appeared
[terurocurumo: 29.11.2021, 13:07:28] --> Character was kicked from the bot, reason: Character was walking
[terurocurumo: 29.11.2021, 13:07:33] --> bahapavusif appeared
[terurocurumo: 29.11.2021, 13:08:02] --> Character was kicked from the bot, reason: Character was walking
[terurocurumo: 29.11.2021, 13:08:05] --> wiremasezop appeared
[terurocurumo: 29.11.2021, 13:15:50] --> nuwozufuket appeared
[terurocurumo: 29.11.2021, 13:16:02] --> wiremasezop appeared
[terurocurumo: 29.11.2021, 13:16:19] --> nuwozufuket appeared
[terurocurumo: 29.11.2021, 13:16:25] --> Character leveled up to level 32
[terurocurumo: 29.11.2021, 13:16:42] --> wiremasezop appeared
[terurocurumo: 29.11.2021, 13:17:02] --> wiremasezop appeared
[terurocurumo: 29.11.2021, 13:17:07] --> 10 shards collected, now going to talk to alchemist: terurocurumo
[terurocurumo: 29.11.2021, 13:17:07] --> Character went to Alchemist: terurocurumo
[terurocurumo: 29.11.2021, 13:17:15] --> fitawukehaz appeared
[terurocurumo: 29.11.2021, 13:17:31] --> Character was kicked from the bot, reason: Character was walking
[terurocurumo: 29.11.2021, 13:17:37] --> bahapavusif appeared
[terurocurumo: 29.11.2021, 13:17:55] --> Character was kicked from the bot, reason: Character was walking
[terurocurumo: 29.11.2021, 13:18:21] --> kabenelupi appeared
[terurocurumo: 29.11.2021, 13:18:29] --> Character was kicked from the bot, reason: Character was walking
[terurocurumo: 29.11.2021, 13:18:56] --> homozirakalu appeared
[terurocurumo: 29.11.2021, 13:19:20] --> wiremasezop appeared
[terurocurumo: 29.11.2021, 13:20:06] --> wiremasezop appeared
[terurocurumo: 29.11.2021, 13:20:09] --> homozirakalu appeared
[terurocurumo: 29.11.2021, 13:20:32] --> wiremasezop appeared
[terurocurumo: 29.11.2021, 13:21:18] --> wiremasezop appeared
[terurocurumo: 29.11.2021, 13:21:24] --> wiremasezop appeared
[terurocurumo: 29.11.2021, 13:21:34] --> wiremasezop appeared
[terurocurumo: 29.11.2021, 13:21:48] --> wiremasezop appeared
[terurocurumo: 29.11.2021, 13:22:18] --> BaeVisoR67 appeared
[terurocurumo: 29.11.2021, 13:22:47] --> homozirakalu appeared
[terurocurumo: 29.11.2021, 13:22:55] --> wiremasezop appeared
[terurocurumo: 29.11.2021, 13:23:49] --> homozirakalu appeared
[terurocurumo: 29.11.2021, 13:24:01] --> wiremasezop appeared
[terurocurumo: 29.11.2021, 13:24:06] --> wiremasezop appeared
[terurocurumo: 29.11.2021, 13:24:11] --> wiremasezop appeared
[terurocurumo: 29.11.2021, 13:24:16] --> wiremasezop appeared
[terurocurumo: 29.11.2021, 13:24:41] --> BaeVisoR67 appeared
[terurocurumo: 29.11.2021, 13:25:06] --> nuwozufuket appeared
[terurocurumo: 29.11.2021, 13:25:28] --> wacivulopu appeared
[terurocurumo: 29.11.2021, 13:25:50] --> homozirakalu appeared
[terurocurumo: 29.11.2021, 13:26:17] --> pezevifibiro appeared
[terurocurumo: 29.11.2021, 13:26:32] --> homozirakalu appeared
[terurocurumo: 29.11.2021, 13:26:43] --> nuwozufuket appeared
[terurocurumo: 29.11.2021, 13:26:59] --> Character leveled up to level 33
[terurocurumo: 29.11.2021, 13:27:06] --> BaeVisoR67 appeared
[terurocurumo: 29.11.2021, 13:27:31] --> pezevifibiro appeared
[terurocurumo: 29.11.2021, 13:27:37] --> pezevifibiro appeared
[terurocurumo: 29.11.2021, 13:27:56] --> wacivulopu appeared
[terurocurumo: 29.11.2021, 13:28:14] --> nuwozufuket appeared
[terurocurumo: 29.11.2021, 13:28:35] --> wiremasezop appeared
[terurocurumo: 29.11.2021, 13:28:52] --> rewupizegen appeared
[terurocurumo: 29.11.2021, 13:28:59] --> homozirakalu appeared
[terurocurumo: 29.11.2021, 13:29:34] --> homozirakalu appeared
[terurocurumo: 29.11.2021, 13:29:58] --> wiremasezop appeared
[terurocurumo: 29.11.2021, 13:30:23] --> wiremasezop appeared
[terurocurumo: 29.11.2021, 13:30:46] --> BaeVisoR67 appeared
[terurocurumo: 29.11.2021, 13:31:12] --> pezevifibiro appeared
[terurocurumo: 29.11.2021, 13:31:18] --> nuwozufuket appeared
[terurocurumo: 29.11.2021, 13:31:38] --> BaeVisoR67 appeared
[terurocurumo: 29.11.2021, 13:32:00] --> BaeVisoR67 appeared
[terurocurumo: 29.11.2021, 13:32:32] --> pezevifibiro appeared
[terurocurumo: 29.11.2021, 13:32:44] --> homozirakalu appeared
[terurocurumo: 29.11.2021, 13:33:14] --> BaeVisoR67 appeared
[terurocurumo: 29.11.2021, 13:33:46] --> bokibahezab appeared
[terurocurumo: 29.11.2021, 13:33:53] --> wiremasezop appeared
[terurocurumo: 29.11.2021, 13:34:27] --> BaeVisoR67 appeared
[terurocurumo: 29.11.2021, 13:34:47] --> wiremasezop appeared
[terurocurumo: 29.11.2021, 13:35:12] --> homozirakalu appeared
[terurocurumo: 29.11.2021, 13:35:43] --> Character leveled up to level 34
[terurocurumo: 29.11.2021, 13:35:44] --> BaeVisoR67 appeared
[terurocurumo: 29.11.2021, 13:36:02] --> wiremasezop appeared
[terurocurumo: 29.11.2021, 13:36:49] --> wiremasezop appeared
[terurocurumo: 29.11.2021, 13:37:19] --> wiremasezop appeared
[terurocurumo: 29.11.2021, 13:37:27] --> pikepecenezu appeared
[terurocurumo: 29.11.2021, 13:37:38] --> wiremasezop appeared
[terurocurumo: 29.11.2021, 13:38:04] --> ketalubamara appeared
[terurocurumo: 29.11.2021, 13:38:54] --> wiremasezop appeared
[terurocurumo: 29.11.2021, 13:39:24] --> BaeVisoR67 appeared
[terurocurumo: 29.11.2021, 13:39:57] --> nuwozufuket appeared
[terurocurumo: 29.11.2021, 13:40:15] --> homozirakalu appeared
[terurocurumo: 29.11.2021, 13:40:38] --> pikepecenezu appeared
[terurocurumo: 29.11.2021, 13:42:32] --> Character got kick
[terurocurumo: 29.11.2021, 13:43:38] --> Bot successfully started
[terurocurumo: 29.11.2021, 13:43:39] --> BaeVisoR67 appeared
[terurocurumo: 29.11.2021, 13:44:12] --> nuwozufuket appeared
[terurocurumo: 29.11.2021, 13:44:30] --> wiremasezop appeared
[terurocurumo: 29.11.2021, 13:44:56] --> Char changed: 5 dragon cors collected, total cor count: 5
[terurocurumo: 29.11.2021, 13:44:57] --> Character was kicked from the bot, reason: Changing character
[terurocurumo: 29.11.2021, 13:45:00] --> rumoteweho appeared
[fovuvaruzibi: 29.11.2021, 13:45:06] --> Time passed, now going to talk to alchemist: fovuvaruzibi
[fovuvaruzibi: 29.11.2021, 13:45:06] --> Character went to Alchemist: fovuvaruzibi
[fovuvaruzibi: 29.11.2021, 13:45:31] --> Character was kicked from the bot, reason: Character was walking
[fovuvaruzibi: 29.11.2021, 13:45:36] --> mozezeluruki appeared
[fovuvaruzibi: 29.11.2021, 13:45:54] --> Character was kicked from the bot, reason: Character was walking
[fovuvaruzibi: 29.11.2021, 13:46:29] --> Character was kicked from the bot, reason: Character was walking
[fovuvaruzibi: 29.11.2021, 13:46:33] --> BaeVisoR67 appeared
[fovuvaruzibi: 29.11.2021, 13:46:58] --> wiremasezop appeared
[fovuvaruzibi: 29.11.2021, 13:47:40] --> Character got kick
[fovuvaruzibi: 29.11.2021, 13:48:17] --> homozirakalu appeared
[fovuvaruzibi: 29.11.2021, 13:49:31] --> homozirakalu appeared
[fovuvaruzibi: 29.11.2021, 13:49:43] --> kezikotoku appeared
[fovuvaruzibi: 29.11.2021, 13:50:05] --> BaeVisoR67 appeared
[fovuvaruzibi: 29.11.2021, 13:51:00] --> Character got kick
[fovuvaruzibi: 29.11.2021, 13:51:25] --> pezevifibiro appeared
[fovuvaruzibi: 29.11.2021, 13:51:46] --> BaeVisoR67 appeared
[fovuvaruzibi: 29.11.2021, 13:52:28] --> wiremasezop appeared
[fovuvaruzibi: 29.11.2021, 13:52:34] --> wiremasezop appeared
[fovuvaruzibi: 29.11.2021, 13:52:51] --> kezikotoku appeared
[fovuvaruzibi: 29.11.2021, 13:53:19] --> Character got kick
[fovuvaruzibi: 29.11.2021, 13:53:30] --> wiremasezop appeared
[fovuvaruzibi: 29.11.2021, 13:53:35] --> Character got kick
[fovuvaruzibi: 29.11.2021, 13:54:20] --> Character got kick
[fovuvaruzibi: 29.11.2021, 13:54:28] --> homozirakalu appeared
[fovuvaruzibi: 29.11.2021, 13:54:48] --> Character got kick
[fovuvaruzibi: 29.11.2021, 13:55:05] --> Character got kick
[fovuvaruzibi: 29.11.2021, 13:55:15] --> kezikotoku appeared
[fovuvaruzibi: 29.11.2021, 13:55:27] --> Character got kick
[fovuvaruzibi: 29.11.2021, 13:55:33] --> Character died
[fovuvaruzibi: 29.11.2021, 13:55:57] --> BaeVisoR67 appeared
[fovuvaruzibi: 29.11.2021, 13:56:14] --> 10 shards collected, now going to talk to alchemist: fovuvaruzibi
[fovuvaruzibi: 29.11.2021, 13:56:14] --> Character went to Alchemist: fovuvaruzibi
[fovuvaruzibi: 29.11.2021, 13:56:20] --> tidilapikiv appeared
[fovuvaruzibi: 29.11.2021, 13:56:38] --> Character was kicked from the bot, reason: Character was walking
[fovuvaruzibi: 29.11.2021, 13:57:01] --> Character was kicked from the bot, reason: Character was walking
[fovuvaruzibi: 29.11.2021, 13:57:18] --> faluzecuba appeared
[fovuvaruzibi: 29.11.2021, 13:57:26] --> faluzecuba appeared
[fovuvaruzibi: 29.11.2021, 13:57:36] --> Character was kicked from the bot, reason: Character was walking
[fovuvaruzibi: 29.11.2021, 13:57:41] --> wiremasezop appeared
[fovuvaruzibi: 29.11.2021, 13:58:05] --> BaeVisoR67 appeared
[fovuvaruzibi: 29.11.2021, 13:58:18] --> Character leveled up to level 32
[fovuvaruzibi: 29.11.2021, 13:58:19] --> wiremasezop appeared
[fovuvaruzibi: 29.11.2021, 13:58:30] --> pezevifibiro appeared
[fovuvaruzibi: 29.11.2021, 13:58:56] --> BaeVisoR67 appeared
[fovuvaruzibi: 29.11.2021, 13:59:19] --> BaeVisoR67 appeared
[fovuvaruzibi: 29.11.2021, 14:00:08] --> kezonasufe appeared
[fovuvaruzibi: 29.11.2021, 14:00:30] --> BaeVisoR67 appeared
[fovuvaruzibi: 29.11.2021, 14:01:10] --> wiremasezop appeared
[fovuvaruzibi: 29.11.2021, 14:01:22] --> BaeVisoR67 appeared
[fovuvaruzibi: 29.11.2021, 14:01:45] --> BaeVisoR67 appeared
[fovuvaruzibi: 29.11.2021, 14:02:15] --> nuwozufuket appeared
[fovuvaruzibi: 29.11.2021, 14:02:31] --> wiremasezop appeared
[fovuvaruzibi: 29.11.2021, 14:03:07] --> nuwozufuket appeared
[fovuvaruzibi: 29.11.2021, 14:03:26] --> wiremasezop appeared
[fovuvaruzibi: 29.11.2021, 14:04:13] --> BaeVisoR67 appeared
[fovuvaruzibi: 29.11.2021, 14:04:28] --> kezonasufe appeared
[fovuvaruzibi: 29.11.2021, 14:04:38] --> pezevifibiro appeared
[fovuvaruzibi: 29.11.2021, 14:04:51] --> wiremasezop appeared
[fovuvaruzibi: 29.11.2021, 14:05:02] --> nuwozufuket appeared
[fovuvaruzibi: 29.11.2021, 14:06:07] --> wiremasezop appeared
[fovuvaruzibi: 29.11.2021, 14:06:37] --> BaeVisoR67 appeared
[fovuvaruzibi: 29.11.2021, 14:07:22] --> nuwozufuket appeared
[fovuvaruzibi: 29.11.2021, 14:08:16] --> Character leveled up to level 33
[fovuvaruzibi: 29.11.2021, 14:10:40] --> kezonasufe appeared
[fovuvaruzibi: 29.11.2021, 14:10:48] --> kezonasufe appeared
[fovuvaruzibi: 29.11.2021, 14:16:00] --> Character leveled up to level 34
[fovuvaruzibi: 29.11.2021, 14:20:11] --> Char changed: 5 dragon cors collected, total cor count: 5
[fovuvaruzibi: 29.11.2021, 14:20:12] --> Character was kicked from the bot, reason: Changing character
[kiberobofe:   29.11.2021, 14:20:48] --> Time passed, now going to talk to alchemist: kiberobofe
[kiberobofe:   29.11.2021, 14:20:48] --> Character went to Alchemist: kiberobofe
[kiberobofe:   29.11.2021, 14:21:01] --> Character was kicked from the bot, reason: Character was walking
[kiberobofe:   29.11.2021, 14:21:12] --> Character was kicked from the bot, reason: Character was walking
[kiberobofe:   29.11.2021, 14:21:17] --> rutavekevi appeared
[kiberobofe:   29.11.2021, 14:21:35] --> Character was kicked from the bot, reason: Character was walking
[kiberobofe:   29.11.2021, 14:21:39] --> fikapubazu appeared
[kiberobofe:   29.11.2021, 14:22:09] --> Character was kicked from the bot, reason: Character was walking
[kiberobofe:   29.11.2021, 14:22:12] --> kezonasufe appeared
[kiberobofe:   29.11.2021, 14:23:25] --> kezonasufe appeared
[kiberobofe:   29.11.2021, 14:23:53] --> wiremasezop appeared
[kiberobofe:   29.11.2021, 14:24:40] --> BaeVisoR67 appeared
[kiberobofe:   29.11.2021, 14:24:55] --> wiremasezop appeared
[kiberobofe:   29.11.2021, 14:25:09] --> nuwozufuket appeared
[kiberobofe:   29.11.2021, 14:26:35] --> kezonasufe appeared
[kiberobofe:   29.11.2021, 14:27:04] --> nuwozufuket appeared
[kiberobofe:   29.11.2021, 14:27:11] --> 10 shards collected, now going to talk to alchemist: kiberobofe
[kiberobofe:   29.11.2021, 14:27:11] --> Character went to Alchemist: kiberobofe
[kiberobofe:   29.11.2021, 14:27:11] --> Character died
[kiberobofe:   29.11.2021, 14:27:14] --> Character was kicked from the bot, reason: Character was walking
[kiberobofe:   29.11.2021, 14:27:44] --> Character died
[kiberobofe:   29.11.2021, 14:27:57] --> tidilapikiv appeared
[kiberobofe:   29.11.2021, 14:28:05] --> hotakuweda appeared
[kiberobofe:   29.11.2021, 14:28:11] --> Character was kicked from the bot, reason: Character was walking
[kiberobofe:   29.11.2021, 14:28:37] --> Character was kicked from the bot, reason: Character was walking
[kiberobofe:   29.11.2021, 14:28:43] --> fikapubazu appeared
[kiberobofe:   29.11.2021, 14:29:11] --> Character was kicked from the bot, reason: Character was walking
[kiberobofe:   29.11.2021, 14:29:14] --> kezikotoku appeared
[kiberobofe:   29.11.2021, 14:29:32] --> kezonasufe appeared
[kiberobofe:   29.11.2021, 14:29:53] --> wiremasezop appeared
[kiberobofe:   29.11.2021, 14:30:05] --> BaeVisoR67 appeared
[kiberobofe:   29.11.2021, 14:30:30] --> wiremasezop appeared
[kiberobofe:   29.11.2021, 14:31:11] --> nuwozufuket appeared
[kiberobofe:   29.11.2021, 14:31:43] --> BaeVisoR67 appeared
[kiberobofe:   29.11.2021, 14:31:44] --> Character leveled up to level 32
[kiberobofe:   29.11.2021, 14:32:14] --> pezevifibiro appeared
[kiberobofe:   29.11.2021, 14:32:17] --> wiremasezop appeared
[kiberobofe:   29.11.2021, 14:32:34] --> BaeVisoR67 appeared
[kiberobofe:   29.11.2021, 14:32:59] --> BaeVisoR67 appeared
[kiberobofe:   29.11.2021, 14:33:51] --> kezonasufe appeared
[kiberobofe:   29.11.2021, 14:34:14] --> BaeVisoR67 appeared
[kiberobofe:   29.11.2021, 14:34:46] --> ficigidikok appeared
[kiberobofe:   29.11.2021, 14:35:03] --> kezonasufe appeared
[kiberobofe:   29.11.2021, 14:35:29] --> BaeVisoR67 appeared
[kiberobofe:   29.11.2021, 14:36:44] --> BaeVisoR67 appeared
[kiberobofe:   29.11.2021, 14:37:04] --> wiremasezop appeared
[kiberobofe:   29.11.2021, 14:37:13] --> nuwozufuket appeared
[kiberobofe:   29.11.2021, 14:37:24] --> wiremasezop appeared
[kiberobofe:   29.11.2021, 14:37:33] --> kezonasufe appeared
[kiberobofe:   29.11.2021, 14:37:49] --> Aalis appeared
[kiberobofe:   29.11.2021, 14:38:47] --> kezonasufe appeared
[kiberobofe:   29.11.2021, 14:39:12] --> BaeVisoR67 appeared
[kiberobofe:   29.11.2021, 14:39:48] --> Character leveled up to level 33
[kiberobofe:   29.11.2021, 14:39:52] --> wiremasezop appeared
[kiberobofe:   29.11.2021, 14:40:24] --> BaeVisoR67 appeared
[kiberobofe:   29.11.2021, 14:40:45] --> wiremasezop appeared
[kiberobofe:   29.11.2021, 14:41:12] --> wiremasezop appeared
[kiberobofe:   29.11.2021, 14:41:40] --> BaeVisoR67 appeared
[kiberobofe:   29.11.2021, 14:41:56] --> wiremasezop appeared
[kiberobofe:   29.11.2021, 14:42:55] --> BaeVisoR67 appeared
[kiberobofe:   29.11.2021, 14:43:21] --> kezikotoku appeared
[kiberobofe:   29.11.2021, 14:43:24] --> kezikotoku appeared
[kiberobofe:   29.11.2021, 14:43:33] --> wiremasezop appeared
[kiberobofe:   29.11.2021, 14:43:45] --> BaeVisoR67 appeared
[kiberobofe:   29.11.2021, 14:44:02] --> wiremasezop appeared
[kiberobofe:   29.11.2021, 14:45:23] --> BaeVisoR67 appeared
[kiberobofe:   29.11.2021, 14:45:48] --> pezevifibiro appeared
[kiberobofe:   29.11.2021, 14:45:59] --> wiremasezop appeared
[kiberobofe:   29.11.2021, 14:46:36] --> nuwozufuket appeared
[kiberobofe:   29.11.2021, 14:46:53] --> wiremasezop appeared
[kiberobofe:   29.11.2021, 14:47:04] --> pezevifibiro appeared
[kiberobofe:   29.11.2021, 14:47:20] --> pipufebihira appeared
[kiberobofe:   29.11.2021, 14:47:49] --> BaeVisoR67 appeared
[kiberobofe:   29.11.2021, 14:48:13] --> kezikotoku appeared
[kiberobofe:   29.11.2021, 14:48:35] --> pipufebihira appeared
[kiberobofe:   29.11.2021, 14:48:56] --> Character leveled up to level 34
[kiberobofe:   29.11.2021, 14:49:06] --> BaeVisoR67 appeared
[kiberobofe:   29.11.2021, 14:49:31] --> nuwozufuket appeared
[kiberobofe:   29.11.2021, 14:49:49] --> pipufebihira appeared
[kiberobofe:   29.11.2021, 14:49:58] --> BaeVisoR67 appeared
[kiberobofe:   29.11.2021, 14:50:20] --> BaeVisoR67 appeared
[kiberobofe:   29.11.2021, 14:51:04] --> pipufebihira appeared
[kiberobofe:   29.11.2021, 14:51:33] --> BaeVisoR67 appeared
[kiberobofe:   29.11.2021, 14:51:58] --> nuwozufuket appeared
[kiberobofe:   29.11.2021, 14:52:45] --> BaeVisoR67 appeared
[kiberobofe:   29.11.2021, 14:53:09] --> kezikotoku appeared
[kiberobofe:   29.11.2021, 14:53:25] --> wiremasezop appeared
[kiberobofe:   29.11.2021, 14:53:30] --> wiremasezop appeared
[kiberobofe:   29.11.2021, 14:53:35] --> wiremasezop appeared
[kiberobofe:   29.11.2021, 14:53:57] --> BaeVisoR67 appeared
[kiberobofe:   29.11.2021, 14:54:26] --> recavipidoci appeared
[kiberobofe:   29.11.2021, 14:54:35] --> wiremasezop appeared
[kiberobofe:   29.11.2021, 14:54:45] --> Char changed: 5 dragon cors collected, total cor count: 5
[kiberobofe:   29.11.2021, 14:54:46] --> Character was kicked from the bot, reason: Changing character
[kapezugikipa: 29.11.2021, 14:55:16] --> bohariwuraz appeared
[kapezugikipa: 29.11.2021, 14:55:21] --> Time passed, now going to talk to alchemist: kapezugikipa
[kapezugikipa: 29.11.2021, 14:55:21] --> Character went to Alchemist: kapezugikipa
[kapezugikipa: 29.11.2021, 14:55:29] --> ladadobusa appeared
[kapezugikipa: 29.11.2021, 14:55:35] --> Character was kicked from the bot, reason: Character was walking
[kapezugikipa: 29.11.2021, 14:55:46] --> Character was kicked from the bot, reason: Character was walking
[kapezugikipa: 29.11.2021, 14:55:52] --> kelllx2 appeared
[kapezugikipa: 29.11.2021, 14:56:09] --> Character was kicked from the bot, reason: Character was walking
[kapezugikipa: 29.11.2021, 14:56:43] --> Character was kicked from the bot, reason: Character was walking
[kapezugikipa: 29.11.2021, 14:56:47] --> recavipidoci appeared
[kapezugikipa: 29.11.2021, 14:57:07] --> pipufebihira appeared
[kapezugikipa: 29.11.2021, 14:57:36] --> Loransa appeared
[kapezugikipa: 29.11.2021, 14:58:17] --> wiremasezop appeared
[kapezugikipa: 29.11.2021, 14:58:47] --> wiremasezop appeared
[kapezugikipa: 29.11.2021, 14:58:51] --> pezevifibiro appeared
[kapezugikipa: 29.11.2021, 14:59:03] --> wiremasezop appeared
[kapezugikipa: 29.11.2021, 14:59:34] --> BaeVisoR67 appeared
[kapezugikipa: 29.11.2021, 15:00:19] --> wiremasezop appeared
[kapezugikipa: 29.11.2021, 15:01:00] --> Character got kick
