[sudiwirukeno: 28.11.2021, 14:13:49] --> Bot successfully started
[sudiwirukeno: 28.11.2021, 14:13:49] --> darunilite appeared
[sudiwirukeno: 28.11.2021, 14:42:45] --> Changing into CH9
[sudiwirukeno: 28.11.2021, 14:43:18] --> Character was kicked from the bot, reason: Changing character
[sudiwirukeno: 28.11.2021, 14:45:44] --> Character was kicked from the bot, reason: Changing character
[borenodevera: 28.11.2021, 14:47:53] --> Character was kicked from the bot, reason: Changing character
[lowidobuto:   28.11.2021, 14:50:42] --> Character was kicked from the bot, reason: Changing character
[tazevisuma:   28.11.2021, 14:55:05] --> Character was kicked from the bot, reason: Changing character
[sudiwirukeno: 28.11.2021, 15:14:30] --> Bot successfully started
[sudiwirukeno: 28.11.2021, 15:14:30] --> Setting '1' loaded because of active level settings
[sudiwirukeno: 28.11.2021, 15:14:30] --> darunilite appeared
[sudiwirukeno: 28.11.2021, 15:14:36] --> Character went to saleswoman
[sudiwirukeno: 28.11.2021, 15:14:40] --> Character was kicked from the bot, reason: Character was walking
[sudiwirukeno: 28.11.2021, 15:15:03] --> sihowaguzit appeared
[sudiwirukeno: 28.11.2021, 15:15:12] --> Character was kicked from the bot, reason: Character was walking
[sudiwirukeno: 28.11.2021, 15:15:25] --> Character leveled up to level 2
[sudiwirukeno: 28.11.2021, 15:15:26] --> Character leveled up to level 6
[sudiwirukeno: 28.11.2021, 15:15:27] --> Character leveled up to level 7
[sudiwirukeno: 28.11.2021, 15:15:28] --> Character leveled up to level 8
[sudiwirukeno: 28.11.2021, 15:15:29] --> Character leveled up to level 9
[sudiwirukeno: 28.11.2021, 15:15:31] --> Character leveled up to level 10
[sudiwirukeno: 28.11.2021, 15:15:34] --> Character leveled up to level 11
[sudiwirukeno: 28.11.2021, 15:15:39] --> Character leveled up to level 12
[sudiwirukeno: 28.11.2021, 15:15:44] --> Character leveled up to level 13
[sudiwirukeno: 28.11.2021, 15:15:58] --> Character leveled up to level 14
[sudiwirukeno: 28.11.2021, 15:16:04] --> Character leveled up to level 15
[sudiwirukeno: 28.11.2021, 15:16:04] --> Setting '2' loaded because of active level settings
[sudiwirukeno: 28.11.2021, 15:16:17] --> Character was kicked from the bot, reason: Character was walking
[sudiwirukeno: 28.11.2021, 15:16:22] --> kukigezazuve appeared
[sudiwirukeno: 28.11.2021, 15:16:43] --> Character was kicked from the bot, reason: Character was walking
[sudiwirukeno: 28.11.2021, 15:16:46] --> vukezokilab appeared
[sudiwirukeno: 28.11.2021, 15:18:02] --> Character leveled up to level 16
[sudiwirukeno: 28.11.2021, 15:18:33] --> Character leveled up to level 17
[sudiwirukeno: 28.11.2021, 15:19:42] --> Character leveled up to level 18
[sudiwirukeno: 28.11.2021, 15:20:46] --> Character leveled up to level 19
[sudiwirukeno: 28.11.2021, 15:22:04] --> Character leveled up to level 20
[sudiwirukeno: 28.11.2021, 15:23:25] --> Character leveled up to level 21
[sudiwirukeno: 28.11.2021, 15:25:22] --> Character leveled up to level 22
[sudiwirukeno: 28.11.2021, 15:26:29] --> Character leveled up to level 23
[sudiwirukeno: 28.11.2021, 15:28:21] --> Character leveled up to level 24
[sudiwirukeno: 28.11.2021, 15:31:15] --> Character leveled up to level 25
[sudiwirukeno: 28.11.2021, 15:33:35] --> Character leveled up to level 26
[sudiwirukeno: 28.11.2021, 15:37:01] --> Character leveled up to level 27
[sudiwirukeno: 28.11.2021, 15:41:35] --> Character leveled up to level 28
[sudiwirukeno: 28.11.2021, 15:45:16] --> Character leveled up to level 29
[sudiwirukeno: 28.11.2021, 15:51:08] --> Character leveled up to level 30
[sudiwirukeno: 28.11.2021, 15:52:39] --> vugekunuza appeared
[sudiwirukeno: 28.11.2021, 15:53:04] --> bohegukisapo appeared
[sudiwirukeno: 28.11.2021, 15:53:09] --> rikorokereb appeared
[sudiwirukeno: 28.11.2021, 15:53:14] --> zizelahato appeared
[sudiwirukeno: 28.11.2021, 15:54:18] --> pisafafetoh appeared
[sudiwirukeno: 28.11.2021, 15:54:33] --> bohegukisapo appeared
[sudiwirukeno: 28.11.2021, 15:54:35] --> Character leveled up to level 31
[sudiwirukeno: 28.11.2021, 15:54:37] --> Bot terminated: Character reached level 31
[borenodevera: 28.11.2021, 15:56:00] --> Bot successfully started
[borenodevera: 28.11.2021, 15:56:00] --> Setting '1' loaded because of active level settings
[borenodevera: 28.11.2021, 15:56:00] --> Yaxitzu appeared
[borenodevera: 28.11.2021, 15:56:07] --> Character went to saleswoman
[borenodevera: 28.11.2021, 15:56:11] --> Character was kicked from the bot, reason: Character was walking
[borenodevera: 28.11.2021, 15:56:43] --> Character was kicked from the bot, reason: Character was walking
[borenodevera: 28.11.2021, 15:56:56] --> Character leveled up to level 2
[borenodevera: 28.11.2021, 15:56:57] --> Character leveled up to level 7
[borenodevera: 28.11.2021, 15:56:58] --> Character leveled up to level 8
[borenodevera: 28.11.2021, 15:56:59] --> Character leveled up to level 9
[borenodevera: 28.11.2021, 15:57:02] --> Character leveled up to level 10
[borenodevera: 28.11.2021, 15:57:05] --> Character leveled up to level 11
[borenodevera: 28.11.2021, 15:57:10] --> Character leveled up to level 12
[borenodevera: 28.11.2021, 15:57:12] --> Character leveled up to level 13
[borenodevera: 28.11.2021, 15:57:33] --> Character leveled up to level 14
[borenodevera: 28.11.2021, 15:57:48] --> Character leveled up to level 15
[borenodevera: 28.11.2021, 15:57:48] --> Setting '2' loaded because of active level settings
[borenodevera: 28.11.2021, 15:57:55] --> recohakogec appeared
[borenodevera: 28.11.2021, 15:58:00] --> Character was kicked from the bot, reason: Character was walking
[borenodevera: 28.11.2021, 15:58:06] --> recohakogec appeared
[borenodevera: 28.11.2021, 15:58:10] --> bititafibiki appeared
[borenodevera: 28.11.2021, 15:58:25] --> Character was kicked from the bot, reason: Character was walking
[borenodevera: 28.11.2021, 15:58:30] --> fuzipiduza appeared
[borenodevera: 28.11.2021, 15:59:30] --> Character leveled up to level 16
[borenodevera: 28.11.2021, 16:01:05] --> Character leveled up to level 17
[borenodevera: 28.11.2021, 16:02:26] --> Character leveled up to level 18
[borenodevera: 28.11.2021, 16:03:42] --> Character leveled up to level 19
[borenodevera: 28.11.2021, 16:05:30] --> Character leveled up to level 20
[borenodevera: 28.11.2021, 16:06:48] --> Character leveled up to level 21
[borenodevera: 28.11.2021, 16:08:34] --> Character leveled up to level 22
[borenodevera: 28.11.2021, 16:11:09] --> Character leveled up to level 23
[borenodevera: 28.11.2021, 16:14:01] --> Character leveled up to level 24
[borenodevera: 28.11.2021, 16:16:52] --> Character leveled up to level 25
[borenodevera: 28.11.2021, 16:18:48] --> Character leveled up to level 26
[borenodevera: 28.11.2021, 16:22:07] --> Character leveled up to level 27
[borenodevera: 28.11.2021, 16:25:53] --> Character leveled up to level 28
[borenodevera: 28.11.2021, 16:28:11] --> Character leveled up to level 29
[borenodevera: 28.11.2021, 16:32:35] --> Character leveled up to level 30
[borenodevera: 28.11.2021, 16:36:03] --> Character leveled up to level 31
[borenodevera: 28.11.2021, 16:36:05] --> Bot terminated: Character reached level 31
[lowidobuto:   28.11.2021, 16:37:19] --> Bot successfully started
[lowidobuto:   28.11.2021, 16:37:19] --> darunilite appeared
[lowidobuto:   28.11.2021, 16:37:19] --> Setting '1' loaded because of active level settings
[lowidobuto:   28.11.2021, 16:37:25] --> Character went to saleswoman
[lowidobuto:   28.11.2021, 16:37:28] --> Character was kicked from the bot, reason: Character was walking
[lowidobuto:   28.11.2021, 16:38:01] --> Character was kicked from the bot, reason: Character was walking
[lowidobuto:   28.11.2021, 16:38:14] --> Character leveled up to level 3
[lowidobuto:   28.11.2021, 16:38:15] --> Character leveled up to level 6
[lowidobuto:   28.11.2021, 16:38:16] --> Character leveled up to level 7
[lowidobuto:   28.11.2021, 16:38:17] --> Character leveled up to level 8
[lowidobuto:   28.11.2021, 16:38:18] --> Character leveled up to level 9
[lowidobuto:   28.11.2021, 16:38:21] --> Character leveled up to level 10
[lowidobuto:   28.11.2021, 16:38:23] --> Character leveled up to level 11
[lowidobuto:   28.11.2021, 16:38:24] --> Character leveled up to level 12
[lowidobuto:   28.11.2021, 16:38:30] --> Character leveled up to level 13
[lowidobuto:   28.11.2021, 16:38:39] --> Character leveled up to level 14
[lowidobuto:   28.11.2021, 16:38:49] --> Character leveled up to level 15
[lowidobuto:   28.11.2021, 16:38:49] --> Setting '2' loaded because of active level settings
[lowidobuto:   28.11.2021, 16:39:02] --> Character was kicked from the bot, reason: Character was walking
[lowidobuto:   28.11.2021, 16:39:14] --> nogibebifus appeared
[lowidobuto:   28.11.2021, 16:39:54] --> Character was kicked from the bot, reason: Character was walking
[lowidobuto:   28.11.2021, 16:39:59] --> kutevetufoz appeared
[lowidobuto:   28.11.2021, 16:41:26] --> Character leveled up to level 16
[lowidobuto:   28.11.2021, 16:42:50] --> Character leveled up to level 17
[lowidobuto:   28.11.2021, 16:43:43] --> Character leveled up to level 18
[lowidobuto:   28.11.2021, 16:44:44] --> Character leveled up to level 19
[lowidobuto:   28.11.2021, 16:45:48] --> Character leveled up to level 20
[lowidobuto:   28.11.2021, 16:47:10] --> Character leveled up to level 21
[lowidobuto:   28.11.2021, 16:49:04] --> Character leveled up to level 22
[lowidobuto:   28.11.2021, 16:51:30] --> Character leveled up to level 23
[lowidobuto:   28.11.2021, 16:53:31] --> Character leveled up to level 24
[lowidobuto:   28.11.2021, 16:55:14] --> Character leveled up to level 25
[lowidobuto:   28.11.2021, 16:58:01] --> Character leveled up to level 26
[lowidobuto:   28.11.2021, 17:02:01] --> Character leveled up to level 27
[lowidobuto:   28.11.2021, 17:03:46] --> furufupizih appeared
[lowidobuto:   28.11.2021, 17:04:02] --> Character leveled up to level 28
[lowidobuto:   28.11.2021, 17:04:07] --> gomavivotos appeared
[lowidobuto:   28.11.2021, 17:04:57] --> bukabigisuk appeared
[lowidobuto:   28.11.2021, 17:06:12] --> Character leveled up to level 29
[lowidobuto:   28.11.2021, 17:06:15] --> kozovofezol appeared
[lowidobuto:   28.11.2021, 17:06:27] --> fozurofadik appeared
[lowidobuto:   28.11.2021, 17:06:30] --> fozurofadik appeared
[lowidobuto:   28.11.2021, 17:08:07] --> Character leveled up to level 30
[lowidobuto:   28.11.2021, 17:10:07] --> Character leveled up to level 31
[lowidobuto:   28.11.2021, 17:10:09] --> Bot terminated: Character reached level 31
[tazevisuma:   28.11.2021, 17:11:25] --> Bot successfully started
[tazevisuma:   28.11.2021, 17:11:25] --> darunilite appeared
[tazevisuma:   28.11.2021, 17:11:25] --> Setting '1' loaded because of active level settings
[tazevisuma:   28.11.2021, 17:11:32] --> Character went to saleswoman
[tazevisuma:   28.11.2021, 17:11:35] --> Character was kicked from the bot, reason: Character was walking
[tazevisuma:   28.11.2021, 17:12:08] --> Character was kicked from the bot, reason: Character was walking
[tazevisuma:   28.11.2021, 17:12:21] --> Character leveled up to level 3
[tazevisuma:   28.11.2021, 17:12:22] --> Character leveled up to level 5
[tazevisuma:   28.11.2021, 17:12:23] --> Character leveled up to level 7
[tazevisuma:   28.11.2021, 17:12:24] --> Character leveled up to level 8
[tazevisuma:   28.11.2021, 17:12:26] --> Character leveled up to level 9
[tazevisuma:   28.11.2021, 17:12:28] --> Character leveled up to level 10
[tazevisuma:   28.11.2021, 17:12:30] --> Character leveled up to level 11
[tazevisuma:   28.11.2021, 17:12:32] --> Character leveled up to level 12
[tazevisuma:   28.11.2021, 17:12:41] --> Character leveled up to level 13
[tazevisuma:   28.11.2021, 17:12:53] --> Character leveled up to level 14
[tazevisuma:   28.11.2021, 17:12:57] --> Character leveled up to level 15
[tazevisuma:   28.11.2021, 17:12:57] --> Setting '2' loaded because of active level settings
[tazevisuma:   28.11.2021, 17:13:00] --> Character got kick
[tazevisuma:   28.11.2021, 17:13:13] --> Character was kicked from the bot, reason: Character was walking
[tazevisuma:   28.11.2021, 17:13:17] --> folehezoriv appeared
[tazevisuma:   28.11.2021, 17:13:29] --> folehezoriv appeared
[tazevisuma:   28.11.2021, 17:13:38] --> Character was kicked from the bot, reason: Character was walking
[tazevisuma:   28.11.2021, 17:13:41] --> fozurofadik appeared
[tazevisuma:   28.11.2021, 17:14:26] --> Character leveled up to level 16
[tazevisuma:   28.11.2021, 17:14:33] --> Character died
[tazevisuma:   28.11.2021, 17:16:09] --> Character leveled up to level 17
[tazevisuma:   28.11.2021, 17:16:57] --> Character leveled up to level 18
[tazevisuma:   28.11.2021, 17:18:04] --> Character leveled up to level 19
[tazevisuma:   28.11.2021, 17:19:06] --> Character leveled up to level 20
[tazevisuma:   28.11.2021, 17:19:44] --> Character leveled up to level 21
[tazevisuma:   28.11.2021, 17:21:05] --> Character leveled up to level 22
[tazevisuma:   28.11.2021, 17:22:25] --> Character leveled up to level 23
[tazevisuma:   28.11.2021, 17:24:09] --> Character leveled up to level 24
[tazevisuma:   28.11.2021, 17:25:43] --> Character leveled up to level 25
[tazevisuma:   28.11.2021, 17:28:45] --> Character leveled up to level 26
[tazevisuma:   28.11.2021, 17:30:51] --> Character leveled up to level 27
[tazevisuma:   28.11.2021, 17:34:12] --> Character leveled up to level 28
[tazevisuma:   28.11.2021, 17:36:37] --> Bot successfully started
[tazevisuma:   28.11.2021, 17:36:38] --> bukabigisuk appeared
[tazevisuma:   28.11.2021, 17:36:38] --> Setting '2' loaded because of active level settings
[tazevisuma:   28.11.2021, 17:37:01] --> robaraduzoko appeared
[tazevisuma:   28.11.2021, 17:37:07] --> fitulicatako appeared
[tazevisuma:   28.11.2021, 17:37:20] --> besevupavawe appeared
[tazevisuma:   28.11.2021, 17:37:23] --> besevupavawe appeared
[tazevisuma:   28.11.2021, 17:37:29] --> Character leveled up to level 29
[tazevisuma:   28.11.2021, 17:40:12] --> Character leveled up to level 30
[tazevisuma:   28.11.2021, 17:43:17] --> Character leveled up to level 31
[tazevisuma:   28.11.2021, 17:43:19] --> Bot terminated: Character reached level 31
[kikohumede:   28.11.2021, 17:44:26] --> Bot successfully started
[kikohumede:   28.11.2021, 17:44:26] --> Setting '1' loaded because of active level settings
[kikohumede:   28.11.2021, 17:44:26] --> darunilite appeared
[kikohumede:   28.11.2021, 17:44:33] --> Character went to saleswoman
[kikohumede:   28.11.2021, 17:44:36] --> Character was kicked from the bot, reason: Character was walking
[kikohumede:   28.11.2021, 17:44:41] --> rocorokimero appeared
[kikohumede:   28.11.2021, 17:45:09] --> Character was kicked from the bot, reason: Character was walking
[kikohumede:   28.11.2021, 17:45:22] --> Character leveled up to level 6
[kikohumede:   28.11.2021, 17:45:24] --> Character leveled up to level 7
[kikohumede:   28.11.2021, 17:45:25] --> Character leveled up to level 8
[kikohumede:   28.11.2021, 17:45:26] --> Character leveled up to level 9
[kikohumede:   28.11.2021, 17:45:29] --> Character leveled up to level 10
[kikohumede:   28.11.2021, 17:45:34] --> Character leveled up to level 11
[kikohumede:   28.11.2021, 17:45:35] --> Character leveled up to level 12
[kikohumede:   28.11.2021, 17:45:37] --> Character leveled up to level 13
[kikohumede:   28.11.2021, 17:45:45] --> Character leveled up to level 14
[kikohumede:   28.11.2021, 17:45:57] --> Character leveled up to level 15
[kikohumede:   28.11.2021, 17:45:57] --> Setting '2' loaded because of active level settings
[kikohumede:   28.11.2021, 17:46:10] --> Character was kicked from the bot, reason: Character was walking
[kikohumede:   28.11.2021, 17:46:14] --> ravebifihor appeared
[kikohumede:   28.11.2021, 17:46:28] --> ravebifihor appeared
[kikohumede:   28.11.2021, 17:46:35] --> Character was kicked from the bot, reason: Character was walking
[kikohumede:   28.11.2021, 17:47:51] --> Character leveled up to level 16
[kikohumede:   28.11.2021, 17:49:09] --> Character leveled up to level 17
[kikohumede:   28.11.2021, 17:50:14] --> Character leveled up to level 18
[kikohumede:   28.11.2021, 17:51:42] --> Character leveled up to level 19
[kikohumede:   28.11.2021, 17:52:33] --> Character leveled up to level 20
[kikohumede:   28.11.2021, 17:53:43] --> Character leveled up to level 21
[kikohumede:   28.11.2021, 17:54:44] --> Character leveled up to level 22
[kikohumede:   28.11.2021, 17:55:46] --> Character leveled up to level 23
[kikohumede:   28.11.2021, 17:56:31] --> Character leveled up to level 24
[kikohumede:   28.11.2021, 17:58:20] --> Character leveled up to level 25
[kikohumede:   28.11.2021, 17:59:30] --> Character leveled up to level 26
[kikohumede:   28.11.2021, 18:01:28] --> Character leveled up to level 27
[kikohumede:   28.11.2021, 18:04:45] --> Character leveled up to level 28
[kikohumede:   28.11.2021, 18:06:25] --> Character leveled up to level 29
[kikohumede:   28.11.2021, 18:06:25] --> kaguhamedake appeared
[kikohumede:   28.11.2021, 18:06:31] --> kaguhamedake appeared
[kikohumede:   28.11.2021, 18:06:52] --> kaguhamedake appeared
[kikohumede:   28.11.2021, 18:06:57] --> kaguhamedake appeared
[kikohumede:   28.11.2021, 18:07:23] --> kaguhamedake appeared
[kikohumede:   28.11.2021, 18:07:59] --> bezubimekucu appeared
[kikohumede:   28.11.2021, 18:08:03] --> Character leveled up to level 30
[kikohumede:   28.11.2021, 18:08:10] --> kaguhamedake appeared
[kikohumede:   28.11.2021, 18:08:29] --> gomavivotos appeared
[kikohumede:   28.11.2021, 18:08:46] --> kaguhamedake appeared
[kikohumede:   28.11.2021, 18:09:08] --> kaguhamedake appeared
[kikohumede:   28.11.2021, 18:09:14] --> bezubimekucu appeared
[kikohumede:   28.11.2021, 18:09:40] --> kaguhamedake appeared
[kikohumede:   28.11.2021, 18:09:47] --> kaguhamedake appeared
[kikohumede:   28.11.2021, 18:09:57] --> kaguhamedake appeared
[kikohumede:   28.11.2021, 18:10:04] --> Character leveled up to level 31
[kikohumede:   28.11.2021, 18:10:05] --> Bot terminated: Character reached level 31
[sudiwirukeno: 29.11.2021, 12:16:59] --> Bot successfully started
[sudiwirukeno: 29.11.2021, 12:17:05] --> Time passed, now going to talk to alchemist: sudiwirukeno
[sudiwirukeno: 29.11.2021, 12:17:05] --> Character went to Alchemist: sudiwirukeno
[sudiwirukeno: 29.11.2021, 12:17:27] --> Character was kicked from the bot, reason: Character was walking
[sudiwirukeno: 29.11.2021, 12:17:33] --> bupupariguva appeared
[sudiwirukeno: 29.11.2021, 12:17:50] --> Character was kicked from the bot, reason: Character was walking
[sudiwirukeno: 29.11.2021, 12:18:24] --> Character was kicked from the bot, reason: Character was walking
[sudiwirukeno: 29.11.2021, 12:18:28] --> ropepukatip appeared
[sudiwirukeno: 29.11.2021, 12:18:43] --> ropepukatip appeared
[sudiwirukeno: 29.11.2021, 12:18:48] --> ropepukatip appeared
[sudiwirukeno: 29.11.2021, 12:18:54] --> fuzipiduza appeared
[sudiwirukeno: 29.11.2021, 12:19:04] --> fuzipiduza appeared
[sudiwirukeno: 29.11.2021, 12:19:08] --> fuzipiduza appeared
[sudiwirukeno: 29.11.2021, 12:19:13] --> fuzipiduza appeared
[sudiwirukeno: 29.11.2021, 12:20:03] --> fuzipiduza appeared
[sudiwirukeno: 29.11.2021, 12:20:08] --> fuzipiduza appeared
[sudiwirukeno: 29.11.2021, 12:20:27] --> fuzipiduza appeared
[sudiwirukeno: 29.11.2021, 12:32:07] --> Character leveled up to level 32
[sudiwirukeno: 29.11.2021, 12:32:29] --> 10 shards collected, now going to talk to alchemist: sudiwirukeno
[sudiwirukeno: 29.11.2021, 12:32:29] --> Character went to Alchemist: sudiwirukeno
[sudiwirukeno: 29.11.2021, 12:32:53] --> Character was kicked from the bot, reason: Character was walking
[sudiwirukeno: 29.11.2021, 12:32:59] --> rdfsfsafsf appeared
[sudiwirukeno: 29.11.2021, 12:33:16] --> Character was kicked from the bot, reason: Character was walking
[sudiwirukeno: 29.11.2021, 12:33:51] --> Character was kicked from the bot, reason: Character was walking
[sudiwirukeno: 29.11.2021, 12:33:54] --> lahupakakof appeared
[sudiwirukeno: 29.11.2021, 12:35:49] --> ropepukatip appeared
[sudiwirukeno: 29.11.2021, 12:36:10] --> ropepukatip appeared
[sudiwirukeno: 29.11.2021, 12:36:23] --> damokovafes appeared
[sudiwirukeno: 29.11.2021, 12:37:34] --> kefopatuwav appeared
[sudiwirukeno: 29.11.2021, 12:38:17] --> kutevetufoz appeared
[sudiwirukeno: 29.11.2021, 12:38:35] --> ropepukatip appeared
[sudiwirukeno: 29.11.2021, 12:38:48] --> kutevetufoz appeared
[sudiwirukeno: 29.11.2021, 12:39:30] --> ropepukatip appeared
[sudiwirukeno: 29.11.2021, 12:39:57] --> ropepukatip appeared
[sudiwirukeno: 29.11.2021, 12:41:16] --> kutevetufoz appeared
[sudiwirukeno: 29.11.2021, 12:42:04] --> kutevetufoz appeared
[sudiwirukeno: 29.11.2021, 12:42:15] --> cezuzoruda appeared
[sudiwirukeno: 29.11.2021, 12:42:21] --> cezuzoruda appeared
[sudiwirukeno: 29.11.2021, 12:42:38] --> kutevetufoz appeared
[sudiwirukeno: 29.11.2021, 12:43:31] --> pibudiguto appeared
[sudiwirukeno: 29.11.2021, 12:43:37] --> cezuzoruda appeared
[sudiwirukeno: 29.11.2021, 12:43:53] --> damokovafes appeared
[sudiwirukeno: 29.11.2021, 12:44:55] --> lahupakakof appeared
[sudiwirukeno: 29.11.2021, 12:44:58] --> Character leveled up to level 33
[sudiwirukeno: 29.11.2021, 12:45:06] --> damokovafes appeared
[sudiwirukeno: 29.11.2021, 12:58:32] --> Character leveled up to level 34
[sudiwirukeno: 29.11.2021, 13:01:46] --> Character was kicked from the bot, reason: Changing character
[sudiwirukeno: 29.11.2021, 13:01:46] --> Char changed: 5 dragon cors collected, total cor count: 5
[borenodevera: 29.11.2021, 13:01:56] --> Time passed, now going to talk to alchemist: borenodevera
[borenodevera: 29.11.2021, 13:01:56] --> Character went to Alchemist: borenodevera
[borenodevera: 29.11.2021, 13:02:19] --> Character was kicked from the bot, reason: Character was walking
[borenodevera: 29.11.2021, 13:02:25] --> roloriwode appeared
[borenodevera: 29.11.2021, 13:02:42] --> Character was kicked from the bot, reason: Character was walking
[borenodevera: 29.11.2021, 13:02:50] --> roloriwode appeared
[borenodevera: 29.11.2021, 13:03:15] --> Character was kicked from the bot, reason: Character was walking
[borenodevera: 29.11.2021, 13:03:19] --> kutevetufoz appeared
[borenodevera: 29.11.2021, 13:14:26] --> Character leveled up to level 32
[borenodevera: 29.11.2021, 13:18:20] --> 10 shards collected, now going to talk to alchemist: borenodevera
[borenodevera: 29.11.2021, 13:18:20] --> Character went to Alchemist: borenodevera
[borenodevera: 29.11.2021, 13:18:23] --> Character was kicked from the bot, reason: Character was walking
[borenodevera: 29.11.2021, 13:19:03] --> beripanonak appeared
[borenodevera: 29.11.2021, 13:19:10] --> Character was kicked from the bot, reason: Character was walking
[borenodevera: 29.11.2021, 13:19:33] --> Character was kicked from the bot, reason: Character was walking
[borenodevera: 29.11.2021, 13:19:37] --> cazuborirav appeared
[borenodevera: 29.11.2021, 13:19:41] --> zulibakezazo appeared
[borenodevera: 29.11.2021, 13:19:59] --> wuviwakonel appeared
[borenodevera: 29.11.2021, 13:20:07] --> Character was kicked from the bot, reason: Character was walking
[borenodevera: 29.11.2021, 13:20:27] --> ropepukatip appeared
[borenodevera: 29.11.2021, 13:20:40] --> tevozowifabi appeared
[borenodevera: 29.11.2021, 13:20:45] --> tevozowifabi appeared
[borenodevera: 29.11.2021, 13:20:52] --> kutevetufoz appeared
[borenodevera: 29.11.2021, 13:21:50] --> ropepukatip appeared
[borenodevera: 29.11.2021, 13:22:06] --> kutevetufoz appeared
[borenodevera: 29.11.2021, 13:22:16] --> ropepukatip appeared
[borenodevera: 29.11.2021, 13:23:11] --> ropepukatip appeared
[borenodevera: 29.11.2021, 13:24:27] --> kozolusapeb appeared
[borenodevera: 29.11.2021, 13:24:36] --> kutevetufoz appeared
[borenodevera: 29.11.2021, 13:24:47] --> wuviwakonel appeared
[borenodevera: 29.11.2021, 13:25:51] --> kutevetufoz appeared
[borenodevera: 29.11.2021, 13:25:59] --> lahupakakof appeared
[borenodevera: 29.11.2021, 13:27:06] --> kutevetufoz appeared
[borenodevera: 29.11.2021, 13:27:18] --> damokovafes appeared
[borenodevera: 29.11.2021, 13:27:19] --> damokovafes appeared
[borenodevera: 29.11.2021, 13:28:10] --> cezuzoruda appeared
[borenodevera: 29.11.2021, 13:28:20] --> kutevetufoz appeared
[borenodevera: 29.11.2021, 13:28:26] --> Character leveled up to level 33
[borenodevera: 29.11.2021, 13:28:31] --> damokovafes appeared
[borenodevera: 29.11.2021, 13:29:33] --> kutevetufoz appeared
[borenodevera: 29.11.2021, 13:30:18] --> ropepukatip appeared
[borenodevera: 29.11.2021, 13:30:37] --> cezuzoruda appeared
[borenodevera: 29.11.2021, 13:30:45] --> ropepukatip appeared
[borenodevera: 29.11.2021, 13:30:59] --> damokovafes appeared
[borenodevera: 29.11.2021, 13:37:06] --> damokovafes appeared
[borenodevera: 29.11.2021, 13:37:47] --> ropepukatip appeared
[borenodevera: 29.11.2021, 13:37:59] --> cezuzoruda appeared
[borenodevera: 29.11.2021, 13:38:08] --> lahupakakof appeared
[borenodevera: 29.11.2021, 13:38:15] --> ropepukatip appeared
[borenodevera: 29.11.2021, 13:40:57] --> damokovafes appeared
[borenodevera: 29.11.2021, 13:41:11] --> Character got kick
[borenodevera: 29.11.2021, 13:41:38] --> Character got kick
[borenodevera: 29.11.2021, 13:41:45] --> damokovafes appeared
[borenodevera: 29.11.2021, 13:43:12] --> Bot successfully started
[borenodevera: 29.11.2021, 13:43:12] --> fozurofadik appeared
[borenodevera: 29.11.2021, 13:43:26] --> fozurofadik appeared
[borenodevera: 29.11.2021, 13:43:41] --> ropepukatip appeared
[borenodevera: 29.11.2021, 13:45:16] --> Bot successfully started
[borenodevera: 29.11.2021, 13:45:16] --> fozurofadik appeared
[borenodevera: 29.11.2021, 13:46:44] --> Bot successfully started
[borenodevera: 29.11.2021, 13:46:47] --> fozurofadik appeared
[borenodevera: 29.11.2021, 13:48:02] --> Character leveled up to level 34
[borenodevera: 29.11.2021, 13:50:58] --> Character got kick
[borenodevera: 29.11.2021, 13:51:47] --> Character got kick
[borenodevera: 29.11.2021, 13:52:20] --> ropepukatip appeared
[borenodevera: 29.11.2021, 13:52:45] --> ropepukatip appeared
[borenodevera: 29.11.2021, 13:53:23] --> ropepukatip appeared
[borenodevera: 29.11.2021, 13:53:43] --> ropepukatip appeared
[borenodevera: 29.11.2021, 13:53:49] --> Character got kick
[borenodevera: 29.11.2021, 13:54:21] --> Character got kick
[borenodevera: 29.11.2021, 13:55:27] --> Character got kick
[borenodevera: 29.11.2021, 13:55:47] --> fozurofadik appeared
[borenodevera: 29.11.2021, 13:56:47] --> ropepukatip appeared
[borenodevera: 29.11.2021, 13:57:01] --> ropepukatip appeared
[borenodevera: 29.11.2021, 13:57:36] --> Char changed: 5 dragon cors collected, total cor count: 5
[borenodevera: 29.11.2021, 13:57:37] --> Character was kicked from the bot, reason: Changing character
[lowidobuto:   29.11.2021, 13:57:47] --> Time passed, now going to talk to alchemist: lowidobuto
[lowidobuto:   29.11.2021, 13:57:47] --> Character went to Alchemist: lowidobuto
[lowidobuto:   29.11.2021, 13:57:51] --> Character was kicked from the bot, reason: Character was walking
[lowidobuto:   29.11.2021, 13:58:11] --> Character was kicked from the bot, reason: Character was walking
[lowidobuto:   29.11.2021, 13:58:16] --> damokovafes appeared
[lowidobuto:   29.11.2021, 13:58:26] --> cazuborirav appeared
[lowidobuto:   29.11.2021, 13:58:34] --> Character was kicked from the bot, reason: Character was walking
[lowidobuto:   29.11.2021, 13:58:59] --> damokovafes appeared
[lowidobuto:   29.11.2021, 13:59:07] --> Character was kicked from the bot, reason: Character was walking
[lowidobuto:   29.11.2021, 13:59:13] --> fozurofadik appeared
[lowidobuto:   29.11.2021, 13:59:30] --> ropepukatip appeared
[lowidobuto:   29.11.2021, 13:59:51] --> ropepukatip appeared
[lowidobuto:   29.11.2021, 14:00:19] --> ropepukatip appeared
[lowidobuto:   29.11.2021, 14:00:27] --> ropepukatip appeared
[lowidobuto:   29.11.2021, 14:01:08] --> fozurofadik appeared
[lowidobuto:   29.11.2021, 14:01:20] --> damokovafes appeared
[lowidobuto:   29.11.2021, 14:02:21] --> fozurofadik appeared
[lowidobuto:   29.11.2021, 14:02:57] --> damokovafes appeared
[lowidobuto:   29.11.2021, 14:03:08] --> 10 shards collected, now going to talk to alchemist: lowidobuto
[lowidobuto:   29.11.2021, 14:03:08] --> Character went to Alchemist: lowidobuto
[lowidobuto:   29.11.2021, 14:03:12] --> Character was kicked from the bot, reason: Character was walking
[lowidobuto:   29.11.2021, 14:03:25] --> Character got kick
[lowidobuto:   29.11.2021, 14:06:25] --> Bot successfully started
[lowidobuto:   29.11.2021, 14:06:36] --> 10 shards collected, now going to talk to alchemist: lowidobuto
[lowidobuto:   29.11.2021, 14:06:36] --> Character went to Alchemist: lowidobuto
[lowidobuto:   29.11.2021, 14:06:44] --> fogapapapeg appeared
[lowidobuto:   29.11.2021, 14:06:50] --> Character was kicked from the bot, reason: Character was walking
[lowidobuto:   29.11.2021, 14:07:13] --> Character was kicked from the bot, reason: Character was walking
[lowidobuto:   29.11.2021, 14:07:20] --> narapizusudu appeared
[lowidobuto:   29.11.2021, 14:07:46] --> Character was kicked from the bot, reason: Character was walking
[lowidobuto:   29.11.2021, 14:07:50] --> butizoropazu appeared
[lowidobuto:   29.11.2021, 14:08:01] --> damokovafes appeared
[lowidobuto:   29.11.2021, 14:08:17] --> cezuzoruda appeared
[lowidobuto:   29.11.2021, 14:08:39] --> fozurofadik appeared
[lowidobuto:   29.11.2021, 14:09:16] --> damokovafes appeared
[lowidobuto:   29.11.2021, 14:09:42] --> ropepukatip appeared
[lowidobuto:   29.11.2021, 14:09:52] --> fozurofadik appeared
[lowidobuto:   29.11.2021, 14:11:06] --> ropepukatip appeared
[lowidobuto:   29.11.2021, 14:11:59] --> butizoropazu appeared
[lowidobuto:   29.11.2021, 14:12:22] --> fozurofadik appeared
[lowidobuto:   29.11.2021, 14:13:20] --> Character leveled up to level 32
[lowidobuto:   29.11.2021, 14:13:32] --> ropepukatip appeared
[lowidobuto:   29.11.2021, 14:14:27] --> ropepukatip appeared
[lowidobuto:   29.11.2021, 14:14:49] --> fozurofadik appeared
[lowidobuto:   29.11.2021, 14:15:29] --> fozurofadik appeared
[lowidobuto:   29.11.2021, 14:15:45] --> cezuzoruda appeared
[lowidobuto:   29.11.2021, 14:15:59] --> ropepukatip appeared
[lowidobuto:   29.11.2021, 14:16:54] --> ropepukatip appeared
[lowidobuto:   29.11.2021, 14:17:12] --> lahupakakof appeared
[lowidobuto:   29.11.2021, 14:17:22] --> damokovafes appeared
[lowidobuto:   29.11.2021, 14:18:11] --> ropepukatip appeared
[lowidobuto:   29.11.2021, 14:18:18] --> ropepukatip appeared
[lowidobuto:   29.11.2021, 14:18:29] --> ropepukatip appeared
[lowidobuto:   29.11.2021, 14:19:38] --> besevupavawe appeared
[lowidobuto:   29.11.2021, 14:19:48] --> devuwibiba appeared
[lowidobuto:   29.11.2021, 14:20:35] --> ropepukatip appeared
[lowidobuto:   29.11.2021, 14:20:54] --> besevupavawe appeared
[lowidobuto:   29.11.2021, 14:21:04] --> ropepukatip appeared
[lowidobuto:   29.11.2021, 14:21:50] --> ropepukatip appeared
[lowidobuto:   29.11.2021, 14:21:55] --> ropepukatip appeared
[lowidobuto:   29.11.2021, 14:23:04] --> ropepukatip appeared
[lowidobuto:   29.11.2021, 14:23:15] --> cezuzoruda appeared
[lowidobuto:   29.11.2021, 14:23:22] --> besevupavawe appeared
[lowidobuto:   29.11.2021, 14:23:55] --> besevupavawe appeared
[lowidobuto:   29.11.2021, 14:24:47] --> ropepukatip appeared
[lowidobuto:   29.11.2021, 14:25:45] --> Character leveled up to level 33
[lowidobuto:   29.11.2021, 14:25:50] --> besevupavawe appeared
[lowidobuto:   29.11.2021, 14:26:01] --> damokovafes appeared
[lowidobuto:   29.11.2021, 14:26:54] --> ligevaroma appeared
[lowidobuto:   29.11.2021, 14:27:11] --> ropepukatip appeared
[lowidobuto:   29.11.2021, 14:27:56] --> ropepukatip appeared
[lowidobuto:   29.11.2021, 14:29:12] --> ropepukatip appeared
[lowidobuto:   29.11.2021, 14:29:21] --> lahupakakof appeared
[lowidobuto:   29.11.2021, 14:29:23] --> lahupakakof appeared
[lowidobuto:   29.11.2021, 14:29:33] --> ropepukatip appeared
[lowidobuto:   29.11.2021, 14:29:42] --> damokovafes appeared
[lowidobuto:   29.11.2021, 14:30:56] --> besevupavawe appeared
[lowidobuto:   29.11.2021, 14:31:39] --> besevupavawe appeared
[lowidobuto:   29.11.2021, 14:31:56] --> ropepukatip appeared
[lowidobuto:   29.11.2021, 14:32:08] --> besevupavawe appeared
[lowidobuto:   29.11.2021, 14:32:51] --> ropepukatip appeared
[lowidobuto:   29.11.2021, 14:33:22] --> damokovafes appeared
[lowidobuto:   29.11.2021, 14:34:07] --> besevupavawe appeared
[lowidobuto:   29.11.2021, 14:34:19] --> besevupavawe appeared
[lowidobuto:   29.11.2021, 14:34:23] --> cezuzoruda appeared
[lowidobuto:   29.11.2021, 14:34:29] --> besevupavawe appeared
[lowidobuto:   29.11.2021, 14:34:32] --> besevupavawe appeared
[lowidobuto:   29.11.2021, 14:34:34] --> rokafuvupok appeared
[lowidobuto:   29.11.2021, 14:35:21] --> besevupavawe appeared
[lowidobuto:   29.11.2021, 14:35:48] --> besevupavawe appeared
[lowidobuto:   29.11.2021, 14:36:36] --> besevupavawe appeared
[lowidobuto:   29.11.2021, 14:37:37] --> besevupavawe appeared
[lowidobuto:   29.11.2021, 14:37:48] --> besevupavawe appeared
[lowidobuto:   29.11.2021, 14:38:11] --> lahupakakof appeared
[lowidobuto:   29.11.2021, 14:38:13] --> besevupavawe appeared
[lowidobuto:   29.11.2021, 14:38:16] --> besevupavawe appeared
[lowidobuto:   29.11.2021, 14:38:52] --> ropepukatip appeared
[lowidobuto:   29.11.2021, 14:38:59] --> ropepukatip appeared
[lowidobuto:   29.11.2021, 14:39:04] --> besevupavawe appeared
[lowidobuto:   29.11.2021, 14:39:23] --> Char changed: 5 dragon cors collected, total cor count: 5
[lowidobuto:   29.11.2021, 14:39:24] --> Character was kicked from the bot, reason: Changing character
[lowidobuto:   29.11.2021, 14:39:54] --> kopofotikin appeared
[tazevisuma:   29.11.2021, 14:39:59] --> Time passed, now going to talk to alchemist: tazevisuma
[tazevisuma:   29.11.2021, 14:39:59] --> Character went to Alchemist: tazevisuma
[tazevisuma:   29.11.2021, 14:40:07] --> nibiwuzofogi appeared
[tazevisuma:   29.11.2021, 14:40:23] --> Character was kicked from the bot, reason: Character was walking
[tazevisuma:   29.11.2021, 14:40:28] --> ossox2 appeared
[tazevisuma:   29.11.2021, 14:40:45] --> Character was kicked from the bot, reason: Character was walking
[tazevisuma:   29.11.2021, 14:41:20] --> Character was kicked from the bot, reason: Character was walking
[tazevisuma:   29.11.2021, 14:41:23] --> damokovafes appeared
[tazevisuma:   29.11.2021, 14:42:12] --> ropepukatip appeared
[tazevisuma:   29.11.2021, 14:42:27] --> besevupavawe appeared
[tazevisuma:   29.11.2021, 14:43:18] --> ropepukatip appeared
[tazevisuma:   29.11.2021, 14:43:22] --> ropepukatip appeared
[tazevisuma:   29.11.2021, 14:43:42] --> besevupavawe appeared
[tazevisuma:   29.11.2021, 14:44:40] --> cezuzoruda appeared
[tazevisuma:   29.11.2021, 14:44:55] --> ropepukatip appeared
[tazevisuma:   29.11.2021, 14:45:08] --> damokovafes appeared
[tazevisuma:   29.11.2021, 14:45:50] --> ropepukatip appeared
[tazevisuma:   29.11.2021, 14:46:12] --> besevupavawe appeared
[tazevisuma:   29.11.2021, 14:47:11] --> ropepukatip appeared
[tazevisuma:   29.11.2021, 14:47:22] --> 10 shards collected, now going to talk to alchemist: tazevisuma
[tazevisuma:   29.11.2021, 14:47:22] --> Character went to Alchemist: tazevisuma
[tazevisuma:   29.11.2021, 14:47:25] --> Character got kick
[tazevisuma:   29.11.2021, 14:48:13] --> Character was kicked from the bot, reason: Character was walking
[tazevisuma:   29.11.2021, 14:48:19] --> kivocufawik appeared
[tazevisuma:   29.11.2021, 14:48:36] --> Character was kicked from the bot, reason: Character was walking
[tazevisuma:   29.11.2021, 14:49:02] --> sabihucugap appeared
[tazevisuma:   29.11.2021, 14:49:10] --> Character was kicked from the bot, reason: Character was walking
[tazevisuma:   29.11.2021, 14:49:14] --> damokovafes appeared
[tazevisuma:   29.11.2021, 14:52:54] --> Character leveled up to level 32
[tazevisuma:   29.11.2021, 14:54:46] --> besevupavawe appeared
[tazevisuma:   29.11.2021, 14:54:51] --> besevupavawe appeared
[tazevisuma:   29.11.2021, 14:55:03] --> besevupavawe appeared
[tazevisuma:   29.11.2021, 14:55:12] --> besevupavawe appeared
[tazevisuma:   29.11.2021, 14:55:15] --> besevupavawe appeared
[tazevisuma:   29.11.2021, 14:57:37] --> besevupavawe appeared
[tazevisuma:   29.11.2021, 14:58:36] --> Character got kick
[tazevisuma:   29.11.2021, 14:58:45] --> ropepukatip appeared
[tazevisuma:   29.11.2021, 14:58:55] --> Character got kick
[tazevisuma:   29.11.2021, 14:59:16] --> ropepukatip appeared
[tazevisuma:   29.11.2021, 14:59:33] --> lahupakakof appeared
[tazevisuma:   29.11.2021, 15:00:57] --> Character got kick
[tazevisuma:   29.11.2021, 15:01:08] --> lahupakakof appeared
[tazevisuma:   29.11.2021, 15:01:14] --> Character got kick
