[dimenokakob:  28.11.2021, 14:08:10] --> Bot successfully started
[dimenokakob:  28.11.2021, 14:08:11] --> BioZentrale appeared
[dimenokakob:  28.11.2021, 14:08:16] --> PM recieved from Jeasy : Add P2W#9999 on Discord for info @ 24/7 Online @ 5 Minute Delivery @
[dimenokakob:  28.11.2021, 14:08:23] --> PM recieved from Jeasy : 40 Won - 25 ÊUR
[dimenokakob:  28.11.2021, 14:08:24] --> PM recieved from Jeasy : Add P2W#9999 on Discord for info @ 24/7 Online @ 5 Minute Delivery @
[dimenokakob:  28.11.2021, 14:08:37] --> PM recieved from Jeasy : 195 Won - 100 ÊUR
[dimenokakob:  28.11.2021, 14:08:38] --> PM recieved from Jeasy : Add P2W#9999 on Discord for info @ 24/7 Online @ 5 Minute Delivery @
[dimenokakob:  28.11.2021, 14:08:44] --> PM recieved from Jeasy : 88 Won - 50 ÊUR
[dimenokakob:  28.11.2021, 14:08:45] --> PM recieved from Jeasy : Add P2W#9999 on Discord for info @ 24/7 Online @ 5 Minute Delivery @
[dimenokakob:  28.11.2021, 14:08:58] --> PM recieved from Jeasy : 88 Won - 50 ÊUR
[dimenokakob:  28.11.2021, 14:08:59] --> PM recieved from Jeasy : Add P2W#9999 on Discord for info @ 24/7 Online @ 5 Minute Delivery @
[dimenokakob:  28.11.2021, 14:09:20] --> PM recieved from Jeasy : 195 Won - 100 ÊUR
[dimenokakob:  28.11.2021, 14:09:21] --> PM recieved from Jeasy : Add P2W#9999 on Discord for info @ 24/7 Online @ 5 Minute Delivery @
[dimenokakob:  28.11.2021, 14:09:54] --> PM recieved from Jeasy : 40 Won - 25 ÊUR
[dimenokakob:  28.11.2021, 14:09:55] --> PM recieved from Jeasy : Add P2W#9999 on Discord for info @ 24/7 Online @ 5 Minute Delivery @
[dimenokakob:  28.11.2021, 14:10:13] --> PM recieved from Jeasy : 88 Won - 50 ÊUR
[dimenokakob:  28.11.2021, 14:10:14] --> PM recieved from Jeasy : Add P2W#9999 on Discord for info @ 24/7 Online @ 5 Minute Delivery @
[dimenokakob:  28.11.2021, 14:10:27] --> PM recieved from Jeasy : 40 Won - 25 ÊUR
[dimenokakob:  28.11.2021, 14:10:28] --> PM recieved from Jeasy : Add P2W#9999 on Discord for info @ 24/7 Online @ 5 Minute Delivery @
[dimenokakob:  28.11.2021, 14:15:21] --> PM recieved from Jeasy : 195 Won - 100 ÊUR
[dimenokakob:  28.11.2021, 14:15:22] --> PM recieved from Jeasy : Add P2W#9999 on Discord for info @ 24/7 Online @ 5 Minute Delivery @
[dimenokakob:  28.11.2021, 14:18:37] --> PM recieved from Jeasy : 195 Won - 100 ÊUR
[dimenokakob:  28.11.2021, 14:18:38] --> PM recieved from Jeasy : Add P2W#9999 on Discord for info @ 24/7 Online @ 5 Minute Delivery @
[dimenokakob:  28.11.2021, 14:18:47] --> PM recieved from Jeasy : 195 Won - 100 ÊUR
[dimenokakob:  28.11.2021, 14:18:48] --> PM recieved from Jeasy : Add P2W#9999 on Discord for info @ 24/7 Online @ 5 Minute Delivery @
[dimenokakob:  28.11.2021, 14:19:06] --> PM recieved from Jeasy : 40 Won - 25 ÊUR
[dimenokakob:  28.11.2021, 14:19:07] --> PM recieved from Jeasy : Add P2W#9999 on Discord for info @ 24/7 Online @ 5 Minute Delivery @
[dimenokakob:  28.11.2021, 14:19:15] --> PM recieved from Jeasy : 88 Won - 50 ÊUR
[dimenokakob:  28.11.2021, 14:19:16] --> PM recieved from Jeasy : Add P2W#9999 on Discord for info @ 24/7 Online @ 5 Minute Delivery @
[dimenokakob:  28.11.2021, 14:20:12] --> PM recieved from Jeasy : 40 Won - 25 ÊUR
[dimenokakob:  28.11.2021, 14:20:13] --> PM recieved from Jeasy : Add P2W#9999 on Discord for info @ 24/7 Online @ 5 Minute Delivery @
[dimenokakob:  28.11.2021, 14:20:44] --> PM recieved from Jeasy : 88 Won - 50 ÊUR
[dimenokakob:  28.11.2021, 14:20:45] --> PM recieved from Jeasy : Add P2W#9999 on Discord for info @ 24/7 Online @ 5 Minute Delivery @
[dimenokakob:  28.11.2021, 14:21:39] --> Changing into CH9
[dimenokakob:  28.11.2021, 14:22:09] --> kingmerdos appeared
[dimenokakob:  28.11.2021, 14:39:12] --> Character was kicked from the bot, reason: Changing character
[dimenokakob:  28.11.2021, 14:39:19] --> vusokafepuku appeared
[dimenokakob:  28.11.2021, 14:39:28] --> Character was kicked from the bot, reason: Changing character
[kebecefiso:   28.11.2021, 14:40:06] --> Character was kicked from the bot, reason: Changing character
[kebecefiso:   28.11.2021, 14:40:10] --> vusokafepuku appeared
[vebiwenaru:   28.11.2021, 14:40:40] --> Character was kicked from the bot, reason: Changing character
[fekuwibipiza: 28.11.2021, 14:41:14] --> Character was kicked from the bot, reason: Changing character
[dimenokakob:  28.11.2021, 15:16:05] --> Bot successfully started
[dimenokakob:  28.11.2021, 15:16:05] --> ORonca appeared
[dimenokakob:  28.11.2021, 15:16:05] --> Setting '1' loaded because of active level settings
[dimenokakob:  28.11.2021, 15:16:09] --> PM recieved from Jeasy : Add P2W#9999 on Discord for info @ 24/7 Online @ 5 Minute Delivery @
[dimenokakob:  28.11.2021, 15:16:12] --> Character went to saleswoman
[dimenokakob:  28.11.2021, 15:16:15] --> Character was kicked from the bot, reason: Character was walking
[dimenokakob:  28.11.2021, 15:16:34] --> PM recieved from Jeasy : 88 Won - 50 ÊUR
[dimenokakob:  28.11.2021, 15:16:35] --> PM recieved from Jeasy : Add P2W#9999 on Discord for info @ 24/7 Online @ 5 Minute Delivery @
[dimenokakob:  28.11.2021, 15:16:48] --> Character was kicked from the bot, reason: Character was walking
[dimenokakob:  28.11.2021, 15:17:01] --> Character leveled up to level 4
[dimenokakob:  28.11.2021, 15:17:02] --> Character leveled up to level 6
[dimenokakob:  28.11.2021, 15:17:03] --> Character leveled up to level 7
[dimenokakob:  28.11.2021, 15:17:04] --> Character leveled up to level 8
[dimenokakob:  28.11.2021, 15:17:05] --> Character leveled up to level 9
[dimenokakob:  28.11.2021, 15:17:06] --> SurArsis appeared
[dimenokakob:  28.11.2021, 15:17:08] --> Character leveled up to level 10
[dimenokakob:  28.11.2021, 15:17:10] --> Character leveled up to level 11
[dimenokakob:  28.11.2021, 15:17:14] --> Character leveled up to level 12
[dimenokakob:  28.11.2021, 15:17:26] --> Character leveled up to level 13
[dimenokakob:  28.11.2021, 15:17:33] --> SurArsis appeared
[dimenokakob:  28.11.2021, 15:17:45] --> Character leveled up to level 14
[dimenokakob:  28.11.2021, 15:17:59] --> SurArsis appeared
[dimenokakob:  28.11.2021, 15:18:09] --> Character leveled up to level 15
[dimenokakob:  28.11.2021, 15:18:10] --> Setting '2' loaded because of active level settings
[dimenokakob:  28.11.2021, 15:18:22] --> Character was kicked from the bot, reason: Character was walking
[dimenokakob:  28.11.2021, 15:18:26] --> KibaaMeley02 appeared
[dimenokakob:  28.11.2021, 15:18:48] --> Character was kicked from the bot, reason: Character was walking
[dimenokakob:  28.11.2021, 15:18:55] --> dehobafuhow appeared
[dimenokakob:  28.11.2021, 15:18:59] --> zekuhunuvid appeared
[dimenokakob:  28.11.2021, 15:19:18] --> zuracubuve appeared
[dimenokakob:  28.11.2021, 15:19:34] --> Character leveled up to level 16
[dimenokakob:  28.11.2021, 15:19:36] --> runecazolop appeared
[dimenokakob:  28.11.2021, 15:19:43] --> runecazolop appeared
[dimenokakob:  28.11.2021, 15:20:15] --> Character leveled up to level 17
[dimenokakob:  28.11.2021, 15:20:18] --> zekuhunuvid appeared
[dimenokakob:  28.11.2021, 15:20:46] --> dehobafuhow appeared
[dimenokakob:  28.11.2021, 15:20:49] --> Character leveled up to level 18
[dimenokakob:  28.11.2021, 15:20:54] --> zekuhunuvid appeared
[dimenokakob:  28.11.2021, 15:20:58] --> kifapuzuke appeared
[dimenokakob:  28.11.2021, 15:21:15] --> zekuhunuvid appeared
[dimenokakob:  28.11.2021, 15:21:21] --> dehobafuhow appeared
[dimenokakob:  28.11.2021, 15:21:24] --> Character leveled up to level 19
[dimenokakob:  28.11.2021, 15:21:31] --> zuracubuve appeared
[dimenokakob:  28.11.2021, 15:21:43] --> dehobafuhow appeared
[dimenokakob:  28.11.2021, 15:21:48] --> zekuhunuvid appeared
[dimenokakob:  28.11.2021, 15:22:02] --> kifapuzuke appeared
[dimenokakob:  28.11.2021, 15:22:13] --> Character leveled up to level 20
[dimenokakob:  28.11.2021, 15:22:37] --> kifapuzuke appeared
[dimenokakob:  28.11.2021, 15:22:47] --> zuracubuve appeared
[dimenokakob:  28.11.2021, 15:23:04] --> Character leveled up to level 21
[dimenokakob:  28.11.2021, 15:23:09] --> kifapuzuke appeared
[dimenokakob:  28.11.2021, 15:23:35] --> dehobafuhow appeared
[dimenokakob:  28.11.2021, 15:23:40] --> xTokkio appeared
[dimenokakob:  28.11.2021, 15:23:41] --> Character leveled up to level 22
[dimenokakob:  28.11.2021, 15:24:07] --> dehobafuhow appeared
[dimenokakob:  28.11.2021, 15:24:14] --> kifapuzuke appeared
[dimenokakob:  28.11.2021, 15:24:31] --> dehobafuhow appeared
[dimenokakob:  28.11.2021, 15:24:38] --> dofozehasi appeared
[dimenokakob:  28.11.2021, 15:24:42] --> Character leveled up to level 23
[dimenokakob:  28.11.2021, 15:24:47] --> kifapuzuke appeared
[dimenokakob:  28.11.2021, 15:25:03] --> dehobafuhow appeared
[dimenokakob:  28.11.2021, 15:25:20] --> kifapuzuke appeared
[dimenokakob:  28.11.2021, 15:25:33] --> Character leveled up to level 24
[dimenokakob:  28.11.2021, 15:25:54] --> kifapuzuke appeared
[dimenokakob:  28.11.2021, 15:26:05] --> runecazolop appeared
[dimenokakob:  28.11.2021, 15:26:09] --> runecazolop appeared
[dimenokakob:  28.11.2021, 15:26:45] --> Character leveled up to level 25
[dimenokakob:  28.11.2021, 15:26:51] --> zuracubuve appeared
[dimenokakob:  28.11.2021, 15:27:02] --> kifapuzuke appeared
[dimenokakob:  28.11.2021, 15:27:17] --> dehobafuhow appeared
[dimenokakob:  28.11.2021, 15:27:31] --> zuracubuve appeared
[dimenokakob:  28.11.2021, 15:27:42] --> Character leveled up to level 26
[dimenokakob:  28.11.2021, 15:27:52] --> dehobafuhow appeared
[dimenokakob:  28.11.2021, 15:28:08] --> kifapuzuke appeared
[dimenokakob:  28.11.2021, 15:28:20] --> zuracubuve appeared
[dimenokakob:  28.11.2021, 15:28:37] --> kifapuzuke appeared
[dimenokakob:  28.11.2021, 15:28:48] --> dehobafuhow appeared
[dimenokakob:  28.11.2021, 15:28:56] --> zuracubuve appeared
[dimenokakob:  28.11.2021, 15:28:58] --> Character leveled up to level 27
[dimenokakob:  28.11.2021, 15:29:11] --> dehobafuhow appeared
[dimenokakob:  28.11.2021, 15:29:33] --> zuracubuve appeared
[dimenokakob:  28.11.2021, 15:29:45] --> dehobafuhow appeared
[dimenokakob:  28.11.2021, 15:30:08] --> zuracubuve appeared
[dimenokakob:  28.11.2021, 15:30:13] --> Character leveled up to level 28
[dimenokakob:  28.11.2021, 15:30:39] --> Werof appeared
[dimenokakob:  28.11.2021, 15:31:17] --> kifapuzuke appeared
[dimenokakob:  28.11.2021, 15:31:43] --> Character leveled up to level 29
[dimenokakob:  28.11.2021, 15:31:50] --> runecazolop appeared
[dimenokakob:  28.11.2021, 15:32:12] --> runecazolop appeared
[dimenokakob:  28.11.2021, 15:32:26] --> kifapuzuke appeared
[dimenokakob:  28.11.2021, 15:32:37] --> runecazolop appeared
[dimenokakob:  28.11.2021, 15:32:51] --> zuracubuve appeared
[dimenokakob:  28.11.2021, 15:33:02] --> kifapuzuke appeared
[dimenokakob:  28.11.2021, 15:33:28] --> zuracubuve appeared
[dimenokakob:  28.11.2021, 15:33:50] --> Character leveled up to level 30
[dimenokakob:  28.11.2021, 15:34:09] --> zuracubuve appeared
[dimenokakob:  28.11.2021, 15:35:05] --> zuracubuve appeared
[dimenokakob:  28.11.2021, 15:35:24] --> Character leveled up to level 31
[dimenokakob:  28.11.2021, 15:35:25] --> Bot terminated: Character reached level 31
[kebecefiso:   28.11.2021, 15:36:43] --> Bot successfully started
[kebecefiso:   28.11.2021, 15:36:43] --> pihugunepu appeared
[kebecefiso:   28.11.2021, 15:36:43] --> Setting '1' loaded because of active level settings
[kebecefiso:   28.11.2021, 15:36:47] --> PM recieved from Jeasy : Add P2W#9999 on Discord for info @ 24/7 Online @ 5 Minute Delivery @
[kebecefiso:   28.11.2021, 15:36:50] --> Character went to saleswoman
[kebecefiso:   28.11.2021, 15:36:50] --> PM recieved from Jeasy : 88 Won - 50 ÊUR
[kebecefiso:   28.11.2021, 15:36:51] --> PM recieved from Jeasy : Add P2W#9999 on Discord for info @ 24/7 Online @ 5 Minute Delivery @
[kebecefiso:   28.11.2021, 15:36:53] --> Character was kicked from the bot, reason: Character was walking
[kebecefiso:   28.11.2021, 15:37:25] --> Character was kicked from the bot, reason: Character was walking
[kebecefiso:   28.11.2021, 15:37:39] --> Character leveled up to level 4
[kebecefiso:   28.11.2021, 15:37:40] --> Character leveled up to level 6
[kebecefiso:   28.11.2021, 15:37:41] --> Character leveled up to level 7
[kebecefiso:   28.11.2021, 15:37:42] --> Character leveled up to level 8
[kebecefiso:   28.11.2021, 15:37:44] --> Character leveled up to level 9
[kebecefiso:   28.11.2021, 15:37:46] --> Character leveled up to level 10
[kebecefiso:   28.11.2021, 15:37:51] --> Character leveled up to level 11
[kebecefiso:   28.11.2021, 15:37:53] --> Character leveled up to level 12
[kebecefiso:   28.11.2021, 15:37:56] --> Character leveled up to level 13
[kebecefiso:   28.11.2021, 15:38:07] --> Character leveled up to level 14
[kebecefiso:   28.11.2021, 15:38:16] --> Character leveled up to level 15
[kebecefiso:   28.11.2021, 15:38:16] --> Setting '2' loaded because of active level settings
[kebecefiso:   28.11.2021, 15:38:20] --> Character was kicked from the bot, reason: Character was walking
[kebecefiso:   28.11.2021, 15:38:29] --> Character was kicked from the bot, reason: Character was walking
[kebecefiso:   28.11.2021, 15:38:35] --> KibaaMeley02 appeared
[kebecefiso:   28.11.2021, 15:38:55] --> Character was kicked from the bot, reason: Character was walking
[kebecefiso:   28.11.2021, 15:39:27] --> zuracubuve appeared
[kebecefiso:   28.11.2021, 15:39:35] --> Character leveled up to level 16
[kebecefiso:   28.11.2021, 15:40:01] --> zuracubuve appeared
[kebecefiso:   28.11.2021, 15:40:16] --> Character leveled up to level 17
[kebecefiso:   28.11.2021, 15:40:34] --> zuracubuve appeared
[kebecefiso:   28.11.2021, 15:41:26] --> Character leveled up to level 18
[kebecefiso:   28.11.2021, 15:42:03] --> Character leveled up to level 19
[kebecefiso:   28.11.2021, 15:42:26] --> fuzedukipu appeared
[kebecefiso:   28.11.2021, 15:42:38] --> Character leveled up to level 20
[kebecefiso:   28.11.2021, 15:42:46] --> zuracubuve appeared
[kebecefiso:   28.11.2021, 15:43:11] --> fuzedukipu appeared
[kebecefiso:   28.11.2021, 15:43:35] --> zuracubuve appeared
[kebecefiso:   28.11.2021, 15:44:07] --> Character leveled up to level 21
[kebecefiso:   28.11.2021, 15:44:08] --> zuracubuve appeared
[kebecefiso:   28.11.2021, 15:44:52] --> zuracubuve appeared
[kebecefiso:   28.11.2021, 15:45:04] --> fuzedukipu appeared
[kebecefiso:   28.11.2021, 15:45:25] --> zuracubuve appeared
[kebecefiso:   28.11.2021, 15:45:50] --> fuzedukipu appeared
[kebecefiso:   28.11.2021, 15:46:13] --> zuracubuve appeared
[kebecefiso:   28.11.2021, 15:46:14] --> Character leveled up to level 22
[kebecefiso:   28.11.2021, 15:46:57] --> zuracubuve appeared
[kebecefiso:   28.11.2021, 15:47:23] --> Character leveled up to level 23
[kebecefiso:   28.11.2021, 15:47:40] --> zuracubuve appeared
[kebecefiso:   28.11.2021, 15:48:20] --> zuracubuve appeared
[kebecefiso:   28.11.2021, 15:48:29] --> Character leveled up to level 24
[kebecefiso:   28.11.2021, 15:49:01] --> zuracubuve appeared
[kebecefiso:   28.11.2021, 15:49:16] --> Character leveled up to level 25
[kebecefiso:   28.11.2021, 15:49:20] --> CamaLeonico appeared
[kebecefiso:   28.11.2021, 15:50:35] --> Character leveled up to level 26
[kebecefiso:   28.11.2021, 15:51:55] --> Character leveled up to level 27
[kebecefiso:   28.11.2021, 15:52:28] --> CamaLeonico appeared
[kebecefiso:   28.11.2021, 15:53:06] --> Character leveled up to level 28
[kebecefiso:   28.11.2021, 15:54:25] --> CamaLeonico appeared
[kebecefiso:   28.11.2021, 15:54:25] --> Character leveled up to level 29
[kebecefiso:   28.11.2021, 15:56:16] --> Character leveled up to level 30
[kebecefiso:   28.11.2021, 15:56:21] --> CamaLeonico appeared
[kebecefiso:   28.11.2021, 15:58:06] --> Character leveled up to level 31
[kebecefiso:   28.11.2021, 15:58:08] --> Bot terminated: Character reached level 31
[vebiwenaru:   28.11.2021, 15:59:13] --> Bot successfully started
[vebiwenaru:   28.11.2021, 15:59:14] --> fuZion appeared
[vebiwenaru:   28.11.2021, 15:59:14] --> Setting '1' loaded because of active level settings
[vebiwenaru:   28.11.2021, 15:59:20] --> Character went to saleswoman
[vebiwenaru:   28.11.2021, 15:59:23] --> Character was kicked from the bot, reason: Character was walking
[vebiwenaru:   28.11.2021, 15:59:54] --> Character was kicked from the bot, reason: Character was walking
[vebiwenaru:   28.11.2021, 16:00:08] --> Character leveled up to level 5
[vebiwenaru:   28.11.2021, 16:00:09] --> Character leveled up to level 7
[vebiwenaru:   28.11.2021, 16:00:11] --> Character leveled up to level 8
[vebiwenaru:   28.11.2021, 16:00:12] --> Character leveled up to level 9
[vebiwenaru:   28.11.2021, 16:00:14] --> Character leveled up to level 10
[vebiwenaru:   28.11.2021, 16:00:17] --> Character leveled up to level 11
[vebiwenaru:   28.11.2021, 16:00:19] --> Character leveled up to level 12
[vebiwenaru:   28.11.2021, 16:00:27] --> Character leveled up to level 13
[vebiwenaru:   28.11.2021, 16:00:46] --> Character leveled up to level 14
[vebiwenaru:   28.11.2021, 16:01:12] --> Character leveled up to level 15
[vebiwenaru:   28.11.2021, 16:01:13] --> Setting '2' loaded because of active level settings
[vebiwenaru:   28.11.2021, 16:01:26] --> Character was kicked from the bot, reason: Character was walking
[vebiwenaru:   28.11.2021, 16:01:32] --> pamotesote appeared
[vebiwenaru:   28.11.2021, 16:01:52] --> Character was kicked from the bot, reason: Character was walking
[vebiwenaru:   28.11.2021, 16:02:05] --> Character got kick
[vebiwenaru:   28.11.2021, 16:02:48] --> Character leveled up to level 16
[vebiwenaru:   28.11.2021, 16:02:52] --> CamaLeonico appeared
[vebiwenaru:   28.11.2021, 16:03:16] --> CamaLeonico appeared
[vebiwenaru:   28.11.2021, 16:03:37] --> Character leveled up to level 17
[vebiwenaru:   28.11.2021, 16:03:39] --> CamaLeonico appeared
[vebiwenaru:   28.11.2021, 16:04:18] --> Character leveled up to level 18
[vebiwenaru:   28.11.2021, 16:05:07] --> Character leveled up to level 19
[vebiwenaru:   28.11.2021, 16:05:49] --> Character leveled up to level 20
[vebiwenaru:   28.11.2021, 16:06:20] --> Character leveled up to level 21
[vebiwenaru:   28.11.2021, 16:07:27] --> Character leveled up to level 22
[vebiwenaru:   28.11.2021, 16:08:10] --> Character leveled up to level 23
[vebiwenaru:   28.11.2021, 16:08:59] --> Character leveled up to level 24
[vebiwenaru:   28.11.2021, 16:09:57] --> Character leveled up to level 25
[vebiwenaru:   28.11.2021, 16:10:15] --> CamaLeonico appeared
[vebiwenaru:   28.11.2021, 16:11:04] --> Character leveled up to level 26
[vebiwenaru:   28.11.2021, 16:12:10] --> Character leveled up to level 27
[vebiwenaru:   28.11.2021, 16:13:29] --> Character leveled up to level 28
[vebiwenaru:   28.11.2021, 16:14:06] --> CamaLeonico appeared
[vebiwenaru:   28.11.2021, 16:14:30] --> CamaLeonico appeared
[vebiwenaru:   28.11.2021, 16:14:53] --> CamaLeonico appeared
[vebiwenaru:   28.11.2021, 16:14:55] --> Character leveled up to level 29
[vebiwenaru:   28.11.2021, 16:16:25] --> CamaLeonico appeared
[vebiwenaru:   28.11.2021, 16:16:29] --> Character leveled up to level 30
[vebiwenaru:   28.11.2021, 16:16:48] --> CamaLeonico appeared
[vebiwenaru:   28.11.2021, 16:17:12] --> CamaLeonico appeared
[vebiwenaru:   28.11.2021, 16:17:34] --> CamaLeonico appeared
[vebiwenaru:   28.11.2021, 16:17:58] --> CamaLeonico appeared
[vebiwenaru:   28.11.2021, 16:18:17] --> Character leveled up to level 31
[vebiwenaru:   28.11.2021, 16:18:19] --> Bot terminated: Character reached level 31
[fekuwibipiza: 28.11.2021, 16:19:39] --> Bot successfully started
[fekuwibipiza: 28.11.2021, 16:19:39] --> eSEy appeared
[fekuwibipiza: 28.11.2021, 16:19:39] --> Setting '1' loaded because of active level settings
[fekuwibipiza: 28.11.2021, 16:19:46] --> Character went to saleswoman
[fekuwibipiza: 28.11.2021, 16:19:49] --> Character was kicked from the bot, reason: Character was walking
[fekuwibipiza: 28.11.2021, 16:20:22] --> Character was kicked from the bot, reason: Character was walking
[fekuwibipiza: 28.11.2021, 16:20:35] --> Character leveled up to level 3
[fekuwibipiza: 28.11.2021, 16:20:36] --> Character leveled up to level 6
[fekuwibipiza: 28.11.2021, 16:20:37] --> Character leveled up to level 7
[fekuwibipiza: 28.11.2021, 16:20:38] --> Character leveled up to level 8
[fekuwibipiza: 28.11.2021, 16:20:40] --> Character leveled up to level 9
[fekuwibipiza: 28.11.2021, 16:20:43] --> Character leveled up to level 10
[fekuwibipiza: 28.11.2021, 16:20:47] --> Character leveled up to level 11
[fekuwibipiza: 28.11.2021, 16:20:50] --> Character leveled up to level 12
[fekuwibipiza: 28.11.2021, 16:20:58] --> Character leveled up to level 13
[fekuwibipiza: 28.11.2021, 16:21:11] --> Character leveled up to level 14
[fekuwibipiza: 28.11.2021, 16:21:20] --> Character leveled up to level 15
[fekuwibipiza: 28.11.2021, 16:21:21] --> Setting '2' loaded because of active level settings
[fekuwibipiza: 28.11.2021, 16:21:33] --> Character was kicked from the bot, reason: Character was walking
[fekuwibipiza: 28.11.2021, 16:21:38] --> KarlHaze6 appeared
[fekuwibipiza: 28.11.2021, 16:21:58] --> Character was kicked from the bot, reason: Character was walking
[fekuwibipiza: 28.11.2021, 16:22:02] --> CamaLeonico appeared
[fekuwibipiza: 28.11.2021, 16:22:39] --> zuracubuve appeared
[fekuwibipiza: 28.11.2021, 16:22:40] --> Character leveled up to level 16
[fekuwibipiza: 28.11.2021, 16:22:59] --> Character leveled up to level 17
[fekuwibipiza: 28.11.2021, 16:23:15] --> zuracubuve appeared
[fekuwibipiza: 28.11.2021, 16:23:26] --> Character leveled up to level 18
[fekuwibipiza: 28.11.2021, 16:23:50] --> zuracubuve appeared
[fekuwibipiza: 28.11.2021, 16:24:02] --> Character leveled up to level 19
[fekuwibipiza: 28.11.2021, 16:24:26] --> zuracubuve appeared
[fekuwibipiza: 28.11.2021, 16:24:44] --> Character leveled up to level 20
[fekuwibipiza: 28.11.2021, 16:25:04] --> zuracubuve appeared
[fekuwibipiza: 28.11.2021, 16:25:20] --> Character leveled up to level 21
[fekuwibipiza: 28.11.2021, 16:25:47] --> zuracubuve appeared
[fekuwibipiza: 28.11.2021, 16:25:55] --> Character leveled up to level 22
[fekuwibipiza: 28.11.2021, 16:26:25] --> runecazolop appeared
[fekuwibipiza: 28.11.2021, 16:26:45] --> Character leveled up to level 23
[fekuwibipiza: 28.11.2021, 16:27:05] --> runecazolop appeared
[fekuwibipiza: 28.11.2021, 16:27:32] --> Character leveled up to level 24
[fekuwibipiza: 28.11.2021, 16:27:51] --> zuracubuve appeared
[fekuwibipiza: 28.11.2021, 16:28:28] --> zuracubuve appeared
[fekuwibipiza: 28.11.2021, 16:28:31] --> Character leveled up to level 25
[fekuwibipiza: 28.11.2021, 16:29:02] --> zuracubuve appeared
[fekuwibipiza: 28.11.2021, 16:29:18] --> Character leveled up to level 26
[fekuwibipiza: 28.11.2021, 16:30:28] --> Character leveled up to level 27
[fekuwibipiza: 28.11.2021, 16:31:13] --> zuracubuve appeared
[fekuwibipiza: 28.11.2021, 16:31:48] --> zuracubuve appeared
[fekuwibipiza: 28.11.2021, 16:31:51] --> Character leveled up to level 28
[fekuwibipiza: 28.11.2021, 16:32:23] --> zuracubuve appeared
[fekuwibipiza: 28.11.2021, 16:32:57] --> runecazolop appeared
[fekuwibipiza: 28.11.2021, 16:33:21] --> Character leveled up to level 29
[fekuwibipiza: 28.11.2021, 16:33:33] --> zuracubuve appeared
[fekuwibipiza: 28.11.2021, 16:34:16] --> AMANTELESHOP appeared
[fekuwibipiza: 28.11.2021, 16:34:52] --> zuracubuve appeared
[fekuwibipiza: 28.11.2021, 16:35:08] --> Character leveled up to level 30
[fekuwibipiza: 28.11.2021, 16:35:26] --> zuracubuve appeared
[fekuwibipiza: 28.11.2021, 16:36:03] --> zuracubuve appeared
[fekuwibipiza: 28.11.2021, 16:36:48] --> zuracubuve appeared
[fekuwibipiza: 28.11.2021, 16:36:54] --> zuracubuve appeared
[fekuwibipiza: 28.11.2021, 16:36:58] --> vorerefarer appeared
[fekuwibipiza: 28.11.2021, 16:37:02] --> Character leveled up to level 31
[fekuwibipiza: 28.11.2021, 16:37:02] --> Bot terminated: Character reached level 31
[pasevovataka: 28.11.2021, 16:38:20] --> Bot successfully started
[pasevovataka: 28.11.2021, 16:38:21] --> Gottmik appeared
[pasevovataka: 28.11.2021, 16:38:21] --> Setting '1' loaded because of active level settings
[pasevovataka: 28.11.2021, 16:38:27] --> Character went to saleswoman
[pasevovataka: 28.11.2021, 16:38:30] --> Character was kicked from the bot, reason: Character was walking
[pasevovataka: 28.11.2021, 16:39:03] --> Character was kicked from the bot, reason: Character was walking
[pasevovataka: 28.11.2021, 16:39:15] --> Character leveled up to level 2
[pasevovataka: 28.11.2021, 16:39:16] --> Character leveled up to level 4
[pasevovataka: 28.11.2021, 16:39:17] --> Character leveled up to level 6
[pasevovataka: 28.11.2021, 16:39:18] --> Character leveled up to level 8
[pasevovataka: 28.11.2021, 16:39:20] --> Character leveled up to level 9
[pasevovataka: 28.11.2021, 16:39:23] --> Character leveled up to level 10
[pasevovataka: 28.11.2021, 16:39:28] --> Character leveled up to level 11
[pasevovataka: 28.11.2021, 16:39:30] --> Character leveled up to level 12
[pasevovataka: 28.11.2021, 16:39:34] --> Character leveled up to level 13
[pasevovataka: 28.11.2021, 16:39:52] --> Character leveled up to level 14
[pasevovataka: 28.11.2021, 16:40:13] --> Character leveled up to level 15
[pasevovataka: 28.11.2021, 16:40:13] --> Setting '2' loaded because of active level settings
[pasevovataka: 28.11.2021, 16:40:28] --> Character was kicked from the bot, reason: Character was walking
[pasevovataka: 28.11.2021, 16:40:33] --> KarlHaze2 appeared
[pasevovataka: 28.11.2021, 16:40:54] --> Character was kicked from the bot, reason: Character was walking
[pasevovataka: 28.11.2021, 16:41:03] --> zuracubuve appeared
[pasevovataka: 28.11.2021, 16:41:39] --> zuracubuve appeared
[pasevovataka: 28.11.2021, 16:41:44] --> Character leveled up to level 16
[pasevovataka: 28.11.2021, 16:42:12] --> zuracubuve appeared
[pasevovataka: 28.11.2021, 16:42:13] --> Character leveled up to level 17
[pasevovataka: 28.11.2021, 16:42:22] --> zuracubuve appeared
[pasevovataka: 28.11.2021, 16:42:59] --> zuracubuve appeared
[pasevovataka: 28.11.2021, 16:43:06] --> Character leveled up to level 18
[pasevovataka: 28.11.2021, 16:43:33] --> zuracubuve appeared
[pasevovataka: 28.11.2021, 16:44:04] --> safopezufu appeared
[pasevovataka: 28.11.2021, 16:44:09] --> zuracubuve appeared
[pasevovataka: 28.11.2021, 16:44:21] --> Character leveled up to level 19
[pasevovataka: 28.11.2021, 16:44:54] --> zuracubuve appeared
[pasevovataka: 28.11.2021, 16:45:24] --> Character leveled up to level 20
[pasevovataka: 28.11.2021, 16:45:51] --> zuracubuve appeared
[pasevovataka: 28.11.2021, 16:45:59] --> Character leveled up to level 21
[pasevovataka: 28.11.2021, 16:46:05] --> vorerefarer appeared
[pasevovataka: 28.11.2021, 16:46:53] --> Character leveled up to level 22
[pasevovataka: 28.11.2021, 16:47:11] --> zuracubuve appeared
[pasevovataka: 28.11.2021, 16:47:16] --> zuracubuve appeared
[pasevovataka: 28.11.2021, 16:47:26] --> Character leveled up to level 23
[pasevovataka: 28.11.2021, 16:47:53] --> zuracubuve appeared
[pasevovataka: 28.11.2021, 16:47:57] --> zuracubuve appeared
[pasevovataka: 28.11.2021, 16:48:21] --> Character leveled up to level 24
[pasevovataka: 28.11.2021, 16:49:04] --> Character leveled up to level 25
[pasevovataka: 28.11.2021, 16:49:58] --> zuracubuve appeared
[pasevovataka: 28.11.2021, 16:49:59] --> Character leveled up to level 26
[pasevovataka: 28.11.2021, 16:50:07] --> zuracubuve appeared
[pasevovataka: 28.11.2021, 16:50:51] --> zuracubuve appeared
[pasevovataka: 28.11.2021, 16:51:08] --> Character leveled up to level 27
[pasevovataka: 28.11.2021, 16:51:19] --> runecazolop appeared
[pasevovataka: 28.11.2021, 16:51:21] --> zuracubuve appeared
[pasevovataka: 28.11.2021, 16:51:44] --> runecazolop appeared
[pasevovataka: 28.11.2021, 16:51:52] --> runecazolop appeared
[pasevovataka: 28.11.2021, 16:52:36] --> zuracubuve appeared
[pasevovataka: 28.11.2021, 16:52:42] --> Character leveled up to level 28
[pasevovataka: 28.11.2021, 16:53:11] --> zuracubuve appeared
[pasevovataka: 28.11.2021, 16:53:45] --> zuracubuve appeared
[pasevovataka: 28.11.2021, 16:53:58] --> xpatooz appeared
[pasevovataka: 28.11.2021, 16:54:16] --> Character leveled up to level 29
[pasevovataka: 28.11.2021, 16:56:09] --> Character leveled up to level 30
[pasevovataka: 28.11.2021, 16:58:09] --> Character leveled up to level 31
[pasevovataka: 28.11.2021, 16:58:10] --> Bot terminated: Character reached level 31
[pasevovataka: 28.11.2021, 19:59:26] --> Bot successfully started
[pasevovataka: 28.11.2021, 19:59:37] --> hekacusuvi appeared
[pasevovataka: 28.11.2021, 19:59:41] --> hekacusuvi appeared
[pasevovataka: 28.11.2021, 20:00:04] --> hekacusuvi appeared
[pasevovataka: 28.11.2021, 20:00:25] --> Character was kicked from the bot, reason: Changing character
[pasevovataka: 28.11.2021, 20:00:28] --> Character died
[dimenokakob:  28.11.2021, 20:00:36] --> hekacusuvi appeared
[dimenokakob:  28.11.2021, 20:00:39] --> Character got kick
[dimenokakob:  28.11.2021, 20:01:02] --> xXRaffaXx appeared
[dimenokakob:  28.11.2021, 20:01:03] --> Character was kicked from the bot, reason: Character was walking
[dimenokakob:  28.11.2021, 20:01:18] --> Changing into CH4
[dimenokakob:  29.11.2021, 00:23:35] --> Bot successfully started
[dimenokakob:  29.11.2021, 00:23:35] --> HEPY appeared
[dimenokakob:  29.11.2021, 00:26:01] --> Character was kicked from the bot, reason: Character was walking
[dimenokakob:  29.11.2021, 00:26:11] --> safamoroze appeared
[dimenokakob:  29.11.2021, 00:26:32] --> safamoroze appeared
[dimenokakob:  29.11.2021, 00:27:13] --> Character was kicked from the bot, reason: Character was walking
[dimenokakob:  29.11.2021, 00:27:16] --> luvafovore appeared
[dimenokakob:  29.11.2021, 10:48:02] --> Bot successfully started
[dimenokakob:  29.11.2021, 10:48:02] --> ridovozabomi appeared
[dimenokakob:  29.11.2021, 10:48:07] --> Time passed, now going to talk to alchemist: dimenokakob
[dimenokakob:  29.11.2021, 10:48:07] --> Character went to Alchemist: dimenokakob
[dimenokakob:  29.11.2021, 10:48:11] --> Character was kicked from the bot, reason: Character was walking
[dimenokakob:  29.11.2021, 10:48:31] --> Character was kicked from the bot, reason: Character was walking
[dimenokakob:  29.11.2021, 10:48:37] --> BrokenMatt appeared
[dimenokakob:  29.11.2021, 10:48:55] --> Character was kicked from the bot, reason: Character was walking
[dimenokakob:  29.11.2021, 10:49:06] --> dukehuzidizo appeared
[dimenokakob:  29.11.2021, 10:49:28] --> Character was kicked from the bot, reason: Character was walking
[dimenokakob:  29.11.2021, 10:49:32] --> zazifutuzob appeared
[dimenokakob:  29.11.2021, 10:51:03] --> vozesidibi appeared
[dimenokakob:  29.11.2021, 10:51:25] --> vozesidibi appeared
[dimenokakob:  29.11.2021, 10:51:40] --> luvafovore appeared
[dimenokakob:  29.11.2021, 10:52:46] --> zazifutuzob appeared
[dimenokakob:  29.11.2021, 10:53:36] --> ridovozabomi appeared
[dimenokakob:  29.11.2021, 10:54:01] --> ridovozabomi appeared
[dimenokakob:  29.11.2021, 10:55:09] --> ridovozabomi appeared
[dimenokakob:  29.11.2021, 10:59:43] --> vozesidibi appeared
[dimenokakob:  29.11.2021, 10:59:51] --> 10 shards collected, now going to talk to alchemist: dimenokakob
[dimenokakob:  29.11.2021, 10:59:51] --> Character went to Alchemist: dimenokakob
[dimenokakob:  29.11.2021, 11:00:09] --> lozokerokafu appeared
[dimenokakob:  29.11.2021, 11:00:15] --> Character was kicked from the bot, reason: Character was walking
[dimenokakob:  29.11.2021, 11:00:38] --> Character was kicked from the bot, reason: Character was walking
[dimenokakob:  29.11.2021, 11:00:42] --> nopagebolok appeared
[dimenokakob:  29.11.2021, 11:01:12] --> Character was kicked from the bot, reason: Character was walking
[dimenokakob:  29.11.2021, 11:01:15] --> rezidacusuto appeared
[dimenokakob:  29.11.2021, 11:01:30] --> Character leveled up to level 32
[dimenokakob:  29.11.2021, 11:15:47] --> Character leveled up to level 33
[dimenokakob:  29.11.2021, 11:26:28] --> rezidacusuto appeared
[dimenokakob:  29.11.2021, 11:26:33] --> rezidacusuto appeared
[dimenokakob:  29.11.2021, 11:30:03] --> rezidacusuto appeared
[dimenokakob:  29.11.2021, 11:30:12] --> rezidacusuto appeared
[dimenokakob:  29.11.2021, 11:30:21] --> zazifutuzob appeared
[dimenokakob:  29.11.2021, 11:30:35] --> Character leveled up to level 34
[dimenokakob:  29.11.2021, 11:31:26] --> rezidacusuto appeared
[dimenokakob:  29.11.2021, 11:32:19] --> rezidacusuto appeared
[dimenokakob:  29.11.2021, 11:32:31] --> rezidacusuto appeared
[dimenokakob:  29.11.2021, 11:32:47] --> zobakebudu appeared
[dimenokakob:  29.11.2021, 11:33:31] --> vozesidibi appeared
[dimenokakob:  29.11.2021, 11:33:45] --> rezidacusuto appeared
[dimenokakob:  29.11.2021, 11:34:01] --> vozesidibi appeared
[dimenokakob:  29.11.2021, 11:34:47] --> vozesidibi appeared
[dimenokakob:  29.11.2021, 11:36:00] --> vozesidibi appeared
[dimenokakob:  29.11.2021, 11:36:20] --> vozesidibi appeared
[dimenokakob:  29.11.2021, 11:38:33] --> pusopugabe appeared
[dimenokakob:  29.11.2021, 11:38:47] --> vozesidibi appeared
[dimenokakob:  29.11.2021, 11:39:42] --> vozesidibi appeared
[dimenokakob:  29.11.2021, 11:40:05] --> rezidacusuto appeared
[dimenokakob:  29.11.2021, 11:40:59] --> repurolove appeared
[dimenokakob:  29.11.2021, 11:41:15] --> vozesidibi appeared
[dimenokakob:  29.11.2021, 11:41:18] --> vozesidibi appeared
[dimenokakob:  29.11.2021, 11:41:59] --> rezidacusuto appeared
[dimenokakob:  29.11.2021, 11:42:09] --> vozesidibi appeared
[dimenokakob:  29.11.2021, 11:42:30] --> vozesidibi appeared
[dimenokakob:  29.11.2021, 11:43:27] --> pusopugabe appeared
[dimenokakob:  29.11.2021, 11:43:44] --> vozesidibi appeared
[dimenokakob:  29.11.2021, 11:44:26] --> vozesidibi appeared
[dimenokakob:  29.11.2021, 11:44:40] --> pusopugabe appeared
[dimenokakob:  29.11.2021, 11:44:55] --> vozesidibi appeared
[dimenokakob:  29.11.2021, 11:45:06] --> luvafovore appeared
[dimenokakob:  29.11.2021, 11:45:49] --> vozesidibi appeared
[dimenokakob:  29.11.2021, 11:46:02] --> zazifutuzob appeared
[dimenokakob:  29.11.2021, 11:46:19] --> vozesidibi appeared
[dimenokakob:  29.11.2021, 11:47:07] --> vozesidibi appeared
[dimenokakob:  29.11.2021, 11:47:10] --> vozesidibi appeared
[dimenokakob:  29.11.2021, 11:48:22] --> pusopugabe appeared
[dimenokakob:  29.11.2021, 11:48:43] --> cabohidifu appeared
[dimenokakob:  29.11.2021, 11:48:45] --> Character got kick
[dimenokakob:  29.11.2021, 11:49:03] --> luvafovore appeared
[dimenokakob:  29.11.2021, 11:49:21] --> Character leveled up to level 35
[dimenokakob:  29.11.2021, 11:49:54] --> pusopugabe appeared
[dimenokakob:  29.11.2021, 11:50:05] --> cabohidifu appeared
[dimenokakob:  29.11.2021, 11:50:07] --> Char changed: 5 dragon cors collected, total cor count: 5
[dimenokakob:  29.11.2021, 11:50:07] --> Character was kicked from the bot, reason: Changing character
[kebecefiso:   29.11.2021, 11:50:16] --> Time passed, now going to talk to alchemist: kebecefiso
[kebecefiso:   29.11.2021, 11:50:16] --> Character went to Alchemist: kebecefiso
[kebecefiso:   29.11.2021, 11:50:39] --> Character was kicked from the bot, reason: Character was walking
[kebecefiso:   29.11.2021, 11:50:45] --> OAyera appeared
[kebecefiso:   29.11.2021, 11:51:02] --> Character was kicked from the bot, reason: Character was walking
[kebecefiso:   29.11.2021, 11:51:08] --> zuhewafoti appeared
[kebecefiso:   29.11.2021, 11:51:36] --> Character was kicked from the bot, reason: Character was walking
[kebecefiso:   29.11.2021, 11:51:39] --> luvafovore appeared
[kebecefiso:   29.11.2021, 11:52:40] --> cabohidifu appeared
[kebecefiso:   29.11.2021, 11:52:56] --> luvafovore appeared
[kebecefiso:   29.11.2021, 11:53:32] --> vozesidibi appeared
[kebecefiso:   29.11.2021, 11:53:37] --> vozesidibi appeared
[kebecefiso:   29.11.2021, 11:53:43] --> vozesidibi appeared
[kebecefiso:   29.11.2021, 11:54:58] --> pusopugabe appeared
[kebecefiso:   29.11.2021, 11:55:09] --> cabohidifu appeared
[kebecefiso:   29.11.2021, 11:55:23] --> zazifutuzob appeared
[kebecefiso:   29.11.2021, 11:56:05] --> vozesidibi appeared
[kebecefiso:   29.11.2021, 11:56:21] --> cabohidifu appeared
[kebecefiso:   29.11.2021, 11:56:27] --> 10 shards collected, now going to talk to alchemist: kebecefiso
[kebecefiso:   29.11.2021, 11:56:27] --> Character went to Alchemist: kebecefiso
[kebecefiso:   29.11.2021, 11:56:44] --> lozokerokafu appeared
[kebecefiso:   29.11.2021, 11:56:51] --> Character was kicked from the bot, reason: Character was walking
[kebecefiso:   29.11.2021, 11:56:56] --> cozuwetugadu appeared
[kebecefiso:   29.11.2021, 11:57:13] --> Character was kicked from the bot, reason: Character was walking
[kebecefiso:   29.11.2021, 11:57:47] --> Character was kicked from the bot, reason: Character was walking
[kebecefiso:   29.11.2021, 11:57:50] --> luvafovore appeared
[kebecefiso:   29.11.2021, 11:58:35] --> vozesidibi appeared
[kebecefiso:   29.11.2021, 11:58:40] --> pusopugabe appeared
[kebecefiso:   29.11.2021, 11:59:06] --> luvafovore appeared
[kebecefiso:   29.11.2021, 12:00:19] --> luvafovore appeared
[kebecefiso:   29.11.2021, 12:01:05] --> worutazabo appeared
[kebecefiso:   29.11.2021, 12:01:21] --> vozesidibi appeared
[kebecefiso:   29.11.2021, 12:01:36] --> luvafovore appeared
[kebecefiso:   29.11.2021, 12:02:17] --> vozesidibi appeared
[kebecefiso:   29.11.2021, 12:02:30] --> worutazabo appeared
[kebecefiso:   29.11.2021, 12:02:45] --> vozesidibi appeared
[kebecefiso:   29.11.2021, 12:03:37] --> vozesidibi appeared
[kebecefiso:   29.11.2021, 12:04:39] --> Character leveled up to level 32
[kebecefiso:   29.11.2021, 12:04:47] --> vozesidibi appeared
[kebecefiso:   29.11.2021, 12:04:55] --> zikirozobopo appeared
[kebecefiso:   29.11.2021, 12:05:34] --> cabohidifu appeared
[kebecefiso:   29.11.2021, 12:06:49] --> cabohidifu appeared
[kebecefiso:   29.11.2021, 12:07:29] --> cabohidifu appeared
[kebecefiso:   29.11.2021, 12:07:46] --> luvafovore appeared
[kebecefiso:   29.11.2021, 12:08:27] --> vozesidibi appeared
[kebecefiso:   29.11.2021, 12:08:40] --> zikirozobopo appeared
[kebecefiso:   29.11.2021, 12:08:59] --> luvafovore appeared
[kebecefiso:   29.11.2021, 12:09:43] --> zazifutuzob appeared
[kebecefiso:   29.11.2021, 12:09:52] --> zikirozobopo appeared
[kebecefiso:   29.11.2021, 12:10:13] --> zazifutuzob appeared
[kebecefiso:   29.11.2021, 12:11:01] --> vozesidibi appeared
[kebecefiso:   29.11.2021, 12:11:27] --> zazifutuzob appeared
[kebecefiso:   29.11.2021, 12:12:18] --> worutazabo appeared
[kebecefiso:   29.11.2021, 12:12:42] --> luvafovore appeared
[kebecefiso:   29.11.2021, 12:13:52] --> vozesidibi appeared
[kebecefiso:   29.11.2021, 12:14:45] --> worutazabo appeared
[kebecefiso:   29.11.2021, 12:15:08] --> vozesidibi appeared
[kebecefiso:   29.11.2021, 12:15:18] --> Character leveled up to level 33
[kebecefiso:   29.11.2021, 12:15:59] --> worutazabo appeared
[kebecefiso:   29.11.2021, 12:16:26] --> luvafovore appeared
[kebecefiso:   29.11.2021, 12:17:14] --> vozesidibi appeared
[kebecefiso:   29.11.2021, 12:17:39] --> vozesidibi appeared
[kebecefiso:   29.11.2021, 12:18:15] --> vozesidibi appeared
[kebecefiso:   29.11.2021, 12:18:30] --> pusopugabe appeared
[kebecefiso:   29.11.2021, 12:18:51] --> vozesidibi appeared
[kebecefiso:   29.11.2021, 12:19:43] --> vozesidibi appeared
[kebecefiso:   29.11.2021, 12:20:10] --> luvafovore appeared
[kebecefiso:   29.11.2021, 12:21:25] --> vozesidibi appeared
[kebecefiso:   29.11.2021, 12:22:15] --> zazifutuzob appeared
[kebecefiso:   29.11.2021, 12:22:27] --> vozesidibi appeared
[kebecefiso:   29.11.2021, 12:22:42] --> luvafovore appeared
[kebecefiso:   29.11.2021, 12:23:21] --> vozesidibi appeared
[kebecefiso:   29.11.2021, 12:23:32] --> falanahuwofa appeared
[kebecefiso:   29.11.2021, 12:23:43] --> cabohidifu appeared
[kebecefiso:   29.11.2021, 12:24:37] --> vozesidibi appeared
[kebecefiso:   29.11.2021, 12:24:42] --> vozesidibi appeared
[kebecefiso:   29.11.2021, 12:25:51] --> vozesidibi appeared
[kebecefiso:   29.11.2021, 12:26:11] --> vozesidibi appeared
[kebecefiso:   29.11.2021, 12:26:21] --> luvafovore appeared
[kebecefiso:   29.11.2021, 12:27:24] --> vozesidibi appeared
[kebecefiso:   29.11.2021, 12:28:21] --> tepadabidef appeared
[kebecefiso:   29.11.2021, 12:28:45] --> hivekomete appeared
[kebecefiso:   29.11.2021, 12:29:27] --> vozesidibi appeared
[kebecefiso:   29.11.2021, 12:29:56] --> vozesidibi appeared
[kebecefiso:   29.11.2021, 12:30:38] --> dubavekega appeared
[kebecefiso:   29.11.2021, 12:31:02] --> vozesidibi appeared
[kebecefiso:   29.11.2021, 12:31:08] --> Character leveled up to level 34
[kebecefiso:   29.11.2021, 12:31:52] --> dubavekega appeared
[kebecefiso:   29.11.2021, 12:32:16] --> vozesidibi appeared
[kebecefiso:   29.11.2021, 12:32:25] --> zazifutuzob appeared
[kebecefiso:   29.11.2021, 12:33:06] --> dubavekega appeared
[kebecefiso:   29.11.2021, 12:33:14] --> pusopugabe appeared
[kebecefiso:   29.11.2021, 12:33:38] --> dubavekega appeared
[kebecefiso:   29.11.2021, 12:34:19] --> dubavekega appeared
[kebecefiso:   29.11.2021, 12:34:52] --> dubavekega appeared
[kebecefiso:   29.11.2021, 12:35:32] --> dubavekega appeared
[kebecefiso:   29.11.2021, 12:35:42] --> tepadabidef appeared
[kebecefiso:   29.11.2021, 12:36:07] --> dubavekega appeared
[kebecefiso:   29.11.2021, 12:36:48] --> dubavekega appeared
[kebecefiso:   29.11.2021, 12:36:59] --> tepadabidef appeared
[kebecefiso:   29.11.2021, 12:37:19] --> vozesidibi appeared
[kebecefiso:   29.11.2021, 12:37:56] --> vozesidibi appeared
[kebecefiso:   29.11.2021, 12:38:22] --> vozesidibi appeared
[kebecefiso:   29.11.2021, 12:39:36] --> Char changed: 5 dragon cors collected, total cor count: 5
[kebecefiso:   29.11.2021, 12:39:36] --> Character was kicked from the bot, reason: Changing character
[vebiwenaru:   29.11.2021, 12:39:47] --> Time passed, now going to talk to alchemist: vebiwenaru
[vebiwenaru:   29.11.2021, 12:39:47] --> Character went to Alchemist: vebiwenaru
[vebiwenaru:   29.11.2021, 12:40:10] --> Character was kicked from the bot, reason: Character was walking
[vebiwenaru:   29.11.2021, 12:40:17] --> OAyera appeared
[vebiwenaru:   29.11.2021, 12:40:34] --> Character was kicked from the bot, reason: Character was walking
[vebiwenaru:   29.11.2021, 12:40:52] --> refelawomi appeared
[vebiwenaru:   29.11.2021, 12:41:01] --> refelawomi appeared
[vebiwenaru:   29.11.2021, 12:41:09] --> Character was kicked from the bot, reason: Character was walking
[vebiwenaru:   29.11.2021, 12:41:13] --> dubavekega appeared
[vebiwenaru:   29.11.2021, 12:41:35] --> luvafovore appeared
[vebiwenaru:   29.11.2021, 12:41:48] --> luvafovore appeared
[vebiwenaru:   29.11.2021, 12:41:52] --> dubavekega appeared
[vebiwenaru:   29.11.2021, 12:42:03] --> falanahuwofa appeared
[vebiwenaru:   29.11.2021, 12:42:17] --> vozesidibi appeared
[vebiwenaru:   29.11.2021, 12:42:28] --> farubitihi appeared
[vebiwenaru:   29.11.2021, 12:43:41] --> dubavekega appeared
[vebiwenaru:   29.11.2021, 12:43:42] --> dubavekega appeared
[vebiwenaru:   29.11.2021, 12:44:33] --> bezohotivope appeared
[vebiwenaru:   29.11.2021, 12:44:44] --> vozesidibi appeared
[vebiwenaru:   29.11.2021, 12:44:58] --> dubavekega appeared
[vebiwenaru:   29.11.2021, 12:45:32] --> luvafovore appeared
[vebiwenaru:   29.11.2021, 12:45:51] --> falanahuwofa appeared
[vebiwenaru:   29.11.2021, 12:46:06] --> vozesidibi appeared
[vebiwenaru:   29.11.2021, 12:47:03] --> vozesidibi appeared
[vebiwenaru:   29.11.2021, 12:47:16] --> vozesidibi appeared
[vebiwenaru:   29.11.2021, 12:47:27] --> dubavekega appeared
[vebiwenaru:   29.11.2021, 12:48:40] --> dubavekega appeared
[vebiwenaru:   29.11.2021, 12:49:28] --> cifebigozuf appeared
[vebiwenaru:   29.11.2021, 12:49:50] --> vozesidibi appeared
[vebiwenaru:   29.11.2021, 12:50:46] --> cifebigozuf appeared
[vebiwenaru:   29.11.2021, 12:51:07] --> dubavekega appeared
[vebiwenaru:   29.11.2021, 12:51:47] --> vozesidibi appeared
[vebiwenaru:   29.11.2021, 12:52:00] --> cifebigozuf appeared
[vebiwenaru:   29.11.2021, 12:52:15] --> vozesidibi appeared
[vebiwenaru:   29.11.2021, 12:53:00] --> dubavekega appeared
[vebiwenaru:   29.11.2021, 12:53:13] --> cifebigozuf appeared
[vebiwenaru:   29.11.2021, 12:53:18] --> bezohotivope appeared
[vebiwenaru:   29.11.2021, 12:53:35] --> dubavekega appeared
[vebiwenaru:   29.11.2021, 12:53:52] --> 10 shards collected, now going to talk to alchemist: vebiwenaru
[vebiwenaru:   29.11.2021, 12:53:52] --> Character went to Alchemist: vebiwenaru
[vebiwenaru:   29.11.2021, 12:54:03] --> kacicuhuwepi appeared
[vebiwenaru:   29.11.2021, 12:54:10] --> pifivalibam appeared
[vebiwenaru:   29.11.2021, 12:54:16] --> Character was kicked from the bot, reason: Character was walking
[vebiwenaru:   29.11.2021, 12:54:42] --> Character was kicked from the bot, reason: Character was walking
[vebiwenaru:   29.11.2021, 12:54:47] --> wadigolivaz appeared
[vebiwenaru:   29.11.2021, 12:55:16] --> Character was kicked from the bot, reason: Character was walking
[vebiwenaru:   29.11.2021, 12:55:19] --> pifivalibam appeared
[vebiwenaru:   29.11.2021, 12:56:13] --> Character leveled up to level 32
[vebiwenaru:   29.11.2021, 12:56:13] --> bezohotivope appeared
[vebiwenaru:   29.11.2021, 12:56:27] --> vozesidibi appeared
[vebiwenaru:   29.11.2021, 12:56:37] --> luvafovore appeared
[vebiwenaru:   29.11.2021, 12:58:17] --> safamoroze appeared
[vebiwenaru:   29.11.2021, 12:58:38] --> cifebigozuf appeared
[vebiwenaru:   29.11.2021, 12:58:52] --> vozesidibi appeared
[vebiwenaru:   29.11.2021, 12:59:07] --> zazifutuzob appeared
[vebiwenaru:   29.11.2021, 12:59:45] --> vozesidibi appeared
[vebiwenaru:   29.11.2021, 12:59:57] --> cifebigozuf appeared
[vebiwenaru:   29.11.2021, 13:00:03] --> cifebigozuf appeared
[vebiwenaru:   29.11.2021, 13:00:05] --> cifebigozuf appeared
[vebiwenaru:   29.11.2021, 13:00:10] --> dubavekega appeared
[vebiwenaru:   29.11.2021, 13:02:15] --> vozesidibi appeared
[vebiwenaru:   29.11.2021, 13:02:23] --> cifebigozuf appeared
[vebiwenaru:   29.11.2021, 13:02:36] --> vozesidibi appeared
[vebiwenaru:   29.11.2021, 13:02:51] --> luvafovore appeared
[vebiwenaru:   29.11.2021, 13:04:52] --> pusopugabe appeared
[vebiwenaru:   29.11.2021, 13:05:02] --> vozesidibi appeared
[vebiwenaru:   29.11.2021, 13:05:20] --> luvafovore appeared
[vebiwenaru:   29.11.2021, 13:05:58] --> vozesidibi appeared
[vebiwenaru:   29.11.2021, 13:06:10] --> vivifukino appeared
[vebiwenaru:   29.11.2021, 13:06:22] --> dubavekega appeared
[vebiwenaru:   29.11.2021, 13:08:12] --> dubavekega appeared
[vebiwenaru:   29.11.2021, 13:08:24] --> vozesidibi appeared
[vebiwenaru:   29.11.2021, 13:08:33] --> vivifukino appeared
[vebiwenaru:   29.11.2021, 13:08:45] --> vozesidibi appeared
[vebiwenaru:   29.11.2021, 13:08:51] --> dubavekega appeared
[vebiwenaru:   29.11.2021, 13:09:08] --> fewurukuse appeared
[vebiwenaru:   29.11.2021, 13:09:13] --> fewurukuse appeared
[vebiwenaru:   29.11.2021, 13:09:18] --> Character leveled up to level 33
[vebiwenaru:   29.11.2021, 13:11:00] --> cifebigozuf appeared
[vebiwenaru:   29.11.2021, 13:11:10] --> vozesidibi appeared
[vebiwenaru:   29.11.2021, 13:12:04] --> vozesidibi appeared
[vebiwenaru:   29.11.2021, 13:12:16] --> cifebigozuf appeared
[vebiwenaru:   29.11.2021, 13:12:30] --> vozesidibi appeared
[vebiwenaru:   29.11.2021, 13:12:40] --> luvafovore appeared
[vebiwenaru:   29.11.2021, 13:13:16] --> vozesidibi appeared
[vebiwenaru:   29.11.2021, 13:13:25] --> vozesidibi appeared
[vebiwenaru:   29.11.2021, 13:13:55] --> luvafovore appeared
[vebiwenaru:   29.11.2021, 13:14:43] --> pusopugabe appeared
[vebiwenaru:   29.11.2021, 13:15:53] --> vozesidibi appeared
[vebiwenaru:   29.11.2021, 13:15:58] --> vivifukino appeared
[vebiwenaru:   29.11.2021, 13:16:14] --> vozesidibi appeared
[vebiwenaru:   29.11.2021, 13:16:27] --> luvafovore appeared
[vebiwenaru:   29.11.2021, 13:17:36] --> vozesidibi appeared
[vebiwenaru:   29.11.2021, 13:18:30] --> vivifukino appeared
[vebiwenaru:   29.11.2021, 13:18:46] --> zazifutuzob appeared
[vebiwenaru:   29.11.2021, 13:19:23] --> luvafovore appeared
[vebiwenaru:   29.11.2021, 13:19:33] --> vozesidibi appeared
[vebiwenaru:   29.11.2021, 13:19:42] --> cifebigozuf appeared
[vebiwenaru:   29.11.2021, 13:19:59] --> vozesidibi appeared
[vebiwenaru:   29.11.2021, 13:20:52] --> cifebigozuf appeared
[vebiwenaru:   29.11.2021, 13:21:00] --> pibusokukiri appeared
[vebiwenaru:   29.11.2021, 13:21:18] --> luvafovore appeared
[vebiwenaru:   29.11.2021, 13:21:57] --> zazifutuzob appeared
[vebiwenaru:   29.11.2021, 13:22:06] --> pusopugabe appeared
[vebiwenaru:   29.11.2021, 13:22:34] --> vozesidibi appeared
[vebiwenaru:   29.11.2021, 13:23:04] --> luvafovore appeared
[vebiwenaru:   29.11.2021, 13:23:07] --> vozesidibi appeared
[vebiwenaru:   29.11.2021, 13:23:21] --> vivifukino appeared
[vebiwenaru:   29.11.2021, 13:23:29] --> Character leveled up to level 34
[vebiwenaru:   29.11.2021, 13:23:38] --> vozesidibi appeared
[vebiwenaru:   29.11.2021, 13:24:22] --> vozesidibi appeared
[vebiwenaru:   29.11.2021, 13:24:32] --> vozesidibi appeared
[vebiwenaru:   29.11.2021, 13:24:59] --> vozesidibi appeared
[vebiwenaru:   29.11.2021, 13:25:35] --> vozesidibi appeared
[vebiwenaru:   29.11.2021, 13:25:52] --> vozesidibi appeared
[vebiwenaru:   29.11.2021, 13:26:05] --> vozesidibi appeared
[vebiwenaru:   29.11.2021, 13:26:15] --> vozesidibi appeared
[vebiwenaru:   29.11.2021, 13:27:01] --> vozesidibi appeared
[vebiwenaru:   29.11.2021, 13:27:11] --> pibusokukiri appeared
[vebiwenaru:   29.11.2021, 13:27:22] --> vozesidibi appeared
[vebiwenaru:   29.11.2021, 13:27:32] --> luvafovore appeared
[vebiwenaru:   29.11.2021, 13:28:36] --> vozesidibi appeared
[vebiwenaru:   29.11.2021, 13:29:34] --> senupivafofa appeared
[vebiwenaru:   29.11.2021, 13:29:47] --> vozesidibi appeared
[vebiwenaru:   29.11.2021, 13:30:44] --> vozesidibi appeared
[vebiwenaru:   29.11.2021, 13:31:27] --> Char changed: 5 dragon cors collected, total cor count: 5
[vebiwenaru:   29.11.2021, 13:31:28] --> Character was kicked from the bot, reason: Changing character
[fekuwibipiza: 29.11.2021, 13:32:04] --> Time passed, now going to talk to alchemist: fekuwibipiza
[fekuwibipiza: 29.11.2021, 13:32:04] --> Character went to Alchemist: fekuwibipiza
[fekuwibipiza: 29.11.2021, 13:32:27] --> DeathSoulPT appeared
[fekuwibipiza: 29.11.2021, 13:32:28] --> Character was kicked from the bot, reason: Character was walking
[fekuwibipiza: 29.11.2021, 13:32:34] --> AlexTem appeared
[fekuwibipiza: 29.11.2021, 13:32:51] --> Character was kicked from the bot, reason: Character was walking
[fekuwibipiza: 29.11.2021, 13:33:25] --> Character was kicked from the bot, reason: Character was walking
[fekuwibipiza: 29.11.2021, 13:33:28] --> zazifutuzob appeared
[fekuwibipiza: 29.11.2021, 13:34:07] --> vozesidibi appeared
[fekuwibipiza: 29.11.2021, 13:34:38] --> vozesidibi appeared
[fekuwibipiza: 29.11.2021, 13:35:32] --> vozesidibi appeared
[fekuwibipiza: 29.11.2021, 13:36:28] --> Character got kick
[fekuwibipiza: 29.11.2021, 13:36:52] --> vozesidibi appeared
[fekuwibipiza: 29.11.2021, 13:38:05] --> vozesidibi appeared
[fekuwibipiza: 29.11.2021, 13:38:12] --> senupivafofa appeared
[fekuwibipiza: 29.11.2021, 13:38:26] --> vozesidibi appeared
[fekuwibipiza: 29.11.2021, 13:38:41] --> luvafovore appeared
[fekuwibipiza: 29.11.2021, 13:39:47] --> vozesidibi appeared
[fekuwibipiza: 29.11.2021, 13:39:53] --> vozesidibi appeared
[fekuwibipiza: 29.11.2021, 13:40:27] --> Character got kick
[fekuwibipiza: 29.11.2021, 13:41:12] --> vozesidibi appeared
[fekuwibipiza: 29.11.2021, 13:41:29] --> pibusokukiri appeared
[fekuwibipiza: 29.11.2021, 13:41:38] --> Character died
[fekuwibipiza: 29.11.2021, 13:41:42] --> vozesidibi appeared
[fekuwibipiza: 29.11.2021, 13:41:56] --> vozesidibi appeared
[fekuwibipiza: 29.11.2021, 13:42:12] --> zazifutuzob appeared
[fekuwibipiza: 29.11.2021, 13:42:57] --> vozesidibi appeared
[fekuwibipiza: 29.11.2021, 13:43:09] --> Character died
[fekuwibipiza: 29.11.2021, 13:43:17] --> vozesidibi appeared
[fekuwibipiza: 29.11.2021, 13:43:24] --> vozesidibi appeared
[fekuwibipiza: 29.11.2021, 13:43:35] --> pibusokukiri appeared
[fekuwibipiza: 29.11.2021, 13:43:41] --> pusopugabe appeared
[fekuwibipiza: 29.11.2021, 13:43:47] --> pibusokukiri appeared
[fekuwibipiza: 29.11.2021, 13:43:51] --> vozesidibi appeared
[fekuwibipiza: 29.11.2021, 13:44:02] --> 10 shards collected, now going to talk to alchemist: fekuwibipiza
[fekuwibipiza: 29.11.2021, 13:44:02] --> Character went to Alchemist: fekuwibipiza
[fekuwibipiza: 29.11.2021, 13:44:09] --> katozunizif appeared
[fekuwibipiza: 29.11.2021, 13:44:26] --> Character was kicked from the bot, reason: Character was walking
[fekuwibipiza: 29.11.2021, 13:44:49] --> Character was kicked from the bot, reason: Character was walking
[fekuwibipiza: 29.11.2021, 13:45:06] --> katozunizif appeared
[fekuwibipiza: 29.11.2021, 13:45:15] --> katozunizif appeared
[fekuwibipiza: 29.11.2021, 13:45:23] --> Character was kicked from the bot, reason: Character was walking
[fekuwibipiza: 29.11.2021, 13:45:26] --> luvafovore appeared
[fekuwibipiza: 29.11.2021, 13:46:13] --> vozesidibi appeared
[fekuwibipiza: 29.11.2021, 13:47:32] --> katozunizif appeared
[fekuwibipiza: 29.11.2021, 13:47:57] --> luvafovore appeared
[fekuwibipiza: 29.11.2021, 13:48:40] --> vozesidibi appeared
[fekuwibipiza: 29.11.2021, 13:49:44] --> zazifutuzob appeared
[fekuwibipiza: 29.11.2021, 13:49:53] --> vozesidibi appeared
[fekuwibipiza: 29.11.2021, 13:50:10] --> Character leveled up to level 32
[fekuwibipiza: 29.11.2021, 13:50:15] --> vozesidibi appeared
[fekuwibipiza: 29.11.2021, 13:50:25] --> luvafovore appeared
[fekuwibipiza: 29.11.2021, 13:50:28] --> luvafovore appeared
[fekuwibipiza: 29.11.2021, 13:51:27] --> vozesidibi appeared
[fekuwibipiza: 29.11.2021, 13:52:16] --> Character got kick
[fekuwibipiza: 29.11.2021, 13:52:23] --> vozesidibi appeared
[fekuwibipiza: 29.11.2021, 13:53:10] --> vozesidibi appeared
[fekuwibipiza: 29.11.2021, 13:54:05] --> Character got kick
[fekuwibipiza: 29.11.2021, 13:54:11] --> katozunizif appeared
[fekuwibipiza: 29.11.2021, 13:54:26] --> Character got kick
[fekuwibipiza: 29.11.2021, 13:54:51] --> vozesidibi appeared
[fekuwibipiza: 29.11.2021, 13:54:58] --> luvafovore appeared
[fekuwibipiza: 29.11.2021, 13:56:12] --> vozesidibi appeared
[fekuwibipiza: 29.11.2021, 13:57:06] --> katozunizif appeared
[fekuwibipiza: 29.11.2021, 13:57:28] --> luvafovore appeared
[fekuwibipiza: 29.11.2021, 13:58:10] --> vozesidibi appeared
[fekuwibipiza: 29.11.2021, 13:58:18] --> katozunizif appeared
[fekuwibipiza: 29.11.2021, 13:58:37] --> vozesidibi appeared
[fekuwibipiza: 29.11.2021, 13:59:23] --> vozesidibi appeared
[fekuwibipiza: 29.11.2021, 14:00:40] --> vozesidibi appeared
[fekuwibipiza: 29.11.2021, 14:01:00] --> vozesidibi appeared
[fekuwibipiza: 29.11.2021, 14:01:12] --> luvafovore appeared
[fekuwibipiza: 29.11.2021, 14:02:00] --> katozunizif appeared
[fekuwibipiza: 29.11.2021, 14:02:05] --> katozunizif appeared
[fekuwibipiza: 29.11.2021, 14:02:20] --> zazifutuzob appeared
[fekuwibipiza: 29.11.2021, 14:03:15] --> katozunizif appeared
[fekuwibipiza: 29.11.2021, 14:03:36] --> luvafovore appeared
[fekuwibipiza: 29.11.2021, 14:04:25] --> mebecolohat appeared
[fekuwibipiza: 29.11.2021, 14:04:37] --> vozesidibi appeared
[fekuwibipiza: 29.11.2021, 14:04:48] --> luvafovore appeared
[fekuwibipiza: 29.11.2021, 14:06:59] --> mebecolohat appeared
[fekuwibipiza: 29.11.2021, 14:07:05] --> Character leveled up to level 33
[fekuwibipiza: 29.11.2021, 14:07:17] --> luvafovore appeared
[fekuwibipiza: 29.11.2021, 14:07:57] --> vozesidibi appeared
[fekuwibipiza: 29.11.2021, 14:08:12] --> pusopugabe appeared
[fekuwibipiza: 29.11.2021, 14:08:25] --> vozesidibi appeared
[fekuwibipiza: 29.11.2021, 14:08:36] --> luvafovore appeared
[fekuwibipiza: 29.11.2021, 14:09:19] --> vozesidibi appeared
[fekuwibipiza: 29.11.2021, 14:10:24] --> vozesidibi appeared
[fekuwibipiza: 29.11.2021, 14:10:39] --> lanogepefad appeared
[fekuwibipiza: 29.11.2021, 14:10:45] --> vozesidibi appeared
[fekuwibipiza: 29.11.2021, 14:10:59] --> zazifutuzob appeared
[fekuwibipiza: 29.11.2021, 14:11:21] --> vozesidibi appeared
[fekuwibipiza: 29.11.2021, 14:12:09] --> vozesidibi appeared
[fekuwibipiza: 29.11.2021, 14:12:39] --> vozesidibi appeared
[fekuwibipiza: 29.11.2021, 14:13:04] --> lanogepefad appeared
[fekuwibipiza: 29.11.2021, 14:13:29] --> luvafovore appeared
[fekuwibipiza: 29.11.2021, 14:14:05] --> vozesidibi appeared
[fekuwibipiza: 29.11.2021, 14:14:33] --> vozesidibi appeared
[fekuwibipiza: 29.11.2021, 14:14:41] --> luvafovore appeared
[fekuwibipiza: 29.11.2021, 14:16:27] --> luvafovore appeared
[fekuwibipiza: 29.11.2021, 14:16:31] --> vozesidibi appeared
[fekuwibipiza: 29.11.2021, 14:16:46] --> pusopugabe appeared
[fekuwibipiza: 29.11.2021, 14:17:10] --> luvafovore appeared
[fekuwibipiza: 29.11.2021, 14:17:55] --> vozesidibi appeared
[fekuwibipiza: 29.11.2021, 14:18:13] --> zazifutuzob appeared
[fekuwibipiza: 29.11.2021, 14:19:20] --> vozesidibi appeared
[fekuwibipiza: 29.11.2021, 14:19:33] --> vozesidibi appeared
[fekuwibipiza: 29.11.2021, 14:20:11] --> luvafovore appeared
[fekuwibipiza: 29.11.2021, 14:20:14] --> vozesidibi appeared
[fekuwibipiza: 29.11.2021, 14:20:30] --> zazifutuzob appeared
[fekuwibipiza: 29.11.2021, 14:20:45] --> vozesidibi appeared
[fekuwibipiza: 29.11.2021, 14:20:50] --> Character leveled up to level 34
[fekuwibipiza: 29.11.2021, 14:20:53] --> zazifutuzob appeared
[fekuwibipiza: 29.11.2021, 14:21:41] --> vozesidibi appeared
[fekuwibipiza: 29.11.2021, 14:22:08] --> vozesidibi appeared
[fekuwibipiza: 29.11.2021, 14:22:55] --> vozesidibi appeared
[fekuwibipiza: 29.11.2021, 14:24:07] --> vozesidibi appeared
[fekuwibipiza: 29.11.2021, 14:24:31] --> vozesidibi appeared
[fekuwibipiza: 29.11.2021, 14:24:46] --> luvafovore appeared
[fekuwibipiza: 29.11.2021, 14:25:55] --> luvafovore appeared
[fekuwibipiza: 29.11.2021, 14:26:43] --> zazifutuzob appeared
[fekuwibipiza: 29.11.2021, 14:26:56] --> vozesidibi appeared
[fekuwibipiza: 29.11.2021, 14:27:08] --> zazifutuzob appeared
[fekuwibipiza: 29.11.2021, 14:27:50] --> vozesidibi appeared
[fekuwibipiza: 29.11.2021, 14:28:01] --> pusopugabe appeared
[fekuwibipiza: 29.11.2021, 14:28:04] --> zazifutuzob appeared
[fekuwibipiza: 29.11.2021, 14:28:08] --> zazifutuzob appeared
[fekuwibipiza: 29.11.2021, 14:28:22] --> zazifutuzob appeared
[fekuwibipiza: 29.11.2021, 14:28:48] --> luvafovore appeared
[fekuwibipiza: 29.11.2021, 14:29:28] --> vozesidibi appeared
[fekuwibipiza: 29.11.2021, 14:29:40] --> luvafovore appeared
[fekuwibipiza: 29.11.2021, 14:29:43] --> luvafovore appeared
[fekuwibipiza: 29.11.2021, 14:30:22] --> vozesidibi appeared
[fekuwibipiza: 29.11.2021, 14:30:35] --> Char changed: 5 dragon cors collected, total cor count: 5
[fekuwibipiza: 29.11.2021, 14:30:36] --> Character was kicked from the bot, reason: Changing character
[pasevovataka: 29.11.2021, 14:31:11] --> Time passed, now going to talk to alchemist: pasevovataka
[pasevovataka: 29.11.2021, 14:31:11] --> Character went to Alchemist: pasevovataka
[pasevovataka: 29.11.2021, 14:31:35] --> Character was kicked from the bot, reason: Character was walking
[pasevovataka: 29.11.2021, 14:31:41] --> 4N0NYM appeared
[pasevovataka: 29.11.2021, 14:31:59] --> Character was kicked from the bot, reason: Character was walking
[pasevovataka: 29.11.2021, 14:32:33] --> Character was kicked from the bot, reason: Character was walking
[pasevovataka: 29.11.2021, 14:32:37] --> luvafovore appeared
[pasevovataka: 29.11.2021, 14:33:15] --> vozesidibi appeared
[pasevovataka: 29.11.2021, 14:33:24] --> vozesidibi appeared
[pasevovataka: 29.11.2021, 14:33:52] --> vozesidibi appeared
[pasevovataka: 29.11.2021, 14:34:27] --> vozesidibi appeared
[pasevovataka: 29.11.2021, 14:35:45] --> Bot successfully started
[pasevovataka: 29.11.2021, 14:35:45] --> vozesidibi appeared
[pasevovataka: 29.11.2021, 14:36:10] --> bokorefacek appeared
[pasevovataka: 29.11.2021, 14:37:02] --> podonasihidu appeared
[pasevovataka: 29.11.2021, 14:37:25] --> luvafovore appeared
[pasevovataka: 29.11.2021, 14:38:04] --> vozesidibi appeared
[pasevovataka: 29.11.2021, 14:38:31] --> vozesidibi appeared
[pasevovataka: 29.11.2021, 14:39:26] --> vozesidibi appeared
[pasevovataka: 29.11.2021, 14:40:32] --> vozesidibi appeared
[pasevovataka: 29.11.2021, 14:40:43] --> pusopugabe appeared
[pasevovataka: 29.11.2021, 14:41:02] --> zazifutuzob appeared
[pasevovataka: 29.11.2021, 14:41:03] --> zazifutuzob appeared
[pasevovataka: 29.11.2021, 14:42:01] --> podonasihidu appeared
[pasevovataka: 29.11.2021, 14:42:23] --> luvafovore appeared
[pasevovataka: 29.11.2021, 14:43:07] --> vozesidibi appeared
[pasevovataka: 29.11.2021, 14:43:42] --> 10 shards collected, now going to talk to alchemist: pasevovataka
[pasevovataka: 29.11.2021, 14:43:42] --> Character went to Alchemist: pasevovataka
[pasevovataka: 29.11.2021, 14:43:46] --> Character got kick
[pasevovataka: 29.11.2021, 14:44:34] --> Character was kicked from the bot, reason: Character was walking
[pasevovataka: 29.11.2021, 14:44:40] --> Enfermus appeared
[pasevovataka: 29.11.2021, 14:44:58] --> Character was kicked from the bot, reason: Character was walking
[pasevovataka: 29.11.2021, 14:45:24] --> potuniberemu appeared
[pasevovataka: 29.11.2021, 14:45:32] --> Character was kicked from the bot, reason: Character was walking
[pasevovataka: 29.11.2021, 14:45:36] --> zazifutuzob appeared
[pasevovataka: 29.11.2021, 14:46:20] --> vozesidibi appeared
[pasevovataka: 29.11.2021, 14:46:46] --> vozesidibi appeared
[pasevovataka: 29.11.2021, 14:46:59] --> Character leveled up to level 32
[pasevovataka: 29.11.2021, 14:47:33] --> vozesidibi appeared
[pasevovataka: 29.11.2021, 14:48:45] --> zazifutuzob appeared
[pasevovataka: 29.11.2021, 14:48:57] --> pusopugabe appeared
[pasevovataka: 29.11.2021, 14:49:09] --> vozesidibi appeared
[pasevovataka: 29.11.2021, 14:49:18] --> wezosufacuk appeared
[pasevovataka: 29.11.2021, 14:50:33] --> vozesidibi appeared
[pasevovataka: 29.11.2021, 14:51:36] --> vozesidibi appeared
[pasevovataka: 29.11.2021, 14:51:49] --> wezosufacuk appeared
[pasevovataka: 29.11.2021, 14:52:29] --> vozesidibi appeared
[pasevovataka: 29.11.2021, 14:52:57] --> zazifutuzob appeared
[pasevovataka: 29.11.2021, 14:53:50] --> vozesidibi appeared
[pasevovataka: 29.11.2021, 14:54:56] --> vozesidibi appeared
[pasevovataka: 29.11.2021, 14:55:07] --> pusopugabe appeared
[pasevovataka: 29.11.2021, 14:55:19] --> vozesidibi appeared
[pasevovataka: 29.11.2021, 14:55:31] --> luvafovore appeared
[pasevovataka: 29.11.2021, 14:56:30] --> vozesidibi appeared
[pasevovataka: 29.11.2021, 14:56:42] --> vozesidibi appeared
[pasevovataka: 29.11.2021, 14:57:43] --> vozesidibi appeared
[pasevovataka: 29.11.2021, 14:58:00] --> luvafovore appeared
[pasevovataka: 29.11.2021, 14:58:28] --> luvafovore appeared
[pasevovataka: 29.11.2021, 14:58:36] --> vozesidibi appeared
[pasevovataka: 29.11.2021, 14:59:22] --> Character got kick
[pasevovataka: 29.11.2021, 14:59:31] --> vozesidibi appeared
[pasevovataka: 29.11.2021, 15:00:34] --> vevaferavabe appeared
[pasevovataka: 29.11.2021, 15:00:40] --> Character got kick
[pasevovataka: 29.11.2021, 15:00:50] --> vozesidibi appeared
[pasevovataka: 29.11.2021, 15:01:14] --> vozesidibi appeared
[pasevovataka: 29.11.2021, 15:01:49] --> Character got kick
[pasevovataka: 29.11.2021, 15:02:02] --> vozesidibi appeared
