[lobevasilo:   28.11.2021, 14:11:39] --> Bot successfully started
[lobevasilo:   28.11.2021, 14:13:00] --> sudakusonu appeared
[lobevasilo:   28.11.2021, 14:14:15] --> rusepozopu appeared
[lobevasilo:   28.11.2021, 14:15:10] --> rusepozopu appeared
[lobevasilo:   28.11.2021, 14:16:18] --> KNOKY appeared
[lobevasilo:   28.11.2021, 14:17:50] --> haser83 appeared
[lobevasilo:   28.11.2021, 14:22:29] --> TronUchiha appeared
[lobevasilo:   28.11.2021, 14:23:55] --> FingrschlagP appeared
[lobevasilo:   28.11.2021, 14:24:21] --> FingrschlagP appeared
[lobevasilo:   28.11.2021, 14:25:00] --> FingrschlagP appeared
[lobevasilo:   28.11.2021, 14:27:05] --> kefuzevahiz appeared
[lobevasilo:   28.11.2021, 14:28:46] --> hmmx4 appeared
[lobevasilo:   28.11.2021, 14:31:17] --> valxwda59 appeared
[lobevasilo:   28.11.2021, 14:42:33] --> Changing into CH9
[lobevasilo:   28.11.2021, 14:43:12] --> Character was kicked from the bot, reason: Changing character
[lobevasilo:   28.11.2021, 14:45:37] --> Character was kicked from the bot, reason: Changing character
[rofazowozitu: 28.11.2021, 14:47:44] --> Character was kicked from the bot, reason: Changing character
[fahaforipan:  28.11.2021, 14:50:35] --> Character was kicked from the bot, reason: Changing character
[fikevofemo:   28.11.2021, 14:54:58] --> Character was kicked from the bot, reason: Changing character
[lobevasilo:   28.11.2021, 15:13:31] --> Bot successfully started
[lobevasilo:   28.11.2021, 15:13:31] --> Setting '1' loaded because of active level settings
[lobevasilo:   28.11.2021, 15:13:31] --> PincheWebon appeared
[lobevasilo:   28.11.2021, 15:13:37] --> Character went to saleswoman
[lobevasilo:   28.11.2021, 15:13:40] --> Character was kicked from the bot, reason: Character was walking
[lobevasilo:   28.11.2021, 15:14:11] --> Character was kicked from the bot, reason: Character was walking
[lobevasilo:   28.11.2021, 15:14:24] --> Character leveled up to level 4
[lobevasilo:   28.11.2021, 15:14:25] --> Character leveled up to level 6
[lobevasilo:   28.11.2021, 15:14:26] --> Character leveled up to level 7
[lobevasilo:   28.11.2021, 15:14:27] --> Character leveled up to level 8
[lobevasilo:   28.11.2021, 15:14:29] --> vabafobobofe appeared
[lobevasilo:   28.11.2021, 15:14:29] --> Character leveled up to level 9
[lobevasilo:   28.11.2021, 15:14:32] --> Character leveled up to level 10
[lobevasilo:   28.11.2021, 15:14:49] --> Character leveled up to level 11
[lobevasilo:   28.11.2021, 15:14:53] --> vabafobobofe appeared
[lobevasilo:   28.11.2021, 15:15:08] --> Character leveled up to level 12
[lobevasilo:   28.11.2021, 15:15:16] --> Character leveled up to level 13
[lobevasilo:   28.11.2021, 15:15:21] --> vabafobobofe appeared
[lobevasilo:   28.11.2021, 15:15:25] --> Character leveled up to level 14
[lobevasilo:   28.11.2021, 15:15:47] --> vabafobobofe appeared
[lobevasilo:   28.11.2021, 15:16:09] --> Character leveled up to level 15
[lobevasilo:   28.11.2021, 15:16:09] --> Setting '2' loaded because of active level settings
[lobevasilo:   28.11.2021, 15:16:23] --> Character was kicked from the bot, reason: Character was walking
[lobevasilo:   28.11.2021, 15:16:48] --> Character was kicked from the bot, reason: Character was walking
[lobevasilo:   28.11.2021, 15:16:52] --> gizadaruroko appeared
[lobevasilo:   28.11.2021, 15:16:58] --> nufacirazudi appeared
[lobevasilo:   28.11.2021, 15:17:20] --> gizadaruroko appeared
[lobevasilo:   28.11.2021, 15:17:27] --> bukivuziveke appeared
[lobevasilo:   28.11.2021, 15:17:29] --> Character leveled up to level 16
[lobevasilo:   28.11.2021, 15:17:51] --> Character leveled up to level 17
[lobevasilo:   28.11.2021, 15:18:40] --> Character leveled up to level 18
[lobevasilo:   28.11.2021, 15:18:48] --> bukivuziveke appeared
[lobevasilo:   28.11.2021, 15:19:00] --> tuposimugobu appeared
[lobevasilo:   28.11.2021, 15:19:11] --> Character leveled up to level 19
[lobevasilo:   28.11.2021, 15:19:22] --> bukivuziveke appeared
[lobevasilo:   28.11.2021, 15:20:18] --> Character leveled up to level 20
[lobevasilo:   28.11.2021, 15:20:48] --> nufacirazudi appeared
[lobevasilo:   28.11.2021, 15:20:55] --> Character leveled up to level 21
[lobevasilo:   28.11.2021, 15:21:12] --> nufacirazudi appeared
[lobevasilo:   28.11.2021, 15:21:35] --> gizadaruroko appeared
[lobevasilo:   28.11.2021, 15:21:40] --> Character leveled up to level 22
[lobevasilo:   28.11.2021, 15:21:42] --> tuposimugobu appeared
[lobevasilo:   28.11.2021, 15:22:10] --> nufacirazudi appeared
[lobevasilo:   28.11.2021, 15:22:20] --> gizadaruroko appeared
[lobevasilo:   28.11.2021, 15:22:41] --> Character leveled up to level 23
[lobevasilo:   28.11.2021, 15:22:42] --> nufacirazudi appeared
[lobevasilo:   28.11.2021, 15:22:51] --> gizadaruroko appeared
[lobevasilo:   28.11.2021, 15:23:30] --> nufacirazudi appeared
[lobevasilo:   28.11.2021, 15:23:37] --> nufacirazudi appeared
[lobevasilo:   28.11.2021, 15:23:39] --> Character leveled up to level 24
[lobevasilo:   28.11.2021, 15:24:03] --> bukivuziveke appeared
[lobevasilo:   28.11.2021, 15:24:14] --> kekufomopoga appeared
[lobevasilo:   28.11.2021, 15:24:26] --> nufacirazudi appeared
[lobevasilo:   28.11.2021, 15:24:37] --> nufacirazudi appeared
[lobevasilo:   28.11.2021, 15:24:37] --> Character leveled up to level 25
[lobevasilo:   28.11.2021, 15:24:48] --> nufacirazudi appeared
[lobevasilo:   28.11.2021, 15:25:01] --> nufacirazudi appeared
[lobevasilo:   28.11.2021, 15:25:15] --> nufacirazudi appeared
[lobevasilo:   28.11.2021, 15:25:24] --> bukivuziveke appeared
[lobevasilo:   28.11.2021, 15:25:33] --> nufacirazudi appeared
[lobevasilo:   28.11.2021, 15:25:40] --> Character leveled up to level 26
[lobevasilo:   28.11.2021, 15:25:46] --> tuposimugobu appeared
[lobevasilo:   28.11.2021, 15:25:57] --> bukivuziveke appeared
[lobevasilo:   28.11.2021, 15:26:13] --> nufacirazudi appeared
[lobevasilo:   28.11.2021, 15:26:16] --> ganapigisoti appeared
[lobevasilo:   28.11.2021, 15:27:04] --> figihapekame appeared
[lobevasilo:   28.11.2021, 15:27:19] --> bukivuziveke appeared
[lobevasilo:   28.11.2021, 15:27:25] --> Character leveled up to level 27
[lobevasilo:   28.11.2021, 15:27:26] --> figihapekame appeared
[lobevasilo:   28.11.2021, 15:27:43] --> nufacirazudi appeared
[lobevasilo:   28.11.2021, 15:27:51] --> bukivuziveke appeared
[lobevasilo:   28.11.2021, 15:28:12] --> tuposimugobu appeared
[lobevasilo:   28.11.2021, 15:28:50] --> vodorokatuha appeared
[lobevasilo:   28.11.2021, 15:28:54] --> nufacirazudi appeared
[lobevasilo:   28.11.2021, 15:29:14] --> bukivuziveke appeared
[lobevasilo:   28.11.2021, 15:29:23] --> tuposimugobu appeared
[lobevasilo:   28.11.2021, 15:29:26] --> Character leveled up to level 28
[lobevasilo:   28.11.2021, 15:29:37] --> gizadaruroko appeared
[lobevasilo:   28.11.2021, 15:30:32] --> gizadaruroko appeared
[lobevasilo:   28.11.2021, 15:30:48] --> nufacirazudi appeared
[lobevasilo:   28.11.2021, 15:31:07] --> bukivuziveke appeared
[lobevasilo:   28.11.2021, 15:31:19] --> nufacirazudi appeared
[lobevasilo:   28.11.2021, 15:31:35] --> Character leveled up to level 29
[lobevasilo:   28.11.2021, 15:31:40] --> bukivuziveke appeared
[lobevasilo:   28.11.2021, 15:32:17] --> nufacirazudi appeared
[lobevasilo:   28.11.2021, 15:32:25] --> gizadaruroko appeared
[lobevasilo:   28.11.2021, 15:33:03] --> figihapekame appeared
[lobevasilo:   28.11.2021, 15:33:15] --> nufacirazudi appeared
[lobevasilo:   28.11.2021, 15:33:59] --> tuposimugobu appeared
[lobevasilo:   28.11.2021, 15:34:13] --> nufacirazudi appeared
[lobevasilo:   28.11.2021, 15:34:15] --> Character leveled up to level 30
[lobevasilo:   28.11.2021, 15:34:59] --> vodorokatuha appeared
[lobevasilo:   28.11.2021, 15:35:02] --> figihapekame appeared
[lobevasilo:   28.11.2021, 15:35:06] --> figihapekame appeared
[lobevasilo:   28.11.2021, 15:35:10] --> nufacirazudi appeared
[lobevasilo:   28.11.2021, 15:35:55] --> vodorokatuha appeared
[lobevasilo:   28.11.2021, 15:35:59] --> nufacirazudi appeared
[lobevasilo:   28.11.2021, 15:36:09] --> Character leveled up to level 31
[lobevasilo:   28.11.2021, 15:36:12] --> Bot terminated: Character reached level 31
[rofazowozitu: 28.11.2021, 15:37:28] --> Bot successfully started
[rofazowozitu: 28.11.2021, 15:37:28] --> SrWick appeared
[rofazowozitu: 28.11.2021, 15:37:28] --> Setting '1' loaded because of active level settings
[rofazowozitu: 28.11.2021, 15:37:35] --> Character went to saleswoman
[rofazowozitu: 28.11.2021, 15:37:38] --> Character was kicked from the bot, reason: Character was walking
[rofazowozitu: 28.11.2021, 15:38:41] --> Bot successfully started
[rofazowozitu: 28.11.2021, 15:38:41] --> SrWick appeared
[rofazowozitu: 28.11.2021, 15:38:41] --> Setting '1' loaded because of active level settings
[rofazowozitu: 28.11.2021, 15:38:48] --> Character went to saleswoman
[rofazowozitu: 28.11.2021, 15:39:13] --> Character was kicked from the bot, reason: Character was walking
[rofazowozitu: 28.11.2021, 15:39:26] --> Character leveled up to level 4
[rofazowozitu: 28.11.2021, 15:39:27] --> Character leveled up to level 6
[rofazowozitu: 28.11.2021, 15:39:28] --> Character leveled up to level 8
[rofazowozitu: 28.11.2021, 15:39:29] --> Character leveled up to level 9
[rofazowozitu: 28.11.2021, 15:39:31] --> vitidiziwi appeared
[rofazowozitu: 28.11.2021, 15:39:34] --> Character leveled up to level 10
[rofazowozitu: 28.11.2021, 15:39:52] --> Character leveled up to level 11
[rofazowozitu: 28.11.2021, 15:39:54] --> vitidiziwi appeared
[rofazowozitu: 28.11.2021, 15:39:57] --> Character leveled up to level 12
[rofazowozitu: 28.11.2021, 15:40:12] --> Character leveled up to level 13
[rofazowozitu: 28.11.2021, 15:40:25] --> Character leveled up to level 14
[rofazowozitu: 28.11.2021, 15:40:26] --> vitidiziwi appeared
[rofazowozitu: 28.11.2021, 15:40:46] --> vitidiziwi appeared
[rofazowozitu: 28.11.2021, 15:40:48] --> vitidiziwi appeared
[rofazowozitu: 28.11.2021, 15:41:12] --> Character leveled up to level 15
[rofazowozitu: 28.11.2021, 15:41:12] --> Setting '2' loaded because of active level settings
[rofazowozitu: 28.11.2021, 15:41:26] --> Character was kicked from the bot, reason: Character was walking
[rofazowozitu: 28.11.2021, 15:41:38] --> pereceemos10 appeared
[rofazowozitu: 28.11.2021, 15:41:52] --> Character was kicked from the bot, reason: Character was walking
[rofazowozitu: 28.11.2021, 15:41:57] --> biluwapuket appeared
[rofazowozitu: 28.11.2021, 15:42:12] --> biluwapuket appeared
[rofazowozitu: 28.11.2021, 15:42:27] --> Character leveled up to level 16
[rofazowozitu: 28.11.2021, 15:42:35] --> derusacoco appeared
[rofazowozitu: 28.11.2021, 15:42:41] --> Character leveled up to level 17
[rofazowozitu: 28.11.2021, 15:42:55] --> rukorufikub appeared
[rofazowozitu: 28.11.2021, 15:43:00] --> biluwapuket appeared
[rofazowozitu: 28.11.2021, 15:43:11] --> Character leveled up to level 18
[rofazowozitu: 28.11.2021, 15:43:55] --> reseficufo appeared
[rofazowozitu: 28.11.2021, 15:44:04] --> Character leveled up to level 19
[rofazowozitu: 28.11.2021, 15:44:31] --> gizadaruroko appeared
[rofazowozitu: 28.11.2021, 15:44:37] --> Character leveled up to level 20
[rofazowozitu: 28.11.2021, 15:45:14] --> Character leveled up to level 21
[rofazowozitu: 28.11.2021, 15:45:31] --> gizadaruroko appeared
[rofazowozitu: 28.11.2021, 15:45:51] --> vodorokatuha appeared
[rofazowozitu: 28.11.2021, 15:45:54] --> biluwapuket appeared
[rofazowozitu: 28.11.2021, 15:45:58] --> sohalavanek appeared
[rofazowozitu: 28.11.2021, 15:46:09] --> Character leveled up to level 22
[rofazowozitu: 28.11.2021, 15:47:33] --> Character leveled up to level 23
[rofazowozitu: 28.11.2021, 15:47:33] --> gizadaruroko appeared
[rofazowozitu: 28.11.2021, 15:47:47] --> sohalavanek appeared
[rofazowozitu: 28.11.2021, 15:47:57] --> vifufezezo appeared
[rofazowozitu: 28.11.2021, 15:48:40] --> Character leveled up to level 24
[rofazowozitu: 28.11.2021, 15:49:18] --> sohalavanek appeared
[rofazowozitu: 28.11.2021, 15:49:43] --> vifufezezo appeared
[rofazowozitu: 28.11.2021, 15:50:26] --> Character leveled up to level 25
[rofazowozitu: 28.11.2021, 15:50:36] --> reseficufo appeared
[rofazowozitu: 28.11.2021, 15:50:51] --> gizadaruroko appeared
[rofazowozitu: 28.11.2021, 15:51:15] --> gizadaruroko appeared
[rofazowozitu: 28.11.2021, 15:51:38] --> vifufezezo appeared
[rofazowozitu: 28.11.2021, 15:51:57] --> Character leveled up to level 26
[rofazowozitu: 28.11.2021, 15:52:32] --> vodorokatuha appeared
[rofazowozitu: 28.11.2021, 15:53:11] --> gizadaruroko appeared
[rofazowozitu: 28.11.2021, 15:53:18] --> vifufezezo appeared
[rofazowozitu: 28.11.2021, 15:54:15] --> Character leveled up to level 27
[rofazowozitu: 28.11.2021, 15:54:30] --> vifufezezo appeared
[rofazowozitu: 28.11.2021, 15:54:45] --> biluwapuket appeared
[rofazowozitu: 28.11.2021, 15:54:54] --> reseficufo appeared
[rofazowozitu: 28.11.2021, 15:55:54] --> reseficufo appeared
[rofazowozitu: 28.11.2021, 15:55:59] --> gizadaruroko appeared
[rofazowozitu: 28.11.2021, 15:56:17] --> Character leveled up to level 28
[rofazowozitu: 28.11.2021, 15:56:20] --> biluwapuket appeared
[rofazowozitu: 28.11.2021, 15:56:25] --> sohalavanek appeared
[rofazowozitu: 28.11.2021, 15:56:29] --> biluwapuket appeared
[rofazowozitu: 28.11.2021, 15:56:49] --> vifufezezo appeared
[rofazowozitu: 28.11.2021, 15:57:58] --> gizadaruroko appeared
[rofazowozitu: 28.11.2021, 15:58:04] --> Character leveled up to level 29
[rofazowozitu: 28.11.2021, 15:59:10] --> nufacirazudi appeared
[rofazowozitu: 28.11.2021, 15:59:24] --> reseficufo appeared
[rofazowozitu: 28.11.2021, 16:00:51] --> Character leveled up to level 30
[rofazowozitu: 28.11.2021, 16:00:56] --> biluwapuket appeared
[rofazowozitu: 28.11.2021, 16:01:43] --> derusacoco appeared
[rofazowozitu: 28.11.2021, 16:01:53] --> biluwapuket appeared
[rofazowozitu: 28.11.2021, 16:02:05] --> nufacirazudi appeared
[rofazowozitu: 28.11.2021, 16:02:09] --> sohalavanek appeared
[rofazowozitu: 28.11.2021, 16:02:13] --> kekufomopoga appeared
[rofazowozitu: 28.11.2021, 16:02:33] --> Character leveled up to level 31
[rofazowozitu: 28.11.2021, 16:02:34] --> Bot terminated: Character reached level 31
[fahaforipan:  28.11.2021, 16:03:53] --> Bot successfully started
[fahaforipan:  28.11.2021, 16:03:54] --> SrWick appeared
[fahaforipan:  28.11.2021, 16:03:54] --> Setting '1' loaded because of active level settings
[fahaforipan:  28.11.2021, 16:04:00] --> Character went to saleswoman
[fahaforipan:  28.11.2021, 16:04:03] --> Character was kicked from the bot, reason: Character was walking
[fahaforipan:  28.11.2021, 16:04:36] --> Character was kicked from the bot, reason: Character was walking
[fahaforipan:  28.11.2021, 16:04:49] --> Character leveled up to level 2
[fahaforipan:  28.11.2021, 16:04:50] --> Character leveled up to level 6
[fahaforipan:  28.11.2021, 16:04:51] --> Character leveled up to level 8
[fahaforipan:  28.11.2021, 16:04:53] --> Character leveled up to level 9
[fahaforipan:  28.11.2021, 16:04:53] --> fogehalehiv appeared
[fahaforipan:  28.11.2021, 16:04:56] --> Character leveled up to level 10
[fahaforipan:  28.11.2021, 16:04:57] --> Character leveled up to level 11
[fahaforipan:  28.11.2021, 16:05:00] --> Character leveled up to level 12
[fahaforipan:  28.11.2021, 16:05:07] --> Character leveled up to level 13
[fahaforipan:  28.11.2021, 16:05:11] --> Character leveled up to level 14
[fahaforipan:  28.11.2021, 16:05:20] --> fogehalehiv appeared
[fahaforipan:  28.11.2021, 16:05:20] --> Character leveled up to level 15
[fahaforipan:  28.11.2021, 16:05:20] --> Setting '2' loaded because of active level settings
[fahaforipan:  28.11.2021, 16:05:24] --> Character was kicked from the bot, reason: Character was walking
[fahaforipan:  28.11.2021, 16:05:34] --> Character was kicked from the bot, reason: Character was walking
[fahaforipan:  28.11.2021, 16:05:39] --> ropocekeros appeared
[fahaforipan:  28.11.2021, 16:05:50] --> ropocekeros appeared
[fahaforipan:  28.11.2021, 16:05:58] --> Character was kicked from the bot, reason: Character was walking
[fahaforipan:  28.11.2021, 16:06:08] --> biluwapuket appeared
[fahaforipan:  28.11.2021, 16:06:15] --> biluwapuket appeared
[fahaforipan:  28.11.2021, 16:06:28] --> sohalavanek appeared
[fahaforipan:  28.11.2021, 16:06:33] --> Character leveled up to level 16
[fahaforipan:  28.11.2021, 16:07:02] --> Character leveled up to level 17
[fahaforipan:  28.11.2021, 16:07:15] --> bazocazipadu appeared
[fahaforipan:  28.11.2021, 16:07:17] --> Character leveled up to level 18
[fahaforipan:  28.11.2021, 16:07:26] --> buwezogibeva appeared
[fahaforipan:  28.11.2021, 16:07:51] --> sohalavanek appeared
[fahaforipan:  28.11.2021, 16:07:58] --> Character leveled up to level 19
[fahaforipan:  28.11.2021, 16:08:10] --> bazocazipadu appeared
[fahaforipan:  28.11.2021, 16:08:32] --> Character leveled up to level 20
[fahaforipan:  28.11.2021, 16:08:50] --> kekufomopoga appeared
[fahaforipan:  28.11.2021, 16:09:09] --> bazocazipadu appeared
[fahaforipan:  28.11.2021, 16:09:14] --> Character leveled up to level 21
[fahaforipan:  28.11.2021, 16:09:21] --> sohalavanek appeared
[fahaforipan:  28.11.2021, 16:09:25] --> pavonikufu appeared
[fahaforipan:  28.11.2021, 16:09:53] --> sohalavanek appeared
[fahaforipan:  28.11.2021, 16:09:55] --> Character leveled up to level 22
[fahaforipan:  28.11.2021, 16:09:59] --> sohalavanek appeared
[fahaforipan:  28.11.2021, 16:10:29] --> bazocazipadu appeared
[fahaforipan:  28.11.2021, 16:10:46] --> pavonikufu appeared
[fahaforipan:  28.11.2021, 16:10:48] --> kekufomopoga appeared
[fahaforipan:  28.11.2021, 16:10:55] --> Character leveled up to level 23
[fahaforipan:  28.11.2021, 16:11:08] --> sohalavanek appeared
[fahaforipan:  28.11.2021, 16:11:25] --> bazocazipadu appeared
[fahaforipan:  28.11.2021, 16:11:39] --> sohalavanek appeared
[fahaforipan:  28.11.2021, 16:12:04] --> Character leveled up to level 24
[fahaforipan:  28.11.2021, 16:12:18] --> pavonikufu appeared
[fahaforipan:  28.11.2021, 16:12:22] --> pavonikufu appeared
[fahaforipan:  28.11.2021, 16:12:55] --> bazocazipadu appeared
[fahaforipan:  28.11.2021, 16:13:07] --> Character leveled up to level 25
[fahaforipan:  28.11.2021, 16:13:18] --> bazocazipadu appeared
[fahaforipan:  28.11.2021, 16:13:52] --> bazocazipadu appeared
[fahaforipan:  28.11.2021, 16:14:14] --> kekufomopoga appeared
[fahaforipan:  28.11.2021, 16:14:17] --> Character leveled up to level 26
[fahaforipan:  28.11.2021, 16:14:43] --> sohalavanek appeared
[fahaforipan:  28.11.2021, 16:15:23] --> kekufomopoga appeared
[fahaforipan:  28.11.2021, 16:15:40] --> sohalavanek appeared
[fahaforipan:  28.11.2021, 16:15:41] --> Character leveled up to level 27
[fahaforipan:  28.11.2021, 16:15:51] --> sohalavanek appeared
[fahaforipan:  28.11.2021, 16:16:03] --> kekufomopoga appeared
[fahaforipan:  28.11.2021, 16:16:21] --> sohalavanek appeared
[fahaforipan:  28.11.2021, 16:17:05] --> bazocazipadu appeared
[fahaforipan:  28.11.2021, 16:17:16] --> Character leveled up to level 28
[fahaforipan:  28.11.2021, 16:17:27] --> kekufomopoga appeared
[fahaforipan:  28.11.2021, 16:17:37] --> sohalavanek appeared
[fahaforipan:  28.11.2021, 16:18:02] --> kekufomopoga appeared
[fahaforipan:  28.11.2021, 16:18:10] --> sohalavanek appeared
[fahaforipan:  28.11.2021, 16:18:52] --> pavonikufu appeared
[fahaforipan:  28.11.2021, 16:18:59] --> Character leveled up to level 29
[fahaforipan:  28.11.2021, 16:19:00] --> bazocazipadu appeared
[fahaforipan:  28.11.2021, 16:19:05] --> pavonikufu appeared
[fahaforipan:  28.11.2021, 16:19:10] --> kekufomopoga appeared
[fahaforipan:  28.11.2021, 16:19:48] --> pavonikufu appeared
[fahaforipan:  28.11.2021, 16:20:07] --> sohalavanek appeared
[fahaforipan:  28.11.2021, 16:20:53] --> Character leveled up to level 30
[fahaforipan:  28.11.2021, 16:21:20] --> pavonikufu appeared
[fahaforipan:  28.11.2021, 16:21:53] --> sohalavanek appeared
[fahaforipan:  28.11.2021, 16:22:23] --> koberozuzol appeared
[fahaforipan:  28.11.2021, 16:23:06] --> Character leveled up to level 31
[fahaforipan:  28.11.2021, 16:23:07] --> Bot terminated: Character reached level 31
[fikevofemo:   28.11.2021, 16:24:12] --> Bot successfully started
[fikevofemo:   28.11.2021, 16:24:13] --> Setting '1' loaded because of active level settings
[fikevofemo:   28.11.2021, 16:24:15] --> pobodokaro appeared
[fikevofemo:   28.11.2021, 16:24:19] --> Character went to saleswoman
[fikevofemo:   28.11.2021, 16:24:23] --> Character was kicked from the bot, reason: Character was walking
[fikevofemo:   28.11.2021, 16:24:51] --> ruzovaloroku appeared
[fikevofemo:   28.11.2021, 16:24:55] --> Character was kicked from the bot, reason: Character was walking
[fikevofemo:   28.11.2021, 16:25:08] --> Character leveled up to level 3
[fikevofemo:   28.11.2021, 16:25:09] --> Character leveled up to level 5
[fikevofemo:   28.11.2021, 16:25:10] --> Character leveled up to level 7
[fikevofemo:   28.11.2021, 16:25:11] --> Character leveled up to level 8
[fikevofemo:   28.11.2021, 16:25:13] --> Character leveled up to level 9
[fikevofemo:   28.11.2021, 16:25:13] --> fogehalehiv appeared
[fikevofemo:   28.11.2021, 16:25:17] --> Character leveled up to level 10
[fikevofemo:   28.11.2021, 16:25:20] --> Character leveled up to level 11
[fikevofemo:   28.11.2021, 16:25:26] --> Character leveled up to level 12
[fikevofemo:   28.11.2021, 16:25:31] --> fogehalehiv appeared
[fikevofemo:   28.11.2021, 16:25:34] --> fogehalehiv appeared
[fikevofemo:   28.11.2021, 16:25:37] --> Character leveled up to level 13
[fikevofemo:   28.11.2021, 16:26:07] --> fogehalehiv appeared
[fikevofemo:   28.11.2021, 16:26:12] --> Character leveled up to level 14
[fikevofemo:   28.11.2021, 16:26:19] --> Character leveled up to level 15
[fikevofemo:   28.11.2021, 16:26:19] --> Setting '2' loaded because of active level settings
[fikevofemo:   28.11.2021, 16:26:32] --> Character was kicked from the bot, reason: Character was walking
[fikevofemo:   28.11.2021, 16:26:57] --> Character was kicked from the bot, reason: Character was walking
[fikevofemo:   28.11.2021, 16:27:02] --> kekufomopoga appeared
[fikevofemo:   28.11.2021, 16:27:35] --> kekufomopoga appeared
[fikevofemo:   28.11.2021, 16:28:01] --> Character leveled up to level 16
[fikevofemo:   28.11.2021, 16:28:29] --> pinurebezok appeared
[fikevofemo:   28.11.2021, 16:28:34] --> Character leveled up to level 17
[fikevofemo:   28.11.2021, 16:28:34] --> koberozuzol appeared
[fikevofemo:   28.11.2021, 16:28:44] --> koberozuzol appeared
[fikevofemo:   28.11.2021, 16:28:49] --> Character leveled up to level 18
[fikevofemo:   28.11.2021, 16:29:29] --> Character leveled up to level 19
[fikevofemo:   28.11.2021, 16:29:54] --> ruzovaloroku appeared
[fikevofemo:   28.11.2021, 16:30:17] --> Character leveled up to level 20
[fikevofemo:   28.11.2021, 16:30:20] --> koberozuzol appeared
[fikevofemo:   28.11.2021, 16:31:24] --> Character leveled up to level 21
[fikevofemo:   28.11.2021, 16:31:39] --> kekufomopoga appeared
[fikevofemo:   28.11.2021, 16:31:50] --> variturura appeared
[fikevofemo:   28.11.2021, 16:32:07] --> pavonikufu appeared
[fikevofemo:   28.11.2021, 16:32:13] --> ruzovaloroku appeared
[fikevofemo:   28.11.2021, 16:32:23] --> Character leveled up to level 22
[fikevofemo:   28.11.2021, 16:32:44] --> koberozuzol appeared
[fikevofemo:   28.11.2021, 16:33:33] --> Character leveled up to level 23
[fikevofemo:   28.11.2021, 16:33:34] --> variturura appeared
[fikevofemo:   28.11.2021, 16:33:39] --> kekufomopoga appeared
[fikevofemo:   28.11.2021, 16:34:32] --> koberozuzol appeared
[fikevofemo:   28.11.2021, 16:34:35] --> Character leveled up to level 24
[fikevofemo:   28.11.2021, 16:35:23] --> muserafacure appeared
[fikevofemo:   28.11.2021, 16:35:34] --> ruzovaloroku appeared
[fikevofemo:   28.11.2021, 16:36:02] --> Character leveled up to level 25
[fikevofemo:   28.11.2021, 16:36:07] --> kekufomopoga appeared
[fikevofemo:   28.11.2021, 16:36:43] --> kekufomopoga appeared
[fikevofemo:   28.11.2021, 16:36:55] --> pavonikufu appeared
[fikevofemo:   28.11.2021, 16:37:18] --> Character leveled up to level 26
[fikevofemo:   28.11.2021, 16:37:19] --> koberozuzol appeared
[fikevofemo:   28.11.2021, 16:38:00] --> variturura appeared
[fikevofemo:   28.11.2021, 16:38:58] --> Character leveled up to level 27
[fikevofemo:   28.11.2021, 16:38:58] --> koberozuzol appeared
[fikevofemo:   28.11.2021, 16:39:05] --> pinurebezok appeared
[fikevofemo:   28.11.2021, 16:39:49] --> koberozuzol appeared
[fikevofemo:   28.11.2021, 16:40:18] --> ruzovaloroku appeared
[fikevofemo:   28.11.2021, 16:40:34] --> variturura appeared
[fikevofemo:   28.11.2021, 16:40:39] --> variturura appeared
[fikevofemo:   28.11.2021, 16:40:45] --> koberozuzol appeared
[fikevofemo:   28.11.2021, 16:40:48] --> pavonikufu appeared
[fikevofemo:   28.11.2021, 16:40:54] --> ruzovaloroku appeared
[fikevofemo:   28.11.2021, 16:41:03] --> Character leveled up to level 28
[fikevofemo:   28.11.2021, 16:41:50] --> muserafacure appeared
[fikevofemo:   28.11.2021, 16:42:17] --> kekufomopoga appeared
[fikevofemo:   28.11.2021, 16:42:40] --> ruzovaloroku appeared
[fikevofemo:   28.11.2021, 16:42:57] --> Character leveled up to level 29
[fikevofemo:   28.11.2021, 16:43:28] --> pavonikufu appeared
[fikevofemo:   28.11.2021, 16:43:39] --> kekufomopoga appeared
[fikevofemo:   28.11.2021, 16:43:52] --> ruzovaloroku appeared
[fikevofemo:   28.11.2021, 16:43:54] --> ruzovaloroku appeared
[fikevofemo:   28.11.2021, 16:44:05] --> kekufomopoga appeared
[fikevofemo:   28.11.2021, 16:44:28] --> ruzovaloroku appeared
[fikevofemo:   28.11.2021, 16:44:52] --> Character leveled up to level 30
[fikevofemo:   28.11.2021, 16:44:56] --> pinurebezok appeared
[fikevofemo:   28.11.2021, 16:45:15] --> kekufomopoga appeared
[fikevofemo:   28.11.2021, 16:45:50] --> fevovekemoru appeared
[fikevofemo:   28.11.2021, 16:46:32] --> ruzovaloroku appeared
[fikevofemo:   28.11.2021, 16:46:48] --> fevovekemoru appeared
[fikevofemo:   28.11.2021, 16:46:54] --> Character leveled up to level 31
[fikevofemo:   28.11.2021, 16:46:55] --> fevovekemoru appeared
[fikevofemo:   28.11.2021, 16:46:56] --> Bot terminated: Character reached level 31
[pogezosazo:   28.11.2021, 16:48:13] --> Bot successfully started
[pogezosazo:   28.11.2021, 16:48:13] --> fopivukize appeared
[pogezosazo:   28.11.2021, 16:48:13] --> Setting '1' loaded because of active level settings
[pogezosazo:   28.11.2021, 16:48:20] --> Character went to saleswoman
[pogezosazo:   28.11.2021, 16:48:23] --> Character was kicked from the bot, reason: Character was walking
[pogezosazo:   28.11.2021, 16:48:55] --> Character was kicked from the bot, reason: Character was walking
[pogezosazo:   28.11.2021, 16:49:08] --> Character leveled up to level 2
[pogezosazo:   28.11.2021, 16:49:09] --> Character leveled up to level 5
[pogezosazo:   28.11.2021, 16:49:10] --> Character leveled up to level 7
[pogezosazo:   28.11.2021, 16:49:11] --> Character leveled up to level 8
[pogezosazo:   28.11.2021, 16:49:12] --> fopivukize appeared
[pogezosazo:   28.11.2021, 16:49:13] --> Character leveled up to level 9
[pogezosazo:   28.11.2021, 16:49:19] --> Character leveled up to level 10
[pogezosazo:   28.11.2021, 16:49:20] --> Character leveled up to level 11
[pogezosazo:   28.11.2021, 16:49:26] --> Character leveled up to level 12
[pogezosazo:   28.11.2021, 16:49:39] --> fopivukize appeared
[pogezosazo:   28.11.2021, 16:49:39] --> Character leveled up to level 13
[pogezosazo:   28.11.2021, 16:50:02] --> fopivukize appeared
[pogezosazo:   28.11.2021, 16:50:13] --> Character leveled up to level 14
[pogezosazo:   28.11.2021, 16:50:18] --> Character leveled up to level 15
[pogezosazo:   28.11.2021, 16:50:18] --> Setting '2' loaded because of active level settings
[pogezosazo:   28.11.2021, 16:50:31] --> Character was kicked from the bot, reason: Character was walking
[pogezosazo:   28.11.2021, 16:50:42] --> kivebotikep appeared
[pogezosazo:   28.11.2021, 16:50:54] --> kivebotikep appeared
[pogezosazo:   28.11.2021, 16:50:56] --> Character was kicked from the bot, reason: Character was walking
[pogezosazo:   28.11.2021, 16:51:05] --> pavonikufu appeared
[pogezosazo:   28.11.2021, 16:51:25] --> Character leveled up to level 16
[pogezosazo:   28.11.2021, 16:51:33] --> rukebevihiz appeared
[pogezosazo:   28.11.2021, 16:52:03] --> Character leveled up to level 17
[pogezosazo:   28.11.2021, 16:52:16] --> kekufomopoga appeared
[pogezosazo:   28.11.2021, 16:52:45] --> Character leveled up to level 18
[pogezosazo:   28.11.2021, 16:52:49] --> fevovekemoru appeared
[pogezosazo:   28.11.2021, 16:53:08] --> Character leveled up to level 19
[pogezosazo:   28.11.2021, 16:53:10] --> rukuzawibita appeared
[pogezosazo:   28.11.2021, 16:53:34] --> ruzovaloroku appeared
[pogezosazo:   28.11.2021, 16:53:49] --> Character leveled up to level 20
[pogezosazo:   28.11.2021, 16:54:03] --> pavonikufu appeared
[pogezosazo:   28.11.2021, 16:54:13] --> pavonikufu appeared
[pogezosazo:   28.11.2021, 16:54:14] --> fevovekemoru appeared
[pogezosazo:   28.11.2021, 16:54:20] --> fevovekemoru appeared
[pogezosazo:   28.11.2021, 16:54:36] --> rukebevihiz appeared
[pogezosazo:   28.11.2021, 16:54:46] --> fevovekemoru appeared
[pogezosazo:   28.11.2021, 16:54:50] --> Character leveled up to level 21
[pogezosazo:   28.11.2021, 16:54:59] --> pavonikufu appeared
[pogezosazo:   28.11.2021, 16:55:06] --> kivebotikep appeared
[pogezosazo:   28.11.2021, 16:56:17] --> kivebotikep appeared
[pogezosazo:   28.11.2021, 16:56:22] --> Character leveled up to level 22
[pogezosazo:   28.11.2021, 16:56:42] --> mocuforahe appeared
[pogezosazo:   28.11.2021, 16:56:56] --> fevovekemoru appeared
[pogezosazo:   28.11.2021, 16:57:18] --> Character leveled up to level 23
[pogezosazo:   28.11.2021, 16:57:48] --> rukuzawibita appeared
[pogezosazo:   28.11.2021, 16:58:08] --> nufehinave appeared
[pogezosazo:   28.11.2021, 16:58:22] --> fevovekemoru appeared
[pogezosazo:   28.11.2021, 16:58:25] --> Character leveled up to level 24
[pogezosazo:   28.11.2021, 16:58:27] --> fevovekemoru appeared
[pogezosazo:   28.11.2021, 16:58:38] --> pavonikufu appeared
[pogezosazo:   28.11.2021, 16:59:14] --> rukebevihiz appeared
[pogezosazo:   28.11.2021, 16:59:40] --> Character leveled up to level 25
[pogezosazo:   28.11.2021, 16:59:43] --> ruzovaloroku appeared
[pogezosazo:   28.11.2021, 17:00:20] --> kekufomopoga appeared
[pogezosazo:   28.11.2021, 17:01:36] --> Character leveled up to level 26
[pogezosazo:   28.11.2021, 17:02:03] --> lezuvenicig appeared
[pogezosazo:   28.11.2021, 17:02:16] --> rukebevihiz appeared
[pogezosazo:   28.11.2021, 17:02:22] --> rudogakepar appeared
[pogezosazo:   28.11.2021, 17:02:28] --> pavonikufu appeared
[pogezosazo:   28.11.2021, 17:02:42] --> rudogakepar appeared
[pogezosazo:   28.11.2021, 17:02:50] --> Character leveled up to level 27
[pogezosazo:   28.11.2021, 17:03:07] --> rupikupuvof appeared
[pogezosazo:   28.11.2021, 17:03:33] --> kivebotikep appeared
[pogezosazo:   28.11.2021, 17:03:42] --> rudogakepar appeared
[pogezosazo:   28.11.2021, 17:03:48] --> rudogakepar appeared
[pogezosazo:   28.11.2021, 17:04:03] --> rukuzawibita appeared
[pogezosazo:   28.11.2021, 17:04:10] --> kacubiwatul appeared
[pogezosazo:   28.11.2021, 17:04:16] --> Character leveled up to level 28
[pogezosazo:   28.11.2021, 17:04:40] --> rudogakepar appeared
[pogezosazo:   28.11.2021, 17:04:43] --> rudogakepar appeared
[pogezosazo:   28.11.2021, 17:04:57] --> rukuzawibita appeared
[pogezosazo:   28.11.2021, 17:05:07] --> kacubiwatul appeared
[pogezosazo:   28.11.2021, 17:05:25] --> muserafacure appeared
[pogezosazo:   28.11.2021, 17:05:52] --> muserafacure appeared
[pogezosazo:   28.11.2021, 17:06:31] --> Character leveled up to level 29
[pogezosazo:   28.11.2021, 17:06:49] --> rudogakepar appeared
[pogezosazo:   28.11.2021, 17:06:55] --> rukebevihiz appeared
[pogezosazo:   28.11.2021, 17:07:05] --> kacubiwatul appeared
[pogezosazo:   28.11.2021, 17:07:20] --> nufehinave appeared
[pogezosazo:   28.11.2021, 17:07:26] --> nufehinave appeared
[pogezosazo:   28.11.2021, 17:07:36] --> kacubiwatul appeared
[pogezosazo:   28.11.2021, 17:08:19] --> rudogakepar appeared
[pogezosazo:   28.11.2021, 17:08:23] --> Character leveled up to level 30
[pogezosazo:   28.11.2021, 17:08:33] --> nufehinave appeared
[pogezosazo:   28.11.2021, 17:08:46] --> rudogakepar appeared
[pogezosazo:   28.11.2021, 17:08:50] --> nemanibuki appeared
[pogezosazo:   28.11.2021, 17:08:58] --> rupikupuvof appeared
[pogezosazo:   28.11.2021, 17:09:17] --> rudogakepar appeared
[pogezosazo:   28.11.2021, 17:09:21] --> kekufomopoga appeared
[pogezosazo:   28.11.2021, 17:10:00] --> muserafacure appeared
[pogezosazo:   28.11.2021, 17:10:30] --> kacubiwatul appeared
[pogezosazo:   28.11.2021, 17:10:42] --> rudogakepar appeared
[pogezosazo:   28.11.2021, 17:10:48] --> rudogakepar appeared
[pogezosazo:   28.11.2021, 17:10:51] --> Character leveled up to level 31
[pogezosazo:   28.11.2021, 17:10:52] --> Bot terminated: Character reached level 31
[lobevasilo:   29.11.2021, 12:43:22] --> Bot successfully started
[lobevasilo:   29.11.2021, 12:43:22] --> gelolepelil appeared
[lobevasilo:   29.11.2021, 12:43:28] --> Time passed, now going to talk to alchemist: lobevasilo
[lobevasilo:   29.11.2021, 12:43:28] --> Character went to Alchemist: lobevasilo
[lobevasilo:   29.11.2021, 12:43:31] --> Character was kicked from the bot, reason: Character was walking
[lobevasilo:   29.11.2021, 12:43:52] --> Character was kicked from the bot, reason: Character was walking
[lobevasilo:   29.11.2021, 12:43:58] --> erbartsr3w appeared
[lobevasilo:   29.11.2021, 12:44:15] --> Character was kicked from the bot, reason: Character was walking
[lobevasilo:   29.11.2021, 12:44:46] --> ralazizaba appeared
[lobevasilo:   29.11.2021, 12:44:49] --> Character was kicked from the bot, reason: Character was walking
[lobevasilo:   29.11.2021, 12:45:43] --> zugehufezifo appeared
[lobevasilo:   29.11.2021, 12:46:37] --> linemafozewi appeared
[lobevasilo:   29.11.2021, 12:46:43] --> keruzasuhusu appeared
[lobevasilo:   29.11.2021, 12:47:19] --> BaeVisoR82 appeared
[lobevasilo:   29.11.2021, 12:47:37] --> keruzasuhusu appeared
[lobevasilo:   29.11.2021, 12:48:11] --> BaeVisoR82 appeared
[lobevasilo:   29.11.2021, 12:48:30] --> BaeVisoR82 appeared
[lobevasilo:   29.11.2021, 12:48:35] --> BaeVisoR82 appeared
[lobevasilo:   29.11.2021, 12:48:41] --> Character died
[lobevasilo:   29.11.2021, 12:48:57] --> Character died
[lobevasilo:   29.11.2021, 12:49:48] --> BaeVisoR82 appeared
[lobevasilo:   29.11.2021, 12:50:40] --> linemafozewi appeared
[lobevasilo:   29.11.2021, 12:50:48] --> sldwax45 appeared
[lobevasilo:   29.11.2021, 12:51:42] --> 10 shards collected, now going to talk to alchemist: lobevasilo
[lobevasilo:   29.11.2021, 12:51:42] --> Character went to Alchemist: lobevasilo
[lobevasilo:   29.11.2021, 12:52:15] --> cekesadekaza appeared
[lobevasilo:   29.11.2021, 12:52:25] --> vidakipigit appeared
[lobevasilo:   29.11.2021, 12:52:31] --> Character was kicked from the bot, reason: Character was walking
[lobevasilo:   29.11.2021, 12:52:55] --> Character was kicked from the bot, reason: Character was walking
[lobevasilo:   29.11.2021, 12:53:28] --> Character was kicked from the bot, reason: Character was walking
[lobevasilo:   29.11.2021, 12:53:32] --> sldwax45 appeared
[lobevasilo:   29.11.2021, 12:53:48] --> Character leveled up to level 32
[lobevasilo:   29.11.2021, 12:54:12] --> keruzasuhusu appeared
[lobevasilo:   29.11.2021, 12:54:25] --> BaeVisoR82 appeared
[lobevasilo:   29.11.2021, 12:55:33] --> keruzasuhusu appeared
[lobevasilo:   29.11.2021, 12:56:02] --> BaeVisoR82 appeared
[lobevasilo:   29.11.2021, 12:56:30] --> keruzasuhusu appeared
[lobevasilo:   29.11.2021, 12:57:11] --> zugehufezifo appeared
[lobevasilo:   29.11.2021, 12:57:34] --> keruzasuhusu appeared
[lobevasilo:   29.11.2021, 12:57:46] --> linemafozewi appeared
[lobevasilo:   29.11.2021, 12:57:56] --> keruzasuhusu appeared
[lobevasilo:   29.11.2021, 12:58:09] --> BaeVisoR82 appeared
[lobevasilo:   29.11.2021, 12:58:35] --> keruzasuhusu appeared
[lobevasilo:   29.11.2021, 12:58:54] --> keruzasuhusu appeared
[lobevasilo:   29.11.2021, 12:58:59] --> keruzasuhusu appeared
[lobevasilo:   29.11.2021, 13:00:22] --> keruzasuhusu appeared
[lobevasilo:   29.11.2021, 13:00:36] --> keruzasuhusu appeared
[lobevasilo:   29.11.2021, 13:02:15] --> BaeVisoR82 appeared
[lobevasilo:   29.11.2021, 13:02:15] --> Character leveled up to level 33
[lobevasilo:   29.11.2021, 13:02:39] --> keruzasuhusu appeared
[lobevasilo:   29.11.2021, 13:02:58] --> keruzasuhusu appeared
[lobevasilo:   29.11.2021, 13:03:04] --> keruzasuhusu appeared
[lobevasilo:   29.11.2021, 13:03:42] --> keruzasuhusu appeared
[lobevasilo:   29.11.2021, 13:04:02] --> keruzasuhusu appeared
[lobevasilo:   29.11.2021, 13:04:19] --> BaeVisoR82 appeared
[lobevasilo:   29.11.2021, 13:05:06] --> keruzasuhusu appeared
[lobevasilo:   29.11.2021, 13:05:28] --> keruzasuhusu appeared
[lobevasilo:   29.11.2021, 13:06:20] --> zugehufezifo appeared
[lobevasilo:   29.11.2021, 13:06:38] --> sldwax45 appeared
[lobevasilo:   29.11.2021, 13:07:02] --> adsimsa81 appeared
[lobevasilo:   29.11.2021, 13:07:52] --> keruzasuhusu appeared
[lobevasilo:   29.11.2021, 13:08:48] --> keruzasuhusu appeared
[lobevasilo:   29.11.2021, 13:08:57] --> keruzasuhusu appeared
[lobevasilo:   29.11.2021, 13:09:03] --> keruzasuhusu appeared
[lobevasilo:   29.11.2021, 13:09:07] --> keruzasuhusu appeared
[lobevasilo:   29.11.2021, 13:09:13] --> keruzasuhusu appeared
[lobevasilo:   29.11.2021, 13:10:01] --> zugehufezifo appeared
[lobevasilo:   29.11.2021, 13:10:47] --> BaeVisoR82 appeared
[lobevasilo:   29.11.2021, 13:10:50] --> keruzasuhusu appeared
[lobevasilo:   29.11.2021, 13:11:09] --> keruzasuhusu appeared
[lobevasilo:   29.11.2021, 13:11:14] --> keruzasuhusu appeared
[lobevasilo:   29.11.2021, 13:11:29] --> sldwax45 appeared
[lobevasilo:   29.11.2021, 13:11:37] --> keruzasuhusu appeared
[lobevasilo:   29.11.2021, 13:12:04] --> sldwax45 appeared
[lobevasilo:   29.11.2021, 13:12:33] --> linemafozewi appeared
[lobevasilo:   29.11.2021, 13:12:50] --> keruzasuhusu appeared
[lobevasilo:   29.11.2021, 13:13:16] --> Character leveled up to level 34
[lobevasilo:   29.11.2021, 13:13:20] --> sldwax45 appeared
[lobevasilo:   29.11.2021, 13:14:00] --> keruzasuhusu appeared
[lobevasilo:   29.11.2021, 13:14:12] --> BaeVisoR82 appeared
[lobevasilo:   29.11.2021, 13:14:39] --> BaeVisoR82 appeared
[lobevasilo:   29.11.2021, 13:15:23] --> adsimsa84 appeared
[lobevasilo:   29.11.2021, 13:17:06] --> BaeVisoR82 appeared
[lobevasilo:   29.11.2021, 13:17:33] --> linemafozewi appeared
[lobevasilo:   29.11.2021, 13:17:34] --> linemafozewi appeared
[lobevasilo:   29.11.2021, 13:17:36] --> linemafozewi appeared
[lobevasilo:   29.11.2021, 13:17:55] --> vizacoroku appeared
[lobevasilo:   29.11.2021, 13:18:13] --> BaeVisoR82 appeared
[lobevasilo:   29.11.2021, 13:18:15] --> vidakipigit appeared
[lobevasilo:   29.11.2021, 13:19:10] --> BaeVisoR82 appeared
[lobevasilo:   29.11.2021, 13:19:50] --> keruzasuhusu appeared
[lobevasilo:   29.11.2021, 13:20:17] --> keruzasuhusu appeared
[lobevasilo:   29.11.2021, 13:20:26] --> BaeVisoR82 appeared
[lobevasilo:   29.11.2021, 13:21:12] --> keruzasuhusu appeared
[lobevasilo:   29.11.2021, 13:21:27] --> keruzasuhusu appeared
[lobevasilo:   29.11.2021, 13:21:32] --> keruzasuhusu appeared
[lobevasilo:   29.11.2021, 13:21:37] --> keruzasuhusu appeared
[lobevasilo:   29.11.2021, 13:21:58] --> Character leveled up to level 35
[lobevasilo:   29.11.2021, 13:22:36] --> keruzasuhusu appeared
[lobevasilo:   29.11.2021, 13:22:44] --> Char changed: 5 dragon cors collected, total cor count: 5
[lobevasilo:   29.11.2021, 13:22:44] --> Character was kicked from the bot, reason: Changing character
[lobevasilo:   29.11.2021, 13:22:50] --> murezudevon appeared
[rofazowozitu: 29.11.2021, 13:22:55] --> Time passed, now going to talk to alchemist: rofazowozitu
[rofazowozitu: 29.11.2021, 13:22:55] --> Character went to Alchemist: rofazowozitu
[rofazowozitu: 29.11.2021, 13:22:58] --> Character was kicked from the bot, reason: Character was walking
[rofazowozitu: 29.11.2021, 13:23:19] --> Character was kicked from the bot, reason: Character was walking
[rofazowozitu: 29.11.2021, 13:23:25] --> gerizetewih appeared
[rofazowozitu: 29.11.2021, 13:23:43] --> Character was kicked from the bot, reason: Character was walking
[rofazowozitu: 29.11.2021, 13:24:17] --> Character was kicked from the bot, reason: Character was walking
[rofazowozitu: 29.11.2021, 13:24:20] --> vizacoroku appeared
[rofazowozitu: 29.11.2021, 13:25:11] --> keruzasuhusu appeared
[rofazowozitu: 29.11.2021, 13:25:33] --> keruzasuhusu appeared
[rofazowozitu: 29.11.2021, 13:25:58] --> adsimsa84 appeared
[rofazowozitu: 29.11.2021, 13:26:28] --> linemafozewi appeared
[rofazowozitu: 29.11.2021, 13:27:29] --> keruzasuhusu appeared
[rofazowozitu: 29.11.2021, 13:27:57] --> keruzasuhusu appeared
[rofazowozitu: 29.11.2021, 13:28:07] --> BaeVisoR82 appeared
[rofazowozitu: 29.11.2021, 13:28:31] --> BaeVisoR82 appeared
[rofazowozitu: 29.11.2021, 13:28:53] --> keruzasuhusu appeared
[rofazowozitu: 29.11.2021, 13:29:19] --> keruzasuhusu appeared
[rofazowozitu: 29.11.2021, 13:30:08] --> linemafozewi appeared
[rofazowozitu: 29.11.2021, 13:30:13] --> linemafozewi appeared
[rofazowozitu: 29.11.2021, 13:30:15] --> keruzasuhusu appeared
[rofazowozitu: 29.11.2021, 13:30:26] --> keruzasuhusu appeared
[rofazowozitu: 29.11.2021, 13:30:31] --> keruzasuhusu appeared
[rofazowozitu: 29.11.2021, 13:30:39] --> 10 shards collected, now going to talk to alchemist: rofazowozitu
[rofazowozitu: 29.11.2021, 13:30:39] --> Character went to Alchemist: rofazowozitu
[rofazowozitu: 29.11.2021, 13:30:59] --> cosakekiboh appeared
[rofazowozitu: 29.11.2021, 13:31:04] --> Character was kicked from the bot, reason: Character was walking
[rofazowozitu: 29.11.2021, 13:31:28] --> Character was kicked from the bot, reason: Character was walking
[rofazowozitu: 29.11.2021, 13:31:54] --> norevunemoh appeared
[rofazowozitu: 29.11.2021, 13:32:02] --> Character was kicked from the bot, reason: Character was walking
[rofazowozitu: 29.11.2021, 13:32:05] --> wagizizelub appeared
[rofazowozitu: 29.11.2021, 13:32:46] --> keruzasuhusu appeared
[rofazowozitu: 29.11.2021, 13:32:52] --> keruzasuhusu appeared
[rofazowozitu: 29.11.2021, 13:32:56] --> linemafozewi appeared
[rofazowozitu: 29.11.2021, 13:33:16] --> zugehufezifo appeared
[rofazowozitu: 29.11.2021, 13:33:21] --> Character leveled up to level 32
[rofazowozitu: 29.11.2021, 13:33:56] --> keruzasuhusu appeared
[rofazowozitu: 29.11.2021, 13:34:07] --> fugebelozepo appeared
[rofazowozitu: 29.11.2021, 13:34:20] --> keruzasuhusu appeared
[rofazowozitu: 29.11.2021, 13:34:30] --> BaeVisoR82 appeared
[rofazowozitu: 29.11.2021, 13:35:34] --> keruzasuhusu appeared
[rofazowozitu: 29.11.2021, 13:36:35] --> linemafozewi appeared
[rofazowozitu: 29.11.2021, 13:36:45] --> keruzasuhusu appeared
[rofazowozitu: 29.11.2021, 13:36:56] --> BaeVisoR82 appeared
[rofazowozitu: 29.11.2021, 13:37:11] --> adsimsa84 appeared
[rofazowozitu: 29.11.2021, 13:37:49] --> linemafozewi appeared
[rofazowozitu: 29.11.2021, 13:38:08] --> BaeVisoR82 appeared
[rofazowozitu: 29.11.2021, 13:38:49] --> zugehufezifo appeared
[rofazowozitu: 29.11.2021, 13:38:55] --> zugehufezifo appeared
[rofazowozitu: 29.11.2021, 13:39:02] --> zugehufezifo appeared
[rofazowozitu: 29.11.2021, 13:39:25] --> BaeVisoR82 appeared
[rofazowozitu: 29.11.2021, 13:39:43] --> BaeVisoR82 appeared
[rofazowozitu: 29.11.2021, 13:39:47] --> BaeVisoR82 appeared
[rofazowozitu: 29.11.2021, 13:40:02] --> keruzasuhusu appeared
[rofazowozitu: 29.11.2021, 13:40:32] --> keruzasuhusu appeared
[rofazowozitu: 29.11.2021, 13:44:34] --> Character got kick
[rofazowozitu: 29.11.2021, 13:45:19] --> keruzasuhusu appeared
[rofazowozitu: 29.11.2021, 13:45:45] --> Character leveled up to level 33
[rofazowozitu: 29.11.2021, 13:46:14] --> keruzasuhusu appeared
[rofazowozitu: 29.11.2021, 13:46:40] --> keruzasuhusu appeared
[rofazowozitu: 29.11.2021, 13:47:25] --> keruzasuhusu appeared
[rofazowozitu: 29.11.2021, 13:47:40] --> Character got kick
[rofazowozitu: 29.11.2021, 13:47:47] --> keruzasuhusu appeared
[rofazowozitu: 29.11.2021, 13:48:12] --> keruzasuhusu appeared
[rofazowozitu: 29.11.2021, 13:48:57] --> keruzasuhusu appeared
[rofazowozitu: 29.11.2021, 13:48:58] --> keruzasuhusu appeared
[rofazowozitu: 29.11.2021, 13:49:04] --> keruzasuhusu appeared
[rofazowozitu: 29.11.2021, 13:49:51] --> sldwax46 appeared
[rofazowozitu: 29.11.2021, 13:50:12] --> keruzasuhusu appeared
[rofazowozitu: 29.11.2021, 13:50:26] --> linemafozewi appeared
[rofazowozitu: 29.11.2021, 13:50:45] --> BaeVisoR82 appeared
[rofazowozitu: 29.11.2021, 13:51:57] --> keruzasuhusu appeared
[rofazowozitu: 29.11.2021, 13:52:14] --> sldwax46 appeared
[rofazowozitu: 29.11.2021, 13:53:01] --> keruzasuhusu appeared
[rofazowozitu: 29.11.2021, 13:53:15] --> BaeVisoR82 appeared
[rofazowozitu: 29.11.2021, 13:55:45] --> Character got kick
[rofazowozitu: 29.11.2021, 13:56:42] --> keruzasuhusu appeared
[rofazowozitu: 29.11.2021, 13:56:45] --> keruzasuhusu appeared
[rofazowozitu: 29.11.2021, 13:57:27] --> keruzasuhusu appeared
[rofazowozitu: 29.11.2021, 13:58:30] --> BaeVisoR82 appeared
[rofazowozitu: 29.11.2021, 13:58:41] --> Character leveled up to level 34
[rofazowozitu: 29.11.2021, 13:58:49] --> BaeVisoR82 appeared
[rofazowozitu: 29.11.2021, 13:58:53] --> BaeVisoR82 appeared
[rofazowozitu: 29.11.2021, 13:59:10] --> zugehufezifo appeared
[rofazowozitu: 29.11.2021, 13:59:47] --> BaeVisoR82 appeared
[rofazowozitu: 29.11.2021, 14:00:10] --> keruzasuhusu appeared
[rofazowozitu: 29.11.2021, 14:01:00] --> keruzasuhusu appeared
[rofazowozitu: 29.11.2021, 14:01:19] --> BaeVisoR82 appeared
[rofazowozitu: 29.11.2021, 14:01:23] --> BaeVisoR82 appeared
[rofazowozitu: 29.11.2021, 14:02:15] --> BaeVisoR82 appeared
[rofazowozitu: 29.11.2021, 14:02:34] --> BaeVisoR82 appeared
[rofazowozitu: 29.11.2021, 14:02:38] --> BaeVisoR82 appeared
[rofazowozitu: 29.11.2021, 14:03:11] --> Character got kick
[rofazowozitu: 29.11.2021, 14:03:18] --> kuvehulewara appeared
[rofazowozitu: 29.11.2021, 14:03:38] --> kuvehulewara appeared
[rofazowozitu: 29.11.2021, 14:04:17] --> keruzasuhusu appeared
[rofazowozitu: 29.11.2021, 14:04:26] --> zugehufezifo appeared
[rofazowozitu: 29.11.2021, 14:04:49] --> Char changed: 5 dragon cors collected, total cor count: 5
[rofazowozitu: 29.11.2021, 14:04:50] --> Character was kicked from the bot, reason: Changing character
[fahaforipan:  29.11.2021, 14:04:59] --> Time passed, now going to talk to alchemist: fahaforipan
[fahaforipan:  29.11.2021, 14:04:59] --> Character went to Alchemist: fahaforipan
[fahaforipan:  29.11.2021, 14:05:12] --> rofonasaruk appeared
[fahaforipan:  29.11.2021, 14:05:23] --> Character was kicked from the bot, reason: Character was walking
[fahaforipan:  29.11.2021, 14:05:29] --> Cofranto appeared
[fahaforipan:  29.11.2021, 14:05:47] --> Character was kicked from the bot, reason: Character was walking
[fahaforipan:  29.11.2021, 14:06:22] --> Character was kicked from the bot, reason: Character was walking
[fahaforipan:  29.11.2021, 14:06:26] --> BaeVisoR82 appeared
[fahaforipan:  29.11.2021, 14:06:50] --> BaeVisoR82 appeared
[fahaforipan:  29.11.2021, 14:07:15] --> keruzasuhusu appeared
[fahaforipan:  29.11.2021, 14:07:24] --> keruzasuhusu appeared
[fahaforipan:  29.11.2021, 14:07:28] --> linemafozewi appeared
[fahaforipan:  29.11.2021, 14:07:30] --> keruzasuhusu appeared
[fahaforipan:  29.11.2021, 14:07:35] --> keruzasuhusu appeared
[fahaforipan:  29.11.2021, 14:07:40] --> keruzasuhusu appeared
[fahaforipan:  29.11.2021, 14:08:03] --> sldwax47 appeared
[fahaforipan:  29.11.2021, 14:08:36] --> keruzasuhusu appeared
[fahaforipan:  29.11.2021, 14:09:39] --> Bot successfully started
[fahaforipan:  29.11.2021, 14:09:40] --> keruzasuhusu appeared
[fahaforipan:  29.11.2021, 14:09:58] --> keruzasuhusu appeared
[fahaforipan:  29.11.2021, 14:10:35] --> 10 shards collected, now going to talk to alchemist: fahaforipan
[fahaforipan:  29.11.2021, 14:10:35] --> Character went to Alchemist: fahaforipan
[fahaforipan:  29.11.2021, 14:10:45] --> cekesadekaza appeared
[fahaforipan:  29.11.2021, 14:10:59] --> Character was kicked from the bot, reason: Character was walking
[fahaforipan:  29.11.2021, 14:11:21] --> Character was kicked from the bot, reason: Character was walking
[fahaforipan:  29.11.2021, 14:11:55] --> Character was kicked from the bot, reason: Character was walking
[fahaforipan:  29.11.2021, 14:11:58] --> wagizizelub appeared
[fahaforipan:  29.11.2021, 14:12:30] --> linemafozewi appeared
[fahaforipan:  29.11.2021, 14:12:50] --> BaeVisoR82 appeared
[fahaforipan:  29.11.2021, 14:13:13] --> BaeVisoR82 appeared
[fahaforipan:  29.11.2021, 14:13:30] --> keruzasuhusu appeared
[fahaforipan:  29.11.2021, 14:13:58] --> keruzasuhusu appeared
[fahaforipan:  29.11.2021, 14:14:32] --> Character leveled up to level 32
[fahaforipan:  29.11.2021, 14:14:51] --> zugehufezifo appeared
[fahaforipan:  29.11.2021, 14:15:55] --> keruzasuhusu appeared
[fahaforipan:  29.11.2021, 14:16:12] --> zugehufezifo appeared
[fahaforipan:  29.11.2021, 14:16:32] --> zugehufezifo appeared
[fahaforipan:  29.11.2021, 14:16:56] --> keruzasuhusu appeared
[fahaforipan:  29.11.2021, 14:17:15] --> keruzasuhusu appeared
[fahaforipan:  29.11.2021, 14:17:16] --> keruzasuhusu appeared
[fahaforipan:  29.11.2021, 14:17:21] --> keruzasuhusu appeared
[fahaforipan:  29.11.2021, 14:17:39] --> sldwax47 appeared
[fahaforipan:  29.11.2021, 14:18:11] --> BaeVisoR82 appeared
[fahaforipan:  29.11.2021, 14:18:28] --> keruzasuhusu appeared
[fahaforipan:  29.11.2021, 14:18:33] --> keruzasuhusu appeared
[fahaforipan:  29.11.2021, 14:18:58] --> keruzasuhusu appeared
[fahaforipan:  29.11.2021, 14:19:18] --> sldwax47 appeared
[fahaforipan:  29.11.2021, 14:19:27] --> BaeVisoR82 appeared
[fahaforipan:  29.11.2021, 14:20:08] --> keruzasuhusu appeared
[fahaforipan:  29.11.2021, 14:21:03] --> keruzasuhusu appeared
[fahaforipan:  29.11.2021, 14:21:30] --> sldwax47 appeared
[fahaforipan:  29.11.2021, 14:21:54] --> sldwax47 appeared
[fahaforipan:  29.11.2021, 14:22:16] --> kuvehulewara appeared
[fahaforipan:  29.11.2021, 14:22:54] --> Character leveled up to level 33
[fahaforipan:  29.11.2021, 14:23:32] --> keruzasuhusu appeared
[fahaforipan:  29.11.2021, 14:23:42] --> linemafozewi appeared
[fahaforipan:  29.11.2021, 14:24:32] --> sldwax47 appeared
[fahaforipan:  29.11.2021, 14:25:11] --> keruzasuhusu appeared
[fahaforipan:  29.11.2021, 14:25:22] --> keruzasuhusu appeared
[fahaforipan:  29.11.2021, 14:25:37] --> sldwax47 appeared
[fahaforipan:  29.11.2021, 14:26:19] --> keruzasuhusu appeared
[fahaforipan:  29.11.2021, 14:26:37] --> BaeVisoR82 appeared
[fahaforipan:  29.11.2021, 14:26:57] --> BaeVisoR82 appeared
[fahaforipan:  29.11.2021, 14:27:31] --> kuzimicamif appeared
[fahaforipan:  29.11.2021, 14:27:42] --> sldwax47 appeared
[fahaforipan:  29.11.2021, 14:28:13] --> BaeVisoR82 appeared
[fahaforipan:  29.11.2021, 14:28:18] --> BaeVisoR82 appeared
[fahaforipan:  29.11.2021, 14:28:40] --> sldwax47 appeared
[fahaforipan:  29.11.2021, 14:28:52] --> sldwax47 appeared
[fahaforipan:  29.11.2021, 14:29:10] --> BaeVisoR82 appeared
[fahaforipan:  29.11.2021, 14:30:00] --> kuzimicamif appeared
[fahaforipan:  29.11.2021, 14:30:15] --> keruzasuhusu appeared
[fahaforipan:  29.11.2021, 14:30:32] --> Character leveled up to level 34
[fahaforipan:  29.11.2021, 14:30:42] --> BaeVisoR82 appeared
[fahaforipan:  29.11.2021, 14:31:11] --> keruzasuhusu appeared
[fahaforipan:  29.11.2021, 14:31:29] --> keruzasuhusu appeared
[fahaforipan:  29.11.2021, 14:31:39] --> Char changed: 5 dragon cors collected, total cor count: 5
[fahaforipan:  29.11.2021, 14:31:39] --> Character was kicked from the bot, reason: Changing character
[fahaforipan:  29.11.2021, 14:31:45] --> murezudevon appeared
[fikevofemo:   29.11.2021, 14:31:50] --> Time passed, now going to talk to alchemist: fikevofemo
[fikevofemo:   29.11.2021, 14:31:50] --> Character went to Alchemist: fikevofemo
[fikevofemo:   29.11.2021, 14:31:54] --> Character was kicked from the bot, reason: Character was walking
[fikevofemo:   29.11.2021, 14:32:02] --> kifobazavuho appeared
[fikevofemo:   29.11.2021, 14:32:15] --> Character was kicked from the bot, reason: Character was walking
[fikevofemo:   29.11.2021, 14:32:21] --> erbartsr3w appeared
[fikevofemo:   29.11.2021, 14:32:39] --> Character was kicked from the bot, reason: Character was walking
[fikevofemo:   29.11.2021, 14:33:09] --> zugehufezifo appeared
[fikevofemo:   29.11.2021, 14:33:13] --> Character was kicked from the bot, reason: Character was walking
[fikevofemo:   29.11.2021, 14:33:35] --> BaeVisoR82 appeared
[fikevofemo:   29.11.2021, 14:34:27] --> keruzasuhusu appeared
[fikevofemo:   29.11.2021, 14:35:31] --> keruzasuhusu appeared
[fikevofemo:   29.11.2021, 14:35:44] --> BaeVisoR82 appeared
[fikevofemo:   29.11.2021, 14:36:04] --> BaeVisoR82 appeared
[fikevofemo:   29.11.2021, 14:36:25] --> keruzasuhusu appeared
[fikevofemo:   29.11.2021, 14:36:37] --> kuvehulewara appeared
[fikevofemo:   29.11.2021, 14:36:55] --> keruzasuhusu appeared
[fikevofemo:   29.11.2021, 14:36:59] --> 10 shards collected, now going to talk to alchemist: fikevofemo
[fikevofemo:   29.11.2021, 14:36:59] --> Character went to Alchemist: fikevofemo
[fikevofemo:   29.11.2021, 14:37:06] --> cekesadekaza appeared
[fikevofemo:   29.11.2021, 14:37:23] --> Character was kicked from the bot, reason: Character was walking
[fikevofemo:   29.11.2021, 14:37:48] --> Character was kicked from the bot, reason: Character was walking
[fikevofemo:   29.11.2021, 14:38:06] --> sldwax48 appeared
[fikevofemo:   29.11.2021, 14:38:15] --> sldwax48 appeared
[fikevofemo:   29.11.2021, 14:38:22] --> Character was kicked from the bot, reason: Character was walking
[fikevofemo:   29.11.2021, 14:38:26] --> keruzasuhusu appeared
[fikevofemo:   29.11.2021, 14:38:45] --> BaeVisoR82 appeared
[fikevofemo:   29.11.2021, 14:38:47] --> sldwax48 appeared
[fikevofemo:   29.11.2021, 14:39:08] --> keruzasuhusu appeared
[fikevofemo:   29.11.2021, 14:40:41] --> kuvehulewara appeared
[fikevofemo:   29.11.2021, 14:40:56] --> Character leveled up to level 32
[fikevofemo:   29.11.2021, 14:41:09] --> sldwax48 appeared
[fikevofemo:   29.11.2021, 14:41:17] --> BaeVisoR82 appeared
[fikevofemo:   29.11.2021, 14:41:41] --> linemafozewi appeared
[fikevofemo:   29.11.2021, 14:43:15] --> keruzasuhusu appeared
[fikevofemo:   29.11.2021, 14:43:38] --> BaeVisoR82 appeared
[fikevofemo:   29.11.2021, 14:44:16] --> keruzasuhusu appeared
[fikevofemo:   29.11.2021, 14:44:32] --> keruzasuhusu appeared
[fikevofemo:   29.11.2021, 14:44:35] --> keruzasuhusu appeared
[fikevofemo:   29.11.2021, 14:46:12] --> BaeVisoR82 appeared
[fikevofemo:   29.11.2021, 14:46:35] --> keruzasuhusu appeared
[fikevofemo:   29.11.2021, 14:46:46] --> keruzasuhusu appeared
[fikevofemo:   29.11.2021, 14:46:51] --> keruzasuhusu appeared
[fikevofemo:   29.11.2021, 14:46:56] --> keruzasuhusu appeared
[fikevofemo:   29.11.2021, 14:47:00] --> zugehufezifo appeared
[fikevofemo:   29.11.2021, 14:47:16] --> sldwax48 appeared
[fikevofemo:   29.11.2021, 14:47:55] --> vibukinuhi appeared
[fikevofemo:   29.11.2021, 14:48:15] --> BaeVisoR82 appeared
[fikevofemo:   29.11.2021, 14:48:52] --> Character leveled up to level 33
[fikevofemo:   29.11.2021, 14:49:07] --> zugehufezifo appeared
[fikevofemo:   29.11.2021, 14:50:15] --> keruzasuhusu appeared
[fikevofemo:   29.11.2021, 14:50:40] --> sldwax48 appeared
[fikevofemo:   29.11.2021, 14:51:01] --> zugehufezifo appeared
[fikevofemo:   29.11.2021, 14:51:29] --> keruzasuhusu appeared
[fikevofemo:   29.11.2021, 14:52:45] --> keruzasuhusu appeared
[fikevofemo:   29.11.2021, 14:53:03] --> keruzasuhusu appeared
[fikevofemo:   29.11.2021, 14:54:28] --> BaeVisoR82 appeared
[fikevofemo:   29.11.2021, 14:54:46] --> bipinocehafa appeared
[fikevofemo:   29.11.2021, 14:54:52] --> bipinocehafa appeared
[fikevofemo:   29.11.2021, 14:55:20] --> bipinocehafa appeared
[fikevofemo:   29.11.2021, 14:55:44] --> BaeVisoR82 appeared
[fikevofemo:   29.11.2021, 14:55:47] --> Character leveled up to level 34
[fikevofemo:   29.11.2021, 14:56:05] --> sldwax48 appeared
[fikevofemo:   29.11.2021, 14:56:24] --> keruzasuhusu appeared
[fikevofemo:   29.11.2021, 14:56:51] --> keruzasuhusu appeared
[fikevofemo:   29.11.2021, 14:57:37] --> keruzasuhusu appeared
[fikevofemo:   29.11.2021, 14:57:50] --> Char changed: 5 dragon cors collected, total cor count: 5
[fikevofemo:   29.11.2021, 14:57:51] --> Character was kicked from the bot, reason: Changing character
[fikevofemo:   29.11.2021, 14:57:56] --> Character died
[pogezosazo:   29.11.2021, 14:58:01] --> Time passed, now going to talk to alchemist: pogezosazo
[pogezosazo:   29.11.2021, 14:58:01] --> Character went to Alchemist: pogezosazo
[pogezosazo:   29.11.2021, 14:58:02] --> ruvogopuza appeared
[pogezosazo:   29.11.2021, 14:58:25] --> Character was kicked from the bot, reason: Character was walking
[pogezosazo:   29.11.2021, 14:58:31] --> erbartsr3w appeared
[pogezosazo:   29.11.2021, 14:58:48] --> Character was kicked from the bot, reason: Character was walking
[pogezosazo:   29.11.2021, 14:59:58] --> Bot successfully started
[pogezosazo:   29.11.2021, 14:59:58] --> erbartsr3w appeared
[pogezosazo:   29.11.2021, 15:00:08] --> Character was kicked from the bot, reason: Character was walking
[pogezosazo:   29.11.2021, 15:00:42] --> Character was kicked from the bot, reason: Character was walking
[pogezosazo:   29.11.2021, 15:00:48] --> BaeVisoR82 appeared
[pogezosazo:   29.11.2021, 15:01:00] --> Character got kick
[pogezosazo:   29.11.2021, 15:01:31] --> relebiwufi appeared
[pogezosazo:   29.11.2021, 15:01:42] --> keruzasuhusu appeared
[pogezosazo:   29.11.2021, 15:01:47] --> Character got kick
[pogezosazo:   29.11.2021, 15:02:14] --> keruzasuhusu appeared
[pogezosazo:   29.11.2021, 15:02:21] --> BaeVisoR82 appeared
