[bokubebucuzu: 28.11.2021, 14:10:00] --> Bot successfully started
[bokubebucuzu: 28.11.2021, 14:10:08] --> KrittYalcin appeared
[bokubebucuzu: 28.11.2021, 14:11:08] --> fumofaviwaz appeared
[bokubebucuzu: 28.11.2021, 14:11:46] --> gdok appeared
[bokubebucuzu: 28.11.2021, 14:13:39] --> cuwahobepuro appeared
[bokubebucuzu: 28.11.2021, 14:14:12] --> bobozakima appeared
[bokubebucuzu: 28.11.2021, 14:14:49] --> bobozakima appeared
[bokubebucuzu: 28.11.2021, 14:15:23] --> bobozakima appeared
[bokubebucuzu: 28.11.2021, 14:15:44] --> bezizuwire appeared
[bokubebucuzu: 28.11.2021, 14:16:37] --> bezizuwire appeared
[bokubebucuzu: 28.11.2021, 14:17:29] --> guvakehilona appeared
[bokubebucuzu: 28.11.2021, 14:17:59] --> KrittYalcin appeared
[bokubebucuzu: 28.11.2021, 14:18:16] --> dazokirezi appeared
[bokubebucuzu: 28.11.2021, 14:19:02] --> heribehukog appeared
[bokubebucuzu: 28.11.2021, 14:24:46] --> Changing into CH9
[bokubebucuzu: 28.11.2021, 14:25:14] --> Character was kicked from the bot, reason: Changing character
[bokubebucuzu: 28.11.2021, 14:25:21] --> vusokafepuku appeared
[bokubebucuzu: 28.11.2021, 14:27:04] --> Character was kicked from the bot, reason: Changing character
[bokubebucuzu: 28.11.2021, 14:27:11] --> vusokafepuku appeared
[panezebehir:  28.11.2021, 14:28:53] --> Character was kicked from the bot, reason: Changing character
[sevirifome:   28.11.2021, 14:30:42] --> Character was kicked from the bot, reason: Changing character
[vubidahupobo: 28.11.2021, 14:32:44] --> Character was kicked from the bot, reason: Changing character
[bokubebucuzu: 28.11.2021, 15:12:05] --> Bot successfully started
[bokubebucuzu: 28.11.2021, 15:12:05] --> Setting '1' loaded because of active level settings
[bokubebucuzu: 28.11.2021, 15:12:05] --> vubarahevas appeared
[bokubebucuzu: 28.11.2021, 15:12:12] --> Character went to saleswoman
[bokubebucuzu: 28.11.2021, 15:12:15] --> Character was kicked from the bot, reason: Character was walking
[bokubebucuzu: 28.11.2021, 15:12:47] --> Character was kicked from the bot, reason: Character was walking
[bokubebucuzu: 28.11.2021, 15:12:58] --> bagihuvunizi appeared
[bokubebucuzu: 28.11.2021, 15:13:00] --> Character leveled up to level 6
[bokubebucuzu: 28.11.2021, 15:13:01] --> Character leveled up to level 7
[bokubebucuzu: 28.11.2021, 15:13:02] --> Character leveled up to level 8
[bokubebucuzu: 28.11.2021, 15:13:04] --> Character leveled up to level 9
[bokubebucuzu: 28.11.2021, 15:13:23] --> Character leveled up to level 10
[bokubebucuzu: 28.11.2021, 15:13:29] --> Character leveled up to level 11
[bokubebucuzu: 28.11.2021, 15:13:31] --> bagihuvunizi appeared
[bokubebucuzu: 28.11.2021, 15:13:32] --> Character leveled up to level 12
[bokubebucuzu: 28.11.2021, 15:13:39] --> Character leveled up to level 13
[bokubebucuzu: 28.11.2021, 15:14:23] --> Character leveled up to level 14
[bokubebucuzu: 28.11.2021, 15:14:25] --> bagihuvunizi appeared
[bokubebucuzu: 28.11.2021, 15:14:35] --> Character leveled up to level 15
[bokubebucuzu: 28.11.2021, 15:14:35] --> Setting '2' loaded because of active level settings
[bokubebucuzu: 28.11.2021, 15:14:43] --> gusiwomiva appeared
[bokubebucuzu: 28.11.2021, 15:14:48] --> Character was kicked from the bot, reason: Character was walking
[bokubebucuzu: 28.11.2021, 15:15:14] --> Character was kicked from the bot, reason: Character was walking
[bokubebucuzu: 28.11.2021, 15:15:18] --> feviwoveciz appeared
[bokubebucuzu: 28.11.2021, 15:16:13] --> Character leveled up to level 16
[bokubebucuzu: 28.11.2021, 15:17:17] --> Character leveled up to level 17
[bokubebucuzu: 28.11.2021, 15:18:36] --> Character leveled up to level 18
[bokubebucuzu: 28.11.2021, 15:20:55] --> Character leveled up to level 19
[bokubebucuzu: 28.11.2021, 15:23:11] --> Character leveled up to level 20
[bokubebucuzu: 28.11.2021, 15:26:18] --> Character leveled up to level 21
[bokubebucuzu: 28.11.2021, 15:30:27] --> Character leveled up to level 22
[bokubebucuzu: 28.11.2021, 15:35:02] --> Character leveled up to level 23
[bokubebucuzu: 28.11.2021, 15:38:12] --> Character leveled up to level 24
[bokubebucuzu: 28.11.2021, 15:38:52] --> tuduzilidot appeared
[bokubebucuzu: 28.11.2021, 15:38:58] --> bubuzuzobin appeared
[bokubebucuzu: 28.11.2021, 15:40:00] --> Character leveled up to level 25
[bokubebucuzu: 28.11.2021, 15:47:20] --> Character leveled up to level 26
[bokubebucuzu: 28.11.2021, 15:52:27] --> Character leveled up to level 27
[bokubebucuzu: 28.11.2021, 15:57:38] --> Character leveled up to level 28
[bokubebucuzu: 28.11.2021, 16:04:20] --> Character leveled up to level 29
[bokubebucuzu: 28.11.2021, 16:13:37] --> Character leveled up to level 30
[bokubebucuzu: 28.11.2021, 16:18:56] --> Character leveled up to level 31
[bokubebucuzu: 28.11.2021, 16:18:57] --> Bot terminated: Character reached level 31
[panezebehir:  28.11.2021, 16:20:04] --> Bot successfully started
[panezebehir:  28.11.2021, 16:20:04] --> tipuwubehe appeared
[panezebehir:  28.11.2021, 16:20:05] --> Setting '1' loaded because of active level settings
[panezebehir:  28.11.2021, 16:20:11] --> Character went to saleswoman
[panezebehir:  28.11.2021, 16:20:14] --> Character was kicked from the bot, reason: Character was walking
[panezebehir:  28.11.2021, 16:20:47] --> Character was kicked from the bot, reason: Character was walking
[panezebehir:  28.11.2021, 16:21:01] --> Character leveled up to level 5
[panezebehir:  28.11.2021, 16:21:02] --> Character leveled up to level 7
[panezebehir:  28.11.2021, 16:21:03] --> Character leveled up to level 8
[panezebehir:  28.11.2021, 16:21:03] --> nevibohubo appeared
[panezebehir:  28.11.2021, 16:21:04] --> Character leveled up to level 9
[panezebehir:  28.11.2021, 16:21:14] --> Character leveled up to level 10
[panezebehir:  28.11.2021, 16:21:19] --> Character leveled up to level 11
[panezebehir:  28.11.2021, 16:21:26] --> Character leveled up to level 12
[panezebehir:  28.11.2021, 16:21:26] --> mubanutufig appeared
[panezebehir:  28.11.2021, 16:21:29] --> nevibohubo appeared
[panezebehir:  28.11.2021, 16:21:36] --> Character leveled up to level 13
[panezebehir:  28.11.2021, 16:21:58] --> nevibohubo appeared
[panezebehir:  28.11.2021, 16:22:18] --> Character leveled up to level 14
[panezebehir:  28.11.2021, 16:22:29] --> Character leveled up to level 15
[panezebehir:  28.11.2021, 16:22:29] --> Setting '2' loaded because of active level settings
[panezebehir:  28.11.2021, 16:22:42] --> Character was kicked from the bot, reason: Character was walking
[panezebehir:  28.11.2021, 16:23:09] --> Character was kicked from the bot, reason: Character was walking
[panezebehir:  28.11.2021, 16:23:13] --> murezudevon appeared
[panezebehir:  28.11.2021, 16:24:34] --> Character died
[panezebehir:  28.11.2021, 16:24:48] --> Character died
[panezebehir:  28.11.2021, 16:25:32] --> Character leveled up to level 16
[panezebehir:  28.11.2021, 16:26:38] --> Character leveled up to level 17
[panezebehir:  28.11.2021, 16:28:00] --> Character leveled up to level 18
[panezebehir:  28.11.2021, 16:30:06] --> Character leveled up to level 19
[panezebehir:  28.11.2021, 16:31:58] --> Character leveled up to level 20
[panezebehir:  28.11.2021, 16:34:46] --> Character leveled up to level 21
[panezebehir:  28.11.2021, 16:35:41] --> Character leveled up to level 22
[panezebehir:  28.11.2021, 16:36:47] --> gefikofebo appeared
[panezebehir:  28.11.2021, 16:36:53] --> fesebilosaw appeared
[panezebehir:  28.11.2021, 16:37:13] --> Character leveled up to level 23
[panezebehir:  28.11.2021, 16:40:30] --> Character leveled up to level 24
[panezebehir:  28.11.2021, 16:46:03] --> Character leveled up to level 25
[panezebehir:  28.11.2021, 16:50:07] --> Character leveled up to level 26
[panezebehir:  28.11.2021, 16:53:43] --> Character leveled up to level 27
[panezebehir:  28.11.2021, 16:55:21] --> pakizobisu appeared
[panezebehir:  28.11.2021, 16:55:28] --> fesebilosaw appeared
[panezebehir:  28.11.2021, 16:55:41] --> fesebilosaw appeared
[panezebehir:  28.11.2021, 16:55:47] --> Character leveled up to level 28
[panezebehir:  28.11.2021, 16:55:54] --> pakizobisu appeared
[panezebehir:  28.11.2021, 16:56:09] --> gefikofebo appeared
[panezebehir:  28.11.2021, 16:56:14] --> gefikofebo appeared
[panezebehir:  28.11.2021, 16:56:33] --> fesebilosaw appeared
[panezebehir:  28.11.2021, 16:56:36] --> gefikofebo appeared
[panezebehir:  28.11.2021, 16:57:29] --> nodukifufu appeared
[panezebehir:  28.11.2021, 16:57:48] --> Character leveled up to level 29
[panezebehir:  28.11.2021, 16:57:51] --> zawomovoge appeared
[panezebehir:  28.11.2021, 16:58:03] --> pakizobisu appeared
[panezebehir:  28.11.2021, 17:02:25] --> Character leveled up to level 30
[panezebehir:  28.11.2021, 17:07:50] --> Character leveled up to level 31
[panezebehir:  28.11.2021, 17:07:52] --> Bot terminated: Character reached level 31
[sevirifome:   28.11.2021, 17:08:55] --> Bot successfully started
[sevirifome:   28.11.2021, 17:08:55] --> tipuwubehe appeared
[sevirifome:   28.11.2021, 17:08:55] --> Setting '1' loaded because of active level settings
[sevirifome:   28.11.2021, 17:09:02] --> Character went to saleswoman
[sevirifome:   28.11.2021, 17:09:05] --> Character was kicked from the bot, reason: Character was walking
[sevirifome:   28.11.2021, 17:09:38] --> Character was kicked from the bot, reason: Character was walking
[sevirifome:   28.11.2021, 17:09:51] --> Character leveled up to level 4
[sevirifome:   28.11.2021, 17:09:52] --> Character leveled up to level 6
[sevirifome:   28.11.2021, 17:09:53] --> Character leveled up to level 7
[sevirifome:   28.11.2021, 17:09:54] --> Character leveled up to level 8
[sevirifome:   28.11.2021, 17:09:55] --> zicokovohi appeared
[sevirifome:   28.11.2021, 17:09:56] --> Character leveled up to level 9
[sevirifome:   28.11.2021, 17:10:09] --> Character leveled up to level 10
[sevirifome:   28.11.2021, 17:10:17] --> Character leveled up to level 11
[sevirifome:   28.11.2021, 17:10:21] --> zicokovohi appeared
[sevirifome:   28.11.2021, 17:10:23] --> Character leveled up to level 12
[sevirifome:   28.11.2021, 17:10:29] --> Character leveled up to level 13
[sevirifome:   28.11.2021, 17:10:47] --> zicokovohi appeared
[sevirifome:   28.11.2021, 17:11:12] --> Character leveled up to level 14
[sevirifome:   28.11.2021, 17:11:13] --> zicokovohi appeared
[sevirifome:   28.11.2021, 17:11:21] --> Character leveled up to level 15
[sevirifome:   28.11.2021, 17:11:21] --> Setting '2' loaded because of active level settings
[sevirifome:   28.11.2021, 17:11:36] --> Character was kicked from the bot, reason: Character was walking
[sevirifome:   28.11.2021, 17:11:48] --> gokifobuke appeared
[sevirifome:   28.11.2021, 17:12:01] --> panimukiza appeared
[sevirifome:   28.11.2021, 17:12:03] --> Character was kicked from the bot, reason: Character was walking
[sevirifome:   28.11.2021, 17:12:06] --> murezudevon appeared
[sevirifome:   28.11.2021, 17:13:02] --> Character leveled up to level 16
[sevirifome:   28.11.2021, 17:14:41] --> Character leveled up to level 17
[sevirifome:   28.11.2021, 17:16:50] --> Character leveled up to level 18
[sevirifome:   28.11.2021, 17:18:47] --> Character leveled up to level 19
[sevirifome:   28.11.2021, 17:20:14] --> Character leveled up to level 20
[sevirifome:   28.11.2021, 17:22:07] --> Character leveled up to level 21
[sevirifome:   28.11.2021, 17:22:16] --> fipihukupat appeared
[sevirifome:   28.11.2021, 17:22:54] --> murezudevon appeared
[sevirifome:   28.11.2021, 17:23:04] --> Character leveled up to level 22
[sevirifome:   28.11.2021, 17:26:55] --> Character leveled up to level 23
[sevirifome:   28.11.2021, 17:29:06] --> Character leveled up to level 24
[sevirifome:   28.11.2021, 17:31:49] --> Character leveled up to level 25
[sevirifome:   28.11.2021, 17:36:40] --> Character leveled up to level 26
[sevirifome:   28.11.2021, 17:42:56] --> Character leveled up to level 27
[sevirifome:   28.11.2021, 17:46:47] --> Character leveled up to level 28
[sevirifome:   28.11.2021, 17:51:41] --> Character leveled up to level 29
[sevirifome:   28.11.2021, 17:58:01] --> puroredafuni appeared
[sevirifome:   28.11.2021, 17:58:06] --> Character leveled up to level 30
[sevirifome:   28.11.2021, 17:59:24] --> puroredafuni appeared
[sevirifome:   28.11.2021, 17:59:29] --> puroredafuni appeared
[sevirifome:   28.11.2021, 17:59:49] --> panimukiza appeared
[sevirifome:   28.11.2021, 18:00:21] --> Character leveled up to level 31
[sevirifome:   28.11.2021, 18:00:22] --> Bot terminated: Character reached level 31
[vubidahupobo: 28.11.2021, 18:01:28] --> Bot successfully started
[vubidahupobo: 28.11.2021, 18:01:28] --> Setting '1' loaded because of active level settings
[vubidahupobo: 28.11.2021, 18:01:28] --> Fiela appeared
[vubidahupobo: 28.11.2021, 18:01:35] --> Character went to saleswoman
[vubidahupobo: 28.11.2021, 18:01:38] --> Character was kicked from the bot, reason: Character was walking
[vubidahupobo: 28.11.2021, 18:02:11] --> Character was kicked from the bot, reason: Character was walking
[vubidahupobo: 28.11.2021, 18:02:23] --> Character leveled up to level 2
[vubidahupobo: 28.11.2021, 18:02:24] --> Character leveled up to level 4
[vubidahupobo: 28.11.2021, 18:02:25] --> Character leveled up to level 7
[vubidahupobo: 28.11.2021, 18:02:27] --> Character leveled up to level 8
[vubidahupobo: 28.11.2021, 18:02:36] --> Character leveled up to level 9
[vubidahupobo: 28.11.2021, 18:02:38] --> Character leveled up to level 10
[vubidahupobo: 28.11.2021, 18:02:39] --> Character leveled up to level 11
[vubidahupobo: 28.11.2021, 18:02:54] --> Character leveled up to level 12
[vubidahupobo: 28.11.2021, 18:03:09] --> Character leveled up to level 13
[vubidahupobo: 28.11.2021, 18:03:15] --> Character leveled up to level 14
[vubidahupobo: 28.11.2021, 18:03:26] --> Character leveled up to level 15
[vubidahupobo: 28.11.2021, 18:03:26] --> Setting '2' loaded because of active level settings
[vubidahupobo: 28.11.2021, 18:03:38] --> Character was kicked from the bot, reason: Character was walking
[vubidahupobo: 28.11.2021, 18:03:48] --> zorupafavepu appeared
[vubidahupobo: 28.11.2021, 18:04:03] --> Character was kicked from the bot, reason: Character was walking
[vubidahupobo: 28.11.2021, 18:04:06] --> panimukiza appeared
[vubidahupobo: 28.11.2021, 18:05:17] --> Character leveled up to level 16
[vubidahupobo: 28.11.2021, 18:06:10] --> Character leveled up to level 17
[vubidahupobo: 28.11.2021, 18:06:59] --> Character leveled up to level 18
[vubidahupobo: 28.11.2021, 18:07:25] --> Character leveled up to level 19
[vubidahupobo: 28.11.2021, 18:09:48] --> Character leveled up to level 20
[vubidahupobo: 28.11.2021, 18:12:36] --> Character leveled up to level 21
[vubidahupobo: 28.11.2021, 18:15:04] --> Character leveled up to level 22
[vubidahupobo: 28.11.2021, 18:17:35] --> Character leveled up to level 23
[vubidahupobo: 28.11.2021, 18:19:37] --> Character leveled up to level 24
[vubidahupobo: 28.11.2021, 18:22:09] --> Character leveled up to level 25
[vubidahupobo: 28.11.2021, 18:26:03] --> Character leveled up to level 26
[vubidahupobo: 28.11.2021, 18:31:14] --> Character leveled up to level 27
[vubidahupobo: 28.11.2021, 18:35:44] --> Character leveled up to level 28
[vubidahupobo: 28.11.2021, 18:38:31] --> Character was kicked from the bot, reason: Character was walking
[vubidahupobo: 28.11.2021, 18:39:07] --> MYtK6Y appeared
[vubidahupobo: 28.11.2021, 18:39:28] --> kiroo4 appeared
[vubidahupobo: 28.11.2021, 18:39:34] --> MYtK6Y appeared
[vubidahupobo: 28.11.2021, 18:39:57] --> zawomovoge appeared
[vubidahupobo: 28.11.2021, 18:40:26] --> kiroo4 appeared
[vubidahupobo: 28.11.2021, 18:40:31] --> Character leveled up to level 29
[vubidahupobo: 28.11.2021, 18:40:52] --> kiroo4 appeared
[vubidahupobo: 28.11.2021, 18:41:20] --> kiroo4 appeared
[vubidahupobo: 28.11.2021, 18:41:29] --> MYtK6Y appeared
[vubidahupobo: 28.11.2021, 18:41:31] --> MYtK6Y appeared
[vubidahupobo: 28.11.2021, 18:41:54] --> MYtK6Y appeared
[vubidahupobo: 28.11.2021, 18:42:14] --> kiroo4 appeared
[vubidahupobo: 28.11.2021, 18:42:36] --> Character leveled up to level 30
[vubidahupobo: 28.11.2021, 18:42:43] --> kiroo4 appeared
[vubidahupobo: 28.11.2021, 18:43:14] --> MYtK6Y appeared
[vubidahupobo: 28.11.2021, 18:43:20] --> MYtK6Y appeared
[vubidahupobo: 28.11.2021, 18:43:41] --> MYtK6Y appeared
[vubidahupobo: 28.11.2021, 18:44:11] --> kiroo4 appeared
[vubidahupobo: 28.11.2021, 18:44:18] --> MYtK6Y appeared
[vubidahupobo: 28.11.2021, 18:44:34] --> MYtK6Y appeared
[vubidahupobo: 28.11.2021, 18:44:45] --> kiroo4 appeared
[vubidahupobo: 28.11.2021, 18:45:03] --> MYtK6Y appeared
[vubidahupobo: 28.11.2021, 18:45:16] --> MYtK6Y appeared
[vubidahupobo: 28.11.2021, 18:45:24] --> Character leveled up to level 31
[vubidahupobo: 28.11.2021, 18:45:25] --> Bot terminated: Character reached level 31
[ropukeleki:   28.11.2021, 18:46:21] --> Bot successfully started
[ropukeleki:   28.11.2021, 18:46:21] --> Setting '1' loaded because of active level settings
[ropukeleki:   28.11.2021, 18:46:21] --> Fiela appeared
[ropukeleki:   28.11.2021, 18:46:27] --> Character went to saleswoman
[ropukeleki:   28.11.2021, 18:46:30] --> Character was kicked from the bot, reason: Character was walking
[ropukeleki:   28.11.2021, 18:47:03] --> Character was kicked from the bot, reason: Character was walking
[ropukeleki:   28.11.2021, 18:47:15] --> Character leveled up to level 4
[ropukeleki:   28.11.2021, 18:47:16] --> Character leveled up to level 7
[ropukeleki:   28.11.2021, 18:47:18] --> Character leveled up to level 8
[ropukeleki:   28.11.2021, 18:47:18] --> zucukavemama appeared
[ropukeleki:   28.11.2021, 18:47:18] --> Character leveled up to level 9
[ropukeleki:   28.11.2021, 18:47:23] --> Character leveled up to level 10
[ropukeleki:   28.11.2021, 18:47:33] --> Character leveled up to level 11
[ropukeleki:   28.11.2021, 18:47:45] --> zucukavemama appeared
[ropukeleki:   28.11.2021, 18:47:53] --> Character leveled up to level 12
[ropukeleki:   28.11.2021, 18:48:05] --> Character leveled up to level 13
[ropukeleki:   28.11.2021, 18:48:12] --> zucukavemama appeared
[ropukeleki:   28.11.2021, 18:48:13] --> Character leveled up to level 14
[ropukeleki:   28.11.2021, 18:48:21] --> Character leveled up to level 15
[ropukeleki:   28.11.2021, 18:48:21] --> Setting '2' loaded because of active level settings
[ropukeleki:   28.11.2021, 18:48:33] --> Character was kicked from the bot, reason: Character was walking
[ropukeleki:   28.11.2021, 18:48:58] --> Character was kicked from the bot, reason: Character was walking
[ropukeleki:   28.11.2021, 18:49:02] --> panimukiza appeared
[ropukeleki:   28.11.2021, 18:50:08] --> Character leveled up to level 16
[ropukeleki:   28.11.2021, 18:51:09] --> Character leveled up to level 17
[ropukeleki:   28.11.2021, 18:52:51] --> Character leveled up to level 18
[ropukeleki:   28.11.2021, 18:52:57] --> fuwokevafuz appeared
[ropukeleki:   28.11.2021, 18:53:05] --> bivonuripuw appeared
[ropukeleki:   28.11.2021, 18:53:14] --> Character leveled up to level 19
[ropukeleki:   28.11.2021, 18:53:50] --> kirapuhatuwi appeared
[ropukeleki:   28.11.2021, 18:54:07] --> keruzinodadu appeared
[ropukeleki:   28.11.2021, 18:54:16] --> bizekigozar appeared
[ropukeleki:   28.11.2021, 18:54:20] --> Character leveled up to level 20
[ropukeleki:   28.11.2021, 18:54:30] --> fozekekuto appeared
[ropukeleki:   28.11.2021, 18:54:32] --> fuwokevafuz appeared
[ropukeleki:   28.11.2021, 18:54:53] --> fozekekuto appeared
[ropukeleki:   28.11.2021, 18:55:03] --> keruzinodadu appeared
[ropukeleki:   28.11.2021, 18:55:10] --> Character leveled up to level 21
[ropukeleki:   28.11.2021, 18:55:15] --> bizekigozar appeared
[ropukeleki:   28.11.2021, 18:55:29] --> fuwokevafuz appeared
[ropukeleki:   28.11.2021, 18:55:46] --> kirapuhatuwi appeared
[ropukeleki:   28.11.2021, 18:55:59] --> bivonuripuw appeared
[ropukeleki:   28.11.2021, 18:56:04] --> keruzinodadu appeared
[ropukeleki:   28.11.2021, 18:56:04] --> Character leveled up to level 22
[ropukeleki:   28.11.2021, 18:56:27] --> fuwokevafuz appeared
[ropukeleki:   28.11.2021, 18:56:33] --> bizekigozar appeared
[ropukeleki:   28.11.2021, 18:57:11] --> bizekigozar appeared
[ropukeleki:   28.11.2021, 18:57:23] --> Character leveled up to level 23
[ropukeleki:   28.11.2021, 18:57:26] --> fozekekuto appeared
[ropukeleki:   28.11.2021, 18:57:42] --> bivonuripuw appeared
[ropukeleki:   28.11.2021, 18:58:05] --> Character leveled up to level 24
[ropukeleki:   28.11.2021, 18:58:10] --> fozekekuto appeared
[ropukeleki:   28.11.2021, 18:58:55] --> keruzinodadu appeared
[ropukeleki:   28.11.2021, 18:59:08] --> fozekekuto appeared
[ropukeleki:   28.11.2021, 18:59:08] --> Character leveled up to level 25
[ropukeleki:   28.11.2021, 18:59:18] --> bizekigozar appeared
[ropukeleki:   28.11.2021, 18:59:31] --> keruzinodadu appeared
[ropukeleki:   28.11.2021, 18:59:54] --> keruzinodadu appeared
[ropukeleki:   28.11.2021, 19:00:04] --> fozekekuto appeared
[ropukeleki:   28.11.2021, 19:00:12] --> Character leveled up to level 26
[ropukeleki:   28.11.2021, 19:00:51] --> keruzinodadu appeared
[ropukeleki:   28.11.2021, 19:01:02] --> fozekekuto appeared
[ropukeleki:   28.11.2021, 19:01:13] --> bizekigozar appeared
[ropukeleki:   28.11.2021, 19:01:36] --> fuwokevafuz appeared
[ropukeleki:   28.11.2021, 19:01:49] --> kulogatozes appeared
[ropukeleki:   28.11.2021, 19:01:51] --> Character leveled up to level 27
[ropukeleki:   28.11.2021, 19:02:21] --> bivonuripuw appeared
[ropukeleki:   28.11.2021, 19:02:43] --> bizekigozar appeared
[ropukeleki:   28.11.2021, 19:02:48] --> kulogatozes appeared
[ropukeleki:   28.11.2021, 19:03:23] --> keruzinodadu appeared
[ropukeleki:   28.11.2021, 19:03:27] --> Character leveled up to level 28
[ropukeleki:   28.11.2021, 19:04:11] --> fuwokevafuz appeared
[ropukeleki:   28.11.2021, 19:04:17] --> kulogatozes appeared
[ropukeleki:   28.11.2021, 19:04:43] --> kulogatozes appeared
[ropukeleki:   28.11.2021, 19:05:07] --> fozekekuto appeared
[ropukeleki:   28.11.2021, 19:05:17] --> bizekigozar appeared
[ropukeleki:   28.11.2021, 19:05:27] --> Character leveled up to level 29
[ropukeleki:   28.11.2021, 19:06:08] --> keruzinodadu appeared
[ropukeleki:   28.11.2021, 19:06:13] --> fozekekuto appeared
[ropukeleki:   28.11.2021, 19:06:41] --> fozekekuto appeared
[ropukeleki:   28.11.2021, 19:07:04] --> bivonuripuw appeared
[ropukeleki:   28.11.2021, 19:07:55] --> Character leveled up to level 30
[ropukeleki:   28.11.2021, 19:08:04] --> keruzinodadu appeared
[ropukeleki:   28.11.2021, 19:08:29] --> fuwokevafuz appeared
[ropukeleki:   28.11.2021, 19:08:37] --> fozekekuto appeared
[ropukeleki:   28.11.2021, 19:08:50] --> fuwokevafuz appeared
[ropukeleki:   28.11.2021, 19:09:00] --> zubekogibab appeared
[ropukeleki:   28.11.2021, 19:09:57] --> Character leveled up to level 31
[ropukeleki:   28.11.2021, 19:09:59] --> Bot terminated: Character reached level 31
[ropukeleki:   28.11.2021, 19:09:59] --> fozekekuto appeared
[bokubebucuzu: 29.11.2021, 13:29:12] --> Bot successfully started
[bokubebucuzu: 29.11.2021, 13:29:12] --> kozugohiweg appeared
[bokubebucuzu: 29.11.2021, 13:29:18] --> Time passed, now going to talk to alchemist: bokubebucuzu
[bokubebucuzu: 29.11.2021, 13:29:18] --> Character went to Alchemist: bokubebucuzu
[bokubebucuzu: 29.11.2021, 13:29:42] --> Character was kicked from the bot, reason: Character was walking
[bokubebucuzu: 29.11.2021, 13:29:47] --> xFaustoVIII appeared
[bokubebucuzu: 29.11.2021, 13:30:05] --> Character was kicked from the bot, reason: Character was walking
[bokubebucuzu: 29.11.2021, 13:30:39] --> Character was kicked from the bot, reason: Character was walking
[bokubebucuzu: 29.11.2021, 13:30:43] --> puzaviwomog appeared
[bokubebucuzu: 29.11.2021, 13:32:38] --> rolohotuce appeared
[bokubebucuzu: 29.11.2021, 13:32:51] --> BaeVisoR92 appeared
[bokubebucuzu: 29.11.2021, 13:34:03] --> BaeVisoR92 appeared
[bokubebucuzu: 29.11.2021, 13:34:50] --> kinolivipaz appeared
[bokubebucuzu: 29.11.2021, 13:35:15] --> kukenivenip appeared
[bokubebucuzu: 29.11.2021, 13:36:05] --> tipukikunu appeared
[bokubebucuzu: 29.11.2021, 13:36:30] --> BaeVisoR92 appeared
[bokubebucuzu: 29.11.2021, 13:37:19] --> tipukikunu appeared
[bokubebucuzu: 29.11.2021, 13:37:37] --> kinolivipaz appeared
[bokubebucuzu: 29.11.2021, 13:38:48] --> rolohotuce appeared
[bokubebucuzu: 29.11.2021, 13:39:02] --> BaeVisoR92 appeared
[bokubebucuzu: 29.11.2021, 13:40:03] --> rolohotuce appeared
[bokubebucuzu: 29.11.2021, 13:40:13] --> rolohotuce appeared
[bokubebucuzu: 29.11.2021, 13:43:34] --> Character got kick
[bokubebucuzu: 29.11.2021, 13:44:20] --> Character leveled up to level 32
[bokubebucuzu: 29.11.2021, 13:44:32] --> rolohotuce appeared
[bokubebucuzu: 29.11.2021, 13:44:50] --> rolohotuce appeared
[bokubebucuzu: 29.11.2021, 13:47:02] --> adsimsa97 appeared
[bokubebucuzu: 29.11.2021, 13:47:03] --> 10 shards collected, now going to talk to alchemist: bokubebucuzu
[bokubebucuzu: 29.11.2021, 13:47:03] --> Character went to Alchemist: bokubebucuzu
[bokubebucuzu: 29.11.2021, 13:47:05] --> Character died
[bokubebucuzu: 29.11.2021, 13:47:07] --> Character was kicked from the bot, reason: Character was walking
[bokubebucuzu: 29.11.2021, 13:47:11] --> Character died
[bokubebucuzu: 29.11.2021, 13:47:18] --> rolohotuce appeared
[bokubebucuzu: 29.11.2021, 13:47:21] --> Character died
[bokubebucuzu: 29.11.2021, 13:47:33] --> rolohotuce appeared
[bokubebucuzu: 29.11.2021, 13:48:13] --> kinolivipaz appeared
[bokubebucuzu: 29.11.2021, 13:49:20] --> kinolivipaz appeared
[bokubebucuzu: 29.11.2021, 13:49:40] --> vagimofisuku appeared
[bokubebucuzu: 29.11.2021, 13:49:46] --> Character was kicked from the bot, reason: Character was walking
[bokubebucuzu: 29.11.2021, 13:50:10] --> Character was kicked from the bot, reason: Character was walking
[bokubebucuzu: 29.11.2021, 13:50:22] --> fuzabipifuzu appeared
[bokubebucuzu: 29.11.2021, 13:50:47] --> Character was kicked from the bot, reason: Character was walking
[bokubebucuzu: 29.11.2021, 13:50:52] --> adsimsa99 appeared
[bokubebucuzu: 29.11.2021, 13:51:03] --> Character got kick
[bokubebucuzu: 29.11.2021, 13:51:51] --> rolohotuce appeared
[bokubebucuzu: 29.11.2021, 13:52:03] --> kukenivenip appeared
[bokubebucuzu: 29.11.2021, 13:53:01] --> adsimsa99 appeared
[bokubebucuzu: 29.11.2021, 13:54:00] --> rolohotuce appeared
[bokubebucuzu: 29.11.2021, 13:54:21] --> Character got kick
[bokubebucuzu: 29.11.2021, 13:54:40] --> rolohotuce appeared
[bokubebucuzu: 29.11.2021, 13:54:48] --> rolohotuce appeared
[bokubebucuzu: 29.11.2021, 13:55:27] --> Character got kick
[bokubebucuzu: 29.11.2021, 13:56:34] --> Bot successfully started
[bokubebucuzu: 29.11.2021, 13:56:35] --> rolohotuce appeared
[bokubebucuzu: 29.11.2021, 13:56:51] --> rolohotuce appeared
[bokubebucuzu: 29.11.2021, 13:57:11] --> rolohotuce appeared
[bokubebucuzu: 29.11.2021, 13:57:19] --> kukenivenip appeared
[bokubebucuzu: 29.11.2021, 13:58:24] --> rolohotuce appeared
[bokubebucuzu: 29.11.2021, 13:59:34] --> vovacobepor appeared
[bokubebucuzu: 29.11.2021, 13:59:46] --> kinolivipaz appeared
[bokubebucuzu: 29.11.2021, 14:00:29] --> rolohotuce appeared
[bokubebucuzu: 29.11.2021, 14:00:58] --> rolohotuce appeared
[bokubebucuzu: 29.11.2021, 14:01:43] --> rolohotuce appeared
[bokubebucuzu: 29.11.2021, 14:03:02] --> rolohotuce appeared
[bokubebucuzu: 29.11.2021, 14:03:10] --> tipukikunu appeared
[bokubebucuzu: 29.11.2021, 14:03:18] --> rolohotuce appeared
[bokubebucuzu: 29.11.2021, 14:03:30] --> kinolivipaz appeared
[bokubebucuzu: 29.11.2021, 14:04:26] --> Character leveled up to level 33
[bokubebucuzu: 29.11.2021, 14:05:29] --> vovacobepor appeared
[bokubebucuzu: 29.11.2021, 14:06:00] --> BaeVisoR92 appeared
[bokubebucuzu: 29.11.2021, 14:06:39] --> rolohotuce appeared
[bokubebucuzu: 29.11.2021, 14:06:49] --> tipukikunu appeared
[bokubebucuzu: 29.11.2021, 14:07:07] --> rolohotuce appeared
[bokubebucuzu: 29.11.2021, 14:07:53] --> rolohotuce appeared
[bokubebucuzu: 29.11.2021, 14:08:25] --> kukenivenip appeared
[bokubebucuzu: 29.11.2021, 14:09:39] --> kinolivipaz appeared
[bokubebucuzu: 29.11.2021, 14:10:38] --> beribibesore appeared
[bokubebucuzu: 29.11.2021, 14:10:53] --> rolohotuce appeared
[bokubebucuzu: 29.11.2021, 14:11:42] --> tipukikunu appeared
[bokubebucuzu: 29.11.2021, 14:11:55] --> rolohotuce appeared
[bokubebucuzu: 29.11.2021, 14:12:08] --> BaeVisoR92 appeared
[bokubebucuzu: 29.11.2021, 14:12:50] --> rolohotuce appeared
[bokubebucuzu: 29.11.2021, 14:13:00] --> tipukikunu appeared
[bokubebucuzu: 29.11.2021, 14:13:17] --> rolohotuce appeared
[bokubebucuzu: 29.11.2021, 14:14:03] --> rolohotuce appeared
[bokubebucuzu: 29.11.2021, 14:15:18] --> rolohotuce appeared
[bokubebucuzu: 29.11.2021, 14:15:40] --> rolohotuce appeared
[bokubebucuzu: 29.11.2021, 14:15:51] --> kukenivenip appeared
[bokubebucuzu: 29.11.2021, 14:16:48] --> Character leveled up to level 34
[bokubebucuzu: 29.11.2021, 14:17:52] --> tipukikunu appeared
[bokubebucuzu: 29.11.2021, 14:17:58] --> tipukikunu appeared
[bokubebucuzu: 29.11.2021, 14:18:05] --> rolohotuce appeared
[bokubebucuzu: 29.11.2021, 14:18:42] --> BaeVisoR92 appeared
[bokubebucuzu: 29.11.2021, 14:19:08] --> kinolivipaz appeared
[bokubebucuzu: 29.11.2021, 14:19:55] --> BaeVisoR92 appeared
[bokubebucuzu: 29.11.2021, 14:20:27] --> tipukikunu appeared
[bokubebucuzu: 29.11.2021, 14:20:37] --> rolohotuce appeared
[bokubebucuzu: 29.11.2021, 14:20:50] --> kukenivenip appeared
[bokubebucuzu: 29.11.2021, 14:21:32] --> rolohotuce appeared
[bokubebucuzu: 29.11.2021, 14:22:01] --> rolohotuce appeared
[bokubebucuzu: 29.11.2021, 14:22:49] --> rolohotuce appeared
[bokubebucuzu: 29.11.2021, 14:22:53] --> rolohotuce appeared
[bokubebucuzu: 29.11.2021, 14:24:02] --> rolohotuce appeared
[bokubebucuzu: 29.11.2021, 14:24:17] --> adsimsa74 appeared
[bokubebucuzu: 29.11.2021, 14:25:08] --> rolohotuce appeared
[bokubebucuzu: 29.11.2021, 14:25:11] --> rolohotuce appeared
[bokubebucuzu: 29.11.2021, 14:25:35] --> rolohotuce appeared
[bokubebucuzu: 29.11.2021, 14:26:46] --> rolohotuce appeared
[bokubebucuzu: 29.11.2021, 14:26:58] --> BaeVisoR92 appeared
[bokubebucuzu: 29.11.2021, 14:27:42] --> rolohotuce appeared
[bokubebucuzu: 29.11.2021, 14:28:10] --> rolohotuce appeared
[bokubebucuzu: 29.11.2021, 14:28:57] --> rolohotuce appeared
[bokubebucuzu: 29.11.2021, 14:30:10] --> rolohotuce appeared
[bokubebucuzu: 29.11.2021, 14:30:30] --> rolohotuce appeared
[bokubebucuzu: 29.11.2021, 14:30:38] --> adsisa50 appeared
[bokubebucuzu: 29.11.2021, 14:31:22] --> Character leveled up to level 35
[bokubebucuzu: 29.11.2021, 14:32:57] --> rolohotuce appeared
[bokubebucuzu: 29.11.2021, 14:33:09] --> kukenivenip appeared
[bokubebucuzu: 29.11.2021, 14:33:52] --> rolohotuce appeared
[bokubebucuzu: 29.11.2021, 14:34:24] --> BaeVisoR92 appeared
[bokubebucuzu: 29.11.2021, 14:34:40] --> Char changed: 5 dragon cors collected, total cor count: 5
[bokubebucuzu: 29.11.2021, 14:34:41] --> Character was kicked from the bot, reason: Changing character
[bokubebucuzu: 29.11.2021, 14:35:12] --> kozugohiweg appeared
[panezebehir:  29.11.2021, 14:35:16] --> Time passed, now going to talk to alchemist: panezebehir
[panezebehir:  29.11.2021, 14:35:16] --> Character went to Alchemist: panezebehir
[panezebehir:  29.11.2021, 14:35:20] --> Character was kicked from the bot, reason: Character was walking
[panezebehir:  29.11.2021, 14:35:26] --> sogagenusi appeared
[panezebehir:  29.11.2021, 14:35:41] --> Character was kicked from the bot, reason: Character was walking
[panezebehir:  29.11.2021, 14:35:47] --> Kratos3A appeared
[panezebehir:  29.11.2021, 14:36:05] --> Character was kicked from the bot, reason: Character was walking
[panezebehir:  29.11.2021, 14:36:30] --> rolohotuce appeared
[panezebehir:  29.11.2021, 14:36:38] --> Character was kicked from the bot, reason: Character was walking
[panezebehir:  29.11.2021, 14:36:42] --> adsisa50 appeared
[panezebehir:  29.11.2021, 14:37:35] --> kinolivipaz appeared
[panezebehir:  29.11.2021, 14:37:56] --> kukenivenip appeared
[panezebehir:  29.11.2021, 14:38:38] --> rolohotuce appeared
[panezebehir:  29.11.2021, 14:38:47] --> tipukikunu appeared
[panezebehir:  29.11.2021, 14:39:05] --> rolohotuce appeared
[panezebehir:  29.11.2021, 14:39:51] --> rolohotuce appeared
[panezebehir:  29.11.2021, 14:41:04] --> rolohotuce appeared
[panezebehir:  29.11.2021, 14:41:14] --> venufopodar appeared
[panezebehir:  29.11.2021, 14:41:17] --> venufopodar appeared
[panezebehir:  29.11.2021, 14:41:27] --> rolohotuce appeared
[panezebehir:  29.11.2021, 14:41:38] --> BaeVisoR92 appeared
[panezebehir:  29.11.2021, 14:42:50] --> rolohotuce appeared
[panezebehir:  29.11.2021, 14:43:41] --> venufopodar appeared
[panezebehir:  29.11.2021, 14:44:05] --> BaeVisoR92 appeared
[panezebehir:  29.11.2021, 14:45:05] --> rolohotuce appeared
[panezebehir:  29.11.2021, 14:45:22] --> BaeVisoR92 appeared
[panezebehir:  29.11.2021, 14:45:59] --> rolohotuce appeared
[panezebehir:  29.11.2021, 14:46:11] --> tipukikunu appeared
[panezebehir:  29.11.2021, 14:46:28] --> rolohotuce appeared
[panezebehir:  29.11.2021, 14:46:50] --> 10 shards collected, now going to talk to alchemist: panezebehir
[panezebehir:  29.11.2021, 14:46:50] --> Character went to Alchemist: panezebehir
[panezebehir:  29.11.2021, 14:47:14] --> Character was kicked from the bot, reason: Character was walking
[panezebehir:  29.11.2021, 14:47:20] --> Kratos3A appeared
[panezebehir:  29.11.2021, 14:47:37] --> Character was kicked from the bot, reason: Character was walking
[panezebehir:  29.11.2021, 14:48:12] --> Character was kicked from the bot, reason: Character was walking
[panezebehir:  29.11.2021, 14:48:15] --> kukenivenip appeared
[panezebehir:  29.11.2021, 14:50:14] --> rolohotuce appeared
[panezebehir:  29.11.2021, 14:50:33] --> Character leveled up to level 32
[panezebehir:  29.11.2021, 14:51:29] --> rolohotuce appeared
[panezebehir:  29.11.2021, 14:51:36] --> vovacobepor appeared
[panezebehir:  29.11.2021, 14:51:47] --> rolohotuce appeared
[panezebehir:  29.11.2021, 14:52:02] --> kukenivenip appeared
[panezebehir:  29.11.2021, 14:54:14] --> rolohotuce appeared
[panezebehir:  29.11.2021, 14:54:27] --> kukenivenip appeared
[panezebehir:  29.11.2021, 14:55:10] --> rolohotuce appeared
[panezebehir:  29.11.2021, 14:55:20] --> kinolivipaz appeared
[panezebehir:  29.11.2021, 14:55:36] --> rolohotuce appeared
[panezebehir:  29.11.2021, 14:56:26] --> rolohotuce appeared
[panezebehir:  29.11.2021, 14:57:41] --> rolohotuce appeared
[panezebehir:  29.11.2021, 14:57:49] --> tipukikunu appeared
[panezebehir:  29.11.2021, 14:57:57] --> tipukikunu appeared
[panezebehir:  29.11.2021, 14:58:00] --> rolohotuce appeared
[panezebehir:  29.11.2021, 14:58:10] --> kinolivipaz appeared
[panezebehir:  29.11.2021, 14:59:32] --> Character got kick
[panezebehir:  29.11.2021, 14:59:40] --> sldwax14 appeared
[panezebehir:  29.11.2021, 15:00:18] --> rolohotuce appeared
[panezebehir:  29.11.2021, 15:00:21] --> rolohotuce appeared
[panezebehir:  29.11.2021, 15:00:26] --> kinolivipaz appeared
[panezebehir:  29.11.2021, 15:00:45] --> rolohotuce appeared
[panezebehir:  29.11.2021, 15:00:59] --> Character got kick
[panezebehir:  29.11.2021, 15:01:09] --> kukenivenip appeared
[panezebehir:  29.11.2021, 15:01:32] --> kinolivipaz appeared
