[topipibador:  28.11.2021, 14:10:58] --> Bot successfully started
[topipibador:  28.11.2021, 14:10:58] --> Mytyxo appeared
[topipibador:  28.11.2021, 14:15:52] --> ruzelazifacu appeared
[topipibador:  28.11.2021, 14:16:20] --> vufuzokehar appeared
[topipibador:  28.11.2021, 14:16:34] --> valxwda26 appeared
[topipibador:  28.11.2021, 14:17:02] --> adsisa90 appeared
[topipibador:  28.11.2021, 14:18:27] --> Mytyxo appeared
[topipibador:  28.11.2021, 14:20:48] --> sldwax8 appeared
[topipibador:  28.11.2021, 14:22:46] --> takocikuhuki appeared
[topipibador:  28.11.2021, 14:42:27] --> Changing into CH9
[topipibador:  28.11.2021, 14:43:09] --> Character was kicked from the bot, reason: Changing character
[topipibador:  28.11.2021, 14:45:34] --> Character was kicked from the bot, reason: Changing character
[topipibador:  28.11.2021, 14:45:42] --> Parameter appeared
[rupudegezipe: 28.11.2021, 14:47:40] --> Character was kicked from the bot, reason: Changing character
[rupudegezipe: 28.11.2021, 14:47:46] --> SimayinjoLU appeared
[birefaziriki: 28.11.2021, 14:50:32] --> Character was kicked from the bot, reason: Changing character
[ribuzupovi:   28.11.2021, 14:54:55] --> Character was kicked from the bot, reason: Changing character
[topipibador:  28.11.2021, 15:13:01] --> Bot successfully started
[topipibador:  28.11.2021, 15:13:01] --> Setting '1' loaded because of active level settings
[topipibador:  28.11.2021, 15:13:01] --> Ninjamsi appeared
[topipibador:  28.11.2021, 15:13:08] --> Character went to saleswoman
[topipibador:  28.11.2021, 15:13:11] --> Character was kicked from the bot, reason: Character was walking
[topipibador:  28.11.2021, 15:13:32] --> vozazizurona appeared
[topipibador:  28.11.2021, 15:13:43] --> Character was kicked from the bot, reason: Character was walking
[topipibador:  28.11.2021, 15:13:56] --> Character leveled up to level 2
[topipibador:  28.11.2021, 15:13:57] --> Character leveled up to level 5
[topipibador:  28.11.2021, 15:13:58] --> Character leveled up to level 7
[topipibador:  28.11.2021, 15:13:59] --> zutazuhorep appeared
[topipibador:  28.11.2021, 15:14:00] --> Character leveled up to level 8
[topipibador:  28.11.2021, 15:14:03] --> Character leveled up to level 9
[topipibador:  28.11.2021, 15:14:07] --> Character leveled up to level 10
[topipibador:  28.11.2021, 15:14:10] --> Character leveled up to level 11
[topipibador:  28.11.2021, 15:14:21] --> Character leveled up to level 12
[topipibador:  28.11.2021, 15:14:24] --> zutazuhorep appeared
[topipibador:  28.11.2021, 15:14:36] --> Character leveled up to level 13
[topipibador:  28.11.2021, 15:14:52] --> zutazuhorep appeared
[topipibador:  28.11.2021, 15:15:02] --> Character leveled up to level 14
[topipibador:  28.11.2021, 15:15:10] --> Character leveled up to level 15
[topipibador:  28.11.2021, 15:15:10] --> Setting '2' loaded because of active level settings
[topipibador:  28.11.2021, 15:15:17] --> rovukokiva appeared
[topipibador:  28.11.2021, 15:15:23] --> Character was kicked from the bot, reason: Character was walking
[topipibador:  28.11.2021, 15:15:48] --> Character was kicked from the bot, reason: Character was walking
[topipibador:  28.11.2021, 15:15:53] --> busesirave appeared
[topipibador:  28.11.2021, 15:17:00] --> Character leveled up to level 16
[topipibador:  28.11.2021, 15:18:23] --> Character leveled up to level 17
[topipibador:  28.11.2021, 15:19:34] --> Character leveled up to level 18
[topipibador:  28.11.2021, 15:20:59] --> Character leveled up to level 19
[topipibador:  28.11.2021, 15:22:49] --> Character leveled up to level 20
[topipibador:  28.11.2021, 15:22:50] --> koraherufe appeared
[topipibador:  28.11.2021, 15:22:59] --> novoborahac appeared
[topipibador:  28.11.2021, 15:23:01] --> bazugefapum appeared
[topipibador:  28.11.2021, 15:23:38] --> Character leveled up to level 21
[topipibador:  28.11.2021, 15:23:40] --> koraherufe appeared
[topipibador:  28.11.2021, 15:24:40] --> Character leveled up to level 22
[topipibador:  28.11.2021, 15:26:51] --> Character leveled up to level 23
[topipibador:  28.11.2021, 15:29:40] --> Character leveled up to level 24
[topipibador:  28.11.2021, 15:33:16] --> busesirave appeared
[topipibador:  28.11.2021, 15:33:27] --> Character leveled up to level 25
[topipibador:  28.11.2021, 15:34:31] --> gorimobosit appeared
[topipibador:  28.11.2021, 15:35:24] --> Character leveled up to level 26
[topipibador:  28.11.2021, 15:39:57] --> Character leveled up to level 27
[topipibador:  28.11.2021, 15:41:02] --> cepapuzezaku appeared
[topipibador:  28.11.2021, 15:41:04] --> finepiferibi appeared
[topipibador:  28.11.2021, 15:41:14] --> vuzukarohila appeared
[topipibador:  28.11.2021, 15:42:16] --> gorimobosit appeared
[topipibador:  28.11.2021, 15:42:24] --> Character leveled up to level 28
[topipibador:  28.11.2021, 15:42:38] --> koluvirepat appeared
[topipibador:  28.11.2021, 15:44:10] --> gorimobosit appeared
[topipibador:  28.11.2021, 15:44:23] --> cepapuzezaku appeared
[topipibador:  28.11.2021, 15:44:34] --> cepapuzezaku appeared
[topipibador:  28.11.2021, 15:44:39] --> dulukecehe appeared
[topipibador:  28.11.2021, 15:44:41] --> gorimobosit appeared
[topipibador:  28.11.2021, 15:44:42] --> Character leveled up to level 29
[topipibador:  28.11.2021, 15:50:00] --> Character leveled up to level 30
[topipibador:  28.11.2021, 15:54:22] --> Character leveled up to level 31
[topipibador:  28.11.2021, 15:54:22] --> koraherufe appeared
[topipibador:  28.11.2021, 15:54:22] --> Bot terminated: Character reached level 31
[rupudegezipe: 28.11.2021, 15:55:27] --> Bot successfully started
[rupudegezipe: 28.11.2021, 15:55:28] --> Ninjamsi appeared
[rupudegezipe: 28.11.2021, 15:55:28] --> Setting '1' loaded because of active level settings
[rupudegezipe: 28.11.2021, 15:55:34] --> Character went to saleswoman
[rupudegezipe: 28.11.2021, 15:55:37] --> Character was kicked from the bot, reason: Character was walking
[rupudegezipe: 28.11.2021, 15:56:09] --> Character was kicked from the bot, reason: Character was walking
[rupudegezipe: 28.11.2021, 15:56:22] --> Character leveled up to level 4
[rupudegezipe: 28.11.2021, 15:56:23] --> Character leveled up to level 7
[rupudegezipe: 28.11.2021, 15:56:24] --> Character leveled up to level 8
[rupudegezipe: 28.11.2021, 15:56:25] --> Character leveled up to level 9
[rupudegezipe: 28.11.2021, 15:56:28] --> gozufadize appeared
[rupudegezipe: 28.11.2021, 15:56:46] --> Character leveled up to level 10
[rupudegezipe: 28.11.2021, 15:56:53] --> Character leveled up to level 11
[rupudegezipe: 28.11.2021, 15:56:58] --> Character leveled up to level 12
[rupudegezipe: 28.11.2021, 15:57:03] --> Character leveled up to level 13
[rupudegezipe: 28.11.2021, 15:57:16] --> Character leveled up to level 14
[rupudegezipe: 28.11.2021, 15:57:20] --> gozufadize appeared
[rupudegezipe: 28.11.2021, 15:57:47] --> gozufadize appeared
[rupudegezipe: 28.11.2021, 15:57:56] --> Character leveled up to level 15
[rupudegezipe: 28.11.2021, 15:57:56] --> Setting '2' loaded because of active level settings
[rupudegezipe: 28.11.2021, 15:58:09] --> Character was kicked from the bot, reason: Character was walking
[rupudegezipe: 28.11.2021, 15:58:35] --> Character was kicked from the bot, reason: Character was walking
[rupudegezipe: 28.11.2021, 15:58:40] --> busesirave appeared
[rupudegezipe: 28.11.2021, 16:02:12] --> Bot successfully started
[rupudegezipe: 28.11.2021, 16:02:13] --> finepiferibi appeared
[rupudegezipe: 28.11.2021, 16:02:13] --> Setting '2' loaded because of active level settings
[rupudegezipe: 28.11.2021, 16:02:25] --> Character leveled up to level 16
[rupudegezipe: 28.11.2021, 16:03:59] --> Character leveled up to level 17
[rupudegezipe: 28.11.2021, 16:05:15] --> Character leveled up to level 18
[rupudegezipe: 28.11.2021, 16:05:43] --> koraherufe appeared
[rupudegezipe: 28.11.2021, 16:05:49] --> Character leveled up to level 19
[rupudegezipe: 28.11.2021, 16:06:36] --> Character leveled up to level 20
[rupudegezipe: 28.11.2021, 16:07:21] --> Character leveled up to level 21
[rupudegezipe: 28.11.2021, 16:08:53] --> Character leveled up to level 22
[rupudegezipe: 28.11.2021, 16:11:00] --> Character leveled up to level 23
[rupudegezipe: 28.11.2021, 16:14:10] --> Character leveled up to level 24
[rupudegezipe: 28.11.2021, 16:16:58] --> Character leveled up to level 25
[rupudegezipe: 28.11.2021, 16:19:29] --> Character leveled up to level 26
[rupudegezipe: 28.11.2021, 16:19:30] --> zorepekuba appeared
[rupudegezipe: 28.11.2021, 16:19:45] --> begimaciret appeared
[rupudegezipe: 28.11.2021, 16:20:03] --> zorepekuba appeared
[rupudegezipe: 28.11.2021, 16:20:22] --> safazokozi appeared
[rupudegezipe: 28.11.2021, 16:20:42] --> zawowezeku appeared
[rupudegezipe: 28.11.2021, 16:20:47] --> Character leveled up to level 27
[rupudegezipe: 28.11.2021, 16:23:21] --> Character leveled up to level 28
[rupudegezipe: 28.11.2021, 16:27:14] --> Character leveled up to level 29
[rupudegezipe: 28.11.2021, 16:29:34] --> Character leveled up to level 30
[rupudegezipe: 28.11.2021, 16:33:29] --> Character leveled up to level 31
[rupudegezipe: 28.11.2021, 16:33:31] --> Bot terminated: Character reached level 31
[birefaziriki: 28.11.2021, 16:34:37] --> Bot successfully started
[birefaziriki: 28.11.2021, 16:34:37] --> maluzaracut appeared
[birefaziriki: 28.11.2021, 16:34:37] --> Setting '1' loaded because of active level settings
[birefaziriki: 28.11.2021, 16:34:43] --> Character went to saleswoman
[birefaziriki: 28.11.2021, 16:34:46] --> Character was kicked from the bot, reason: Character was walking
[birefaziriki: 28.11.2021, 16:34:52] --> CoscuMP appeared
[birefaziriki: 28.11.2021, 16:35:19] --> Character was kicked from the bot, reason: Character was walking
[birefaziriki: 28.11.2021, 16:35:32] --> Character leveled up to level 3
[birefaziriki: 28.11.2021, 16:35:33] --> Character leveled up to level 7
[birefaziriki: 28.11.2021, 16:35:34] --> Character leveled up to level 8
[birefaziriki: 28.11.2021, 16:35:35] --> Character leveled up to level 9
[birefaziriki: 28.11.2021, 16:35:36] --> vazivefobup appeared
[birefaziriki: 28.11.2021, 16:35:38] --> Character leveled up to level 10
[birefaziriki: 28.11.2021, 16:35:40] --> Character leveled up to level 11
[birefaziriki: 28.11.2021, 16:35:43] --> Character leveled up to level 12
[birefaziriki: 28.11.2021, 16:35:50] --> Character leveled up to level 13
[birefaziriki: 28.11.2021, 16:36:05] --> Character leveled up to level 14
[birefaziriki: 28.11.2021, 16:36:11] --> vazivefobup appeared
[birefaziriki: 28.11.2021, 16:36:15] --> vazivefobup appeared
[birefaziriki: 28.11.2021, 16:36:27] --> vazivefobup appeared
[birefaziriki: 28.11.2021, 16:36:40] --> Character leveled up to level 15
[birefaziriki: 28.11.2021, 16:36:41] --> Setting '2' loaded because of active level settings
[birefaziriki: 28.11.2021, 16:36:54] --> Character was kicked from the bot, reason: Character was walking
[birefaziriki: 28.11.2021, 16:36:59] --> maluzaracut appeared
[birefaziriki: 28.11.2021, 16:37:19] --> Character was kicked from the bot, reason: Character was walking
[birefaziriki: 28.11.2021, 16:37:25] --> busesirave appeared
[birefaziriki: 28.11.2021, 16:38:16] --> Character leveled up to level 16
[birefaziriki: 28.11.2021, 16:38:34] --> Character leveled up to level 17
[birefaziriki: 28.11.2021, 16:38:59] --> Character leveled up to level 18
[birefaziriki: 28.11.2021, 16:39:15] --> Character leveled up to level 19
[birefaziriki: 28.11.2021, 16:40:39] --> Character leveled up to level 20
[birefaziriki: 28.11.2021, 16:42:10] --> Character leveled up to level 21
[birefaziriki: 28.11.2021, 16:43:47] --> Character leveled up to level 22
[birefaziriki: 28.11.2021, 16:46:06] --> Character leveled up to level 23
[birefaziriki: 28.11.2021, 16:48:22] --> Character leveled up to level 24
[birefaziriki: 28.11.2021, 16:49:24] --> Character leveled up to level 25
[birefaziriki: 28.11.2021, 16:50:48] --> Character leveled up to level 26
[birefaziriki: 28.11.2021, 16:53:57] --> Character leveled up to level 27
[birefaziriki: 28.11.2021, 16:57:06] --> Character leveled up to level 28
[birefaziriki: 28.11.2021, 17:00:09] --> Character leveled up to level 29
[birefaziriki: 28.11.2021, 17:05:15] --> Character leveled up to level 30
[birefaziriki: 28.11.2021, 17:08:49] --> Character leveled up to level 31
[birefaziriki: 28.11.2021, 17:08:50] --> Bot terminated: Character reached level 31
[ribuzupovi:   28.11.2021, 17:09:54] --> Bot successfully started
[ribuzupovi:   28.11.2021, 17:09:54] --> Yasiin appeared
[ribuzupovi:   28.11.2021, 17:09:54] --> Setting '1' loaded because of active level settings
[ribuzupovi:   28.11.2021, 17:10:01] --> Character went to saleswoman
[ribuzupovi:   28.11.2021, 17:10:04] --> Character was kicked from the bot, reason: Character was walking
[ribuzupovi:   28.11.2021, 17:10:37] --> Character was kicked from the bot, reason: Character was walking
[ribuzupovi:   28.11.2021, 17:10:50] --> Character leveled up to level 2
[ribuzupovi:   28.11.2021, 17:10:51] --> Character leveled up to level 5
[ribuzupovi:   28.11.2021, 17:10:52] --> Character leveled up to level 6
[ribuzupovi:   28.11.2021, 17:10:53] --> Character leveled up to level 8
[ribuzupovi:   28.11.2021, 17:10:54] --> vazivefobup appeared
[ribuzupovi:   28.11.2021, 17:10:56] --> Character leveled up to level 9
[ribuzupovi:   28.11.2021, 17:11:00] --> Character leveled up to level 10
[ribuzupovi:   28.11.2021, 17:11:04] --> Character leveled up to level 11
[ribuzupovi:   28.11.2021, 17:11:19] --> vazivefobup appeared
[ribuzupovi:   28.11.2021, 17:11:20] --> Character leveled up to level 12
[ribuzupovi:   28.11.2021, 17:11:39] --> Character leveled up to level 13
[ribuzupovi:   28.11.2021, 17:11:48] --> vazivefobup appeared
[ribuzupovi:   28.11.2021, 17:11:49] --> Character leveled up to level 14
[ribuzupovi:   28.11.2021, 17:11:55] --> Character leveled up to level 15
[ribuzupovi:   28.11.2021, 17:11:55] --> Setting '2' loaded because of active level settings
[ribuzupovi:   28.11.2021, 17:12:03] --> kovevokuko appeared
[ribuzupovi:   28.11.2021, 17:12:08] --> Character was kicked from the bot, reason: Character was walking
[ribuzupovi:   28.11.2021, 17:12:26] --> futogiwehof appeared
[ribuzupovi:   28.11.2021, 17:12:42] --> kazozekefef appeared
[ribuzupovi:   28.11.2021, 17:12:50] --> Character was kicked from the bot, reason: Character was walking
[ribuzupovi:   28.11.2021, 17:12:53] --> kozofodolema appeared
[ribuzupovi:   28.11.2021, 17:14:01] --> Character leveled up to level 16
[ribuzupovi:   28.11.2021, 17:15:04] --> Character leveled up to level 17
[ribuzupovi:   28.11.2021, 17:16:10] --> Character leveled up to level 18
[ribuzupovi:   28.11.2021, 17:17:08] --> Character leveled up to level 19
[ribuzupovi:   28.11.2021, 17:17:18] --> vatotaladov appeared
[ribuzupovi:   28.11.2021, 17:17:23] --> vatotaladov appeared
[ribuzupovi:   28.11.2021, 17:17:34] --> busesirave appeared
[ribuzupovi:   28.11.2021, 17:17:38] --> Character leveled up to level 20
[ribuzupovi:   28.11.2021, 17:19:09] --> Character leveled up to level 21
[ribuzupovi:   28.11.2021, 17:21:12] --> Character leveled up to level 22
[ribuzupovi:   28.11.2021, 17:22:50] --> Character leveled up to level 23
[ribuzupovi:   28.11.2021, 17:26:05] --> Character leveled up to level 24
[ribuzupovi:   28.11.2021, 17:28:57] --> Character leveled up to level 25
[ribuzupovi:   28.11.2021, 17:28:59] --> dezonozemebo appeared
[ribuzupovi:   28.11.2021, 17:29:05] --> dehabalinata appeared
[ribuzupovi:   28.11.2021, 17:29:09] --> dezonozemebo appeared
[ribuzupovi:   28.11.2021, 17:29:39] --> kozofodolema appeared
[ribuzupovi:   28.11.2021, 17:30:24] --> bipiniwabivu appeared
[ribuzupovi:   28.11.2021, 17:30:25] --> Character leveled up to level 26
[ribuzupovi:   28.11.2021, 17:30:44] --> zabikopebeti appeared
[ribuzupovi:   28.11.2021, 17:32:47] --> Character leveled up to level 27
[ribuzupovi:   28.11.2021, 17:35:55] --> zezahacacev appeared
[ribuzupovi:   28.11.2021, 17:36:12] --> zabikopebeti appeared
[ribuzupovi:   28.11.2021, 17:36:12] --> Character leveled up to level 28
[ribuzupovi:   28.11.2021, 17:36:21] --> zabikopebeti appeared
[ribuzupovi:   28.11.2021, 17:36:27] --> kisofahepem appeared
[ribuzupovi:   28.11.2021, 17:36:39] --> dezonozemebo appeared
[ribuzupovi:   28.11.2021, 17:37:25] --> kozofodolema appeared
[ribuzupovi:   28.11.2021, 17:37:49] --> Character leveled up to level 29
[ribuzupovi:   28.11.2021, 17:43:37] --> Character leveled up to level 30
[ribuzupovi:   28.11.2021, 17:46:46] --> dezonozemebo appeared
[ribuzupovi:   28.11.2021, 17:46:52] --> rabusazobos appeared
[ribuzupovi:   28.11.2021, 17:47:08] --> zezahacacev appeared
[ribuzupovi:   28.11.2021, 17:47:14] --> Character leveled up to level 31
[ribuzupovi:   28.11.2021, 17:47:14] --> Bot terminated: Character reached level 31
[vewezesawupi: 28.11.2021, 17:48:10] --> Bot successfully started
[vewezesawupi: 28.11.2021, 17:48:10] --> Setting '1' loaded because of active level settings
[vewezesawupi: 28.11.2021, 17:48:10] --> finukakiceva appeared
[vewezesawupi: 28.11.2021, 17:48:17] --> Character went to saleswoman
[vewezesawupi: 28.11.2021, 17:48:20] --> Character was kicked from the bot, reason: Character was walking
[vewezesawupi: 28.11.2021, 17:48:34] --> vozazizurona appeared
[vewezesawupi: 28.11.2021, 17:48:52] --> Character was kicked from the bot, reason: Character was walking
[vewezesawupi: 28.11.2021, 17:49:04] --> Character leveled up to level 2
[vewezesawupi: 28.11.2021, 17:49:05] --> Character leveled up to level 5
[vewezesawupi: 28.11.2021, 17:49:06] --> Character leveled up to level 7
[vewezesawupi: 28.11.2021, 17:49:07] --> Character leveled up to level 8
[vewezesawupi: 28.11.2021, 17:49:09] --> Character leveled up to level 9
[vewezesawupi: 28.11.2021, 17:49:09] --> dofegebehe appeared
[vewezesawupi: 28.11.2021, 17:49:34] --> Character leveled up to level 10
[vewezesawupi: 28.11.2021, 17:49:36] --> Character leveled up to level 11
[vewezesawupi: 28.11.2021, 17:49:43] --> Character leveled up to level 12
[vewezesawupi: 28.11.2021, 17:49:47] --> Character leveled up to level 13
[vewezesawupi: 28.11.2021, 17:49:57] --> Character leveled up to level 14
[vewezesawupi: 28.11.2021, 17:50:04] --> dofegebehe appeared
[vewezesawupi: 28.11.2021, 17:50:29] --> dofegebehe appeared
[vewezesawupi: 28.11.2021, 17:50:39] --> Character leveled up to level 15
[vewezesawupi: 28.11.2021, 17:50:39] --> Setting '2' loaded because of active level settings
[vewezesawupi: 28.11.2021, 17:50:51] --> Character was kicked from the bot, reason: Character was walking
[vewezesawupi: 28.11.2021, 17:51:17] --> Character was kicked from the bot, reason: Character was walking
[vewezesawupi: 28.11.2021, 17:51:20] --> busesirave appeared
[vewezesawupi: 28.11.2021, 17:52:22] --> Character leveled up to level 16
[vewezesawupi: 28.11.2021, 17:53:43] --> Character leveled up to level 17
[vewezesawupi: 28.11.2021, 17:54:49] --> Character leveled up to level 18
[vewezesawupi: 28.11.2021, 17:56:21] --> Character leveled up to level 19
[vewezesawupi: 28.11.2021, 17:57:34] --> Character leveled up to level 20
[vewezesawupi: 28.11.2021, 17:57:37] --> kuzulasiro appeared
[vewezesawupi: 28.11.2021, 17:57:47] --> zabikopebeti appeared
[vewezesawupi: 28.11.2021, 17:57:57] --> tigenewikam appeared
[vewezesawupi: 28.11.2021, 17:58:04] --> lerokibuzimu appeared
[vewezesawupi: 28.11.2021, 17:58:19] --> Character leveled up to level 21
[vewezesawupi: 28.11.2021, 17:58:22] --> zabikopebeti appeared
[vewezesawupi: 28.11.2021, 17:59:01] --> lerokibuzimu appeared
[vewezesawupi: 28.11.2021, 17:59:07] --> busesirave appeared
[vewezesawupi: 28.11.2021, 17:59:42] --> Character leveled up to level 22
[vewezesawupi: 28.11.2021, 18:00:50] --> zovotanifori appeared
[vewezesawupi: 28.11.2021, 18:01:48] --> Character leveled up to level 23
[vewezesawupi: 28.11.2021, 18:04:34] --> Character leveled up to level 24
[vewezesawupi: 28.11.2021, 18:07:25] --> Character leveled up to level 25
[vewezesawupi: 28.11.2021, 18:07:37] --> zovotanifori appeared
[vewezesawupi: 28.11.2021, 18:08:10] --> tigenewikam appeared
[vewezesawupi: 28.11.2021, 18:08:24] --> kuzulasiro appeared
[vewezesawupi: 28.11.2021, 18:08:41] --> zovotanifori appeared
[vewezesawupi: 28.11.2021, 18:08:47] --> Character leveled up to level 26
[vewezesawupi: 28.11.2021, 18:08:51] --> zovotanifori appeared
[vewezesawupi: 28.11.2021, 18:08:57] --> vomorubotap appeared
[vewezesawupi: 28.11.2021, 18:08:58] --> vomorubotap appeared
[vewezesawupi: 28.11.2021, 18:09:21] --> busesirave appeared
[vewezesawupi: 28.11.2021, 18:10:42] --> Character leveled up to level 27
[vewezesawupi: 28.11.2021, 18:13:45] --> zovotanifori appeared
[vewezesawupi: 28.11.2021, 18:13:52] --> Character leveled up to level 28
[vewezesawupi: 28.11.2021, 18:14:01] --> zigugewitu appeared
[vewezesawupi: 28.11.2021, 18:15:12] --> vomorubotap appeared
[vewezesawupi: 28.11.2021, 18:15:34] --> Character leveled up to level 29
[vewezesawupi: 28.11.2021, 18:20:23] --> Character leveled up to level 30
[vewezesawupi: 28.11.2021, 18:22:51] --> vomorubotap appeared
[vewezesawupi: 28.11.2021, 18:22:55] --> vurifohubi appeared
[vewezesawupi: 28.11.2021, 18:23:26] --> vomorubotap appeared
[vewezesawupi: 28.11.2021, 18:23:30] --> Character leveled up to level 31
[vewezesawupi: 28.11.2021, 18:23:31] --> Bot terminated: Character reached level 31
[topipibador:  29.11.2021, 12:42:07] --> Bot successfully started
[topipibador:  29.11.2021, 12:42:07] --> panimukiza appeared
[topipibador:  29.11.2021, 12:42:12] --> Time passed, now going to talk to alchemist: topipibador
[topipibador:  29.11.2021, 12:42:12] --> Character went to Alchemist: topipibador
[topipibador:  29.11.2021, 12:42:36] --> Character was kicked from the bot, reason: Character was walking
[topipibador:  29.11.2021, 12:42:41] --> RovarD89 appeared
[topipibador:  29.11.2021, 12:42:59] --> Character was kicked from the bot, reason: Character was walking
[topipibador:  29.11.2021, 12:43:18] --> adsisa33 appeared
[topipibador:  29.11.2021, 12:43:33] --> Character was kicked from the bot, reason: Character was walking
[topipibador:  29.11.2021, 12:43:56] --> toweruvare appeared
[topipibador:  29.11.2021, 12:44:27] --> kazubotidopo appeared
[topipibador:  29.11.2021, 12:45:18] --> rekevekuku appeared
[topipibador:  29.11.2021, 12:45:36] --> mumutebufe appeared
[topipibador:  29.11.2021, 12:45:45] --> BaeVisoR77 appeared
[topipibador:  29.11.2021, 12:46:22] --> toweruvare appeared
[topipibador:  29.11.2021, 12:48:09] --> kazubotidopo appeared
[topipibador:  29.11.2021, 12:49:24] --> toweruvare appeared
[topipibador:  29.11.2021, 12:50:13] --> rekevekuku appeared
[topipibador:  29.11.2021, 12:50:24] --> toweruvare appeared
[topipibador:  29.11.2021, 12:50:39] --> kazubotidopo appeared
[topipibador:  29.11.2021, 12:51:19] --> toweruvare appeared
[topipibador:  29.11.2021, 12:51:33] --> sogivicipa appeared
[topipibador:  29.11.2021, 12:51:46] --> toweruvare appeared
[topipibador:  29.11.2021, 12:53:44] --> toweruvare appeared
[topipibador:  29.11.2021, 12:53:59] --> sogivicipa appeared
[topipibador:  29.11.2021, 12:54:05] --> toweruvare appeared
[topipibador:  29.11.2021, 12:54:19] --> kazubotidopo appeared
[topipibador:  29.11.2021, 12:55:31] --> toweruvare appeared
[topipibador:  29.11.2021, 12:56:26] --> sogivicipa appeared
[topipibador:  29.11.2021, 12:56:46] --> kazubotidopo appeared
[topipibador:  29.11.2021, 12:57:27] --> Character leveled up to level 32
[topipibador:  29.11.2021, 12:57:27] --> toweruvare appeared
[topipibador:  29.11.2021, 12:57:45] --> 10 shards collected, now going to talk to alchemist: topipibador
[topipibador:  29.11.2021, 12:57:45] --> Character went to Alchemist: topipibador
[topipibador:  29.11.2021, 12:57:48] --> Character got kick
[topipibador:  29.11.2021, 12:58:30] --> sebikibanu appeared
[topipibador:  29.11.2021, 12:58:37] --> Character was kicked from the bot, reason: Character was walking
[topipibador:  29.11.2021, 12:59:02] --> Character was kicked from the bot, reason: Character was walking
[topipibador:  29.11.2021, 12:59:06] --> sebikibanu appeared
[topipibador:  29.11.2021, 12:59:31] --> famulafabis appeared
[topipibador:  29.11.2021, 12:59:36] --> Character was kicked from the bot, reason: Character was walking
[topipibador:  29.11.2021, 13:00:15] --> toweruvare appeared
[topipibador:  29.11.2021, 13:00:31] --> kazubotidopo appeared
[topipibador:  29.11.2021, 13:01:18] --> sogivicipa appeared
[topipibador:  29.11.2021, 13:01:30] --> adsisa33 appeared
[topipibador:  29.11.2021, 13:03:01] --> kazubotidopo appeared
[topipibador:  29.11.2021, 13:03:53] --> toweruvare appeared
[topipibador:  29.11.2021, 13:05:06] --> rohapukovu appeared
[topipibador:  29.11.2021, 13:05:31] --> citapovezopi appeared
[topipibador:  29.11.2021, 13:06:20] --> rohapukovu appeared
[topipibador:  29.11.2021, 13:06:31] --> toweruvare appeared
[topipibador:  29.11.2021, 13:06:43] --> kazubotidopo appeared
[topipibador:  29.11.2021, 13:07:55] --> toweruvare appeared
[topipibador:  29.11.2021, 13:08:54] --> toweruvare appeared
[topipibador:  29.11.2021, 13:10:21] --> toweruvare appeared
[topipibador:  29.11.2021, 13:11:13] --> toweruvare appeared
[topipibador:  29.11.2021, 13:12:19] --> toweruvare appeared
[topipibador:  29.11.2021, 13:12:19] --> Character leveled up to level 33
[topipibador:  29.11.2021, 13:12:26] --> giwovazeve appeared
[topipibador:  29.11.2021, 13:12:38] --> toweruvare appeared
[topipibador:  29.11.2021, 13:12:55] --> BaeVisoR77 appeared
[topipibador:  29.11.2021, 13:13:37] --> toweruvare appeared
[topipibador:  29.11.2021, 13:13:43] --> toweruvare appeared
[topipibador:  29.11.2021, 13:14:04] --> toweruvare appeared
[topipibador:  29.11.2021, 13:15:02] --> sogivicipa appeared
[topipibador:  29.11.2021, 13:16:02] --> toweruvare appeared
[topipibador:  29.11.2021, 13:16:28] --> toweruvare appeared
[topipibador:  29.11.2021, 13:17:14] --> toweruvare appeared
[topipibador:  29.11.2021, 13:18:25] --> mumutebufe appeared
[topipibador:  29.11.2021, 13:18:37] --> tiretokokabe appeared
[topipibador:  29.11.2021, 13:18:50] --> toweruvare appeared
[topipibador:  29.11.2021, 13:19:01] --> kazubotidopo appeared
[topipibador:  29.11.2021, 13:20:12] --> mumutebufe appeared
[topipibador:  29.11.2021, 13:20:13] --> toweruvare appeared
[topipibador:  29.11.2021, 13:21:15] --> toweruvare appeared
[topipibador:  29.11.2021, 13:21:27] --> mumutebufe appeared
[topipibador:  29.11.2021, 13:22:10] --> toweruvare appeared
[topipibador:  29.11.2021, 13:22:21] --> tiretokokabe appeared
[topipibador:  29.11.2021, 13:22:36] --> toweruvare appeared
[topipibador:  29.11.2021, 13:24:34] --> toweruvare appeared
[topipibador:  29.11.2021, 13:24:46] --> tiretokokabe appeared
[topipibador:  29.11.2021, 13:24:58] --> toweruvare appeared
[topipibador:  29.11.2021, 13:25:07] --> giwovazeve appeared
[topipibador:  29.11.2021, 13:26:13] --> toweruvare appeared
[topipibador:  29.11.2021, 13:26:23] --> toweruvare appeared
[topipibador:  29.11.2021, 13:27:27] --> toweruvare appeared
[topipibador:  29.11.2021, 13:27:37] --> kazubotidopo appeared
[topipibador:  29.11.2021, 13:28:19] --> toweruvare appeared
[topipibador:  29.11.2021, 13:28:45] --> adsisa36 appeared
[topipibador:  29.11.2021, 13:29:25] --> Character leveled up to level 34
[topipibador:  29.11.2021, 13:29:31] --> toweruvare appeared
[topipibador:  29.11.2021, 13:30:47] --> toweruvare appeared
[topipibador:  29.11.2021, 13:31:08] --> toweruvare appeared
[topipibador:  29.11.2021, 13:31:19] --> adsisa36 appeared
[topipibador:  29.11.2021, 13:33:24] --> recodaneva appeared
[topipibador:  29.11.2021, 13:33:46] --> mumutebufe appeared
[topipibador:  29.11.2021, 13:34:28] --> toweruvare appeared
[topipibador:  29.11.2021, 13:34:43] --> sogivicipa appeared
[topipibador:  29.11.2021, 13:34:58] --> toweruvare appeared
[topipibador:  29.11.2021, 13:35:51] --> toweruvare appeared
[topipibador:  29.11.2021, 13:36:17] --> adsimsa48 appeared
[topipibador:  29.11.2021, 13:37:03] --> mumutebufe appeared
[topipibador:  29.11.2021, 13:37:24] --> adsimsa48 appeared
[topipibador:  29.11.2021, 13:38:44] --> toweruvare appeared
[topipibador:  29.11.2021, 13:39:35] --> toweruvare appeared
[topipibador:  29.11.2021, 13:39:59] --> kazubotidopo appeared
[topipibador:  29.11.2021, 13:40:40] --> toweruvare appeared
[topipibador:  29.11.2021, 13:40:50] --> toweruvare appeared
[topipibador:  29.11.2021, 13:41:26] --> toweruvare appeared
[topipibador:  29.11.2021, 13:41:29] --> toweruvare appeared
[topipibador:  29.11.2021, 13:42:38] --> toweruvare appeared
[topipibador:  29.11.2021, 13:42:41] --> toweruvare appeared
[topipibador:  29.11.2021, 13:43:46] --> Character got kick
[topipibador:  29.11.2021, 13:45:08] --> sogivicipa appeared
[topipibador:  29.11.2021, 13:45:29] --> kazubotidopo appeared
[topipibador:  29.11.2021, 13:46:39] --> toweruvare appeared
[topipibador:  29.11.2021, 13:47:33] --> kefokuzozule appeared
[topipibador:  29.11.2021, 13:47:40] --> Character got kick
[topipibador:  29.11.2021, 13:48:10] --> toweruvare appeared
[topipibador:  29.11.2021, 13:49:06] --> sogivicipa appeared
[topipibador:  29.11.2021, 13:49:14] --> toweruvare appeared
[topipibador:  29.11.2021, 13:49:26] --> kazubotidopo appeared
[topipibador:  29.11.2021, 13:50:07] --> toweruvare appeared
[topipibador:  29.11.2021, 13:50:34] --> toweruvare appeared
[topipibador:  29.11.2021, 13:50:58] --> Character got kick
[topipibador:  29.11.2021, 13:51:39] --> Character got kick
[topipibador:  29.11.2021, 13:51:48] --> toweruvare appeared
[topipibador:  29.11.2021, 13:52:13] --> toweruvare appeared
[topipibador:  29.11.2021, 13:52:21] --> Char changed: 5 dragon cors collected, total cor count: 5
[topipibador:  29.11.2021, 13:52:22] --> Character was kicked from the bot, reason: Changing character
[rupudegezipe: 29.11.2021, 13:54:24] --> Bot successfully started
[rupudegezipe: 29.11.2021, 13:54:25] --> panimukiza appeared
[rupudegezipe: 29.11.2021, 13:54:30] --> Time passed, now going to talk to alchemist: rupudegezipe
[rupudegezipe: 29.11.2021, 13:54:30] --> Character went to Alchemist: rupudegezipe
[rupudegezipe: 29.11.2021, 13:54:47] --> Character was kicked from the bot, reason: Character was walking
[rupudegezipe: 29.11.2021, 13:54:55] --> rapuferuwoza appeared
[rupudegezipe: 29.11.2021, 13:54:58] --> Character was kicked from the bot, reason: Character was walking
[rupudegezipe: 29.11.2021, 13:55:26] --> Character was kicked from the bot, reason: Character was walking
[rupudegezipe: 29.11.2021, 13:56:02] --> Character was kicked from the bot, reason: Character was walking
[rupudegezipe: 29.11.2021, 13:56:06] --> adsimsa49 appeared
[rupudegezipe: 29.11.2021, 13:57:10] --> toweruvare appeared
[rupudegezipe: 29.11.2021, 13:58:11] --> sogivicipa appeared
[rupudegezipe: 29.11.2021, 13:58:20] --> mumutebufe appeared
[rupudegezipe: 29.11.2021, 13:58:33] --> kazubotidopo appeared
[rupudegezipe: 29.11.2021, 13:59:14] --> toweruvare appeared
[rupudegezipe: 29.11.2021, 13:59:26] --> sogivicipa appeared
[rupudegezipe: 29.11.2021, 13:59:43] --> mumutebufe appeared
[rupudegezipe: 29.11.2021, 14:00:30] --> toweruvare appeared
[rupudegezipe: 29.11.2021, 14:02:04] --> toweruvare appeared
[rupudegezipe: 29.11.2021, 14:02:17] --> kazubotidopo appeared
[rupudegezipe: 29.11.2021, 14:03:26] --> toweruvare appeared
[rupudegezipe: 29.11.2021, 14:04:21] --> sogivicipa appeared
[rupudegezipe: 29.11.2021, 14:04:31] --> toweruvare appeared
[rupudegezipe: 29.11.2021, 14:04:44] --> kazubotidopo appeared
[rupudegezipe: 29.11.2021, 14:05:24] --> toweruvare appeared
[rupudegezipe: 29.11.2021, 14:05:35] --> kefokuzozule appeared
[rupudegezipe: 29.11.2021, 14:05:47] --> mekawimipo appeared
[rupudegezipe: 29.11.2021, 14:06:38] --> toweruvare appeared
[rupudegezipe: 29.11.2021, 14:07:02] --> Character leveled up to level 32
[rupudegezipe: 29.11.2021, 14:07:10] --> adsimsa49 appeared
[rupudegezipe: 29.11.2021, 14:08:19] --> mumutebufe appeared
[rupudegezipe: 29.11.2021, 14:08:25] --> BaeVisoR77 appeared
[rupudegezipe: 29.11.2021, 14:09:12] --> toweruvare appeared
[rupudegezipe: 29.11.2021, 14:09:38] --> toweruvare appeared
[rupudegezipe: 29.11.2021, 14:10:30] --> 10 shards collected, now going to talk to alchemist: rupudegezipe
[rupudegezipe: 29.11.2021, 14:10:30] --> Character went to Alchemist: rupudegezipe
[rupudegezipe: 29.11.2021, 14:10:31] --> toweruvare appeared
[rupudegezipe: 29.11.2021, 14:10:54] --> Character was kicked from the bot, reason: Character was walking
[rupudegezipe: 29.11.2021, 14:11:17] --> Character was kicked from the bot, reason: Character was walking
[rupudegezipe: 29.11.2021, 14:11:43] --> kefokuzozule appeared
[rupudegezipe: 29.11.2021, 14:11:51] --> Character was kicked from the bot, reason: Character was walking
[rupudegezipe: 29.11.2021, 14:12:45] --> toweruvare appeared
[rupudegezipe: 29.11.2021, 14:13:33] --> toweruvare appeared
[rupudegezipe: 29.11.2021, 14:13:36] --> toweruvare appeared
[rupudegezipe: 29.11.2021, 14:14:47] --> toweruvare appeared
[rupudegezipe: 29.11.2021, 14:14:53] --> mumutebufe appeared
[rupudegezipe: 29.11.2021, 14:16:29] --> toweruvare appeared
[rupudegezipe: 29.11.2021, 14:17:14] --> kefokuzozule appeared
[rupudegezipe: 29.11.2021, 14:17:23] --> sogivicipa appeared
[rupudegezipe: 29.11.2021, 14:17:45] --> kazubotidopo appeared
[rupudegezipe: 29.11.2021, 14:18:25] --> toweruvare appeared
[rupudegezipe: 29.11.2021, 14:18:54] --> toweruvare appeared
[rupudegezipe: 29.11.2021, 14:19:40] --> toweruvare appeared
[rupudegezipe: 29.11.2021, 14:20:09] --> Character leveled up to level 33
[rupudegezipe: 29.11.2021, 14:20:54] --> toweruvare appeared
[rupudegezipe: 29.11.2021, 14:21:02] --> sogivicipa appeared
[rupudegezipe: 29.11.2021, 14:21:14] --> toweruvare appeared
[rupudegezipe: 29.11.2021, 14:22:38] --> toweruvare appeared
[rupudegezipe: 29.11.2021, 14:23:22] --> kefokuzozule appeared
[rupudegezipe: 29.11.2021, 14:24:42] --> sogivicipa appeared
[rupudegezipe: 29.11.2021, 14:25:05] --> adsimsa49 appeared
[rupudegezipe: 29.11.2021, 14:25:55] --> sogivicipa appeared
[rupudegezipe: 29.11.2021, 14:26:06] --> toweruvare appeared
[rupudegezipe: 29.11.2021, 14:26:19] --> BaeVisoR77 appeared
[rupudegezipe: 29.11.2021, 14:26:59] --> toweruvare appeared
[rupudegezipe: 29.11.2021, 14:27:27] --> toweruvare appeared
[rupudegezipe: 29.11.2021, 14:28:21] --> toweruvare appeared
[rupudegezipe: 29.11.2021, 14:29:26] --> toweruvare appeared
[rupudegezipe: 29.11.2021, 14:29:36] --> sogivicipa appeared
[rupudegezipe: 29.11.2021, 14:29:48] --> toweruvare appeared
[rupudegezipe: 29.11.2021, 14:30:02] --> BaeVisoR77 appeared
[rupudegezipe: 29.11.2021, 14:31:02] --> toweruvare appeared
[rupudegezipe: 29.11.2021, 14:32:13] --> toweruvare appeared
[rupudegezipe: 29.11.2021, 14:32:29] --> mumutebufe appeared
[rupudegezipe: 29.11.2021, 14:33:09] --> toweruvare appeared
[rupudegezipe: 29.11.2021, 14:33:38] --> toweruvare appeared
[rupudegezipe: 29.11.2021, 14:35:38] --> toweruvare appeared
[rupudegezipe: 29.11.2021, 14:35:45] --> sogivicipa appeared
[rupudegezipe: 29.11.2021, 14:35:59] --> toweruvare appeared
[rupudegezipe: 29.11.2021, 14:36:12] --> mumutebufe appeared
[rupudegezipe: 29.11.2021, 14:37:07] --> Character leveled up to level 34
[rupudegezipe: 29.11.2021, 14:37:24] --> toweruvare appeared
[rupudegezipe: 29.11.2021, 14:38:15] --> zedenukemote appeared
[rupudegezipe: 29.11.2021, 14:38:29] --> kefokuzozule appeared
[rupudegezipe: 29.11.2021, 14:38:40] --> kazubotidopo appeared
[rupudegezipe: 29.11.2021, 14:39:51] --> toweruvare appeared
[rupudegezipe: 29.11.2021, 14:40:42] --> zedenukemote appeared
[rupudegezipe: 29.11.2021, 14:40:52] --> toweruvare appeared
[rupudegezipe: 29.11.2021, 14:41:06] --> kefokuzozule appeared
[rupudegezipe: 29.11.2021, 14:41:46] --> toweruvare appeared
[rupudegezipe: 29.11.2021, 14:42:16] --> toweruvare appeared
[rupudegezipe: 29.11.2021, 14:43:02] --> toweruvare appeared
[rupudegezipe: 29.11.2021, 14:43:08] --> toweruvare appeared
[rupudegezipe: 29.11.2021, 14:44:18] --> toweruvare appeared
[rupudegezipe: 29.11.2021, 14:44:38] --> toweruvare appeared
[rupudegezipe: 29.11.2021, 14:44:49] --> dukakekilar appeared
[rupudegezipe: 29.11.2021, 14:46:02] --> toweruvare appeared
[rupudegezipe: 29.11.2021, 14:47:17] --> Character got kick
[rupudegezipe: 29.11.2021, 14:49:29] --> toweruvare appeared
[rupudegezipe: 29.11.2021, 14:49:49] --> toweruvare appeared
[rupudegezipe: 29.11.2021, 14:50:04] --> BaeVisoR77 appeared
[rupudegezipe: 29.11.2021, 14:52:04] --> sogivicipa appeared
[rupudegezipe: 29.11.2021, 14:52:29] --> mumutebufe appeared
[rupudegezipe: 29.11.2021, 14:53:12] --> toweruvare appeared
[rupudegezipe: 29.11.2021, 14:53:27] --> sogivicipa appeared
[rupudegezipe: 29.11.2021, 14:53:40] --> toweruvare appeared
[rupudegezipe: 29.11.2021, 14:55:40] --> toweruvare appeared
[rupudegezipe: 29.11.2021, 14:56:01] --> Character leveled up to level 35
[rupudegezipe: 29.11.2021, 14:56:02] --> toweruvare appeared
[rupudegezipe: 29.11.2021, 14:56:16] --> BaeVisoR77 appeared
[rupudegezipe: 29.11.2021, 14:57:26] --> toweruvare appeared
[rupudegezipe: 29.11.2021, 14:58:42] --> mumutebufe appeared
[rupudegezipe: 29.11.2021, 15:01:17] --> Character got kick
[rupudegezipe: 29.11.2021, 15:01:55] --> Character got kick
