[vusokafepuku: 28.11.2021, 14:12:04] --> Bot successfully started
[vusokafepuku: 28.11.2021, 14:12:04] --> Rectum appeared
[vusokafepuku: 28.11.2021, 14:42:38] --> Changing into CH9
[vusokafepuku: 28.11.2021, 14:42:47] --> SimayinjoLU appeared
[vusokafepuku: 28.11.2021, 14:43:15] --> Character was kicked from the bot, reason: Changing character
[vusokafepuku: 28.11.2021, 14:45:41] --> Character was kicked from the bot, reason: Changing character
[vusokafepuku: 28.11.2021, 14:45:49] --> SimayinjoLU appeared
[bocubafiravo: 28.11.2021, 14:47:47] --> Character was kicked from the bot, reason: Changing character
[kovopacapil:  28.11.2021, 14:50:37] --> Character was kicked from the bot, reason: Changing character
[kovopacapil:  28.11.2021, 14:50:45] --> SimayinjoLU appeared
[kokomiduken:  28.11.2021, 14:55:02] --> Character was kicked from the bot, reason: Changing character
[vusokafepuku: 28.11.2021, 15:14:00] --> Bot successfully started
[vusokafepuku: 28.11.2021, 15:14:01] --> SimayinjoLU appeared
[vusokafepuku: 28.11.2021, 15:14:01] --> Setting '1' loaded because of active level settings
[vusokafepuku: 28.11.2021, 15:14:07] --> Character went to saleswoman
[vusokafepuku: 28.11.2021, 15:14:11] --> Character was kicked from the bot, reason: Character was walking
[vusokafepuku: 28.11.2021, 15:14:43] --> Character was kicked from the bot, reason: Character was walking
[vusokafepuku: 28.11.2021, 15:14:56] --> Character leveled up to level 2
[vusokafepuku: 28.11.2021, 15:14:57] --> Character leveled up to level 4
[vusokafepuku: 28.11.2021, 15:14:58] --> Character leveled up to level 6
[vusokafepuku: 28.11.2021, 15:14:59] --> Character leveled up to level 7
[vusokafepuku: 28.11.2021, 15:14:59] --> puribaberafe appeared
[vusokafepuku: 28.11.2021, 15:15:00] --> Character leveled up to level 8
[vusokafepuku: 28.11.2021, 15:15:10] --> Character leveled up to level 9
[vusokafepuku: 28.11.2021, 15:15:22] --> Character leveled up to level 10
[vusokafepuku: 28.11.2021, 15:15:25] --> puribaberafe appeared
[vusokafepuku: 28.11.2021, 15:15:27] --> Character leveled up to level 11
[vusokafepuku: 28.11.2021, 15:15:32] --> Character leveled up to level 12
[vusokafepuku: 28.11.2021, 15:15:35] --> Character leveled up to level 13
[vusokafepuku: 28.11.2021, 15:15:38] --> Character leveled up to level 14
[vusokafepuku: 28.11.2021, 15:15:56] --> puribaberafe appeared
[vusokafepuku: 28.11.2021, 15:16:16] --> Character leveled up to level 15
[vusokafepuku: 28.11.2021, 15:16:16] --> Setting '2' loaded because of active level settings
[vusokafepuku: 28.11.2021, 15:16:28] --> Character was kicked from the bot, reason: Character was walking
[vusokafepuku: 28.11.2021, 15:16:54] --> Character was kicked from the bot, reason: Character was walking
[vusokafepuku: 28.11.2021, 15:16:57] --> fopewemufazu appeared
[vusokafepuku: 28.11.2021, 15:17:17] --> fopewemufazu appeared
[vusokafepuku: 28.11.2021, 15:17:22] --> birapudoci appeared
[vusokafepuku: 28.11.2021, 15:17:32] --> Character leveled up to level 16
[vusokafepuku: 28.11.2021, 15:17:37] --> Character leveled up to level 17
[vusokafepuku: 28.11.2021, 15:17:52] --> fopewemufazu appeared
[vusokafepuku: 28.11.2021, 15:17:55] --> fopewemufazu appeared
[vusokafepuku: 28.11.2021, 15:18:14] --> zegugifebe appeared
[vusokafepuku: 28.11.2021, 15:18:23] --> fopewemufazu appeared
[vusokafepuku: 28.11.2021, 15:18:27] --> Character leveled up to level 18
[vusokafepuku: 28.11.2021, 15:18:48] --> fopewemufazu appeared
[vusokafepuku: 28.11.2021, 15:18:53] --> Character leveled up to level 19
[vusokafepuku: 28.11.2021, 15:19:42] --> Character leveled up to level 20
[vusokafepuku: 28.11.2021, 15:19:46] --> fopewemufazu appeared
[vusokafepuku: 28.11.2021, 15:20:10] --> birapudoci appeared
[vusokafepuku: 28.11.2021, 15:20:18] --> fopewemufazu appeared
[vusokafepuku: 28.11.2021, 15:20:33] --> Character leveled up to level 21
[vusokafepuku: 28.11.2021, 15:20:42] --> sosazebozi appeared
[vusokafepuku: 28.11.2021, 15:21:18] --> fopewemufazu appeared
[vusokafepuku: 28.11.2021, 15:21:39] --> Character leveled up to level 22
[vusokafepuku: 28.11.2021, 15:21:40] --> sosazebozi appeared
[vusokafepuku: 28.11.2021, 15:22:08] --> fopewemufazu appeared
[vusokafepuku: 28.11.2021, 15:22:12] --> fopewemufazu appeared
[vusokafepuku: 28.11.2021, 15:22:24] --> Character leveled up to level 23
[vusokafepuku: 28.11.2021, 15:22:31] --> zegugifebe appeared
[vusokafepuku: 28.11.2021, 15:22:33] --> birapudoci appeared
[vusokafepuku: 28.11.2021, 15:23:03] --> kecibizozaku appeared
[vusokafepuku: 28.11.2021, 15:23:25] --> kecibizozaku appeared
[vusokafepuku: 28.11.2021, 15:23:35] --> Character leveled up to level 24
[vusokafepuku: 28.11.2021, 15:23:36] --> fopewemufazu appeared
[vusokafepuku: 28.11.2021, 15:24:04] --> fopewemufazu appeared
[vusokafepuku: 28.11.2021, 15:24:51] --> Character leveled up to level 25
[vusokafepuku: 28.11.2021, 15:24:53] --> faduvusepeba appeared
[vusokafepuku: 28.11.2021, 15:25:09] --> zegugifebe appeared
[vusokafepuku: 28.11.2021, 15:25:18] --> kipemunerupa appeared
[vusokafepuku: 28.11.2021, 15:25:56] --> fopewemufazu appeared
[vusokafepuku: 28.11.2021, 15:26:03] --> Character leveled up to level 26
[vusokafepuku: 28.11.2021, 15:26:42] --> savegicoka appeared
[vusokafepuku: 28.11.2021, 15:26:44] --> kecibizozaku appeared
[vusokafepuku: 28.11.2021, 15:26:54] --> zegugifebe appeared
[vusokafepuku: 28.11.2021, 15:27:16] --> fopewemufazu appeared
[vusokafepuku: 28.11.2021, 15:27:28] --> fopewemufazu appeared
[vusokafepuku: 28.11.2021, 15:27:32] --> Character leveled up to level 27
[vusokafepuku: 28.11.2021, 15:28:25] --> fopewemufazu appeared
[vusokafepuku: 28.11.2021, 15:28:49] --> birapudoci appeared
[vusokafepuku: 28.11.2021, 15:28:53] --> fopewemufazu appeared
[vusokafepuku: 28.11.2021, 15:29:11] --> Character leveled up to level 28
[vusokafepuku: 28.11.2021, 15:29:11] --> zutefakavaz appeared
[vusokafepuku: 28.11.2021, 15:29:14] --> fopewemufazu appeared
[vusokafepuku: 28.11.2021, 15:29:23] --> fopewemufazu appeared
[vusokafepuku: 28.11.2021, 15:30:14] --> fopewemufazu appeared
[vusokafepuku: 28.11.2021, 15:30:22] --> fopewemufazu appeared
[vusokafepuku: 28.11.2021, 15:30:34] --> zutefakavaz appeared
[vusokafepuku: 28.11.2021, 15:30:55] --> fopewemufazu appeared
[vusokafepuku: 28.11.2021, 15:31:06] --> zutefakavaz appeared
[vusokafepuku: 28.11.2021, 15:31:46] --> Character leveled up to level 29
[vusokafepuku: 28.11.2021, 15:31:47] --> fopewemufazu appeared
[vusokafepuku: 28.11.2021, 15:31:49] --> savegicoka appeared
[vusokafepuku: 28.11.2021, 15:31:55] --> fopewemufazu appeared
[vusokafepuku: 28.11.2021, 15:32:08] --> birapudoci appeared
[vusokafepuku: 28.11.2021, 15:32:21] --> savegicoka appeared
[vusokafepuku: 28.11.2021, 15:32:30] --> zutefakavaz appeared
[vusokafepuku: 28.11.2021, 15:32:36] --> zutefakavaz appeared
[vusokafepuku: 28.11.2021, 15:32:44] --> savegicoka appeared
[vusokafepuku: 28.11.2021, 15:32:53] --> fopewemufazu appeared
[vusokafepuku: 28.11.2021, 15:33:42] --> savegicoka appeared
[vusokafepuku: 28.11.2021, 15:33:50] --> fopewemufazu appeared
[vusokafepuku: 28.11.2021, 15:33:59] --> Character leveled up to level 30
[vusokafepuku: 28.11.2021, 15:34:03] --> kipemunerupa appeared
[vusokafepuku: 28.11.2021, 15:34:13] --> savegicoka appeared
[vusokafepuku: 28.11.2021, 15:34:27] --> zutefakavaz appeared
[vusokafepuku: 28.11.2021, 15:34:32] --> zutefakavaz appeared
[vusokafepuku: 28.11.2021, 15:34:38] --> savegicoka appeared
[vusokafepuku: 28.11.2021, 15:35:12] --> savegicoka appeared
[vusokafepuku: 28.11.2021, 15:35:59] --> zutefakavaz appeared
[vusokafepuku: 28.11.2021, 15:36:05] --> leniloweki appeared
[vusokafepuku: 28.11.2021, 15:36:15] --> birapudoci appeared
[vusokafepuku: 28.11.2021, 15:36:19] --> Character leveled up to level 31
[vusokafepuku: 28.11.2021, 15:36:21] --> Bot terminated: Character reached level 31
[bocubafiravo: 28.11.2021, 15:37:53] --> Bot successfully started
[bocubafiravo: 28.11.2021, 15:37:53] --> G000D appeared
[bocubafiravo: 28.11.2021, 15:37:53] --> Setting '1' loaded because of active level settings
[bocubafiravo: 28.11.2021, 15:37:59] --> Character went to saleswoman
[bocubafiravo: 28.11.2021, 15:38:03] --> Character was kicked from the bot, reason: Character was walking
[bocubafiravo: 28.11.2021, 15:38:36] --> Character was kicked from the bot, reason: Character was walking
[bocubafiravo: 28.11.2021, 15:38:49] --> Character leveled up to level 2
[bocubafiravo: 28.11.2021, 15:38:50] --> Character leveled up to level 5
[bocubafiravo: 28.11.2021, 15:38:51] --> Character leveled up to level 7
[bocubafiravo: 28.11.2021, 15:38:52] --> Character leveled up to level 8
[bocubafiravo: 28.11.2021, 15:38:53] --> Character leveled up to level 9
[bocubafiravo: 28.11.2021, 15:38:53] --> worezogadoko appeared
[bocubafiravo: 28.11.2021, 15:38:58] --> Character leveled up to level 10
[bocubafiravo: 28.11.2021, 15:39:00] --> worezogadoko appeared
[bocubafiravo: 28.11.2021, 15:39:01] --> Character leveled up to level 11
[bocubafiravo: 28.11.2021, 15:39:03] --> Character leveled up to level 12
[bocubafiravo: 28.11.2021, 15:39:06] --> Character leveled up to level 13
[bocubafiravo: 28.11.2021, 15:39:20] --> worezogadoko appeared
[bocubafiravo: 28.11.2021, 15:39:26] --> Character leveled up to level 14
[bocubafiravo: 28.11.2021, 15:39:37] --> Character leveled up to level 15
[bocubafiravo: 28.11.2021, 15:39:37] --> Setting '2' loaded because of active level settings
[bocubafiravo: 28.11.2021, 15:39:50] --> Character was kicked from the bot, reason: Character was walking
[bocubafiravo: 28.11.2021, 15:40:15] --> Character was kicked from the bot, reason: Character was walking
[bocubafiravo: 28.11.2021, 15:40:31] --> zutefakavaz appeared
[bocubafiravo: 28.11.2021, 15:40:57] --> Character leveled up to level 16
[bocubafiravo: 28.11.2021, 15:40:58] --> fopewemufazu appeared
[bocubafiravo: 28.11.2021, 15:41:06] --> Character leveled up to level 17
[bocubafiravo: 28.11.2021, 15:41:31] --> fopewemufazu appeared
[bocubafiravo: 28.11.2021, 15:41:40] --> Character leveled up to level 18
[bocubafiravo: 28.11.2021, 15:41:56] --> fopewemufazu appeared
[bocubafiravo: 28.11.2021, 15:42:18] --> Character leveled up to level 19
[bocubafiravo: 28.11.2021, 15:42:27] --> fopewemufazu appeared
[bocubafiravo: 28.11.2021, 15:42:41] --> zutefakavaz appeared
[bocubafiravo: 28.11.2021, 15:42:46] --> zutefakavaz appeared
[bocubafiravo: 28.11.2021, 15:43:00] --> Character leveled up to level 20
[bocubafiravo: 28.11.2021, 15:43:20] --> fopewemufazu appeared
[bocubafiravo: 28.11.2021, 15:43:25] --> fopewemufazu appeared
[bocubafiravo: 28.11.2021, 15:43:39] --> fopewemufazu appeared
[bocubafiravo: 28.11.2021, 15:43:41] --> Character leveled up to level 21
[bocubafiravo: 28.11.2021, 15:44:13] --> zutefakavaz appeared
[bocubafiravo: 28.11.2021, 15:44:21] --> fopewemufazu appeared
[bocubafiravo: 28.11.2021, 15:44:40] --> Character leveled up to level 22
[bocubafiravo: 28.11.2021, 15:45:00] --> bofeluvozav appeared
[bocubafiravo: 28.11.2021, 15:45:09] --> faduvusepeba appeared
[bocubafiravo: 28.11.2021, 15:45:32] --> birapudoci appeared
[bocubafiravo: 28.11.2021, 15:45:44] --> Character leveled up to level 23
[bocubafiravo: 28.11.2021, 15:46:08] --> kipemunerupa appeared
[bocubafiravo: 28.11.2021, 15:46:57] --> Character leveled up to level 24
[bocubafiravo: 28.11.2021, 15:47:09] --> birapudoci appeared
[bocubafiravo: 28.11.2021, 15:47:31] --> romuwatofufi appeared
[bocubafiravo: 28.11.2021, 15:47:41] --> fopewemufazu appeared
[bocubafiravo: 28.11.2021, 15:47:50] --> zutefakavaz appeared
[bocubafiravo: 28.11.2021, 15:47:54] --> fopewemufazu appeared
[bocubafiravo: 28.11.2021, 15:47:59] --> Character leveled up to level 25
[bocubafiravo: 28.11.2021, 15:48:32] --> fopewemufazu appeared
[bocubafiravo: 28.11.2021, 15:48:57] --> birapudoci appeared
[bocubafiravo: 28.11.2021, 15:49:15] --> kipemunerupa appeared
[bocubafiravo: 28.11.2021, 15:49:26] --> fopewemufazu appeared
[bocubafiravo: 28.11.2021, 15:49:36] --> fopewemufazu appeared
[bocubafiravo: 28.11.2021, 15:49:36] --> Character leveled up to level 26
[bocubafiravo: 28.11.2021, 15:49:44] --> bofeluvozav appeared
[bocubafiravo: 28.11.2021, 15:50:26] --> fopewemufazu appeared
[bocubafiravo: 28.11.2021, 15:50:33] --> fopewemufazu appeared
[bocubafiravo: 28.11.2021, 15:50:54] --> birapudoci appeared
[bocubafiravo: 28.11.2021, 15:51:10] --> vudunodozih appeared
[bocubafiravo: 28.11.2021, 15:51:11] --> Character leveled up to level 27
[bocubafiravo: 28.11.2021, 15:51:22] --> fopewemufazu appeared
[bocubafiravo: 28.11.2021, 15:51:25] --> fopewemufazu appeared
[bocubafiravo: 28.11.2021, 15:51:47] --> leniloweki appeared
[bocubafiravo: 28.11.2021, 15:51:57] --> fopewemufazu appeared
[bocubafiravo: 28.11.2021, 15:52:09] --> fopewemufazu appeared
[bocubafiravo: 28.11.2021, 15:52:32] --> bofeluvozav appeared
[bocubafiravo: 28.11.2021, 15:52:38] --> Character leveled up to level 28
[bocubafiravo: 28.11.2021, 15:52:42] --> kipemunerupa appeared
[bocubafiravo: 28.11.2021, 15:52:52] --> faduvusepeba appeared
[bocubafiravo: 28.11.2021, 15:53:05] --> bacofahifihi appeared
[bocubafiravo: 28.11.2021, 15:53:19] --> gehezofimi appeared
[bocubafiravo: 28.11.2021, 15:53:30] --> bofeluvozav appeared
[bocubafiravo: 28.11.2021, 15:53:36] --> vudunodozih appeared
[bocubafiravo: 28.11.2021, 15:54:26] --> bofeluvozav appeared
[bocubafiravo: 28.11.2021, 15:54:38] --> Character leveled up to level 29
[bocubafiravo: 28.11.2021, 15:54:39] --> hizasereto appeared
[bocubafiravo: 28.11.2021, 15:55:11] --> vudunodozih appeared
[bocubafiravo: 28.11.2021, 15:55:55] --> gehezofimi appeared
[bocubafiravo: 28.11.2021, 15:56:05] --> kipemunerupa appeared
[bocubafiravo: 28.11.2021, 15:56:15] --> faduvusepeba appeared
[bocubafiravo: 28.11.2021, 15:56:35] --> gehezofimi appeared
[bocubafiravo: 28.11.2021, 15:56:41] --> kipemunerupa appeared
[bocubafiravo: 28.11.2021, 15:56:46] --> Character leveled up to level 30
[bocubafiravo: 28.11.2021, 15:56:55] --> vudunodozih appeared
[bocubafiravo: 28.11.2021, 15:57:41] --> bofeluvozav appeared
[bocubafiravo: 28.11.2021, 15:57:47] --> hizasereto appeared
[bocubafiravo: 28.11.2021, 15:58:06] --> gehezofimi appeared
[bocubafiravo: 28.11.2021, 15:58:13] --> bofeluvozav appeared
[bocubafiravo: 28.11.2021, 15:58:26] --> Character died
[bocubafiravo: 28.11.2021, 15:58:46] --> Character died
[bocubafiravo: 28.11.2021, 15:58:55] --> gehezofimi appeared
[bocubafiravo: 28.11.2021, 15:59:35] --> Bot terminated: Character reached level 31
[bocubafiravo: 28.11.2021, 15:59:35] --> Character leveled up to level 31
[kovopacapil:  28.11.2021, 16:00:39] --> Bot successfully started
[kovopacapil:  28.11.2021, 16:00:40] --> DravenKenway appeared
[kovopacapil:  28.11.2021, 16:00:40] --> Setting '1' loaded because of active level settings
[kovopacapil:  28.11.2021, 16:00:46] --> Character went to saleswoman
[kovopacapil:  28.11.2021, 16:00:49] --> Character was kicked from the bot, reason: Character was walking
[kovopacapil:  28.11.2021, 16:01:22] --> Character was kicked from the bot, reason: Character was walking
[kovopacapil:  28.11.2021, 16:01:35] --> Character leveled up to level 3
[kovopacapil:  28.11.2021, 16:01:36] --> Character leveled up to level 7
[kovopacapil:  28.11.2021, 16:01:37] --> Character leveled up to level 8
[kovopacapil:  28.11.2021, 16:01:38] --> Character leveled up to level 9
[kovopacapil:  28.11.2021, 16:01:40] --> Character leveled up to level 10
[kovopacapil:  28.11.2021, 16:01:43] --> Character leveled up to level 11
[kovopacapil:  28.11.2021, 16:01:47] --> Character leveled up to level 12
[kovopacapil:  28.11.2021, 16:01:50] --> Character leveled up to level 13
[kovopacapil:  28.11.2021, 16:02:11] --> Character leveled up to level 14
[kovopacapil:  28.11.2021, 16:02:23] --> Character leveled up to level 15
[kovopacapil:  28.11.2021, 16:02:24] --> Setting '2' loaded because of active level settings
[kovopacapil:  28.11.2021, 16:02:36] --> Character was kicked from the bot, reason: Character was walking
[kovopacapil:  28.11.2021, 16:02:44] --> terreciste10 appeared
[kovopacapil:  28.11.2021, 16:03:02] --> Character was kicked from the bot, reason: Character was walking
[kovopacapil:  28.11.2021, 16:03:06] --> zupakipifike appeared
[kovopacapil:  28.11.2021, 16:03:20] --> bofeluvozav appeared
[kovopacapil:  28.11.2021, 16:03:42] --> Character leveled up to level 16
[kovopacapil:  28.11.2021, 16:04:01] --> kipemunerupa appeared
[kovopacapil:  28.11.2021, 16:04:06] --> Character died
[kovopacapil:  28.11.2021, 16:04:22] --> Character died
[kovopacapil:  28.11.2021, 16:04:47] --> zupakipifike appeared
[kovopacapil:  28.11.2021, 16:04:51] --> zusakohemuk appeared
[kovopacapil:  28.11.2021, 16:05:02] --> Character leveled up to level 17
[kovopacapil:  28.11.2021, 16:05:40] --> hizasereto appeared
[kovopacapil:  28.11.2021, 16:05:56] --> Character leveled up to level 18
[kovopacapil:  28.11.2021, 16:05:57] --> zupakipifike appeared
[kovopacapil:  28.11.2021, 16:06:38] --> hizasereto appeared
[kovopacapil:  28.11.2021, 16:06:39] --> Character leveled up to level 19
[kovopacapil:  28.11.2021, 16:06:43] --> bofeluvozav appeared
[kovopacapil:  28.11.2021, 16:06:50] --> vudunodozih appeared
[kovopacapil:  28.11.2021, 16:07:22] --> Character leveled up to level 20
[kovopacapil:  28.11.2021, 16:07:26] --> zupakipifike appeared
[kovopacapil:  28.11.2021, 16:07:35] --> hizasereto appeared
[kovopacapil:  28.11.2021, 16:08:11] --> kipemunerupa appeared
[kovopacapil:  28.11.2021, 16:08:23] --> zupakipifike appeared
[kovopacapil:  28.11.2021, 16:08:25] --> Character leveled up to level 21
[kovopacapil:  28.11.2021, 16:08:40] --> gehezofimi appeared
[kovopacapil:  28.11.2021, 16:08:58] --> Character leveled up to level 22
[kovopacapil:  28.11.2021, 16:09:16] --> zupakipifike appeared
[kovopacapil:  28.11.2021, 16:10:12] --> zupakipifike appeared
[kovopacapil:  28.11.2021, 16:10:16] --> Character leveled up to level 23
[kovopacapil:  28.11.2021, 16:10:20] --> zupakipifike appeared
[kovopacapil:  28.11.2021, 16:11:04] --> gehezofimi appeared
[kovopacapil:  28.11.2021, 16:11:27] --> Character leveled up to level 24
[kovopacapil:  28.11.2021, 16:11:42] --> zupakipifike appeared
[kovopacapil:  28.11.2021, 16:11:56] --> zupakipifike appeared
[kovopacapil:  28.11.2021, 16:12:02] --> vudunodozih appeared
[kovopacapil:  28.11.2021, 16:12:36] --> hizasereto appeared
[kovopacapil:  28.11.2021, 16:12:52] --> kipemunerupa appeared
[kovopacapil:  28.11.2021, 16:12:55] --> Character leveled up to level 25
[kovopacapil:  28.11.2021, 16:13:35] --> hizasereto appeared
[kovopacapil:  28.11.2021, 16:13:38] --> zupakipifike appeared
[kovopacapil:  28.11.2021, 16:14:30] --> Character leveled up to level 26
[kovopacapil:  28.11.2021, 16:14:32] --> leniloweki appeared
[kovopacapil:  28.11.2021, 16:14:46] --> zupakipifike appeared
[kovopacapil:  28.11.2021, 16:14:57] --> zupakipifike appeared
[kovopacapil:  28.11.2021, 16:15:20] --> zupakipifike appeared
[kovopacapil:  28.11.2021, 16:15:30] --> zupakipifike appeared
[kovopacapil:  28.11.2021, 16:15:41] --> vudunodozih appeared
[kovopacapil:  28.11.2021, 16:15:43] --> Character leveled up to level 27
[kovopacapil:  28.11.2021, 16:16:20] --> zupakipifike appeared
[kovopacapil:  28.11.2021, 16:16:27] --> zupakipifike appeared
[kovopacapil:  28.11.2021, 16:16:50] --> vudunodozih appeared
[kovopacapil:  28.11.2021, 16:17:06] --> zupakipifike appeared
[kovopacapil:  28.11.2021, 16:17:16] --> zupakipifike appeared
[kovopacapil:  28.11.2021, 16:18:07] --> Character leveled up to level 28
[kovopacapil:  28.11.2021, 16:18:15] --> zupakipifike appeared
[kovopacapil:  28.11.2021, 16:18:21] --> zupakipifike appeared
[kovopacapil:  28.11.2021, 16:18:41] --> nanucafudah appeared
[kovopacapil:  28.11.2021, 16:19:00] --> zupakipifike appeared
[kovopacapil:  28.11.2021, 16:20:06] --> Character leveled up to level 29
[kovopacapil:  28.11.2021, 16:21:04] --> vudunodozih appeared
[kovopacapil:  28.11.2021, 16:21:42] --> lovezacuwoz appeared
[kovopacapil:  28.11.2021, 16:21:51] --> nanucafudah appeared
[kovopacapil:  28.11.2021, 16:22:05] --> kipemunerupa appeared
[kovopacapil:  28.11.2021, 16:22:11] --> vudunodozih appeared
[kovopacapil:  28.11.2021, 16:22:17] --> Character leveled up to level 30
[kovopacapil:  28.11.2021, 16:22:29] --> nanucafudah appeared
[kovopacapil:  28.11.2021, 16:22:38] --> lovezacuwoz appeared
[kovopacapil:  28.11.2021, 16:22:49] --> nanucafudah appeared
[kovopacapil:  28.11.2021, 16:22:56] --> nanucafudah appeared
[kovopacapil:  28.11.2021, 16:23:10] --> lovezacuwoz appeared
[kovopacapil:  28.11.2021, 16:23:21] --> nanucafudah appeared
[kovopacapil:  28.11.2021, 16:23:25] --> nanucafudah appeared
[kovopacapil:  28.11.2021, 16:23:35] --> lovezacuwoz appeared
[kovopacapil:  28.11.2021, 16:23:48] --> nanucafudah appeared
[kovopacapil:  28.11.2021, 16:24:08] --> lovezacuwoz appeared
[kovopacapil:  28.11.2021, 16:24:15] --> Character leveled up to level 31
[kovopacapil:  28.11.2021, 16:24:17] --> Bot terminated: Character reached level 31
[kokomiduken:  28.11.2021, 16:25:35] --> Bot successfully started
[kokomiduken:  28.11.2021, 16:25:35] --> Gh0strider1 appeared
[kokomiduken:  28.11.2021, 16:25:35] --> Setting '1' loaded because of active level settings
[kokomiduken:  28.11.2021, 16:25:42] --> Character went to saleswoman
[kokomiduken:  28.11.2021, 16:25:45] --> Character was kicked from the bot, reason: Character was walking
[kokomiduken:  28.11.2021, 16:26:18] --> Character was kicked from the bot, reason: Character was walking
[kokomiduken:  28.11.2021, 16:26:32] --> Character leveled up to level 3
[kokomiduken:  28.11.2021, 16:26:33] --> Character leveled up to level 5
[kokomiduken:  28.11.2021, 16:26:34] --> Character leveled up to level 7
[kokomiduken:  28.11.2021, 16:26:35] --> Character leveled up to level 8
[kokomiduken:  28.11.2021, 16:26:37] --> Character leveled up to level 9
[kokomiduken:  28.11.2021, 16:26:38] --> Character leveled up to level 10
[kokomiduken:  28.11.2021, 16:26:44] --> Character leveled up to level 11
[kokomiduken:  28.11.2021, 16:26:46] --> Character leveled up to level 12
[kokomiduken:  28.11.2021, 16:26:59] --> Character leveled up to level 13
[kokomiduken:  28.11.2021, 16:27:09] --> Character leveled up to level 14
[kokomiduken:  28.11.2021, 16:27:27] --> Character leveled up to level 15
[kokomiduken:  28.11.2021, 16:27:27] --> Setting '2' loaded because of active level settings
[kokomiduken:  28.11.2021, 16:27:30] --> Character got kick
[kokomiduken:  28.11.2021, 16:27:37] --> mopavebipewu appeared
[kokomiduken:  28.11.2021, 16:27:43] --> Character was kicked from the bot, reason: Character was walking
[kokomiduken:  28.11.2021, 16:27:48] --> Killua25 appeared
[kokomiduken:  28.11.2021, 16:28:02] --> vizecepupa appeared
[kokomiduken:  28.11.2021, 16:28:08] --> Character was kicked from the bot, reason: Character was walking
[kokomiduken:  28.11.2021, 16:28:23] --> fifukubofa appeared
[kokomiduken:  28.11.2021, 16:29:20] --> Character leveled up to level 16
[kokomiduken:  28.11.2021, 16:29:24] --> nanucafudah appeared
[kokomiduken:  28.11.2021, 16:29:32] --> Character leveled up to level 17
[kokomiduken:  28.11.2021, 16:29:40] --> fifukubofa appeared
[kokomiduken:  28.11.2021, 16:29:52] --> nanucafudah appeared
[kokomiduken:  28.11.2021, 16:29:58] --> nanucafudah appeared
[kokomiduken:  28.11.2021, 16:30:05] --> zenuwuduveb appeared
[kokomiduken:  28.11.2021, 16:30:16] --> fifukubofa appeared
[kokomiduken:  28.11.2021, 16:30:36] --> Character leveled up to level 18
[kokomiduken:  28.11.2021, 16:30:44] --> kipemunerupa appeared
[kokomiduken:  28.11.2021, 16:30:51] --> nanucafudah appeared
[kokomiduken:  28.11.2021, 16:30:58] --> nanucafudah appeared
[kokomiduken:  28.11.2021, 16:31:03] --> zusakohemuk appeared
[kokomiduken:  28.11.2021, 16:31:17] --> kipemunerupa appeared
[kokomiduken:  28.11.2021, 16:31:27] --> nanucafudah appeared
[kokomiduken:  28.11.2021, 16:31:27] --> Character leveled up to level 19
[kokomiduken:  28.11.2021, 16:31:48] --> nanucafudah appeared
[kokomiduken:  28.11.2021, 16:31:53] --> fifukubofa appeared
[kokomiduken:  28.11.2021, 16:32:32] --> Character leveled up to level 20
[kokomiduken:  28.11.2021, 16:32:45] --> kipemunerupa appeared
[kokomiduken:  28.11.2021, 16:33:04] --> fifukubofa appeared
[kokomiduken:  28.11.2021, 16:33:06] --> Character leveled up to level 21
[kokomiduken:  28.11.2021, 16:33:30] --> zenuwuduveb appeared
[kokomiduken:  28.11.2021, 16:33:48] --> Character leveled up to level 22
[kokomiduken:  28.11.2021, 16:34:37] --> Character leveled up to level 23
[kokomiduken:  28.11.2021, 16:34:39] --> fifukubofa appeared
[kokomiduken:  28.11.2021, 16:34:52] --> fifukubofa appeared
[kokomiduken:  28.11.2021, 16:35:14] --> kipemunerupa appeared
[kokomiduken:  28.11.2021, 16:35:22] --> kipemunerupa appeared
[kokomiduken:  28.11.2021, 16:35:31] --> Character leveled up to level 24
[kokomiduken:  28.11.2021, 16:36:20] --> kagawuwipena appeared
[kokomiduken:  28.11.2021, 16:36:26] --> fifukubofa appeared
[kokomiduken:  28.11.2021, 16:36:48] --> Character leveled up to level 25
[kokomiduken:  28.11.2021, 16:36:52] --> kagawuwipena appeared
[kokomiduken:  28.11.2021, 16:37:06] --> kipemunerupa appeared
[kokomiduken:  28.11.2021, 16:37:40] --> fifukubofa appeared
[kokomiduken:  28.11.2021, 16:37:50] --> kagawuwipena appeared
[kokomiduken:  28.11.2021, 16:37:54] --> bibezogizef appeared
[kokomiduken:  28.11.2021, 16:38:05] --> zusakohemuk appeared
[kokomiduken:  28.11.2021, 16:38:25] --> Character leveled up to level 26
[kokomiduken:  28.11.2021, 16:38:31] --> kagawuwipena appeared
[kokomiduken:  28.11.2021, 16:38:38] --> kagawuwipena appeared
[kokomiduken:  28.11.2021, 16:38:45] --> fifukubofa appeared
[kokomiduken:  28.11.2021, 16:39:12] --> fifukubofa appeared
[kokomiduken:  28.11.2021, 16:39:17] --> zenuwuduveb appeared
[kokomiduken:  28.11.2021, 16:39:35] --> kagawuwipena appeared
[kokomiduken:  28.11.2021, 16:39:43] --> fifukubofa appeared
[kokomiduken:  28.11.2021, 16:39:51] --> fifukubofa appeared
[kokomiduken:  28.11.2021, 16:40:01] --> kagawuwipena appeared
[kokomiduken:  28.11.2021, 16:40:06] --> Character leveled up to level 27
[kokomiduken:  28.11.2021, 16:40:20] --> fifukubofa appeared
[kokomiduken:  28.11.2021, 16:41:00] --> kagawuwipena appeared
[kokomiduken:  28.11.2021, 16:41:04] --> kagawuwipena appeared
[kokomiduken:  28.11.2021, 16:41:10] --> kipemunerupa appeared
[kokomiduken:  28.11.2021, 16:41:25] --> kagawuwipena appeared
[kokomiduken:  28.11.2021, 16:41:33] --> kagawuwipena appeared
[kokomiduken:  28.11.2021, 16:41:50] --> hubakamaraka appeared
[kokomiduken:  28.11.2021, 16:42:01] --> Character leveled up to level 28
[kokomiduken:  28.11.2021, 16:42:47] --> hubakamaraka appeared
[kokomiduken:  28.11.2021, 16:42:55] --> kagawuwipena appeared
[kokomiduken:  28.11.2021, 16:43:01] --> kagawuwipena appeared
[kokomiduken:  28.11.2021, 16:43:22] --> fifukubofa appeared
[kokomiduken:  28.11.2021, 16:44:21] --> kagawuwipena appeared
[kokomiduken:  28.11.2021, 16:44:29] --> kagawuwipena appeared
[kokomiduken:  28.11.2021, 16:44:31] --> fifukubofa appeared
[kokomiduken:  28.11.2021, 16:44:36] --> hubakamaraka appeared
[kokomiduken:  28.11.2021, 16:44:38] --> Character leveled up to level 29
[kokomiduken:  28.11.2021, 16:44:51] --> kagawuwipena appeared
[kokomiduken:  28.11.2021, 16:44:57] --> kagawuwipena appeared
[kokomiduken:  28.11.2021, 16:45:05] --> fifukubofa appeared
[kokomiduken:  28.11.2021, 16:45:50] --> fibazuzipeca appeared
[kokomiduken:  28.11.2021, 16:46:03] --> kagawuwipena appeared
[kokomiduken:  28.11.2021, 16:46:07] --> kipemunerupa appeared
[kokomiduken:  28.11.2021, 16:46:31] --> kagawuwipena appeared
[kokomiduken:  28.11.2021, 16:46:44] --> kipemunerupa appeared
[kokomiduken:  28.11.2021, 16:46:52] --> Character leveled up to level 30
[kokomiduken:  28.11.2021, 16:46:54] --> fifukubofa appeared
[kokomiduken:  28.11.2021, 16:47:59] --> hubakamaraka appeared
[kokomiduken:  28.11.2021, 16:48:18] --> kagawuwipena appeared
[kokomiduken:  28.11.2021, 16:48:37] --> fifukubofa appeared
[kokomiduken:  28.11.2021, 16:49:16] --> hubakamaraka appeared
[kokomiduken:  28.11.2021, 16:49:29] --> Character leveled up to level 31
[kokomiduken:  28.11.2021, 16:49:30] --> Bot terminated: Character reached level 31
[merapivezu:   28.11.2021, 16:50:43] --> Bot successfully started
[merapivezu:   28.11.2021, 16:50:43] --> Sayoki appeared
[merapivezu:   28.11.2021, 16:50:44] --> Setting '1' loaded because of active level settings
[merapivezu:   28.11.2021, 16:50:50] --> Character went to saleswoman
[merapivezu:   28.11.2021, 16:50:54] --> Character was kicked from the bot, reason: Character was walking
[merapivezu:   28.11.2021, 16:51:26] --> Character was kicked from the bot, reason: Character was walking
[merapivezu:   28.11.2021, 16:51:40] --> Character leveled up to level 4
[merapivezu:   28.11.2021, 16:51:41] --> Character leveled up to level 6
[merapivezu:   28.11.2021, 16:51:42] --> Character leveled up to level 7
[merapivezu:   28.11.2021, 16:51:43] --> Character leveled up to level 8
[merapivezu:   28.11.2021, 16:51:45] --> Character leveled up to level 9
[merapivezu:   28.11.2021, 16:51:46] --> Character leveled up to level 10
[merapivezu:   28.11.2021, 16:51:49] --> Character leveled up to level 11
[merapivezu:   28.11.2021, 16:51:50] --> Character leveled up to level 12
[merapivezu:   28.11.2021, 16:51:56] --> guvikifoki appeared
[merapivezu:   28.11.2021, 16:51:59] --> Character leveled up to level 13
[merapivezu:   28.11.2021, 16:52:17] --> Character leveled up to level 14
[merapivezu:   28.11.2021, 16:52:25] --> guvikifoki appeared
[merapivezu:   28.11.2021, 16:52:31] --> Character leveled up to level 15
[merapivezu:   28.11.2021, 16:52:31] --> Setting '2' loaded because of active level settings
[merapivezu:   28.11.2021, 16:52:45] --> Character was kicked from the bot, reason: Character was walking
[merapivezu:   28.11.2021, 16:52:49] --> kipemunerupa appeared
[merapivezu:   28.11.2021, 16:53:02] --> kipemunerupa appeared
[merapivezu:   28.11.2021, 16:53:11] --> Character was kicked from the bot, reason: Character was walking
[merapivezu:   28.11.2021, 16:53:14] --> hubakamaraka appeared
[merapivezu:   28.11.2021, 16:53:21] --> fifukubofa appeared
[merapivezu:   28.11.2021, 16:53:36] --> kipemunerupa appeared
[merapivezu:   28.11.2021, 16:53:50] --> futazokuzez appeared
[merapivezu:   28.11.2021, 16:53:50] --> Character leveled up to level 16
[merapivezu:   28.11.2021, 16:54:27] --> futazokuzez appeared
[merapivezu:   28.11.2021, 16:54:44] --> kipemunerupa appeared
[merapivezu:   28.11.2021, 16:54:45] --> Character leveled up to level 17
[merapivezu:   28.11.2021, 16:54:53] --> fifukubofa appeared
[merapivezu:   28.11.2021, 16:55:16] --> Character leveled up to level 18
[merapivezu:   28.11.2021, 16:55:40] --> fifukubofa appeared
[merapivezu:   28.11.2021, 16:55:46] --> Character leveled up to level 19
[merapivezu:   28.11.2021, 16:56:18] --> futazokuzez appeared
[merapivezu:   28.11.2021, 16:56:22] --> futazokuzez appeared
[merapivezu:   28.11.2021, 16:56:33] --> Character leveled up to level 20
[merapivezu:   28.11.2021, 16:56:33] --> kipemunerupa appeared
[merapivezu:   28.11.2021, 16:56:51] --> futazokuzez appeared
[merapivezu:   28.11.2021, 16:56:56] --> fifukubofa appeared
[merapivezu:   28.11.2021, 16:57:02] --> fifukubofa appeared
[merapivezu:   28.11.2021, 16:57:16] --> futazokuzez appeared
[merapivezu:   28.11.2021, 16:57:19] --> futazokuzez appeared
[merapivezu:   28.11.2021, 16:57:21] --> Character leveled up to level 21
[merapivezu:   28.11.2021, 16:57:43] --> fifukubofa appeared
[merapivezu:   28.11.2021, 16:58:04] --> futazokuzez appeared
[merapivezu:   28.11.2021, 16:58:15] --> Character leveled up to level 22
[merapivezu:   28.11.2021, 16:58:29] --> futazokuzez appeared
[merapivezu:   28.11.2021, 16:58:56] --> futazokuzez appeared
[merapivezu:   28.11.2021, 16:59:06] --> nelacozetizo appeared
[merapivezu:   28.11.2021, 16:59:07] --> Character leveled up to level 23
[merapivezu:   28.11.2021, 16:59:27] --> futazokuzez appeared
[merapivezu:   28.11.2021, 16:59:54] --> futazokuzez appeared
[merapivezu:   28.11.2021, 16:59:59] --> futazokuzez appeared
[merapivezu:   28.11.2021, 17:00:15] --> Character leveled up to level 24
[merapivezu:   28.11.2021, 17:00:25] --> zenuwuduveb appeared
[merapivezu:   28.11.2021, 17:00:40] --> kipemunerupa appeared
[merapivezu:   28.11.2021, 17:00:54] --> futazokuzez appeared
[merapivezu:   28.11.2021, 17:01:09] --> Character leveled up to level 25
[merapivezu:   28.11.2021, 17:01:14] --> fibazuzipeca appeared
[merapivezu:   28.11.2021, 17:01:24] --> futazokuzez appeared
[merapivezu:   28.11.2021, 17:01:29] --> kipemunerupa appeared
[merapivezu:   28.11.2021, 17:01:37] --> zenuwuduveb appeared
[merapivezu:   28.11.2021, 17:01:49] --> nuzukarapata appeared
[merapivezu:   28.11.2021, 17:02:02] --> nuzukarapata appeared
[merapivezu:   28.11.2021, 17:02:21] --> bukurezodih appeared
[merapivezu:   28.11.2021, 17:02:29] --> Character leveled up to level 26
[merapivezu:   28.11.2021, 17:03:00] --> futazokuzez appeared
[merapivezu:   28.11.2021, 17:03:05] --> bibezogizef appeared
[merapivezu:   28.11.2021, 17:04:00] --> futazokuzez appeared
[merapivezu:   28.11.2021, 17:04:06] --> futazokuzez appeared
[merapivezu:   28.11.2021, 17:04:08] --> futazokuzez appeared
[merapivezu:   28.11.2021, 17:04:28] --> Character leveled up to level 27
[merapivezu:   28.11.2021, 17:04:59] --> kipemunerupa appeared
[merapivezu:   28.11.2021, 17:05:19] --> nuzukarapata appeared
[merapivezu:   28.11.2021, 17:05:36] --> kipemunerupa appeared
[merapivezu:   28.11.2021, 17:05:47] --> bukurezodih appeared
[merapivezu:   28.11.2021, 17:06:10] --> Character leveled up to level 28
[merapivezu:   28.11.2021, 17:06:28] --> bibezogizef appeared
[merapivezu:   28.11.2021, 17:06:46] --> fibazuzipeca appeared
[merapivezu:   28.11.2021, 17:06:57] --> bukurezodih appeared
[merapivezu:   28.11.2021, 17:07:22] --> nuzukarapata appeared
[merapivezu:   28.11.2021, 17:07:40] --> bibezogizef appeared
[merapivezu:   28.11.2021, 17:07:54] --> Character leveled up to level 29
[merapivezu:   28.11.2021, 17:08:41] --> nuzukarapata appeared
[merapivezu:   28.11.2021, 17:08:50] --> kipemunerupa appeared
[merapivezu:   28.11.2021, 17:09:12] --> diliboremovu appeared
[merapivezu:   28.11.2021, 17:09:28] --> kipemunerupa appeared
[merapivezu:   28.11.2021, 17:09:58] --> nuzukarapata appeared
[merapivezu:   28.11.2021, 17:10:05] --> kipemunerupa appeared
[merapivezu:   28.11.2021, 17:10:13] --> Character leveled up to level 30
[merapivezu:   28.11.2021, 17:10:23] --> bukurezodih appeared
[merapivezu:   28.11.2021, 17:10:36] --> nuzukarapata appeared
[merapivezu:   28.11.2021, 17:11:06] --> bibezogizef appeared
[merapivezu:   28.11.2021, 17:12:11] --> nuzukarapata appeared
[merapivezu:   28.11.2021, 17:12:18] --> bibezogizef appeared
[merapivezu:   28.11.2021, 17:12:21] --> Character leveled up to level 31
[merapivezu:   28.11.2021, 17:12:22] --> Bot terminated: Character reached level 31
[vusokafepuku: 29.11.2021, 10:28:36] --> Bot successfully started
[vusokafepuku: 29.11.2021, 10:28:36] --> vazuzuzulame appeared
[vusokafepuku: 29.11.2021, 10:28:41] --> Time passed, now going to talk to alchemist: vusokafepuku
[vusokafepuku: 29.11.2021, 10:28:41] --> Character went to Alchemist: vusokafepuku
[vusokafepuku: 29.11.2021, 10:28:45] --> Character was kicked from the bot, reason: Character was walking
[vusokafepuku: 29.11.2021, 10:29:01] --> tigafufupoba appeared
[vusokafepuku: 29.11.2021, 10:29:07] --> Character was kicked from the bot, reason: Character was walking
[vusokafepuku: 29.11.2021, 10:29:29] --> Character was kicked from the bot, reason: Character was walking
[vusokafepuku: 29.11.2021, 10:30:03] --> Character was kicked from the bot, reason: Character was walking
[vusokafepuku: 29.11.2021, 10:30:06] --> adsisa59 appeared
[vusokafepuku: 29.11.2021, 10:30:25] --> vunizasanalu appeared
[vusokafepuku: 29.11.2021, 10:30:28] --> vunizasanalu appeared
[vusokafepuku: 29.11.2021, 10:30:36] --> wenacakege appeared
[vusokafepuku: 29.11.2021, 10:30:52] --> vunizasanalu appeared
[vusokafepuku: 29.11.2021, 10:32:59] --> vunizasanalu appeared
[vusokafepuku: 29.11.2021, 10:33:27] --> vunizasanalu appeared
[vusokafepuku: 29.11.2021, 10:34:20] --> bopakekowe appeared
[vusokafepuku: 29.11.2021, 10:34:44] --> benezupazu appeared
[vusokafepuku: 29.11.2021, 10:35:34] --> bopakekowe appeared
[vusokafepuku: 29.11.2021, 10:35:58] --> benezupazu appeared
[vusokafepuku: 29.11.2021, 10:36:44] --> vunizasanalu appeared
[vusokafepuku: 29.11.2021, 10:37:10] --> benezupazu appeared
[vusokafepuku: 29.11.2021, 10:37:48] --> 10 shards collected, now going to talk to alchemist: vusokafepuku
[vusokafepuku: 29.11.2021, 10:37:48] --> Character went to Alchemist: vusokafepuku
[vusokafepuku: 29.11.2021, 10:37:51] --> Character got kick
[vusokafepuku: 29.11.2021, 10:38:23] --> vekikozurel appeared
[vusokafepuku: 29.11.2021, 10:38:40] --> Character was kicked from the bot, reason: Character was walking
[vusokafepuku: 29.11.2021, 10:38:45] --> pozazofetabi appeared
[vusokafepuku: 29.11.2021, 10:39:03] --> Character was kicked from the bot, reason: Character was walking
[vusokafepuku: 29.11.2021, 10:39:07] --> pozazofetabi appeared
[vusokafepuku: 29.11.2021, 10:39:37] --> Character was kicked from the bot, reason: Character was walking
[vusokafepuku: 29.11.2021, 10:39:40] --> adsimsa76 appeared
[vusokafepuku: 29.11.2021, 10:39:54] --> vunizasanalu appeared
[vusokafepuku: 29.11.2021, 10:40:12] --> konikarudop appeared
[vusokafepuku: 29.11.2021, 10:40:24] --> vunizasanalu appeared
[vusokafepuku: 29.11.2021, 10:40:35] --> adsimsa76 appeared
[vusokafepuku: 29.11.2021, 10:41:19] --> vunizasanalu appeared
[vusokafepuku: 29.11.2021, 10:41:33] --> vunizasanalu appeared
[vusokafepuku: 29.11.2021, 10:41:39] --> vunizasanalu appeared
[vusokafepuku: 29.11.2021, 10:41:43] --> vunizasanalu appeared
[vusokafepuku: 29.11.2021, 10:42:20] --> vunizasanalu appeared
[vusokafepuku: 29.11.2021, 10:42:34] --> wenacakege appeared
[vusokafepuku: 29.11.2021, 10:42:58] --> benezupazu appeared
[vusokafepuku: 29.11.2021, 10:43:04] --> benezupazu appeared
[vusokafepuku: 29.11.2021, 10:43:29] --> Character leveled up to level 32
[vusokafepuku: 29.11.2021, 10:43:36] --> vunizasanalu appeared
[vusokafepuku: 29.11.2021, 10:43:48] --> vunizasanalu appeared
[vusokafepuku: 29.11.2021, 10:44:03] --> bopakekowe appeared
[vusokafepuku: 29.11.2021, 10:44:07] --> vunizasanalu appeared
[vusokafepuku: 29.11.2021, 10:45:00] --> vunizasanalu appeared
[vusokafepuku: 29.11.2021, 10:45:04] --> vunizasanalu appeared
[vusokafepuku: 29.11.2021, 10:46:14] --> adsisa59 appeared
[vusokafepuku: 29.11.2021, 10:46:34] --> vunizasanalu appeared
[vusokafepuku: 29.11.2021, 10:46:47] --> adsimsa76 appeared
[vusokafepuku: 29.11.2021, 10:47:29] --> vunizasanalu appeared
[vusokafepuku: 29.11.2021, 10:47:57] --> vunizasanalu appeared
[vusokafepuku: 29.11.2021, 10:48:15] --> adsisa59 appeared
[vusokafepuku: 29.11.2021, 10:48:20] --> benezupazu appeared
[vusokafepuku: 29.11.2021, 10:48:44] --> vunizasanalu appeared
[vusokafepuku: 29.11.2021, 10:49:58] --> vunizasanalu appeared
[vusokafepuku: 29.11.2021, 10:50:07] --> bopakekowe appeared
[vusokafepuku: 29.11.2021, 10:50:18] --> vunizasanalu appeared
[vusokafepuku: 29.11.2021, 10:53:31] --> Bot successfully started
[vusokafepuku: 29.11.2021, 10:53:31] --> adsimsa80 appeared
[vusokafepuku: 29.11.2021, 10:53:57] --> adsimsa80 appeared
[vusokafepuku: 29.11.2021, 10:54:07] --> vunizasanalu appeared
[vusokafepuku: 29.11.2021, 10:54:50] --> vunizasanalu appeared
[vusokafepuku: 29.11.2021, 10:55:55] --> benezupazu appeared
[vusokafepuku: 29.11.2021, 10:56:05] --> vunizasanalu appeared
[vusokafepuku: 29.11.2021, 10:56:28] --> Character leveled up to level 33
[vusokafepuku: 29.11.2021, 10:56:35] --> benezupazu appeared
[vusokafepuku: 29.11.2021, 10:57:38] --> vunizasanalu appeared
[vusokafepuku: 29.11.2021, 10:58:03] --> adsisa63 appeared
[vusokafepuku: 29.11.2021, 10:58:08] --> adsisa63 appeared
[vusokafepuku: 29.11.2021, 10:58:50] --> vunizasanalu appeared
[vusokafepuku: 29.11.2021, 10:59:02] --> benezupazu appeared
[vusokafepuku: 29.11.2021, 10:59:43] --> vunizasanalu appeared
[vusokafepuku: 29.11.2021, 11:00:57] --> vunizasanalu appeared
[vusokafepuku: 29.11.2021, 11:02:30] --> lupipusokic appeared
[vusokafepuku: 29.11.2021, 11:02:45] --> zedizubifufa appeared
[vusokafepuku: 29.11.2021, 11:03:20] --> benezupazu appeared
[vusokafepuku: 29.11.2021, 11:04:02] --> benezupazu appeared
[vusokafepuku: 29.11.2021, 11:04:43] --> vunizasanalu appeared
[vusokafepuku: 29.11.2021, 11:04:53] --> konikarudop appeared
[vusokafepuku: 29.11.2021, 11:05:12] --> vunizasanalu appeared
[vusokafepuku: 29.11.2021, 11:06:04] --> vunizasanalu appeared
[vusokafepuku: 29.11.2021, 11:06:08] --> konikarudop appeared
[vusokafepuku: 29.11.2021, 11:06:30] --> wenacakege appeared
[vusokafepuku: 29.11.2021, 11:07:14] --> vunizasanalu appeared
[vusokafepuku: 29.11.2021, 11:07:48] --> adsimsa80 appeared
[vusokafepuku: 29.11.2021, 11:07:59] --> adsisa63 appeared
[vusokafepuku: 29.11.2021, 11:08:29] --> vunizasanalu appeared
[vusokafepuku: 29.11.2021, 11:08:38] --> fulozuzefu appeared
[vusokafepuku: 29.11.2021, 11:08:46] --> Character leveled up to level 34
[vusokafepuku: 29.11.2021, 11:08:48] --> vunizasanalu appeared
[vusokafepuku: 29.11.2021, 11:08:58] --> sinimuvizuc appeared
[vusokafepuku: 29.11.2021, 11:09:38] --> vunizasanalu appeared
[vusokafepuku: 29.11.2021, 11:09:49] --> vunizasanalu appeared
[vusokafepuku: 29.11.2021, 11:09:52] --> vunizasanalu appeared
[vusokafepuku: 29.11.2021, 11:10:07] --> vunizasanalu appeared
[vusokafepuku: 29.11.2021, 11:10:48] --> vunizasanalu appeared
[vusokafepuku: 29.11.2021, 11:11:03] --> wenacakege appeared
[vusokafepuku: 29.11.2021, 11:11:19] --> vunizasanalu appeared
[vusokafepuku: 29.11.2021, 11:12:12] --> vunizasanalu appeared
[vusokafepuku: 29.11.2021, 11:12:37] --> vunizasanalu appeared
[vusokafepuku: 29.11.2021, 11:13:32] --> vozogikamu appeared
[vusokafepuku: 29.11.2021, 11:13:44] --> adsisa63 appeared
[vusokafepuku: 29.11.2021, 11:14:37] --> vunizasanalu appeared
[vusokafepuku: 29.11.2021, 11:14:43] --> adsisa63 appeared
[vusokafepuku: 29.11.2021, 11:14:55] --> adsisa63 appeared
[vusokafepuku: 29.11.2021, 11:15:04] --> vunizasanalu appeared
[vusokafepuku: 29.11.2021, 11:15:13] --> benezupazu appeared
[vusokafepuku: 29.11.2021, 11:15:50] --> vunizasanalu appeared
[vusokafepuku: 29.11.2021, 11:15:54] --> wenacakege appeared
[vusokafepuku: 29.11.2021, 11:16:17] --> vunizasanalu appeared
[vusokafepuku: 29.11.2021, 11:17:01] --> vunizasanalu appeared
[vusokafepuku: 29.11.2021, 11:17:12] --> Char changed: 5 dragon cors collected, total cor count: 5
[vusokafepuku: 29.11.2021, 11:17:13] --> Character was kicked from the bot, reason: Changing character
[bocubafiravo: 29.11.2021, 11:17:47] --> dipehapuzih appeared
[bocubafiravo: 29.11.2021, 11:17:48] --> Time passed, now going to talk to alchemist: bocubafiravo
[bocubafiravo: 29.11.2021, 11:17:48] --> Character went to Alchemist: bocubafiravo
[bocubafiravo: 29.11.2021, 11:18:12] --> Character was kicked from the bot, reason: Character was walking
[bocubafiravo: 29.11.2021, 11:18:17] --> zahakuzerebi appeared
[bocubafiravo: 29.11.2021, 11:18:35] --> Character was kicked from the bot, reason: Character was walking
[bocubafiravo: 29.11.2021, 11:19:09] --> Character was kicked from the bot, reason: Character was walking
[bocubafiravo: 29.11.2021, 11:19:12] --> adsisa63 appeared
[bocubafiravo: 29.11.2021, 11:19:25] --> vunizasanalu appeared
[bocubafiravo: 29.11.2021, 11:19:43] --> vunizasanalu appeared
[bocubafiravo: 29.11.2021, 11:19:56] --> vunizasanalu appeared
[bocubafiravo: 29.11.2021, 11:19:59] --> vunizasanalu appeared
[bocubafiravo: 29.11.2021, 11:21:07] --> adsisa63 appeared
[bocubafiravo: 29.11.2021, 11:21:17] --> sinimuvizuc appeared
[bocubafiravo: 29.11.2021, 11:22:07] --> vunizasanalu appeared
[bocubafiravo: 29.11.2021, 11:22:24] --> vunizasanalu appeared
[bocubafiravo: 29.11.2021, 11:23:16] --> wenacakege appeared
[bocubafiravo: 29.11.2021, 11:23:33] --> vunizasanalu appeared
[bocubafiravo: 29.11.2021, 11:23:43] --> sinimuvizuc appeared
[bocubafiravo: 29.11.2021, 11:24:27] --> vunizasanalu appeared
[bocubafiravo: 29.11.2021, 11:24:41] --> vunizasanalu appeared
[bocubafiravo: 29.11.2021, 11:24:48] --> vunizasanalu appeared
[bocubafiravo: 29.11.2021, 11:25:13] --> 10 shards collected, now going to talk to alchemist: bocubafiravo
[bocubafiravo: 29.11.2021, 11:25:13] --> Character went to Alchemist: bocubafiravo
[bocubafiravo: 29.11.2021, 11:25:16] --> Character was kicked from the bot, reason: Character was walking
[bocubafiravo: 29.11.2021, 11:25:27] --> Character got kick
[bocubafiravo: 29.11.2021, 11:25:42] --> vozikucale appeared
[bocubafiravo: 29.11.2021, 11:25:48] --> Character was kicked from the bot, reason: Character was walking
[bocubafiravo: 29.11.2021, 11:25:55] --> verxd12 appeared
[bocubafiravo: 29.11.2021, 11:26:12] --> Character was kicked from the bot, reason: Character was walking
[bocubafiravo: 29.11.2021, 11:26:22] --> karetilako appeared
[bocubafiravo: 29.11.2021, 11:26:46] --> Character was kicked from the bot, reason: Character was walking
[bocubafiravo: 29.11.2021, 11:26:50] --> benezupazu appeared
[bocubafiravo: 29.11.2021, 11:27:59] --> Character got kick
[bocubafiravo: 29.11.2021, 11:28:06] --> Character died
[bocubafiravo: 29.11.2021, 11:28:08] --> vunizasanalu appeared
[bocubafiravo: 29.11.2021, 11:28:22] --> benezupazu appeared
[bocubafiravo: 29.11.2021, 11:29:04] --> vunizasanalu appeared
[bocubafiravo: 29.11.2021, 11:29:33] --> vunizasanalu appeared
[bocubafiravo: 29.11.2021, 11:30:24] --> duzagizute appeared
[bocubafiravo: 29.11.2021, 11:31:34] --> vunizasanalu appeared
[bocubafiravo: 29.11.2021, 11:31:54] --> vunizasanalu appeared
[bocubafiravo: 29.11.2021, 11:32:45] --> vunizasanalu appeared
[bocubafiravo: 29.11.2021, 11:32:51] --> vunizasanalu appeared
[bocubafiravo: 29.11.2021, 11:33:07] --> vunizasanalu appeared
[bocubafiravo: 29.11.2021, 11:33:18] --> Character leveled up to level 32
[bocubafiravo: 29.11.2021, 11:33:50] --> vunizasanalu appeared
[bocubafiravo: 29.11.2021, 11:34:17] --> vunizasanalu appeared
[bocubafiravo: 29.11.2021, 11:34:28] --> benezupazu appeared
[bocubafiravo: 29.11.2021, 11:35:05] --> Character got kick
[bocubafiravo: 29.11.2021, 11:35:30] --> wenacakege appeared
[bocubafiravo: 29.11.2021, 11:35:49] --> vunizasanalu appeared
[bocubafiravo: 29.11.2021, 11:36:43] --> vunizasanalu appeared
[bocubafiravo: 29.11.2021, 11:37:03] --> vunizasanalu appeared
[bocubafiravo: 29.11.2021, 11:37:56] --> wenacakege appeared
[bocubafiravo: 29.11.2021, 11:39:37] --> benezupazu appeared
[bocubafiravo: 29.11.2021, 11:39:40] --> benezupazu appeared
[bocubafiravo: 29.11.2021, 11:40:29] --> wenacakege appeared
[bocubafiravo: 29.11.2021, 11:40:38] --> vunizasanalu appeared
[bocubafiravo: 29.11.2021, 11:41:29] --> vunizasanalu appeared
[bocubafiravo: 29.11.2021, 11:41:37] --> vunizasanalu appeared
[bocubafiravo: 29.11.2021, 11:41:42] --> vunizasanalu appeared
[bocubafiravo: 29.11.2021, 11:42:01] --> vunizasanalu appeared
[bocubafiravo: 29.11.2021, 11:42:10] --> benezupazu appeared
[bocubafiravo: 29.11.2021, 11:43:01] --> konikarudop appeared
[bocubafiravo: 29.11.2021, 11:43:16] --> vunizasanalu appeared
[bocubafiravo: 29.11.2021, 11:43:56] --> vunizasanalu appeared
[bocubafiravo: 29.11.2021, 11:44:14] --> kesagolugit appeared
[bocubafiravo: 29.11.2021, 11:44:26] --> vunizasanalu appeared
[bocubafiravo: 29.11.2021, 11:44:37] --> adsimsa83 appeared
[bocubafiravo: 29.11.2021, 11:44:52] --> Character leveled up to level 33
[bocubafiravo: 29.11.2021, 11:45:21] --> vunizasanalu appeared
[bocubafiravo: 29.11.2021, 11:45:36] --> adsimsa83 appeared
[bocubafiravo: 29.11.2021, 11:46:16] --> sinimuvizuc appeared
[bocubafiravo: 29.11.2021, 11:46:24] --> vunizasanalu appeared
[bocubafiravo: 29.11.2021, 11:46:40] --> adsimsa83 appeared
[bocubafiravo: 29.11.2021, 11:47:19] --> adsisa63 appeared
[bocubafiravo: 29.11.2021, 11:47:52] --> vunizasanalu appeared
[bocubafiravo: 29.11.2021, 11:49:14] --> dikurotupiz appeared
[bocubafiravo: 29.11.2021, 11:49:28] --> vunizasanalu appeared
[bocubafiravo: 29.11.2021, 11:50:21] --> vunizasanalu appeared
[bocubafiravo: 29.11.2021, 11:50:36] --> vunizasanalu appeared
[bocubafiravo: 29.11.2021, 11:51:36] --> konikarudop appeared
[bocubafiravo: 29.11.2021, 11:52:03] --> benezupazu appeared
[bocubafiravo: 29.11.2021, 11:52:40] --> vunizasanalu appeared
[bocubafiravo: 29.11.2021, 11:52:49] --> konikarudop appeared
[bocubafiravo: 29.11.2021, 11:52:54] --> konikarudop appeared
[bocubafiravo: 29.11.2021, 11:53:10] --> vunizasanalu appeared
[bocubafiravo: 29.11.2021, 11:54:03] --> vunizasanalu appeared
[bocubafiravo: 29.11.2021, 11:55:07] --> vunizasanalu appeared
[bocubafiravo: 29.11.2021, 11:55:20] --> dikurotupiz appeared
[bocubafiravo: 29.11.2021, 11:55:28] --> vunizasanalu appeared
[bocubafiravo: 29.11.2021, 11:55:45] --> benezupazu appeared
[bocubafiravo: 29.11.2021, 11:56:30] --> vunizasanalu appeared
[bocubafiravo: 29.11.2021, 11:56:52] --> vunizasanalu appeared
[bocubafiravo: 29.11.2021, 11:57:52] --> vunizasanalu appeared
[bocubafiravo: 29.11.2021, 11:58:12] --> benezupazu appeared
[bocubafiravo: 29.11.2021, 11:58:48] --> vunizasanalu appeared
[bocubafiravo: 29.11.2021, 11:58:51] --> Character leveled up to level 34
[bocubafiravo: 29.11.2021, 11:58:59] --> konikarudop appeared
[bocubafiravo: 29.11.2021, 11:59:15] --> vunizasanalu appeared
[bocubafiravo: 29.11.2021, 11:59:24] --> benezupazu appeared
[bocubafiravo: 29.11.2021, 12:01:09] --> benezupazu appeared
[bocubafiravo: 29.11.2021, 12:01:13] --> vunizasanalu appeared
[bocubafiravo: 29.11.2021, 12:01:22] --> wenacakege appeared
[bocubafiravo: 29.11.2021, 12:01:35] --> vunizasanalu appeared
[bocubafiravo: 29.11.2021, 12:01:49] --> benezupazu appeared
[bocubafiravo: 29.11.2021, 12:01:51] --> benezupazu appeared
[bocubafiravo: 29.11.2021, 12:02:50] --> vunizasanalu appeared
[bocubafiravo: 29.11.2021, 12:02:59] --> vunizasanalu appeared
[bocubafiravo: 29.11.2021, 12:03:47] --> wenacakege appeared
[bocubafiravo: 29.11.2021, 12:04:53] --> vunizasanalu appeared
[bocubafiravo: 29.11.2021, 12:05:21] --> vunizasanalu appeared
[bocubafiravo: 29.11.2021, 12:06:36] --> Char changed: 5 dragon cors collected, total cor count: 5
[bocubafiravo: 29.11.2021, 12:06:37] --> Character was kicked from the bot, reason: Changing character
[bocubafiravo: 29.11.2021, 12:06:42] --> Character died
[kovopacapil:  29.11.2021, 12:06:47] --> Time passed, now going to talk to alchemist: kovopacapil
[kovopacapil:  29.11.2021, 12:06:47] --> Character went to Alchemist: kovopacapil
[kovopacapil:  29.11.2021, 12:06:51] --> Character was kicked from the bot, reason: Character was walking
[kovopacapil:  29.11.2021, 12:07:06] --> razupaririva appeared
[kovopacapil:  29.11.2021, 12:07:11] --> Character was kicked from the bot, reason: Character was walking
[kovopacapil:  29.11.2021, 12:07:17] --> rezutepicu appeared
[kovopacapil:  29.11.2021, 12:07:34] --> Character was kicked from the bot, reason: Character was walking
[kovopacapil:  29.11.2021, 12:08:08] --> Character was kicked from the bot, reason: Character was walking
[kovopacapil:  29.11.2021, 12:08:11] --> vunizasanalu appeared
[kovopacapil:  29.11.2021, 12:08:54] --> vunizasanalu appeared
[kovopacapil:  29.11.2021, 12:09:14] --> vunizasanalu appeared
[kovopacapil:  29.11.2021, 12:09:23] --> vazizeceki appeared
[kovopacapil:  29.11.2021, 12:10:36] --> wenacakege appeared
[kovopacapil:  29.11.2021, 12:11:30] --> konikarudop appeared
[kovopacapil:  29.11.2021, 12:11:49] --> wenacakege appeared
[kovopacapil:  29.11.2021, 12:13:04] --> adsisa64 appeared
[kovopacapil:  29.11.2021, 12:14:02] --> vazizeceki appeared
[kovopacapil:  29.11.2021, 12:14:21] --> benezupazu appeared
[kovopacapil:  29.11.2021, 12:15:01] --> vunizasanalu appeared
[kovopacapil:  29.11.2021, 12:16:14] --> wenacakege appeared
[kovopacapil:  29.11.2021, 12:16:16] --> vunizasanalu appeared
[kovopacapil:  29.11.2021, 12:16:27] --> konikarudop appeared
[kovopacapil:  29.11.2021, 12:16:36] --> vunizasanalu appeared
[kovopacapil:  29.11.2021, 12:18:02] --> vunizasanalu appeared
[kovopacapil:  29.11.2021, 12:18:43] --> Character leveled up to level 32
[kovopacapil:  29.11.2021, 12:18:49] --> 10 shards collected, now going to talk to alchemist: kovopacapil
[kovopacapil:  29.11.2021, 12:18:49] --> Character went to Alchemist: kovopacapil
[kovopacapil:  29.11.2021, 12:18:59] --> rokozokebe appeared
[kovopacapil:  29.11.2021, 12:19:13] --> Character was kicked from the bot, reason: Character was walking
[kovopacapil:  29.11.2021, 12:19:36] --> Character was kicked from the bot, reason: Character was walking
[kovopacapil:  29.11.2021, 12:20:11] --> Character was kicked from the bot, reason: Character was walking
[kovopacapil:  29.11.2021, 12:20:15] --> vunizasanalu appeared
[kovopacapil:  29.11.2021, 12:21:05] --> vunizasanalu appeared
[kovopacapil:  29.11.2021, 12:21:57] --> konikarudop appeared
[kovopacapil:  29.11.2021, 12:22:22] --> benezupazu appeared
[kovopacapil:  29.11.2021, 12:23:03] --> wenacakege appeared
[kovopacapil:  29.11.2021, 12:23:15] --> vunizasanalu appeared
[kovopacapil:  29.11.2021, 12:23:18] --> vunizasanalu appeared
[kovopacapil:  29.11.2021, 12:23:31] --> vunizasanalu appeared
[kovopacapil:  29.11.2021, 12:24:42] --> vunizasanalu appeared
[kovopacapil:  29.11.2021, 12:24:53] --> wenacakege appeared
[kovopacapil:  29.11.2021, 12:25:37] --> vunizasanalu appeared
[kovopacapil:  29.11.2021, 12:26:05] --> vunizasanalu appeared
[kovopacapil:  29.11.2021, 12:26:54] --> konikarudop appeared
[kovopacapil:  29.11.2021, 12:27:03] --> Character died
[kovopacapil:  29.11.2021, 12:27:43] --> vunizasanalu appeared
[kovopacapil:  29.11.2021, 12:28:29] --> vunizasanalu appeared
[kovopacapil:  29.11.2021, 12:28:34] --> vunizasanalu appeared
[kovopacapil:  29.11.2021, 12:29:42] --> vunizasanalu appeared
[kovopacapil:  29.11.2021, 12:29:51] --> konikarudop appeared
[kovopacapil:  29.11.2021, 12:30:01] --> vunizasanalu appeared
[kovopacapil:  29.11.2021, 12:30:12] --> benezupazu appeared
[kovopacapil:  29.11.2021, 12:31:26] --> vunizasanalu appeared
[kovopacapil:  29.11.2021, 12:33:19] --> Character leveled up to level 33
[kovopacapil:  29.11.2021, 12:33:22] --> adsimsa85 appeared
[kovopacapil:  29.11.2021, 12:33:51] --> wenacakege appeared
[kovopacapil:  29.11.2021, 12:34:31] --> vunizasanalu appeared
[kovopacapil:  29.11.2021, 12:34:46] --> konikarudop appeared
[kovopacapil:  29.11.2021, 12:34:59] --> vunizasanalu appeared
[kovopacapil:  29.11.2021, 12:36:57] --> vunizasanalu appeared
[kovopacapil:  29.11.2021, 12:37:19] --> vunizasanalu appeared
[kovopacapil:  29.11.2021, 12:37:35] --> sozacihokofe appeared
[kovopacapil:  29.11.2021, 12:38:40] --> wenacakege appeared
[kovopacapil:  29.11.2021, 12:39:44] --> vunizasanalu appeared
[kovopacapil:  29.11.2021, 12:40:00] --> benezupazu appeared
[kovopacapil:  29.11.2021, 12:40:53] --> sozacihokofe appeared
[kovopacapil:  29.11.2021, 12:41:01] --> adsisa80 appeared
[kovopacapil:  29.11.2021, 12:42:03] --> vunizasanalu appeared
[kovopacapil:  29.11.2021, 12:42:17] --> vunizasanalu appeared
[kovopacapil:  29.11.2021, 12:42:29] --> benezupazu appeared
[kovopacapil:  29.11.2021, 12:43:17] --> wenacakege appeared
[kovopacapil:  29.11.2021, 12:43:30] --> wenacakege appeared
[kovopacapil:  29.11.2021, 12:44:35] --> konikarudop appeared
[kovopacapil:  29.11.2021, 12:44:55] --> wenacakege appeared
[kovopacapil:  29.11.2021, 12:45:36] --> Character leveled up to level 34
[kovopacapil:  29.11.2021, 12:45:40] --> vunizasanalu appeared
[kovopacapil:  29.11.2021, 12:46:05] --> RovarD81 appeared
[kovopacapil:  29.11.2021, 12:47:01] --> vunizasanalu appeared
[kovopacapil:  29.11.2021, 12:47:14] --> vunizasanalu appeared
[kovopacapil:  29.11.2021, 12:47:18] --> vunizasanalu appeared
[kovopacapil:  29.11.2021, 12:48:09] --> vunizasanalu appeared
[kovopacapil:  29.11.2021, 12:48:27] --> vunizasanalu appeared
[kovopacapil:  29.11.2021, 12:48:37] --> benezupazu appeared
[kovopacapil:  29.11.2021, 12:49:16] --> vunizasanalu appeared
[kovopacapil:  29.11.2021, 12:49:20] --> vunizasanalu appeared
[kovopacapil:  29.11.2021, 12:49:26] --> vunizasanalu appeared
[kovopacapil:  29.11.2021, 12:49:43] --> vunizasanalu appeared
[kovopacapil:  29.11.2021, 12:50:54] --> vunizasanalu appeared
[kovopacapil:  29.11.2021, 12:51:48] --> vunizasanalu appeared
[kovopacapil:  29.11.2021, 12:51:59] --> konikarudop appeared
[kovopacapil:  29.11.2021, 12:52:17] --> vunizasanalu appeared
[kovopacapil:  29.11.2021, 12:53:04] --> vunizasanalu appeared
[kovopacapil:  29.11.2021, 12:54:17] --> vunizasanalu appeared
[kovopacapil:  29.11.2021, 12:54:37] --> vunizasanalu appeared
[kovopacapil:  29.11.2021, 12:54:47] --> sldwax6 appeared
[kovopacapil:  29.11.2021, 12:55:51] --> vunizasanalu appeared
[kovopacapil:  29.11.2021, 12:56:56] --> konikarudop appeared
[kovopacapil:  29.11.2021, 12:57:07] --> vunizasanalu appeared
[kovopacapil:  29.11.2021, 12:57:18] --> zopomikuravi appeared
[kovopacapil:  29.11.2021, 12:57:59] --> vunizasanalu appeared
[kovopacapil:  29.11.2021, 12:58:31] --> vunizasanalu appeared
[kovopacapil:  29.11.2021, 12:59:11] --> wenacakege appeared
[kovopacapil:  29.11.2021, 12:59:20] --> vunizasanalu appeared
[kovopacapil:  29.11.2021, 13:00:29] --> vunizasanalu appeared
[kovopacapil:  29.11.2021, 13:00:48] --> sldwax6 appeared
[kovopacapil:  29.11.2021, 13:01:00] --> wenacakege appeared
[kovopacapil:  29.11.2021, 13:01:51] --> Character leveled up to level 35
[kovopacapil:  29.11.2021, 13:02:13] --> vunizasanalu appeared
[kovopacapil:  29.11.2021, 13:03:04] --> konikarudop appeared
[kovopacapil:  29.11.2021, 13:03:15] --> vunizasanalu appeared
[kovopacapil:  29.11.2021, 13:03:26] --> benezupazu appeared
[kovopacapil:  29.11.2021, 13:04:08] --> vunizasanalu appeared
[kovopacapil:  29.11.2021, 13:04:31] --> Char changed: 5 dragon cors collected, total cor count: 5
[kovopacapil:  29.11.2021, 13:04:31] --> Character was kicked from the bot, reason: Changing character
[kovopacapil:  29.11.2021, 13:04:36] --> vekawafoza appeared
[kovopacapil:  29.11.2021, 13:04:36] --> Character died
[kokomiduken:  29.11.2021, 13:04:41] --> Time passed, now going to talk to alchemist: kokomiduken
[kokomiduken:  29.11.2021, 13:04:41] --> Character went to Alchemist: kokomiduken
[kokomiduken:  29.11.2021, 13:04:44] --> Character was kicked from the bot, reason: Character was walking
[kokomiduken:  29.11.2021, 13:04:54] --> kipemunerupa appeared
[kokomiduken:  29.11.2021, 13:05:06] --> Character was kicked from the bot, reason: Character was walking
[kokomiduken:  29.11.2021, 13:05:12] --> sikomopavuz appeared
[kokomiduken:  29.11.2021, 13:05:29] --> Character was kicked from the bot, reason: Character was walking
[kokomiduken:  29.11.2021, 13:05:51] --> sikomopavuz appeared
[kokomiduken:  29.11.2021, 13:06:02] --> sikomopavuz appeared
[kokomiduken:  29.11.2021, 13:06:04] --> Character was kicked from the bot, reason: Character was walking
[kokomiduken:  29.11.2021, 13:07:01] --> vunizasanalu appeared
[kokomiduken:  29.11.2021, 13:07:13] --> vunizasanalu appeared
[kokomiduken:  29.11.2021, 13:07:18] --> vunizasanalu appeared
[kokomiduken:  29.11.2021, 13:07:23] --> buvarizukale appeared
[kokomiduken:  29.11.2021, 13:08:02] --> vunizasanalu appeared
[kokomiduken:  29.11.2021, 13:08:12] --> wenacakege appeared
[kokomiduken:  29.11.2021, 13:08:30] --> wenacakege appeared
[kokomiduken:  29.11.2021, 13:09:32] --> konikarudop appeared
[kokomiduken:  29.11.2021, 13:09:54] --> benezupazu appeared
[kokomiduken:  29.11.2021, 13:10:31] --> vunizasanalu appeared
[kokomiduken:  29.11.2021, 13:10:40] --> vunizasanalu appeared
[kokomiduken:  29.11.2021, 13:12:19] --> benezupazu appeared
[kokomiduken:  29.11.2021, 13:13:10] --> konikarudop appeared
[kokomiduken:  29.11.2021, 13:13:17] --> 10 shards collected, now going to talk to alchemist: kokomiduken
[kokomiduken:  29.11.2021, 13:13:17] --> Character went to Alchemist: kokomiduken
[kokomiduken:  29.11.2021, 13:13:20] --> Character was kicked from the bot, reason: Character was walking
[kokomiduken:  29.11.2021, 13:13:53] --> rokozokebe appeared
[kokomiduken:  29.11.2021, 13:14:04] --> celazazeka appeared
[kokomiduken:  29.11.2021, 13:14:08] --> Character was kicked from the bot, reason: Character was walking
[kokomiduken:  29.11.2021, 13:14:14] --> lesufotahor appeared
[kokomiduken:  29.11.2021, 13:14:32] --> Character was kicked from the bot, reason: Character was walking
[kokomiduken:  29.11.2021, 13:14:43] --> celazazeka appeared
[kokomiduken:  29.11.2021, 13:15:04] --> bibadezikuto appeared
[kokomiduken:  29.11.2021, 13:15:05] --> Character was kicked from the bot, reason: Character was walking
[kokomiduken:  29.11.2021, 13:15:52] --> vunizasanalu appeared
[kokomiduken:  29.11.2021, 13:16:02] --> wenacakege appeared
[kokomiduken:  29.11.2021, 13:16:07] --> wenacakege appeared
[kokomiduken:  29.11.2021, 13:16:20] --> vunizasanalu appeared
[kokomiduken:  29.11.2021, 13:17:08] --> vunizasanalu appeared
[kokomiduken:  29.11.2021, 13:17:11] --> vunizasanalu appeared
[kokomiduken:  29.11.2021, 13:18:03] --> Character leveled up to level 32
[kokomiduken:  29.11.2021, 13:18:14] --> RovarD82 appeared
[kokomiduken:  29.11.2021, 13:18:20] --> vunizasanalu appeared
[kokomiduken:  29.11.2021, 13:18:39] --> vunizasanalu appeared
[kokomiduken:  29.11.2021, 13:18:53] --> sldwax7 appeared
[kokomiduken:  29.11.2021, 13:19:55] --> vunizasanalu appeared
[kokomiduken:  29.11.2021, 13:20:37] --> vunizasanalu appeared
[kokomiduken:  29.11.2021, 13:21:04] --> vunizasanalu appeared
[kokomiduken:  29.11.2021, 13:21:18] --> benezupazu appeared
[kokomiduken:  29.11.2021, 13:21:19] --> sldwax7 appeared
[kokomiduken:  29.11.2021, 13:22:00] --> vunizasanalu appeared
[kokomiduken:  29.11.2021, 13:22:27] --> vunizasanalu appeared
[kokomiduken:  29.11.2021, 13:23:13] --> vunizasanalu appeared
[kokomiduken:  29.11.2021, 13:24:29] --> vunizasanalu appeared
[kokomiduken:  29.11.2021, 13:24:39] --> konikarudop appeared
[kokomiduken:  29.11.2021, 13:24:49] --> vunizasanalu appeared
[kokomiduken:  29.11.2021, 13:25:00] --> benezupazu appeared
[kokomiduken:  29.11.2021, 13:26:11] --> vunizasanalu appeared
[kokomiduken:  29.11.2021, 13:27:07] --> konikarudop appeared
[kokomiduken:  29.11.2021, 13:27:14] --> vunizasanalu appeared
[kokomiduken:  29.11.2021, 13:27:29] --> zopegivuta appeared
[kokomiduken:  29.11.2021, 13:28:09] --> vunizasanalu appeared
[kokomiduken:  29.11.2021, 13:28:37] --> vunizasanalu appeared
[kokomiduken:  29.11.2021, 13:29:20] --> vunizasanalu appeared
[kokomiduken:  29.11.2021, 13:30:37] --> vunizasanalu appeared
[kokomiduken:  29.11.2021, 13:30:55] --> vunizasanalu appeared
[kokomiduken:  29.11.2021, 13:31:09] --> benezupazu appeared
[kokomiduken:  29.11.2021, 13:32:09] --> vunizasanalu appeared
[kokomiduken:  29.11.2021, 13:32:18] --> zopegivuta appeared
[kokomiduken:  29.11.2021, 13:33:10] --> Character leveled up to level 33
[kokomiduken:  29.11.2021, 13:33:12] --> lazumozome appeared
[kokomiduken:  29.11.2021, 13:33:21] --> vunizasanalu appeared
[kokomiduken:  29.11.2021, 13:33:34] --> benezupazu appeared
[kokomiduken:  29.11.2021, 13:34:05] --> benezupazu appeared
[kokomiduken:  29.11.2021, 13:34:15] --> vunizasanalu appeared
[kokomiduken:  29.11.2021, 13:34:30] --> konikarudop appeared
[kokomiduken:  29.11.2021, 13:34:44] --> vunizasanalu appeared
[kokomiduken:  29.11.2021, 13:35:30] --> vunizasanalu appeared
[kokomiduken:  29.11.2021, 13:36:35] --> benezupazu appeared
[kokomiduken:  29.11.2021, 13:36:45] --> vunizasanalu appeared
[kokomiduken:  29.11.2021, 13:36:57] --> konikarudop appeared
[kokomiduken:  29.11.2021, 13:37:03] --> vunizasanalu appeared
[kokomiduken:  29.11.2021, 13:37:16] --> zopegivuta appeared
[kokomiduken:  29.11.2021, 13:38:29] --> vunizasanalu appeared
[kokomiduken:  29.11.2021, 13:39:22] --> konikarudop appeared
[kokomiduken:  29.11.2021, 13:39:31] --> vunizasanalu appeared
[kokomiduken:  29.11.2021, 13:39:43] --> wenacakege appeared
[kokomiduken:  29.11.2021, 13:40:40] --> adsisa82 appeared
[kokomiduken:  29.11.2021, 13:41:06] --> sldwax9 appeared
[kokomiduken:  29.11.2021, 13:41:09] --> Character got kick
[kokomiduken:  29.11.2021, 13:41:58] --> vunizasanalu appeared
[kokomiduken:  29.11.2021, 13:42:22] --> vunizasanalu appeared
[kokomiduken:  29.11.2021, 13:43:08] --> vunizasanalu appeared
[kokomiduken:  29.11.2021, 13:44:23] --> vunizasanalu appeared
[kokomiduken:  29.11.2021, 13:44:32] --> wenacakege appeared
[kokomiduken:  29.11.2021, 13:46:06] --> vunizasanalu appeared
[kokomiduken:  29.11.2021, 13:47:06] --> vazanifekeri appeared
[kokomiduken:  29.11.2021, 13:47:13] --> vunizasanalu appeared
[kokomiduken:  29.11.2021, 13:47:27] --> benezupazu appeared
[kokomiduken:  29.11.2021, 13:48:07] --> vunizasanalu appeared
[kokomiduken:  29.11.2021, 13:48:19] --> Character leveled up to level 34
[kokomiduken:  29.11.2021, 13:48:34] --> vunizasanalu appeared
[kokomiduken:  29.11.2021, 13:50:26] --> benezupazu appeared
[kokomiduken:  29.11.2021, 13:50:35] --> vunizasanalu appeared
[kokomiduken:  29.11.2021, 13:50:57] --> vunizasanalu appeared
[kokomiduken:  29.11.2021, 13:51:27] --> vunizasanalu appeared
[kokomiduken:  29.11.2021, 13:52:38] --> vunizasanalu appeared
[kokomiduken:  29.11.2021, 13:53:50] --> vunizasanalu appeared
[kokomiduken:  29.11.2021, 13:54:07] --> Character got kick
[kokomiduken:  29.11.2021, 13:54:26] --> vunizasanalu appeared
[kokomiduken:  29.11.2021, 13:54:32] --> vunizasanalu appeared
[kokomiduken:  29.11.2021, 13:54:44] --> vunizasanalu appeared
[kokomiduken:  29.11.2021, 13:55:27] --> Character got kick
[kokomiduken:  29.11.2021, 13:55:47] --> vunizasanalu appeared
[kokomiduken:  29.11.2021, 13:55:52] --> vunizasanalu appeared
[kokomiduken:  29.11.2021, 13:55:57] --> konikarudop appeared
[kokomiduken:  29.11.2021, 13:56:15] --> vunizasanalu appeared
[kokomiduken:  29.11.2021, 13:57:21] --> fenefidezu appeared
[kokomiduken:  29.11.2021, 13:57:29] --> adsisa82 appeared
[kokomiduken:  29.11.2021, 13:57:43] --> benezupazu appeared
[kokomiduken:  29.11.2021, 13:58:39] --> konikarudop appeared
[kokomiduken:  29.11.2021, 13:58:53] --> sldwax9 appeared
[kokomiduken:  29.11.2021, 14:00:56] --> vunizasanalu appeared
[kokomiduken:  29.11.2021, 14:01:06] --> konikarudop appeared
[kokomiduken:  29.11.2021, 14:01:07] --> konikarudop appeared
[kokomiduken:  29.11.2021, 14:01:16] --> vunizasanalu appeared
[kokomiduken:  29.11.2021, 14:01:28] --> wenacakege appeared
[kokomiduken:  29.11.2021, 14:02:40] --> vunizasanalu appeared
[kokomiduken:  29.11.2021, 14:03:11] --> Character got kick
[kokomiduken:  29.11.2021, 14:04:12] --> Char changed: 5 dragon cors collected, total cor count: 5
[kokomiduken:  29.11.2021, 14:04:12] --> Character was kicked from the bot, reason: Changing character
[kokomiduken:  29.11.2021, 14:04:16] --> dadedukiceki appeared
[kokomiduken:  29.11.2021, 14:04:17] --> Character died
[merapivezu:   29.11.2021, 14:04:22] --> Time passed, now going to talk to alchemist: merapivezu
[merapivezu:   29.11.2021, 14:04:22] --> Character went to Alchemist: merapivezu
[merapivezu:   29.11.2021, 14:04:25] --> Character was kicked from the bot, reason: Character was walking
[merapivezu:   29.11.2021, 14:04:46] --> Character was kicked from the bot, reason: Character was walking
[merapivezu:   29.11.2021, 14:04:51] --> ferelezera appeared
[merapivezu:   29.11.2021, 14:05:11] --> Character was kicked from the bot, reason: Character was walking
[merapivezu:   29.11.2021, 14:05:45] --> Character was kicked from the bot, reason: Character was walking
[merapivezu:   29.11.2021, 14:05:49] --> vetosupafope appeared
[merapivezu:   29.11.2021, 14:06:46] --> vunizasanalu appeared
[merapivezu:   29.11.2021, 14:07:42] --> vunizasanalu appeared
[merapivezu:   29.11.2021, 14:08:09] --> vunizasanalu appeared
[merapivezu:   29.11.2021, 14:08:18] --> benezupazu appeared
[merapivezu:   29.11.2021, 14:09:02] --> vunizasanalu appeared
[merapivezu:   29.11.2021, 14:10:14] --> vunizasanalu appeared
[merapivezu:   29.11.2021, 14:10:23] --> wuzubapadi appeared
[merapivezu:   29.11.2021, 14:10:30] --> vunizasanalu appeared
[merapivezu:   29.11.2021, 14:10:45] --> benezupazu appeared
[merapivezu:   29.11.2021, 14:11:54] --> vunizasanalu appeared
[merapivezu:   29.11.2021, 14:12:49] --> wuzubapadi appeared
[merapivezu:   29.11.2021, 14:12:56] --> vunizasanalu appeared
[merapivezu:   29.11.2021, 14:13:08] --> benezupazu appeared
[merapivezu:   29.11.2021, 14:13:50] --> wenacakege appeared
[merapivezu:   29.11.2021, 14:13:53] --> vunizasanalu appeared
[merapivezu:   29.11.2021, 14:14:04] --> wenacakege appeared
[merapivezu:   29.11.2021, 14:14:19] --> vunizasanalu appeared
[merapivezu:   29.11.2021, 14:15:05] --> vunizasanalu appeared
[merapivezu:   29.11.2021, 14:16:11] --> benezupazu appeared
[merapivezu:   29.11.2021, 14:16:18] --> vunizasanalu appeared
[merapivezu:   29.11.2021, 14:16:38] --> vunizasanalu appeared
[merapivezu:   29.11.2021, 14:16:51] --> sldwax11 appeared
[merapivezu:   29.11.2021, 14:18:01] --> Character leveled up to level 32
[merapivezu:   29.11.2021, 14:18:04] --> vunizasanalu appeared
[merapivezu:   29.11.2021, 14:18:56] --> wenacakege appeared
[merapivezu:   29.11.2021, 14:19:05] --> Character died
[merapivezu:   29.11.2021, 14:19:05] --> vunizasanalu appeared
[merapivezu:   29.11.2021, 14:19:27] --> vunizasanalu appeared
[merapivezu:   29.11.2021, 14:19:38] --> vunizasanalu appeared
[merapivezu:   29.11.2021, 14:19:44] --> 10 shards collected, now going to talk to alchemist: merapivezu
[merapivezu:   29.11.2021, 14:19:44] --> Character went to Alchemist: merapivezu
[merapivezu:   29.11.2021, 14:20:59] --> Bot successfully started
[merapivezu:   29.11.2021, 14:21:10] --> 10 shards collected, now going to talk to alchemist: merapivezu
[merapivezu:   29.11.2021, 14:21:10] --> Character went to Alchemist: merapivezu
[merapivezu:   29.11.2021, 14:21:18] --> silosotibi appeared
[merapivezu:   29.11.2021, 14:21:24] --> Character was kicked from the bot, reason: Character was walking
[merapivezu:   29.11.2021, 14:21:30] --> KOTALAR16 appeared
[merapivezu:   29.11.2021, 14:21:50] --> Character was kicked from the bot, reason: Character was walking
[merapivezu:   29.11.2021, 14:21:56] --> rezisuzavama appeared
[merapivezu:   29.11.2021, 14:22:23] --> Character was kicked from the bot, reason: Character was walking
[merapivezu:   29.11.2021, 14:22:27] --> benezupazu appeared
[merapivezu:   29.11.2021, 14:25:01] --> adsisa83 appeared
[merapivezu:   29.11.2021, 14:25:39] --> vunizasanalu appeared
[merapivezu:   29.11.2021, 14:26:52] --> vunizasanalu appeared
[merapivezu:   29.11.2021, 14:28:07] --> vunizasanalu appeared
[merapivezu:   29.11.2021, 14:28:19] --> konikarudop appeared
[merapivezu:   29.11.2021, 14:28:28] --> vunizasanalu appeared
[merapivezu:   29.11.2021, 14:28:43] --> benezupazu appeared
[merapivezu:   29.11.2021, 14:29:45] --> vunizasanalu appeared
[merapivezu:   29.11.2021, 14:29:54] --> vunizasanalu appeared
[merapivezu:   29.11.2021, 14:30:56] --> vunizasanalu appeared
[merapivezu:   29.11.2021, 14:31:51] --> vunizasanalu appeared
[merapivezu:   29.11.2021, 14:32:27] --> benezupazu appeared
[merapivezu:   29.11.2021, 14:32:30] --> wenacakege appeared
[merapivezu:   29.11.2021, 14:32:31] --> Character leveled up to level 33
[merapivezu:   29.11.2021, 14:33:14] --> wenacakege appeared
[merapivezu:   29.11.2021, 14:33:28] --> vunizasanalu appeared
[merapivezu:   29.11.2021, 14:34:21] --> sldwax11 appeared
[merapivezu:   29.11.2021, 14:34:51] --> vunizasanalu appeared
[merapivezu:   29.11.2021, 14:35:32] --> adsisa83 appeared
[merapivezu:   29.11.2021, 14:35:36] --> vunizasanalu appeared
[merapivezu:   29.11.2021, 14:36:43] --> adsisa83 appeared
[merapivezu:   29.11.2021, 14:36:58] --> adsisa83 appeared
[merapivezu:   29.11.2021, 14:37:24] --> benezupazu appeared
[merapivezu:   29.11.2021, 14:38:39] --> benezupazu appeared
[merapivezu:   29.11.2021, 14:39:18] --> vunizasanalu appeared
[merapivezu:   29.11.2021, 14:39:46] --> vunizasanalu appeared
[merapivezu:   29.11.2021, 14:41:46] --> vunizasanalu appeared
[merapivezu:   29.11.2021, 14:41:57] --> konikarudop appeared
[merapivezu:   29.11.2021, 14:42:08] --> vunizasanalu appeared
[merapivezu:   29.11.2021, 14:42:17] --> benezupazu appeared
[merapivezu:   29.11.2021, 14:43:20] --> vunizasanalu appeared
[merapivezu:   29.11.2021, 14:44:33] --> vunizasanalu appeared
[merapivezu:   29.11.2021, 14:45:29] --> vunizasanalu appeared
[merapivezu:   29.11.2021, 14:45:47] --> wenacakege appeared
[merapivezu:   29.11.2021, 14:45:53] --> wenacakege appeared
[merapivezu:   29.11.2021, 14:45:59] --> vunizasanalu appeared
[merapivezu:   29.11.2021, 14:46:43] --> vunizasanalu appeared
[merapivezu:   29.11.2021, 14:47:11] --> Character leveled up to level 34
[merapivezu:   29.11.2021, 14:47:58] --> vunizasanalu appeared
[merapivezu:   29.11.2021, 14:48:06] --> konikarudop appeared
[merapivezu:   29.11.2021, 14:48:17] --> vunizasanalu appeared
[merapivezu:   29.11.2021, 14:48:26] --> benezupazu appeared
[merapivezu:   29.11.2021, 14:49:05] --> vunizasanalu appeared
[merapivezu:   29.11.2021, 14:49:09] --> vunizasanalu appeared
[merapivezu:   29.11.2021, 14:49:15] --> vunizasanalu appeared
[merapivezu:   29.11.2021, 14:49:30] --> vunizasanalu appeared
[merapivezu:   29.11.2021, 14:50:40] --> vunizasanalu appeared
[merapivezu:   29.11.2021, 14:50:53] --> benezupazu appeared
[merapivezu:   29.11.2021, 14:51:36] --> vunizasanalu appeared
[merapivezu:   29.11.2021, 14:52:05] --> vunizasanalu appeared
[merapivezu:   29.11.2021, 14:52:57] --> vunizasanalu appeared
[merapivezu:   29.11.2021, 14:54:06] --> vunizasanalu appeared
[merapivezu:   29.11.2021, 14:54:24] --> vunizasanalu appeared
[merapivezu:   29.11.2021, 14:54:32] --> benezupazu appeared
[merapivezu:   29.11.2021, 14:55:12] --> vunizasanalu appeared
[merapivezu:   29.11.2021, 14:55:21] --> vunizasanalu appeared
[merapivezu:   29.11.2021, 14:55:39] --> vunizasanalu appeared
[merapivezu:   29.11.2021, 14:56:23] --> vunizasanalu appeared
[merapivezu:   29.11.2021, 14:56:42] --> konikarudop appeared
[merapivezu:   29.11.2021, 14:56:48] --> konikarudop appeared
[merapivezu:   29.11.2021, 14:57:07] --> Bot terminated: 5 dragon cors collected, total cor count: 5
