[cimihozokidi: 28.11.2021, 14:13:50] --> Bot successfully started
[cimihozokidi: 28.11.2021, 14:13:51] --> tohazekanib appeared
[cimihozokidi: 28.11.2021, 14:42:56] --> Changing into CH9
[cimihozokidi: 28.11.2021, 14:43:26] --> Character was kicked from the bot, reason: Changing character
[cimihozokidi: 28.11.2021, 14:45:55] --> Character was kicked from the bot, reason: Changing character
[luzevacufev:  28.11.2021, 14:48:01] --> Character was kicked from the bot, reason: Changing character
[refocidivir:  28.11.2021, 14:50:50] --> Character was kicked from the bot, reason: Changing character
[besufugebiwo: 28.11.2021, 14:55:12] --> Character was kicked from the bot, reason: Changing character
[cimihozokidi: 28.11.2021, 15:15:35] --> Bot successfully started
[cimihozokidi: 28.11.2021, 15:15:35] --> tohazekanib appeared
[cimihozokidi: 28.11.2021, 15:15:35] --> Setting '1' loaded because of active level settings
[cimihozokidi: 28.11.2021, 15:15:41] --> Character went to saleswoman
[cimihozokidi: 28.11.2021, 15:15:45] --> Character was kicked from the bot, reason: Character was walking
[cimihozokidi: 28.11.2021, 15:15:50] --> pepuzifurelu appeared
[cimihozokidi: 28.11.2021, 15:16:16] --> Character was kicked from the bot, reason: Character was walking
[cimihozokidi: 28.11.2021, 15:16:29] --> Character leveled up to level 3
[cimihozokidi: 28.11.2021, 15:16:30] --> Character leveled up to level 6
[cimihozokidi: 28.11.2021, 15:16:31] --> Character leveled up to level 8
[cimihozokidi: 28.11.2021, 15:16:32] --> Character leveled up to level 9
[cimihozokidi: 28.11.2021, 15:16:32] --> vogopimuhez appeared
[cimihozokidi: 28.11.2021, 15:16:36] --> Character leveled up to level 10
[cimihozokidi: 28.11.2021, 15:16:56] --> Character leveled up to level 11
[cimihozokidi: 28.11.2021, 15:16:59] --> vogopimuhez appeared
[cimihozokidi: 28.11.2021, 15:17:03] --> Character leveled up to level 12
[cimihozokidi: 28.11.2021, 15:17:11] --> Character leveled up to level 13
[cimihozokidi: 28.11.2021, 15:17:20] --> Character leveled up to level 14
[cimihozokidi: 28.11.2021, 15:17:24] --> vogopimuhez appeared
[cimihozokidi: 28.11.2021, 15:17:54] --> vogopimuhez appeared
[cimihozokidi: 28.11.2021, 15:17:59] --> Character leveled up to level 15
[cimihozokidi: 28.11.2021, 15:17:59] --> Setting '2' loaded because of active level settings
[cimihozokidi: 28.11.2021, 15:18:12] --> Character was kicked from the bot, reason: Character was walking
[cimihozokidi: 28.11.2021, 15:18:21] --> zilereleke appeared
[cimihozokidi: 28.11.2021, 15:18:35] --> zilereleke appeared
[cimihozokidi: 28.11.2021, 15:18:37] --> Character was kicked from the bot, reason: Character was walking
[cimihozokidi: 28.11.2021, 15:19:47] --> Character leveled up to level 16
[cimihozokidi: 28.11.2021, 15:20:39] --> Character leveled up to level 17
[cimihozokidi: 28.11.2021, 15:21:58] --> Character leveled up to level 18
[cimihozokidi: 28.11.2021, 15:23:09] --> Character leveled up to level 19
[cimihozokidi: 28.11.2021, 15:24:08] --> Character leveled up to level 20
[cimihozokidi: 28.11.2021, 15:25:31] --> Character leveled up to level 21
[cimihozokidi: 28.11.2021, 15:27:06] --> Character leveled up to level 22
[cimihozokidi: 28.11.2021, 15:28:39] --> Character leveled up to level 23
[cimihozokidi: 28.11.2021, 15:30:47] --> Character leveled up to level 24
[cimihozokidi: 28.11.2021, 15:32:30] --> Character leveled up to level 25
[cimihozokidi: 28.11.2021, 15:34:42] --> Character leveled up to level 26
[cimihozokidi: 28.11.2021, 15:35:10] --> Character died
[cimihozokidi: 28.11.2021, 15:35:30] --> pekifizunupa appeared
[cimihozokidi: 28.11.2021, 15:37:32] --> Character leveled up to level 27
[cimihozokidi: 28.11.2021, 15:38:03] --> zegirepefi appeared
[cimihozokidi: 28.11.2021, 15:38:10] --> rigebesobumi appeared
[cimihozokidi: 28.11.2021, 15:38:28] --> hoboporiki appeared
[cimihozokidi: 28.11.2021, 15:39:37] --> dedopenesel appeared
[cimihozokidi: 28.11.2021, 15:39:38] --> Character leveled up to level 28
[cimihozokidi: 28.11.2021, 15:39:59] --> cofibugasazo appeared
[cimihozokidi: 28.11.2021, 15:40:08] --> dedopenesel appeared
[cimihozokidi: 28.11.2021, 15:40:24] --> hoboporiki appeared
[cimihozokidi: 28.11.2021, 15:40:26] --> rigebesobumi appeared
[cimihozokidi: 28.11.2021, 15:40:32] --> zifivowelaw appeared
[cimihozokidi: 28.11.2021, 15:41:17] --> zibucetinor appeared
[cimihozokidi: 28.11.2021, 15:41:26] --> Character leveled up to level 29
[cimihozokidi: 28.11.2021, 15:41:32] --> dedopenesel appeared
[cimihozokidi: 28.11.2021, 15:43:44] --> Character leveled up to level 30
[cimihozokidi: 28.11.2021, 15:46:20] --> Character leveled up to level 31
[cimihozokidi: 28.11.2021, 15:46:21] --> Bot terminated: Character reached level 31
[luzevacufev:  28.11.2021, 15:47:23] --> Bot successfully started
[luzevacufev:  28.11.2021, 15:47:24] --> tohazekanib appeared
[luzevacufev:  28.11.2021, 15:47:24] --> Setting '1' loaded because of active level settings
[luzevacufev:  28.11.2021, 15:47:30] --> Character went to saleswoman
[luzevacufev:  28.11.2021, 15:47:34] --> Character was kicked from the bot, reason: Character was walking
[luzevacufev:  28.11.2021, 15:48:06] --> Character was kicked from the bot, reason: Character was walking
[luzevacufev:  28.11.2021, 15:48:20] --> Character leveled up to level 5
[luzevacufev:  28.11.2021, 15:48:21] --> Character leveled up to level 7
[luzevacufev:  28.11.2021, 15:48:22] --> Character leveled up to level 8
[luzevacufev:  28.11.2021, 15:48:23] --> Character leveled up to level 9
[luzevacufev:  28.11.2021, 15:48:23] --> zipazazirow appeared
[luzevacufev:  28.11.2021, 15:48:45] --> Character leveled up to level 10
[luzevacufev:  28.11.2021, 15:48:47] --> zipazazirow appeared
[luzevacufev:  28.11.2021, 15:48:54] --> Character leveled up to level 11
[luzevacufev:  28.11.2021, 15:48:59] --> Character leveled up to level 12
[luzevacufev:  28.11.2021, 15:49:05] --> Character leveled up to level 13
[luzevacufev:  28.11.2021, 15:49:18] --> zipazazirow appeared
[luzevacufev:  28.11.2021, 15:49:40] --> zipazazirow appeared
[luzevacufev:  28.11.2021, 15:49:41] --> Character leveled up to level 14
[luzevacufev:  28.11.2021, 15:50:01] --> Character leveled up to level 15
[luzevacufev:  28.11.2021, 15:50:01] --> Setting '2' loaded because of active level settings
[luzevacufev:  28.11.2021, 15:50:15] --> Character was kicked from the bot, reason: Character was walking
[luzevacufev:  28.11.2021, 15:50:22] --> femefuriset appeared
[luzevacufev:  28.11.2021, 15:50:41] --> Character was kicked from the bot, reason: Character was walking
[luzevacufev:  28.11.2021, 15:50:44] --> gafofimuluk appeared
[luzevacufev:  28.11.2021, 15:51:25] --> Character leveled up to level 16
[luzevacufev:  28.11.2021, 15:52:05] --> Character leveled up to level 17
[luzevacufev:  28.11.2021, 15:53:14] --> Character leveled up to level 18
[luzevacufev:  28.11.2021, 15:54:38] --> Character leveled up to level 19
[luzevacufev:  28.11.2021, 15:55:32] --> Character leveled up to level 20
[luzevacufev:  28.11.2021, 15:56:46] --> Character leveled up to level 21
[luzevacufev:  28.11.2021, 15:58:21] --> Character leveled up to level 22
[luzevacufev:  28.11.2021, 16:00:03] --> Character leveled up to level 23
[luzevacufev:  28.11.2021, 16:02:02] --> Character leveled up to level 24
[luzevacufev:  28.11.2021, 16:03:58] --> Character leveled up to level 25
[luzevacufev:  28.11.2021, 16:06:30] --> Character leveled up to level 26
[luzevacufev:  28.11.2021, 16:08:38] --> hifirizekun appeared
[luzevacufev:  28.11.2021, 16:08:53] --> Character leveled up to level 27
[luzevacufev:  28.11.2021, 16:09:17] --> hoboporiki appeared
[luzevacufev:  28.11.2021, 16:10:24] --> dedopenesel appeared
[luzevacufev:  28.11.2021, 16:10:33] --> buvifomehezo appeared
[luzevacufev:  28.11.2021, 16:10:45] --> gusopakigike appeared
[luzevacufev:  28.11.2021, 16:10:56] --> Character leveled up to level 28
[luzevacufev:  28.11.2021, 16:10:57] --> buvifomehezo appeared
[luzevacufev:  28.11.2021, 16:11:11] --> kafegekezocu appeared
[luzevacufev:  28.11.2021, 16:11:19] --> dedopenesel appeared
[luzevacufev:  28.11.2021, 16:12:11] --> dedopenesel appeared
[luzevacufev:  28.11.2021, 16:13:24] --> Character leveled up to level 29
[luzevacufev:  28.11.2021, 16:16:13] --> Character leveled up to level 30
[luzevacufev:  28.11.2021, 16:18:58] --> Character leveled up to level 31
[luzevacufev:  28.11.2021, 16:19:00] --> Bot terminated: Character reached level 31
[refocidivir:  28.11.2021, 16:20:35] --> Bot successfully started
[refocidivir:  28.11.2021, 16:20:35] --> Setting '1' loaded because of active level settings
[refocidivir:  28.11.2021, 16:20:35] --> faluzecuba appeared
[refocidivir:  28.11.2021, 16:20:41] --> Character went to saleswoman
[refocidivir:  28.11.2021, 16:20:45] --> Character was kicked from the bot, reason: Character was walking
[refocidivir:  28.11.2021, 16:21:12] --> dehuladogav appeared
[refocidivir:  28.11.2021, 16:21:19] --> Character was kicked from the bot, reason: Character was walking
[refocidivir:  28.11.2021, 16:21:31] --> Character leveled up to level 2
[refocidivir:  28.11.2021, 16:21:32] --> Character leveled up to level 7
[refocidivir:  28.11.2021, 16:21:33] --> Character leveled up to level 8
[refocidivir:  28.11.2021, 16:21:34] --> kovewoziruha appeared
[refocidivir:  28.11.2021, 16:21:35] --> Character leveled up to level 9
[refocidivir:  28.11.2021, 16:21:48] --> Character leveled up to level 10
[refocidivir:  28.11.2021, 16:21:54] --> Character leveled up to level 11
[refocidivir:  28.11.2021, 16:21:59] --> Character leveled up to level 12
[refocidivir:  28.11.2021, 16:22:02] --> kovewoziruha appeared
[refocidivir:  28.11.2021, 16:22:08] --> Character leveled up to level 13
[refocidivir:  28.11.2021, 16:22:24] --> kovewoziruha appeared
[refocidivir:  28.11.2021, 16:22:55] --> Character leveled up to level 14
[refocidivir:  28.11.2021, 16:22:58] --> kovewoziruha appeared
[refocidivir:  28.11.2021, 16:23:03] --> Character leveled up to level 15
[refocidivir:  28.11.2021, 16:23:03] --> Setting '2' loaded because of active level settings
[refocidivir:  28.11.2021, 16:23:16] --> Character was kicked from the bot, reason: Character was walking
[refocidivir:  28.11.2021, 16:23:43] --> Character was kicked from the bot, reason: Character was walking
[refocidivir:  28.11.2021, 16:23:48] --> wivarivekupu appeared
[refocidivir:  28.11.2021, 16:24:08] --> Character died
[refocidivir:  28.11.2021, 16:24:50] --> Character leveled up to level 16
[refocidivir:  28.11.2021, 16:25:31] --> Character leveled up to level 17
[refocidivir:  28.11.2021, 16:26:22] --> Character leveled up to level 18
[refocidivir:  28.11.2021, 16:27:12] --> Character leveled up to level 19
[refocidivir:  28.11.2021, 16:28:17] --> Character leveled up to level 20
[refocidivir:  28.11.2021, 16:29:48] --> Character leveled up to level 21
[refocidivir:  28.11.2021, 16:31:26] --> Character leveled up to level 22
[refocidivir:  28.11.2021, 16:32:34] --> Character leveled up to level 23
[refocidivir:  28.11.2021, 16:34:18] --> Character leveled up to level 24
[refocidivir:  28.11.2021, 16:35:57] --> Character leveled up to level 25
[refocidivir:  28.11.2021, 16:37:51] --> Character leveled up to level 26
[refocidivir:  28.11.2021, 16:39:31] --> zegirepefi appeared
[refocidivir:  28.11.2021, 16:39:40] --> Character leveled up to level 27
[refocidivir:  28.11.2021, 16:39:48] --> ruwogatupa appeared
[refocidivir:  28.11.2021, 16:40:34] --> varefekipep appeared
[refocidivir:  28.11.2021, 16:41:01] --> ruwogatupa appeared
[refocidivir:  28.11.2021, 16:41:26] --> purevazehifo appeared
[refocidivir:  28.11.2021, 16:41:39] --> Character leveled up to level 28
[refocidivir:  28.11.2021, 16:42:15] --> velozefava appeared
[refocidivir:  28.11.2021, 16:42:28] --> firedozunob appeared
[refocidivir:  28.11.2021, 16:43:24] --> Character leveled up to level 29
[refocidivir:  28.11.2021, 16:45:41] --> Character leveled up to level 30
[refocidivir:  28.11.2021, 16:47:50] --> Character leveled up to level 31
[refocidivir:  28.11.2021, 16:47:51] --> Bot terminated: Character reached level 31
[besufugebiwo: 28.11.2021, 16:49:07] --> Bot successfully started
[besufugebiwo: 28.11.2021, 16:49:07] --> tohazekanib appeared
[besufugebiwo: 28.11.2021, 16:49:07] --> Setting '1' loaded because of active level settings
[besufugebiwo: 28.11.2021, 16:49:14] --> Character went to saleswoman
[besufugebiwo: 28.11.2021, 16:49:17] --> Character was kicked from the bot, reason: Character was walking
[besufugebiwo: 28.11.2021, 16:49:48] --> Character was kicked from the bot, reason: Character was walking
[besufugebiwo: 28.11.2021, 16:50:01] --> Character leveled up to level 5
[besufugebiwo: 28.11.2021, 16:50:02] --> Character leveled up to level 8
[besufugebiwo: 28.11.2021, 16:50:03] --> Character leveled up to level 9
[besufugebiwo: 28.11.2021, 16:50:04] --> kovewoziruha appeared
[besufugebiwo: 28.11.2021, 16:50:07] --> Character leveled up to level 10
[besufugebiwo: 28.11.2021, 16:50:11] --> Character leveled up to level 11
[besufugebiwo: 28.11.2021, 16:50:31] --> kovewoziruha appeared
[besufugebiwo: 28.11.2021, 16:50:48] --> Character leveled up to level 12
[besufugebiwo: 28.11.2021, 16:50:58] --> Character leveled up to level 13
[besufugebiwo: 28.11.2021, 16:51:00] --> kovewoziruha appeared
[besufugebiwo: 28.11.2021, 16:51:07] --> Character leveled up to level 14
[besufugebiwo: 28.11.2021, 16:51:28] --> kovewoziruha appeared
[besufugebiwo: 28.11.2021, 16:51:44] --> Character leveled up to level 15
[besufugebiwo: 28.11.2021, 16:51:44] --> Setting '2' loaded because of active level settings
[besufugebiwo: 28.11.2021, 16:51:58] --> Character was kicked from the bot, reason: Character was walking
[besufugebiwo: 28.11.2021, 16:52:02] --> mikikokuzi appeared
[besufugebiwo: 28.11.2021, 16:52:21] --> tezo3 appeared
[besufugebiwo: 28.11.2021, 16:52:24] --> Character was kicked from the bot, reason: Character was walking
[besufugebiwo: 28.11.2021, 16:53:04] --> Character leveled up to level 16
[besufugebiwo: 28.11.2021, 16:53:48] --> Character leveled up to level 17
[besufugebiwo: 28.11.2021, 16:54:18] --> Character leveled up to level 18
[besufugebiwo: 28.11.2021, 16:55:10] --> Character leveled up to level 19
[besufugebiwo: 28.11.2021, 16:56:23] --> Character leveled up to level 20
[besufugebiwo: 28.11.2021, 16:57:38] --> Character leveled up to level 21
[besufugebiwo: 28.11.2021, 16:58:32] --> Character leveled up to level 22
[besufugebiwo: 28.11.2021, 17:00:20] --> Character leveled up to level 23
[besufugebiwo: 28.11.2021, 17:01:59] --> Character leveled up to level 24
[besufugebiwo: 28.11.2021, 17:04:17] --> Character leveled up to level 25
[besufugebiwo: 28.11.2021, 17:05:24] --> bebahavovowo appeared
[besufugebiwo: 28.11.2021, 17:06:29] --> Character leveled up to level 26
[besufugebiwo: 28.11.2021, 17:06:39] --> bebahavovowo appeared
[besufugebiwo: 28.11.2021, 17:06:46] --> pemebudobu appeared
[besufugebiwo: 28.11.2021, 17:06:57] --> pemebudobu appeared
[besufugebiwo: 28.11.2021, 17:07:15] --> bebahavovowo appeared
[besufugebiwo: 28.11.2021, 17:08:04] --> pemebudobu appeared
[besufugebiwo: 28.11.2021, 17:08:12] --> cibevepomaho appeared
[besufugebiwo: 28.11.2021, 17:08:18] --> rokogokekon appeared
[besufugebiwo: 28.11.2021, 17:08:25] --> Character leveled up to level 27
[besufugebiwo: 28.11.2021, 17:10:50] --> Character leveled up to level 28
[besufugebiwo: 28.11.2021, 17:13:54] --> Character leveled up to level 29
[besufugebiwo: 28.11.2021, 17:17:08] --> Character leveled up to level 30
[besufugebiwo: 28.11.2021, 17:20:13] --> Character leveled up to level 31
[besufugebiwo: 28.11.2021, 17:20:15] --> Bot terminated: Character reached level 31
[kegokitifu:   28.11.2021, 17:21:26] --> Bot successfully started
[kegokitifu:   28.11.2021, 17:21:27] --> borotakizizu appeared
[kegokitifu:   28.11.2021, 17:21:27] --> Setting '1' loaded because of active level settings
[kegokitifu:   28.11.2021, 17:21:33] --> Character went to saleswoman
[kegokitifu:   28.11.2021, 17:21:37] --> Character was kicked from the bot, reason: Character was walking
[kegokitifu:   28.11.2021, 17:22:09] --> Character was kicked from the bot, reason: Character was walking
[kegokitifu:   28.11.2021, 17:22:22] --> Character leveled up to level 2
[kegokitifu:   28.11.2021, 17:22:23] --> Character leveled up to level 5
[kegokitifu:   28.11.2021, 17:22:24] --> Character leveled up to level 7
[kegokitifu:   28.11.2021, 17:22:25] --> Character leveled up to level 8
[kegokitifu:   28.11.2021, 17:22:25] --> rugibucawe appeared
[kegokitifu:   28.11.2021, 17:22:27] --> Character leveled up to level 9
[kegokitifu:   28.11.2021, 17:22:47] --> Character leveled up to level 10
[kegokitifu:   28.11.2021, 17:22:51] --> rugibucawe appeared
[kegokitifu:   28.11.2021, 17:22:53] --> Character leveled up to level 11
[kegokitifu:   28.11.2021, 17:22:58] --> Character leveled up to level 12
[kegokitifu:   28.11.2021, 17:23:04] --> Character leveled up to level 13
[kegokitifu:   28.11.2021, 17:23:16] --> rugibucawe appeared
[kegokitifu:   28.11.2021, 17:23:42] --> Character leveled up to level 14
[kegokitifu:   28.11.2021, 17:23:48] --> rugibucawe appeared
[kegokitifu:   28.11.2021, 17:24:01] --> Character leveled up to level 15
[kegokitifu:   28.11.2021, 17:24:01] --> Setting '2' loaded because of active level settings
[kegokitifu:   28.11.2021, 17:24:12] --> teferobuva appeared
[kegokitifu:   28.11.2021, 17:24:14] --> Character was kicked from the bot, reason: Character was walking
[kegokitifu:   28.11.2021, 17:24:33] --> teferobuva appeared
[kegokitifu:   28.11.2021, 17:24:40] --> Character was kicked from the bot, reason: Character was walking
[kegokitifu:   28.11.2021, 17:25:35] --> Character leveled up to level 16
[kegokitifu:   28.11.2021, 17:26:28] --> Character leveled up to level 17
[kegokitifu:   28.11.2021, 17:26:30] --> Character died
[kegokitifu:   28.11.2021, 17:26:46] --> Character died
[kegokitifu:   28.11.2021, 17:27:39] --> Character leveled up to level 18
[kegokitifu:   28.11.2021, 17:28:22] --> Character leveled up to level 19
[kegokitifu:   28.11.2021, 17:29:37] --> Character leveled up to level 20
[kegokitifu:   28.11.2021, 17:30:56] --> Character leveled up to level 21
[kegokitifu:   28.11.2021, 17:32:30] --> Character leveled up to level 22
[kegokitifu:   28.11.2021, 17:33:52] --> Character died
[kegokitifu:   28.11.2021, 17:34:53] --> Character leveled up to level 23
[kegokitifu:   28.11.2021, 17:35:41] --> zegirepefi appeared
[kegokitifu:   28.11.2021, 17:36:10] --> Character leveled up to level 24
[kegokitifu:   28.11.2021, 17:36:12] --> voripipumiz appeared
[kegokitifu:   28.11.2021, 17:36:34] --> gokafefafa appeared
[kegokitifu:   28.11.2021, 17:37:12] --> voripipumiz appeared
[kegokitifu:   28.11.2021, 17:37:32] --> Character leveled up to level 25
[kegokitifu:   28.11.2021, 17:37:44] --> voripipumiz appeared
[kegokitifu:   28.11.2021, 17:37:54] --> zegirepefi appeared
[kegokitifu:   28.11.2021, 17:38:05] --> dafinotusu appeared
[kegokitifu:   28.11.2021, 17:38:52] --> dafinotusu appeared
[kegokitifu:   28.11.2021, 17:38:58] --> Character leveled up to level 26
[kegokitifu:   28.11.2021, 17:39:39] --> zegirepefi appeared
[kegokitifu:   28.11.2021, 17:40:01] --> dafinotusu appeared
[kegokitifu:   28.11.2021, 17:40:33] --> dafinotusu appeared
[kegokitifu:   28.11.2021, 17:40:47] --> Character leveled up to level 27
[kegokitifu:   28.11.2021, 17:41:04] --> dafinotusu appeared
[kegokitifu:   28.11.2021, 17:41:26] --> kulebuzono appeared
[kegokitifu:   28.11.2021, 17:41:31] --> kulebuzono appeared
[kegokitifu:   28.11.2021, 17:41:52] --> kulebuzono appeared
[kegokitifu:   28.11.2021, 17:41:58] --> kulebuzono appeared
[kegokitifu:   28.11.2021, 17:42:04] --> wofavuzivahi appeared
[kegokitifu:   28.11.2021, 17:42:23] --> dafinotusu appeared
[kegokitifu:   28.11.2021, 17:42:23] --> Character leveled up to level 28
[kegokitifu:   28.11.2021, 17:43:27] --> kulebuzono appeared
[kegokitifu:   28.11.2021, 17:43:39] --> wofavuzivahi appeared
[kegokitifu:   28.11.2021, 17:43:56] --> kulebuzono appeared
[kegokitifu:   28.11.2021, 17:44:01] --> dafinotusu appeared
[kegokitifu:   28.11.2021, 17:44:14] --> dafinotusu appeared
[kegokitifu:   28.11.2021, 17:44:47] --> kulebuzono appeared
[kegokitifu:   28.11.2021, 17:44:54] --> kulebuzono appeared
[kegokitifu:   28.11.2021, 17:45:03] --> zegirepefi appeared
[kegokitifu:   28.11.2021, 17:45:11] --> Character leveled up to level 29
[kegokitifu:   28.11.2021, 17:45:18] --> kulebuzono appeared
[kegokitifu:   28.11.2021, 17:45:23] --> kulebuzono appeared
[kegokitifu:   28.11.2021, 17:45:38] --> zegirepefi appeared
[kegokitifu:   28.11.2021, 17:45:51] --> kulebuzono appeared
[kegokitifu:   28.11.2021, 17:46:09] --> zegirepefi appeared
[kegokitifu:   28.11.2021, 17:46:35] --> fokezekowov appeared
[kegokitifu:   28.11.2021, 17:46:45] --> kulebuzono appeared
[kegokitifu:   28.11.2021, 17:46:50] --> zegirepefi appeared
[kegokitifu:   28.11.2021, 17:47:15] --> kulebuzono appeared
[kegokitifu:   28.11.2021, 17:47:19] --> kulebuzono appeared
[kegokitifu:   28.11.2021, 17:47:29] --> Character leveled up to level 30
[kegokitifu:   28.11.2021, 17:47:39] --> rabekulukuri appeared
[kegokitifu:   28.11.2021, 17:47:48] --> fokezekowov appeared
[kegokitifu:   28.11.2021, 17:48:01] --> kulebuzono appeared
[kegokitifu:   28.11.2021, 17:48:26] --> kulebuzono appeared
[kegokitifu:   28.11.2021, 17:48:32] --> kulebuzono appeared
[kegokitifu:   28.11.2021, 17:48:37] --> rabekulukuri appeared
[kegokitifu:   28.11.2021, 17:48:53] --> kulebuzono appeared
[kegokitifu:   28.11.2021, 17:49:24] --> kulebuzono appeared
[kegokitifu:   28.11.2021, 17:49:37] --> zegirepefi appeared
[kegokitifu:   28.11.2021, 17:49:39] --> Character leveled up to level 31
[kegokitifu:   28.11.2021, 17:49:41] --> Bot terminated: Character reached level 31
[kegokitifu:   28.11.2021, 19:58:55] --> Bot successfully started
[kegokitifu:   28.11.2021, 19:58:57] --> bocokecefo appeared
[kegokitifu:   28.11.2021, 19:59:07] --> ribecocada appeared
[kegokitifu:   28.11.2021, 19:59:11] --> viralekego appeared
[kegokitifu:   28.11.2021, 19:59:15] --> Character was kicked from the bot, reason: Changing character
[cimihozokidi: 28.11.2021, 19:59:25] --> Character was kicked from the bot, reason: Changing character
[kegokitifu:   28.11.2021, 19:59:33] --> bocokecefo appeared
[kegokitifu:   28.11.2021, 19:59:34] --> Character was kicked from the bot, reason: Changing character
[besufugebiwo: 28.11.2021, 19:59:42] --> Character was kicked from the bot, reason: Changing character
[refocidivir:  28.11.2021, 19:59:54] --> Character was kicked from the bot, reason: Changing character
[cimihozokidi: 28.11.2021, 20:00:09] --> Character was kicked from the bot, reason: Character was walking
[cimihozokidi: 28.11.2021, 20:00:24] --> zurofakibo appeared
[cimihozokidi: 28.11.2021, 20:00:30] --> Character was kicked from the bot, reason: Character was walking
[cimihozokidi: 28.11.2021, 20:03:38] --> Changing into CH9
[cimihozokidi: 29.11.2021, 13:36:16] --> Bot successfully started
[cimihozokidi: 29.11.2021, 13:36:16] --> tikaresaku appeared
[cimihozokidi: 29.11.2021, 13:36:22] --> Time passed, now going to talk to alchemist: cimihozokidi
[cimihozokidi: 29.11.2021, 13:36:22] --> Character went to Alchemist: cimihozokidi
[cimihozokidi: 29.11.2021, 13:36:26] --> Character was kicked from the bot, reason: Character was walking
[cimihozokidi: 29.11.2021, 13:36:49] --> Character was kicked from the bot, reason: Character was walking
[cimihozokidi: 29.11.2021, 13:37:01] --> kehemikuzupa appeared
[cimihozokidi: 29.11.2021, 13:37:23] --> wetamopedoba appeared
[cimihozokidi: 29.11.2021, 13:37:24] --> Character was kicked from the bot, reason: Character was walking
[cimihozokidi: 29.11.2021, 13:37:28] --> zebikogakone appeared
[cimihozokidi: 29.11.2021, 13:38:18] --> zebikogakone appeared
[cimihozokidi: 29.11.2021, 13:39:01] --> bozikarazewa appeared
[cimihozokidi: 29.11.2021, 13:39:15] --> mivibacupuf appeared
[cimihozokidi: 29.11.2021, 13:39:35] --> bozikarazewa appeared
[cimihozokidi: 29.11.2021, 13:40:27] --> Character got kick
[cimihozokidi: 29.11.2021, 13:40:50] --> mivibacupuf appeared
[cimihozokidi: 29.11.2021, 13:41:08] --> Character got kick
[cimihozokidi: 29.11.2021, 13:42:50] --> zebikogakone appeared
[cimihozokidi: 29.11.2021, 13:43:44] --> mivibacupuf appeared
[cimihozokidi: 29.11.2021, 13:43:54] --> zebikogakone appeared
[cimihozokidi: 29.11.2021, 13:44:02] --> bozikarazewa appeared
[cimihozokidi: 29.11.2021, 13:45:01] --> danikigakog appeared
[cimihozokidi: 29.11.2021, 13:46:12] --> Bot successfully started
[cimihozokidi: 29.11.2021, 13:46:13] --> adsimsa66 appeared
[cimihozokidi: 29.11.2021, 13:46:27] --> danikigakog appeared
[cimihozokidi: 29.11.2021, 13:47:31] --> zebikogakone appeared
[cimihozokidi: 29.11.2021, 13:47:42] --> zebikogakone appeared
[cimihozokidi: 29.11.2021, 13:49:19] --> BaeVisoR87 appeared
[cimihozokidi: 29.11.2021, 13:50:23] --> zebikogakone appeared
[cimihozokidi: 29.11.2021, 13:50:33] --> zebikogakone appeared
[cimihozokidi: 29.11.2021, 13:50:34] --> 10 shards collected, now going to talk to alchemist: cimihozokidi
[cimihozokidi: 29.11.2021, 13:50:34] --> Character went to Alchemist: cimihozokidi
[cimihozokidi: 29.11.2021, 13:50:43] --> moveworifubi appeared
[cimihozokidi: 29.11.2021, 13:50:48] --> Character got kick
[cimihozokidi: 29.11.2021, 13:51:25] --> serokifukab appeared
[cimihozokidi: 29.11.2021, 13:51:27] --> Character was kicked from the bot, reason: Character was walking
[cimihozokidi: 29.11.2021, 13:51:50] --> Character was kicked from the bot, reason: Character was walking
[cimihozokidi: 29.11.2021, 13:51:55] --> bufaduhezi appeared
[cimihozokidi: 29.11.2021, 13:52:01] --> serokifukab appeared
[cimihozokidi: 29.11.2021, 13:52:24] --> Character was kicked from the bot, reason: Character was walking
[cimihozokidi: 29.11.2021, 13:52:27] --> zakipohabow appeared
[cimihozokidi: 29.11.2021, 13:53:23] --> adsimsa66 appeared
[cimihozokidi: 29.11.2021, 13:53:40] --> BaeVisoR87 appeared
[cimihozokidi: 29.11.2021, 13:54:21] --> Character got kick
[cimihozokidi: 29.11.2021, 13:54:48] --> Character got kick
[cimihozokidi: 29.11.2021, 13:54:55] --> zebikogakone appeared
[cimihozokidi: 29.11.2021, 13:55:04] --> zebikogakone appeared
[cimihozokidi: 29.11.2021, 13:55:21] --> bozikarazewa appeared
[cimihozokidi: 29.11.2021, 13:55:27] --> Character got kick
[cimihozokidi: 29.11.2021, 13:55:34] --> zebikogakone appeared
[cimihozokidi: 29.11.2021, 13:55:38] --> bozikarazewa appeared
[cimihozokidi: 29.11.2021, 13:56:34] --> Character leveled up to level 32
[cimihozokidi: 29.11.2021, 13:56:57] --> BaeVisoR87 appeared
[cimihozokidi: 29.11.2021, 13:57:41] --> bozikarazewa appeared
[cimihozokidi: 29.11.2021, 13:57:46] --> bozikarazewa appeared
[cimihozokidi: 29.11.2021, 13:57:53] --> bozikarazewa appeared
[cimihozokidi: 29.11.2021, 13:58:06] --> bozikarazewa appeared
[cimihozokidi: 29.11.2021, 13:58:55] --> bozikarazewa appeared
[cimihozokidi: 29.11.2021, 13:59:04] --> mivibacupuf appeared
[cimihozokidi: 29.11.2021, 13:59:13] --> bozikarazewa appeared
[cimihozokidi: 29.11.2021, 13:59:24] --> adsimsa66 appeared
[cimihozokidi: 29.11.2021, 14:00:28] --> bozikarazewa appeared
[cimihozokidi: 29.11.2021, 14:00:39] --> BaeVisoR87 appeared
[cimihozokidi: 29.11.2021, 14:01:18] --> zebikogakone appeared
[cimihozokidi: 29.11.2021, 14:01:32] --> mivibacupuf appeared
[cimihozokidi: 29.11.2021, 14:01:41] --> bozikarazewa appeared
[cimihozokidi: 29.11.2021, 14:02:40] --> zebikogakone appeared
[cimihozokidi: 29.11.2021, 14:02:54] --> bozikarazewa appeared
[cimihozokidi: 29.11.2021, 14:05:44] --> Character got kick
[cimihozokidi: 29.11.2021, 14:06:47] --> zebikogakone appeared
[cimihozokidi: 29.11.2021, 14:07:53] --> zebikogakone appeared
[cimihozokidi: 29.11.2021, 14:08:09] --> mivibacupuf appeared
[cimihozokidi: 29.11.2021, 14:08:27] --> gefokubimuhi appeared
[cimihozokidi: 29.11.2021, 14:09:35] --> gafofimuluk appeared
[cimihozokidi: 29.11.2021, 14:10:31] --> ferodavokifa appeared
[cimihozokidi: 29.11.2021, 14:11:48] --> mivibacupuf appeared
[cimihozokidi: 29.11.2021, 14:12:03] --> zebikogakone appeared
[cimihozokidi: 29.11.2021, 14:12:57] --> zebikogakone appeared
[cimihozokidi: 29.11.2021, 14:14:17] --> mivibacupuf appeared
[cimihozokidi: 29.11.2021, 14:14:21] --> zebikogakone appeared
[cimihozokidi: 29.11.2021, 14:14:29] --> gafofimuluk appeared
[cimihozokidi: 29.11.2021, 14:14:33] --> Character leveled up to level 33
[cimihozokidi: 29.11.2021, 14:15:42] --> gafofimuluk appeared
[cimihozokidi: 29.11.2021, 14:16:41] --> ferodavokifa appeared
[cimihozokidi: 29.11.2021, 14:18:02] --> nupepebavu appeared
[cimihozokidi: 29.11.2021, 14:18:11] --> zebikogakone appeared
[cimihozokidi: 29.11.2021, 14:19:24] --> gafofimuluk appeared
[cimihozokidi: 29.11.2021, 14:20:42] --> gafofimuluk appeared
[cimihozokidi: 29.11.2021, 14:21:39] --> mivibacupuf appeared
[cimihozokidi: 29.11.2021, 14:21:59] --> BaeVisoR87 appeared
[cimihozokidi: 29.11.2021, 14:22:52] --> fudukirire appeared
[cimihozokidi: 29.11.2021, 14:23:10] --> adsisa67 appeared
[cimihozokidi: 29.11.2021, 14:23:15] --> BaeVisoR87 appeared
[cimihozokidi: 29.11.2021, 14:24:08] --> mivibacupuf appeared
[cimihozokidi: 29.11.2021, 14:24:17] --> gafofimuluk appeared
[cimihozokidi: 29.11.2021, 14:24:28] --> kimifoboki appeared
[cimihozokidi: 29.11.2021, 14:25:14] --> zebikogakone appeared
[cimihozokidi: 29.11.2021, 14:25:33] --> gafofimuluk appeared
[cimihozokidi: 29.11.2021, 14:25:43] --> zebikogakone appeared
[cimihozokidi: 29.11.2021, 14:26:34] --> zebikogakone appeared
[cimihozokidi: 29.11.2021, 14:27:41] --> adsimsa70 appeared
[cimihozokidi: 29.11.2021, 14:28:03] --> gafofimuluk appeared
[cimihozokidi: 29.11.2021, 14:28:39] --> Character leveled up to level 34
[cimihozokidi: 29.11.2021, 14:30:26] --> zebikogakone appeared
[cimihozokidi: 29.11.2021, 14:31:21] --> zebikogakone appeared
[cimihozokidi: 29.11.2021, 14:31:46] --> gafofimuluk appeared
[cimihozokidi: 29.11.2021, 14:32:36] --> zebikogakone appeared
[cimihozokidi: 29.11.2021, 14:32:41] --> zebikogakone appeared
[cimihozokidi: 29.11.2021, 14:33:46] --> zebikogakone appeared
[cimihozokidi: 29.11.2021, 14:33:51] --> zebikogakone appeared
[cimihozokidi: 29.11.2021, 14:34:04] --> mivibacupuf appeared
[cimihozokidi: 29.11.2021, 14:34:11] --> zebikogakone appeared
[cimihozokidi: 29.11.2021, 14:34:21] --> BaeVisoR87 appeared
[cimihozokidi: 29.11.2021, 14:34:24] --> Char changed: 5 dragon cors collected, total cor count: 5
[cimihozokidi: 29.11.2021, 14:34:25] --> Character was kicked from the bot, reason: Changing character
[luzevacufev:  29.11.2021, 14:34:34] --> Time passed, now going to talk to alchemist: luzevacufev
[luzevacufev:  29.11.2021, 14:34:34] --> Character went to Alchemist: luzevacufev
[luzevacufev:  29.11.2021, 14:34:38] --> Character was kicked from the bot, reason: Character was walking
[luzevacufev:  29.11.2021, 14:34:43] --> zoraresedovi appeared
[luzevacufev:  29.11.2021, 14:34:58] --> Character was kicked from the bot, reason: Character was walking
[luzevacufev:  29.11.2021, 14:35:04] --> Panserme appeared
[luzevacufev:  29.11.2021, 14:35:22] --> Character was kicked from the bot, reason: Character was walking
[luzevacufev:  29.11.2021, 14:35:56] --> Character was kicked from the bot, reason: Character was walking
[luzevacufev:  29.11.2021, 14:35:59] --> kezekezake appeared
[luzevacufev:  29.11.2021, 14:40:46] --> 10 shards collected, now going to talk to alchemist: luzevacufev
[luzevacufev:  29.11.2021, 14:40:46] --> Character went to Alchemist: luzevacufev
[luzevacufev:  29.11.2021, 14:40:53] --> moveworifubi appeared
[luzevacufev:  29.11.2021, 14:41:04] --> bufaduhezi appeared
[luzevacufev:  29.11.2021, 14:41:10] --> Character was kicked from the bot, reason: Character was walking
[luzevacufev:  29.11.2021, 14:41:33] --> Character was kicked from the bot, reason: Character was walking
[luzevacufev:  29.11.2021, 14:41:41] --> bisuhikudod appeared
[luzevacufev:  29.11.2021, 14:42:07] --> Character was kicked from the bot, reason: Character was walking
[luzevacufev:  29.11.2021, 14:43:09] --> Bot successfully started
[luzevacufev:  29.11.2021, 14:43:09] --> zakipohabow appeared
[luzevacufev:  29.11.2021, 14:44:08] --> sldwax18 appeared
[luzevacufev:  29.11.2021, 14:44:25] --> zebikogakone appeared
[luzevacufev:  29.11.2021, 14:45:13] --> sldwax18 appeared
[luzevacufev:  29.11.2021, 14:45:26] --> zebikogakone appeared
[luzevacufev:  29.11.2021, 14:45:43] --> dadibagite appeared
[luzevacufev:  29.11.2021, 14:46:20] --> zebikogakone appeared
[luzevacufev:  29.11.2021, 14:46:32] --> mivibacupuf appeared
[luzevacufev:  29.11.2021, 14:46:41] --> fudukirire appeared
[luzevacufev:  29.11.2021, 14:48:09] --> sldwax18 appeared
[luzevacufev:  29.11.2021, 14:48:22] --> Character leveled up to level 32
[luzevacufev:  29.11.2021, 14:49:03] --> dadibagite appeared
[luzevacufev:  29.11.2021, 14:49:06] --> zebikogakone appeared
[luzevacufev:  29.11.2021, 14:49:11] --> gafofimuluk appeared
[luzevacufev:  29.11.2021, 14:50:25] --> gafofimuluk appeared
[luzevacufev:  29.11.2021, 14:50:34] --> zebikogakone appeared
[luzevacufev:  29.11.2021, 14:51:25] --> mivibacupuf appeared
[luzevacufev:  29.11.2021, 14:51:51] --> kezekezake appeared
[luzevacufev:  29.11.2021, 14:52:51] --> gafofimuluk appeared
[luzevacufev:  29.11.2021, 14:53:05] --> zakipohabow appeared
[luzevacufev:  29.11.2021, 14:53:51] --> zebikogakone appeared
[luzevacufev:  29.11.2021, 14:55:16] --> zebikogakone appeared
[luzevacufev:  29.11.2021, 14:55:33] --> kezekezake appeared
[luzevacufev:  29.11.2021, 14:56:20] --> adsisa69 appeared
[luzevacufev:  29.11.2021, 14:56:36] --> gafofimuluk appeared
[luzevacufev:  29.11.2021, 14:56:48] --> kezekezake appeared
[luzevacufev:  29.11.2021, 14:57:50] --> gafofimuluk appeared
[luzevacufev:  29.11.2021, 14:58:36] --> Character got kick
[luzevacufev:  29.11.2021, 14:58:55] --> Character got kick
[luzevacufev:  29.11.2021, 14:59:09] --> ferodavokifa appeared
[luzevacufev:  29.11.2021, 14:59:40] --> zebikogakone appeared
[luzevacufev:  29.11.2021, 15:00:25] --> zebikogakone appeared
[luzevacufev:  29.11.2021, 15:00:31] --> zebikogakone appeared
[luzevacufev:  29.11.2021, 15:00:42] --> Character got kick
[luzevacufev:  29.11.2021, 15:01:09] --> Character got kick
[luzevacufev:  29.11.2021, 15:01:20] --> zebikogakone appeared
[luzevacufev:  29.11.2021, 15:01:27] --> zebikogakone appeared
[luzevacufev:  29.11.2021, 15:01:32] --> zebikogakone appeared
