[istanrelired: 09.10.2021, 21:43:07] --> Bot successfully started
[istanrelired: 09.10.2021, 21:43:07] --> Derberbec appeared
[istanrelired: 09.10.2021, 21:44:01] --> Derberbec appeared
[istanrelired: 10.10.2021, 09:02:05] --> Bot successfully started
[istanrelired: 10.10.2021, 09:03:56] --> Time passed, now going to talk to alchemist: istanrelired
[istanrelired: 10.10.2021, 09:03:56] --> Character went to Alchemist
[istanrelired: 10.10.2021, 09:03:57] --> Character went to shop
[istanrelired: 10.10.2021, 09:04:08] --> nukuzotezus appeared
[istanrelired: 10.10.2021, 09:04:24] --> Character was kicked from the bot, reason: Character was walking
[istanrelired: 10.10.2021, 09:04:31] --> zazibuvuweru appeared
[istanrelired: 10.10.2021, 09:05:34] --> Character was kicked from the bot, reason: Character was walking
[istanrelired: 10.10.2021, 09:05:38] --> wisukodukof appeared
[istanrelired: 10.10.2021, 09:05:50] --> zazibuvuweru appeared
[istanrelired: 10.10.2021, 09:05:56] --> Character was kicked from the bot, reason: Character was walking
[istanrelired: 10.10.2021, 09:06:00] --> zazibuvuweru appeared
[istanrelired: 10.10.2021, 09:06:11] --> zazibuvuweru appeared
[istanrelired: 10.10.2021, 09:07:18] --> kukofutimaf appeared
[istanrelired: 10.10.2021, 09:07:40] --> kukofutimaf appeared
[istanrelired: 10.10.2021, 09:08:04] --> kukofutimaf appeared
[istanrelired: 10.10.2021, 09:08:24] --> kukofutimaf appeared
[istanrelired: 10.10.2021, 09:08:48] --> kukofutimaf appeared
[istanrelired: 10.10.2021, 09:09:08] --> kukofutimaf appeared
[istanrelired: 10.10.2021, 09:09:30] --> kukofutimaf appeared
[istanrelired: 10.10.2021, 09:09:52] --> kukofutimaf appeared
[istanrelired: 10.10.2021, 09:10:14] --> kukofutimaf appeared
[istanrelired: 10.10.2021, 09:10:36] --> kukofutimaf appeared
[istanrelired: 10.10.2021, 09:10:58] --> kukofutimaf appeared
[istanrelired: 10.10.2021, 09:11:20] --> kukofutimaf appeared
[istanrelired: 10.10.2021, 09:11:41] --> kukofutimaf appeared
[istanrelired: 10.10.2021, 09:14:35] --> Bot successfully started
[istanrelired: 10.10.2021, 09:14:35] --> zazibuvuweru appeared
[istanrelired: 10.10.2021, 09:28:48] --> zazibuvuweru appeared
[istanrelired: 10.10.2021, 09:29:11] --> zazibuvuweru appeared
[istanrelired: 10.10.2021, 09:29:32] --> zazibuvuweru appeared
[istanrelired: 10.10.2021, 09:38:16] --> zazibuvuweru appeared
[istanrelired: 10.10.2021, 09:38:39] --> zazibuvuweru appeared
[istanrelired: 10.10.2021, 09:39:00] --> zazibuvuweru appeared
[istanrelired: 10.10.2021, 09:39:22] --> zazibuvuweru appeared
[istanrelired: 10.10.2021, 09:39:45] --> zazibuvuweru appeared
[istanrelired: 10.10.2021, 09:40:06] --> zazibuvuweru appeared
[istanrelired: 10.10.2021, 10:06:32] --> faputufatoh appeared
[istanrelired: 10.10.2021, 10:06:52] --> faputufatoh appeared
[istanrelired: 10.10.2021, 10:07:14] --> vocezekibu appeared
[istanrelired: 10.10.2021, 10:07:37] --> faputufatoh appeared
[istanrelired: 10.10.2021, 10:07:58] --> faputufatoh appeared
[istanrelired: 10.10.2021, 10:08:22] --> faputufatoh appeared
[istanrelired: 10.10.2021, 10:08:34] --> rowobazato appeared
[istanrelired: 10.10.2021, 10:08:42] --> faputufatoh appeared
[istanrelired: 10.10.2021, 10:09:06] --> faputufatoh appeared
[istanrelired: 10.10.2021, 10:09:28] --> faputufatoh appeared
[istanrelired: 10.10.2021, 10:09:47] --> faputufatoh appeared
[istanrelired: 10.10.2021, 10:10:05] --> rowobazato appeared
[istanrelired: 10.10.2021, 10:10:11] --> faputufatoh appeared
[istanrelired: 10.10.2021, 10:10:32] --> faputufatoh appeared
[istanrelired: 10.10.2021, 10:10:48] --> rowobazato appeared
[istanrelired: 10.10.2021, 10:10:56] --> faputufatoh appeared
[istanrelired: 10.10.2021, 10:11:16] --> faputufatoh appeared
[istanrelired: 10.10.2021, 10:11:39] --> podevonobeh appeared
[istanrelired: 10.10.2021, 10:12:00] --> faputufatoh appeared
[istanrelired: 10.10.2021, 10:12:16] --> podevonobeh appeared
[istanrelired: 10.10.2021, 10:12:23] --> faputufatoh appeared
[istanrelired: 10.10.2021, 10:12:44] --> faputufatoh appeared
[istanrelired: 10.10.2021, 10:13:06] --> podevonobeh appeared
[istanrelired: 10.10.2021, 10:13:28] --> Char changed: 5 dragon cors collected, total cor count: 5
[istanrelired: 10.10.2021, 10:13:29] --> Character was kicked from the bot, reason: Changing character
[istanrelired: 10.10.2021, 10:13:36] --> niruzobire appeared
[werisaertf:   10.10.2021, 10:13:43] --> Character went to shop
[werisaertf:   10.10.2021, 10:14:27] --> Time passed, now going to talk to alchemist: werisaertf
[werisaertf:   10.10.2021, 10:14:27] --> Character went to Alchemist
[werisaertf:   10.10.2021, 10:14:59] --> Character was kicked from the bot, reason: Character was walking
[werisaertf:   10.10.2021, 10:15:07] --> wisukodukof appeared
[werisaertf:   10.10.2021, 10:15:20] --> wisukodukof appeared
[werisaertf:   10.10.2021, 10:15:24] --> Character was kicked from the bot, reason: Character was walking
[werisaertf:   10.10.2021, 10:15:42] --> podevonobeh appeared
[werisaertf:   10.10.2021, 10:16:02] --> podevonobeh appeared
[werisaertf:   10.10.2021, 10:16:22] --> marguerite appeared
[werisaertf:   10.10.2021, 10:16:41] --> marguerite appeared
[werisaertf:   10.10.2021, 10:17:50] --> mububikenul appeared
[werisaertf:   10.10.2021, 10:18:56] --> marguerite appeared
[werisaertf:   10.10.2021, 10:19:20] --> podevonobeh appeared
[werisaertf:   10.10.2021, 10:20:01] --> mububikenul appeared
[werisaertf:   10.10.2021, 10:20:24] --> podevonobeh appeared
[werisaertf:   10.10.2021, 10:20:46] --> mububikenul appeared
[werisaertf:   10.10.2021, 10:21:59] --> Bot successfully started
[werisaertf:   10.10.2021, 10:21:59] --> podevonobeh appeared
[werisaertf:   10.10.2021, 10:46:00] --> mububikenul appeared
[werisaertf:   10.10.2021, 10:46:15] --> pahugufeva appeared
[werisaertf:   10.10.2021, 10:46:23] --> mububikenul appeared
[werisaertf:   10.10.2021, 10:46:44] --> mububikenul appeared
[werisaertf:   10.10.2021, 10:46:57] --> pahugufeva appeared
[werisaertf:   10.10.2021, 10:47:06] --> mububikenul appeared
[werisaertf:   10.10.2021, 10:47:29] --> mububikenul appeared
[werisaertf:   10.10.2021, 10:47:41] --> pahugufeva appeared
[werisaertf:   10.10.2021, 10:47:50] --> mububikenul appeared
[werisaertf:   10.10.2021, 10:48:08] --> sezurekedofu appeared
[werisaertf:   10.10.2021, 10:48:11] --> sezurekedofu appeared
[werisaertf:   10.10.2021, 10:48:26] --> pahugufeva appeared
[werisaertf:   10.10.2021, 10:48:48] --> sezurekedofu appeared
[werisaertf:   10.10.2021, 10:49:08] --> sezurekedofu appeared
[werisaertf:   10.10.2021, 10:49:24] --> Character leveled up to level 50
[werisaertf:   10.10.2021, 10:49:32] --> sezurekedofu appeared
[werisaertf:   10.10.2021, 10:49:53] --> sezurekedofu appeared
[werisaertf:   10.10.2021, 10:50:15] --> sezurekedofu appeared
[werisaertf:   10.10.2021, 10:50:37] --> sezurekedofu appeared
[werisaertf:   10.10.2021, 10:50:59] --> sezurekedofu appeared
[werisaertf:   10.10.2021, 10:51:21] --> sezurekedofu appeared
[werisaertf:   10.10.2021, 10:51:41] --> sezurekedofu appeared
[werisaertf:   10.10.2021, 10:52:06] --> sezurekedofu appeared
[werisaertf:   10.10.2021, 10:52:25] --> sezurekedofu appeared
[werisaertf:   10.10.2021, 10:52:49] --> sezurekedofu appeared
[werisaertf:   10.10.2021, 10:53:10] --> sezurekedofu appeared
[werisaertf:   10.10.2021, 10:53:33] --> sezurekedofu appeared
[werisaertf:   10.10.2021, 10:53:54] --> sezurekedofu appeared
[werisaertf:   10.10.2021, 10:54:16] --> sezurekedofu appeared
[werisaertf:   10.10.2021, 10:54:38] --> sezurekedofu appeared
[werisaertf:   10.10.2021, 10:54:59] --> sezurekedofu appeared
[werisaertf:   10.10.2021, 10:55:21] --> sezurekedofu appeared
[werisaertf:   10.10.2021, 10:55:43] --> sezurekedofu appeared
[werisaertf:   10.10.2021, 11:08:31] --> sezurekedofu appeared
[werisaertf:   10.10.2021, 11:08:52] --> kegufikazeko appeared
[werisaertf:   10.10.2021, 11:09:15] --> sezurekedofu appeared
[werisaertf:   10.10.2021, 11:09:35] --> kegufikazeko appeared
[werisaertf:   10.10.2021, 11:09:57] --> sezurekedofu appeared
[werisaertf:   10.10.2021, 11:10:21] --> sezurekedofu appeared
[werisaertf:   10.10.2021, 11:10:41] --> sezurekedofu appeared
[werisaertf:   10.10.2021, 11:11:05] --> kegufikazeko appeared
[werisaertf:   10.10.2021, 11:11:25] --> sezurekedofu appeared
[werisaertf:   10.10.2021, 11:11:45] --> sezurekedofu appeared
[werisaertf:   10.10.2021, 11:11:49] --> sezurekedofu appeared
[werisaertf:   10.10.2021, 11:12:10] --> sezurekedofu appeared
[werisaertf:   10.10.2021, 11:12:30] --> sezurekedofu appeared
[werisaertf:   10.10.2021, 11:12:54] --> sezurekedofu appeared
[werisaertf:   10.10.2021, 11:13:13] --> sezurekedofu appeared
[werisaertf:   10.10.2021, 11:13:37] --> sezurekedofu appeared
[werisaertf:   10.10.2021, 11:13:58] --> sezurekedofu appeared
[werisaertf:   10.10.2021, 11:14:15] --> Char changed: 5 dragon cors collected, total cor count: 5
[werisaertf:   10.10.2021, 11:14:16] --> Character was kicked from the bot, reason: Changing character
[limersorimm:  10.10.2021, 11:14:25] --> Time passed, now going to talk to alchemist: limersorimm
[limersorimm:  10.10.2021, 11:14:25] --> Character went to Alchemist
[limersorimm:  10.10.2021, 11:14:26] --> Character went to shop
[limersorimm:  10.10.2021, 11:14:53] --> Character was kicked from the bot, reason: Character was walking
[limersorimm:  10.10.2021, 11:15:21] --> sotucivaku appeared
[limersorimm:  10.10.2021, 11:16:02] --> Character was kicked from the bot, reason: Character was walking
[limersorimm:  10.10.2021, 11:16:24] --> Character was kicked from the bot, reason: Character was walking
[limersorimm:  10.10.2021, 11:16:35] --> Character was kicked from the bot, reason: Character was walking
[limersorimm:  10.10.2021, 11:16:39] --> pahugufeva appeared
[limersorimm:  10.10.2021, 11:16:46] --> lukuzuperip appeared
[limersorimm:  10.10.2021, 11:17:08] --> lukuzuperip appeared
[limersorimm:  10.10.2021, 11:17:24] --> pahugufeva appeared
[limersorimm:  10.10.2021, 11:17:30] --> lukuzuperip appeared
[limersorimm:  10.10.2021, 11:17:51] --> lukuzuperip appeared
[limersorimm:  10.10.2021, 11:18:08] --> pahugufeva appeared
[limersorimm:  10.10.2021, 11:18:09] --> pahugufeva appeared
[limersorimm:  10.10.2021, 11:18:12] --> wibuzubete appeared
[limersorimm:  10.10.2021, 11:18:13] --> lukuzuperip appeared
[limersorimm:  10.10.2021, 11:19:39] --> Bot successfully started
[limersorimm:  10.10.2021, 11:19:39] --> lukuzuperip appeared
[limersorimm:  10.10.2021, 11:20:32] --> Bot successfully started
[limersorimm:  10.10.2021, 11:20:33] --> sezurekedofu appeared
[limersorimm:  10.10.2021, 11:20:47] --> lukuzuperip appeared
[limersorimm:  10.10.2021, 11:21:08] --> lukuzuperip appeared
[limersorimm:  10.10.2021, 11:21:30] --> lukuzuperip appeared
[limersorimm:  10.10.2021, 11:21:52] --> lukuzuperip appeared
[limersorimm:  10.10.2021, 11:22:13] --> lukuzuperip appeared
[limersorimm:  10.10.2021, 11:22:36] --> lukuzuperip appeared
[limersorimm:  10.10.2021, 11:22:59] --> sezurekedofu appeared
[limersorimm:  10.10.2021, 11:23:20] --> lukuzuperip appeared
[limersorimm:  10.10.2021, 11:23:42] --> lukuzuperip appeared
[limersorimm:  10.10.2021, 11:24:04] --> lukuzuperip appeared
[limersorimm:  10.10.2021, 11:24:25] --> lukuzuperip appeared
[limersorimm:  10.10.2021, 11:24:45] --> lukuzuperip appeared
[limersorimm:  10.10.2021, 11:25:09] --> lukuzuperip appeared
[limersorimm:  10.10.2021, 11:25:30] --> sezurekedofu appeared
[limersorimm:  10.10.2021, 11:25:53] --> lukuzuperip appeared
[limersorimm:  10.10.2021, 11:26:14] --> lukuzuperip appeared
[limersorimm:  10.10.2021, 11:26:36] --> lukuzuperip appeared
[limersorimm:  10.10.2021, 11:26:57] --> lukuzuperip appeared
[limersorimm:  10.10.2021, 11:27:20] --> lukuzuperip appeared
[limersorimm:  10.10.2021, 11:27:42] --> sezurekedofu appeared
[limersorimm:  10.10.2021, 11:27:58] --> sezurekedofu appeared
[limersorimm:  10.10.2021, 11:28:03] --> lukuzuperip appeared
[limersorimm:  10.10.2021, 11:28:27] --> lukuzuperip appeared
[limersorimm:  10.10.2021, 11:28:48] --> sezurekedofu appeared
[limersorimm:  10.10.2021, 11:29:11] --> lukuzuperip appeared
[limersorimm:  10.10.2021, 11:29:32] --> lukuzuperip appeared
[limersorimm:  10.10.2021, 11:29:55] --> lukuzuperip appeared
[limersorimm:  10.10.2021, 11:30:16] --> sezurekedofu appeared
[limersorimm:  10.10.2021, 11:30:37] --> lukuzuperip appeared
[limersorimm:  10.10.2021, 11:31:01] --> lukuzuperip appeared
[limersorimm:  10.10.2021, 11:31:22] --> lukuzuperip appeared
[limersorimm:  10.10.2021, 11:31:46] --> sezurekedofu appeared
[limersorimm:  10.10.2021, 11:31:59] --> pahugufeva appeared
[limersorimm:  10.10.2021, 11:32:06] --> lukuzuperip appeared
[limersorimm:  10.10.2021, 11:32:29] --> lukuzuperip appeared
[limersorimm:  10.10.2021, 11:32:42] --> ropihubuwez appeared
[limersorimm:  10.10.2021, 11:32:48] --> ropihubuwez appeared
[limersorimm:  10.10.2021, 11:32:50] --> lukuzuperip appeared
[limersorimm:  10.10.2021, 11:33:12] --> sezurekedofu appeared
[limersorimm:  10.10.2021, 11:33:26] --> wibuzubete appeared
[limersorimm:  10.10.2021, 11:33:33] --> lukuzuperip appeared
[limersorimm:  10.10.2021, 11:33:56] --> lukuzuperip appeared
[limersorimm:  10.10.2021, 11:34:11] --> wibuzubete appeared
[limersorimm:  10.10.2021, 11:34:19] --> sezurekedofu appeared
[limersorimm:  10.10.2021, 11:34:40] --> lukuzuperip appeared
[limersorimm:  10.10.2021, 11:34:55] --> wibuzubete appeared
[limersorimm:  10.10.2021, 11:35:03] --> lukuzuperip appeared
[limersorimm:  10.10.2021, 11:35:24] --> lukuzuperip appeared
[limersorimm:  10.10.2021, 11:35:47] --> lukuzuperip appeared
[limersorimm:  10.10.2021, 11:36:09] --> lukuzuperip appeared
[limersorimm:  10.10.2021, 11:36:29] --> lukuzuperip appeared
[limersorimm:  10.10.2021, 11:36:52] --> lukuzuperip appeared
[limersorimm:  10.10.2021, 11:37:14] --> lukuzuperip appeared
[limersorimm:  10.10.2021, 11:37:37] --> lukuzuperip appeared
[limersorimm:  10.10.2021, 11:37:57] --> lukuzuperip appeared
[limersorimm:  10.10.2021, 11:38:21] --> lukuzuperip appeared
[limersorimm:  10.10.2021, 11:38:41] --> lukuzuperip appeared
[limersorimm:  10.10.2021, 11:39:03] --> lukuzuperip appeared
[limersorimm:  10.10.2021, 11:39:26] --> lukuzuperip appeared
[limersorimm:  10.10.2021, 11:39:47] --> lukuzuperip appeared
[limersorimm:  10.10.2021, 11:40:10] --> lukuzuperip appeared
[limersorimm:  10.10.2021, 11:40:31] --> lukuzuperip appeared
[limersorimm:  10.10.2021, 11:40:53] --> lukuzuperip appeared
[limersorimm:  10.10.2021, 11:41:14] --> lukuzuperip appeared
[limersorimm:  10.10.2021, 11:41:37] --> lukuzuperip appeared
[limersorimm:  10.10.2021, 11:41:59] --> lukuzuperip appeared
[limersorimm:  10.10.2021, 11:42:19] --> lukuzuperip appeared
[limersorimm:  10.10.2021, 11:42:43] --> lukuzuperip appeared
[limersorimm:  10.10.2021, 11:43:03] --> lukuzuperip appeared
[limersorimm:  10.10.2021, 11:43:27] --> lukuzuperip appeared
[limersorimm:  10.10.2021, 11:43:47] --> lukuzuperip appeared
[limersorimm:  10.10.2021, 11:44:11] --> lukuzuperip appeared
[limersorimm:  10.10.2021, 11:44:32] --> lukuzuperip appeared
[limersorimm:  10.10.2021, 11:44:48] --> nabakidahef appeared
[limersorimm:  10.10.2021, 11:45:16] --> lukuzuperip appeared
[limersorimm:  10.10.2021, 11:45:38] --> lukuzuperip appeared
[limersorimm:  10.10.2021, 11:45:59] --> lukuzuperip appeared
[limersorimm:  10.10.2021, 11:46:21] --> lukuzuperip appeared
[limersorimm:  10.10.2021, 11:46:43] --> lukuzuperip appeared
[limersorimm:  10.10.2021, 11:47:04] --> lukuzuperip appeared
[limersorimm:  10.10.2021, 11:47:25] --> lukuzuperip appeared
[limersorimm:  10.10.2021, 11:48:34] --> lukuzuperip appeared
[limersorimm:  10.10.2021, 11:49:17] --> lukuzuperip appeared
[limersorimm:  10.10.2021, 11:50:02] --> lukuzuperip appeared
[limersorimm:  10.10.2021, 11:52:11] --> lukuzuperip appeared
[limersorimm:  10.10.2021, 11:52:32] --> dufanizeve appeared
[limersorimm:  10.10.2021, 11:52:33] --> lukuzuperip appeared
[limersorimm:  10.10.2021, 11:53:40] --> lukuzuperip appeared
[limersorimm:  10.10.2021, 11:54:24] --> lukuzuperip appeared
[limersorimm:  10.10.2021, 11:55:09] --> lukuzuperip appeared
[limersorimm:  10.10.2021, 11:55:53] --> lukuzuperip appeared
[limersorimm:  10.10.2021, 11:56:35] --> lukuzuperip appeared
[limersorimm:  10.10.2021, 11:57:42] --> lukuzuperip appeared
[limersorimm:  10.10.2021, 11:58:25] --> lukuzuperip appeared
[limersorimm:  10.10.2021, 12:10:37] --> Bot successfully started
[limersorimm:  10.10.2021, 12:10:37] --> uufsarrt appeared
[limersorimm:  10.10.2021, 12:19:45] --> Char changed: 5 dragon cors collected, total cor count: 5
[limersorimm:  10.10.2021, 12:19:46] --> Character was kicked from the bot, reason: Changing character
[serdaerqw11:  10.10.2021, 12:20:23] --> Time passed, now going to talk to alchemist: serdaerqw11
[serdaerqw11:  10.10.2021, 12:20:23] --> Character went to Alchemist
[serdaerqw11:  10.10.2021, 12:20:24] --> Character went to shop
[serdaerqw11:  10.10.2021, 12:20:53] --> Character was kicked from the bot, reason: Character was walking
[serdaerqw11:  10.10.2021, 12:21:53] --> Bot successfully started
[serdaerqw11:  10.10.2021, 12:21:59] --> Time passed, now going to talk to alchemist: serdaerqw11
[serdaerqw11:  10.10.2021, 12:21:59] --> Character went to Alchemist
[serdaerqw11:  10.10.2021, 12:21:59] --> Character went to shop
[serdaerqw11:  10.10.2021, 12:22:29] --> Character was kicked from the bot, reason: Character was walking
[serdaerqw11:  10.10.2021, 12:22:54] --> uufsarrt appeared
[serdaerqw11:  10.10.2021, 12:22:55] --> Character was kicked from the bot, reason: Character was walking
[serdaerqw11:  10.10.2021, 12:28:26] --> Bot successfully started
[serdaerqw11:  10.10.2021, 12:28:26] --> kunoheremi appeared
[serdaerqw11:  10.10.2021, 13:05:13] --> sadsdsx appeared
[serdaerqw11:  10.10.2021, 13:22:01] --> sasdasewt appeared
[serdaerqw11:  10.10.2021, 13:22:49] --> sasdasewt appeared
[serdaerqw11:  10.10.2021, 13:23:11] --> sasdasewt appeared
[serdaerqw11:  10.10.2021, 13:23:33] --> sasdasewt appeared
[serdaerqw11:  10.10.2021, 13:23:56] --> kunoheremi appeared
[serdaerqw11:  10.10.2021, 13:35:07] --> asdathbjh appeared
[serdaerqw11:  10.10.2021, 13:35:33] --> asdathbjh appeared
[serdaerqw11:  10.10.2021, 13:35:55] --> asdathbjh appeared
[serdaerqw11:  10.10.2021, 13:35:57] --> asdathbjh appeared
[serdaerqw11:  10.10.2021, 13:36:21] --> asdathbjh appeared
[serdaerqw11:  10.10.2021, 13:36:43] --> kunoheremi appeared
[serdaerqw11:  10.10.2021, 13:37:04] --> asdathbjh appeared
[serdaerqw11:  10.10.2021, 13:37:27] --> kunoheremi appeared
[serdaerqw11:  10.10.2021, 13:37:48] --> kunoheremi appeared
[serdaerqw11:  10.10.2021, 13:38:12] --> kunoheremi appeared
[serdaerqw11:  10.10.2021, 13:38:32] --> kunoheremi appeared
[serdaerqw11:  10.10.2021, 13:38:56] --> kunoheremi appeared
[serdaerqw11:  10.10.2021, 13:39:16] --> kunoheremi appeared
[serdaerqw11:  10.10.2021, 13:40:01] --> kunoheremi appeared
[serdaerqw11:  10.10.2021, 13:40:24] --> kunoheremi appeared
[serdaerqw11:  10.10.2021, 14:03:39] --> Char changed: 5 dragon cors collected, total cor count: 5
[serdaerqw11:  10.10.2021, 14:03:39] --> Character was kicked from the bot, reason: Changing character
[asdertilret:  10.10.2021, 14:03:49] --> Time passed, now going to talk to alchemist: asdertilret
[asdertilret:  10.10.2021, 14:03:49] --> Character went to Alchemist
[asdertilret:  10.10.2021, 14:03:49] --> Character went to shop
[asdertilret:  10.10.2021, 14:04:01] --> racizokevol appeared
[asdertilret:  10.10.2021, 14:04:19] --> Character was kicked from the bot, reason: Character was walking
[asdertilret:  10.10.2021, 14:04:25] --> racizokevol appeared
[asdertilret:  10.10.2021, 14:04:41] --> muhumikutoke appeared
[asdertilret:  10.10.2021, 14:05:15] --> vocedepeba appeared
[asdertilret:  10.10.2021, 14:05:26] --> Character was kicked from the bot, reason: Character was walking
[asdertilret:  10.10.2021, 14:05:47] --> Character was kicked from the bot, reason: Character was walking
[asdertilret:  10.10.2021, 14:05:58] --> Character was kicked from the bot, reason: Character was walking
[asdertilret:  10.10.2021, 14:06:03] --> ttyhdfseer appeared
[asdertilret:  10.10.2021, 14:06:24] --> ttyhdfseer appeared
[asdertilret:  10.10.2021, 14:06:51] --> ttyhdfseer appeared
[asdertilret:  10.10.2021, 14:07:14] --> ttyhdfseer appeared
[asdertilret:  10.10.2021, 14:07:38] --> ttyhdfseer appeared
[asdertilret:  10.10.2021, 14:08:00] --> ttyhdfseer appeared
[asdertilret:  10.10.2021, 14:09:50] --> Bot successfully started
[asdertilret:  10.10.2021, 14:09:50] --> asdathbjh appeared
[asdertilret:  10.10.2021, 14:10:07] --> arastsx appeared
[asdertilret:  10.10.2021, 14:16:39] --> asdathbjh appeared
[asdertilret:  10.10.2021, 14:17:00] --> asdathbjh appeared
[asdertilret:  10.10.2021, 14:17:24] --> eryedsa appeared
[asdertilret:  10.10.2021, 14:17:48] --> asdathbjh appeared
[asdertilret:  10.10.2021, 14:18:11] --> eryedsa appeared
[asdertilret:  10.10.2021, 14:18:29] --> eryedsa appeared
[asdertilret:  10.10.2021, 14:18:34] --> eryedsa appeared
[asdertilret:  10.10.2021, 14:18:58] --> eryedsa appeared
[asdertilret:  10.10.2021, 14:19:20] --> eryedsa appeared
[asdertilret:  10.10.2021, 14:19:21] --> eryedsa appeared
[asdertilret:  10.10.2021, 14:19:42] --> eryedsa appeared
[asdertilret:  10.10.2021, 14:20:02] --> eryedsa appeared
[asdertilret:  10.10.2021, 14:20:25] --> Character leveled up to level 50
[asdertilret:  10.10.2021, 14:20:26] --> eryedsa appeared
[asdertilret:  10.10.2021, 14:20:29] --> eryedsa appeared
[asdertilret:  10.10.2021, 14:20:49] --> eryedsa appeared
[asdertilret:  10.10.2021, 14:21:13] --> eryedsa appeared
[asdertilret:  10.10.2021, 14:21:36] --> eryedsa appeared
[asdertilret:  10.10.2021, 14:21:59] --> eryedsa appeared
[asdertilret:  10.10.2021, 14:22:21] --> eryedsa appeared
[asdertilret:  10.10.2021, 14:22:39] --> asdasdtsdhoh appeared
[asdertilret:  10.10.2021, 14:23:08] --> eryedsa appeared
[asdertilret:  10.10.2021, 14:23:31] --> eryedsa appeared
[asdertilret:  10.10.2021, 14:23:56] --> eryedsa appeared
[asdertilret:  10.10.2021, 14:24:17] --> asdathbjh appeared
[asdertilret:  10.10.2021, 14:24:40] --> asdathbjh appeared
[asdertilret:  10.10.2021, 14:41:30] --> asddastd appeared
[asdertilret:  10.10.2021, 14:42:17] --> asddastd appeared
[asdertilret:  10.10.2021, 14:45:37] --> asdasdtsdhoh appeared
[asdertilret:  10.10.2021, 14:46:26] --> asdasdtsdhoh appeared
[asdertilret:  10.10.2021, 14:46:48] --> asdasdtsdhoh appeared
[asdertilret:  10.10.2021, 14:47:13] --> asdasdtsdhoh appeared
[asdertilret:  10.10.2021, 14:47:32] --> muhumikutoke appeared
[asdertilret:  10.10.2021, 14:47:58] --> asdasdtsdhoh appeared
[asdertilret:  10.10.2021, 14:48:22] --> asdasdtsdhoh appeared
[asdertilret:  10.10.2021, 14:48:45] --> asdasdtsdhoh appeared
[asdertilret:  10.10.2021, 14:49:11] --> asdasdtsdhoh appeared
[asdertilret:  10.10.2021, 14:49:32] --> asdasdtsdhoh appeared
[asdertilret:  10.10.2021, 14:49:57] --> asdasdtsdhoh appeared
[asdertilret:  10.10.2021, 14:50:21] --> asdasdtsdhoh appeared
[asdertilret:  10.10.2021, 14:50:42] --> asdasdtsdhoh appeared
[asdertilret:  10.10.2021, 14:51:06] --> asdasdtsdhoh appeared
[asdertilret:  10.10.2021, 15:27:50] --> Bot terminated: 5 dragon cors collected, total cor count: 5
[istanrelired: 11.10.2021, 03:11:47] --> Bot successfully started
[istanrelired: 11.10.2021, 03:11:53] --> Time passed, now going to talk to alchemist: istanrelired
[istanrelired: 11.10.2021, 03:11:53] --> Character went to Alchemist
[istanrelired: 11.10.2021, 03:11:54] --> Character went to shop
[istanrelired: 11.10.2021, 03:12:20] --> Character was kicked from the bot, reason: Character was walking
[istanrelired: 11.10.2021, 03:12:25] --> FrangesSecx appeared
[istanrelired: 11.10.2021, 03:13:23] --> vizorukugu appeared
[istanrelired: 11.10.2021, 03:13:28] --> Character was kicked from the bot, reason: Character was walking
[istanrelired: 11.10.2021, 03:13:32] --> risubebihusi appeared
[istanrelired: 11.10.2021, 03:13:44] --> havapuderom appeared
[istanrelired: 11.10.2021, 03:13:50] --> Character was kicked from the bot, reason: Character was walking
[istanrelired: 11.10.2021, 03:16:58] --> Bot successfully started
[istanrelired: 11.10.2021, 03:19:47] --> merurubazu appeared
[istanrelired: 11.10.2021, 03:21:50] --> zazibuvuweru appeared
[istanrelired: 11.10.2021, 03:23:01] --> covurizifuwi appeared
[istanrelired: 11.10.2021, 03:23:57] --> zazibuvuweru appeared
[istanrelired: 11.10.2021, 03:24:01] --> zazibuvuweru appeared
[istanrelired: 11.10.2021, 03:24:18] --> covurizifuwi appeared
[istanrelired: 11.10.2021, 03:24:38] --> covurizifuwi appeared
[istanrelired: 11.10.2021, 03:24:56] --> covurizifuwi appeared
[istanrelired: 11.10.2021, 03:26:03] --> covurizifuwi appeared
[istanrelired: 11.10.2021, 03:26:17] --> covurizifuwi appeared
[istanrelired: 11.10.2021, 03:26:22] --> covurizifuwi appeared
[istanrelired: 11.10.2021, 03:27:12] --> covurizifuwi appeared
[istanrelired: 11.10.2021, 03:27:27] --> covurizifuwi appeared
[istanrelired: 11.10.2021, 03:28:37] --> covurizifuwi appeared
[istanrelired: 11.10.2021, 03:28:51] --> covurizifuwi appeared
[istanrelired: 11.10.2021, 03:30:03] --> covurizifuwi appeared
[istanrelired: 11.10.2021, 03:31:25] --> covurizifuwi appeared
[istanrelired: 11.10.2021, 03:32:19] --> covurizifuwi appeared
[istanrelired: 11.10.2021, 03:32:36] --> covurizifuwi appeared
[istanrelired: 11.10.2021, 03:33:41] --> covurizifuwi appeared
[istanrelired: 11.10.2021, 03:33:46] --> covurizifuwi appeared
[istanrelired: 11.10.2021, 03:34:00] --> covurizifuwi appeared
[istanrelired: 11.10.2021, 03:35:10] --> covurizifuwi appeared
[istanrelired: 11.10.2021, 03:36:19] --> covurizifuwi appeared
[istanrelired: 11.10.2021, 03:36:34] --> keretewikoc appeared
[istanrelired: 11.10.2021, 03:37:28] --> covurizifuwi appeared
[istanrelired: 11.10.2021, 03:37:44] --> covurizifuwi appeared
[istanrelired: 11.10.2021, 03:37:58] --> covurizifuwi appeared
[istanrelired: 11.10.2021, 03:38:53] --> covurizifuwi appeared
[istanrelired: 11.10.2021, 03:39:07] --> covurizifuwi appeared
[istanrelired: 11.10.2021, 03:40:18] --> covurizifuwi appeared
[istanrelired: 11.10.2021, 03:41:27] --> covurizifuwi appeared
[istanrelired: 11.10.2021, 03:41:44] --> covurizifuwi appeared
[istanrelired: 11.10.2021, 03:42:51] --> covurizifuwi appeared
[istanrelired: 11.10.2021, 03:43:06] --> covurizifuwi appeared
[istanrelired: 11.10.2021, 03:44:02] --> covurizifuwi appeared
[istanrelired: 11.10.2021, 03:44:15] --> covurizifuwi appeared
[istanrelired: 11.10.2021, 03:44:17] --> covurizifuwi appeared
[istanrelired: 11.10.2021, 03:45:27] --> covurizifuwi appeared
[istanrelired: 11.10.2021, 03:45:40] --> covurizifuwi appeared
[istanrelired: 11.10.2021, 03:47:05] --> Bot successfully started
[istanrelired: 11.10.2021, 03:47:06] --> covurizifuwi appeared
[istanrelired: 11.10.2021, 03:47:17] --> covurizifuwi appeared
[istanrelired: 11.10.2021, 03:47:32] --> covurizifuwi appeared
[istanrelired: 11.10.2021, 03:47:47] --> covurizifuwi appeared
[istanrelired: 11.10.2021, 03:48:42] --> covurizifuwi appeared
[istanrelired: 11.10.2021, 03:48:55] --> covurizifuwi appeared
[istanrelired: 11.10.2021, 03:50:02] --> ruhimudozi appeared
[istanrelired: 11.10.2021, 03:51:19] --> ruhimudozi appeared
[istanrelired: 11.10.2021, 03:51:31] --> keretewikoc appeared
[istanrelired: 11.10.2021, 03:52:17] --> keretewikoc appeared
[istanrelired: 11.10.2021, 03:53:59] --> mucuzezuketu appeared
[istanrelired: 11.10.2021, 03:54:06] --> ruhimudozi appeared
[istanrelired: 11.10.2021, 03:54:36] --> Char changed: 5 dragon cors collected, total cor count: 10
[istanrelired: 11.10.2021, 03:54:36] --> Character was kicked from the bot, reason: Changing character
[werisaertf:   11.10.2021, 03:54:47] --> Time passed, now going to talk to alchemist: werisaertf
[werisaertf:   11.10.2021, 03:54:47] --> Character went to Alchemist
[werisaertf:   11.10.2021, 03:54:47] --> Character went to shop
[werisaertf:   11.10.2021, 03:55:15] --> Character was kicked from the bot, reason: Character was walking
[werisaertf:   11.10.2021, 03:56:26] --> Character was kicked from the bot, reason: Character was walking
[werisaertf:   11.10.2021, 03:56:30] --> nicepubumo appeared
[werisaertf:   11.10.2021, 03:56:48] --> Character was kicked from the bot, reason: Character was walking
[werisaertf:   11.10.2021, 03:56:53] --> ruhimudozi appeared
[werisaertf:   11.10.2021, 03:57:29] --> ruhimudozi appeared
[werisaertf:   11.10.2021, 03:57:33] --> ruhimudozi appeared
[werisaertf:   11.10.2021, 03:57:46] --> ruhimudozi appeared
[werisaertf:   11.10.2021, 03:58:57] --> ruhimudozi appeared
[werisaertf:   11.10.2021, 04:00:07] --> ruhimudozi appeared
[werisaertf:   11.10.2021, 04:00:24] --> ruhimudozi appeared
[werisaertf:   11.10.2021, 04:01:45] --> ruhimudozi appeared
[werisaertf:   11.10.2021, 04:01:49] --> ruhimudozi appeared
[werisaertf:   11.10.2021, 04:02:56] --> ruhimudozi appeared
[werisaertf:   11.10.2021, 04:04:53] --> Bot successfully started
[werisaertf:   11.10.2021, 04:04:54] --> ruhimudozi appeared
[werisaertf:   11.10.2021, 04:05:04] --> ruhimudozi appeared
[werisaertf:   11.10.2021, 04:06:42] --> Bot successfully started
[werisaertf:   11.10.2021, 04:06:42] --> ruhimudozi appeared
[werisaertf:   11.10.2021, 04:06:54] --> ruhimudozi appeared
[werisaertf:   11.10.2021, 04:08:03] --> ruhimudozi appeared
[werisaertf:   11.10.2021, 04:08:19] --> ruhimudozi appeared
[werisaertf:   11.10.2021, 04:09:27] --> ruhimudozi appeared
[werisaertf:   11.10.2021, 04:09:44] --> ruhimudozi appeared
[werisaertf:   11.10.2021, 04:10:52] --> ruhimudozi appeared
[werisaertf:   11.10.2021, 04:11:07] --> ruhimudozi appeared
[werisaertf:   11.10.2021, 04:12:02] --> ruhimudozi appeared
[werisaertf:   11.10.2021, 04:12:16] --> ruhimudozi appeared
[werisaertf:   11.10.2021, 04:13:26] --> ruhimudozi appeared
[werisaertf:   11.10.2021, 04:13:40] --> ruhimudozi appeared
[werisaertf:   11.10.2021, 04:14:36] --> ruhimudozi appeared
[werisaertf:   11.10.2021, 04:14:53] --> ruhimudozi appeared
[werisaertf:   11.10.2021, 04:16:00] --> ruhimudozi appeared
[werisaertf:   11.10.2021, 04:16:15] --> ruhimudozi appeared
[werisaertf:   11.10.2021, 04:16:19] --> ruhimudozi appeared
[werisaertf:   11.10.2021, 04:17:23] --> ruhimudozi appeared
[werisaertf:   11.10.2021, 04:17:25] --> ruhimudozi appeared
[werisaertf:   11.10.2021, 04:17:40] --> ruhimudozi appeared
[werisaertf:   11.10.2021, 04:17:55] --> pivikeparet appeared
[werisaertf:   11.10.2021, 04:19:20] --> pivikeparet appeared
[werisaertf:   11.10.2021, 04:19:33] --> pivikeparet appeared
[werisaertf:   11.10.2021, 04:20:43] --> pivikeparet appeared
[werisaertf:   11.10.2021, 04:20:57] --> pivikeparet appeared
[werisaertf:   11.10.2021, 04:22:09] --> pivikeparet appeared
[werisaertf:   11.10.2021, 04:23:16] --> pivikeparet appeared
[werisaertf:   11.10.2021, 04:23:31] --> pivikeparet appeared
[werisaertf:   11.10.2021, 04:24:27] --> pivikeparet appeared
[werisaertf:   11.10.2021, 04:24:41] --> pivikeparet appeared
[werisaertf:   11.10.2021, 04:25:52] --> pivikeparet appeared
[werisaertf:   11.10.2021, 04:26:05] --> pivikeparet appeared
[werisaertf:   11.10.2021, 04:27:16] --> Char changed: 5 dragon cors collected, total cor count: 10
[werisaertf:   11.10.2021, 04:27:17] --> Character was kicked from the bot, reason: Changing character
[werisaertf:   11.10.2021, 04:27:22] --> pivikeparet appeared
[limersorimm:  11.10.2021, 04:27:27] --> Time passed, now going to talk to alchemist: limersorimm
[limersorimm:  11.10.2021, 04:27:27] --> Character went to Alchemist
[limersorimm:  11.10.2021, 04:27:28] --> Character went to shop
[limersorimm:  11.10.2021, 04:27:29] --> pivikeparet appeared
[limersorimm:  11.10.2021, 04:27:57] --> Character was kicked from the bot, reason: Character was walking
[limersorimm:  11.10.2021, 04:28:02] --> niruzobire appeared
[limersorimm:  11.10.2021, 04:28:44] --> zarerehaco appeared
[limersorimm:  11.10.2021, 04:29:06] --> Character was kicked from the bot, reason: Character was walking
[limersorimm:  11.10.2021, 04:29:12] --> zarerehaco appeared
[limersorimm:  11.10.2021, 04:29:25] --> zarerehaco appeared
[limersorimm:  11.10.2021, 04:29:30] --> Character was kicked from the bot, reason: Character was walking
[limersorimm:  11.10.2021, 04:29:50] --> pivikeparet appeared
[limersorimm:  11.10.2021, 04:31:12] --> Bot successfully started
[limersorimm:  11.10.2021, 04:31:12] --> pivikeparet appeared
[limersorimm:  11.10.2021, 04:31:28] --> pivikeparet appeared
[limersorimm:  11.10.2021, 04:31:41] --> pivikeparet appeared
[limersorimm:  11.10.2021, 04:32:37] --> pivikeparet appeared
[limersorimm:  11.10.2021, 04:32:53] --> pivikeparet appeared
[limersorimm:  11.10.2021, 04:34:01] --> pivikeparet appeared
[limersorimm:  11.10.2021, 04:34:18] --> pivikeparet appeared
[limersorimm:  11.10.2021, 04:35:26] --> pivikeparet appeared
[limersorimm:  11.10.2021, 04:36:32] --> pivikeparet appeared
[limersorimm:  11.10.2021, 04:36:35] --> pivikeparet appeared
[limersorimm:  11.10.2021, 04:36:49] --> pivikeparet appeared
[limersorimm:  11.10.2021, 04:37:59] --> pivikeparet appeared
[limersorimm:  11.10.2021, 04:38:13] --> pivikeparet appeared
[limersorimm:  11.10.2021, 04:39:26] --> pivikeparet appeared
[limersorimm:  11.10.2021, 04:40:33] --> pivikeparet appeared
[limersorimm:  11.10.2021, 04:40:48] --> pivikeparet appeared
[limersorimm:  11.10.2021, 04:40:51] --> pivikeparet appeared
[limersorimm:  11.10.2021, 04:42:12] --> pivikeparet appeared
[limersorimm:  11.10.2021, 04:42:21] --> mifasuzibak appeared
[limersorimm:  11.10.2021, 04:43:38] --> mifasuzibak appeared
[limersorimm:  11.10.2021, 04:43:46] --> ledarezubi appeared
[limersorimm:  11.10.2021, 04:44:56] --> mifasuzibak appeared
[limersorimm:  11.10.2021, 04:45:13] --> mifasuzibak appeared
[limersorimm:  11.10.2021, 04:46:06] --> mifasuzibak appeared
[limersorimm:  11.10.2021, 04:46:19] --> mifasuzibak appeared
[limersorimm:  11.10.2021, 04:47:31] --> mifasuzibak appeared
[limersorimm:  11.10.2021, 04:48:40] --> mifasuzibak appeared
[limersorimm:  11.10.2021, 04:48:56] --> mifasuzibak appeared
[limersorimm:  11.10.2021, 04:50:03] --> mifasuzibak appeared
[limersorimm:  11.10.2021, 04:51:14] --> mifasuzibak appeared
[limersorimm:  11.10.2021, 04:51:28] --> mifasuzibak appeared
[limersorimm:  11.10.2021, 04:52:38] --> mifasuzibak appeared
[limersorimm:  11.10.2021, 04:52:51] --> mifasuzibak appeared
[limersorimm:  11.10.2021, 04:53:47] --> mifasuzibak appeared
[limersorimm:  11.10.2021, 04:54:04] --> mifasuzibak appeared
[limersorimm:  11.10.2021, 04:55:11] --> mifasuzibak appeared
[limersorimm:  11.10.2021, 04:55:26] --> mifasuzibak appeared
[limersorimm:  11.10.2021, 04:56:22] --> mifasuzibak appeared
[limersorimm:  11.10.2021, 04:56:38] --> mifasuzibak appeared
[limersorimm:  11.10.2021, 04:57:47] --> mifasuzibak appeared
[limersorimm:  11.10.2021, 04:57:59] --> mifasuzibak appeared
[limersorimm:  11.10.2021, 04:59:10] --> mifasuzibak appeared
[limersorimm:  11.10.2021, 05:00:37] --> mifasuzibak appeared
[limersorimm:  11.10.2021, 05:01:44] --> mifasuzibak appeared
[limersorimm:  11.10.2021, 05:01:58] --> mifasuzibak appeared
[limersorimm:  11.10.2021, 05:02:53] --> mifasuzibak appeared
[limersorimm:  11.10.2021, 05:03:08] --> mifasuzibak appeared
[limersorimm:  11.10.2021, 05:04:18] --> mifasuzibak appeared
[limersorimm:  11.10.2021, 05:04:31] --> mifasuzibak appeared
[limersorimm:  11.10.2021, 05:05:21] --> Char changed: 5 dragon cors collected, total cor count: 10
[limersorimm:  11.10.2021, 05:05:21] --> Character was kicked from the bot, reason: Changing character
[serdaerqw11:  11.10.2021, 05:05:32] --> Time passed, now going to talk to alchemist: serdaerqw11
[serdaerqw11:  11.10.2021, 05:05:32] --> Character went to Alchemist
[serdaerqw11:  11.10.2021, 05:05:32] --> Character went to shop
[serdaerqw11:  11.10.2021, 05:06:01] --> Character was kicked from the bot, reason: Character was walking
[serdaerqw11:  11.10.2021, 05:06:07] --> niruzobire appeared
[serdaerqw11:  11.10.2021, 05:07:11] --> Character was kicked from the bot, reason: Character was walking
[serdaerqw11:  11.10.2021, 05:07:34] --> Character was kicked from the bot, reason: Character was walking
[serdaerqw11:  11.10.2021, 05:07:39] --> mifasuzibak appeared
[serdaerqw11:  11.10.2021, 05:08:15] --> mifasuzibak appeared
[serdaerqw11:  11.10.2021, 05:08:31] --> mifasuzibak appeared
[serdaerqw11:  11.10.2021, 05:08:39] --> rovahicofef appeared
[serdaerqw11:  11.10.2021, 05:09:13] --> ledarezubi appeared
[serdaerqw11:  11.10.2021, 05:10:30] --> rovahicofef appeared
[serdaerqw11:  11.10.2021, 05:10:41] --> rovahicofef appeared
[serdaerqw11:  11.10.2021, 05:11:49] --> rovahicofef appeared
[serdaerqw11:  11.10.2021, 05:12:02] --> rovahicofef appeared
[serdaerqw11:  11.10.2021, 05:12:59] --> rovahicofef appeared
[serdaerqw11:  11.10.2021, 05:13:12] --> rovahicofef appeared
[serdaerqw11:  11.10.2021, 05:14:22] --> rovahicofef appeared
[serdaerqw11:  11.10.2021, 05:14:36] --> rovahicofef appeared
[serdaerqw11:  11.10.2021, 05:16:19] --> Bot successfully started
[serdaerqw11:  11.10.2021, 05:16:19] --> rovahicofef appeared
[serdaerqw11:  11.10.2021, 05:16:28] --> rovahicofef appeared
[serdaerqw11:  11.10.2021, 05:16:43] --> rovahicofef appeared
[serdaerqw11:  11.10.2021, 05:17:33] --> rovahicofef appeared
[serdaerqw11:  11.10.2021, 05:17:39] --> rovahicofef appeared
[serdaerqw11:  11.10.2021, 05:17:53] --> rovahicofef appeared
[serdaerqw11:  11.10.2021, 05:18:59] --> ledarezubi appeared
[serdaerqw11:  11.10.2021, 05:19:03] --> rovahicofef appeared
[serdaerqw11:  11.10.2021, 05:19:16] --> rovahicofef appeared
[serdaerqw11:  11.10.2021, 05:20:29] --> rovahicofef appeared
[serdaerqw11:  11.10.2021, 05:21:36] --> rovahicofef appeared
[serdaerqw11:  11.10.2021, 05:21:51] --> rovahicofef appeared
[serdaerqw11:  11.10.2021, 05:21:55] --> rovahicofef appeared
[serdaerqw11:  11.10.2021, 05:22:46] --> rovahicofef appeared
[serdaerqw11:  11.10.2021, 05:23:01] --> rovahicofef appeared
[serdaerqw11:  11.10.2021, 05:24:10] --> rovahicofef appeared
[serdaerqw11:  11.10.2021, 05:24:25] --> rovahicofef appeared
[serdaerqw11:  11.10.2021, 05:25:35] --> rovahicofef appeared
[serdaerqw11:  11.10.2021, 05:25:49] --> rovahicofef appeared
[serdaerqw11:  11.10.2021, 05:26:44] --> rovahicofef appeared
[serdaerqw11:  11.10.2021, 05:27:02] --> rovahicofef appeared
[serdaerqw11:  11.10.2021, 05:28:08] --> rovahicofef appeared
[serdaerqw11:  11.10.2021, 05:28:22] --> rovahicofef appeared
[serdaerqw11:  11.10.2021, 05:29:19] --> rovahicofef appeared
[serdaerqw11:  11.10.2021, 05:30:43] --> rovahicofef appeared
[serdaerqw11:  11.10.2021, 05:30:56] --> rovahicofef appeared
[serdaerqw11:  11.10.2021, 05:32:09] --> rovahicofef appeared
[serdaerqw11:  11.10.2021, 05:33:16] --> rovahicofef appeared
[serdaerqw11:  11.10.2021, 05:33:30] --> rovahicofef appeared
[serdaerqw11:  11.10.2021, 05:34:26] --> rovahicofef appeared
[serdaerqw11:  11.10.2021, 05:34:41] --> rovahicofef appeared
[serdaerqw11:  11.10.2021, 05:35:47] --> rovahicofef appeared
[serdaerqw11:  11.10.2021, 05:35:51] --> rovahicofef appeared
[serdaerqw11:  11.10.2021, 05:36:04] --> rovahicofef appeared
[serdaerqw11:  11.10.2021, 05:37:15] --> rovahicofef appeared
[serdaerqw11:  11.10.2021, 05:37:28] --> rovahicofef appeared
[serdaerqw11:  11.10.2021, 05:38:24] --> rovahicofef appeared
[serdaerqw11:  11.10.2021, 05:38:41] --> rovahicofef appeared
[serdaerqw11:  11.10.2021, 05:39:26] --> podevonobeh appeared
[serdaerqw11:  11.10.2021, 05:39:29] --> podevonobeh appeared
[serdaerqw11:  11.10.2021, 05:44:29] --> bogedifude appeared
[serdaerqw11:  11.10.2021, 05:44:38] --> cobizizira appeared
[serdaerqw11:  11.10.2021, 05:46:12] --> cobizizira appeared
[serdaerqw11:  11.10.2021, 05:46:24] --> cobizizira appeared
[serdaerqw11:  11.10.2021, 05:46:49] --> cobizizira appeared
[serdaerqw11:  11.10.2021, 05:47:12] --> cobizizira appeared
[serdaerqw11:  11.10.2021, 05:47:21] --> Char changed: 5 dragon cors collected, total cor count: 10
[serdaerqw11:  11.10.2021, 05:47:22] --> Character was kicked from the bot, reason: Changing character
[asdertilret:  11.10.2021, 05:47:32] --> Time passed, now going to talk to alchemist: asdertilret
[asdertilret:  11.10.2021, 05:47:32] --> Character went to Alchemist
[asdertilret:  11.10.2021, 05:47:33] --> Character went to shop
[asdertilret:  11.10.2021, 05:47:46] --> nebuzevuzoc appeared
[asdertilret:  11.10.2021, 05:49:08] --> Bot successfully started
[asdertilret:  11.10.2021, 05:49:08] --> niruzobire appeared
[asdertilret:  11.10.2021, 05:49:13] --> Time passed, now going to talk to alchemist: asdertilret
[asdertilret:  11.10.2021, 05:49:13] --> Character went to Alchemist
[asdertilret:  11.10.2021, 05:49:13] --> Character went to shop
[asdertilret:  11.10.2021, 05:49:44] --> Character was kicked from the bot, reason: Character was walking
[asdertilret:  11.10.2021, 05:50:09] --> Character was kicked from the bot, reason: Character was walking
[asdertilret:  11.10.2021, 05:51:47] --> Bot successfully started
[asdertilret:  11.10.2021, 05:52:44] --> Bot successfully started
[asdertilret:  11.10.2021, 05:53:35] --> bogedifude appeared
[asdertilret:  11.10.2021, 05:56:08] --> cobizizira appeared
[asdertilret:  11.10.2021, 05:56:56] --> cobizizira appeared
[asdertilret:  11.10.2021, 05:57:39] --> cobizizira appeared
[asdertilret:  11.10.2021, 05:57:46] --> cobizizira appeared
[asdertilret:  11.10.2021, 06:02:34] --> bogedifude appeared
[asdertilret:  11.10.2021, 06:03:20] --> bogedifude appeared
[asdertilret:  11.10.2021, 06:07:14] --> cobizizira appeared
[asdertilret:  11.10.2021, 06:09:15] --> bogedifude appeared
[asdertilret:  11.10.2021, 06:10:00] --> bogedifude appeared
[asdertilret:  11.10.2021, 06:12:31] --> cobizizira appeared
[asdertilret:  11.10.2021, 06:18:09] --> bogedifude appeared
[asdertilret:  11.10.2021, 06:18:56] --> bogedifude appeared
[asdertilret:  11.10.2021, 06:19:04] --> cobizizira appeared
[asdertilret:  11.10.2021, 06:19:40] --> cobizizira appeared
[asdertilret:  11.10.2021, 06:25:54] --> cobizizira appeared
[asdertilret:  11.10.2021, 06:27:07] --> bogedifude appeared
[asdertilret:  11.10.2021, 06:27:59] --> cobizizira appeared
[asdertilret:  11.10.2021, 06:28:21] --> cobizizira appeared
[asdertilret:  11.10.2021, 06:37:04] --> Bot terminated: 5 dragon cors collected, total cor count: 10
[istanrelired: 12.10.2021, 03:11:49] --> Bot successfully started
[istanrelired: 12.10.2021, 03:11:49] --> covurizifuwi appeared
[istanrelired: 12.10.2021, 03:11:55] --> Time passed, now going to talk to alchemist: istanrelired
[istanrelired: 12.10.2021, 03:11:55] --> Character went to Alchemist
[istanrelired: 12.10.2021, 03:11:55] --> Character went to shop
[istanrelired: 12.10.2021, 03:12:07] --> pukefibari appeared
[istanrelired: 12.10.2021, 03:12:17] --> pukefibari appeared
[istanrelired: 12.10.2021, 03:12:22] --> Character was kicked from the bot, reason: Character was walking
[istanrelired: 12.10.2021, 03:12:41] --> karains1 appeared
[istanrelired: 12.10.2021, 03:12:42] --> cakofarupele appeared
[istanrelired: 12.10.2021, 03:13:30] --> Character was kicked from the bot, reason: Character was walking
[istanrelired: 12.10.2021, 03:13:34] --> vehakobize appeared
[istanrelired: 12.10.2021, 03:13:51] --> Character was kicked from the bot, reason: Character was walking
[istanrelired: 12.10.2021, 03:13:56] --> covurizifuwi appeared
[istanrelired: 12.10.2021, 03:15:03] --> covurizifuwi appeared
[istanrelired: 12.10.2021, 03:15:21] --> covurizifuwi appeared
[istanrelired: 12.10.2021, 03:16:28] --> covurizifuwi appeared
[istanrelired: 12.10.2021, 03:16:42] --> covurizifuwi appeared
[istanrelired: 12.10.2021, 03:16:47] --> covurizifuwi appeared
[istanrelired: 12.10.2021, 03:17:37] --> covurizifuwi appeared
[istanrelired: 12.10.2021, 03:17:52] --> covurizifuwi appeared
[istanrelired: 12.10.2021, 03:18:06] --> covurizifuwi appeared
[istanrelired: 12.10.2021, 03:18:58] --> covurizifuwi appeared
[istanrelired: 12.10.2021, 03:19:03] --> covurizifuwi appeared
[istanrelired: 12.10.2021, 03:19:15] --> covurizifuwi appeared
[istanrelired: 12.10.2021, 03:19:17] --> covurizifuwi appeared
[istanrelired: 12.10.2021, 03:20:26] --> covurizifuwi appeared
[istanrelired: 12.10.2021, 03:20:40] --> covurizifuwi appeared
[istanrelired: 12.10.2021, 03:21:36] --> covurizifuwi appeared
[istanrelired: 12.10.2021, 03:21:53] --> covurizifuwi appeared
[istanrelired: 12.10.2021, 03:22:44] --> covurizifuwi appeared
[istanrelired: 12.10.2021, 03:23:00] --> covurizifuwi appeared
[istanrelired: 12.10.2021, 03:24:10] --> covurizifuwi appeared
[istanrelired: 12.10.2021, 03:24:23] --> covurizifuwi appeared
[istanrelired: 12.10.2021, 03:25:30] --> ruhimudozi appeared
[istanrelired: 12.10.2021, 03:27:22] --> ruhimudozi appeared
[istanrelired: 12.10.2021, 03:28:11] --> ruhimudozi appeared
[istanrelired: 12.10.2021, 03:28:28] --> ruhimudozi appeared
[istanrelired: 12.10.2021, 03:29:32] --> ruhimudozi appeared
[istanrelired: 12.10.2021, 03:29:34] --> ruhimudozi appeared
[istanrelired: 12.10.2021, 03:29:49] --> ruhimudozi appeared
[istanrelired: 12.10.2021, 03:30:45] --> ruhimudozi appeared
[istanrelired: 12.10.2021, 03:30:59] --> ruhimudozi appeared
[istanrelired: 12.10.2021, 03:32:10] --> ruhimudozi appeared
[istanrelired: 12.10.2021, 03:32:22] --> ruhimudozi appeared
[istanrelired: 12.10.2021, 03:33:34] --> ruhimudozi appeared
[istanrelired: 12.10.2021, 03:34:43] --> ruhimudozi appeared
[istanrelired: 12.10.2021, 03:34:57] --> ruhimudozi appeared
[istanrelired: 12.10.2021, 03:35:01] --> ruhimudozi appeared
[istanrelired: 12.10.2021, 03:35:50] --> ruhimudozi appeared
[istanrelired: 12.10.2021, 03:36:36] --> ruhimudozi appeared
[istanrelired: 12.10.2021, 03:36:50] --> ruhimudozi appeared
[istanrelired: 12.10.2021, 03:38:00] --> ruhimudozi appeared
[istanrelired: 12.10.2021, 03:39:24] --> ruhimudozi appeared
[istanrelired: 12.10.2021, 03:40:51] --> ruhimudozi appeared
[istanrelired: 12.10.2021, 03:42:02] --> mucuzezuketu appeared
[istanrelired: 12.10.2021, 03:42:22] --> mucuzezuketu appeared
[istanrelired: 12.10.2021, 03:43:04] --> ruhimudozi appeared
[istanrelired: 12.10.2021, 03:44:31] --> ruhimudozi appeared
[istanrelired: 12.10.2021, 03:45:39] --> ruhimudozi appeared
[istanrelired: 12.10.2021, 03:45:57] --> ruhimudozi appeared
[istanrelired: 12.10.2021, 03:47:10] --> ruhimudozi appeared
[istanrelired: 12.10.2021, 03:47:58] --> Char changed: 5 dragon cors collected, total cor count: 15
[istanrelired: 12.10.2021, 03:47:59] --> Character was kicked from the bot, reason: Changing character
[istanrelired: 12.10.2021, 03:48:05] --> ruhimudozi appeared
[werisaertf:   12.10.2021, 03:48:09] --> Time passed, now going to talk to alchemist: werisaertf
[werisaertf:   12.10.2021, 03:48:09] --> Character went to Alchemist
[werisaertf:   12.10.2021, 03:48:10] --> Character went to shop
[werisaertf:   12.10.2021, 03:48:12] --> ruhimudozi appeared
[werisaertf:   12.10.2021, 03:49:23] --> Bot successfully started
[werisaertf:   12.10.2021, 03:49:29] --> Time passed, now going to talk to alchemist: werisaertf
[werisaertf:   12.10.2021, 03:49:29] --> Character went to Alchemist
[werisaertf:   12.10.2021, 03:49:29] --> Character went to shop
[werisaertf:   12.10.2021, 03:49:37] --> Character was kicked from the bot, reason: Character was walking
[werisaertf:   12.10.2021, 03:49:50] --> zalabotufiwa appeared
[werisaertf:   12.10.2021, 03:50:37] --> Character was kicked from the bot, reason: Character was walking
[werisaertf:   12.10.2021, 03:51:07] --> Character was kicked from the bot, reason: Character was walking
[werisaertf:   12.10.2021, 03:51:32] --> Character was kicked from the bot, reason: Character was walking
[werisaertf:   12.10.2021, 03:51:37] --> ruhimudozi appeared
[werisaertf:   12.10.2021, 03:55:32] --> Bot successfully started
[werisaertf:   12.10.2021, 03:55:32] --> vizorukugu appeared
[werisaertf:   12.10.2021, 03:57:27] --> vizorukugu appeared
[werisaertf:   12.10.2021, 03:58:56] --> ruhimudozi appeared
[werisaertf:   12.10.2021, 04:00:21] --> ruhimudozi appeared
[werisaertf:   12.10.2021, 04:05:29] --> ruhimudozi appeared
[werisaertf:   12.10.2021, 04:08:20] --> kabipilururi appeared
[werisaertf:   12.10.2021, 04:08:23] --> vizorukugu appeared
[werisaertf:   12.10.2021, 04:09:30] --> vizorukugu appeared
[werisaertf:   12.10.2021, 04:09:45] --> vizorukugu appeared
[werisaertf:   12.10.2021, 04:10:40] --> vizorukugu appeared
[werisaertf:   12.10.2021, 04:12:04] --> vizorukugu appeared
[werisaertf:   12.10.2021, 04:12:48] --> pivikeparet appeared
[werisaertf:   12.10.2021, 04:13:58] --> pivikeparet appeared
[werisaertf:   12.10.2021, 04:14:10] --> kabipilururi appeared
[werisaertf:   12.10.2021, 04:17:52] --> kabipilururi appeared
[werisaertf:   12.10.2021, 04:23:01] --> zarerehaco appeared
[werisaertf:   12.10.2021, 04:28:10] --> zarerehaco appeared
[werisaertf:   12.10.2021, 04:30:36] --> Char changed: 5 dragon cors collected, total cor count: 15
[werisaertf:   12.10.2021, 04:30:36] --> Character was kicked from the bot, reason: Changing character
[werisaertf:   12.10.2021, 04:31:09] --> pivikeparet appeared
[limersorimm:  12.10.2021, 04:31:14] --> Time passed, now going to talk to alchemist: limersorimm
[limersorimm:  12.10.2021, 04:31:14] --> Character went to Alchemist
[limersorimm:  12.10.2021, 04:31:14] --> Character went to shop
[limersorimm:  12.10.2021, 04:31:43] --> Character was kicked from the bot, reason: Character was walking
[limersorimm:  12.10.2021, 04:31:49] --> niruzobire appeared
[limersorimm:  12.10.2021, 04:32:41] --> povibahafa appeared
[limersorimm:  12.10.2021, 04:33:30] --> Character was kicked from the bot, reason: Character was walking
[limersorimm:  12.10.2021, 04:33:54] --> Character was kicked from the bot, reason: Character was walking
[limersorimm:  12.10.2021, 04:33:58] --> zarerehaco appeared
[limersorimm:  12.10.2021, 04:38:55] --> Bot successfully started
[limersorimm:  12.10.2021, 04:38:55] --> zarerehaco appeared
[limersorimm:  12.10.2021, 04:39:48] --> zarerehaco appeared
[limersorimm:  12.10.2021, 04:46:21] --> zarerehaco appeared
[limersorimm:  12.10.2021, 04:47:48] --> pivikeparet appeared
[limersorimm:  12.10.2021, 04:48:56] --> pivikeparet appeared
[limersorimm:  12.10.2021, 04:49:11] --> pivikeparet appeared
[limersorimm:  12.10.2021, 04:51:28] --> bapulocazano appeared
[limersorimm:  12.10.2021, 04:51:30] --> pivikeparet appeared
[limersorimm:  12.10.2021, 04:52:55] --> pivikeparet appeared
[limersorimm:  12.10.2021, 04:54:18] --> pivikeparet appeared
[limersorimm:  12.10.2021, 04:54:22] --> pivikeparet appeared
[limersorimm:  12.10.2021, 04:55:28] --> pivikeparet appeared
[limersorimm:  12.10.2021, 04:56:40] --> bapulocazano appeared
[limersorimm:  12.10.2021, 04:58:04] --> bapulocazano appeared
[limersorimm:  12.10.2021, 04:59:31] --> bapulocazano appeared
[limersorimm:  12.10.2021, 05:04:39] --> bapulocazano appeared
[limersorimm:  12.10.2021, 05:09:46] --> bapulocazano appeared
[limersorimm:  12.10.2021, 05:11:09] --> kabipilururi appeared
[limersorimm:  12.10.2021, 05:12:19] --> bapulocazano appeared
[limersorimm:  12.10.2021, 05:13:07] --> mifasuzibak appeared
[limersorimm:  12.10.2021, 05:13:24] --> kabipilururi appeared
[limersorimm:  12.10.2021, 05:13:40] --> mifasuzibak appeared
[limersorimm:  12.10.2021, 05:16:42] --> Char changed: 5 dragon cors collected, total cor count: 15
[limersorimm:  12.10.2021, 05:16:42] --> Character was kicked from the bot, reason: Changing character
[serdaerqw11:  12.10.2021, 05:16:53] --> Time passed, now going to talk to alchemist: serdaerqw11
[serdaerqw11:  12.10.2021, 05:16:53] --> Character went to Alchemist
[serdaerqw11:  12.10.2021, 05:16:53] --> Character went to shop
[serdaerqw11:  12.10.2021, 05:17:08] --> wisukodukof appeared
[serdaerqw11:  12.10.2021, 05:17:22] --> Character was kicked from the bot, reason: Character was walking
[serdaerqw11:  12.10.2021, 05:17:27] --> niruzobire appeared
[serdaerqw11:  12.10.2021, 05:18:17] --> keradizohek appeared
[serdaerqw11:  12.10.2021, 05:18:32] --> Character was kicked from the bot, reason: Character was walking
[serdaerqw11:  12.10.2021, 05:19:28] --> Bot successfully started
[serdaerqw11:  12.10.2021, 05:19:28] --> wisukodukof appeared
[serdaerqw11:  12.10.2021, 05:20:06] --> Character was kicked from the bot, reason: Character was walking
[serdaerqw11:  12.10.2021, 05:20:11] --> mifasuzibak appeared
[serdaerqw11:  12.10.2021, 05:24:14] --> Bot successfully started
[serdaerqw11:  12.10.2021, 05:24:14] --> mifasuzibak appeared
[serdaerqw11:  12.10.2021, 05:33:46] --> mifasuzibak appeared
[serdaerqw11:  12.10.2021, 05:34:02] --> mifasuzibak appeared
[serdaerqw11:  12.10.2021, 05:34:15] --> mifasuzibak appeared
[serdaerqw11:  12.10.2021, 05:35:11] --> mifasuzibak appeared
[serdaerqw11:  12.10.2021, 05:35:25] --> mifasuzibak appeared
[serdaerqw11:  12.10.2021, 05:41:01] --> wupufezifezu appeared
[serdaerqw11:  12.10.2021, 05:41:15] --> wupufezifezu appeared
[serdaerqw11:  12.10.2021, 05:42:24] --> kabipilururi appeared
[serdaerqw11:  12.10.2021, 05:42:26] --> wupufezifezu appeared
[serdaerqw11:  12.10.2021, 05:44:17] --> rovahicofef appeared
[serdaerqw11:  12.10.2021, 05:59:18] --> Char changed: 5 dragon cors collected, total cor count: 15
[serdaerqw11:  12.10.2021, 05:59:19] --> Character was kicked from the bot, reason: Changing character
[asdertilret:  12.10.2021, 05:59:24] --> rovahicofef appeared
[asdertilret:  12.10.2021, 05:59:29] --> Time passed, now going to talk to alchemist: asdertilret
[asdertilret:  12.10.2021, 05:59:29] --> Character went to Alchemist
[asdertilret:  12.10.2021, 05:59:30] --> Character went to shop
[asdertilret:  12.10.2021, 05:59:59] --> Character was kicked from the bot, reason: Character was walking
[asdertilret:  12.10.2021, 06:00:05] --> niruzobire appeared
[asdertilret:  12.10.2021, 06:00:39] --> niruzobire appeared
[asdertilret:  12.10.2021, 06:01:08] --> Character was kicked from the bot, reason: Character was walking
[asdertilret:  12.10.2021, 06:01:33] --> Character was kicked from the bot, reason: Character was walking
[asdertilret:  12.10.2021, 06:01:36] --> rovahicofef appeared
[asdertilret:  12.10.2021, 06:03:07] --> Bot successfully started
[asdertilret:  12.10.2021, 06:03:07] --> rovahicofef appeared
[asdertilret:  12.10.2021, 06:15:05] --> puhabedimofo appeared
[asdertilret:  12.10.2021, 06:15:48] --> puhabedimofo appeared
[asdertilret:  12.10.2021, 06:16:25] --> rivegizabo appeared
[asdertilret:  12.10.2021, 06:16:35] --> rivegizabo appeared
[asdertilret:  12.10.2021, 06:17:56] --> rivegizabo appeared
[asdertilret:  12.10.2021, 06:18:52] --> rivegizabo appeared
[asdertilret:  12.10.2021, 06:19:06] --> rivegizabo appeared
[asdertilret:  12.10.2021, 06:20:18] --> rivegizabo appeared
[asdertilret:  12.10.2021, 06:21:26] --> rivegizabo appeared
[asdertilret:  12.10.2021, 06:21:40] --> rivegizabo appeared
[asdertilret:  12.10.2021, 06:21:45] --> rivegizabo appeared
[asdertilret:  12.10.2021, 06:22:35] --> rivegizabo appeared
[asdertilret:  12.10.2021, 06:22:50] --> rivegizabo appeared
[asdertilret:  12.10.2021, 06:24:00] --> rivegizabo appeared
[asdertilret:  12.10.2021, 06:24:14] --> rivegizabo appeared
[asdertilret:  12.10.2021, 06:25:10] --> rivegizabo appeared
[asdertilret:  12.10.2021, 06:25:25] --> puhabedimofo appeared
[asdertilret:  12.10.2021, 06:26:34] --> rivegizabo appeared
[asdertilret:  12.10.2021, 06:27:44] --> rivegizabo appeared
[asdertilret:  12.10.2021, 06:27:57] --> rivegizabo appeared
[asdertilret:  12.10.2021, 06:28:49] --> Bot terminated: 5 dragon cors collected, total cor count: 15
[asdertilret:  12.10.2021, 11:28:59] --> Bot successfully started
[asdertilret:  12.10.2021, 11:29:00] --> awersst appeared
[asdertilret:  12.10.2021, 11:29:07] --> Character was kicked from the bot, reason: Changing character
[istanrelired: 12.10.2021, 11:29:18] --> Character was kicked from the bot, reason: Changing character
[asdertilret:  12.10.2021, 11:29:30] --> Character was kicked from the bot, reason: Changing character
[istanrelired: 12.10.2021, 11:29:43] --> Character was kicked from the bot, reason: Changing character
[werisaertf:   12.10.2021, 11:30:24] --> Character was kicked from the bot, reason: Changing character
[istanrelired: 12.10.2021, 11:30:34] --> Character was kicked from the bot, reason: Character was walking
[istanrelired: 12.10.2021, 11:30:43] --> Character was kicked from the bot, reason: Character was walking
[istanrelired: 12.10.2021, 11:30:47] --> folusacati appeared
[istanrelired: 12.10.2021, 11:31:04] --> Character was kicked from the bot, reason: Character was walking
[istanrelired: 12.10.2021, 11:31:19] --> Character was kicked from the bot, reason: Changing character
[istanrelired: 12.10.2021, 11:31:22] --> gepavuvofez appeared
[limersorimm:  12.10.2021, 11:31:34] --> Character was kicked from the bot, reason: Character was walking
[limersorimm:  12.10.2021, 11:31:43] --> Character was kicked from the bot, reason: Character was walking
[limersorimm:  12.10.2021, 11:31:47] --> famibikubu appeared
[limersorimm:  12.10.2021, 11:32:01] --> Character was kicked from the bot, reason: Character was walking
[limersorimm:  12.10.2021, 11:32:20] --> Character was kicked from the bot, reason: Changing character
[limersorimm:  12.10.2021, 11:32:23] --> kocusafokib appeared
[serdaerqw11:  12.10.2021, 11:32:29] --> Character was kicked from the bot, reason: Character was walking
[serdaerqw11:  12.10.2021, 11:32:33] --> vekihuzutacu appeared
[serdaerqw11:  12.10.2021, 11:32:38] --> Character was kicked from the bot, reason: Character was walking
[serdaerqw11:  12.10.2021, 11:32:56] --> Character was kicked from the bot, reason: Character was walking
[serdaerqw11:  12.10.2021, 11:33:12] --> uufsarrt appeared
[asdertilret:  12.10.2021, 11:33:19] --> Character was kicked from the bot, reason: Character was walking
[asdertilret:  12.10.2021, 11:33:22] --> zowibimesib appeared
[asdertilret:  12.10.2021, 11:33:28] --> Character was kicked from the bot, reason: Character was walking
[asdertilret:  12.10.2021, 11:33:47] --> Character was kicked from the bot, reason: Character was walking
[asdertilret:  12.10.2021, 11:33:56] --> rowibabuweko appeared
[werisaertf:   12.10.2021, 11:34:22] --> Character was kicked from the bot, reason: Character was walking
[werisaertf:   12.10.2021, 11:34:42] --> Character was kicked from the bot, reason: Character was walking
[werisaertf:   12.10.2021, 11:34:47] --> cozubetakug appeared
[werisaertf:   12.10.2021, 11:35:21] --> FitzFarseer appeared
[werisaertf:   12.10.2021, 11:35:23] --> Changing into CH2
[istanrelired: 13.10.2021, 03:11:46] --> Bot successfully started
[istanrelired: 13.10.2021, 03:11:46] --> riferocetuwa appeared
[istanrelired: 13.10.2021, 03:11:52] --> Time passed, now going to talk to alchemist: istanrelired
[istanrelired: 13.10.2021, 03:11:52] --> Character went to Alchemist
[istanrelired: 13.10.2021, 03:11:52] --> Character went to shop
[istanrelired: 13.10.2021, 03:12:14] --> gomubofazasa appeared
[istanrelired: 13.10.2021, 03:12:20] --> tubopagiza appeared
[istanrelired: 13.10.2021, 03:12:22] --> gomubofazasa appeared
[istanrelired: 13.10.2021, 03:12:30] --> gomubofazasa appeared
[istanrelired: 13.10.2021, 03:12:35] --> Character was kicked from the bot, reason: Character was walking
[istanrelired: 13.10.2021, 03:13:25] --> tetesabova appeared
[istanrelired: 13.10.2021, 03:13:31] --> vowudazofebi appeared
[istanrelired: 13.10.2021, 03:13:43] --> Character was kicked from the bot, reason: Character was walking
[istanrelired: 13.10.2021, 03:13:46] --> dokolusinut appeared
[istanrelired: 13.10.2021, 03:13:51] --> rifizotikuvo appeared
[istanrelired: 13.10.2021, 03:14:05] --> Character was kicked from the bot, reason: Character was walking
[istanrelired: 13.10.2021, 03:14:16] --> Character was kicked from the bot, reason: Character was walking
[istanrelired: 13.10.2021, 03:14:19] --> covurizifuwi appeared
[istanrelired: 13.10.2021, 03:14:48] --> covurizifuwi appeared
[istanrelired: 13.10.2021, 03:15:03] --> covurizifuwi appeared
[istanrelired: 13.10.2021, 03:16:13] --> covurizifuwi appeared
[istanrelired: 13.10.2021, 03:17:23] --> covurizifuwi appeared
[istanrelired: 13.10.2021, 03:17:36] --> covurizifuwi appeared
[istanrelired: 13.10.2021, 03:22:17] --> Bot successfully started
[istanrelired: 13.10.2021, 03:22:18] --> covurizifuwi appeared
[istanrelired: 13.10.2021, 03:31:53] --> covurizifuwi appeared
[istanrelired: 13.10.2021, 03:33:19] --> cagorawedaku appeared
[istanrelired: 13.10.2021, 03:38:09] --> covurizifuwi appeared
[istanrelired: 13.10.2021, 03:48:45] --> vizorukugu appeared
[istanrelired: 13.10.2021, 03:48:59] --> vizorukugu appeared
[istanrelired: 13.10.2021, 03:52:42] --> vizorukugu appeared
[istanrelired: 13.10.2021, 03:58:24] --> Char changed: 5 dragon cors collected, total cor count: 5
[istanrelired: 13.10.2021, 03:58:24] --> Character was kicked from the bot, reason: Changing character
[werisaertf:   13.10.2021, 03:58:37] --> Time passed, now going to talk to alchemist: werisaertf
[werisaertf:   13.10.2021, 03:58:37] --> Character went to Alchemist
[werisaertf:   13.10.2021, 03:58:37] --> Character went to shop
[werisaertf:   13.10.2021, 03:59:09] --> Character was kicked from the bot, reason: Character was walking
[werisaertf:   13.10.2021, 03:59:35] --> Character was kicked from the bot, reason: Character was walking
[werisaertf:   13.10.2021, 03:59:41] --> ruhimudozi appeared
[werisaertf:   13.10.2021, 03:59:48] --> Character got kick
[werisaertf:   13.10.2021, 03:59:52] --> ruhimudozi appeared
[werisaertf:   13.10.2021, 04:00:22] --> ruhimudozi appeared
[werisaertf:   13.10.2021, 04:01:47] --> kabipilururi appeared
[werisaertf:   13.10.2021, 04:12:05] --> ruhimudozi appeared
[werisaertf:   13.10.2021, 04:22:17] --> rowobazato appeared
[werisaertf:   13.10.2021, 04:23:52] --> Character died
[werisaertf:   13.10.2021, 04:26:05] --> pivikeparet appeared
[werisaertf:   13.10.2021, 04:26:19] --> pivikeparet appeared
[werisaertf:   13.10.2021, 04:27:15] --> pivikeparet appeared
[werisaertf:   13.10.2021, 04:27:30] --> pivikeparet appeared
[werisaertf:   13.10.2021, 04:28:19] --> zarerehaco appeared
[werisaertf:   13.10.2021, 04:34:33] --> Char changed: 5 dragon cors collected, total cor count: 5
[werisaertf:   13.10.2021, 04:34:33] --> Character was kicked from the bot, reason: Changing character
[werisaertf:   13.10.2021, 04:35:05] --> pivikeparet appeared
[limersorimm:  13.10.2021, 04:35:10] --> Time passed, now going to talk to alchemist: limersorimm
[limersorimm:  13.10.2021, 04:35:10] --> Character went to Alchemist
[limersorimm:  13.10.2021, 04:35:10] --> Character went to shop
[limersorimm:  13.10.2021, 04:35:39] --> Character was kicked from the bot, reason: Character was walking
[limersorimm:  13.10.2021, 04:36:22] --> wagokuzikure appeared
[limersorimm:  13.10.2021, 04:36:44] --> wagokuzikure appeared
[limersorimm:  13.10.2021, 04:36:50] --> Character was kicked from the bot, reason: Character was walking
[limersorimm:  13.10.2021, 04:37:07] --> wagokuzikure appeared
[limersorimm:  13.10.2021, 04:37:13] --> Character was kicked from the bot, reason: Character was walking
[limersorimm:  13.10.2021, 04:44:12] --> Bot successfully started
[limersorimm:  13.10.2021, 04:44:12] --> pivikeparet appeared
[limersorimm:  13.10.2021, 04:44:59] --> Character died
[limersorimm:  13.10.2021, 04:56:53] --> pahugufeva appeared
[limersorimm:  13.10.2021, 04:57:10] --> zarerehaco appeared
[limersorimm:  13.10.2021, 05:04:09] --> vububoverem appeared
[limersorimm:  13.10.2021, 05:09:47] --> Char changed: 5 dragon cors collected, total cor count: 5
[limersorimm:  13.10.2021, 05:09:47] --> Character was kicked from the bot, reason: Changing character
[serdaerqw11:  13.10.2021, 05:09:57] --> Time passed, now going to talk to alchemist: serdaerqw11
[serdaerqw11:  13.10.2021, 05:09:57] --> Character went to Alchemist
[serdaerqw11:  13.10.2021, 05:09:57] --> Character went to shop
[serdaerqw11:  13.10.2021, 05:10:26] --> Character was kicked from the bot, reason: Character was walking
[serdaerqw11:  13.10.2021, 05:10:33] --> hislerimyok appeared
[serdaerqw11:  13.10.2021, 05:10:56] --> ranupuforuvi appeared
[serdaerqw11:  13.10.2021, 05:11:24] --> tizowerelira appeared
[serdaerqw11:  13.10.2021, 05:12:25] --> Bot successfully started
[serdaerqw11:  13.10.2021, 05:12:34] --> Character was kicked from the bot, reason: Character was walking
[serdaerqw11:  13.10.2021, 05:13:46] --> Bot successfully started
[serdaerqw11:  13.10.2021, 05:14:27] --> Character was kicked from the bot, reason: Character was walking
[serdaerqw11:  13.10.2021, 05:14:31] --> bapulocazano appeared
[serdaerqw11:  13.10.2021, 05:17:51] --> Bot successfully started
[serdaerqw11:  13.10.2021, 05:17:51] --> mifasuzibak appeared
[serdaerqw11:  13.10.2021, 05:19:43] --> Character died
[serdaerqw11:  13.10.2021, 05:22:27] --> bapulocazano appeared
[serdaerqw11:  13.10.2021, 05:27:48] --> mifasuzibak appeared
[serdaerqw11:  13.10.2021, 05:56:46] --> Char changed: 5 dragon cors collected, total cor count: 5
[serdaerqw11:  13.10.2021, 05:56:46] --> Character was kicked from the bot, reason: Changing character
[asdertilret:  13.10.2021, 05:56:56] --> Time passed, now going to talk to alchemist: asdertilret
[asdertilret:  13.10.2021, 05:56:56] --> Character went to Alchemist
[asdertilret:  13.10.2021, 05:56:57] --> Character went to shop
[asdertilret:  13.10.2021, 05:57:24] --> Character was kicked from the bot, reason: Character was walking
[asdertilret:  13.10.2021, 05:58:33] --> Character was kicked from the bot, reason: Character was walking
[asdertilret:  13.10.2021, 05:58:56] --> Character was kicked from the bot, reason: Character was walking
[asdertilret:  13.10.2021, 05:59:08] --> Character was kicked from the bot, reason: Character was walking
[asdertilret:  13.10.2021, 05:59:12] --> gasewovima appeared
[asdertilret:  13.10.2021, 06:05:15] --> Bot successfully started
[asdertilret:  13.10.2021, 06:05:16] --> wupufezifezu appeared
[asdertilret:  13.10.2021, 06:09:17] --> wupufezifezu appeared
[asdertilret:  13.10.2021, 06:10:41] --> wupufezifezu appeared
[asdertilret:  13.10.2021, 06:13:01] --> wupufezifezu appeared
[asdertilret:  13.10.2021, 06:13:16] --> wupufezifezu appeared
[asdertilret:  13.10.2021, 06:18:09] --> wupufezifezu appeared
[asdertilret:  13.10.2021, 06:21:39] --> wupufezifezu appeared
[asdertilret:  13.10.2021, 06:21:53] --> wupufezifezu appeared
[asdertilret:  13.10.2021, 06:22:07] --> vububoverem appeared
[asdertilret:  13.10.2021, 06:22:21] --> Character died
[asdertilret:  13.10.2021, 06:23:16] --> wupufezifezu appeared
[asdertilret:  13.10.2021, 06:25:51] --> wupufezifezu appeared
[asdertilret:  13.10.2021, 06:26:05] --> wupufezifezu appeared
[asdertilret:  13.10.2021, 06:29:49] --> wupufezifezu appeared
[asdertilret:  13.10.2021, 06:30:28] --> Bot terminated: 5 dragon cors collected, total cor count: 5
[istanrelired: 14.10.2021, 03:12:09] --> Bot successfully started
[istanrelired: 14.10.2021, 03:12:09] --> covurizifuwi appeared
[istanrelired: 14.10.2021, 03:12:14] --> logegapopeko appeared
[istanrelired: 14.10.2021, 03:12:15] --> Time passed, now going to talk to alchemist: istanrelired
[istanrelired: 14.10.2021, 03:12:15] --> Character went to Alchemist: istanrelired
[istanrelired: 14.10.2021, 03:12:28] --> wisukodukof appeared
[istanrelired: 14.10.2021, 03:12:42] --> Character was kicked from the bot, reason: Character was walking
[istanrelired: 14.10.2021, 03:12:47] --> covurizifuwi appeared
[istanrelired: 14.10.2021, 03:13:17] --> Character was kicked from the bot, reason: Character was walking
[istanrelired: 14.10.2021, 03:13:40] --> Character was kicked from the bot, reason: Character was walking
[istanrelired: 14.10.2021, 03:13:43] --> covurizifuwi appeared
[istanrelired: 14.10.2021, 03:16:15] --> covurizifuwi appeared
[istanrelired: 14.10.2021, 03:16:28] --> covurizifuwi appeared
[istanrelired: 14.10.2021, 03:17:39] --> covurizifuwi appeared
[istanrelired: 14.10.2021, 03:17:52] --> covurizifuwi appeared
[istanrelired: 14.10.2021, 03:18:07] --> covurizifuwi appeared
[istanrelired: 14.10.2021, 03:36:22] --> Character died
[istanrelired: 14.10.2021, 03:39:01] --> Bot successfully started
[istanrelired: 14.10.2021, 03:39:01] --> vizorukugu appeared
[istanrelired: 14.10.2021, 04:08:00] --> Char changed: No dragon cors and shards collected since 30 minutes
[istanrelired: 14.10.2021, 04:08:00] --> Character was kicked from the bot, reason: Changing character
[istanrelired: 14.10.2021, 04:08:07] --> kavokipoke appeared
[werisaertf:   14.10.2021, 04:08:12] --> Time passed, now going to talk to alchemist: werisaertf
[werisaertf:   14.10.2021, 04:08:12] --> Character went to Alchemist: werisaertf
[werisaertf:   14.10.2021, 04:08:40] --> Character was kicked from the bot, reason: Character was walking
[werisaertf:   14.10.2021, 04:08:45] --> letabuvive appeared
[werisaertf:   14.10.2021, 04:09:15] --> Character was kicked from the bot, reason: Character was walking
[werisaertf:   14.10.2021, 04:09:40] --> Character was kicked from the bot, reason: Character was walking
[werisaertf:   14.10.2021, 04:09:43] --> ruhimudozi appeared
[werisaertf:   14.10.2021, 04:27:59] --> zarerehaco appeared
[werisaertf:   14.10.2021, 04:35:10] --> kavokipoke appeared
[werisaertf:   14.10.2021, 04:36:54] --> mucuzezuketu appeared
[werisaertf:   14.10.2021, 04:37:29] --> zarerehaco appeared
[werisaertf:   14.10.2021, 04:38:36] --> pivikeparet appeared
[werisaertf:   14.10.2021, 04:40:14] --> pivikeparet appeared
[werisaertf:   14.10.2021, 04:41:37] --> pivikeparet appeared
[werisaertf:   14.10.2021, 04:41:52] --> pivikeparet appeared
[werisaertf:   14.10.2021, 04:43:02] --> zarerehaco appeared
[werisaertf:   14.10.2021, 04:43:16] --> rowobazato appeared
[werisaertf:   14.10.2021, 04:44:25] --> pivikeparet appeared
[werisaertf:   14.10.2021, 04:44:40] --> pivikeparet appeared
[werisaertf:   14.10.2021, 04:50:53] --> Char changed: 5 dragon cors collected, total cor count: 10
[werisaertf:   14.10.2021, 04:50:53] --> Character was kicked from the bot, reason: Changing character
[limersorimm:  14.10.2021, 04:51:03] --> Time passed, now going to talk to alchemist: limersorimm
[limersorimm:  14.10.2021, 04:51:03] --> Character went to Alchemist: limersorimm
[limersorimm:  14.10.2021, 04:51:30] --> Character was kicked from the bot, reason: Character was walking
[limersorimm:  14.10.2021, 04:52:06] --> Character was kicked from the bot, reason: Character was walking
[limersorimm:  14.10.2021, 04:52:30] --> Character was kicked from the bot, reason: Character was walking
[limersorimm:  14.10.2021, 04:52:34] --> bapulocazano appeared
[limersorimm:  14.10.2021, 04:56:27] --> bapulocazano appeared
[limersorimm:  14.10.2021, 04:56:41] --> bapulocazano appeared
[limersorimm:  14.10.2021, 05:17:28] --> bapulocazano appeared
[limersorimm:  14.10.2021, 05:20:40] --> Char changed: 5 dragon cors collected, total cor count: 10
[limersorimm:  14.10.2021, 05:20:40] --> Character was kicked from the bot, reason: Changing character
[serdaerqw11:  14.10.2021, 05:20:50] --> Time passed, now going to talk to alchemist: serdaerqw11
[serdaerqw11:  14.10.2021, 05:20:50] --> Character went to Alchemist: serdaerqw11
[serdaerqw11:  14.10.2021, 05:21:17] --> Character was kicked from the bot, reason: Character was walking
[serdaerqw11:  14.10.2021, 05:21:37] --> wisukodukof appeared
[serdaerqw11:  14.10.2021, 05:21:54] --> Character was kicked from the bot, reason: Character was walking
[serdaerqw11:  14.10.2021, 05:21:59] --> boropovima appeared
[serdaerqw11:  14.10.2021, 05:22:18] --> Character was kicked from the bot, reason: Character was walking
[serdaerqw11:  14.10.2021, 05:22:21] --> mifasuzibak appeared
[serdaerqw11:  14.10.2021, 05:31:57] --> mifasuzibak appeared
[serdaerqw11:  14.10.2021, 05:32:11] --> mifasuzibak appeared
[serdaerqw11:  14.10.2021, 05:36:24] --> mifasuzibak appeared
[serdaerqw11:  14.10.2021, 05:56:04] --> Char changed: 5 dragon cors collected, total cor count: 10
[serdaerqw11:  14.10.2021, 05:56:04] --> Character was kicked from the bot, reason: Changing character
[asdertilret:  14.10.2021, 05:56:14] --> Time passed, now going to talk to alchemist: asdertilret
[asdertilret:  14.10.2021, 05:56:14] --> Character went to Alchemist: asdertilret
[asdertilret:  14.10.2021, 05:56:26] --> witazafibu appeared
[asdertilret:  14.10.2021, 05:56:42] --> Character was kicked from the bot, reason: Character was walking
[asdertilret:  14.10.2021, 05:57:18] --> Character was kicked from the bot, reason: Character was walking
[asdertilret:  14.10.2021, 05:57:42] --> wupufezifezu appeared
[asdertilret:  14.10.2021, 05:57:44] --> Character was kicked from the bot, reason: Character was walking
[asdertilret:  14.10.2021, 05:57:47] --> mifasuzibak appeared
[asdertilret:  14.10.2021, 06:24:10] --> rovahicofef appeared
[asdertilret:  14.10.2021, 06:24:26] --> rovahicofef appeared
[asdertilret:  14.10.2021, 06:35:53] --> Bot terminated: 5 dragon cors collected, total cor count: 10
[istanrelired: 15.10.2021, 03:11:46] --> Bot successfully started
[istanrelired: 15.10.2021, 03:11:50] --> 8successes04 appeared
[istanrelired: 15.10.2021, 03:11:53] --> Character went to saleswoman
[istanrelired: 15.10.2021, 03:12:07] --> wisukodukof appeared
[istanrelired: 15.10.2021, 03:12:09] --> Character was kicked from the bot, reason: Character was walking
[istanrelired: 15.10.2021, 03:12:17] --> wisukodukof appeared
[istanrelired: 15.10.2021, 03:12:36] --> Time passed, now going to talk to alchemist: istanrelired
[istanrelired: 15.10.2021, 03:12:36] --> Character went to Alchemist: istanrelired
[istanrelired: 15.10.2021, 03:12:43] --> Character was kicked from the bot, reason: Character was walking
[istanrelired: 15.10.2021, 03:12:55] --> Character was kicked from the bot, reason: Character was walking
[istanrelired: 15.10.2021, 03:12:59] --> hislerimyok appeared
[istanrelired: 15.10.2021, 03:13:29] --> Character was kicked from the bot, reason: Character was walking
[istanrelired: 15.10.2021, 03:13:54] --> Character was kicked from the bot, reason: Character was walking
[istanrelired: 15.10.2021, 03:13:56] --> 8successes04 appeared
[istanrelired: 15.10.2021, 03:14:03] --> 8successes04 appeared
[istanrelired: 15.10.2021, 03:15:17] --> 8successes04 appeared
[istanrelired: 15.10.2021, 03:17:34] --> 8successes04 appeared
[istanrelired: 15.10.2021, 03:17:40] --> 8successes04 appeared
[istanrelired: 15.10.2021, 03:18:03] --> 8successes04 appeared
[istanrelired: 15.10.2021, 03:18:21] --> cisetugaco appeared
[istanrelired: 15.10.2021, 03:19:32] --> 8successes04 appeared
[istanrelired: 15.10.2021, 03:19:53] --> 8successes04 appeared
[istanrelired: 15.10.2021, 03:20:05] --> 8successes04 appeared
[istanrelired: 15.10.2021, 03:20:27] --> cisetugaco appeared
[istanrelired: 15.10.2021, 03:20:50] --> cisetugaco appeared
[istanrelired: 15.10.2021, 03:21:33] --> 8successes04 appeared
[istanrelired: 15.10.2021, 03:22:03] --> 8successes04 appeared
[istanrelired: 15.10.2021, 03:24:07] --> 8successes04 appeared
[istanrelired: 15.10.2021, 03:24:22] --> 8successes04 appeared
[istanrelired: 15.10.2021, 03:24:27] --> cisetugaco appeared
[istanrelired: 15.10.2021, 03:24:52] --> 8successes04 appeared
[istanrelired: 15.10.2021, 03:25:37] --> 8successes04 appeared
[istanrelired: 15.10.2021, 03:25:59] --> 8successes04 appeared
[istanrelired: 15.10.2021, 03:26:09] --> 8successes04 appeared
[istanrelired: 15.10.2021, 03:26:31] --> cisetugaco appeared
[istanrelired: 15.10.2021, 03:26:39] --> 8successes04 appeared
[istanrelired: 15.10.2021, 03:26:54] --> 8successes04 appeared
[istanrelired: 15.10.2021, 03:27:39] --> 8successes04 appeared
[istanrelired: 15.10.2021, 03:28:02] --> 8successes04 appeared
[istanrelired: 15.10.2021, 03:28:09] --> 8successes04 appeared
[istanrelired: 15.10.2021, 03:30:26] --> 8successes04 appeared
[istanrelired: 15.10.2021, 03:30:32] --> 8successes04 appeared
[istanrelired: 15.10.2021, 03:30:56] --> 8successes04 appeared
[istanrelired: 15.10.2021, 03:31:08] --> cisetugaco appeared
[istanrelired: 15.10.2021, 03:31:42] --> 8successes04 appeared
[istanrelired: 15.10.2021, 03:32:03] --> 8successes04 appeared
[istanrelired: 15.10.2021, 03:32:26] --> 8successes04 appeared
[istanrelired: 15.10.2021, 03:32:47] --> 8successes04 appeared
[istanrelired: 15.10.2021, 03:33:42] --> Bot successfully started
[istanrelired: 15.10.2021, 03:33:42] --> 8successes04 appeared
[istanrelired: 15.10.2021, 03:34:05] --> 8successes04 appeared
[istanrelired: 15.10.2021, 03:34:11] --> 8successes04 appeared
[istanrelired: 15.10.2021, 03:36:27] --> 8successes04 appeared
[istanrelired: 15.10.2021, 03:36:57] --> 8successes04 appeared
[istanrelired: 15.10.2021, 03:37:13] --> cisetugaco appeared
[istanrelired: 15.10.2021, 03:37:21] --> 8successes04 appeared
[istanrelired: 15.10.2021, 03:37:43] --> 8successes04 appeared
[istanrelired: 15.10.2021, 03:38:00] --> cisetugaco appeared
[istanrelired: 15.10.2021, 03:39:09] --> Bot successfully started
[istanrelired: 15.10.2021, 03:39:09] --> 8successes04 appeared
[istanrelired: 15.10.2021, 03:39:14] --> 8successes04 appeared
[istanrelired: 15.10.2021, 03:39:29] --> cisetugaco appeared
[istanrelired: 15.10.2021, 03:39:45] --> 8successes04 appeared
[istanrelired: 15.10.2021, 03:40:30] --> 8successes04 appeared
[istanrelired: 15.10.2021, 03:41:01] --> 8successes04 appeared
[istanrelired: 15.10.2021, 03:41:17] --> 8successes04 appeared
[istanrelired: 15.10.2021, 03:45:29] --> Char changed: 5 dragon cors collected, total cor count: 13
[istanrelired: 15.10.2021, 03:45:30] --> Character was kicked from the bot, reason: Changing character
[werisaertf:   15.10.2021, 03:45:39] --> Time passed, now going to talk to alchemist: werisaertf
[werisaertf:   15.10.2021, 03:45:39] --> Character went to Alchemist: werisaertf
[werisaertf:   15.10.2021, 03:46:06] --> Character was kicked from the bot, reason: Character was walking
[werisaertf:   15.10.2021, 03:46:18] --> ziposaculu appeared
[werisaertf:   15.10.2021, 03:46:38] --> ziposaculu appeared
[werisaertf:   15.10.2021, 03:46:42] --> Character was kicked from the bot, reason: Character was walking
[werisaertf:   15.10.2021, 03:46:57] --> ziposaculu appeared
[werisaertf:   15.10.2021, 03:47:05] --> Character was kicked from the bot, reason: Character was walking
[werisaertf:   15.10.2021, 03:58:17] --> vizorukugu appeared
[werisaertf:   15.10.2021, 04:01:07] --> covurizifuwi appeared
[werisaertf:   15.10.2021, 04:04:36] --> Bot successfully started
[werisaertf:   15.10.2021, 04:04:36] --> 0installer12 appeared
[werisaertf:   15.10.2021, 04:34:34] --> Char changed: 5 dragon cors collected, total cor count: 15
[werisaertf:   15.10.2021, 04:34:34] --> Character was kicked from the bot, reason: Changing character
[limersorimm:  15.10.2021, 04:34:44] --> Time passed, now going to talk to alchemist: limersorimm
[limersorimm:  15.10.2021, 04:34:44] --> Character went to Alchemist: limersorimm
[limersorimm:  15.10.2021, 04:35:11] --> Character was kicked from the bot, reason: Character was walking
[limersorimm:  15.10.2021, 04:35:49] --> Character was kicked from the bot, reason: Character was walking
[limersorimm:  15.10.2021, 04:36:12] --> Character was kicked from the bot, reason: Character was walking
[limersorimm:  15.10.2021, 04:36:16] --> vizorukugu appeared
[limersorimm:  15.10.2021, 04:38:43] --> rowobazato appeared
[limersorimm:  15.10.2021, 04:39:06] --> 0installer12 appeared
[limersorimm:  15.10.2021, 04:39:29] --> 0installer12 appeared
[limersorimm:  15.10.2021, 04:40:47] --> zarerehaco appeared
[limersorimm:  15.10.2021, 04:45:14] --> ruhimudozi appeared
[limersorimm:  15.10.2021, 04:45:30] --> kabipilururi appeared
[limersorimm:  15.10.2021, 05:11:38] --> Char changed: 5 dragon cors collected, total cor count: 15
[limersorimm:  15.10.2021, 05:11:38] --> Character was kicked from the bot, reason: Changing character
[serdaerqw11:  15.10.2021, 05:11:48] --> Time passed, now going to talk to alchemist: serdaerqw11
[serdaerqw11:  15.10.2021, 05:11:48] --> Character went to Alchemist: serdaerqw11
[serdaerqw11:  15.10.2021, 05:12:16] --> Character was kicked from the bot, reason: Character was walking
[serdaerqw11:  15.10.2021, 05:12:54] --> Character was kicked from the bot, reason: Character was walking
[serdaerqw11:  15.10.2021, 05:13:17] --> Character was kicked from the bot, reason: Character was walking
[serdaerqw11:  15.10.2021, 05:13:20] --> 2strongest25 appeared
[serdaerqw11:  15.10.2021, 05:28:26] --> Talking to Alchemist again, no dragon cors and shards collected since (time): serdaerqw11
[serdaerqw11:  15.10.2021, 05:28:26] --> Character went to Alchemist: serdaerqw11
[serdaerqw11:  15.10.2021, 05:28:41] --> wisukodukof appeared
[serdaerqw11:  15.10.2021, 05:28:54] --> Character was kicked from the bot, reason: Character was walking
[serdaerqw11:  15.10.2021, 05:29:11] --> cabivabeko appeared
[serdaerqw11:  15.10.2021, 05:29:30] --> Character was kicked from the bot, reason: Character was walking
[serdaerqw11:  15.10.2021, 05:29:38] --> cabivabeko appeared
[serdaerqw11:  15.10.2021, 05:29:50] --> cabivabeko appeared
[serdaerqw11:  15.10.2021, 05:29:54] --> Character was kicked from the bot, reason: Character was walking
[serdaerqw11:  15.10.2021, 05:40:14] --> ruhimudozi appeared
[serdaerqw11:  15.10.2021, 05:43:43] --> Bot successfully started
[serdaerqw11:  15.10.2021, 05:43:44] --> bapulocazano appeared
[serdaerqw11:  15.10.2021, 05:57:43] --> nasupidiwo appeared
[serdaerqw11:  15.10.2021, 06:00:07] --> Char changed: 5 dragon cors collected, total cor count: 15
[serdaerqw11:  15.10.2021, 06:00:08] --> Character was kicked from the bot, reason: Changing character
[asdertilret:  15.10.2021, 06:00:17] --> Time passed, now going to talk to alchemist: asdertilret
[asdertilret:  15.10.2021, 06:00:17] --> Character went to Alchemist: asdertilret
[asdertilret:  15.10.2021, 06:00:22] --> pivikeparet appeared
[asdertilret:  15.10.2021, 06:00:44] --> Character was kicked from the bot, reason: Character was walking
[asdertilret:  15.10.2021, 06:01:20] --> Character was kicked from the bot, reason: Character was walking
[asdertilret:  15.10.2021, 06:01:43] --> Character was kicked from the bot, reason: Character was walking
[asdertilret:  15.10.2021, 06:01:47] --> pivikeparet appeared
[asdertilret:  15.10.2021, 06:04:17] --> pivikeparet appeared
[asdertilret:  15.10.2021, 06:05:41] --> bapulocazano appeared
[asdertilret:  15.10.2021, 06:19:10] --> Bot successfully started
[asdertilret:  15.10.2021, 06:19:10] --> 2cambridge33 appeared
[asdertilret:  15.10.2021, 06:32:02] --> Bot terminated: 5 dragon cors collected, total cor count: 15
[asdertilret:  15.10.2021, 09:44:20] --> Bot successfully started
[asdertilret:  15.10.2021, 09:44:25] --> dozopusizo appeared
[asdertilret:  15.10.2021, 09:46:04] --> dozopusizo appeared
[asdertilret:  15.10.2021, 09:46:21] --> dozopusizo appeared
[asdertilret:  15.10.2021, 09:46:52] --> dozopusizo appeared
[asdertilret:  15.10.2021, 09:47:10] --> Character was kicked from the bot, reason: Changing character
[istanrelired: 15.10.2021, 09:47:18] --> dozopusizo appeared
[istanrelired: 15.10.2021, 09:47:48] --> dozopusizo appeared
[istanrelired: 15.10.2021, 09:48:22] --> dozopusizo appeared
[istanrelired: 15.10.2021, 09:49:18] --> dozopusizo appeared
[istanrelired: 15.10.2021, 09:50:09] --> Character was kicked from the bot, reason: Character was walking
[istanrelired: 15.10.2021, 09:50:17] --> kabosuzivuki appeared
[istanrelired: 15.10.2021, 09:54:10] --> Character was kicked from the bot, reason: Changing character
[istanrelired: 15.10.2021, 09:54:15] --> dozopusizo appeared
[werisaertf:   15.10.2021, 09:54:47] --> Character was kicked from the bot, reason: Character was walking
[werisaertf:   15.10.2021, 09:56:10] --> Character was kicked from the bot, reason: Changing character
[werisaertf:   15.10.2021, 09:56:13] --> dozopusizo appeared
[limersorimm:  15.10.2021, 09:56:25] --> dozopusizo appeared
[limersorimm:  15.10.2021, 09:56:48] --> Character was kicked from the bot, reason: Character was walking
[limersorimm:  15.10.2021, 09:58:25] --> Character was kicked from the bot, reason: Changing character
[limersorimm:  15.10.2021, 09:58:30] --> dozopusizo appeared
[serdaerqw11:  15.10.2021, 09:58:41] --> dozopusizo appeared
[serdaerqw11:  15.10.2021, 09:58:55] --> rarofezileka appeared
[serdaerqw11:  15.10.2021, 09:59:01] --> Character was kicked from the bot, reason: Character was walking
[serdaerqw11:  15.10.2021, 10:00:22] --> Character was kicked from the bot, reason: Changing character
[serdaerqw11:  15.10.2021, 10:00:26] --> dozopusizo appeared
[asdertilret:  15.10.2021, 10:00:54] --> dozopusizo appeared
[asdertilret:  15.10.2021, 10:01:01] --> rarofezileka appeared
[asdertilret:  15.10.2021, 10:01:07] --> Character was kicked from the bot, reason: Character was walking
[asdertilret:  15.10.2021, 10:04:57] --> Bot successfully started
[asdertilret:  15.10.2021, 10:08:48] --> Character died
[asdertilret:  15.10.2021, 10:12:11] --> Character was kicked from the bot, reason: Changing character
[istanrelired: 15.10.2021, 10:12:24] --> Character was kicked from the bot, reason: Changing character
[asdertilret:  15.10.2021, 10:12:35] --> Character was kicked from the bot, reason: Changing character
[werisaertf:   15.10.2021, 10:13:13] --> Character was kicked from the bot, reason: Character was walking
[werisaertf:   15.10.2021, 10:13:27] --> Character was kicked from the bot, reason: Character was walking
[werisaertf:   15.10.2021, 10:14:19] --> konuvurene appeared
[werisaertf:   15.10.2021, 10:14:45] --> ribucazibi appeared
[werisaertf:   15.10.2021, 10:15:19] --> mokoritazek appeared
[werisaertf:   15.10.2021, 10:15:47] --> Changing into CH2
[werisaertf:   15.10.2021, 10:15:55] --> zerlorenpr appeared
[istanrelired: 16.10.2021, 04:20:38] --> Bot successfully started
[istanrelired: 16.10.2021, 04:20:44] --> Time passed, now going to talk to alchemist: istanrelired
[istanrelired: 16.10.2021, 04:20:44] --> Character went to Alchemist: istanrelired
[istanrelired: 16.10.2021, 04:21:02] --> Character was kicked from the bot, reason: Character was walking
[istanrelired: 16.10.2021, 04:21:38] --> Character was kicked from the bot, reason: Character was walking
[istanrelired: 16.10.2021, 04:22:02] --> Character was kicked from the bot, reason: Character was walking
[istanrelired: 16.10.2021, 04:22:05] --> pomifatifaba appeared
[istanrelired: 16.10.2021, 04:22:31] --> latipidanop appeared
[istanrelired: 16.10.2021, 04:22:46] --> cobizizira appeared
[istanrelired: 16.10.2021, 04:23:12] --> latipidanop appeared
[istanrelired: 16.10.2021, 04:23:24] --> pomifatifaba appeared
[istanrelired: 16.10.2021, 04:23:47] --> lakutuhegu appeared
[istanrelired: 16.10.2021, 04:24:17] --> pomifatifaba appeared
[istanrelired: 16.10.2021, 04:24:40] --> pomifatifaba appeared
[istanrelired: 16.10.2021, 04:25:09] --> lakutuhegu appeared
[istanrelired: 16.10.2021, 04:25:12] --> latipidanop appeared
[istanrelired: 16.10.2021, 04:25:55] --> latipidanop appeared
[istanrelired: 16.10.2021, 04:27:55] --> latipidanop appeared
[istanrelired: 16.10.2021, 04:28:34] --> latipidanop appeared
[istanrelired: 16.10.2021, 04:29:17] --> latipidanop appeared
[istanrelired: 16.10.2021, 04:31:20] --> latipidanop appeared
[istanrelired: 16.10.2021, 04:31:57] --> kizizezokib appeared
[istanrelired: 16.10.2021, 04:33:19] --> kizizezokib appeared
[istanrelired: 16.10.2021, 04:33:59] --> kizizezokib appeared
[istanrelired: 16.10.2021, 04:34:42] --> kizizezokib appeared
[istanrelired: 16.10.2021, 04:36:43] --> kizizezokib appeared
[istanrelired: 16.10.2021, 04:37:25] --> kizizezokib appeared
[istanrelired: 16.10.2021, 04:38:05] --> kizizezokib appeared
[istanrelired: 16.10.2021, 04:40:01] --> Bot successfully started
[istanrelired: 16.10.2021, 04:40:54] --> cobizizira appeared
[istanrelired: 16.10.2021, 04:41:50] --> kizizezokib appeared
[istanrelired: 16.10.2021, 04:42:32] --> kizizezokib appeared
[istanrelired: 16.10.2021, 04:45:12] --> kizizezokib appeared
[istanrelired: 16.10.2021, 04:45:53] --> kizizezokib appeared
[istanrelired: 16.10.2021, 04:47:54] --> kizizezokib appeared
[istanrelired: 16.10.2021, 04:48:35] --> kizizezokib appeared
[istanrelired: 16.10.2021, 04:50:38] --> kizizezokib appeared
[istanrelired: 16.10.2021, 04:51:18] --> kizizezokib appeared
[istanrelired: 16.10.2021, 04:53:19] --> kizizezokib appeared
[istanrelired: 16.10.2021, 04:54:02] --> kizizezokib appeared
[istanrelired: 16.10.2021, 04:56:44] --> kizizezokib appeared
[istanrelired: 16.10.2021, 05:00:47] --> kizizezokib appeared
[istanrelired: 16.10.2021, 05:01:28] --> kizizezokib appeared
[istanrelired: 16.10.2021, 05:01:46] --> cobizizira appeared
[istanrelired: 16.10.2021, 05:02:48] --> komefekopava appeared
[istanrelired: 16.10.2021, 05:04:24] --> cobizizira appeared
[istanrelired: 16.10.2021, 05:04:34] --> cobizizira appeared
[istanrelired: 16.10.2021, 05:04:42] --> cobizizira appeared
[istanrelired: 16.10.2021, 05:05:33] --> komefekopava appeared
[istanrelired: 16.10.2021, 05:06:13] --> komefekopava appeared
[istanrelired: 16.10.2021, 05:08:14] --> komefekopava appeared
[istanrelired: 16.10.2021, 05:08:55] --> komefekopava appeared
[istanrelired: 16.10.2021, 05:09:57] --> Char changed: 5 dragon cors collected, total cor count: 5
[istanrelired: 16.10.2021, 05:09:58] --> Character was kicked from the bot, reason: Changing character
[werisaertf:   16.10.2021, 05:10:09] --> Time passed, now going to talk to alchemist: werisaertf
[werisaertf:   16.10.2021, 05:10:09] --> Character went to Alchemist: werisaertf
[werisaertf:   16.10.2021, 05:10:11] --> viripevasuz appeared
[werisaertf:   16.10.2021, 05:10:39] --> Character was kicked from the bot, reason: Character was walking
[werisaertf:   16.10.2021, 05:11:03] --> Character was kicked from the bot, reason: Character was walking
[werisaertf:   16.10.2021, 05:11:41] --> samapagibo appeared
[werisaertf:   16.10.2021, 05:12:52] --> komefekopava appeared
[werisaertf:   16.10.2021, 05:13:34] --> komefekopava appeared
[werisaertf:   16.10.2021, 05:14:39] --> samapagibo appeared
[werisaertf:   16.10.2021, 05:15:34] --> komefekopava appeared
[werisaertf:   16.10.2021, 05:16:14] --> komefekopava appeared
[werisaertf:   16.10.2021, 05:17:08] --> samapagibo appeared
[werisaertf:   16.10.2021, 05:17:11] --> samapagibo appeared
[werisaertf:   16.10.2021, 05:18:59] --> komefekopava appeared
[werisaertf:   16.10.2021, 05:19:37] --> komefekopava appeared
[werisaertf:   16.10.2021, 05:19:53] --> samapagibo appeared
[werisaertf:   16.10.2021, 05:28:07] --> samapagibo appeared
[werisaertf:   16.10.2021, 05:28:43] --> pomifatifaba appeared
[werisaertf:   16.10.2021, 05:30:01] --> pomifatifaba appeared
[werisaertf:   16.10.2021, 05:32:46] --> pomifatifaba appeared
[werisaertf:   16.10.2021, 05:33:52] --> havezawirok appeared
[werisaertf:   16.10.2021, 05:36:10] --> samapagibo appeared
[werisaertf:   16.10.2021, 05:36:17] --> samapagibo appeared
[werisaertf:   16.10.2021, 05:38:16] --> samapagibo appeared
[werisaertf:   16.10.2021, 05:40:12] --> samapagibo appeared
[werisaertf:   16.10.2021, 05:40:16] --> samapagibo appeared
[werisaertf:   16.10.2021, 05:42:13] --> Char changed: 5 dragon cors collected, total cor count: 5
[werisaertf:   16.10.2021, 05:42:13] --> Character was kicked from the bot, reason: Changing character
[werisaertf:   16.10.2021, 05:42:45] --> wisukodukof appeared
[limersorimm:  16.10.2021, 05:42:50] --> Time passed, now going to talk to alchemist: limersorimm
[limersorimm:  16.10.2021, 05:42:50] --> Character went to Alchemist: limersorimm
[limersorimm:  16.10.2021, 05:43:08] --> Character was kicked from the bot, reason: Character was walking
[limersorimm:  16.10.2021, 05:43:45] --> Character was kicked from the bot, reason: Character was walking
[limersorimm:  16.10.2021, 05:44:10] --> Character was kicked from the bot, reason: Character was walking
[limersorimm:  16.10.2021, 05:48:31] --> samapagibo appeared
[limersorimm:  16.10.2021, 05:49:42] --> samapagibo appeared
[limersorimm:  16.10.2021, 05:53:48] --> Bot successfully started
[limersorimm:  16.10.2021, 05:53:48] --> samapagibo appeared
[limersorimm:  16.10.2021, 05:54:03] --> samapagibo appeared
[limersorimm:  16.10.2021, 05:54:52] --> samapagibo appeared
[limersorimm:  16.10.2021, 05:55:30] --> samapagibo appeared
[limersorimm:  16.10.2021, 05:56:17] --> samapagibo appeared
[limersorimm:  16.10.2021, 06:01:44] --> hetaguzifatu appeared
[limersorimm:  16.10.2021, 06:05:07] --> samapagibo appeared
[limersorimm:  16.10.2021, 06:10:35] --> samapagibo appeared
[limersorimm:  16.10.2021, 06:13:42] --> Character went to saleswoman
[limersorimm:  16.10.2021, 06:13:45] --> modapekeron appeared
[limersorimm:  16.10.2021, 06:13:50] --> Character got kick
[limersorimm:  16.10.2021, 06:14:26] --> Character was kicked from the bot, reason: Character was walking
[limersorimm:  16.10.2021, 06:14:30] --> wisukodukof appeared
[limersorimm:  16.10.2021, 06:15:00] --> Character was kicked from the bot, reason: Character was walking
[limersorimm:  16.10.2021, 06:15:24] --> Character was kicked from the bot, reason: Character was walking
[limersorimm:  16.10.2021, 06:20:48] --> kuzadepuhupu appeared
[limersorimm:  16.10.2021, 06:20:59] --> Char changed: 5 dragon cors collected, total cor count: 5
[limersorimm:  16.10.2021, 06:20:59] --> Character was kicked from the bot, reason: Changing character
[limersorimm:  16.10.2021, 06:21:05] --> wisukodukof appeared
[serdaerqw11:  16.10.2021, 06:21:12] --> Character went to saleswoman
[serdaerqw11:  16.10.2021, 06:21:43] --> Time passed, now going to talk to alchemist: serdaerqw11
[serdaerqw11:  16.10.2021, 06:21:43] --> Character went to Alchemist: serdaerqw11
[serdaerqw11:  16.10.2021, 06:21:51] --> Character was kicked from the bot, reason: Character was walking
[serdaerqw11:  16.10.2021, 06:22:03] --> Character was kicked from the bot, reason: Character was walking
[serdaerqw11:  16.10.2021, 06:22:37] --> Character was kicked from the bot, reason: Character was walking
[serdaerqw11:  16.10.2021, 06:22:42] --> wisukodukof appeared
[serdaerqw11:  16.10.2021, 06:23:17] --> Character was kicked from the bot, reason: Character was walking
[serdaerqw11:  16.10.2021, 06:40:20] --> kuzadepuhupu appeared
[serdaerqw11:  16.10.2021, 06:41:00] --> kokalihazipi appeared
[serdaerqw11:  16.10.2021, 06:41:04] --> kokalihazipi appeared
[serdaerqw11:  16.10.2021, 06:42:57] --> kuzadepuhupu appeared
[serdaerqw11:  16.10.2021, 06:47:02] --> kuzadepuhupu appeared
[serdaerqw11:  16.10.2021, 06:49:05] --> kuzadepuhupu appeared
[serdaerqw11:  16.10.2021, 06:50:29] --> kuzadepuhupu appeared
[serdaerqw11:  16.10.2021, 06:51:18] --> kuzadepuhupu appeared
[serdaerqw11:  16.10.2021, 07:04:26] --> Char changed: 5 dragon cors collected, total cor count: 5
[serdaerqw11:  16.10.2021, 07:04:26] --> Character was kicked from the bot, reason: Changing character
[asdertilret:  16.10.2021, 07:04:39] --> Character went to saleswoman
[asdertilret:  16.10.2021, 07:05:10] --> Time passed, now going to talk to alchemist: asdertilret
[asdertilret:  16.10.2021, 07:05:10] --> Character went to Alchemist: asdertilret
[asdertilret:  16.10.2021, 07:05:17] --> Character was kicked from the bot, reason: Character was walking
[asdertilret:  16.10.2021, 07:05:30] --> Character was kicked from the bot, reason: Character was walking
[asdertilret:  16.10.2021, 07:06:06] --> Character was kicked from the bot, reason: Character was walking
[asdertilret:  16.10.2021, 07:06:30] --> Character was kicked from the bot, reason: Character was walking
[asdertilret:  16.10.2021, 07:09:11] --> Character died
[asdertilret:  16.10.2021, 07:13:01] --> modapekeron appeared
[asdertilret:  16.10.2021, 07:28:17] --> Bot successfully started
[asdertilret:  16.10.2021, 07:43:17] --> vupapuzike appeared
[asdertilret:  16.10.2021, 07:43:29] --> rivuvarawose appeared
[asdertilret:  16.10.2021, 07:44:22] --> vupapuzike appeared
[asdertilret:  16.10.2021, 07:45:07] --> vupapuzike appeared
[asdertilret:  16.10.2021, 07:45:41] --> Bot terminated: 5 dragon cors collected, total cor count: 5
[asdertilret:  16.10.2021, 19:04:52] --> Bot successfully started
[asdertilret:  16.10.2021, 19:04:52] --> zuwufukipogo appeared
[asdertilret:  16.10.2021, 19:06:46] --> cusobilaze appeared
[asdertilret:  16.10.2021, 19:17:19] --> zuwufukipogo appeared
[asdertilret:  16.10.2021, 19:23:42] --> kavokipoke appeared
[asdertilret:  16.10.2021, 19:33:36] --> kavokipoke appeared
[asdertilret:  16.10.2021, 19:35:43] --> kavokipoke appeared
[asdertilret:  16.10.2021, 19:37:49] --> kavokipoke appeared
[asdertilret:  16.10.2021, 19:39:54] --> kavokipoke appeared
[asdertilret:  16.10.2021, 19:47:39] --> Character was kicked from the bot, reason: Changing character
[asdertilret:  16.10.2021, 19:48:08] --> puzikacabube appeared
[istanrelired: 16.10.2021, 19:48:37] --> puzikacabube appeared
[istanrelired: 16.10.2021, 19:49:17] --> puzikacabube appeared
[istanrelired: 16.10.2021, 19:49:35] --> Character was kicked from the bot, reason: Character was walking
[istanrelired: 16.10.2021, 19:49:39] --> wisukodukof appeared
[istanrelired: 16.10.2021, 19:51:24] --> Character was kicked from the bot, reason: Changing character
[istanrelired: 16.10.2021, 19:51:29] --> kavokipoke appeared
[werisaertf:   16.10.2021, 19:51:58] --> Character was kicked from the bot, reason: Character was walking
[werisaertf:   16.10.2021, 19:52:08] --> Character was kicked from the bot, reason: Character was walking
[werisaertf:   16.10.2021, 19:52:30] --> wisukodukof appeared
[werisaertf:   16.10.2021, 19:52:51] --> Character was kicked from the bot, reason: Changing character
[werisaertf:   16.10.2021, 19:52:55] --> kavokipoke appeared
[limersorimm:  16.10.2021, 19:53:58] --> Character was kicked from the bot, reason: Character was walking
[limersorimm:  16.10.2021, 19:54:02] --> wisukodukof appeared
[limersorimm:  16.10.2021, 19:54:45] --> Character was kicked from the bot, reason: Changing character
[werisaertf:   16.10.2021, 19:55:22] --> wisukodukof appeared
[werisaertf:   16.10.2021, 19:55:31] --> Character was kicked from the bot, reason: Changing character
[serdaerqw11:  16.10.2021, 19:55:53] --> Character was kicked from the bot, reason: Character was walking
[serdaerqw11:  16.10.2021, 19:56:02] --> Character was kicked from the bot, reason: Character was walking
[serdaerqw11:  16.10.2021, 19:56:05] --> wisukodukof appeared
[serdaerqw11:  16.10.2021, 19:58:31] --> wisukodukof appeared
[serdaerqw11:  16.10.2021, 19:58:40] --> Character was kicked from the bot, reason: Changing character
[asdertilret:  16.10.2021, 19:58:47] --> puzikacabube appeared
[asdertilret:  16.10.2021, 19:59:01] --> Character was kicked from the bot, reason: Character was walking
[asdertilret:  16.10.2021, 19:59:10] --> Character was kicked from the bot, reason: Character was walking
[asdertilret:  16.10.2021, 19:59:14] --> wisukodukof appeared
