[sikifotufic:  09.10.2021, 21:47:55] --> Bot successfully started
[sikifotufic:  10.10.2021, 09:04:04] --> Bot successfully started
[sikifotufic:  10.10.2021, 09:04:10] --> hepuhudosim appeared
[sikifotufic:  10.10.2021, 09:04:26] --> Time passed, now going to talk to alchemist: sikifotufic
[sikifotufic:  10.10.2021, 09:04:26] --> Character went to Alchemist
[sikifotufic:  10.10.2021, 09:04:27] --> Character went to shop
[sikifotufic:  10.10.2021, 09:04:57] --> Character was kicked from the bot, reason: Character was walking
[sikifotufic:  10.10.2021, 09:05:21] --> Character was kicked from the bot, reason: Character was walking
[sikifotufic:  10.10.2021, 09:05:53] --> bubepacicezo appeared
[sikifotufic:  10.10.2021, 09:06:00] --> kompersre11 appeared
[sikifotufic:  10.10.2021, 09:06:44] --> kompersre11 appeared
[sikifotufic:  10.10.2021, 09:07:04] --> kompersre11 appeared
[sikifotufic:  10.10.2021, 09:07:27] --> kompersre11 appeared
[sikifotufic:  10.10.2021, 09:07:48] --> kompersre11 appeared
[sikifotufic:  10.10.2021, 09:09:16] --> kompersre11 appeared
[sikifotufic:  10.10.2021, 09:10:22] --> kompersre11 appeared
[sikifotufic:  10.10.2021, 09:22:28] --> Bot successfully started
[sikifotufic:  10.10.2021, 09:22:28] --> zufilicuwo appeared
[sikifotufic:  10.10.2021, 09:34:34] --> Char changed: 5 dragon cors collected, total cor count: 5
[sikifotufic:  10.10.2021, 09:34:34] --> Character was kicked from the bot, reason: Changing character
[huzorikufe:   10.10.2021, 09:34:44] --> Time passed, now going to talk to alchemist: huzorikufe
[huzorikufe:   10.10.2021, 09:34:44] --> Character went to Alchemist
[huzorikufe:   10.10.2021, 09:34:44] --> Character went to shop
[huzorikufe:   10.10.2021, 09:35:12] --> Character was kicked from the bot, reason: Character was walking
[huzorikufe:   10.10.2021, 09:35:34] --> sagizuzimup appeared
[huzorikufe:   10.10.2021, 09:36:21] --> Character was kicked from the bot, reason: Character was walking
[huzorikufe:   10.10.2021, 09:36:38] --> veforakami appeared
[huzorikufe:   10.10.2021, 09:36:43] --> Character was kicked from the bot, reason: Character was walking
[huzorikufe:   10.10.2021, 09:36:54] --> Character was kicked from the bot, reason: Character was walking
[huzorikufe:   10.10.2021, 09:37:00] --> komugaguva appeared
[huzorikufe:   10.10.2021, 09:37:26] --> kompersre11 appeared
[huzorikufe:   10.10.2021, 09:37:44] --> zufilicuwo appeared
[huzorikufe:   10.10.2021, 09:37:50] --> kompersre11 appeared
[huzorikufe:   10.10.2021, 09:38:12] --> kompersre11 appeared
[huzorikufe:   10.10.2021, 09:39:24] --> Bot successfully started
[huzorikufe:   10.10.2021, 09:39:24] --> kompersre11 appeared
[huzorikufe:   10.10.2021, 10:03:22] --> Char changed: 5 dragon cors collected, total cor count: 5
[huzorikufe:   10.10.2021, 10:03:23] --> Character was kicked from the bot, reason: Changing character
[lusewazivik:  10.10.2021, 10:03:34] --> Time passed, now going to talk to alchemist: lusewazivik
[lusewazivik:  10.10.2021, 10:03:34] --> Character went to Alchemist
[lusewazivik:  10.10.2021, 10:03:34] --> Character went to shop
[lusewazivik:  10.10.2021, 10:04:02] --> Character was kicked from the bot, reason: Character was walking
[lusewazivik:  10.10.2021, 10:04:07] --> pehatobizam appeared
[lusewazivik:  10.10.2021, 10:05:11] --> Character was kicked from the bot, reason: Character was walking
[lusewazivik:  10.10.2021, 10:05:28] --> gifewabupike appeared
[lusewazivik:  10.10.2021, 10:05:33] --> Character was kicked from the bot, reason: Character was walking
[lusewazivik:  10.10.2021, 10:05:45] --> Character was kicked from the bot, reason: Character was walking
[lusewazivik:  10.10.2021, 10:06:01] --> kompersre11 appeared
[lusewazivik:  10.10.2021, 10:06:23] --> kompersre11 appeared
[lusewazivik:  10.10.2021, 10:06:45] --> kompersre11 appeared
[lusewazivik:  10.10.2021, 10:07:07] --> kompersre11 appeared
[lusewazivik:  10.10.2021, 10:07:27] --> kompersre11 appeared
[lusewazivik:  10.10.2021, 10:07:30] --> kompersre11 appeared
[lusewazivik:  10.10.2021, 10:07:52] --> kompersre11 appeared
[lusewazivik:  10.10.2021, 10:08:13] --> kompersre11 appeared
[lusewazivik:  10.10.2021, 10:08:36] --> kompersre11 appeared
[lusewazivik:  10.10.2021, 10:08:57] --> kompersre11 appeared
[lusewazivik:  10.10.2021, 10:09:18] --> kompersre11 appeared
[lusewazivik:  10.10.2021, 10:10:01] --> kompersre11 appeared
[lusewazivik:  10.10.2021, 10:10:24] --> kompersre11 appeared
[lusewazivik:  10.10.2021, 10:10:43] --> marguerite appeared
[lusewazivik:  10.10.2021, 10:11:50] --> kompersre11 appeared
[lusewazivik:  10.10.2021, 10:12:13] --> kompersre11 appeared
[lusewazivik:  10.10.2021, 10:12:34] --> kompersre11 appeared
[lusewazivik:  10.10.2021, 10:12:57] --> kompersre11 appeared
[lusewazivik:  10.10.2021, 10:13:31] --> boleginukuhi appeared
[lusewazivik:  10.10.2021, 10:14:13] --> kompersre11 appeared
[lusewazivik:  10.10.2021, 10:16:15] --> kompersre11 appeared
[lusewazivik:  10.10.2021, 10:28:07] --> boleginukuhi appeared
[lusewazivik:  10.10.2021, 10:28:12] --> lampowesda appeared
[lusewazivik:  10.10.2021, 10:28:26] --> lampowesda appeared
[lusewazivik:  10.10.2021, 10:28:46] --> lampowesda appeared
[lusewazivik:  10.10.2021, 10:29:08] --> lampowesda appeared
[lusewazivik:  10.10.2021, 10:29:31] --> lampowesda appeared
[lusewazivik:  10.10.2021, 10:29:52] --> lampowesda appeared
[lusewazivik:  10.10.2021, 10:30:36] --> lampowesda appeared
[lusewazivik:  10.10.2021, 10:30:57] --> lampowesda appeared
[lusewazivik:  10.10.2021, 10:31:21] --> lampowesda appeared
[lusewazivik:  10.10.2021, 10:31:41] --> lampowesda appeared
[lusewazivik:  10.10.2021, 10:32:04] --> lampowesda appeared
[lusewazivik:  10.10.2021, 10:32:25] --> lampowesda appeared
[lusewazivik:  10.10.2021, 10:33:10] --> lampowesda appeared
[lusewazivik:  10.10.2021, 10:33:31] --> lampowesda appeared
[lusewazivik:  10.10.2021, 10:33:54] --> lampowesda appeared
[lusewazivik:  10.10.2021, 10:34:15] --> lampowesda appeared
[lusewazivik:  10.10.2021, 10:34:39] --> lampowesda appeared
[lusewazivik:  10.10.2021, 10:35:00] --> lampowesda appeared
[lusewazivik:  10.10.2021, 10:35:20] --> lampowesda appeared
[lusewazivik:  10.10.2021, 10:35:44] --> lampowesda appeared
[lusewazivik:  10.10.2021, 10:36:05] --> lampowesda appeared
[lusewazivik:  10.10.2021, 10:36:30] --> lampowesda appeared
[lusewazivik:  10.10.2021, 10:36:49] --> lampowesda appeared
[lusewazivik:  10.10.2021, 10:37:14] --> lampowesda appeared
[lusewazivik:  10.10.2021, 10:37:34] --> lampowesda appeared
[lusewazivik:  10.10.2021, 10:37:55] --> lampowesda appeared
[lusewazivik:  10.10.2021, 10:38:18] --> lampowesda appeared
[lusewazivik:  10.10.2021, 10:39:33] --> lampowesda appeared
[lusewazivik:  10.10.2021, 10:45:48] --> lampowesda appeared
[lusewazivik:  10.10.2021, 10:46:32] --> lampowesda appeared
[lusewazivik:  10.10.2021, 10:46:53] --> lampowesda appeared
[lusewazivik:  10.10.2021, 10:47:36] --> lampowesda appeared
[lusewazivik:  10.10.2021, 10:48:01] --> lampowesda appeared
[lusewazivik:  10.10.2021, 10:48:21] --> lampowesda appeared
[lusewazivik:  10.10.2021, 10:50:11] --> lampowesda appeared
[lusewazivik:  10.10.2021, 10:50:33] --> lampowesda appeared
[lusewazivik:  10.10.2021, 10:50:54] --> lampowesda appeared
[lusewazivik:  10.10.2021, 10:51:39] --> lampowesda appeared
[lusewazivik:  10.10.2021, 10:54:31] --> Bot successfully started
[lusewazivik:  10.10.2021, 10:54:32] --> lampowesda appeared
[lusewazivik:  10.10.2021, 10:54:55] --> lampowesda appeared
[lusewazivik:  10.10.2021, 10:56:01] --> lampowesda appeared
[lusewazivik:  10.10.2021, 10:56:45] --> lampowesda appeared
[lusewazivik:  10.10.2021, 10:57:00] --> Char changed: 5 dragon cors collected, total cor count: 5
[lusewazivik:  10.10.2021, 10:57:01] --> Character was kicked from the bot, reason: Changing character
[hafepovopa:   10.10.2021, 10:57:09] --> Time passed, now going to talk to alchemist: hafepovopa
[hafepovopa:   10.10.2021, 10:57:09] --> Character went to Alchemist
[hafepovopa:   10.10.2021, 10:57:10] --> Character went to shop
[hafepovopa:   10.10.2021, 10:57:39] --> Character was kicked from the bot, reason: Character was walking
[hafepovopa:   10.10.2021, 10:57:44] --> hasivapuves appeared
[hafepovopa:   10.10.2021, 10:58:33] --> borefefivol appeared
[hafepovopa:   10.10.2021, 10:58:46] --> Character was kicked from the bot, reason: Character was walking
[hafepovopa:   10.10.2021, 10:59:09] --> Character was kicked from the bot, reason: Character was walking
[hafepovopa:   10.10.2021, 10:59:13] --> gifewabupike appeared
[hafepovopa:   10.10.2021, 10:59:21] --> Character was kicked from the bot, reason: Character was walking
[hafepovopa:   10.10.2021, 10:59:33] --> lampowesda appeared
[hafepovopa:   10.10.2021, 11:00:40] --> Bot successfully started
[hafepovopa:   10.10.2021, 11:00:40] --> lampowesda appeared
[hafepovopa:   10.10.2021, 11:40:05] --> Char changed: 5 dragon cors collected, total cor count: 5
[hafepovopa:   10.10.2021, 11:40:05] --> Character was kicked from the bot, reason: Changing character
[zipokupapif:  10.10.2021, 11:40:17] --> Character went to shop
[zipokupapif:  10.10.2021, 11:40:19] --> derizipokove appeared
[zipokupapif:  10.10.2021, 11:40:34] --> Character was kicked from the bot, reason: Character was walking
[zipokupapif:  10.10.2021, 11:41:05] --> dogosamivope appeared
[zipokupapif:  10.10.2021, 11:41:45] --> Character was kicked from the bot, reason: Character was walking
[zipokupapif:  10.10.2021, 11:42:06] --> Character was kicked from the bot, reason: Character was walking
[zipokupapif:  10.10.2021, 11:42:10] --> derizipokove appeared
[zipokupapif:  10.10.2021, 11:42:15] --> Time passed, now going to talk to alchemist: zipokupapif
[zipokupapif:  10.10.2021, 11:42:15] --> Character went to Alchemist
[zipokupapif:  10.10.2021, 11:42:16] --> Character went to shop
[zipokupapif:  10.10.2021, 11:42:43] --> Character was kicked from the bot, reason: Character was walking
[zipokupapif:  10.10.2021, 11:42:48] --> zevofibeguco appeared
[zipokupapif:  10.10.2021, 11:43:12] --> lapelovopi appeared
[zipokupapif:  10.10.2021, 11:43:38] --> zimiruzawiz appeared
[zipokupapif:  10.10.2021, 11:43:52] --> Character was kicked from the bot, reason: Character was walking
[zipokupapif:  10.10.2021, 11:44:15] --> Character was kicked from the bot, reason: Character was walking
[zipokupapif:  10.10.2021, 11:44:19] --> derizipokove appeared
[zipokupapif:  10.10.2021, 11:44:27] --> Character was kicked from the bot, reason: Character was walking
[zipokupapif:  10.10.2021, 11:44:31] --> lampowesda appeared
[zipokupapif:  10.10.2021, 11:44:44] --> lampowesda appeared
[zipokupapif:  10.10.2021, 11:45:04] --> lampowesda appeared
[zipokupapif:  10.10.2021, 11:45:24] --> lampowesda appeared
[zipokupapif:  10.10.2021, 11:45:49] --> lampowesda appeared
[zipokupapif:  10.10.2021, 11:46:10] --> lampowesda appeared
[zipokupapif:  10.10.2021, 11:46:30] --> lampowesda appeared
[zipokupapif:  10.10.2021, 11:46:33] --> lampowesda appeared
[zipokupapif:  10.10.2021, 11:46:54] --> lampowesda appeared
[zipokupapif:  10.10.2021, 11:47:14] --> lampowesda appeared
[zipokupapif:  10.10.2021, 11:47:38] --> lampowesda appeared
[zipokupapif:  10.10.2021, 11:47:59] --> lampowesda appeared
[zipokupapif:  10.10.2021, 11:50:00] --> kacozogelut appeared
[zipokupapif:  10.10.2021, 11:50:42] --> amirjirepor appeared
[zipokupapif:  10.10.2021, 11:50:44] --> kacozogelut appeared
[zipokupapif:  10.10.2021, 11:50:46] --> amirjirepor appeared
[zipokupapif:  10.10.2021, 12:12:38] --> Bot successfully started
[zipokupapif:  10.10.2021, 12:12:38] --> amirjirepor appeared
[zipokupapif:  10.10.2021, 12:38:44] --> adatsx appeared
[zipokupapif:  10.10.2021, 12:38:50] --> Bot terminated: 5 dragon cors collected, total cor count: 5
[sikifotufic:  11.10.2021, 03:19:51] --> Bot successfully started
[sikifotufic:  11.10.2021, 03:19:51] --> ripefucudivo appeared
[sikifotufic:  11.10.2021, 03:19:57] --> Time passed, now going to talk to alchemist: sikifotufic
[sikifotufic:  11.10.2021, 03:19:57] --> Character went to Alchemist
[sikifotufic:  11.10.2021, 03:19:57] --> Character went to shop
[sikifotufic:  11.10.2021, 03:20:24] --> Character was kicked from the bot, reason: Character was walking
[sikifotufic:  11.10.2021, 03:21:19] --> femirazageb appeared
[sikifotufic:  11.10.2021, 03:21:33] --> Character was kicked from the bot, reason: Character was walking
[sikifotufic:  11.10.2021, 03:21:38] --> nuzupukepov appeared
[sikifotufic:  11.10.2021, 03:21:46] --> lozososago appeared
[sikifotufic:  11.10.2021, 03:21:56] --> Character was kicked from the bot, reason: Character was walking
[sikifotufic:  11.10.2021, 03:22:16] --> kompersre11 appeared
[sikifotufic:  11.10.2021, 03:22:28] --> Character was kicked from the bot, reason: MapLoading Freeze
[sikifotufic:  11.10.2021, 03:22:51] --> Character was kicked from the bot, reason: Character was walking
[sikifotufic:  11.10.2021, 03:23:15] --> Character was kicked from the bot, reason: Character was walking
[sikifotufic:  11.10.2021, 03:33:02] --> FearlJeyissR appeared
[sikifotufic:  11.10.2021, 03:33:34] --> FearlJeyissR appeared
[sikifotufic:  11.10.2021, 03:38:22] --> Bot successfully started
[sikifotufic:  11.10.2021, 03:59:45] --> Bot successfully started
[sikifotufic:  11.10.2021, 04:01:26] --> Char changed: 5 dragon cors collected, total cor count: 10
[sikifotufic:  11.10.2021, 04:01:26] --> Character was kicked from the bot, reason: Changing character
[sikifotufic:  11.10.2021, 04:01:31] --> vavuzizezisu appeared
[huzorikufe:   11.10.2021, 04:01:36] --> Time passed, now going to talk to alchemist: huzorikufe
[huzorikufe:   11.10.2021, 04:01:36] --> Character went to Alchemist
[huzorikufe:   11.10.2021, 04:01:36] --> Character went to shop
[huzorikufe:   11.10.2021, 04:02:04] --> Character was kicked from the bot, reason: Character was walking
[huzorikufe:   11.10.2021, 04:02:11] --> fahuwihigola appeared
[huzorikufe:   11.10.2021, 04:02:42] --> cikizoluwal appeared
[huzorikufe:   11.10.2021, 04:03:15] --> Character was kicked from the bot, reason: Character was walking
[huzorikufe:   11.10.2021, 04:03:37] --> Character was kicked from the bot, reason: Character was walking
[huzorikufe:   11.10.2021, 04:03:42] --> vavuzizezisu appeared
[huzorikufe:   11.10.2021, 04:04:15] --> Character was kicked from the bot, reason: Character was walking
[huzorikufe:   11.10.2021, 04:04:20] --> camamakira appeared
[huzorikufe:   11.10.2021, 04:04:41] --> Character was kicked from the bot, reason: Character was walking
[huzorikufe:   11.10.2021, 04:10:09] --> Bot successfully started
[huzorikufe:   11.10.2021, 04:30:15] --> Char changed: 5 dragon cors collected, total cor count: 10
[huzorikufe:   11.10.2021, 04:30:16] --> Character was kicked from the bot, reason: Changing character
[huzorikufe:   11.10.2021, 04:30:22] --> amirjirepor appeared
[lusewazivik:  11.10.2021, 04:30:27] --> Time passed, now going to talk to alchemist: lusewazivik
[lusewazivik:  11.10.2021, 04:30:27] --> Character went to Alchemist
[lusewazivik:  11.10.2021, 04:30:28] --> Character went to shop
[lusewazivik:  11.10.2021, 04:30:58] --> Character was kicked from the bot, reason: Character was walking
[lusewazivik:  11.10.2021, 04:32:07] --> Character was kicked from the bot, reason: Character was walking
[lusewazivik:  11.10.2021, 04:32:11] --> dogosamivope appeared
[lusewazivik:  11.10.2021, 04:32:26] --> norisubabihe appeared
[lusewazivik:  11.10.2021, 04:32:30] --> Character was kicked from the bot, reason: Character was walking
[lusewazivik:  11.10.2021, 04:32:46] --> Character was kicked from the bot, reason: Character was walking
[lusewazivik:  11.10.2021, 04:33:01] --> norisubabihe appeared
[lusewazivik:  11.10.2021, 04:33:07] --> Character was kicked from the bot, reason: Character was walking
[lusewazivik:  11.10.2021, 04:33:34] --> Character was kicked from the bot, reason: Character was walking
[lusewazivik:  11.10.2021, 04:33:45] --> Character died
[lusewazivik:  11.10.2021, 04:35:15] --> Character died
[lusewazivik:  11.10.2021, 04:39:14] --> Bot successfully started
[lusewazivik:  11.10.2021, 04:51:44] --> Character died
[lusewazivik:  11.10.2021, 05:24:06] --> Char changed: 5 dragon cors collected, total cor count: 10
[lusewazivik:  11.10.2021, 05:24:07] --> Character was kicked from the bot, reason: Changing character
[hafepovopa:   11.10.2021, 05:24:16] --> ileroretires appeared
[hafepovopa:   11.10.2021, 05:24:19] --> Character went to shop
[hafepovopa:   11.10.2021, 05:24:36] --> Character was kicked from the bot, reason: Character was walking
[hafepovopa:   11.10.2021, 05:24:42] --> dogosamivope appeared
[hafepovopa:   11.10.2021, 05:25:44] --> Character was kicked from the bot, reason: Character was walking
[hafepovopa:   11.10.2021, 05:26:07] --> Character was kicked from the bot, reason: Character was walking
[hafepovopa:   11.10.2021, 05:26:11] --> ileroretires appeared
[hafepovopa:   11.10.2021, 05:26:16] --> Time passed, now going to talk to alchemist: hafepovopa
[hafepovopa:   11.10.2021, 05:26:16] --> Character went to Alchemist
[hafepovopa:   11.10.2021, 05:26:16] --> Character went to shop
[hafepovopa:   11.10.2021, 05:26:45] --> Character was kicked from the bot, reason: Character was walking
[hafepovopa:   11.10.2021, 05:27:56] --> Character was kicked from the bot, reason: Character was walking
[hafepovopa:   11.10.2021, 05:28:19] --> Character was kicked from the bot, reason: Character was walking
[hafepovopa:   11.10.2021, 05:28:22] --> ileroretires appeared
[hafepovopa:   11.10.2021, 05:28:56] --> Character was kicked from the bot, reason: Character was walking
[hafepovopa:   11.10.2021, 05:29:07] --> borefefivol appeared
[hafepovopa:   11.10.2021, 05:29:21] --> Character was kicked from the bot, reason: Character was walking
[hafepovopa:   11.10.2021, 06:06:33] --> Char changed: 5 dragon cors collected, total cor count: 10
[hafepovopa:   11.10.2021, 06:06:33] --> Character was kicked from the bot, reason: Changing character
[hafepovopa:   11.10.2021, 06:06:39] --> iloresaderfi appeared
[zipokupapif:  11.10.2021, 06:06:45] --> Time passed, now going to talk to alchemist: zipokupapif
[zipokupapif:  11.10.2021, 06:06:45] --> Character went to Alchemist
[zipokupapif:  11.10.2021, 06:06:45] --> Character went to shop
[zipokupapif:  11.10.2021, 06:06:51] --> iloresaderfi appeared
[zipokupapif:  11.10.2021, 06:07:12] --> Character was kicked from the bot, reason: Character was walking
[zipokupapif:  11.10.2021, 06:08:08] --> puhuruzebuv appeared
[zipokupapif:  11.10.2021, 06:08:21] --> Character was kicked from the bot, reason: Character was walking
[zipokupapif:  11.10.2021, 06:08:44] --> Character was kicked from the bot, reason: Character was walking
[zipokupapif:  11.10.2021, 06:08:47] --> iloresaderfi appeared
[zipokupapif:  11.10.2021, 06:09:21] --> Character was kicked from the bot, reason: Character was walking
[zipokupapif:  11.10.2021, 06:09:47] --> Character was kicked from the bot, reason: Character was walking
[zipokupapif:  11.10.2021, 06:40:11] --> Bot terminated: 5 dragon cors collected, total cor count: 10
[sikifotufic:  12.10.2021, 03:19:52] --> Bot successfully started
[sikifotufic:  12.10.2021, 03:19:58] --> Time passed, now going to talk to alchemist: sikifotufic
[sikifotufic:  12.10.2021, 03:19:58] --> Character went to Alchemist
[sikifotufic:  12.10.2021, 03:19:58] --> Character went to shop
[sikifotufic:  12.10.2021, 03:20:16] --> Character was kicked from the bot, reason: Character was walking
[sikifotufic:  12.10.2021, 03:20:22] --> ruzuromuzak appeared
[sikifotufic:  12.10.2021, 03:21:18] --> Character was kicked from the bot, reason: Character was walking
[sikifotufic:  12.10.2021, 03:21:40] --> Character was kicked from the bot, reason: Character was walking
[sikifotufic:  12.10.2021, 03:40:25] --> Bot successfully started
[sikifotufic:  12.10.2021, 03:45:32] --> sipabifuziz appeared
[sikifotufic:  12.10.2021, 03:45:36] --> sipabifuziz appeared
[sikifotufic:  12.10.2021, 03:46:41] --> Character leveled up to level 51
[sikifotufic:  12.10.2021, 03:47:07] --> sipabifuziz appeared
[sikifotufic:  12.10.2021, 03:48:58] --> sipabifuziz appeared
[sikifotufic:  12.10.2021, 03:50:41] --> sipabifuziz appeared
[sikifotufic:  12.10.2021, 03:50:57] --> sipabifuziz appeared
[sikifotufic:  12.10.2021, 03:52:25] --> sipabifuziz appeared
[sikifotufic:  12.10.2021, 03:52:42] --> sipabifuziz appeared
[sikifotufic:  12.10.2021, 03:52:46] --> sipabifuziz appeared
[sikifotufic:  12.10.2021, 03:54:16] --> sipabifuziz appeared
[sikifotufic:  12.10.2021, 03:56:05] --> sipabifuziz appeared
[sikifotufic:  12.10.2021, 03:56:50] --> Char changed: 5 dragon cors collected, total cor count: 15
[sikifotufic:  12.10.2021, 03:56:50] --> Character was kicked from the bot, reason: Changing character
[huzorikufe:   12.10.2021, 03:57:01] --> Character went to shop
[huzorikufe:   12.10.2021, 03:57:14] --> gipupuvezob appeared
[huzorikufe:   12.10.2021, 03:57:20] --> Character was kicked from the bot, reason: Character was walking
[huzorikufe:   12.10.2021, 03:58:33] --> Character was kicked from the bot, reason: Character was walking
[huzorikufe:   12.10.2021, 03:58:38] --> gipupuvezob appeared
[huzorikufe:   12.10.2021, 03:59:25] --> Character was kicked from the bot, reason: Character was walking
[huzorikufe:   12.10.2021, 04:00:24] --> Bot successfully started
[huzorikufe:   12.10.2021, 04:00:25] --> gipupuvezob appeared
[huzorikufe:   12.10.2021, 04:00:30] --> Time passed, now going to talk to alchemist: huzorikufe
[huzorikufe:   12.10.2021, 04:00:30] --> Character went to Alchemist
[huzorikufe:   12.10.2021, 04:00:31] --> Character went to shop
[huzorikufe:   12.10.2021, 04:00:34] --> Character was kicked from the bot, reason: Character was walking
[huzorikufe:   12.10.2021, 04:01:36] --> Character was kicked from the bot, reason: Character was walking
[huzorikufe:   12.10.2021, 04:01:41] --> gipupuvezob appeared
[huzorikufe:   12.10.2021, 04:02:04] --> Character was kicked from the bot, reason: Character was walking
[huzorikufe:   12.10.2021, 04:02:56] --> pat25 appeared
[huzorikufe:   12.10.2021, 04:04:42] --> pat25 appeared
[huzorikufe:   12.10.2021, 04:06:38] --> sipabifuziz appeared
[huzorikufe:   12.10.2021, 04:06:54] --> pat25 appeared
[huzorikufe:   12.10.2021, 04:07:22] --> pat25 appeared
[huzorikufe:   12.10.2021, 04:08:28] --> sipabifuziz appeared
[huzorikufe:   12.10.2021, 04:16:13] --> sipabifuziz appeared
[huzorikufe:   12.10.2021, 04:16:40] --> sipabifuziz appeared
[huzorikufe:   12.10.2021, 04:18:38] --> Bot successfully started
[huzorikufe:   12.10.2021, 04:18:38] --> sipabifuziz appeared
[huzorikufe:   12.10.2021, 04:18:45] --> sipabifuziz appeared
[huzorikufe:   12.10.2021, 04:19:05] --> sipabifuziz appeared
[huzorikufe:   12.10.2021, 04:22:36] --> Bot successfully started
[huzorikufe:   12.10.2021, 04:23:36] --> sipabifuziz appeared
[huzorikufe:   12.10.2021, 04:23:53] --> sipabifuziz appeared
[huzorikufe:   12.10.2021, 04:25:27] --> sipabifuziz appeared
[huzorikufe:   12.10.2021, 04:25:29] --> Character got kick
[huzorikufe:   12.10.2021, 04:25:35] --> sipabifuziz appeared
[huzorikufe:   12.10.2021, 04:27:30] --> sipabifuziz appeared
[huzorikufe:   12.10.2021, 04:29:21] --> sipabifuziz appeared
[huzorikufe:   12.10.2021, 04:31:18] --> sipabifuziz appeared
[huzorikufe:   12.10.2021, 04:31:25] --> sipabifuziz appeared
[huzorikufe:   12.10.2021, 04:33:37] --> sipabifuziz appeared
[huzorikufe:   12.10.2021, 04:33:52] --> Char changed: 5 dragon cors collected, total cor count: 15
[huzorikufe:   12.10.2021, 04:33:53] --> Character was kicked from the bot, reason: Changing character
[huzorikufe:   12.10.2021, 04:33:57] --> sipabifuziz appeared
[lusewazivik:  12.10.2021, 04:34:04] --> Character went to shop
[lusewazivik:  12.10.2021, 04:34:16] --> kikerabife appeared
[lusewazivik:  12.10.2021, 04:34:23] --> Character was kicked from the bot, reason: Character was walking
[lusewazivik:  12.10.2021, 04:35:35] --> Character was kicked from the bot, reason: Character was walking
[lusewazivik:  12.10.2021, 04:35:41] --> gipupuvezob appeared
[lusewazivik:  12.10.2021, 04:35:58] --> Character was kicked from the bot, reason: Character was walking
[lusewazivik:  12.10.2021, 04:36:02] --> sipabifuziz appeared
[lusewazivik:  12.10.2021, 04:36:08] --> Time passed, now going to talk to alchemist: lusewazivik
[lusewazivik:  12.10.2021, 04:36:08] --> Character went to Alchemist
[lusewazivik:  12.10.2021, 04:36:08] --> Character went to shop
[lusewazivik:  12.10.2021, 04:36:26] --> Character was kicked from the bot, reason: Character was walking
[lusewazivik:  12.10.2021, 04:37:29] --> Character was kicked from the bot, reason: Character was walking
[lusewazivik:  12.10.2021, 04:37:35] --> gipupuvezob appeared
[lusewazivik:  12.10.2021, 04:37:54] --> Character was kicked from the bot, reason: Character was walking
[lusewazivik:  12.10.2021, 04:37:58] --> sipabifuziz appeared
[lusewazivik:  12.10.2021, 04:38:05] --> Character got kick
[lusewazivik:  12.10.2021, 04:38:17] --> Character got kick
[lusewazivik:  12.10.2021, 04:39:57] --> sipabifuziz appeared
[lusewazivik:  12.10.2021, 04:40:07] --> sipabifuziz appeared
[lusewazivik:  12.10.2021, 04:40:15] --> sipabifuziz appeared
[lusewazivik:  12.10.2021, 04:43:16] --> Bot successfully started
[lusewazivik:  12.10.2021, 04:43:16] --> sipabifuziz appeared
[lusewazivik:  12.10.2021, 04:44:50] --> sipabifuziz appeared
[lusewazivik:  12.10.2021, 04:46:40] --> sipabifuziz appeared
[lusewazivik:  12.10.2021, 04:48:28] --> sipabifuziz appeared
[lusewazivik:  12.10.2021, 04:48:46] --> sipabifuziz appeared
[lusewazivik:  12.10.2021, 04:50:16] --> sipabifuziz appeared
[lusewazivik:  12.10.2021, 04:50:35] --> sipabifuziz appeared
[lusewazivik:  12.10.2021, 04:52:05] --> sipabifuziz appeared
[lusewazivik:  12.10.2021, 04:52:25] --> sipabifuziz appeared
[lusewazivik:  12.10.2021, 04:52:48] --> Character leveled up to level 51
[lusewazivik:  12.10.2021, 04:53:54] --> sipabifuziz appeared
[lusewazivik:  12.10.2021, 04:54:12] --> sipabifuziz appeared
[lusewazivik:  12.10.2021, 04:55:41] --> sipabifuziz appeared
[lusewazivik:  12.10.2021, 04:57:32] --> sipabifuziz appeared
[lusewazivik:  12.10.2021, 04:59:23] --> sipabifuziz appeared
[lusewazivik:  12.10.2021, 05:01:14] --> sipabifuziz appeared
[lusewazivik:  12.10.2021, 05:03:08] --> sipabifuziz appeared
[lusewazivik:  12.10.2021, 05:20:28] --> sipabifuziz appeared
[lusewazivik:  12.10.2021, 05:22:05] --> sipabifuziz appeared
[lusewazivik:  12.10.2021, 05:22:32] --> sipabifuziz appeared
[lusewazivik:  12.10.2021, 05:23:56] --> sipabifuziz appeared
[lusewazivik:  12.10.2021, 05:25:46] --> sipabifuziz appeared
[lusewazivik:  12.10.2021, 05:27:35] --> sipabifuziz appeared
[lusewazivik:  12.10.2021, 05:29:22] --> sipabifuziz appeared
[lusewazivik:  12.10.2021, 05:31:14] --> sipabifuziz appeared
[lusewazivik:  12.10.2021, 05:33:12] --> Char changed: 5 dragon cors collected, total cor count: 15
[lusewazivik:  12.10.2021, 05:33:12] --> Character was kicked from the bot, reason: Changing character
[hafepovopa:   12.10.2021, 05:33:23] --> Time passed, now going to talk to alchemist: hafepovopa
[hafepovopa:   12.10.2021, 05:33:23] --> Character went to Alchemist
[hafepovopa:   12.10.2021, 05:33:23] --> Character went to shop
[hafepovopa:   12.10.2021, 05:33:35] --> gipupuvezob appeared
[hafepovopa:   12.10.2021, 05:33:41] --> Character was kicked from the bot, reason: Character was walking
[hafepovopa:   12.10.2021, 05:34:43] --> Character was kicked from the bot, reason: Character was walking
[hafepovopa:   12.10.2021, 05:34:49] --> gipupuvezob appeared
[hafepovopa:   12.10.2021, 05:35:07] --> Character was kicked from the bot, reason: Character was walking
[hafepovopa:   12.10.2021, 05:36:16] --> sipabifuziz appeared
[hafepovopa:   12.10.2021, 05:37:49] --> sipabifuziz appeared
[hafepovopa:   12.10.2021, 05:39:37] --> sipabifuziz appeared
[hafepovopa:   12.10.2021, 05:41:25] --> sipabifuziz appeared
[hafepovopa:   12.10.2021, 05:42:33] --> Bot successfully started
[hafepovopa:   12.10.2021, 05:50:07] --> sipabifuziz appeared
[hafepovopa:   12.10.2021, 05:50:16] --> sipabifuziz appeared
[hafepovopa:   12.10.2021, 05:50:24] --> sipabifuziz appeared
[hafepovopa:   12.10.2021, 05:51:59] --> sipabifuziz appeared
[hafepovopa:   12.10.2021, 05:52:03] --> sipabifuziz appeared
[hafepovopa:   12.10.2021, 05:52:12] --> Character died
[hafepovopa:   12.10.2021, 05:52:13] --> sipabifuziz appeared
[hafepovopa:   12.10.2021, 05:53:58] --> sipabifuziz appeared
[hafepovopa:   12.10.2021, 05:54:19] --> sipabifuziz appeared
[hafepovopa:   12.10.2021, 05:56:36] --> Bot successfully started
[hafepovopa:   12.10.2021, 05:57:46] --> Character leveled up to level 51
[hafepovopa:   12.10.2021, 05:59:28] --> sipabifuziz appeared
[hafepovopa:   12.10.2021, 05:59:37] --> sipabifuziz appeared
[hafepovopa:   12.10.2021, 05:59:46] --> sipabifuziz appeared
[hafepovopa:   12.10.2021, 05:59:57] --> sipabifuziz appeared
[hafepovopa:   12.10.2021, 06:01:21] --> sipabifuziz appeared
[hafepovopa:   12.10.2021, 06:03:10] --> sipabifuziz appeared
[hafepovopa:   12.10.2021, 06:05:00] --> sipabifuziz appeared
[hafepovopa:   12.10.2021, 06:06:47] --> sipabifuziz appeared
[hafepovopa:   12.10.2021, 06:08:35] --> sipabifuziz appeared
[hafepovopa:   12.10.2021, 06:08:51] --> sipabifuziz appeared
[hafepovopa:   12.10.2021, 06:10:27] --> sipabifuziz appeared
[hafepovopa:   12.10.2021, 06:10:43] --> sipabifuziz appeared
[hafepovopa:   12.10.2021, 06:12:16] --> sipabifuziz appeared
[hafepovopa:   12.10.2021, 06:12:34] --> sipabifuziz appeared
[hafepovopa:   12.10.2021, 06:14:02] --> sipabifuziz appeared
[hafepovopa:   12.10.2021, 06:15:53] --> sipabifuziz appeared
[hafepovopa:   12.10.2021, 06:17:44] --> sipabifuziz appeared
[hafepovopa:   12.10.2021, 06:19:33] --> sipabifuziz appeared
[hafepovopa:   12.10.2021, 06:21:24] --> sipabifuziz appeared
[hafepovopa:   12.10.2021, 06:23:14] --> sipabifuziz appeared
[hafepovopa:   12.10.2021, 06:25:09] --> sipabifuziz appeared
[hafepovopa:   12.10.2021, 06:25:18] --> sipabifuziz appeared
[hafepovopa:   12.10.2021, 06:26:48] --> xXBalmungXx appeared
[hafepovopa:   12.10.2021, 06:27:27] --> xXBalmungXx appeared
[hafepovopa:   12.10.2021, 06:28:41] --> Char changed: 5 dragon cors collected, total cor count: 15
[hafepovopa:   12.10.2021, 06:28:42] --> Character was kicked from the bot, reason: Changing character
[zipokupapif:  12.10.2021, 06:28:51] --> Time passed, now going to talk to alchemist: zipokupapif
[zipokupapif:  12.10.2021, 06:28:51] --> Character went to Alchemist
[zipokupapif:  12.10.2021, 06:28:52] --> Character went to shop
[zipokupapif:  12.10.2021, 06:29:04] --> gipupuvezob appeared
[zipokupapif:  12.10.2021, 06:29:10] --> Character was kicked from the bot, reason: Character was walking
[zipokupapif:  12.10.2021, 06:30:11] --> Character was kicked from the bot, reason: Character was walking
[zipokupapif:  12.10.2021, 06:30:16] --> gipupuvezob appeared
[zipokupapif:  12.10.2021, 06:30:29] --> reriforarizu appeared
[zipokupapif:  12.10.2021, 06:30:34] --> Character was kicked from the bot, reason: Character was walking
[zipokupapif:  12.10.2021, 06:32:41] --> sipabifuziz appeared
[zipokupapif:  12.10.2021, 06:32:44] --> sipabifuziz appeared
[zipokupapif:  12.10.2021, 06:33:01] --> sipabifuziz appeared
[zipokupapif:  12.10.2021, 06:34:28] --> sipabifuziz appeared
[zipokupapif:  12.10.2021, 06:34:49] --> sipabifuziz appeared
[zipokupapif:  12.10.2021, 06:36:57] --> Bot successfully started
[zipokupapif:  12.10.2021, 06:44:56] --> sipabifuziz appeared
[zipokupapif:  12.10.2021, 06:45:03] --> sipabifuziz appeared
[zipokupapif:  12.10.2021, 06:45:09] --> sipabifuziz appeared
[zipokupapif:  12.10.2021, 06:45:12] --> sipabifuziz appeared
[zipokupapif:  12.10.2021, 06:46:47] --> sipabifuziz appeared
[zipokupapif:  12.10.2021, 06:47:12] --> sipabifuziz appeared
[zipokupapif:  12.10.2021, 06:48:36] --> sipabifuziz appeared
[zipokupapif:  12.10.2021, 06:50:26] --> sipabifuziz appeared
[zipokupapif:  12.10.2021, 06:52:14] --> sipabifuziz appeared
[zipokupapif:  12.10.2021, 06:54:03] --> sipabifuziz appeared
[zipokupapif:  12.10.2021, 06:55:52] --> sipabifuziz appeared
[zipokupapif:  12.10.2021, 06:56:10] --> sipabifuziz appeared
[zipokupapif:  12.10.2021, 06:57:43] --> sipabifuziz appeared
[zipokupapif:  12.10.2021, 06:58:01] --> sipabifuziz appeared
[zipokupapif:  12.10.2021, 06:59:29] --> sipabifuziz appeared
[zipokupapif:  12.10.2021, 06:59:49] --> sipabifuziz appeared
[zipokupapif:  12.10.2021, 07:01:54] --> sipabifuziz appeared
[zipokupapif:  12.10.2021, 07:01:57] --> sipabifuziz appeared
[zipokupapif:  12.10.2021, 07:02:16] --> Character leveled up to level 51
[zipokupapif:  12.10.2021, 07:03:25] --> sipabifuziz appeared
[zipokupapif:  12.10.2021, 07:05:12] --> sipabifuziz appeared
[zipokupapif:  12.10.2021, 07:07:00] --> sipabifuziz appeared
[zipokupapif:  12.10.2021, 07:07:15] --> sipabifuziz appeared
[zipokupapif:  12.10.2021, 07:08:10] --> Character died
[zipokupapif:  12.10.2021, 07:09:09] --> sipabifuziz appeared
[zipokupapif:  12.10.2021, 07:10:59] --> sipabifuziz appeared
[zipokupapif:  12.10.2021, 07:11:02] --> sipabifuziz appeared
[zipokupapif:  12.10.2021, 07:11:15] --> sipabifuziz appeared
[zipokupapif:  12.10.2021, 07:11:22] --> sipabifuziz appeared
[zipokupapif:  12.10.2021, 07:12:20] --> Bot terminated: 5 dragon cors collected, total cor count: 15
[zipokupapif:  12.10.2021, 11:57:28] --> Bot successfully started
[zipokupapif:  12.10.2021, 11:57:46] --> Character was kicked from the bot, reason: Changing character
[sikifotufic:  12.10.2021, 11:57:58] --> Character was kicked from the bot, reason: Changing character
[huzorikufe:   12.10.2021, 11:58:11] --> fugovisafuk appeared
[huzorikufe:   12.10.2021, 11:58:26] --> Character was kicked from the bot, reason: Character was walking
[huzorikufe:   12.10.2021, 11:58:30] --> bivumisakak appeared
[huzorikufe:   12.10.2021, 11:58:49] --> Character was kicked from the bot, reason: Character was walking
[huzorikufe:   12.10.2021, 11:59:00] --> Character was kicked from the bot, reason: Character was walking
[huzorikufe:   12.10.2021, 11:59:04] --> fugovisafuk appeared
[huzorikufe:   12.10.2021, 11:59:20] --> Character was kicked from the bot, reason: Character was walking
[huzorikufe:   12.10.2021, 11:59:27] --> Character was kicked from the bot, reason: Changing character
[huzorikufe:   12.10.2021, 11:59:31] --> Character leveled up to level 51
[lusewazivik:  12.10.2021, 12:00:36] --> Bot successfully started
[lusewazivik:  12.10.2021, 12:00:36] --> sipabifuziz appeared
[lusewazivik:  12.10.2021, 12:00:46] --> Character was kicked from the bot, reason: Changing character
[huzorikufe:   12.10.2021, 12:00:54] --> Character was kicked from the bot, reason: Changing character
[huzorikufe:   12.10.2021, 12:00:57] --> Character leveled up to level 51
[lusewazivik:  12.10.2021, 12:01:17] --> zikufubere appeared
[lusewazivik:  12.10.2021, 12:01:23] --> Character was kicked from the bot, reason: Character was walking
[lusewazivik:  12.10.2021, 12:01:34] --> zemefiloto appeared
[lusewazivik:  12.10.2021, 12:01:38] --> Character was kicked from the bot, reason: Character was walking
[lusewazivik:  12.10.2021, 12:01:49] --> Character was kicked from the bot, reason: Character was walking
[lusewazivik:  12.10.2021, 12:02:04] --> Character was kicked from the bot, reason: Changing character
[hafepovopa:   12.10.2021, 12:02:16] --> Character got kick
[hafepovopa:   12.10.2021, 12:02:32] --> Character was kicked from the bot, reason: Character was walking
[hafepovopa:   12.10.2021, 12:02:50] --> duvozakifur appeared
[hafepovopa:   12.10.2021, 12:03:20] --> Character was kicked from the bot, reason: Character was walking
[hafepovopa:   12.10.2021, 12:03:33] --> Character was kicked from the bot, reason: Character was walking
[hafepovopa:   12.10.2021, 12:03:53] --> Character was kicked from the bot, reason: Character was walking
[hafepovopa:   12.10.2021, 12:03:56] --> sipabifuziz appeared
[hafepovopa:   12.10.2021, 12:04:03] --> Character was kicked from the bot, reason: Changing character
[zipokupapif:  12.10.2021, 12:04:32] --> Character was kicked from the bot, reason: Character was walking
[zipokupapif:  12.10.2021, 12:04:36] --> pozupizizi appeared
[zipokupapif:  12.10.2021, 12:04:49] --> Character was kicked from the bot, reason: Character was walking
[zipokupapif:  12.10.2021, 12:05:00] --> Character was kicked from the bot, reason: Character was walking
[zipokupapif:  12.10.2021, 12:05:16] --> Character was kicked from the bot, reason: Changing character
[sikifotufic:  12.10.2021, 12:05:21] --> sipabifuziz appeared
[sikifotufic:  12.10.2021, 12:05:29] --> gipupuvezob appeared
[sikifotufic:  12.10.2021, 12:05:34] --> Character was kicked from the bot, reason: Character was walking
[sikifotufic:  12.10.2021, 12:06:20] --> Changing into CH2
[sikifotufic:  12.10.2021, 12:06:28] --> Mashago appeared
[sikifotufic:  13.10.2021, 03:19:53] --> Bot successfully started
[sikifotufic:  13.10.2021, 03:19:53] --> bipifururige appeared
[sikifotufic:  13.10.2021, 03:19:59] --> Time passed, now going to talk to alchemist: sikifotufic
[sikifotufic:  13.10.2021, 03:19:59] --> Character went to Alchemist
[sikifotufic:  13.10.2021, 03:19:59] --> Character went to shop
[sikifotufic:  13.10.2021, 03:20:23] --> Character was kicked from the bot, reason: Character was walking
[sikifotufic:  13.10.2021, 03:20:28] --> zimiruzawiz appeared
[sikifotufic:  13.10.2021, 03:20:48] --> Character was kicked from the bot, reason: Character was walking
[sikifotufic:  13.10.2021, 03:20:59] --> Character died
[sikifotufic:  13.10.2021, 03:22:10] --> sipabifuziz appeared
[sikifotufic:  13.10.2021, 03:24:02] --> sipabifuziz appeared
[sikifotufic:  13.10.2021, 03:25:51] --> sipabifuziz appeared
[sikifotufic:  13.10.2021, 03:27:42] --> sipabifuziz appeared
[sikifotufic:  13.10.2021, 03:29:33] --> sipabifuziz appeared
[sikifotufic:  13.10.2021, 03:31:22] --> sipabifuziz appeared
[sikifotufic:  13.10.2021, 03:31:27] --> sipabifuziz appeared
[sikifotufic:  13.10.2021, 03:31:36] --> sipabifuziz appeared
[sikifotufic:  13.10.2021, 03:31:45] --> sipabifuziz appeared
[sikifotufic:  13.10.2021, 03:34:21] --> vevofizizoko appeared
[sikifotufic:  13.10.2021, 03:37:01] --> sipabifuziz appeared
[sikifotufic:  13.10.2021, 03:38:40] --> vevofizizoko appeared
[sikifotufic:  13.10.2021, 03:38:52] --> sipabifuziz appeared
[sikifotufic:  13.10.2021, 03:40:42] --> sipabifuziz appeared
[sikifotufic:  13.10.2021, 03:42:39] --> sipabifuziz appeared
[sikifotufic:  13.10.2021, 03:42:41] --> sipabifuziz appeared
[sikifotufic:  13.10.2021, 03:42:46] --> sipabifuziz appeared
[sikifotufic:  13.10.2021, 03:44:29] --> sipabifuziz appeared
[sikifotufic:  13.10.2021, 03:44:47] --> sipabifuziz appeared
[sikifotufic:  13.10.2021, 03:45:38] --> vevofizizoko appeared
[sikifotufic:  13.10.2021, 03:48:51] --> Character died
[sikifotufic:  13.10.2021, 03:49:15] --> Character died
[sikifotufic:  13.10.2021, 03:49:27] --> sipabifuziz appeared
[sikifotufic:  13.10.2021, 03:49:39] --> Character died
[sikifotufic:  13.10.2021, 03:50:26] --> vevofizizoko appeared
[sikifotufic:  13.10.2021, 03:50:33] --> vevofizizoko appeared
[sikifotufic:  13.10.2021, 03:51:22] --> sipabifuziz appeared
[sikifotufic:  13.10.2021, 03:53:11] --> sipabifuziz appeared
[sikifotufic:  13.10.2021, 03:54:28] --> vevofizizoko appeared
[sikifotufic:  13.10.2021, 03:55:01] --> sipabifuziz appeared
[sikifotufic:  13.10.2021, 03:56:55] --> sipabifuziz appeared
[sikifotufic:  13.10.2021, 03:57:03] --> sipabifuziz appeared
[sikifotufic:  13.10.2021, 03:57:12] --> sipabifuziz appeared
[sikifotufic:  13.10.2021, 03:58:46] --> sipabifuziz appeared
[sikifotufic:  13.10.2021, 03:58:57] --> sipabifuziz appeared
[sikifotufic:  13.10.2021, 03:59:00] --> sipabifuziz appeared
[sikifotufic:  13.10.2021, 03:59:05] --> sipabifuziz appeared
[sikifotufic:  13.10.2021, 04:03:40] --> Character leveled up to level 52
[sikifotufic:  13.10.2021, 04:04:16] --> sipabifuziz appeared
[sikifotufic:  13.10.2021, 04:04:20] --> sipabifuziz appeared
[sikifotufic:  13.10.2021, 04:04:33] --> sipabifuziz appeared
[sikifotufic:  13.10.2021, 04:04:35] --> sipabifuziz appeared
[sikifotufic:  13.10.2021, 04:04:40] --> sipabifuziz appeared
[sikifotufic:  13.10.2021, 04:10:27] --> sipabifuziz appeared
[sikifotufic:  13.10.2021, 04:10:30] --> sipabifuziz appeared
[sikifotufic:  13.10.2021, 04:11:42] --> Character died
[sikifotufic:  13.10.2021, 04:12:06] --> Character died
[sikifotufic:  13.10.2021, 04:12:29] --> Character died
[sikifotufic:  13.10.2021, 04:12:51] --> Character died
[sikifotufic:  13.10.2021, 04:13:17] --> Character died
[sikifotufic:  13.10.2021, 04:13:41] --> Character died
[sikifotufic:  13.10.2021, 04:14:02] --> Character died
[sikifotufic:  13.10.2021, 04:14:26] --> Character died
[sikifotufic:  13.10.2021, 04:14:48] --> Character died
[sikifotufic:  13.10.2021, 04:15:14] --> Character died
[sikifotufic:  13.10.2021, 04:15:38] --> Character died
[sikifotufic:  13.10.2021, 04:16:02] --> Character died
[sikifotufic:  13.10.2021, 04:16:23] --> Character died
[sikifotufic:  13.10.2021, 04:16:45] --> Character died
[sikifotufic:  13.10.2021, 04:17:30] --> sipabifuziz appeared
[sikifotufic:  13.10.2021, 04:19:22] --> sipabifuziz appeared
[sikifotufic:  13.10.2021, 04:21:11] --> sipabifuziz appeared
[sikifotufic:  13.10.2021, 04:21:23] --> Char changed: 5 dragon cors collected, total cor count: 5
[sikifotufic:  13.10.2021, 04:21:23] --> Character was kicked from the bot, reason: Changing character
[huzorikufe:   13.10.2021, 04:21:33] --> Time passed, now going to talk to alchemist: huzorikufe
[huzorikufe:   13.10.2021, 04:21:33] --> Character went to Alchemist
[huzorikufe:   13.10.2021, 04:21:34] --> Character went to shop
[huzorikufe:   13.10.2021, 04:21:47] --> cirahapiru appeared
[huzorikufe:   13.10.2021, 04:21:52] --> Character was kicked from the bot, reason: Character was walking
[huzorikufe:   13.10.2021, 04:22:04] --> kokozekebu appeared
[huzorikufe:   13.10.2021, 04:22:55] --> Character was kicked from the bot, reason: Character was walking
[huzorikufe:   13.10.2021, 04:22:59] --> gipupuvezob appeared
[huzorikufe:   13.10.2021, 04:23:18] --> Character was kicked from the bot, reason: Character was walking
[huzorikufe:   13.10.2021, 04:25:44] --> Character leveled up to level 51
[huzorikufe:   13.10.2021, 04:37:02] --> sipabifuziz appeared
[huzorikufe:   13.10.2021, 04:47:19] --> Character died
[huzorikufe:   13.10.2021, 04:47:40] --> Character died
[huzorikufe:   13.10.2021, 04:48:06] --> Character died
[huzorikufe:   13.10.2021, 04:48:31] --> Character died
[huzorikufe:   13.10.2021, 04:48:58] --> Character died
[huzorikufe:   13.10.2021, 04:49:26] --> Character died
[huzorikufe:   13.10.2021, 04:49:48] --> Character died
[huzorikufe:   13.10.2021, 04:50:16] --> Character died
[huzorikufe:   13.10.2021, 04:50:38] --> Character died
[huzorikufe:   13.10.2021, 04:51:05] --> Character died
[huzorikufe:   13.10.2021, 04:51:29] --> Character died
[huzorikufe:   13.10.2021, 05:01:05] --> Bot successfully started
[huzorikufe:   13.10.2021, 05:01:33] --> sipabifuziz appeared
[huzorikufe:   13.10.2021, 05:01:37] --> sipabifuziz appeared
[huzorikufe:   13.10.2021, 05:03:06] --> sipabifuziz appeared
[huzorikufe:   13.10.2021, 05:07:35] --> toferidavan appeared
[huzorikufe:   13.10.2021, 05:08:55] --> Character got kick
[huzorikufe:   13.10.2021, 05:09:22] --> Char changed: 5 dragon cors collected, total cor count: 5
[huzorikufe:   13.10.2021, 05:09:23] --> Character was kicked from the bot, reason: Changing character
[lusewazivik:  13.10.2021, 05:09:32] --> Time passed, now going to talk to alchemist: lusewazivik
[lusewazivik:  13.10.2021, 05:09:32] --> Character went to Alchemist
[lusewazivik:  13.10.2021, 05:09:33] --> Character went to shop
[lusewazivik:  13.10.2021, 05:09:45] --> gipupuvezob appeared
[lusewazivik:  13.10.2021, 05:09:51] --> Character was kicked from the bot, reason: Character was walking
[lusewazivik:  13.10.2021, 05:10:09] --> Mevzuyasa2 appeared
[lusewazivik:  13.10.2021, 05:10:53] --> Character was kicked from the bot, reason: Character was walking
[lusewazivik:  13.10.2021, 05:10:59] --> gipupuvezob appeared
[lusewazivik:  13.10.2021, 05:11:18] --> Character was kicked from the bot, reason: Character was walking
[lusewazivik:  13.10.2021, 05:11:30] --> Character was kicked from the bot, reason: Character was walking
[lusewazivik:  13.10.2021, 05:11:34] --> sipabifuziz appeared
[lusewazivik:  13.10.2021, 05:11:52] --> sipabifuziz appeared
[lusewazivik:  13.10.2021, 05:12:08] --> toferidavan appeared
[lusewazivik:  13.10.2021, 05:13:09] --> sipabifuziz appeared
[lusewazivik:  13.10.2021, 05:14:18] --> toferidavan appeared
[lusewazivik:  13.10.2021, 05:14:23] --> toferidavan appeared
[lusewazivik:  13.10.2021, 05:14:45] --> sipabifuziz appeared
[lusewazivik:  13.10.2021, 05:15:14] --> sipabifuziz appeared
[lusewazivik:  13.10.2021, 05:16:35] --> sipabifuziz appeared
[lusewazivik:  13.10.2021, 05:18:24] --> Bot successfully started
[lusewazivik:  13.10.2021, 05:19:19] --> Character died
[lusewazivik:  13.10.2021, 05:19:40] --> Character died
[lusewazivik:  13.10.2021, 05:20:02] --> Character died
[lusewazivik:  13.10.2021, 05:20:26] --> Character died
[lusewazivik:  13.10.2021, 05:20:48] --> Character died
[lusewazivik:  13.10.2021, 05:21:09] --> Character died
[lusewazivik:  13.10.2021, 05:21:29] --> Character died
[lusewazivik:  13.10.2021, 05:21:54] --> Character died
[lusewazivik:  13.10.2021, 05:22:10] --> toferidavan appeared
[lusewazivik:  13.10.2021, 05:22:19] --> Character died
[lusewazivik:  13.10.2021, 05:22:41] --> Character died
[lusewazivik:  13.10.2021, 05:23:08] --> Character died
[lusewazivik:  13.10.2021, 05:23:29] --> Character died
[lusewazivik:  13.10.2021, 05:23:52] --> Character died
[lusewazivik:  13.10.2021, 05:24:24] --> Character died
[lusewazivik:  13.10.2021, 05:24:48] --> Character died
[lusewazivik:  13.10.2021, 05:25:17] --> Character died
[lusewazivik:  13.10.2021, 05:26:13] --> sipabifuziz appeared
[lusewazivik:  13.10.2021, 05:26:31] --> sipabifuziz appeared
[lusewazivik:  13.10.2021, 05:27:54] --> Character went to shop
[lusewazivik:  13.10.2021, 05:27:57] --> sipabifuziz appeared
[lusewazivik:  13.10.2021, 05:28:14] --> Character was kicked from the bot, reason: Character was walking
[lusewazivik:  13.10.2021, 05:28:28] --> zihivakota appeared
[lusewazivik:  13.10.2021, 05:29:25] --> Character was kicked from the bot, reason: Character was walking
[lusewazivik:  13.10.2021, 05:29:29] --> gipupuvezob appeared
[lusewazivik:  13.10.2021, 05:29:49] --> Character was kicked from the bot, reason: Character was walking
[lusewazivik:  13.10.2021, 05:29:58] --> sipabifuziz appeared
[lusewazivik:  13.10.2021, 05:32:19] --> sipabifuziz appeared
[lusewazivik:  13.10.2021, 05:33:55] --> sipabifuziz appeared
[lusewazivik:  13.10.2021, 05:36:32] --> Bot successfully started
[lusewazivik:  13.10.2021, 05:41:29] --> Character leveled up to level 52
[lusewazivik:  13.10.2021, 05:44:24] --> sipabifuziz appeared
[lusewazivik:  13.10.2021, 05:44:32] --> sipabifuziz appeared
[lusewazivik:  13.10.2021, 05:44:51] --> Character died
[lusewazivik:  13.10.2021, 05:44:53] --> sipabifuziz appeared
[lusewazivik:  13.10.2021, 05:45:20] --> Character died
[lusewazivik:  13.10.2021, 05:45:43] --> Character died
[lusewazivik:  13.10.2021, 05:46:11] --> Character died
[lusewazivik:  13.10.2021, 05:46:32] --> Character died
[lusewazivik:  13.10.2021, 05:46:44] --> sipabifuziz appeared
[lusewazivik:  13.10.2021, 05:46:45] --> sipabifuziz appeared
[lusewazivik:  13.10.2021, 05:46:53] --> Character died
[lusewazivik:  13.10.2021, 05:47:16] --> Character died
[lusewazivik:  13.10.2021, 05:47:39] --> Character died
[lusewazivik:  13.10.2021, 05:48:02] --> Character died
[lusewazivik:  13.10.2021, 05:48:28] --> Character died
[lusewazivik:  13.10.2021, 05:50:06] --> sipabifuziz appeared
[lusewazivik:  13.10.2021, 05:50:22] --> sipabifuziz appeared
[lusewazivik:  13.10.2021, 05:51:52] --> sipabifuziz appeared
[lusewazivik:  13.10.2021, 05:53:45] --> sipabifuziz appeared
[lusewazivik:  13.10.2021, 05:55:34] --> sipabifuziz appeared
[lusewazivik:  13.10.2021, 05:56:47] --> Character died
[lusewazivik:  13.10.2021, 05:57:49] --> Character went to shop
[lusewazivik:  13.10.2021, 05:58:03] --> gipupuvezob appeared
[lusewazivik:  13.10.2021, 05:58:09] --> Character was kicked from the bot, reason: Character was walking
[lusewazivik:  13.10.2021, 05:59:20] --> Character was kicked from the bot, reason: Character was walking
[lusewazivik:  13.10.2021, 05:59:25] --> gipupuvezob appeared
[lusewazivik:  13.10.2021, 05:59:44] --> Character was kicked from the bot, reason: Character was walking
[lusewazivik:  13.10.2021, 06:00:43] --> sipabifuziz appeared
[lusewazivik:  13.10.2021, 06:01:03] --> sipabifuziz appeared
[lusewazivik:  13.10.2021, 06:02:31] --> sipabifuziz appeared
[lusewazivik:  13.10.2021, 06:02:51] --> sipabifuziz appeared
[lusewazivik:  13.10.2021, 06:04:20] --> sipabifuziz appeared
[lusewazivik:  13.10.2021, 06:04:37] --> sipabifuziz appeared
[lusewazivik:  13.10.2021, 06:06:24] --> sipabifuziz appeared
[lusewazivik:  13.10.2021, 06:06:28] --> sipabifuziz appeared
[lusewazivik:  13.10.2021, 06:06:36] --> sipabifuziz appeared
[lusewazivik:  13.10.2021, 06:08:56] --> Bot successfully started
[lusewazivik:  13.10.2021, 06:09:51] --> sipabifuziz appeared
[lusewazivik:  13.10.2021, 06:11:43] --> sipabifuziz appeared
[lusewazivik:  13.10.2021, 06:12:00] --> sipabifuziz appeared
[lusewazivik:  13.10.2021, 06:12:28] --> Character died
[lusewazivik:  13.10.2021, 06:12:50] --> Character died
[lusewazivik:  13.10.2021, 06:13:19] --> Character died
[lusewazivik:  13.10.2021, 06:13:42] --> Character died
[lusewazivik:  13.10.2021, 06:14:14] --> Character died
[lusewazivik:  13.10.2021, 06:15:34] --> sipabifuziz appeared
[lusewazivik:  13.10.2021, 06:15:37] --> sipabifuziz appeared
[lusewazivik:  13.10.2021, 06:15:49] --> sipabifuziz appeared
[lusewazivik:  13.10.2021, 06:15:59] --> sipabifuziz appeared
[lusewazivik:  13.10.2021, 06:17:21] --> Character died
[lusewazivik:  13.10.2021, 06:17:42] --> Character died
[lusewazivik:  13.10.2021, 06:18:03] --> Character died
[lusewazivik:  13.10.2021, 06:18:27] --> Character died
[lusewazivik:  13.10.2021, 06:18:51] --> Character died
[lusewazivik:  13.10.2021, 06:19:18] --> Character died
[lusewazivik:  13.10.2021, 06:19:44] --> Character died
[lusewazivik:  13.10.2021, 06:20:06] --> Character died
[lusewazivik:  13.10.2021, 06:20:30] --> Character died
[lusewazivik:  13.10.2021, 06:20:52] --> Character died
[lusewazivik:  13.10.2021, 06:21:14] --> Character died
[lusewazivik:  13.10.2021, 06:21:36] --> Character died
[lusewazivik:  13.10.2021, 06:21:57] --> Character died
[lusewazivik:  13.10.2021, 06:23:13] --> Character went to shop
[lusewazivik:  13.10.2021, 06:23:26] --> gipupuvezob appeared
[lusewazivik:  13.10.2021, 06:23:33] --> Character was kicked from the bot, reason: Character was walking
[lusewazivik:  13.10.2021, 06:24:44] --> Character was kicked from the bot, reason: Character was walking
[lusewazivik:  13.10.2021, 06:24:49] --> gipupuvezob appeared
[lusewazivik:  13.10.2021, 06:25:09] --> Character was kicked from the bot, reason: Character was walking
[lusewazivik:  13.10.2021, 06:25:54] --> sipabifuziz appeared
[lusewazivik:  13.10.2021, 06:28:19] --> Bot successfully started
[lusewazivik:  13.10.2021, 06:28:20] --> sipabifuziz appeared
[lusewazivik:  13.10.2021, 06:36:43] --> Character died
[lusewazivik:  13.10.2021, 06:37:22] --> Character died
[lusewazivik:  13.10.2021, 06:39:30] --> sipabifuziz appeared
[lusewazivik:  13.10.2021, 06:39:33] --> sipabifuziz appeared
[lusewazivik:  13.10.2021, 06:40:34] --> Character died
[lusewazivik:  13.10.2021, 06:40:58] --> Character died
[lusewazivik:  13.10.2021, 06:41:24] --> Character died
[lusewazivik:  13.10.2021, 06:41:51] --> Character died
[lusewazivik:  13.10.2021, 06:42:16] --> Character died
[lusewazivik:  13.10.2021, 06:42:38] --> Character died
[lusewazivik:  13.10.2021, 06:43:04] --> Character died
[lusewazivik:  13.10.2021, 06:43:28] --> Character died
[lusewazivik:  13.10.2021, 06:43:52] --> Character died
[lusewazivik:  13.10.2021, 06:44:19] --> Character died
[lusewazivik:  13.10.2021, 06:44:48] --> Character died
[lusewazivik:  13.10.2021, 06:46:07] --> Character went to shop
[lusewazivik:  13.10.2021, 06:46:21] --> gipupuvezob appeared
[lusewazivik:  13.10.2021, 06:46:27] --> Character was kicked from the bot, reason: Character was walking
[lusewazivik:  13.10.2021, 06:47:37] --> Character was kicked from the bot, reason: Character was walking
[lusewazivik:  13.10.2021, 06:47:41] --> gipupuvezob appeared
[lusewazivik:  13.10.2021, 06:47:59] --> Character was kicked from the bot, reason: Character was walking
[lusewazivik:  13.10.2021, 06:48:11] --> sipabifuziz appeared
[lusewazivik:  13.10.2021, 06:48:36] --> Char changed: 5 dragon cors collected, total cor count: 5
[lusewazivik:  13.10.2021, 06:48:37] --> Character was kicked from the bot, reason: Changing character
[lusewazivik:  13.10.2021, 06:48:40] --> sipabifuziz appeared
[hafepovopa:   13.10.2021, 06:48:45] --> Time passed, now going to talk to alchemist: hafepovopa
[hafepovopa:   13.10.2021, 06:48:45] --> Character went to Alchemist
[hafepovopa:   13.10.2021, 06:48:46] --> Character went to shop
[hafepovopa:   13.10.2021, 06:48:53] --> Character got kick
[hafepovopa:   13.10.2021, 06:49:07] --> gipupuvezob appeared
[hafepovopa:   13.10.2021, 06:49:13] --> Character was kicked from the bot, reason: Character was walking
[hafepovopa:   13.10.2021, 06:49:22] --> bopukozekul appeared
[hafepovopa:   13.10.2021, 06:50:16] --> Character was kicked from the bot, reason: Character was walking
[hafepovopa:   13.10.2021, 06:50:21] --> gipupuvezob appeared
[hafepovopa:   13.10.2021, 06:50:40] --> Character was kicked from the bot, reason: Character was walking
[hafepovopa:   13.10.2021, 06:51:09] --> dovegonubepa appeared
[hafepovopa:   13.10.2021, 06:51:56] --> sipabifuziz appeared
[hafepovopa:   13.10.2021, 06:52:16] --> Character died
[hafepovopa:   13.10.2021, 06:53:29] --> dovegonubepa appeared
[hafepovopa:   13.10.2021, 06:55:41] --> Bot successfully started
[hafepovopa:   13.10.2021, 06:55:41] --> sipabifuziz appeared
[hafepovopa:   13.10.2021, 06:57:02] --> dovegonubepa appeared
[hafepovopa:   13.10.2021, 06:57:25] --> sipabifuziz appeared
[hafepovopa:   13.10.2021, 06:59:15] --> sipabifuziz appeared
[hafepovopa:   13.10.2021, 07:00:36] --> dovegonubepa appeared
[hafepovopa:   13.10.2021, 07:02:55] --> Character died
[hafepovopa:   13.10.2021, 07:03:21] --> Character died
[hafepovopa:   13.10.2021, 07:03:46] --> Character died
[hafepovopa:   13.10.2021, 07:04:02] --> dovegonubepa appeared
[hafepovopa:   13.10.2021, 07:04:09] --> Character died
[hafepovopa:   13.10.2021, 07:04:34] --> Character died
[hafepovopa:   13.10.2021, 07:04:58] --> Character died
[hafepovopa:   13.10.2021, 07:05:24] --> Character died
[hafepovopa:   13.10.2021, 07:05:45] --> Character died
[hafepovopa:   13.10.2021, 07:06:08] --> Character died
[hafepovopa:   13.10.2021, 07:06:19] --> dovegonubepa appeared
[hafepovopa:   13.10.2021, 07:06:23] --> dovegonubepa appeared
[hafepovopa:   13.10.2021, 07:06:32] --> Character died
[hafepovopa:   13.10.2021, 07:06:55] --> Character died
[hafepovopa:   13.10.2021, 07:07:18] --> Character died
[hafepovopa:   13.10.2021, 07:08:21] --> sipabifuziz appeared
[hafepovopa:   13.10.2021, 07:10:08] --> sipabifuziz appeared
[hafepovopa:   13.10.2021, 07:10:55] --> dovegonubepa appeared
[hafepovopa:   13.10.2021, 07:11:58] --> sipabifuziz appeared
[hafepovopa:   13.10.2021, 07:13:02] --> dovegonubepa appeared
[hafepovopa:   13.10.2021, 07:13:48] --> sipabifuziz appeared
[hafepovopa:   13.10.2021, 07:14:05] --> sipabifuziz appeared
[hafepovopa:   13.10.2021, 07:15:40] --> sipabifuziz appeared
[hafepovopa:   13.10.2021, 07:15:57] --> sipabifuziz appeared
[hafepovopa:   13.10.2021, 07:17:27] --> sipabifuziz appeared
[hafepovopa:   13.10.2021, 07:17:48] --> sipabifuziz appeared
[hafepovopa:   13.10.2021, 07:18:54] --> dovegonubepa appeared
[hafepovopa:   13.10.2021, 07:19:17] --> sipabifuziz appeared
[hafepovopa:   13.10.2021, 07:21:09] --> Bot successfully started
[hafepovopa:   13.10.2021, 07:23:09] --> dovegonubepa appeared
[hafepovopa:   13.10.2021, 07:26:14] --> sipabifuziz appeared
[hafepovopa:   13.10.2021, 07:26:15] --> sipabifuziz appeared
[hafepovopa:   13.10.2021, 07:26:54] --> dovegonubepa appeared
[hafepovopa:   13.10.2021, 07:27:53] --> sipabifuziz appeared
[hafepovopa:   13.10.2021, 07:29:00] --> Character died
[hafepovopa:   13.10.2021, 07:29:13] --> dovegonubepa appeared
[hafepovopa:   13.10.2021, 07:29:24] --> Character died
[hafepovopa:   13.10.2021, 07:29:47] --> Character died
[hafepovopa:   13.10.2021, 07:30:12] --> Character died
[hafepovopa:   13.10.2021, 07:30:12] --> dovegonubepa appeared
[hafepovopa:   13.10.2021, 07:31:21] --> Character went to shop
[hafepovopa:   13.10.2021, 07:31:34] --> gipupuvezob appeared
[hafepovopa:   13.10.2021, 07:31:40] --> Character was kicked from the bot, reason: Character was walking
[hafepovopa:   13.10.2021, 07:32:13] --> nutekahezek appeared
[hafepovopa:   13.10.2021, 07:32:17] --> nutekahezek appeared
[hafepovopa:   13.10.2021, 07:32:49] --> Character was kicked from the bot, reason: Character was walking
[hafepovopa:   13.10.2021, 07:32:54] --> gipupuvezob appeared
[hafepovopa:   13.10.2021, 07:33:12] --> Character was kicked from the bot, reason: Character was walking
[hafepovopa:   13.10.2021, 07:33:43] --> sipabifuziz appeared
[hafepovopa:   13.10.2021, 07:34:51] --> dovegonubepa appeared
[hafepovopa:   13.10.2021, 07:35:33] --> sipabifuziz appeared
[hafepovopa:   13.10.2021, 07:35:35] --> sipabifuziz appeared
[hafepovopa:   13.10.2021, 07:35:46] --> sipabifuziz appeared
[hafepovopa:   13.10.2021, 07:35:58] --> sipabifuziz appeared
[hafepovopa:   13.10.2021, 07:37:28] --> sipabifuziz appeared
[hafepovopa:   13.10.2021, 07:37:49] --> sipabifuziz appeared
[hafepovopa:   13.10.2021, 07:39:25] --> sipabifuziz appeared
[hafepovopa:   13.10.2021, 07:39:28] --> sipabifuziz appeared
[hafepovopa:   13.10.2021, 07:39:44] --> sipabifuziz appeared
[hafepovopa:   13.10.2021, 07:39:47] --> Character leveled up to level 52
[hafepovopa:   13.10.2021, 07:41:13] --> sipabifuziz appeared
[hafepovopa:   13.10.2021, 07:42:54] --> Character died
[hafepovopa:   13.10.2021, 07:45:41] --> Bot successfully started
[hafepovopa:   13.10.2021, 07:45:47] --> Character died
[hafepovopa:   13.10.2021, 07:46:12] --> Character died
[hafepovopa:   13.10.2021, 07:48:02] --> sipabifuziz appeared
[hafepovopa:   13.10.2021, 07:48:10] --> sipabifuziz appeared
[hafepovopa:   13.10.2021, 07:48:19] --> sipabifuziz appeared
[hafepovopa:   13.10.2021, 07:48:30] --> sipabifuziz appeared
[hafepovopa:   13.10.2021, 07:49:15] --> Character died
[hafepovopa:   13.10.2021, 07:49:42] --> Character died
[hafepovopa:   13.10.2021, 07:49:58] --> Character died
[hafepovopa:   13.10.2021, 07:50:25] --> sipabifuziz appeared
[hafepovopa:   13.10.2021, 07:50:27] --> Character died
[hafepovopa:   13.10.2021, 07:50:30] --> sipabifuziz appeared
[hafepovopa:   13.10.2021, 07:50:53] --> Character died
[hafepovopa:   13.10.2021, 07:51:18] --> Character died
[hafepovopa:   13.10.2021, 07:51:43] --> Character died
[hafepovopa:   13.10.2021, 07:52:04] --> sipabifuziz appeared
[hafepovopa:   13.10.2021, 07:52:05] --> Character died
[hafepovopa:   13.10.2021, 07:52:27] --> Character died
[hafepovopa:   13.10.2021, 07:52:55] --> Character died
[hafepovopa:   13.10.2021, 07:53:13] --> Character died
[hafepovopa:   13.10.2021, 07:58:44] --> Bot successfully started
[hafepovopa:   13.10.2021, 07:58:49] --> Character died
[hafepovopa:   13.10.2021, 07:59:11] --> sipabifuziz appeared
[hafepovopa:   13.10.2021, 08:00:16] --> Character died
[hafepovopa:   13.10.2021, 08:00:38] --> Character died
[hafepovopa:   13.10.2021, 08:01:02] --> Character died
[hafepovopa:   13.10.2021, 08:01:05] --> sipabifuziz appeared
[hafepovopa:   13.10.2021, 08:01:21] --> Character died
[hafepovopa:   13.10.2021, 08:01:56] --> Character went to shop
[hafepovopa:   13.10.2021, 08:02:09] --> femirazageb appeared
[hafepovopa:   13.10.2021, 08:02:15] --> Character was kicked from the bot, reason: Character was walking
[hafepovopa:   13.10.2021, 08:03:25] --> Character was kicked from the bot, reason: Character was walking
[hafepovopa:   13.10.2021, 08:03:29] --> gipupuvezob appeared
[hafepovopa:   13.10.2021, 08:03:47] --> Character was kicked from the bot, reason: Character was walking
[hafepovopa:   13.10.2021, 08:03:55] --> Time passed, now going to talk to alchemist: hafepovopa
[hafepovopa:   13.10.2021, 08:03:55] --> Character went to Alchemist
[hafepovopa:   13.10.2021, 08:03:56] --> Character went to shop
[hafepovopa:   13.10.2021, 08:04:07] --> gipupuvezob appeared
[hafepovopa:   13.10.2021, 08:04:13] --> Character was kicked from the bot, reason: Character was walking
[hafepovopa:   13.10.2021, 08:05:14] --> Character was kicked from the bot, reason: Character was walking
[hafepovopa:   13.10.2021, 08:05:19] --> gipupuvezob appeared
[hafepovopa:   13.10.2021, 08:05:37] --> Character was kicked from the bot, reason: Character was walking
[hafepovopa:   13.10.2021, 08:07:03] --> Bot successfully started
[hafepovopa:   13.10.2021, 08:08:18] --> Bot successfully started
[hafepovopa:   13.10.2021, 08:09:27] --> Bot successfully started
[hafepovopa:   13.10.2021, 08:09:41] --> Character was kicked from the bot, reason: Character was walking
[hafepovopa:   13.10.2021, 08:10:09] --> hupuligurif appeared
[hafepovopa:   13.10.2021, 08:10:13] --> Character was kicked from the bot, reason: Character was walking
[hafepovopa:   13.10.2021, 08:51:48] --> Char changed: No dragon cors and shards collected since 30 minutes
[hafepovopa:   13.10.2021, 08:51:48] --> Character was kicked from the bot, reason: Changing character
[zipokupapif:  13.10.2021, 08:51:59] --> Time passed, now going to talk to alchemist: zipokupapif
[zipokupapif:  13.10.2021, 08:51:59] --> Character went to Alchemist
[zipokupapif:  13.10.2021, 08:51:59] --> Character went to shop
[zipokupapif:  13.10.2021, 08:52:12] --> gipupuvezob appeared
[zipokupapif:  13.10.2021, 08:52:18] --> Character was kicked from the bot, reason: Character was walking
[zipokupapif:  13.10.2021, 08:53:19] --> Character was kicked from the bot, reason: Character was walking
[zipokupapif:  13.10.2021, 08:53:23] --> gipupuvezob appeared
[zipokupapif:  13.10.2021, 08:53:41] --> Character was kicked from the bot, reason: Character was walking
[zipokupapif:  13.10.2021, 08:54:44] --> Character was kicked from the bot, reason: Character was walking
[zipokupapif:  13.10.2021, 08:54:47] --> tativileha appeared
[zipokupapif:  13.10.2021, 09:02:27] --> BarirnlpCene appeared
[zipokupapif:  13.10.2021, 09:03:05] --> bipifururige appeared
[zipokupapif:  13.10.2021, 09:04:18] --> BarirnlpCene appeared
[zipokupapif:  13.10.2021, 09:05:17] --> BarirnlpCene appeared
[zipokupapif:  13.10.2021, 09:19:53] --> Bot terminated: 5 dragon cors collected, total cor count: 5
[sikifotufic:  14.10.2021, 03:20:11] --> Bot successfully started
[sikifotufic:  14.10.2021, 03:20:17] --> Time passed, now going to talk to alchemist: sikifotufic
[sikifotufic:  14.10.2021, 03:20:17] --> Character went to Alchemist: sikifotufic
[sikifotufic:  14.10.2021, 03:20:29] --> gipupuvezob appeared
[sikifotufic:  14.10.2021, 03:20:35] --> Character was kicked from the bot, reason: Character was walking
[sikifotufic:  14.10.2021, 03:21:03] --> Character was kicked from the bot, reason: Character was walking
[sikifotufic:  14.10.2021, 03:21:08] --> gipupuvezob appeared
[sikifotufic:  14.10.2021, 03:21:31] --> pafohukevof appeared
[sikifotufic:  14.10.2021, 03:21:36] --> Character was kicked from the bot, reason: Character was walking
[sikifotufic:  14.10.2021, 03:21:39] --> bipifururige appeared
[sikifotufic:  14.10.2021, 03:27:08] --> bipifururige appeared
[sikifotufic:  14.10.2021, 03:28:51] --> Bot successfully started
[sikifotufic:  14.10.2021, 03:28:52] --> bipifururige appeared
[sikifotufic:  14.10.2021, 04:00:49] --> Char changed: 5 dragon cors collected, total cor count: 10
[sikifotufic:  14.10.2021, 04:00:49] --> Character was kicked from the bot, reason: Changing character
[huzorikufe:   14.10.2021, 04:01:24] --> Time passed, now going to talk to alchemist: huzorikufe
[huzorikufe:   14.10.2021, 04:01:24] --> Character went to Alchemist: huzorikufe
[huzorikufe:   14.10.2021, 04:01:36] --> gipupuvezob appeared
[huzorikufe:   14.10.2021, 04:01:42] --> Character was kicked from the bot, reason: Character was walking
[huzorikufe:   14.10.2021, 04:02:10] --> Character was kicked from the bot, reason: Character was walking
[huzorikufe:   14.10.2021, 04:02:38] --> huwezokazo appeared
[huzorikufe:   14.10.2021, 04:02:43] --> Character was kicked from the bot, reason: Character was walking
[huzorikufe:   14.10.2021, 04:05:52] --> Bot successfully started
[huzorikufe:   14.10.2021, 04:05:52] --> bipifururige appeared
[huzorikufe:   14.10.2021, 04:07:03] --> Character leveled up to level 52
[huzorikufe:   14.10.2021, 04:18:09] --> Bot successfully started
[huzorikufe:   14.10.2021, 04:18:09] --> DrentataLif appeared
[huzorikufe:   14.10.2021, 04:24:10] --> Character died
[huzorikufe:   14.10.2021, 04:24:41] --> bipifururige appeared
[huzorikufe:   14.10.2021, 04:24:43] --> Character went to saleswoman
[huzorikufe:   14.10.2021, 04:25:12] --> Character was kicked from the bot, reason: Character was walking
[huzorikufe:   14.10.2021, 04:25:49] --> Character was kicked from the bot, reason: Character was walking
[huzorikufe:   14.10.2021, 04:25:54] --> gipupuvezob appeared
[huzorikufe:   14.10.2021, 04:26:15] --> huwezokazo appeared
[huzorikufe:   14.10.2021, 04:26:22] --> Character was kicked from the bot, reason: Character was walking
[huzorikufe:   14.10.2021, 04:26:59] --> bipifururige appeared
[huzorikufe:   14.10.2021, 04:27:02] --> bipifururige appeared
[huzorikufe:   14.10.2021, 04:29:14] --> Character leveled up to level 53
[huzorikufe:   14.10.2021, 04:29:25] --> bipifururige appeared
[huzorikufe:   14.10.2021, 04:29:27] --> bipifururige appeared
[huzorikufe:   14.10.2021, 04:38:03] --> Bot successfully started
[huzorikufe:   14.10.2021, 04:42:14] --> Char changed: 5 dragon cors collected, total cor count: 10
[huzorikufe:   14.10.2021, 04:42:15] --> Character was kicked from the bot, reason: Changing character
[lusewazivik:  14.10.2021, 04:42:25] --> Time passed, now going to talk to alchemist: lusewazivik
[lusewazivik:  14.10.2021, 04:42:25] --> Character went to Alchemist: lusewazivik
[lusewazivik:  14.10.2021, 04:42:43] --> Character was kicked from the bot, reason: Character was walking
[lusewazivik:  14.10.2021, 04:42:59] --> kikerabife appeared
[lusewazivik:  14.10.2021, 04:43:11] --> Character was kicked from the bot, reason: Character was walking
[lusewazivik:  14.10.2021, 04:43:16] --> kikerabife appeared
[lusewazivik:  14.10.2021, 04:43:44] --> Character was kicked from the bot, reason: Character was walking
[lusewazivik:  14.10.2021, 04:52:20] --> Character leveled up to level 53
[lusewazivik:  14.10.2021, 04:59:49] --> AkliCaylrxy appeared
[lusewazivik:  14.10.2021, 05:06:58] --> Bot successfully started
[lusewazivik:  14.10.2021, 05:06:58] --> AkliCaylrxy appeared
[lusewazivik:  14.10.2021, 05:09:40] --> AkliCaylrxy appeared
[lusewazivik:  14.10.2021, 05:16:08] --> Character leveled up to level 54
[lusewazivik:  14.10.2021, 05:22:24] --> AkliCaylrxy appeared
[lusewazivik:  14.10.2021, 05:31:29] --> Char changed: 5 dragon cors collected, total cor count: 10
[lusewazivik:  14.10.2021, 05:31:29] --> Character was kicked from the bot, reason: Changing character
[hafepovopa:   14.10.2021, 05:31:39] --> Time passed, now going to talk to alchemist: hafepovopa
[hafepovopa:   14.10.2021, 05:31:39] --> Character went to Alchemist: hafepovopa
[hafepovopa:   14.10.2021, 05:32:00] --> gipupuvezob appeared
[hafepovopa:   14.10.2021, 05:32:06] --> Character was kicked from the bot, reason: Character was walking
[hafepovopa:   14.10.2021, 05:32:34] --> Character was kicked from the bot, reason: Character was walking
[hafepovopa:   14.10.2021, 05:32:39] --> gipupuvezob appeared
[hafepovopa:   14.10.2021, 05:33:01] --> kamukikivela appeared
[hafepovopa:   14.10.2021, 05:33:08] --> Character was kicked from the bot, reason: Character was walking
[hafepovopa:   14.10.2021, 05:33:12] --> bipifururige appeared
[hafepovopa:   14.10.2021, 05:35:12] --> Character leveled up to level 53
[hafepovopa:   14.10.2021, 05:43:45] --> bipifururige appeared
[hafepovopa:   14.10.2021, 05:43:48] --> bipifururige appeared
[hafepovopa:   14.10.2021, 05:56:08] --> Character leveled up to level 54
[hafepovopa:   14.10.2021, 05:57:47] --> bipifururige appeared
[hafepovopa:   14.10.2021, 05:57:50] --> bipifururige appeared
[hafepovopa:   14.10.2021, 06:02:29] --> Char changed: 5 dragon cors collected, total cor count: 10
[hafepovopa:   14.10.2021, 06:02:30] --> Character was kicked from the bot, reason: Changing character
[zipokupapif:  14.10.2021, 06:02:39] --> Time passed, now going to talk to alchemist: zipokupapif
[zipokupapif:  14.10.2021, 06:02:39] --> Character went to Alchemist: zipokupapif
[zipokupapif:  14.10.2021, 06:03:00] --> gipupuvezob appeared
[zipokupapif:  14.10.2021, 06:03:06] --> Character was kicked from the bot, reason: Character was walking
[zipokupapif:  14.10.2021, 06:03:34] --> Character was kicked from the bot, reason: Character was walking
[zipokupapif:  14.10.2021, 06:03:38] --> hupuligurif appeared
[zipokupapif:  14.10.2021, 06:03:58] --> HakyoumAkce appeared
[zipokupapif:  14.10.2021, 06:04:06] --> Character was kicked from the bot, reason: Character was walking
[zipokupapif:  14.10.2021, 06:04:09] --> AcTizuai appeared
[zipokupapif:  14.10.2021, 06:07:37] --> Character leveled up to level 52
[zipokupapif:  14.10.2021, 06:20:22] --> AcTizuai appeared
[zipokupapif:  14.10.2021, 06:28:39] --> Character leveled up to level 53
[zipokupapif:  14.10.2021, 06:37:14] --> bipifururige appeared
[zipokupapif:  14.10.2021, 06:37:16] --> bipifururige appeared
[zipokupapif:  14.10.2021, 06:40:52] --> Bot terminated: 5 dragon cors collected, total cor count: 10
[sikifotufic:  15.10.2021, 03:19:49] --> Bot successfully started
[sikifotufic:  15.10.2021, 03:19:49] --> bipifururige appeared
[sikifotufic:  15.10.2021, 03:19:54] --> Time passed, now going to talk to alchemist: sikifotufic
[sikifotufic:  15.10.2021, 03:19:54] --> Character went to Alchemist: sikifotufic
[sikifotufic:  15.10.2021, 03:20:06] --> seluzikufo appeared
[sikifotufic:  15.10.2021, 03:20:22] --> Character was kicked from the bot, reason: Character was walking
[sikifotufic:  15.10.2021, 03:20:49] --> Character was kicked from the bot, reason: Character was walking
[sikifotufic:  15.10.2021, 03:20:53] --> gipupuvezob appeared
[sikifotufic:  15.10.2021, 03:21:21] --> Character was kicked from the bot, reason: Character was walking
[sikifotufic:  15.10.2021, 03:24:03] --> Character died
[sikifotufic:  15.10.2021, 03:25:20] --> Character leveled up to level 53
[sikifotufic:  15.10.2021, 03:45:28] --> Char changed: 5 dragon cors collected, total cor count: 15
[sikifotufic:  15.10.2021, 03:45:28] --> Character was kicked from the bot, reason: Changing character
[huzorikufe:   15.10.2021, 03:46:03] --> Time passed, now going to talk to alchemist: huzorikufe
[huzorikufe:   15.10.2021, 03:46:03] --> Character went to Alchemist: huzorikufe
[huzorikufe:   15.10.2021, 03:46:23] --> gipupuvezob appeared
[huzorikufe:   15.10.2021, 03:46:29] --> Character was kicked from the bot, reason: Character was walking
[huzorikufe:   15.10.2021, 03:46:59] --> Character was kicked from the bot, reason: Character was walking
[huzorikufe:   15.10.2021, 03:47:03] --> gipupuvezob appeared
[huzorikufe:   15.10.2021, 03:47:24] --> 8briefcase33 appeared
[huzorikufe:   15.10.2021, 03:47:31] --> Character was kicked from the bot, reason: Character was walking
[huzorikufe:   15.10.2021, 03:49:47] --> Character leveled up to level 54
[huzorikufe:   15.10.2021, 04:05:32] --> Character leveled up to level 55
[huzorikufe:   15.10.2021, 04:13:50] --> Char changed: 5 dragon cors collected, total cor count: 15
[huzorikufe:   15.10.2021, 04:13:50] --> Character was kicked from the bot, reason: Changing character
[lusewazivik:  15.10.2021, 04:14:25] --> Time passed, now going to talk to alchemist: lusewazivik
[lusewazivik:  15.10.2021, 04:14:25] --> Character went to Alchemist: lusewazivik
[lusewazivik:  15.10.2021, 04:14:36] --> Xywcil appeared
[lusewazivik:  15.10.2021, 04:14:52] --> Character was kicked from the bot, reason: Character was walking
[lusewazivik:  15.10.2021, 04:15:20] --> Character was kicked from the bot, reason: Character was walking
[lusewazivik:  15.10.2021, 04:15:24] --> gipupuvezob appeared
[lusewazivik:  15.10.2021, 04:15:47] --> 6dependant88 appeared
[lusewazivik:  15.10.2021, 04:15:52] --> Character was kicked from the bot, reason: Character was walking
[lusewazivik:  15.10.2021, 04:25:48] --> Character leveled up to level 55
[lusewazivik:  15.10.2021, 04:48:08] --> Character leveled up to level 56
[lusewazivik:  15.10.2021, 04:52:09] --> Char changed: 5 dragon cors collected, total cor count: 15
[lusewazivik:  15.10.2021, 04:52:10] --> Character was kicked from the bot, reason: Changing character
[hafepovopa:   15.10.2021, 04:52:44] --> Time passed, now going to talk to alchemist: hafepovopa
[hafepovopa:   15.10.2021, 04:52:44] --> Character went to Alchemist: hafepovopa
[hafepovopa:   15.10.2021, 04:52:56] --> Xywcil appeared
[hafepovopa:   15.10.2021, 04:53:11] --> Character was kicked from the bot, reason: Character was walking
[hafepovopa:   15.10.2021, 04:53:40] --> Character was kicked from the bot, reason: Character was walking
[hafepovopa:   15.10.2021, 04:53:56] --> Villasarah appeared
[hafepovopa:   15.10.2021, 04:54:05] --> 6exquisite93 appeared
[hafepovopa:   15.10.2021, 04:54:13] --> Character was kicked from the bot, reason: Character was walking
[hafepovopa:   15.10.2021, 05:04:43] --> Character leveled up to level 55
[hafepovopa:   15.10.2021, 05:18:13] --> Char changed: 5 dragon cors collected, total cor count: 15
[hafepovopa:   15.10.2021, 05:18:14] --> Character was kicked from the bot, reason: Changing character
[zipokupapif:  15.10.2021, 05:18:23] --> Time passed, now going to talk to alchemist: zipokupapif
[zipokupapif:  15.10.2021, 05:18:23] --> Character went to Alchemist: zipokupapif
[zipokupapif:  15.10.2021, 05:18:44] --> gipupuvezob appeared
[zipokupapif:  15.10.2021, 05:18:50] --> Character was kicked from the bot, reason: Character was walking
[zipokupapif:  15.10.2021, 05:19:19] --> Character was kicked from the bot, reason: Character was walking
[zipokupapif:  15.10.2021, 05:19:23] --> gipupuvezob appeared
[zipokupapif:  15.10.2021, 05:19:48] --> 7accompany40 appeared
[zipokupapif:  15.10.2021, 05:19:52] --> Character was kicked from the bot, reason: Character was walking
[zipokupapif:  15.10.2021, 05:25:02] --> Character leveled up to level 54
[zipokupapif:  15.10.2021, 05:40:11] --> Character leveled up to level 55
[zipokupapif:  15.10.2021, 05:41:59] --> Bot terminated: 5 dragon cors collected, total cor count: 15
[zipokupapif:  15.10.2021, 10:22:29] --> Bot successfully started
[zipokupapif:  15.10.2021, 10:24:50] --> Character was kicked from the bot, reason: Changing character
[sikifotufic:  15.10.2021, 10:26:11] --> Character was kicked from the bot, reason: Changing character
[sikifotufic:  15.10.2021, 10:26:15] --> Character leveled up to level 55
[huzorikufe:   15.10.2021, 10:28:01] --> fuhabobosir appeared
[huzorikufe:   15.10.2021, 10:28:15] --> Character was kicked from the bot, reason: Character was walking
[huzorikufe:   15.10.2021, 10:32:02] --> Character was kicked from the bot, reason: Changing character
[huzorikufe:   15.10.2021, 10:32:06] --> Character leveled up to level 56
[lusewazivik:  15.10.2021, 10:32:57] --> Character got kick
[:             15.10.2021, 10:33:40] --> Character got kick
[lusewazivik:  15.10.2021, 10:33:56] --> Bot successfully started
[lusewazivik:  15.10.2021, 10:34:01] --> Xywcil appeared
[lusewazivik:  15.10.2021, 10:34:14] --> Character was kicked from the bot, reason: Changing character
[lusewazivik:  15.10.2021, 10:34:17] --> Xywcil appeared
[lusewazivik:  15.10.2021, 10:34:46] --> Character was kicked from the bot, reason: Character was walking
[lusewazivik:  15.10.2021, 10:35:54] --> Character was kicked from the bot, reason: Changing character
[hafepovopa:   15.10.2021, 10:36:21] --> datozubaro appeared
[hafepovopa:   15.10.2021, 10:36:31] --> gipupuvezob appeared
[hafepovopa:   15.10.2021, 10:36:47] --> Character was kicked from the bot, reason: Character was walking
[hafepovopa:   15.10.2021, 10:36:50] --> hazezahucofo appeared
[hafepovopa:   15.10.2021, 10:39:01] --> Character was kicked from the bot, reason: Changing character
[zipokupapif:  15.10.2021, 10:39:40] --> mazizuruzo appeared
[zipokupapif:  15.10.2021, 10:39:55] --> Character was kicked from the bot, reason: Character was walking
[zipokupapif:  15.10.2021, 10:40:59] --> hivivofevobo appeared
[zipokupapif:  15.10.2021, 10:43:12] --> dogosamivope appeared
[zipokupapif:  15.10.2021, 10:43:32] --> Character was kicked from the bot, reason: Changing character
[sikifotufic:  15.10.2021, 10:45:41] --> Bot successfully started
[sikifotufic:  15.10.2021, 10:45:42] --> reriforarizu appeared
[sikifotufic:  15.10.2021, 10:47:28] --> Bot successfully started
[sikifotufic:  15.10.2021, 10:48:33] --> Character was kicked from the bot, reason: Character was walking
[sikifotufic:  15.10.2021, 10:49:01] --> dogosamivope appeared
[sikifotufic:  15.10.2021, 10:50:21] --> Character was kicked from the bot, reason: Character was walking
[sikifotufic:  15.10.2021, 10:50:34] --> Character was kicked from the bot, reason: Character was walking
[sikifotufic:  15.10.2021, 10:53:40] --> bokesubavaf appeared
[sikifotufic:  15.10.2021, 10:54:07] --> lonipavecu appeared
[sikifotufic:  15.10.2021, 10:56:11] --> Changing into CH2
[sikifotufic:  15.10.2021, 10:56:18] --> folokawobiri appeared
[sikifotufic:  16.10.2021, 04:22:36] --> Bot successfully started
[sikifotufic:  16.10.2021, 04:22:43] --> Character went to saleswoman
[sikifotufic:  16.10.2021, 04:23:16] --> Time passed, now going to talk to alchemist: sikifotufic
[sikifotufic:  16.10.2021, 04:23:16] --> Character went to Alchemist: sikifotufic
[sikifotufic:  16.10.2021, 04:23:21] --> FrangesSecx appeared
[sikifotufic:  16.10.2021, 04:23:50] --> Character was kicked from the bot, reason: Character was walking
[sikifotufic:  16.10.2021, 04:24:22] --> Character was kicked from the bot, reason: Character was walking
[sikifotufic:  16.10.2021, 04:24:25] --> zivinotoko appeared
[sikifotufic:  16.10.2021, 04:33:45] --> Bot successfully started
[sikifotufic:  16.10.2021, 04:33:46] --> SAElajiBorc appeared
[sikifotufic:  16.10.2021, 04:35:35] --> Character leveled up to level 54
[sikifotufic:  16.10.2021, 05:04:31] --> Char changed: 5 dragon cors collected, total cor count: 5
[sikifotufic:  16.10.2021, 05:04:32] --> Character was kicked from the bot, reason: Changing character
[sikifotufic:  16.10.2021, 05:05:03] --> Character leveled up to level 55
[huzorikufe:   16.10.2021, 05:05:08] --> Time passed, now going to talk to alchemist: huzorikufe
[huzorikufe:   16.10.2021, 05:05:08] --> Character went to Alchemist: huzorikufe
[huzorikufe:   16.10.2021, 05:05:27] --> Character was kicked from the bot, reason: Character was walking
[huzorikufe:   16.10.2021, 05:05:54] --> Character was kicked from the bot, reason: Character was walking
[huzorikufe:   16.10.2021, 05:06:27] --> Character was kicked from the bot, reason: Character was walking
[huzorikufe:   16.10.2021, 05:06:31] --> zivinotoko appeared
[huzorikufe:   16.10.2021, 05:09:52] --> Bot successfully started
[huzorikufe:   16.10.2021, 05:09:53] --> SAElajiBorc appeared
[huzorikufe:   16.10.2021, 05:21:47] --> Character leveled up to level 56
[huzorikufe:   16.10.2021, 05:39:13] --> Bot successfully started
[huzorikufe:   16.10.2021, 05:39:13] --> SAElajiBorc appeared
[huzorikufe:   16.10.2021, 05:47:52] --> Char changed: 5 dragon cors collected, total cor count: 5
[huzorikufe:   16.10.2021, 05:47:53] --> Character was kicked from the bot, reason: Changing character
[lusewazivik:  16.10.2021, 05:48:04] --> Time passed, now going to talk to alchemist: lusewazivik
[lusewazivik:  16.10.2021, 05:48:04] --> Character went to Alchemist: lusewazivik
[lusewazivik:  16.10.2021, 05:48:23] --> Character was kicked from the bot, reason: Character was walking
[lusewazivik:  16.10.2021, 05:48:50] --> Character was kicked from the bot, reason: Character was walking
[lusewazivik:  16.10.2021, 05:49:22] --> SAElajiBorc appeared
[lusewazivik:  16.10.2021, 05:49:23] --> Character was kicked from the bot, reason: Character was walking
[lusewazivik:  16.10.2021, 05:56:37] --> Bot successfully started
[lusewazivik:  16.10.2021, 05:56:37] --> zivinotoko appeared
[lusewazivik:  16.10.2021, 06:10:55] --> Bot successfully started
[lusewazivik:  16.10.2021, 06:10:56] --> SAElajiBorc appeared
[lusewazivik:  16.10.2021, 06:22:44] --> SAElajiBorc appeared
[lusewazivik:  16.10.2021, 06:25:35] --> Character leveled up to level 57
[lusewazivik:  16.10.2021, 06:44:05] --> Char changed: 5 dragon cors collected, total cor count: 5
[lusewazivik:  16.10.2021, 06:44:05] --> Character was kicked from the bot, reason: Changing character
[hafepovopa:   16.10.2021, 06:44:11] --> dogosamivope appeared
[hafepovopa:   16.10.2021, 06:44:16] --> Time passed, now going to talk to alchemist: hafepovopa
[hafepovopa:   16.10.2021, 06:44:16] --> Character went to Alchemist: hafepovopa
[hafepovopa:   16.10.2021, 06:44:34] --> Character was kicked from the bot, reason: Character was walking
[hafepovopa:   16.10.2021, 06:45:00] --> Character was kicked from the bot, reason: Character was walking
[hafepovopa:   16.10.2021, 06:45:34] --> Character was kicked from the bot, reason: Character was walking
[hafepovopa:   16.10.2021, 06:45:38] --> zivinotoko appeared
[hafepovopa:   16.10.2021, 06:49:11] --> Character leveled up to level 56
[hafepovopa:   16.10.2021, 06:49:56] --> zivinotoko appeared
[hafepovopa:   16.10.2021, 06:50:00] --> zivinotoko appeared
[hafepovopa:   16.10.2021, 06:57:47] --> zivinotoko appeared
[hafepovopa:   16.10.2021, 07:11:22] --> zivinotoko appeared
[hafepovopa:   16.10.2021, 07:11:26] --> zivinotoko appeared
[hafepovopa:   16.10.2021, 07:12:20] --> zivinotoko appeared
[hafepovopa:   16.10.2021, 07:14:16] --> zivinotoko appeared
[hafepovopa:   16.10.2021, 07:16:12] --> Character leveled up to level 57
[hafepovopa:   16.10.2021, 07:16:46] --> Char changed: 5 dragon cors collected, total cor count: 5
[hafepovopa:   16.10.2021, 07:16:47] --> Character was kicked from the bot, reason: Changing character
[zipokupapif:  16.10.2021, 07:16:53] --> dogosamivope appeared
[zipokupapif:  16.10.2021, 07:16:57] --> Time passed, now going to talk to alchemist: zipokupapif
[zipokupapif:  16.10.2021, 07:16:57] --> Character went to Alchemist: zipokupapif
[zipokupapif:  16.10.2021, 07:17:15] --> Character was kicked from the bot, reason: Character was walking
[zipokupapif:  16.10.2021, 07:17:45] --> Character was kicked from the bot, reason: Character was walking
[zipokupapif:  16.10.2021, 07:18:18] --> Character was kicked from the bot, reason: Character was walking
[zipokupapif:  16.10.2021, 07:18:22] --> zivinotoko appeared
[zipokupapif:  16.10.2021, 07:19:48] --> zivinotoko appeared
[zipokupapif:  16.10.2021, 07:22:42] --> Bot successfully started
[zipokupapif:  16.10.2021, 07:22:43] --> zivinotoko appeared
[zipokupapif:  16.10.2021, 07:31:16] --> zivinotoko appeared
[zipokupapif:  16.10.2021, 07:31:20] --> zivinotoko appeared
[zipokupapif:  16.10.2021, 07:35:26] --> zivinotoko appeared
[zipokupapif:  16.10.2021, 07:43:10] --> Character leveled up to level 56
[zipokupapif:  16.10.2021, 07:49:28] --> zivinotoko appeared
[zipokupapif:  16.10.2021, 07:51:18] --> zivinotoko appeared
[zipokupapif:  16.10.2021, 07:51:58] --> zivinotoko appeared
[zipokupapif:  16.10.2021, 07:53:22] --> zivinotoko appeared
[zipokupapif:  16.10.2021, 07:55:31] --> botuzubolive appeared
[zipokupapif:  16.10.2021, 07:55:33] --> zivinotoko appeared
[zipokupapif:  16.10.2021, 08:06:43] --> Character leveled up to level 57
[zipokupapif:  16.10.2021, 08:06:47] --> zivinotoko appeared
[zipokupapif:  16.10.2021, 08:06:51] --> zivinotoko appeared
[zipokupapif:  16.10.2021, 08:07:37] --> Bot terminated: 5 dragon cors collected, total cor count: 5
