[korelire11:   09.10.2021, 21:42:12] --> Bot successfully started
[korelire11:   09.10.2021, 21:42:13] --> fumokuvopo appeared
[korelire11:   10.10.2021, 09:01:09] --> Bot successfully started
[korelire11:   10.10.2021, 09:03:46] --> Time passed, now going to talk to alchemist: korelire11
[korelire11:   10.10.2021, 09:03:46] --> Character went to Alchemist
[korelire11:   10.10.2021, 09:03:47] --> Character went to shop
[korelire11:   10.10.2021, 09:04:16] --> Character was kicked from the bot, reason: Character was walking
[korelire11:   10.10.2021, 09:04:21] --> folokawobiri appeared
[korelire11:   10.10.2021, 09:04:57] --> folokawobiri appeared
[korelire11:   10.10.2021, 09:05:24] --> Character was kicked from the bot, reason: Character was walking
[korelire11:   10.10.2021, 09:05:47] --> Character was kicked from the bot, reason: Character was walking
[korelire11:   10.10.2021, 09:05:57] --> Character got kick
[korelire11:   10.10.2021, 09:06:09] --> folokawobiri appeared
[korelire11:   10.10.2021, 09:06:14] --> folokawobiri appeared
[korelire11:   10.10.2021, 09:09:31] --> folokawobiri appeared
[korelire11:   10.10.2021, 09:09:55] --> folokawobiri appeared
[korelire11:   10.10.2021, 09:10:16] --> folokawobiri appeared
[korelire11:   10.10.2021, 09:10:43] --> folokawobiri appeared
[korelire11:   10.10.2021, 09:11:05] --> folokawobiri appeared
[korelire11:   10.10.2021, 09:11:28] --> folokawobiri appeared
[korelire11:   10.10.2021, 09:11:49] --> kuzabazeba appeared
[korelire11:   10.10.2021, 09:12:15] --> folokawobiri appeared
[korelire11:   10.10.2021, 09:12:34] --> kuzabazeba appeared
[korelire11:   10.10.2021, 09:12:37] --> folokawobiri appeared
[korelire11:   10.10.2021, 09:13:00] --> folokawobiri appeared
[korelire11:   10.10.2021, 09:13:14] --> fufuzuzomew appeared
[korelire11:   10.10.2021, 09:13:23] --> folokawobiri appeared
[korelire11:   10.10.2021, 09:13:46] --> folokawobiri appeared
[korelire11:   10.10.2021, 09:13:59] --> fufuzuzomew appeared
[korelire11:   10.10.2021, 09:14:01] --> kuzabazeba appeared
[korelire11:   10.10.2021, 09:14:07] --> folokawobiri appeared
[korelire11:   10.10.2021, 09:14:29] --> folokawobiri appeared
[korelire11:   10.10.2021, 09:14:51] --> folokawobiri appeared
[korelire11:   10.10.2021, 09:15:12] --> folokawobiri appeared
[korelire11:   10.10.2021, 09:15:36] --> folokawobiri appeared
[korelire11:   10.10.2021, 09:15:56] --> folokawobiri appeared
[korelire11:   10.10.2021, 09:16:18] --> folokawobiri appeared
[korelire11:   10.10.2021, 09:16:40] --> folokawobiri appeared
[korelire11:   10.10.2021, 09:21:33] --> folokawobiri appeared
[korelire11:   10.10.2021, 09:21:56] --> folokawobiri appeared
[korelire11:   10.10.2021, 09:22:22] --> folokawobiri appeared
[korelire11:   10.10.2021, 09:22:40] --> fufuzuzomew appeared
[korelire11:   10.10.2021, 09:22:44] --> folokawobiri appeared
[korelire11:   10.10.2021, 09:23:09] --> folokawobiri appeared
[korelire11:   10.10.2021, 09:23:22] --> fufuzuzomew appeared
[korelire11:   10.10.2021, 09:23:30] --> folokawobiri appeared
[korelire11:   10.10.2021, 09:23:54] --> folokawobiri appeared
[korelire11:   10.10.2021, 09:24:06] --> fufuzuzomew appeared
[korelire11:   10.10.2021, 09:24:14] --> folokawobiri appeared
[korelire11:   10.10.2021, 09:24:37] --> folokawobiri appeared
[korelire11:   10.10.2021, 09:24:53] --> fufuzuzomew appeared
[korelire11:   10.10.2021, 09:24:59] --> folokawobiri appeared
[korelire11:   10.10.2021, 09:25:21] --> folokawobiri appeared
[korelire11:   10.10.2021, 09:25:42] --> folokawobiri appeared
[korelire11:   10.10.2021, 09:26:05] --> folokawobiri appeared
[korelire11:   10.10.2021, 09:28:18] --> bizufagezefe appeared
[korelire11:   10.10.2021, 09:28:28] --> kicutafobiha appeared
[korelire11:   10.10.2021, 09:28:30] --> nuzotabivon appeared
[korelire11:   10.10.2021, 09:29:13] --> nuzotabivon appeared
[korelire11:   10.10.2021, 09:29:54] --> kicutafobiha appeared
[korelire11:   10.10.2021, 09:29:57] --> nuzotabivon appeared
[korelire11:   10.10.2021, 09:30:40] --> nuzotabivon appeared
[korelire11:   10.10.2021, 09:31:25] --> nuzotabivon appeared
[korelire11:   10.10.2021, 09:32:08] --> nuzotabivon appeared
[korelire11:   10.10.2021, 09:32:26] --> zivezobefo appeared
[korelire11:   10.10.2021, 09:32:29] --> zivezobefo appeared
[korelire11:   10.10.2021, 09:33:28] --> zivezobefo appeared
[korelire11:   10.10.2021, 09:33:53] --> zivezobefo appeared
[korelire11:   10.10.2021, 09:34:16] --> zivezobefo appeared
[korelire11:   10.10.2021, 09:34:40] --> zivezobefo appeared
[korelire11:   10.10.2021, 09:35:00] --> kicutafobiha appeared
[korelire11:   10.10.2021, 09:35:26] --> zivezobefo appeared
[korelire11:   10.10.2021, 09:35:44] --> kicutafobiha appeared
[korelire11:   10.10.2021, 09:35:51] --> zivezobefo appeared
[korelire11:   10.10.2021, 09:36:14] --> zivezobefo appeared
[korelire11:   10.10.2021, 09:36:28] --> kicutafobiha appeared
[korelire11:   10.10.2021, 09:36:36] --> zivezobefo appeared
[korelire11:   10.10.2021, 09:36:56] --> zivezobefo appeared
[korelire11:   10.10.2021, 09:37:20] --> zivezobefo appeared
[korelire11:   10.10.2021, 09:37:41] --> zivezobefo appeared
[korelire11:   10.10.2021, 09:38:01] --> zivezobefo appeared
[korelire11:   10.10.2021, 09:38:24] --> zivezobefo appeared
[korelire11:   10.10.2021, 09:42:53] --> zivezobefo appeared
[korelire11:   10.10.2021, 09:43:17] --> zivezobefo appeared
[korelire11:   10.10.2021, 09:43:44] --> zivezobefo appeared
[korelire11:   10.10.2021, 09:44:06] --> zivezobefo appeared
[korelire11:   10.10.2021, 09:44:29] --> zivezobefo appeared
[korelire11:   10.10.2021, 09:44:53] --> zivezobefo appeared
[korelire11:   10.10.2021, 09:45:16] --> zivezobefo appeared
[korelire11:   10.10.2021, 09:45:39] --> zivezobefo appeared
[korelire11:   10.10.2021, 09:46:00] --> zivezobefo appeared
[korelire11:   10.10.2021, 09:46:21] --> zivezobefo appeared
[korelire11:   10.10.2021, 09:46:44] --> zivezobefo appeared
[korelire11:   10.10.2021, 09:47:06] --> zivezobefo appeared
[korelire11:   10.10.2021, 09:47:26] --> zivezobefo appeared
[korelire11:   10.10.2021, 09:47:49] --> zivezobefo appeared
[korelire11:   10.10.2021, 09:48:10] --> zivezobefo appeared
[korelire11:   10.10.2021, 09:53:26] --> zivezobefo appeared
[korelire11:   10.10.2021, 09:54:34] --> Bot successfully started
[korelire11:   10.10.2021, 09:54:34] --> zivezobefo appeared
[korelire11:   10.10.2021, 09:54:57] --> zivezobefo appeared
[korelire11:   10.10.2021, 09:55:19] --> zivezobefo appeared
[korelire11:   10.10.2021, 09:55:43] --> zivezobefo appeared
[korelire11:   10.10.2021, 09:56:04] --> zivezobefo appeared
[korelire11:   10.10.2021, 09:56:27] --> zivezobefo appeared
[korelire11:   10.10.2021, 09:56:47] --> zivezobefo appeared
[korelire11:   10.10.2021, 09:57:08] --> zivezobefo appeared
[korelire11:   10.10.2021, 09:57:31] --> zivezobefo appeared
[korelire11:   10.10.2021, 09:58:22] --> Char changed: 5 dragon cors collected, total cor count: 5
[korelire11:   10.10.2021, 09:58:22] --> Character was kicked from the bot, reason: Changing character
[zareisrterdf: 10.10.2021, 09:58:33] --> Time passed, now going to talk to alchemist: zareisrterdf
[zareisrterdf: 10.10.2021, 09:58:33] --> Character went to Alchemist
[zareisrterdf: 10.10.2021, 09:58:33] --> Character went to shop
[zareisrterdf: 10.10.2021, 09:58:38] --> pikokezado appeared
[zareisrterdf: 10.10.2021, 09:58:46] --> tebimelipuz appeared
[zareisrterdf: 10.10.2021, 09:59:01] --> Character was kicked from the bot, reason: Character was walking
[zareisrterdf: 10.10.2021, 09:59:10] --> godsistEr2 appeared
[zareisrterdf: 10.10.2021, 09:59:39] --> bopukozekul appeared
[zareisrterdf: 10.10.2021, 09:59:44] --> bopukozekul appeared
[zareisrterdf: 10.10.2021, 10:00:08] --> bopukozekul appeared
[zareisrterdf: 10.10.2021, 10:00:14] --> Character was kicked from the bot, reason: Character was walking
[zareisrterdf: 10.10.2021, 10:00:18] --> bopukozekul appeared
[zareisrterdf: 10.10.2021, 10:00:30] --> bopukozekul appeared
[zareisrterdf: 10.10.2021, 10:00:36] --> Character was kicked from the bot, reason: Character was walking
[zareisrterdf: 10.10.2021, 10:00:40] --> woliwafeliz appeared
[zareisrterdf: 10.10.2021, 10:00:48] --> Character was kicked from the bot, reason: Character was walking
[zareisrterdf: 10.10.2021, 10:01:05] --> zivezobefo appeared
[zareisrterdf: 10.10.2021, 10:01:08] --> zivezobefo appeared
[zareisrterdf: 10.10.2021, 10:03:00] --> Bot successfully started
[zareisrterdf: 10.10.2021, 10:03:00] --> marguerite appeared
[zareisrterdf: 10.10.2021, 10:03:35] --> marguerite appeared
[zareisrterdf: 10.10.2021, 10:04:13] --> marguerite appeared
[zareisrterdf: 10.10.2021, 10:05:01] --> marguerite appeared
[zareisrterdf: 10.10.2021, 10:11:33] --> zurosokiwaka appeared
[zareisrterdf: 10.10.2021, 10:39:11] --> zurosokiwaka appeared
[zareisrterdf: 10.10.2021, 10:39:55] --> zurosokiwaka appeared
[zareisrterdf: 10.10.2021, 10:40:39] --> zurosokiwaka appeared
[zareisrterdf: 10.10.2021, 10:41:44] --> zurosokiwaka appeared
[zareisrterdf: 10.10.2021, 10:42:28] --> zurosokiwaka appeared
[zareisrterdf: 10.10.2021, 10:45:45] --> zurosokiwaka appeared
[zareisrterdf: 10.10.2021, 10:46:31] --> zurosokiwaka appeared
[zareisrterdf: 10.10.2021, 10:47:15] --> zurosokiwaka appeared
[zareisrterdf: 10.10.2021, 10:47:36] --> zurosokiwaka appeared
[zareisrterdf: 10.10.2021, 10:48:25] --> kicutafobiha appeared
[zareisrterdf: 10.10.2021, 10:48:54] --> zurosokiwaka appeared
[zareisrterdf: 10.10.2021, 10:49:09] --> kicutafobiha appeared
[zareisrterdf: 10.10.2021, 10:49:16] --> zurosokiwaka appeared
[zareisrterdf: 10.10.2021, 10:49:40] --> zurosokiwaka appeared
[zareisrterdf: 10.10.2021, 10:49:52] --> kicutafobiha appeared
[zareisrterdf: 10.10.2021, 10:50:01] --> zurosokiwaka appeared
[zareisrterdf: 10.10.2021, 10:50:24] --> zurosokiwaka appeared
[zareisrterdf: 10.10.2021, 10:50:36] --> kicutafobiha appeared
[zareisrterdf: 10.10.2021, 10:50:44] --> zurosokiwaka appeared
[zareisrterdf: 10.10.2021, 10:51:09] --> zurosokiwaka appeared
[zareisrterdf: 10.10.2021, 10:51:30] --> zurosokiwaka appeared
[zareisrterdf: 10.10.2021, 10:51:50] --> zurosokiwaka appeared
[zareisrterdf: 10.10.2021, 10:52:12] --> zurosokiwaka appeared
[zareisrterdf: 10.10.2021, 10:52:33] --> zurosokiwaka appeared
[zareisrterdf: 10.10.2021, 10:52:58] --> zurosokiwaka appeared
[zareisrterdf: 10.10.2021, 10:53:18] --> zurosokiwaka appeared
[zareisrterdf: 10.10.2021, 10:53:41] --> zurosokiwaka appeared
[zareisrterdf: 10.10.2021, 10:54:01] --> zurosokiwaka appeared
[zareisrterdf: 10.10.2021, 10:54:25] --> zurosokiwaka appeared
[zareisrterdf: 10.10.2021, 10:54:46] --> zurosokiwaka appeared
[zareisrterdf: 10.10.2021, 10:55:08] --> zurosokiwaka appeared
[zareisrterdf: 10.10.2021, 10:55:31] --> zurosokiwaka appeared
[zareisrterdf: 10.10.2021, 10:55:52] --> zurosokiwaka appeared
[zareisrterdf: 10.10.2021, 10:56:14] --> zurosokiwaka appeared
[zareisrterdf: 10.10.2021, 10:56:36] --> zurosokiwaka appeared
[zareisrterdf: 10.10.2021, 10:56:58] --> zurosokiwaka appeared
[zareisrterdf: 10.10.2021, 10:57:19] --> zurosokiwaka appeared
[zareisrterdf: 10.10.2021, 10:57:42] --> zurosokiwaka appeared
[zareisrterdf: 10.10.2021, 10:58:03] --> zurosokiwaka appeared
[zareisrterdf: 10.10.2021, 10:58:24] --> zurosokiwaka appeared
[zareisrterdf: 10.10.2021, 10:58:48] --> zurosokiwaka appeared
[zareisrterdf: 10.10.2021, 10:59:09] --> zurosokiwaka appeared
[zareisrterdf: 10.10.2021, 10:59:31] --> zurosokiwaka appeared
[zareisrterdf: 10.10.2021, 10:59:52] --> zurosokiwaka appeared
[zareisrterdf: 10.10.2021, 11:00:15] --> zurosokiwaka appeared
[zareisrterdf: 10.10.2021, 11:02:19] --> mifukakeko appeared
[zareisrterdf: 10.10.2021, 11:03:03] --> mifukakeko appeared
[zareisrterdf: 10.10.2021, 11:03:13] --> nabobidebo appeared
[zareisrterdf: 10.10.2021, 11:06:49] --> Char changed: 5 dragon cors collected, total cor count: 5
[zareisrterdf: 10.10.2021, 11:06:50] --> Character was kicked from the bot, reason: Changing character
[aizferiiltr:  10.10.2021, 11:07:00] --> Time passed, now going to talk to alchemist: aizferiiltr
[aizferiiltr:  10.10.2021, 11:07:00] --> Character went to Alchemist
[aizferiiltr:  10.10.2021, 11:07:01] --> Character went to shop
[aizferiiltr:  10.10.2021, 11:07:28] --> Character was kicked from the bot, reason: Character was walking
[aizferiiltr:  10.10.2021, 11:07:33] --> GrosseFatigu appeared
[aizferiiltr:  10.10.2021, 11:08:36] --> Character was kicked from the bot, reason: Character was walking
[aizferiiltr:  10.10.2021, 11:08:53] --> cepivokolog appeared
[aizferiiltr:  10.10.2021, 11:08:59] --> Character was kicked from the bot, reason: Character was walking
[aizferiiltr:  10.10.2021, 11:09:11] --> Character was kicked from the bot, reason: Character was walking
[aizferiiltr:  10.10.2021, 11:09:28] --> nabobidebo appeared
[aizferiiltr:  10.10.2021, 11:09:49] --> nabobidebo appeared
[aizferiiltr:  10.10.2021, 11:10:10] --> nabobidebo appeared
[aizferiiltr:  10.10.2021, 11:10:33] --> nabobidebo appeared
[aizferiiltr:  10.10.2021, 11:10:55] --> nabobidebo appeared
[aizferiiltr:  10.10.2021, 11:11:18] --> nabobidebo appeared
[aizferiiltr:  10.10.2021, 11:11:39] --> nabobidebo appeared
[aizferiiltr:  10.10.2021, 11:12:03] --> nabobidebo appeared
[aizferiiltr:  10.10.2021, 11:12:23] --> nabobidebo appeared
[aizferiiltr:  10.10.2021, 11:12:44] --> nabobidebo appeared
[aizferiiltr:  10.10.2021, 11:13:06] --> nabobidebo appeared
[aizferiiltr:  10.10.2021, 11:13:28] --> nabobidebo appeared
[aizferiiltr:  10.10.2021, 11:13:51] --> nabobidebo appeared
[aizferiiltr:  10.10.2021, 11:14:12] --> nabobidebo appeared
[aizferiiltr:  10.10.2021, 11:14:34] --> nabobidebo appeared
[aizferiiltr:  10.10.2021, 11:14:55] --> nabobidebo appeared
[aizferiiltr:  10.10.2021, 11:15:18] --> nabobidebo appeared
[aizferiiltr:  10.10.2021, 11:15:39] --> nabobidebo appeared
[aizferiiltr:  10.10.2021, 11:15:59] --> nabobidebo appeared
[aizferiiltr:  10.10.2021, 11:16:24] --> nabobidebo appeared
[aizferiiltr:  10.10.2021, 11:16:45] --> nabobidebo appeared
[aizferiiltr:  10.10.2021, 11:17:09] --> nabobidebo appeared
[aizferiiltr:  10.10.2021, 11:17:30] --> nabobidebo appeared
[aizferiiltr:  10.10.2021, 11:17:54] --> nabobidebo appeared
[aizferiiltr:  10.10.2021, 11:18:14] --> nabobidebo appeared
[aizferiiltr:  10.10.2021, 11:18:40] --> nabobidebo appeared
[aizferiiltr:  10.10.2021, 11:19:00] --> nabobidebo appeared
[aizferiiltr:  10.10.2021, 11:19:21] --> nabobidebo appeared
[aizferiiltr:  10.10.2021, 11:19:44] --> nabobidebo appeared
[aizferiiltr:  10.10.2021, 11:20:05] --> nabobidebo appeared
[aizferiiltr:  10.10.2021, 11:20:29] --> nabobidebo appeared
[aizferiiltr:  10.10.2021, 11:20:48] --> nabobidebo appeared
[aizferiiltr:  10.10.2021, 11:21:13] --> nabobidebo appeared
[aizferiiltr:  10.10.2021, 11:21:32] --> nabobidebo appeared
[aizferiiltr:  10.10.2021, 11:21:53] --> nabobidebo appeared
[aizferiiltr:  10.10.2021, 11:22:18] --> nabobidebo appeared
[aizferiiltr:  10.10.2021, 11:22:39] --> nabobidebo appeared
[aizferiiltr:  10.10.2021, 11:23:03] --> nabobidebo appeared
[aizferiiltr:  10.10.2021, 11:23:23] --> nabobidebo appeared
[aizferiiltr:  10.10.2021, 11:23:47] --> nabobidebo appeared
[aizferiiltr:  10.10.2021, 11:24:06] --> nabobidebo appeared
[aizferiiltr:  10.10.2021, 11:24:20] --> mifukakeko appeared
[aizferiiltr:  10.10.2021, 11:25:07] --> nabobidebo appeared
[aizferiiltr:  10.10.2021, 11:25:29] --> nabobidebo appeared
[aizferiiltr:  10.10.2021, 11:25:50] --> nabobidebo appeared
[aizferiiltr:  10.10.2021, 11:26:10] --> nabobidebo appeared
[aizferiiltr:  10.10.2021, 11:26:34] --> nabobidebo appeared
[aizferiiltr:  10.10.2021, 11:26:55] --> sozobakumul appeared
[aizferiiltr:  10.10.2021, 11:27:15] --> nabobidebo appeared
[aizferiiltr:  10.10.2021, 11:27:39] --> nabobidebo appeared
[aizferiiltr:  10.10.2021, 11:27:59] --> nabobidebo appeared
[aizferiiltr:  10.10.2021, 11:28:21] --> nabobidebo appeared
[aizferiiltr:  10.10.2021, 11:28:42] --> nabobidebo appeared
[aizferiiltr:  10.10.2021, 11:29:05] --> nabobidebo appeared
[aizferiiltr:  10.10.2021, 11:29:29] --> nabobidebo appeared
[aizferiiltr:  10.10.2021, 11:29:48] --> nabobidebo appeared
[aizferiiltr:  10.10.2021, 11:30:12] --> nabobidebo appeared
[aizferiiltr:  10.10.2021, 11:30:32] --> nabobidebo appeared
[aizferiiltr:  10.10.2021, 11:30:56] --> nabobidebo appeared
[aizferiiltr:  10.10.2021, 11:31:10] --> nabobidebo appeared
[aizferiiltr:  10.10.2021, 11:31:15] --> nabobidebo appeared
[aizferiiltr:  10.10.2021, 11:31:37] --> nabobidebo appeared
[aizferiiltr:  10.10.2021, 11:32:00] --> nabobidebo appeared
[aizferiiltr:  10.10.2021, 11:32:20] --> nabobidebo appeared
[aizferiiltr:  10.10.2021, 11:32:44] --> nabobidebo appeared
[aizferiiltr:  10.10.2021, 11:33:05] --> nabobidebo appeared
[aizferiiltr:  10.10.2021, 11:33:27] --> nabobidebo appeared
[aizferiiltr:  10.10.2021, 11:33:48] --> nabobidebo appeared
[aizferiiltr:  10.10.2021, 11:34:10] --> nabobidebo appeared
[aizferiiltr:  10.10.2021, 11:34:31] --> nabobidebo appeared
[aizferiiltr:  10.10.2021, 11:34:53] --> nabobidebo appeared
[aizferiiltr:  10.10.2021, 11:35:16] --> nabobidebo appeared
[aizferiiltr:  10.10.2021, 11:35:38] --> nabobidebo appeared
[aizferiiltr:  10.10.2021, 11:35:59] --> nabobidebo appeared
[aizferiiltr:  10.10.2021, 11:36:20] --> nabobidebo appeared
[aizferiiltr:  10.10.2021, 11:36:44] --> nabobidebo appeared
[aizferiiltr:  10.10.2021, 11:37:05] --> nabobidebo appeared
[aizferiiltr:  10.10.2021, 11:37:26] --> nabobidebo appeared
[aizferiiltr:  10.10.2021, 11:37:49] --> nabobidebo appeared
[aizferiiltr:  10.10.2021, 11:37:51] --> nabobidebo appeared
[aizferiiltr:  10.10.2021, 11:38:10] --> nabobidebo appeared
[aizferiiltr:  10.10.2021, 11:38:35] --> nabobidebo appeared
[aizferiiltr:  10.10.2021, 11:38:54] --> nabobidebo appeared
[aizferiiltr:  10.10.2021, 11:39:18] --> nabobidebo appeared
[aizferiiltr:  10.10.2021, 11:39:20] --> nabobidebo appeared
[aizferiiltr:  10.10.2021, 11:39:41] --> nabobidebo appeared
[aizferiiltr:  10.10.2021, 11:40:00] --> nabobidebo appeared
[aizferiiltr:  10.10.2021, 11:40:25] --> nabobidebo appeared
[aizferiiltr:  10.10.2021, 11:40:44] --> nabobidebo appeared
[aizferiiltr:  10.10.2021, 11:41:09] --> nabobidebo appeared
[aizferiiltr:  10.10.2021, 11:41:28] --> nabobidebo appeared
[aizferiiltr:  10.10.2021, 11:41:53] --> nabobidebo appeared
[aizferiiltr:  10.10.2021, 11:42:14] --> nabobidebo appeared
[aizferiiltr:  10.10.2021, 11:42:37] --> nabobidebo appeared
[aizferiiltr:  10.10.2021, 11:42:57] --> nabobidebo appeared
[aizferiiltr:  10.10.2021, 11:43:17] --> nabobidebo appeared
[aizferiiltr:  10.10.2021, 11:43:41] --> nabobidebo appeared
[aizferiiltr:  10.10.2021, 11:44:01] --> nabobidebo appeared
[aizferiiltr:  10.10.2021, 11:44:24] --> nabobidebo appeared
[aizferiiltr:  10.10.2021, 11:44:46] --> nabobidebo appeared
[aizferiiltr:  10.10.2021, 11:44:48] --> nabobidebo appeared
[aizferiiltr:  10.10.2021, 11:45:09] --> nabobidebo appeared
[aizferiiltr:  10.10.2021, 11:46:48] --> tasltr appeared
[aizferiiltr:  10.10.2021, 11:47:51] --> yastrasts appeared
[aizferiiltr:  10.10.2021, 11:53:52] --> ferloterli11 appeared
[aizferiiltr:  10.10.2021, 11:54:19] --> ferloterli11 appeared
[aizferiiltr:  10.10.2021, 12:09:40] --> Bot successfully started
[aizferiiltr:  10.10.2021, 12:09:41] --> Azytd appeared
[aizferiiltr:  10.10.2021, 12:16:25] --> Bot successfully started
[aizferiiltr:  10.10.2021, 12:17:47] --> Bot successfully started
[aizferiiltr:  10.10.2021, 12:19:34] --> Bot successfully started
[aizferiiltr:  10.10.2021, 12:19:34] --> Gaucho appeared
[aizferiiltr:  10.10.2021, 12:27:06] --> Gauchov1 appeared
[aizferiiltr:  10.10.2021, 12:39:07] --> Azytd appeared
[aizferiiltr:  10.10.2021, 12:39:30] --> Azytd appeared
[aizferiiltr:  10.10.2021, 12:39:54] --> Azytd appeared
[aizferiiltr:  10.10.2021, 12:46:06] --> Gaucho appeared
[aizferiiltr:  10.10.2021, 12:47:16] --> Gaucho appeared
[aizferiiltr:  10.10.2021, 12:47:41] --> Gaucho appeared
[aizferiiltr:  10.10.2021, 12:53:01] --> Gauchov1 appeared
[aizferiiltr:  10.10.2021, 12:53:23] --> Gauchov1 appeared
[aizferiiltr:  10.10.2021, 12:53:29] --> Char changed: 5 dragon cors collected, total cor count: 5
[aizferiiltr:  10.10.2021, 12:53:29] --> Character was kicked from the bot, reason: Changing character
[serderaszc:   10.10.2021, 12:53:39] --> Time passed, now going to talk to alchemist: serderaszc
[serderaszc:   10.10.2021, 12:53:39] --> Character went to Alchemist
[serderaszc:   10.10.2021, 12:53:39] --> Character went to shop
[serderaszc:   10.10.2021, 12:54:01] --> sahufitohoc appeared
[serderaszc:   10.10.2021, 12:54:06] --> Character was kicked from the bot, reason: Character was walking
[serderaszc:   10.10.2021, 12:54:12] --> sahufitohoc appeared
[serderaszc:   10.10.2021, 12:55:15] --> Character was kicked from the bot, reason: Character was walking
[serderaszc:   10.10.2021, 12:55:37] --> Character was kicked from the bot, reason: Character was walking
[serderaszc:   10.10.2021, 12:55:48] --> Character was kicked from the bot, reason: Character was walking
[serderaszc:   10.10.2021, 12:55:51] --> Gauchov1 appeared
[serderaszc:   10.10.2021, 13:28:56] --> Bot successfully started
[serderaszc:   10.10.2021, 13:28:56] --> yasuat appeared
[serderaszc:   10.10.2021, 13:43:09] --> retyrars appeared
[serderaszc:   10.10.2021, 13:43:32] --> retyrars appeared
[serderaszc:   10.10.2021, 13:43:57] --> retyrars appeared
[serderaszc:   10.10.2021, 13:44:20] --> retyrars appeared
[serderaszc:   10.10.2021, 13:44:46] --> retyrars appeared
[serderaszc:   10.10.2021, 13:45:09] --> retyrars appeared
[serderaszc:   10.10.2021, 13:45:30] --> retyrars appeared
[serderaszc:   10.10.2021, 13:45:56] --> retyrars appeared
[serderaszc:   10.10.2021, 13:46:20] --> retyrars appeared
[serderaszc:   10.10.2021, 13:46:42] --> retyrars appeared
[serderaszc:   10.10.2021, 13:47:48] --> turast appeared
[serderaszc:   10.10.2021, 14:14:12] --> turast appeared
[serderaszc:   10.10.2021, 14:14:34] --> turast appeared
[serderaszc:   10.10.2021, 14:15:03] --> tyrsats appeared
[serderaszc:   10.10.2021, 14:15:25] --> tyrsats appeared
[serderaszc:   10.10.2021, 14:15:48] --> tyrsats appeared
[serderaszc:   10.10.2021, 14:25:39] --> turast appeared
[serderaszc:   10.10.2021, 14:26:01] --> turast appeared
[serderaszc:   10.10.2021, 14:30:36] --> Char changed: 5 dragon cors collected, total cor count: 5
[serderaszc:   10.10.2021, 14:30:37] --> Character was kicked from the bot, reason: Changing character
[koperwersa:   10.10.2021, 14:30:49] --> Time passed, now going to talk to alchemist: koperwersa
[koperwersa:   10.10.2021, 14:30:49] --> Character went to Alchemist
[koperwersa:   10.10.2021, 14:30:50] --> Character went to shop
[koperwersa:   10.10.2021, 14:31:16] --> Kautcho appeared
[koperwersa:   10.10.2021, 14:31:27] --> yastrasts appeared
[koperwersa:   10.10.2021, 14:31:32] --> Character was kicked from the bot, reason: Character was walking
[koperwersa:   10.10.2021, 14:31:36] --> yastrasts appeared
[koperwersa:   10.10.2021, 14:31:56] --> Character was kicked from the bot, reason: Character was walking
[koperwersa:   10.10.2021, 14:31:59] --> tyrsats appeared
[koperwersa:   10.10.2021, 14:34:03] --> tyrsats appeared
[koperwersa:   10.10.2021, 14:34:24] --> tyrsats appeared
[koperwersa:   10.10.2021, 14:34:28] --> Character leveled up to level 50
[koperwersa:   10.10.2021, 14:34:45] --> yurtasz appeared
[koperwersa:   10.10.2021, 14:35:29] --> yurtasz appeared
[koperwersa:   10.10.2021, 14:43:17] --> yastrasts appeared
[koperwersa:   10.10.2021, 14:50:31] --> yastrasts appeared
[koperwersa:   10.10.2021, 14:50:52] --> yastrasts appeared
[koperwersa:   10.10.2021, 14:51:13] --> yastrasts appeared
[koperwersa:   10.10.2021, 15:21:21] --> aertyo appeared
[koperwersa:   10.10.2021, 15:21:45] --> aertyo appeared
[koperwersa:   10.10.2021, 15:22:10] --> aertyo appeared
[koperwersa:   10.10.2021, 15:22:26] --> tsubsxt appeared
[koperwersa:   10.10.2021, 15:22:48] --> tsubsxt appeared
[koperwersa:   10.10.2021, 15:23:10] --> tsubsxt appeared
[koperwersa:   10.10.2021, 15:23:38] --> tsubsxt appeared
[koperwersa:   10.10.2021, 15:23:59] --> tsubsxt appeared
[koperwersa:   10.10.2021, 15:24:24] --> tsubsxt appeared
[koperwersa:   10.10.2021, 15:24:46] --> tsubsxt appeared
[koperwersa:   10.10.2021, 15:25:07] --> tsubsxt appeared
[koperwersa:   10.10.2021, 15:25:32] --> tsubsxt appeared
[koperwersa:   10.10.2021, 15:25:54] --> tsubsxt appeared
[koperwersa:   10.10.2021, 15:26:18] --> aertyo appeared
[koperwersa:   10.10.2021, 15:26:39] --> aertyo appeared
[koperwersa:   10.10.2021, 15:27:01] --> tasltr appeared
[koperwersa:   10.10.2021, 15:27:22] --> aertyo appeared
[koperwersa:   10.10.2021, 15:36:18] --> tasltr appeared
[koperwersa:   10.10.2021, 15:37:05] --> tasltr appeared
[koperwersa:   10.10.2021, 15:37:29] --> tasltr appeared
[koperwersa:   10.10.2021, 15:37:50] --> tasltr appeared
[koperwersa:   10.10.2021, 15:38:16] --> tasltr appeared
[koperwersa:   10.10.2021, 15:38:39] --> tasltr appeared
[koperwersa:   10.10.2021, 15:39:03] --> tasltr appeared
[koperwersa:   10.10.2021, 15:39:23] --> yastera appeared
[koperwersa:   10.10.2021, 15:39:46] --> tasltr appeared
[koperwersa:   10.10.2021, 15:40:09] --> tasltr appeared
[koperwersa:   10.10.2021, 15:40:32] --> tasltr appeared
[koperwersa:   10.10.2021, 15:41:16] --> tasltr appeared
[koperwersa:   10.10.2021, 15:52:57] --> tasltr appeared
[koperwersa:   10.10.2021, 15:53:14] --> Bot terminated: 5 dragon cors collected, total cor count: 5
[korelire11:   11.10.2021, 03:07:46] --> Bot successfully started
[korelire11:   11.10.2021, 03:07:46] --> pekurinozo appeared
[korelire11:   11.10.2021, 03:07:52] --> Time passed, now going to talk to alchemist: korelire11
[korelire11:   11.10.2021, 03:07:52] --> Character went to Alchemist
[korelire11:   11.10.2021, 03:07:52] --> Character went to shop
[korelire11:   11.10.2021, 03:08:07] --> fukofomuhi appeared
[korelire11:   11.10.2021, 03:08:19] --> Character was kicked from the bot, reason: Character was walking
[korelire11:   11.10.2021, 03:08:24] --> vatokeluhu appeared
[korelire11:   11.10.2021, 03:09:26] --> Character was kicked from the bot, reason: Character was walking
[korelire11:   11.10.2021, 03:09:31] --> fukofomuhi appeared
[korelire11:   11.10.2021, 03:09:48] --> Character was kicked from the bot, reason: Character was walking
[korelire11:   11.10.2021, 03:09:52] --> zerinogika appeared
[korelire11:   11.10.2021, 03:13:22] --> zerinogika appeared
[korelire11:   11.10.2021, 03:13:25] --> zerinogika appeared
[korelire11:   11.10.2021, 03:16:26] --> Bot successfully started
[korelire11:   11.10.2021, 03:16:26] --> zerinogika appeared
[korelire11:   11.10.2021, 03:16:38] --> zerinogika appeared
[korelire11:   11.10.2021, 03:16:51] --> zerinogika appeared
[korelire11:   11.10.2021, 03:17:46] --> zerinogika appeared
[korelire11:   11.10.2021, 03:18:03] --> zerinogika appeared
[korelire11:   11.10.2021, 03:19:11] --> zerinogika appeared
[korelire11:   11.10.2021, 03:19:26] --> zerinogika appeared
[korelire11:   11.10.2021, 03:19:29] --> zerinogika appeared
[korelire11:   11.10.2021, 03:20:21] --> zerinogika appeared
[korelire11:   11.10.2021, 03:21:44] --> pekurinozo appeared
[korelire11:   11.10.2021, 03:21:59] --> zerinogika appeared
[korelire11:   11.10.2021, 03:22:54] --> zerinogika appeared
[korelire11:   11.10.2021, 03:23:10] --> zerinogika appeared
[korelire11:   11.10.2021, 03:24:19] --> zerinogika appeared
[korelire11:   11.10.2021, 03:24:33] --> zerinogika appeared
[korelire11:   11.10.2021, 03:24:37] --> zerinogika appeared
[korelire11:   11.10.2021, 03:25:43] --> zerinogika appeared
[korelire11:   11.10.2021, 03:25:57] --> zerinogika appeared
[korelire11:   11.10.2021, 03:26:53] --> zerinogika appeared
[korelire11:   11.10.2021, 03:27:03] --> zokokegika appeared
[korelire11:   11.10.2021, 03:28:22] --> zokokegika appeared
[korelire11:   11.10.2021, 03:28:56] --> tesarivewa appeared
[korelire11:   11.10.2021, 03:30:05] --> zokokegika appeared
[korelire11:   11.10.2021, 03:30:21] --> zokokegika appeared
[korelire11:   11.10.2021, 03:31:15] --> zokokegika appeared
[korelire11:   11.10.2021, 03:31:28] --> zokokegika appeared
[korelire11:   11.10.2021, 03:31:31] --> zokokegika appeared
[korelire11:   11.10.2021, 03:32:40] --> zokokegika appeared
[korelire11:   11.10.2021, 03:32:53] --> zokokegika appeared
[korelire11:   11.10.2021, 03:35:13] --> zokokegika appeared
[korelire11:   11.10.2021, 03:35:27] --> zokokegika appeared
[korelire11:   11.10.2021, 03:36:37] --> zokokegika appeared
[korelire11:   11.10.2021, 03:36:52] --> zokokegika appeared
[korelire11:   11.10.2021, 03:37:47] --> zokokegika appeared
[korelire11:   11.10.2021, 03:38:02] --> zokokegika appeared
[korelire11:   11.10.2021, 03:39:25] --> zokokegika appeared
[korelire11:   11.10.2021, 03:40:21] --> zokokegika appeared
[korelire11:   11.10.2021, 03:40:36] --> zokokegika appeared
[korelire11:   11.10.2021, 03:41:45] --> zokokegika appeared
[korelire11:   11.10.2021, 03:41:47] --> Char changed: 5 dragon cors collected, total cor count: 10
[korelire11:   11.10.2021, 03:41:47] --> Character was kicked from the bot, reason: Changing character
[zareisrterdf: 11.10.2021, 03:41:58] --> Time passed, now going to talk to alchemist: zareisrterdf
[zareisrterdf: 11.10.2021, 03:41:58] --> Character went to Alchemist
[zareisrterdf: 11.10.2021, 03:41:58] --> Character went to shop
[zareisrterdf: 11.10.2021, 03:42:27] --> Character was kicked from the bot, reason: Character was walking
[zareisrterdf: 11.10.2021, 03:44:15] --> Character was kicked from the bot, reason: Character was walking
[zareisrterdf: 11.10.2021, 03:44:22] --> tahizifofa appeared
[zareisrterdf: 11.10.2021, 03:44:38] --> Character was kicked from the bot, reason: Character was walking
[zareisrterdf: 11.10.2021, 03:44:42] --> korevudiva appeared
[zareisrterdf: 11.10.2021, 03:45:44] --> zokokegika appeared
[zareisrterdf: 11.10.2021, 03:47:07] --> zokokegika appeared
[zareisrterdf: 11.10.2021, 03:48:34] --> zokokegika appeared
[zareisrterdf: 11.10.2021, 03:49:37] --> konezikocuz appeared
[zareisrterdf: 11.10.2021, 03:50:52] --> konezikocuz appeared
[zareisrterdf: 11.10.2021, 03:51:28] --> konezikocuz appeared
[zareisrterdf: 11.10.2021, 03:51:42] --> konezikocuz appeared
[zareisrterdf: 11.10.2021, 03:52:52] --> tesarivewa appeared
[zareisrterdf: 11.10.2021, 03:53:06] --> konezikocuz appeared
[zareisrterdf: 11.10.2021, 03:54:04] --> konezikocuz appeared
[zareisrterdf: 11.10.2021, 03:54:18] --> konezikocuz appeared
[zareisrterdf: 11.10.2021, 03:55:26] --> konezikocuz appeared
[zareisrterdf: 11.10.2021, 03:55:44] --> konezikocuz appeared
[zareisrterdf: 11.10.2021, 03:56:50] --> konezikocuz appeared
[zareisrterdf: 11.10.2021, 03:57:05] --> konezikocuz appeared
[zareisrterdf: 11.10.2021, 03:58:00] --> konezikocuz appeared
[zareisrterdf: 11.10.2021, 03:58:14] --> konezikocuz appeared
[zareisrterdf: 11.10.2021, 03:59:19] --> konezikocuz appeared
[zareisrterdf: 11.10.2021, 03:59:23] --> zivezobefo appeared
[zareisrterdf: 11.10.2021, 04:00:50] --> konezikocuz appeared
[zareisrterdf: 11.10.2021, 04:01:58] --> konezikocuz appeared
[zareisrterdf: 11.10.2021, 04:02:15] --> konezikocuz appeared
[zareisrterdf: 11.10.2021, 04:03:22] --> konezikocuz appeared
[zareisrterdf: 11.10.2021, 04:03:52] --> korevudiva appeared
[zareisrterdf: 11.10.2021, 04:04:40] --> konezikocuz appeared
[zareisrterdf: 11.10.2021, 04:08:04] --> konezikocuz appeared
[zareisrterdf: 11.10.2021, 04:09:12] --> konezikocuz appeared
[zareisrterdf: 11.10.2021, 04:09:26] --> konezikocuz appeared
[zareisrterdf: 11.10.2021, 04:09:30] --> konezikocuz appeared
[zareisrterdf: 11.10.2021, 04:10:22] --> konezikocuz appeared
[zareisrterdf: 11.10.2021, 04:10:37] --> konezikocuz appeared
[zareisrterdf: 11.10.2021, 04:10:51] --> konezikocuz appeared
[zareisrterdf: 11.10.2021, 04:11:42] --> konezikocuz appeared
[zareisrterdf: 11.10.2021, 04:11:43] --> konezikocuz appeared
[zareisrterdf: 11.10.2021, 04:11:46] --> konezikocuz appeared
[zareisrterdf: 11.10.2021, 04:12:00] --> konezikocuz appeared
[zareisrterdf: 11.10.2021, 04:13:12] --> konezikocuz appeared
[zareisrterdf: 11.10.2021, 04:14:37] --> konezikocuz appeared
[zareisrterdf: 11.10.2021, 04:15:44] --> konezikocuz appeared
[zareisrterdf: 11.10.2021, 04:15:58] --> konezikocuz appeared
[zareisrterdf: 11.10.2021, 04:16:03] --> konezikocuz appeared
[zareisrterdf: 11.10.2021, 04:16:54] --> konezikocuz appeared
[zareisrterdf: 11.10.2021, 04:17:10] --> konezikocuz appeared
[zareisrterdf: 11.10.2021, 04:18:15] --> konezikocuz appeared
[zareisrterdf: 11.10.2021, 04:18:19] --> konezikocuz appeared
[zareisrterdf: 11.10.2021, 04:18:32] --> konezikocuz appeared
[zareisrterdf: 11.10.2021, 04:18:36] --> Char changed: 5 dragon cors collected, total cor count: 10
[zareisrterdf: 11.10.2021, 04:18:37] --> Character was kicked from the bot, reason: Changing character
[zareisrterdf: 11.10.2021, 04:19:09] --> dasedukika appeared
[aizferiiltr:  11.10.2021, 04:19:14] --> Time passed, now going to talk to alchemist: aizferiiltr
[aizferiiltr:  11.10.2021, 04:19:14] --> Character went to Alchemist
[aizferiiltr:  11.10.2021, 04:19:14] --> Character went to shop
[aizferiiltr:  11.10.2021, 04:19:26] --> dasedukika appeared
[aizferiiltr:  11.10.2021, 04:19:37] --> dasedukika appeared
[aizferiiltr:  11.10.2021, 04:19:43] --> Character was kicked from the bot, reason: Character was walking
[aizferiiltr:  11.10.2021, 04:19:49] --> dasedukika appeared
[aizferiiltr:  11.10.2021, 04:20:40] --> tebimelipuz appeared
[aizferiiltr:  11.10.2021, 04:21:28] --> Character was kicked from the bot, reason: Character was walking
[aizferiiltr:  11.10.2021, 04:21:51] --> dasedukika appeared
[aizferiiltr:  11.10.2021, 04:21:52] --> Character was kicked from the bot, reason: Character was walking
[aizferiiltr:  11.10.2021, 04:21:56] --> dasedukika appeared
[aizferiiltr:  11.10.2021, 04:22:26] --> dasedukika appeared
[aizferiiltr:  11.10.2021, 04:22:40] --> dasedukika appeared
[aizferiiltr:  11.10.2021, 04:23:35] --> dasedukika appeared
[aizferiiltr:  11.10.2021, 04:23:51] --> dasedukika appeared
[aizferiiltr:  11.10.2021, 04:25:14] --> dasedukika appeared
[aizferiiltr:  11.10.2021, 04:26:11] --> dasedukika appeared
[aizferiiltr:  11.10.2021, 04:26:24] --> dasedukika appeared
[aizferiiltr:  11.10.2021, 04:27:34] --> dasedukika appeared
[aizferiiltr:  11.10.2021, 04:32:57] --> dasedukika appeared
[aizferiiltr:  11.10.2021, 04:34:20] --> dasedukika appeared
[aizferiiltr:  11.10.2021, 04:35:16] --> dasedukika appeared
[aizferiiltr:  11.10.2021, 04:35:32] --> dasedukika appeared
[aizferiiltr:  11.10.2021, 04:36:55] --> dasedukika appeared
[aizferiiltr:  11.10.2021, 04:36:59] --> dasedukika appeared
[aizferiiltr:  11.10.2021, 04:38:05] --> dasedukika appeared
[aizferiiltr:  11.10.2021, 04:39:19] --> dasedukika appeared
[aizferiiltr:  11.10.2021, 04:39:32] --> dasedukika appeared
[aizferiiltr:  11.10.2021, 04:40:42] --> dasedukika appeared
[aizferiiltr:  11.10.2021, 04:40:55] --> dasedukika appeared
[aizferiiltr:  11.10.2021, 04:42:07] --> dasedukika appeared
[aizferiiltr:  11.10.2021, 04:43:14] --> dasedukika appeared
[aizferiiltr:  11.10.2021, 04:43:32] --> dasedukika appeared
[aizferiiltr:  11.10.2021, 04:44:38] --> dasedukika appeared
[aizferiiltr:  11.10.2021, 04:45:45] --> dasedukika appeared
[aizferiiltr:  11.10.2021, 04:45:49] --> dasedukika appeared
[aizferiiltr:  11.10.2021, 04:46:03] --> dasedukika appeared
[aizferiiltr:  11.10.2021, 04:46:05] --> dasedukika appeared
[aizferiiltr:  11.10.2021, 04:47:12] --> Char changed: 5 dragon cors collected, total cor count: 10
[aizferiiltr:  11.10.2021, 04:47:12] --> Character was kicked from the bot, reason: Changing character
[serderaszc:   11.10.2021, 04:47:49] --> Time passed, now going to talk to alchemist: serderaszc
[serderaszc:   11.10.2021, 04:47:49] --> Character went to Alchemist
[serderaszc:   11.10.2021, 04:47:49] --> Character went to shop
[serderaszc:   11.10.2021, 04:48:18] --> Character was kicked from the bot, reason: Character was walking
[serderaszc:   11.10.2021, 04:48:23] --> bepofacadota appeared
[serderaszc:   11.10.2021, 04:49:27] --> Character was kicked from the bot, reason: Character was walking
[serderaszc:   11.10.2021, 04:49:34] --> fisogevozog appeared
[serderaszc:   11.10.2021, 04:49:51] --> Character was kicked from the bot, reason: Character was walking
[serderaszc:   11.10.2021, 04:50:08] --> katofetibog appeared
[serderaszc:   11.10.2021, 04:50:24] --> katofetibog appeared
[serderaszc:   11.10.2021, 04:50:40] --> katofetibog appeared
[serderaszc:   11.10.2021, 04:50:42] --> katofetibog appeared
[serderaszc:   11.10.2021, 04:51:35] --> katofetibog appeared
[serderaszc:   11.10.2021, 04:51:49] --> katofetibog appeared
[serderaszc:   11.10.2021, 04:52:59] --> katofetibog appeared
[serderaszc:   11.10.2021, 04:54:08] --> katofetibog appeared
[serderaszc:   11.10.2021, 04:54:23] --> katofetibog appeared
[serderaszc:   11.10.2021, 04:54:27] --> katofetibog appeared
[serderaszc:   11.10.2021, 04:55:18] --> katofetibog appeared
[serderaszc:   11.10.2021, 04:55:33] --> katofetibog appeared
[serderaszc:   11.10.2021, 04:55:47] --> katofetibog appeared
[serderaszc:   11.10.2021, 04:56:36] --> katofetibog appeared
[serderaszc:   11.10.2021, 04:57:46] --> katofetibog appeared
[serderaszc:   11.10.2021, 04:58:57] --> katofetibog appeared
[serderaszc:   11.10.2021, 04:59:09] --> katofetibog appeared
[serderaszc:   11.10.2021, 05:00:21] --> katofetibog appeared
[serderaszc:   11.10.2021, 05:01:30] --> katofetibog appeared
[serderaszc:   11.10.2021, 05:01:48] --> katofetibog appeared
[serderaszc:   11.10.2021, 05:02:39] --> katofetibog appeared
[serderaszc:   11.10.2021, 05:02:54] --> katofetibog appeared
[serderaszc:   11.10.2021, 05:04:06] --> katofetibog appeared
[serderaszc:   11.10.2021, 05:05:13] --> katofetibog appeared
[serderaszc:   11.10.2021, 05:05:29] --> katofetibog appeared
[serderaszc:   11.10.2021, 05:05:31] --> katofetibog appeared
[serderaszc:   11.10.2021, 05:06:23] --> katofetibog appeared
[serderaszc:   11.10.2021, 05:06:52] --> katofetibog appeared
[serderaszc:   11.10.2021, 05:08:36] --> katofetibog appeared
[serderaszc:   11.10.2021, 05:08:56] --> katofetibog appeared
[serderaszc:   11.10.2021, 05:09:10] --> katofetibog appeared
[serderaszc:   11.10.2021, 05:10:05] --> katofetibog appeared
[serderaszc:   11.10.2021, 05:10:20] --> katofetibog appeared
[serderaszc:   11.10.2021, 05:10:34] --> katofetibog appeared
[serderaszc:   11.10.2021, 05:11:29] --> katofetibog appeared
[serderaszc:   11.10.2021, 05:11:43] --> katofetibog appeared
[serderaszc:   11.10.2021, 05:12:39] --> katofetibog appeared
[serderaszc:   11.10.2021, 05:12:55] --> katofetibog appeared
[serderaszc:   11.10.2021, 05:14:02] --> katofetibog appeared
[serderaszc:   11.10.2021, 05:14:17] --> katofetibog appeared
[serderaszc:   11.10.2021, 05:15:09] --> sugozibezez appeared
[serderaszc:   11.10.2021, 05:15:14] --> katofetibog appeared
[serderaszc:   11.10.2021, 05:15:27] --> katofetibog appeared
[serderaszc:   11.10.2021, 05:16:41] --> katofetibog appeared
[serderaszc:   11.10.2021, 05:16:52] --> katofetibog appeared
[serderaszc:   11.10.2021, 05:17:47] --> katofetibog appeared
[serderaszc:   11.10.2021, 05:18:01] --> katofetibog appeared
[serderaszc:   11.10.2021, 05:18:05] --> katofetibog appeared
[serderaszc:   11.10.2021, 05:18:57] --> katofetibog appeared
[serderaszc:   11.10.2021, 05:19:12] --> katofetibog appeared
[serderaszc:   11.10.2021, 05:20:21] --> katofetibog appeared
[serderaszc:   11.10.2021, 05:21:31] --> katofetibog appeared
[serderaszc:   11.10.2021, 05:21:47] --> katofetibog appeared
[serderaszc:   11.10.2021, 05:22:55] --> katofetibog appeared
[serderaszc:   11.10.2021, 05:23:10] --> katofetibog appeared
[serderaszc:   11.10.2021, 05:24:56] --> Bot successfully started
[serderaszc:   11.10.2021, 05:25:12] --> pomifatifaba appeared
[serderaszc:   11.10.2021, 05:26:18] --> pomifatifaba appeared
[serderaszc:   11.10.2021, 05:30:10] --> Char changed: 5 dragon cors collected, total cor count: 10
[serderaszc:   11.10.2021, 05:30:11] --> Character was kicked from the bot, reason: Changing character
[koperwersa:   11.10.2021, 05:30:52] --> Bot terminated: 5 dragon cors collected, total cor count: 5
[korelire11:   12.10.2021, 03:07:45] --> Bot successfully started
[korelire11:   12.10.2021, 03:07:46] --> zerinogika appeared
[korelire11:   12.10.2021, 03:07:51] --> Time passed, now going to talk to alchemist: korelire11
[korelire11:   12.10.2021, 03:07:51] --> Character went to Alchemist
[korelire11:   12.10.2021, 03:07:51] --> Character went to shop
[korelire11:   12.10.2021, 03:08:12] --> pahibudigak appeared
[korelire11:   12.10.2021, 03:08:18] --> Character was kicked from the bot, reason: Character was walking
[korelire11:   12.10.2021, 03:08:24] --> pahibudigak appeared
[korelire11:   12.10.2021, 03:09:27] --> Character was kicked from the bot, reason: Character was walking
[korelire11:   12.10.2021, 03:09:48] --> Character was kicked from the bot, reason: Character was walking
[korelire11:   12.10.2021, 03:09:51] --> zerinogika appeared
[korelire11:   12.10.2021, 03:10:08] --> zerinogika appeared
[korelire11:   12.10.2021, 03:11:18] --> zerinogika appeared
[korelire11:   12.10.2021, 03:12:24] --> zerinogika appeared
[korelire11:   12.10.2021, 03:12:28] --> zerinogika appeared
[korelire11:   12.10.2021, 03:12:41] --> zerinogika appeared
[korelire11:   12.10.2021, 03:13:51] --> zerinogika appeared
[korelire11:   12.10.2021, 03:15:02] --> zerinogika appeared
[korelire11:   12.10.2021, 03:15:18] --> zerinogika appeared
[korelire11:   12.10.2021, 03:16:26] --> zerinogika appeared
[korelire11:   12.10.2021, 03:16:39] --> zerinogika appeared
[korelire11:   12.10.2021, 03:16:43] --> zerinogika appeared
[korelire11:   12.10.2021, 03:18:46] --> Bot successfully started
[korelire11:   12.10.2021, 03:18:46] --> zerinogika appeared
[korelire11:   12.10.2021, 03:19:42] --> zerinogika appeared
[korelire11:   12.10.2021, 03:19:59] --> zerinogika appeared
[korelire11:   12.10.2021, 03:21:05] --> zerinogika appeared
[korelire11:   12.10.2021, 03:24:56] --> Bot successfully started
[korelire11:   12.10.2021, 03:24:56] --> zerinogika appeared
[korelire11:   12.10.2021, 03:25:18] --> zerinogika appeared
[korelire11:   12.10.2021, 03:25:33] --> zerinogika appeared
[korelire11:   12.10.2021, 03:26:41] --> zerinogika appeared
[korelire11:   12.10.2021, 03:27:00] --> zerinogika appeared
[korelire11:   12.10.2021, 03:28:05] --> zerinogika appeared
[korelire11:   12.10.2021, 03:28:19] --> zerinogika appeared
[korelire11:   12.10.2021, 03:29:10] --> zerinogika appeared
[korelire11:   12.10.2021, 03:29:15] --> zerinogika appeared
[korelire11:   12.10.2021, 03:29:35] --> zerinogika appeared
[korelire11:   12.10.2021, 03:30:39] --> zerinogika appeared
[korelire11:   12.10.2021, 03:30:53] --> zerinogika appeared
[korelire11:   12.10.2021, 03:32:05] --> zerinogika appeared
[korelire11:   12.10.2021, 03:33:13] --> zerinogika appeared
[korelire11:   12.10.2021, 03:33:30] --> zerinogika appeared
[korelire11:   12.10.2021, 03:34:22] --> zerinogika appeared
[korelire11:   12.10.2021, 03:34:37] --> zerinogika appeared
[korelire11:   12.10.2021, 03:34:52] --> zerinogika appeared
[korelire11:   12.10.2021, 03:36:33] --> korevudiva appeared
[korelire11:   12.10.2021, 03:38:13] --> zokokegika appeared
[korelire11:   12.10.2021, 03:39:02] --> zokokegika appeared
[korelire11:   12.10.2021, 03:39:17] --> zokokegika appeared
[korelire11:   12.10.2021, 03:40:08] --> zokokegika appeared
[korelire11:   12.10.2021, 03:40:13] --> zokokegika appeared
[korelire11:   12.10.2021, 03:40:28] --> zokokegika appeared
[korelire11:   12.10.2021, 03:42:25] --> Char changed: 5 dragon cors collected, total cor count: 15
[korelire11:   12.10.2021, 03:42:26] --> Character was kicked from the bot, reason: Changing character
[zareisrterdf: 12.10.2021, 03:42:37] --> Time passed, now going to talk to alchemist: zareisrterdf
[zareisrterdf: 12.10.2021, 03:42:37] --> Character went to Alchemist
[zareisrterdf: 12.10.2021, 03:42:37] --> Character went to shop
[zareisrterdf: 12.10.2021, 03:42:59] --> mefuwubefobu appeared
[zareisrterdf: 12.10.2021, 03:43:05] --> Character was kicked from the bot, reason: Character was walking
[zareisrterdf: 12.10.2021, 03:43:11] --> mefuwubefobu appeared
[zareisrterdf: 12.10.2021, 03:43:24] --> huwazegini appeared
[zareisrterdf: 12.10.2021, 03:44:15] --> Character was kicked from the bot, reason: Character was walking
[zareisrterdf: 12.10.2021, 03:44:40] --> Character was kicked from the bot, reason: Character was walking
[zareisrterdf: 12.10.2021, 03:44:45] --> korevudiva appeared
[zareisrterdf: 12.10.2021, 03:47:24] --> zokokegika appeared
[zareisrterdf: 12.10.2021, 03:48:32] --> zokokegika appeared
[zareisrterdf: 12.10.2021, 03:48:46] --> zokokegika appeared
[zareisrterdf: 12.10.2021, 03:48:50] --> zokokegika appeared
[zareisrterdf: 12.10.2021, 03:51:06] --> zokokegika appeared
[zareisrterdf: 12.10.2021, 03:59:04] --> zokokegika appeared
[zareisrterdf: 12.10.2021, 04:01:57] --> Bot successfully started
[zareisrterdf: 12.10.2021, 04:01:57] --> rocucurevu appeared
[zareisrterdf: 12.10.2021, 04:09:33] --> zokokegika appeared
[zareisrterdf: 12.10.2021, 04:10:43] --> zokokegika appeared
[zareisrterdf: 12.10.2021, 04:12:08] --> zokokegika appeared
[zareisrterdf: 12.10.2021, 04:14:57] --> kikorafabumi appeared
[zareisrterdf: 12.10.2021, 04:15:00] --> getukokunam appeared
[zareisrterdf: 12.10.2021, 04:16:21] --> getukokunam appeared
[zareisrterdf: 12.10.2021, 04:17:17] --> getukokunam appeared
[zareisrterdf: 12.10.2021, 04:18:41] --> getukokunam appeared
[zareisrterdf: 12.10.2021, 04:20:08] --> getukokunam appeared
[zareisrterdf: 12.10.2021, 04:27:14] --> Char changed: 5 dragon cors collected, total cor count: 15
[zareisrterdf: 12.10.2021, 04:27:14] --> Character was kicked from the bot, reason: Changing character
[aizferiiltr:  12.10.2021, 04:27:26] --> Time passed, now going to talk to alchemist: aizferiiltr
[aizferiiltr:  12.10.2021, 04:27:26] --> Character went to Alchemist
[aizferiiltr:  12.10.2021, 04:27:26] --> Character went to shop
[aizferiiltr:  12.10.2021, 04:27:54] --> Character was kicked from the bot, reason: Character was walking
[aizferiiltr:  12.10.2021, 04:28:17] --> vohefinovaro appeared
[aizferiiltr:  12.10.2021, 04:29:04] --> Character was kicked from the bot, reason: Character was walking
[aizferiiltr:  12.10.2021, 04:29:27] --> zolikohaziri appeared
[aizferiiltr:  12.10.2021, 04:29:28] --> Character was kicked from the bot, reason: Character was walking
[aizferiiltr:  12.10.2021, 04:29:33] --> getukokunam appeared
[aizferiiltr:  12.10.2021, 04:34:13] --> Bot successfully started
[aizferiiltr:  12.10.2021, 04:34:13] --> getukokunam appeared
[aizferiiltr:  12.10.2021, 04:46:45] --> konezikocuz appeared
[aizferiiltr:  12.10.2021, 04:46:58] --> konezikocuz appeared
[aizferiiltr:  12.10.2021, 04:47:53] --> konezikocuz appeared
[aizferiiltr:  12.10.2021, 04:48:10] --> konezikocuz appeared
[aizferiiltr:  12.10.2021, 04:51:49] --> cemuvogivik appeared
[aizferiiltr:  12.10.2021, 04:53:17] --> konezikocuz appeared
[aizferiiltr:  12.10.2021, 04:55:30] --> cemuvogivik appeared
[aizferiiltr:  12.10.2021, 04:55:33] --> cemuvogivik appeared
[aizferiiltr:  12.10.2021, 04:55:47] --> cemuvogivik appeared
[aizferiiltr:  12.10.2021, 05:02:02] --> tebukogefu appeared
[aizferiiltr:  12.10.2021, 05:07:29] --> Char changed: 5 dragon cors collected, total cor count: 15
[aizferiiltr:  12.10.2021, 05:07:29] --> Character was kicked from the bot, reason: Changing character
[serderaszc:   12.10.2021, 05:07:40] --> Time passed, now going to talk to alchemist: serderaszc
[serderaszc:   12.10.2021, 05:07:40] --> Character went to Alchemist
[serderaszc:   12.10.2021, 05:07:40] --> Character went to shop
[serderaszc:   12.10.2021, 05:08:09] --> Character was kicked from the bot, reason: Character was walking
[serderaszc:   12.10.2021, 05:09:18] --> Character was kicked from the bot, reason: Character was walking
[serderaszc:   12.10.2021, 05:10:26] --> Bot successfully started
[serderaszc:   12.10.2021, 05:10:34] --> Character was kicked from the bot, reason: Character was walking
[serderaszc:   12.10.2021, 05:10:38] --> dasedukika appeared
[serderaszc:   12.10.2021, 05:11:49] --> kikorafabumi appeared
[serderaszc:   12.10.2021, 05:11:53] --> cemuvogivik appeared
[serderaszc:   12.10.2021, 05:13:02] --> dasedukika appeared
[serderaszc:   12.10.2021, 05:13:16] --> dasedukika appeared
[serderaszc:   12.10.2021, 05:15:38] --> cemuvogivik appeared
[serderaszc:   12.10.2021, 05:15:50] --> cemuvogivik appeared
[serderaszc:   12.10.2021, 05:16:46] --> cemuvogivik appeared
[serderaszc:   12.10.2021, 05:18:11] --> cemuvogivik appeared
[serderaszc:   12.10.2021, 05:22:17] --> Bot successfully started
[serderaszc:   12.10.2021, 05:22:17] --> cazezukidude appeared
[serderaszc:   12.10.2021, 05:45:29] --> dasedukika appeared
[serderaszc:   12.10.2021, 05:47:24] --> Bot successfully started
[serderaszc:   12.10.2021, 05:47:24] --> cazezukidude appeared
[serderaszc:   12.10.2021, 05:50:50] --> pomifatifaba appeared
[serderaszc:   12.10.2021, 05:51:53] --> Char changed: 5 dragon cors collected, total cor count: 15
[serderaszc:   12.10.2021, 05:51:54] --> Character was kicked from the bot, reason: Changing character
[koperwersa:   12.10.2021, 05:52:01] --> katofetibog appeared
[koperwersa:   12.10.2021, 05:52:05] --> Time passed, now going to talk to alchemist: koperwersa
[koperwersa:   12.10.2021, 05:52:05] --> Character went to Alchemist
[koperwersa:   12.10.2021, 05:52:05] --> Character went to shop
[koperwersa:   12.10.2021, 05:52:26] --> bebowuware appeared
[koperwersa:   12.10.2021, 05:52:58] --> katofetibog appeared
[koperwersa:   12.10.2021, 05:53:18] --> bebowuware appeared
[koperwersa:   12.10.2021, 05:56:02] --> Bot successfully started
[koperwersa:   12.10.2021, 05:56:02] --> katofetibog appeared
[koperwersa:   12.10.2021, 05:56:08] --> Time passed, now going to talk to alchemist: koperwersa
[koperwersa:   12.10.2021, 05:56:08] --> Character went to Alchemist
[koperwersa:   12.10.2021, 05:56:09] --> Character went to shop
[koperwersa:   12.10.2021, 05:56:37] --> Character was kicked from the bot, reason: Character was walking
[koperwersa:   12.10.2021, 05:56:43] --> walaruwilufa appeared
[koperwersa:   12.10.2021, 05:57:49] --> Character was kicked from the bot, reason: Character was walking
[koperwersa:   12.10.2021, 05:58:12] --> pomifatifaba appeared
[koperwersa:   12.10.2021, 05:58:13] --> Character was kicked from the bot, reason: Character was walking
[koperwersa:   12.10.2021, 06:16:52] --> Bot successfully started
[koperwersa:   12.10.2021, 06:16:52] --> bebowuware appeared
[koperwersa:   12.10.2021, 06:23:47] --> katofetibog appeared
[koperwersa:   12.10.2021, 06:24:56] --> katofetibog appeared
[koperwersa:   12.10.2021, 06:25:10] --> katofetibog appeared
[koperwersa:   12.10.2021, 06:26:08] --> katofetibog appeared
[koperwersa:   12.10.2021, 06:26:20] --> kukidipoluf appeared
[koperwersa:   12.10.2021, 06:27:29] --> katofetibog appeared
[koperwersa:   12.10.2021, 06:27:44] --> katofetibog appeared
[koperwersa:   12.10.2021, 06:28:40] --> katofetibog appeared
[koperwersa:   12.10.2021, 06:28:55] --> katofetibog appeared
[koperwersa:   12.10.2021, 06:30:04] --> katofetibog appeared
[koperwersa:   12.10.2021, 06:30:18] --> katofetibog appeared
[koperwersa:   12.10.2021, 06:31:41] --> katofetibog appeared
[koperwersa:   12.10.2021, 06:32:52] --> kukidipoluf appeared
[koperwersa:   12.10.2021, 06:34:01] --> katofetibog appeared
[koperwersa:   12.10.2021, 06:34:15] --> katofetibog appeared
[koperwersa:   12.10.2021, 06:35:26] --> katofetibog appeared
[koperwersa:   12.10.2021, 06:36:16] --> kaditarovu appeared
[koperwersa:   12.10.2021, 06:36:18] --> Bot terminated: 5 dragon cors collected, total cor count: 10
[koperwersa:   12.10.2021, 11:06:03] --> Bot successfully started
[koperwersa:   12.10.2021, 11:06:04] --> tasltr appeared
[koperwersa:   12.10.2021, 11:06:38] --> Character was kicked from the bot, reason: Changing character
[koperwersa:   12.10.2021, 11:06:42] --> vorezupafumo appeared
[korelire11:   12.10.2021, 11:06:53] --> Character was kicked from the bot, reason: Changing character
[korelire11:   12.10.2021, 11:07:17] --> Character was kicked from the bot, reason: Changing character
[koperwersa:   12.10.2021, 11:07:39] --> Character was kicked from the bot, reason: Changing character
[korelire11:   12.10.2021, 11:08:01] --> Character was kicked from the bot, reason: Character was walking
[korelire11:   12.10.2021, 11:08:05] --> rukefanave appeared
[korelire11:   12.10.2021, 11:08:19] --> Character was kicked from the bot, reason: Character was walking
[korelire11:   12.10.2021, 11:08:37] --> Character was kicked from the bot, reason: Changing character
[korelire11:   12.10.2021, 11:08:40] --> retryaz appeared
[zareisrterdf: 12.10.2021, 11:08:59] --> Character was kicked from the bot, reason: Character was walking
[zareisrterdf: 12.10.2021, 11:09:03] --> bikabuzuzohi appeared
[zareisrterdf: 12.10.2021, 11:09:19] --> Character was kicked from the bot, reason: Character was walking
[zareisrterdf: 12.10.2021, 11:09:37] --> Character was kicked from the bot, reason: Character was walking
[zareisrterdf: 12.10.2021, 11:09:40] --> Gaucho appeared
[zareisrterdf: 12.10.2021, 11:09:42] --> Character was kicked from the bot, reason: Changing character
[aizferiiltr:  12.10.2021, 11:10:00] --> Character was kicked from the bot, reason: Character was walking
[aizferiiltr:  12.10.2021, 11:10:03] --> fulifofaba appeared
[aizferiiltr:  12.10.2021, 11:10:17] --> Character was kicked from the bot, reason: Character was walking
[aizferiiltr:  12.10.2021, 11:10:35] --> Character was kicked from the bot, reason: Changing character
[serderaszc:   12.10.2021, 11:10:42] --> Azytd appeared
[serderaszc:   12.10.2021, 11:10:44] --> Character was kicked from the bot, reason: Character was walking
[serderaszc:   12.10.2021, 11:10:54] --> Character got kick
[serderaszc:   12.10.2021, 11:11:12] --> Character was kicked from the bot, reason: Character was walking
[serderaszc:   12.10.2021, 11:11:18] --> dikefovari appeared
[serderaszc:   12.10.2021, 11:11:33] --> Character was kicked from the bot, reason: Character was walking
[serderaszc:   12.10.2021, 11:11:53] --> rukefanave appeared
[serderaszc:   12.10.2021, 11:11:53] --> Character was kicked from the bot, reason: Changing character
[koperwersa:   12.10.2021, 11:12:04] --> Gaucho appeared
[koperwersa:   12.10.2021, 11:12:38] --> Character was kicked from the bot, reason: Character was walking
[koperwersa:   12.10.2021, 11:12:43] --> zerlorenpr appeared
[koperwersa:   12.10.2021, 11:13:26] --> zerlorenpr appeared
[korelire11:   13.10.2021, 03:07:57] --> Bot successfully started
[korelire11:   13.10.2021, 03:07:57] --> mepubagudo appeared
[korelire11:   13.10.2021, 03:08:47] --> Bot successfully started
[korelire11:   13.10.2021, 03:08:53] --> Time passed, now going to talk to alchemist: korelire11
[korelire11:   13.10.2021, 03:08:53] --> Character went to Alchemist
[korelire11:   13.10.2021, 03:08:54] --> Character went to shop
[korelire11:   13.10.2021, 03:09:21] --> Character was kicked from the bot, reason: Character was walking
[korelire11:   13.10.2021, 03:09:49] --> zerinogika appeared
[korelire11:   13.10.2021, 03:10:29] --> Character was kicked from the bot, reason: Character was walking
[korelire11:   13.10.2021, 03:10:39] --> muwebikazi appeared
[korelire11:   13.10.2021, 03:10:50] --> Character was kicked from the bot, reason: Character was walking
[korelire11:   13.10.2021, 03:10:54] --> korevudiva appeared
[korelire11:   13.10.2021, 03:12:19] --> korevudiva appeared
[korelire11:   13.10.2021, 03:12:24] --> korevudiva appeared
[korelire11:   13.10.2021, 03:13:29] --> korevudiva appeared
[korelire11:   13.10.2021, 03:14:14] --> korevudiva appeared
[korelire11:   13.10.2021, 03:14:29] --> kikorafabumi appeared
[korelire11:   13.10.2021, 03:15:12] --> kikorafabumi appeared
[korelire11:   13.10.2021, 03:15:50] --> rocucurevu appeared
[korelire11:   13.10.2021, 03:15:59] --> kikorafabumi appeared
[korelire11:   13.10.2021, 03:17:25] --> tizadupebiko appeared
[korelire11:   13.10.2021, 03:18:22] --> Bot successfully started
[korelire11:   13.10.2021, 03:18:25] --> tizadupebiko appeared
[korelire11:   13.10.2021, 03:18:53] --> rocucurevu appeared
[korelire11:   13.10.2021, 03:19:56] --> rocucurevu appeared
[korelire11:   13.10.2021, 03:20:09] --> rocucurevu appeared
[korelire11:   13.10.2021, 03:22:30] --> rocucurevu appeared
[korelire11:   13.10.2021, 03:22:46] --> kikorafabumi appeared
[korelire11:   13.10.2021, 03:23:54] --> rocucurevu appeared
[korelire11:   13.10.2021, 03:24:09] --> rocucurevu appeared
[korelire11:   13.10.2021, 03:25:04] --> rocucurevu appeared
[korelire11:   13.10.2021, 03:25:17] --> rocucurevu appeared
[korelire11:   13.10.2021, 03:26:28] --> rocucurevu appeared
[korelire11:   13.10.2021, 03:26:42] --> rocucurevu appeared
[korelire11:   13.10.2021, 03:27:37] --> rocucurevu appeared
[korelire11:   13.10.2021, 03:27:52] --> kikorafabumi appeared
[korelire11:   13.10.2021, 03:30:12] --> rocucurevu appeared
[korelire11:   13.10.2021, 03:38:32] --> zerinogika appeared
[korelire11:   13.10.2021, 03:38:47] --> zerinogika appeared
[korelire11:   13.10.2021, 03:41:06] --> rocucurevu appeared
[korelire11:   13.10.2021, 03:41:08] --> zerinogika appeared
[korelire11:   13.10.2021, 03:47:07] --> Char changed: 5 dragon cors collected, total cor count: 5
[korelire11:   13.10.2021, 03:47:08] --> Character was kicked from the bot, reason: Changing character
[korelire11:   13.10.2021, 03:47:13] --> rocucurevu appeared
[zareisrterdf: 13.10.2021, 03:47:18] --> Time passed, now going to talk to alchemist: zareisrterdf
[zareisrterdf: 13.10.2021, 03:47:18] --> Character went to Alchemist
[zareisrterdf: 13.10.2021, 03:47:19] --> Character went to shop
[zareisrterdf: 13.10.2021, 03:48:13] --> Character was kicked from the bot, reason: Character was walking
[zareisrterdf: 13.10.2021, 03:49:10] --> busifosurume appeared
[zareisrterdf: 13.10.2021, 03:49:24] --> Character was kicked from the bot, reason: Character was walking
[zareisrterdf: 13.10.2021, 03:49:47] --> Character was kicked from the bot, reason: Character was walking
[zareisrterdf: 13.10.2021, 03:49:51] --> rocucurevu appeared
[zareisrterdf: 13.10.2021, 04:01:39] --> zerinogika appeared
[zareisrterdf: 13.10.2021, 04:03:17] --> zerinogika appeared
[zareisrterdf: 13.10.2021, 04:08:10] --> getukokunam appeared
[zareisrterdf: 13.10.2021, 04:14:39] --> getukokunam appeared
[zareisrterdf: 13.10.2021, 04:14:41] --> tizadupebiko appeared
[zareisrterdf: 13.10.2021, 04:19:49] --> getukokunam appeared
[zareisrterdf: 13.10.2021, 04:21:11] --> getukokunam appeared
[zareisrterdf: 13.10.2021, 04:24:59] --> getukokunam appeared
[zareisrterdf: 13.10.2021, 04:27:15] --> getukokunam appeared
[zareisrterdf: 13.10.2021, 04:29:48] --> Char changed: 5 dragon cors collected, total cor count: 5
[zareisrterdf: 13.10.2021, 04:29:48] --> Character was kicked from the bot, reason: Changing character
[aizferiiltr:  13.10.2021, 04:29:59] --> Time passed, now going to talk to alchemist: aizferiiltr
[aizferiiltr:  13.10.2021, 04:29:59] --> Character went to Alchemist
[aizferiiltr:  13.10.2021, 04:29:59] --> Character went to shop
[aizferiiltr:  13.10.2021, 04:30:12] --> Douillet appeared
[aizferiiltr:  13.10.2021, 04:30:29] --> Character was kicked from the bot, reason: Character was walking
[aizferiiltr:  13.10.2021, 04:31:31] --> fiduvepuce appeared
[aizferiiltr:  13.10.2021, 04:31:37] --> Character was kicked from the bot, reason: Character was walking
[aizferiiltr:  13.10.2021, 04:32:34] --> Bot successfully started
[aizferiiltr:  13.10.2021, 04:32:38] --> doduwozevudo appeared
[aizferiiltr:  13.10.2021, 04:32:56] --> Douillet appeared
[aizferiiltr:  13.10.2021, 04:33:12] --> zokokegika appeared
[aizferiiltr:  13.10.2021, 04:33:13] --> Character was kicked from the bot, reason: Character was walking
[aizferiiltr:  13.10.2021, 04:36:21] --> zokokegika appeared
[aizferiiltr:  13.10.2021, 04:39:34] --> Bot successfully started
[aizferiiltr:  13.10.2021, 04:39:34] --> cemuvogivik appeared
[aizferiiltr:  13.10.2021, 04:55:56] --> Character got kick
[aizferiiltr:  13.10.2021, 05:00:08] --> Character died
[aizferiiltr:  13.10.2021, 05:02:12] --> Bot successfully started
[aizferiiltr:  13.10.2021, 05:02:12] --> zokokegika appeared
[aizferiiltr:  13.10.2021, 05:03:19] --> Bot successfully started
[aizferiiltr:  13.10.2021, 05:03:19] --> pomifatifaba appeared
[aizferiiltr:  13.10.2021, 05:05:06] --> cemuvogivik appeared
[aizferiiltr:  13.10.2021, 05:09:00] --> kikorafabumi appeared
[aizferiiltr:  13.10.2021, 05:13:52] --> konezikocuz appeared
[aizferiiltr:  13.10.2021, 05:14:06] --> kukidipoluf appeared
[aizferiiltr:  13.10.2021, 05:14:09] --> konezikocuz appeared
[aizferiiltr:  13.10.2021, 05:16:26] --> konezikocuz appeared
[aizferiiltr:  13.10.2021, 05:24:20] --> kikorafabumi appeared
[aizferiiltr:  13.10.2021, 05:27:52] --> Char changed: 5 dragon cors collected, total cor count: 5
[aizferiiltr:  13.10.2021, 05:27:52] --> Character was kicked from the bot, reason: Changing character
[serderaszc:   13.10.2021, 05:28:28] --> zemafihiwo appeared
[serderaszc:   13.10.2021, 05:28:32] --> Time passed, now going to talk to alchemist: serderaszc
[serderaszc:   13.10.2021, 05:28:32] --> Character went to Alchemist
[serderaszc:   13.10.2021, 05:28:32] --> Character went to shop
[serderaszc:   13.10.2021, 05:29:00] --> Character was kicked from the bot, reason: Character was walking
[serderaszc:   13.10.2021, 05:29:07] --> sukucupivon appeared
[serderaszc:   13.10.2021, 05:29:57] --> bekopihamu appeared
[serderaszc:   13.10.2021, 05:30:09] --> Character was kicked from the bot, reason: Character was walking
[serderaszc:   13.10.2021, 05:30:34] --> Character was kicked from the bot, reason: Character was walking
[serderaszc:   13.10.2021, 05:30:37] --> rukotituzel appeared
[serderaszc:   13.10.2021, 05:30:46] --> Character was kicked from the bot, reason: Character was walking
[serderaszc:   13.10.2021, 05:30:49] --> zuvepimekeka appeared
[serderaszc:   13.10.2021, 05:33:05] --> Bot successfully started
[serderaszc:   13.10.2021, 05:33:05] --> rukotituzel appeared
[serderaszc:   13.10.2021, 05:49:19] --> Character got kick
[serderaszc:   13.10.2021, 05:49:25] --> pomifatifaba appeared
[serderaszc:   13.10.2021, 05:55:31] --> Bot successfully started
[serderaszc:   13.10.2021, 05:55:31] --> rukotituzel appeared
[serderaszc:   13.10.2021, 06:10:03] --> Bot successfully started
[serderaszc:   13.10.2021, 06:10:04] --> dasedukika appeared
[serderaszc:   13.10.2021, 06:10:11] --> Char changed: 5 dragon cors collected, total cor count: 5
[serderaszc:   13.10.2021, 06:10:12] --> Character was kicked from the bot, reason: Changing character
[koperwersa:   13.10.2021, 06:10:23] --> Time passed, now going to talk to alchemist: koperwersa
[koperwersa:   13.10.2021, 06:10:23] --> Character went to Alchemist
[koperwersa:   13.10.2021, 06:10:23] --> Character went to shop
[koperwersa:   13.10.2021, 06:10:54] --> Character was kicked from the bot, reason: Character was walking
[koperwersa:   13.10.2021, 06:11:20] --> Character was kicked from the bot, reason: Character was walking
[koperwersa:   13.10.2021, 06:11:25] --> cazezukidude appeared
[koperwersa:   13.10.2021, 06:11:31] --> Character got kick
[koperwersa:   13.10.2021, 06:16:57] --> Bot successfully started
[koperwersa:   13.10.2021, 06:16:57] --> fezazagazi appeared
[koperwersa:   13.10.2021, 06:24:19] --> Character got kick
[koperwersa:   13.10.2021, 06:51:45] --> Bot terminated: 5 dragon cors collected, total cor count: 5
[korelire11:   14.10.2021, 03:08:09] --> Bot successfully started
[korelire11:   14.10.2021, 03:08:15] --> Time passed, now going to talk to alchemist: korelire11
[korelire11:   14.10.2021, 03:08:15] --> Character went to Alchemist: korelire11
[korelire11:   14.10.2021, 03:08:42] --> Character was kicked from the bot, reason: Character was walking
[korelire11:   14.10.2021, 03:08:47] --> razizigemo appeared
[korelire11:   14.10.2021, 03:09:17] --> Character was kicked from the bot, reason: Character was walking
[korelire11:   14.10.2021, 03:09:40] --> Character was kicked from the bot, reason: Character was walking
[korelire11:   14.10.2021, 03:09:58] --> sorunogewaru appeared
[korelire11:   14.10.2021, 03:10:36] --> sorunogewaru appeared
[korelire11:   14.10.2021, 03:12:21] --> zerinogika appeared
[korelire11:   14.10.2021, 03:12:43] --> bumukasebo appeared
[korelire11:   14.10.2021, 03:14:12] --> zerinogika appeared
[korelire11:   14.10.2021, 03:14:26] --> zerinogika appeared
[korelire11:   14.10.2021, 03:18:39] --> zerinogika appeared
[korelire11:   14.10.2021, 03:18:53] --> zerinogika appeared
[korelire11:   14.10.2021, 03:30:32] --> zerinogika appeared
[korelire11:   14.10.2021, 03:30:45] --> zerinogika appeared
[korelire11:   14.10.2021, 03:31:56] --> zerinogika appeared
[korelire11:   14.10.2021, 03:32:09] --> zerinogika appeared
[korelire11:   14.10.2021, 03:42:58] --> Char changed: 5 dragon cors collected, total cor count: 10
[korelire11:   14.10.2021, 03:42:59] --> Character was kicked from the bot, reason: Changing character
[korelire11:   14.10.2021, 03:43:04] --> zerinogika appeared
[zareisrterdf: 14.10.2021, 03:43:08] --> Time passed, now going to talk to alchemist: zareisrterdf
[zareisrterdf: 14.10.2021, 03:43:08] --> Character went to Alchemist: zareisrterdf
[zareisrterdf: 14.10.2021, 03:43:36] --> Character was kicked from the bot, reason: Character was walking
[zareisrterdf: 14.10.2021, 03:43:41] --> nekoBuf appeared
[zareisrterdf: 14.10.2021, 03:44:12] --> Character was kicked from the bot, reason: Character was walking
[zareisrterdf: 14.10.2021, 03:44:36] --> Character was kicked from the bot, reason: Character was walking
[zareisrterdf: 14.10.2021, 03:44:39] --> rocucurevu appeared
[zareisrterdf: 14.10.2021, 04:05:02] --> rocucurevu appeared
[zareisrterdf: 14.10.2021, 04:08:05] --> Character died
[zareisrterdf: 14.10.2021, 04:09:28] --> zerinogika appeared
[zareisrterdf: 14.10.2021, 04:12:15] --> zerinogika appeared
[zareisrterdf: 14.10.2021, 04:13:38] --> Bot successfully started
[zareisrterdf: 14.10.2021, 04:13:38] --> rocucurevu appeared
[zareisrterdf: 14.10.2021, 04:20:19] --> Char changed: 5 dragon cors collected, total cor count: 10
[zareisrterdf: 14.10.2021, 04:20:20] --> Character was kicked from the bot, reason: Changing character
[aizferiiltr:  14.10.2021, 04:20:29] --> Time passed, now going to talk to alchemist: aizferiiltr
[aizferiiltr:  14.10.2021, 04:20:29] --> Character went to Alchemist: aizferiiltr
[aizferiiltr:  14.10.2021, 04:20:37] --> Character was kicked from the bot, reason: Character was walking
[aizferiiltr:  14.10.2021, 04:20:58] --> Character was kicked from the bot, reason: Character was walking
[aizferiiltr:  14.10.2021, 04:21:35] --> Character was kicked from the bot, reason: Character was walking
[aizferiiltr:  14.10.2021, 04:21:59] --> Character was kicked from the bot, reason: Character was walking
[aizferiiltr:  14.10.2021, 04:22:02] --> mucuzezuketu appeared
[aizferiiltr:  14.10.2021, 04:28:50] --> Bot successfully started
[aizferiiltr:  14.10.2021, 04:28:50] --> zokokegika appeared
[aizferiiltr:  14.10.2021, 04:52:08] --> Char changed: 5 dragon cors collected, total cor count: 10
[aizferiiltr:  14.10.2021, 04:52:08] --> Character was kicked from the bot, reason: Changing character
[serderaszc:   14.10.2021, 04:52:18] --> Time passed, now going to talk to alchemist: serderaszc
[serderaszc:   14.10.2021, 04:52:18] --> Character went to Alchemist: serderaszc
[serderaszc:   14.10.2021, 04:52:46] --> Character was kicked from the bot, reason: Character was walking
[serderaszc:   14.10.2021, 04:53:22] --> Character was kicked from the bot, reason: Character was walking
[serderaszc:   14.10.2021, 04:53:46] --> Character was kicked from the bot, reason: Character was walking
[serderaszc:   14.10.2021, 04:53:50] --> zokokegika appeared
[serderaszc:   14.10.2021, 04:56:44] --> getukokunam appeared
[serderaszc:   14.10.2021, 04:56:58] --> getukokunam appeared
[serderaszc:   14.10.2021, 04:57:00] --> getukokunam appeared
[serderaszc:   14.10.2021, 05:02:34] --> Bot successfully started
[serderaszc:   14.10.2021, 05:02:35] --> mucuzezuketu appeared
[serderaszc:   14.10.2021, 05:20:31] --> zakuvuzoga appeared
[serderaszc:   14.10.2021, 05:27:56] --> Bot successfully started
[serderaszc:   14.10.2021, 05:27:56] --> konezikocuz appeared
[serderaszc:   14.10.2021, 05:33:29] --> Char changed: 5 dragon cors collected, total cor count: 10
[serderaszc:   14.10.2021, 05:33:30] --> Character was kicked from the bot, reason: Changing character
[koperwersa:   14.10.2021, 05:33:40] --> Time passed, now going to talk to alchemist: koperwersa
[koperwersa:   14.10.2021, 05:33:40] --> Character went to Alchemist: koperwersa
[koperwersa:   14.10.2021, 05:34:08] --> Character was kicked from the bot, reason: Character was walking
[koperwersa:   14.10.2021, 05:34:45] --> Character was kicked from the bot, reason: Character was walking
[koperwersa:   14.10.2021, 05:34:49] --> cetugebozufa appeared
[koperwersa:   14.10.2021, 05:35:09] --> Character was kicked from the bot, reason: Character was walking
[koperwersa:   14.10.2021, 05:35:12] --> konezikocuz appeared
[koperwersa:   14.10.2021, 05:44:37] --> Bot successfully started
[koperwersa:   14.10.2021, 05:44:38] --> konezikocuz appeared
[koperwersa:   14.10.2021, 05:54:32] --> Bot successfully started
[koperwersa:   14.10.2021, 05:54:32] --> zakuvuzoga appeared
[koperwersa:   14.10.2021, 06:15:37] --> Bot terminated: 5 dragon cors collected, total cor count: 10
[korelire11:   15.10.2021, 03:07:46] --> Bot successfully started
[korelire11:   15.10.2021, 03:07:53] --> Character went to saleswoman
[korelire11:   15.10.2021, 03:08:10] --> Character was kicked from the bot, reason: Character was walking
[korelire11:   15.10.2021, 03:08:37] --> Time passed, now going to talk to alchemist: korelire11
[korelire11:   15.10.2021, 03:08:37] --> Character went to Alchemist: korelire11
[korelire11:   15.10.2021, 03:08:45] --> Character was kicked from the bot, reason: Character was walking
[korelire11:   15.10.2021, 03:08:57] --> Character was kicked from the bot, reason: Character was walking
[korelire11:   15.10.2021, 03:09:17] --> razizigemo appeared
[korelire11:   15.10.2021, 03:09:31] --> Character was kicked from the bot, reason: Character was walking
[korelire11:   15.10.2021, 03:09:55] --> Character was kicked from the bot, reason: Character was walking
[korelire11:   15.10.2021, 03:10:05] --> 7interpret60 appeared
[korelire11:   15.10.2021, 03:12:09] --> 7interpret60 appeared
[korelire11:   15.10.2021, 03:13:25] --> 7interpret60 appeared
[korelire11:   15.10.2021, 03:13:46] --> pupezofabi appeared
[korelire11:   15.10.2021, 03:14:10] --> 7interpret60 appeared
[korelire11:   15.10.2021, 03:14:41] --> dofefurake appeared
[korelire11:   15.10.2021, 03:15:27] --> 7interpret60 appeared
[korelire11:   15.10.2021, 03:15:57] --> 7interpret60 appeared
[korelire11:   15.10.2021, 03:16:12] --> 7interpret60 appeared
[korelire11:   15.10.2021, 03:19:29] --> 7interpret60 appeared
[korelire11:   15.10.2021, 03:19:50] --> dofefurake appeared
[korelire11:   15.10.2021, 03:20:13] --> 7interpret60 appeared
[korelire11:   15.10.2021, 03:21:30] --> 7interpret60 appeared
[korelire11:   15.10.2021, 03:22:00] --> 7interpret60 appeared
[korelire11:   15.10.2021, 03:22:15] --> 7interpret60 appeared
[korelire11:   15.10.2021, 03:26:17] --> 7interpret60 appeared
[korelire11:   15.10.2021, 03:26:32] --> pupezofabi appeared
[korelire11:   15.10.2021, 03:28:17] --> 7interpret60 appeared
[korelire11:   15.10.2021, 03:28:38] --> pupezofabi appeared
[korelire11:   15.10.2021, 03:29:01] --> pupezofabi appeared
[korelire11:   15.10.2021, 03:32:17] --> 7interpret60 appeared
[korelire11:   15.10.2021, 03:32:33] --> 7interpret60 appeared
[korelire11:   15.10.2021, 03:32:37] --> pupezofabi appeared
[korelire11:   15.10.2021, 03:33:02] --> 7interpret60 appeared
[korelire11:   15.10.2021, 03:33:48] --> 7interpret60 appeared
[korelire11:   15.10.2021, 03:34:07] --> 7interpret60 appeared
[korelire11:   15.10.2021, 03:34:18] --> 7interpret60 appeared
[korelire11:   15.10.2021, 03:34:49] --> 7interpret60 appeared
[korelire11:   15.10.2021, 03:35:04] --> 7interpret60 appeared
[korelire11:   15.10.2021, 03:37:10] --> Bot successfully started
[korelire11:   15.10.2021, 03:37:11] --> dofefurake appeared
[korelire11:   15.10.2021, 03:40:28] --> pupezofabi appeared
[korelire11:   15.10.2021, 03:41:00] --> dofefurake appeared
[korelire11:   15.10.2021, 03:47:37] --> rocucurevu appeared
[korelire11:   15.10.2021, 03:48:14] --> Char changed: 5 dragon cors collected, total cor count: 15
[korelire11:   15.10.2021, 03:48:15] --> Character was kicked from the bot, reason: Changing character
[zareisrterdf: 15.10.2021, 03:48:48] --> rocucurevu appeared
[zareisrterdf: 15.10.2021, 03:48:50] --> Time passed, now going to talk to alchemist: zareisrterdf
[zareisrterdf: 15.10.2021, 03:48:50] --> Character went to Alchemist: zareisrterdf
[zareisrterdf: 15.10.2021, 03:49:16] --> Character was kicked from the bot, reason: Character was walking
[zareisrterdf: 15.10.2021, 03:49:33] --> tepofizekev appeared
[zareisrterdf: 15.10.2021, 03:49:52] --> Character was kicked from the bot, reason: Character was walking
[zareisrterdf: 15.10.2021, 03:50:17] --> Character was kicked from the bot, reason: Character was walking
[zareisrterdf: 15.10.2021, 03:50:20] --> rocucurevu appeared
[zareisrterdf: 15.10.2021, 03:50:26] --> rocucurevu appeared
[zareisrterdf: 15.10.2021, 03:51:33] --> dofefurake appeared
[zareisrterdf: 15.10.2021, 03:51:49] --> rocucurevu appeared
[zareisrterdf: 15.10.2021, 03:53:12] --> rocucurevu appeared
[zareisrterdf: 15.10.2021, 03:53:25] --> dofefurake appeared
[zareisrterdf: 15.10.2021, 03:54:52] --> rocucurevu appeared
[zareisrterdf: 15.10.2021, 03:57:37] --> zerinogika appeared
[zareisrterdf: 15.10.2021, 04:13:03] --> rocucurevu appeared
[zareisrterdf: 15.10.2021, 04:21:05] --> Char changed: 5 dragon cors collected, total cor count: 15
[zareisrterdf: 15.10.2021, 04:21:06] --> Character was kicked from the bot, reason: Changing character
[aizferiiltr:  15.10.2021, 04:21:10] --> zerinogika appeared
[aizferiiltr:  15.10.2021, 04:21:15] --> Time passed, now going to talk to alchemist: aizferiiltr
[aizferiiltr:  15.10.2021, 04:21:15] --> Character went to Alchemist: aizferiiltr
[aizferiiltr:  15.10.2021, 04:21:43] --> Character was kicked from the bot, reason: Character was walking
[aizferiiltr:  15.10.2021, 04:21:48] --> karivudahoz appeared
[aizferiiltr:  15.10.2021, 04:22:19] --> Character was kicked from the bot, reason: Character was walking
[aizferiiltr:  15.10.2021, 04:22:43] --> Character was kicked from the bot, reason: Character was walking
[aizferiiltr:  15.10.2021, 04:22:46] --> zerinogika appeared
[aizferiiltr:  15.10.2021, 04:25:08] --> zerinogika appeared
[aizferiiltr:  15.10.2021, 04:43:00] --> Bot successfully started
[aizferiiltr:  15.10.2021, 04:43:00] --> getukokunam appeared
[aizferiiltr:  15.10.2021, 04:54:38] --> Char changed: 5 dragon cors collected, total cor count: 15
[aizferiiltr:  15.10.2021, 04:54:38] --> Character was kicked from the bot, reason: Changing character
[serderaszc:   15.10.2021, 04:54:43] --> getukokunam appeared
[serderaszc:   15.10.2021, 04:54:48] --> Time passed, now going to talk to alchemist: serderaszc
[serderaszc:   15.10.2021, 04:54:48] --> Character went to Alchemist: serderaszc
[serderaszc:   15.10.2021, 04:54:56] --> Character was kicked from the bot, reason: Character was walking
[serderaszc:   15.10.2021, 04:55:16] --> Character was kicked from the bot, reason: Character was walking
[serderaszc:   15.10.2021, 04:55:52] --> Character was kicked from the bot, reason: Character was walking
[serderaszc:   15.10.2021, 04:56:15] --> zerinogika appeared
[serderaszc:   15.10.2021, 04:56:16] --> Character was kicked from the bot, reason: Character was walking
[serderaszc:   15.10.2021, 04:56:20] --> getukokunam appeared
[serderaszc:   15.10.2021, 04:59:39] --> getukokunam appeared
[serderaszc:   15.10.2021, 05:01:02] --> getukokunam appeared
[serderaszc:   15.10.2021, 05:07:01] --> Bot successfully started
[serderaszc:   15.10.2021, 05:07:01] --> zokokegika appeared
[serderaszc:   15.10.2021, 05:09:54] --> getukokunam appeared
[serderaszc:   15.10.2021, 05:10:09] --> getukokunam appeared
[serderaszc:   15.10.2021, 05:25:34] --> Char changed: 5 dragon cors collected, total cor count: 15
[serderaszc:   15.10.2021, 05:25:35] --> Character was kicked from the bot, reason: Changing character
[koperwersa:   15.10.2021, 05:26:10] --> Time passed, now going to talk to alchemist: koperwersa
[koperwersa:   15.10.2021, 05:26:10] --> Character went to Alchemist: koperwersa
[koperwersa:   15.10.2021, 05:26:38] --> Character was kicked from the bot, reason: Character was walking
[koperwersa:   15.10.2021, 05:27:15] --> Character was kicked from the bot, reason: Character was walking
[koperwersa:   15.10.2021, 05:27:40] --> Character was kicked from the bot, reason: Character was walking
[koperwersa:   15.10.2021, 05:27:43] --> getukokunam appeared
[koperwersa:   15.10.2021, 05:28:56] --> zokokegika appeared
[koperwersa:   15.10.2021, 05:29:09] --> zokokegika appeared
[koperwersa:   15.10.2021, 05:33:09] --> Bot successfully started
[koperwersa:   15.10.2021, 05:33:09] --> zolikohaziri appeared
[koperwersa:   15.10.2021, 05:44:10] --> Talking to Alchemist again, no dragon cors and shards collected since (time): koperwersa
[koperwersa:   15.10.2021, 05:44:10] --> Character went to Alchemist: koperwersa
[koperwersa:   15.10.2021, 05:44:39] --> Character was kicked from the bot, reason: Character was walking
[koperwersa:   15.10.2021, 05:44:44] --> rofamikacuw appeared
[koperwersa:   15.10.2021, 05:45:16] --> Character was kicked from the bot, reason: Character was walking
[koperwersa:   15.10.2021, 05:45:40] --> Character was kicked from the bot, reason: Character was walking
[koperwersa:   15.10.2021, 05:45:43] --> dicaporapohu appeared
[koperwersa:   15.10.2021, 06:35:33] --> Bot terminated: 5 dragon cors collected, total cor count: 15
[koperwersa:   15.10.2021, 09:43:22] --> Bot successfully started
[koperwersa:   15.10.2021, 09:45:01] --> vorezupafumo appeared
[koperwersa:   15.10.2021, 09:47:03] --> Character was kicked from the bot, reason: Changing character
[korelire11:   15.10.2021, 09:48:32] --> Character was kicked from the bot, reason: Character was walking
[korelire11:   15.10.2021, 09:54:05] --> Character was kicked from the bot, reason: Changing character
[zareisrterdf: 15.10.2021, 09:54:26] --> vorezupafumo appeared
[zareisrterdf: 15.10.2021, 09:54:38] --> Character was kicked from the bot, reason: Character was walking
[zareisrterdf: 15.10.2021, 09:56:00] --> Character was kicked from the bot, reason: Changing character
[zareisrterdf: 15.10.2021, 09:56:04] --> vorezupafumo appeared
[aizferiiltr:  15.10.2021, 09:56:40] --> Character was kicked from the bot, reason: Character was walking
[aizferiiltr:  15.10.2021, 09:58:19] --> Character was kicked from the bot, reason: Changing character
[serderaszc:   15.10.2021, 09:58:54] --> Character was kicked from the bot, reason: Character was walking
[serderaszc:   15.10.2021, 10:00:15] --> Character was kicked from the bot, reason: Changing character
[koperwersa:   15.10.2021, 10:01:00] --> Character was kicked from the bot, reason: Character was walking
[koperwersa:   15.10.2021, 10:04:01] --> Bot successfully started
[koperwersa:   15.10.2021, 10:07:37] --> Character was kicked from the bot, reason: Changing character
[koperwersa:   15.10.2021, 10:08:38] --> Character was kicked from the bot, reason: Character was walking
[koperwersa:   15.10.2021, 10:08:50] --> Character was kicked from the bot, reason: Character was walking
[koperwersa:   15.10.2021, 10:09:56] --> Bot successfully started
[koperwersa:   15.10.2021, 10:09:57] --> punoraroguda appeared
[koperwersa:   15.10.2021, 10:11:03] --> hiwuluvanave appeared
[koperwersa:   15.10.2021, 10:11:20] --> Changing into CH2
[koperwersa:   15.10.2021, 10:11:35] --> zerlorenpr appeared
[korelire11:   16.10.2021, 04:19:41] --> Bot successfully started
[korelire11:   16.10.2021, 04:19:47] --> Time passed, now going to talk to alchemist: korelire11
[korelire11:   16.10.2021, 04:19:47] --> Character went to Alchemist: korelire11
[korelire11:   16.10.2021, 04:20:05] --> Character was kicked from the bot, reason: Character was walking
[korelire11:   16.10.2021, 04:20:40] --> Character was kicked from the bot, reason: Character was walking
[korelire11:   16.10.2021, 04:21:04] --> Character was kicked from the bot, reason: Character was walking
[korelire11:   16.10.2021, 04:21:34] --> kukidipoluf appeared
[korelire11:   16.10.2021, 04:22:59] --> tovonifebez appeared
[korelire11:   16.10.2021, 04:23:33] --> kukidipoluf appeared
[korelire11:   16.10.2021, 04:25:51] --> tovonifebez appeared
[korelire11:   16.10.2021, 04:27:00] --> kukidipoluf appeared
[korelire11:   16.10.2021, 04:27:40] --> kukidipoluf appeared
[korelire11:   16.10.2021, 04:29:57] --> pomifatifaba appeared
[korelire11:   16.10.2021, 04:30:12] --> pomifatifaba appeared
[korelire11:   16.10.2021, 04:30:23] --> kukidipoluf appeared
[korelire11:   16.10.2021, 04:31:04] --> kukidipoluf appeared
[korelire11:   16.10.2021, 04:33:06] --> kukidipoluf appeared
[korelire11:   16.10.2021, 04:33:47] --> kukidipoluf appeared
[korelire11:   16.10.2021, 04:34:05] --> pomifatifaba appeared
[korelire11:   16.10.2021, 04:34:29] --> kukidipoluf appeared
[korelire11:   16.10.2021, 04:35:48] --> kukidipoluf appeared
[korelire11:   16.10.2021, 04:36:30] --> kukidipoluf appeared
[korelire11:   16.10.2021, 04:37:11] --> kukidipoluf appeared
[korelire11:   16.10.2021, 04:37:53] --> tovonifebez appeared
[korelire11:   16.10.2021, 04:38:30] --> sokaripeze appeared
[korelire11:   16.10.2021, 04:39:11] --> kukidipoluf appeared
[korelire11:   16.10.2021, 04:39:29] --> pomifatifaba appeared
[korelire11:   16.10.2021, 04:39:51] --> kukidipoluf appeared
[korelire11:   16.10.2021, 04:40:46] --> pomifatifaba appeared
[korelire11:   16.10.2021, 04:41:54] --> kukidipoluf appeared
[korelire11:   16.10.2021, 04:42:36] --> kukidipoluf appeared
[korelire11:   16.10.2021, 04:43:01] --> pomifatifaba appeared
[korelire11:   16.10.2021, 04:43:23] --> tovonifebez appeared
[korelire11:   16.10.2021, 04:43:31] --> pomifatifaba appeared
[korelire11:   16.10.2021, 04:43:42] --> pomifatifaba appeared
[korelire11:   16.10.2021, 04:45:17] --> kukidipoluf appeared
[korelire11:   16.10.2021, 04:45:32] --> pomifatifaba appeared
[korelire11:   16.10.2021, 04:45:38] --> pomifatifaba appeared
[korelire11:   16.10.2021, 04:45:58] --> kukidipoluf appeared
[korelire11:   16.10.2021, 04:46:39] --> kukidipoluf appeared
[korelire11:   16.10.2021, 04:46:53] --> pomifatifaba appeared
[korelire11:   16.10.2021, 04:48:14] --> pomifatifaba appeared
[korelire11:   16.10.2021, 04:48:39] --> kukidipoluf appeared
[korelire11:   16.10.2021, 04:49:22] --> kukidipoluf appeared
[korelire11:   16.10.2021, 04:50:02] --> kukidipoluf appeared
[korelire11:   16.10.2021, 04:50:20] --> tovonifebez appeared
[korelire11:   16.10.2021, 04:51:02] --> pomifatifaba appeared
[korelire11:   16.10.2021, 04:51:10] --> pomifatifaba appeared
[korelire11:   16.10.2021, 04:51:21] --> kukidipoluf appeared
[korelire11:   16.10.2021, 04:51:34] --> pomifatifaba appeared
[korelire11:   16.10.2021, 04:52:04] --> kukidipoluf appeared
[korelire11:   16.10.2021, 04:53:01] --> Bot successfully started
[korelire11:   16.10.2021, 04:53:28] --> tovonifebez appeared
[korelire11:   16.10.2021, 04:53:29] --> tovonifebez appeared
[korelire11:   16.10.2021, 04:54:12] --> pomifatifaba appeared
[korelire11:   16.10.2021, 04:55:49] --> kukidipoluf appeared
[korelire11:   16.10.2021, 05:00:31] --> kuzabazeba appeared
[korelire11:   16.10.2021, 05:00:33] --> Char changed: 5 dragon cors collected, total cor count: 5
[korelire11:   16.10.2021, 05:00:33] --> Character was kicked from the bot, reason: Changing character
[zareisrterdf: 16.10.2021, 05:00:45] --> Time passed, now going to talk to alchemist: zareisrterdf
[zareisrterdf: 16.10.2021, 05:00:45] --> Character went to Alchemist: zareisrterdf
[zareisrterdf: 16.10.2021, 05:01:03] --> Character was kicked from the bot, reason: Character was walking
[zareisrterdf: 16.10.2021, 05:01:39] --> Character was kicked from the bot, reason: Character was walking
[zareisrterdf: 16.10.2021, 05:02:04] --> Character was kicked from the bot, reason: Character was walking
[zareisrterdf: 16.10.2021, 05:03:53] --> kuzabazeba appeared
[zareisrterdf: 16.10.2021, 05:04:33] --> kuzabazeba appeared
[zareisrterdf: 16.10.2021, 05:06:35] --> kuzabazeba appeared
[zareisrterdf: 16.10.2021, 05:07:15] --> kuzabazeba appeared
[zareisrterdf: 16.10.2021, 05:07:17] --> kuzabazeba appeared
[zareisrterdf: 16.10.2021, 05:07:56] --> kuzabazeba appeared
[zareisrterdf: 16.10.2021, 05:08:58] --> tovonifebez appeared
[zareisrterdf: 16.10.2021, 05:10:40] --> kuzabazeba appeared
[zareisrterdf: 16.10.2021, 05:11:22] --> kuzabazeba appeared
[zareisrterdf: 16.10.2021, 05:13:22] --> kuzabazeba appeared
[zareisrterdf: 16.10.2021, 05:14:04] --> kuzabazeba appeared
[zareisrterdf: 16.10.2021, 05:14:44] --> kuzabazeba appeared
[zareisrterdf: 16.10.2021, 05:16:45] --> kuzabazeba appeared
[zareisrterdf: 16.10.2021, 05:18:08] --> kuzabazeba appeared
[zareisrterdf: 16.10.2021, 05:20:27] --> pomifatifaba appeared
[zareisrterdf: 16.10.2021, 05:20:49] --> kuzabazeba appeared
[zareisrterdf: 16.10.2021, 05:21:06] --> pomifatifaba appeared
[zareisrterdf: 16.10.2021, 05:21:30] --> kuzabazeba appeared
[zareisrterdf: 16.10.2021, 05:22:29] --> Bot successfully started
[zareisrterdf: 16.10.2021, 05:22:53] --> pomifatifaba appeared
[zareisrterdf: 16.10.2021, 05:23:13] --> kuzabazeba appeared
[zareisrterdf: 16.10.2021, 05:24:19] --> pekurinozo appeared
[zareisrterdf: 16.10.2021, 05:24:31] --> kuzabazeba appeared
[zareisrterdf: 16.10.2021, 05:25:13] --> kuzabazeba appeared
[zareisrterdf: 16.10.2021, 05:27:16] --> nuzotabivon appeared
[zareisrterdf: 16.10.2021, 05:27:55] --> nuzotabivon appeared
[zareisrterdf: 16.10.2021, 05:29:57] --> nuzotabivon appeared
[zareisrterdf: 16.10.2021, 05:30:38] --> nuzotabivon appeared
[zareisrterdf: 16.10.2021, 05:31:21] --> nuzotabivon appeared
[zareisrterdf: 16.10.2021, 05:32:39] --> nuzotabivon appeared
[zareisrterdf: 16.10.2021, 05:33:21] --> nuzotabivon appeared
[zareisrterdf: 16.10.2021, 05:34:01] --> nuzotabivon appeared
[zareisrterdf: 16.10.2021, 05:36:02] --> nuzotabivon appeared
[zareisrterdf: 16.10.2021, 05:36:43] --> nuzotabivon appeared
[zareisrterdf: 16.10.2021, 05:37:26] --> nuzotabivon appeared
[zareisrterdf: 16.10.2021, 05:38:07] --> nuzotabivon appeared
[zareisrterdf: 16.10.2021, 05:40:01] --> Char changed: 5 dragon cors collected, total cor count: 5
[zareisrterdf: 16.10.2021, 05:40:01] --> Character was kicked from the bot, reason: Changing character
[aizferiiltr:  16.10.2021, 05:40:38] --> Time passed, now going to talk to alchemist: aizferiiltr
[aizferiiltr:  16.10.2021, 05:40:38] --> Character went to Alchemist: aizferiiltr
[aizferiiltr:  16.10.2021, 05:40:56] --> Character was kicked from the bot, reason: Character was walking
[aizferiiltr:  16.10.2021, 05:41:34] --> Character was kicked from the bot, reason: Character was walking
[aizferiiltr:  16.10.2021, 05:41:58] --> Character was kicked from the bot, reason: Character was walking
[aizferiiltr:  16.10.2021, 05:42:05] --> pomifatifaba appeared
[aizferiiltr:  16.10.2021, 05:42:40] --> pomifatifaba appeared
[aizferiiltr:  16.10.2021, 05:43:06] --> nuzotabivon appeared
[aizferiiltr:  16.10.2021, 05:43:47] --> nuzotabivon appeared
[aizferiiltr:  16.10.2021, 05:44:29] --> nuzotabivon appeared
[aizferiiltr:  16.10.2021, 05:46:16] --> pomifatifaba appeared
[aizferiiltr:  16.10.2021, 05:46:29] --> nuzotabivon appeared
[aizferiiltr:  16.10.2021, 05:47:30] --> pomifatifaba appeared
[aizferiiltr:  16.10.2021, 05:49:10] --> tanofavubape appeared
[aizferiiltr:  16.10.2021, 05:49:53] --> nuzotabivon appeared
[aizferiiltr:  16.10.2021, 05:50:32] --> nuzotabivon appeared
[aizferiiltr:  16.10.2021, 05:51:54] --> nuzotabivon appeared
[aizferiiltr:  16.10.2021, 05:52:47] --> Character went to saleswoman
[aizferiiltr:  16.10.2021, 05:53:06] --> Character was kicked from the bot, reason: Character was walking
[aizferiiltr:  16.10.2021, 05:53:42] --> Character was kicked from the bot, reason: Character was walking
[aizferiiltr:  16.10.2021, 05:54:06] --> Character was kicked from the bot, reason: Character was walking
[aizferiiltr:  16.10.2021, 05:54:10] --> pekurinozo appeared
[aizferiiltr:  16.10.2021, 05:54:35] --> nuzotabivon appeared
[aizferiiltr:  16.10.2021, 05:55:19] --> nuzotabivon appeared
[aizferiiltr:  16.10.2021, 05:56:20] --> daziketipi appeared
[aizferiiltr:  16.10.2021, 05:56:53] --> daziketipi appeared
[aizferiiltr:  16.10.2021, 05:58:11] --> daziketipi appeared
[aizferiiltr:  16.10.2021, 05:58:53] --> daziketipi appeared
[aizferiiltr:  16.10.2021, 06:00:19] --> daziketipi appeared
[aizferiiltr:  16.10.2021, 06:03:40] --> dibifokifo appeared
[aizferiiltr:  16.10.2021, 06:05:15] --> daziketipi appeared
[aizferiiltr:  16.10.2021, 06:05:42] --> daziketipi appeared
[aizferiiltr:  16.10.2021, 06:05:47] --> daziketipi appeared
[aizferiiltr:  16.10.2021, 06:05:53] --> daziketipi appeared
[aizferiiltr:  16.10.2021, 06:06:23] --> daziketipi appeared
[aizferiiltr:  16.10.2021, 06:06:29] --> daziketipi appeared
[aizferiiltr:  16.10.2021, 06:06:38] --> daziketipi appeared
[aizferiiltr:  16.10.2021, 06:06:54] --> daziketipi appeared
[aizferiiltr:  16.10.2021, 06:10:04] --> Character was kicked from the bot, reason: Changing character
[aizferiiltr:  16.10.2021, 06:10:04] --> Char changed: 5 dragon cors collected, total cor count: 5
[serderaszc:   16.10.2021, 06:10:17] --> Character went to saleswoman
[serderaszc:   16.10.2021, 06:10:47] --> Time passed, now going to talk to alchemist: serderaszc
[serderaszc:   16.10.2021, 06:10:47] --> Character went to Alchemist: serderaszc
[serderaszc:   16.10.2021, 06:10:55] --> Character was kicked from the bot, reason: Character was walking
[serderaszc:   16.10.2021, 06:11:02] --> zaromodobe appeared
[serderaszc:   16.10.2021, 06:11:07] --> Character was kicked from the bot, reason: Character was walking
[serderaszc:   16.10.2021, 06:11:43] --> Character was kicked from the bot, reason: Character was walking
[serderaszc:   16.10.2021, 06:12:07] --> Character was kicked from the bot, reason: Character was walking
[serderaszc:   16.10.2021, 06:12:16] --> pekurinozo appeared
[serderaszc:   16.10.2021, 06:12:48] --> daziketipi appeared
[serderaszc:   16.10.2021, 06:20:32] --> daziketipi appeared
[serderaszc:   16.10.2021, 06:20:48] --> daziketipi appeared
[serderaszc:   16.10.2021, 06:20:55] --> pekurinozo appeared
[serderaszc:   16.10.2021, 06:21:48] --> daziketipi appeared
[serderaszc:   16.10.2021, 06:22:15] --> daziketipi appeared
[serderaszc:   16.10.2021, 06:23:11] --> daziketipi appeared
[serderaszc:   16.10.2021, 06:23:44] --> pekurinozo appeared
[serderaszc:   16.10.2021, 06:23:54] --> pekurinozo appeared
[serderaszc:   16.10.2021, 06:24:06] --> pekurinozo appeared
[serderaszc:   16.10.2021, 06:24:24] --> daziketipi appeared
[serderaszc:   16.10.2021, 06:27:13] --> pekurinozo appeared
[serderaszc:   16.10.2021, 06:27:43] --> pekurinozo appeared
[serderaszc:   16.10.2021, 06:27:49] --> pekurinozo appeared
[serderaszc:   16.10.2021, 06:28:06] --> daziketipi appeared
[serderaszc:   16.10.2021, 06:28:12] --> daziketipi appeared
[serderaszc:   16.10.2021, 06:38:00] --> Char changed: 5 dragon cors collected, total cor count: 5
[serderaszc:   16.10.2021, 06:38:00] --> Character was kicked from the bot, reason: Changing character
[koperwersa:   16.10.2021, 06:38:13] --> Character went to saleswoman
[koperwersa:   16.10.2021, 06:38:44] --> Time passed, now going to talk to alchemist: koperwersa
[koperwersa:   16.10.2021, 06:38:44] --> Character went to Alchemist: koperwersa
[koperwersa:   16.10.2021, 06:38:46] --> Character died
[koperwersa:   16.10.2021, 06:39:26] --> Character was kicked from the bot, reason: Character was walking
[koperwersa:   16.10.2021, 06:39:51] --> Character was kicked from the bot, reason: Character was walking
[koperwersa:   16.10.2021, 06:39:55] --> henigapofe appeared
[koperwersa:   16.10.2021, 06:40:03] --> daziketipi appeared
[koperwersa:   16.10.2021, 06:42:19] --> Bot successfully started
[koperwersa:   16.10.2021, 06:42:58] --> henigapofe appeared
[koperwersa:   16.10.2021, 06:43:03] --> daziketipi appeared
[koperwersa:   16.10.2021, 06:44:34] --> daziketipi appeared
[koperwersa:   16.10.2021, 06:45:01] --> henigapofe appeared
[koperwersa:   16.10.2021, 06:45:38] --> daziketipi appeared
[koperwersa:   16.10.2021, 06:47:03] --> daziketipi appeared
[koperwersa:   16.10.2021, 06:50:14] --> voresoleloc appeared
[koperwersa:   16.10.2021, 06:53:57] --> henigapofe appeared
[koperwersa:   16.10.2021, 06:56:38] --> voresoleloc appeared
[koperwersa:   16.10.2021, 06:59:37] --> henigapofe appeared
[koperwersa:   16.10.2021, 06:59:49] --> henigapofe appeared
[koperwersa:   16.10.2021, 07:00:50] --> henigapofe appeared
[koperwersa:   16.10.2021, 07:02:36] --> voresoleloc appeared
[koperwersa:   16.10.2021, 07:06:52] --> voresoleloc appeared
[koperwersa:   16.10.2021, 07:08:16] --> henigapofe appeared
[koperwersa:   16.10.2021, 07:08:34] --> henigapofe appeared
[koperwersa:   16.10.2021, 07:09:08] --> henigapofe appeared
[koperwersa:   16.10.2021, 07:10:41] --> voresoleloc appeared
[koperwersa:   16.10.2021, 07:11:17] --> voresoleloc appeared
[koperwersa:   16.10.2021, 07:12:00] --> voresoleloc appeared
[koperwersa:   16.10.2021, 07:12:39] --> voresoleloc appeared
[koperwersa:   16.10.2021, 07:13:20] --> voresoleloc appeared
[koperwersa:   16.10.2021, 07:13:51] --> voresoleloc appeared
[koperwersa:   16.10.2021, 07:14:38] --> henigapofe appeared
[koperwersa:   16.10.2021, 07:14:42] --> Bot terminated: 5 dragon cors collected, total cor count: 5
[koperwersa:   16.10.2021, 19:03:54] --> Bot successfully started
[koperwersa:   16.10.2021, 19:03:54] --> kozocivubub appeared
[koperwersa:   16.10.2021, 19:04:27] --> bumukasebo appeared
[koperwersa:   16.10.2021, 19:06:35] --> bumukasebo appeared
[koperwersa:   16.10.2021, 19:14:11] --> zovitozucad appeared
[koperwersa:   16.10.2021, 19:15:00] --> bumukasebo appeared
[koperwersa:   16.10.2021, 19:16:14] --> raporezanog appeared
[koperwersa:   16.10.2021, 19:16:34] --> micobakurig appeared
[koperwersa:   16.10.2021, 19:21:20] --> bumukasebo appeared
[koperwersa:   16.10.2021, 19:23:54] --> Bot successfully started
[koperwersa:   16.10.2021, 19:23:54] --> bumukasebo appeared
[koperwersa:   16.10.2021, 19:24:59] --> bavozumire appeared
[koperwersa:   16.10.2021, 19:25:33] --> bumukasebo appeared
[koperwersa:   16.10.2021, 19:27:40] --> bumukasebo appeared
[koperwersa:   16.10.2021, 19:29:46] --> bumukasebo appeared
[koperwersa:   16.10.2021, 19:31:55] --> bumukasebo appeared
[koperwersa:   16.10.2021, 19:34:02] --> bumukasebo appeared
[koperwersa:   16.10.2021, 19:36:09] --> bumukasebo appeared
[koperwersa:   16.10.2021, 19:38:15] --> bumukasebo appeared
[koperwersa:   16.10.2021, 19:40:22] --> bumukasebo appeared
[koperwersa:   16.10.2021, 19:41:36] --> bavozumire appeared
[koperwersa:   16.10.2021, 19:43:41] --> bavozumire appeared
[koperwersa:   16.10.2021, 19:45:48] --> bavozumire appeared
[koperwersa:   16.10.2021, 19:47:54] --> bavozumire appeared
[koperwersa:   16.10.2021, 19:47:56] --> Character was kicked from the bot, reason: Changing character
[korelire11:   16.10.2021, 19:48:31] --> bavozumire appeared
[korelire11:   16.10.2021, 19:49:36] --> zakuvuzoga appeared
[korelire11:   16.10.2021, 19:50:03] --> Character was kicked from the bot, reason: Character was walking
[korelire11:   16.10.2021, 19:50:07] --> fubumepozez appeared
[korelire11:   16.10.2021, 19:51:45] --> Character was kicked from the bot, reason: Changing character
[zareisrterdf: 16.10.2021, 19:52:07] --> bavozumire appeared
[zareisrterdf: 16.10.2021, 19:52:20] --> Character was kicked from the bot, reason: Character was walking
[zareisrterdf: 16.10.2021, 19:53:14] --> Character was kicked from the bot, reason: Changing character
[aizferiiltr:  16.10.2021, 19:53:46] --> zakuvuzoga appeared
[aizferiiltr:  16.10.2021, 19:54:12] --> Character was kicked from the bot, reason: Character was walking
[aizferiiltr:  16.10.2021, 19:55:02] --> Character was kicked from the bot, reason: Changing character
[zareisrterdf: 16.10.2021, 19:55:45] --> Character was kicked from the bot, reason: Changing character
[serderaszc:   16.10.2021, 19:55:48] --> zakuvuzoga appeared
[serderaszc:   16.10.2021, 19:56:18] --> Character was kicked from the bot, reason: Character was walking
[serderaszc:   16.10.2021, 19:56:24] --> JeTeBouff2 appeared
[serderaszc:   16.10.2021, 19:58:52] --> Character was kicked from the bot, reason: Changing character
[serderaszc:   16.10.2021, 19:58:56] --> zakuvuzoga appeared
[koperwersa:   16.10.2021, 19:59:07] --> seguvecele appeared
[koperwersa:   16.10.2021, 19:59:25] --> Character was kicked from the bot, reason: Character was walking
[koperwersa:   16.10.2021, 20:02:53] --> Bot successfully started
[koperwersa:   16.10.2021, 20:04:29] --> Character was kicked from the bot, reason: Character was walking
[koperwersa:   16.10.2021, 20:04:55] --> koruhezekor appeared
